[2022-12-12 20:37:03] [INFO   ] cannot read configuration file config.properties trying from resources.
[2022-12-12 20:37:03] [INFO   ] configuration file was loaded from resources directory.
[2022-12-12 20:37:03] [INFO   ] Thread dealer starting.
[2022-12-12 20:37:03] [INFO   ] Thread Thread-0starting.
[2022-12-12 20:37:03] [INFO   ] Thread Thread-2starting.
[2022-12-12 20:37:03] [INFO   ] Thread Thread-1starting.
[2022-12-12 20:37:03] [INFO   ] Thread computer-2 starting.
[2022-12-12 20:37:03] [SEVERE ] placing card 38 in slot 0
[2022-12-12 20:37:03] [SEVERE ] placing card 70 in slot 1
[2022-12-12 20:37:03] [SEVERE ] placing card 56 in slot 2
[2022-12-12 20:37:03] [SEVERE ] placing card 12 in slot 3
[2022-12-12 20:37:04] [SEVERE ] placing card 80 in slot 4
[2022-12-12 20:37:04] [SEVERE ] placing card 73 in slot 5
[2022-12-12 20:37:04] [SEVERE ] placing card 54 in slot 6
[2022-12-12 20:37:04] [SEVERE ] placing card 0 in slot 7
[2022-12-12 20:37:04] [SEVERE ] placing card 40 in slot 8
[2022-12-12 20:37:04] [SEVERE ] placing card 72 in slot 9
[2022-12-12 20:37:04] [SEVERE ] placing card 44 in slot 10
[2022-12-12 20:37:04] [SEVERE ] placing card 14 in slot 11
[2022-12-12 20:37:04] [SEVERE ] player 2 placing token on slot 7
[2022-12-12 20:37:04] [SEVERE ] player 2 placing token on slot 2
[2022-12-12 20:37:04] [SEVERE ] player 2 placing token on slot 3
[2022-12-12 20:37:04] [SEVERE ] removing player 2 token from slot 2
[2022-12-12 20:37:04] [SEVERE ] removing player 2 token from slot 3
[2022-12-12 20:37:04] [SEVERE ] removing player 2 token from slot 7
[2022-12-12 20:37:04] [SEVERE ] player 2 placing token on slot 0
[2022-12-12 20:37:04] [SEVERE ] player 2 placing token on slot 11
[2022-12-12 20:37:04] [SEVERE ] player 2 placing token on slot 4
[2022-12-12 20:37:04] [SEVERE ] removing player 2 token from slot 0
[2022-12-12 20:37:04] [SEVERE ] removing player 2 token from slot 4
[2022-12-12 20:37:04] [SEVERE ] removing player 2 token from slot 11
[2022-12-12 20:37:04] [SEVERE ] player 2 placing token on slot 6
[2022-12-12 20:37:05] [SEVERE ] player 2 placing token on slot 3
[2022-12-12 20:37:05] [SEVERE ] player 2 placing token on slot 11
[2022-12-12 20:37:05] [SEVERE ] removing player 2 token from slot 3
[2022-12-12 20:37:05] [SEVERE ] removing player 2 token from slot 6
[2022-12-12 20:37:05] [SEVERE ] removing player 2 token from slot 11
[2022-12-12 20:37:05] [SEVERE ] player 2 placing token on slot 2
[2022-12-12 20:37:05] [SEVERE ] player 2 placing token on slot 5
[2022-12-12 20:37:05] [SEVERE ] player 2 placing token on slot 3
[2022-12-12 20:37:05] [SEVERE ] removing player 2 token from slot 2
[2022-12-12 20:37:05] [SEVERE ] removing player 2 token from slot 3
[2022-12-12 20:37:05] [SEVERE ] removing player 2 token from slot 5
[2022-12-12 20:37:05] [SEVERE ] player 2 placing token on slot 4
[2022-12-12 20:37:05] [SEVERE ] player 2 placing token on slot 11
[2022-12-12 20:37:05] [SEVERE ] player 2 placing token on slot 0
[2022-12-12 20:37:05] [SEVERE ] removing player 2 token from slot 0
[2022-12-12 20:37:05] [SEVERE ] removing player 2 token from slot 4
[2022-12-12 20:37:05] [SEVERE ] removing player 2 token from slot 11
[2022-12-12 20:37:05] [SEVERE ] player 2 placing token on slot 7
[2022-12-12 20:37:05] [SEVERE ] player 2 placing token on slot 0
[2022-12-12 20:37:05] [SEVERE ] player 2 placing token on slot 3
[2022-12-12 20:37:05] [SEVERE ] removing player 2 token from slot 0
[2022-12-12 20:37:05] [SEVERE ] removing player 2 token from slot 3
[2022-12-12 20:37:05] [SEVERE ] removing player 2 token from slot 7
[2022-12-12 20:37:05] [SEVERE ] player 2 placing token on slot 10
[2022-12-12 20:37:05] [SEVERE ] player 2 placing token on slot 0
[2022-12-12 20:37:05] [SEVERE ] player 2 placing token on slot 3
[2022-12-12 20:37:05] [SEVERE ] removing player 2 token from slot 0
[2022-12-12 20:37:05] [SEVERE ] removing player 2 token from slot 3
[2022-12-12 20:37:05] [SEVERE ] removing player 2 token from slot 10
[2022-12-12 20:37:05] [SEVERE ] player 2 placing token on slot 1
[2022-12-12 20:37:05] [SEVERE ] player 2 placing token on slot 11
[2022-12-12 20:37:05] [SEVERE ] player 2 placing token on slot 7
[2022-12-12 20:37:05] [SEVERE ] removing player 2 token from slot 1
[2022-12-12 20:37:05] [SEVERE ] removing player 2 token from slot 7
[2022-12-12 20:37:05] [SEVERE ] removing player 2 token from slot 11
[2022-12-12 20:37:05] [SEVERE ] player 2 placing token on slot 3
[2022-12-12 20:37:05] [SEVERE ] player 2 placing token on slot 11
[2022-12-12 20:37:05] [SEVERE ] player 2 placing token on slot 1
[2022-12-12 20:37:05] [SEVERE ] removing player 2 token from slot 1
[2022-12-12 20:37:05] [SEVERE ] removing player 2 token from slot 3
[2022-12-12 20:37:05] [SEVERE ] removing player 2 token from slot 11
[2022-12-12 20:37:05] [SEVERE ] player 2 placing token on slot 6
[2022-12-12 20:37:05] [SEVERE ] player 2 placing token on slot 7
[2022-12-12 20:37:05] [SEVERE ] player 2 placing token on slot 0
[2022-12-12 20:37:05] [SEVERE ] removing player 2 token from slot 0
[2022-12-12 20:37:05] [SEVERE ] removing player 2 token from slot 6
[2022-12-12 20:37:05] [SEVERE ] removing player 2 token from slot 7
[2022-12-12 20:37:05] [SEVERE ] player 2 placing token on slot 4
[2022-12-12 20:37:05] [SEVERE ] player 2 placing token on slot 7
[2022-12-12 20:37:05] [SEVERE ] player 2 placing token on slot 0
[2022-12-12 20:37:05] [SEVERE ] removing player 2 token from slot 0
[2022-12-12 20:37:05] [SEVERE ] removing player 2 token from slot 4
[2022-12-12 20:37:05] [SEVERE ] removing player 2 token from slot 7
[2022-12-12 20:37:05] [SEVERE ] player 2 placing token on slot 3
[2022-12-12 20:37:05] [SEVERE ] player 2 placing token on slot 10
[2022-12-12 20:37:05] [SEVERE ] player 2 placing token on slot 11
[2022-12-12 20:37:05] [SEVERE ] removing player 2 token from slot 3
[2022-12-12 20:37:05] [SEVERE ] removing player 2 token from slot 10
[2022-12-12 20:37:05] [SEVERE ] removing player 2 token from slot 11
[2022-12-12 20:37:05] [SEVERE ] player 2 placing token on slot 7
[2022-12-12 20:37:05] [SEVERE ] player 2 placing token on slot 10
[2022-12-12 20:37:05] [SEVERE ] player 2 placing token on slot 2
[2022-12-12 20:37:05] [SEVERE ] removing player 2 token from slot 2
[2022-12-12 20:37:05] [SEVERE ] removing player 2 token from slot 7
[2022-12-12 20:37:05] [SEVERE ] removing player 2 token from slot 10
[2022-12-12 20:37:05] [SEVERE ] player 2 placing token on slot 3
[2022-12-12 20:37:05] [SEVERE ] player 2 placing token on slot 6
[2022-12-12 20:37:05] [SEVERE ] player 2 placing token on slot 4
[2022-12-12 20:37:05] [SEVERE ] removing player 2 token from slot 3
[2022-12-12 20:37:05] [SEVERE ] removing player 2 token from slot 4
[2022-12-12 20:37:05] [SEVERE ] removing player 2 token from slot 6
[2022-12-12 20:37:05] [SEVERE ] player 2 placing token on slot 8
[2022-12-12 20:37:05] [SEVERE ] player 2 placing token on slot 5
[2022-12-12 20:37:05] [SEVERE ] player 2 placing token on slot 1
[2022-12-12 20:37:05] [SEVERE ] removing player 2 token from slot 1
[2022-12-12 20:37:05] [SEVERE ] removing player 2 token from slot 5
[2022-12-12 20:37:05] [SEVERE ] removing player 2 token from slot 8
[2022-12-12 20:37:05] [SEVERE ] player 2 placing token on slot 7
[2022-12-12 20:37:05] [SEVERE ] player 2 placing token on slot 9
[2022-12-12 20:37:05] [SEVERE ] player 2 placing token on slot 4
[2022-12-12 20:37:05] [SEVERE ] removing player 2 token from slot 4
[2022-12-12 20:37:05] [SEVERE ] removing player 2 token from slot 7
[2022-12-12 20:37:05] [SEVERE ] removing player 2 token from slot 9
[2022-12-12 20:37:05] [SEVERE ] player 2 placing token on slot 11
[2022-12-12 20:37:05] [SEVERE ] player 2 placing token on slot 5
[2022-12-12 20:37:05] [SEVERE ] player 2 placing token on slot 0
[2022-12-12 20:37:05] [SEVERE ] removing player 2 token from slot 0
[2022-12-12 20:37:05] [SEVERE ] removing player 2 token from slot 5
[2022-12-12 20:37:05] [SEVERE ] removing player 2 token from slot 11
[2022-12-12 20:37:05] [SEVERE ] player 2 placing token on slot 2
[2022-12-12 20:37:05] [SEVERE ] player 2 placing token on slot 3
[2022-12-12 20:37:05] [SEVERE ] player 2 placing token on slot 10
[2022-12-12 20:37:05] [SEVERE ] removing player 2 token from slot 2
[2022-12-12 20:37:05] [SEVERE ] removing player 2 token from slot 3
[2022-12-12 20:37:05] [SEVERE ] removing player 2 token from slot 10
[2022-12-12 20:37:05] [SEVERE ] player 2 placing token on slot 6
[2022-12-12 20:37:06] [SEVERE ] player 2 placing token on slot 2
[2022-12-12 20:37:06] [SEVERE ] player 2 placing token on slot 9
[2022-12-12 20:37:06] [SEVERE ] removing player 2 token from slot 2
[2022-12-12 20:37:06] [SEVERE ] removing player 2 token from slot 6
[2022-12-12 20:37:06] [SEVERE ] removing player 2 token from slot 9
[2022-12-12 20:37:06] [SEVERE ] player 2 placing token on slot 1
[2022-12-12 20:37:06] [SEVERE ] player 2 placing token on slot 10
[2022-12-12 20:37:06] [SEVERE ] player 2 placing token on slot 9
[2022-12-12 20:37:06] [SEVERE ] removing player 2 token from slot 1
[2022-12-12 20:37:06] [SEVERE ] removing player 2 token from slot 9
[2022-12-12 20:37:06] [SEVERE ] removing player 2 token from slot 10
[2022-12-12 20:37:06] [SEVERE ] player 2 placing token on slot 6
[2022-12-12 20:37:06] [SEVERE ] player 2 placing token on slot 2
[2022-12-12 20:37:06] [SEVERE ] player 2 placing token on slot 0
[2022-12-12 20:37:06] [SEVERE ] removing player 2 token from slot 0
[2022-12-12 20:37:06] [SEVERE ] removing player 2 token from slot 2
[2022-12-12 20:37:06] [SEVERE ] removing player 2 token from slot 6
[2022-12-12 20:37:06] [SEVERE ] player 2 placing token on slot 11
[2022-12-12 20:37:06] [SEVERE ] player 2 placing token on slot 2
[2022-12-12 20:37:06] [SEVERE ] player 2 placing token on slot 5
[2022-12-12 20:37:06] [SEVERE ] removing player 2 token from slot 2
[2022-12-12 20:37:06] [SEVERE ] removing player 2 token from slot 5
[2022-12-12 20:37:06] [SEVERE ] removing player 2 token from slot 11
[2022-12-12 20:37:06] [SEVERE ] player 2 placing token on slot 3
[2022-12-12 20:37:06] [SEVERE ] player 2 placing token on slot 11
[2022-12-12 20:37:06] [SEVERE ] player 2 placing token on slot 10
[2022-12-12 20:37:06] [SEVERE ] removing player 2 token from slot 3
[2022-12-12 20:37:06] [SEVERE ] removing player 2 token from slot 10
[2022-12-12 20:37:06] [SEVERE ] removing player 2 token from slot 11
[2022-12-12 20:37:06] [SEVERE ] player 2 placing token on slot 5
[2022-12-12 20:37:06] [SEVERE ] player 2 placing token on slot 9
[2022-12-12 20:37:06] [SEVERE ] player 2 placing token on slot 7
[2022-12-12 20:37:06] [SEVERE ] removing player 2 token from slot 5
[2022-12-12 20:37:06] [SEVERE ] removing player 2 token from slot 7
[2022-12-12 20:37:06] [SEVERE ] removing player 2 token from slot 9
[2022-12-12 20:37:06] [SEVERE ] player 2 placing token on slot 0
[2022-12-12 20:37:06] [SEVERE ] player 2 placing token on slot 4
[2022-12-12 20:37:06] [SEVERE ] player 2 placing token on slot 9
[2022-12-12 20:37:06] [SEVERE ] removing player 2 token from slot 0
[2022-12-12 20:37:06] [SEVERE ] removing player 2 token from slot 4
[2022-12-12 20:37:06] [SEVERE ] removing player 2 token from slot 9
[2022-12-12 20:37:06] [SEVERE ] player 2 placing token on slot 1
[2022-12-12 20:37:06] [SEVERE ] player 2 placing token on slot 2
[2022-12-12 20:37:06] [SEVERE ] player 2 placing token on slot 6
[2022-12-12 20:37:06] [SEVERE ] removing player 2 token from slot 1
[2022-12-12 20:37:06] [SEVERE ] removing player 2 token from slot 2
[2022-12-12 20:37:06] [SEVERE ] removing player 2 token from slot 6
[2022-12-12 20:37:06] [SEVERE ] player 2 placing token on slot 5
[2022-12-12 20:37:06] [SEVERE ] player 2 placing token on slot 4
[2022-12-12 20:37:06] [SEVERE ] player 2 placing token on slot 6
[2022-12-12 20:37:06] [SEVERE ] removing player 2 token from slot 4
[2022-12-12 20:37:06] [SEVERE ] removing player 2 token from slot 5
[2022-12-12 20:37:06] [SEVERE ] removing player 2 token from slot 6
[2022-12-12 20:37:06] [SEVERE ] player 2 placing token on slot 3
[2022-12-12 20:37:06] [SEVERE ] player 2 placing token on slot 10
[2022-12-12 20:37:06] [SEVERE ] player 2 placing token on slot 7
[2022-12-12 20:37:06] [SEVERE ] removing player 2 token from slot 3
[2022-12-12 20:37:06] [SEVERE ] removing player 2 token from slot 7
[2022-12-12 20:37:06] [SEVERE ] removing player 2 token from slot 10
[2022-12-12 20:37:06] [SEVERE ] player 2 placing token on slot 0
[2022-12-12 20:37:06] [SEVERE ] player 2 placing token on slot 8
[2022-12-12 20:37:06] [SEVERE ] player 2 placing token on slot 10
[2022-12-12 20:37:06] [SEVERE ] removing player 2 token from slot 0
[2022-12-12 20:37:06] [SEVERE ] removing player 2 token from slot 8
[2022-12-12 20:37:06] [SEVERE ] removing player 2 token from slot 10
[2022-12-12 20:37:06] [SEVERE ] player 2 placing token on slot 11
[2022-12-12 20:37:06] [SEVERE ] player 2 placing token on slot 1
[2022-12-12 20:37:06] [SEVERE ] player 2 placing token on slot 4
[2022-12-12 20:37:06] [SEVERE ] removing player 2 token from slot 1
[2022-12-12 20:37:06] [SEVERE ] removing player 2 token from slot 4
[2022-12-12 20:37:06] [SEVERE ] removing player 2 token from slot 11
[2022-12-12 20:37:06] [SEVERE ] player 2 placing token on slot 9
[2022-12-12 20:37:06] [SEVERE ] player 2 placing token on slot 6
[2022-12-12 20:37:06] [SEVERE ] player 2 placing token on slot 11
[2022-12-12 20:37:06] [SEVERE ] removing player 2 token from slot 6
[2022-12-12 20:37:06] [SEVERE ] removing player 2 token from slot 9
[2022-12-12 20:37:06] [SEVERE ] removing player 2 token from slot 11
[2022-12-12 20:37:06] [SEVERE ] player 2 placing token on slot 4
[2022-12-12 20:37:06] [SEVERE ] player 2 placing token on slot 1
[2022-12-12 20:37:06] [SEVERE ] player 2 placing token on slot 5
[2022-12-12 20:37:06] [SEVERE ] removing player 2 token from slot 1
[2022-12-12 20:37:06] [SEVERE ] removing player 2 token from slot 4
[2022-12-12 20:37:06] [SEVERE ] removing player 2 token from slot 5
[2022-12-12 20:37:06] [SEVERE ] player 2 placing token on slot 2
[2022-12-12 20:37:06] [SEVERE ] player 2 placing token on slot 6
[2022-12-12 20:37:06] [SEVERE ] player 2 placing token on slot 3
[2022-12-12 20:37:06] [SEVERE ] removing player 2 token from slot 2
[2022-12-12 20:37:06] [SEVERE ] removing player 2 token from slot 3
[2022-12-12 20:37:06] [SEVERE ] removing player 2 token from slot 6
[2022-12-12 20:37:06] [SEVERE ] player 2 placing token on slot 5
[2022-12-12 20:37:06] [SEVERE ] player 2 placing token on slot 11
[2022-12-12 20:37:06] [SEVERE ] player 2 placing token on slot 6
[2022-12-12 20:37:06] [SEVERE ] removing player 2 token from slot 5
[2022-12-12 20:37:06] [SEVERE ] removing player 2 token from slot 6
[2022-12-12 20:37:06] [SEVERE ] removing player 2 token from slot 11
[2022-12-12 20:37:06] [SEVERE ] player 2 placing token on slot 8
[2022-12-12 20:37:07] [SEVERE ] player 2 placing token on slot 6
[2022-12-12 20:37:07] [SEVERE ] player 2 placing token on slot 0
[2022-12-12 20:37:07] [SEVERE ] removing player 2 token from slot 0
[2022-12-12 20:37:07] [SEVERE ] removing player 2 token from slot 6
[2022-12-12 20:37:07] [SEVERE ] removing player 2 token from slot 8
[2022-12-12 20:37:07] [SEVERE ] player 2 placing token on slot 11
[2022-12-12 20:37:07] [SEVERE ] player 2 placing token on slot 0
[2022-12-12 20:37:07] [SEVERE ] player 2 placing token on slot 3
[2022-12-12 20:37:07] [SEVERE ] removing player 2 token from slot 0
[2022-12-12 20:37:07] [SEVERE ] removing player 2 token from slot 3
[2022-12-12 20:37:07] [SEVERE ] removing player 2 token from slot 11
[2022-12-12 20:37:07] [SEVERE ] player 2 placing token on slot 8
[2022-12-12 20:37:07] [SEVERE ] player 2 placing token on slot 4
[2022-12-12 20:37:07] [SEVERE ] player 2 placing token on slot 1
[2022-12-12 20:37:07] [SEVERE ] removing player 2 token from slot 1
[2022-12-12 20:37:07] [SEVERE ] removing player 2 token from slot 4
[2022-12-12 20:37:07] [SEVERE ] removing player 2 token from slot 8
[2022-12-12 20:37:07] [SEVERE ] player 2 placing token on slot 5
[2022-12-12 20:37:07] [SEVERE ] player 2 placing token on slot 6
[2022-12-12 20:37:07] [SEVERE ] player 2 placing token on slot 4
[2022-12-12 20:37:07] [SEVERE ] removing player 2 token from slot 4
[2022-12-12 20:37:07] [SEVERE ] removing player 2 token from slot 5
[2022-12-12 20:37:07] [SEVERE ] removing player 2 token from slot 6
[2022-12-12 20:37:07] [SEVERE ] player 2 placing token on slot 11
[2022-12-12 20:37:07] [SEVERE ] player 2 placing token on slot 2
[2022-12-12 20:37:07] [SEVERE ] player 2 placing token on slot 3
[2022-12-12 20:37:07] [SEVERE ] removing player 2 token from slot 2
[2022-12-12 20:37:07] [SEVERE ] removing player 2 token from slot 3
[2022-12-12 20:37:07] [SEVERE ] removing player 2 token from slot 11
[2022-12-12 20:37:07] [SEVERE ] player 2 placing token on slot 1
[2022-12-12 20:37:07] [SEVERE ] player 2 placing token on slot 6
[2022-12-12 20:37:07] [SEVERE ] player 2 placing token on slot 2
[2022-12-12 20:37:07] [SEVERE ] removing player 2 token from slot 1
[2022-12-12 20:37:07] [SEVERE ] removing player 2 token from slot 2
[2022-12-12 20:37:07] [SEVERE ] removing player 2 token from slot 6
[2022-12-12 20:37:07] [SEVERE ] player 2 placing token on slot 7
[2022-12-12 20:37:07] [SEVERE ] player 2 placing token on slot 0
[2022-12-12 20:37:07] [SEVERE ] player 2 placing token on slot 5
[2022-12-12 20:37:07] [SEVERE ] player 2 placing token on slot 6
[2022-12-12 20:37:07] [SEVERE ] removing tokens from slot 0
[2022-12-12 20:37:07] [SEVERE ] removing card from slot 0
[2022-12-12 20:37:07] [SEVERE ] player 2 placing token on slot 11
[2022-12-12 20:37:07] [SEVERE ] removing tokens from slot 5
[2022-12-12 20:37:07] [SEVERE ] removing card from slot 5
[2022-12-12 20:37:07] [SEVERE ] player 2 placing token on slot 1
[2022-12-12 20:37:07] [SEVERE ] removing tokens from slot 7
[2022-12-12 20:37:07] [SEVERE ] removing card from slot 7
[2022-12-12 20:37:07] [SEVERE ] setting player 2 score to 1
[2022-12-12 20:37:07] [SEVERE ] player 2 placing token on slot 4
[2022-12-12 20:37:07] [SEVERE ] player 2 placing token on slot 1
[2022-12-12 20:37:07] [SEVERE ] player 2 placing token on slot 2
[2022-12-12 20:37:07] [SEVERE ] placing card 67 in slot 0
[2022-12-12 20:37:07] [SEVERE ] placing card 29 in slot 5
[2022-12-12 20:37:08] [SEVERE ] placing card 47 in slot 7
