[2022-12-12 20:00:57] [INFO   ] cannot read configuration file config.properties trying from resources.
[2022-12-12 20:00:57] [INFO   ] configuration file was loaded from resources directory.
[2022-12-12 20:00:58] [INFO   ] Thread Thread-0starting.
[2022-12-12 20:00:58] [INFO   ] Thread Thread-5starting.
[2022-12-12 20:00:58] [INFO   ] Thread Thread-4starting.
[2022-12-12 20:00:58] [INFO   ] Thread dealer starting.
[2022-12-12 20:00:58] [INFO   ] Thread Thread-3starting.
[2022-12-12 20:00:58] [INFO   ] Thread Thread-2starting.
[2022-12-12 20:00:58] [INFO   ] Thread Thread-1starting.
[2022-12-12 20:00:58] [INFO   ] Thread computer-2 starting.
[2022-12-12 20:00:58] [INFO   ] Thread computer-3 starting.
[2022-12-12 20:00:58] [INFO   ] Thread computer-5 starting.
[2022-12-12 20:00:58] [INFO   ] Thread computer-4 starting.
[2022-12-12 20:00:58] [SEVERE ] placing card 70 in slot 0
[2022-12-12 20:00:58] [SEVERE ] placing card 56 in slot 1
[2022-12-12 20:00:58] [SEVERE ] placing card 1 in slot 2
[2022-12-12 20:00:58] [SEVERE ] placing card 6 in slot 3
[2022-12-12 20:00:58] [SEVERE ] placing card 67 in slot 4
[2022-12-12 20:00:58] [SEVERE ] placing card 17 in slot 5
[2022-12-12 20:00:58] [SEVERE ] placing card 63 in slot 6
[2022-12-12 20:00:59] [SEVERE ] placing card 51 in slot 7
[2022-12-12 20:00:59] [SEVERE ] placing card 47 in slot 8
[2022-12-12 20:00:59] [SEVERE ] placing card 12 in slot 9
[2022-12-12 20:00:59] [SEVERE ] placing card 49 in slot 10
[2022-12-12 20:00:59] [SEVERE ] placing card 64 in slot 11
[2022-12-12 20:00:59] [SEVERE ] player 5 placing token on slot 9
[2022-12-12 20:00:59] [SEVERE ] player 4 placing token on slot 4
[2022-12-12 20:00:59] [SEVERE ] player 3 placing token on slot 6
[2022-12-12 20:00:59] [SEVERE ] player 2 placing token on slot 10
[2022-12-12 20:00:59] [SEVERE ] player 3 placing token on slot 9
[2022-12-12 20:00:59] [SEVERE ] player 5 placing token on slot 4
[2022-12-12 20:00:59] [SEVERE ] player 4 placing token on slot 3
[2022-12-12 20:00:59] [SEVERE ] player 2 placing token on slot 4
[2022-12-12 20:00:59] [SEVERE ] player 3 placing token on slot 1
[2022-12-12 20:00:59] [SEVERE ] removing player 3 token from slot 1
[2022-12-12 20:00:59] [SEVERE ] removing player 3 token from slot 6
[2022-12-12 20:00:59] [SEVERE ] removing player 3 token from slot 9
[2022-12-12 20:00:59] [SEVERE ] player 4 placing token on slot 10
[2022-12-12 20:00:59] [SEVERE ] player 5 placing token on slot 3
[2022-12-12 20:00:59] [SEVERE ] removing player 4 token from slot 3
[2022-12-12 20:00:59] [SEVERE ] removing player 4 token from slot 4
[2022-12-12 20:00:59] [SEVERE ] removing player 4 token from slot 10
[2022-12-12 20:00:59] [SEVERE ] player 3 placing token on slot 3
[2022-12-12 20:00:59] [SEVERE ] player 4 placing token on slot 11
[2022-12-12 20:00:59] [SEVERE ] player 2 placing token on slot 0
[2022-12-12 20:00:59] [SEVERE ] removing player 2 token from slot 0
[2022-12-12 20:00:59] [SEVERE ] removing player 2 token from slot 4
[2022-12-12 20:00:59] [SEVERE ] removing player 2 token from slot 10
[2022-12-12 20:00:59] [SEVERE ] player 2 placing token on slot 6
[2022-12-12 20:00:59] [SEVERE ] removing player 5 token from slot 3
[2022-12-12 20:00:59] [SEVERE ] removing player 5 token from slot 4
[2022-12-12 20:00:59] [SEVERE ] removing player 5 token from slot 9
[2022-12-12 20:00:59] [SEVERE ] player 5 placing token on slot 10
[2022-12-12 20:00:59] [SEVERE ] player 3 placing token on slot 2
[2022-12-12 20:00:59] [SEVERE ] player 5 placing token on slot 3
[2022-12-12 20:00:59] [SEVERE ] player 4 placing token on slot 8
[2022-12-12 20:00:59] [SEVERE ] player 2 placing token on slot 4
[2022-12-12 20:00:59] [SEVERE ] player 5 placing token on slot 9
[2022-12-12 20:00:59] [SEVERE ] removing player 5 token from slot 3
[2022-12-12 20:00:59] [SEVERE ] removing player 5 token from slot 9
[2022-12-12 20:00:59] [SEVERE ] removing player 5 token from slot 10
[2022-12-12 20:00:59] [SEVERE ] player 5 placing token on slot 4
[2022-12-12 20:00:59] [SEVERE ] player 3 placing token on slot 8
[2022-12-12 20:00:59] [SEVERE ] removing player 3 token from slot 2
[2022-12-12 20:00:59] [SEVERE ] removing player 3 token from slot 3
[2022-12-12 20:00:59] [SEVERE ] removing player 3 token from slot 8
[2022-12-12 20:00:59] [SEVERE ] player 3 placing token on slot 7
[2022-12-12 20:00:59] [SEVERE ] player 4 placing token on slot 7
[2022-12-12 20:00:59] [SEVERE ] removing player 4 token from slot 7
[2022-12-12 20:00:59] [SEVERE ] removing player 4 token from slot 8
[2022-12-12 20:00:59] [SEVERE ] removing player 4 token from slot 11
[2022-12-12 20:00:59] [SEVERE ] player 4 placing token on slot 5
[2022-12-12 20:00:59] [SEVERE ] player 2 placing token on slot 9
[2022-12-12 20:00:59] [SEVERE ] removing player 2 token from slot 4
[2022-12-12 20:00:59] [SEVERE ] removing player 2 token from slot 6
[2022-12-12 20:00:59] [SEVERE ] removing player 2 token from slot 9
[2022-12-12 20:00:59] [SEVERE ] player 2 placing token on slot 5
[2022-12-12 20:00:59] [SEVERE ] player 3 placing token on slot 5
[2022-12-12 20:00:59] [SEVERE ] player 5 placing token on slot 8
[2022-12-12 20:00:59] [SEVERE ] player 4 placing token on slot 11
[2022-12-12 20:00:59] [SEVERE ] player 2 placing token on slot 11
[2022-12-12 20:00:59] [SEVERE ] player 3 placing token on slot 4
[2022-12-12 20:00:59] [SEVERE ] removing player 3 token from slot 4
[2022-12-12 20:00:59] [SEVERE ] removing player 3 token from slot 5
[2022-12-12 20:00:59] [SEVERE ] removing player 3 token from slot 7
[2022-12-12 20:00:59] [SEVERE ] player 5 placing token on slot 11
[2022-12-12 20:00:59] [SEVERE ] player 3 placing token on slot 8
[2022-12-12 20:00:59] [SEVERE ] player 2 placing token on slot 1
[2022-12-12 20:00:59] [SEVERE ] removing player 5 token from slot 4
[2022-12-12 20:00:59] [SEVERE ] player 4 placing token on slot 2
[2022-12-12 20:00:59] [SEVERE ] removing player 5 token from slot 8
[2022-12-12 20:00:59] [SEVERE ] removing player 4 token from slot 2
[2022-12-12 20:00:59] [SEVERE ] removing player 4 token from slot 5
[2022-12-12 20:00:59] [SEVERE ] removing player 2 token from slot 1
[2022-12-12 20:00:59] [SEVERE ] removing player 2 token from slot 5
[2022-12-12 20:00:59] [SEVERE ] removing player 2 token from slot 11
[2022-12-12 20:00:59] [SEVERE ] removing player 5 token from slot 11
[2022-12-12 20:00:59] [SEVERE ] player 5 placing token on slot 6
[2022-12-12 20:00:59] [SEVERE ] removing player 4 token from slot 11
[2022-12-12 20:00:59] [SEVERE ] player 2 placing token on slot 6
[2022-12-12 20:00:59] [SEVERE ] player 4 placing token on slot 9
[2022-12-12 20:00:59] [SEVERE ] player 3 placing token on slot 10
[2022-12-12 20:00:59] [SEVERE ] player 2 placing token on slot 9
[2022-12-12 20:00:59] [SEVERE ] player 4 placing token on slot 3
[2022-12-12 20:00:59] [SEVERE ] player 5 placing token on slot 1
[2022-12-12 20:00:59] [SEVERE ] player 2 placing token on slot 0
[2022-12-12 20:00:59] [SEVERE ] player 3 placing token on slot 4
[2022-12-12 20:00:59] [SEVERE ] removing player 2 token from slot 0
[2022-12-12 20:00:59] [SEVERE ] removing player 3 token from slot 4
[2022-12-12 20:00:59] [SEVERE ] removing player 3 token from slot 8
[2022-12-12 20:00:59] [SEVERE ] removing player 2 token from slot 6
[2022-12-12 20:00:59] [SEVERE ] removing player 2 token from slot 9
[2022-12-12 20:00:59] [SEVERE ] removing player 3 token from slot 10
[2022-12-12 20:00:59] [SEVERE ] player 3 placing token on slot 2
[2022-12-12 20:00:59] [SEVERE ] player 4 placing token on slot 10
[2022-12-12 20:00:59] [SEVERE ] removing player 4 token from slot 3
[2022-12-12 20:00:59] [SEVERE ] removing player 4 token from slot 9
[2022-12-12 20:00:59] [SEVERE ] removing player 4 token from slot 10
[2022-12-12 20:00:59] [SEVERE ] player 5 placing token on slot 2
[2022-12-12 20:00:59] [SEVERE ] player 4 placing token on slot 5
[2022-12-12 20:00:59] [SEVERE ] removing player 5 token from slot 1
[2022-12-12 20:00:59] [SEVERE ] removing player 5 token from slot 2
[2022-12-12 20:00:59] [SEVERE ] removing player 5 token from slot 6
[2022-12-12 20:00:59] [SEVERE ] player 5 placing token on slot 10
[2022-12-12 20:00:59] [SEVERE ] player 2 placing token on slot 5
[2022-12-12 20:00:59] [SEVERE ] player 3 placing token on slot 8
[2022-12-12 20:00:59] [SEVERE ] player 4 placing token on slot 0
[2022-12-12 20:00:59] [SEVERE ] player 5 placing token on slot 11
[2022-12-12 20:00:59] [SEVERE ] player 3 placing token on slot 9
[2022-12-12 20:00:59] [SEVERE ] removing player 3 token from slot 2
[2022-12-12 20:00:59] [SEVERE ] removing player 3 token from slot 8
[2022-12-12 20:00:59] [SEVERE ] removing player 3 token from slot 9
[2022-12-12 20:00:59] [SEVERE ] player 3 placing token on slot 0
[2022-12-12 20:00:59] [SEVERE ] player 2 placing token on slot 11
[2022-12-12 20:00:59] [SEVERE ] player 5 placing token on slot 0
[2022-12-12 20:00:59] [SEVERE ] removing player 5 token from slot 0
[2022-12-12 20:00:59] [SEVERE ] removing player 5 token from slot 10
[2022-12-12 20:00:59] [SEVERE ] removing player 5 token from slot 11
[2022-12-12 20:00:59] [SEVERE ] player 5 placing token on slot 6
[2022-12-12 20:00:59] [SEVERE ] player 4 placing token on slot 2
[2022-12-12 20:00:59] [SEVERE ] removing player 4 token from slot 0
[2022-12-12 20:00:59] [SEVERE ] removing player 4 token from slot 2
[2022-12-12 20:00:59] [SEVERE ] removing player 4 token from slot 5
[2022-12-12 20:00:59] [SEVERE ] player 4 placing token on slot 1
[2022-12-12 20:00:59] [SEVERE ] player 5 placing token on slot 3
[2022-12-12 20:00:59] [SEVERE ] player 2 placing token on slot 7
[2022-12-12 20:00:59] [SEVERE ] removing player 2 token from slot 5
[2022-12-12 20:00:59] [SEVERE ] removing player 2 token from slot 7
[2022-12-12 20:00:59] [SEVERE ] removing player 2 token from slot 11
[2022-12-12 20:00:59] [SEVERE ] player 2 placing token on slot 1
[2022-12-12 20:00:59] [SEVERE ] player 3 placing token on slot 8
[2022-12-12 20:00:59] [SEVERE ] player 4 placing token on slot 0
[2022-12-12 20:00:59] [SEVERE ] player 5 placing token on slot 0
[2022-12-12 20:00:59] [SEVERE ] removing player 5 token from slot 0
[2022-12-12 20:00:59] [SEVERE ] removing player 5 token from slot 3
[2022-12-12 20:00:59] [SEVERE ] removing player 5 token from slot 6
[2022-12-12 20:00:59] [SEVERE ] player 5 placing token on slot 5
[2022-12-12 20:00:59] [SEVERE ] player 2 placing token on slot 11
[2022-12-12 20:00:59] [SEVERE ] player 3 placing token on slot 9
[2022-12-12 20:00:59] [SEVERE ] removing player 3 token from slot 0
[2022-12-12 20:00:59] [SEVERE ] removing player 3 token from slot 8
[2022-12-12 20:00:59] [SEVERE ] removing player 3 token from slot 9
[2022-12-12 20:00:59] [SEVERE ] player 3 placing token on slot 1
[2022-12-12 20:00:59] [SEVERE ] player 4 placing token on slot 10
[2022-12-12 20:00:59] [SEVERE ] removing player 4 token from slot 0
[2022-12-12 20:00:59] [SEVERE ] removing player 4 token from slot 1
[2022-12-12 20:00:59] [SEVERE ] removing player 4 token from slot 10
[2022-12-12 20:00:59] [SEVERE ] player 4 placing token on slot 9
[2022-12-12 20:00:59] [SEVERE ] player 5 placing token on slot 8
[2022-12-12 20:00:59] [SEVERE ] player 2 placing token on slot 5
[2022-12-12 20:00:59] [SEVERE ] removing player 2 token from slot 1
[2022-12-12 20:00:59] [SEVERE ] removing player 2 token from slot 5
[2022-12-12 20:00:59] [SEVERE ] removing player 2 token from slot 11
[2022-12-12 20:00:59] [SEVERE ] player 2 placing token on slot 7
[2022-12-12 20:00:59] [SEVERE ] player 3 placing token on slot 7
[2022-12-12 20:00:59] [SEVERE ] player 5 placing token on slot 0
[2022-12-12 20:00:59] [SEVERE ] player 2 placing token on slot 5
[2022-12-12 20:00:59] [SEVERE ] removing player 5 token from slot 0
[2022-12-12 20:00:59] [SEVERE ] removing player 5 token from slot 5
[2022-12-12 20:00:59] [SEVERE ] removing player 5 token from slot 8
[2022-12-12 20:00:59] [SEVERE ] player 4 placing token on slot 10
[2022-12-12 20:00:59] [SEVERE ] player 5 placing token on slot 1
[2022-12-12 20:00:59] [SEVERE ] player 2 placing token on slot 0
[2022-12-12 20:00:59] [SEVERE ] removing player 2 token from slot 0
[2022-12-12 20:00:59] [SEVERE ] removing player 2 token from slot 5
[2022-12-12 20:00:59] [SEVERE ] removing player 2 token from slot 7
[2022-12-12 20:00:59] [SEVERE ] player 2 placing token on slot 8
[2022-12-12 20:00:59] [SEVERE ] player 3 placing token on slot 4
[2022-12-12 20:00:59] [SEVERE ] removing player 3 token from slot 1
[2022-12-12 20:00:59] [SEVERE ] removing player 3 token from slot 4
[2022-12-12 20:00:59] [SEVERE ] removing player 3 token from slot 7
[2022-12-12 20:00:59] [SEVERE ] player 3 placing token on slot 10
[2022-12-12 20:00:59] [SEVERE ] player 4 placing token on slot 7
[2022-12-12 20:00:59] [SEVERE ] removing player 4 token from slot 7
[2022-12-12 20:00:59] [SEVERE ] removing player 4 token from slot 9
[2022-12-12 20:00:59] [SEVERE ] removing player 4 token from slot 10
[2022-12-12 20:00:59] [SEVERE ] player 4 placing token on slot 11
[2022-12-12 20:00:59] [SEVERE ] player 5 placing token on slot 9
[2022-12-12 20:00:59] [SEVERE ] player 3 placing token on slot 6
[2022-12-12 20:00:59] [SEVERE ] player 2 placing token on slot 2
[2022-12-12 20:00:59] [SEVERE ] player 4 placing token on slot 2
[2022-12-12 20:00:59] [SEVERE ] player 3 placing token on slot 8
[2022-12-12 20:00:59] [SEVERE ] removing player 3 token from slot 6
[2022-12-12 20:00:59] [SEVERE ] removing player 3 token from slot 8
[2022-12-12 20:00:59] [SEVERE ] removing player 3 token from slot 10
[2022-12-12 20:00:59] [SEVERE ] player 5 placing token on slot 11
[2022-12-12 20:00:59] [SEVERE ] player 3 placing token on slot 1
[2022-12-12 20:00:59] [SEVERE ] removing player 5 token from slot 1
[2022-12-12 20:00:59] [SEVERE ] removing player 5 token from slot 9
[2022-12-12 20:00:59] [SEVERE ] removing player 5 token from slot 11
[2022-12-12 20:00:59] [SEVERE ] player 5 placing token on slot 3
[2022-12-12 20:00:59] [SEVERE ] player 2 placing token on slot 10
[2022-12-12 20:00:59] [SEVERE ] removing player 2 token from slot 2
[2022-12-12 20:00:59] [SEVERE ] removing player 2 token from slot 8
[2022-12-12 20:00:59] [SEVERE ] removing player 2 token from slot 10
[2022-12-12 20:00:59] [SEVERE ] player 2 placing token on slot 11
[2022-12-12 20:00:59] [SEVERE ] player 4 placing token on slot 3
[2022-12-12 20:00:59] [SEVERE ] removing player 4 token from slot 2
[2022-12-12 20:00:59] [SEVERE ] removing player 4 token from slot 3
[2022-12-12 20:00:59] [SEVERE ] removing player 4 token from slot 11
[2022-12-12 20:00:59] [SEVERE ] player 4 placing token on slot 1
[2022-12-12 20:01:00] [SEVERE ] player 3 placing token on slot 0
[2022-12-12 20:01:00] [SEVERE ] player 5 placing token on slot 7
[2022-12-12 20:01:00] [SEVERE ] player 2 placing token on slot 0
[2022-12-12 20:01:00] [SEVERE ] player 4 placing token on slot 5
[2022-12-12 20:01:00] [SEVERE ] player 5 placing token on slot 5
[2022-12-12 20:01:00] [SEVERE ] removing player 5 token from slot 3
[2022-12-12 20:01:00] [SEVERE ] removing player 5 token from slot 5
[2022-12-12 20:01:00] [SEVERE ] removing player 5 token from slot 7
[2022-12-12 20:01:00] [SEVERE ] player 5 placing token on slot 11
[2022-12-12 20:01:00] [SEVERE ] player 3 placing token on slot 6
[2022-12-12 20:01:00] [SEVERE ] removing player 3 token from slot 0
[2022-12-12 20:01:00] [SEVERE ] removing player 3 token from slot 1
[2022-12-12 20:01:00] [SEVERE ] removing player 3 token from slot 6
[2022-12-12 20:01:00] [SEVERE ] player 3 placing token on slot 5
[2022-12-12 20:01:00] [SEVERE ] player 2 placing token on slot 6
[2022-12-12 20:01:00] [SEVERE ] removing player 2 token from slot 0
[2022-12-12 20:01:00] [SEVERE ] removing player 2 token from slot 6
[2022-12-12 20:01:00] [SEVERE ] removing player 2 token from slot 11
[2022-12-12 20:01:00] [SEVERE ] player 2 placing token on slot 4
[2022-12-12 20:01:00] [SEVERE ] player 4 placing token on slot 9
[2022-12-12 20:01:00] [SEVERE ] removing player 4 token from slot 1
[2022-12-12 20:01:00] [SEVERE ] removing player 4 token from slot 5
[2022-12-12 20:01:00] [SEVERE ] removing player 4 token from slot 9
[2022-12-12 20:01:00] [SEVERE ] player 4 placing token on slot 2
[2022-12-12 20:01:00] [SEVERE ] player 3 placing token on slot 10
[2022-12-12 20:01:00] [SEVERE ] player 2 placing token on slot 3
[2022-12-12 20:01:00] [SEVERE ] player 5 placing token on slot 7
[2022-12-12 20:01:00] [SEVERE ] player 4 placing token on slot 4
[2022-12-12 20:01:00] [SEVERE ] player 3 placing token on slot 3
[2022-12-12 20:01:00] [SEVERE ] removing player 3 token from slot 3
[2022-12-12 20:01:00] [SEVERE ] removing player 3 token from slot 5
[2022-12-12 20:01:00] [SEVERE ] removing player 3 token from slot 10
[2022-12-12 20:01:00] [SEVERE ] player 2 placing token on slot 5
[2022-12-12 20:01:00] [SEVERE ] removing player 2 token from slot 3
[2022-12-12 20:01:00] [SEVERE ] removing player 2 token from slot 4
[2022-12-12 20:01:00] [SEVERE ] removing player 2 token from slot 5
[2022-12-12 20:01:00] [SEVERE ] player 2 placing token on slot 9
[2022-12-12 20:01:00] [SEVERE ] player 5 placing token on slot 0
[2022-12-12 20:01:00] [SEVERE ] removing player 5 token from slot 0
[2022-12-12 20:01:00] [SEVERE ] removing player 5 token from slot 7
[2022-12-12 20:01:00] [SEVERE ] removing player 5 token from slot 11
[2022-12-12 20:01:00] [SEVERE ] player 5 placing token on slot 10
[2022-12-12 20:01:00] [SEVERE ] player 3 placing token on slot 11
[2022-12-12 20:01:00] [SEVERE ] player 4 placing token on slot 1
[2022-12-12 20:01:00] [SEVERE ] player 5 placing token on slot 2
[2022-12-12 20:01:00] [SEVERE ] removing player 4 token from slot 1
[2022-12-12 20:01:00] [SEVERE ] removing player 4 token from slot 2
[2022-12-12 20:01:00] [SEVERE ] removing player 4 token from slot 4
[2022-12-12 20:01:00] [SEVERE ] player 4 placing token on slot 9
[2022-12-12 20:01:00] [SEVERE ] player 2 placing token on slot 6
[2022-12-12 20:01:00] [SEVERE ] player 3 placing token on slot 9
[2022-12-12 20:01:00] [SEVERE ] player 2 placing token on slot 4
[2022-12-12 20:01:00] [SEVERE ] removing player 2 token from slot 4
[2022-12-12 20:01:00] [SEVERE ] removing player 2 token from slot 6
[2022-12-12 20:01:00] [SEVERE ] removing player 2 token from slot 9
[2022-12-12 20:01:00] [SEVERE ] player 2 placing token on slot 8
[2022-12-12 20:01:00] [SEVERE ] player 4 placing token on slot 3
[2022-12-12 20:01:00] [SEVERE ] player 3 placing token on slot 2
[2022-12-12 20:01:00] [SEVERE ] player 5 placing token on slot 1
[2022-12-12 20:01:00] [SEVERE ] removing player 3 token from slot 2
[2022-12-12 20:01:00] [SEVERE ] removing player 3 token from slot 9
[2022-12-12 20:01:00] [SEVERE ] removing player 3 token from slot 11
[2022-12-12 20:01:00] [SEVERE ] player 3 placing token on slot 6
[2022-12-12 20:01:00] [SEVERE ] removing player 5 token from slot 1
[2022-12-12 20:01:00] [SEVERE ] removing player 5 token from slot 2
[2022-12-12 20:01:00] [SEVERE ] removing player 3 token from slot 6
[2022-12-12 20:01:00] [SEVERE ] removing player 5 token from slot 10
[2022-12-12 20:01:00] [SEVERE ] player 3 placing token on slot 5
[2022-12-12 20:01:00] [SEVERE ] player 5 placing token on slot 3
[2022-12-12 20:01:00] [SEVERE ] player 4 placing token on slot 2
[2022-12-12 20:01:00] [SEVERE ] player 2 placing token on slot 6
[2022-12-12 20:01:00] [SEVERE ] removing player 4 token from slot 2
[2022-12-12 20:01:00] [SEVERE ] removing player 4 token from slot 3
[2022-12-12 20:01:00] [SEVERE ] removing player 4 token from slot 9
[2022-12-12 20:01:00] [SEVERE ] player 4 placing token on slot 4
[2022-12-12 20:01:00] [SEVERE ] player 5 placing token on slot 9
[2022-12-12 20:01:00] [SEVERE ] player 3 placing token on slot 0
[2022-12-12 20:01:00] [SEVERE ] player 2 placing token on slot 5
[2022-12-12 20:01:00] [SEVERE ] removing player 2 token from slot 5
[2022-12-12 20:01:00] [SEVERE ] removing player 2 token from slot 6
[2022-12-12 20:01:00] [SEVERE ] removing player 2 token from slot 8
[2022-12-12 20:01:00] [SEVERE ] player 2 placing token on slot 3
[2022-12-12 20:01:00] [SEVERE ] player 5 placing token on slot 2
[2022-12-12 20:01:00] [SEVERE ] removing player 5 token from slot 2
[2022-12-12 20:01:00] [SEVERE ] removing player 5 token from slot 3
[2022-12-12 20:01:00] [SEVERE ] removing player 5 token from slot 9
[2022-12-12 20:01:00] [SEVERE ] player 4 placing token on slot 9
[2022-12-12 20:01:00] [SEVERE ] player 5 placing token on slot 7
[2022-12-12 20:01:00] [SEVERE ] player 3 placing token on slot 3
[2022-12-12 20:01:00] [SEVERE ] removing player 3 token from slot 0
[2022-12-12 20:01:00] [SEVERE ] removing player 3 token from slot 3
[2022-12-12 20:01:00] [SEVERE ] removing player 3 token from slot 5
[2022-12-12 20:01:00] [SEVERE ] player 3 placing token on slot 6
[2022-12-12 20:01:00] [SEVERE ] player 2 placing token on slot 1
[2022-12-12 20:01:00] [SEVERE ] player 4 placing token on slot 8
[2022-12-12 20:01:00] [SEVERE ] removing player 4 token from slot 4
[2022-12-12 20:01:00] [SEVERE ] removing player 4 token from slot 8
[2022-12-12 20:01:00] [SEVERE ] removing player 4 token from slot 9
[2022-12-12 20:01:00] [SEVERE ] player 4 placing token on slot 1
[2022-12-12 20:01:00] [SEVERE ] player 5 placing token on slot 1
[2022-12-12 20:01:00] [SEVERE ] player 2 placing token on slot 7
[2022-12-12 20:01:00] [SEVERE ] removing player 2 token from slot 1
[2022-12-12 20:01:00] [SEVERE ] removing player 2 token from slot 3
[2022-12-12 20:01:00] [SEVERE ] removing player 2 token from slot 7
[2022-12-12 20:01:00] [SEVERE ] player 2 placing token on slot 8
[2022-12-12 20:01:00] [SEVERE ] player 4 placing token on slot 10
[2022-12-12 20:01:00] [SEVERE ] player 3 placing token on slot 4
[2022-12-12 20:01:00] [SEVERE ] player 5 placing token on slot 11
[2022-12-12 20:01:00] [SEVERE ] removing player 5 token from slot 1
[2022-12-12 20:01:00] [SEVERE ] removing player 5 token from slot 7
[2022-12-12 20:01:00] [SEVERE ] removing player 5 token from slot 11
[2022-12-12 20:01:00] [SEVERE ] player 5 placing token on slot 9
[2022-12-12 20:01:00] [SEVERE ] player 3 placing token on slot 7
[2022-12-12 20:01:00] [SEVERE ] player 2 placing token on slot 1
[2022-12-12 20:01:00] [SEVERE ] removing player 3 token from slot 4
[2022-12-12 20:01:00] [SEVERE ] removing player 3 token from slot 6
[2022-12-12 20:01:00] [SEVERE ] removing player 3 token from slot 7
[2022-12-12 20:01:00] [SEVERE ] player 3 placing token on slot 11
[2022-12-12 20:01:00] [SEVERE ] player 4 placing token on slot 7
[2022-12-12 20:01:00] [SEVERE ] removing player 4 token from slot 1
[2022-12-12 20:01:00] [SEVERE ] removing player 4 token from slot 7
[2022-12-12 20:01:00] [SEVERE ] removing player 4 token from slot 10
[2022-12-12 20:01:00] [SEVERE ] player 4 placing token on slot 3
[2022-12-12 20:01:00] [SEVERE ] player 5 placing token on slot 11
[2022-12-12 20:01:00] [SEVERE ] player 2 placing token on slot 3
[2022-12-12 20:01:00] [SEVERE ] removing player 2 token from slot 1
[2022-12-12 20:01:00] [SEVERE ] removing player 2 token from slot 3
[2022-12-12 20:01:00] [SEVERE ] removing player 2 token from slot 8
[2022-12-12 20:01:00] [SEVERE ] player 2 placing token on slot 5
[2022-12-12 20:01:00] [SEVERE ] player 3 placing token on slot 2
[2022-12-12 20:01:00] [SEVERE ] player 4 placing token on slot 6
[2022-12-12 20:01:00] [SEVERE ] player 5 placing token on slot 3
[2022-12-12 20:01:00] [SEVERE ] removing player 5 token from slot 3
[2022-12-12 20:01:00] [SEVERE ] removing player 5 token from slot 9
[2022-12-12 20:01:00] [SEVERE ] removing player 5 token from slot 11
[2022-12-12 20:01:00] [SEVERE ] player 5 placing token on slot 7
[2022-12-12 20:01:00] [SEVERE ] player 2 placing token on slot 6
[2022-12-12 20:01:00] [SEVERE ] player 4 placing token on slot 1
[2022-12-12 20:01:00] [SEVERE ] removing player 4 token from slot 1
[2022-12-12 20:01:00] [SEVERE ] removing player 4 token from slot 3
[2022-12-12 20:01:00] [SEVERE ] removing player 4 token from slot 6
[2022-12-12 20:01:00] [SEVERE ] player 4 placing token on slot 0
[2022-12-12 20:01:00] [SEVERE ] player 3 placing token on slot 3
[2022-12-12 20:01:00] [SEVERE ] player 5 placing token on slot 11
[2022-12-12 20:01:00] [SEVERE ] removing player 3 token from slot 2
[2022-12-12 20:01:00] [SEVERE ] removing player 3 token from slot 3
[2022-12-12 20:01:00] [SEVERE ] removing player 3 token from slot 11
[2022-12-12 20:01:00] [SEVERE ] player 3 placing token on slot 10
[2022-12-12 20:01:00] [SEVERE ] player 2 placing token on slot 3
[2022-12-12 20:01:00] [SEVERE ] removing player 2 token from slot 3
[2022-12-12 20:01:00] [SEVERE ] removing player 2 token from slot 5
[2022-12-12 20:01:00] [SEVERE ] removing player 2 token from slot 6
[2022-12-12 20:01:00] [SEVERE ] player 2 placing token on slot 7
[2022-12-12 20:01:00] [SEVERE ] player 5 placing token on slot 5
[2022-12-12 20:01:00] [SEVERE ] removing player 5 token from slot 5
[2022-12-12 20:01:00] [SEVERE ] removing player 5 token from slot 7
[2022-12-12 20:01:00] [SEVERE ] removing player 5 token from slot 11
[2022-12-12 20:01:00] [SEVERE ] player 5 placing token on slot 0
[2022-12-12 20:01:00] [SEVERE ] player 4 placing token on slot 7
[2022-12-12 20:01:00] [SEVERE ] player 2 placing token on slot 8
[2022-12-12 20:01:00] [SEVERE ] player 3 placing token on slot 6
[2022-12-12 20:01:00] [SEVERE ] player 3 placing token on slot 5
[2022-12-12 20:01:00] [SEVERE ] removing player 3 token from slot 5
[2022-12-12 20:01:00] [SEVERE ] removing player 3 token from slot 6
[2022-12-12 20:01:00] [SEVERE ] removing player 3 token from slot 10
[2022-12-12 20:01:00] [SEVERE ] player 4 placing token on slot 10
[2022-12-12 20:01:00] [SEVERE ] player 2 placing token on slot 3
[2022-12-12 20:01:00] [SEVERE ] player 5 placing token on slot 8
[2022-12-12 20:01:00] [SEVERE ] removing player 2 token from slot 3
[2022-12-12 20:01:00] [SEVERE ] removing player 4 token from slot 0
[2022-12-12 20:01:00] [SEVERE ] removing player 4 token from slot 7
[2022-12-12 20:01:00] [SEVERE ] removing player 4 token from slot 10
[2022-12-12 20:01:00] [SEVERE ] player 3 placing token on slot 11
[2022-12-12 20:01:00] [SEVERE ] player 4 placing token on slot 9
[2022-12-12 20:01:00] [SEVERE ] removing player 2 token from slot 7
[2022-12-12 20:01:00] [SEVERE ] removing player 2 token from slot 8
[2022-12-12 20:01:00] [SEVERE ] player 2 placing token on slot 9
[2022-12-12 20:01:00] [SEVERE ] removing player 4 token from slot 9
[2022-12-12 20:01:00] [SEVERE ] player 4 placing token on slot 5
[2022-12-12 20:01:00] [SEVERE ] player 3 placing token on slot 7
[2022-12-12 20:01:00] [SEVERE ] player 5 placing token on slot 7
[2022-12-12 20:01:00] [SEVERE ] removing player 5 token from slot 0
[2022-12-12 20:01:00] [SEVERE ] removing player 5 token from slot 7
[2022-12-12 20:01:00] [SEVERE ] removing player 5 token from slot 8
[2022-12-12 20:01:00] [SEVERE ] player 5 placing token on slot 6
[2022-12-12 20:01:00] [SEVERE ] player 4 placing token on slot 10
[2022-12-12 20:01:00] [SEVERE ] player 2 placing token on slot 8
[2022-12-12 20:01:00] [SEVERE ] player 3 placing token on slot 10
[2022-12-12 20:01:00] [SEVERE ] removing player 3 token from slot 7
[2022-12-12 20:01:00] [SEVERE ] removing player 3 token from slot 10
[2022-12-12 20:01:00] [SEVERE ] removing player 3 token from slot 11
[2022-12-12 20:01:00] [SEVERE ] player 3 placing token on slot 0
[2022-12-12 20:01:00] [SEVERE ] player 2 placing token on slot 10
[2022-12-12 20:01:00] [SEVERE ] player 5 placing token on slot 0
[2022-12-12 20:01:00] [SEVERE ] removing player 2 token from slot 8
[2022-12-12 20:01:00] [SEVERE ] removing player 2 token from slot 9
[2022-12-12 20:01:00] [SEVERE ] removing player 2 token from slot 10
[2022-12-12 20:01:00] [SEVERE ] player 2 placing token on slot 11
[2022-12-12 20:01:00] [SEVERE ] player 4 placing token on slot 2
[2022-12-12 20:01:00] [SEVERE ] removing player 4 token from slot 2
[2022-12-12 20:01:00] [SEVERE ] removing player 4 token from slot 5
[2022-12-12 20:01:00] [SEVERE ] removing player 4 token from slot 10
[2022-12-12 20:01:00] [SEVERE ] player 4 placing token on slot 1
[2022-12-12 20:01:00] [SEVERE ] player 5 placing token on slot 5
[2022-12-12 20:01:00] [SEVERE ] removing player 5 token from slot 0
[2022-12-12 20:01:00] [SEVERE ] removing player 5 token from slot 5
[2022-12-12 20:01:00] [SEVERE ] removing player 5 token from slot 6
[2022-12-12 20:01:00] [SEVERE ] player 5 placing token on slot 2
[2022-12-12 20:01:00] [SEVERE ] player 3 placing token on slot 3
[2022-12-12 20:01:00] [SEVERE ] player 4 placing token on slot 2
[2022-12-12 20:01:00] [SEVERE ] player 2 placing token on slot 8
[2022-12-12 20:01:00] [SEVERE ] player 5 placing token on slot 4
[2022-12-12 20:01:00] [SEVERE ] player 4 placing token on slot 11
[2022-12-12 20:01:00] [SEVERE ] player 3 placing token on slot 11
[2022-12-12 20:01:00] [SEVERE ] removing player 4 token from slot 1
[2022-12-12 20:01:00] [SEVERE ] removing player 4 token from slot 2
[2022-12-12 20:01:00] [SEVERE ] removing player 4 token from slot 11
[2022-12-12 20:01:00] [SEVERE ] player 4 placing token on slot 9
[2022-12-12 20:01:00] [SEVERE ] player 2 placing token on slot 0
[2022-12-12 20:01:00] [SEVERE ] removing player 3 token from slot 0
[2022-12-12 20:01:00] [SEVERE ] removing player 3 token from slot 3
[2022-12-12 20:01:00] [SEVERE ] removing player 3 token from slot 11
[2022-12-12 20:01:00] [SEVERE ] player 3 placing token on slot 8
[2022-12-12 20:01:00] [SEVERE ] removing player 2 token from slot 0
[2022-12-12 20:01:00] [SEVERE ] removing player 2 token from slot 8
[2022-12-12 20:01:00] [SEVERE ] removing player 2 token from slot 11
[2022-12-12 20:01:00] [SEVERE ] player 5 placing token on slot 1
[2022-12-12 20:01:00] [SEVERE ] player 2 placing token on slot 2
[2022-12-12 20:01:00] [SEVERE ] removing player 5 token from slot 1
[2022-12-12 20:01:00] [SEVERE ] removing player 5 token from slot 2
[2022-12-12 20:01:00] [SEVERE ] removing player 5 token from slot 4
[2022-12-12 20:01:00] [SEVERE ] player 5 placing token on slot 9
[2022-12-12 20:01:00] [SEVERE ] player 2 placing token on slot 4
[2022-12-12 20:01:00] [SEVERE ] player 4 placing token on slot 2
[2022-12-12 20:01:00] [SEVERE ] player 3 placing token on slot 6
[2022-12-12 20:01:00] [SEVERE ] player 5 placing token on slot 5
[2022-12-12 20:01:00] [SEVERE ] player 4 placing token on slot 0
[2022-12-12 20:01:00] [SEVERE ] removing player 4 token from slot 0
[2022-12-12 20:01:00] [SEVERE ] removing player 4 token from slot 2
[2022-12-12 20:01:00] [SEVERE ] removing player 4 token from slot 9
[2022-12-12 20:01:00] [SEVERE ] player 4 placing token on slot 3
[2022-12-12 20:01:00] [SEVERE ] player 2 placing token on slot 8
[2022-12-12 20:01:00] [SEVERE ] removing player 2 token from slot 2
[2022-12-12 20:01:00] [SEVERE ] removing player 2 token from slot 4
[2022-12-12 20:01:00] [SEVERE ] removing player 2 token from slot 8
[2022-12-12 20:01:00] [SEVERE ] player 3 placing token on slot 4
[2022-12-12 20:01:00] [SEVERE ] player 2 placing token on slot 0
[2022-12-12 20:01:00] [SEVERE ] removing player 3 token from slot 4
[2022-12-12 20:01:00] [SEVERE ] removing player 3 token from slot 6
[2022-12-12 20:01:00] [SEVERE ] removing player 3 token from slot 8
[2022-12-12 20:01:00] [SEVERE ] player 3 placing token on slot 2
[2022-12-12 20:01:00] [SEVERE ] player 5 placing token on slot 6
[2022-12-12 20:01:00] [SEVERE ] removing player 5 token from slot 5
[2022-12-12 20:01:00] [SEVERE ] removing player 5 token from slot 6
[2022-12-12 20:01:00] [SEVERE ] removing player 5 token from slot 9
[2022-12-12 20:01:00] [SEVERE ] player 5 placing token on slot 7
[2022-12-12 20:01:00] [SEVERE ] player 4 placing token on slot 9
[2022-12-12 20:01:00] [SEVERE ] player 2 placing token on slot 1
[2022-12-12 20:01:00] [SEVERE ] player 3 placing token on slot 8
[2022-12-12 20:01:00] [SEVERE ] player 5 placing token on slot 8
[2022-12-12 20:01:00] [SEVERE ] player 2 placing token on slot 10
[2022-12-12 20:01:00] [SEVERE ] removing player 2 token from slot 0
[2022-12-12 20:01:00] [SEVERE ] removing player 2 token from slot 1
[2022-12-12 20:01:00] [SEVERE ] removing player 2 token from slot 10
[2022-12-12 20:01:00] [SEVERE ] player 2 placing token on slot 6
[2022-12-12 20:01:00] [SEVERE ] player 4 placing token on slot 0
[2022-12-12 20:01:00] [SEVERE ] removing player 4 token from slot 0
[2022-12-12 20:01:00] [SEVERE ] removing player 4 token from slot 3
[2022-12-12 20:01:00] [SEVERE ] removing player 4 token from slot 9
[2022-12-12 20:01:00] [SEVERE ] player 4 placing token on slot 2
[2022-12-12 20:01:00] [SEVERE ] player 2 placing token on slot 9
[2022-12-12 20:01:00] [SEVERE ] player 3 placing token on slot 1
[2022-12-12 20:01:00] [SEVERE ] removing player 3 token from slot 1
[2022-12-12 20:01:00] [SEVERE ] removing player 3 token from slot 2
[2022-12-12 20:01:00] [SEVERE ] removing player 3 token from slot 8
[2022-12-12 20:01:00] [SEVERE ] player 3 placing token on slot 3
[2022-12-12 20:01:00] [SEVERE ] player 5 placing token on slot 9
[2022-12-12 20:01:00] [SEVERE ] removing player 5 token from slot 7
[2022-12-12 20:01:00] [SEVERE ] removing player 5 token from slot 8
[2022-12-12 20:01:00] [SEVERE ] removing player 5 token from slot 9
[2022-12-12 20:01:00] [SEVERE ] player 5 placing token on slot 6
[2022-12-12 20:01:00] [SEVERE ] player 4 placing token on slot 11
[2022-12-12 20:01:00] [SEVERE ] player 2 placing token on slot 10
[2022-12-12 20:01:00] [SEVERE ] removing player 2 token from slot 6
[2022-12-12 20:01:00] [SEVERE ] removing player 2 token from slot 9
[2022-12-12 20:01:00] [SEVERE ] removing player 2 token from slot 10
[2022-12-12 20:01:00] [SEVERE ] player 2 placing token on slot 5
[2022-12-12 20:01:00] [SEVERE ] player 4 placing token on slot 4
[2022-12-12 20:01:00] [SEVERE ] removing player 4 token from slot 2
[2022-12-12 20:01:00] [SEVERE ] removing player 4 token from slot 4
[2022-12-12 20:01:00] [SEVERE ] removing player 4 token from slot 11
[2022-12-12 20:01:00] [SEVERE ] player 3 placing token on slot 4
[2022-12-12 20:01:00] [SEVERE ] player 5 placing token on slot 11
[2022-12-12 20:01:00] [SEVERE ] player 4 placing token on slot 9
[2022-12-12 20:01:00] [SEVERE ] player 2 placing token on slot 1
[2022-12-12 20:01:00] [SEVERE ] player 5 placing token on slot 10
[2022-12-12 20:01:00] [SEVERE ] removing player 5 token from slot 6
[2022-12-12 20:01:00] [SEVERE ] removing player 5 token from slot 10
[2022-12-12 20:01:00] [SEVERE ] removing player 5 token from slot 11
[2022-12-12 20:01:00] [SEVERE ] player 5 placing token on slot 0
[2022-12-12 20:01:00] [SEVERE ] player 3 placing token on slot 10
[2022-12-12 20:01:00] [SEVERE ] removing player 3 token from slot 3
[2022-12-12 20:01:00] [SEVERE ] removing player 3 token from slot 4
[2022-12-12 20:01:00] [SEVERE ] removing player 3 token from slot 10
[2022-12-12 20:01:00] [SEVERE ] player 3 placing token on slot 7
[2022-12-12 20:01:00] [SEVERE ] player 2 placing token on slot 11
[2022-12-12 20:01:00] [SEVERE ] removing player 2 token from slot 1
[2022-12-12 20:01:00] [SEVERE ] removing player 2 token from slot 5
[2022-12-12 20:01:00] [SEVERE ] removing player 2 token from slot 11
[2022-12-12 20:01:00] [SEVERE ] player 2 placing token on slot 0
[2022-12-12 20:01:00] [SEVERE ] player 4 placing token on slot 4
[2022-12-12 20:01:00] [SEVERE ] player 5 placing token on slot 11
[2022-12-12 20:01:00] [SEVERE ] player 4 placing token on slot 3
[2022-12-12 20:01:00] [SEVERE ] removing player 4 token from slot 3
[2022-12-12 20:01:00] [SEVERE ] removing player 4 token from slot 4
[2022-12-12 20:01:00] [SEVERE ] removing player 4 token from slot 9
[2022-12-12 20:01:00] [SEVERE ] player 4 placing token on slot 2
[2022-12-12 20:01:00] [SEVERE ] player 3 placing token on slot 4
[2022-12-12 20:01:00] [SEVERE ] player 5 placing token on slot 3
[2022-12-12 20:01:00] [SEVERE ] removing player 5 token from slot 0
[2022-12-12 20:01:00] [SEVERE ] removing player 5 token from slot 3
[2022-12-12 20:01:00] [SEVERE ] removing player 5 token from slot 11
[2022-12-12 20:01:00] [SEVERE ] player 5 placing token on slot 10
[2022-12-12 20:01:00] [SEVERE ] player 2 placing token on slot 2
[2022-12-12 20:01:00] [SEVERE ] player 4 placing token on slot 11
[2022-12-12 20:01:00] [SEVERE ] player 3 placing token on slot 5
[2022-12-12 20:01:00] [SEVERE ] player 2 placing token on slot 4
[2022-12-12 20:01:00] [SEVERE ] removing player 3 token from slot 4
[2022-12-12 20:01:00] [SEVERE ] removing player 3 token from slot 5
[2022-12-12 20:01:00] [SEVERE ] removing player 3 token from slot 7
[2022-12-12 20:01:00] [SEVERE ] player 3 placing token on slot 11
[2022-12-12 20:01:00] [SEVERE ] player 5 placing token on slot 7
[2022-12-12 20:01:00] [SEVERE ] player 4 placing token on slot 1
[2022-12-12 20:01:00] [SEVERE ] removing player 4 token from slot 1
[2022-12-12 20:01:00] [SEVERE ] removing player 4 token from slot 2
[2022-12-12 20:01:00] [SEVERE ] removing player 2 token from slot 0
[2022-12-12 20:01:00] [SEVERE ] removing player 2 token from slot 2
[2022-12-12 20:01:00] [SEVERE ] removing player 2 token from slot 4
[2022-12-12 20:01:00] [SEVERE ] player 2 placing token on slot 11
[2022-12-12 20:01:00] [SEVERE ] removing player 4 token from slot 11
[2022-12-12 20:01:00] [SEVERE ] player 4 placing token on slot 9
[2022-12-12 20:01:00] [SEVERE ] player 3 placing token on slot 5
[2022-12-12 20:01:00] [SEVERE ] player 5 placing token on slot 9
[2022-12-12 20:01:00] [SEVERE ] removing player 5 token from slot 7
[2022-12-12 20:01:00] [SEVERE ] removing player 5 token from slot 9
[2022-12-12 20:01:00] [SEVERE ] removing player 5 token from slot 10
[2022-12-12 20:01:00] [SEVERE ] player 5 placing token on slot 11
[2022-12-12 20:01:00] [SEVERE ] player 4 placing token on slot 10
[2022-12-12 20:01:00] [SEVERE ] player 2 placing token on slot 9
[2022-12-12 20:01:00] [SEVERE ] player 3 placing token on slot 6
[2022-12-12 20:01:00] [SEVERE ] removing player 3 token from slot 5
[2022-12-12 20:01:00] [SEVERE ] removing player 3 token from slot 6
[2022-12-12 20:01:00] [SEVERE ] removing player 3 token from slot 11
[2022-12-12 20:01:00] [SEVERE ] player 3 placing token on slot 9
[2022-12-12 20:01:00] [SEVERE ] player 5 placing token on slot 0
[2022-12-12 20:01:00] [SEVERE ] player 4 placing token on slot 6
[2022-12-12 20:01:00] [SEVERE ] removing player 4 token from slot 6
[2022-12-12 20:01:00] [SEVERE ] removing player 4 token from slot 9
[2022-12-12 20:01:00] [SEVERE ] removing player 4 token from slot 10
[2022-12-12 20:01:00] [SEVERE ] player 4 placing token on slot 8
[2022-12-12 20:01:00] [SEVERE ] player 2 placing token on slot 2
[2022-12-12 20:01:00] [SEVERE ] removing player 2 token from slot 2
[2022-12-12 20:01:00] [SEVERE ] removing player 2 token from slot 9
[2022-12-12 20:01:00] [SEVERE ] removing player 2 token from slot 11
[2022-12-12 20:01:00] [SEVERE ] player 2 placing token on slot 5
[2022-12-12 20:01:00] [SEVERE ] player 3 placing token on slot 0
[2022-12-12 20:01:00] [SEVERE ] player 4 placing token on slot 0
[2022-12-12 20:01:00] [SEVERE ] player 5 placing token on slot 10
[2022-12-12 20:01:00] [SEVERE ] removing player 5 token from slot 0
[2022-12-12 20:01:00] [SEVERE ] removing player 5 token from slot 10
[2022-12-12 20:01:00] [SEVERE ] removing player 5 token from slot 11
[2022-12-12 20:01:00] [SEVERE ] player 5 placing token on slot 1
[2022-12-12 20:01:00] [SEVERE ] player 2 placing token on slot 9
[2022-12-12 20:01:00] [SEVERE ] player 4 placing token on slot 7
[2022-12-12 20:01:00] [SEVERE ] player 5 placing token on slot 5
[2022-12-12 20:01:00] [SEVERE ] removing player 4 token from slot 0
[2022-12-12 20:01:00] [SEVERE ] removing player 4 token from slot 7
[2022-12-12 20:01:00] [SEVERE ] removing player 4 token from slot 8
[2022-12-12 20:01:00] [SEVERE ] player 4 placing token on slot 4
[2022-12-12 20:01:00] [SEVERE ] player 3 placing token on slot 7
[2022-12-12 20:01:00] [SEVERE ] removing player 3 token from slot 0
[2022-12-12 20:01:00] [SEVERE ] removing player 3 token from slot 7
[2022-12-12 20:01:00] [SEVERE ] removing player 3 token from slot 9
[2022-12-12 20:01:00] [SEVERE ] player 3 placing token on slot 8
[2022-12-12 20:01:00] [SEVERE ] player 2 placing token on slot 7
[2022-12-12 20:01:00] [SEVERE ] removing player 2 token from slot 5
[2022-12-12 20:01:00] [SEVERE ] removing player 2 token from slot 7
[2022-12-12 20:01:00] [SEVERE ] removing player 2 token from slot 9
[2022-12-12 20:01:00] [SEVERE ] player 2 placing token on slot 10
[2022-12-12 20:01:00] [SEVERE ] player 5 placing token on slot 10
[2022-12-12 20:01:00] [SEVERE ] removing player 5 token from slot 1
[2022-12-12 20:01:00] [SEVERE ] removing player 5 token from slot 5
[2022-12-12 20:01:00] [SEVERE ] removing player 5 token from slot 10
[2022-12-12 20:01:00] [SEVERE ] player 5 placing token on slot 2
[2022-12-12 20:01:00] [SEVERE ] player 4 placing token on slot 0
[2022-12-12 20:01:00] [SEVERE ] player 3 placing token on slot 1
[2022-12-12 20:01:00] [SEVERE ] player 2 placing token on slot 9
[2022-12-12 20:01:01] [SEVERE ] player 5 placing token on slot 8
[2022-12-12 20:01:01] [SEVERE ] player 4 placing token on slot 9
[2022-12-12 20:01:01] [SEVERE ] removing player 4 token from slot 0
[2022-12-12 20:01:01] [SEVERE ] removing player 4 token from slot 4
[2022-12-12 20:01:01] [SEVERE ] removing player 4 token from slot 9
[2022-12-12 20:01:01] [SEVERE ] player 4 placing token on slot 10
[2022-12-12 20:01:01] [SEVERE ] player 3 placing token on slot 10
[2022-12-12 20:01:01] [SEVERE ] removing player 3 token from slot 1
[2022-12-12 20:01:01] [SEVERE ] removing player 3 token from slot 8
[2022-12-12 20:01:01] [SEVERE ] removing player 3 token from slot 10
[2022-12-12 20:01:01] [SEVERE ] player 3 placing token on slot 0
[2022-12-12 20:01:01] [SEVERE ] player 2 placing token on slot 7
[2022-12-12 20:01:01] [SEVERE ] removing player 2 token from slot 7
[2022-12-12 20:01:01] [SEVERE ] removing player 2 token from slot 9
[2022-12-12 20:01:01] [SEVERE ] removing player 2 token from slot 10
[2022-12-12 20:01:01] [SEVERE ] player 2 placing token on slot 0
[2022-12-12 20:01:01] [SEVERE ] player 4 placing token on slot 5
[2022-12-12 20:01:01] [SEVERE ] player 3 placing token on slot 9
[2022-12-12 20:01:01] [SEVERE ] player 5 placing token on slot 1
[2022-12-12 20:01:01] [SEVERE ] removing player 5 token from slot 1
[2022-12-12 20:01:01] [SEVERE ] removing player 5 token from slot 2
[2022-12-12 20:01:01] [SEVERE ] removing player 5 token from slot 8
[2022-12-12 20:01:01] [SEVERE ] player 5 placing token on slot 6
[2022-12-12 20:01:01] [SEVERE ] player 2 placing token on slot 1
[2022-12-12 20:01:01] [SEVERE ] player 4 placing token on slot 1
[2022-12-12 20:01:01] [SEVERE ] removing player 4 token from slot 1
[2022-12-12 20:01:01] [SEVERE ] removing player 4 token from slot 5
[2022-12-12 20:01:01] [SEVERE ] removing player 4 token from slot 10
[2022-12-12 20:01:01] [SEVERE ] player 4 placing token on slot 9
[2022-12-12 20:01:01] [SEVERE ] player 5 placing token on slot 7
[2022-12-12 20:01:01] [SEVERE ] player 3 placing token on slot 3
[2022-12-12 20:01:01] [SEVERE ] removing player 3 token from slot 0
[2022-12-12 20:01:01] [SEVERE ] removing player 3 token from slot 3
[2022-12-12 20:01:01] [SEVERE ] removing player 3 token from slot 9
[2022-12-12 20:01:01] [SEVERE ] player 3 placing token on slot 5
[2022-12-12 20:01:01] [SEVERE ] player 2 placing token on slot 2
[2022-12-12 20:01:01] [SEVERE ] removing player 2 token from slot 0
[2022-12-12 20:01:01] [SEVERE ] removing player 2 token from slot 1
[2022-12-12 20:01:01] [SEVERE ] removing player 2 token from slot 2
[2022-12-12 20:01:01] [SEVERE ] player 2 placing token on slot 6
[2022-12-12 20:01:01] [SEVERE ] player 4 placing token on slot 5
[2022-12-12 20:01:01] [SEVERE ] player 3 placing token on slot 8
[2022-12-12 20:01:01] [SEVERE ] player 5 placing token on slot 9
[2022-12-12 20:01:01] [SEVERE ] removing player 5 token from slot 6
[2022-12-12 20:01:01] [SEVERE ] removing player 5 token from slot 7
[2022-12-12 20:01:01] [SEVERE ] removing player 5 token from slot 9
[2022-12-12 20:01:01] [SEVERE ] player 5 placing token on slot 5
[2022-12-12 20:01:01] [SEVERE ] player 2 placing token on slot 1
[2022-12-12 20:01:01] [SEVERE ] player 4 placing token on slot 10
[2022-12-12 20:01:01] [SEVERE ] removing player 4 token from slot 5
[2022-12-12 20:01:01] [SEVERE ] removing player 4 token from slot 9
[2022-12-12 20:01:01] [SEVERE ] removing player 4 token from slot 10
[2022-12-12 20:01:01] [SEVERE ] player 4 placing token on slot 7
[2022-12-12 20:01:01] [SEVERE ] player 5 placing token on slot 8
[2022-12-12 20:01:01] [SEVERE ] player 3 placing token on slot 10
[2022-12-12 20:01:01] [SEVERE ] removing player 3 token from slot 5
[2022-12-12 20:01:01] [SEVERE ] removing player 3 token from slot 8
[2022-12-12 20:01:01] [SEVERE ] removing player 3 token from slot 10
[2022-12-12 20:01:01] [SEVERE ] player 3 placing token on slot 7
[2022-12-12 20:01:01] [SEVERE ] player 2 placing token on slot 4
[2022-12-12 20:01:01] [SEVERE ] removing player 2 token from slot 1
[2022-12-12 20:01:01] [SEVERE ] removing player 2 token from slot 4
[2022-12-12 20:01:01] [SEVERE ] removing player 2 token from slot 6
[2022-12-12 20:01:01] [SEVERE ] player 2 placing token on slot 11
[2022-12-12 20:01:01] [SEVERE ] player 4 placing token on slot 5
[2022-12-12 20:01:01] [SEVERE ] player 5 placing token on slot 6
[2022-12-12 20:01:01] [SEVERE ] removing player 5 token from slot 5
[2022-12-12 20:01:01] [SEVERE ] removing player 5 token from slot 6
[2022-12-12 20:01:01] [SEVERE ] removing player 5 token from slot 8
[2022-12-12 20:01:01] [SEVERE ] player 5 placing token on slot 0
[2022-12-12 20:01:01] [SEVERE ] player 3 placing token on slot 11
[2022-12-12 20:01:01] [SEVERE ] player 2 placing token on slot 1
[2022-12-12 20:01:01] [SEVERE ] player 4 placing token on slot 8
[2022-12-12 20:01:01] [SEVERE ] removing player 4 token from slot 5
[2022-12-12 20:01:01] [SEVERE ] removing player 4 token from slot 7
[2022-12-12 20:01:01] [SEVERE ] removing player 4 token from slot 8
[2022-12-12 20:01:01] [SEVERE ] player 4 placing token on slot 3
[2022-12-12 20:01:01] [SEVERE ] player 5 placing token on slot 1
[2022-12-12 20:01:01] [SEVERE ] player 2 placing token on slot 8
[2022-12-12 20:01:01] [SEVERE ] removing player 2 token from slot 1
[2022-12-12 20:01:01] [SEVERE ] removing player 2 token from slot 8
[2022-12-12 20:01:01] [SEVERE ] removing player 2 token from slot 11
[2022-12-12 20:01:01] [SEVERE ] player 2 placing token on slot 5
[2022-12-12 20:01:01] [SEVERE ] player 3 placing token on slot 0
[2022-12-12 20:01:01] [SEVERE ] removing player 3 token from slot 0
[2022-12-12 20:01:01] [SEVERE ] removing player 3 token from slot 7
[2022-12-12 20:01:01] [SEVERE ] removing player 3 token from slot 11
[2022-12-12 20:01:01] [SEVERE ] player 3 placing token on slot 6
[2022-12-12 20:01:01] [SEVERE ] player 4 placing token on slot 7
[2022-12-12 20:01:01] [SEVERE ] player 2 placing token on slot 8
[2022-12-12 20:01:01] [SEVERE ] player 3 placing token on slot 10
[2022-12-12 20:01:01] [SEVERE ] player 5 placing token on slot 4
[2022-12-12 20:01:01] [SEVERE ] removing player 5 token from slot 0
[2022-12-12 20:01:01] [SEVERE ] removing player 5 token from slot 1
[2022-12-12 20:01:01] [SEVERE ] removing player 5 token from slot 4
[2022-12-12 20:01:01] [SEVERE ] player 5 placing token on slot 11
[2022-12-12 20:01:01] [SEVERE ] player 4 placing token on slot 9
[2022-12-12 20:01:01] [SEVERE ] removing player 4 token from slot 3
[2022-12-12 20:01:01] [SEVERE ] removing player 4 token from slot 7
[2022-12-12 20:01:01] [SEVERE ] removing player 4 token from slot 9
[2022-12-12 20:01:01] [SEVERE ] player 4 placing token on slot 1
[2022-12-12 20:01:01] [SEVERE ] player 2 placing token on slot 7
[2022-12-12 20:01:01] [SEVERE ] removing player 2 token from slot 5
[2022-12-12 20:01:01] [SEVERE ] removing player 2 token from slot 7
[2022-12-12 20:01:01] [SEVERE ] removing player 2 token from slot 8
[2022-12-12 20:01:01] [SEVERE ] player 2 placing token on slot 2
[2022-12-12 20:01:01] [SEVERE ] player 3 placing token on slot 9
[2022-12-12 20:01:01] [SEVERE ] removing player 3 token from slot 6
[2022-12-12 20:01:01] [SEVERE ] removing player 3 token from slot 9
[2022-12-12 20:01:01] [SEVERE ] removing player 3 token from slot 10
[2022-12-12 20:01:01] [SEVERE ] player 3 placing token on slot 0
[2022-12-12 20:01:01] [SEVERE ] player 5 placing token on slot 9
[2022-12-12 20:01:01] [SEVERE ] player 4 placing token on slot 4
[2022-12-12 20:01:01] [SEVERE ] player 5 placing token on slot 5
[2022-12-12 20:01:01] [SEVERE ] removing player 5 token from slot 5
[2022-12-12 20:01:01] [SEVERE ] removing player 5 token from slot 9
[2022-12-12 20:01:01] [SEVERE ] removing player 5 token from slot 11
[2022-12-12 20:01:01] [SEVERE ] player 5 placing token on slot 6
[2022-12-12 20:01:01] [SEVERE ] player 2 placing token on slot 0
[2022-12-12 20:01:01] [SEVERE ] player 3 placing token on slot 5
[2022-12-12 20:01:01] [SEVERE ] player 4 placing token on slot 2
[2022-12-12 20:01:01] [SEVERE ] removing player 4 token from slot 1
[2022-12-12 20:01:01] [SEVERE ] removing player 4 token from slot 2
[2022-12-12 20:01:01] [SEVERE ] removing player 4 token from slot 4
[2022-12-12 20:01:01] [SEVERE ] player 4 placing token on slot 11
[2022-12-12 20:01:01] [SEVERE ] player 5 placing token on slot 10
[2022-12-12 20:01:01] [SEVERE ] player 2 placing token on slot 5
[2022-12-12 20:01:01] [SEVERE ] removing player 2 token from slot 0
[2022-12-12 20:01:01] [SEVERE ] removing player 2 token from slot 2
[2022-12-12 20:01:01] [SEVERE ] removing player 2 token from slot 5
[2022-12-12 20:01:01] [SEVERE ] player 2 placing token on slot 3
[2022-12-12 20:01:01] [SEVERE ] player 3 placing token on slot 3
[2022-12-12 20:01:01] [SEVERE ] removing player 3 token from slot 0
[2022-12-12 20:01:01] [SEVERE ] removing player 3 token from slot 3
[2022-12-12 20:01:01] [SEVERE ] removing player 3 token from slot 5
[2022-12-12 20:01:01] [SEVERE ] player 3 placing token on slot 7
[2022-12-12 20:01:01] [SEVERE ] player 4 placing token on slot 6
[2022-12-12 20:01:01] [SEVERE ] player 5 placing token on slot 3
[2022-12-12 20:01:01] [SEVERE ] removing player 5 token from slot 3
[2022-12-12 20:01:01] [SEVERE ] removing player 5 token from slot 6
[2022-12-12 20:01:01] [SEVERE ] removing player 5 token from slot 10
[2022-12-12 20:01:01] [SEVERE ] player 5 placing token on slot 8
[2022-12-12 20:01:01] [SEVERE ] player 3 placing token on slot 8
[2022-12-12 20:01:01] [SEVERE ] player 2 placing token on slot 5
[2022-12-12 20:01:01] [SEVERE ] player 4 placing token on slot 0
[2022-12-12 20:01:01] [SEVERE ] removing player 4 token from slot 0
[2022-12-12 20:01:01] [SEVERE ] removing player 4 token from slot 6
[2022-12-12 20:01:01] [SEVERE ] removing player 4 token from slot 11
[2022-12-12 20:01:01] [SEVERE ] player 4 placing token on slot 8
[2022-12-12 20:01:01] [SEVERE ] player 5 placing token on slot 6
[2022-12-12 20:01:01] [SEVERE ] player 2 placing token on slot 11
[2022-12-12 20:01:01] [SEVERE ] removing player 2 token from slot 3
[2022-12-12 20:01:01] [SEVERE ] removing player 2 token from slot 5
[2022-12-12 20:01:01] [SEVERE ] removing player 2 token from slot 11
[2022-12-12 20:01:01] [SEVERE ] player 2 placing token on slot 9
[2022-12-12 20:01:01] [SEVERE ] player 3 placing token on slot 6
[2022-12-12 20:01:01] [SEVERE ] removing player 3 token from slot 6
[2022-12-12 20:01:01] [SEVERE ] removing player 3 token from slot 7
[2022-12-12 20:01:01] [SEVERE ] removing player 3 token from slot 8
[2022-12-12 20:01:01] [SEVERE ] player 3 placing token on slot 5
[2022-12-12 20:01:01] [SEVERE ] player 4 placing token on slot 5
[2022-12-12 20:01:01] [SEVERE ] player 2 placing token on slot 3
[2022-12-12 20:01:01] [SEVERE ] player 5 placing token on slot 9
[2022-12-12 20:01:01] [SEVERE ] player 3 placing token on slot 6
[2022-12-12 20:01:01] [SEVERE ] removing player 5 token from slot 6
[2022-12-12 20:01:01] [SEVERE ] removing player 5 token from slot 8
[2022-12-12 20:01:01] [SEVERE ] removing player 5 token from slot 9
[2022-12-12 20:01:01] [SEVERE ] player 5 placing token on slot 5
[2022-12-12 20:01:01] [SEVERE ] player 4 placing token on slot 2
[2022-12-12 20:01:01] [SEVERE ] removing player 4 token from slot 2
[2022-12-12 20:01:01] [SEVERE ] removing player 4 token from slot 5
[2022-12-12 20:01:01] [SEVERE ] removing player 4 token from slot 8
[2022-12-12 20:01:01] [SEVERE ] player 4 placing token on slot 10
[2022-12-12 20:01:01] [SEVERE ] player 5 placing token on slot 0
[2022-12-12 20:01:01] [SEVERE ] player 3 placing token on slot 8
[2022-12-12 20:01:01] [SEVERE ] removing player 3 token from slot 5
[2022-12-12 20:01:01] [SEVERE ] removing player 3 token from slot 6
[2022-12-12 20:01:01] [SEVERE ] removing player 3 token from slot 8
[2022-12-12 20:01:01] [SEVERE ] player 3 placing token on slot 3
[2022-12-12 20:01:01] [SEVERE ] player 2 placing token on slot 1
[2022-12-12 20:01:01] [SEVERE ] removing player 2 token from slot 1
[2022-12-12 20:01:01] [SEVERE ] removing player 2 token from slot 3
[2022-12-12 20:01:01] [SEVERE ] removing player 2 token from slot 9
[2022-12-12 20:01:01] [SEVERE ] player 2 placing token on slot 0
[2022-12-12 20:01:01] [SEVERE ] player 4 placing token on slot 1
[2022-12-12 20:01:01] [SEVERE ] player 5 placing token on slot 1
[2022-12-12 20:01:01] [SEVERE ] removing player 5 token from slot 0
[2022-12-12 20:01:01] [SEVERE ] removing player 5 token from slot 1
[2022-12-12 20:01:01] [SEVERE ] removing player 5 token from slot 5
[2022-12-12 20:01:01] [SEVERE ] player 5 placing token on slot 11
[2022-12-12 20:01:01] [SEVERE ] player 3 placing token on slot 1
[2022-12-12 20:01:01] [SEVERE ] player 4 placing token on slot 7
[2022-12-12 20:01:01] [SEVERE ] removing player 4 token from slot 1
[2022-12-12 20:01:01] [SEVERE ] removing player 4 token from slot 7
[2022-12-12 20:01:01] [SEVERE ] removing player 4 token from slot 10
[2022-12-12 20:01:01] [SEVERE ] player 4 placing token on slot 4
[2022-12-12 20:01:01] [SEVERE ] player 2 placing token on slot 8
[2022-12-12 20:01:01] [SEVERE ] player 5 placing token on slot 2
[2022-12-12 20:01:01] [SEVERE ] player 3 placing token on slot 0
[2022-12-12 20:01:01] [SEVERE ] removing player 3 token from slot 0
[2022-12-12 20:01:01] [SEVERE ] removing player 3 token from slot 1
[2022-12-12 20:01:01] [SEVERE ] removing player 3 token from slot 3
[2022-12-12 20:01:01] [SEVERE ] player 3 placing token on slot 10
[2022-12-12 20:01:01] [SEVERE ] player 2 placing token on slot 7
[2022-12-12 20:01:01] [SEVERE ] removing player 2 token from slot 0
[2022-12-12 20:01:01] [SEVERE ] removing player 2 token from slot 7
[2022-12-12 20:01:01] [SEVERE ] removing player 2 token from slot 8
[2022-12-12 20:01:01] [SEVERE ] player 2 placing token on slot 11
[2022-12-12 20:01:01] [SEVERE ] player 4 placing token on slot 6
[2022-12-12 20:01:01] [SEVERE ] player 3 placing token on slot 11
[2022-12-12 20:01:01] [SEVERE ] player 5 placing token on slot 4
[2022-12-12 20:01:01] [SEVERE ] removing player 5 token from slot 2
[2022-12-12 20:01:01] [SEVERE ] removing player 5 token from slot 4
[2022-12-12 20:01:01] [SEVERE ] removing player 5 token from slot 11
[2022-12-12 20:01:01] [SEVERE ] player 5 placing token on slot 10
[2022-12-12 20:01:01] [SEVERE ] player 2 placing token on slot 6
[2022-12-12 20:01:01] [SEVERE ] player 4 placing token on slot 3
[2022-12-12 20:01:01] [SEVERE ] removing player 4 token from slot 3
[2022-12-12 20:01:01] [SEVERE ] removing player 4 token from slot 4
[2022-12-12 20:01:01] [SEVERE ] removing player 4 token from slot 6
[2022-12-12 20:01:01] [SEVERE ] player 4 placing token on slot 2
[2022-12-12 20:01:01] [SEVERE ] player 3 placing token on slot 6
[2022-12-12 20:01:01] [SEVERE ] removing player 3 token from slot 6
[2022-12-12 20:01:01] [SEVERE ] removing player 3 token from slot 10
[2022-12-12 20:01:01] [SEVERE ] removing player 3 token from slot 11
[2022-12-12 20:01:01] [SEVERE ] player 3 placing token on slot 7
[2022-12-12 20:01:01] [SEVERE ] player 5 placing token on slot 0
[2022-12-12 20:01:01] [SEVERE ] player 2 placing token on slot 8
[2022-12-12 20:01:01] [SEVERE ] removing player 2 token from slot 6
[2022-12-12 20:01:01] [SEVERE ] removing player 2 token from slot 8
[2022-12-12 20:01:01] [SEVERE ] removing player 2 token from slot 11
[2022-12-12 20:01:01] [SEVERE ] player 2 placing token on slot 9
[2022-12-12 20:01:01] [SEVERE ] player 3 placing token on slot 3
[2022-12-12 20:01:01] [SEVERE ] player 4 placing token on slot 8
[2022-12-12 20:01:01] [SEVERE ] player 5 placing token on slot 9
[2022-12-12 20:01:01] [SEVERE ] removing player 5 token from slot 0
[2022-12-12 20:01:01] [SEVERE ] removing player 5 token from slot 9
[2022-12-12 20:01:01] [SEVERE ] removing player 5 token from slot 10
[2022-12-12 20:01:01] [SEVERE ] player 4 placing token on slot 5
[2022-12-12 20:01:01] [SEVERE ] player 5 placing token on slot 4
[2022-12-12 20:01:01] [SEVERE ] removing player 4 token from slot 2
[2022-12-12 20:01:01] [SEVERE ] removing player 4 token from slot 5
[2022-12-12 20:01:01] [SEVERE ] removing player 4 token from slot 8
[2022-12-12 20:01:01] [SEVERE ] player 4 placing token on slot 1
[2022-12-12 20:01:01] [SEVERE ] player 2 placing token on slot 8
[2022-12-12 20:01:01] [SEVERE ] player 3 placing token on slot 2
[2022-12-12 20:01:01] [SEVERE ] removing player 3 token from slot 2
[2022-12-12 20:01:01] [SEVERE ] removing player 3 token from slot 3
[2022-12-12 20:01:01] [SEVERE ] removing player 3 token from slot 7
[2022-12-12 20:01:01] [SEVERE ] player 3 placing token on slot 0
[2022-12-12 20:01:01] [SEVERE ] player 5 placing token on slot 2
[2022-12-12 20:01:01] [SEVERE ] player 2 placing token on slot 11
[2022-12-12 20:01:01] [SEVERE ] removing player 2 token from slot 8
[2022-12-12 20:01:01] [SEVERE ] removing player 2 token from slot 9
[2022-12-12 20:01:01] [SEVERE ] removing player 2 token from slot 11
[2022-12-12 20:01:01] [SEVERE ] player 2 placing token on slot 4
[2022-12-12 20:01:01] [SEVERE ] player 3 placing token on slot 11
[2022-12-12 20:01:01] [SEVERE ] player 4 placing token on slot 0
[2022-12-12 20:01:01] [SEVERE ] player 5 placing token on slot 1
[2022-12-12 20:01:01] [SEVERE ] removing player 5 token from slot 1
[2022-12-12 20:01:01] [SEVERE ] removing player 5 token from slot 2
[2022-12-12 20:01:01] [SEVERE ] removing player 5 token from slot 4
[2022-12-12 20:01:01] [SEVERE ] player 5 placing token on slot 7
[2022-12-12 20:01:01] [SEVERE ] player 2 placing token on slot 11
[2022-12-12 20:01:01] [SEVERE ] player 3 placing token on slot 4
[2022-12-12 20:01:01] [SEVERE ] player 4 placing token on slot 8
[2022-12-12 20:01:01] [SEVERE ] player 3 placing token on slot 7
[2022-12-12 20:01:01] [SEVERE ] player 5 placing token on slot 10
[2022-12-12 20:01:01] [SEVERE ] player 2 placing token on slot 6
[2022-12-12 20:01:01] [SEVERE ] player 4 placing token on slot 11
[2022-12-12 20:01:01] [SEVERE ] player 5 placing token on slot 0
[2022-12-12 20:01:01] [SEVERE ] removing tokens from slot 0
[2022-12-12 20:01:01] [SEVERE ] removing card from slot 0
[2022-12-12 20:01:01] [SEVERE ] player 3 placing token on slot 3
[2022-12-12 20:01:01] [SEVERE ] player 2 placing token on slot 10
[2022-12-12 20:01:01] [SEVERE ] removing tokens from slot 4
[2022-12-12 20:01:01] [SEVERE ] removing card from slot 4
[2022-12-12 20:01:01] [SEVERE ] player 4 placing token on slot 6
[2022-12-12 20:01:01] [SEVERE ] player 2 placing token on slot 5
[2022-12-12 20:01:01] [SEVERE ] player 3 placing token on slot 2
[2022-12-12 20:01:01] [SEVERE ] removing tokens from slot 11
[2022-12-12 20:01:01] [SEVERE ] removing card from slot 11
[2022-12-12 20:01:01] [SEVERE ] setting player 3 score to 1
[2022-12-12 20:01:01] [SEVERE ] player 3 placing token on slot 1
[2022-12-12 20:01:01] [SEVERE ] removing player 4 token from slot 1
[2022-12-12 20:01:01] [SEVERE ] removing player 4 token from slot 6
[2022-12-12 20:01:01] [SEVERE ] removing player 4 token from slot 8
[2022-12-12 20:01:01] [SEVERE ] player 4 placing token on slot 3
[2022-12-12 20:01:01] [SEVERE ] player 3 placing token on slot 6
[2022-12-12 20:01:02] [SEVERE ] player 3 placing token on slot 8
[2022-12-12 20:01:02] [SEVERE ] player 4 placing token on slot 8
[2022-12-12 20:01:02] [SEVERE ] placing card 78 in slot 0
[2022-12-12 20:01:02] [SEVERE ] player 4 placing token on slot 1
[2022-12-12 20:01:02] [SEVERE ] placing card 24 in slot 4
[2022-12-12 20:01:02] [SEVERE ] placing card 76 in slot 11
