[2022-12-12 12:58:06] [INFO   ] cannot read configuration file config.properties trying from resources.
[2022-12-12 12:58:06] [INFO   ] configuration file was loaded from resources directory.
[2022-12-12 12:58:06] [INFO   ] Thread dealer starting.
[2022-12-12 12:58:06] [INFO   ] Thread Thread-2starting.
[2022-12-12 12:58:06] [INFO   ] Thread Thread-1starting.
[2022-12-12 12:58:06] [INFO   ] Thread Thread-0starting.
[2022-12-12 12:58:06] [INFO   ] Thread computer-2 starting.
[2022-12-12 12:58:06] [SEVERE ] placing card 33 in slot 0
[2022-12-12 12:58:06] [SEVERE ] placing card 79 in slot 1
[2022-12-12 12:58:06] [SEVERE ] placing card 25 in slot 2
[2022-12-12 12:58:07] [SEVERE ] placing card 3 in slot 3
[2022-12-12 12:58:07] [SEVERE ] placing card 21 in slot 4
[2022-12-12 12:58:07] [SEVERE ] placing card 13 in slot 5
[2022-12-12 12:58:07] [SEVERE ] placing card 72 in slot 6
[2022-12-12 12:58:07] [SEVERE ] placing card 73 in slot 7
[2022-12-12 12:58:07] [SEVERE ] placing card 63 in slot 8
[2022-12-12 12:58:07] [SEVERE ] placing card 49 in slot 9
[2022-12-12 12:58:07] [SEVERE ] placing card 50 in slot 10
[2022-12-12 12:58:07] [SEVERE ] placing card 52 in slot 11
[2022-12-12 12:58:08] [SEVERE ] player 2 placing token on slot 3
[2022-12-12 12:58:08] [SEVERE ] player 2 placing token on slot 8
[2022-12-12 12:58:08] [SEVERE ] player 2 placing token on slot 4
[2022-12-12 12:58:08] [SEVERE ] removing player 2 token from slot 3
[2022-12-12 12:58:08] [SEVERE ] removing player 2 token from slot 4
[2022-12-12 12:58:08] [SEVERE ] removing player 2 token from slot 8
[2022-12-12 12:58:08] [SEVERE ] player 2 placing token on slot 9
[2022-12-12 12:58:08] [SEVERE ] player 2 placing token on slot 10
[2022-12-12 12:58:08] [SEVERE ] player 2 placing token on slot 6
[2022-12-12 12:58:08] [SEVERE ] removing player 2 token from slot 6
[2022-12-12 12:58:08] [SEVERE ] removing player 2 token from slot 9
[2022-12-12 12:58:08] [SEVERE ] removing player 2 token from slot 10
[2022-12-12 12:58:08] [SEVERE ] player 2 placing token on slot 7
[2022-12-12 12:58:08] [SEVERE ] player 2 placing token on slot 5
[2022-12-12 12:58:08] [SEVERE ] player 2 placing token on slot 3
[2022-12-12 12:58:08] [SEVERE ] removing player 2 token from slot 3
[2022-12-12 12:58:08] [SEVERE ] removing player 2 token from slot 5
[2022-12-12 12:58:08] [SEVERE ] removing player 2 token from slot 7
[2022-12-12 12:58:08] [SEVERE ] player 2 placing token on slot 2
[2022-12-12 12:58:08] [SEVERE ] player 2 placing token on slot 3
[2022-12-12 12:58:08] [SEVERE ] player 2 placing token on slot 0
[2022-12-12 12:58:08] [SEVERE ] removing player 2 token from slot 0
[2022-12-12 12:58:08] [SEVERE ] removing player 2 token from slot 2
[2022-12-12 12:58:08] [SEVERE ] removing player 2 token from slot 3
[2022-12-12 12:58:08] [SEVERE ] player 2 placing token on slot 3
[2022-12-12 12:58:08] [SEVERE ] player 2 placing token on slot 2
[2022-12-12 12:58:08] [SEVERE ] player 2 placing token on slot 8
[2022-12-12 12:58:08] [SEVERE ] removing player 2 token from slot 2
[2022-12-12 12:58:08] [SEVERE ] removing player 2 token from slot 3
[2022-12-12 12:58:08] [SEVERE ] removing player 2 token from slot 8
[2022-12-12 12:58:08] [SEVERE ] player 2 placing token on slot 5
[2022-12-12 12:58:08] [SEVERE ] player 2 placing token on slot 1
[2022-12-12 12:58:08] [SEVERE ] player 2 placing token on slot 0
[2022-12-12 12:58:08] [SEVERE ] removing player 2 token from slot 0
[2022-12-12 12:58:08] [SEVERE ] removing player 2 token from slot 1
[2022-12-12 12:58:08] [SEVERE ] removing player 2 token from slot 5
[2022-12-12 12:58:08] [SEVERE ] player 2 placing token on slot 3
[2022-12-12 12:58:08] [SEVERE ] player 2 placing token on slot 1
[2022-12-12 12:58:08] [SEVERE ] player 2 placing token on slot 8
[2022-12-12 12:58:08] [SEVERE ] removing player 2 token from slot 1
[2022-12-12 12:58:08] [SEVERE ] removing player 2 token from slot 3
[2022-12-12 12:58:08] [SEVERE ] removing player 2 token from slot 8
[2022-12-12 12:58:08] [SEVERE ] player 2 placing token on slot 2
[2022-12-12 12:58:08] [SEVERE ] player 2 placing token on slot 8
[2022-12-12 12:58:08] [SEVERE ] player 2 placing token on slot 9
[2022-12-12 12:58:08] [SEVERE ] removing player 2 token from slot 2
[2022-12-12 12:58:08] [SEVERE ] removing player 2 token from slot 8
[2022-12-12 12:58:08] [SEVERE ] removing player 2 token from slot 9
[2022-12-12 12:58:08] [SEVERE ] player 2 placing token on slot 9
[2022-12-12 12:58:08] [SEVERE ] player 2 placing token on slot 11
[2022-12-12 12:58:08] [SEVERE ] player 2 placing token on slot 1
[2022-12-12 12:58:08] [SEVERE ] removing player 2 token from slot 1
[2022-12-12 12:58:08] [SEVERE ] removing player 2 token from slot 9
[2022-12-12 12:58:08] [SEVERE ] removing player 2 token from slot 11
[2022-12-12 12:58:08] [SEVERE ] player 2 placing token on slot 1
[2022-12-12 12:58:08] [SEVERE ] player 2 placing token on slot 3
[2022-12-12 12:58:08] [SEVERE ] player 2 placing token on slot 6
[2022-12-12 12:58:08] [SEVERE ] removing player 2 token from slot 1
[2022-12-12 12:58:08] [SEVERE ] removing player 2 token from slot 3
[2022-12-12 12:58:08] [SEVERE ] removing player 2 token from slot 6
[2022-12-12 12:58:08] [SEVERE ] player 2 placing token on slot 8
[2022-12-12 12:58:08] [SEVERE ] player 2 placing token on slot 9
[2022-12-12 12:58:08] [SEVERE ] player 2 placing token on slot 6
[2022-12-12 12:58:08] [SEVERE ] removing player 2 token from slot 6
[2022-12-12 12:58:08] [SEVERE ] removing player 2 token from slot 8
[2022-12-12 12:58:08] [SEVERE ] removing player 2 token from slot 9
[2022-12-12 12:58:09] [SEVERE ] player 2 placing token on slot 6
[2022-12-12 12:58:09] [SEVERE ] player 2 placing token on slot 11
[2022-12-12 12:58:09] [SEVERE ] player 2 placing token on slot 1
[2022-12-12 12:58:09] [SEVERE ] removing player 2 token from slot 1
[2022-12-12 12:58:09] [SEVERE ] removing player 2 token from slot 6
[2022-12-12 12:58:09] [SEVERE ] removing player 2 token from slot 11
[2022-12-12 12:58:09] [SEVERE ] player 2 placing token on slot 11
[2022-12-12 12:58:09] [SEVERE ] player 2 placing token on slot 10
[2022-12-12 12:58:09] [SEVERE ] player 2 placing token on slot 0
[2022-12-12 12:58:09] [SEVERE ] removing player 2 token from slot 0
[2022-12-12 12:58:09] [SEVERE ] removing player 2 token from slot 10
[2022-12-12 12:58:09] [SEVERE ] removing player 2 token from slot 11
[2022-12-12 12:58:09] [SEVERE ] player 2 placing token on slot 10
[2022-12-12 12:58:09] [SEVERE ] player 2 placing token on slot 6
[2022-12-12 12:58:09] [SEVERE ] player 2 placing token on slot 3
[2022-12-12 12:58:09] [SEVERE ] removing player 2 token from slot 3
[2022-12-12 12:58:09] [SEVERE ] removing player 2 token from slot 6
[2022-12-12 12:58:09] [SEVERE ] removing player 2 token from slot 10
[2022-12-12 12:58:09] [SEVERE ] player 2 placing token on slot 6
[2022-12-12 12:58:09] [SEVERE ] player 2 placing token on slot 10
[2022-12-12 12:58:09] [SEVERE ] player 2 placing token on slot 8
[2022-12-12 12:58:09] [SEVERE ] removing player 2 token from slot 6
[2022-12-12 12:58:09] [SEVERE ] removing player 2 token from slot 8
[2022-12-12 12:58:09] [SEVERE ] removing player 2 token from slot 10
[2022-12-12 12:58:09] [SEVERE ] player 2 placing token on slot 3
[2022-12-12 12:58:09] [SEVERE ] player 2 placing token on slot 7
[2022-12-12 12:58:09] [SEVERE ] player 2 placing token on slot 2
[2022-12-12 12:58:09] [SEVERE ] removing player 2 token from slot 2
[2022-12-12 12:58:09] [SEVERE ] removing player 2 token from slot 3
[2022-12-12 12:58:09] [SEVERE ] removing player 2 token from slot 7
[2022-12-12 12:58:09] [SEVERE ] player 2 placing token on slot 8
[2022-12-12 12:58:09] [SEVERE ] player 2 placing token on slot 3
[2022-12-12 12:58:09] [SEVERE ] player 2 placing token on slot 5
[2022-12-12 12:58:09] [SEVERE ] removing player 2 token from slot 3
[2022-12-12 12:58:09] [SEVERE ] removing player 2 token from slot 5
[2022-12-12 12:58:09] [SEVERE ] removing player 2 token from slot 8
[2022-12-12 12:58:09] [SEVERE ] player 2 placing token on slot 3
[2022-12-12 12:58:09] [SEVERE ] player 2 placing token on slot 1
[2022-12-12 12:58:09] [SEVERE ] player 2 placing token on slot 8
[2022-12-12 12:58:09] [SEVERE ] removing player 2 token from slot 1
[2022-12-12 12:58:09] [SEVERE ] removing player 2 token from slot 3
[2022-12-12 12:58:09] [SEVERE ] removing player 2 token from slot 8
[2022-12-12 12:58:09] [SEVERE ] player 2 placing token on slot 4
[2022-12-12 12:58:09] [SEVERE ] player 2 placing token on slot 11
[2022-12-12 12:58:09] [SEVERE ] player 2 placing token on slot 0
[2022-12-12 12:58:09] [SEVERE ] removing player 2 token from slot 0
[2022-12-12 12:58:09] [SEVERE ] removing player 2 token from slot 4
[2022-12-12 12:58:09] [SEVERE ] removing player 2 token from slot 11
[2022-12-12 12:58:09] [SEVERE ] player 2 placing token on slot 2
[2022-12-12 12:58:09] [SEVERE ] player 2 placing token on slot 4
[2022-12-12 12:58:09] [SEVERE ] player 2 placing token on slot 0
[2022-12-12 12:58:09] [SEVERE ] removing player 2 token from slot 0
[2022-12-12 12:58:09] [SEVERE ] removing player 2 token from slot 2
[2022-12-12 12:58:09] [SEVERE ] removing player 2 token from slot 4
[2022-12-12 12:58:09] [SEVERE ] player 2 placing token on slot 11
[2022-12-12 12:58:09] [SEVERE ] player 2 placing token on slot 6
[2022-12-12 12:58:09] [SEVERE ] player 2 placing token on slot 4
[2022-12-12 12:58:09] [SEVERE ] removing player 2 token from slot 4
[2022-12-12 12:58:09] [SEVERE ] removing player 2 token from slot 6
[2022-12-12 12:58:09] [SEVERE ] removing player 2 token from slot 11
[2022-12-12 12:58:09] [SEVERE ] player 2 placing token on slot 1
[2022-12-12 12:58:09] [SEVERE ] player 2 placing token on slot 9
[2022-12-12 12:58:09] [SEVERE ] player 2 placing token on slot 3
[2022-12-12 12:58:09] [SEVERE ] removing player 2 token from slot 1
[2022-12-12 12:58:09] [SEVERE ] removing player 2 token from slot 3
[2022-12-12 12:58:09] [SEVERE ] removing player 2 token from slot 9
[2022-12-12 12:58:10] [SEVERE ] player 2 placing token on slot 3
[2022-12-12 12:58:10] [SEVERE ] player 2 placing token on slot 10
[2022-12-12 12:58:10] [SEVERE ] player 2 placing token on slot 7
[2022-12-12 12:58:10] [SEVERE ] removing player 2 token from slot 3
[2022-12-12 12:58:10] [SEVERE ] removing player 2 token from slot 7
[2022-12-12 12:58:10] [SEVERE ] removing player 2 token from slot 10
[2022-12-12 12:58:10] [SEVERE ] player 2 placing token on slot 6
[2022-12-12 12:58:10] [SEVERE ] player 2 placing token on slot 4
[2022-12-12 12:58:10] [SEVERE ] player 2 placing token on slot 5
[2022-12-12 12:58:10] [SEVERE ] removing player 2 token from slot 4
[2022-12-12 12:58:10] [SEVERE ] removing player 2 token from slot 5
[2022-12-12 12:58:10] [SEVERE ] removing player 2 token from slot 6
[2022-12-12 12:58:10] [SEVERE ] player 2 placing token on slot 9
[2022-12-12 12:58:10] [SEVERE ] player 2 placing token on slot 3
[2022-12-12 12:58:10] [SEVERE ] player 2 placing token on slot 1
[2022-12-12 12:58:10] [SEVERE ] removing player 2 token from slot 1
[2022-12-12 12:58:10] [SEVERE ] removing player 2 token from slot 3
[2022-12-12 12:58:10] [SEVERE ] removing player 2 token from slot 9
[2022-12-12 12:58:10] [SEVERE ] player 2 placing token on slot 0
[2022-12-12 12:58:10] [SEVERE ] player 2 placing token on slot 2
[2022-12-12 12:58:10] [SEVERE ] player 2 placing token on slot 10
[2022-12-12 12:58:10] [SEVERE ] removing player 2 token from slot 0
[2022-12-12 12:58:10] [SEVERE ] removing player 2 token from slot 2
[2022-12-12 12:58:10] [SEVERE ] removing player 2 token from slot 10
[2022-12-12 12:58:10] [SEVERE ] player 2 placing token on slot 5
[2022-12-12 12:58:10] [SEVERE ] player 2 placing token on slot 6
[2022-12-12 12:58:10] [SEVERE ] player 2 placing token on slot 4
[2022-12-12 12:58:10] [SEVERE ] removing player 2 token from slot 4
[2022-12-12 12:58:10] [SEVERE ] removing player 2 token from slot 5
[2022-12-12 12:58:10] [SEVERE ] removing player 2 token from slot 6
[2022-12-12 12:58:10] [SEVERE ] player 2 placing token on slot 10
[2022-12-12 12:58:10] [SEVERE ] player 2 placing token on slot 9
[2022-12-12 12:58:10] [SEVERE ] player 2 placing token on slot 5
[2022-12-12 12:58:10] [SEVERE ] removing player 2 token from slot 5
[2022-12-12 12:58:10] [SEVERE ] removing player 2 token from slot 9
[2022-12-12 12:58:10] [SEVERE ] removing player 2 token from slot 10
[2022-12-12 12:58:10] [SEVERE ] player 2 placing token on slot 7
[2022-12-12 12:58:10] [SEVERE ] player 2 placing token on slot 4
[2022-12-12 12:58:10] [SEVERE ] player 2 placing token on slot 10
[2022-12-12 12:58:10] [SEVERE ] removing player 2 token from slot 4
[2022-12-12 12:58:10] [SEVERE ] removing player 2 token from slot 7
[2022-12-12 12:58:10] [SEVERE ] removing player 2 token from slot 10
[2022-12-12 12:58:10] [SEVERE ] player 2 placing token on slot 0
[2022-12-12 12:58:10] [SEVERE ] player 2 placing token on slot 6
[2022-12-12 12:58:10] [SEVERE ] player 2 placing token on slot 7
[2022-12-12 12:58:10] [SEVERE ] removing player 2 token from slot 0
[2022-12-12 12:58:10] [SEVERE ] removing player 2 token from slot 6
[2022-12-12 12:58:10] [SEVERE ] removing player 2 token from slot 7
[2022-12-12 12:58:10] [SEVERE ] player 2 placing token on slot 1
[2022-12-12 12:58:10] [SEVERE ] player 2 placing token on slot 0
[2022-12-12 12:58:10] [SEVERE ] player 2 placing token on slot 8
[2022-12-12 12:58:10] [SEVERE ] removing player 2 token from slot 0
[2022-12-12 12:58:10] [SEVERE ] removing player 2 token from slot 1
[2022-12-12 12:58:10] [SEVERE ] removing player 2 token from slot 8
[2022-12-12 12:58:10] [SEVERE ] player 2 placing token on slot 5
[2022-12-12 12:58:10] [SEVERE ] player 2 placing token on slot 11
[2022-12-12 12:58:10] [SEVERE ] player 2 placing token on slot 0
[2022-12-12 12:58:10] [SEVERE ] removing player 2 token from slot 0
[2022-12-12 12:58:10] [SEVERE ] removing player 2 token from slot 5
[2022-12-12 12:58:10] [SEVERE ] removing player 2 token from slot 11
[2022-12-12 12:58:10] [SEVERE ] player 2 placing token on slot 11
[2022-12-12 12:58:10] [SEVERE ] player 2 placing token on slot 6
[2022-12-12 12:58:10] [SEVERE ] player 2 placing token on slot 3
[2022-12-12 12:58:10] [SEVERE ] removing player 2 token from slot 3
[2022-12-12 12:58:10] [SEVERE ] removing player 2 token from slot 6
[2022-12-12 12:58:10] [SEVERE ] removing player 2 token from slot 11
[2022-12-12 12:58:11] [SEVERE ] player 2 placing token on slot 8
[2022-12-12 12:58:11] [SEVERE ] player 2 placing token on slot 4
[2022-12-12 12:58:11] [SEVERE ] player 2 placing token on slot 7
[2022-12-12 12:58:11] [SEVERE ] removing player 2 token from slot 4
[2022-12-12 12:58:11] [SEVERE ] removing player 2 token from slot 7
[2022-12-12 12:58:11] [SEVERE ] removing player 2 token from slot 8
[2022-12-12 12:58:11] [SEVERE ] player 2 placing token on slot 11
[2022-12-12 12:58:11] [SEVERE ] player 2 placing token on slot 7
[2022-12-12 12:58:11] [SEVERE ] player 2 placing token on slot 0
[2022-12-12 12:58:11] [SEVERE ] removing player 2 token from slot 0
[2022-12-12 12:58:11] [SEVERE ] removing player 2 token from slot 7
[2022-12-12 12:58:11] [SEVERE ] removing player 2 token from slot 11
[2022-12-12 12:58:11] [SEVERE ] player 2 placing token on slot 3
[2022-12-12 12:58:11] [SEVERE ] player 2 placing token on slot 2
[2022-12-12 12:58:11] [SEVERE ] player 2 placing token on slot 10
[2022-12-12 12:58:11] [SEVERE ] removing player 2 token from slot 2
[2022-12-12 12:58:11] [SEVERE ] removing player 2 token from slot 3
[2022-12-12 12:58:11] [SEVERE ] removing player 2 token from slot 10
[2022-12-12 12:58:11] [SEVERE ] player 2 placing token on slot 3
[2022-12-12 12:58:11] [SEVERE ] player 2 placing token on slot 6
[2022-12-12 12:58:11] [SEVERE ] player 2 placing token on slot 4
[2022-12-12 12:58:11] [SEVERE ] removing player 2 token from slot 3
[2022-12-12 12:58:11] [SEVERE ] removing player 2 token from slot 4
[2022-12-12 12:58:11] [SEVERE ] removing player 2 token from slot 6
[2022-12-12 12:58:11] [SEVERE ] player 2 placing token on slot 0
[2022-12-12 12:58:11] [SEVERE ] player 2 placing token on slot 7
[2022-12-12 12:58:11] [SEVERE ] player 2 placing token on slot 11
[2022-12-12 12:58:11] [SEVERE ] removing player 2 token from slot 0
[2022-12-12 12:58:11] [SEVERE ] removing player 2 token from slot 7
[2022-12-12 12:58:11] [SEVERE ] removing player 2 token from slot 11
[2022-12-12 12:58:11] [SEVERE ] player 2 placing token on slot 8
[2022-12-12 12:58:11] [SEVERE ] player 2 placing token on slot 6
[2022-12-12 12:58:11] [SEVERE ] player 2 placing token on slot 2
[2022-12-12 12:58:11] [SEVERE ] removing player 2 token from slot 2
[2022-12-12 12:58:11] [SEVERE ] removing player 2 token from slot 6
[2022-12-12 12:58:11] [SEVERE ] removing player 2 token from slot 8
[2022-12-12 12:58:11] [SEVERE ] player 2 placing token on slot 2
[2022-12-12 12:58:11] [SEVERE ] player 2 placing token on slot 4
[2022-12-12 12:58:11] [SEVERE ] player 2 placing token on slot 0
[2022-12-12 12:58:11] [SEVERE ] removing player 2 token from slot 0
[2022-12-12 12:58:11] [SEVERE ] removing player 2 token from slot 2
[2022-12-12 12:58:11] [SEVERE ] removing player 2 token from slot 4
[2022-12-12 12:58:11] [SEVERE ] player 2 placing token on slot 2
[2022-12-12 12:58:11] [SEVERE ] player 2 placing token on slot 5
[2022-12-12 12:58:11] [SEVERE ] player 2 placing token on slot 11
[2022-12-12 12:58:11] [SEVERE ] removing player 2 token from slot 2
[2022-12-12 12:58:11] [SEVERE ] removing player 2 token from slot 5
[2022-12-12 12:58:11] [SEVERE ] removing player 2 token from slot 11
[2022-12-12 12:58:11] [SEVERE ] player 2 placing token on slot 11
[2022-12-12 12:58:11] [SEVERE ] player 2 placing token on slot 10
[2022-12-12 12:58:11] [SEVERE ] player 2 placing token on slot 7
[2022-12-12 12:58:11] [SEVERE ] removing player 2 token from slot 7
[2022-12-12 12:58:11] [SEVERE ] removing player 2 token from slot 10
[2022-12-12 12:58:11] [SEVERE ] removing player 2 token from slot 11
[2022-12-12 12:58:11] [SEVERE ] player 2 placing token on slot 4
[2022-12-12 12:58:11] [SEVERE ] player 2 placing token on slot 8
[2022-12-12 12:58:11] [SEVERE ] player 2 placing token on slot 10
[2022-12-12 12:58:11] [SEVERE ] removing player 2 token from slot 4
[2022-12-12 12:58:11] [SEVERE ] removing player 2 token from slot 8
[2022-12-12 12:58:11] [SEVERE ] removing player 2 token from slot 10
[2022-12-12 12:58:11] [SEVERE ] player 2 placing token on slot 5
[2022-12-12 12:58:12] [SEVERE ] player 2 placing token on slot 0
[2022-12-12 12:58:12] [SEVERE ] player 2 placing token on slot 10
[2022-12-12 12:58:12] [SEVERE ] removing player 2 token from slot 0
[2022-12-12 12:58:12] [SEVERE ] removing player 2 token from slot 5
[2022-12-12 12:58:12] [SEVERE ] removing player 2 token from slot 10
[2022-12-12 12:58:12] [SEVERE ] player 2 placing token on slot 2
[2022-12-12 12:58:12] [SEVERE ] player 2 placing token on slot 4
[2022-12-12 12:58:12] [SEVERE ] player 2 placing token on slot 11
[2022-12-12 12:58:12] [SEVERE ] removing player 2 token from slot 2
[2022-12-12 12:58:12] [SEVERE ] removing player 2 token from slot 4
[2022-12-12 12:58:12] [SEVERE ] removing player 2 token from slot 11
[2022-12-12 12:58:12] [SEVERE ] player 2 placing token on slot 2
[2022-12-12 12:58:12] [SEVERE ] player 2 placing token on slot 10
[2022-12-12 12:58:12] [SEVERE ] player 2 placing token on slot 5
[2022-12-12 12:58:12] [SEVERE ] removing player 2 token from slot 2
[2022-12-12 12:58:12] [SEVERE ] removing player 2 token from slot 5
[2022-12-12 12:58:12] [SEVERE ] removing player 2 token from slot 10
[2022-12-12 12:58:12] [SEVERE ] player 2 placing token on slot 3
[2022-12-12 12:58:12] [SEVERE ] player 2 placing token on slot 7
[2022-12-12 12:58:12] [SEVERE ] player 2 placing token on slot 11
[2022-12-12 12:58:12] [SEVERE ] removing player 2 token from slot 3
[2022-12-12 12:58:12] [SEVERE ] removing player 2 token from slot 7
[2022-12-12 12:58:12] [SEVERE ] removing player 2 token from slot 11
[2022-12-12 12:58:12] [SEVERE ] player 2 placing token on slot 0
[2022-12-12 12:58:12] [SEVERE ] player 2 placing token on slot 4
[2022-12-12 12:58:12] [SEVERE ] player 2 placing token on slot 9
[2022-12-12 12:58:12] [SEVERE ] removing player 2 token from slot 0
[2022-12-12 12:58:12] [SEVERE ] removing player 2 token from slot 4
[2022-12-12 12:58:12] [SEVERE ] removing player 2 token from slot 9
[2022-12-12 12:58:12] [SEVERE ] player 2 placing token on slot 7
[2022-12-12 12:58:12] [SEVERE ] player 2 placing token on slot 8
[2022-12-12 12:58:12] [SEVERE ] player 2 placing token on slot 6
[2022-12-12 12:58:12] [SEVERE ] removing player 2 token from slot 6
[2022-12-12 12:58:12] [SEVERE ] removing player 2 token from slot 7
[2022-12-12 12:58:12] [SEVERE ] removing player 2 token from slot 8
[2022-12-12 12:58:12] [SEVERE ] player 2 placing token on slot 1
[2022-12-12 12:58:12] [SEVERE ] player 2 placing token on slot 3
[2022-12-12 12:58:12] [SEVERE ] player 2 placing token on slot 0
[2022-12-12 12:58:12] [SEVERE ] removing player 2 token from slot 0
[2022-12-12 12:58:12] [SEVERE ] removing player 2 token from slot 1
[2022-12-12 12:58:12] [SEVERE ] removing player 2 token from slot 3
[2022-12-12 12:58:12] [SEVERE ] player 2 placing token on slot 9
[2022-12-12 12:58:12] [SEVERE ] player 2 placing token on slot 4
[2022-12-12 12:58:12] [SEVERE ] player 2 placing token on slot 2
[2022-12-12 12:58:12] [SEVERE ] removing player 2 token from slot 2
[2022-12-12 12:58:12] [SEVERE ] removing player 2 token from slot 4
[2022-12-12 12:58:12] [SEVERE ] removing player 2 token from slot 9
[2022-12-12 12:58:12] [SEVERE ] player 2 placing token on slot 11
[2022-12-12 12:58:12] [SEVERE ] player 2 placing token on slot 7
[2022-12-12 12:58:12] [SEVERE ] player 2 placing token on slot 0
[2022-12-12 12:58:12] [SEVERE ] removing player 2 token from slot 0
[2022-12-12 12:58:12] [SEVERE ] removing player 2 token from slot 7
[2022-12-12 12:58:12] [SEVERE ] removing player 2 token from slot 11
[2022-12-12 12:58:12] [SEVERE ] player 2 placing token on slot 3
[2022-12-12 12:58:12] [SEVERE ] player 2 placing token on slot 1
[2022-12-12 12:58:12] [SEVERE ] player 2 placing token on slot 4
[2022-12-12 12:58:12] [SEVERE ] removing player 2 token from slot 1
[2022-12-12 12:58:12] [SEVERE ] removing player 2 token from slot 3
[2022-12-12 12:58:12] [SEVERE ] removing player 2 token from slot 4
[2022-12-12 12:58:12] [SEVERE ] player 2 placing token on slot 10
[2022-12-12 12:58:12] [SEVERE ] player 2 placing token on slot 5
[2022-12-12 12:58:12] [SEVERE ] player 2 placing token on slot 11
[2022-12-12 12:58:12] [SEVERE ] removing player 2 token from slot 5
[2022-12-12 12:58:12] [SEVERE ] removing player 2 token from slot 10
[2022-12-12 12:58:12] [SEVERE ] removing player 2 token from slot 11
[2022-12-12 12:58:12] [SEVERE ] player 2 placing token on slot 8
[2022-12-12 12:58:13] [SEVERE ] player 2 placing token on slot 11
[2022-12-12 12:58:13] [SEVERE ] player 2 placing token on slot 6
[2022-12-12 12:58:13] [SEVERE ] removing player 2 token from slot 6
[2022-12-12 12:58:13] [SEVERE ] removing player 2 token from slot 8
[2022-12-12 12:58:13] [SEVERE ] removing player 2 token from slot 11
[2022-12-12 12:58:13] [SEVERE ] player 2 placing token on slot 11
[2022-12-12 12:58:13] [SEVERE ] player 2 placing token on slot 10
[2022-12-12 12:58:13] [SEVERE ] player 2 placing token on slot 0
[2022-12-12 12:58:13] [SEVERE ] removing player 2 token from slot 0
[2022-12-12 12:58:13] [SEVERE ] removing player 2 token from slot 10
[2022-12-12 12:58:13] [SEVERE ] removing player 2 token from slot 11
[2022-12-12 12:58:13] [SEVERE ] player 2 placing token on slot 6
[2022-12-12 12:58:13] [SEVERE ] player 2 placing token on slot 1
[2022-12-12 12:58:13] [SEVERE ] player 2 placing token on slot 0
[2022-12-12 12:58:13] [SEVERE ] removing player 2 token from slot 0
[2022-12-12 12:58:13] [SEVERE ] removing player 2 token from slot 1
[2022-12-12 12:58:13] [SEVERE ] removing player 2 token from slot 6
[2022-12-12 12:58:13] [SEVERE ] player 2 placing token on slot 10
[2022-12-12 12:58:13] [SEVERE ] player 2 placing token on slot 11
[2022-12-12 12:58:13] [SEVERE ] player 2 placing token on slot 6
[2022-12-12 12:58:13] [SEVERE ] removing player 2 token from slot 6
[2022-12-12 12:58:13] [SEVERE ] removing player 2 token from slot 10
[2022-12-12 12:58:13] [SEVERE ] removing player 2 token from slot 11
[2022-12-12 12:58:13] [SEVERE ] player 2 placing token on slot 6
[2022-12-12 12:58:13] [SEVERE ] player 2 placing token on slot 8
[2022-12-12 12:58:13] [SEVERE ] player 2 placing token on slot 11
[2022-12-12 12:58:13] [SEVERE ] removing player 2 token from slot 6
[2022-12-12 12:58:13] [SEVERE ] removing player 2 token from slot 8
[2022-12-12 12:58:13] [SEVERE ] removing player 2 token from slot 11
[2022-12-12 12:58:13] [SEVERE ] player 2 placing token on slot 4
[2022-12-12 12:58:13] [SEVERE ] player 2 placing token on slot 8
[2022-12-12 12:58:13] [SEVERE ] player 2 placing token on slot 10
[2022-12-12 12:58:13] [SEVERE ] removing player 2 token from slot 4
[2022-12-12 12:58:13] [SEVERE ] removing player 2 token from slot 8
[2022-12-12 12:58:13] [SEVERE ] removing player 2 token from slot 10
[2022-12-12 12:58:13] [SEVERE ] player 2 placing token on slot 3
[2022-12-12 12:58:13] [SEVERE ] player 2 placing token on slot 9
[2022-12-12 12:58:13] [SEVERE ] player 2 placing token on slot 4
[2022-12-12 12:58:13] [SEVERE ] removing player 2 token from slot 3
[2022-12-12 12:58:13] [SEVERE ] removing player 2 token from slot 4
[2022-12-12 12:58:13] [SEVERE ] removing player 2 token from slot 9
[2022-12-12 12:58:13] [SEVERE ] player 2 placing token on slot 0
[2022-12-12 12:58:13] [SEVERE ] player 2 placing token on slot 5
[2022-12-12 12:58:13] [SEVERE ] player 2 placing token on slot 4
[2022-12-12 12:58:13] [SEVERE ] removing player 2 token from slot 0
[2022-12-12 12:58:13] [SEVERE ] removing player 2 token from slot 4
[2022-12-12 12:58:13] [SEVERE ] removing player 2 token from slot 5
[2022-12-12 12:58:13] [SEVERE ] player 2 placing token on slot 10
[2022-12-12 12:58:13] [SEVERE ] player 2 placing token on slot 4
[2022-12-12 12:58:13] [SEVERE ] player 2 placing token on slot 6
[2022-12-12 12:58:13] [SEVERE ] removing player 2 token from slot 4
[2022-12-12 12:58:13] [SEVERE ] removing player 2 token from slot 6
[2022-12-12 12:58:13] [SEVERE ] removing player 2 token from slot 10
[2022-12-12 12:58:13] [SEVERE ] player 2 placing token on slot 3
[2022-12-12 12:58:13] [SEVERE ] player 2 placing token on slot 7
[2022-12-12 12:58:13] [SEVERE ] player 2 placing token on slot 10
[2022-12-12 12:58:13] [SEVERE ] removing player 2 token from slot 3
[2022-12-12 12:58:13] [SEVERE ] removing player 2 token from slot 7
[2022-12-12 12:58:13] [SEVERE ] removing player 2 token from slot 10
[2022-12-12 12:58:13] [SEVERE ] player 2 placing token on slot 11
[2022-12-12 12:58:13] [SEVERE ] player 2 placing token on slot 9
[2022-12-12 12:58:13] [SEVERE ] player 2 placing token on slot 4
[2022-12-12 12:58:13] [SEVERE ] removing player 2 token from slot 4
[2022-12-12 12:58:13] [SEVERE ] removing player 2 token from slot 9
[2022-12-12 12:58:13] [SEVERE ] removing player 2 token from slot 11
[2022-12-12 12:58:14] [SEVERE ] player 2 placing token on slot 0
[2022-12-12 12:58:14] [SEVERE ] player 2 placing token on slot 11
[2022-12-12 12:58:14] [SEVERE ] player 2 placing token on slot 9
[2022-12-12 12:58:14] [SEVERE ] removing player 2 token from slot 0
[2022-12-12 12:58:14] [SEVERE ] removing player 2 token from slot 9
[2022-12-12 12:58:14] [SEVERE ] removing player 2 token from slot 11
[2022-12-12 12:58:14] [SEVERE ] player 2 placing token on slot 9
[2022-12-12 12:58:14] [SEVERE ] player 2 placing token on slot 5
[2022-12-12 12:58:14] [SEVERE ] player 2 placing token on slot 8
[2022-12-12 12:58:14] [SEVERE ] removing player 2 token from slot 5
[2022-12-12 12:58:14] [SEVERE ] removing player 2 token from slot 8
[2022-12-12 12:58:14] [SEVERE ] removing player 2 token from slot 9
[2022-12-12 12:58:14] [SEVERE ] player 2 placing token on slot 7
[2022-12-12 12:58:14] [SEVERE ] player 2 placing token on slot 10
[2022-12-12 12:58:14] [SEVERE ] player 2 placing token on slot 1
[2022-12-12 12:58:14] [SEVERE ] removing player 2 token from slot 1
[2022-12-12 12:58:14] [SEVERE ] removing player 2 token from slot 7
[2022-12-12 12:58:14] [SEVERE ] removing player 2 token from slot 10
[2022-12-12 12:58:14] [SEVERE ] player 2 placing token on slot 10
[2022-12-12 12:58:14] [SEVERE ] player 2 placing token on slot 5
[2022-12-12 12:58:14] [SEVERE ] player 2 placing token on slot 0
[2022-12-12 12:58:14] [SEVERE ] removing player 2 token from slot 0
[2022-12-12 12:58:14] [SEVERE ] removing player 2 token from slot 5
[2022-12-12 12:58:14] [SEVERE ] removing player 2 token from slot 10
[2022-12-12 12:58:14] [SEVERE ] player 2 placing token on slot 11
[2022-12-12 12:58:14] [SEVERE ] player 2 placing token on slot 7
[2022-12-12 12:58:14] [SEVERE ] player 2 placing token on slot 6
[2022-12-12 12:58:14] [SEVERE ] removing player 2 token from slot 6
[2022-12-12 12:58:14] [SEVERE ] removing player 2 token from slot 7
[2022-12-12 12:58:14] [SEVERE ] removing player 2 token from slot 11
[2022-12-12 12:58:14] [SEVERE ] player 2 placing token on slot 3
[2022-12-12 12:58:14] [SEVERE ] player 2 placing token on slot 4
[2022-12-12 12:58:14] [SEVERE ] player 2 placing token on slot 8
[2022-12-12 12:58:14] [SEVERE ] removing player 2 token from slot 3
[2022-12-12 12:58:14] [SEVERE ] removing player 2 token from slot 4
[2022-12-12 12:58:14] [SEVERE ] removing player 2 token from slot 8
[2022-12-12 12:58:14] [SEVERE ] player 2 placing token on slot 7
[2022-12-12 12:58:14] [SEVERE ] player 2 placing token on slot 8
[2022-12-12 12:58:14] [SEVERE ] player 2 placing token on slot 0
[2022-12-12 12:58:14] [SEVERE ] removing player 2 token from slot 0
[2022-12-12 12:58:14] [SEVERE ] removing player 2 token from slot 7
[2022-12-12 12:58:14] [SEVERE ] removing player 2 token from slot 8
[2022-12-12 12:58:14] [SEVERE ] player 2 placing token on slot 8
[2022-12-12 12:58:14] [SEVERE ] player 2 placing token on slot 0
[2022-12-12 12:58:14] [SEVERE ] player 2 placing token on slot 9
[2022-12-12 12:58:14] [SEVERE ] removing player 2 token from slot 0
[2022-12-12 12:58:14] [SEVERE ] removing player 2 token from slot 8
[2022-12-12 12:58:14] [SEVERE ] removing player 2 token from slot 9
[2022-12-12 12:58:14] [SEVERE ] player 2 placing token on slot 4
[2022-12-12 12:58:14] [SEVERE ] player 2 placing token on slot 9
[2022-12-12 12:58:14] [SEVERE ] player 2 placing token on slot 6
[2022-12-12 12:58:14] [SEVERE ] removing player 2 token from slot 4
[2022-12-12 12:58:14] [SEVERE ] removing player 2 token from slot 6
[2022-12-12 12:58:14] [SEVERE ] removing player 2 token from slot 9
[2022-12-12 12:58:14] [SEVERE ] player 2 placing token on slot 9
[2022-12-12 12:58:14] [SEVERE ] player 2 placing token on slot 6
[2022-12-12 12:58:14] [SEVERE ] player 2 placing token on slot 2
[2022-12-12 12:58:14] [SEVERE ] removing player 2 token from slot 2
[2022-12-12 12:58:14] [SEVERE ] removing player 2 token from slot 6
[2022-12-12 12:58:14] [SEVERE ] removing player 2 token from slot 9
[2022-12-12 12:58:14] [SEVERE ] player 2 placing token on slot 9
[2022-12-12 12:58:15] [SEVERE ] player 2 placing token on slot 3
[2022-12-12 12:58:15] [SEVERE ] player 2 placing token on slot 7
[2022-12-12 12:58:15] [SEVERE ] removing player 2 token from slot 3
[2022-12-12 12:58:15] [SEVERE ] removing player 2 token from slot 7
[2022-12-12 12:58:15] [SEVERE ] removing player 2 token from slot 9
[2022-12-12 12:58:15] [SEVERE ] player 2 placing token on slot 4
[2022-12-12 12:58:15] [SEVERE ] player 2 placing token on slot 5
[2022-12-12 12:58:15] [SEVERE ] player 2 placing token on slot 1
[2022-12-12 12:58:15] [SEVERE ] removing player 2 token from slot 1
[2022-12-12 12:58:15] [SEVERE ] removing player 2 token from slot 4
[2022-12-12 12:58:15] [SEVERE ] removing player 2 token from slot 5
[2022-12-12 12:58:15] [SEVERE ] player 2 placing token on slot 2
[2022-12-12 12:58:15] [SEVERE ] player 2 placing token on slot 11
[2022-12-12 12:58:15] [SEVERE ] player 2 placing token on slot 6
[2022-12-12 12:58:15] [SEVERE ] removing player 2 token from slot 2
[2022-12-12 12:58:15] [SEVERE ] removing player 2 token from slot 6
[2022-12-12 12:58:15] [SEVERE ] removing player 2 token from slot 11
[2022-12-12 12:58:15] [SEVERE ] player 2 placing token on slot 8
[2022-12-12 12:58:15] [SEVERE ] player 2 placing token on slot 5
[2022-12-12 12:58:15] [SEVERE ] player 2 placing token on slot 10
[2022-12-12 12:58:15] [SEVERE ] removing player 2 token from slot 5
[2022-12-12 12:58:15] [SEVERE ] removing player 2 token from slot 8
[2022-12-12 12:58:15] [SEVERE ] removing player 2 token from slot 10
[2022-12-12 12:58:15] [SEVERE ] player 2 placing token on slot 2
[2022-12-12 12:58:15] [SEVERE ] player 2 placing token on slot 8
[2022-12-12 12:58:15] [SEVERE ] player 2 placing token on slot 4
[2022-12-12 12:58:15] [SEVERE ] removing player 2 token from slot 2
[2022-12-12 12:58:15] [SEVERE ] removing player 2 token from slot 4
[2022-12-12 12:58:15] [SEVERE ] removing player 2 token from slot 8
[2022-12-12 12:58:15] [SEVERE ] player 2 placing token on slot 9
[2022-12-12 12:58:15] [SEVERE ] player 2 placing token on slot 4
[2022-12-12 12:58:15] [SEVERE ] player 2 placing token on slot 7
[2022-12-12 12:58:15] [SEVERE ] removing player 2 token from slot 4
[2022-12-12 12:58:15] [SEVERE ] removing player 2 token from slot 7
[2022-12-12 12:58:15] [SEVERE ] removing player 2 token from slot 9
[2022-12-12 12:58:15] [SEVERE ] player 2 placing token on slot 8
[2022-12-12 12:58:15] [SEVERE ] player 2 placing token on slot 2
[2022-12-12 12:58:15] [SEVERE ] player 2 placing token on slot 10
[2022-12-12 12:58:15] [SEVERE ] removing player 2 token from slot 2
[2022-12-12 12:58:15] [SEVERE ] removing player 2 token from slot 8
[2022-12-12 12:58:15] [SEVERE ] removing player 2 token from slot 10
[2022-12-12 12:58:15] [SEVERE ] player 2 placing token on slot 9
[2022-12-12 12:58:15] [SEVERE ] player 2 placing token on slot 4
[2022-12-12 12:58:15] [SEVERE ] player 2 placing token on slot 1
[2022-12-12 12:58:15] [SEVERE ] removing player 2 token from slot 1
[2022-12-12 12:58:15] [SEVERE ] removing player 2 token from slot 4
[2022-12-12 12:58:15] [SEVERE ] removing player 2 token from slot 9
[2022-12-12 12:58:15] [SEVERE ] player 2 placing token on slot 9
[2022-12-12 12:58:15] [SEVERE ] player 2 placing token on slot 10
[2022-12-12 12:58:15] [SEVERE ] player 2 placing token on slot 0
[2022-12-12 12:58:15] [SEVERE ] removing player 2 token from slot 0
[2022-12-12 12:58:15] [SEVERE ] removing player 2 token from slot 9
[2022-12-12 12:58:15] [SEVERE ] removing player 2 token from slot 10
[2022-12-12 12:58:15] [SEVERE ] player 2 placing token on slot 4
[2022-12-12 12:58:15] [SEVERE ] player 2 placing token on slot 2
[2022-12-12 12:58:15] [SEVERE ] player 2 placing token on slot 0
[2022-12-12 12:58:15] [SEVERE ] removing player 2 token from slot 0
[2022-12-12 12:58:15] [SEVERE ] removing player 2 token from slot 2
[2022-12-12 12:58:15] [SEVERE ] removing player 2 token from slot 4
[2022-12-12 12:58:15] [SEVERE ] player 2 placing token on slot 5
[2022-12-12 12:58:15] [SEVERE ] player 2 placing token on slot 11
[2022-12-12 12:58:15] [SEVERE ] player 2 placing token on slot 8
[2022-12-12 12:58:15] [SEVERE ] removing player 2 token from slot 5
[2022-12-12 12:58:15] [SEVERE ] removing player 2 token from slot 8
[2022-12-12 12:58:15] [SEVERE ] removing player 2 token from slot 11
[2022-12-12 12:58:15] [SEVERE ] player 2 placing token on slot 8
[2022-12-12 12:58:16] [SEVERE ] player 2 placing token on slot 0
[2022-12-12 12:58:16] [SEVERE ] player 2 placing token on slot 4
[2022-12-12 12:58:16] [SEVERE ] setting player 2 score to 1
[2022-12-12 12:58:16] [SEVERE ] player 2 placing token on slot 10
[2022-12-12 12:58:16] [SEVERE ] player 2 placing token on slot 11
[2022-12-12 12:58:16] [SEVERE ] player 2 placing token on slot 1
[2022-12-12 12:58:16] [SEVERE ] removing tokens from slot 0
[2022-12-12 12:58:16] [SEVERE ] removing card from slot 0
[2022-12-12 12:58:16] [SEVERE ] removing tokens from slot 4
[2022-12-12 12:58:16] [SEVERE ] removing card from slot 4
[2022-12-12 12:58:16] [SEVERE ] removing tokens from slot 8
[2022-12-12 12:58:16] [SEVERE ] removing card from slot 8
[2022-12-12 12:58:16] [SEVERE ] placing card 39 in slot 0
[2022-12-12 12:58:16] [SEVERE ] placing card 46 in slot 4
[2022-12-12 12:58:16] [SEVERE ] placing card 11 in slot 8
[2022-12-12 12:58:16] [SEVERE ] removing player 2 token from slot 1
[2022-12-12 12:58:16] [SEVERE ] removing player 2 token from slot 10
[2022-12-12 12:58:16] [SEVERE ] removing player 2 token from slot 11
[2022-12-12 12:58:16] [SEVERE ] player 2 placing token on slot 3
[2022-12-12 12:58:16] [SEVERE ] player 2 placing token on slot 11
[2022-12-12 12:58:16] [SEVERE ] player 2 placing token on slot 8
[2022-12-12 12:58:16] [SEVERE ] removing player 2 token from slot 3
[2022-12-12 12:58:16] [SEVERE ] removing player 2 token from slot 8
[2022-12-12 12:58:16] [SEVERE ] removing player 2 token from slot 11
[2022-12-12 12:58:16] [SEVERE ] player 2 placing token on slot 5
[2022-12-12 12:58:16] [SEVERE ] player 2 placing token on slot 8
[2022-12-12 12:58:16] [SEVERE ] player 2 placing token on slot 6
[2022-12-12 12:58:16] [SEVERE ] removing player 2 token from slot 5
[2022-12-12 12:58:16] [SEVERE ] removing player 2 token from slot 6
[2022-12-12 12:58:16] [SEVERE ] removing player 2 token from slot 8
[2022-12-12 12:58:16] [SEVERE ] player 2 placing token on slot 10
[2022-12-12 12:58:16] [SEVERE ] player 2 placing token on slot 6
[2022-12-12 12:58:16] [SEVERE ] player 2 placing token on slot 9
[2022-12-12 12:58:16] [SEVERE ] removing player 2 token from slot 6
[2022-12-12 12:58:16] [SEVERE ] removing player 2 token from slot 9
[2022-12-12 12:58:16] [SEVERE ] removing player 2 token from slot 10
[2022-12-12 12:58:16] [SEVERE ] player 2 placing token on slot 10
[2022-12-12 12:58:16] [SEVERE ] player 2 placing token on slot 3
[2022-12-12 12:58:17] [SEVERE ] player 2 placing token on slot 6
[2022-12-12 12:58:17] [SEVERE ] removing player 2 token from slot 3
[2022-12-12 12:58:17] [SEVERE ] removing player 2 token from slot 6
[2022-12-12 12:58:17] [SEVERE ] removing player 2 token from slot 10
[2022-12-12 12:58:17] [SEVERE ] player 2 placing token on slot 0
[2022-12-12 12:58:17] [SEVERE ] player 2 placing token on slot 8
[2022-12-12 12:58:17] [SEVERE ] player 2 placing token on slot 7
[2022-12-12 12:58:17] [SEVERE ] removing player 2 token from slot 0
[2022-12-12 12:58:17] [SEVERE ] removing player 2 token from slot 7
[2022-12-12 12:58:17] [SEVERE ] removing player 2 token from slot 8
[2022-12-12 12:58:17] [SEVERE ] player 2 placing token on slot 1
[2022-12-12 12:58:17] [SEVERE ] player 2 placing token on slot 7
[2022-12-12 12:58:17] [SEVERE ] player 2 placing token on slot 2
[2022-12-12 12:58:17] [SEVERE ] removing player 2 token from slot 1
[2022-12-12 12:58:17] [SEVERE ] removing player 2 token from slot 2
[2022-12-12 12:58:17] [SEVERE ] removing player 2 token from slot 7
[2022-12-12 12:58:17] [SEVERE ] player 2 placing token on slot 1
[2022-12-12 12:58:17] [SEVERE ] player 2 placing token on slot 11
[2022-12-12 12:58:17] [SEVERE ] player 2 placing token on slot 8
[2022-12-12 12:58:17] [SEVERE ] removing player 2 token from slot 1
[2022-12-12 12:58:17] [SEVERE ] removing player 2 token from slot 8
[2022-12-12 12:58:17] [SEVERE ] removing player 2 token from slot 11
[2022-12-12 12:58:17] [SEVERE ] player 2 placing token on slot 11
[2022-12-12 12:58:17] [SEVERE ] player 2 placing token on slot 6
[2022-12-12 12:58:17] [SEVERE ] player 2 placing token on slot 2
[2022-12-12 12:58:17] [SEVERE ] removing player 2 token from slot 2
[2022-12-12 12:58:17] [SEVERE ] removing player 2 token from slot 6
[2022-12-12 12:58:17] [SEVERE ] removing player 2 token from slot 11
[2022-12-12 12:58:17] [SEVERE ] player 2 placing token on slot 7
[2022-12-12 12:58:17] [SEVERE ] player 2 placing token on slot 2
[2022-12-12 12:58:17] [SEVERE ] player 2 placing token on slot 0
[2022-12-12 12:58:17] [SEVERE ] removing player 2 token from slot 0
[2022-12-12 12:58:17] [SEVERE ] removing player 2 token from slot 2
[2022-12-12 12:58:17] [SEVERE ] removing player 2 token from slot 7
[2022-12-12 12:58:17] [SEVERE ] player 2 placing token on slot 3
[2022-12-12 12:58:17] [SEVERE ] player 2 placing token on slot 7
[2022-12-12 12:58:17] [SEVERE ] player 2 placing token on slot 10
[2022-12-12 12:58:17] [SEVERE ] removing player 2 token from slot 3
[2022-12-12 12:58:17] [SEVERE ] removing player 2 token from slot 7
[2022-12-12 12:58:17] [SEVERE ] removing player 2 token from slot 10
[2022-12-12 12:58:17] [SEVERE ] player 2 placing token on slot 7
[2022-12-12 12:58:17] [SEVERE ] player 2 placing token on slot 2
[2022-12-12 12:58:17] [SEVERE ] player 2 placing token on slot 3
[2022-12-12 12:58:17] [SEVERE ] removing player 2 token from slot 2
[2022-12-12 12:58:17] [SEVERE ] removing player 2 token from slot 3
[2022-12-12 12:58:17] [SEVERE ] removing player 2 token from slot 7
[2022-12-12 12:58:17] [SEVERE ] player 2 placing token on slot 9
[2022-12-12 12:58:17] [SEVERE ] player 2 placing token on slot 4
[2022-12-12 12:58:17] [SEVERE ] player 2 placing token on slot 3
[2022-12-12 12:58:17] [SEVERE ] removing player 2 token from slot 3
[2022-12-12 12:58:17] [SEVERE ] removing player 2 token from slot 4
[2022-12-12 12:58:17] [SEVERE ] removing player 2 token from slot 9
[2022-12-12 12:58:17] [SEVERE ] player 2 placing token on slot 8
[2022-12-12 12:58:17] [SEVERE ] player 2 placing token on slot 5
[2022-12-12 12:58:17] [SEVERE ] player 2 placing token on slot 3
[2022-12-12 12:58:17] [SEVERE ] removing player 2 token from slot 3
[2022-12-12 12:58:17] [SEVERE ] removing player 2 token from slot 5
[2022-12-12 12:58:17] [SEVERE ] removing player 2 token from slot 8
[2022-12-12 12:58:17] [SEVERE ] player 2 placing token on slot 11
[2022-12-12 12:58:17] [SEVERE ] player 2 placing token on slot 7
[2022-12-12 12:58:17] [SEVERE ] player 2 placing token on slot 3
[2022-12-12 12:58:17] [SEVERE ] removing player 2 token from slot 3
[2022-12-12 12:58:17] [SEVERE ] removing player 2 token from slot 7
[2022-12-12 12:58:17] [SEVERE ] removing player 2 token from slot 11
[2022-12-12 12:58:17] [SEVERE ] player 2 placing token on slot 4
[2022-12-12 12:58:18] [SEVERE ] player 2 placing token on slot 0
[2022-12-12 12:58:18] [SEVERE ] player 2 placing token on slot 7
[2022-12-12 12:58:18] [SEVERE ] removing player 2 token from slot 0
[2022-12-12 12:58:18] [SEVERE ] removing player 2 token from slot 4
[2022-12-12 12:58:18] [SEVERE ] removing player 2 token from slot 7
[2022-12-12 12:58:18] [SEVERE ] player 2 placing token on slot 9
[2022-12-12 12:58:18] [SEVERE ] player 2 placing token on slot 0
[2022-12-12 12:58:18] [SEVERE ] player 2 placing token on slot 3
[2022-12-12 12:58:18] [SEVERE ] removing player 2 token from slot 0
[2022-12-12 12:58:18] [SEVERE ] removing player 2 token from slot 3
[2022-12-12 12:58:18] [SEVERE ] removing player 2 token from slot 9
[2022-12-12 12:58:18] [SEVERE ] player 2 placing token on slot 9
[2022-12-12 12:58:18] [SEVERE ] player 2 placing token on slot 1
[2022-12-12 12:58:18] [SEVERE ] player 2 placing token on slot 8
[2022-12-12 12:58:18] [SEVERE ] removing player 2 token from slot 1
[2022-12-12 12:58:18] [SEVERE ] removing player 2 token from slot 8
[2022-12-12 12:58:18] [SEVERE ] removing player 2 token from slot 9
[2022-12-12 12:58:18] [SEVERE ] player 2 placing token on slot 10
[2022-12-12 12:58:18] [SEVERE ] player 2 placing token on slot 11
[2022-12-12 12:58:18] [SEVERE ] player 2 placing token on slot 1
[2022-12-12 12:58:18] [SEVERE ] removing player 2 token from slot 1
[2022-12-12 12:58:18] [SEVERE ] removing player 2 token from slot 10
[2022-12-12 12:58:18] [SEVERE ] removing player 2 token from slot 11
[2022-12-12 12:58:18] [SEVERE ] player 2 placing token on slot 10
[2022-12-12 12:58:18] [SEVERE ] player 2 placing token on slot 7
[2022-12-12 12:58:18] [SEVERE ] player 2 placing token on slot 1
[2022-12-12 12:58:18] [SEVERE ] removing player 2 token from slot 1
[2022-12-12 12:58:18] [SEVERE ] removing player 2 token from slot 7
[2022-12-12 12:58:18] [SEVERE ] removing player 2 token from slot 10
[2022-12-12 12:58:18] [SEVERE ] player 2 placing token on slot 4
[2022-12-12 12:58:18] [SEVERE ] player 2 placing token on slot 9
[2022-12-12 12:58:18] [SEVERE ] player 2 placing token on slot 11
[2022-12-12 12:58:18] [SEVERE ] setting player 2 score to 2
[2022-12-12 12:58:18] [SEVERE ] player 2 placing token on slot 7
[2022-12-12 12:58:18] [SEVERE ] player 2 placing token on slot 2
[2022-12-12 12:58:18] [SEVERE ] removing tokens from slot 4
[2022-12-12 12:58:18] [SEVERE ] removing card from slot 4
[2022-12-12 12:58:18] [SEVERE ] player 2 placing token on slot 9
[2022-12-12 12:58:18] [SEVERE ] removing tokens from slot 9
[2022-12-12 12:58:18] [SEVERE ] removing card from slot 9
[2022-12-12 12:58:18] [SEVERE ] removing tokens from slot 11
[2022-12-12 12:58:18] [SEVERE ] removing card from slot 11
[2022-12-12 12:58:18] [SEVERE ] placing card 12 in slot 4
[2022-12-12 12:58:19] [SEVERE ] placing card 38 in slot 9
[2022-12-12 12:58:19] [SEVERE ] placing card 70 in slot 11
