[2022-12-12 19:03:14] [INFO   ] cannot read configuration file config.properties trying from resources.
[2022-12-12 19:03:14] [INFO   ] configuration file was loaded from resources directory.
[2022-12-12 19:03:15] [INFO   ] Thread dealer starting.
[2022-12-12 19:03:15] [INFO   ] Thread Thread-1starting.
[2022-12-12 19:03:15] [INFO   ] Thread Thread-0starting.
[2022-12-12 19:03:15] [SEVERE ] placing card 42 in slot 0
[2022-12-12 19:03:15] [SEVERE ] placing card 26 in slot 1
[2022-12-12 19:03:15] [SEVERE ] placing card 58 in slot 2
[2022-12-12 19:03:15] [SEVERE ] placing card 18 in slot 3
[2022-12-12 19:03:15] [SEVERE ] placing card 15 in slot 4
[2022-12-12 19:03:15] [SEVERE ] placing card 59 in slot 5
[2022-12-12 19:03:16] [SEVERE ] placing card 22 in slot 6
[2022-12-12 19:03:16] [SEVERE ] placing card 41 in slot 7
[2022-12-12 19:03:16] [SEVERE ] placing card 64 in slot 8
[2022-12-12 19:03:16] [SEVERE ] placing card 31 in slot 9
[2022-12-12 19:03:16] [SEVERE ] placing card 74 in slot 10
[2022-12-12 19:03:16] [SEVERE ] placing card 12 in slot 11
[2022-12-12 19:03:17] [SEVERE ] Key 81 was pressed by player 0
[2022-12-12 19:03:17] [SEVERE ] player 0 placing token on slot 0
[2022-12-12 19:03:18] [SEVERE ] Key 87 was pressed by player 0
[2022-12-12 19:03:18] [SEVERE ] player 0 placing token on slot 1
[2022-12-12 19:03:19] [SEVERE ] Key 69 was pressed by player 0
[2022-12-12 19:03:19] [SEVERE ] player 0 placing token on slot 2
[2022-12-12 19:04:15] [SEVERE ] Key 69 was pressed by player 0
[2022-12-12 19:04:16] [SEVERE ] removing tokens from slot 0
[2022-12-12 19:04:16] [SEVERE ] removing card from slot 0
[2022-12-12 19:04:16] [SEVERE ] removing tokens from slot 1
[2022-12-12 19:04:16] [SEVERE ] removing card from slot 1
[2022-12-12 19:04:16] [SEVERE ] removing tokens from slot 2
[2022-12-12 19:04:16] [SEVERE ] removing card from slot 2
[2022-12-12 19:04:17] [SEVERE ] removing tokens from slot 3
[2022-12-12 19:04:17] [SEVERE ] removing card from slot 3
[2022-12-12 19:04:17] [SEVERE ] removing tokens from slot 4
[2022-12-12 19:04:17] [SEVERE ] removing card from slot 4
[2022-12-12 19:04:17] [SEVERE ] removing tokens from slot 5
[2022-12-12 19:04:17] [SEVERE ] removing card from slot 5
[2022-12-12 19:04:17] [SEVERE ] removing tokens from slot 6
[2022-12-12 19:04:17] [SEVERE ] removing card from slot 6
[2022-12-12 19:04:17] [SEVERE ] removing tokens from slot 7
[2022-12-12 19:04:17] [SEVERE ] removing card from slot 7
[2022-12-12 19:04:17] [SEVERE ] removing tokens from slot 8
[2022-12-12 19:04:17] [SEVERE ] removing card from slot 8
[2022-12-12 19:04:17] [SEVERE ] removing tokens from slot 9
[2022-12-12 19:04:17] [SEVERE ] removing card from slot 9
[2022-12-12 19:04:17] [SEVERE ] removing tokens from slot 10
[2022-12-12 19:04:17] [SEVERE ] removing card from slot 10
[2022-12-12 19:04:17] [SEVERE ] removing tokens from slot 11
[2022-12-12 19:04:17] [SEVERE ] removing card from slot 11
[2022-12-12 19:04:18] [SEVERE ] placing card 65 in slot 0
[2022-12-12 19:04:18] [SEVERE ] placing card 73 in slot 1
[2022-12-12 19:04:18] [SEVERE ] placing card 47 in slot 2
[2022-12-12 19:04:18] [SEVERE ] placing card 60 in slot 3
[2022-12-12 19:04:18] [SEVERE ] placing card 49 in slot 4
[2022-12-12 19:04:18] [SEVERE ] placing card 45 in slot 5
[2022-12-12 19:04:18] [SEVERE ] placing card 29 in slot 6
[2022-12-12 19:04:18] [SEVERE ] placing card 78 in slot 7
[2022-12-12 19:04:18] [SEVERE ] placing card 50 in slot 8
[2022-12-12 19:04:19] [SEVERE ] placing card 72 in slot 9
[2022-12-12 19:04:19] [SEVERE ] placing card 80 in slot 10
[2022-12-12 19:04:19] [SEVERE ] placing card 53 in slot 11
