[2022-12-12 21:16:01] [INFO   ] cannot read configuration file config.properties trying from resources.
[2022-12-12 21:16:01] [INFO   ] configuration file was loaded from resources directory.
[2022-12-12 21:16:01] [INFO   ] Thread Thread-0starting.
[2022-12-12 21:16:01] [INFO   ] Thread Thread-2starting.
[2022-12-12 21:16:01] [INFO   ] Thread Thread-1starting.
[2022-12-12 21:16:01] [INFO   ] Thread dealer starting.
[2022-12-12 21:16:01] [INFO   ] Thread computer-2 starting.
[2022-12-12 21:16:01] [SEVERE ] placing card 70 in slot 0
[2022-12-12 21:16:01] [SEVERE ] placing card 78 in slot 1
[2022-12-12 21:16:02] [SEVERE ] placing card 28 in slot 2
[2022-12-12 21:16:02] [SEVERE ] placing card 31 in slot 3
[2022-12-12 21:16:02] [SEVERE ] placing card 77 in slot 4
[2022-12-12 21:16:02] [SEVERE ] placing card 1 in slot 5
[2022-12-12 21:16:02] [SEVERE ] placing card 38 in slot 6
[2022-12-12 21:16:02] [SEVERE ] placing card 60 in slot 7
[2022-12-12 21:16:02] [SEVERE ] placing card 5 in slot 8
[2022-12-12 21:16:02] [SEVERE ] placing card 46 in slot 9
[2022-12-12 21:16:02] [SEVERE ] placing card 22 in slot 10
[2022-12-12 21:16:03] [SEVERE ] placing card 10 in slot 11
[2022-12-12 21:16:03] [SEVERE ] player 2 placing token on slot 2
[2022-12-12 21:16:03] [SEVERE ] player 2 placing token on slot 0
[2022-12-12 21:16:03] [SEVERE ] player 2 placing token on slot 10
[2022-12-12 21:16:03] [SEVERE ] removing tokens from slot 0
[2022-12-12 21:16:03] [SEVERE ] removing card from slot 0
[2022-12-12 21:16:03] [SEVERE ] removing tokens from slot 2
[2022-12-12 21:16:03] [SEVERE ] removing card from slot 2
[2022-12-12 21:16:03] [SEVERE ] removing tokens from slot 10
[2022-12-12 21:16:03] [SEVERE ] removing card from slot 10
[2022-12-12 21:16:03] [SEVERE ] setting player 2 score to 1
[2022-12-12 21:16:03] [SEVERE ] player 2 placing token on slot 5
[2022-12-12 21:16:03] [SEVERE ] player 2 placing token on slot 4
[2022-12-12 21:16:03] [SEVERE ] player 2 placing token on slot 9
[2022-12-12 21:16:03] [SEVERE ] placing card 0 in slot 0
[2022-12-12 21:16:03] [SEVERE ] placing card 52 in slot 2
[2022-12-12 21:16:03] [SEVERE ] placing card 47 in slot 10
