[2022-12-13 00:05:08] [INFO   ] cannot read configuration file config.properties trying from resources.
[2022-12-13 00:05:08] [INFO   ] configuration file was loaded from resources directory.
[2022-12-13 00:05:08] [INFO   ] Thread Thread-0starting.
[2022-12-13 00:05:08] [INFO   ] Thread Thread-3starting.
[2022-12-13 00:05:08] [INFO   ] Thread dealer starting.
[2022-12-13 00:05:08] [INFO   ] Thread Thread-2starting.
[2022-12-13 00:05:08] [INFO   ] Thread Thread-1starting.
[2022-12-13 00:05:08] [INFO   ] Thread computer-3 starting.
[2022-12-13 00:05:08] [INFO   ] Thread computer-2 starting.
[2022-12-13 00:05:08] [SEVERE ] placing card 20 in slot 0
[2022-12-13 00:05:08] [SEVERE ] placing card 28 in slot 1
[2022-12-13 00:05:09] [SEVERE ] placing card 50 in slot 2
[2022-12-13 00:05:09] [SEVERE ] placing card 22 in slot 3
[2022-12-13 00:05:09] [SEVERE ] placing card 0 in slot 4
[2022-12-13 00:05:09] [SEVERE ] placing card 25 in slot 5
[2022-12-13 00:05:09] [SEVERE ] placing card 14 in slot 6
[2022-12-13 00:05:09] [SEVERE ] placing card 11 in slot 7
[2022-12-13 00:05:09] [SEVERE ] placing card 38 in slot 8
[2022-12-13 00:05:09] [SEVERE ] placing card 74 in slot 9
[2022-12-13 00:05:09] [SEVERE ] placing card 60 in slot 10
[2022-12-13 00:05:10] [SEVERE ] placing card 33 in slot 11
[2022-12-13 00:05:10] [SEVERE ] player 3 placing token on slot 0
[2022-12-13 00:05:10] [SEVERE ] player 2 placing token on slot 0
[2022-12-13 00:05:10] [SEVERE ] player 3 placing token on slot 3
[2022-12-13 00:05:10] [SEVERE ] player 2 placing token on slot 2
[2022-12-13 00:05:10] [SEVERE ] player 3 placing token on slot 8
[2022-12-13 00:05:10] [SEVERE ] removing player 3 token from slot 0
[2022-12-13 00:05:10] [SEVERE ] removing player 3 token from slot 3
[2022-12-13 00:05:10] [SEVERE ] removing player 3 token from slot 8
[2022-12-13 00:05:10] [SEVERE ] player 3 placing token on slot 1
[2022-12-13 00:05:10] [SEVERE ] player 2 placing token on slot 11
[2022-12-13 00:05:10] [SEVERE ] removing player 2 token from slot 0
[2022-12-13 00:05:10] [SEVERE ] removing player 2 token from slot 2
[2022-12-13 00:05:10] [SEVERE ] removing player 2 token from slot 11
[2022-12-13 00:05:10] [SEVERE ] player 3 placing token on slot 5
[2022-12-13 00:05:10] [SEVERE ] player 2 placing token on slot 7
[2022-12-13 00:05:10] [SEVERE ] player 3 placing token on slot 2
[2022-12-13 00:05:10] [SEVERE ] removing player 3 token from slot 1
[2022-12-13 00:05:10] [SEVERE ] removing player 3 token from slot 2
[2022-12-13 00:05:10] [SEVERE ] removing player 3 token from slot 5
[2022-12-13 00:05:10] [SEVERE ] player 3 placing token on slot 1
[2022-12-13 00:05:10] [SEVERE ] player 2 placing token on slot 11
[2022-12-13 00:05:10] [SEVERE ] player 3 placing token on slot 0
[2022-12-13 00:05:10] [SEVERE ] player 2 placing token on slot 9
[2022-12-13 00:05:10] [SEVERE ] removing player 2 token from slot 7
[2022-12-13 00:05:10] [SEVERE ] removing player 2 token from slot 9
[2022-12-13 00:05:10] [SEVERE ] removing player 2 token from slot 11
[2022-12-13 00:05:10] [SEVERE ] player 3 placing token on slot 4
[2022-12-13 00:05:10] [SEVERE ] removing player 3 token from slot 0
[2022-12-13 00:05:10] [SEVERE ] removing player 3 token from slot 1
[2022-12-13 00:05:10] [SEVERE ] removing player 3 token from slot 4
[2022-12-13 00:05:10] [SEVERE ] player 3 placing token on slot 7
[2022-12-13 00:05:10] [SEVERE ] player 2 placing token on slot 9
[2022-12-13 00:05:10] [SEVERE ] player 3 placing token on slot 1
[2022-12-13 00:05:10] [SEVERE ] player 2 placing token on slot 10
[2022-12-13 00:05:10] [SEVERE ] player 3 placing token on slot 5
[2022-12-13 00:05:10] [SEVERE ] removing player 3 token from slot 1
[2022-12-13 00:05:10] [SEVERE ] removing player 3 token from slot 5
[2022-12-13 00:05:10] [SEVERE ] removing player 3 token from slot 7
[2022-12-13 00:05:10] [SEVERE ] player 2 placing token on slot 4
[2022-12-13 00:05:10] [SEVERE ] removing player 2 token from slot 4
[2022-12-13 00:05:10] [SEVERE ] removing player 2 token from slot 9
[2022-12-13 00:05:10] [SEVERE ] removing player 2 token from slot 10
[2022-12-13 00:05:10] [SEVERE ] player 3 placing token on slot 8
[2022-12-13 00:05:10] [SEVERE ] player 2 placing token on slot 5
[2022-12-13 00:05:10] [SEVERE ] player 2 placing token on slot 9
[2022-12-13 00:05:10] [SEVERE ] player 3 placing token on slot 10
[2022-12-13 00:05:10] [SEVERE ] player 3 placing token on slot 9
[2022-12-13 00:05:10] [SEVERE ] removing player 3 token from slot 8
[2022-12-13 00:05:10] [SEVERE ] removing player 3 token from slot 9
[2022-12-13 00:05:10] [SEVERE ] removing player 3 token from slot 10
[2022-12-13 00:05:10] [SEVERE ] player 2 placing token on slot 11
[2022-12-13 00:05:10] [SEVERE ] removing player 2 token from slot 5
[2022-12-13 00:05:10] [SEVERE ] removing player 2 token from slot 9
[2022-12-13 00:05:10] [SEVERE ] removing player 2 token from slot 11
[2022-12-13 00:05:10] [SEVERE ] player 2 placing token on slot 9
[2022-12-13 00:05:10] [SEVERE ] player 3 placing token on slot 7
[2022-12-13 00:05:10] [SEVERE ] player 2 placing token on slot 4
[2022-12-13 00:05:10] [SEVERE ] player 2 placing token on slot 8
[2022-12-13 00:05:10] [SEVERE ] player 3 placing token on slot 8
[2022-12-13 00:05:10] [SEVERE ] removing player 2 token from slot 4
[2022-12-13 00:05:10] [SEVERE ] removing player 2 token from slot 8
[2022-12-13 00:05:10] [SEVERE ] removing player 2 token from slot 9
[2022-12-13 00:05:10] [SEVERE ] player 3 placing token on slot 3
[2022-12-13 00:05:10] [SEVERE ] removing player 3 token from slot 3
[2022-12-13 00:05:10] [SEVERE ] player 2 placing token on slot 10
[2022-12-13 00:05:10] [SEVERE ] removing player 3 token from slot 7
[2022-12-13 00:05:10] [SEVERE ] removing player 3 token from slot 8
[2022-12-13 00:05:10] [SEVERE ] player 3 placing token on slot 0
[2022-12-13 00:05:10] [SEVERE ] player 3 placing token on slot 6
[2022-12-13 00:05:10] [SEVERE ] player 2 placing token on slot 5
[2022-12-13 00:05:10] [SEVERE ] player 3 placing token on slot 9
[2022-12-13 00:05:10] [SEVERE ] removing player 3 token from slot 0
[2022-12-13 00:05:10] [SEVERE ] removing player 3 token from slot 6
[2022-12-13 00:05:10] [SEVERE ] removing player 3 token from slot 9
[2022-12-13 00:05:10] [SEVERE ] player 3 placing token on slot 1
[2022-12-13 00:05:10] [SEVERE ] player 2 placing token on slot 7
[2022-12-13 00:05:10] [SEVERE ] removing player 2 token from slot 5
[2022-12-13 00:05:10] [SEVERE ] removing player 2 token from slot 7
[2022-12-13 00:05:10] [SEVERE ] removing player 2 token from slot 10
[2022-12-13 00:05:10] [SEVERE ] player 2 placing token on slot 4
[2022-12-13 00:05:10] [SEVERE ] player 3 placing token on slot 2
[2022-12-13 00:05:10] [SEVERE ] player 2 placing token on slot 11
[2022-12-13 00:05:10] [SEVERE ] player 3 placing token on slot 6
[2022-12-13 00:05:10] [SEVERE ] removing player 3 token from slot 1
[2022-12-13 00:05:10] [SEVERE ] removing player 3 token from slot 2
[2022-12-13 00:05:10] [SEVERE ] removing player 3 token from slot 6
[2022-12-13 00:05:10] [SEVERE ] player 2 placing token on slot 7
[2022-12-13 00:05:10] [SEVERE ] removing player 2 token from slot 4
[2022-12-13 00:05:10] [SEVERE ] removing player 2 token from slot 7
[2022-12-13 00:05:10] [SEVERE ] removing player 2 token from slot 11
[2022-12-13 00:05:10] [SEVERE ] player 2 placing token on slot 10
[2022-12-13 00:05:10] [SEVERE ] player 3 placing token on slot 9
[2022-12-13 00:05:10] [SEVERE ] player 2 placing token on slot 5
[2022-12-13 00:05:10] [SEVERE ] player 3 placing token on slot 4
[2022-12-13 00:05:10] [SEVERE ] player 2 placing token on slot 11
[2022-12-13 00:05:10] [SEVERE ] removing player 2 token from slot 5
[2022-12-13 00:05:10] [SEVERE ] removing player 2 token from slot 10
[2022-12-13 00:05:10] [SEVERE ] removing player 2 token from slot 11
[2022-12-13 00:05:10] [SEVERE ] player 3 placing token on slot 5
[2022-12-13 00:05:10] [SEVERE ] removing player 3 token from slot 4
[2022-12-13 00:05:10] [SEVERE ] removing player 3 token from slot 5
[2022-12-13 00:05:10] [SEVERE ] removing player 3 token from slot 9
[2022-12-13 00:05:10] [SEVERE ] player 2 placing token on slot 7
[2022-12-13 00:05:10] [SEVERE ] player 2 placing token on slot 8
[2022-12-13 00:05:10] [SEVERE ] player 3 placing token on slot 4
[2022-12-13 00:05:10] [SEVERE ] player 2 placing token on slot 4
[2022-12-13 00:05:10] [SEVERE ] removing player 2 token from slot 4
[2022-12-13 00:05:10] [SEVERE ] removing player 2 token from slot 7
[2022-12-13 00:05:10] [SEVERE ] removing player 2 token from slot 8
[2022-12-13 00:05:10] [SEVERE ] player 3 placing token on slot 0
[2022-12-13 00:05:10] [SEVERE ] player 2 placing token on slot 10
[2022-12-13 00:05:10] [SEVERE ] player 3 placing token on slot 7
[2022-12-13 00:05:10] [SEVERE ] removing player 3 token from slot 0
[2022-12-13 00:05:10] [SEVERE ] removing player 3 token from slot 4
[2022-12-13 00:05:10] [SEVERE ] removing player 3 token from slot 7
[2022-12-13 00:05:10] [SEVERE ] player 2 placing token on slot 3
[2022-12-13 00:05:10] [SEVERE ] player 3 placing token on slot 2
[2022-12-13 00:05:10] [SEVERE ] player 3 placing token on slot 6
[2022-12-13 00:05:10] [SEVERE ] player 2 placing token on slot 7
[2022-12-13 00:05:10] [SEVERE ] removing player 2 token from slot 3
[2022-12-13 00:05:10] [SEVERE ] removing player 2 token from slot 7
[2022-12-13 00:05:10] [SEVERE ] removing player 2 token from slot 10
[2022-12-13 00:05:10] [SEVERE ] player 2 placing token on slot 7
[2022-12-13 00:05:10] [SEVERE ] player 3 placing token on slot 3
[2022-12-13 00:05:10] [SEVERE ] removing player 3 token from slot 2
[2022-12-13 00:05:10] [SEVERE ] removing player 3 token from slot 3
[2022-12-13 00:05:10] [SEVERE ] removing player 3 token from slot 6
[2022-12-13 00:05:10] [SEVERE ] player 2 placing token on slot 5
[2022-12-13 00:05:10] [SEVERE ] player 3 placing token on slot 11
[2022-12-13 00:05:11] [SEVERE ] player 2 placing token on slot 3
[2022-12-13 00:05:11] [SEVERE ] player 3 placing token on slot 8
[2022-12-13 00:05:11] [SEVERE ] removing player 2 token from slot 3
[2022-12-13 00:05:11] [SEVERE ] removing player 2 token from slot 5
[2022-12-13 00:05:11] [SEVERE ] removing player 2 token from slot 7
[2022-12-13 00:05:11] [SEVERE ] player 3 placing token on slot 2
[2022-12-13 00:05:11] [SEVERE ] removing player 3 token from slot 2
[2022-12-13 00:05:11] [SEVERE ] removing player 3 token from slot 8
[2022-12-13 00:05:11] [SEVERE ] removing player 3 token from slot 11
[2022-12-13 00:05:11] [SEVERE ] player 2 placing token on slot 10
[2022-12-13 00:05:11] [SEVERE ] player 3 placing token on slot 9
[2022-12-13 00:05:11] [SEVERE ] player 2 placing token on slot 1
[2022-12-13 00:05:11] [SEVERE ] player 3 placing token on slot 7
[2022-12-13 00:05:11] [SEVERE ] player 2 placing token on slot 3
[2022-12-13 00:05:11] [SEVERE ] removing player 2 token from slot 1
[2022-12-13 00:05:11] [SEVERE ] removing player 2 token from slot 3
[2022-12-13 00:05:11] [SEVERE ] removing player 2 token from slot 10
[2022-12-13 00:05:11] [SEVERE ] player 3 placing token on slot 0
[2022-12-13 00:05:11] [SEVERE ] removing player 3 token from slot 0
[2022-12-13 00:05:11] [SEVERE ] removing player 3 token from slot 7
[2022-12-13 00:05:11] [SEVERE ] removing player 3 token from slot 9
[2022-12-13 00:05:11] [SEVERE ] player 2 placing token on slot 10
[2022-12-13 00:05:11] [SEVERE ] player 3 placing token on slot 1
[2022-12-13 00:05:11] [SEVERE ] player 2 placing token on slot 9
[2022-12-13 00:05:11] [SEVERE ] player 3 placing token on slot 4
[2022-12-13 00:05:11] [SEVERE ] player 2 placing token on slot 3
[2022-12-13 00:05:11] [SEVERE ] removing player 2 token from slot 3
[2022-12-13 00:05:11] [SEVERE ] removing player 2 token from slot 9
[2022-12-13 00:05:11] [SEVERE ] removing player 2 token from slot 10
[2022-12-13 00:05:11] [SEVERE ] player 3 placing token on slot 3
[2022-12-13 00:05:11] [SEVERE ] removing player 3 token from slot 1
[2022-12-13 00:05:11] [SEVERE ] removing player 3 token from slot 3
[2022-12-13 00:05:11] [SEVERE ] removing player 3 token from slot 4
[2022-12-13 00:05:11] [SEVERE ] player 2 placing token on slot 4
[2022-12-13 00:05:11] [SEVERE ] player 3 placing token on slot 10
[2022-12-13 00:05:11] [SEVERE ] player 2 placing token on slot 7
[2022-12-13 00:05:11] [SEVERE ] player 3 placing token on slot 0
[2022-12-13 00:05:11] [SEVERE ] player 2 placing token on slot 10
[2022-12-13 00:05:11] [SEVERE ] removing player 2 token from slot 4
[2022-12-13 00:05:11] [SEVERE ] removing player 2 token from slot 7
[2022-12-13 00:05:11] [SEVERE ] removing player 2 token from slot 10
[2022-12-13 00:05:11] [SEVERE ] player 3 placing token on slot 2
[2022-12-13 00:05:11] [SEVERE ] removing player 3 token from slot 0
[2022-12-13 00:05:11] [SEVERE ] removing player 3 token from slot 2
[2022-12-13 00:05:11] [SEVERE ] removing player 3 token from slot 10
[2022-12-13 00:05:11] [SEVERE ] player 2 placing token on slot 10
[2022-12-13 00:05:11] [SEVERE ] player 3 placing token on slot 10
[2022-12-13 00:05:11] [SEVERE ] player 2 placing token on slot 8
[2022-12-13 00:05:11] [SEVERE ] player 3 placing token on slot 5
[2022-12-13 00:05:11] [SEVERE ] player 2 placing token on slot 9
[2022-12-13 00:05:11] [SEVERE ] removing player 2 token from slot 8
[2022-12-13 00:05:11] [SEVERE ] removing player 2 token from slot 9
[2022-12-13 00:05:11] [SEVERE ] removing player 2 token from slot 10
[2022-12-13 00:05:11] [SEVERE ] player 3 placing token on slot 0
[2022-12-13 00:05:11] [SEVERE ] removing player 3 token from slot 0
[2022-12-13 00:05:11] [SEVERE ] removing player 3 token from slot 5
[2022-12-13 00:05:11] [SEVERE ] removing player 3 token from slot 10
[2022-12-13 00:05:11] [SEVERE ] player 3 placing token on slot 1
[2022-12-13 00:05:11] [SEVERE ] player 2 placing token on slot 3
[2022-12-13 00:05:11] [SEVERE ] player 3 placing token on slot 10
[2022-12-13 00:05:11] [SEVERE ] player 2 placing token on slot 6
[2022-12-13 00:05:11] [SEVERE ] player 2 placing token on slot 5
[2022-12-13 00:05:11] [SEVERE ] removing player 2 token from slot 3
[2022-12-13 00:05:11] [SEVERE ] removing player 2 token from slot 5
[2022-12-13 00:05:11] [SEVERE ] removing player 2 token from slot 6
[2022-12-13 00:05:11] [SEVERE ] player 3 placing token on slot 0
[2022-12-13 00:05:11] [SEVERE ] removing player 3 token from slot 0
[2022-12-13 00:05:11] [SEVERE ] removing player 3 token from slot 1
[2022-12-13 00:05:11] [SEVERE ] removing player 3 token from slot 10
[2022-12-13 00:05:11] [SEVERE ] player 3 placing token on slot 11
[2022-12-13 00:05:11] [SEVERE ] player 2 placing token on slot 3
[2022-12-13 00:05:11] [SEVERE ] player 3 placing token on slot 8
[2022-12-13 00:05:11] [SEVERE ] player 2 placing token on slot 1
[2022-12-13 00:05:11] [SEVERE ] player 3 placing token on slot 3
[2022-12-13 00:05:11] [SEVERE ] removing player 3 token from slot 3
[2022-12-13 00:05:11] [SEVERE ] player 2 placing token on slot 11
[2022-12-13 00:05:11] [SEVERE ] removing player 3 token from slot 8
[2022-12-13 00:05:11] [SEVERE ] removing player 3 token from slot 11
[2022-12-13 00:05:11] [SEVERE ] removing player 2 token from slot 1
[2022-12-13 00:05:11] [SEVERE ] removing player 2 token from slot 3
[2022-12-13 00:05:11] [SEVERE ] removing player 2 token from slot 11
[2022-12-13 00:05:11] [SEVERE ] player 2 placing token on slot 9
[2022-12-13 00:05:11] [SEVERE ] player 3 placing token on slot 5
[2022-12-13 00:05:11] [SEVERE ] player 2 placing token on slot 8
[2022-12-13 00:05:11] [SEVERE ] player 3 placing token on slot 3
[2022-12-13 00:05:11] [SEVERE ] player 2 placing token on slot 5
[2022-12-13 00:05:11] [SEVERE ] removing player 2 token from slot 5
[2022-12-13 00:05:11] [SEVERE ] removing player 2 token from slot 8
[2022-12-13 00:05:11] [SEVERE ] removing player 2 token from slot 9
[2022-12-13 00:05:11] [SEVERE ] player 2 placing token on slot 8
[2022-12-13 00:05:11] [SEVERE ] player 3 placing token on slot 10
[2022-12-13 00:05:11] [SEVERE ] removing player 3 token from slot 3
[2022-12-13 00:05:11] [SEVERE ] removing player 3 token from slot 5
[2022-12-13 00:05:11] [SEVERE ] removing player 3 token from slot 10
[2022-12-13 00:05:11] [SEVERE ] player 2 placing token on slot 10
[2022-12-13 00:05:11] [SEVERE ] player 3 placing token on slot 11
[2022-12-13 00:05:11] [SEVERE ] player 3 placing token on slot 6
[2022-12-13 00:05:11] [SEVERE ] player 2 placing token on slot 1
[2022-12-13 00:05:11] [SEVERE ] removing player 2 token from slot 1
[2022-12-13 00:05:11] [SEVERE ] removing player 2 token from slot 8
[2022-12-13 00:05:11] [SEVERE ] removing player 2 token from slot 10
[2022-12-13 00:05:11] [SEVERE ] player 3 placing token on slot 3
[2022-12-13 00:05:11] [SEVERE ] removing player 3 token from slot 3
[2022-12-13 00:05:11] [SEVERE ] removing player 3 token from slot 6
[2022-12-13 00:05:11] [SEVERE ] removing player 3 token from slot 11
[2022-12-13 00:05:11] [SEVERE ] player 2 placing token on slot 9
[2022-12-13 00:05:11] [SEVERE ] player 2 placing token on slot 4
[2022-12-13 00:05:11] [SEVERE ] player 3 placing token on slot 4
[2022-12-13 00:05:11] [SEVERE ] player 3 placing token on slot 9
[2022-12-13 00:05:11] [SEVERE ] player 2 placing token on slot 0
[2022-12-13 00:05:11] [SEVERE ] removing player 2 token from slot 0
[2022-12-13 00:05:11] [SEVERE ] removing player 2 token from slot 4
[2022-12-13 00:05:11] [SEVERE ] removing player 2 token from slot 9
[2022-12-13 00:05:11] [SEVERE ] player 3 placing token on slot 6
[2022-12-13 00:05:11] [SEVERE ] removing player 3 token from slot 4
[2022-12-13 00:05:11] [SEVERE ] removing player 3 token from slot 6
[2022-12-13 00:05:11] [SEVERE ] removing player 3 token from slot 9
[2022-12-13 00:05:11] [SEVERE ] player 2 placing token on slot 9
[2022-12-13 00:05:11] [SEVERE ] player 2 placing token on slot 2
[2022-12-13 00:05:11] [SEVERE ] player 3 placing token on slot 0
[2022-12-13 00:05:11] [SEVERE ] player 2 placing token on slot 1
[2022-12-13 00:05:11] [SEVERE ] removing player 2 token from slot 1
[2022-12-13 00:05:11] [SEVERE ] removing player 2 token from slot 2
[2022-12-13 00:05:11] [SEVERE ] removing player 2 token from slot 9
[2022-12-13 00:05:11] [SEVERE ] player 3 placing token on slot 3
[2022-12-13 00:05:11] [SEVERE ] player 2 placing token on slot 9
[2022-12-13 00:05:11] [SEVERE ] player 3 placing token on slot 10
[2022-12-13 00:05:11] [SEVERE ] removing player 3 token from slot 0
[2022-12-13 00:05:11] [SEVERE ] removing player 3 token from slot 3
[2022-12-13 00:05:11] [SEVERE ] removing player 3 token from slot 10
[2022-12-13 00:05:11] [SEVERE ] player 2 placing token on slot 7
[2022-12-13 00:05:11] [SEVERE ] player 2 placing token on slot 11
[2022-12-13 00:05:11] [SEVERE ] removing player 2 token from slot 7
[2022-12-13 00:05:11] [SEVERE ] removing player 2 token from slot 9
[2022-12-13 00:05:11] [SEVERE ] removing player 2 token from slot 11
[2022-12-13 00:05:11] [SEVERE ] player 3 placing token on slot 9
[2022-12-13 00:05:11] [SEVERE ] player 2 placing token on slot 8
[2022-12-13 00:05:11] [SEVERE ] player 3 placing token on slot 10
[2022-12-13 00:05:11] [SEVERE ] player 2 placing token on slot 5
[2022-12-13 00:05:12] [SEVERE ] player 3 placing token on slot 4
[2022-12-13 00:05:12] [SEVERE ] removing player 3 token from slot 4
[2022-12-13 00:05:12] [SEVERE ] removing player 3 token from slot 9
[2022-12-13 00:05:12] [SEVERE ] removing player 3 token from slot 10
[2022-12-13 00:05:12] [SEVERE ] player 2 placing token on slot 3
[2022-12-13 00:05:12] [SEVERE ] removing player 2 token from slot 3
[2022-12-13 00:05:12] [SEVERE ] removing player 2 token from slot 5
[2022-12-13 00:05:12] [SEVERE ] removing player 2 token from slot 8
[2022-12-13 00:05:12] [SEVERE ] player 3 placing token on slot 8
[2022-12-13 00:05:12] [SEVERE ] player 2 placing token on slot 0
[2022-12-13 00:05:12] [SEVERE ] player 3 placing token on slot 5
[2022-12-13 00:05:12] [SEVERE ] player 2 placing token on slot 6
[2022-12-13 00:05:12] [SEVERE ] player 3 placing token on slot 7
[2022-12-13 00:05:12] [SEVERE ] removing player 3 token from slot 5
[2022-12-13 00:05:12] [SEVERE ] removing player 3 token from slot 7
[2022-12-13 00:05:12] [SEVERE ] removing player 3 token from slot 8
[2022-12-13 00:05:12] [SEVERE ] player 2 placing token on slot 11
[2022-12-13 00:05:12] [SEVERE ] removing player 2 token from slot 0
[2022-12-13 00:05:12] [SEVERE ] removing player 2 token from slot 6
[2022-12-13 00:05:12] [SEVERE ] removing player 2 token from slot 11
[2022-12-13 00:05:12] [SEVERE ] player 2 placing token on slot 10
[2022-12-13 00:05:12] [SEVERE ] player 3 placing token on slot 9
[2022-12-13 00:05:12] [SEVERE ] player 3 placing token on slot 6
[2022-12-13 00:05:12] [SEVERE ] player 2 placing token on slot 0
[2022-12-13 00:05:12] [SEVERE ] player 3 placing token on slot 3
[2022-12-13 00:05:12] [SEVERE ] removing player 3 token from slot 3
[2022-12-13 00:05:12] [SEVERE ] removing player 3 token from slot 6
[2022-12-13 00:05:12] [SEVERE ] removing player 3 token from slot 9
[2022-12-13 00:05:12] [SEVERE ] player 2 placing token on slot 7
[2022-12-13 00:05:12] [SEVERE ] removing player 2 token from slot 0
[2022-12-13 00:05:12] [SEVERE ] removing player 2 token from slot 7
[2022-12-13 00:05:12] [SEVERE ] removing player 2 token from slot 10
[2022-12-13 00:05:12] [SEVERE ] player 3 placing token on slot 4
[2022-12-13 00:05:12] [SEVERE ] player 2 placing token on slot 2
[2022-12-13 00:05:12] [SEVERE ] player 2 placing token on slot 11
[2022-12-13 00:05:12] [SEVERE ] player 3 placing token on slot 1
[2022-12-13 00:05:12] [SEVERE ] player 3 placing token on slot 2
[2022-12-13 00:05:12] [SEVERE ] removing player 3 token from slot 1
[2022-12-13 00:05:12] [SEVERE ] removing player 3 token from slot 2
[2022-12-13 00:05:12] [SEVERE ] removing player 3 token from slot 4
[2022-12-13 00:05:12] [SEVERE ] player 2 placing token on slot 6
[2022-12-13 00:05:12] [SEVERE ] removing player 2 token from slot 2
[2022-12-13 00:05:12] [SEVERE ] removing player 2 token from slot 6
[2022-12-13 00:05:12] [SEVERE ] removing player 2 token from slot 11
[2022-12-13 00:05:12] [SEVERE ] player 3 placing token on slot 3
[2022-12-13 00:05:12] [SEVERE ] player 2 placing token on slot 3
[2022-12-13 00:05:12] [SEVERE ] player 3 placing token on slot 5
[2022-12-13 00:05:12] [SEVERE ] player 2 placing token on slot 4
[2022-12-13 00:05:12] [SEVERE ] player 3 placing token on slot 11
[2022-12-13 00:05:12] [SEVERE ] removing player 3 token from slot 3
[2022-12-13 00:05:12] [SEVERE ] removing player 3 token from slot 5
[2022-12-13 00:05:12] [SEVERE ] removing player 3 token from slot 11
[2022-12-13 00:05:12] [SEVERE ] player 2 placing token on slot 10
[2022-12-13 00:05:12] [SEVERE ] removing player 2 token from slot 3
[2022-12-13 00:05:12] [SEVERE ] removing player 2 token from slot 4
[2022-12-13 00:05:12] [SEVERE ] removing player 2 token from slot 10
[2022-12-13 00:05:12] [SEVERE ] player 3 placing token on slot 1
[2022-12-13 00:05:12] [SEVERE ] player 2 placing token on slot 6
[2022-12-13 00:05:12] [SEVERE ] player 3 placing token on slot 6
[2022-12-13 00:05:12] [SEVERE ] player 2 placing token on slot 7
[2022-12-13 00:05:12] [SEVERE ] player 3 placing token on slot 2
[2022-12-13 00:05:12] [SEVERE ] removing player 3 token from slot 1
[2022-12-13 00:05:12] [SEVERE ] removing player 3 token from slot 2
[2022-12-13 00:05:12] [SEVERE ] removing player 3 token from slot 6
[2022-12-13 00:05:12] [SEVERE ] player 2 placing token on slot 5
[2022-12-13 00:05:12] [SEVERE ] removing player 2 token from slot 5
[2022-12-13 00:05:12] [SEVERE ] removing player 2 token from slot 6
[2022-12-13 00:05:12] [SEVERE ] removing player 2 token from slot 7
[2022-12-13 00:05:12] [SEVERE ] player 3 placing token on slot 8
[2022-12-13 00:05:12] [SEVERE ] player 2 placing token on slot 10
[2022-12-13 00:05:12] [SEVERE ] player 3 placing token on slot 0
[2022-12-13 00:05:12] [SEVERE ] player 3 placing token on slot 5
[2022-12-13 00:05:12] [SEVERE ] removing player 3 token from slot 0
[2022-12-13 00:05:12] [SEVERE ] removing player 3 token from slot 5
[2022-12-13 00:05:12] [SEVERE ] removing player 3 token from slot 8
[2022-12-13 00:05:12] [SEVERE ] player 2 placing token on slot 11
[2022-12-13 00:05:12] [SEVERE ] player 2 placing token on slot 0
[2022-12-13 00:05:12] [SEVERE ] removing player 2 token from slot 0
[2022-12-13 00:05:12] [SEVERE ] removing player 2 token from slot 10
[2022-12-13 00:05:12] [SEVERE ] removing player 2 token from slot 11
[2022-12-13 00:05:12] [SEVERE ] player 3 placing token on slot 6
[2022-12-13 00:05:12] [SEVERE ] player 2 placing token on slot 9
[2022-12-13 00:05:12] [SEVERE ] player 3 placing token on slot 4
[2022-12-13 00:05:12] [SEVERE ] player 2 placing token on slot 7
[2022-12-13 00:05:12] [SEVERE ] player 3 placing token on slot 3
[2022-12-13 00:05:12] [SEVERE ] removing player 3 token from slot 3
[2022-12-13 00:05:12] [SEVERE ] removing player 3 token from slot 4
[2022-12-13 00:05:12] [SEVERE ] removing player 3 token from slot 6
[2022-12-13 00:05:12] [SEVERE ] player 2 placing token on slot 1
[2022-12-13 00:05:12] [SEVERE ] removing player 2 token from slot 1
[2022-12-13 00:05:12] [SEVERE ] removing player 2 token from slot 7
[2022-12-13 00:05:12] [SEVERE ] removing player 2 token from slot 9
[2022-12-13 00:05:12] [SEVERE ] player 3 placing token on slot 11
[2022-12-13 00:05:12] [SEVERE ] player 2 placing token on slot 0
[2022-12-13 00:05:12] [SEVERE ] player 3 placing token on slot 7
[2022-12-13 00:05:12] [SEVERE ] player 2 placing token on slot 5
[2022-12-13 00:05:12] [SEVERE ] player 3 placing token on slot 5
[2022-12-13 00:05:12] [SEVERE ] removing player 3 token from slot 5
[2022-12-13 00:05:12] [SEVERE ] removing player 3 token from slot 7
[2022-12-13 00:05:12] [SEVERE ] removing player 3 token from slot 11
[2022-12-13 00:05:12] [SEVERE ] player 2 placing token on slot 4
[2022-12-13 00:05:12] [SEVERE ] removing player 2 token from slot 0
[2022-12-13 00:05:12] [SEVERE ] removing player 2 token from slot 4
[2022-12-13 00:05:12] [SEVERE ] removing player 2 token from slot 5
[2022-12-13 00:05:12] [SEVERE ] player 3 placing token on slot 4
[2022-12-13 00:05:12] [SEVERE ] player 2 placing token on slot 3
[2022-12-13 00:05:12] [SEVERE ] player 3 placing token on slot 10
[2022-12-13 00:05:12] [SEVERE ] player 2 placing token on slot 5
[2022-12-13 00:05:12] [SEVERE ] player 3 placing token on slot 0
[2022-12-13 00:05:12] [SEVERE ] removing player 3 token from slot 0
[2022-12-13 00:05:12] [SEVERE ] removing player 3 token from slot 4
[2022-12-13 00:05:12] [SEVERE ] removing player 3 token from slot 10
[2022-12-13 00:05:12] [SEVERE ] player 2 placing token on slot 2
[2022-12-13 00:05:12] [SEVERE ] removing player 2 token from slot 2
[2022-12-13 00:05:12] [SEVERE ] removing player 2 token from slot 3
[2022-12-13 00:05:12] [SEVERE ] removing player 2 token from slot 5
[2022-12-13 00:05:12] [SEVERE ] player 3 placing token on slot 9
[2022-12-13 00:05:12] [SEVERE ] player 2 placing token on slot 0
[2022-12-13 00:05:12] [SEVERE ] player 3 placing token on slot 8
[2022-12-13 00:05:12] [SEVERE ] player 3 placing token on slot 1
[2022-12-13 00:05:12] [SEVERE ] removing player 3 token from slot 1
[2022-12-13 00:05:12] [SEVERE ] removing player 3 token from slot 8
[2022-12-13 00:05:12] [SEVERE ] removing player 3 token from slot 9
[2022-12-13 00:05:12] [SEVERE ] player 2 placing token on slot 11
[2022-12-13 00:05:12] [SEVERE ] player 2 placing token on slot 9
[2022-12-13 00:05:12] [SEVERE ] removing player 2 token from slot 0
[2022-12-13 00:05:12] [SEVERE ] removing player 2 token from slot 9
[2022-12-13 00:05:12] [SEVERE ] removing player 2 token from slot 11
[2022-12-13 00:05:12] [SEVERE ] player 3 placing token on slot 9
[2022-12-13 00:05:12] [SEVERE ] player 2 placing token on slot 10
[2022-12-13 00:05:12] [SEVERE ] player 3 placing token on slot 10
[2022-12-13 00:05:13] [SEVERE ] player 2 placing token on slot 11
[2022-12-13 00:05:13] [SEVERE ] player 3 placing token on slot 3
[2022-12-13 00:05:13] [SEVERE ] removing player 3 token from slot 3
[2022-12-13 00:05:13] [SEVERE ] removing player 3 token from slot 9
[2022-12-13 00:05:13] [SEVERE ] removing player 3 token from slot 10
[2022-12-13 00:05:13] [SEVERE ] player 2 placing token on slot 5
[2022-12-13 00:05:13] [SEVERE ] removing player 2 token from slot 5
[2022-12-13 00:05:13] [SEVERE ] removing player 2 token from slot 10
[2022-12-13 00:05:13] [SEVERE ] removing player 2 token from slot 11
[2022-12-13 00:05:13] [SEVERE ] player 2 placing token on slot 8
[2022-12-13 00:05:13] [SEVERE ] player 3 placing token on slot 7
[2022-12-13 00:05:13] [SEVERE ] player 3 placing token on slot 3
[2022-12-13 00:05:13] [SEVERE ] player 2 placing token on slot 11
[2022-12-13 00:05:13] [SEVERE ] player 3 placing token on slot 8
[2022-12-13 00:05:13] [SEVERE ] removing player 3 token from slot 3
[2022-12-13 00:05:13] [SEVERE ] removing player 3 token from slot 7
[2022-12-13 00:05:13] [SEVERE ] removing player 3 token from slot 8
[2022-12-13 00:05:13] [SEVERE ] player 2 placing token on slot 7
[2022-12-13 00:05:13] [SEVERE ] removing player 2 token from slot 7
[2022-12-13 00:05:13] [SEVERE ] removing player 2 token from slot 8
[2022-12-13 00:05:13] [SEVERE ] removing player 2 token from slot 11
[2022-12-13 00:05:13] [SEVERE ] player 3 placing token on slot 5
[2022-12-13 00:05:13] [SEVERE ] player 2 placing token on slot 9
[2022-12-13 00:05:13] [SEVERE ] player 3 placing token on slot 4
[2022-12-13 00:05:13] [SEVERE ] player 2 placing token on slot 10
[2022-12-13 00:05:13] [SEVERE ] player 3 placing token on slot 1
[2022-12-13 00:05:13] [SEVERE ] removing player 3 token from slot 1
[2022-12-13 00:05:13] [SEVERE ] removing player 3 token from slot 4
[2022-12-13 00:05:13] [SEVERE ] removing player 3 token from slot 5
[2022-12-13 00:05:13] [SEVERE ] player 2 placing token on slot 1
[2022-12-13 00:05:13] [SEVERE ] removing player 2 token from slot 1
[2022-12-13 00:05:13] [SEVERE ] removing player 2 token from slot 9
[2022-12-13 00:05:13] [SEVERE ] removing player 2 token from slot 10
[2022-12-13 00:05:13] [SEVERE ] player 3 placing token on slot 5
[2022-12-13 00:05:13] [SEVERE ] player 2 placing token on slot 10
[2022-12-13 00:05:13] [SEVERE ] player 3 placing token on slot 7
[2022-12-13 00:05:13] [SEVERE ] player 2 placing token on slot 9
[2022-12-13 00:05:13] [SEVERE ] player 2 placing token on slot 4
[2022-12-13 00:05:13] [SEVERE ] removing player 2 token from slot 4
[2022-12-13 00:05:13] [SEVERE ] removing player 2 token from slot 9
[2022-12-13 00:05:13] [SEVERE ] removing player 2 token from slot 10
[2022-12-13 00:05:13] [SEVERE ] player 3 placing token on slot 9
[2022-12-13 00:05:13] [SEVERE ] removing player 3 token from slot 5
[2022-12-13 00:05:13] [SEVERE ] removing player 3 token from slot 7
[2022-12-13 00:05:13] [SEVERE ] removing player 3 token from slot 9
[2022-12-13 00:05:13] [SEVERE ] player 2 placing token on slot 6
[2022-12-13 00:05:13] [SEVERE ] player 3 placing token on slot 11
[2022-12-13 00:05:13] [SEVERE ] player 2 placing token on slot 1
[2022-12-13 00:05:13] [SEVERE ] player 3 placing token on slot 1
[2022-12-13 00:05:13] [SEVERE ] player 2 placing token on slot 11
[2022-12-13 00:05:13] [SEVERE ] removing player 2 token from slot 1
[2022-12-13 00:05:13] [SEVERE ] removing player 2 token from slot 6
[2022-12-13 00:05:13] [SEVERE ] removing player 2 token from slot 11
[2022-12-13 00:05:13] [SEVERE ] player 3 placing token on slot 9
[2022-12-13 00:05:13] [SEVERE ] removing player 3 token from slot 1
[2022-12-13 00:05:13] [SEVERE ] removing player 3 token from slot 9
[2022-12-13 00:05:13] [SEVERE ] removing player 3 token from slot 11
[2022-12-13 00:05:13] [SEVERE ] player 3 placing token on slot 5
[2022-12-13 00:05:13] [SEVERE ] player 2 placing token on slot 4
[2022-12-13 00:05:13] [SEVERE ] player 2 placing token on slot 0
[2022-12-13 00:05:13] [SEVERE ] player 3 placing token on slot 11
[2022-12-13 00:05:13] [SEVERE ] player 3 placing token on slot 8
[2022-12-13 00:05:13] [SEVERE ] removing player 3 token from slot 5
[2022-12-13 00:05:13] [SEVERE ] removing player 3 token from slot 8
[2022-12-13 00:05:13] [SEVERE ] removing player 3 token from slot 11
[2022-12-13 00:05:13] [SEVERE ] player 2 placing token on slot 3
[2022-12-13 00:05:13] [SEVERE ] removing player 2 token from slot 0
[2022-12-13 00:05:13] [SEVERE ] removing player 2 token from slot 3
[2022-12-13 00:05:13] [SEVERE ] removing player 2 token from slot 4
[2022-12-13 00:05:13] [SEVERE ] player 3 placing token on slot 6
[2022-12-13 00:05:13] [SEVERE ] player 2 placing token on slot 0
[2022-12-13 00:05:13] [SEVERE ] player 3 placing token on slot 4
[2022-12-13 00:05:13] [SEVERE ] player 2 placing token on slot 9
[2022-12-13 00:05:13] [SEVERE ] player 3 placing token on slot 9
[2022-12-13 00:05:13] [SEVERE ] removing player 3 token from slot 4
[2022-12-13 00:05:13] [SEVERE ] removing player 3 token from slot 6
[2022-12-13 00:05:13] [SEVERE ] removing player 3 token from slot 9
[2022-12-13 00:05:13] [SEVERE ] player 2 placing token on slot 1
[2022-12-13 00:05:13] [SEVERE ] removing player 2 token from slot 0
[2022-12-13 00:05:13] [SEVERE ] removing player 2 token from slot 1
[2022-12-13 00:05:13] [SEVERE ] removing player 2 token from slot 9
[2022-12-13 00:05:13] [SEVERE ] player 3 placing token on slot 9
[2022-12-13 00:05:13] [SEVERE ] player 2 placing token on slot 5
[2022-12-13 00:05:13] [SEVERE ] player 2 placing token on slot 7
[2022-12-13 00:05:13] [SEVERE ] player 3 placing token on slot 10
[2022-12-13 00:05:13] [SEVERE ] player 3 placing token on slot 7
[2022-12-13 00:05:13] [SEVERE ] removing player 3 token from slot 7
[2022-12-13 00:05:13] [SEVERE ] removing player 3 token from slot 9
[2022-12-13 00:05:13] [SEVERE ] removing player 3 token from slot 10
[2022-12-13 00:05:13] [SEVERE ] player 2 placing token on slot 2
[2022-12-13 00:05:13] [SEVERE ] removing player 2 token from slot 2
[2022-12-13 00:05:13] [SEVERE ] removing player 2 token from slot 5
[2022-12-13 00:05:13] [SEVERE ] removing player 2 token from slot 7
[2022-12-13 00:05:13] [SEVERE ] player 3 placing token on slot 3
[2022-12-13 00:05:13] [SEVERE ] player 2 placing token on slot 1
[2022-12-13 00:05:13] [SEVERE ] player 3 placing token on slot 10
[2022-12-13 00:05:13] [SEVERE ] player 2 placing token on slot 2
[2022-12-13 00:05:13] [SEVERE ] player 3 placing token on slot 8
[2022-12-13 00:05:13] [SEVERE ] player 2 placing token on slot 6
[2022-12-13 00:05:13] [SEVERE ] removing tokens from slot 3
[2022-12-13 00:05:13] [SEVERE ] removing card from slot 3
[2022-12-13 00:05:13] [SEVERE ] removing tokens from slot 8
[2022-12-13 00:05:13] [SEVERE ] removing card from slot 8
[2022-12-13 00:05:14] [SEVERE ] removing tokens from slot 10
[2022-12-13 00:05:14] [SEVERE ] removing card from slot 10
[2022-12-13 00:05:14] [SEVERE ] placing card 3 in slot 3
[2022-12-13 00:05:14] [SEVERE ] placing card 37 in slot 8
[2022-12-13 00:05:14] [SEVERE ] placing card 69 in slot 10
[2022-12-13 00:05:14] [SEVERE ] setting player 3 score to 1
[2022-12-13 00:05:14] [SEVERE ] player 3 placing token on slot 6
[2022-12-13 00:05:14] [SEVERE ] player 3 placing token on slot 9
[2022-12-13 00:05:14] [SEVERE ] player 3 placing token on slot 5
[2022-12-13 00:05:14] [SEVERE ] removing player 3 token from slot 5
[2022-12-13 00:05:14] [SEVERE ] removing player 3 token from slot 6
[2022-12-13 00:05:14] [SEVERE ] removing player 3 token from slot 9
[2022-12-13 00:05:14] [SEVERE ] player 3 placing token on slot 2
[2022-12-13 00:05:14] [SEVERE ] player 3 placing token on slot 5
[2022-12-13 00:05:14] [SEVERE ] player 3 placing token on slot 4
[2022-12-13 00:05:14] [SEVERE ] removing player 3 token from slot 2
[2022-12-13 00:05:14] [SEVERE ] removing player 3 token from slot 4
[2022-12-13 00:05:14] [SEVERE ] removing player 3 token from slot 5
[2022-12-13 00:05:14] [SEVERE ] player 3 placing token on slot 2
[2022-12-13 00:05:14] [SEVERE ] player 3 placing token on slot 9
[2022-12-13 00:05:14] [SEVERE ] player 3 placing token on slot 6
[2022-12-13 00:05:14] [SEVERE ] removing player 3 token from slot 2
[2022-12-13 00:05:14] [SEVERE ] removing player 3 token from slot 6
[2022-12-13 00:05:14] [SEVERE ] removing player 3 token from slot 9
[2022-12-13 00:05:14] [SEVERE ] player 3 placing token on slot 2
[2022-12-13 00:05:14] [SEVERE ] player 3 placing token on slot 8
[2022-12-13 00:05:14] [SEVERE ] player 3 placing token on slot 7
[2022-12-13 00:05:14] [SEVERE ] removing player 3 token from slot 2
[2022-12-13 00:05:14] [SEVERE ] removing player 3 token from slot 7
[2022-12-13 00:05:14] [SEVERE ] removing player 3 token from slot 8
[2022-12-13 00:05:14] [SEVERE ] player 3 placing token on slot 9
[2022-12-13 00:05:14] [SEVERE ] player 3 placing token on slot 3
[2022-12-13 00:05:14] [SEVERE ] player 3 placing token on slot 0
[2022-12-13 00:05:14] [SEVERE ] removing player 3 token from slot 0
[2022-12-13 00:05:14] [SEVERE ] removing player 3 token from slot 3
[2022-12-13 00:05:14] [SEVERE ] removing player 3 token from slot 9
[2022-12-13 00:05:14] [SEVERE ] player 3 placing token on slot 5
[2022-12-13 00:05:14] [SEVERE ] player 3 placing token on slot 0
[2022-12-13 00:05:14] [SEVERE ] player 3 placing token on slot 10
[2022-12-13 00:05:14] [SEVERE ] removing player 3 token from slot 0
[2022-12-13 00:05:14] [SEVERE ] removing player 3 token from slot 5
[2022-12-13 00:05:14] [SEVERE ] removing player 3 token from slot 10
[2022-12-13 00:05:14] [SEVERE ] player 3 placing token on slot 0
[2022-12-13 00:05:14] [SEVERE ] player 3 placing token on slot 5
[2022-12-13 00:05:14] [SEVERE ] player 3 placing token on slot 10
[2022-12-13 00:05:14] [SEVERE ] removing player 3 token from slot 0
[2022-12-13 00:05:14] [SEVERE ] removing player 3 token from slot 5
[2022-12-13 00:05:14] [SEVERE ] removing player 3 token from slot 10
[2022-12-13 00:05:15] [SEVERE ] player 3 placing token on slot 5
[2022-12-13 00:05:15] [SEVERE ] player 3 placing token on slot 7
[2022-12-13 00:05:15] [SEVERE ] player 3 placing token on slot 2
[2022-12-13 00:05:15] [SEVERE ] removing player 3 token from slot 2
[2022-12-13 00:05:15] [SEVERE ] removing player 3 token from slot 5
[2022-12-13 00:05:15] [SEVERE ] removing player 3 token from slot 7
[2022-12-13 00:05:15] [SEVERE ] player 3 placing token on slot 5
[2022-12-13 00:05:15] [SEVERE ] player 3 placing token on slot 1
[2022-12-13 00:05:15] [SEVERE ] player 3 placing token on slot 6
[2022-12-13 00:05:15] [SEVERE ] removing player 3 token from slot 1
[2022-12-13 00:05:15] [SEVERE ] removing player 3 token from slot 5
[2022-12-13 00:05:15] [SEVERE ] removing player 3 token from slot 6
[2022-12-13 00:05:15] [SEVERE ] player 3 placing token on slot 1
[2022-12-13 00:05:15] [SEVERE ] player 3 placing token on slot 5
[2022-12-13 00:05:15] [SEVERE ] player 3 placing token on slot 3
[2022-12-13 00:05:15] [SEVERE ] removing player 3 token from slot 1
[2022-12-13 00:05:15] [SEVERE ] removing player 3 token from slot 3
[2022-12-13 00:05:15] [SEVERE ] removing player 3 token from slot 5
[2022-12-13 00:05:15] [SEVERE ] player 3 placing token on slot 9
[2022-12-13 00:05:15] [SEVERE ] player 3 placing token on slot 10
[2022-12-13 00:05:15] [SEVERE ] player 3 placing token on slot 6
[2022-12-13 00:05:15] [SEVERE ] removing player 3 token from slot 6
[2022-12-13 00:05:15] [SEVERE ] removing player 3 token from slot 9
[2022-12-13 00:05:15] [SEVERE ] removing player 3 token from slot 10
[2022-12-13 00:05:15] [SEVERE ] player 3 placing token on slot 7
[2022-12-13 00:05:15] [SEVERE ] player 3 placing token on slot 0
[2022-12-13 00:05:15] [SEVERE ] player 3 placing token on slot 6
[2022-12-13 00:05:15] [SEVERE ] removing player 3 token from slot 0
[2022-12-13 00:05:15] [SEVERE ] removing player 3 token from slot 6
[2022-12-13 00:05:15] [SEVERE ] removing player 3 token from slot 7
[2022-12-13 00:05:15] [SEVERE ] player 3 placing token on slot 5
[2022-12-13 00:05:15] [SEVERE ] player 3 placing token on slot 8
[2022-12-13 00:05:15] [SEVERE ] player 3 placing token on slot 3
[2022-12-13 00:05:15] [SEVERE ] removing player 3 token from slot 3
[2022-12-13 00:05:15] [SEVERE ] removing player 3 token from slot 5
[2022-12-13 00:05:15] [SEVERE ] removing player 3 token from slot 8
[2022-12-13 00:05:15] [SEVERE ] player 3 placing token on slot 6
[2022-12-13 00:05:15] [SEVERE ] player 3 placing token on slot 8
[2022-12-13 00:05:15] [SEVERE ] player 3 placing token on slot 11
[2022-12-13 00:05:15] [SEVERE ] removing player 3 token from slot 6
[2022-12-13 00:05:15] [SEVERE ] removing player 3 token from slot 8
[2022-12-13 00:05:15] [SEVERE ] removing player 3 token from slot 11
[2022-12-13 00:05:15] [SEVERE ] player 3 placing token on slot 11
[2022-12-13 00:05:15] [SEVERE ] player 3 placing token on slot 6
[2022-12-13 00:05:15] [SEVERE ] player 3 placing token on slot 9
[2022-12-13 00:05:15] [SEVERE ] removing player 3 token from slot 6
[2022-12-13 00:05:15] [SEVERE ] removing player 3 token from slot 9
[2022-12-13 00:05:15] [SEVERE ] removing player 3 token from slot 11
[2022-12-13 00:05:15] [SEVERE ] player 3 placing token on slot 10
[2022-12-13 00:05:15] [SEVERE ] player 3 placing token on slot 2
[2022-12-13 00:05:15] [SEVERE ] player 3 placing token on slot 7
[2022-12-13 00:05:15] [SEVERE ] removing player 3 token from slot 2
[2022-12-13 00:05:15] [SEVERE ] removing player 3 token from slot 7
[2022-12-13 00:05:15] [SEVERE ] removing player 3 token from slot 10
[2022-12-13 00:05:15] [SEVERE ] player 3 placing token on slot 4
[2022-12-13 00:05:15] [SEVERE ] player 3 placing token on slot 2
[2022-12-13 00:05:15] [SEVERE ] player 3 placing token on slot 0
[2022-12-13 00:05:15] [SEVERE ] removing player 3 token from slot 0
[2022-12-13 00:05:15] [SEVERE ] removing player 3 token from slot 2
[2022-12-13 00:05:15] [SEVERE ] removing player 3 token from slot 4
[2022-12-13 00:05:15] [SEVERE ] player 3 placing token on slot 6
[2022-12-13 00:05:15] [SEVERE ] player 3 placing token on slot 7
[2022-12-13 00:05:15] [SEVERE ] player 3 placing token on slot 1
[2022-12-13 00:05:15] [SEVERE ] removing player 3 token from slot 1
[2022-12-13 00:05:15] [SEVERE ] removing player 3 token from slot 6
[2022-12-13 00:05:15] [SEVERE ] removing player 3 token from slot 7
[2022-12-13 00:05:16] [SEVERE ] player 3 placing token on slot 10
[2022-12-13 00:05:16] [SEVERE ] player 3 placing token on slot 0
[2022-12-13 00:05:16] [SEVERE ] player 3 placing token on slot 5
[2022-12-13 00:05:16] [SEVERE ] removing player 3 token from slot 0
[2022-12-13 00:05:16] [SEVERE ] removing player 3 token from slot 5
[2022-12-13 00:05:16] [SEVERE ] removing player 3 token from slot 10
[2022-12-13 00:05:16] [SEVERE ] player 3 placing token on slot 9
[2022-12-13 00:05:16] [SEVERE ] player 3 placing token on slot 3
[2022-12-13 00:05:16] [SEVERE ] player 3 placing token on slot 4
[2022-12-13 00:05:16] [SEVERE ] removing player 3 token from slot 3
[2022-12-13 00:05:16] [SEVERE ] removing player 3 token from slot 4
[2022-12-13 00:05:16] [SEVERE ] removing player 3 token from slot 9
[2022-12-13 00:05:16] [SEVERE ] player 3 placing token on slot 3
[2022-12-13 00:05:16] [SEVERE ] player 3 placing token on slot 11
[2022-12-13 00:05:16] [SEVERE ] player 3 placing token on slot 9
[2022-12-13 00:05:16] [SEVERE ] removing player 3 token from slot 3
[2022-12-13 00:05:16] [SEVERE ] removing player 3 token from slot 9
[2022-12-13 00:05:16] [SEVERE ] removing player 3 token from slot 11
[2022-12-13 00:05:16] [SEVERE ] player 3 placing token on slot 6
[2022-12-13 00:05:16] [SEVERE ] player 3 placing token on slot 2
[2022-12-13 00:05:16] [SEVERE ] player 3 placing token on slot 7
[2022-12-13 00:05:16] [SEVERE ] removing player 3 token from slot 2
[2022-12-13 00:05:16] [SEVERE ] removing player 3 token from slot 6
[2022-12-13 00:05:16] [SEVERE ] removing player 3 token from slot 7
[2022-12-13 00:05:16] [SEVERE ] player 3 placing token on slot 3
[2022-12-13 00:05:16] [SEVERE ] player 3 placing token on slot 6
[2022-12-13 00:05:16] [SEVERE ] player 3 placing token on slot 1
[2022-12-13 00:05:16] [SEVERE ] removing player 3 token from slot 1
[2022-12-13 00:05:16] [SEVERE ] removing player 3 token from slot 3
[2022-12-13 00:05:16] [SEVERE ] removing player 3 token from slot 6
[2022-12-13 00:05:16] [SEVERE ] player 3 placing token on slot 6
[2022-12-13 00:05:16] [SEVERE ] player 3 placing token on slot 1
[2022-12-13 00:05:16] [SEVERE ] player 3 placing token on slot 4
[2022-12-13 00:05:16] [SEVERE ] removing player 3 token from slot 1
[2022-12-13 00:05:16] [SEVERE ] removing player 3 token from slot 4
[2022-12-13 00:05:16] [SEVERE ] removing player 3 token from slot 6
[2022-12-13 00:05:16] [SEVERE ] player 3 placing token on slot 1
[2022-12-13 00:05:16] [SEVERE ] player 3 placing token on slot 5
[2022-12-13 00:05:16] [SEVERE ] player 3 placing token on slot 6
[2022-12-13 00:05:16] [SEVERE ] removing player 3 token from slot 1
[2022-12-13 00:05:16] [SEVERE ] removing player 3 token from slot 5
[2022-12-13 00:05:16] [SEVERE ] removing player 3 token from slot 6
[2022-12-13 00:05:16] [SEVERE ] player 3 placing token on slot 4
[2022-12-13 00:05:16] [SEVERE ] player 3 placing token on slot 9
[2022-12-13 00:05:16] [SEVERE ] player 3 placing token on slot 7
[2022-12-13 00:05:16] [SEVERE ] removing player 3 token from slot 4
[2022-12-13 00:05:16] [SEVERE ] removing player 3 token from slot 7
[2022-12-13 00:05:16] [SEVERE ] removing player 3 token from slot 9
[2022-12-13 00:05:16] [SEVERE ] player 3 placing token on slot 7
[2022-12-13 00:05:16] [SEVERE ] player 3 placing token on slot 11
[2022-12-13 00:05:16] [SEVERE ] player 3 placing token on slot 8
[2022-12-13 00:05:16] [SEVERE ] removing player 3 token from slot 7
[2022-12-13 00:05:16] [SEVERE ] removing player 3 token from slot 8
[2022-12-13 00:05:16] [SEVERE ] removing player 3 token from slot 11
[2022-12-13 00:05:16] [SEVERE ] player 3 placing token on slot 8
[2022-12-13 00:05:16] [SEVERE ] player 3 placing token on slot 0
[2022-12-13 00:05:16] [SEVERE ] player 3 placing token on slot 6
[2022-12-13 00:05:16] [SEVERE ] removing player 3 token from slot 0
[2022-12-13 00:05:16] [SEVERE ] removing player 3 token from slot 6
[2022-12-13 00:05:16] [SEVERE ] removing player 3 token from slot 8
[2022-12-13 00:05:16] [SEVERE ] player 3 placing token on slot 2
[2022-12-13 00:05:16] [SEVERE ] player 3 placing token on slot 6
[2022-12-13 00:05:16] [SEVERE ] player 3 placing token on slot 9
[2022-12-13 00:05:16] [SEVERE ] removing player 3 token from slot 2
[2022-12-13 00:05:16] [SEVERE ] removing player 3 token from slot 6
[2022-12-13 00:05:16] [SEVERE ] removing player 3 token from slot 9
[2022-12-13 00:05:17] [SEVERE ] player 3 placing token on slot 0
[2022-12-13 00:05:17] [SEVERE ] player 3 placing token on slot 9
[2022-12-13 00:05:17] [SEVERE ] player 3 placing token on slot 8
[2022-12-13 00:05:17] [SEVERE ] removing player 3 token from slot 0
[2022-12-13 00:05:17] [SEVERE ] removing player 3 token from slot 8
[2022-12-13 00:05:17] [SEVERE ] removing player 3 token from slot 9
[2022-12-13 00:05:17] [SEVERE ] player 3 placing token on slot 9
[2022-12-13 00:05:17] [SEVERE ] player 3 placing token on slot 3
[2022-12-13 00:05:17] [SEVERE ] player 3 placing token on slot 8
[2022-12-13 00:05:17] [SEVERE ] removing player 3 token from slot 3
[2022-12-13 00:05:17] [SEVERE ] removing player 3 token from slot 8
[2022-12-13 00:05:17] [SEVERE ] removing player 3 token from slot 9
[2022-12-13 00:05:17] [SEVERE ] player 3 placing token on slot 2
[2022-12-13 00:05:17] [SEVERE ] player 3 placing token on slot 1
[2022-12-13 00:05:17] [SEVERE ] player 3 placing token on slot 8
[2022-12-13 00:05:17] [SEVERE ] removing player 3 token from slot 1
[2022-12-13 00:05:17] [SEVERE ] removing player 3 token from slot 2
[2022-12-13 00:05:17] [SEVERE ] removing player 3 token from slot 8
[2022-12-13 00:05:17] [SEVERE ] player 3 placing token on slot 8
[2022-12-13 00:05:17] [SEVERE ] player 3 placing token on slot 4
[2022-12-13 00:05:17] [SEVERE ] player 3 placing token on slot 2
[2022-12-13 00:05:17] [SEVERE ] removing player 3 token from slot 2
[2022-12-13 00:05:17] [SEVERE ] removing player 3 token from slot 4
[2022-12-13 00:05:17] [SEVERE ] removing player 3 token from slot 8
[2022-12-13 00:05:17] [SEVERE ] player 3 placing token on slot 7
[2022-12-13 00:05:17] [SEVERE ] player 3 placing token on slot 9
[2022-12-13 00:05:17] [SEVERE ] player 3 placing token on slot 2
[2022-12-13 00:05:17] [SEVERE ] removing player 3 token from slot 2
[2022-12-13 00:05:17] [SEVERE ] removing player 3 token from slot 7
[2022-12-13 00:05:17] [SEVERE ] removing player 3 token from slot 9
[2022-12-13 00:05:17] [SEVERE ] player 3 placing token on slot 1
[2022-12-13 00:05:17] [SEVERE ] player 3 placing token on slot 3
[2022-12-13 00:05:17] [SEVERE ] player 3 placing token on slot 4
[2022-12-13 00:05:17] [SEVERE ] removing player 3 token from slot 1
[2022-12-13 00:05:17] [SEVERE ] removing player 3 token from slot 3
[2022-12-13 00:05:17] [SEVERE ] removing player 3 token from slot 4
[2022-12-13 00:05:17] [SEVERE ] player 3 placing token on slot 1
[2022-12-13 00:05:17] [SEVERE ] player 3 placing token on slot 0
[2022-12-13 00:05:17] [SEVERE ] player 3 placing token on slot 6
[2022-12-13 00:05:17] [SEVERE ] removing player 3 token from slot 0
[2022-12-13 00:05:17] [SEVERE ] removing player 3 token from slot 1
[2022-12-13 00:05:17] [SEVERE ] removing player 3 token from slot 6
[2022-12-13 00:05:17] [SEVERE ] player 3 placing token on slot 9
[2022-12-13 00:05:17] [SEVERE ] player 3 placing token on slot 6
[2022-12-13 00:05:17] [SEVERE ] player 3 placing token on slot 10
[2022-12-13 00:05:17] [SEVERE ] removing player 3 token from slot 6
[2022-12-13 00:05:17] [SEVERE ] removing player 3 token from slot 9
[2022-12-13 00:05:17] [SEVERE ] removing player 3 token from slot 10
[2022-12-13 00:05:17] [SEVERE ] player 3 placing token on slot 4
[2022-12-13 00:05:17] [SEVERE ] player 3 placing token on slot 0
[2022-12-13 00:05:17] [SEVERE ] player 3 placing token on slot 7
[2022-12-13 00:05:17] [SEVERE ] removing player 3 token from slot 0
[2022-12-13 00:05:17] [SEVERE ] removing player 3 token from slot 4
[2022-12-13 00:05:17] [SEVERE ] removing player 3 token from slot 7
[2022-12-13 00:05:17] [SEVERE ] player 3 placing token on slot 6
[2022-12-13 00:05:17] [SEVERE ] player 3 placing token on slot 1
