[2022-12-12 20:07:41] [INFO   ] cannot read configuration file config.properties trying from resources.
[2022-12-12 20:07:41] [INFO   ] configuration file was loaded from resources directory.
[2022-12-12 20:07:41] [INFO   ] Thread dealer starting.
[2022-12-12 20:07:41] [INFO   ] Thread Thread-2starting.
[2022-12-12 20:07:41] [INFO   ] Thread Thread-1starting.
[2022-12-12 20:07:41] [INFO   ] Thread Thread-0starting.
[2022-12-12 20:07:41] [INFO   ] Thread computer-2 starting.
[2022-12-12 20:07:42] [SEVERE ] placing card 4 in slot 0
[2022-12-12 20:07:42] [SEVERE ] placing card 27 in slot 1
[2022-12-12 20:07:42] [SEVERE ] placing card 3 in slot 2
[2022-12-12 20:07:42] [SEVERE ] placing card 2 in slot 3
[2022-12-12 20:07:42] [SEVERE ] placing card 12 in slot 4
[2022-12-12 20:07:42] [SEVERE ] placing card 73 in slot 5
[2022-12-12 20:07:42] [SEVERE ] placing card 25 in slot 6
[2022-12-12 20:07:42] [SEVERE ] placing card 60 in slot 7
[2022-12-12 20:07:42] [SEVERE ] placing card 24 in slot 8
[2022-12-12 20:07:43] [SEVERE ] placing card 49 in slot 9
[2022-12-12 20:07:43] [SEVERE ] placing card 65 in slot 10
[2022-12-12 20:07:43] [SEVERE ] placing card 69 in slot 11
[2022-12-12 20:07:43] [SEVERE ] player 2 placing token on slot 11
[2022-12-12 20:07:43] [SEVERE ] player 2 placing token on slot 8
[2022-12-12 20:07:43] [SEVERE ] player 2 placing token on slot 4
[2022-12-12 20:07:43] [SEVERE ] removing player 2 token from slot 4
[2022-12-12 20:07:43] [SEVERE ] removing player 2 token from slot 8
[2022-12-12 20:07:43] [SEVERE ] removing player 2 token from slot 11
[2022-12-12 20:07:43] [SEVERE ] player 2 placing token on slot 5
[2022-12-12 20:07:43] [SEVERE ] player 2 placing token on slot 11
[2022-12-12 20:07:43] [SEVERE ] player 2 placing token on slot 9
[2022-12-12 20:07:43] [SEVERE ] removing player 2 token from slot 5
[2022-12-12 20:07:43] [SEVERE ] removing player 2 token from slot 9
[2022-12-12 20:07:43] [SEVERE ] removing player 2 token from slot 11
[2022-12-12 20:07:43] [SEVERE ] player 2 placing token on slot 4
[2022-12-12 20:07:43] [SEVERE ] player 2 placing token on slot 9
[2022-12-12 20:07:43] [SEVERE ] player 2 placing token on slot 5
[2022-12-12 20:07:43] [SEVERE ] removing player 2 token from slot 4
[2022-12-12 20:07:43] [SEVERE ] removing player 2 token from slot 5
[2022-12-12 20:07:43] [SEVERE ] removing player 2 token from slot 9
[2022-12-12 20:07:43] [SEVERE ] player 2 placing token on slot 0
[2022-12-12 20:07:43] [SEVERE ] player 2 placing token on slot 2
[2022-12-12 20:07:43] [SEVERE ] player 2 placing token on slot 4
[2022-12-12 20:07:43] [SEVERE ] removing player 2 token from slot 0
[2022-12-12 20:07:43] [SEVERE ] removing player 2 token from slot 2
[2022-12-12 20:07:43] [SEVERE ] removing player 2 token from slot 4
[2022-12-12 20:07:43] [SEVERE ] player 2 placing token on slot 9
[2022-12-12 20:07:43] [SEVERE ] player 2 placing token on slot 4
[2022-12-12 20:07:43] [SEVERE ] player 2 placing token on slot 2
[2022-12-12 20:07:43] [SEVERE ] removing player 2 token from slot 2
[2022-12-12 20:07:43] [SEVERE ] removing player 2 token from slot 4
[2022-12-12 20:07:43] [SEVERE ] removing player 2 token from slot 9
[2022-12-12 20:07:43] [SEVERE ] player 2 placing token on slot 3
[2022-12-12 20:07:43] [SEVERE ] player 2 placing token on slot 9
[2022-12-12 20:07:43] [SEVERE ] player 2 placing token on slot 8
[2022-12-12 20:07:43] [SEVERE ] removing player 2 token from slot 3
[2022-12-12 20:07:43] [SEVERE ] removing player 2 token from slot 8
[2022-12-12 20:07:43] [SEVERE ] removing player 2 token from slot 9
[2022-12-12 20:07:43] [SEVERE ] player 2 placing token on slot 5
[2022-12-12 20:07:43] [SEVERE ] player 2 placing token on slot 2
[2022-12-12 20:07:43] [SEVERE ] player 2 placing token on slot 7
[2022-12-12 20:07:43] [SEVERE ] removing player 2 token from slot 2
[2022-12-12 20:07:43] [SEVERE ] removing player 2 token from slot 5
[2022-12-12 20:07:43] [SEVERE ] removing player 2 token from slot 7
[2022-12-12 20:07:43] [SEVERE ] player 2 placing token on slot 1
[2022-12-12 20:07:43] [SEVERE ] player 2 placing token on slot 0
[2022-12-12 20:07:43] [SEVERE ] player 2 placing token on slot 5
[2022-12-12 20:07:43] [SEVERE ] removing player 2 token from slot 0
[2022-12-12 20:07:43] [SEVERE ] removing player 2 token from slot 1
[2022-12-12 20:07:43] [SEVERE ] removing player 2 token from slot 5
[2022-12-12 20:07:43] [SEVERE ] player 2 placing token on slot 11
[2022-12-12 20:07:43] [SEVERE ] player 2 placing token on slot 10
[2022-12-12 20:07:43] [SEVERE ] player 2 placing token on slot 4
[2022-12-12 20:07:43] [SEVERE ] removing player 2 token from slot 4
[2022-12-12 20:07:43] [SEVERE ] removing player 2 token from slot 10
[2022-12-12 20:07:43] [SEVERE ] removing player 2 token from slot 11
[2022-12-12 20:07:43] [SEVERE ] player 2 placing token on slot 9
[2022-12-12 20:07:43] [SEVERE ] player 2 placing token on slot 5
[2022-12-12 20:07:43] [SEVERE ] player 2 placing token on slot 10
[2022-12-12 20:07:43] [SEVERE ] removing player 2 token from slot 5
[2022-12-12 20:07:43] [SEVERE ] removing player 2 token from slot 9
[2022-12-12 20:07:43] [SEVERE ] removing player 2 token from slot 10
[2022-12-12 20:07:43] [SEVERE ] player 2 placing token on slot 2
[2022-12-12 20:07:43] [SEVERE ] player 2 placing token on slot 8
[2022-12-12 20:07:43] [SEVERE ] player 2 placing token on slot 10
[2022-12-12 20:07:43] [SEVERE ] removing player 2 token from slot 2
[2022-12-12 20:07:43] [SEVERE ] removing player 2 token from slot 8
[2022-12-12 20:07:43] [SEVERE ] removing player 2 token from slot 10
[2022-12-12 20:07:43] [SEVERE ] player 2 placing token on slot 6
[2022-12-12 20:07:44] [SEVERE ] player 2 placing token on slot 7
[2022-12-12 20:07:44] [SEVERE ] player 2 placing token on slot 8
[2022-12-12 20:07:44] [SEVERE ] removing player 2 token from slot 6
[2022-12-12 20:07:44] [SEVERE ] removing player 2 token from slot 7
[2022-12-12 20:07:44] [SEVERE ] removing player 2 token from slot 8
[2022-12-12 20:07:44] [SEVERE ] player 2 placing token on slot 5
[2022-12-12 20:07:44] [SEVERE ] player 2 placing token on slot 10
[2022-12-12 20:07:44] [SEVERE ] player 2 placing token on slot 8
[2022-12-12 20:07:44] [SEVERE ] removing player 2 token from slot 5
[2022-12-12 20:07:44] [SEVERE ] removing player 2 token from slot 8
[2022-12-12 20:07:44] [SEVERE ] removing player 2 token from slot 10
[2022-12-12 20:07:44] [SEVERE ] player 2 placing token on slot 9
[2022-12-12 20:07:44] [SEVERE ] player 2 placing token on slot 5
[2022-12-12 20:07:44] [SEVERE ] player 2 placing token on slot 7
[2022-12-12 20:07:44] [SEVERE ] removing player 2 token from slot 5
[2022-12-12 20:07:44] [SEVERE ] removing player 2 token from slot 7
[2022-12-12 20:07:44] [SEVERE ] removing player 2 token from slot 9
[2022-12-12 20:07:44] [SEVERE ] player 2 placing token on slot 2
[2022-12-12 20:07:44] [SEVERE ] player 2 placing token on slot 3
[2022-12-12 20:07:44] [SEVERE ] player 2 placing token on slot 7
[2022-12-12 20:07:44] [SEVERE ] removing player 2 token from slot 2
[2022-12-12 20:07:44] [SEVERE ] removing player 2 token from slot 3
[2022-12-12 20:07:44] [SEVERE ] removing player 2 token from slot 7
[2022-12-12 20:07:44] [SEVERE ] player 2 placing token on slot 10
[2022-12-12 20:07:44] [SEVERE ] player 2 placing token on slot 5
[2022-12-12 20:07:44] [SEVERE ] player 2 placing token on slot 2
[2022-12-12 20:07:44] [SEVERE ] removing player 2 token from slot 2
[2022-12-12 20:07:44] [SEVERE ] removing player 2 token from slot 5
[2022-12-12 20:07:44] [SEVERE ] removing player 2 token from slot 10
[2022-12-12 20:07:44] [SEVERE ] player 2 placing token on slot 0
[2022-12-12 20:07:44] [SEVERE ] player 2 placing token on slot 10
[2022-12-12 20:07:44] [SEVERE ] player 2 placing token on slot 2
[2022-12-12 20:07:44] [SEVERE ] removing player 2 token from slot 0
[2022-12-12 20:07:44] [SEVERE ] removing player 2 token from slot 2
[2022-12-12 20:07:44] [SEVERE ] removing player 2 token from slot 10
[2022-12-12 20:07:44] [SEVERE ] player 2 placing token on slot 9
[2022-12-12 20:07:44] [SEVERE ] player 2 placing token on slot 1
[2022-12-12 20:07:44] [SEVERE ] player 2 placing token on slot 10
[2022-12-12 20:07:44] [SEVERE ] removing player 2 token from slot 1
[2022-12-12 20:07:44] [SEVERE ] removing player 2 token from slot 9
[2022-12-12 20:07:44] [SEVERE ] removing player 2 token from slot 10
[2022-12-12 20:07:44] [SEVERE ] player 2 placing token on slot 7
[2022-12-12 20:07:44] [SEVERE ] player 2 placing token on slot 8
[2022-12-12 20:07:44] [SEVERE ] player 2 placing token on slot 2
[2022-12-12 20:07:44] [SEVERE ] removing player 2 token from slot 2
[2022-12-12 20:07:44] [SEVERE ] removing player 2 token from slot 7
[2022-12-12 20:07:44] [SEVERE ] removing player 2 token from slot 8
[2022-12-12 20:07:44] [SEVERE ] player 2 placing token on slot 1
[2022-12-12 20:07:44] [SEVERE ] player 2 placing token on slot 5
[2022-12-12 20:07:44] [SEVERE ] player 2 placing token on slot 11
[2022-12-12 20:07:44] [SEVERE ] removing player 2 token from slot 1
[2022-12-12 20:07:44] [SEVERE ] removing player 2 token from slot 5
[2022-12-12 20:07:44] [SEVERE ] removing player 2 token from slot 11
[2022-12-12 20:07:44] [SEVERE ] player 2 placing token on slot 6
[2022-12-12 20:07:44] [SEVERE ] player 2 placing token on slot 5
[2022-12-12 20:07:44] [SEVERE ] player 2 placing token on slot 7
[2022-12-12 20:07:44] [SEVERE ] removing player 2 token from slot 5
[2022-12-12 20:07:44] [SEVERE ] removing player 2 token from slot 6
[2022-12-12 20:07:44] [SEVERE ] removing player 2 token from slot 7
[2022-12-12 20:07:44] [SEVERE ] player 2 placing token on slot 1
[2022-12-12 20:07:44] [SEVERE ] player 2 placing token on slot 3
[2022-12-12 20:07:44] [SEVERE ] player 2 placing token on slot 7
[2022-12-12 20:07:44] [SEVERE ] removing player 2 token from slot 1
[2022-12-12 20:07:44] [SEVERE ] removing player 2 token from slot 3
[2022-12-12 20:07:44] [SEVERE ] removing player 2 token from slot 7
[2022-12-12 20:07:44] [SEVERE ] player 2 placing token on slot 8
[2022-12-12 20:07:44] [SEVERE ] player 2 placing token on slot 11
[2022-12-12 20:07:44] [SEVERE ] player 2 placing token on slot 7
[2022-12-12 20:07:44] [SEVERE ] removing player 2 token from slot 7
[2022-12-12 20:07:44] [SEVERE ] removing player 2 token from slot 8
[2022-12-12 20:07:44] [SEVERE ] removing player 2 token from slot 11
[2022-12-12 20:07:44] [SEVERE ] player 2 placing token on slot 1
[2022-12-12 20:07:44] [SEVERE ] player 2 placing token on slot 3
[2022-12-12 20:07:44] [SEVERE ] player 2 placing token on slot 9
[2022-12-12 20:07:44] [SEVERE ] removing player 2 token from slot 1
[2022-12-12 20:07:44] [SEVERE ] removing player 2 token from slot 3
[2022-12-12 20:07:44] [SEVERE ] removing player 2 token from slot 9
[2022-12-12 20:07:44] [SEVERE ] player 2 placing token on slot 5
[2022-12-12 20:07:44] [SEVERE ] player 2 placing token on slot 8
[2022-12-12 20:07:44] [SEVERE ] player 2 placing token on slot 7
[2022-12-12 20:07:44] [SEVERE ] removing player 2 token from slot 5
[2022-12-12 20:07:44] [SEVERE ] removing player 2 token from slot 7
[2022-12-12 20:07:44] [SEVERE ] removing player 2 token from slot 8
[2022-12-12 20:07:44] [SEVERE ] player 2 placing token on slot 6
[2022-12-12 20:07:44] [SEVERE ] player 2 placing token on slot 0
[2022-12-12 20:07:44] [SEVERE ] player 2 placing token on slot 4
[2022-12-12 20:07:44] [SEVERE ] removing player 2 token from slot 0
[2022-12-12 20:07:44] [SEVERE ] removing player 2 token from slot 4
[2022-12-12 20:07:44] [SEVERE ] removing player 2 token from slot 6
[2022-12-12 20:07:44] [SEVERE ] player 2 placing token on slot 11
[2022-12-12 20:07:44] [SEVERE ] player 2 placing token on slot 5
[2022-12-12 20:07:44] [SEVERE ] player 2 placing token on slot 1
[2022-12-12 20:07:44] [SEVERE ] removing player 2 token from slot 1
[2022-12-12 20:07:44] [SEVERE ] removing player 2 token from slot 5
[2022-12-12 20:07:44] [SEVERE ] removing player 2 token from slot 11
[2022-12-12 20:07:44] [SEVERE ] player 2 placing token on slot 7
[2022-12-12 20:07:44] [SEVERE ] player 2 placing token on slot 2
[2022-12-12 20:07:44] [SEVERE ] player 2 placing token on slot 3
[2022-12-12 20:07:44] [SEVERE ] removing player 2 token from slot 2
[2022-12-12 20:07:44] [SEVERE ] removing player 2 token from slot 3
[2022-12-12 20:07:44] [SEVERE ] removing player 2 token from slot 7
[2022-12-12 20:07:44] [SEVERE ] player 2 placing token on slot 5
[2022-12-12 20:07:45] [SEVERE ] player 2 placing token on slot 9
[2022-12-12 20:07:45] [SEVERE ] player 2 placing token on slot 4
[2022-12-12 20:07:45] [SEVERE ] removing player 2 token from slot 4
[2022-12-12 20:07:45] [SEVERE ] removing player 2 token from slot 5
[2022-12-12 20:07:45] [SEVERE ] removing player 2 token from slot 9
[2022-12-12 20:07:45] [SEVERE ] player 2 placing token on slot 11
[2022-12-12 20:07:45] [SEVERE ] player 2 placing token on slot 9
