[2022-12-12 16:53:33] [INFO   ] cannot read configuration file config.properties trying from resources.
[2022-12-12 16:53:33] [INFO   ] configuration file was loaded from resources directory.
[2022-12-12 16:53:33] [INFO   ] Thread dealer starting.
[2022-12-12 16:53:33] [INFO   ] Thread Thread-1starting.
[2022-12-12 16:53:33] [INFO   ] Thread Thread-0starting.
[2022-12-12 16:53:33] [SEVERE ] placing card 74 in slot 0
[2022-12-12 16:53:33] [SEVERE ] placing card 19 in slot 1
[2022-12-12 16:53:33] [SEVERE ] placing card 71 in slot 2
[2022-12-12 16:53:34] [SEVERE ] placing card 52 in slot 3
[2022-12-12 16:53:34] [SEVERE ] placing card 14 in slot 4
[2022-12-12 16:53:34] [SEVERE ] placing card 29 in slot 5
[2022-12-12 16:53:34] [SEVERE ] placing card 35 in slot 6
[2022-12-12 16:53:34] [SEVERE ] placing card 2 in slot 7
[2022-12-12 16:53:34] [SEVERE ] placing card 12 in slot 8
[2022-12-12 16:53:34] [SEVERE ] placing card 79 in slot 9
[2022-12-12 16:53:34] [SEVERE ] placing card 70 in slot 10
[2022-12-12 16:53:34] [SEVERE ] placing card 5 in slot 11
[2022-12-12 16:53:42] [SEVERE ] Key 81 was pressed by player 0
[2022-12-12 16:53:42] [SEVERE ] player 0 placing token on slot 0
[2022-12-12 16:53:42] [SEVERE ] Key 69 was pressed by player 0
[2022-12-12 16:53:42] [SEVERE ] player 0 placing token on slot 2
[2022-12-12 16:53:42] [SEVERE ] Key 81 was pressed by player 0
[2022-12-12 16:53:42] [SEVERE ] removing player 0 token from slot 0
[2022-12-12 16:53:42] [SEVERE ] Key 87 was pressed by player 0
[2022-12-12 16:53:42] [SEVERE ] player 0 placing token on slot 1
[2022-12-12 16:53:42] [SEVERE ] Key 69 was pressed by player 0
[2022-12-12 16:53:42] [SEVERE ] removing player 0 token from slot 2
[2022-12-12 16:53:42] [SEVERE ] Key 81 was pressed by player 0
[2022-12-12 16:53:42] [SEVERE ] player 0 placing token on slot 0
[2022-12-12 16:53:42] [SEVERE ] Key 87 was pressed by player 0
[2022-12-12 16:53:42] [SEVERE ] removing player 0 token from slot 1
[2022-12-12 16:53:42] [SEVERE ] Key 69 was pressed by player 0
[2022-12-12 16:53:42] [SEVERE ] player 0 placing token on slot 2
[2022-12-12 16:53:42] [SEVERE ] Key 81 was pressed by player 0
[2022-12-12 16:53:42] [SEVERE ] removing player 0 token from slot 0
[2022-12-12 16:53:42] [SEVERE ] Key 87 was pressed by player 0
[2022-12-12 16:53:42] [SEVERE ] player 0 placing token on slot 1
[2022-12-12 16:53:42] [SEVERE ] Key 69 was pressed by player 0
[2022-12-12 16:53:42] [SEVERE ] removing player 0 token from slot 2
[2022-12-12 16:53:43] [SEVERE ] Key 81 was pressed by player 0
[2022-12-12 16:53:43] [SEVERE ] player 0 placing token on slot 0
[2022-12-12 16:53:43] [SEVERE ] Key 87 was pressed by player 0
[2022-12-12 16:53:43] [SEVERE ] removing player 0 token from slot 1
[2022-12-12 16:53:43] [SEVERE ] Key 69 was pressed by player 0
[2022-12-12 16:53:43] [SEVERE ] player 0 placing token on slot 2
[2022-12-12 16:53:43] [SEVERE ] Key 81 was pressed by player 0
[2022-12-12 16:53:43] [SEVERE ] removing player 0 token from slot 0
[2022-12-12 16:53:43] [SEVERE ] Key 87 was pressed by player 0
[2022-12-12 16:53:43] [SEVERE ] player 0 placing token on slot 1
[2022-12-12 16:53:43] [SEVERE ] Key 69 was pressed by player 0
[2022-12-12 16:53:43] [SEVERE ] removing player 0 token from slot 2
[2022-12-12 16:53:43] [SEVERE ] Key 81 was pressed by player 0
[2022-12-12 16:53:43] [SEVERE ] player 0 placing token on slot 0
[2022-12-12 16:53:43] [SEVERE ] Key 87 was pressed by player 0
[2022-12-12 16:53:43] [SEVERE ] removing player 0 token from slot 1
[2022-12-12 16:53:43] [SEVERE ] Key 69 was pressed by player 0
[2022-12-12 16:53:43] [SEVERE ] player 0 placing token on slot 2
[2022-12-12 16:53:43] [SEVERE ] Key 81 was pressed by player 0
[2022-12-12 16:53:43] [SEVERE ] removing player 0 token from slot 0
[2022-12-12 16:53:43] [SEVERE ] Key 87 was pressed by player 0
[2022-12-12 16:53:43] [SEVERE ] player 0 placing token on slot 1
[2022-12-12 16:53:43] [SEVERE ] Key 69 was pressed by player 0
[2022-12-12 16:53:43] [SEVERE ] removing player 0 token from slot 2
[2022-12-12 16:53:43] [SEVERE ] Key 87 was pressed by player 0
[2022-12-12 16:53:43] [SEVERE ] removing player 0 token from slot 1
[2022-12-12 16:53:43] [SEVERE ] Key 81 was pressed by player 0
[2022-12-12 16:53:43] [SEVERE ] player 0 placing token on slot 0
[2022-12-12 16:53:44] [SEVERE ] Key 69 was pressed by player 0
[2022-12-12 16:53:44] [SEVERE ] player 0 placing token on slot 2
[2022-12-12 16:53:44] [SEVERE ] Key 81 was pressed by player 0
[2022-12-12 16:53:44] [SEVERE ] removing player 0 token from slot 0
[2022-12-12 16:53:44] [SEVERE ] Key 87 was pressed by player 0
[2022-12-12 16:53:44] [SEVERE ] player 0 placing token on slot 1
[2022-12-12 16:53:44] [SEVERE ] Key 69 was pressed by player 0
[2022-12-12 16:53:44] [SEVERE ] removing player 0 token from slot 2
[2022-12-12 16:53:44] [SEVERE ] Key 81 was pressed by player 0
[2022-12-12 16:53:44] [SEVERE ] player 0 placing token on slot 0
[2022-12-12 16:53:44] [SEVERE ] Key 87 was pressed by player 0
[2022-12-12 16:53:44] [SEVERE ] removing player 0 token from slot 1
[2022-12-12 16:53:44] [SEVERE ] Key 69 was pressed by player 0
[2022-12-12 16:53:44] [SEVERE ] player 0 placing token on slot 2
[2022-12-12 16:53:44] [SEVERE ] Key 81 was pressed by player 0
[2022-12-12 16:53:44] [SEVERE ] removing player 0 token from slot 0
[2022-12-12 16:53:44] [SEVERE ] Key 87 was pressed by player 0
[2022-12-12 16:53:44] [SEVERE ] player 0 placing token on slot 1
[2022-12-12 16:53:44] [SEVERE ] Key 69 was pressed by player 0
[2022-12-12 16:53:44] [SEVERE ] removing player 0 token from slot 2
[2022-12-12 16:53:44] [SEVERE ] Key 81 was pressed by player 0
[2022-12-12 16:53:44] [SEVERE ] player 0 placing token on slot 0
[2022-12-12 16:53:44] [SEVERE ] Key 87 was pressed by player 0
[2022-12-12 16:53:44] [SEVERE ] removing player 0 token from slot 1
[2022-12-12 16:53:44] [SEVERE ] Key 69 was pressed by player 0
[2022-12-12 16:53:44] [SEVERE ] player 0 placing token on slot 2
[2022-12-12 16:53:45] [SEVERE ] Key 81 was pressed by player 0
[2022-12-12 16:53:45] [SEVERE ] removing player 0 token from slot 0
[2022-12-12 16:53:45] [SEVERE ] Key 87 was pressed by player 0
[2022-12-12 16:53:45] [SEVERE ] player 0 placing token on slot 1
[2022-12-12 16:53:45] [SEVERE ] Key 69 was pressed by player 0
[2022-12-12 16:53:45] [SEVERE ] removing player 0 token from slot 2
[2022-12-12 16:53:45] [SEVERE ] Key 81 was pressed by player 0
[2022-12-12 16:53:45] [SEVERE ] player 0 placing token on slot 0
[2022-12-12 16:53:45] [SEVERE ] Key 87 was pressed by player 0
[2022-12-12 16:53:45] [SEVERE ] removing player 0 token from slot 1
[2022-12-12 16:53:45] [SEVERE ] Key 69 was pressed by player 0
[2022-12-12 16:53:45] [SEVERE ] player 0 placing token on slot 2
[2022-12-12 16:53:45] [SEVERE ] Key 81 was pressed by player 0
[2022-12-12 16:53:45] [SEVERE ] removing player 0 token from slot 0
[2022-12-12 16:53:45] [SEVERE ] Key 87 was pressed by player 0
[2022-12-12 16:53:45] [SEVERE ] player 0 placing token on slot 1
[2022-12-12 16:53:45] [SEVERE ] Key 69 was pressed by player 0
[2022-12-12 16:53:45] [SEVERE ] removing player 0 token from slot 2
[2022-12-12 16:53:45] [SEVERE ] Key 81 was pressed by player 0
[2022-12-12 16:53:45] [SEVERE ] player 0 placing token on slot 0
[2022-12-12 16:53:45] [SEVERE ] Key 87 was pressed by player 0
[2022-12-12 16:53:45] [SEVERE ] removing player 0 token from slot 1
[2022-12-12 16:53:45] [SEVERE ] Key 69 was pressed by player 0
[2022-12-12 16:53:45] [SEVERE ] player 0 placing token on slot 2
[2022-12-12 16:53:45] [SEVERE ] Key 87 was pressed by player 0
[2022-12-12 16:53:45] [SEVERE ] player 0 placing token on slot 1
[2022-12-12 16:53:45] [SEVERE ] Key 81 was pressed by player 0
[2022-12-12 16:53:46] [SEVERE ] Key 69 was pressed by player 0
[2022-12-12 16:53:48] [SEVERE ] removing player 0 token from slot 2
[2022-12-12 16:53:48] [SEVERE ] Key 81 was pressed by player 0
[2022-12-12 16:53:48] [SEVERE ] removing player 0 token from slot 0
[2022-12-12 16:53:48] [SEVERE ] Key 87 was pressed by player 0
[2022-12-12 16:53:48] [SEVERE ] removing player 0 token from slot 1
[2022-12-12 16:53:48] [SEVERE ] Key 69 was pressed by player 0
[2022-12-12 16:53:48] [SEVERE ] player 0 placing token on slot 2
[2022-12-12 16:53:48] [SEVERE ] Key 81 was pressed by player 0
[2022-12-12 16:53:48] [SEVERE ] player 0 placing token on slot 0
[2022-12-12 16:53:48] [SEVERE ] Key 87 was pressed by player 0
[2022-12-12 16:53:48] [SEVERE ] player 0 placing token on slot 1
[2022-12-12 16:53:48] [SEVERE ] Key 69 was pressed by player 0
[2022-12-12 16:53:48] [SEVERE ] Key 81 was pressed by player 0
[2022-12-12 16:53:51] [SEVERE ] removing player 0 token from slot 0
[2022-12-12 16:53:51] [SEVERE ] Key 87 was pressed by player 0
[2022-12-12 16:53:51] [SEVERE ] removing player 0 token from slot 1
[2022-12-12 16:53:51] [SEVERE ] Key 69 was pressed by player 0
[2022-12-12 16:53:51] [SEVERE ] removing player 0 token from slot 2
[2022-12-12 16:53:51] [SEVERE ] Key 81 was pressed by player 0
[2022-12-12 16:53:51] [SEVERE ] player 0 placing token on slot 0
[2022-12-12 16:53:51] [SEVERE ] Key 87 was pressed by player 0
[2022-12-12 16:53:51] [SEVERE ] player 0 placing token on slot 1
[2022-12-12 16:53:51] [SEVERE ] Key 69 was pressed by player 0
[2022-12-12 16:53:51] [SEVERE ] player 0 placing token on slot 2
[2022-12-12 16:53:51] [SEVERE ] Key 87 was pressed by player 0
[2022-12-12 16:53:51] [SEVERE ] removing player 0 token from slot 1
[2022-12-12 16:53:51] [SEVERE ] Key 69 was pressed by player 0
[2022-12-12 16:53:51] [SEVERE ] Key 81 was pressed by player 0
[2022-12-12 16:53:54] [SEVERE ] removing player 0 token from slot 0
[2022-12-12 16:53:54] [SEVERE ] Key 87 was pressed by player 0
[2022-12-12 16:53:54] [SEVERE ] player 0 placing token on slot 1
[2022-12-12 16:53:54] [SEVERE ] Key 81 was pressed by player 0
[2022-12-12 16:53:54] [SEVERE ] player 0 placing token on slot 0
[2022-12-12 16:53:54] [SEVERE ] Key 87 was pressed by player 0
