[2022-12-12 20:04:04] [INFO   ] cannot read configuration file config.properties trying from resources.
[2022-12-12 20:04:04] [INFO   ] configuration file was loaded from resources directory.
[2022-12-12 20:04:04] [INFO   ] Thread Thread-0starting.
[2022-12-12 20:04:04] [INFO   ] Thread Thread-1starting.
[2022-12-12 20:04:04] [INFO   ] Thread dealer starting.
[2022-12-12 20:04:05] [SEVERE ] placing card 44 in slot 0
[2022-12-12 20:04:05] [SEVERE ] placing card 51 in slot 1
[2022-12-12 20:04:05] [SEVERE ] placing card 68 in slot 2
[2022-12-12 20:04:05] [SEVERE ] placing card 0 in slot 3
[2022-12-12 20:04:05] [SEVERE ] placing card 31 in slot 4
[2022-12-12 20:04:05] [SEVERE ] placing card 23 in slot 5
[2022-12-12 20:04:05] [SEVERE ] placing card 19 in slot 6
[2022-12-12 20:04:05] [SEVERE ] placing card 1 in slot 7
[2022-12-12 20:04:05] [SEVERE ] placing card 47 in slot 8
[2022-12-12 20:04:06] [SEVERE ] placing card 4 in slot 9
[2022-12-12 20:04:06] [SEVERE ] placing card 40 in slot 10
[2022-12-12 20:04:06] [SEVERE ] placing card 39 in slot 11
[2022-12-12 20:04:28] [SEVERE ] Key 69 was pressed by player 0
[2022-12-12 20:04:28] [SEVERE ] player 0 placing token on slot 2
[2022-12-12 20:04:29] [SEVERE ] Key 90 was pressed by player 0
[2022-12-12 20:04:29] [SEVERE ] player 0 placing token on slot 8
[2022-12-12 20:04:31] [SEVERE ] Key 70 was pressed by player 0
[2022-12-12 20:04:31] [SEVERE ] player 0 placing token on slot 7
[2022-12-12 20:04:33] [SEVERE ] Key 70 was pressed by player 0
[2022-12-12 20:04:33] [SEVERE ] removing player 0 token from slot 7
[2022-12-12 20:04:38] [SEVERE ] Key 69 was pressed by player 0
[2022-12-12 20:04:38] [SEVERE ] removing player 0 token from slot 2
[2022-12-12 20:04:39] [SEVERE ] Key 90 was pressed by player 0
[2022-12-12 20:04:39] [SEVERE ] removing player 0 token from slot 8
[2022-12-12 20:04:46] [SEVERE ] Key 69 was pressed by player 0
[2022-12-12 20:04:46] [SEVERE ] player 0 placing token on slot 2
[2022-12-12 20:04:47] [SEVERE ] Key 87 was pressed by player 0
[2022-12-12 20:04:47] [SEVERE ] player 0 placing token on slot 1
[2022-12-12 20:04:51] [SEVERE ] Key 70 was pressed by player 0
[2022-12-12 20:04:51] [SEVERE ] player 0 placing token on slot 7
[2022-12-12 20:04:51] [SEVERE ] removing tokens from slot 1
[2022-12-12 20:04:51] [SEVERE ] removing card from slot 1
[2022-12-12 20:04:51] [SEVERE ] removing tokens from slot 2
[2022-12-12 20:04:51] [SEVERE ] removing card from slot 2
[2022-12-12 20:04:51] [SEVERE ] removing tokens from slot 7
[2022-12-12 20:04:51] [SEVERE ] removing card from slot 7
[2022-12-12 20:04:51] [SEVERE ] setting player 0 score to 1
[2022-12-12 20:04:51] [SEVERE ] placing card 70 in slot 1
[2022-12-12 20:04:51] [SEVERE ] placing card 25 in slot 2
[2022-12-12 20:04:52] [SEVERE ] placing card 30 in slot 7
[2022-12-12 20:04:53] [SEVERE ] Key 81 was pressed by player 0
[2022-12-12 20:04:54] [SEVERE ] Key 87 was pressed by player 0
[2022-12-12 20:04:54] [SEVERE ] Key 69 was pressed by player 0
[2022-12-12 20:04:54] [SEVERE ] Key 87 was pressed by player 0
[2022-12-12 20:04:55] [SEVERE ] Key 81 was pressed by player 0
[2022-12-12 20:04:55] [SEVERE ] Key 87 was pressed by player 0
[2022-12-12 20:04:55] [SEVERE ] Key 69 was pressed by player 0
[2022-12-12 20:04:59] [SEVERE ] Key 81 was pressed by player 0
[2022-12-12 20:04:59] [SEVERE ] player 0 placing token on slot 0
[2022-12-12 20:04:59] [SEVERE ] Key 87 was pressed by player 0
[2022-12-12 20:04:59] [SEVERE ] player 0 placing token on slot 1
