[2022-12-10 11:36:48] [INFO   ] cannot read configuration file config.properties trying from resources.
[2022-12-10 11:36:48] [INFO   ] configuration file was loaded from resources directory.
[2022-12-10 11:36:48] [INFO   ] Thread dealer starting.
[2022-12-10 11:36:48] [INFO   ] Thread Thread-1starting.
[2022-12-10 11:36:48] [INFO   ] Thread Thread-0starting.
[2022-12-10 11:36:48] [SEVERE ] placing card 78 in slot 0
[2022-12-10 11:36:49] [SEVERE ] placing card 74 in slot 1
[2022-12-10 11:36:49] [SEVERE ] placing card 1 in slot 2
[2022-12-10 11:36:49] [SEVERE ] placing card 30 in slot 3
[2022-12-10 11:36:49] [SEVERE ] placing card 48 in slot 4
[2022-12-10 11:36:49] [SEVERE ] placing card 5 in slot 5
[2022-12-10 11:36:49] [SEVERE ] placing card 11 in slot 6
[2022-12-10 11:36:49] [SEVERE ] placing card 15 in slot 7
[2022-12-10 11:36:49] [SEVERE ] placing card 38 in slot 8
[2022-12-10 11:36:49] [SEVERE ] placing card 3 in slot 9
[2022-12-10 11:36:50] [SEVERE ] placing card 0 in slot 10
[2022-12-10 11:36:50] [SEVERE ] placing card 44 in slot 11
[2022-12-10 11:36:56] [SEVERE ] removing tokens from slot 0
[2022-12-10 11:36:56] [SEVERE ] removing card from slot 0
[2022-12-10 11:36:56] [SEVERE ] removing tokens from slot 1
[2022-12-10 11:36:56] [SEVERE ] removing card from slot 1
[2022-12-10 11:36:56] [SEVERE ] removing tokens from slot 2
[2022-12-10 11:36:56] [SEVERE ] removing card from slot 2
[2022-12-10 11:36:56] [SEVERE ] removing tokens from slot 3
[2022-12-10 11:36:56] [SEVERE ] removing card from slot 3
[2022-12-10 11:36:56] [SEVERE ] removing tokens from slot 4
[2022-12-10 11:36:56] [SEVERE ] removing card from slot 4
[2022-12-10 11:36:56] [SEVERE ] removing tokens from slot 5
[2022-12-10 11:36:56] [SEVERE ] removing card from slot 5
[2022-12-10 11:36:56] [SEVERE ] removing tokens from slot 6
[2022-12-10 11:36:56] [SEVERE ] removing card from slot 6
[2022-12-10 11:36:57] [SEVERE ] removing tokens from slot 7
[2022-12-10 11:36:57] [SEVERE ] removing card from slot 7
[2022-12-10 11:36:57] [SEVERE ] removing tokens from slot 8
[2022-12-10 11:36:57] [SEVERE ] removing card from slot 8
[2022-12-10 11:36:57] [SEVERE ] removing tokens from slot 9
[2022-12-10 11:36:57] [SEVERE ] removing card from slot 9
[2022-12-10 11:36:57] [SEVERE ] removing tokens from slot 10
[2022-12-10 11:36:57] [SEVERE ] removing card from slot 10
[2022-12-10 11:36:57] [SEVERE ] removing tokens from slot 11
[2022-12-10 11:36:57] [SEVERE ] removing card from slot 11
[2022-12-10 11:36:57] [SEVERE ] placing card 46 in slot 0
[2022-12-10 11:36:57] [SEVERE ] placing card 8 in slot 1
[2022-12-10 11:36:57] [SEVERE ] placing card 75 in slot 2
[2022-12-10 11:36:57] [SEVERE ] placing card 1 in slot 3
[2022-12-10 11:36:58] [SEVERE ] placing card 30 in slot 4
[2022-12-10 11:36:58] [SEVERE ] placing card 71 in slot 5
[2022-12-10 11:36:58] [SEVERE ] placing card 56 in slot 6
[2022-12-10 11:36:58] [SEVERE ] placing card 78 in slot 7
[2022-12-10 11:36:58] [SEVERE ] placing card 0 in slot 8
[2022-12-10 11:36:58] [SEVERE ] placing card 67 in slot 9
[2022-12-10 11:36:58] [SEVERE ] placing card 38 in slot 10
[2022-12-10 11:36:58] [SEVERE ] placing card 28 in slot 11
