[2022-12-13 01:28:45] [INFO   ] cannot read configuration file config.properties trying from resources.
[2022-12-13 01:28:45] [INFO   ] configuration file was loaded from resources directory.
[2022-12-13 01:28:46] [INFO   ] Thread Thread-0starting.
[2022-12-13 01:28:46] [INFO   ] Thread Thread-2starting.
[2022-12-13 01:28:46] [INFO   ] Thread Thread-3starting.
[2022-12-13 01:28:46] [INFO   ] Thread Thread-1starting.
[2022-12-13 01:28:46] [INFO   ] Thread dealer starting.
[2022-12-13 01:28:46] [INFO   ] Thread computer-2 starting.
[2022-12-13 01:28:46] [INFO   ] Thread computer-3 starting.
[2022-12-13 01:28:46] [SEVERE ] placing card 74 in slot 0
[2022-12-13 01:28:46] [SEVERE ] placing card 68 in slot 1
[2022-12-13 01:28:46] [SEVERE ] placing card 41 in slot 2
[2022-12-13 01:28:46] [SEVERE ] placing card 57 in slot 3
[2022-12-13 01:28:46] [SEVERE ] placing card 40 in slot 4
[2022-12-13 01:28:46] [SEVERE ] placing card 20 in slot 5
[2022-12-13 01:28:47] [SEVERE ] placing card 61 in slot 6
[2022-12-13 01:28:47] [SEVERE ] placing card 54 in slot 7
[2022-12-13 01:28:47] [SEVERE ] placing card 76 in slot 8
[2022-12-13 01:28:47] [SEVERE ] placing card 66 in slot 9
[2022-12-13 01:28:47] [SEVERE ] placing card 45 in slot 10
[2022-12-13 01:28:47] [SEVERE ] placing card 18 in slot 11
[2022-12-13 01:28:47] [SEVERE ] player 2 placing token on slot 5
[2022-12-13 01:28:47] [SEVERE ] player 3 placing token on slot 10
[2022-12-13 01:28:47] [SEVERE ] player 2 placing token on slot 8
[2022-12-13 01:28:47] [SEVERE ] player 3 placing token on slot 11
[2022-12-13 01:28:47] [SEVERE ] player 2 placing token on slot 2
[2022-12-13 01:28:47] [SEVERE ] removing player 2 token from slot 2
[2022-12-13 01:28:47] [SEVERE ] removing player 2 token from slot 5
[2022-12-13 01:28:47] [SEVERE ] removing player 2 token from slot 8
[2022-12-13 01:28:47] [SEVERE ] player 3 placing token on slot 0
[2022-12-13 01:28:47] [SEVERE ] removing player 3 token from slot 0
[2022-12-13 01:28:47] [SEVERE ] removing player 3 token from slot 10
[2022-12-13 01:28:47] [SEVERE ] removing player 3 token from slot 11
[2022-12-13 01:28:47] [SEVERE ] player 3 placing token on slot 1
[2022-12-13 01:28:47] [SEVERE ] player 2 placing token on slot 8
[2022-12-13 01:28:47] [SEVERE ] player 3 placing token on slot 6
[2022-12-13 01:28:47] [SEVERE ] player 2 placing token on slot 5
[2022-12-13 01:28:47] [SEVERE ] player 3 placing token on slot 2
[2022-12-13 01:28:47] [SEVERE ] removing player 3 token from slot 1
[2022-12-13 01:28:47] [SEVERE ] removing player 3 token from slot 2
[2022-12-13 01:28:47] [SEVERE ] removing player 3 token from slot 6
[2022-12-13 01:28:47] [SEVERE ] player 2 placing token on slot 2
[2022-12-13 01:28:47] [SEVERE ] removing player 2 token from slot 2
[2022-12-13 01:28:47] [SEVERE ] removing player 2 token from slot 5
[2022-12-13 01:28:47] [SEVERE ] removing player 2 token from slot 8
[2022-12-13 01:28:47] [SEVERE ] player 3 placing token on slot 6
[2022-12-13 01:28:47] [SEVERE ] player 2 placing token on slot 11
[2022-12-13 01:28:47] [SEVERE ] player 3 placing token on slot 9
[2022-12-13 01:28:47] [SEVERE ] player 2 placing token on slot 7
[2022-12-13 01:28:47] [SEVERE ] player 3 placing token on slot 2
[2022-12-13 01:28:47] [SEVERE ] removing player 3 token from slot 2
[2022-12-13 01:28:47] [SEVERE ] removing player 3 token from slot 6
[2022-12-13 01:28:47] [SEVERE ] removing player 3 token from slot 9
[2022-12-13 01:28:47] [SEVERE ] player 2 placing token on slot 9
[2022-12-13 01:28:47] [SEVERE ] removing player 2 token from slot 7
[2022-12-13 01:28:47] [SEVERE ] removing player 2 token from slot 9
[2022-12-13 01:28:47] [SEVERE ] removing player 2 token from slot 11
[2022-12-13 01:28:47] [SEVERE ] player 2 placing token on slot 8
[2022-12-13 01:28:47] [SEVERE ] player 3 placing token on slot 0
[2022-12-13 01:28:47] [SEVERE ] player 2 placing token on slot 9
[2022-12-13 01:28:47] [SEVERE ] player 3 placing token on slot 5
[2022-12-13 01:28:47] [SEVERE ] player 2 placing token on slot 11
[2022-12-13 01:28:47] [SEVERE ] removing player 2 token from slot 8
[2022-12-13 01:28:47] [SEVERE ] removing player 2 token from slot 9
[2022-12-13 01:28:47] [SEVERE ] removing player 2 token from slot 11
[2022-12-13 01:28:47] [SEVERE ] player 3 placing token on slot 2
[2022-12-13 01:28:47] [SEVERE ] removing player 3 token from slot 0
[2022-12-13 01:28:47] [SEVERE ] removing player 3 token from slot 2
[2022-12-13 01:28:47] [SEVERE ] removing player 3 token from slot 5
[2022-12-13 01:28:47] [SEVERE ] player 3 placing token on slot 9
[2022-12-13 01:28:47] [SEVERE ] player 2 placing token on slot 8
[2022-12-13 01:28:48] [SEVERE ] player 2 placing token on slot 2
[2022-12-13 01:28:48] [SEVERE ] player 3 placing token on slot 11
[2022-12-13 01:28:48] [SEVERE ] player 3 placing token on slot 2
[2022-12-13 01:28:48] [SEVERE ] player 2 placing token on slot 5
[2022-12-13 01:28:48] [SEVERE ] removing player 3 token from slot 2
[2022-12-13 01:28:48] [SEVERE ] removing player 3 token from slot 9
[2022-12-13 01:28:48] [SEVERE ] removing player 3 token from slot 11
[2022-12-13 01:28:48] [SEVERE ] removing player 2 token from slot 2
[2022-12-13 01:28:48] [SEVERE ] removing player 2 token from slot 5
[2022-12-13 01:28:48] [SEVERE ] removing player 2 token from slot 8
[2022-12-13 01:28:48] [SEVERE ] player 2 placing token on slot 10
[2022-12-13 01:28:48] [SEVERE ] player 3 placing token on slot 11
[2022-12-13 01:28:48] [SEVERE ] player 2 placing token on slot 4
[2022-12-13 01:28:48] [SEVERE ] player 3 placing token on slot 3
[2022-12-13 01:28:48] [SEVERE ] player 2 placing token on slot 0
[2022-12-13 01:28:48] [SEVERE ] removing player 2 token from slot 0
[2022-12-13 01:28:48] [SEVERE ] removing player 2 token from slot 4
[2022-12-13 01:28:48] [SEVERE ] removing player 2 token from slot 10
[2022-12-13 01:28:48] [SEVERE ] player 3 placing token on slot 5
[2022-12-13 01:28:48] [SEVERE ] removing player 3 token from slot 3
[2022-12-13 01:28:48] [SEVERE ] removing player 3 token from slot 5
[2022-12-13 01:28:48] [SEVERE ] removing player 3 token from slot 11
[2022-12-13 01:28:48] [SEVERE ] player 2 placing token on slot 2
[2022-12-13 01:28:48] [SEVERE ] player 3 placing token on slot 7
[2022-12-13 01:28:48] [SEVERE ] player 2 placing token on slot 4
[2022-12-13 01:28:48] [SEVERE ] player 3 placing token on slot 8
[2022-12-13 01:28:48] [SEVERE ] player 2 placing token on slot 1
[2022-12-13 01:28:48] [SEVERE ] removing player 2 token from slot 1
[2022-12-13 01:28:48] [SEVERE ] removing player 2 token from slot 2
[2022-12-13 01:28:48] [SEVERE ] removing player 2 token from slot 4
[2022-12-13 01:28:48] [SEVERE ] player 3 placing token on slot 11
[2022-12-13 01:28:48] [SEVERE ] removing player 3 token from slot 7
[2022-12-13 01:28:48] [SEVERE ] removing player 3 token from slot 8
[2022-12-13 01:28:48] [SEVERE ] removing player 3 token from slot 11
[2022-12-13 01:28:48] [SEVERE ] player 2 placing token on slot 3
[2022-12-13 01:28:48] [SEVERE ] player 2 placing token on slot 7
[2022-12-13 01:28:48] [SEVERE ] player 3 placing token on slot 11
[2022-12-13 01:28:48] [SEVERE ] player 3 placing token on slot 4
[2022-12-13 01:28:48] [SEVERE ] player 2 placing token on slot 1
[2022-12-13 01:28:48] [SEVERE ] removing player 2 token from slot 1
[2022-12-13 01:28:48] [SEVERE ] removing player 2 token from slot 3
[2022-12-13 01:28:48] [SEVERE ] removing player 2 token from slot 7
[2022-12-13 01:28:48] [SEVERE ] player 3 placing token on slot 8
[2022-12-13 01:28:48] [SEVERE ] removing player 3 token from slot 4
[2022-12-13 01:28:48] [SEVERE ] removing player 3 token from slot 8
[2022-12-13 01:28:48] [SEVERE ] removing player 3 token from slot 11
[2022-12-13 01:28:48] [SEVERE ] player 2 placing token on slot 9
[2022-12-13 01:28:48] [SEVERE ] player 3 placing token on slot 4
[2022-12-13 01:28:48] [SEVERE ] player 2 placing token on slot 4
[2022-12-13 01:28:48] [SEVERE ] player 3 placing token on slot 6
[2022-12-13 01:28:48] [SEVERE ] player 2 placing token on slot 5
[2022-12-13 01:28:48] [SEVERE ] removing player 2 token from slot 4
[2022-12-13 01:28:48] [SEVERE ] removing player 2 token from slot 5
[2022-12-13 01:28:48] [SEVERE ] removing player 2 token from slot 9
[2022-12-13 01:28:48] [SEVERE ] player 3 placing token on slot 2
[2022-12-13 01:28:48] [SEVERE ] removing player 3 token from slot 2
[2022-12-13 01:28:48] [SEVERE ] removing player 3 token from slot 4
[2022-12-13 01:28:48] [SEVERE ] removing player 3 token from slot 6
[2022-12-13 01:28:48] [SEVERE ] player 2 placing token on slot 3
[2022-12-13 01:28:48] [SEVERE ] player 3 placing token on slot 8
[2022-12-13 01:28:48] [SEVERE ] player 2 placing token on slot 7
[2022-12-13 01:28:48] [SEVERE ] player 3 placing token on slot 1
[2022-12-13 01:28:48] [SEVERE ] player 3 placing token on slot 9
[2022-12-13 01:28:48] [SEVERE ] player 2 placing token on slot 2
[2022-12-13 01:28:48] [SEVERE ] removing player 3 token from slot 1
[2022-12-13 01:28:48] [SEVERE ] removing player 2 token from slot 2
[2022-12-13 01:28:48] [SEVERE ] removing player 2 token from slot 3
[2022-12-13 01:28:48] [SEVERE ] removing player 2 token from slot 7
[2022-12-13 01:28:48] [SEVERE ] removing player 3 token from slot 8
[2022-12-13 01:28:48] [SEVERE ] removing player 3 token from slot 9
[2022-12-13 01:28:48] [SEVERE ] player 2 placing token on slot 8
[2022-12-13 01:28:48] [SEVERE ] player 3 placing token on slot 2
[2022-12-13 01:28:48] [SEVERE ] player 3 placing token on slot 5
[2022-12-13 01:28:48] [SEVERE ] player 2 placing token on slot 4
[2022-12-13 01:28:48] [SEVERE ] player 3 placing token on slot 1
[2022-12-13 01:28:48] [SEVERE ] removing player 3 token from slot 1
[2022-12-13 01:28:48] [SEVERE ] removing player 3 token from slot 2
[2022-12-13 01:28:48] [SEVERE ] removing player 3 token from slot 5
[2022-12-13 01:28:48] [SEVERE ] player 2 placing token on slot 2
[2022-12-13 01:28:48] [SEVERE ] removing player 2 token from slot 2
[2022-12-13 01:28:48] [SEVERE ] removing player 2 token from slot 4
[2022-12-13 01:28:48] [SEVERE ] removing player 2 token from slot 8
[2022-12-13 01:28:48] [SEVERE ] player 3 placing token on slot 3
[2022-12-13 01:28:48] [SEVERE ] player 2 placing token on slot 11
[2022-12-13 01:28:48] [SEVERE ] player 3 placing token on slot 11
[2022-12-13 01:28:48] [SEVERE ] player 3 placing token on slot 5
[2022-12-13 01:28:48] [SEVERE ] removing player 3 token from slot 3
[2022-12-13 01:28:48] [SEVERE ] removing player 3 token from slot 5
[2022-12-13 01:28:48] [SEVERE ] removing player 3 token from slot 11
[2022-12-13 01:28:48] [SEVERE ] player 2 placing token on slot 10
[2022-12-13 01:28:48] [SEVERE ] player 3 placing token on slot 4
[2022-12-13 01:28:48] [SEVERE ] player 2 placing token on slot 4
[2022-12-13 01:28:48] [SEVERE ] removing player 2 token from slot 4
[2022-12-13 01:28:48] [SEVERE ] removing player 2 token from slot 10
[2022-12-13 01:28:48] [SEVERE ] removing player 2 token from slot 11
[2022-12-13 01:28:48] [SEVERE ] player 3 placing token on slot 10
[2022-12-13 01:28:48] [SEVERE ] player 2 placing token on slot 10
[2022-12-13 01:28:48] [SEVERE ] player 3 placing token on slot 3
[2022-12-13 01:28:48] [SEVERE ] removing player 3 token from slot 3
[2022-12-13 01:28:48] [SEVERE ] removing player 3 token from slot 4
[2022-12-13 01:28:48] [SEVERE ] removing player 3 token from slot 10
[2022-12-13 01:28:48] [SEVERE ] player 2 placing token on slot 8
[2022-12-13 01:28:48] [SEVERE ] player 3 placing token on slot 8
[2022-12-13 01:28:48] [SEVERE ] player 2 placing token on slot 3
[2022-12-13 01:28:48] [SEVERE ] removing player 2 token from slot 3
[2022-12-13 01:28:48] [SEVERE ] removing player 2 token from slot 8
[2022-12-13 01:28:48] [SEVERE ] removing player 2 token from slot 10
[2022-12-13 01:28:48] [SEVERE ] player 3 placing token on slot 2
[2022-12-13 01:28:48] [SEVERE ] player 2 placing token on slot 6
[2022-12-13 01:28:48] [SEVERE ] player 3 placing token on slot 10
[2022-12-13 01:28:48] [SEVERE ] removing player 3 token from slot 2
[2022-12-13 01:28:48] [SEVERE ] removing player 3 token from slot 8
[2022-12-13 01:28:48] [SEVERE ] removing player 3 token from slot 10
[2022-12-13 01:28:48] [SEVERE ] player 2 placing token on slot 5
[2022-12-13 01:28:48] [SEVERE ] player 3 placing token on slot 3
[2022-12-13 01:28:48] [SEVERE ] player 3 placing token on slot 5
[2022-12-13 01:28:48] [SEVERE ] player 2 placing token on slot 10
[2022-12-13 01:28:48] [SEVERE ] removing player 2 token from slot 5
[2022-12-13 01:28:48] [SEVERE ] removing player 2 token from slot 6
[2022-12-13 01:28:48] [SEVERE ] removing player 2 token from slot 10
[2022-12-13 01:28:48] [SEVERE ] player 2 placing token on slot 0
[2022-12-13 01:28:48] [SEVERE ] player 3 placing token on slot 8
[2022-12-13 01:28:48] [SEVERE ] removing player 3 token from slot 3
[2022-12-13 01:28:48] [SEVERE ] removing player 3 token from slot 5
[2022-12-13 01:28:48] [SEVERE ] removing player 3 token from slot 8
[2022-12-13 01:28:48] [SEVERE ] player 3 placing token on slot 8
[2022-12-13 01:28:48] [SEVERE ] player 2 placing token on slot 8
[2022-12-13 01:28:48] [SEVERE ] player 3 placing token on slot 4
[2022-12-13 01:28:48] [SEVERE ] player 2 placing token on slot 11
[2022-12-13 01:28:48] [SEVERE ] removing player 2 token from slot 0
[2022-12-13 01:28:48] [SEVERE ] removing player 2 token from slot 8
[2022-12-13 01:28:48] [SEVERE ] removing player 2 token from slot 11
[2022-12-13 01:28:48] [SEVERE ] player 2 placing token on slot 1
[2022-12-13 01:28:49] [SEVERE ] player 3 placing token on slot 0
[2022-12-13 01:28:49] [SEVERE ] removing player 3 token from slot 0
[2022-12-13 01:28:49] [SEVERE ] removing player 3 token from slot 4
[2022-12-13 01:28:49] [SEVERE ] removing player 3 token from slot 8
[2022-12-13 01:28:49] [SEVERE ] player 2 placing token on slot 7
[2022-12-13 01:28:49] [SEVERE ] player 3 placing token on slot 2
[2022-12-13 01:28:49] [SEVERE ] player 2 placing token on slot 5
[2022-12-13 01:28:49] [SEVERE ] removing player 2 token from slot 1
[2022-12-13 01:28:49] [SEVERE ] removing player 2 token from slot 5
[2022-12-13 01:28:49] [SEVERE ] removing player 2 token from slot 7
[2022-12-13 01:28:49] [SEVERE ] player 3 placing token on slot 7
[2022-12-13 01:28:49] [SEVERE ] player 2 placing token on slot 2
[2022-12-13 01:28:49] [SEVERE ] player 2 placing token on slot 5
[2022-12-13 01:28:49] [SEVERE ] player 3 placing token on slot 0
[2022-12-13 01:28:49] [SEVERE ] removing player 3 token from slot 0
[2022-12-13 01:28:49] [SEVERE ] removing player 3 token from slot 2
[2022-12-13 01:28:49] [SEVERE ] removing player 3 token from slot 7
[2022-12-13 01:28:49] [SEVERE ] player 2 placing token on slot 11
[2022-12-13 01:28:49] [SEVERE ] removing player 2 token from slot 2
[2022-12-13 01:28:49] [SEVERE ] removing player 2 token from slot 5
[2022-12-13 01:28:49] [SEVERE ] removing player 2 token from slot 11
[2022-12-13 01:28:49] [SEVERE ] player 3 placing token on slot 10
[2022-12-13 01:28:49] [SEVERE ] player 3 placing token on slot 2
[2022-12-13 01:28:49] [SEVERE ] player 2 placing token on slot 10
[2022-12-13 01:28:49] [SEVERE ] player 2 placing token on slot 7
[2022-12-13 01:28:49] [SEVERE ] player 3 placing token on slot 8
[2022-12-13 01:28:49] [SEVERE ] removing player 3 token from slot 2
[2022-12-13 01:28:49] [SEVERE ] removing player 3 token from slot 8
[2022-12-13 01:28:49] [SEVERE ] removing player 3 token from slot 10
[2022-12-13 01:28:49] [SEVERE ] player 3 placing token on slot 2
[2022-12-13 01:28:49] [SEVERE ] player 2 placing token on slot 2
[2022-12-13 01:28:49] [SEVERE ] removing player 2 token from slot 2
[2022-12-13 01:28:49] [SEVERE ] removing player 2 token from slot 7
[2022-12-13 01:28:49] [SEVERE ] removing player 2 token from slot 10
[2022-12-13 01:28:49] [SEVERE ] player 3 placing token on slot 4
[2022-12-13 01:28:49] [SEVERE ] player 2 placing token on slot 10
[2022-12-13 01:28:49] [SEVERE ] player 3 placing token on slot 1
[2022-12-13 01:28:49] [SEVERE ] removing player 3 token from slot 1
[2022-12-13 01:28:49] [SEVERE ] removing player 3 token from slot 2
[2022-12-13 01:28:49] [SEVERE ] removing player 3 token from slot 4
[2022-12-13 01:28:49] [SEVERE ] player 2 placing token on slot 3
[2022-12-13 01:28:49] [SEVERE ] player 2 placing token on slot 5
[2022-12-13 01:28:49] [SEVERE ] removing player 2 token from slot 3
[2022-12-13 01:28:49] [SEVERE ] removing player 2 token from slot 5
[2022-12-13 01:28:49] [SEVERE ] removing player 2 token from slot 10
[2022-12-13 01:28:49] [SEVERE ] player 3 placing token on slot 9
[2022-12-13 01:28:49] [SEVERE ] player 2 placing token on slot 10
[2022-12-13 01:28:49] [SEVERE ] player 3 placing token on slot 11
[2022-12-13 01:28:49] [SEVERE ] player 3 placing token on slot 0
[2022-12-13 01:28:49] [SEVERE ] player 2 placing token on slot 8
[2022-12-13 01:28:49] [SEVERE ] removing player 3 token from slot 0
[2022-12-13 01:28:49] [SEVERE ] removing player 3 token from slot 9
[2022-12-13 01:28:49] [SEVERE ] removing player 3 token from slot 11
[2022-12-13 01:28:49] [SEVERE ] player 2 placing token on slot 11
[2022-12-13 01:28:49] [SEVERE ] removing player 2 token from slot 8
[2022-12-13 01:28:49] [SEVERE ] removing player 2 token from slot 10
[2022-12-13 01:28:49] [SEVERE ] removing player 2 token from slot 11
[2022-12-13 01:28:49] [SEVERE ] player 3 placing token on slot 9
[2022-12-13 01:28:49] [SEVERE ] player 2 placing token on slot 2
[2022-12-13 01:28:49] [SEVERE ] player 3 placing token on slot 0
[2022-12-13 01:28:49] [SEVERE ] player 3 placing token on slot 4
[2022-12-13 01:28:49] [SEVERE ] removing player 3 token from slot 0
[2022-12-13 01:28:49] [SEVERE ] removing player 3 token from slot 4
[2022-12-13 01:28:49] [SEVERE ] removing player 3 token from slot 9
[2022-12-13 01:28:49] [SEVERE ] player 2 placing token on slot 0
[2022-12-13 01:28:49] [SEVERE ] player 3 placing token on slot 5
[2022-12-13 01:28:49] [SEVERE ] player 2 placing token on slot 5
[2022-12-13 01:28:49] [SEVERE ] removing player 2 token from slot 0
[2022-12-13 01:28:49] [SEVERE ] removing player 2 token from slot 2
[2022-12-13 01:28:49] [SEVERE ] removing player 2 token from slot 5
[2022-12-13 01:28:49] [SEVERE ] player 3 placing token on slot 6
[2022-12-13 01:28:49] [SEVERE ] player 2 placing token on slot 1
[2022-12-13 01:28:49] [SEVERE ] player 2 placing token on slot 5
[2022-12-13 01:28:49] [SEVERE ] player 3 placing token on slot 2
[2022-12-13 01:28:49] [SEVERE ] removing player 3 token from slot 2
[2022-12-13 01:28:49] [SEVERE ] removing player 3 token from slot 5
[2022-12-13 01:28:49] [SEVERE ] removing player 3 token from slot 6
[2022-12-13 01:28:49] [SEVERE ] player 3 placing token on slot 0
[2022-12-13 01:28:49] [SEVERE ] player 2 placing token on slot 0
[2022-12-13 01:28:49] [SEVERE ] removing player 2 token from slot 0
[2022-12-13 01:28:49] [SEVERE ] removing player 2 token from slot 1
[2022-12-13 01:28:49] [SEVERE ] removing player 2 token from slot 5
[2022-12-13 01:28:49] [SEVERE ] player 2 placing token on slot 9
[2022-12-13 01:28:49] [SEVERE ] player 3 placing token on slot 11
[2022-12-13 01:28:49] [SEVERE ] player 2 placing token on slot 11
[2022-12-13 01:28:49] [SEVERE ] player 3 placing token on slot 6
[2022-12-13 01:28:49] [SEVERE ] removing player 3 token from slot 0
[2022-12-13 01:28:49] [SEVERE ] removing player 3 token from slot 6
[2022-12-13 01:28:49] [SEVERE ] removing player 3 token from slot 11
[2022-12-13 01:28:49] [SEVERE ] player 2 placing token on slot 7
[2022-12-13 01:28:49] [SEVERE ] removing player 2 token from slot 7
[2022-12-13 01:28:49] [SEVERE ] removing player 2 token from slot 9
[2022-12-13 01:28:49] [SEVERE ] removing player 2 token from slot 11
[2022-12-13 01:28:49] [SEVERE ] player 3 placing token on slot 6
[2022-12-13 01:28:49] [SEVERE ] player 3 placing token on slot 11
[2022-12-13 01:28:49] [SEVERE ] player 2 placing token on slot 6
[2022-12-13 01:28:49] [SEVERE ] player 3 placing token on slot 0
[2022-12-13 01:28:49] [SEVERE ] removing player 3 token from slot 0
[2022-12-13 01:28:49] [SEVERE ] player 2 placing token on slot 8
[2022-12-13 01:28:49] [SEVERE ] removing player 3 token from slot 6
[2022-12-13 01:28:49] [SEVERE ] removing player 3 token from slot 11
[2022-12-13 01:28:49] [SEVERE ] player 2 placing token on slot 2
[2022-12-13 01:28:49] [SEVERE ] removing player 2 token from slot 2
[2022-12-13 01:28:49] [SEVERE ] removing player 2 token from slot 6
[2022-12-13 01:28:49] [SEVERE ] removing player 2 token from slot 8
[2022-12-13 01:28:49] [SEVERE ] player 3 placing token on slot 8
[2022-12-13 01:28:49] [SEVERE ] player 2 placing token on slot 7
[2022-12-13 01:28:49] [SEVERE ] player 3 placing token on slot 7
[2022-12-13 01:28:49] [SEVERE ] player 2 placing token on slot 1
[2022-12-13 01:28:49] [SEVERE ] player 2 placing token on slot 5
[2022-12-13 01:28:49] [SEVERE ] removing player 2 token from slot 1
[2022-12-13 01:28:49] [SEVERE ] removing player 2 token from slot 5
[2022-12-13 01:28:49] [SEVERE ] removing player 2 token from slot 7
[2022-12-13 01:28:49] [SEVERE ] player 3 placing token on slot 3
[2022-12-13 01:28:49] [SEVERE ] removing player 3 token from slot 3
[2022-12-13 01:28:49] [SEVERE ] removing player 3 token from slot 7
[2022-12-13 01:28:49] [SEVERE ] removing player 3 token from slot 8
[2022-12-13 01:28:49] [SEVERE ] player 2 placing token on slot 7
[2022-12-13 01:28:49] [SEVERE ] player 3 placing token on slot 9
[2022-12-13 01:28:49] [SEVERE ] player 2 placing token on slot 6
[2022-12-13 01:28:49] [SEVERE ] player 3 placing token on slot 7
[2022-12-13 01:28:49] [SEVERE ] player 2 placing token on slot 0
[2022-12-13 01:28:49] [SEVERE ] removing player 2 token from slot 0
[2022-12-13 01:28:49] [SEVERE ] removing player 2 token from slot 6
[2022-12-13 01:28:49] [SEVERE ] removing player 2 token from slot 7
[2022-12-13 01:28:49] [SEVERE ] player 3 placing token on slot 3
[2022-12-13 01:28:49] [SEVERE ] removing player 3 token from slot 3
[2022-12-13 01:28:49] [SEVERE ] removing player 3 token from slot 7
[2022-12-13 01:28:49] [SEVERE ] removing player 3 token from slot 9
[2022-12-13 01:28:49] [SEVERE ] player 2 placing token on slot 8
[2022-12-13 01:28:49] [SEVERE ] player 3 placing token on slot 4
[2022-12-13 01:28:50] [SEVERE ] player 2 placing token on slot 1
[2022-12-13 01:28:50] [SEVERE ] player 3 placing token on slot 6
[2022-12-13 01:28:50] [SEVERE ] player 3 placing token on slot 8
[2022-12-13 01:28:50] [SEVERE ] removing player 3 token from slot 4
[2022-12-13 01:28:50] [SEVERE ] removing player 3 token from slot 6
[2022-12-13 01:28:50] [SEVERE ] removing player 3 token from slot 8
[2022-12-13 01:28:50] [SEVERE ] player 2 placing token on slot 5
[2022-12-13 01:28:50] [SEVERE ] removing player 2 token from slot 1
[2022-12-13 01:28:50] [SEVERE ] removing player 2 token from slot 5
[2022-12-13 01:28:50] [SEVERE ] removing player 2 token from slot 8
[2022-12-13 01:28:50] [SEVERE ] player 2 placing token on slot 8
[2022-12-13 01:28:50] [SEVERE ] player 3 placing token on slot 5
[2022-12-13 01:28:50] [SEVERE ] player 2 placing token on slot 0
[2022-12-13 01:28:50] [SEVERE ] player 3 placing token on slot 3
[2022-12-13 01:28:50] [SEVERE ] player 2 placing token on slot 6
[2022-12-13 01:28:50] [SEVERE ] removing player 2 token from slot 0
[2022-12-13 01:28:50] [SEVERE ] removing player 2 token from slot 6
[2022-12-13 01:28:50] [SEVERE ] removing player 2 token from slot 8
[2022-12-13 01:28:50] [SEVERE ] player 3 placing token on slot 1
[2022-12-13 01:28:50] [SEVERE ] removing player 3 token from slot 1
[2022-12-13 01:28:50] [SEVERE ] removing player 3 token from slot 3
[2022-12-13 01:28:50] [SEVERE ] removing player 3 token from slot 5
[2022-12-13 01:28:50] [SEVERE ] player 2 placing token on slot 8
[2022-12-13 01:28:50] [SEVERE ] player 3 placing token on slot 7
[2022-12-13 01:28:50] [SEVERE ] player 2 placing token on slot 6
[2022-12-13 01:28:50] [SEVERE ] player 3 placing token on slot 8
[2022-12-13 01:28:50] [SEVERE ] player 2 placing token on slot 10
[2022-12-13 01:28:50] [SEVERE ] removing player 2 token from slot 6
[2022-12-13 01:28:50] [SEVERE ] removing player 2 token from slot 8
[2022-12-13 01:28:50] [SEVERE ] removing player 2 token from slot 10
[2022-12-13 01:28:50] [SEVERE ] player 3 placing token on slot 6
[2022-12-13 01:28:50] [SEVERE ] removing player 3 token from slot 6
[2022-12-13 01:28:50] [SEVERE ] removing player 3 token from slot 7
[2022-12-13 01:28:50] [SEVERE ] removing player 3 token from slot 8
[2022-12-13 01:28:50] [SEVERE ] player 2 placing token on slot 6
[2022-12-13 01:28:50] [SEVERE ] player 3 placing token on slot 1
[2022-12-13 01:28:50] [SEVERE ] player 2 placing token on slot 7
[2022-12-13 01:28:50] [SEVERE ] player 3 placing token on slot 11
[2022-12-13 01:28:50] [SEVERE ] player 2 placing token on slot 0
[2022-12-13 01:28:50] [SEVERE ] removing player 2 token from slot 0
[2022-12-13 01:28:50] [SEVERE ] removing player 2 token from slot 6
[2022-12-13 01:28:50] [SEVERE ] removing player 2 token from slot 7
[2022-12-13 01:28:50] [SEVERE ] player 3 placing token on slot 5
[2022-12-13 01:28:50] [SEVERE ] removing player 3 token from slot 1
[2022-12-13 01:28:50] [SEVERE ] removing player 3 token from slot 5
[2022-12-13 01:28:50] [SEVERE ] removing player 3 token from slot 11
[2022-12-13 01:28:50] [SEVERE ] player 2 placing token on slot 2
[2022-12-13 01:28:50] [SEVERE ] player 3 placing token on slot 10
[2022-12-13 01:28:50] [SEVERE ] player 2 placing token on slot 10
[2022-12-13 01:28:50] [SEVERE ] player 3 placing token on slot 7
[2022-12-13 01:28:50] [SEVERE ] player 2 placing token on slot 1
[2022-12-13 01:28:50] [SEVERE ] removing player 2 token from slot 1
[2022-12-13 01:28:50] [SEVERE ] removing player 2 token from slot 2
[2022-12-13 01:28:50] [SEVERE ] removing player 2 token from slot 10
[2022-12-13 01:28:50] [SEVERE ] player 3 placing token on slot 9
[2022-12-13 01:28:50] [SEVERE ] removing player 3 token from slot 7
[2022-12-13 01:28:50] [SEVERE ] removing player 3 token from slot 9
[2022-12-13 01:28:50] [SEVERE ] removing player 3 token from slot 10
[2022-12-13 01:28:50] [SEVERE ] player 2 placing token on slot 7
[2022-12-13 01:28:50] [SEVERE ] player 2 placing token on slot 5
[2022-12-13 01:28:50] [SEVERE ] player 3 placing token on slot 0
[2022-12-13 01:28:50] [SEVERE ] player 2 placing token on slot 1
[2022-12-13 01:28:50] [SEVERE ] removing player 2 token from slot 1
[2022-12-13 01:28:50] [SEVERE ] removing player 2 token from slot 5
[2022-12-13 01:28:50] [SEVERE ] removing player 2 token from slot 7
[2022-12-13 01:28:50] [SEVERE ] player 3 placing token on slot 5
[2022-12-13 01:28:50] [SEVERE ] player 2 placing token on slot 9
[2022-12-13 01:28:50] [SEVERE ] player 3 placing token on slot 9
[2022-12-13 01:28:50] [SEVERE ] removing player 3 token from slot 0
[2022-12-13 01:28:50] [SEVERE ] removing player 3 token from slot 5
[2022-12-13 01:28:50] [SEVERE ] removing player 3 token from slot 9
[2022-12-13 01:28:50] [SEVERE ] player 3 placing token on slot 6
[2022-12-13 01:28:50] [SEVERE ] player 2 placing token on slot 11
[2022-12-13 01:28:50] [SEVERE ] player 2 placing token on slot 8
[2022-12-13 01:28:50] [SEVERE ] removing player 2 token from slot 8
[2022-12-13 01:28:50] [SEVERE ] removing player 2 token from slot 9
[2022-12-13 01:28:50] [SEVERE ] removing player 2 token from slot 11
[2022-12-13 01:28:50] [SEVERE ] player 3 placing token on slot 4
[2022-12-13 01:28:50] [SEVERE ] player 2 placing token on slot 7
[2022-12-13 01:28:50] [SEVERE ] player 3 placing token on slot 7
[2022-12-13 01:28:50] [SEVERE ] removing player 3 token from slot 4
[2022-12-13 01:28:50] [SEVERE ] removing player 3 token from slot 6
[2022-12-13 01:28:50] [SEVERE ] removing player 3 token from slot 7
[2022-12-13 01:28:50] [SEVERE ] player 3 placing token on slot 3
[2022-12-13 01:28:50] [SEVERE ] player 2 placing token on slot 10
[2022-12-13 01:28:50] [SEVERE ] player 3 placing token on slot 2
[2022-12-13 01:28:50] [SEVERE ] player 2 placing token on slot 11
[2022-12-13 01:28:50] [SEVERE ] removing player 2 token from slot 7
[2022-12-13 01:28:50] [SEVERE ] removing player 2 token from slot 10
[2022-12-13 01:28:50] [SEVERE ] removing player 2 token from slot 11
[2022-12-13 01:28:50] [SEVERE ] player 3 placing token on slot 4
[2022-12-13 01:28:50] [SEVERE ] removing player 3 token from slot 2
[2022-12-13 01:28:50] [SEVERE ] removing player 3 token from slot 3
[2022-12-13 01:28:50] [SEVERE ] removing player 3 token from slot 4
[2022-12-13 01:28:50] [SEVERE ] player 2 placing token on slot 7
[2022-12-13 01:28:50] [SEVERE ] player 3 placing token on slot 7
[2022-12-13 01:28:50] [SEVERE ] player 2 placing token on slot 2
[2022-12-13 01:28:50] [SEVERE ] player 3 placing token on slot 8
[2022-12-13 01:28:50] [SEVERE ] player 2 placing token on slot 1
[2022-12-13 01:28:50] [SEVERE ] removing player 2 token from slot 1
[2022-12-13 01:28:50] [SEVERE ] removing player 2 token from slot 2
[2022-12-13 01:28:50] [SEVERE ] removing player 2 token from slot 7
[2022-12-13 01:28:50] [SEVERE ] player 3 placing token on slot 0
[2022-12-13 01:28:50] [SEVERE ] removing player 3 token from slot 0
[2022-12-13 01:28:50] [SEVERE ] removing player 3 token from slot 7
[2022-12-13 01:28:50] [SEVERE ] removing player 3 token from slot 8
[2022-12-13 01:28:50] [SEVERE ] player 2 placing token on slot 0
[2022-12-13 01:28:50] [SEVERE ] player 3 placing token on slot 7
[2022-12-13 01:28:50] [SEVERE ] player 2 placing token on slot 10
[2022-12-13 01:28:50] [SEVERE ] player 3 placing token on slot 4
[2022-12-13 01:28:50] [SEVERE ] player 2 placing token on slot 2
[2022-12-13 01:28:50] [SEVERE ] removing player 2 token from slot 0
[2022-12-13 01:28:50] [SEVERE ] removing player 2 token from slot 2
[2022-12-13 01:28:50] [SEVERE ] removing player 2 token from slot 10
[2022-12-13 01:28:50] [SEVERE ] player 3 placing token on slot 5
[2022-12-13 01:28:50] [SEVERE ] removing player 3 token from slot 4
[2022-12-13 01:28:50] [SEVERE ] removing player 3 token from slot 5
[2022-12-13 01:28:50] [SEVERE ] removing player 3 token from slot 7
[2022-12-13 01:28:50] [SEVERE ] player 2 placing token on slot 10
[2022-12-13 01:28:50] [SEVERE ] player 3 placing token on slot 8
[2022-12-13 01:28:50] [SEVERE ] player 2 placing token on slot 9
[2022-12-13 01:28:50] [SEVERE ] player 3 placing token on slot 5
[2022-12-13 01:28:50] [SEVERE ] player 2 placing token on slot 7
[2022-12-13 01:28:50] [SEVERE ] removing player 2 token from slot 7
[2022-12-13 01:28:50] [SEVERE ] removing player 2 token from slot 9
[2022-12-13 01:28:50] [SEVERE ] removing player 2 token from slot 10
[2022-12-13 01:28:50] [SEVERE ] player 3 placing token on slot 4
[2022-12-13 01:28:50] [SEVERE ] removing player 3 token from slot 4
[2022-12-13 01:28:50] [SEVERE ] removing player 3 token from slot 5
[2022-12-13 01:28:50] [SEVERE ] removing player 3 token from slot 8
[2022-12-13 01:28:50] [SEVERE ] player 2 placing token on slot 3
[2022-12-13 01:28:50] [SEVERE ] player 3 placing token on slot 9
[2022-12-13 01:28:50] [SEVERE ] player 2 placing token on slot 6
[2022-12-13 01:28:51] [SEVERE ] player 3 placing token on slot 10
[2022-12-13 01:28:51] [SEVERE ] player 2 placing token on slot 4
[2022-12-13 01:28:51] [SEVERE ] removing player 2 token from slot 3
[2022-12-13 01:28:51] [SEVERE ] removing player 2 token from slot 4
[2022-12-13 01:28:51] [SEVERE ] removing player 2 token from slot 6
[2022-12-13 01:28:51] [SEVERE ] player 2 placing token on slot 11
[2022-12-13 01:28:51] [SEVERE ] player 3 placing token on slot 6
[2022-12-13 01:28:51] [SEVERE ] removing player 3 token from slot 6
[2022-12-13 01:28:51] [SEVERE ] removing player 3 token from slot 9
[2022-12-13 01:28:51] [SEVERE ] removing player 3 token from slot 10
[2022-12-13 01:28:51] [SEVERE ] player 3 placing token on slot 10
[2022-12-13 01:28:51] [SEVERE ] player 2 placing token on slot 6
[2022-12-13 01:28:51] [SEVERE ] player 3 placing token on slot 8
[2022-12-13 01:28:51] [SEVERE ] player 2 placing token on slot 3
[2022-12-13 01:28:51] [SEVERE ] removing player 2 token from slot 3
[2022-12-13 01:28:51] [SEVERE ] removing player 2 token from slot 6
[2022-12-13 01:28:51] [SEVERE ] removing player 2 token from slot 11
[2022-12-13 01:28:51] [SEVERE ] player 3 placing token on slot 4
[2022-12-13 01:28:51] [SEVERE ] removing player 3 token from slot 4
[2022-12-13 01:28:51] [SEVERE ] removing player 3 token from slot 8
[2022-12-13 01:28:51] [SEVERE ] removing player 3 token from slot 10
[2022-12-13 01:28:51] [SEVERE ] player 2 placing token on slot 0
[2022-12-13 01:28:51] [SEVERE ] player 3 placing token on slot 6
[2022-12-13 01:28:51] [SEVERE ] player 2 placing token on slot 1
[2022-12-13 01:28:51] [SEVERE ] player 3 placing token on slot 1
[2022-12-13 01:28:51] [SEVERE ] player 2 placing token on slot 7
[2022-12-13 01:28:51] [SEVERE ] removing player 2 token from slot 0
[2022-12-13 01:28:51] [SEVERE ] removing player 2 token from slot 1
[2022-12-13 01:28:51] [SEVERE ] removing player 2 token from slot 7
[2022-12-13 01:28:51] [SEVERE ] player 3 placing token on slot 0
[2022-12-13 01:28:51] [SEVERE ] removing player 3 token from slot 0
[2022-12-13 01:28:51] [SEVERE ] removing player 3 token from slot 1
[2022-12-13 01:28:51] [SEVERE ] removing player 3 token from slot 6
[2022-12-13 01:28:51] [SEVERE ] player 2 placing token on slot 4
[2022-12-13 01:28:51] [SEVERE ] player 3 placing token on slot 1
[2022-12-13 01:28:51] [SEVERE ] player 2 placing token on slot 0
[2022-12-13 01:28:51] [SEVERE ] player 2 placing token on slot 5
[2022-12-13 01:28:51] [SEVERE ] removing player 2 token from slot 0
[2022-12-13 01:28:51] [SEVERE ] removing player 2 token from slot 4
[2022-12-13 01:28:51] [SEVERE ] removing player 2 token from slot 5
[2022-12-13 01:28:51] [SEVERE ] player 3 placing token on slot 8
[2022-12-13 01:28:51] [SEVERE ] player 2 placing token on slot 0
[2022-12-13 01:28:51] [SEVERE ] player 3 placing token on slot 0
[2022-12-13 01:28:51] [SEVERE ] removing player 3 token from slot 0
[2022-12-13 01:28:51] [SEVERE ] removing player 3 token from slot 1
[2022-12-13 01:28:51] [SEVERE ] removing player 3 token from slot 8
[2022-12-13 01:28:51] [SEVERE ] player 2 placing token on slot 5
[2022-12-13 01:28:51] [SEVERE ] player 3 placing token on slot 6
[2022-12-13 01:28:51] [SEVERE ] player 2 placing token on slot 7
[2022-12-13 01:28:51] [SEVERE ] removing player 2 token from slot 0
[2022-12-13 01:28:51] [SEVERE ] removing player 2 token from slot 5
[2022-12-13 01:28:51] [SEVERE ] removing player 2 token from slot 7
[2022-12-13 01:28:51] [SEVERE ] player 3 placing token on slot 8
[2022-12-13 01:28:51] [SEVERE ] player 3 placing token on slot 1
[2022-12-13 01:28:51] [SEVERE ] removing player 3 token from slot 1
[2022-12-13 01:28:51] [SEVERE ] removing player 3 token from slot 6
[2022-12-13 01:28:51] [SEVERE ] removing player 3 token from slot 8
[2022-12-13 01:28:51] [SEVERE ] player 2 placing token on slot 1
[2022-12-13 01:28:51] [SEVERE ] player 2 placing token on slot 4
[2022-12-13 01:28:51] [SEVERE ] player 3 placing token on slot 7
[2022-12-13 01:28:51] [SEVERE ] player 2 placing token on slot 0
[2022-12-13 01:28:51] [SEVERE ] removing player 2 token from slot 0
[2022-12-13 01:28:51] [SEVERE ] removing player 2 token from slot 1
[2022-12-13 01:28:51] [SEVERE ] removing player 2 token from slot 4
[2022-12-13 01:28:51] [SEVERE ] player 3 placing token on slot 10
[2022-12-13 01:28:51] [SEVERE ] player 2 placing token on slot 0
[2022-12-13 01:28:51] [SEVERE ] player 3 placing token on slot 0
[2022-12-13 01:28:51] [SEVERE ] removing player 3 token from slot 0
[2022-12-13 01:28:51] [SEVERE ] removing player 3 token from slot 7
[2022-12-13 01:28:51] [SEVERE ] removing player 3 token from slot 10
[2022-12-13 01:28:51] [SEVERE ] player 2 placing token on slot 2
[2022-12-13 01:28:51] [SEVERE ] player 3 placing token on slot 2
[2022-12-13 01:28:51] [SEVERE ] player 3 placing token on slot 11
[2022-12-13 01:28:51] [SEVERE ] player 2 placing token on slot 4
[2022-12-13 01:28:51] [SEVERE ] removing player 2 token from slot 0
[2022-12-13 01:28:51] [SEVERE ] removing player 2 token from slot 2
[2022-12-13 01:28:51] [SEVERE ] removing player 2 token from slot 4
[2022-12-13 01:28:51] [SEVERE ] player 3 placing token on slot 0
[2022-12-13 01:28:51] [SEVERE ] removing player 3 token from slot 0
[2022-12-13 01:28:51] [SEVERE ] removing player 3 token from slot 2
[2022-12-13 01:28:51] [SEVERE ] removing player 3 token from slot 11
[2022-12-13 01:28:51] [SEVERE ] player 2 placing token on slot 9
[2022-12-13 01:28:51] [SEVERE ] player 2 placing token on slot 10
[2022-12-13 01:28:51] [SEVERE ] player 3 placing token on slot 4
[2022-12-13 01:28:51] [SEVERE ] player 3 placing token on slot 10
[2022-12-13 01:28:51] [SEVERE ] player 2 placing token on slot 0
[2022-12-13 01:28:51] [SEVERE ] removing player 2 token from slot 0
[2022-12-13 01:28:51] [SEVERE ] removing player 2 token from slot 9
[2022-12-13 01:28:51] [SEVERE ] removing player 2 token from slot 10
[2022-12-13 01:28:51] [SEVERE ] player 2 placing token on slot 4
[2022-12-13 01:28:51] [SEVERE ] player 3 placing token on slot 1
[2022-12-13 01:28:51] [SEVERE ] removing player 3 token from slot 1
[2022-12-13 01:28:51] [SEVERE ] removing player 3 token from slot 4
[2022-12-13 01:28:51] [SEVERE ] removing player 3 token from slot 10
[2022-12-13 01:28:51] [SEVERE ] player 2 placing token on slot 1
[2022-12-13 01:28:51] [SEVERE ] player 3 placing token on slot 7
[2022-12-13 01:28:51] [SEVERE ] player 2 placing token on slot 9
[2022-12-13 01:28:51] [SEVERE ] removing player 2 token from slot 1
[2022-12-13 01:28:51] [SEVERE ] removing player 2 token from slot 4
[2022-12-13 01:28:51] [SEVERE ] removing player 2 token from slot 9
[2022-12-13 01:28:51] [SEVERE ] player 3 placing token on slot 5
[2022-12-13 01:28:51] [SEVERE ] player 3 placing token on slot 10
[2022-12-13 01:28:51] [SEVERE ] removing player 3 token from slot 5
[2022-12-13 01:28:51] [SEVERE ] removing player 3 token from slot 7
[2022-12-13 01:28:51] [SEVERE ] removing player 3 token from slot 10
[2022-12-13 01:28:51] [SEVERE ] player 2 placing token on slot 10
[2022-12-13 01:28:51] [SEVERE ] player 3 placing token on slot 2
[2022-12-13 01:28:51] [SEVERE ] player 2 placing token on slot 5
[2022-12-13 01:28:51] [SEVERE ] player 3 placing token on slot 4
[2022-12-13 01:28:51] [SEVERE ] player 2 placing token on slot 0
[2022-12-13 01:28:51] [SEVERE ] removing player 2 token from slot 0
[2022-12-13 01:28:51] [SEVERE ] removing player 2 token from slot 5
[2022-12-13 01:28:51] [SEVERE ] removing player 2 token from slot 10
[2022-12-13 01:28:51] [SEVERE ] player 3 placing token on slot 0
[2022-12-13 01:28:51] [SEVERE ] removing player 3 token from slot 0
[2022-12-13 01:28:51] [SEVERE ] removing player 3 token from slot 2
[2022-12-13 01:28:51] [SEVERE ] removing player 3 token from slot 4
[2022-12-13 01:28:51] [SEVERE ] player 2 placing token on slot 9
[2022-12-13 01:28:51] [SEVERE ] player 3 placing token on slot 6
[2022-12-13 01:28:51] [SEVERE ] player 2 placing token on slot 0
[2022-12-13 01:28:51] [SEVERE ] player 3 placing token on slot 2
[2022-12-13 01:28:51] [SEVERE ] player 2 placing token on slot 3
[2022-12-13 01:28:51] [SEVERE ] removing player 2 token from slot 0
[2022-12-13 01:28:51] [SEVERE ] removing player 2 token from slot 3
[2022-12-13 01:28:51] [SEVERE ] removing player 2 token from slot 9
[2022-12-13 01:28:51] [SEVERE ] player 3 placing token on slot 8
[2022-12-13 01:28:51] [SEVERE ] removing player 3 token from slot 2
[2022-12-13 01:28:51] [SEVERE ] removing player 3 token from slot 6
[2022-12-13 01:28:51] [SEVERE ] removing player 3 token from slot 8
[2022-12-13 01:28:51] [SEVERE ] player 2 placing token on slot 9
[2022-12-13 01:28:51] [SEVERE ] player 3 placing token on slot 6
[2022-12-13 01:28:52] [SEVERE ] player 2 placing token on slot 10
[2022-12-13 01:28:52] [SEVERE ] player 3 placing token on slot 9
[2022-12-13 01:28:52] [SEVERE ] player 2 placing token on slot 3
[2022-12-13 01:28:52] [SEVERE ] removing player 2 token from slot 3
[2022-12-13 01:28:52] [SEVERE ] removing player 2 token from slot 9
[2022-12-13 01:28:52] [SEVERE ] removing player 2 token from slot 10
[2022-12-13 01:28:52] [SEVERE ] player 3 placing token on slot 11
[2022-12-13 01:28:52] [SEVERE ] removing player 3 token from slot 6
[2022-12-13 01:28:52] [SEVERE ] removing player 3 token from slot 9
[2022-12-13 01:28:52] [SEVERE ] removing player 3 token from slot 11
[2022-12-13 01:28:52] [SEVERE ] player 2 placing token on slot 10
[2022-12-13 01:28:52] [SEVERE ] player 3 placing token on slot 11
[2022-12-13 01:28:52] [SEVERE ] player 3 placing token on slot 8
[2022-12-13 01:28:52] [SEVERE ] player 2 placing token on slot 5
[2022-12-13 01:28:52] [SEVERE ] player 2 placing token on slot 1
[2022-12-13 01:28:52] [SEVERE ] removing player 2 token from slot 1
[2022-12-13 01:28:52] [SEVERE ] removing player 2 token from slot 5
[2022-12-13 01:28:52] [SEVERE ] removing player 2 token from slot 10
[2022-12-13 01:28:52] [SEVERE ] player 3 placing token on slot 9
[2022-12-13 01:28:52] [SEVERE ] removing player 3 token from slot 8
[2022-12-13 01:28:52] [SEVERE ] removing player 3 token from slot 9
[2022-12-13 01:28:52] [SEVERE ] removing player 3 token from slot 11
[2022-12-13 01:28:52] [SEVERE ] player 2 placing token on slot 0
[2022-12-13 01:28:52] [SEVERE ] player 3 placing token on slot 10
[2022-12-13 01:28:52] [SEVERE ] player 2 placing token on slot 1
[2022-12-13 01:28:52] [SEVERE ] player 3 placing token on slot 4
[2022-12-13 01:28:52] [SEVERE ] player 3 placing token on slot 0
[2022-12-13 01:28:52] [SEVERE ] removing player 3 token from slot 0
[2022-12-13 01:28:52] [SEVERE ] removing player 3 token from slot 4
[2022-12-13 01:28:52] [SEVERE ] removing player 3 token from slot 10
[2022-12-13 01:28:52] [SEVERE ] player 2 placing token on slot 10
[2022-12-13 01:28:52] [SEVERE ] removing player 2 token from slot 0
[2022-12-13 01:28:52] [SEVERE ] removing player 2 token from slot 1
[2022-12-13 01:28:52] [SEVERE ] removing player 2 token from slot 10
[2022-12-13 01:28:52] [SEVERE ] player 3 placing token on slot 3
[2022-12-13 01:28:52] [SEVERE ] player 2 placing token on slot 1
[2022-12-13 01:28:52] [SEVERE ] player 2 placing token on slot 8
[2022-12-13 01:28:52] [SEVERE ] player 3 placing token on slot 5
[2022-12-13 01:28:52] [SEVERE ] player 3 placing token on slot 7
[2022-12-13 01:28:52] [SEVERE ] removing player 3 token from slot 3
[2022-12-13 01:28:52] [SEVERE ] removing player 3 token from slot 5
[2022-12-13 01:28:52] [SEVERE ] removing player 3 token from slot 7
[2022-12-13 01:28:52] [SEVERE ] player 2 placing token on slot 11
[2022-12-13 01:28:52] [SEVERE ] removing player 2 token from slot 1
[2022-12-13 01:28:52] [SEVERE ] removing player 2 token from slot 8
[2022-12-13 01:28:52] [SEVERE ] removing player 2 token from slot 11
[2022-12-13 01:28:52] [SEVERE ] player 2 placing token on slot 8
[2022-12-13 01:28:52] [SEVERE ] player 3 placing token on slot 3
[2022-12-13 01:28:52] [SEVERE ] player 2 placing token on slot 6
[2022-12-13 01:28:52] [SEVERE ] player 3 placing token on slot 7
[2022-12-13 01:28:52] [SEVERE ] player 2 placing token on slot 4
[2022-12-13 01:28:52] [SEVERE ] removing player 2 token from slot 4
[2022-12-13 01:28:52] [SEVERE ] removing player 2 token from slot 6
[2022-12-13 01:28:52] [SEVERE ] removing player 2 token from slot 8
[2022-12-13 01:28:52] [SEVERE ] player 3 placing token on slot 11
[2022-12-13 01:28:52] [SEVERE ] removing player 3 token from slot 3
[2022-12-13 01:28:52] [SEVERE ] removing player 3 token from slot 7
[2022-12-13 01:28:52] [SEVERE ] removing player 3 token from slot 11
[2022-12-13 01:28:52] [SEVERE ] player 2 placing token on slot 4
[2022-12-13 01:28:52] [SEVERE ] player 3 placing token on slot 5
[2022-12-13 01:28:52] [SEVERE ] player 2 placing token on slot 8
[2022-12-13 01:28:52] [SEVERE ] player 3 placing token on slot 1
[2022-12-13 01:28:52] [SEVERE ] player 3 placing token on slot 10
[2022-12-13 01:28:52] [SEVERE ] removing player 3 token from slot 1
[2022-12-13 01:28:52] [SEVERE ] removing player 3 token from slot 5
[2022-12-13 01:28:52] [SEVERE ] removing player 3 token from slot 10
[2022-12-13 01:28:52] [SEVERE ] player 2 placing token on slot 1
[2022-12-13 01:28:52] [SEVERE ] removing player 2 token from slot 1
[2022-12-13 01:28:52] [SEVERE ] removing player 2 token from slot 4
[2022-12-13 01:28:52] [SEVERE ] removing player 2 token from slot 8
[2022-12-13 01:28:52] [SEVERE ] player 3 placing token on slot 6
[2022-12-13 01:28:52] [SEVERE ] player 2 placing token on slot 3
[2022-12-13 01:28:52] [SEVERE ] player 3 placing token on slot 0
[2022-12-13 01:28:52] [SEVERE ] player 2 placing token on slot 2
[2022-12-13 01:28:52] [SEVERE ] player 3 placing token on slot 2
[2022-12-13 01:28:52] [SEVERE ] removing player 3 token from slot 0
[2022-12-13 01:28:52] [SEVERE ] removing player 3 token from slot 2
[2022-12-13 01:28:52] [SEVERE ] removing player 3 token from slot 6
[2022-12-13 01:28:52] [SEVERE ] player 2 placing token on slot 0
[2022-12-13 01:28:52] [SEVERE ] removing player 2 token from slot 0
[2022-12-13 01:28:52] [SEVERE ] removing player 2 token from slot 2
[2022-12-13 01:28:52] [SEVERE ] removing player 2 token from slot 3
[2022-12-13 01:28:52] [SEVERE ] player 3 placing token on slot 4
[2022-12-13 01:28:52] [SEVERE ] player 2 placing token on slot 1
[2022-12-13 01:28:52] [SEVERE ] player 3 placing token on slot 6
[2022-12-13 01:28:52] [SEVERE ] player 2 placing token on slot 10
[2022-12-13 01:28:52] [SEVERE ] player 3 placing token on slot 7
[2022-12-13 01:28:52] [SEVERE ] removing player 3 token from slot 4
[2022-12-13 01:28:52] [SEVERE ] removing player 3 token from slot 6
[2022-12-13 01:28:52] [SEVERE ] removing player 3 token from slot 7
[2022-12-13 01:28:52] [SEVERE ] player 2 placing token on slot 11
[2022-12-13 01:28:52] [SEVERE ] removing player 2 token from slot 1
[2022-12-13 01:28:52] [SEVERE ] removing player 2 token from slot 10
[2022-12-13 01:28:52] [SEVERE ] removing player 2 token from slot 11
[2022-12-13 01:28:52] [SEVERE ] player 3 placing token on slot 10
[2022-12-13 01:28:52] [SEVERE ] player 2 placing token on slot 5
[2022-12-13 01:28:52] [SEVERE ] player 3 placing token on slot 0
[2022-12-13 01:28:52] [SEVERE ] player 2 placing token on slot 1
[2022-12-13 01:28:52] [SEVERE ] player 3 placing token on slot 3
[2022-12-13 01:28:52] [SEVERE ] removing player 3 token from slot 0
[2022-12-13 01:28:52] [SEVERE ] removing player 3 token from slot 3
[2022-12-13 01:28:52] [SEVERE ] removing player 3 token from slot 10
[2022-12-13 01:28:52] [SEVERE ] player 2 placing token on slot 0
[2022-12-13 01:28:52] [SEVERE ] removing player 2 token from slot 0
[2022-12-13 01:28:52] [SEVERE ] removing player 2 token from slot 1
[2022-12-13 01:28:52] [SEVERE ] removing player 2 token from slot 5
[2022-12-13 01:28:52] [SEVERE ] player 3 placing token on slot 0
[2022-12-13 01:28:52] [SEVERE ] player 2 placing token on slot 5
[2022-12-13 01:28:52] [SEVERE ] player 2 placing token on slot 9
[2022-12-13 01:28:52] [SEVERE ] player 3 placing token on slot 3
[2022-12-13 01:28:52] [SEVERE ] player 2 placing token on slot 4
[2022-12-13 01:28:52] [SEVERE ] removing player 2 token from slot 4
[2022-12-13 01:28:52] [SEVERE ] removing player 2 token from slot 5
[2022-12-13 01:28:52] [SEVERE ] removing player 2 token from slot 9
[2022-12-13 01:28:52] [SEVERE ] player 3 placing token on slot 1
[2022-12-13 01:28:52] [SEVERE ] removing player 3 token from slot 0
[2022-12-13 01:28:52] [SEVERE ] removing player 3 token from slot 1
[2022-12-13 01:28:52] [SEVERE ] removing player 3 token from slot 3
[2022-12-13 01:28:52] [SEVERE ] player 3 placing token on slot 8
[2022-12-13 01:28:52] [SEVERE ] player 2 placing token on slot 6
[2022-12-13 01:28:52] [SEVERE ] player 3 placing token on slot 4
[2022-12-13 01:28:52] [SEVERE ] player 2 placing token on slot 10
[2022-12-13 01:28:52] [SEVERE ] player 2 placing token on slot 8
[2022-12-13 01:28:52] [SEVERE ] removing player 2 token from slot 6
[2022-12-13 01:28:52] [SEVERE ] removing player 2 token from slot 8
[2022-12-13 01:28:52] [SEVERE ] removing player 2 token from slot 10
[2022-12-13 01:28:52] [SEVERE ] player 3 placing token on slot 0
[2022-12-13 01:28:52] [SEVERE ] removing player 3 token from slot 0
[2022-12-13 01:28:52] [SEVERE ] removing player 3 token from slot 4
[2022-12-13 01:28:52] [SEVERE ] removing player 3 token from slot 8
[2022-12-13 01:28:52] [SEVERE ] player 2 placing token on slot 6
[2022-12-13 01:28:52] [SEVERE ] player 3 placing token on slot 10
[2022-12-13 01:28:53] [SEVERE ] player 2 placing token on slot 8
[2022-12-13 01:28:53] [SEVERE ] player 3 placing token on slot 4
[2022-12-13 01:28:53] [SEVERE ] player 2 placing token on slot 2
[2022-12-13 01:28:53] [SEVERE ] removing player 2 token from slot 2
[2022-12-13 01:28:53] [SEVERE ] removing player 2 token from slot 6
[2022-12-13 01:28:53] [SEVERE ] removing player 2 token from slot 8
[2022-12-13 01:28:53] [SEVERE ] player 3 placing token on slot 7
[2022-12-13 01:28:53] [SEVERE ] removing player 3 token from slot 4
[2022-12-13 01:28:53] [SEVERE ] removing player 3 token from slot 7
[2022-12-13 01:28:53] [SEVERE ] removing player 3 token from slot 10
[2022-12-13 01:28:53] [SEVERE ] player 2 placing token on slot 11
[2022-12-13 01:28:53] [SEVERE ] player 3 placing token on slot 3
[2022-12-13 01:28:53] [SEVERE ] player 2 placing token on slot 9
[2022-12-13 01:28:53] [SEVERE ] player 3 placing token on slot 4
[2022-12-13 01:28:53] [SEVERE ] player 2 placing token on slot 1
[2022-12-13 01:28:53] [SEVERE ] removing player 2 token from slot 1
[2022-12-13 01:28:53] [SEVERE ] removing player 2 token from slot 9
[2022-12-13 01:28:53] [SEVERE ] removing player 2 token from slot 11
[2022-12-13 01:28:53] [SEVERE ] player 3 placing token on slot 10
[2022-12-13 01:28:53] [SEVERE ] removing player 3 token from slot 3
[2022-12-13 01:28:53] [SEVERE ] removing player 3 token from slot 4
[2022-12-13 01:28:53] [SEVERE ] removing player 3 token from slot 10
[2022-12-13 01:28:53] [SEVERE ] player 2 placing token on slot 2
[2022-12-13 01:28:53] [SEVERE ] player 3 placing token on slot 9
[2022-12-13 01:28:53] [SEVERE ] player 2 placing token on slot 5
[2022-12-13 01:28:53] [SEVERE ] player 3 placing token on slot 0
[2022-12-13 01:28:53] [SEVERE ] player 2 placing token on slot 3
[2022-12-13 01:28:53] [SEVERE ] removing player 2 token from slot 2
[2022-12-13 01:28:53] [SEVERE ] removing player 2 token from slot 3
[2022-12-13 01:28:53] [SEVERE ] removing player 2 token from slot 5
[2022-12-13 01:28:53] [SEVERE ] player 2 placing token on slot 4
[2022-12-13 01:28:53] [SEVERE ] player 3 placing token on slot 7
[2022-12-13 01:28:53] [SEVERE ] removing player 3 token from slot 0
[2022-12-13 01:28:53] [SEVERE ] removing player 3 token from slot 7
[2022-12-13 01:28:53] [SEVERE ] removing player 3 token from slot 9
[2022-12-13 01:28:53] [SEVERE ] player 3 placing token on slot 1
[2022-12-13 01:28:53] [SEVERE ] player 2 placing token on slot 9
[2022-12-13 01:28:53] [SEVERE ] player 3 placing token on slot 9
[2022-12-13 01:28:53] [SEVERE ] player 2 placing token on slot 10
[2022-12-13 01:28:53] [SEVERE ] removing player 2 token from slot 4
[2022-12-13 01:28:53] [SEVERE ] removing player 2 token from slot 9
[2022-12-13 01:28:53] [SEVERE ] removing player 2 token from slot 10
[2022-12-13 01:28:53] [SEVERE ] player 2 placing token on slot 9
[2022-12-13 01:28:53] [SEVERE ] player 3 placing token on slot 4
[2022-12-13 01:28:53] [SEVERE ] removing player 3 token from slot 1
[2022-12-13 01:28:53] [SEVERE ] removing player 3 token from slot 4
[2022-12-13 01:28:53] [SEVERE ] removing player 3 token from slot 9
[2022-12-13 01:28:53] [SEVERE ] player 2 placing token on slot 7
[2022-12-13 01:28:53] [SEVERE ] player 3 placing token on slot 2
[2022-12-13 01:28:53] [SEVERE ] player 2 placing token on slot 2
[2022-12-13 01:28:53] [SEVERE ] removing player 2 token from slot 2
[2022-12-13 01:28:53] [SEVERE ] removing player 2 token from slot 7
[2022-12-13 01:28:53] [SEVERE ] removing player 2 token from slot 9
[2022-12-13 01:28:53] [SEVERE ] player 3 placing token on slot 6
[2022-12-13 01:28:53] [SEVERE ] player 2 placing token on slot 5
[2022-12-13 01:28:53] [SEVERE ] player 2 placing token on slot 10
[2022-12-13 01:28:53] [SEVERE ] player 3 placing token on slot 7
[2022-12-13 01:28:53] [SEVERE ] removing player 3 token from slot 2
[2022-12-13 01:28:53] [SEVERE ] removing player 3 token from slot 6
[2022-12-13 01:28:53] [SEVERE ] removing player 3 token from slot 7
[2022-12-13 01:28:53] [SEVERE ] player 3 placing token on slot 2
[2022-12-13 01:28:53] [SEVERE ] player 2 placing token on slot 7
[2022-12-13 01:28:53] [SEVERE ] removing player 2 token from slot 5
[2022-12-13 01:28:53] [SEVERE ] removing player 2 token from slot 7
[2022-12-13 01:28:53] [SEVERE ] removing player 2 token from slot 10
[2022-12-13 01:28:53] [SEVERE ] player 3 placing token on slot 6
[2022-12-13 01:28:53] [SEVERE ] player 2 placing token on slot 6
[2022-12-13 01:28:53] [SEVERE ] player 3 placing token on slot 11
[2022-12-13 01:28:53] [SEVERE ] player 2 placing token on slot 5
[2022-12-13 01:28:53] [SEVERE ] player 2 placing token on slot 3
[2022-12-13 01:28:53] [SEVERE ] removing tokens from slot 2
[2022-12-13 01:28:53] [SEVERE ] removing card from slot 2
[2022-12-13 01:28:53] [SEVERE ] removing tokens from slot 6
[2022-12-13 01:28:53] [SEVERE ] removing card from slot 6
[2022-12-13 01:28:53] [SEVERE ] removing tokens from slot 11
[2022-12-13 01:28:53] [SEVERE ] removing card from slot 11
[2022-12-13 01:28:53] [SEVERE ] placing card 44 in slot 2
[2022-12-13 01:28:54] [SEVERE ] placing card 9 in slot 6
[2022-12-13 01:28:54] [SEVERE ] placing card 6 in slot 11
[2022-12-13 01:28:54] [SEVERE ] setting player 3 score to 1
[2022-12-13 01:28:54] [INFO   ] Thread main terminated.
