[2022-12-12 23:56:46] [INFO   ] cannot read configuration file config.properties trying from resources.
[2022-12-12 23:56:46] [INFO   ] configuration file was loaded from resources directory.
[2022-12-12 23:56:46] [INFO   ] Thread Thread-0starting.
[2022-12-12 23:56:46] [INFO   ] Thread Thread-2starting.
[2022-12-12 23:56:46] [INFO   ] Thread dealer starting.
[2022-12-12 23:56:46] [INFO   ] Thread Thread-1starting.
[2022-12-12 23:56:46] [INFO   ] Thread computer-2 starting.
[2022-12-12 23:56:47] [SEVERE ] placing card 5 in slot 0
[2022-12-12 23:56:47] [SEVERE ] placing card 30 in slot 1
[2022-12-12 23:56:47] [SEVERE ] placing card 41 in slot 2
[2022-12-12 23:56:47] [SEVERE ] placing card 37 in slot 3
[2022-12-12 23:56:47] [SEVERE ] placing card 31 in slot 4
[2022-12-12 23:56:47] [SEVERE ] placing card 25 in slot 5
[2022-12-12 23:56:47] [SEVERE ] placing card 27 in slot 6
[2022-12-12 23:56:47] [SEVERE ] placing card 29 in slot 7
[2022-12-12 23:56:47] [SEVERE ] placing card 18 in slot 8
[2022-12-12 23:56:48] [SEVERE ] placing card 38 in slot 9
[2022-12-12 23:56:48] [SEVERE ] placing card 76 in slot 10
[2022-12-12 23:56:48] [SEVERE ] placing card 66 in slot 11
[2022-12-12 23:56:48] [SEVERE ] player 2 placing token on slot 2
[2022-12-12 23:56:48] [SEVERE ] player 2 placing token on slot 8
[2022-12-12 23:56:48] [SEVERE ] player 2 placing token on slot 11
[2022-12-12 23:56:48] [SEVERE ] removing player 2 token from slot 2
[2022-12-12 23:56:48] [SEVERE ] removing player 2 token from slot 8
[2022-12-12 23:56:48] [SEVERE ] removing player 2 token from slot 11
[2022-12-12 23:56:48] [SEVERE ] player 2 placing token on slot 8
[2022-12-12 23:56:48] [SEVERE ] player 2 placing token on slot 1
[2022-12-12 23:56:48] [SEVERE ] player 2 placing token on slot 7
[2022-12-12 23:56:48] [SEVERE ] removing player 2 token from slot 1
[2022-12-12 23:56:48] [SEVERE ] removing player 2 token from slot 7
[2022-12-12 23:56:48] [SEVERE ] removing player 2 token from slot 8
[2022-12-12 23:56:48] [SEVERE ] player 2 placing token on slot 1
[2022-12-12 23:56:48] [SEVERE ] player 2 placing token on slot 5
[2022-12-12 23:56:48] [SEVERE ] player 2 placing token on slot 7
[2022-12-12 23:56:48] [SEVERE ] removing player 2 token from slot 1
[2022-12-12 23:56:48] [SEVERE ] removing player 2 token from slot 5
[2022-12-12 23:56:48] [SEVERE ] removing player 2 token from slot 7
[2022-12-12 23:56:48] [SEVERE ] player 2 placing token on slot 7
[2022-12-12 23:56:48] [SEVERE ] player 2 placing token on slot 2
[2022-12-12 23:56:48] [SEVERE ] player 2 placing token on slot 9
[2022-12-12 23:56:48] [SEVERE ] removing player 2 token from slot 2
[2022-12-12 23:56:48] [SEVERE ] removing player 2 token from slot 7
[2022-12-12 23:56:48] [SEVERE ] removing player 2 token from slot 9
[2022-12-12 23:56:48] [SEVERE ] player 2 placing token on slot 8
[2022-12-12 23:56:48] [SEVERE ] player 2 placing token on slot 7
[2022-12-12 23:56:48] [SEVERE ] player 2 placing token on slot 9
[2022-12-12 23:56:48] [SEVERE ] removing player 2 token from slot 7
[2022-12-12 23:56:48] [SEVERE ] removing player 2 token from slot 8
[2022-12-12 23:56:48] [SEVERE ] removing player 2 token from slot 9
[2022-12-12 23:56:48] [SEVERE ] player 2 placing token on slot 8
[2022-12-12 23:56:48] [SEVERE ] player 2 placing token on slot 10
[2022-12-12 23:56:48] [SEVERE ] player 2 placing token on slot 9
[2022-12-12 23:56:48] [SEVERE ] removing player 2 token from slot 8
[2022-12-12 23:56:48] [SEVERE ] removing player 2 token from slot 9
[2022-12-12 23:56:48] [SEVERE ] removing player 2 token from slot 10
[2022-12-12 23:56:48] [SEVERE ] player 2 placing token on slot 6
[2022-12-12 23:56:48] [SEVERE ] player 2 placing token on slot 4
[2022-12-12 23:56:48] [SEVERE ] player 2 placing token on slot 8
[2022-12-12 23:56:48] [SEVERE ] removing player 2 token from slot 4
[2022-12-12 23:56:48] [SEVERE ] removing player 2 token from slot 6
[2022-12-12 23:56:48] [SEVERE ] removing player 2 token from slot 8
[2022-12-12 23:56:48] [SEVERE ] player 2 placing token on slot 6
[2022-12-12 23:56:48] [SEVERE ] player 2 placing token on slot 1
[2022-12-12 23:56:48] [SEVERE ] player 2 placing token on slot 3
[2022-12-12 23:56:48] [SEVERE ] removing player 2 token from slot 1
[2022-12-12 23:56:49] [SEVERE ] removing player 2 token from slot 3
[2022-12-12 23:56:49] [SEVERE ] removing player 2 token from slot 6
[2022-12-12 23:56:49] [SEVERE ] player 2 placing token on slot 5
[2022-12-12 23:56:49] [SEVERE ] player 2 placing token on slot 0
[2022-12-12 23:56:49] [SEVERE ] player 2 placing token on slot 4
[2022-12-12 23:56:49] [SEVERE ] removing player 2 token from slot 0
[2022-12-12 23:56:49] [SEVERE ] removing player 2 token from slot 4
[2022-12-12 23:56:49] [SEVERE ] removing player 2 token from slot 5
[2022-12-12 23:56:49] [SEVERE ] player 2 placing token on slot 3
[2022-12-12 23:56:49] [SEVERE ] player 2 placing token on slot 7
[2022-12-12 23:56:49] [SEVERE ] player 2 placing token on slot 1
[2022-12-12 23:56:49] [SEVERE ] removing player 2 token from slot 1
[2022-12-12 23:56:49] [SEVERE ] removing player 2 token from slot 3
[2022-12-12 23:56:49] [SEVERE ] removing player 2 token from slot 7
[2022-12-12 23:56:49] [SEVERE ] player 2 placing token on slot 4
[2022-12-12 23:56:49] [SEVERE ] player 2 placing token on slot 6
[2022-12-12 23:56:49] [SEVERE ] player 2 placing token on slot 1
[2022-12-12 23:56:49] [SEVERE ] removing player 2 token from slot 1
[2022-12-12 23:56:49] [SEVERE ] removing player 2 token from slot 4
[2022-12-12 23:56:49] [SEVERE ] removing player 2 token from slot 6
[2022-12-12 23:56:49] [SEVERE ] player 2 placing token on slot 0
[2022-12-12 23:56:49] [SEVERE ] player 2 placing token on slot 3
[2022-12-12 23:56:49] [SEVERE ] player 2 placing token on slot 2
[2022-12-12 23:56:49] [SEVERE ] removing player 2 token from slot 0
[2022-12-12 23:56:49] [SEVERE ] removing player 2 token from slot 2
[2022-12-12 23:56:49] [SEVERE ] removing player 2 token from slot 3
[2022-12-12 23:56:49] [SEVERE ] player 2 placing token on slot 4
[2022-12-12 23:56:49] [SEVERE ] player 2 placing token on slot 3
[2022-12-12 23:56:49] [SEVERE ] player 2 placing token on slot 11
[2022-12-12 23:56:49] [SEVERE ] removing player 2 token from slot 3
[2022-12-12 23:56:49] [SEVERE ] removing player 2 token from slot 4
[2022-12-12 23:56:49] [SEVERE ] removing player 2 token from slot 11
[2022-12-12 23:56:49] [SEVERE ] player 2 placing token on slot 10
[2022-12-12 23:56:49] [SEVERE ] player 2 placing token on slot 6
[2022-12-12 23:56:49] [SEVERE ] player 2 placing token on slot 9
[2022-12-12 23:56:49] [SEVERE ] removing player 2 token from slot 6
[2022-12-12 23:56:49] [SEVERE ] removing player 2 token from slot 9
[2022-12-12 23:56:49] [SEVERE ] removing player 2 token from slot 10
[2022-12-12 23:56:49] [SEVERE ] player 2 placing token on slot 2
[2022-12-12 23:56:49] [SEVERE ] player 2 placing token on slot 1
[2022-12-12 23:56:49] [SEVERE ] player 2 placing token on slot 7
[2022-12-12 23:56:49] [SEVERE ] removing player 2 token from slot 1
[2022-12-12 23:56:49] [SEVERE ] removing player 2 token from slot 2
[2022-12-12 23:56:49] [SEVERE ] removing player 2 token from slot 7
[2022-12-12 23:56:49] [SEVERE ] player 2 placing token on slot 10
[2022-12-12 23:56:49] [SEVERE ] player 2 placing token on slot 2
[2022-12-12 23:56:49] [SEVERE ] player 2 placing token on slot 6
[2022-12-12 23:56:49] [SEVERE ] removing player 2 token from slot 2
[2022-12-12 23:56:49] [SEVERE ] removing player 2 token from slot 6
[2022-12-12 23:56:49] [SEVERE ] removing player 2 token from slot 10
[2022-12-12 23:56:49] [SEVERE ] player 2 placing token on slot 7
[2022-12-12 23:56:49] [SEVERE ] player 2 placing token on slot 8
[2022-12-12 23:56:49] [SEVERE ] player 2 placing token on slot 1
[2022-12-12 23:56:49] [SEVERE ] removing player 2 token from slot 1
[2022-12-12 23:56:49] [SEVERE ] removing player 2 token from slot 7
[2022-12-12 23:56:49] [SEVERE ] removing player 2 token from slot 8
[2022-12-12 23:56:49] [SEVERE ] player 2 placing token on slot 11
[2022-12-12 23:56:49] [SEVERE ] player 2 placing token on slot 5
[2022-12-12 23:56:49] [SEVERE ] player 2 placing token on slot 0
[2022-12-12 23:56:49] [SEVERE ] removing player 2 token from slot 0
[2022-12-12 23:56:49] [SEVERE ] removing player 2 token from slot 5
[2022-12-12 23:56:49] [SEVERE ] removing player 2 token from slot 11
[2022-12-12 23:56:49] [SEVERE ] player 2 placing token on slot 3
[2022-12-12 23:56:49] [SEVERE ] player 2 placing token on slot 5
[2022-12-12 23:56:49] [SEVERE ] player 2 placing token on slot 10
[2022-12-12 23:56:49] [SEVERE ] removing player 2 token from slot 3
[2022-12-12 23:56:49] [SEVERE ] removing player 2 token from slot 5
[2022-12-12 23:56:49] [SEVERE ] removing player 2 token from slot 10
[2022-12-12 23:56:50] [SEVERE ] player 2 placing token on slot 4
[2022-12-12 23:56:50] [SEVERE ] player 2 placing token on slot 11
[2022-12-12 23:56:50] [SEVERE ] player 2 placing token on slot 3
[2022-12-12 23:56:50] [SEVERE ] removing player 2 token from slot 3
[2022-12-12 23:56:50] [SEVERE ] removing player 2 token from slot 4
[2022-12-12 23:56:50] [SEVERE ] removing player 2 token from slot 11
[2022-12-12 23:56:50] [SEVERE ] player 2 placing token on slot 0
[2022-12-12 23:56:50] [SEVERE ] player 2 placing token on slot 6
[2022-12-12 23:56:50] [SEVERE ] player 2 placing token on slot 8
[2022-12-12 23:56:50] [SEVERE ] removing player 2 token from slot 0
[2022-12-12 23:56:50] [SEVERE ] removing player 2 token from slot 6
[2022-12-12 23:56:50] [SEVERE ] removing player 2 token from slot 8
[2022-12-12 23:56:50] [SEVERE ] player 2 placing token on slot 7
[2022-12-12 23:56:50] [SEVERE ] player 2 placing token on slot 11
[2022-12-12 23:56:50] [SEVERE ] player 2 placing token on slot 0
[2022-12-12 23:56:50] [SEVERE ] removing player 2 token from slot 0
[2022-12-12 23:56:50] [SEVERE ] removing player 2 token from slot 7
[2022-12-12 23:56:50] [SEVERE ] removing player 2 token from slot 11
[2022-12-12 23:56:50] [SEVERE ] player 2 placing token on slot 6
[2022-12-12 23:56:50] [SEVERE ] player 2 placing token on slot 10
[2022-12-12 23:56:50] [SEVERE ] player 2 placing token on slot 5
[2022-12-12 23:56:50] [SEVERE ] removing player 2 token from slot 5
[2022-12-12 23:56:50] [SEVERE ] removing player 2 token from slot 6
[2022-12-12 23:56:50] [SEVERE ] removing player 2 token from slot 10
[2022-12-12 23:56:50] [SEVERE ] player 2 placing token on slot 9
[2022-12-12 23:56:50] [SEVERE ] player 2 placing token on slot 7
[2022-12-12 23:56:50] [SEVERE ] player 2 placing token on slot 10
[2022-12-12 23:56:50] [SEVERE ] removing player 2 token from slot 7
[2022-12-12 23:56:50] [SEVERE ] removing player 2 token from slot 9
[2022-12-12 23:56:50] [SEVERE ] removing player 2 token from slot 10
[2022-12-12 23:56:50] [SEVERE ] player 2 placing token on slot 7
[2022-12-12 23:56:50] [SEVERE ] player 2 placing token on slot 4
[2022-12-12 23:56:50] [SEVERE ] player 2 placing token on slot 6
[2022-12-12 23:56:50] [SEVERE ] removing player 2 token from slot 4
[2022-12-12 23:56:50] [SEVERE ] removing player 2 token from slot 6
[2022-12-12 23:56:50] [SEVERE ] removing player 2 token from slot 7
[2022-12-12 23:56:50] [SEVERE ] player 2 placing token on slot 3
[2022-12-12 23:56:50] [SEVERE ] player 2 placing token on slot 7
[2022-12-12 23:56:50] [SEVERE ] player 2 placing token on slot 6
[2022-12-12 23:56:50] [SEVERE ] removing player 2 token from slot 3
[2022-12-12 23:56:50] [SEVERE ] removing player 2 token from slot 6
[2022-12-12 23:56:50] [SEVERE ] removing player 2 token from slot 7
[2022-12-12 23:56:50] [SEVERE ] player 2 placing token on slot 11
[2022-12-12 23:56:50] [SEVERE ] player 2 placing token on slot 3
[2022-12-12 23:56:50] [SEVERE ] player 2 placing token on slot 7
[2022-12-12 23:56:50] [SEVERE ] removing player 2 token from slot 3
[2022-12-12 23:56:50] [SEVERE ] removing player 2 token from slot 7
[2022-12-12 23:56:50] [SEVERE ] removing player 2 token from slot 11
[2022-12-12 23:56:50] [SEVERE ] player 2 placing token on slot 9
[2022-12-12 23:56:50] [SEVERE ] player 2 placing token on slot 10
[2022-12-12 23:56:50] [SEVERE ] player 2 placing token on slot 11
[2022-12-12 23:56:50] [SEVERE ] removing player 2 token from slot 9
[2022-12-12 23:56:50] [SEVERE ] removing player 2 token from slot 10
[2022-12-12 23:56:50] [SEVERE ] removing player 2 token from slot 11
[2022-12-12 23:56:50] [SEVERE ] player 2 placing token on slot 0
[2022-12-12 23:56:50] [SEVERE ] player 2 placing token on slot 9
[2022-12-12 23:56:50] [SEVERE ] player 2 placing token on slot 2
[2022-12-12 23:56:50] [SEVERE ] removing player 2 token from slot 0
[2022-12-12 23:56:50] [SEVERE ] removing player 2 token from slot 2
[2022-12-12 23:56:50] [SEVERE ] removing player 2 token from slot 9
[2022-12-12 23:56:50] [SEVERE ] player 2 placing token on slot 10
[2022-12-12 23:56:50] [SEVERE ] player 2 placing token on slot 0
[2022-12-12 23:56:50] [SEVERE ] player 2 placing token on slot 5
[2022-12-12 23:56:50] [SEVERE ] removing player 2 token from slot 0
[2022-12-12 23:56:50] [SEVERE ] removing player 2 token from slot 5
[2022-12-12 23:56:50] [SEVERE ] removing player 2 token from slot 10
[2022-12-12 23:56:51] [SEVERE ] player 2 placing token on slot 3
[2022-12-12 23:56:51] [SEVERE ] player 2 placing token on slot 1
[2022-12-12 23:56:51] [SEVERE ] player 2 placing token on slot 4
[2022-12-12 23:56:51] [SEVERE ] removing player 2 token from slot 1
[2022-12-12 23:56:51] [SEVERE ] removing player 2 token from slot 3
[2022-12-12 23:56:51] [SEVERE ] removing player 2 token from slot 4
[2022-12-12 23:56:51] [SEVERE ] player 2 placing token on slot 8
[2022-12-12 23:56:51] [SEVERE ] player 2 placing token on slot 11
[2022-12-12 23:56:51] [SEVERE ] player 2 placing token on slot 7
[2022-12-12 23:56:51] [SEVERE ] removing player 2 token from slot 7
[2022-12-12 23:56:51] [SEVERE ] removing player 2 token from slot 8
[2022-12-12 23:56:51] [SEVERE ] removing player 2 token from slot 11
[2022-12-12 23:56:51] [SEVERE ] player 2 placing token on slot 6
[2022-12-12 23:56:51] [SEVERE ] player 2 placing token on slot 9
[2022-12-12 23:56:51] [SEVERE ] player 2 placing token on slot 4
[2022-12-12 23:56:51] [SEVERE ] removing player 2 token from slot 4
[2022-12-12 23:56:51] [SEVERE ] removing player 2 token from slot 6
[2022-12-12 23:56:51] [SEVERE ] removing player 2 token from slot 9
[2022-12-12 23:56:51] [SEVERE ] player 2 placing token on slot 7
[2022-12-12 23:56:51] [SEVERE ] player 2 placing token on slot 3
[2022-12-12 23:56:51] [SEVERE ] player 2 placing token on slot 9
[2022-12-12 23:56:51] [SEVERE ] removing player 2 token from slot 3
[2022-12-12 23:56:51] [SEVERE ] removing player 2 token from slot 7
[2022-12-12 23:56:51] [SEVERE ] removing player 2 token from slot 9
[2022-12-12 23:56:51] [SEVERE ] player 2 placing token on slot 11
[2022-12-12 23:56:51] [SEVERE ] player 2 placing token on slot 7
[2022-12-12 23:56:51] [SEVERE ] player 2 placing token on slot 9
[2022-12-12 23:56:51] [SEVERE ] removing player 2 token from slot 7
[2022-12-12 23:56:51] [SEVERE ] removing player 2 token from slot 9
[2022-12-12 23:56:51] [SEVERE ] removing player 2 token from slot 11
[2022-12-12 23:56:51] [SEVERE ] player 2 placing token on slot 4
[2022-12-12 23:56:51] [SEVERE ] player 2 placing token on slot 3
[2022-12-12 23:56:51] [SEVERE ] player 2 placing token on slot 0
[2022-12-12 23:56:51] [SEVERE ] removing player 2 token from slot 0
[2022-12-12 23:56:51] [SEVERE ] removing player 2 token from slot 3
[2022-12-12 23:56:51] [SEVERE ] removing player 2 token from slot 4
[2022-12-12 23:56:51] [SEVERE ] player 2 placing token on slot 11
[2022-12-12 23:56:51] [SEVERE ] player 2 placing token on slot 4
[2022-12-12 23:56:51] [SEVERE ] player 2 placing token on slot 1
[2022-12-12 23:56:51] [SEVERE ] removing player 2 token from slot 1
[2022-12-12 23:56:51] [SEVERE ] removing player 2 token from slot 4
[2022-12-12 23:56:51] [SEVERE ] removing player 2 token from slot 11
[2022-12-12 23:56:51] [SEVERE ] player 2 placing token on slot 11
[2022-12-12 23:56:51] [SEVERE ] player 2 placing token on slot 7
[2022-12-12 23:56:51] [SEVERE ] player 2 placing token on slot 3
[2022-12-12 23:56:51] [SEVERE ] removing player 2 token from slot 3
[2022-12-12 23:56:51] [SEVERE ] removing player 2 token from slot 7
[2022-12-12 23:56:51] [SEVERE ] removing player 2 token from slot 11
[2022-12-12 23:56:51] [SEVERE ] player 2 placing token on slot 3
[2022-12-12 23:56:51] [SEVERE ] player 2 placing token on slot 0
[2022-12-12 23:56:51] [SEVERE ] player 2 placing token on slot 11
[2022-12-12 23:56:51] [SEVERE ] removing player 2 token from slot 0
[2022-12-12 23:56:51] [SEVERE ] removing player 2 token from slot 3
[2022-12-12 23:56:51] [SEVERE ] removing player 2 token from slot 11
[2022-12-12 23:56:51] [SEVERE ] player 2 placing token on slot 5
[2022-12-12 23:56:51] [SEVERE ] player 2 placing token on slot 9
[2022-12-12 23:56:51] [SEVERE ] player 2 placing token on slot 2
[2022-12-12 23:56:51] [SEVERE ] removing player 2 token from slot 2
[2022-12-12 23:56:51] [SEVERE ] removing player 2 token from slot 5
[2022-12-12 23:56:51] [SEVERE ] removing player 2 token from slot 9
[2022-12-12 23:56:51] [SEVERE ] player 2 placing token on slot 10
[2022-12-12 23:56:51] [SEVERE ] player 2 placing token on slot 7
[2022-12-12 23:56:51] [SEVERE ] player 2 placing token on slot 3
[2022-12-12 23:56:51] [SEVERE ] removing player 2 token from slot 3
[2022-12-12 23:56:51] [SEVERE ] removing player 2 token from slot 7
[2022-12-12 23:56:51] [SEVERE ] removing player 2 token from slot 10
[2022-12-12 23:56:51] [SEVERE ] player 2 placing token on slot 6
[2022-12-12 23:56:52] [SEVERE ] player 2 placing token on slot 5
[2022-12-12 23:56:52] [SEVERE ] player 2 placing token on slot 9
[2022-12-12 23:56:52] [SEVERE ] removing player 2 token from slot 5
[2022-12-12 23:56:52] [SEVERE ] removing player 2 token from slot 6
[2022-12-12 23:56:52] [SEVERE ] removing player 2 token from slot 9
[2022-12-12 23:56:52] [SEVERE ] player 2 placing token on slot 6
[2022-12-12 23:56:52] [SEVERE ] player 2 placing token on slot 10
[2022-12-12 23:56:52] [SEVERE ] player 2 placing token on slot 11
[2022-12-12 23:56:52] [SEVERE ] removing player 2 token from slot 6
[2022-12-12 23:56:52] [SEVERE ] removing player 2 token from slot 10
[2022-12-12 23:56:52] [SEVERE ] removing player 2 token from slot 11
[2022-12-12 23:56:52] [SEVERE ] player 2 placing token on slot 4
[2022-12-12 23:56:52] [SEVERE ] player 2 placing token on slot 1
[2022-12-12 23:56:52] [SEVERE ] player 2 placing token on slot 10
[2022-12-12 23:56:52] [SEVERE ] removing player 2 token from slot 1
[2022-12-12 23:56:52] [SEVERE ] removing player 2 token from slot 4
[2022-12-12 23:56:52] [SEVERE ] removing player 2 token from slot 10
[2022-12-12 23:56:52] [SEVERE ] player 2 placing token on slot 11
[2022-12-12 23:56:52] [SEVERE ] player 2 placing token on slot 2
[2022-12-12 23:56:52] [SEVERE ] player 2 placing token on slot 3
[2022-12-12 23:56:52] [SEVERE ] removing player 2 token from slot 2
[2022-12-12 23:56:52] [SEVERE ] removing player 2 token from slot 3
[2022-12-12 23:56:52] [SEVERE ] removing player 2 token from slot 11
[2022-12-12 23:56:52] [SEVERE ] player 2 placing token on slot 1
[2022-12-12 23:56:52] [SEVERE ] player 2 placing token on slot 8
[2022-12-12 23:56:52] [SEVERE ] player 2 placing token on slot 6
[2022-12-12 23:56:52] [SEVERE ] removing player 2 token from slot 1
[2022-12-12 23:56:52] [SEVERE ] removing player 2 token from slot 6
[2022-12-12 23:56:52] [SEVERE ] removing player 2 token from slot 8
[2022-12-12 23:56:52] [SEVERE ] player 2 placing token on slot 4
[2022-12-12 23:56:52] [SEVERE ] player 2 placing token on slot 2
[2022-12-12 23:56:52] [SEVERE ] player 2 placing token on slot 5
[2022-12-12 23:56:52] [SEVERE ] removing player 2 token from slot 2
[2022-12-12 23:56:52] [SEVERE ] removing player 2 token from slot 4
[2022-12-12 23:56:52] [SEVERE ] removing player 2 token from slot 5
[2022-12-12 23:56:52] [SEVERE ] player 2 placing token on slot 11
[2022-12-12 23:56:52] [SEVERE ] player 2 placing token on slot 2
[2022-12-12 23:56:52] [SEVERE ] player 2 placing token on slot 6
[2022-12-12 23:56:52] [SEVERE ] removing player 2 token from slot 2
[2022-12-12 23:56:52] [SEVERE ] removing player 2 token from slot 6
[2022-12-12 23:56:52] [SEVERE ] removing player 2 token from slot 11
[2022-12-12 23:56:52] [SEVERE ] player 2 placing token on slot 6
[2022-12-12 23:56:52] [SEVERE ] player 2 placing token on slot 5
[2022-12-12 23:56:52] [SEVERE ] player 2 placing token on slot 10
[2022-12-12 23:56:52] [SEVERE ] removing player 2 token from slot 5
[2022-12-12 23:56:52] [SEVERE ] removing player 2 token from slot 6
[2022-12-12 23:56:52] [SEVERE ] removing player 2 token from slot 10
[2022-12-12 23:56:52] [SEVERE ] player 2 placing token on slot 2
[2022-12-12 23:56:52] [SEVERE ] player 2 placing token on slot 11
[2022-12-12 23:56:52] [SEVERE ] player 2 placing token on slot 7
[2022-12-12 23:56:52] [SEVERE ] removing player 2 token from slot 2
[2022-12-12 23:56:52] [SEVERE ] removing player 2 token from slot 7
[2022-12-12 23:56:52] [SEVERE ] removing player 2 token from slot 11
[2022-12-12 23:56:52] [SEVERE ] player 2 placing token on slot 8
[2022-12-12 23:56:52] [SEVERE ] player 2 placing token on slot 7
[2022-12-12 23:56:52] [SEVERE ] player 2 placing token on slot 3
[2022-12-12 23:56:52] [SEVERE ] removing player 2 token from slot 3
[2022-12-12 23:56:52] [SEVERE ] removing player 2 token from slot 7
[2022-12-12 23:56:52] [SEVERE ] removing player 2 token from slot 8
[2022-12-12 23:56:52] [SEVERE ] player 2 placing token on slot 8
[2022-12-12 23:56:52] [SEVERE ] player 2 placing token on slot 10
[2022-12-12 23:56:53] [SEVERE ] player 2 placing token on slot 4
[2022-12-12 23:56:53] [SEVERE ] removing player 2 token from slot 4
[2022-12-12 23:56:53] [SEVERE ] removing player 2 token from slot 8
[2022-12-12 23:56:53] [SEVERE ] removing player 2 token from slot 10
[2022-12-12 23:56:53] [SEVERE ] player 2 placing token on slot 4
[2022-12-12 23:56:53] [SEVERE ] player 2 placing token on slot 8
[2022-12-12 23:56:53] [SEVERE ] player 2 placing token on slot 11
[2022-12-12 23:56:53] [SEVERE ] removing player 2 token from slot 4
[2022-12-12 23:56:53] [SEVERE ] removing player 2 token from slot 8
[2022-12-12 23:56:53] [SEVERE ] removing player 2 token from slot 11
[2022-12-12 23:56:53] [SEVERE ] player 2 placing token on slot 7
[2022-12-12 23:56:53] [SEVERE ] player 2 placing token on slot 6
[2022-12-12 23:56:53] [SEVERE ] player 2 placing token on slot 9
[2022-12-12 23:56:53] [SEVERE ] removing player 2 token from slot 6
[2022-12-12 23:56:53] [SEVERE ] removing player 2 token from slot 7
[2022-12-12 23:56:53] [SEVERE ] removing player 2 token from slot 9
[2022-12-12 23:56:53] [SEVERE ] player 2 placing token on slot 3
[2022-12-12 23:56:53] [SEVERE ] player 2 placing token on slot 0
[2022-12-12 23:56:53] [SEVERE ] player 2 placing token on slot 4
[2022-12-12 23:56:53] [SEVERE ] removing player 2 token from slot 0
[2022-12-12 23:56:53] [SEVERE ] removing player 2 token from slot 3
[2022-12-12 23:56:53] [SEVERE ] removing player 2 token from slot 4
[2022-12-12 23:56:53] [SEVERE ] player 2 placing token on slot 3
[2022-12-12 23:56:53] [SEVERE ] player 2 placing token on slot 2
[2022-12-12 23:56:53] [SEVERE ] player 2 placing token on slot 7
[2022-12-12 23:56:53] [SEVERE ] removing player 2 token from slot 2
[2022-12-12 23:56:53] [SEVERE ] removing player 2 token from slot 3
[2022-12-12 23:56:53] [SEVERE ] removing player 2 token from slot 7
[2022-12-12 23:56:53] [SEVERE ] player 2 placing token on slot 1
[2022-12-12 23:56:53] [SEVERE ] player 2 placing token on slot 6
[2022-12-12 23:56:53] [SEVERE ] player 2 placing token on slot 11
[2022-12-12 23:56:53] [SEVERE ] removing player 2 token from slot 1
[2022-12-12 23:56:53] [SEVERE ] removing player 2 token from slot 6
[2022-12-12 23:56:53] [SEVERE ] removing player 2 token from slot 11
[2022-12-12 23:56:53] [SEVERE ] player 2 placing token on slot 8
[2022-12-12 23:56:53] [SEVERE ] player 2 placing token on slot 4
[2022-12-12 23:56:53] [SEVERE ] player 2 placing token on slot 0
[2022-12-12 23:56:53] [SEVERE ] removing player 2 token from slot 0
[2022-12-12 23:56:53] [SEVERE ] removing player 2 token from slot 4
[2022-12-12 23:56:53] [SEVERE ] removing player 2 token from slot 8
[2022-12-12 23:56:53] [SEVERE ] player 2 placing token on slot 4
[2022-12-12 23:56:53] [SEVERE ] player 2 placing token on slot 2
[2022-12-12 23:56:53] [SEVERE ] player 2 placing token on slot 1
[2022-12-12 23:56:53] [SEVERE ] removing player 2 token from slot 1
[2022-12-12 23:56:53] [SEVERE ] removing player 2 token from slot 2
[2022-12-12 23:56:53] [SEVERE ] removing player 2 token from slot 4
[2022-12-12 23:56:53] [SEVERE ] player 2 placing token on slot 11
[2022-12-12 23:56:53] [SEVERE ] player 2 placing token on slot 4
[2022-12-12 23:56:53] [SEVERE ] player 2 placing token on slot 5
[2022-12-12 23:56:53] [SEVERE ] removing player 2 token from slot 4
[2022-12-12 23:56:53] [SEVERE ] removing player 2 token from slot 5
[2022-12-12 23:56:53] [SEVERE ] removing player 2 token from slot 11
[2022-12-12 23:56:53] [SEVERE ] player 2 placing token on slot 5
[2022-12-12 23:56:53] [SEVERE ] player 2 placing token on slot 10
[2022-12-12 23:56:53] [SEVERE ] player 2 placing token on slot 4
[2022-12-12 23:56:53] [SEVERE ] removing player 2 token from slot 4
[2022-12-12 23:56:53] [SEVERE ] removing player 2 token from slot 5
[2022-12-12 23:56:53] [SEVERE ] removing player 2 token from slot 10
[2022-12-12 23:56:53] [SEVERE ] player 2 placing token on slot 4
[2022-12-12 23:56:53] [SEVERE ] player 2 placing token on slot 9
[2022-12-12 23:56:53] [SEVERE ] player 2 placing token on slot 2
[2022-12-12 23:56:53] [SEVERE ] removing player 2 token from slot 2
[2022-12-12 23:56:53] [SEVERE ] removing player 2 token from slot 4
[2022-12-12 23:56:53] [SEVERE ] removing player 2 token from slot 9
[2022-12-12 23:56:54] [SEVERE ] player 2 placing token on slot 6
[2022-12-12 23:56:54] [SEVERE ] player 2 placing token on slot 8
[2022-12-12 23:56:54] [SEVERE ] player 2 placing token on slot 4
[2022-12-12 23:56:54] [SEVERE ] removing player 2 token from slot 4
[2022-12-12 23:56:54] [SEVERE ] removing player 2 token from slot 6
[2022-12-12 23:56:54] [SEVERE ] removing player 2 token from slot 8
[2022-12-12 23:56:54] [SEVERE ] player 2 placing token on slot 3
[2022-12-12 23:56:54] [SEVERE ] player 2 placing token on slot 6
[2022-12-12 23:56:54] [SEVERE ] player 2 placing token on slot 10
[2022-12-12 23:56:54] [SEVERE ] removing player 2 token from slot 3
[2022-12-12 23:56:54] [SEVERE ] removing player 2 token from slot 6
[2022-12-12 23:56:54] [SEVERE ] removing player 2 token from slot 10
[2022-12-12 23:56:54] [SEVERE ] player 2 placing token on slot 9
[2022-12-12 23:56:54] [SEVERE ] player 2 placing token on slot 6
[2022-12-12 23:56:54] [SEVERE ] player 2 placing token on slot 7
[2022-12-12 23:56:54] [SEVERE ] removing player 2 token from slot 6
[2022-12-12 23:56:54] [SEVERE ] removing player 2 token from slot 7
[2022-12-12 23:56:54] [SEVERE ] removing player 2 token from slot 9
[2022-12-12 23:56:54] [SEVERE ] player 2 placing token on slot 2
[2022-12-12 23:56:54] [SEVERE ] player 2 placing token on slot 0
[2022-12-12 23:56:54] [SEVERE ] player 2 placing token on slot 6
[2022-12-12 23:56:54] [SEVERE ] removing player 2 token from slot 0
[2022-12-12 23:56:54] [SEVERE ] removing player 2 token from slot 2
[2022-12-12 23:56:54] [SEVERE ] removing player 2 token from slot 6
[2022-12-12 23:56:54] [SEVERE ] player 2 placing token on slot 8
[2022-12-12 23:56:54] [SEVERE ] player 2 placing token on slot 4
[2022-12-12 23:56:54] [SEVERE ] player 2 placing token on slot 3
[2022-12-12 23:56:54] [SEVERE ] removing player 2 token from slot 3
[2022-12-12 23:56:54] [SEVERE ] removing player 2 token from slot 4
[2022-12-12 23:56:54] [SEVERE ] removing player 2 token from slot 8
[2022-12-12 23:56:54] [SEVERE ] player 2 placing token on slot 0
[2022-12-12 23:56:54] [SEVERE ] player 2 placing token on slot 4
[2022-12-12 23:56:54] [SEVERE ] player 2 placing token on slot 11
[2022-12-12 23:56:54] [SEVERE ] removing player 2 token from slot 0
[2022-12-12 23:56:54] [SEVERE ] removing player 2 token from slot 4
[2022-12-12 23:56:54] [SEVERE ] removing player 2 token from slot 11
[2022-12-12 23:56:54] [SEVERE ] player 2 placing token on slot 6
[2022-12-12 23:56:54] [SEVERE ] player 2 placing token on slot 10
[2022-12-12 23:56:54] [SEVERE ] player 2 placing token on slot 3
[2022-12-12 23:56:54] [SEVERE ] removing player 2 token from slot 3
[2022-12-12 23:56:54] [SEVERE ] removing player 2 token from slot 6
[2022-12-12 23:56:54] [SEVERE ] removing player 2 token from slot 10
[2022-12-12 23:56:54] [SEVERE ] player 2 placing token on slot 11
[2022-12-12 23:56:54] [SEVERE ] player 2 placing token on slot 8
[2022-12-12 23:56:54] [SEVERE ] player 2 placing token on slot 7
[2022-12-12 23:56:54] [SEVERE ] removing player 2 token from slot 7
[2022-12-12 23:56:54] [SEVERE ] removing player 2 token from slot 8
[2022-12-12 23:56:54] [SEVERE ] removing player 2 token from slot 11
[2022-12-12 23:56:54] [SEVERE ] player 2 placing token on slot 7
[2022-12-12 23:56:54] [SEVERE ] player 2 placing token on slot 4
[2022-12-12 23:56:54] [SEVERE ] player 2 placing token on slot 11
[2022-12-12 23:56:54] [SEVERE ] removing player 2 token from slot 4
[2022-12-12 23:56:54] [SEVERE ] removing player 2 token from slot 7
[2022-12-12 23:56:54] [SEVERE ] removing player 2 token from slot 11
[2022-12-12 23:56:54] [SEVERE ] player 2 placing token on slot 2
[2022-12-12 23:56:54] [SEVERE ] player 2 placing token on slot 9
[2022-12-12 23:56:54] [SEVERE ] player 2 placing token on slot 1
[2022-12-12 23:56:54] [SEVERE ] removing player 2 token from slot 1
[2022-12-12 23:56:54] [SEVERE ] removing player 2 token from slot 2
[2022-12-12 23:56:54] [SEVERE ] removing player 2 token from slot 9
[2022-12-12 23:56:54] [SEVERE ] player 2 placing token on slot 5
[2022-12-12 23:56:54] [SEVERE ] player 2 placing token on slot 0
[2022-12-12 23:56:54] [SEVERE ] player 2 placing token on slot 4
[2022-12-12 23:56:54] [SEVERE ] removing player 2 token from slot 0
[2022-12-12 23:56:54] [SEVERE ] removing player 2 token from slot 4
[2022-12-12 23:56:54] [SEVERE ] removing player 2 token from slot 5
[2022-12-12 23:56:55] [SEVERE ] player 2 placing token on slot 8
[2022-12-12 23:56:55] [SEVERE ] player 2 placing token on slot 7
[2022-12-12 23:56:55] [SEVERE ] player 2 placing token on slot 11
[2022-12-12 23:56:55] [SEVERE ] removing player 2 token from slot 7
[2022-12-12 23:56:55] [SEVERE ] removing player 2 token from slot 8
[2022-12-12 23:56:55] [SEVERE ] removing player 2 token from slot 11
[2022-12-12 23:56:55] [SEVERE ] player 2 placing token on slot 8
[2022-12-12 23:56:55] [SEVERE ] player 2 placing token on slot 0
[2022-12-12 23:56:55] [SEVERE ] player 2 placing token on slot 9
[2022-12-12 23:56:55] [SEVERE ] removing player 2 token from slot 0
[2022-12-12 23:56:55] [SEVERE ] removing player 2 token from slot 8
[2022-12-12 23:56:55] [SEVERE ] removing player 2 token from slot 9
[2022-12-12 23:56:55] [SEVERE ] player 2 placing token on slot 10
[2022-12-12 23:56:55] [SEVERE ] player 2 placing token on slot 9
[2022-12-12 23:56:55] [SEVERE ] player 2 placing token on slot 0
[2022-12-12 23:56:55] [SEVERE ] removing player 2 token from slot 0
[2022-12-12 23:56:55] [SEVERE ] removing player 2 token from slot 9
[2022-12-12 23:56:55] [SEVERE ] removing player 2 token from slot 10
[2022-12-12 23:56:55] [SEVERE ] player 2 placing token on slot 4
[2022-12-12 23:56:55] [SEVERE ] player 2 placing token on slot 0
[2022-12-12 23:56:55] [SEVERE ] player 2 placing token on slot 2
[2022-12-12 23:56:55] [SEVERE ] removing player 2 token from slot 0
[2022-12-12 23:56:55] [SEVERE ] removing player 2 token from slot 2
[2022-12-12 23:56:55] [SEVERE ] removing player 2 token from slot 4
[2022-12-12 23:56:55] [SEVERE ] player 2 placing token on slot 10
[2022-12-12 23:56:55] [SEVERE ] player 2 placing token on slot 8
[2022-12-12 23:56:55] [SEVERE ] player 2 placing token on slot 4
[2022-12-12 23:56:55] [SEVERE ] removing player 2 token from slot 4
[2022-12-12 23:56:55] [SEVERE ] removing player 2 token from slot 8
[2022-12-12 23:56:55] [SEVERE ] removing player 2 token from slot 10
[2022-12-12 23:56:55] [SEVERE ] player 2 placing token on slot 10
[2022-12-12 23:56:55] [SEVERE ] player 2 placing token on slot 2
[2022-12-12 23:56:55] [SEVERE ] player 2 placing token on slot 11
[2022-12-12 23:56:55] [SEVERE ] removing player 2 token from slot 2
[2022-12-12 23:56:55] [SEVERE ] removing player 2 token from slot 10
[2022-12-12 23:56:55] [SEVERE ] removing player 2 token from slot 11
[2022-12-12 23:56:55] [SEVERE ] player 2 placing token on slot 7
[2022-12-12 23:56:55] [SEVERE ] player 2 placing token on slot 4
[2022-12-12 23:56:55] [SEVERE ] player 2 placing token on slot 3
[2022-12-12 23:56:55] [SEVERE ] removing player 2 token from slot 3
[2022-12-12 23:56:55] [SEVERE ] removing player 2 token from slot 4
[2022-12-12 23:56:55] [SEVERE ] removing player 2 token from slot 7
[2022-12-12 23:56:55] [SEVERE ] player 2 placing token on slot 4
[2022-12-12 23:56:55] [SEVERE ] player 2 placing token on slot 9
[2022-12-12 23:56:55] [SEVERE ] player 2 placing token on slot 3
[2022-12-12 23:56:55] [SEVERE ] removing player 2 token from slot 3
[2022-12-12 23:56:55] [SEVERE ] removing player 2 token from slot 4
[2022-12-12 23:56:55] [SEVERE ] removing player 2 token from slot 9
[2022-12-12 23:56:55] [SEVERE ] player 2 placing token on slot 9
[2022-12-12 23:56:55] [SEVERE ] player 2 placing token on slot 5
[2022-12-12 23:56:55] [SEVERE ] player 2 placing token on slot 0
[2022-12-12 23:56:55] [SEVERE ] removing player 2 token from slot 0
[2022-12-12 23:56:55] [SEVERE ] removing player 2 token from slot 5
[2022-12-12 23:56:55] [SEVERE ] removing player 2 token from slot 9
[2022-12-12 23:56:55] [SEVERE ] player 2 placing token on slot 8
[2022-12-12 23:56:55] [SEVERE ] player 2 placing token on slot 4
[2022-12-12 23:56:55] [SEVERE ] player 2 placing token on slot 9
[2022-12-12 23:56:55] [SEVERE ] removing player 2 token from slot 4
[2022-12-12 23:56:55] [SEVERE ] removing player 2 token from slot 8
[2022-12-12 23:56:55] [SEVERE ] removing player 2 token from slot 9
[2022-12-12 23:56:55] [SEVERE ] player 2 placing token on slot 11
[2022-12-12 23:56:55] [SEVERE ] player 2 placing token on slot 7
[2022-12-12 23:56:55] [SEVERE ] player 2 placing token on slot 8
[2022-12-12 23:56:55] [SEVERE ] removing player 2 token from slot 7
[2022-12-12 23:56:55] [SEVERE ] removing player 2 token from slot 8
[2022-12-12 23:56:55] [SEVERE ] removing player 2 token from slot 11
[2022-12-12 23:56:56] [SEVERE ] player 2 placing token on slot 3
[2022-12-12 23:56:56] [SEVERE ] player 2 placing token on slot 1
[2022-12-12 23:56:56] [SEVERE ] player 2 placing token on slot 2
[2022-12-12 23:56:56] [SEVERE ] removing player 2 token from slot 1
[2022-12-12 23:56:56] [SEVERE ] removing player 2 token from slot 2
[2022-12-12 23:56:56] [SEVERE ] removing player 2 token from slot 3
[2022-12-12 23:56:56] [SEVERE ] player 2 placing token on slot 5
[2022-12-12 23:56:56] [SEVERE ] player 2 placing token on slot 9
[2022-12-12 23:56:56] [SEVERE ] player 2 placing token on slot 1
[2022-12-12 23:56:56] [SEVERE ] removing player 2 token from slot 1
[2022-12-12 23:56:56] [SEVERE ] removing player 2 token from slot 5
[2022-12-12 23:56:56] [SEVERE ] removing player 2 token from slot 9
[2022-12-12 23:56:56] [SEVERE ] player 2 placing token on slot 6
[2022-12-12 23:56:56] [SEVERE ] player 2 placing token on slot 3
[2022-12-12 23:56:56] [SEVERE ] player 2 placing token on slot 0
[2022-12-12 23:56:56] [SEVERE ] removing player 2 token from slot 0
[2022-12-12 23:56:56] [SEVERE ] removing player 2 token from slot 3
[2022-12-12 23:56:56] [SEVERE ] removing player 2 token from slot 6
[2022-12-12 23:56:56] [SEVERE ] player 2 placing token on slot 3
[2022-12-12 23:56:56] [SEVERE ] player 2 placing token on slot 0
[2022-12-12 23:56:56] [SEVERE ] player 2 placing token on slot 4
[2022-12-12 23:56:56] [SEVERE ] removing player 2 token from slot 0
[2022-12-12 23:56:56] [SEVERE ] removing player 2 token from slot 3
[2022-12-12 23:56:56] [SEVERE ] removing player 2 token from slot 4
[2022-12-12 23:56:56] [SEVERE ] player 2 placing token on slot 0
[2022-12-12 23:56:56] [SEVERE ] player 2 placing token on slot 3
[2022-12-12 23:56:56] [SEVERE ] player 2 placing token on slot 4
[2022-12-12 23:56:56] [SEVERE ] removing player 2 token from slot 0
[2022-12-12 23:56:56] [SEVERE ] removing player 2 token from slot 3
[2022-12-12 23:56:56] [SEVERE ] removing player 2 token from slot 4
[2022-12-12 23:56:56] [SEVERE ] player 2 placing token on slot 0
[2022-12-12 23:56:56] [SEVERE ] player 2 placing token on slot 7
[2022-12-12 23:56:56] [SEVERE ] player 2 placing token on slot 2
[2022-12-12 23:56:56] [SEVERE ] removing player 2 token from slot 0
[2022-12-12 23:56:56] [SEVERE ] removing player 2 token from slot 2
[2022-12-12 23:56:56] [SEVERE ] removing player 2 token from slot 7
[2022-12-12 23:56:56] [SEVERE ] player 2 placing token on slot 10
[2022-12-12 23:56:56] [SEVERE ] player 2 placing token on slot 4
[2022-12-12 23:56:56] [SEVERE ] player 2 placing token on slot 3
[2022-12-12 23:56:56] [SEVERE ] removing player 2 token from slot 3
[2022-12-12 23:56:56] [SEVERE ] removing player 2 token from slot 4
[2022-12-12 23:56:56] [SEVERE ] removing player 2 token from slot 10
[2022-12-12 23:56:56] [SEVERE ] player 2 placing token on slot 10
[2022-12-12 23:56:56] [SEVERE ] player 2 placing token on slot 7
[2022-12-12 23:56:56] [SEVERE ] player 2 placing token on slot 5
[2022-12-12 23:56:56] [SEVERE ] removing player 2 token from slot 5
[2022-12-12 23:56:56] [SEVERE ] removing player 2 token from slot 7
[2022-12-12 23:56:56] [SEVERE ] removing player 2 token from slot 10
[2022-12-12 23:56:56] [SEVERE ] player 2 placing token on slot 1
[2022-12-12 23:56:56] [SEVERE ] player 2 placing token on slot 0
[2022-12-12 23:56:56] [SEVERE ] player 2 placing token on slot 9
[2022-12-12 23:56:56] [SEVERE ] removing player 2 token from slot 0
[2022-12-12 23:56:56] [SEVERE ] removing player 2 token from slot 1
[2022-12-12 23:56:56] [SEVERE ] removing player 2 token from slot 9
[2022-12-12 23:56:56] [SEVERE ] player 2 placing token on slot 7
[2022-12-12 23:56:56] [SEVERE ] player 2 placing token on slot 0
[2022-12-12 23:56:56] [SEVERE ] player 2 placing token on slot 2
[2022-12-12 23:56:56] [SEVERE ] removing player 2 token from slot 0
[2022-12-12 23:56:56] [SEVERE ] removing player 2 token from slot 2
[2022-12-12 23:56:56] [SEVERE ] removing player 2 token from slot 7
[2022-12-12 23:56:56] [SEVERE ] player 2 placing token on slot 11
[2022-12-12 23:56:56] [SEVERE ] player 2 placing token on slot 0
[2022-12-12 23:56:56] [SEVERE ] player 2 placing token on slot 9
[2022-12-12 23:56:56] [SEVERE ] removing player 2 token from slot 0
[2022-12-12 23:56:56] [SEVERE ] removing player 2 token from slot 9
[2022-12-12 23:56:56] [SEVERE ] removing player 2 token from slot 11
[2022-12-12 23:56:57] [SEVERE ] player 2 placing token on slot 11
[2022-12-12 23:56:57] [SEVERE ] player 2 placing token on slot 8
[2022-12-12 23:56:57] [SEVERE ] player 2 placing token on slot 0
[2022-12-12 23:56:57] [SEVERE ] removing player 2 token from slot 0
[2022-12-12 23:56:57] [SEVERE ] removing player 2 token from slot 8
[2022-12-12 23:56:57] [SEVERE ] removing player 2 token from slot 11
[2022-12-12 23:56:57] [SEVERE ] player 2 placing token on slot 10
[2022-12-12 23:56:57] [SEVERE ] player 2 placing token on slot 2
[2022-12-12 23:56:57] [SEVERE ] player 2 placing token on slot 0
[2022-12-12 23:56:57] [SEVERE ] removing player 2 token from slot 0
[2022-12-12 23:56:57] [SEVERE ] removing player 2 token from slot 2
[2022-12-12 23:56:57] [SEVERE ] removing player 2 token from slot 10
[2022-12-12 23:56:57] [SEVERE ] player 2 placing token on slot 6
[2022-12-12 23:56:57] [SEVERE ] player 2 placing token on slot 7
[2022-12-12 23:56:57] [SEVERE ] player 2 placing token on slot 2
[2022-12-12 23:56:57] [SEVERE ] removing player 2 token from slot 2
[2022-12-12 23:56:57] [SEVERE ] removing player 2 token from slot 6
[2022-12-12 23:56:57] [SEVERE ] removing player 2 token from slot 7
[2022-12-12 23:56:57] [SEVERE ] player 2 placing token on slot 6
[2022-12-12 23:56:57] [SEVERE ] player 2 placing token on slot 7
[2022-12-12 23:56:57] [SEVERE ] player 2 placing token on slot 2
[2022-12-12 23:56:57] [SEVERE ] removing player 2 token from slot 2
[2022-12-12 23:56:57] [SEVERE ] removing player 2 token from slot 6
[2022-12-12 23:56:57] [SEVERE ] removing player 2 token from slot 7
[2022-12-12 23:56:57] [SEVERE ] player 2 placing token on slot 11
[2022-12-12 23:56:57] [SEVERE ] player 2 placing token on slot 6
[2022-12-12 23:56:57] [SEVERE ] player 2 placing token on slot 7
[2022-12-12 23:56:57] [SEVERE ] removing player 2 token from slot 6
[2022-12-12 23:56:57] [SEVERE ] removing player 2 token from slot 7
[2022-12-12 23:56:57] [SEVERE ] removing player 2 token from slot 11
[2022-12-12 23:56:57] [SEVERE ] player 2 placing token on slot 3
[2022-12-12 23:56:57] [SEVERE ] player 2 placing token on slot 6
[2022-12-12 23:56:57] [SEVERE ] player 2 placing token on slot 1
[2022-12-12 23:56:57] [SEVERE ] removing player 2 token from slot 1
[2022-12-12 23:56:57] [SEVERE ] removing player 2 token from slot 3
[2022-12-12 23:56:57] [SEVERE ] removing player 2 token from slot 6
[2022-12-12 23:56:57] [SEVERE ] player 2 placing token on slot 0
[2022-12-12 23:56:57] [SEVERE ] player 2 placing token on slot 10
[2022-12-12 23:56:57] [SEVERE ] player 2 placing token on slot 8
[2022-12-12 23:56:57] [SEVERE ] removing player 2 token from slot 0
[2022-12-12 23:56:57] [SEVERE ] removing player 2 token from slot 8
[2022-12-12 23:56:57] [SEVERE ] removing player 2 token from slot 10
[2022-12-12 23:56:57] [SEVERE ] player 2 placing token on slot 5
[2022-12-12 23:56:57] [SEVERE ] player 2 placing token on slot 3
[2022-12-12 23:56:57] [SEVERE ] player 2 placing token on slot 9
[2022-12-12 23:56:57] [SEVERE ] removing player 2 token from slot 3
[2022-12-12 23:56:57] [SEVERE ] removing player 2 token from slot 5
[2022-12-12 23:56:57] [SEVERE ] removing player 2 token from slot 9
[2022-12-12 23:56:57] [SEVERE ] player 2 placing token on slot 1
[2022-12-12 23:56:57] [SEVERE ] player 2 placing token on slot 6
[2022-12-12 23:56:57] [SEVERE ] player 2 placing token on slot 11
[2022-12-12 23:56:57] [SEVERE ] removing player 2 token from slot 1
[2022-12-12 23:56:57] [SEVERE ] removing player 2 token from slot 6
[2022-12-12 23:56:57] [SEVERE ] removing player 2 token from slot 11
[2022-12-12 23:56:57] [SEVERE ] player 2 placing token on slot 9
[2022-12-12 23:56:57] [SEVERE ] player 2 placing token on slot 11
[2022-12-12 23:56:57] [SEVERE ] player 2 placing token on slot 2
[2022-12-12 23:56:57] [SEVERE ] removing player 2 token from slot 2
[2022-12-12 23:56:57] [SEVERE ] removing player 2 token from slot 9
[2022-12-12 23:56:57] [SEVERE ] removing player 2 token from slot 11
[2022-12-12 23:56:57] [SEVERE ] player 2 placing token on slot 1
[2022-12-12 23:56:57] [SEVERE ] player 2 placing token on slot 9
[2022-12-12 23:56:57] [SEVERE ] player 2 placing token on slot 2
[2022-12-12 23:56:57] [SEVERE ] removing player 2 token from slot 1
[2022-12-12 23:56:57] [SEVERE ] removing player 2 token from slot 2
[2022-12-12 23:56:57] [SEVERE ] removing player 2 token from slot 9
[2022-12-12 23:56:58] [SEVERE ] player 2 placing token on slot 8
[2022-12-12 23:56:58] [SEVERE ] player 2 placing token on slot 4
[2022-12-12 23:56:58] [SEVERE ] player 2 placing token on slot 0
[2022-12-12 23:56:58] [SEVERE ] removing player 2 token from slot 0
[2022-12-12 23:56:58] [SEVERE ] removing player 2 token from slot 4
[2022-12-12 23:56:58] [SEVERE ] removing player 2 token from slot 8
[2022-12-12 23:56:58] [SEVERE ] player 2 placing token on slot 1
[2022-12-12 23:56:58] [SEVERE ] player 2 placing token on slot 10
[2022-12-12 23:56:58] [SEVERE ] player 2 placing token on slot 11
[2022-12-12 23:56:58] [SEVERE ] removing player 2 token from slot 1
[2022-12-12 23:56:58] [SEVERE ] removing player 2 token from slot 10
[2022-12-12 23:56:58] [SEVERE ] removing player 2 token from slot 11
[2022-12-12 23:56:58] [SEVERE ] player 2 placing token on slot 7
[2022-12-12 23:56:58] [SEVERE ] player 2 placing token on slot 4
[2022-12-12 23:56:58] [SEVERE ] player 2 placing token on slot 5
[2022-12-12 23:56:58] [SEVERE ] removing player 2 token from slot 4
[2022-12-12 23:56:58] [SEVERE ] removing player 2 token from slot 5
[2022-12-12 23:56:58] [SEVERE ] removing player 2 token from slot 7
[2022-12-12 23:56:58] [SEVERE ] player 2 placing token on slot 4
[2022-12-12 23:56:58] [SEVERE ] player 2 placing token on slot 6
[2022-12-12 23:56:58] [SEVERE ] player 2 placing token on slot 3
[2022-12-12 23:56:58] [SEVERE ] removing player 2 token from slot 3
[2022-12-12 23:56:58] [SEVERE ] removing player 2 token from slot 4
[2022-12-12 23:56:58] [SEVERE ] removing player 2 token from slot 6
[2022-12-12 23:56:58] [SEVERE ] player 2 placing token on slot 4
[2022-12-12 23:56:58] [SEVERE ] player 2 placing token on slot 3
[2022-12-12 23:56:58] [SEVERE ] player 2 placing token on slot 5
[2022-12-12 23:56:58] [SEVERE ] removing player 2 token from slot 3
[2022-12-12 23:56:58] [SEVERE ] removing player 2 token from slot 4
[2022-12-12 23:56:58] [SEVERE ] removing player 2 token from slot 5
[2022-12-12 23:56:58] [SEVERE ] player 2 placing token on slot 7
[2022-12-12 23:56:58] [SEVERE ] player 2 placing token on slot 3
[2022-12-12 23:56:58] [SEVERE ] player 2 placing token on slot 0
[2022-12-12 23:56:58] [SEVERE ] removing player 2 token from slot 0
[2022-12-12 23:56:58] [SEVERE ] removing player 2 token from slot 3
[2022-12-12 23:56:58] [SEVERE ] removing player 2 token from slot 7
[2022-12-12 23:56:58] [SEVERE ] player 2 placing token on slot 10
[2022-12-12 23:56:58] [SEVERE ] player 2 placing token on slot 1
[2022-12-12 23:56:58] [SEVERE ] player 2 placing token on slot 11
[2022-12-12 23:56:58] [SEVERE ] removing player 2 token from slot 1
[2022-12-12 23:56:58] [SEVERE ] removing player 2 token from slot 10
[2022-12-12 23:56:58] [SEVERE ] removing player 2 token from slot 11
[2022-12-12 23:56:58] [SEVERE ] player 2 placing token on slot 4
[2022-12-12 23:56:58] [SEVERE ] player 2 placing token on slot 7
[2022-12-12 23:56:58] [SEVERE ] player 2 placing token on slot 9
[2022-12-12 23:56:58] [SEVERE ] removing player 2 token from slot 4
[2022-12-12 23:56:58] [SEVERE ] removing player 2 token from slot 7
[2022-12-12 23:56:58] [SEVERE ] removing player 2 token from slot 9
[2022-12-12 23:56:58] [SEVERE ] player 2 placing token on slot 6
[2022-12-12 23:56:58] [SEVERE ] player 2 placing token on slot 10
[2022-12-12 23:56:58] [SEVERE ] player 2 placing token on slot 8
[2022-12-12 23:56:58] [SEVERE ] removing player 2 token from slot 6
[2022-12-12 23:56:58] [SEVERE ] removing player 2 token from slot 8
[2022-12-12 23:56:58] [SEVERE ] removing player 2 token from slot 10
[2022-12-12 23:56:58] [SEVERE ] player 2 placing token on slot 3
[2022-12-12 23:56:58] [SEVERE ] player 2 placing token on slot 6
[2022-12-12 23:56:58] [SEVERE ] player 2 placing token on slot 0
[2022-12-12 23:56:58] [SEVERE ] removing player 2 token from slot 0
[2022-12-12 23:56:58] [SEVERE ] removing player 2 token from slot 3
[2022-12-12 23:56:58] [SEVERE ] removing player 2 token from slot 6
[2022-12-12 23:56:58] [SEVERE ] player 2 placing token on slot 10
[2022-12-12 23:56:59] [SEVERE ] player 2 placing token on slot 1
[2022-12-12 23:56:59] [SEVERE ] player 2 placing token on slot 2
[2022-12-12 23:56:59] [SEVERE ] removing player 2 token from slot 1
[2022-12-12 23:56:59] [SEVERE ] removing player 2 token from slot 2
[2022-12-12 23:56:59] [SEVERE ] removing player 2 token from slot 10
[2022-12-12 23:56:59] [SEVERE ] player 2 placing token on slot 4
[2022-12-12 23:56:59] [SEVERE ] player 2 placing token on slot 2
[2022-12-12 23:56:59] [SEVERE ] player 2 placing token on slot 3
[2022-12-12 23:56:59] [SEVERE ] removing player 2 token from slot 2
[2022-12-12 23:56:59] [SEVERE ] removing player 2 token from slot 3
[2022-12-12 23:56:59] [SEVERE ] removing player 2 token from slot 4
[2022-12-12 23:56:59] [SEVERE ] player 2 placing token on slot 11
[2022-12-12 23:56:59] [SEVERE ] player 2 placing token on slot 9
[2022-12-12 23:56:59] [SEVERE ] player 2 placing token on slot 7
[2022-12-12 23:56:59] [SEVERE ] removing player 2 token from slot 7
[2022-12-12 23:56:59] [SEVERE ] removing player 2 token from slot 9
[2022-12-12 23:56:59] [SEVERE ] removing player 2 token from slot 11
[2022-12-12 23:56:59] [SEVERE ] player 2 placing token on slot 1
[2022-12-12 23:56:59] [SEVERE ] player 2 placing token on slot 8
[2022-12-12 23:56:59] [SEVERE ] player 2 placing token on slot 4
[2022-12-12 23:56:59] [SEVERE ] removing player 2 token from slot 1
[2022-12-12 23:56:59] [SEVERE ] removing player 2 token from slot 4
[2022-12-12 23:56:59] [SEVERE ] removing player 2 token from slot 8
[2022-12-12 23:56:59] [SEVERE ] player 2 placing token on slot 9
[2022-12-12 23:56:59] [SEVERE ] player 2 placing token on slot 0
[2022-12-12 23:56:59] [SEVERE ] player 2 placing token on slot 10
[2022-12-12 23:56:59] [SEVERE ] removing player 2 token from slot 0
[2022-12-12 23:56:59] [SEVERE ] removing player 2 token from slot 9
[2022-12-12 23:56:59] [SEVERE ] removing player 2 token from slot 10
[2022-12-12 23:56:59] [SEVERE ] player 2 placing token on slot 9
[2022-12-12 23:56:59] [SEVERE ] player 2 placing token on slot 0
[2022-12-12 23:56:59] [SEVERE ] player 2 placing token on slot 11
[2022-12-12 23:56:59] [SEVERE ] removing player 2 token from slot 0
[2022-12-12 23:56:59] [SEVERE ] removing player 2 token from slot 9
[2022-12-12 23:56:59] [SEVERE ] removing player 2 token from slot 11
[2022-12-12 23:56:59] [SEVERE ] player 2 placing token on slot 2
[2022-12-12 23:56:59] [SEVERE ] player 2 placing token on slot 7
[2022-12-12 23:56:59] [SEVERE ] player 2 placing token on slot 0
[2022-12-12 23:56:59] [SEVERE ] removing player 2 token from slot 0
[2022-12-12 23:56:59] [SEVERE ] removing player 2 token from slot 2
[2022-12-12 23:56:59] [SEVERE ] removing player 2 token from slot 7
[2022-12-12 23:56:59] [SEVERE ] player 2 placing token on slot 6
[2022-12-12 23:56:59] [SEVERE ] player 2 placing token on slot 7
[2022-12-12 23:56:59] [SEVERE ] player 2 placing token on slot 9
[2022-12-12 23:56:59] [SEVERE ] removing player 2 token from slot 6
[2022-12-12 23:56:59] [SEVERE ] removing player 2 token from slot 7
[2022-12-12 23:56:59] [SEVERE ] removing player 2 token from slot 9
[2022-12-12 23:56:59] [SEVERE ] player 2 placing token on slot 4
[2022-12-12 23:56:59] [SEVERE ] player 2 placing token on slot 10
[2022-12-12 23:56:59] [SEVERE ] player 2 placing token on slot 8
[2022-12-12 23:56:59] [SEVERE ] removing player 2 token from slot 4
[2022-12-12 23:56:59] [SEVERE ] removing player 2 token from slot 8
[2022-12-12 23:56:59] [SEVERE ] removing player 2 token from slot 10
[2022-12-12 23:56:59] [SEVERE ] player 2 placing token on slot 3
[2022-12-12 23:56:59] [SEVERE ] player 2 placing token on slot 6
[2022-12-12 23:56:59] [SEVERE ] player 2 placing token on slot 1
[2022-12-12 23:56:59] [SEVERE ] removing player 2 token from slot 1
[2022-12-12 23:56:59] [SEVERE ] removing player 2 token from slot 3
[2022-12-12 23:56:59] [SEVERE ] removing player 2 token from slot 6
[2022-12-12 23:56:59] [SEVERE ] player 2 placing token on slot 2
[2022-12-12 23:56:59] [SEVERE ] player 2 placing token on slot 3
[2022-12-12 23:57:00] [SEVERE ] player 2 placing token on slot 0
[2022-12-12 23:57:00] [SEVERE ] removing player 2 token from slot 0
[2022-12-12 23:57:00] [SEVERE ] removing player 2 token from slot 2
[2022-12-12 23:57:00] [SEVERE ] removing player 2 token from slot 3
[2022-12-12 23:57:00] [SEVERE ] player 2 placing token on slot 3
[2022-12-12 23:57:00] [SEVERE ] player 2 placing token on slot 9
[2022-12-12 23:57:00] [SEVERE ] player 2 placing token on slot 7
[2022-12-12 23:57:00] [SEVERE ] removing player 2 token from slot 3
[2022-12-12 23:57:00] [SEVERE ] removing player 2 token from slot 7
[2022-12-12 23:57:00] [SEVERE ] removing player 2 token from slot 9
[2022-12-12 23:57:00] [SEVERE ] player 2 placing token on slot 5
[2022-12-12 23:57:00] [SEVERE ] player 2 placing token on slot 11
[2022-12-12 23:57:00] [SEVERE ] player 2 placing token on slot 0
[2022-12-12 23:57:00] [SEVERE ] removing player 2 token from slot 0
[2022-12-12 23:57:00] [SEVERE ] removing player 2 token from slot 5
[2022-12-12 23:57:00] [SEVERE ] removing player 2 token from slot 11
[2022-12-12 23:57:00] [SEVERE ] player 2 placing token on slot 1
[2022-12-12 23:57:00] [SEVERE ] player 2 placing token on slot 5
[2022-12-12 23:57:00] [SEVERE ] player 2 placing token on slot 10
[2022-12-12 23:57:00] [SEVERE ] removing player 2 token from slot 1
[2022-12-12 23:57:00] [SEVERE ] removing player 2 token from slot 5
[2022-12-12 23:57:00] [SEVERE ] removing player 2 token from slot 10
[2022-12-12 23:57:00] [SEVERE ] player 2 placing token on slot 4
[2022-12-12 23:57:00] [SEVERE ] player 2 placing token on slot 7
[2022-12-12 23:57:00] [SEVERE ] player 2 placing token on slot 5
[2022-12-12 23:57:00] [SEVERE ] removing player 2 token from slot 4
[2022-12-12 23:57:00] [SEVERE ] removing player 2 token from slot 5
[2022-12-12 23:57:00] [SEVERE ] removing player 2 token from slot 7
[2022-12-12 23:57:00] [SEVERE ] player 2 placing token on slot 5
[2022-12-12 23:57:00] [SEVERE ] player 2 placing token on slot 8
[2022-12-12 23:57:00] [SEVERE ] player 2 placing token on slot 4
[2022-12-12 23:57:00] [SEVERE ] removing player 2 token from slot 4
[2022-12-12 23:57:00] [SEVERE ] removing player 2 token from slot 5
[2022-12-12 23:57:00] [SEVERE ] removing player 2 token from slot 8
[2022-12-12 23:57:00] [SEVERE ] player 2 placing token on slot 0
[2022-12-12 23:57:00] [SEVERE ] player 2 placing token on slot 7
[2022-12-12 23:57:00] [SEVERE ] player 2 placing token on slot 9
[2022-12-12 23:57:00] [SEVERE ] removing player 2 token from slot 0
[2022-12-12 23:57:00] [SEVERE ] removing player 2 token from slot 7
[2022-12-12 23:57:00] [SEVERE ] removing player 2 token from slot 9
[2022-12-12 23:57:00] [SEVERE ] player 2 placing token on slot 4
[2022-12-12 23:57:00] [SEVERE ] player 2 placing token on slot 8
[2022-12-12 23:57:00] [SEVERE ] player 2 placing token on slot 9
[2022-12-12 23:57:00] [SEVERE ] removing player 2 token from slot 4
[2022-12-12 23:57:00] [SEVERE ] removing player 2 token from slot 8
[2022-12-12 23:57:00] [SEVERE ] removing player 2 token from slot 9
[2022-12-12 23:57:00] [SEVERE ] player 2 placing token on slot 1
[2022-12-12 23:57:00] [SEVERE ] player 2 placing token on slot 3
[2022-12-12 23:57:00] [SEVERE ] player 2 placing token on slot 9
[2022-12-12 23:57:00] [SEVERE ] removing player 2 token from slot 1
[2022-12-12 23:57:00] [SEVERE ] removing player 2 token from slot 3
[2022-12-12 23:57:00] [SEVERE ] removing player 2 token from slot 9
[2022-12-12 23:57:00] [SEVERE ] player 2 placing token on slot 3
[2022-12-12 23:57:00] [SEVERE ] player 2 placing token on slot 4
[2022-12-12 23:57:00] [SEVERE ] player 2 placing token on slot 8
[2022-12-12 23:57:00] [SEVERE ] removing player 2 token from slot 3
[2022-12-12 23:57:00] [SEVERE ] removing player 2 token from slot 4
[2022-12-12 23:57:00] [SEVERE ] removing player 2 token from slot 8
[2022-12-12 23:57:00] [SEVERE ] player 2 placing token on slot 2
[2022-12-12 23:57:00] [SEVERE ] player 2 placing token on slot 3
[2022-12-12 23:57:00] [SEVERE ] player 2 placing token on slot 7
[2022-12-12 23:57:00] [SEVERE ] removing player 2 token from slot 2
[2022-12-12 23:57:00] [SEVERE ] removing player 2 token from slot 3
[2022-12-12 23:57:00] [SEVERE ] removing player 2 token from slot 7
[2022-12-12 23:57:01] [SEVERE ] player 2 placing token on slot 2
[2022-12-12 23:57:01] [SEVERE ] player 2 placing token on slot 1
[2022-12-12 23:57:01] [SEVERE ] player 2 placing token on slot 0
[2022-12-12 23:57:01] [SEVERE ] removing player 2 token from slot 0
[2022-12-12 23:57:01] [SEVERE ] removing player 2 token from slot 1
[2022-12-12 23:57:01] [SEVERE ] removing player 2 token from slot 2
[2022-12-12 23:57:01] [SEVERE ] player 2 placing token on slot 9
[2022-12-12 23:57:01] [SEVERE ] player 2 placing token on slot 8
[2022-12-12 23:57:01] [SEVERE ] player 2 placing token on slot 10
[2022-12-12 23:57:01] [SEVERE ] removing player 2 token from slot 8
[2022-12-12 23:57:01] [SEVERE ] removing player 2 token from slot 9
[2022-12-12 23:57:01] [SEVERE ] removing player 2 token from slot 10
[2022-12-12 23:57:01] [SEVERE ] player 2 placing token on slot 2
[2022-12-12 23:57:01] [SEVERE ] player 2 placing token on slot 0
[2022-12-12 23:57:01] [SEVERE ] player 2 placing token on slot 10
[2022-12-12 23:57:01] [SEVERE ] removing player 2 token from slot 0
[2022-12-12 23:57:01] [SEVERE ] removing player 2 token from slot 2
[2022-12-12 23:57:01] [SEVERE ] removing player 2 token from slot 10
[2022-12-12 23:57:01] [SEVERE ] player 2 placing token on slot 2
[2022-12-12 23:57:01] [SEVERE ] player 2 placing token on slot 7
[2022-12-12 23:57:01] [SEVERE ] player 2 placing token on slot 8
[2022-12-12 23:57:01] [SEVERE ] removing player 2 token from slot 2
[2022-12-12 23:57:01] [SEVERE ] removing player 2 token from slot 7
[2022-12-12 23:57:01] [SEVERE ] removing player 2 token from slot 8
[2022-12-12 23:57:01] [SEVERE ] player 2 placing token on slot 5
[2022-12-12 23:57:01] [SEVERE ] player 2 placing token on slot 4
[2022-12-12 23:57:01] [SEVERE ] player 2 placing token on slot 6
[2022-12-12 23:57:01] [SEVERE ] removing player 2 token from slot 4
[2022-12-12 23:57:01] [SEVERE ] removing player 2 token from slot 5
[2022-12-12 23:57:01] [SEVERE ] removing player 2 token from slot 6
[2022-12-12 23:57:01] [SEVERE ] player 2 placing token on slot 8
[2022-12-12 23:57:01] [SEVERE ] player 2 placing token on slot 6
[2022-12-12 23:57:01] [SEVERE ] player 2 placing token on slot 10
[2022-12-12 23:57:01] [SEVERE ] removing player 2 token from slot 6
[2022-12-12 23:57:01] [SEVERE ] removing player 2 token from slot 8
[2022-12-12 23:57:01] [SEVERE ] removing player 2 token from slot 10
[2022-12-12 23:57:01] [SEVERE ] player 2 placing token on slot 6
[2022-12-12 23:57:01] [SEVERE ] player 2 placing token on slot 5
[2022-12-12 23:57:01] [SEVERE ] player 2 placing token on slot 1
[2022-12-12 23:57:01] [SEVERE ] removing player 2 token from slot 1
[2022-12-12 23:57:01] [SEVERE ] removing player 2 token from slot 5
[2022-12-12 23:57:01] [SEVERE ] removing player 2 token from slot 6
[2022-12-12 23:57:01] [SEVERE ] player 2 placing token on slot 5
[2022-12-12 23:57:01] [SEVERE ] player 2 placing token on slot 1
[2022-12-12 23:57:01] [SEVERE ] player 2 placing token on slot 8
[2022-12-12 23:57:01] [SEVERE ] removing player 2 token from slot 1
[2022-12-12 23:57:01] [SEVERE ] removing player 2 token from slot 5
[2022-12-12 23:57:01] [SEVERE ] removing player 2 token from slot 8
[2022-12-12 23:57:01] [SEVERE ] player 2 placing token on slot 1
[2022-12-12 23:57:01] [SEVERE ] player 2 placing token on slot 10
[2022-12-12 23:57:01] [SEVERE ] player 2 placing token on slot 3
[2022-12-12 23:57:01] [SEVERE ] removing player 2 token from slot 1
[2022-12-12 23:57:01] [SEVERE ] removing player 2 token from slot 3
[2022-12-12 23:57:01] [SEVERE ] removing player 2 token from slot 10
[2022-12-12 23:57:01] [SEVERE ] player 2 placing token on slot 11
[2022-12-12 23:57:01] [SEVERE ] player 2 placing token on slot 10
[2022-12-12 23:57:01] [SEVERE ] player 2 placing token on slot 6
[2022-12-12 23:57:01] [SEVERE ] removing player 2 token from slot 6
[2022-12-12 23:57:01] [SEVERE ] removing player 2 token from slot 10
[2022-12-12 23:57:01] [SEVERE ] removing player 2 token from slot 11
[2022-12-12 23:57:01] [SEVERE ] player 2 placing token on slot 6
[2022-12-12 23:57:01] [SEVERE ] player 2 placing token on slot 5
[2022-12-12 23:57:01] [SEVERE ] player 2 placing token on slot 8
[2022-12-12 23:57:01] [SEVERE ] removing player 2 token from slot 5
[2022-12-12 23:57:01] [SEVERE ] removing player 2 token from slot 6
[2022-12-12 23:57:01] [SEVERE ] removing player 2 token from slot 8
[2022-12-12 23:57:02] [SEVERE ] player 2 placing token on slot 0
[2022-12-12 23:57:02] [SEVERE ] player 2 placing token on slot 3
[2022-12-12 23:57:02] [SEVERE ] player 2 placing token on slot 4
[2022-12-12 23:57:02] [SEVERE ] removing player 2 token from slot 0
[2022-12-12 23:57:02] [SEVERE ] removing player 2 token from slot 3
[2022-12-12 23:57:02] [SEVERE ] removing player 2 token from slot 4
[2022-12-12 23:57:02] [SEVERE ] player 2 placing token on slot 10
[2022-12-12 23:57:02] [SEVERE ] player 2 placing token on slot 8
[2022-12-12 23:57:02] [SEVERE ] player 2 placing token on slot 0
[2022-12-12 23:57:02] [SEVERE ] removing player 2 token from slot 0
[2022-12-12 23:57:02] [SEVERE ] removing player 2 token from slot 8
[2022-12-12 23:57:02] [SEVERE ] removing player 2 token from slot 10
[2022-12-12 23:57:02] [SEVERE ] player 2 placing token on slot 11
[2022-12-12 23:57:02] [SEVERE ] player 2 placing token on slot 4
[2022-12-12 23:57:02] [SEVERE ] player 2 placing token on slot 3
[2022-12-12 23:57:02] [SEVERE ] removing player 2 token from slot 3
[2022-12-12 23:57:02] [SEVERE ] removing player 2 token from slot 4
[2022-12-12 23:57:02] [SEVERE ] removing player 2 token from slot 11
[2022-12-12 23:57:02] [SEVERE ] player 2 placing token on slot 4
[2022-12-12 23:57:02] [SEVERE ] player 2 placing token on slot 7
[2022-12-12 23:57:02] [SEVERE ] player 2 placing token on slot 1
[2022-12-12 23:57:02] [SEVERE ] removing player 2 token from slot 1
[2022-12-12 23:57:02] [SEVERE ] removing player 2 token from slot 4
[2022-12-12 23:57:02] [SEVERE ] removing player 2 token from slot 7
[2022-12-12 23:57:02] [SEVERE ] player 2 placing token on slot 3
[2022-12-12 23:57:02] [SEVERE ] player 2 placing token on slot 10
[2022-12-12 23:57:02] [SEVERE ] player 2 placing token on slot 0
[2022-12-12 23:57:02] [SEVERE ] removing player 2 token from slot 0
[2022-12-12 23:57:02] [SEVERE ] removing player 2 token from slot 3
[2022-12-12 23:57:02] [SEVERE ] removing player 2 token from slot 10
[2022-12-12 23:57:02] [SEVERE ] player 2 placing token on slot 2
[2022-12-12 23:57:02] [SEVERE ] player 2 placing token on slot 8
[2022-12-12 23:57:02] [SEVERE ] player 2 placing token on slot 3
[2022-12-12 23:57:02] [SEVERE ] removing player 2 token from slot 2
[2022-12-12 23:57:02] [SEVERE ] removing player 2 token from slot 3
[2022-12-12 23:57:02] [SEVERE ] removing player 2 token from slot 8
[2022-12-12 23:57:02] [SEVERE ] player 2 placing token on slot 5
[2022-12-12 23:57:02] [SEVERE ] player 2 placing token on slot 3
[2022-12-12 23:57:02] [SEVERE ] player 2 placing token on slot 2
[2022-12-12 23:57:02] [SEVERE ] removing player 2 token from slot 2
[2022-12-12 23:57:02] [SEVERE ] removing player 2 token from slot 3
[2022-12-12 23:57:02] [SEVERE ] removing player 2 token from slot 5
[2022-12-12 23:57:02] [SEVERE ] player 2 placing token on slot 7
[2022-12-12 23:57:02] [SEVERE ] player 2 placing token on slot 5
[2022-12-12 23:57:02] [SEVERE ] player 2 placing token on slot 10
[2022-12-12 23:57:02] [SEVERE ] removing player 2 token from slot 5
[2022-12-12 23:57:02] [SEVERE ] removing player 2 token from slot 7
[2022-12-12 23:57:02] [SEVERE ] removing player 2 token from slot 10
[2022-12-12 23:57:02] [SEVERE ] player 2 placing token on slot 10
[2022-12-12 23:57:02] [SEVERE ] player 2 placing token on slot 8
[2022-12-12 23:57:02] [SEVERE ] player 2 placing token on slot 4
[2022-12-12 23:57:02] [SEVERE ] removing player 2 token from slot 4
[2022-12-12 23:57:02] [SEVERE ] removing player 2 token from slot 8
[2022-12-12 23:57:02] [SEVERE ] removing player 2 token from slot 10
[2022-12-12 23:57:02] [SEVERE ] player 2 placing token on slot 8
[2022-12-12 23:57:02] [SEVERE ] player 2 placing token on slot 4
[2022-12-12 23:57:02] [SEVERE ] player 2 placing token on slot 10
[2022-12-12 23:57:02] [SEVERE ] removing player 2 token from slot 4
[2022-12-12 23:57:02] [SEVERE ] removing player 2 token from slot 8
[2022-12-12 23:57:02] [SEVERE ] removing player 2 token from slot 10
[2022-12-12 23:57:02] [SEVERE ] player 2 placing token on slot 11
[2022-12-12 23:57:02] [SEVERE ] player 2 placing token on slot 8
[2022-12-12 23:57:02] [SEVERE ] player 2 placing token on slot 0
[2022-12-12 23:57:02] [SEVERE ] removing player 2 token from slot 0
[2022-12-12 23:57:02] [SEVERE ] removing player 2 token from slot 8
[2022-12-12 23:57:02] [SEVERE ] removing player 2 token from slot 11
[2022-12-12 23:57:03] [SEVERE ] player 2 placing token on slot 9
[2022-12-12 23:57:03] [SEVERE ] player 2 placing token on slot 2
[2022-12-12 23:57:03] [SEVERE ] player 2 placing token on slot 10
[2022-12-12 23:57:03] [SEVERE ] removing player 2 token from slot 2
[2022-12-12 23:57:03] [SEVERE ] removing player 2 token from slot 9
[2022-12-12 23:57:03] [SEVERE ] removing player 2 token from slot 10
[2022-12-12 23:57:03] [SEVERE ] player 2 placing token on slot 11
[2022-12-12 23:57:03] [SEVERE ] player 2 placing token on slot 6
[2022-12-12 23:57:03] [SEVERE ] player 2 placing token on slot 3
[2022-12-12 23:57:03] [SEVERE ] removing player 2 token from slot 3
[2022-12-12 23:57:03] [SEVERE ] removing player 2 token from slot 6
[2022-12-12 23:57:03] [SEVERE ] removing player 2 token from slot 11
[2022-12-12 23:57:03] [SEVERE ] player 2 placing token on slot 9
[2022-12-12 23:57:03] [SEVERE ] player 2 placing token on slot 3
[2022-12-12 23:57:03] [SEVERE ] player 2 placing token on slot 8
[2022-12-12 23:57:03] [SEVERE ] removing player 2 token from slot 3
[2022-12-12 23:57:03] [SEVERE ] removing player 2 token from slot 8
[2022-12-12 23:57:03] [SEVERE ] removing player 2 token from slot 9
[2022-12-12 23:57:03] [SEVERE ] player 2 placing token on slot 3
[2022-12-12 23:57:03] [SEVERE ] player 2 placing token on slot 11
[2022-12-12 23:57:03] [SEVERE ] player 2 placing token on slot 8
[2022-12-12 23:57:03] [SEVERE ] removing player 2 token from slot 3
[2022-12-12 23:57:03] [SEVERE ] removing player 2 token from slot 8
[2022-12-12 23:57:03] [SEVERE ] removing player 2 token from slot 11
[2022-12-12 23:57:03] [SEVERE ] player 2 placing token on slot 7
[2022-12-12 23:57:03] [SEVERE ] player 2 placing token on slot 8
[2022-12-12 23:57:03] [SEVERE ] player 2 placing token on slot 11
[2022-12-12 23:57:03] [SEVERE ] removing player 2 token from slot 7
[2022-12-12 23:57:03] [SEVERE ] removing player 2 token from slot 8
[2022-12-12 23:57:03] [SEVERE ] removing player 2 token from slot 11
[2022-12-12 23:57:03] [SEVERE ] player 2 placing token on slot 9
[2022-12-12 23:57:03] [SEVERE ] player 2 placing token on slot 10
[2022-12-12 23:57:03] [SEVERE ] player 2 placing token on slot 0
[2022-12-12 23:57:03] [SEVERE ] removing player 2 token from slot 0
[2022-12-12 23:57:03] [SEVERE ] removing player 2 token from slot 9
[2022-12-12 23:57:03] [SEVERE ] removing player 2 token from slot 10
[2022-12-12 23:57:03] [SEVERE ] player 2 placing token on slot 1
[2022-12-12 23:57:03] [SEVERE ] player 2 placing token on slot 5
[2022-12-12 23:57:03] [SEVERE ] player 2 placing token on slot 7
[2022-12-12 23:57:03] [SEVERE ] removing player 2 token from slot 1
[2022-12-12 23:57:03] [SEVERE ] removing player 2 token from slot 5
[2022-12-12 23:57:03] [SEVERE ] removing player 2 token from slot 7
[2022-12-12 23:57:03] [SEVERE ] player 2 placing token on slot 9
[2022-12-12 23:57:03] [SEVERE ] player 2 placing token on slot 7
[2022-12-12 23:57:03] [SEVERE ] player 2 placing token on slot 1
[2022-12-12 23:57:03] [SEVERE ] removing player 2 token from slot 1
[2022-12-12 23:57:03] [SEVERE ] removing player 2 token from slot 7
[2022-12-12 23:57:03] [SEVERE ] removing player 2 token from slot 9
[2022-12-12 23:57:03] [SEVERE ] player 2 placing token on slot 6
[2022-12-12 23:57:03] [SEVERE ] player 2 placing token on slot 10
[2022-12-12 23:57:03] [SEVERE ] player 2 placing token on slot 3
[2022-12-12 23:57:03] [SEVERE ] removing player 2 token from slot 3
[2022-12-12 23:57:03] [SEVERE ] removing player 2 token from slot 6
[2022-12-12 23:57:03] [SEVERE ] removing player 2 token from slot 10
[2022-12-12 23:57:03] [SEVERE ] player 2 placing token on slot 1
[2022-12-12 23:57:03] [SEVERE ] player 2 placing token on slot 3
[2022-12-12 23:57:03] [SEVERE ] player 2 placing token on slot 2
[2022-12-12 23:57:03] [SEVERE ] removing player 2 token from slot 1
[2022-12-12 23:57:03] [SEVERE ] removing player 2 token from slot 2
[2022-12-12 23:57:03] [SEVERE ] removing player 2 token from slot 3
[2022-12-12 23:57:03] [SEVERE ] player 2 placing token on slot 4
[2022-12-12 23:57:03] [SEVERE ] player 2 placing token on slot 2
[2022-12-12 23:57:04] [SEVERE ] player 2 placing token on slot 5
[2022-12-12 23:57:04] [SEVERE ] removing player 2 token from slot 2
[2022-12-12 23:57:04] [SEVERE ] removing player 2 token from slot 4
[2022-12-12 23:57:04] [SEVERE ] removing player 2 token from slot 5
[2022-12-12 23:57:04] [SEVERE ] player 2 placing token on slot 4
[2022-12-12 23:57:04] [SEVERE ] player 2 placing token on slot 9
[2022-12-12 23:57:04] [SEVERE ] player 2 placing token on slot 6
[2022-12-12 23:57:04] [SEVERE ] removing player 2 token from slot 4
[2022-12-12 23:57:04] [SEVERE ] removing player 2 token from slot 6
[2022-12-12 23:57:04] [SEVERE ] removing player 2 token from slot 9
[2022-12-12 23:57:04] [SEVERE ] player 2 placing token on slot 8
[2022-12-12 23:57:04] [SEVERE ] player 2 placing token on slot 7
[2022-12-12 23:57:04] [SEVERE ] player 2 placing token on slot 4
[2022-12-12 23:57:04] [SEVERE ] removing player 2 token from slot 4
[2022-12-12 23:57:04] [SEVERE ] removing player 2 token from slot 7
[2022-12-12 23:57:04] [SEVERE ] removing player 2 token from slot 8
[2022-12-12 23:57:04] [SEVERE ] player 2 placing token on slot 3
[2022-12-12 23:57:04] [SEVERE ] player 2 placing token on slot 11
[2022-12-12 23:57:04] [SEVERE ] player 2 placing token on slot 5
[2022-12-12 23:57:04] [SEVERE ] removing player 2 token from slot 3
[2022-12-12 23:57:04] [SEVERE ] removing player 2 token from slot 5
[2022-12-12 23:57:04] [SEVERE ] removing player 2 token from slot 11
[2022-12-12 23:57:04] [SEVERE ] player 2 placing token on slot 8
[2022-12-12 23:57:04] [SEVERE ] player 2 placing token on slot 1
[2022-12-12 23:57:04] [SEVERE ] player 2 placing token on slot 0
[2022-12-12 23:57:04] [SEVERE ] removing player 2 token from slot 0
[2022-12-12 23:57:04] [SEVERE ] removing player 2 token from slot 1
[2022-12-12 23:57:04] [SEVERE ] removing player 2 token from slot 8
[2022-12-12 23:57:04] [SEVERE ] player 2 placing token on slot 2
[2022-12-12 23:57:04] [SEVERE ] player 2 placing token on slot 8
[2022-12-12 23:57:04] [SEVERE ] player 2 placing token on slot 11
[2022-12-12 23:57:04] [SEVERE ] removing player 2 token from slot 2
[2022-12-12 23:57:04] [SEVERE ] removing player 2 token from slot 8
[2022-12-12 23:57:04] [SEVERE ] removing player 2 token from slot 11
[2022-12-12 23:57:04] [SEVERE ] player 2 placing token on slot 7
[2022-12-12 23:57:04] [SEVERE ] player 2 placing token on slot 0
[2022-12-12 23:57:04] [SEVERE ] player 2 placing token on slot 1
[2022-12-12 23:57:04] [SEVERE ] removing player 2 token from slot 0
[2022-12-12 23:57:04] [SEVERE ] removing player 2 token from slot 1
[2022-12-12 23:57:04] [SEVERE ] removing player 2 token from slot 7
[2022-12-12 23:57:04] [SEVERE ] player 2 placing token on slot 3
[2022-12-12 23:57:04] [SEVERE ] player 2 placing token on slot 10
[2022-12-12 23:57:04] [SEVERE ] player 2 placing token on slot 0
[2022-12-12 23:57:04] [SEVERE ] removing player 2 token from slot 0
[2022-12-12 23:57:04] [SEVERE ] removing player 2 token from slot 3
[2022-12-12 23:57:04] [SEVERE ] removing player 2 token from slot 10
[2022-12-12 23:57:04] [SEVERE ] player 2 placing token on slot 2
[2022-12-12 23:57:04] [SEVERE ] player 2 placing token on slot 7
[2022-12-12 23:57:04] [SEVERE ] player 2 placing token on slot 1
[2022-12-12 23:57:04] [SEVERE ] removing player 2 token from slot 1
[2022-12-12 23:57:04] [SEVERE ] removing player 2 token from slot 2
[2022-12-12 23:57:04] [SEVERE ] removing player 2 token from slot 7
[2022-12-12 23:57:04] [SEVERE ] player 2 placing token on slot 2
[2022-12-12 23:57:04] [SEVERE ] player 2 placing token on slot 4
[2022-12-12 23:57:04] [SEVERE ] player 2 placing token on slot 1
[2022-12-12 23:57:04] [SEVERE ] removing player 2 token from slot 1
[2022-12-12 23:57:04] [SEVERE ] removing player 2 token from slot 2
[2022-12-12 23:57:04] [SEVERE ] removing player 2 token from slot 4
[2022-12-12 23:57:04] [SEVERE ] player 2 placing token on slot 9
[2022-12-12 23:57:04] [SEVERE ] player 2 placing token on slot 10
[2022-12-12 23:57:04] [SEVERE ] player 2 placing token on slot 4
[2022-12-12 23:57:04] [SEVERE ] removing player 2 token from slot 4
[2022-12-12 23:57:04] [SEVERE ] removing player 2 token from slot 9
[2022-12-12 23:57:04] [SEVERE ] removing player 2 token from slot 10
[2022-12-12 23:57:04] [SEVERE ] player 2 placing token on slot 2
[2022-12-12 23:57:05] [SEVERE ] player 2 placing token on slot 6
[2022-12-12 23:57:05] [SEVERE ] player 2 placing token on slot 7
[2022-12-12 23:57:05] [SEVERE ] removing player 2 token from slot 2
[2022-12-12 23:57:05] [SEVERE ] removing player 2 token from slot 6
[2022-12-12 23:57:05] [SEVERE ] removing player 2 token from slot 7
[2022-12-12 23:57:05] [SEVERE ] player 2 placing token on slot 6
[2022-12-12 23:57:05] [SEVERE ] player 2 placing token on slot 7
[2022-12-12 23:57:05] [SEVERE ] player 2 placing token on slot 4
[2022-12-12 23:57:05] [SEVERE ] removing player 2 token from slot 4
[2022-12-12 23:57:05] [SEVERE ] removing player 2 token from slot 6
[2022-12-12 23:57:05] [SEVERE ] removing player 2 token from slot 7
[2022-12-12 23:57:05] [SEVERE ] player 2 placing token on slot 5
[2022-12-12 23:57:05] [SEVERE ] player 2 placing token on slot 1
[2022-12-12 23:57:05] [SEVERE ] player 2 placing token on slot 3
[2022-12-12 23:57:05] [SEVERE ] removing player 2 token from slot 1
[2022-12-12 23:57:05] [SEVERE ] removing player 2 token from slot 3
[2022-12-12 23:57:05] [SEVERE ] removing player 2 token from slot 5
[2022-12-12 23:57:05] [SEVERE ] player 2 placing token on slot 11
[2022-12-12 23:57:05] [SEVERE ] player 2 placing token on slot 10
[2022-12-12 23:57:05] [SEVERE ] player 2 placing token on slot 9
[2022-12-12 23:57:05] [SEVERE ] removing player 2 token from slot 9
[2022-12-12 23:57:05] [SEVERE ] removing player 2 token from slot 10
[2022-12-12 23:57:05] [SEVERE ] removing player 2 token from slot 11
[2022-12-12 23:57:05] [SEVERE ] player 2 placing token on slot 6
[2022-12-12 23:57:05] [SEVERE ] player 2 placing token on slot 0
[2022-12-12 23:57:05] [SEVERE ] player 2 placing token on slot 7
[2022-12-12 23:57:05] [SEVERE ] removing player 2 token from slot 0
[2022-12-12 23:57:05] [SEVERE ] removing player 2 token from slot 6
[2022-12-12 23:57:05] [SEVERE ] removing player 2 token from slot 7
[2022-12-12 23:57:05] [SEVERE ] player 2 placing token on slot 5
[2022-12-12 23:57:05] [SEVERE ] player 2 placing token on slot 6
[2022-12-12 23:57:05] [SEVERE ] player 2 placing token on slot 10
[2022-12-12 23:57:05] [SEVERE ] removing player 2 token from slot 5
[2022-12-12 23:57:05] [SEVERE ] removing player 2 token from slot 6
[2022-12-12 23:57:05] [SEVERE ] removing player 2 token from slot 10
[2022-12-12 23:57:05] [SEVERE ] player 2 placing token on slot 4
[2022-12-12 23:57:05] [SEVERE ] player 2 placing token on slot 2
[2022-12-12 23:57:05] [SEVERE ] player 2 placing token on slot 10
[2022-12-12 23:57:05] [SEVERE ] removing player 2 token from slot 2
[2022-12-12 23:57:05] [SEVERE ] removing player 2 token from slot 4
[2022-12-12 23:57:05] [SEVERE ] removing player 2 token from slot 10
[2022-12-12 23:57:05] [SEVERE ] player 2 placing token on slot 11
[2022-12-12 23:57:05] [SEVERE ] player 2 placing token on slot 8
[2022-12-12 23:57:05] [SEVERE ] player 2 placing token on slot 2
[2022-12-12 23:57:05] [SEVERE ] removing player 2 token from slot 2
[2022-12-12 23:57:05] [SEVERE ] removing player 2 token from slot 8
[2022-12-12 23:57:05] [SEVERE ] removing player 2 token from slot 11
[2022-12-12 23:57:05] [SEVERE ] player 2 placing token on slot 4
[2022-12-12 23:57:05] [SEVERE ] player 2 placing token on slot 7
[2022-12-12 23:57:05] [SEVERE ] player 2 placing token on slot 8
[2022-12-12 23:57:05] [SEVERE ] removing player 2 token from slot 4
[2022-12-12 23:57:05] [SEVERE ] removing player 2 token from slot 7
[2022-12-12 23:57:05] [SEVERE ] removing player 2 token from slot 8
[2022-12-12 23:57:05] [SEVERE ] player 2 placing token on slot 0
[2022-12-12 23:57:05] [SEVERE ] player 2 placing token on slot 9
[2022-12-12 23:57:05] [SEVERE ] player 2 placing token on slot 5
[2022-12-12 23:57:05] [SEVERE ] removing player 2 token from slot 0
[2022-12-12 23:57:05] [SEVERE ] removing player 2 token from slot 5
[2022-12-12 23:57:05] [SEVERE ] removing player 2 token from slot 9
[2022-12-12 23:57:05] [SEVERE ] player 2 placing token on slot 4
[2022-12-12 23:57:05] [SEVERE ] player 2 placing token on slot 7
[2022-12-12 23:57:05] [SEVERE ] player 2 placing token on slot 6
[2022-12-12 23:57:05] [SEVERE ] removing player 2 token from slot 4
[2022-12-12 23:57:05] [SEVERE ] removing player 2 token from slot 6
[2022-12-12 23:57:05] [SEVERE ] removing player 2 token from slot 7
[2022-12-12 23:57:05] [SEVERE ] player 2 placing token on slot 4
[2022-12-12 23:57:05] [SEVERE ] player 2 placing token on slot 7
[2022-12-12 23:57:06] [SEVERE ] player 2 placing token on slot 11
[2022-12-12 23:57:06] [SEVERE ] removing player 2 token from slot 4
[2022-12-12 23:57:06] [SEVERE ] removing player 2 token from slot 7
[2022-12-12 23:57:06] [SEVERE ] removing player 2 token from slot 11
[2022-12-12 23:57:06] [SEVERE ] player 2 placing token on slot 9
[2022-12-12 23:57:06] [SEVERE ] player 2 placing token on slot 1
