[2022-12-10 12:00:53] [INFO   ] cannot read configuration file config.properties trying from resources.
[2022-12-10 12:00:53] [INFO   ] configuration file was loaded from resources directory.
[2022-12-10 12:00:53] [INFO   ] Thread Thread-0starting.
[2022-12-10 12:00:53] [INFO   ] Thread Thread-2starting.
[2022-12-10 12:00:53] [INFO   ] Thread Thread-1starting.
[2022-12-10 12:00:53] [INFO   ] Thread dealer starting.
[2022-12-10 12:00:53] [INFO   ] Thread computer-2 starting.
[2022-12-10 12:00:54] [SEVERE ] placing card 1 in slot 0
[2022-12-10 12:00:54] [SEVERE ] placing card 15 in slot 1
[2022-12-10 12:00:54] [SEVERE ] placing card 73 in slot 2
[2022-12-10 12:00:54] [SEVERE ] placing card 31 in slot 3
[2022-12-10 12:00:54] [SEVERE ] placing card 47 in slot 4
[2022-12-10 12:00:54] [SEVERE ] placing card 49 in slot 5
[2022-12-10 12:00:54] [SEVERE ] placing card 67 in slot 6
[2022-12-10 12:00:54] [SEVERE ] placing card 35 in slot 7
[2022-12-10 12:00:54] [SEVERE ] placing card 30 in slot 8
[2022-12-10 12:00:55] [SEVERE ] placing card 37 in slot 9
[2022-12-10 12:00:55] [SEVERE ] placing card 70 in slot 10
[2022-12-10 12:00:55] [SEVERE ] placing card 77 in slot 11
[2022-12-10 12:01:01] [SEVERE ] removing tokens from slot 0
[2022-12-10 12:01:01] [SEVERE ] removing card from slot 0
[2022-12-10 12:01:01] [SEVERE ] removing tokens from slot 1
[2022-12-10 12:01:01] [SEVERE ] removing card from slot 1
[2022-12-10 12:01:01] [SEVERE ] removing tokens from slot 2
[2022-12-10 12:01:01] [SEVERE ] removing card from slot 2
[2022-12-10 12:01:01] [SEVERE ] removing tokens from slot 3
[2022-12-10 12:01:01] [SEVERE ] removing card from slot 3
[2022-12-10 12:01:01] [SEVERE ] removing tokens from slot 4
[2022-12-10 12:01:01] [SEVERE ] removing card from slot 4
[2022-12-10 12:01:01] [SEVERE ] removing tokens from slot 5
[2022-12-10 12:01:01] [SEVERE ] removing card from slot 5
[2022-12-10 12:01:02] [SEVERE ] removing tokens from slot 6
[2022-12-10 12:01:02] [SEVERE ] removing card from slot 6
[2022-12-10 12:01:02] [SEVERE ] removing tokens from slot 7
[2022-12-10 12:01:02] [SEVERE ] removing card from slot 7
[2022-12-10 12:01:02] [SEVERE ] removing tokens from slot 8
[2022-12-10 12:01:02] [SEVERE ] removing card from slot 8
[2022-12-10 12:01:02] [SEVERE ] removing tokens from slot 9
[2022-12-10 12:01:02] [SEVERE ] removing card from slot 9
[2022-12-10 12:01:02] [SEVERE ] removing tokens from slot 10
[2022-12-10 12:01:02] [SEVERE ] removing card from slot 10
[2022-12-10 12:01:02] [SEVERE ] removing tokens from slot 11
[2022-12-10 12:01:02] [SEVERE ] removing card from slot 11
[2022-12-10 12:01:02] [SEVERE ] placing card 21 in slot 0
[2022-12-10 12:01:02] [SEVERE ] placing card 38 in slot 1
[2022-12-10 12:01:02] [SEVERE ] placing card 18 in slot 2
[2022-12-10 12:01:03] [SEVERE ] placing card 74 in slot 3
[2022-12-10 12:01:03] [SEVERE ] placing card 52 in slot 4
[2022-12-10 12:01:03] [SEVERE ] placing card 61 in slot 5
[2022-12-10 12:01:03] [SEVERE ] placing card 62 in slot 6
[2022-12-10 12:01:03] [SEVERE ] placing card 40 in slot 7
[2022-12-10 12:01:03] [SEVERE ] placing card 15 in slot 8
[2022-12-10 12:01:03] [SEVERE ] placing card 39 in slot 9
[2022-12-10 12:01:03] [SEVERE ] placing card 58 in slot 10
[2022-12-10 12:01:03] [SEVERE ] placing card 77 in slot 11
[2022-12-10 12:01:10] [SEVERE ] removing tokens from slot 0
[2022-12-10 12:01:10] [SEVERE ] removing card from slot 0
[2022-12-10 12:01:10] [SEVERE ] removing tokens from slot 1
[2022-12-10 12:01:10] [SEVERE ] removing card from slot 1
[2022-12-10 12:01:10] [SEVERE ] removing tokens from slot 2
[2022-12-10 12:01:10] [SEVERE ] removing card from slot 2
[2022-12-10 12:01:10] [SEVERE ] removing tokens from slot 3
[2022-12-10 12:01:10] [SEVERE ] removing card from slot 3
[2022-12-10 12:01:10] [SEVERE ] removing tokens from slot 4
[2022-12-10 12:01:10] [SEVERE ] removing card from slot 4
[2022-12-10 12:01:10] [SEVERE ] removing tokens from slot 5
[2022-12-10 12:01:10] [SEVERE ] removing card from slot 5
[2022-12-10 12:01:10] [SEVERE ] removing tokens from slot 6
[2022-12-10 12:01:10] [SEVERE ] removing card from slot 6
[2022-12-10 12:01:10] [SEVERE ] removing tokens from slot 7
[2022-12-10 12:01:10] [SEVERE ] removing card from slot 7
[2022-12-10 12:01:10] [SEVERE ] removing tokens from slot 8
[2022-12-10 12:01:10] [SEVERE ] removing card from slot 8
[2022-12-10 12:01:11] [SEVERE ] removing tokens from slot 9
[2022-12-10 12:01:11] [SEVERE ] removing card from slot 9
[2022-12-10 12:01:11] [SEVERE ] removing tokens from slot 10
[2022-12-10 12:01:11] [SEVERE ] removing card from slot 10
[2022-12-10 12:01:11] [SEVERE ] removing tokens from slot 11
[2022-12-10 12:01:11] [SEVERE ] removing card from slot 11
[2022-12-10 12:01:11] [SEVERE ] placing card 9 in slot 0
[2022-12-10 12:01:11] [SEVERE ] placing card 75 in slot 1
[2022-12-10 12:01:11] [SEVERE ] placing card 18 in slot 2
[2022-12-10 12:01:11] [SEVERE ] placing card 58 in slot 3
[2022-12-10 12:01:11] [SEVERE ] placing card 36 in slot 4
[2022-12-10 12:01:11] [SEVERE ] placing card 45 in slot 5
[2022-12-10 12:01:12] [SEVERE ] placing card 19 in slot 6
[2022-12-10 12:01:12] [SEVERE ] placing card 56 in slot 7
[2022-12-10 12:01:12] [SEVERE ] placing card 14 in slot 8
[2022-12-10 12:01:12] [SEVERE ] placing card 62 in slot 9
[2022-12-10 12:01:12] [SEVERE ] placing card 27 in slot 10
[2022-12-10 12:01:12] [SEVERE ] placing card 33 in slot 11
[2022-12-10 12:01:18] [SEVERE ] removing tokens from slot 0
[2022-12-10 12:01:18] [SEVERE ] removing card from slot 0
[2022-12-10 12:01:18] [SEVERE ] removing tokens from slot 1
[2022-12-10 12:01:18] [SEVERE ] removing card from slot 1
[2022-12-10 12:01:18] [SEVERE ] removing tokens from slot 2
[2022-12-10 12:01:18] [SEVERE ] removing card from slot 2
[2022-12-10 12:01:19] [SEVERE ] removing tokens from slot 3
[2022-12-10 12:01:19] [SEVERE ] removing card from slot 3
[2022-12-10 12:01:19] [SEVERE ] removing tokens from slot 4
[2022-12-10 12:01:19] [SEVERE ] removing card from slot 4
[2022-12-10 12:01:19] [SEVERE ] removing tokens from slot 5
[2022-12-10 12:01:19] [SEVERE ] removing card from slot 5
[2022-12-10 12:01:19] [SEVERE ] removing tokens from slot 6
[2022-12-10 12:01:19] [SEVERE ] removing card from slot 6
[2022-12-10 12:01:19] [SEVERE ] removing tokens from slot 7
[2022-12-10 12:01:19] [SEVERE ] removing card from slot 7
[2022-12-10 12:01:19] [SEVERE ] removing tokens from slot 8
[2022-12-10 12:01:19] [SEVERE ] removing card from slot 8
[2022-12-10 12:01:19] [SEVERE ] removing tokens from slot 9
[2022-12-10 12:01:19] [SEVERE ] removing card from slot 9
[2022-12-10 12:01:19] [SEVERE ] removing tokens from slot 10
[2022-12-10 12:01:19] [SEVERE ] removing card from slot 10
[2022-12-10 12:01:19] [SEVERE ] removing tokens from slot 11
[2022-12-10 12:01:19] [SEVERE ] removing card from slot 11
[2022-12-10 12:01:20] [SEVERE ] placing card 12 in slot 0
[2022-12-10 12:01:20] [SEVERE ] placing card 22 in slot 1
[2022-12-10 12:01:20] [SEVERE ] placing card 38 in slot 2
[2022-12-10 12:01:20] [SEVERE ] placing card 58 in slot 3
[2022-12-10 12:01:20] [SEVERE ] placing card 67 in slot 4
[2022-12-10 12:01:20] [SEVERE ] placing card 10 in slot 5
[2022-12-10 12:01:20] [SEVERE ] placing card 63 in slot 6
[2022-12-10 12:01:20] [SEVERE ] placing card 18 in slot 7
[2022-12-10 12:01:20] [SEVERE ] placing card 7 in slot 8
[2022-12-10 12:01:21] [SEVERE ] placing card 37 in slot 9
[2022-12-10 12:01:21] [SEVERE ] placing card 65 in slot 10
[2022-12-10 12:01:21] [SEVERE ] placing card 32 in slot 11
