[2022-12-12 18:45:58] [INFO   ] cannot read configuration file config.properties trying from resources.
[2022-12-12 18:45:58] [INFO   ] configuration file was loaded from resources directory.
[2022-12-12 18:45:59] [INFO   ] Thread Thread-0starting.
[2022-12-12 18:45:59] [INFO   ] Thread Thread-1starting.
[2022-12-12 18:45:59] [INFO   ] Thread dealer starting.
[2022-12-12 18:45:59] [SEVERE ] placing card 45 in slot 0
[2022-12-12 18:45:59] [SEVERE ] placing card 73 in slot 1
[2022-12-12 18:45:59] [SEVERE ] placing card 6 in slot 2
[2022-12-12 18:45:59] [SEVERE ] placing card 34 in slot 3
[2022-12-12 18:45:59] [SEVERE ] placing card 47 in slot 4
[2022-12-12 18:45:59] [SEVERE ] placing card 36 in slot 5
[2022-12-12 18:45:59] [SEVERE ] placing card 42 in slot 6
[2022-12-12 18:45:59] [SEVERE ] placing card 18 in slot 7
[2022-12-12 18:46:00] [SEVERE ] placing card 32 in slot 8
[2022-12-12 18:46:00] [SEVERE ] placing card 25 in slot 9
[2022-12-12 18:46:00] [SEVERE ] placing card 2 in slot 10
[2022-12-12 18:46:00] [SEVERE ] placing card 31 in slot 11
[2022-12-12 18:46:02] [SEVERE ] Key 81 was pressed by player 0
[2022-12-12 18:46:02] [SEVERE ] player 0 placing token on slot 0
[2022-12-12 18:46:05] [SEVERE ] Key 87 was pressed by player 0
[2022-12-12 18:46:05] [SEVERE ] player 0 placing token on slot 1
[2022-12-12 18:46:08] [SEVERE ] Key 69 was pressed by player 0
[2022-12-12 18:46:08] [SEVERE ] player 0 placing token on slot 2
[2022-12-12 18:46:13] [SEVERE ] Key 69 was pressed by player 0
[2022-12-12 18:46:18] [SEVERE ] Key 69 was pressed by player 0
[2022-12-12 18:46:18] [SEVERE ] removing player 0 token from slot 2
