[2022-12-10 12:05:48] [INFO   ] cannot read configuration file config.properties trying from resources.
[2022-12-10 12:05:48] [INFO   ] configuration file was loaded from resources directory.
[2022-12-10 12:05:48] [INFO   ] Thread Thread-0starting.
[2022-12-10 12:05:48] [INFO   ] Thread Thread-3starting.
[2022-12-10 12:05:48] [INFO   ] Thread Thread-4starting.
[2022-12-10 12:05:48] [INFO   ] Thread Thread-5starting.
[2022-12-10 12:05:48] [INFO   ] Thread dealer starting.
[2022-12-10 12:05:48] [INFO   ] Thread Thread-2starting.
[2022-12-10 12:05:48] [INFO   ] Thread Thread-1starting.
[2022-12-10 12:05:48] [INFO   ] Thread computer-4 starting.
[2022-12-10 12:05:48] [INFO   ] Thread computer-3 starting.
[2022-12-10 12:05:48] [INFO   ] Thread computer-2 starting.
[2022-12-10 12:05:48] [INFO   ] Thread computer-5 starting.
[2022-12-10 12:05:48] [SEVERE ] placing card 66 in slot 0
[2022-12-10 12:05:48] [SEVERE ] placing card 49 in slot 1
[2022-12-10 12:05:48] [SEVERE ] placing card 63 in slot 2
[2022-12-10 12:05:48] [SEVERE ] placing card 60 in slot 3
[2022-12-10 12:05:49] [SEVERE ] placing card 47 in slot 4
[2022-12-10 12:05:49] [SEVERE ] placing card 43 in slot 5
[2022-12-10 12:05:49] [SEVERE ] placing card 11 in slot 6
[2022-12-10 12:05:49] [SEVERE ] placing card 41 in slot 7
[2022-12-10 12:05:49] [SEVERE ] placing card 30 in slot 8
[2022-12-10 12:05:49] [SEVERE ] placing card 64 in slot 9
[2022-12-10 12:05:49] [SEVERE ] placing card 55 in slot 10
[2022-12-10 12:05:49] [SEVERE ] placing card 46 in slot 11
[2022-12-10 12:06:10] [SEVERE ] Key 87 was pressed by player 0
[2022-12-10 12:06:10] [SEVERE ] player 0 placing token on slot 1
[2022-12-10 12:06:11] [SEVERE ] Key 68 was pressed by player 0
[2022-12-10 12:06:11] [SEVERE ] player 0 placing token on slot 6
[2022-12-10 12:06:12] [SEVERE ] Key 82 was pressed by player 0
[2022-12-10 12:06:12] [SEVERE ] player 0 placing token on slot 3
[2022-12-10 12:06:12] [SEVERE ] setting player 0 score to 1
[2022-12-10 12:06:12] [SEVERE ] removing tokens from slot 1
[2022-12-10 12:06:12] [SEVERE ] removing card from slot 1
[2022-12-10 12:06:13] [SEVERE ] removing tokens from slot 3
[2022-12-10 12:06:13] [SEVERE ] removing card from slot 3
[2022-12-10 12:06:13] [SEVERE ] removing tokens from slot 6
[2022-12-10 12:06:13] [SEVERE ] removing card from slot 6
[2022-12-10 12:06:13] [SEVERE ] placing card 8 in slot 1
[2022-12-10 12:06:13] [SEVERE ] placing card 51 in slot 3
[2022-12-10 12:06:13] [SEVERE ] placing card 74 in slot 6
