[2022-12-13 00:30:23] [INFO   ] cannot read configuration file config.properties trying from resources.
[2022-12-13 00:30:23] [INFO   ] configuration file was loaded from resources directory.
[2022-12-13 00:30:24] [INFO   ] Thread Thread-0starting.
[2022-12-13 00:30:24] [INFO   ] Thread Thread-3starting.
[2022-12-13 00:30:24] [INFO   ] Thread Thread-2starting.
[2022-12-13 00:30:24] [INFO   ] Thread dealer starting.
[2022-12-13 00:30:24] [INFO   ] Thread Thread-1starting.
[2022-12-13 00:30:24] [INFO   ] Thread computer-2 starting.
[2022-12-13 00:30:24] [INFO   ] Thread computer-3 starting.
[2022-12-13 00:30:24] [SEVERE ] placing card 71 in slot 0
[2022-12-13 00:30:24] [SEVERE ] placing card 5 in slot 1
[2022-12-13 00:30:24] [SEVERE ] placing card 51 in slot 2
[2022-12-13 00:30:24] [SEVERE ] placing card 47 in slot 3
[2022-12-13 00:30:24] [SEVERE ] placing card 65 in slot 4
[2022-12-13 00:30:24] [SEVERE ] placing card 30 in slot 5
[2022-12-13 00:30:25] [SEVERE ] placing card 69 in slot 6
[2022-12-13 00:30:25] [SEVERE ] placing card 72 in slot 7
[2022-12-13 00:30:25] [SEVERE ] placing card 57 in slot 8
[2022-12-13 00:30:25] [SEVERE ] placing card 43 in slot 9
[2022-12-13 00:30:25] [SEVERE ] placing card 55 in slot 10
[2022-12-13 00:30:25] [SEVERE ] placing card 39 in slot 11
[2022-12-13 00:30:25] [SEVERE ] player 2 placing token on slot 8
[2022-12-13 00:30:25] [SEVERE ] player 3 placing token on slot 3
[2022-12-13 00:30:25] [SEVERE ] player 2 placing token on slot 7
[2022-12-13 00:30:25] [SEVERE ] player 3 placing token on slot 7
[2022-12-13 00:30:25] [SEVERE ] player 3 placing token on slot 8
[2022-12-13 00:30:25] [SEVERE ] player 2 placing token on slot 1
[2022-12-13 00:30:25] [SEVERE ] removing player 3 token from slot 3
[2022-12-13 00:30:25] [SEVERE ] removing player 3 token from slot 7
[2022-12-13 00:30:25] [SEVERE ] removing player 3 token from slot 8
[2022-12-13 00:30:25] [SEVERE ] player 3 placing token on slot 4
[2022-12-13 00:30:25] [SEVERE ] removing player 3 token from slot 4
[2022-12-13 00:30:25] [SEVERE ] player 3 placing token on slot 2
[2022-12-13 00:30:25] [SEVERE ] player 3 placing token on slot 11
[2022-12-13 00:30:25] [SEVERE ] player 3 placing token on slot 10
[2022-12-13 00:30:25] [SEVERE ] removing player 3 token from slot 2
[2022-12-13 00:30:25] [SEVERE ] removing player 3 token from slot 10
[2022-12-13 00:30:25] [SEVERE ] removing player 3 token from slot 11
[2022-12-13 00:30:25] [SEVERE ] player 3 placing token on slot 5
[2022-12-13 00:30:25] [SEVERE ] player 3 placing token on slot 3
[2022-12-13 00:30:25] [SEVERE ] player 3 placing token on slot 6
[2022-12-13 00:30:25] [SEVERE ] removing player 3 token from slot 3
[2022-12-13 00:30:25] [SEVERE ] removing player 3 token from slot 5
[2022-12-13 00:30:25] [SEVERE ] removing player 3 token from slot 6
[2022-12-13 00:30:25] [SEVERE ] player 3 placing token on slot 11
[2022-12-13 00:30:25] [SEVERE ] player 3 placing token on slot 10
[2022-12-13 00:30:25] [SEVERE ] player 3 placing token on slot 3
[2022-12-13 00:30:25] [SEVERE ] removing player 3 token from slot 3
[2022-12-13 00:30:25] [SEVERE ] removing player 3 token from slot 10
[2022-12-13 00:30:25] [SEVERE ] removing player 3 token from slot 11
[2022-12-13 00:30:25] [SEVERE ] player 3 placing token on slot 4
[2022-12-13 00:30:25] [SEVERE ] player 3 placing token on slot 10
[2022-12-13 00:30:26] [SEVERE ] player 3 placing token on slot 5
[2022-12-13 00:30:26] [SEVERE ] removing player 3 token from slot 4
[2022-12-13 00:30:26] [SEVERE ] removing player 3 token from slot 5
[2022-12-13 00:30:26] [SEVERE ] removing player 3 token from slot 10
[2022-12-13 00:30:26] [SEVERE ] player 3 placing token on slot 2
[2022-12-13 00:30:26] [SEVERE ] player 3 placing token on slot 0
[2022-12-13 00:30:26] [SEVERE ] player 3 placing token on slot 3
[2022-12-13 00:30:26] [SEVERE ] removing player 3 token from slot 0
[2022-12-13 00:30:26] [SEVERE ] removing player 3 token from slot 2
[2022-12-13 00:30:26] [SEVERE ] removing player 3 token from slot 3
[2022-12-13 00:30:26] [SEVERE ] player 3 placing token on slot 6
[2022-12-13 00:30:26] [SEVERE ] player 3 placing token on slot 7
[2022-12-13 00:30:26] [SEVERE ] player 3 placing token on slot 1
[2022-12-13 00:30:26] [SEVERE ] removing player 3 token from slot 1
[2022-12-13 00:30:26] [SEVERE ] removing player 3 token from slot 6
[2022-12-13 00:30:26] [SEVERE ] removing player 3 token from slot 7
[2022-12-13 00:30:26] [SEVERE ] player 3 placing token on slot 0
[2022-12-13 00:30:26] [SEVERE ] player 3 placing token on slot 6
[2022-12-13 00:30:26] [SEVERE ] player 3 placing token on slot 2
[2022-12-13 00:30:26] [SEVERE ] removing player 3 token from slot 0
[2022-12-13 00:30:26] [SEVERE ] removing player 3 token from slot 2
[2022-12-13 00:30:26] [SEVERE ] removing player 3 token from slot 6
[2022-12-13 00:30:26] [SEVERE ] player 3 placing token on slot 9
[2022-12-13 00:30:26] [SEVERE ] player 3 placing token on slot 11
[2022-12-13 00:30:26] [SEVERE ] player 3 placing token on slot 5
[2022-12-13 00:30:26] [SEVERE ] removing player 3 token from slot 5
[2022-12-13 00:30:26] [SEVERE ] removing player 3 token from slot 9
[2022-12-13 00:30:26] [SEVERE ] removing player 3 token from slot 11
[2022-12-13 00:30:26] [SEVERE ] player 3 placing token on slot 2
[2022-12-13 00:30:26] [SEVERE ] player 3 placing token on slot 3
[2022-12-13 00:30:26] [SEVERE ] player 3 placing token on slot 10
[2022-12-13 00:30:26] [SEVERE ] removing player 3 token from slot 2
[2022-12-13 00:30:26] [SEVERE ] removing player 3 token from slot 3
[2022-12-13 00:30:26] [SEVERE ] removing player 3 token from slot 10
[2022-12-13 00:30:26] [SEVERE ] player 3 placing token on slot 5
[2022-12-13 00:30:26] [SEVERE ] player 3 placing token on slot 9
[2022-12-13 00:30:26] [SEVERE ] player 3 placing token on slot 4
[2022-12-13 00:30:26] [SEVERE ] removing player 3 token from slot 4
[2022-12-13 00:30:26] [SEVERE ] removing player 3 token from slot 5
[2022-12-13 00:30:26] [SEVERE ] removing player 3 token from slot 9
[2022-12-13 00:30:26] [SEVERE ] player 3 placing token on slot 3
[2022-12-13 00:30:26] [SEVERE ] player 3 placing token on slot 0
[2022-12-13 00:30:26] [SEVERE ] player 3 placing token on slot 8
[2022-12-13 00:30:26] [SEVERE ] removing player 3 token from slot 0
[2022-12-13 00:30:26] [SEVERE ] removing player 3 token from slot 3
[2022-12-13 00:30:26] [SEVERE ] removing player 3 token from slot 8
[2022-12-13 00:30:26] [SEVERE ] player 3 placing token on slot 0
[2022-12-13 00:30:26] [SEVERE ] player 3 placing token on slot 9
[2022-12-13 00:30:26] [SEVERE ] player 3 placing token on slot 11
[2022-12-13 00:30:26] [SEVERE ] removing player 3 token from slot 0
[2022-12-13 00:30:26] [SEVERE ] removing player 3 token from slot 9
[2022-12-13 00:30:26] [SEVERE ] removing player 3 token from slot 11
[2022-12-13 00:30:26] [SEVERE ] player 3 placing token on slot 2
[2022-12-13 00:30:26] [SEVERE ] player 3 placing token on slot 0
[2022-12-13 00:30:26] [SEVERE ] player 3 placing token on slot 7
[2022-12-13 00:30:26] [SEVERE ] removing player 3 token from slot 0
[2022-12-13 00:30:26] [SEVERE ] removing player 3 token from slot 2
[2022-12-13 00:30:26] [SEVERE ] removing player 3 token from slot 7
[2022-12-13 00:30:26] [SEVERE ] player 3 placing token on slot 9
[2022-12-13 00:30:26] [SEVERE ] player 3 placing token on slot 11
[2022-12-13 00:30:26] [SEVERE ] player 3 placing token on slot 2
[2022-12-13 00:30:26] [SEVERE ] removing player 3 token from slot 2
[2022-12-13 00:30:26] [SEVERE ] removing player 3 token from slot 9
[2022-12-13 00:30:26] [SEVERE ] removing player 3 token from slot 11
[2022-12-13 00:30:26] [SEVERE ] player 3 placing token on slot 10
[2022-12-13 00:30:26] [SEVERE ] player 3 placing token on slot 3
[2022-12-13 00:30:26] [SEVERE ] player 3 placing token on slot 8
[2022-12-13 00:30:26] [SEVERE ] removing player 3 token from slot 3
[2022-12-13 00:30:26] [SEVERE ] removing player 3 token from slot 8
[2022-12-13 00:30:26] [SEVERE ] removing player 3 token from slot 10
[2022-12-13 00:30:26] [SEVERE ] player 3 placing token on slot 1
[2022-12-13 00:30:26] [SEVERE ] player 3 placing token on slot 0
[2022-12-13 00:30:27] [SEVERE ] player 3 placing token on slot 5
[2022-12-13 00:30:27] [SEVERE ] removing player 3 token from slot 0
[2022-12-13 00:30:27] [SEVERE ] removing player 3 token from slot 1
[2022-12-13 00:30:27] [SEVERE ] removing player 3 token from slot 5
[2022-12-13 00:30:27] [SEVERE ] player 3 placing token on slot 1
[2022-12-13 00:30:27] [SEVERE ] player 3 placing token on slot 8
[2022-12-13 00:30:27] [SEVERE ] player 3 placing token on slot 6
[2022-12-13 00:30:27] [SEVERE ] removing player 3 token from slot 1
[2022-12-13 00:30:27] [SEVERE ] removing player 3 token from slot 6
[2022-12-13 00:30:27] [SEVERE ] removing player 3 token from slot 8
[2022-12-13 00:30:27] [SEVERE ] player 3 placing token on slot 4
[2022-12-13 00:30:27] [SEVERE ] player 3 placing token on slot 2
[2022-12-13 00:30:27] [SEVERE ] player 3 placing token on slot 3
[2022-12-13 00:30:27] [SEVERE ] removing player 3 token from slot 2
[2022-12-13 00:30:27] [SEVERE ] removing player 3 token from slot 3
[2022-12-13 00:30:27] [SEVERE ] removing player 3 token from slot 4
[2022-12-13 00:30:27] [SEVERE ] player 3 placing token on slot 4
[2022-12-13 00:30:27] [SEVERE ] player 3 placing token on slot 3
[2022-12-13 00:30:27] [SEVERE ] player 3 placing token on slot 10
[2022-12-13 00:30:27] [SEVERE ] removing player 3 token from slot 3
[2022-12-13 00:30:27] [SEVERE ] removing player 3 token from slot 4
[2022-12-13 00:30:27] [SEVERE ] removing player 3 token from slot 10
[2022-12-13 00:30:27] [SEVERE ] player 3 placing token on slot 11
[2022-12-13 00:30:27] [SEVERE ] player 3 placing token on slot 5
[2022-12-13 00:30:27] [SEVERE ] player 3 placing token on slot 1
[2022-12-13 00:30:27] [SEVERE ] removing player 3 token from slot 1
[2022-12-13 00:30:27] [SEVERE ] removing player 3 token from slot 5
[2022-12-13 00:30:27] [SEVERE ] removing player 3 token from slot 11
[2022-12-13 00:30:27] [SEVERE ] player 3 placing token on slot 5
[2022-12-13 00:30:27] [SEVERE ] player 3 placing token on slot 2
[2022-12-13 00:30:27] [SEVERE ] player 3 placing token on slot 10
[2022-12-13 00:30:27] [SEVERE ] removing player 3 token from slot 2
[2022-12-13 00:30:27] [SEVERE ] removing player 3 token from slot 5
[2022-12-13 00:30:27] [SEVERE ] removing player 3 token from slot 10
[2022-12-13 00:30:27] [SEVERE ] player 3 placing token on slot 2
[2022-12-13 00:30:27] [SEVERE ] player 3 placing token on slot 3
[2022-12-13 00:30:27] [SEVERE ] player 3 placing token on slot 8
[2022-12-13 00:30:27] [SEVERE ] removing player 3 token from slot 2
[2022-12-13 00:30:27] [SEVERE ] removing player 3 token from slot 3
[2022-12-13 00:30:27] [SEVERE ] removing player 3 token from slot 8
[2022-12-13 00:30:27] [SEVERE ] player 3 placing token on slot 0
[2022-12-13 00:30:27] [SEVERE ] player 3 placing token on slot 10
[2022-12-13 00:30:27] [SEVERE ] player 3 placing token on slot 3
[2022-12-13 00:30:27] [SEVERE ] removing player 3 token from slot 0
[2022-12-13 00:30:27] [SEVERE ] removing player 3 token from slot 3
[2022-12-13 00:30:27] [SEVERE ] removing player 3 token from slot 10
[2022-12-13 00:30:27] [SEVERE ] player 3 placing token on slot 3
[2022-12-13 00:30:27] [SEVERE ] player 3 placing token on slot 7
[2022-12-13 00:30:27] [SEVERE ] player 3 placing token on slot 9
[2022-12-13 00:30:27] [SEVERE ] removing player 3 token from slot 3
[2022-12-13 00:30:27] [SEVERE ] removing player 3 token from slot 7
[2022-12-13 00:30:27] [SEVERE ] removing player 3 token from slot 9
[2022-12-13 00:30:27] [SEVERE ] player 3 placing token on slot 8
[2022-12-13 00:30:27] [SEVERE ] player 3 placing token on slot 0
[2022-12-13 00:30:27] [SEVERE ] player 3 placing token on slot 1
[2022-12-13 00:30:27] [SEVERE ] removing player 3 token from slot 0
[2022-12-13 00:30:27] [SEVERE ] removing player 3 token from slot 1
[2022-12-13 00:30:27] [SEVERE ] removing player 3 token from slot 8
[2022-12-13 00:30:27] [SEVERE ] player 3 placing token on slot 5
[2022-12-13 00:30:27] [SEVERE ] player 3 placing token on slot 1
[2022-12-13 00:30:27] [SEVERE ] player 3 placing token on slot 7
[2022-12-13 00:30:27] [SEVERE ] removing player 3 token from slot 1
[2022-12-13 00:30:27] [SEVERE ] removing player 3 token from slot 5
[2022-12-13 00:30:27] [SEVERE ] removing player 3 token from slot 7
[2022-12-13 00:30:27] [SEVERE ] player 3 placing token on slot 4
[2022-12-13 00:30:28] [SEVERE ] player 3 placing token on slot 6
[2022-12-13 00:30:28] [SEVERE ] player 3 placing token on slot 5
[2022-12-13 00:30:28] [SEVERE ] removing player 3 token from slot 4
[2022-12-13 00:30:28] [SEVERE ] removing player 3 token from slot 5
[2022-12-13 00:30:28] [SEVERE ] removing player 3 token from slot 6
[2022-12-13 00:30:28] [SEVERE ] player 3 placing token on slot 7
[2022-12-13 00:30:28] [SEVERE ] player 3 placing token on slot 5
[2022-12-13 00:30:28] [SEVERE ] player 3 placing token on slot 6
[2022-12-13 00:30:28] [SEVERE ] removing player 3 token from slot 5
[2022-12-13 00:30:28] [SEVERE ] removing player 3 token from slot 6
[2022-12-13 00:30:28] [SEVERE ] removing player 3 token from slot 7
[2022-12-13 00:30:28] [SEVERE ] player 3 placing token on slot 10
[2022-12-13 00:30:28] [SEVERE ] player 3 placing token on slot 6
[2022-12-13 00:30:28] [SEVERE ] player 3 placing token on slot 11
[2022-12-13 00:30:28] [SEVERE ] removing player 3 token from slot 6
[2022-12-13 00:30:28] [SEVERE ] removing player 3 token from slot 10
[2022-12-13 00:30:28] [SEVERE ] removing player 3 token from slot 11
[2022-12-13 00:30:28] [SEVERE ] player 3 placing token on slot 3
[2022-12-13 00:30:28] [SEVERE ] player 3 placing token on slot 4
[2022-12-13 00:30:28] [SEVERE ] player 3 placing token on slot 11
[2022-12-13 00:30:28] [SEVERE ] removing player 3 token from slot 3
[2022-12-13 00:30:28] [SEVERE ] removing player 3 token from slot 4
[2022-12-13 00:30:28] [SEVERE ] removing player 3 token from slot 11
[2022-12-13 00:30:28] [SEVERE ] player 3 placing token on slot 1
[2022-12-13 00:30:28] [SEVERE ] player 3 placing token on slot 2
[2022-12-13 00:30:28] [SEVERE ] player 3 placing token on slot 5
[2022-12-13 00:30:28] [SEVERE ] removing player 3 token from slot 1
[2022-12-13 00:30:28] [SEVERE ] removing player 3 token from slot 2
[2022-12-13 00:30:28] [SEVERE ] removing player 3 token from slot 5
[2022-12-13 00:30:28] [SEVERE ] player 3 placing token on slot 0
[2022-12-13 00:30:28] [SEVERE ] player 3 placing token on slot 4
[2022-12-13 00:30:28] [SEVERE ] player 3 placing token on slot 1
[2022-12-13 00:30:28] [SEVERE ] removing player 3 token from slot 0
[2022-12-13 00:30:28] [SEVERE ] removing player 3 token from slot 1
[2022-12-13 00:30:28] [SEVERE ] removing player 3 token from slot 4
[2022-12-13 00:30:28] [SEVERE ] player 3 placing token on slot 9
[2022-12-13 00:30:28] [SEVERE ] player 3 placing token on slot 10
[2022-12-13 00:30:28] [SEVERE ] player 3 placing token on slot 5
[2022-12-13 00:30:28] [SEVERE ] removing player 3 token from slot 5
[2022-12-13 00:30:28] [SEVERE ] removing player 3 token from slot 9
[2022-12-13 00:30:28] [SEVERE ] removing player 3 token from slot 10
[2022-12-13 00:30:28] [SEVERE ] player 3 placing token on slot 2
[2022-12-13 00:30:28] [SEVERE ] player 3 placing token on slot 11
[2022-12-13 00:30:28] [SEVERE ] player 3 placing token on slot 8
[2022-12-13 00:30:28] [SEVERE ] removing player 3 token from slot 2
[2022-12-13 00:30:28] [SEVERE ] removing player 3 token from slot 8
[2022-12-13 00:30:28] [SEVERE ] removing player 3 token from slot 11
[2022-12-13 00:30:28] [SEVERE ] player 3 placing token on slot 6
[2022-12-13 00:30:28] [SEVERE ] player 3 placing token on slot 1
[2022-12-13 00:30:28] [SEVERE ] player 3 placing token on slot 5
[2022-12-13 00:30:28] [SEVERE ] removing player 3 token from slot 1
[2022-12-13 00:30:28] [SEVERE ] removing player 3 token from slot 5
[2022-12-13 00:30:28] [SEVERE ] removing player 3 token from slot 6
[2022-12-13 00:30:28] [SEVERE ] player 3 placing token on slot 3
[2022-12-13 00:30:28] [SEVERE ] player 3 placing token on slot 8
[2022-12-13 00:30:28] [SEVERE ] player 3 placing token on slot 4
[2022-12-13 00:30:28] [SEVERE ] removing player 3 token from slot 3
[2022-12-13 00:30:28] [SEVERE ] removing player 3 token from slot 4
[2022-12-13 00:30:28] [SEVERE ] removing player 3 token from slot 8
[2022-12-13 00:30:28] [SEVERE ] player 3 placing token on slot 9
[2022-12-13 00:30:28] [SEVERE ] player 3 placing token on slot 10
[2022-12-13 00:30:28] [SEVERE ] player 3 placing token on slot 5
[2022-12-13 00:30:28] [SEVERE ] removing player 3 token from slot 5
[2022-12-13 00:30:28] [SEVERE ] removing player 3 token from slot 9
[2022-12-13 00:30:28] [SEVERE ] removing player 3 token from slot 10
[2022-12-13 00:30:28] [SEVERE ] player 3 placing token on slot 6
[2022-12-13 00:30:29] [SEVERE ] player 3 placing token on slot 8
[2022-12-13 00:30:29] [SEVERE ] player 3 placing token on slot 7
[2022-12-13 00:30:29] [SEVERE ] removing tokens from slot 6
[2022-12-13 00:30:29] [SEVERE ] removing card from slot 6
[2022-12-13 00:30:29] [SEVERE ] removing tokens from slot 7
[2022-12-13 00:30:29] [SEVERE ] removing card from slot 7
[2022-12-13 00:30:29] [SEVERE ] removing tokens from slot 8
[2022-12-13 00:30:29] [SEVERE ] removing card from slot 8
[2022-12-13 00:30:29] [SEVERE ] placing card 27 in slot 6
[2022-12-13 00:30:29] [SEVERE ] placing card 19 in slot 7
[2022-12-13 00:30:29] [SEVERE ] placing card 37 in slot 8
[2022-12-13 00:30:29] [SEVERE ] setting player 3 score to 1
[2022-12-13 00:30:29] [SEVERE ] player 3 placing token on slot 3
[2022-12-13 00:30:29] [SEVERE ] player 3 placing token on slot 11
[2022-12-13 00:30:29] [SEVERE ] player 3 placing token on slot 6
[2022-12-13 00:30:29] [SEVERE ] removing player 3 token from slot 3
[2022-12-13 00:30:29] [SEVERE ] removing player 3 token from slot 6
[2022-12-13 00:30:29] [SEVERE ] removing player 3 token from slot 11
[2022-12-13 00:30:29] [SEVERE ] player 3 placing token on slot 7
[2022-12-13 00:30:29] [SEVERE ] player 3 placing token on slot 2
[2022-12-13 00:30:29] [SEVERE ] player 3 placing token on slot 8
[2022-12-13 00:30:29] [SEVERE ] removing player 3 token from slot 2
[2022-12-13 00:30:29] [SEVERE ] removing player 3 token from slot 7
[2022-12-13 00:30:29] [SEVERE ] removing player 3 token from slot 8
[2022-12-13 00:30:29] [SEVERE ] player 3 placing token on slot 4
[2022-12-13 00:30:29] [SEVERE ] player 3 placing token on slot 11
[2022-12-13 00:30:29] [SEVERE ] player 3 placing token on slot 0
[2022-12-13 00:30:29] [SEVERE ] removing player 3 token from slot 0
[2022-12-13 00:30:29] [SEVERE ] removing player 3 token from slot 4
[2022-12-13 00:30:29] [SEVERE ] removing player 3 token from slot 11
[2022-12-13 00:30:29] [SEVERE ] player 3 placing token on slot 0
[2022-12-13 00:30:29] [SEVERE ] player 3 placing token on slot 8
[2022-12-13 00:30:30] [SEVERE ] player 3 placing token on slot 10
[2022-12-13 00:30:30] [SEVERE ] removing player 3 token from slot 0
[2022-12-13 00:30:30] [SEVERE ] removing player 3 token from slot 8
[2022-12-13 00:30:30] [SEVERE ] removing player 3 token from slot 10
[2022-12-13 00:30:30] [SEVERE ] player 3 placing token on slot 3
[2022-12-13 00:30:30] [SEVERE ] player 3 placing token on slot 5
[2022-12-13 00:30:30] [SEVERE ] player 3 placing token on slot 8
[2022-12-13 00:30:30] [SEVERE ] removing player 3 token from slot 3
[2022-12-13 00:30:30] [SEVERE ] removing player 3 token from slot 5
[2022-12-13 00:30:30] [SEVERE ] removing player 3 token from slot 8
[2022-12-13 00:30:30] [SEVERE ] player 3 placing token on slot 2
[2022-12-13 00:30:30] [SEVERE ] player 3 placing token on slot 11
[2022-12-13 00:30:30] [SEVERE ] player 3 placing token on slot 9
[2022-12-13 00:30:30] [SEVERE ] removing player 3 token from slot 2
[2022-12-13 00:30:30] [SEVERE ] removing player 3 token from slot 9
[2022-12-13 00:30:30] [SEVERE ] removing player 3 token from slot 11
[2022-12-13 00:30:30] [SEVERE ] player 3 placing token on slot 1
[2022-12-13 00:30:30] [SEVERE ] player 3 placing token on slot 4
[2022-12-13 00:30:30] [SEVERE ] player 3 placing token on slot 3
[2022-12-13 00:30:30] [SEVERE ] removing player 3 token from slot 1
[2022-12-13 00:30:30] [SEVERE ] removing player 3 token from slot 3
[2022-12-13 00:30:30] [SEVERE ] removing player 3 token from slot 4
[2022-12-13 00:30:30] [SEVERE ] player 3 placing token on slot 9
[2022-12-13 00:30:30] [SEVERE ] player 3 placing token on slot 7
[2022-12-13 00:30:30] [SEVERE ] player 3 placing token on slot 8
[2022-12-13 00:30:30] [SEVERE ] removing player 3 token from slot 7
[2022-12-13 00:30:30] [SEVERE ] removing player 3 token from slot 8
[2022-12-13 00:30:30] [SEVERE ] removing player 3 token from slot 9
[2022-12-13 00:30:30] [SEVERE ] player 3 placing token on slot 0
[2022-12-13 00:30:30] [SEVERE ] player 3 placing token on slot 5
[2022-12-13 00:30:30] [SEVERE ] player 3 placing token on slot 3
[2022-12-13 00:30:30] [SEVERE ] removing player 3 token from slot 0
[2022-12-13 00:30:30] [SEVERE ] removing player 3 token from slot 3
[2022-12-13 00:30:30] [SEVERE ] removing player 3 token from slot 5
[2022-12-13 00:30:30] [SEVERE ] player 3 placing token on slot 0
[2022-12-13 00:30:30] [SEVERE ] player 3 placing token on slot 11
[2022-12-13 00:30:30] [SEVERE ] player 3 placing token on slot 1
[2022-12-13 00:30:30] [SEVERE ] removing player 3 token from slot 0
[2022-12-13 00:30:30] [SEVERE ] removing player 3 token from slot 1
[2022-12-13 00:30:30] [SEVERE ] removing player 3 token from slot 11
[2022-12-13 00:30:30] [SEVERE ] player 3 placing token on slot 2
[2022-12-13 00:30:30] [SEVERE ] player 3 placing token on slot 10
[2022-12-13 00:30:30] [SEVERE ] player 3 placing token on slot 11
[2022-12-13 00:30:30] [SEVERE ] removing player 3 token from slot 2
[2022-12-13 00:30:30] [SEVERE ] removing player 3 token from slot 10
[2022-12-13 00:30:30] [SEVERE ] removing player 3 token from slot 11
[2022-12-13 00:30:30] [SEVERE ] player 3 placing token on slot 11
[2022-12-13 00:30:30] [SEVERE ] player 3 placing token on slot 1
[2022-12-13 00:30:30] [SEVERE ] player 3 placing token on slot 3
[2022-12-13 00:30:30] [SEVERE ] removing player 3 token from slot 1
[2022-12-13 00:30:30] [SEVERE ] removing player 3 token from slot 3
[2022-12-13 00:30:30] [SEVERE ] removing player 3 token from slot 11
[2022-12-13 00:30:30] [SEVERE ] player 3 placing token on slot 9
[2022-12-13 00:30:30] [SEVERE ] player 3 placing token on slot 11
[2022-12-13 00:30:30] [SEVERE ] player 3 placing token on slot 6
[2022-12-13 00:30:30] [SEVERE ] removing player 3 token from slot 6
[2022-12-13 00:30:30] [SEVERE ] removing player 3 token from slot 9
[2022-12-13 00:30:30] [SEVERE ] removing player 3 token from slot 11
[2022-12-13 00:30:30] [SEVERE ] player 3 placing token on slot 4
[2022-12-13 00:30:30] [SEVERE ] player 3 placing token on slot 7
[2022-12-13 00:30:30] [SEVERE ] player 3 placing token on slot 8
[2022-12-13 00:30:30] [SEVERE ] removing player 3 token from slot 4
[2022-12-13 00:30:30] [SEVERE ] removing player 3 token from slot 7
[2022-12-13 00:30:30] [SEVERE ] removing player 3 token from slot 8
[2022-12-13 00:30:30] [SEVERE ] player 3 placing token on slot 3
[2022-12-13 00:30:31] [SEVERE ] player 3 placing token on slot 0
[2022-12-13 00:30:31] [SEVERE ] player 3 placing token on slot 5
[2022-12-13 00:30:31] [SEVERE ] removing player 3 token from slot 0
[2022-12-13 00:30:31] [SEVERE ] removing player 3 token from slot 3
[2022-12-13 00:30:31] [SEVERE ] removing player 3 token from slot 5
[2022-12-13 00:30:31] [SEVERE ] player 3 placing token on slot 3
[2022-12-13 00:30:31] [SEVERE ] player 3 placing token on slot 10
[2022-12-13 00:30:31] [SEVERE ] player 3 placing token on slot 1
[2022-12-13 00:30:31] [SEVERE ] removing player 3 token from slot 1
[2022-12-13 00:30:31] [SEVERE ] removing player 3 token from slot 3
[2022-12-13 00:30:31] [SEVERE ] removing player 3 token from slot 10
[2022-12-13 00:30:31] [SEVERE ] player 3 placing token on slot 9
[2022-12-13 00:30:31] [SEVERE ] player 3 placing token on slot 6
[2022-12-13 00:30:31] [SEVERE ] player 3 placing token on slot 11
[2022-12-13 00:30:31] [SEVERE ] removing player 3 token from slot 6
[2022-12-13 00:30:31] [SEVERE ] removing player 3 token from slot 9
[2022-12-13 00:30:31] [SEVERE ] removing player 3 token from slot 11
[2022-12-13 00:30:31] [SEVERE ] player 3 placing token on slot 2
[2022-12-13 00:30:31] [SEVERE ] player 3 placing token on slot 7
[2022-12-13 00:30:31] [SEVERE ] player 3 placing token on slot 11
[2022-12-13 00:30:31] [SEVERE ] removing player 3 token from slot 2
[2022-12-13 00:30:31] [SEVERE ] removing player 3 token from slot 7
[2022-12-13 00:30:31] [SEVERE ] removing player 3 token from slot 11
[2022-12-13 00:30:31] [SEVERE ] player 3 placing token on slot 11
[2022-12-13 00:30:31] [SEVERE ] player 3 placing token on slot 4
[2022-12-13 00:30:31] [SEVERE ] player 3 placing token on slot 2
[2022-12-13 00:30:31] [SEVERE ] removing player 3 token from slot 2
[2022-12-13 00:30:31] [SEVERE ] removing player 3 token from slot 4
[2022-12-13 00:30:31] [SEVERE ] removing player 3 token from slot 11
[2022-12-13 00:30:31] [SEVERE ] player 3 placing token on slot 5
[2022-12-13 00:30:31] [SEVERE ] player 3 placing token on slot 9
[2022-12-13 00:30:31] [SEVERE ] player 3 placing token on slot 8
[2022-12-13 00:30:31] [SEVERE ] removing player 3 token from slot 5
[2022-12-13 00:30:31] [SEVERE ] removing player 3 token from slot 8
[2022-12-13 00:30:31] [SEVERE ] removing player 3 token from slot 9
[2022-12-13 00:30:31] [SEVERE ] player 3 placing token on slot 11
[2022-12-13 00:30:31] [SEVERE ] player 3 placing token on slot 2
[2022-12-13 00:30:31] [SEVERE ] player 3 placing token on slot 4
[2022-12-13 00:30:31] [SEVERE ] removing player 3 token from slot 2
[2022-12-13 00:30:31] [SEVERE ] removing player 3 token from slot 4
[2022-12-13 00:30:31] [SEVERE ] removing player 3 token from slot 11
[2022-12-13 00:30:31] [SEVERE ] player 3 placing token on slot 5
[2022-12-13 00:30:31] [SEVERE ] player 3 placing token on slot 1
[2022-12-13 00:30:31] [SEVERE ] player 3 placing token on slot 2
[2022-12-13 00:30:31] [SEVERE ] removing player 3 token from slot 1
[2022-12-13 00:30:31] [SEVERE ] removing player 3 token from slot 2
[2022-12-13 00:30:31] [SEVERE ] removing player 3 token from slot 5
[2022-12-13 00:30:31] [SEVERE ] player 3 placing token on slot 4
[2022-12-13 00:30:31] [SEVERE ] player 3 placing token on slot 1
[2022-12-13 00:30:31] [SEVERE ] player 3 placing token on slot 2
[2022-12-13 00:30:31] [SEVERE ] removing player 3 token from slot 1
[2022-12-13 00:30:31] [SEVERE ] removing player 3 token from slot 2
[2022-12-13 00:30:31] [SEVERE ] removing player 3 token from slot 4
[2022-12-13 00:30:31] [SEVERE ] player 3 placing token on slot 3
[2022-12-13 00:30:31] [SEVERE ] player 3 placing token on slot 0
[2022-12-13 00:30:31] [SEVERE ] player 3 placing token on slot 2
[2022-12-13 00:30:31] [SEVERE ] removing player 3 token from slot 0
[2022-12-13 00:30:31] [SEVERE ] removing player 3 token from slot 2
[2022-12-13 00:30:31] [SEVERE ] removing player 3 token from slot 3
[2022-12-13 00:30:31] [SEVERE ] player 3 placing token on slot 5
[2022-12-13 00:30:31] [SEVERE ] player 3 placing token on slot 0
[2022-12-13 00:30:31] [SEVERE ] player 3 placing token on slot 4
[2022-12-13 00:30:31] [SEVERE ] removing player 3 token from slot 0
[2022-12-13 00:30:31] [SEVERE ] removing player 3 token from slot 4
[2022-12-13 00:30:31] [SEVERE ] removing player 3 token from slot 5
[2022-12-13 00:30:31] [SEVERE ] player 3 placing token on slot 3
[2022-12-13 00:30:31] [SEVERE ] player 3 placing token on slot 9
[2022-12-13 00:30:32] [SEVERE ] player 3 placing token on slot 7
[2022-12-13 00:30:32] [SEVERE ] removing player 3 token from slot 3
[2022-12-13 00:30:32] [SEVERE ] removing player 3 token from slot 7
[2022-12-13 00:30:32] [SEVERE ] removing player 3 token from slot 9
[2022-12-13 00:30:32] [SEVERE ] player 3 placing token on slot 6
[2022-12-13 00:30:32] [SEVERE ] player 3 placing token on slot 10
[2022-12-13 00:30:32] [SEVERE ] player 3 placing token on slot 11
[2022-12-13 00:30:32] [SEVERE ] removing player 3 token from slot 6
[2022-12-13 00:30:32] [SEVERE ] removing player 3 token from slot 10
[2022-12-13 00:30:32] [SEVERE ] removing player 3 token from slot 11
[2022-12-13 00:30:32] [SEVERE ] player 3 placing token on slot 1
[2022-12-13 00:30:32] [SEVERE ] player 3 placing token on slot 0
[2022-12-13 00:30:32] [SEVERE ] player 3 placing token on slot 4
[2022-12-13 00:30:32] [SEVERE ] removing player 3 token from slot 0
[2022-12-13 00:30:32] [SEVERE ] removing player 3 token from slot 1
[2022-12-13 00:30:32] [SEVERE ] removing player 3 token from slot 4
[2022-12-13 00:30:32] [SEVERE ] player 3 placing token on slot 11
[2022-12-13 00:30:32] [SEVERE ] player 3 placing token on slot 9
[2022-12-13 00:30:32] [SEVERE ] player 3 placing token on slot 5
[2022-12-13 00:30:32] [SEVERE ] removing player 3 token from slot 5
[2022-12-13 00:30:32] [SEVERE ] removing player 3 token from slot 9
[2022-12-13 00:30:32] [SEVERE ] removing player 3 token from slot 11
[2022-12-13 00:30:32] [SEVERE ] player 3 placing token on slot 8
[2022-12-13 00:30:32] [SEVERE ] player 3 placing token on slot 3
[2022-12-13 00:30:32] [SEVERE ] player 3 placing token on slot 11
[2022-12-13 00:30:32] [SEVERE ] removing player 3 token from slot 3
[2022-12-13 00:30:32] [SEVERE ] removing player 3 token from slot 8
[2022-12-13 00:30:32] [SEVERE ] removing player 3 token from slot 11
[2022-12-13 00:30:32] [SEVERE ] player 3 placing token on slot 11
[2022-12-13 00:30:32] [SEVERE ] player 3 placing token on slot 8
[2022-12-13 00:30:32] [SEVERE ] player 3 placing token on slot 2
[2022-12-13 00:30:32] [SEVERE ] removing player 3 token from slot 2
[2022-12-13 00:30:32] [SEVERE ] removing player 3 token from slot 8
[2022-12-13 00:30:32] [SEVERE ] removing player 3 token from slot 11
[2022-12-13 00:30:32] [SEVERE ] player 3 placing token on slot 4
[2022-12-13 00:30:32] [SEVERE ] player 3 placing token on slot 6
[2022-12-13 00:30:32] [SEVERE ] player 3 placing token on slot 1
[2022-12-13 00:30:32] [SEVERE ] removing player 3 token from slot 1
[2022-12-13 00:30:32] [SEVERE ] removing player 3 token from slot 4
[2022-12-13 00:30:32] [SEVERE ] removing player 3 token from slot 6
[2022-12-13 00:30:32] [SEVERE ] player 3 placing token on slot 4
[2022-12-13 00:30:32] [SEVERE ] player 3 placing token on slot 7
[2022-12-13 00:30:32] [SEVERE ] player 3 placing token on slot 3
[2022-12-13 00:30:32] [SEVERE ] removing player 3 token from slot 3
[2022-12-13 00:30:32] [SEVERE ] removing player 3 token from slot 4
[2022-12-13 00:30:32] [SEVERE ] removing player 3 token from slot 7
[2022-12-13 00:30:32] [SEVERE ] player 3 placing token on slot 3
[2022-12-13 00:30:32] [SEVERE ] player 3 placing token on slot 0
[2022-12-13 00:30:32] [SEVERE ] player 3 placing token on slot 7
[2022-12-13 00:30:32] [SEVERE ] removing player 3 token from slot 0
[2022-12-13 00:30:32] [SEVERE ] removing player 3 token from slot 3
[2022-12-13 00:30:32] [SEVERE ] removing player 3 token from slot 7
[2022-12-13 00:30:32] [SEVERE ] player 3 placing token on slot 10
[2022-12-13 00:30:32] [SEVERE ] player 3 placing token on slot 4
[2022-12-13 00:30:32] [SEVERE ] player 3 placing token on slot 8
[2022-12-13 00:30:32] [SEVERE ] removing player 3 token from slot 4
[2022-12-13 00:30:32] [SEVERE ] removing player 3 token from slot 8
[2022-12-13 00:30:32] [SEVERE ] removing player 3 token from slot 10
[2022-12-13 00:30:32] [SEVERE ] player 3 placing token on slot 10
[2022-12-13 00:30:32] [SEVERE ] player 3 placing token on slot 6
[2022-12-13 00:30:32] [SEVERE ] player 3 placing token on slot 4
[2022-12-13 00:30:32] [SEVERE ] removing player 3 token from slot 4
[2022-12-13 00:30:32] [SEVERE ] removing player 3 token from slot 6
[2022-12-13 00:30:32] [SEVERE ] removing player 3 token from slot 10
[2022-12-13 00:30:32] [SEVERE ] player 3 placing token on slot 4
[2022-12-13 00:30:32] [SEVERE ] player 3 placing token on slot 8
[2022-12-13 00:30:33] [SEVERE ] player 3 placing token on slot 7
[2022-12-13 00:30:33] [SEVERE ] removing player 3 token from slot 4
[2022-12-13 00:30:33] [SEVERE ] removing player 3 token from slot 7
[2022-12-13 00:30:33] [SEVERE ] removing player 3 token from slot 8
[2022-12-13 00:30:33] [SEVERE ] player 3 placing token on slot 6
[2022-12-13 00:30:33] [SEVERE ] player 3 placing token on slot 3
