[2022-12-12 19:45:18] [INFO   ] cannot read configuration file config.properties trying from resources.
[2022-12-12 19:45:18] [INFO   ] configuration file was loaded from resources directory.
[2022-12-12 19:45:18] [INFO   ] Thread dealer starting.
[2022-12-12 19:45:18] [INFO   ] Thread Thread-1starting.
[2022-12-12 19:45:18] [INFO   ] Thread Thread-0starting.
[2022-12-12 19:45:18] [SEVERE ] placing card 5 in slot 0
[2022-12-12 19:45:18] [SEVERE ] placing card 29 in slot 1
[2022-12-12 19:45:19] [SEVERE ] placing card 35 in slot 2
[2022-12-12 19:45:19] [SEVERE ] placing card 65 in slot 3
[2022-12-12 19:45:19] [SEVERE ] placing card 23 in slot 4
[2022-12-12 19:45:19] [SEVERE ] placing card 75 in slot 5
[2022-12-12 19:45:19] [SEVERE ] placing card 18 in slot 6
[2022-12-12 19:45:19] [SEVERE ] placing card 10 in slot 7
[2022-12-12 19:45:19] [SEVERE ] placing card 59 in slot 8
[2022-12-12 19:45:19] [SEVERE ] placing card 41 in slot 9
[2022-12-12 19:45:19] [SEVERE ] placing card 79 in slot 10
[2022-12-12 19:45:20] [SEVERE ] placing card 0 in slot 11
[2022-12-12 19:45:21] [SEVERE ] Key 81 was pressed by player 0
[2022-12-12 19:45:21] [SEVERE ] player 0 placing token on slot 0
[2022-12-12 19:45:22] [SEVERE ] Key 87 was pressed by player 0
[2022-12-12 19:45:22] [SEVERE ] player 0 placing token on slot 1
[2022-12-12 19:45:23] [SEVERE ] Key 69 was pressed by player 0
[2022-12-12 19:45:23] [SEVERE ] player 0 placing token on slot 2
[2022-12-12 19:45:28] [SEVERE ] Key 69 was pressed by player 0
[2022-12-12 19:45:28] [SEVERE ] removing player 0 token from slot 2
[2022-12-12 19:45:29] [SEVERE ] Key 87 was pressed by player 0
[2022-12-12 19:45:29] [SEVERE ] removing player 0 token from slot 1
[2022-12-12 19:45:29] [SEVERE ] Key 81 was pressed by player 0
[2022-12-12 19:45:29] [SEVERE ] removing player 0 token from slot 0
