[2022-12-12 21:19:30] [INFO   ] cannot read configuration file config.properties trying from resources.
[2022-12-12 21:19:30] [INFO   ] configuration file was loaded from resources directory.
[2022-12-12 21:19:30] [INFO   ] Thread Thread-0starting.
[2022-12-12 21:19:30] [INFO   ] Thread Thread-2starting.
[2022-12-12 21:19:30] [INFO   ] Thread Thread-1starting.
[2022-12-12 21:19:30] [INFO   ] Thread dealer starting.
[2022-12-12 21:19:30] [INFO   ] Thread computer-2 starting.
[2022-12-12 21:19:30] [SEVERE ] placing card 54 in slot 0
[2022-12-12 21:19:30] [SEVERE ] placing card 30 in slot 1
[2022-12-12 21:19:30] [SEVERE ] placing card 12 in slot 2
[2022-12-12 21:19:31] [SEVERE ] placing card 24 in slot 3
[2022-12-12 21:19:31] [SEVERE ] placing card 62 in slot 4
[2022-12-12 21:19:31] [SEVERE ] placing card 10 in slot 5
[2022-12-12 21:19:31] [SEVERE ] placing card 33 in slot 6
[2022-12-12 21:19:31] [SEVERE ] placing card 78 in slot 7
[2022-12-12 21:19:31] [SEVERE ] placing card 61 in slot 8
[2022-12-12 21:19:31] [SEVERE ] placing card 17 in slot 9
[2022-12-12 21:19:31] [SEVERE ] placing card 2 in slot 10
[2022-12-12 21:19:31] [SEVERE ] placing card 37 in slot 11
[2022-12-12 21:19:31] [SEVERE ] player 2 placing token on slot 10
[2022-12-12 21:19:31] [SEVERE ] player 2 placing token on slot 7
[2022-12-12 21:19:32] [SEVERE ] player 2 placing token on slot 11
[2022-12-12 21:19:32] [SEVERE ] removing player 2 token from slot 7
[2022-12-12 21:19:32] [SEVERE ] removing player 2 token from slot 10
[2022-12-12 21:19:32] [SEVERE ] removing player 2 token from slot 11
[2022-12-12 21:19:32] [SEVERE ] player 2 placing token on slot 0
[2022-12-12 21:19:32] [SEVERE ] player 2 placing token on slot 1
[2022-12-12 21:19:32] [SEVERE ] player 2 placing token on slot 6
[2022-12-12 21:19:32] [SEVERE ] removing player 2 token from slot 0
[2022-12-12 21:19:32] [SEVERE ] removing player 2 token from slot 1
[2022-12-12 21:19:32] [SEVERE ] removing player 2 token from slot 6
[2022-12-12 21:19:32] [SEVERE ] player 2 placing token on slot 9
[2022-12-12 21:19:32] [SEVERE ] player 2 placing token on slot 1
[2022-12-12 21:19:32] [SEVERE ] player 2 placing token on slot 2
[2022-12-12 21:19:32] [SEVERE ] removing player 2 token from slot 1
[2022-12-12 21:19:32] [SEVERE ] removing player 2 token from slot 2
[2022-12-12 21:19:32] [SEVERE ] removing player 2 token from slot 9
[2022-12-12 21:19:32] [SEVERE ] player 2 placing token on slot 5
[2022-12-12 21:19:32] [SEVERE ] player 2 placing token on slot 9
[2022-12-12 21:19:32] [SEVERE ] player 2 placing token on slot 10
[2022-12-12 21:19:32] [SEVERE ] removing player 2 token from slot 5
[2022-12-12 21:19:32] [SEVERE ] removing player 2 token from slot 9
[2022-12-12 21:19:32] [SEVERE ] removing player 2 token from slot 10
[2022-12-12 21:19:32] [SEVERE ] player 2 placing token on slot 1
[2022-12-12 21:19:32] [SEVERE ] player 2 placing token on slot 8
[2022-12-12 21:19:32] [SEVERE ] player 2 placing token on slot 0
[2022-12-12 21:19:32] [SEVERE ] removing player 2 token from slot 0
[2022-12-12 21:19:32] [SEVERE ] removing player 2 token from slot 1
[2022-12-12 21:19:32] [SEVERE ] removing player 2 token from slot 8
[2022-12-12 21:19:32] [SEVERE ] player 2 placing token on slot 10
[2022-12-12 21:19:32] [SEVERE ] player 2 placing token on slot 0
[2022-12-12 21:19:32] [SEVERE ] player 2 placing token on slot 8
[2022-12-12 21:19:32] [SEVERE ] removing player 2 token from slot 0
[2022-12-12 21:19:32] [SEVERE ] removing player 2 token from slot 8
[2022-12-12 21:19:32] [SEVERE ] removing player 2 token from slot 10
[2022-12-12 21:19:32] [SEVERE ] player 2 placing token on slot 7
[2022-12-12 21:19:32] [SEVERE ] player 2 placing token on slot 3
[2022-12-12 21:19:32] [SEVERE ] player 2 placing token on slot 10
[2022-12-12 21:19:32] [SEVERE ] removing player 2 token from slot 3
[2022-12-12 21:19:32] [SEVERE ] removing player 2 token from slot 7
[2022-12-12 21:19:32] [SEVERE ] removing player 2 token from slot 10
[2022-12-12 21:19:32] [SEVERE ] player 2 placing token on slot 10
[2022-12-12 21:19:32] [SEVERE ] player 2 placing token on slot 3
[2022-12-12 21:19:32] [SEVERE ] player 2 placing token on slot 0
[2022-12-12 21:19:32] [SEVERE ] removing player 2 token from slot 0
[2022-12-12 21:19:32] [SEVERE ] removing player 2 token from slot 3
[2022-12-12 21:19:32] [SEVERE ] removing player 2 token from slot 10
[2022-12-12 21:19:32] [SEVERE ] player 2 placing token on slot 1
[2022-12-12 21:19:32] [SEVERE ] player 2 placing token on slot 7
[2022-12-12 21:19:32] [SEVERE ] player 2 placing token on slot 6
[2022-12-12 21:19:32] [SEVERE ] removing player 2 token from slot 1
[2022-12-12 21:19:32] [SEVERE ] removing player 2 token from slot 6
[2022-12-12 21:19:32] [SEVERE ] removing player 2 token from slot 7
[2022-12-12 21:19:32] [SEVERE ] player 2 placing token on slot 5
[2022-12-12 21:19:32] [SEVERE ] player 2 placing token on slot 11
[2022-12-12 21:19:32] [SEVERE ] player 2 placing token on slot 6
[2022-12-12 21:19:32] [SEVERE ] removing player 2 token from slot 5
[2022-12-12 21:19:32] [SEVERE ] removing player 2 token from slot 6
[2022-12-12 21:19:32] [SEVERE ] removing player 2 token from slot 11
[2022-12-12 21:19:32] [SEVERE ] player 2 placing token on slot 3
[2022-12-12 21:19:32] [SEVERE ] player 2 placing token on slot 7
[2022-12-12 21:19:32] [SEVERE ] player 2 placing token on slot 0
[2022-12-12 21:19:32] [SEVERE ] removing player 2 token from slot 0
[2022-12-12 21:19:32] [SEVERE ] removing player 2 token from slot 3
[2022-12-12 21:19:32] [SEVERE ] removing player 2 token from slot 7
[2022-12-12 21:19:32] [SEVERE ] player 2 placing token on slot 8
[2022-12-12 21:19:32] [SEVERE ] player 2 placing token on slot 10
[2022-12-12 21:19:33] [SEVERE ] player 2 placing token on slot 9
[2022-12-12 21:19:33] [SEVERE ] removing player 2 token from slot 8
[2022-12-12 21:19:33] [SEVERE ] removing player 2 token from slot 9
[2022-12-12 21:19:33] [SEVERE ] removing player 2 token from slot 10
[2022-12-12 21:19:33] [SEVERE ] player 2 placing token on slot 2
[2022-12-12 21:19:33] [SEVERE ] player 2 placing token on slot 7
[2022-12-12 21:19:33] [SEVERE ] player 2 placing token on slot 1
[2022-12-12 21:19:33] [SEVERE ] removing player 2 token from slot 1
[2022-12-12 21:19:33] [SEVERE ] removing player 2 token from slot 2
[2022-12-12 21:19:33] [SEVERE ] removing player 2 token from slot 7
[2022-12-12 21:19:33] [SEVERE ] player 2 placing token on slot 0
[2022-12-12 21:19:33] [SEVERE ] player 2 placing token on slot 1
[2022-12-12 21:19:33] [SEVERE ] player 2 placing token on slot 3
[2022-12-12 21:19:33] [SEVERE ] removing player 2 token from slot 0
[2022-12-12 21:19:33] [SEVERE ] removing player 2 token from slot 1
[2022-12-12 21:19:33] [SEVERE ] removing player 2 token from slot 3
[2022-12-12 21:19:33] [SEVERE ] player 2 placing token on slot 1
[2022-12-12 21:19:33] [SEVERE ] player 2 placing token on slot 0
[2022-12-12 21:19:33] [SEVERE ] player 2 placing token on slot 8
[2022-12-12 21:19:33] [SEVERE ] removing player 2 token from slot 0
[2022-12-12 21:19:33] [SEVERE ] removing player 2 token from slot 1
[2022-12-12 21:19:33] [SEVERE ] removing player 2 token from slot 8
[2022-12-12 21:19:33] [SEVERE ] player 2 placing token on slot 2
[2022-12-12 21:19:33] [SEVERE ] player 2 placing token on slot 6
[2022-12-12 21:19:33] [SEVERE ] player 2 placing token on slot 10
[2022-12-12 21:19:33] [SEVERE ] removing player 2 token from slot 2
[2022-12-12 21:19:33] [SEVERE ] removing player 2 token from slot 6
[2022-12-12 21:19:33] [SEVERE ] removing player 2 token from slot 10
[2022-12-12 21:19:33] [SEVERE ] player 2 placing token on slot 4
[2022-12-12 21:19:33] [SEVERE ] player 2 placing token on slot 1
[2022-12-12 21:19:33] [SEVERE ] player 2 placing token on slot 10
[2022-12-12 21:19:33] [SEVERE ] removing player 2 token from slot 1
[2022-12-12 21:19:33] [SEVERE ] removing player 2 token from slot 4
[2022-12-12 21:19:33] [SEVERE ] removing player 2 token from slot 10
[2022-12-12 21:19:33] [SEVERE ] player 2 placing token on slot 10
[2022-12-12 21:19:33] [SEVERE ] player 2 placing token on slot 8
[2022-12-12 21:19:33] [SEVERE ] player 2 placing token on slot 2
[2022-12-12 21:19:33] [SEVERE ] removing player 2 token from slot 2
[2022-12-12 21:19:33] [SEVERE ] removing player 2 token from slot 8
[2022-12-12 21:19:33] [SEVERE ] removing player 2 token from slot 10
[2022-12-12 21:19:33] [SEVERE ] player 2 placing token on slot 3
[2022-12-12 21:19:33] [SEVERE ] player 2 placing token on slot 0
[2022-12-12 21:19:33] [SEVERE ] player 2 placing token on slot 6
[2022-12-12 21:19:33] [SEVERE ] removing player 2 token from slot 0
[2022-12-12 21:19:33] [SEVERE ] removing player 2 token from slot 3
[2022-12-12 21:19:33] [SEVERE ] removing player 2 token from slot 6
[2022-12-12 21:19:33] [SEVERE ] player 2 placing token on slot 2
[2022-12-12 21:19:33] [SEVERE ] player 2 placing token on slot 3
[2022-12-12 21:19:33] [SEVERE ] player 2 placing token on slot 11
[2022-12-12 21:19:33] [SEVERE ] removing player 2 token from slot 2
[2022-12-12 21:19:33] [SEVERE ] removing player 2 token from slot 3
[2022-12-12 21:19:33] [SEVERE ] removing player 2 token from slot 11
[2022-12-12 21:19:33] [SEVERE ] player 2 placing token on slot 11
[2022-12-12 21:19:33] [SEVERE ] player 2 placing token on slot 8
[2022-12-12 21:19:33] [SEVERE ] player 2 placing token on slot 7
[2022-12-12 21:19:33] [SEVERE ] removing player 2 token from slot 7
[2022-12-12 21:19:33] [SEVERE ] removing player 2 token from slot 8
[2022-12-12 21:19:33] [SEVERE ] removing player 2 token from slot 11
[2022-12-12 21:19:33] [SEVERE ] player 2 placing token on slot 2
[2022-12-12 21:19:33] [SEVERE ] player 2 placing token on slot 10
[2022-12-12 21:19:33] [SEVERE ] player 2 placing token on slot 4
[2022-12-12 21:19:33] [SEVERE ] removing player 2 token from slot 2
[2022-12-12 21:19:33] [SEVERE ] removing player 2 token from slot 4
[2022-12-12 21:19:33] [SEVERE ] removing player 2 token from slot 10
[2022-12-12 21:19:33] [SEVERE ] player 2 placing token on slot 6
[2022-12-12 21:19:33] [SEVERE ] player 2 placing token on slot 5
[2022-12-12 21:19:34] [SEVERE ] player 2 placing token on slot 1
[2022-12-12 21:19:34] [SEVERE ] removing player 2 token from slot 1
[2022-12-12 21:19:34] [SEVERE ] removing player 2 token from slot 5
[2022-12-12 21:19:34] [SEVERE ] removing player 2 token from slot 6
[2022-12-12 21:19:34] [SEVERE ] player 2 placing token on slot 9
[2022-12-12 21:19:34] [SEVERE ] player 2 placing token on slot 7
[2022-12-12 21:19:34] [SEVERE ] player 2 placing token on slot 2
[2022-12-12 21:19:34] [SEVERE ] removing player 2 token from slot 2
[2022-12-12 21:19:34] [SEVERE ] removing player 2 token from slot 7
[2022-12-12 21:19:34] [SEVERE ] removing player 2 token from slot 9
[2022-12-12 21:19:34] [SEVERE ] player 2 placing token on slot 1
[2022-12-12 21:19:34] [SEVERE ] player 2 placing token on slot 10
[2022-12-12 21:19:34] [SEVERE ] player 2 placing token on slot 5
[2022-12-12 21:19:34] [SEVERE ] removing player 2 token from slot 1
[2022-12-12 21:19:34] [SEVERE ] removing player 2 token from slot 5
[2022-12-12 21:19:34] [SEVERE ] removing player 2 token from slot 10
[2022-12-12 21:19:34] [SEVERE ] player 2 placing token on slot 0
[2022-12-12 21:19:34] [SEVERE ] player 2 placing token on slot 5
[2022-12-12 21:19:34] [SEVERE ] player 2 placing token on slot 7
[2022-12-12 21:19:34] [SEVERE ] removing player 2 token from slot 0
[2022-12-12 21:19:34] [SEVERE ] removing player 2 token from slot 5
[2022-12-12 21:19:34] [SEVERE ] removing player 2 token from slot 7
[2022-12-12 21:19:34] [SEVERE ] player 2 placing token on slot 7
[2022-12-12 21:19:34] [SEVERE ] player 2 placing token on slot 2
[2022-12-12 21:19:34] [SEVERE ] player 2 placing token on slot 1
[2022-12-12 21:19:34] [SEVERE ] removing player 2 token from slot 1
[2022-12-12 21:19:34] [SEVERE ] removing player 2 token from slot 2
[2022-12-12 21:19:34] [SEVERE ] removing player 2 token from slot 7
[2022-12-12 21:19:34] [SEVERE ] player 2 placing token on slot 9
[2022-12-12 21:19:34] [SEVERE ] player 2 placing token on slot 2
[2022-12-12 21:19:34] [SEVERE ] player 2 placing token on slot 3
[2022-12-12 21:19:34] [SEVERE ] removing player 2 token from slot 2
[2022-12-12 21:19:34] [SEVERE ] removing player 2 token from slot 3
[2022-12-12 21:19:34] [SEVERE ] removing player 2 token from slot 9
[2022-12-12 21:19:34] [SEVERE ] player 2 placing token on slot 11
[2022-12-12 21:19:34] [SEVERE ] player 2 placing token on slot 10
[2022-12-12 21:19:34] [SEVERE ] player 2 placing token on slot 5
[2022-12-12 21:19:34] [SEVERE ] removing player 2 token from slot 5
[2022-12-12 21:19:34] [SEVERE ] removing player 2 token from slot 10
[2022-12-12 21:19:34] [SEVERE ] removing player 2 token from slot 11
[2022-12-12 21:19:34] [SEVERE ] player 2 placing token on slot 1
[2022-12-12 21:19:34] [SEVERE ] player 2 placing token on slot 5
[2022-12-12 21:19:34] [SEVERE ] player 2 placing token on slot 2
[2022-12-12 21:19:34] [SEVERE ] removing player 2 token from slot 1
[2022-12-12 21:19:34] [SEVERE ] removing player 2 token from slot 2
[2022-12-12 21:19:34] [SEVERE ] removing player 2 token from slot 5
[2022-12-12 21:19:34] [SEVERE ] player 2 placing token on slot 6
[2022-12-12 21:19:34] [SEVERE ] player 2 placing token on slot 8
[2022-12-12 21:19:34] [SEVERE ] player 2 placing token on slot 2
[2022-12-12 21:19:34] [SEVERE ] removing player 2 token from slot 2
[2022-12-12 21:19:34] [SEVERE ] removing player 2 token from slot 6
[2022-12-12 21:19:34] [SEVERE ] removing player 2 token from slot 8
[2022-12-12 21:19:34] [SEVERE ] player 2 placing token on slot 11
[2022-12-12 21:19:34] [SEVERE ] player 2 placing token on slot 5
[2022-12-12 21:19:34] [SEVERE ] player 2 placing token on slot 9
[2022-12-12 21:19:34] [SEVERE ] removing player 2 token from slot 5
[2022-12-12 21:19:34] [SEVERE ] removing player 2 token from slot 9
[2022-12-12 21:19:34] [SEVERE ] removing player 2 token from slot 11
[2022-12-12 21:19:34] [SEVERE ] player 2 placing token on slot 0
[2022-12-12 21:19:34] [SEVERE ] player 2 placing token on slot 10
[2022-12-12 21:19:34] [SEVERE ] player 2 placing token on slot 11
[2022-12-12 21:19:34] [SEVERE ] removing player 2 token from slot 0
[2022-12-12 21:19:34] [SEVERE ] removing player 2 token from slot 10
[2022-12-12 21:19:34] [SEVERE ] removing player 2 token from slot 11
[2022-12-12 21:19:34] [SEVERE ] player 2 placing token on slot 9
[2022-12-12 21:19:34] [SEVERE ] player 2 placing token on slot 4
[2022-12-12 21:19:34] [SEVERE ] player 2 placing token on slot 7
[2022-12-12 21:19:34] [SEVERE ] removing player 2 token from slot 4
[2022-12-12 21:19:34] [SEVERE ] removing player 2 token from slot 7
[2022-12-12 21:19:34] [SEVERE ] removing player 2 token from slot 9
[2022-12-12 21:19:34] [SEVERE ] player 2 placing token on slot 4
[2022-12-12 21:19:34] [SEVERE ] player 2 placing token on slot 5
[2022-12-12 21:19:34] [SEVERE ] player 2 placing token on slot 9
[2022-12-12 21:19:34] [SEVERE ] removing player 2 token from slot 4
[2022-12-12 21:19:34] [SEVERE ] removing player 2 token from slot 5
[2022-12-12 21:19:34] [SEVERE ] removing player 2 token from slot 9
[2022-12-12 21:19:35] [SEVERE ] player 2 placing token on slot 6
[2022-12-12 21:19:35] [SEVERE ] player 2 placing token on slot 5
[2022-12-12 21:19:35] [SEVERE ] player 2 placing token on slot 10
[2022-12-12 21:19:35] [SEVERE ] removing player 2 token from slot 5
[2022-12-12 21:19:35] [SEVERE ] removing player 2 token from slot 6
[2022-12-12 21:19:35] [SEVERE ] removing player 2 token from slot 10
[2022-12-12 21:19:35] [SEVERE ] player 2 placing token on slot 9
[2022-12-12 21:19:35] [SEVERE ] player 2 placing token on slot 7
[2022-12-12 21:19:35] [SEVERE ] player 2 placing token on slot 3
[2022-12-12 21:19:35] [SEVERE ] removing player 2 token from slot 3
[2022-12-12 21:19:35] [SEVERE ] removing player 2 token from slot 7
[2022-12-12 21:19:35] [SEVERE ] removing player 2 token from slot 9
[2022-12-12 21:19:35] [SEVERE ] player 2 placing token on slot 7
[2022-12-12 21:19:35] [SEVERE ] player 2 placing token on slot 9
[2022-12-12 21:19:35] [SEVERE ] player 2 placing token on slot 0
[2022-12-12 21:19:35] [SEVERE ] removing player 2 token from slot 0
[2022-12-12 21:19:35] [SEVERE ] removing player 2 token from slot 7
[2022-12-12 21:19:35] [SEVERE ] removing player 2 token from slot 9
[2022-12-12 21:19:35] [SEVERE ] player 2 placing token on slot 4
[2022-12-12 21:19:35] [SEVERE ] player 2 placing token on slot 8
[2022-12-12 21:19:35] [SEVERE ] player 2 placing token on slot 5
[2022-12-12 21:19:35] [SEVERE ] removing player 2 token from slot 4
[2022-12-12 21:19:35] [SEVERE ] removing player 2 token from slot 5
[2022-12-12 21:19:35] [SEVERE ] removing player 2 token from slot 8
[2022-12-12 21:19:35] [SEVERE ] player 2 placing token on slot 7
[2022-12-12 21:19:35] [SEVERE ] player 2 placing token on slot 10
[2022-12-12 21:19:35] [SEVERE ] player 2 placing token on slot 6
[2022-12-12 21:19:35] [SEVERE ] removing player 2 token from slot 6
[2022-12-12 21:19:35] [SEVERE ] removing player 2 token from slot 7
[2022-12-12 21:19:35] [SEVERE ] removing player 2 token from slot 10
[2022-12-12 21:19:35] [SEVERE ] player 2 placing token on slot 9
[2022-12-12 21:19:35] [SEVERE ] player 2 placing token on slot 2
[2022-12-12 21:19:35] [SEVERE ] player 2 placing token on slot 1
[2022-12-12 21:19:35] [SEVERE ] removing player 2 token from slot 1
[2022-12-12 21:19:35] [SEVERE ] removing player 2 token from slot 2
[2022-12-12 21:19:35] [SEVERE ] removing player 2 token from slot 9
[2022-12-12 21:19:35] [SEVERE ] player 2 placing token on slot 5
[2022-12-12 21:19:35] [SEVERE ] player 2 placing token on slot 11
[2022-12-12 21:19:35] [SEVERE ] player 2 placing token on slot 3
[2022-12-12 21:19:35] [SEVERE ] removing player 2 token from slot 3
[2022-12-12 21:19:35] [SEVERE ] removing player 2 token from slot 5
[2022-12-12 21:19:35] [SEVERE ] removing player 2 token from slot 11
[2022-12-12 21:19:35] [SEVERE ] player 2 placing token on slot 7
[2022-12-12 21:19:35] [SEVERE ] player 2 placing token on slot 4
[2022-12-12 21:19:35] [SEVERE ] player 2 placing token on slot 8
[2022-12-12 21:19:35] [SEVERE ] removing player 2 token from slot 4
[2022-12-12 21:19:35] [SEVERE ] removing player 2 token from slot 7
[2022-12-12 21:19:35] [SEVERE ] removing player 2 token from slot 8
[2022-12-12 21:19:35] [SEVERE ] player 2 placing token on slot 6
[2022-12-12 21:19:35] [SEVERE ] player 2 placing token on slot 1
[2022-12-12 21:19:35] [SEVERE ] player 2 placing token on slot 4
[2022-12-12 21:19:35] [SEVERE ] removing player 2 token from slot 1
[2022-12-12 21:19:35] [SEVERE ] removing player 2 token from slot 4
[2022-12-12 21:19:35] [SEVERE ] removing player 2 token from slot 6
[2022-12-12 21:19:35] [SEVERE ] player 2 placing token on slot 6
[2022-12-12 21:19:35] [SEVERE ] player 2 placing token on slot 7
[2022-12-12 21:19:35] [SEVERE ] player 2 placing token on slot 4
[2022-12-12 21:19:35] [SEVERE ] removing player 2 token from slot 4
[2022-12-12 21:19:35] [SEVERE ] removing player 2 token from slot 6
[2022-12-12 21:19:35] [SEVERE ] removing player 2 token from slot 7
[2022-12-12 21:19:35] [SEVERE ] player 2 placing token on slot 9
[2022-12-12 21:19:35] [SEVERE ] player 2 placing token on slot 3
[2022-12-12 21:19:35] [SEVERE ] player 2 placing token on slot 1
[2022-12-12 21:19:35] [SEVERE ] removing player 2 token from slot 1
[2022-12-12 21:19:35] [SEVERE ] removing player 2 token from slot 3
[2022-12-12 21:19:35] [SEVERE ] removing player 2 token from slot 9
[2022-12-12 21:19:36] [SEVERE ] player 2 placing token on slot 1
[2022-12-12 21:19:36] [SEVERE ] player 2 placing token on slot 2
[2022-12-12 21:19:36] [SEVERE ] player 2 placing token on slot 9
[2022-12-12 21:19:36] [SEVERE ] removing player 2 token from slot 1
[2022-12-12 21:19:36] [SEVERE ] removing player 2 token from slot 2
[2022-12-12 21:19:36] [SEVERE ] removing player 2 token from slot 9
[2022-12-12 21:19:36] [SEVERE ] player 2 placing token on slot 7
[2022-12-12 21:19:36] [SEVERE ] player 2 placing token on slot 4
[2022-12-12 21:19:36] [SEVERE ] player 2 placing token on slot 9
[2022-12-12 21:19:36] [SEVERE ] removing player 2 token from slot 4
[2022-12-12 21:19:36] [SEVERE ] removing player 2 token from slot 7
[2022-12-12 21:19:36] [SEVERE ] removing player 2 token from slot 9
[2022-12-12 21:19:36] [SEVERE ] player 2 placing token on slot 3
[2022-12-12 21:19:36] [SEVERE ] player 2 placing token on slot 8
[2022-12-12 21:19:36] [SEVERE ] player 2 placing token on slot 4
[2022-12-12 21:19:36] [SEVERE ] removing player 2 token from slot 3
[2022-12-12 21:19:36] [SEVERE ] removing player 2 token from slot 4
[2022-12-12 21:19:36] [SEVERE ] removing player 2 token from slot 8
[2022-12-12 21:19:36] [SEVERE ] player 2 placing token on slot 9
[2022-12-12 21:19:36] [SEVERE ] player 2 placing token on slot 2
[2022-12-12 21:19:36] [SEVERE ] player 2 placing token on slot 11
[2022-12-12 21:19:36] [SEVERE ] removing player 2 token from slot 2
[2022-12-12 21:19:36] [SEVERE ] removing player 2 token from slot 9
[2022-12-12 21:19:36] [SEVERE ] removing player 2 token from slot 11
[2022-12-12 21:19:36] [SEVERE ] player 2 placing token on slot 2
[2022-12-12 21:19:36] [SEVERE ] player 2 placing token on slot 4
[2022-12-12 21:19:36] [SEVERE ] player 2 placing token on slot 6
[2022-12-12 21:19:36] [SEVERE ] removing player 2 token from slot 2
[2022-12-12 21:19:36] [SEVERE ] removing player 2 token from slot 4
[2022-12-12 21:19:36] [SEVERE ] removing player 2 token from slot 6
[2022-12-12 21:19:36] [SEVERE ] player 2 placing token on slot 6
[2022-12-12 21:19:36] [SEVERE ] player 2 placing token on slot 11
[2022-12-12 21:19:36] [SEVERE ] player 2 placing token on slot 10
[2022-12-12 21:19:36] [SEVERE ] removing player 2 token from slot 6
[2022-12-12 21:19:36] [SEVERE ] removing player 2 token from slot 10
[2022-12-12 21:19:36] [SEVERE ] removing player 2 token from slot 11
[2022-12-12 21:19:36] [SEVERE ] player 2 placing token on slot 3
[2022-12-12 21:19:36] [SEVERE ] player 2 placing token on slot 5
[2022-12-12 21:19:36] [SEVERE ] player 2 placing token on slot 1
[2022-12-12 21:19:36] [SEVERE ] removing player 2 token from slot 1
[2022-12-12 21:19:36] [SEVERE ] removing player 2 token from slot 3
[2022-12-12 21:19:36] [SEVERE ] removing player 2 token from slot 5
[2022-12-12 21:19:36] [SEVERE ] player 2 placing token on slot 3
[2022-12-12 21:19:36] [SEVERE ] player 2 placing token on slot 9
[2022-12-12 21:19:36] [SEVERE ] player 2 placing token on slot 8
[2022-12-12 21:19:36] [SEVERE ] removing player 2 token from slot 3
[2022-12-12 21:19:36] [SEVERE ] removing player 2 token from slot 8
[2022-12-12 21:19:36] [SEVERE ] removing player 2 token from slot 9
[2022-12-12 21:19:36] [SEVERE ] player 2 placing token on slot 3
[2022-12-12 21:19:36] [SEVERE ] player 2 placing token on slot 9
[2022-12-12 21:19:36] [SEVERE ] player 2 placing token on slot 8
[2022-12-12 21:19:36] [SEVERE ] removing player 2 token from slot 3
[2022-12-12 21:19:36] [SEVERE ] removing player 2 token from slot 8
[2022-12-12 21:19:36] [SEVERE ] removing player 2 token from slot 9
[2022-12-12 21:19:36] [SEVERE ] player 2 placing token on slot 5
[2022-12-12 21:19:36] [SEVERE ] player 2 placing token on slot 9
[2022-12-12 21:19:36] [SEVERE ] player 2 placing token on slot 6
[2022-12-12 21:19:36] [SEVERE ] removing player 2 token from slot 5
[2022-12-12 21:19:36] [SEVERE ] removing player 2 token from slot 6
[2022-12-12 21:19:36] [SEVERE ] removing player 2 token from slot 9
[2022-12-12 21:19:36] [SEVERE ] player 2 placing token on slot 7
[2022-12-12 21:19:36] [SEVERE ] player 2 placing token on slot 1
[2022-12-12 21:19:37] [SEVERE ] player 2 placing token on slot 4
[2022-12-12 21:19:37] [SEVERE ] removing player 2 token from slot 1
[2022-12-12 21:19:37] [SEVERE ] removing player 2 token from slot 4
[2022-12-12 21:19:37] [SEVERE ] removing player 2 token from slot 7
[2022-12-12 21:19:37] [SEVERE ] player 2 placing token on slot 1
[2022-12-12 21:19:37] [SEVERE ] player 2 placing token on slot 5
[2022-12-12 21:19:37] [SEVERE ] player 2 placing token on slot 9
[2022-12-12 21:19:37] [SEVERE ] removing player 2 token from slot 1
[2022-12-12 21:19:37] [SEVERE ] removing player 2 token from slot 5
[2022-12-12 21:19:37] [SEVERE ] removing player 2 token from slot 9
[2022-12-12 21:19:37] [SEVERE ] player 2 placing token on slot 5
[2022-12-12 21:19:37] [SEVERE ] player 2 placing token on slot 7
[2022-12-12 21:19:37] [SEVERE ] player 2 placing token on slot 9
[2022-12-12 21:19:37] [SEVERE ] removing player 2 token from slot 5
[2022-12-12 21:19:37] [SEVERE ] removing player 2 token from slot 7
[2022-12-12 21:19:37] [SEVERE ] removing player 2 token from slot 9
[2022-12-12 21:19:37] [SEVERE ] player 2 placing token on slot 2
[2022-12-12 21:19:37] [SEVERE ] player 2 placing token on slot 0
[2022-12-12 21:19:37] [SEVERE ] player 2 placing token on slot 1
[2022-12-12 21:19:37] [SEVERE ] removing player 2 token from slot 0
[2022-12-12 21:19:37] [SEVERE ] removing player 2 token from slot 1
[2022-12-12 21:19:37] [SEVERE ] removing player 2 token from slot 2
[2022-12-12 21:19:37] [SEVERE ] player 2 placing token on slot 1
[2022-12-12 21:19:37] [SEVERE ] player 2 placing token on slot 7
[2022-12-12 21:19:37] [SEVERE ] player 2 placing token on slot 10
[2022-12-12 21:19:37] [SEVERE ] removing player 2 token from slot 1
[2022-12-12 21:19:37] [SEVERE ] removing player 2 token from slot 7
[2022-12-12 21:19:37] [SEVERE ] removing player 2 token from slot 10
[2022-12-12 21:19:37] [SEVERE ] player 2 placing token on slot 8
[2022-12-12 21:19:37] [SEVERE ] player 2 placing token on slot 7
[2022-12-12 21:19:37] [SEVERE ] player 2 placing token on slot 5
[2022-12-12 21:19:37] [SEVERE ] removing player 2 token from slot 5
[2022-12-12 21:19:37] [SEVERE ] removing player 2 token from slot 7
[2022-12-12 21:19:37] [SEVERE ] removing player 2 token from slot 8
[2022-12-12 21:19:37] [SEVERE ] player 2 placing token on slot 5
[2022-12-12 21:19:37] [SEVERE ] player 2 placing token on slot 1
[2022-12-12 21:19:37] [SEVERE ] player 2 placing token on slot 11
[2022-12-12 21:19:37] [SEVERE ] removing player 2 token from slot 1
[2022-12-12 21:19:37] [SEVERE ] removing player 2 token from slot 5
[2022-12-12 21:19:37] [SEVERE ] removing player 2 token from slot 11
[2022-12-12 21:19:37] [SEVERE ] player 2 placing token on slot 9
[2022-12-12 21:19:37] [SEVERE ] player 2 placing token on slot 8
[2022-12-12 21:19:37] [SEVERE ] player 2 placing token on slot 10
[2022-12-12 21:19:37] [SEVERE ] removing player 2 token from slot 8
[2022-12-12 21:19:37] [SEVERE ] removing player 2 token from slot 9
[2022-12-12 21:19:37] [SEVERE ] removing player 2 token from slot 10
[2022-12-12 21:19:37] [SEVERE ] player 2 placing token on slot 2
[2022-12-12 21:19:37] [SEVERE ] player 2 placing token on slot 5
[2022-12-12 21:19:37] [SEVERE ] player 2 placing token on slot 0
[2022-12-12 21:19:37] [SEVERE ] removing player 2 token from slot 0
[2022-12-12 21:19:37] [SEVERE ] removing player 2 token from slot 2
[2022-12-12 21:19:37] [SEVERE ] removing player 2 token from slot 5
[2022-12-12 21:19:37] [SEVERE ] player 2 placing token on slot 11
[2022-12-12 21:19:37] [SEVERE ] player 2 placing token on slot 9
[2022-12-12 21:19:37] [SEVERE ] player 2 placing token on slot 10
[2022-12-12 21:19:37] [SEVERE ] removing player 2 token from slot 9
[2022-12-12 21:19:37] [SEVERE ] removing player 2 token from slot 10
[2022-12-12 21:19:37] [SEVERE ] removing player 2 token from slot 11
[2022-12-12 21:19:37] [SEVERE ] player 2 placing token on slot 5
[2022-12-12 21:19:37] [SEVERE ] player 2 placing token on slot 1
[2022-12-12 21:19:37] [SEVERE ] player 2 placing token on slot 6
[2022-12-12 21:19:37] [SEVERE ] removing player 2 token from slot 1
[2022-12-12 21:19:37] [SEVERE ] removing player 2 token from slot 5
[2022-12-12 21:19:37] [SEVERE ] removing player 2 token from slot 6
[2022-12-12 21:19:37] [SEVERE ] player 2 placing token on slot 5
[2022-12-12 21:19:37] [SEVERE ] player 2 placing token on slot 7
[2022-12-12 21:19:37] [SEVERE ] player 2 placing token on slot 9
[2022-12-12 21:19:37] [SEVERE ] removing player 2 token from slot 5
[2022-12-12 21:19:37] [SEVERE ] removing player 2 token from slot 7
[2022-12-12 21:19:37] [SEVERE ] removing player 2 token from slot 9
[2022-12-12 21:19:38] [SEVERE ] player 2 placing token on slot 1
[2022-12-12 21:19:38] [SEVERE ] player 2 placing token on slot 7
[2022-12-12 21:19:38] [SEVERE ] player 2 placing token on slot 0
[2022-12-12 21:19:38] [SEVERE ] removing player 2 token from slot 0
[2022-12-12 21:19:38] [SEVERE ] removing player 2 token from slot 1
[2022-12-12 21:19:38] [SEVERE ] removing player 2 token from slot 7
[2022-12-12 21:19:38] [SEVERE ] player 2 placing token on slot 5
[2022-12-12 21:19:38] [SEVERE ] player 2 placing token on slot 0
[2022-12-12 21:19:38] [SEVERE ] player 2 placing token on slot 8
[2022-12-12 21:19:38] [SEVERE ] removing player 2 token from slot 0
[2022-12-12 21:19:38] [SEVERE ] removing player 2 token from slot 5
[2022-12-12 21:19:38] [SEVERE ] removing player 2 token from slot 8
[2022-12-12 21:19:38] [SEVERE ] player 2 placing token on slot 7
[2022-12-12 21:19:38] [SEVERE ] player 2 placing token on slot 6
[2022-12-12 21:19:38] [SEVERE ] player 2 placing token on slot 0
[2022-12-12 21:19:38] [SEVERE ] removing player 2 token from slot 0
[2022-12-12 21:19:38] [SEVERE ] removing player 2 token from slot 6
[2022-12-12 21:19:38] [SEVERE ] removing player 2 token from slot 7
[2022-12-12 21:19:38] [SEVERE ] player 2 placing token on slot 9
[2022-12-12 21:19:38] [SEVERE ] player 2 placing token on slot 8
[2022-12-12 21:19:38] [SEVERE ] player 2 placing token on slot 10
[2022-12-12 21:19:38] [SEVERE ] removing player 2 token from slot 8
[2022-12-12 21:19:38] [SEVERE ] removing player 2 token from slot 9
[2022-12-12 21:19:38] [SEVERE ] removing player 2 token from slot 10
[2022-12-12 21:19:38] [SEVERE ] player 2 placing token on slot 4
[2022-12-12 21:19:38] [SEVERE ] player 2 placing token on slot 0
[2022-12-12 21:19:38] [SEVERE ] player 2 placing token on slot 6
[2022-12-12 21:19:38] [SEVERE ] removing player 2 token from slot 0
[2022-12-12 21:19:38] [SEVERE ] removing player 2 token from slot 4
[2022-12-12 21:19:38] [SEVERE ] removing player 2 token from slot 6
[2022-12-12 21:19:38] [SEVERE ] player 2 placing token on slot 10
[2022-12-12 21:19:38] [SEVERE ] player 2 placing token on slot 8
[2022-12-12 21:19:38] [SEVERE ] player 2 placing token on slot 7
[2022-12-12 21:19:38] [SEVERE ] removing player 2 token from slot 7
[2022-12-12 21:19:38] [SEVERE ] removing player 2 token from slot 8
[2022-12-12 21:19:38] [SEVERE ] removing player 2 token from slot 10
[2022-12-12 21:19:38] [SEVERE ] player 2 placing token on slot 0
[2022-12-12 21:19:38] [SEVERE ] player 2 placing token on slot 8
[2022-12-12 21:19:38] [SEVERE ] player 2 placing token on slot 4
[2022-12-12 21:19:38] [SEVERE ] removing player 2 token from slot 0
[2022-12-12 21:19:38] [SEVERE ] removing player 2 token from slot 4
[2022-12-12 21:19:38] [SEVERE ] removing player 2 token from slot 8
[2022-12-12 21:19:38] [SEVERE ] player 2 placing token on slot 1
[2022-12-12 21:19:38] [SEVERE ] player 2 placing token on slot 3
[2022-12-12 21:19:38] [SEVERE ] player 2 placing token on slot 9
[2022-12-12 21:19:38] [SEVERE ] removing player 2 token from slot 1
[2022-12-12 21:19:38] [SEVERE ] removing player 2 token from slot 3
[2022-12-12 21:19:38] [SEVERE ] removing player 2 token from slot 9
[2022-12-12 21:19:38] [SEVERE ] player 2 placing token on slot 1
[2022-12-12 21:19:38] [SEVERE ] player 2 placing token on slot 6
[2022-12-12 21:19:38] [SEVERE ] player 2 placing token on slot 0
[2022-12-12 21:19:38] [SEVERE ] removing player 2 token from slot 0
[2022-12-12 21:19:38] [SEVERE ] removing player 2 token from slot 1
[2022-12-12 21:19:38] [SEVERE ] removing player 2 token from slot 6
[2022-12-12 21:19:38] [SEVERE ] player 2 placing token on slot 0
[2022-12-12 21:19:38] [SEVERE ] player 2 placing token on slot 4
[2022-12-12 21:19:38] [SEVERE ] player 2 placing token on slot 1
[2022-12-12 21:19:38] [SEVERE ] removing player 2 token from slot 0
[2022-12-12 21:19:38] [SEVERE ] removing player 2 token from slot 1
[2022-12-12 21:19:38] [SEVERE ] removing player 2 token from slot 4
[2022-12-12 21:19:38] [SEVERE ] player 2 placing token on slot 8
[2022-12-12 21:19:39] [SEVERE ] player 2 placing token on slot 9
[2022-12-12 21:19:39] [SEVERE ] player 2 placing token on slot 4
[2022-12-12 21:19:39] [SEVERE ] removing player 2 token from slot 4
[2022-12-12 21:19:39] [SEVERE ] removing player 2 token from slot 8
[2022-12-12 21:19:39] [SEVERE ] removing player 2 token from slot 9
[2022-12-12 21:19:39] [SEVERE ] player 2 placing token on slot 11
[2022-12-12 21:19:39] [SEVERE ] player 2 placing token on slot 7
[2022-12-12 21:19:39] [SEVERE ] player 2 placing token on slot 8
[2022-12-12 21:19:39] [SEVERE ] removing player 2 token from slot 7
[2022-12-12 21:19:39] [SEVERE ] removing player 2 token from slot 8
[2022-12-12 21:19:39] [SEVERE ] removing player 2 token from slot 11
[2022-12-12 21:19:39] [SEVERE ] player 2 placing token on slot 7
[2022-12-12 21:19:39] [SEVERE ] player 2 placing token on slot 4
[2022-12-12 21:19:39] [SEVERE ] player 2 placing token on slot 8
[2022-12-12 21:19:39] [SEVERE ] removing player 2 token from slot 4
[2022-12-12 21:19:39] [SEVERE ] removing player 2 token from slot 7
[2022-12-12 21:19:39] [SEVERE ] removing player 2 token from slot 8
[2022-12-12 21:19:39] [SEVERE ] player 2 placing token on slot 8
[2022-12-12 21:19:39] [SEVERE ] player 2 placing token on slot 4
[2022-12-12 21:19:39] [SEVERE ] player 2 placing token on slot 10
[2022-12-12 21:19:39] [SEVERE ] removing player 2 token from slot 4
[2022-12-12 21:19:39] [SEVERE ] removing player 2 token from slot 8
[2022-12-12 21:19:39] [SEVERE ] removing player 2 token from slot 10
[2022-12-12 21:19:39] [SEVERE ] player 2 placing token on slot 4
[2022-12-12 21:19:39] [SEVERE ] player 2 placing token on slot 0
[2022-12-12 21:19:39] [SEVERE ] player 2 placing token on slot 10
[2022-12-12 21:19:39] [SEVERE ] removing player 2 token from slot 0
[2022-12-12 21:19:39] [SEVERE ] removing player 2 token from slot 4
[2022-12-12 21:19:39] [SEVERE ] removing player 2 token from slot 10
[2022-12-12 21:19:39] [SEVERE ] player 2 placing token on slot 10
[2022-12-12 21:19:39] [SEVERE ] player 2 placing token on slot 5
[2022-12-12 21:19:39] [SEVERE ] player 2 placing token on slot 11
[2022-12-12 21:19:39] [SEVERE ] removing player 2 token from slot 5
[2022-12-12 21:19:39] [SEVERE ] removing player 2 token from slot 10
[2022-12-12 21:19:39] [SEVERE ] removing player 2 token from slot 11
[2022-12-12 21:19:39] [SEVERE ] player 2 placing token on slot 9
[2022-12-12 21:19:39] [SEVERE ] player 2 placing token on slot 4
[2022-12-12 21:19:39] [SEVERE ] player 2 placing token on slot 0
[2022-12-12 21:19:39] [SEVERE ] removing player 2 token from slot 0
[2022-12-12 21:19:39] [SEVERE ] removing player 2 token from slot 4
[2022-12-12 21:19:39] [SEVERE ] removing player 2 token from slot 9
[2022-12-12 21:19:39] [SEVERE ] player 2 placing token on slot 0
[2022-12-12 21:19:39] [SEVERE ] player 2 placing token on slot 2
[2022-12-12 21:19:39] [SEVERE ] player 2 placing token on slot 6
[2022-12-12 21:19:39] [SEVERE ] removing player 2 token from slot 0
[2022-12-12 21:19:39] [SEVERE ] removing player 2 token from slot 2
[2022-12-12 21:19:39] [SEVERE ] removing player 2 token from slot 6
[2022-12-12 21:19:39] [SEVERE ] player 2 placing token on slot 8
[2022-12-12 21:19:39] [SEVERE ] player 2 placing token on slot 1
[2022-12-12 21:19:39] [SEVERE ] player 2 placing token on slot 0
[2022-12-12 21:19:39] [SEVERE ] removing player 2 token from slot 0
[2022-12-12 21:19:39] [SEVERE ] removing player 2 token from slot 1
[2022-12-12 21:19:39] [SEVERE ] removing player 2 token from slot 8
[2022-12-12 21:19:39] [SEVERE ] player 2 placing token on slot 6
[2022-12-12 21:19:39] [SEVERE ] player 2 placing token on slot 5
[2022-12-12 21:19:39] [SEVERE ] player 2 placing token on slot 2
[2022-12-12 21:19:39] [SEVERE ] removing player 2 token from slot 2
[2022-12-12 21:19:39] [SEVERE ] removing player 2 token from slot 5
[2022-12-12 21:19:39] [SEVERE ] removing player 2 token from slot 6
[2022-12-12 21:19:39] [SEVERE ] player 2 placing token on slot 5
[2022-12-12 21:19:39] [SEVERE ] player 2 placing token on slot 0
[2022-12-12 21:19:40] [SEVERE ] player 2 placing token on slot 2
[2022-12-12 21:19:40] [SEVERE ] removing player 2 token from slot 0
[2022-12-12 21:19:40] [SEVERE ] removing player 2 token from slot 2
[2022-12-12 21:19:40] [SEVERE ] removing player 2 token from slot 5
[2022-12-12 21:19:40] [SEVERE ] player 2 placing token on slot 8
[2022-12-12 21:19:40] [SEVERE ] player 2 placing token on slot 10
[2022-12-12 21:19:40] [SEVERE ] player 2 placing token on slot 9
[2022-12-12 21:19:40] [SEVERE ] removing player 2 token from slot 8
[2022-12-12 21:19:40] [SEVERE ] removing player 2 token from slot 9
[2022-12-12 21:19:40] [SEVERE ] removing player 2 token from slot 10
[2022-12-12 21:19:40] [SEVERE ] player 2 placing token on slot 10
[2022-12-12 21:19:40] [SEVERE ] player 2 placing token on slot 8
[2022-12-12 21:19:40] [SEVERE ] player 2 placing token on slot 5
[2022-12-12 21:19:40] [SEVERE ] removing player 2 token from slot 5
[2022-12-12 21:19:40] [SEVERE ] removing player 2 token from slot 8
[2022-12-12 21:19:40] [SEVERE ] removing player 2 token from slot 10
[2022-12-12 21:19:40] [SEVERE ] player 2 placing token on slot 6
[2022-12-12 21:19:40] [SEVERE ] player 2 placing token on slot 4
[2022-12-12 21:19:40] [SEVERE ] player 2 placing token on slot 11
[2022-12-12 21:19:40] [SEVERE ] removing player 2 token from slot 4
[2022-12-12 21:19:40] [SEVERE ] removing player 2 token from slot 6
[2022-12-12 21:19:40] [SEVERE ] removing player 2 token from slot 11
[2022-12-12 21:19:40] [SEVERE ] player 2 placing token on slot 8
[2022-12-12 21:19:40] [SEVERE ] player 2 placing token on slot 9
[2022-12-12 21:19:40] [SEVERE ] player 2 placing token on slot 11
[2022-12-12 21:19:40] [SEVERE ] removing player 2 token from slot 8
[2022-12-12 21:19:40] [SEVERE ] removing player 2 token from slot 9
[2022-12-12 21:19:40] [SEVERE ] removing player 2 token from slot 11
[2022-12-12 21:19:40] [SEVERE ] player 2 placing token on slot 7
[2022-12-12 21:19:40] [SEVERE ] player 2 placing token on slot 5
[2022-12-12 21:19:40] [SEVERE ] player 2 placing token on slot 2
[2022-12-12 21:19:40] [SEVERE ] removing player 2 token from slot 2
[2022-12-12 21:19:40] [SEVERE ] removing player 2 token from slot 5
[2022-12-12 21:19:40] [SEVERE ] removing player 2 token from slot 7
[2022-12-12 21:19:40] [SEVERE ] player 2 placing token on slot 0
[2022-12-12 21:19:40] [SEVERE ] player 2 placing token on slot 2
[2022-12-12 21:19:40] [SEVERE ] player 2 placing token on slot 9
[2022-12-12 21:19:40] [SEVERE ] removing player 2 token from slot 0
[2022-12-12 21:19:40] [SEVERE ] removing player 2 token from slot 2
[2022-12-12 21:19:40] [SEVERE ] removing player 2 token from slot 9
[2022-12-12 21:19:40] [SEVERE ] player 2 placing token on slot 5
[2022-12-12 21:19:40] [SEVERE ] player 2 placing token on slot 1
[2022-12-12 21:19:40] [SEVERE ] player 2 placing token on slot 11
[2022-12-12 21:19:40] [SEVERE ] removing player 2 token from slot 1
[2022-12-12 21:19:40] [SEVERE ] removing player 2 token from slot 5
[2022-12-12 21:19:40] [SEVERE ] removing player 2 token from slot 11
[2022-12-12 21:19:40] [SEVERE ] player 2 placing token on slot 2
[2022-12-12 21:19:40] [SEVERE ] player 2 placing token on slot 10
[2022-12-12 21:19:40] [SEVERE ] player 2 placing token on slot 1
[2022-12-12 21:19:40] [SEVERE ] removing player 2 token from slot 1
[2022-12-12 21:19:40] [SEVERE ] removing player 2 token from slot 2
[2022-12-12 21:19:40] [SEVERE ] removing player 2 token from slot 10
[2022-12-12 21:19:40] [SEVERE ] player 2 placing token on slot 4
[2022-12-12 21:19:40] [SEVERE ] player 2 placing token on slot 11
[2022-12-12 21:19:40] [SEVERE ] player 2 placing token on slot 5
[2022-12-12 21:19:40] [SEVERE ] removing player 2 token from slot 4
[2022-12-12 21:19:40] [SEVERE ] removing player 2 token from slot 5
[2022-12-12 21:19:40] [SEVERE ] removing player 2 token from slot 11
[2022-12-12 21:19:40] [SEVERE ] player 2 placing token on slot 8
[2022-12-12 21:19:40] [SEVERE ] player 2 placing token on slot 7
[2022-12-12 21:19:40] [SEVERE ] player 2 placing token on slot 1
[2022-12-12 21:19:40] [SEVERE ] removing player 2 token from slot 1
[2022-12-12 21:19:40] [SEVERE ] removing player 2 token from slot 7
[2022-12-12 21:19:40] [SEVERE ] removing player 2 token from slot 8
[2022-12-12 21:19:40] [SEVERE ] player 2 placing token on slot 2
[2022-12-12 21:19:41] [SEVERE ] player 2 placing token on slot 6
[2022-12-12 21:19:41] [SEVERE ] player 2 placing token on slot 8
[2022-12-12 21:19:41] [SEVERE ] removing player 2 token from slot 2
[2022-12-12 21:19:41] [SEVERE ] removing player 2 token from slot 6
[2022-12-12 21:19:41] [SEVERE ] removing player 2 token from slot 8
[2022-12-12 21:19:41] [SEVERE ] player 2 placing token on slot 6
[2022-12-12 21:19:41] [SEVERE ] player 2 placing token on slot 11
[2022-12-12 21:19:41] [SEVERE ] player 2 placing token on slot 0
[2022-12-12 21:19:41] [SEVERE ] removing player 2 token from slot 0
[2022-12-12 21:19:41] [SEVERE ] removing player 2 token from slot 6
[2022-12-12 21:19:41] [SEVERE ] removing player 2 token from slot 11
[2022-12-12 21:19:41] [SEVERE ] player 2 placing token on slot 10
[2022-12-12 21:19:41] [SEVERE ] player 2 placing token on slot 11
[2022-12-12 21:19:41] [SEVERE ] player 2 placing token on slot 5
[2022-12-12 21:19:41] [SEVERE ] removing player 2 token from slot 5
[2022-12-12 21:19:41] [SEVERE ] removing player 2 token from slot 10
[2022-12-12 21:19:41] [SEVERE ] removing player 2 token from slot 11
[2022-12-12 21:19:41] [SEVERE ] player 2 placing token on slot 9
[2022-12-12 21:19:41] [SEVERE ] player 2 placing token on slot 1
[2022-12-12 21:19:41] [SEVERE ] player 2 placing token on slot 10
[2022-12-12 21:19:41] [SEVERE ] removing player 2 token from slot 1
[2022-12-12 21:19:41] [SEVERE ] removing player 2 token from slot 9
[2022-12-12 21:19:41] [SEVERE ] removing player 2 token from slot 10
[2022-12-12 21:19:41] [SEVERE ] player 2 placing token on slot 11
[2022-12-12 21:19:41] [SEVERE ] player 2 placing token on slot 3
[2022-12-12 21:19:41] [SEVERE ] player 2 placing token on slot 5
[2022-12-12 21:19:41] [SEVERE ] removing player 2 token from slot 3
[2022-12-12 21:19:41] [SEVERE ] removing player 2 token from slot 5
[2022-12-12 21:19:41] [SEVERE ] removing player 2 token from slot 11
[2022-12-12 21:19:41] [SEVERE ] player 2 placing token on slot 7
[2022-12-12 21:19:41] [SEVERE ] player 2 placing token on slot 11
[2022-12-12 21:19:41] [SEVERE ] player 2 placing token on slot 1
[2022-12-12 21:19:41] [SEVERE ] removing player 2 token from slot 1
[2022-12-12 21:19:41] [SEVERE ] removing player 2 token from slot 7
[2022-12-12 21:19:41] [SEVERE ] removing player 2 token from slot 11
[2022-12-12 21:19:41] [SEVERE ] player 2 placing token on slot 10
[2022-12-12 21:19:41] [SEVERE ] player 2 placing token on slot 9
[2022-12-12 21:19:41] [SEVERE ] player 2 placing token on slot 4
[2022-12-12 21:19:41] [SEVERE ] removing player 2 token from slot 4
[2022-12-12 21:19:41] [SEVERE ] removing player 2 token from slot 9
[2022-12-12 21:19:41] [SEVERE ] removing player 2 token from slot 10
[2022-12-12 21:19:41] [SEVERE ] player 2 placing token on slot 2
[2022-12-12 21:19:41] [SEVERE ] player 2 placing token on slot 11
[2022-12-12 21:19:41] [SEVERE ] player 2 placing token on slot 7
[2022-12-12 21:19:41] [SEVERE ] removing player 2 token from slot 2
[2022-12-12 21:19:41] [SEVERE ] removing player 2 token from slot 7
[2022-12-12 21:19:41] [SEVERE ] removing player 2 token from slot 11
[2022-12-12 21:19:41] [SEVERE ] player 2 placing token on slot 0
[2022-12-12 21:19:41] [SEVERE ] player 2 placing token on slot 4
[2022-12-12 21:19:41] [SEVERE ] player 2 placing token on slot 11
[2022-12-12 21:19:41] [SEVERE ] removing player 2 token from slot 0
[2022-12-12 21:19:41] [SEVERE ] removing player 2 token from slot 4
[2022-12-12 21:19:41] [SEVERE ] removing player 2 token from slot 11
[2022-12-12 21:19:41] [SEVERE ] player 2 placing token on slot 10
[2022-12-12 21:19:41] [SEVERE ] player 2 placing token on slot 0
[2022-12-12 21:19:41] [SEVERE ] player 2 placing token on slot 4
[2022-12-12 21:19:41] [SEVERE ] removing player 2 token from slot 0
[2022-12-12 21:19:41] [SEVERE ] removing player 2 token from slot 4
[2022-12-12 21:19:41] [SEVERE ] removing player 2 token from slot 10
[2022-12-12 21:19:41] [SEVERE ] player 2 placing token on slot 5
[2022-12-12 21:19:41] [SEVERE ] player 2 placing token on slot 2
[2022-12-12 21:19:41] [SEVERE ] player 2 placing token on slot 1
[2022-12-12 21:19:41] [SEVERE ] removing player 2 token from slot 1
[2022-12-12 21:19:41] [SEVERE ] removing player 2 token from slot 2
[2022-12-12 21:19:41] [SEVERE ] removing player 2 token from slot 5
[2022-12-12 21:19:42] [SEVERE ] player 2 placing token on slot 4
[2022-12-12 21:19:42] [SEVERE ] player 2 placing token on slot 6
[2022-12-12 21:19:42] [SEVERE ] player 2 placing token on slot 1
[2022-12-12 21:19:42] [SEVERE ] removing player 2 token from slot 1
[2022-12-12 21:19:42] [SEVERE ] removing player 2 token from slot 4
[2022-12-12 21:19:42] [SEVERE ] removing player 2 token from slot 6
[2022-12-12 21:19:42] [SEVERE ] player 2 placing token on slot 10
[2022-12-12 21:19:42] [SEVERE ] player 2 placing token on slot 3
[2022-12-12 21:19:42] [SEVERE ] player 2 placing token on slot 6
[2022-12-12 21:19:42] [SEVERE ] removing player 2 token from slot 3
[2022-12-12 21:19:42] [SEVERE ] removing player 2 token from slot 6
[2022-12-12 21:19:42] [SEVERE ] removing player 2 token from slot 10
[2022-12-12 21:19:42] [SEVERE ] player 2 placing token on slot 11
[2022-12-12 21:19:42] [SEVERE ] player 2 placing token on slot 4
[2022-12-12 21:19:42] [SEVERE ] player 2 placing token on slot 3
[2022-12-12 21:19:42] [SEVERE ] removing player 2 token from slot 3
[2022-12-12 21:19:42] [SEVERE ] removing player 2 token from slot 4
[2022-12-12 21:19:42] [SEVERE ] removing player 2 token from slot 11
[2022-12-12 21:19:42] [SEVERE ] player 2 placing token on slot 0
[2022-12-12 21:19:42] [SEVERE ] player 2 placing token on slot 11
[2022-12-12 21:19:42] [SEVERE ] player 2 placing token on slot 6
[2022-12-12 21:19:42] [SEVERE ] removing player 2 token from slot 0
[2022-12-12 21:19:42] [SEVERE ] removing player 2 token from slot 6
[2022-12-12 21:19:42] [SEVERE ] removing player 2 token from slot 11
[2022-12-12 21:19:42] [SEVERE ] player 2 placing token on slot 11
[2022-12-12 21:19:42] [SEVERE ] player 2 placing token on slot 0
[2022-12-12 21:19:42] [SEVERE ] player 2 placing token on slot 1
[2022-12-12 21:19:42] [SEVERE ] removing player 2 token from slot 0
[2022-12-12 21:19:42] [SEVERE ] removing player 2 token from slot 1
[2022-12-12 21:19:42] [SEVERE ] removing player 2 token from slot 11
[2022-12-12 21:19:42] [SEVERE ] player 2 placing token on slot 3
[2022-12-12 21:19:42] [SEVERE ] player 2 placing token on slot 1
[2022-12-12 21:19:42] [SEVERE ] player 2 placing token on slot 0
[2022-12-12 21:19:42] [SEVERE ] removing player 2 token from slot 0
[2022-12-12 21:19:42] [SEVERE ] removing player 2 token from slot 1
[2022-12-12 21:19:42] [SEVERE ] removing player 2 token from slot 3
[2022-12-12 21:19:42] [SEVERE ] player 2 placing token on slot 9
[2022-12-12 21:19:42] [SEVERE ] player 2 placing token on slot 0
[2022-12-12 21:19:42] [SEVERE ] player 2 placing token on slot 11
[2022-12-12 21:19:42] [SEVERE ] removing player 2 token from slot 0
[2022-12-12 21:19:42] [SEVERE ] removing player 2 token from slot 9
[2022-12-12 21:19:42] [SEVERE ] removing player 2 token from slot 11
[2022-12-12 21:19:42] [SEVERE ] player 2 placing token on slot 2
[2022-12-12 21:19:42] [SEVERE ] player 2 placing token on slot 6
[2022-12-12 21:19:42] [SEVERE ] player 2 placing token on slot 11
[2022-12-12 21:19:42] [SEVERE ] removing player 2 token from slot 2
[2022-12-12 21:19:42] [SEVERE ] removing player 2 token from slot 6
[2022-12-12 21:19:42] [SEVERE ] removing player 2 token from slot 11
[2022-12-12 21:19:42] [SEVERE ] player 2 placing token on slot 1
[2022-12-12 21:19:42] [SEVERE ] player 2 placing token on slot 9
[2022-12-12 21:19:42] [SEVERE ] player 2 placing token on slot 2
[2022-12-12 21:19:42] [SEVERE ] removing player 2 token from slot 1
[2022-12-12 21:19:42] [SEVERE ] removing player 2 token from slot 2
[2022-12-12 21:19:42] [SEVERE ] removing player 2 token from slot 9
[2022-12-12 21:19:42] [SEVERE ] player 2 placing token on slot 2
[2022-12-12 21:19:42] [SEVERE ] player 2 placing token on slot 7
[2022-12-12 21:19:42] [SEVERE ] player 2 placing token on slot 9
[2022-12-12 21:19:42] [SEVERE ] removing player 2 token from slot 2
[2022-12-12 21:19:42] [SEVERE ] removing player 2 token from slot 7
[2022-12-12 21:19:42] [SEVERE ] removing player 2 token from slot 9
[2022-12-12 21:19:42] [SEVERE ] player 2 placing token on slot 0
[2022-12-12 21:19:42] [SEVERE ] player 2 placing token on slot 5
[2022-12-12 21:19:43] [SEVERE ] player 2 placing token on slot 10
[2022-12-12 21:19:43] [SEVERE ] removing player 2 token from slot 0
[2022-12-12 21:19:43] [SEVERE ] removing player 2 token from slot 5
[2022-12-12 21:19:43] [SEVERE ] removing player 2 token from slot 10
[2022-12-12 21:19:43] [SEVERE ] player 2 placing token on slot 11
[2022-12-12 21:19:43] [SEVERE ] player 2 placing token on slot 5
[2022-12-12 21:19:43] [SEVERE ] player 2 placing token on slot 4
[2022-12-12 21:19:43] [SEVERE ] removing player 2 token from slot 4
[2022-12-12 21:19:43] [SEVERE ] removing player 2 token from slot 5
[2022-12-12 21:19:43] [SEVERE ] removing player 2 token from slot 11
[2022-12-12 21:19:43] [SEVERE ] player 2 placing token on slot 0
[2022-12-12 21:19:43] [SEVERE ] player 2 placing token on slot 1
[2022-12-12 21:19:43] [SEVERE ] player 2 placing token on slot 7
[2022-12-12 21:19:43] [SEVERE ] removing player 2 token from slot 0
[2022-12-12 21:19:43] [SEVERE ] removing player 2 token from slot 1
[2022-12-12 21:19:43] [SEVERE ] removing player 2 token from slot 7
[2022-12-12 21:19:43] [SEVERE ] player 2 placing token on slot 2
[2022-12-12 21:19:43] [SEVERE ] player 2 placing token on slot 10
[2022-12-12 21:19:43] [SEVERE ] player 2 placing token on slot 4
[2022-12-12 21:19:43] [SEVERE ] removing player 2 token from slot 2
[2022-12-12 21:19:43] [SEVERE ] removing player 2 token from slot 4
[2022-12-12 21:19:43] [SEVERE ] removing player 2 token from slot 10
[2022-12-12 21:19:43] [SEVERE ] player 2 placing token on slot 7
[2022-12-12 21:19:43] [SEVERE ] player 2 placing token on slot 9
[2022-12-12 21:19:43] [SEVERE ] player 2 placing token on slot 4
[2022-12-12 21:19:43] [SEVERE ] removing player 2 token from slot 4
[2022-12-12 21:19:43] [SEVERE ] removing player 2 token from slot 7
[2022-12-12 21:19:43] [SEVERE ] removing player 2 token from slot 9
[2022-12-12 21:19:43] [SEVERE ] player 2 placing token on slot 10
[2022-12-12 21:19:43] [SEVERE ] player 2 placing token on slot 1
[2022-12-12 21:19:43] [SEVERE ] player 2 placing token on slot 7
[2022-12-12 21:19:43] [SEVERE ] removing player 2 token from slot 1
[2022-12-12 21:19:43] [SEVERE ] removing player 2 token from slot 7
[2022-12-12 21:19:43] [SEVERE ] removing player 2 token from slot 10
[2022-12-12 21:19:43] [SEVERE ] player 2 placing token on slot 5
[2022-12-12 21:19:43] [SEVERE ] player 2 placing token on slot 0
[2022-12-12 21:19:43] [SEVERE ] player 2 placing token on slot 11
[2022-12-12 21:19:43] [SEVERE ] removing player 2 token from slot 0
[2022-12-12 21:19:43] [SEVERE ] removing player 2 token from slot 5
[2022-12-12 21:19:43] [SEVERE ] removing player 2 token from slot 11
[2022-12-12 21:19:43] [SEVERE ] player 2 placing token on slot 4
[2022-12-12 21:19:43] [SEVERE ] player 2 placing token on slot 0
[2022-12-12 21:19:43] [SEVERE ] player 2 placing token on slot 5
[2022-12-12 21:19:43] [SEVERE ] removing player 2 token from slot 0
[2022-12-12 21:19:43] [SEVERE ] removing player 2 token from slot 4
[2022-12-12 21:19:43] [SEVERE ] removing player 2 token from slot 5
[2022-12-12 21:19:43] [SEVERE ] player 2 placing token on slot 3
[2022-12-12 21:19:43] [SEVERE ] player 2 placing token on slot 6
[2022-12-12 21:19:43] [SEVERE ] player 2 placing token on slot 2
[2022-12-12 21:19:43] [SEVERE ] removing player 2 token from slot 2
[2022-12-12 21:19:43] [SEVERE ] removing player 2 token from slot 3
[2022-12-12 21:19:43] [SEVERE ] removing player 2 token from slot 6
[2022-12-12 21:19:43] [SEVERE ] player 2 placing token on slot 3
[2022-12-12 21:19:43] [SEVERE ] player 2 placing token on slot 2
[2022-12-12 21:19:43] [SEVERE ] player 2 placing token on slot 6
[2022-12-12 21:19:43] [SEVERE ] removing player 2 token from slot 2
[2022-12-12 21:19:43] [SEVERE ] removing player 2 token from slot 3
[2022-12-12 21:19:43] [SEVERE ] removing player 2 token from slot 6
[2022-12-12 21:19:43] [SEVERE ] player 2 placing token on slot 0
[2022-12-12 21:19:43] [SEVERE ] player 2 placing token on slot 5
[2022-12-12 21:19:44] [SEVERE ] player 2 placing token on slot 9
[2022-12-12 21:19:44] [SEVERE ] removing player 2 token from slot 0
[2022-12-12 21:19:44] [SEVERE ] removing player 2 token from slot 5
[2022-12-12 21:19:44] [SEVERE ] removing player 2 token from slot 9
[2022-12-12 21:19:44] [SEVERE ] player 2 placing token on slot 7
[2022-12-12 21:19:44] [SEVERE ] player 2 placing token on slot 11
[2022-12-12 21:19:44] [SEVERE ] player 2 placing token on slot 5
[2022-12-12 21:19:44] [SEVERE ] removing player 2 token from slot 5
[2022-12-12 21:19:44] [SEVERE ] removing player 2 token from slot 7
[2022-12-12 21:19:44] [SEVERE ] removing player 2 token from slot 11
[2022-12-12 21:19:44] [SEVERE ] player 2 placing token on slot 0
[2022-12-12 21:19:44] [SEVERE ] player 2 placing token on slot 11
[2022-12-12 21:19:44] [SEVERE ] player 2 placing token on slot 8
[2022-12-12 21:19:44] [SEVERE ] removing player 2 token from slot 0
[2022-12-12 21:19:44] [SEVERE ] removing player 2 token from slot 8
[2022-12-12 21:19:44] [SEVERE ] removing player 2 token from slot 11
[2022-12-12 21:19:44] [SEVERE ] player 2 placing token on slot 8
[2022-12-12 21:19:44] [SEVERE ] player 2 placing token on slot 0
[2022-12-12 21:19:44] [SEVERE ] player 2 placing token on slot 10
[2022-12-12 21:19:44] [SEVERE ] removing player 2 token from slot 0
[2022-12-12 21:19:44] [SEVERE ] removing player 2 token from slot 8
[2022-12-12 21:19:44] [SEVERE ] removing player 2 token from slot 10
[2022-12-12 21:19:44] [SEVERE ] player 2 placing token on slot 2
[2022-12-12 21:19:44] [SEVERE ] player 2 placing token on slot 9
[2022-12-12 21:19:44] [SEVERE ] player 2 placing token on slot 0
[2022-12-12 21:19:44] [SEVERE ] removing player 2 token from slot 0
[2022-12-12 21:19:44] [SEVERE ] removing player 2 token from slot 2
[2022-12-12 21:19:44] [SEVERE ] removing player 2 token from slot 9
[2022-12-12 21:19:44] [SEVERE ] player 2 placing token on slot 4
[2022-12-12 21:19:44] [SEVERE ] player 2 placing token on slot 3
[2022-12-12 21:19:44] [SEVERE ] player 2 placing token on slot 2
[2022-12-12 21:19:44] [SEVERE ] removing player 2 token from slot 2
[2022-12-12 21:19:44] [SEVERE ] removing player 2 token from slot 3
[2022-12-12 21:19:44] [SEVERE ] removing player 2 token from slot 4
[2022-12-12 21:19:44] [SEVERE ] player 2 placing token on slot 0
[2022-12-12 21:19:44] [SEVERE ] player 2 placing token on slot 4
[2022-12-12 21:19:44] [SEVERE ] player 2 placing token on slot 8
[2022-12-12 21:19:44] [SEVERE ] removing player 2 token from slot 0
[2022-12-12 21:19:44] [SEVERE ] removing player 2 token from slot 4
[2022-12-12 21:19:44] [SEVERE ] removing player 2 token from slot 8
[2022-12-12 21:19:44] [SEVERE ] player 2 placing token on slot 0
[2022-12-12 21:19:44] [SEVERE ] player 2 placing token on slot 6
[2022-12-12 21:19:44] [SEVERE ] player 2 placing token on slot 7
[2022-12-12 21:19:44] [SEVERE ] removing player 2 token from slot 0
[2022-12-12 21:19:44] [SEVERE ] removing player 2 token from slot 6
[2022-12-12 21:19:44] [SEVERE ] removing player 2 token from slot 7
[2022-12-12 21:19:44] [SEVERE ] player 2 placing token on slot 6
[2022-12-12 21:19:44] [SEVERE ] player 2 placing token on slot 2
[2022-12-12 21:19:44] [SEVERE ] player 2 placing token on slot 3
[2022-12-12 21:19:44] [SEVERE ] removing player 2 token from slot 2
[2022-12-12 21:19:44] [SEVERE ] removing player 2 token from slot 3
[2022-12-12 21:19:44] [SEVERE ] removing player 2 token from slot 6
[2022-12-12 21:19:44] [SEVERE ] player 2 placing token on slot 10
[2022-12-12 21:19:44] [SEVERE ] player 2 placing token on slot 9
[2022-12-12 21:19:44] [SEVERE ] player 2 placing token on slot 0
[2022-12-12 21:19:44] [SEVERE ] removing player 2 token from slot 0
[2022-12-12 21:19:44] [SEVERE ] removing player 2 token from slot 9
[2022-12-12 21:19:44] [SEVERE ] removing player 2 token from slot 10
[2022-12-12 21:19:44] [SEVERE ] player 2 placing token on slot 0
[2022-12-12 21:19:44] [SEVERE ] player 2 placing token on slot 2
[2022-12-12 21:19:44] [SEVERE ] player 2 placing token on slot 7
[2022-12-12 21:19:44] [SEVERE ] removing player 2 token from slot 0
[2022-12-12 21:19:44] [SEVERE ] removing player 2 token from slot 2
[2022-12-12 21:19:44] [SEVERE ] removing player 2 token from slot 7
[2022-12-12 21:19:44] [SEVERE ] player 2 placing token on slot 0
[2022-12-12 21:19:44] [SEVERE ] player 2 placing token on slot 9
[2022-12-12 21:19:45] [SEVERE ] player 2 placing token on slot 6
[2022-12-12 21:19:45] [SEVERE ] removing player 2 token from slot 0
[2022-12-12 21:19:45] [SEVERE ] removing player 2 token from slot 6
[2022-12-12 21:19:45] [SEVERE ] removing player 2 token from slot 9
[2022-12-12 21:19:45] [SEVERE ] player 2 placing token on slot 7
[2022-12-12 21:19:45] [SEVERE ] player 2 placing token on slot 5
[2022-12-12 21:19:45] [SEVERE ] player 2 placing token on slot 10
[2022-12-12 21:19:45] [SEVERE ] removing player 2 token from slot 5
[2022-12-12 21:19:45] [SEVERE ] removing player 2 token from slot 7
[2022-12-12 21:19:45] [SEVERE ] removing player 2 token from slot 10
[2022-12-12 21:19:45] [SEVERE ] player 2 placing token on slot 3
[2022-12-12 21:19:45] [SEVERE ] player 2 placing token on slot 7
[2022-12-12 21:19:45] [SEVERE ] player 2 placing token on slot 10
[2022-12-12 21:19:45] [SEVERE ] removing player 2 token from slot 3
[2022-12-12 21:19:45] [SEVERE ] removing player 2 token from slot 7
[2022-12-12 21:19:45] [SEVERE ] removing player 2 token from slot 10
[2022-12-12 21:19:45] [SEVERE ] player 2 placing token on slot 0
[2022-12-12 21:19:45] [SEVERE ] player 2 placing token on slot 10
[2022-12-12 21:19:45] [SEVERE ] player 2 placing token on slot 2
[2022-12-12 21:19:45] [SEVERE ] removing player 2 token from slot 0
[2022-12-12 21:19:45] [SEVERE ] removing player 2 token from slot 2
[2022-12-12 21:19:45] [SEVERE ] removing player 2 token from slot 10
[2022-12-12 21:19:45] [SEVERE ] player 2 placing token on slot 5
[2022-12-12 21:19:45] [SEVERE ] player 2 placing token on slot 6
[2022-12-12 21:19:45] [SEVERE ] player 2 placing token on slot 10
[2022-12-12 21:19:45] [SEVERE ] removing player 2 token from slot 5
[2022-12-12 21:19:45] [SEVERE ] removing player 2 token from slot 6
[2022-12-12 21:19:45] [SEVERE ] removing player 2 token from slot 10
[2022-12-12 21:19:45] [SEVERE ] player 2 placing token on slot 10
[2022-12-12 21:19:45] [SEVERE ] player 2 placing token on slot 3
[2022-12-12 21:19:45] [SEVERE ] player 2 placing token on slot 5
[2022-12-12 21:19:45] [SEVERE ] removing player 2 token from slot 3
[2022-12-12 21:19:45] [SEVERE ] removing player 2 token from slot 5
[2022-12-12 21:19:45] [SEVERE ] removing player 2 token from slot 10
[2022-12-12 21:19:45] [SEVERE ] player 2 placing token on slot 10
[2022-12-12 21:19:45] [SEVERE ] player 2 placing token on slot 8
[2022-12-12 21:19:45] [SEVERE ] player 2 placing token on slot 2
[2022-12-12 21:19:45] [SEVERE ] removing player 2 token from slot 2
[2022-12-12 21:19:45] [SEVERE ] removing player 2 token from slot 8
[2022-12-12 21:19:45] [SEVERE ] removing player 2 token from slot 10
[2022-12-12 21:19:45] [SEVERE ] player 2 placing token on slot 10
[2022-12-12 21:19:45] [SEVERE ] player 2 placing token on slot 0
[2022-12-12 21:19:45] [SEVERE ] player 2 placing token on slot 9
[2022-12-12 21:19:45] [SEVERE ] removing player 2 token from slot 0
[2022-12-12 21:19:45] [SEVERE ] removing player 2 token from slot 9
[2022-12-12 21:19:45] [SEVERE ] removing player 2 token from slot 10
[2022-12-12 21:19:45] [SEVERE ] player 2 placing token on slot 4
[2022-12-12 21:19:45] [SEVERE ] player 2 placing token on slot 7
[2022-12-12 21:19:45] [SEVERE ] player 2 placing token on slot 5
[2022-12-12 21:19:45] [SEVERE ] removing player 2 token from slot 4
[2022-12-12 21:19:45] [SEVERE ] removing player 2 token from slot 5
[2022-12-12 21:19:45] [SEVERE ] removing player 2 token from slot 7
[2022-12-12 21:19:45] [SEVERE ] player 2 placing token on slot 6
[2022-12-12 21:19:45] [SEVERE ] player 2 placing token on slot 5
[2022-12-12 21:19:45] [SEVERE ] player 2 placing token on slot 7
[2022-12-12 21:19:45] [SEVERE ] removing player 2 token from slot 5
[2022-12-12 21:19:45] [SEVERE ] removing player 2 token from slot 6
[2022-12-12 21:19:45] [SEVERE ] removing player 2 token from slot 7
[2022-12-12 21:19:45] [SEVERE ] player 2 placing token on slot 3
[2022-12-12 21:19:45] [SEVERE ] player 2 placing token on slot 4
[2022-12-12 21:19:46] [SEVERE ] player 2 placing token on slot 5
[2022-12-12 21:19:46] [SEVERE ] removing player 2 token from slot 3
[2022-12-12 21:19:46] [SEVERE ] removing player 2 token from slot 4
[2022-12-12 21:19:46] [SEVERE ] removing player 2 token from slot 5
[2022-12-12 21:19:46] [SEVERE ] player 2 placing token on slot 9
[2022-12-12 21:19:46] [SEVERE ] player 2 placing token on slot 5
[2022-12-12 21:19:46] [SEVERE ] player 2 placing token on slot 4
[2022-12-12 21:19:46] [SEVERE ] removing player 2 token from slot 4
[2022-12-12 21:19:46] [SEVERE ] removing player 2 token from slot 5
[2022-12-12 21:19:46] [SEVERE ] removing player 2 token from slot 9
[2022-12-12 21:19:46] [SEVERE ] player 2 placing token on slot 1
[2022-12-12 21:19:46] [SEVERE ] player 2 placing token on slot 11
[2022-12-12 21:19:46] [SEVERE ] player 2 placing token on slot 9
[2022-12-12 21:19:46] [SEVERE ] removing player 2 token from slot 1
[2022-12-12 21:19:46] [SEVERE ] removing player 2 token from slot 9
[2022-12-12 21:19:46] [SEVERE ] removing player 2 token from slot 11
[2022-12-12 21:19:46] [SEVERE ] player 2 placing token on slot 6
[2022-12-12 21:19:46] [SEVERE ] player 2 placing token on slot 3
[2022-12-12 21:19:46] [SEVERE ] player 2 placing token on slot 0
[2022-12-12 21:19:46] [SEVERE ] removing player 2 token from slot 0
[2022-12-12 21:19:46] [SEVERE ] removing player 2 token from slot 3
[2022-12-12 21:19:46] [SEVERE ] removing player 2 token from slot 6
[2022-12-12 21:19:46] [SEVERE ] player 2 placing token on slot 7
[2022-12-12 21:19:46] [SEVERE ] player 2 placing token on slot 9
[2022-12-12 21:19:46] [SEVERE ] player 2 placing token on slot 2
[2022-12-12 21:19:46] [SEVERE ] removing player 2 token from slot 2
[2022-12-12 21:19:46] [SEVERE ] removing player 2 token from slot 7
[2022-12-12 21:19:46] [SEVERE ] removing player 2 token from slot 9
[2022-12-12 21:19:46] [SEVERE ] player 2 placing token on slot 7
[2022-12-12 21:19:46] [SEVERE ] player 2 placing token on slot 1
[2022-12-12 21:19:46] [SEVERE ] player 2 placing token on slot 8
[2022-12-12 21:19:46] [SEVERE ] removing player 2 token from slot 1
[2022-12-12 21:19:46] [SEVERE ] removing player 2 token from slot 7
[2022-12-12 21:19:46] [SEVERE ] removing player 2 token from slot 8
[2022-12-12 21:19:46] [SEVERE ] player 2 placing token on slot 5
[2022-12-12 21:19:46] [SEVERE ] player 2 placing token on slot 1
[2022-12-12 21:19:46] [SEVERE ] player 2 placing token on slot 4
[2022-12-12 21:19:46] [SEVERE ] removing player 2 token from slot 1
[2022-12-12 21:19:46] [SEVERE ] removing player 2 token from slot 4
[2022-12-12 21:19:46] [SEVERE ] removing player 2 token from slot 5
[2022-12-12 21:19:46] [SEVERE ] player 2 placing token on slot 4
[2022-12-12 21:19:46] [SEVERE ] player 2 placing token on slot 9
[2022-12-12 21:19:46] [SEVERE ] player 2 placing token on slot 2
[2022-12-12 21:19:46] [SEVERE ] removing player 2 token from slot 2
[2022-12-12 21:19:46] [SEVERE ] removing player 2 token from slot 4
[2022-12-12 21:19:46] [SEVERE ] removing player 2 token from slot 9
[2022-12-12 21:19:46] [SEVERE ] player 2 placing token on slot 1
[2022-12-12 21:19:46] [SEVERE ] player 2 placing token on slot 10
[2022-12-12 21:19:46] [SEVERE ] player 2 placing token on slot 3
[2022-12-12 21:19:46] [SEVERE ] removing player 2 token from slot 1
[2022-12-12 21:19:46] [SEVERE ] removing player 2 token from slot 3
[2022-12-12 21:19:46] [SEVERE ] removing player 2 token from slot 10
[2022-12-12 21:19:46] [SEVERE ] player 2 placing token on slot 10
[2022-12-12 21:19:46] [SEVERE ] player 2 placing token on slot 9
[2022-12-12 21:19:46] [SEVERE ] player 2 placing token on slot 7
[2022-12-12 21:19:46] [SEVERE ] removing player 2 token from slot 7
[2022-12-12 21:19:46] [SEVERE ] removing player 2 token from slot 9
[2022-12-12 21:19:46] [SEVERE ] removing player 2 token from slot 10
[2022-12-12 21:19:46] [SEVERE ] player 2 placing token on slot 9
[2022-12-12 21:19:46] [SEVERE ] player 2 placing token on slot 7
[2022-12-12 21:19:46] [SEVERE ] player 2 placing token on slot 2
[2022-12-12 21:19:46] [SEVERE ] removing player 2 token from slot 2
[2022-12-12 21:19:46] [SEVERE ] removing player 2 token from slot 7
[2022-12-12 21:19:46] [SEVERE ] removing player 2 token from slot 9
[2022-12-12 21:19:46] [SEVERE ] player 2 placing token on slot 8
[2022-12-12 21:19:46] [SEVERE ] player 2 placing token on slot 1
[2022-12-12 21:19:46] [SEVERE ] player 2 placing token on slot 5
[2022-12-12 21:19:47] [SEVERE ] removing player 2 token from slot 1
[2022-12-12 21:19:47] [SEVERE ] removing player 2 token from slot 5
[2022-12-12 21:19:47] [SEVERE ] removing player 2 token from slot 8
[2022-12-12 21:19:47] [SEVERE ] player 2 placing token on slot 5
[2022-12-12 21:19:47] [SEVERE ] player 2 placing token on slot 7
[2022-12-12 21:19:47] [SEVERE ] player 2 placing token on slot 0
[2022-12-12 21:19:47] [SEVERE ] removing player 2 token from slot 0
[2022-12-12 21:19:47] [SEVERE ] removing player 2 token from slot 5
[2022-12-12 21:19:47] [SEVERE ] removing player 2 token from slot 7
[2022-12-12 21:19:47] [SEVERE ] player 2 placing token on slot 4
[2022-12-12 21:19:47] [SEVERE ] player 2 placing token on slot 7
[2022-12-12 21:19:47] [SEVERE ] player 2 placing token on slot 8
[2022-12-12 21:19:47] [SEVERE ] removing player 2 token from slot 4
[2022-12-12 21:19:47] [SEVERE ] removing player 2 token from slot 7
[2022-12-12 21:19:47] [SEVERE ] removing player 2 token from slot 8
[2022-12-12 21:19:47] [SEVERE ] player 2 placing token on slot 5
[2022-12-12 21:19:47] [SEVERE ] player 2 placing token on slot 0
[2022-12-12 21:19:47] [SEVERE ] player 2 placing token on slot 9
[2022-12-12 21:19:47] [SEVERE ] removing player 2 token from slot 0
[2022-12-12 21:19:47] [SEVERE ] removing player 2 token from slot 5
[2022-12-12 21:19:47] [SEVERE ] removing player 2 token from slot 9
[2022-12-12 21:19:47] [SEVERE ] player 2 placing token on slot 10
[2022-12-12 21:19:47] [SEVERE ] player 2 placing token on slot 7
[2022-12-12 21:19:47] [SEVERE ] player 2 placing token on slot 2
[2022-12-12 21:19:47] [SEVERE ] removing player 2 token from slot 2
[2022-12-12 21:19:47] [SEVERE ] removing player 2 token from slot 7
[2022-12-12 21:19:47] [SEVERE ] removing player 2 token from slot 10
[2022-12-12 21:19:47] [SEVERE ] player 2 placing token on slot 8
[2022-12-12 21:19:47] [SEVERE ] player 2 placing token on slot 1
[2022-12-12 21:19:47] [SEVERE ] player 2 placing token on slot 11
[2022-12-12 21:19:47] [SEVERE ] removing player 2 token from slot 1
[2022-12-12 21:19:47] [SEVERE ] removing player 2 token from slot 8
[2022-12-12 21:19:47] [SEVERE ] removing player 2 token from slot 11
[2022-12-12 21:19:47] [SEVERE ] player 2 placing token on slot 10
[2022-12-12 21:19:47] [SEVERE ] player 2 placing token on slot 0
[2022-12-12 21:19:47] [SEVERE ] player 2 placing token on slot 7
[2022-12-12 21:19:47] [SEVERE ] removing player 2 token from slot 0
[2022-12-12 21:19:47] [SEVERE ] removing player 2 token from slot 7
[2022-12-12 21:19:47] [SEVERE ] removing player 2 token from slot 10
[2022-12-12 21:19:47] [SEVERE ] player 2 placing token on slot 4
[2022-12-12 21:19:47] [SEVERE ] player 2 placing token on slot 3
[2022-12-12 21:19:47] [SEVERE ] player 2 placing token on slot 6
[2022-12-12 21:19:47] [SEVERE ] removing player 2 token from slot 3
[2022-12-12 21:19:47] [SEVERE ] removing player 2 token from slot 4
[2022-12-12 21:19:47] [SEVERE ] removing player 2 token from slot 6
[2022-12-12 21:19:47] [SEVERE ] player 2 placing token on slot 8
[2022-12-12 21:19:47] [SEVERE ] player 2 placing token on slot 5
[2022-12-12 21:19:47] [SEVERE ] player 2 placing token on slot 0
[2022-12-12 21:19:47] [SEVERE ] removing player 2 token from slot 0
[2022-12-12 21:19:47] [SEVERE ] removing player 2 token from slot 5
[2022-12-12 21:19:47] [SEVERE ] removing player 2 token from slot 8
[2022-12-12 21:19:47] [SEVERE ] player 2 placing token on slot 6
[2022-12-12 21:19:47] [SEVERE ] player 2 placing token on slot 1
[2022-12-12 21:19:47] [SEVERE ] player 2 placing token on slot 9
[2022-12-12 21:19:47] [SEVERE ] removing player 2 token from slot 1
[2022-12-12 21:19:47] [SEVERE ] removing player 2 token from slot 6
[2022-12-12 21:19:47] [SEVERE ] removing player 2 token from slot 9
[2022-12-12 21:19:47] [SEVERE ] player 2 placing token on slot 8
[2022-12-12 21:19:47] [SEVERE ] player 2 placing token on slot 11
[2022-12-12 21:19:47] [SEVERE ] player 2 placing token on slot 3
[2022-12-12 21:19:47] [SEVERE ] removing player 2 token from slot 3
[2022-12-12 21:19:47] [SEVERE ] removing player 2 token from slot 8
[2022-12-12 21:19:47] [SEVERE ] removing player 2 token from slot 11
[2022-12-12 21:19:47] [SEVERE ] player 2 placing token on slot 6
[2022-12-12 21:19:47] [SEVERE ] player 2 placing token on slot 2
[2022-12-12 21:19:48] [SEVERE ] player 2 placing token on slot 8
[2022-12-12 21:19:48] [SEVERE ] removing player 2 token from slot 2
[2022-12-12 21:19:48] [SEVERE ] removing player 2 token from slot 6
[2022-12-12 21:19:48] [SEVERE ] removing player 2 token from slot 8
[2022-12-12 21:19:48] [SEVERE ] player 2 placing token on slot 1
[2022-12-12 21:19:48] [SEVERE ] player 2 placing token on slot 8
[2022-12-12 21:19:48] [SEVERE ] player 2 placing token on slot 3
[2022-12-12 21:19:48] [SEVERE ] removing player 2 token from slot 1
[2022-12-12 21:19:48] [SEVERE ] removing player 2 token from slot 3
[2022-12-12 21:19:48] [SEVERE ] removing player 2 token from slot 8
[2022-12-12 21:19:48] [SEVERE ] player 2 placing token on slot 4
[2022-12-12 21:19:48] [SEVERE ] player 2 placing token on slot 5
[2022-12-12 21:19:48] [SEVERE ] player 2 placing token on slot 8
[2022-12-12 21:19:48] [SEVERE ] removing player 2 token from slot 4
[2022-12-12 21:19:48] [SEVERE ] removing player 2 token from slot 5
[2022-12-12 21:19:48] [SEVERE ] removing player 2 token from slot 8
[2022-12-12 21:19:48] [SEVERE ] player 2 placing token on slot 8
[2022-12-12 21:19:48] [SEVERE ] player 2 placing token on slot 3
[2022-12-12 21:19:48] [SEVERE ] player 2 placing token on slot 11
[2022-12-12 21:19:48] [SEVERE ] removing player 2 token from slot 3
[2022-12-12 21:19:48] [SEVERE ] removing player 2 token from slot 8
[2022-12-12 21:19:48] [SEVERE ] removing player 2 token from slot 11
[2022-12-12 21:19:48] [SEVERE ] player 2 placing token on slot 7
[2022-12-12 21:19:48] [SEVERE ] player 2 placing token on slot 9
[2022-12-12 21:19:48] [SEVERE ] player 2 placing token on slot 1
[2022-12-12 21:19:48] [SEVERE ] removing player 2 token from slot 1
[2022-12-12 21:19:48] [SEVERE ] removing player 2 token from slot 7
[2022-12-12 21:19:48] [SEVERE ] removing player 2 token from slot 9
[2022-12-12 21:19:48] [SEVERE ] player 2 placing token on slot 2
[2022-12-12 21:19:48] [SEVERE ] player 2 placing token on slot 0
[2022-12-12 21:19:48] [SEVERE ] player 2 placing token on slot 9
[2022-12-12 21:19:48] [SEVERE ] removing player 2 token from slot 0
[2022-12-12 21:19:48] [SEVERE ] removing player 2 token from slot 2
[2022-12-12 21:19:48] [SEVERE ] removing player 2 token from slot 9
[2022-12-12 21:19:48] [SEVERE ] player 2 placing token on slot 5
[2022-12-12 21:19:48] [SEVERE ] player 2 placing token on slot 1
[2022-12-12 21:19:48] [SEVERE ] player 2 placing token on slot 11
[2022-12-12 21:19:48] [SEVERE ] removing player 2 token from slot 1
[2022-12-12 21:19:48] [SEVERE ] removing player 2 token from slot 5
[2022-12-12 21:19:48] [SEVERE ] removing player 2 token from slot 11
[2022-12-12 21:19:48] [SEVERE ] player 2 placing token on slot 8
[2022-12-12 21:19:48] [SEVERE ] player 2 placing token on slot 4
[2022-12-12 21:19:48] [SEVERE ] player 2 placing token on slot 10
[2022-12-12 21:19:48] [SEVERE ] removing player 2 token from slot 4
[2022-12-12 21:19:48] [SEVERE ] removing player 2 token from slot 8
[2022-12-12 21:19:48] [SEVERE ] removing player 2 token from slot 10
[2022-12-12 21:19:48] [SEVERE ] player 2 placing token on slot 4
[2022-12-12 21:19:48] [SEVERE ] player 2 placing token on slot 8
[2022-12-12 21:19:48] [SEVERE ] player 2 placing token on slot 6
[2022-12-12 21:19:48] [SEVERE ] removing player 2 token from slot 4
[2022-12-12 21:19:48] [SEVERE ] removing player 2 token from slot 6
[2022-12-12 21:19:48] [SEVERE ] removing player 2 token from slot 8
[2022-12-12 21:19:48] [SEVERE ] player 2 placing token on slot 9
[2022-12-12 21:19:48] [SEVERE ] player 2 placing token on slot 5
[2022-12-12 21:19:48] [SEVERE ] player 2 placing token on slot 0
[2022-12-12 21:19:48] [SEVERE ] removing player 2 token from slot 0
[2022-12-12 21:19:48] [SEVERE ] removing player 2 token from slot 5
[2022-12-12 21:19:48] [SEVERE ] removing player 2 token from slot 9
[2022-12-12 21:19:48] [SEVERE ] player 2 placing token on slot 7
[2022-12-12 21:19:48] [SEVERE ] player 2 placing token on slot 9
[2022-12-12 21:19:49] [SEVERE ] player 2 placing token on slot 10
[2022-12-12 21:19:49] [SEVERE ] removing player 2 token from slot 7
[2022-12-12 21:19:49] [SEVERE ] removing player 2 token from slot 9
[2022-12-12 21:19:49] [SEVERE ] removing player 2 token from slot 10
[2022-12-12 21:19:49] [SEVERE ] player 2 placing token on slot 5
[2022-12-12 21:19:49] [SEVERE ] player 2 placing token on slot 6
[2022-12-12 21:19:49] [SEVERE ] player 2 placing token on slot 8
[2022-12-12 21:19:49] [SEVERE ] removing player 2 token from slot 5
[2022-12-12 21:19:49] [SEVERE ] removing player 2 token from slot 6
[2022-12-12 21:19:49] [SEVERE ] removing player 2 token from slot 8
[2022-12-12 21:19:49] [SEVERE ] player 2 placing token on slot 0
[2022-12-12 21:19:49] [SEVERE ] player 2 placing token on slot 10
[2022-12-12 21:19:49] [SEVERE ] player 2 placing token on slot 11
[2022-12-12 21:19:49] [SEVERE ] removing player 2 token from slot 0
[2022-12-12 21:19:49] [SEVERE ] removing player 2 token from slot 10
[2022-12-12 21:19:49] [SEVERE ] removing player 2 token from slot 11
[2022-12-12 21:19:49] [SEVERE ] player 2 placing token on slot 8
[2022-12-12 21:19:49] [SEVERE ] player 2 placing token on slot 7
[2022-12-12 21:19:49] [SEVERE ] player 2 placing token on slot 5
[2022-12-12 21:19:49] [SEVERE ] removing player 2 token from slot 5
[2022-12-12 21:19:49] [SEVERE ] removing player 2 token from slot 7
[2022-12-12 21:19:49] [SEVERE ] removing player 2 token from slot 8
[2022-12-12 21:19:49] [SEVERE ] player 2 placing token on slot 6
[2022-12-12 21:19:49] [SEVERE ] player 2 placing token on slot 2
[2022-12-12 21:19:49] [SEVERE ] player 2 placing token on slot 4
[2022-12-12 21:19:49] [SEVERE ] removing player 2 token from slot 2
[2022-12-12 21:19:49] [SEVERE ] removing player 2 token from slot 4
[2022-12-12 21:19:49] [SEVERE ] removing player 2 token from slot 6
[2022-12-12 21:19:49] [SEVERE ] player 2 placing token on slot 6
[2022-12-12 21:19:49] [SEVERE ] player 2 placing token on slot 11
[2022-12-12 21:19:49] [SEVERE ] player 2 placing token on slot 2
[2022-12-12 21:19:49] [SEVERE ] removing player 2 token from slot 2
[2022-12-12 21:19:49] [SEVERE ] removing player 2 token from slot 6
[2022-12-12 21:19:49] [SEVERE ] removing player 2 token from slot 11
[2022-12-12 21:19:49] [SEVERE ] player 2 placing token on slot 3
[2022-12-12 21:19:49] [SEVERE ] player 2 placing token on slot 5
[2022-12-12 21:19:49] [SEVERE ] player 2 placing token on slot 0
[2022-12-12 21:19:49] [SEVERE ] removing player 2 token from slot 0
[2022-12-12 21:19:49] [SEVERE ] removing player 2 token from slot 3
[2022-12-12 21:19:49] [SEVERE ] removing player 2 token from slot 5
[2022-12-12 21:19:49] [SEVERE ] player 2 placing token on slot 0
[2022-12-12 21:19:49] [SEVERE ] player 2 placing token on slot 8
[2022-12-12 21:19:49] [SEVERE ] player 2 placing token on slot 7
[2022-12-12 21:19:49] [SEVERE ] removing player 2 token from slot 0
[2022-12-12 21:19:49] [SEVERE ] removing player 2 token from slot 7
[2022-12-12 21:19:49] [SEVERE ] removing player 2 token from slot 8
[2022-12-12 21:19:49] [SEVERE ] player 2 placing token on slot 1
[2022-12-12 21:19:49] [SEVERE ] player 2 placing token on slot 2
[2022-12-12 21:19:49] [SEVERE ] player 2 placing token on slot 5
[2022-12-12 21:19:49] [SEVERE ] removing player 2 token from slot 1
[2022-12-12 21:19:49] [SEVERE ] removing player 2 token from slot 2
[2022-12-12 21:19:49] [SEVERE ] removing player 2 token from slot 5
[2022-12-12 21:19:49] [SEVERE ] player 2 placing token on slot 5
[2022-12-12 21:19:49] [SEVERE ] player 2 placing token on slot 3
[2022-12-12 21:19:49] [SEVERE ] player 2 placing token on slot 1
[2022-12-12 21:19:49] [SEVERE ] removing player 2 token from slot 1
[2022-12-12 21:19:49] [SEVERE ] removing player 2 token from slot 3
[2022-12-12 21:19:49] [SEVERE ] removing player 2 token from slot 5
[2022-12-12 21:19:49] [SEVERE ] player 2 placing token on slot 2
[2022-12-12 21:19:49] [SEVERE ] player 2 placing token on slot 11
[2022-12-12 21:19:49] [SEVERE ] player 2 placing token on slot 4
[2022-12-12 21:19:49] [SEVERE ] removing player 2 token from slot 2
[2022-12-12 21:19:49] [SEVERE ] removing player 2 token from slot 4
[2022-12-12 21:19:49] [SEVERE ] removing player 2 token from slot 11
[2022-12-12 21:19:49] [SEVERE ] player 2 placing token on slot 5
[2022-12-12 21:19:49] [SEVERE ] player 2 placing token on slot 10
[2022-12-12 21:19:50] [SEVERE ] player 2 placing token on slot 1
[2022-12-12 21:19:50] [SEVERE ] removing player 2 token from slot 1
[2022-12-12 21:19:50] [SEVERE ] removing player 2 token from slot 5
[2022-12-12 21:19:50] [SEVERE ] removing player 2 token from slot 10
[2022-12-12 21:19:50] [SEVERE ] player 2 placing token on slot 5
[2022-12-12 21:19:50] [SEVERE ] player 2 placing token on slot 2
[2022-12-12 21:19:50] [SEVERE ] player 2 placing token on slot 11
[2022-12-12 21:19:50] [SEVERE ] removing player 2 token from slot 2
[2022-12-12 21:19:50] [SEVERE ] removing player 2 token from slot 5
[2022-12-12 21:19:50] [SEVERE ] removing player 2 token from slot 11
[2022-12-12 21:19:50] [SEVERE ] player 2 placing token on slot 0
[2022-12-12 21:19:50] [SEVERE ] player 2 placing token on slot 2
[2022-12-12 21:19:50] [SEVERE ] player 2 placing token on slot 7
[2022-12-12 21:19:50] [SEVERE ] removing player 2 token from slot 0
[2022-12-12 21:19:50] [SEVERE ] removing player 2 token from slot 2
[2022-12-12 21:19:50] [SEVERE ] removing player 2 token from slot 7
[2022-12-12 21:19:50] [SEVERE ] player 2 placing token on slot 1
[2022-12-12 21:19:50] [SEVERE ] player 2 placing token on slot 4
[2022-12-12 21:19:50] [SEVERE ] player 2 placing token on slot 2
[2022-12-12 21:19:50] [SEVERE ] removing player 2 token from slot 1
[2022-12-12 21:19:50] [SEVERE ] removing player 2 token from slot 2
[2022-12-12 21:19:50] [SEVERE ] removing player 2 token from slot 4
[2022-12-12 21:19:50] [SEVERE ] player 2 placing token on slot 10
[2022-12-12 21:19:50] [SEVERE ] player 2 placing token on slot 4
[2022-12-12 21:19:50] [SEVERE ] player 2 placing token on slot 2
[2022-12-12 21:19:50] [SEVERE ] removing player 2 token from slot 2
[2022-12-12 21:19:50] [SEVERE ] removing player 2 token from slot 4
[2022-12-12 21:19:50] [SEVERE ] removing player 2 token from slot 10
[2022-12-12 21:19:50] [SEVERE ] player 2 placing token on slot 6
[2022-12-12 21:19:50] [SEVERE ] player 2 placing token on slot 11
[2022-12-12 21:19:50] [SEVERE ] player 2 placing token on slot 4
[2022-12-12 21:19:50] [SEVERE ] removing player 2 token from slot 4
[2022-12-12 21:19:50] [SEVERE ] removing player 2 token from slot 6
[2022-12-12 21:19:50] [SEVERE ] removing player 2 token from slot 11
[2022-12-12 21:19:50] [SEVERE ] player 2 placing token on slot 0
[2022-12-12 21:19:50] [SEVERE ] player 2 placing token on slot 5
[2022-12-12 21:19:50] [SEVERE ] player 2 placing token on slot 8
[2022-12-12 21:19:50] [SEVERE ] removing player 2 token from slot 0
[2022-12-12 21:19:50] [SEVERE ] removing player 2 token from slot 5
[2022-12-12 21:19:50] [SEVERE ] removing player 2 token from slot 8
[2022-12-12 21:19:50] [SEVERE ] player 2 placing token on slot 2
[2022-12-12 21:19:50] [SEVERE ] player 2 placing token on slot 1
[2022-12-12 21:19:50] [SEVERE ] player 2 placing token on slot 0
[2022-12-12 21:19:50] [SEVERE ] removing player 2 token from slot 0
[2022-12-12 21:19:50] [SEVERE ] removing player 2 token from slot 1
[2022-12-12 21:19:50] [SEVERE ] removing player 2 token from slot 2
[2022-12-12 21:19:50] [SEVERE ] player 2 placing token on slot 6
[2022-12-12 21:19:50] [SEVERE ] player 2 placing token on slot 1
[2022-12-12 21:19:50] [SEVERE ] player 2 placing token on slot 8
[2022-12-12 21:19:50] [SEVERE ] removing player 2 token from slot 1
[2022-12-12 21:19:50] [SEVERE ] removing player 2 token from slot 6
[2022-12-12 21:19:50] [SEVERE ] removing player 2 token from slot 8
[2022-12-12 21:19:50] [SEVERE ] player 2 placing token on slot 0
[2022-12-12 21:19:50] [SEVERE ] player 2 placing token on slot 1
[2022-12-12 21:19:50] [SEVERE ] player 2 placing token on slot 2
[2022-12-12 21:19:50] [SEVERE ] removing player 2 token from slot 0
[2022-12-12 21:19:50] [SEVERE ] removing player 2 token from slot 1
[2022-12-12 21:19:50] [SEVERE ] removing player 2 token from slot 2
[2022-12-12 21:19:50] [SEVERE ] player 2 placing token on slot 0
[2022-12-12 21:19:50] [SEVERE ] player 2 placing token on slot 9
[2022-12-12 21:19:50] [SEVERE ] player 2 placing token on slot 5
[2022-12-12 21:19:50] [SEVERE ] removing player 2 token from slot 0
[2022-12-12 21:19:50] [SEVERE ] removing player 2 token from slot 5
[2022-12-12 21:19:50] [SEVERE ] removing player 2 token from slot 9
[2022-12-12 21:19:50] [SEVERE ] player 2 placing token on slot 1
[2022-12-12 21:19:50] [SEVERE ] player 2 placing token on slot 11
[2022-12-12 21:19:51] [SEVERE ] player 2 placing token on slot 5
[2022-12-12 21:19:51] [SEVERE ] removing player 2 token from slot 1
[2022-12-12 21:19:51] [SEVERE ] removing player 2 token from slot 5
[2022-12-12 21:19:51] [SEVERE ] removing player 2 token from slot 11
[2022-12-12 21:19:51] [SEVERE ] player 2 placing token on slot 3
[2022-12-12 21:19:51] [SEVERE ] player 2 placing token on slot 1
[2022-12-12 21:19:51] [SEVERE ] player 2 placing token on slot 5
[2022-12-12 21:19:51] [SEVERE ] removing player 2 token from slot 1
[2022-12-12 21:19:51] [SEVERE ] removing player 2 token from slot 3
[2022-12-12 21:19:51] [SEVERE ] removing player 2 token from slot 5
[2022-12-12 21:19:51] [SEVERE ] player 2 placing token on slot 2
[2022-12-12 21:19:51] [SEVERE ] player 2 placing token on slot 5
[2022-12-12 21:19:51] [SEVERE ] player 2 placing token on slot 9
[2022-12-12 21:19:51] [SEVERE ] removing tokens from slot 2
[2022-12-12 21:19:51] [SEVERE ] removing card from slot 2
[2022-12-12 21:19:51] [SEVERE ] removing tokens from slot 5
[2022-12-12 21:19:51] [SEVERE ] removing card from slot 5
[2022-12-12 21:19:51] [SEVERE ] removing tokens from slot 9
[2022-12-12 21:19:51] [SEVERE ] removing card from slot 9
[2022-12-12 21:19:51] [SEVERE ] setting player 2 score to 1
[2022-12-12 21:19:51] [SEVERE ] player 2 placing token on slot 1
[2022-12-12 21:19:51] [SEVERE ] player 2 placing token on slot 8
[2022-12-12 21:19:51] [SEVERE ] player 2 placing token on slot 4
[2022-12-12 21:19:51] [SEVERE ] placing card 73 in slot 2
[2022-12-12 21:19:51] [SEVERE ] placing card 50 in slot 5
[2022-12-12 21:19:51] [SEVERE ] placing card 0 in slot 9
