[2022-12-12 18:40:06] [INFO   ] cannot read configuration file config.properties trying from resources.
[2022-12-12 18:40:06] [INFO   ] configuration file was loaded from resources directory.
[2022-12-12 18:40:06] [INFO   ] Thread dealer starting.
[2022-12-12 18:40:06] [INFO   ] Thread Thread-1starting.
[2022-12-12 18:40:06] [INFO   ] Thread Thread-0starting.
[2022-12-12 18:40:07] [SEVERE ] placing card 54 in slot 0
[2022-12-12 18:40:07] [SEVERE ] placing card 35 in slot 1
[2022-12-12 18:40:07] [SEVERE ] placing card 37 in slot 2
[2022-12-12 18:40:07] [SEVERE ] placing card 52 in slot 3
[2022-12-12 18:40:07] [SEVERE ] placing card 33 in slot 4
[2022-12-12 18:40:07] [SEVERE ] placing card 39 in slot 5
[2022-12-12 18:40:07] [SEVERE ] placing card 2 in slot 6
[2022-12-12 18:40:07] [SEVERE ] placing card 47 in slot 7
[2022-12-12 18:40:07] [SEVERE ] placing card 49 in slot 8
[2022-12-12 18:40:08] [SEVERE ] placing card 14 in slot 9
[2022-12-12 18:40:08] [SEVERE ] placing card 20 in slot 10
[2022-12-12 18:40:08] [SEVERE ] placing card 60 in slot 11
[2022-12-12 18:40:13] [SEVERE ] Key 81 was pressed by player 0
[2022-12-12 18:40:13] [SEVERE ] player 0 placing token on slot 0
[2022-12-12 18:40:13] [SEVERE ] Key 87 was pressed by player 0
[2022-12-12 18:40:13] [SEVERE ] player 0 placing token on slot 1
[2022-12-12 18:40:14] [SEVERE ] Key 69 was pressed by player 0
[2022-12-12 18:40:14] [SEVERE ] player 0 placing token on slot 2
[2022-12-12 18:40:15] [SEVERE ] Key 81 was pressed by player 0
[2022-12-12 18:40:15] [SEVERE ] Key 87 was pressed by player 0
[2022-12-12 18:40:18] [SEVERE ] removing player 0 token from slot 1
[2022-12-12 18:40:18] [SEVERE ] Key 69 was pressed by player 0
[2022-12-12 18:40:18] [SEVERE ] removing player 0 token from slot 2
[2022-12-12 18:40:18] [SEVERE ] Key 81 was pressed by player 0
[2022-12-12 18:40:18] [SEVERE ] removing player 0 token from slot 0
[2022-12-12 18:40:18] [SEVERE ] Key 87 was pressed by player 0
[2022-12-12 18:40:18] [SEVERE ] player 0 placing token on slot 1
[2022-12-12 18:40:18] [SEVERE ] Key 69 was pressed by player 0
[2022-12-12 18:40:18] [SEVERE ] player 0 placing token on slot 2
