[2022-12-12 14:12:51] [INFO   ] cannot read configuration file config.properties trying from resources.
[2022-12-12 14:12:51] [INFO   ] configuration file was loaded from resources directory.
[2022-12-12 14:12:51] [INFO   ] Thread dealer starting.
[2022-12-12 14:12:51] [INFO   ] Thread Thread-0starting.
[2022-12-12 14:12:51] [INFO   ] Thread Thread-2starting.
[2022-12-12 14:12:51] [INFO   ] Thread Thread-5starting.
[2022-12-12 14:12:51] [INFO   ] Thread Thread-4starting.
[2022-12-12 14:12:51] [INFO   ] Thread Thread-3starting.
[2022-12-12 14:12:51] [INFO   ] Thread Thread-1starting.
[2022-12-12 14:12:51] [INFO   ] Thread computer-2 starting.
[2022-12-12 14:12:51] [INFO   ] Thread computer-4 starting.
[2022-12-12 14:12:51] [INFO   ] Thread computer-5 starting.
[2022-12-12 14:12:51] [INFO   ] Thread computer-3 starting.
[2022-12-12 14:12:51] [SEVERE ] placing card 1 in slot 0
[2022-12-12 14:12:52] [SEVERE ] placing card 27 in slot 1
[2022-12-12 14:12:52] [SEVERE ] placing card 24 in slot 2
[2022-12-12 14:12:52] [SEVERE ] placing card 0 in slot 3
[2022-12-12 14:12:52] [SEVERE ] placing card 54 in slot 4
[2022-12-12 14:12:52] [SEVERE ] placing card 62 in slot 5
[2022-12-12 14:12:52] [SEVERE ] placing card 52 in slot 6
[2022-12-12 14:12:52] [SEVERE ] placing card 25 in slot 7
[2022-12-12 14:12:52] [SEVERE ] placing card 45 in slot 8
[2022-12-12 14:12:52] [SEVERE ] placing card 4 in slot 9
[2022-12-12 14:12:53] [SEVERE ] placing card 10 in slot 10
[2022-12-12 14:12:53] [SEVERE ] placing card 67 in slot 11
[2022-12-12 14:12:53] [SEVERE ] player 2 placing token on slot 8
[2022-12-12 14:12:53] [SEVERE ] player 5 placing token on slot 7
[2022-12-12 14:12:54] [SEVERE ] player 4 placing token on slot 11
[2022-12-12 14:12:54] [SEVERE ] player 3 placing token on slot 8
[2022-12-12 14:12:54] [SEVERE ] player 2 placing token on slot 9
[2022-12-12 14:12:54] [SEVERE ] player 5 placing token on slot 0
[2022-12-12 14:12:54] [SEVERE ] player 4 placing token on slot 1
[2022-12-12 14:12:54] [SEVERE ] player 3 placing token on slot 5
[2022-12-12 14:12:55] [SEVERE ] player 5 placing token on slot 5
[2022-12-12 14:12:55] [SEVERE ] removing player 5 token from slot 0
[2022-12-12 14:12:55] [SEVERE ] removing player 5 token from slot 5
[2022-12-12 14:12:55] [SEVERE ] removing player 5 token from slot 7
[2022-12-12 14:12:55] [SEVERE ] player 2 placing token on slot 7
[2022-12-12 14:12:55] [SEVERE ] removing player 2 token from slot 7
[2022-12-12 14:12:55] [SEVERE ] removing player 2 token from slot 8
[2022-12-12 14:12:55] [SEVERE ] removing player 2 token from slot 9
[2022-12-12 14:12:55] [SEVERE ] player 4 placing token on slot 3
[2022-12-12 14:12:55] [SEVERE ] removing player 4 token from slot 1
[2022-12-12 14:12:55] [SEVERE ] removing player 4 token from slot 3
[2022-12-12 14:12:55] [SEVERE ] removing player 4 token from slot 11
[2022-12-12 14:12:55] [SEVERE ] player 3 placing token on slot 6
[2022-12-12 14:12:55] [SEVERE ] removing player 3 token from slot 5
[2022-12-12 14:12:55] [SEVERE ] removing player 3 token from slot 6
[2022-12-12 14:12:55] [SEVERE ] removing player 3 token from slot 8
[2022-12-12 14:12:55] [SEVERE ] player 5 placing token on slot 7
[2022-12-12 14:12:56] [SEVERE ] player 2 placing token on slot 10
[2022-12-12 14:12:56] [SEVERE ] player 4 placing token on slot 1
[2022-12-12 14:12:56] [SEVERE ] player 3 placing token on slot 11
[2022-12-12 14:12:56] [SEVERE ] player 5 placing token on slot 3
[2022-12-12 14:12:56] [SEVERE ] player 3 placing token on slot 4
[2022-12-12 14:12:57] [SEVERE ] player 2 placing token on slot 7
[2022-12-12 14:12:57] [SEVERE ] player 4 placing token on slot 7
[2022-12-12 14:12:57] [SEVERE ] player 3 placing token on slot 1
[2022-12-12 14:12:57] [SEVERE ] removing player 3 token from slot 1
[2022-12-12 14:12:57] [SEVERE ] removing player 3 token from slot 4
[2022-12-12 14:12:57] [SEVERE ] removing player 3 token from slot 11
[2022-12-12 14:12:57] [SEVERE ] player 4 placing token on slot 2
[2022-12-12 14:12:57] [SEVERE ] removing player 4 token from slot 1
[2022-12-12 14:12:57] [SEVERE ] removing player 4 token from slot 2
[2022-12-12 14:12:57] [SEVERE ] removing player 4 token from slot 7
[2022-12-12 14:12:57] [SEVERE ] player 5 placing token on slot 0
[2022-12-12 14:12:57] [SEVERE ] removing player 5 token from slot 0
[2022-12-12 14:12:57] [SEVERE ] removing player 5 token from slot 3
[2022-12-12 14:12:57] [SEVERE ] removing player 5 token from slot 7
[2022-12-12 14:12:57] [SEVERE ] player 2 placing token on slot 1
[2022-12-12 14:12:57] [SEVERE ] removing player 2 token from slot 1
[2022-12-12 14:12:57] [SEVERE ] removing player 2 token from slot 7
[2022-12-12 14:12:57] [SEVERE ] removing player 2 token from slot 10
[2022-12-12 14:12:58] [SEVERE ] player 5 placing token on slot 11
[2022-12-12 14:12:58] [SEVERE ] player 3 placing token on slot 5
[2022-12-12 14:12:58] [SEVERE ] player 4 placing token on slot 5
[2022-12-12 14:12:58] [SEVERE ] player 2 placing token on slot 2
[2022-12-12 14:12:58] [SEVERE ] player 3 placing token on slot 7
[2022-12-12 14:12:59] [SEVERE ] player 5 placing token on slot 10
[2022-12-12 14:12:59] [SEVERE ] player 4 placing token on slot 0
[2022-12-12 14:12:59] [SEVERE ] player 3 placing token on slot 6
[2022-12-12 14:12:59] [SEVERE ] removing player 3 token from slot 5
[2022-12-12 14:12:59] [SEVERE ] removing player 3 token from slot 6
[2022-12-12 14:12:59] [SEVERE ] removing player 3 token from slot 7
[2022-12-12 14:12:59] [SEVERE ] player 2 placing token on slot 5
[2022-12-12 14:12:59] [SEVERE ] player 5 placing token on slot 0
[2022-12-12 14:12:59] [SEVERE ] removing player 5 token from slot 0
[2022-12-12 14:12:59] [SEVERE ] removing player 5 token from slot 10
[2022-12-12 14:12:59] [SEVERE ] removing player 5 token from slot 11
[2022-12-12 14:13:00] [SEVERE ] player 3 placing token on slot 1
[2022-12-12 14:13:00] [SEVERE ] player 4 placing token on slot 2
[2022-12-12 14:13:00] [SEVERE ] removing player 4 token from slot 0
[2022-12-12 14:13:00] [SEVERE ] removing player 4 token from slot 2
[2022-12-12 14:13:00] [SEVERE ] removing player 4 token from slot 5
[2022-12-12 14:13:00] [SEVERE ] player 5 placing token on slot 9
[2022-12-12 14:13:00] [SEVERE ] player 2 placing token on slot 8
[2022-12-12 14:13:00] [SEVERE ] removing player 2 token from slot 2
[2022-12-12 14:13:00] [SEVERE ] removing player 2 token from slot 5
[2022-12-12 14:13:00] [SEVERE ] removing player 2 token from slot 8
[2022-12-12 14:13:00] [SEVERE ] player 3 placing token on slot 0
[2022-12-12 14:13:00] [SEVERE ] player 2 placing token on slot 6
[2022-12-12 14:13:00] [SEVERE ] player 4 placing token on slot 5
[2022-12-12 14:13:00] [SEVERE ] player 5 placing token on slot 3
[2022-12-12 14:13:01] [SEVERE ] player 2 placing token on slot 2
[2022-12-12 14:13:01] [SEVERE ] player 5 placing token on slot 7
[2022-12-12 14:13:01] [SEVERE ] removing player 5 token from slot 3
[2022-12-12 14:13:01] [SEVERE ] removing player 5 token from slot 7
[2022-12-12 14:13:01] [SEVERE ] removing player 5 token from slot 9
[2022-12-12 14:13:01] [SEVERE ] player 4 placing token on slot 4
[2022-12-12 14:13:01] [SEVERE ] player 3 placing token on slot 5
[2022-12-12 14:13:01] [SEVERE ] removing player 3 token from slot 0
[2022-12-12 14:13:01] [SEVERE ] removing player 3 token from slot 1
[2022-12-12 14:13:01] [SEVERE ] removing player 3 token from slot 5
[2022-12-12 14:13:02] [SEVERE ] player 2 placing token on slot 11
[2022-12-12 14:13:02] [SEVERE ] removing player 2 token from slot 2
[2022-12-12 14:13:02] [SEVERE ] removing player 2 token from slot 6
[2022-12-12 14:13:02] [SEVERE ] removing player 2 token from slot 11
[2022-12-12 14:13:02] [SEVERE ] player 4 placing token on slot 3
[2022-12-12 14:13:02] [SEVERE ] removing player 4 token from slot 3
[2022-12-12 14:13:02] [SEVERE ] removing player 4 token from slot 4
[2022-12-12 14:13:02] [SEVERE ] removing player 4 token from slot 5
[2022-12-12 14:13:02] [SEVERE ] player 5 placing token on slot 1
[2022-12-12 14:13:02] [SEVERE ] player 3 placing token on slot 5
[2022-12-12 14:13:03] [SEVERE ] player 2 placing token on slot 8
[2022-12-12 14:13:03] [SEVERE ] player 4 placing token on slot 2
[2022-12-12 14:13:03] [SEVERE ] player 3 placing token on slot 9
[2022-12-12 14:13:03] [SEVERE ] player 5 placing token on slot 0
[2022-12-12 14:13:03] [SEVERE ] player 5 placing token on slot 9
[2022-12-12 14:13:03] [SEVERE ] removing player 5 token from slot 0
[2022-12-12 14:13:03] [SEVERE ] removing player 5 token from slot 1
[2022-12-12 14:13:03] [SEVERE ] removing player 5 token from slot 9
[2022-12-12 14:13:04] [SEVERE ] player 4 placing token on slot 9
[2022-12-12 14:13:04] [SEVERE ] player 3 placing token on slot 10
[2022-12-12 14:13:04] [SEVERE ] removing player 3 token from slot 5
[2022-12-12 14:13:04] [SEVERE ] removing player 3 token from slot 9
[2022-12-12 14:13:04] [SEVERE ] removing player 3 token from slot 10
[2022-12-12 14:13:04] [SEVERE ] player 2 placing token on slot 11
[2022-12-12 14:13:04] [SEVERE ] player 5 placing token on slot 8
[2022-12-12 14:13:04] [SEVERE ] player 3 placing token on slot 7
[2022-12-12 14:13:04] [SEVERE ] player 4 placing token on slot 7
[2022-12-12 14:13:04] [SEVERE ] removing player 4 token from slot 2
[2022-12-12 14:13:04] [SEVERE ] removing player 4 token from slot 7
[2022-12-12 14:13:04] [SEVERE ] removing player 4 token from slot 9
[2022-12-12 14:13:05] [SEVERE ] player 2 placing token on slot 0
[2022-12-12 14:13:05] [SEVERE ] removing player 2 token from slot 0
[2022-12-12 14:13:05] [SEVERE ] removing player 2 token from slot 8
[2022-12-12 14:13:05] [SEVERE ] removing player 2 token from slot 11
[2022-12-12 14:13:05] [SEVERE ] player 5 placing token on slot 3
[2022-12-12 14:13:05] [SEVERE ] player 3 placing token on slot 1
[2022-12-12 14:13:05] [SEVERE ] player 2 placing token on slot 1
[2022-12-12 14:13:05] [SEVERE ] player 4 placing token on slot 3
[2022-12-12 14:13:05] [SEVERE ] player 3 placing token on slot 8
[2022-12-12 14:13:05] [SEVERE ] removing player 3 token from slot 1
[2022-12-12 14:13:05] [SEVERE ] removing player 3 token from slot 7
[2022-12-12 14:13:05] [SEVERE ] removing player 3 token from slot 8
[2022-12-12 14:13:06] [SEVERE ] player 5 placing token on slot 7
[2022-12-12 14:13:06] [SEVERE ] removing player 5 token from slot 3
[2022-12-12 14:13:06] [SEVERE ] removing player 5 token from slot 7
[2022-12-12 14:13:06] [SEVERE ] removing player 5 token from slot 8
[2022-12-12 14:13:06] [SEVERE ] player 2 placing token on slot 3
[2022-12-12 14:13:06] [SEVERE ] player 4 placing token on slot 9
[2022-12-12 14:13:06] [SEVERE ] player 5 placing token on slot 11
[2022-12-12 14:13:06] [SEVERE ] player 3 placing token on slot 1
[2022-12-12 14:13:07] [SEVERE ] player 4 placing token on slot 0
[2022-12-12 14:13:07] [SEVERE ] removing player 4 token from slot 0
[2022-12-12 14:13:07] [SEVERE ] removing player 4 token from slot 3
[2022-12-12 14:13:07] [SEVERE ] removing player 4 token from slot 9
[2022-12-12 14:13:07] [SEVERE ] player 2 placing token on slot 11
[2022-12-12 14:13:07] [SEVERE ] removing player 2 token from slot 1
[2022-12-12 14:13:07] [SEVERE ] removing player 2 token from slot 3
[2022-12-12 14:13:07] [SEVERE ] removing player 2 token from slot 11
[2022-12-12 14:13:07] [SEVERE ] player 5 placing token on slot 7
[2022-12-12 14:13:07] [SEVERE ] player 3 placing token on slot 3
[2022-12-12 14:13:07] [SEVERE ] player 2 placing token on slot 0
[2022-12-12 14:13:07] [SEVERE ] player 4 placing token on slot 4
[2022-12-12 14:13:08] [SEVERE ] player 5 placing token on slot 2
[2022-12-12 14:13:08] [SEVERE ] removing player 5 token from slot 2
[2022-12-12 14:13:08] [SEVERE ] removing player 5 token from slot 7
[2022-12-12 14:13:08] [SEVERE ] removing player 5 token from slot 11
[2022-12-12 14:13:08] [SEVERE ] player 3 placing token on slot 4
[2022-12-12 14:13:08] [SEVERE ] removing tokens from slot 1
[2022-12-12 14:13:08] [SEVERE ] removing card from slot 1
[2022-12-12 14:13:08] [SEVERE ] removing tokens from slot 3
[2022-12-12 14:13:08] [SEVERE ] removing card from slot 3
[2022-12-12 14:13:08] [SEVERE ] player 2 placing token on slot 6
[2022-12-12 14:13:08] [SEVERE ] removing tokens from slot 4
[2022-12-12 14:13:08] [SEVERE ] removing card from slot 4
[2022-12-12 14:13:08] [SEVERE ] setting player 3 score to 1
[2022-12-12 14:13:08] [SEVERE ] placing card 40 in slot 1
[2022-12-12 14:13:08] [SEVERE ] player 4 placing token on slot 10
[2022-12-12 14:13:08] [SEVERE ] placing card 30 in slot 3
[2022-12-12 14:13:08] [SEVERE ] player 5 placing token on slot 2
[2022-12-12 14:13:08] [SEVERE ] placing card 37 in slot 4
[2022-12-12 14:13:08] [SEVERE ] player 3 placing token on slot 1
[2022-12-12 14:13:09] [SEVERE ] player 2 placing token on slot 9
[2022-12-12 14:13:09] [SEVERE ] removing player 2 token from slot 0
[2022-12-12 14:13:09] [SEVERE ] removing player 2 token from slot 6
[2022-12-12 14:13:09] [SEVERE ] removing player 2 token from slot 9
[2022-12-12 14:13:09] [SEVERE ] player 4 placing token on slot 3
[2022-12-12 14:13:09] [SEVERE ] player 5 placing token on slot 6
[2022-12-12 14:13:09] [SEVERE ] player 3 placing token on slot 10
[2022-12-12 14:13:09] [SEVERE ] player 2 placing token on slot 9
[2022-12-12 14:13:09] [SEVERE ] player 5 placing token on slot 9
[2022-12-12 14:13:09] [SEVERE ] removing player 5 token from slot 2
[2022-12-12 14:13:09] [SEVERE ] removing player 5 token from slot 6
[2022-12-12 14:13:09] [SEVERE ] removing player 5 token from slot 9
[2022-12-12 14:13:10] [SEVERE ] player 2 placing token on slot 0
[2022-12-12 14:13:10] [SEVERE ] player 3 placing token on slot 5
[2022-12-12 14:13:10] [SEVERE ] removing player 3 token from slot 1
[2022-12-12 14:13:10] [SEVERE ] removing player 3 token from slot 5
[2022-12-12 14:13:10] [SEVERE ] removing player 3 token from slot 10
[2022-12-12 14:13:10] [SEVERE ] player 5 placing token on slot 10
[2022-12-12 14:13:10] [SEVERE ] player 2 placing token on slot 10
[2022-12-12 14:13:10] [SEVERE ] removing player 2 token from slot 0
[2022-12-12 14:13:10] [SEVERE ] removing player 2 token from slot 9
[2022-12-12 14:13:10] [SEVERE ] removing player 2 token from slot 10
[2022-12-12 14:13:11] [SEVERE ] player 3 placing token on slot 3
[2022-12-12 14:13:11] [SEVERE ] player 5 placing token on slot 7
[2022-12-12 14:13:11] [SEVERE ] player 3 placing token on slot 0
[2022-12-12 14:13:11] [SEVERE ] player 2 placing token on slot 8
[2022-12-12 14:13:12] [SEVERE ] player 5 placing token on slot 6
[2022-12-12 14:13:12] [SEVERE ] removing player 5 token from slot 6
[2022-12-12 14:13:12] [SEVERE ] removing player 5 token from slot 7
[2022-12-12 14:13:12] [SEVERE ] removing player 5 token from slot 10
[2022-12-12 14:13:12] [SEVERE ] player 2 placing token on slot 9
[2022-12-12 14:13:12] [SEVERE ] player 3 placing token on slot 4
[2022-12-12 14:13:12] [SEVERE ] removing player 3 token from slot 0
[2022-12-12 14:13:12] [SEVERE ] removing player 3 token from slot 3
[2022-12-12 14:13:12] [SEVERE ] removing player 3 token from slot 4
[2022-12-12 14:13:13] [SEVERE ] player 5 placing token on slot 0
[2022-12-12 14:13:13] [SEVERE ] player 2 placing token on slot 2
[2022-12-12 14:13:13] [SEVERE ] removing player 2 token from slot 2
[2022-12-12 14:13:13] [SEVERE ] removing player 2 token from slot 8
[2022-12-12 14:13:13] [SEVERE ] removing player 2 token from slot 9
[2022-12-12 14:13:13] [SEVERE ] player 3 placing token on slot 3
[2022-12-12 14:13:13] [SEVERE ] player 5 placing token on slot 3
[2022-12-12 14:13:14] [SEVERE ] player 2 placing token on slot 0
[2022-12-12 14:13:14] [SEVERE ] player 3 placing token on slot 0
[2022-12-12 14:13:14] [SEVERE ] player 5 placing token on slot 1
[2022-12-12 14:13:14] [SEVERE ] removing player 5 token from slot 0
[2022-12-12 14:13:14] [SEVERE ] removing player 5 token from slot 1
[2022-12-12 14:13:14] [SEVERE ] removing player 5 token from slot 3
[2022-12-12 14:13:14] [SEVERE ] player 2 placing token on slot 4
[2022-12-12 14:13:14] [SEVERE ] player 3 placing token on slot 2
[2022-12-12 14:13:14] [SEVERE ] removing player 3 token from slot 0
[2022-12-12 14:13:14] [SEVERE ] removing player 3 token from slot 2
[2022-12-12 14:13:14] [SEVERE ] removing player 3 token from slot 3
[2022-12-12 14:13:15] [SEVERE ] player 5 placing token on slot 5
[2022-12-12 14:13:15] [SEVERE ] player 2 placing token on slot 2
[2022-12-12 14:13:15] [SEVERE ] removing player 2 token from slot 0
[2022-12-12 14:13:15] [SEVERE ] removing player 2 token from slot 2
[2022-12-12 14:13:15] [SEVERE ] removing player 2 token from slot 4
[2022-12-12 14:13:15] [SEVERE ] player 3 placing token on slot 11
[2022-12-12 14:13:16] [SEVERE ] player 5 placing token on slot 10
