[2022-12-12 14:17:13] [INFO   ] cannot read configuration file config.properties trying from resources.
[2022-12-12 14:17:13] [INFO   ] configuration file was loaded from resources directory.
[2022-12-12 14:17:14] [INFO   ] Thread Thread-0starting.
[2022-12-12 14:17:14] [INFO   ] Thread dealer starting.
[2022-12-12 14:17:14] [INFO   ] Thread Thread-2starting.
[2022-12-12 14:17:14] [INFO   ] Thread Thread-1starting.
[2022-12-12 14:17:14] [INFO   ] Thread Thread-3starting.
[2022-12-12 14:17:14] [INFO   ] Thread Thread-4starting.
[2022-12-12 14:17:14] [INFO   ] Thread Thread-5starting.
[2022-12-12 14:17:14] [INFO   ] Thread computer-3 starting.
[2022-12-12 14:17:14] [INFO   ] Thread computer-2 starting.
[2022-12-12 14:17:14] [INFO   ] Thread computer-4 starting.
[2022-12-12 14:17:14] [INFO   ] Thread computer-5 starting.
[2022-12-12 14:17:14] [SEVERE ] placing card 3 in slot 0
[2022-12-12 14:17:14] [SEVERE ] placing card 79 in slot 1
[2022-12-12 14:17:14] [SEVERE ] placing card 25 in slot 2
[2022-12-12 14:17:14] [SEVERE ] placing card 40 in slot 3
[2022-12-12 14:17:14] [SEVERE ] placing card 49 in slot 4
[2022-12-12 14:17:14] [SEVERE ] placing card 10 in slot 5
[2022-12-12 14:17:14] [SEVERE ] placing card 23 in slot 6
[2022-12-12 14:17:15] [SEVERE ] placing card 67 in slot 7
[2022-12-12 14:17:15] [SEVERE ] placing card 33 in slot 8
[2022-12-12 14:17:15] [SEVERE ] placing card 9 in slot 9
[2022-12-12 14:17:15] [SEVERE ] placing card 63 in slot 10
[2022-12-12 14:17:15] [SEVERE ] placing card 58 in slot 11
[2022-12-12 14:17:16] [SEVERE ] player 3 placing token on slot 4
[2022-12-12 14:17:16] [SEVERE ] player 5 placing token on slot 9
[2022-12-12 14:17:16] [SEVERE ] player 4 placing token on slot 11
[2022-12-12 14:17:16] [SEVERE ] player 2 placing token on slot 10
[2022-12-12 14:17:16] [SEVERE ] player 3 placing token on slot 0
[2022-12-12 14:17:17] [SEVERE ] player 2 placing token on slot 6
[2022-12-12 14:17:17] [SEVERE ] player 4 placing token on slot 10
[2022-12-12 14:17:17] [SEVERE ] player 5 placing token on slot 7
[2022-12-12 14:17:17] [SEVERE ] player 2 placing token on slot 11
[2022-12-12 14:17:17] [SEVERE ] removing player 2 token from slot 6
[2022-12-12 14:17:17] [SEVERE ] removing player 2 token from slot 10
[2022-12-12 14:17:17] [SEVERE ] removing player 2 token from slot 11
[2022-12-12 14:17:17] [SEVERE ] player 3 placing token on slot 10
[2022-12-12 14:17:17] [SEVERE ] removing player 3 token from slot 0
[2022-12-12 14:17:17] [SEVERE ] removing player 3 token from slot 4
[2022-12-12 14:17:17] [SEVERE ] removing player 3 token from slot 10
[2022-12-12 14:17:17] [SEVERE ] player 4 placing token on slot 2
[2022-12-12 14:17:17] [SEVERE ] removing player 4 token from slot 2
[2022-12-12 14:17:17] [SEVERE ] removing player 4 token from slot 10
[2022-12-12 14:17:17] [SEVERE ] removing player 4 token from slot 11
[2022-12-12 14:17:18] [SEVERE ] player 5 placing token on slot 8
[2022-12-12 14:17:18] [SEVERE ] removing player 5 token from slot 7
[2022-12-12 14:17:18] [SEVERE ] removing player 5 token from slot 8
[2022-12-12 14:17:18] [SEVERE ] removing player 5 token from slot 9
[2022-12-12 14:17:18] [SEVERE ] player 3 placing token on slot 7
[2022-12-12 14:17:18] [SEVERE ] player 4 placing token on slot 11
[2022-12-12 14:17:18] [SEVERE ] player 2 placing token on slot 4
[2022-12-12 14:17:18] [SEVERE ] player 5 placing token on slot 6
[2022-12-12 14:17:19] [SEVERE ] player 3 placing token on slot 6
[2022-12-12 14:17:19] [SEVERE ] player 5 placing token on slot 10
[2022-12-12 14:17:19] [SEVERE ] player 2 placing token on slot 11
[2022-12-12 14:17:19] [SEVERE ] player 4 placing token on slot 7
[2022-12-12 14:17:19] [SEVERE ] player 3 placing token on slot 9
[2022-12-12 14:17:19] [SEVERE ] removing player 3 token from slot 6
[2022-12-12 14:17:19] [SEVERE ] removing player 3 token from slot 7
[2022-12-12 14:17:19] [SEVERE ] removing player 3 token from slot 9
[2022-12-12 14:17:19] [SEVERE ] player 5 placing token on slot 11
[2022-12-12 14:17:19] [SEVERE ] removing player 5 token from slot 6
[2022-12-12 14:17:19] [SEVERE ] removing player 5 token from slot 10
[2022-12-12 14:17:19] [SEVERE ] removing player 5 token from slot 11
[2022-12-12 14:17:19] [SEVERE ] player 2 placing token on slot 6
[2022-12-12 14:17:19] [SEVERE ] removing player 2 token from slot 4
[2022-12-12 14:17:19] [SEVERE ] removing player 2 token from slot 6
[2022-12-12 14:17:19] [SEVERE ] removing player 2 token from slot 11
[2022-12-12 14:17:20] [SEVERE ] player 4 placing token on slot 3
[2022-12-12 14:17:20] [SEVERE ] removing player 4 token from slot 3
[2022-12-12 14:17:20] [SEVERE ] removing player 4 token from slot 7
[2022-12-12 14:17:20] [SEVERE ] removing player 4 token from slot 11
[2022-12-12 14:17:20] [SEVERE ] player 3 placing token on slot 1
[2022-12-12 14:17:20] [SEVERE ] player 2 placing token on slot 2
[2022-12-12 14:17:20] [SEVERE ] player 5 placing token on slot 8
[2022-12-12 14:17:20] [SEVERE ] player 4 placing token on slot 8
[2022-12-12 14:17:21] [SEVERE ] player 5 placing token on slot 5
[2022-12-12 14:17:21] [SEVERE ] player 3 placing token on slot 4
[2022-12-12 14:17:21] [SEVERE ] player 4 placing token on slot 10
[2022-12-12 14:17:21] [SEVERE ] player 2 placing token on slot 5
[2022-12-12 14:17:22] [SEVERE ] player 3 placing token on slot 7
[2022-12-12 14:17:22] [SEVERE ] removing player 3 token from slot 1
[2022-12-12 14:17:22] [SEVERE ] removing player 3 token from slot 4
[2022-12-12 14:17:22] [SEVERE ] removing player 3 token from slot 7
[2022-12-12 14:17:22] [SEVERE ] player 4 placing token on slot 3
[2022-12-12 14:17:22] [SEVERE ] removing player 4 token from slot 3
[2022-12-12 14:17:22] [SEVERE ] removing player 4 token from slot 8
[2022-12-12 14:17:22] [SEVERE ] removing player 4 token from slot 10
[2022-12-12 14:17:22] [SEVERE ] player 5 placing token on slot 1
[2022-12-12 14:17:22] [SEVERE ] removing player 5 token from slot 1
[2022-12-12 14:17:22] [SEVERE ] removing player 5 token from slot 5
[2022-12-12 14:17:22] [SEVERE ] removing player 5 token from slot 8
[2022-12-12 14:17:22] [SEVERE ] player 2 placing token on slot 7
[2022-12-12 14:17:22] [SEVERE ] removing player 2 token from slot 2
[2022-12-12 14:17:22] [SEVERE ] removing player 2 token from slot 5
[2022-12-12 14:17:22] [SEVERE ] removing player 2 token from slot 7
[2022-12-12 14:17:22] [SEVERE ] player 3 placing token on slot 0
[2022-12-12 14:17:22] [SEVERE ] player 4 placing token on slot 4
[2022-12-12 14:17:23] [SEVERE ] player 5 placing token on slot 10
[2022-12-12 14:17:23] [SEVERE ] player 2 placing token on slot 10
[2022-12-12 14:17:23] [SEVERE ] player 4 placing token on slot 3
[2022-12-12 14:17:23] [SEVERE ] player 5 placing token on slot 6
[2022-12-12 14:17:23] [SEVERE ] player 3 placing token on slot 6
[2022-12-12 14:17:23] [SEVERE ] player 4 placing token on slot 1
[2022-12-12 14:17:23] [SEVERE ] removing player 4 token from slot 1
[2022-12-12 14:17:23] [SEVERE ] removing player 4 token from slot 3
[2022-12-12 14:17:23] [SEVERE ] removing player 4 token from slot 4
[2022-12-12 14:17:24] [SEVERE ] player 2 placing token on slot 5
[2022-12-12 14:17:24] [SEVERE ] player 5 placing token on slot 2
[2022-12-12 14:17:24] [SEVERE ] removing player 5 token from slot 2
[2022-12-12 14:17:24] [SEVERE ] removing player 5 token from slot 6
[2022-12-12 14:17:24] [SEVERE ] removing player 5 token from slot 10
[2022-12-12 14:17:24] [SEVERE ] player 3 placing token on slot 2
[2022-12-12 14:17:24] [SEVERE ] removing player 3 token from slot 0
[2022-12-12 14:17:24] [SEVERE ] removing player 3 token from slot 2
[2022-12-12 14:17:24] [SEVERE ] removing player 3 token from slot 6
[2022-12-12 14:17:24] [SEVERE ] player 4 placing token on slot 7
[2022-12-12 14:17:24] [SEVERE ] player 2 placing token on slot 1
[2022-12-12 14:17:24] [SEVERE ] removing player 2 token from slot 1
[2022-12-12 14:17:24] [SEVERE ] removing player 2 token from slot 5
[2022-12-12 14:17:24] [SEVERE ] removing player 2 token from slot 10
[2022-12-12 14:17:25] [SEVERE ] player 5 placing token on slot 9
[2022-12-12 14:17:25] [SEVERE ] player 4 placing token on slot 10
[2022-12-12 14:17:25] [SEVERE ] player 3 placing token on slot 3
[2022-12-12 14:17:25] [SEVERE ] player 2 placing token on slot 0
[2022-12-12 14:17:25] [SEVERE ] player 5 placing token on slot 4
[2022-12-12 14:17:26] [SEVERE ] player 4 placing token on slot 5
[2022-12-12 14:17:26] [SEVERE ] removing player 4 token from slot 5
[2022-12-12 14:17:26] [SEVERE ] removing player 4 token from slot 7
[2022-12-12 14:17:26] [SEVERE ] removing player 4 token from slot 10
[2022-12-12 14:17:26] [SEVERE ] player 3 placing token on slot 10
[2022-12-12 14:17:26] [SEVERE ] player 2 placing token on slot 6
[2022-12-12 14:17:26] [SEVERE ] player 4 placing token on slot 7
[2022-12-12 14:17:26] [SEVERE ] player 5 placing token on slot 5
[2022-12-12 14:17:26] [SEVERE ] removing player 5 token from slot 4
[2022-12-12 14:17:26] [SEVERE ] removing player 5 token from slot 5
[2022-12-12 14:17:26] [SEVERE ] removing player 5 token from slot 9
[2022-12-12 14:17:26] [SEVERE ] player 3 placing token on slot 7
[2022-12-12 14:17:26] [SEVERE ] removing player 3 token from slot 3
[2022-12-12 14:17:26] [SEVERE ] removing player 3 token from slot 7
[2022-12-12 14:17:26] [SEVERE ] removing player 3 token from slot 10
[2022-12-12 14:17:26] [SEVERE ] player 2 placing token on slot 4
[2022-12-12 14:17:26] [SEVERE ] removing player 2 token from slot 0
[2022-12-12 14:17:26] [SEVERE ] removing player 2 token from slot 4
[2022-12-12 14:17:26] [SEVERE ] removing player 2 token from slot 6
[2022-12-12 14:17:27] [SEVERE ] player 4 placing token on slot 10
[2022-12-12 14:17:27] [SEVERE ] player 5 placing token on slot 11
[2022-12-12 14:17:27] [SEVERE ] player 3 placing token on slot 4
[2022-12-12 14:17:27] [SEVERE ] player 2 placing token on slot 7
[2022-12-12 14:17:28] [SEVERE ] player 4 placing token on slot 1
[2022-12-12 14:17:28] [SEVERE ] removing player 4 token from slot 1
[2022-12-12 14:17:28] [SEVERE ] removing player 4 token from slot 7
[2022-12-12 14:17:28] [SEVERE ] removing player 4 token from slot 10
[2022-12-12 14:17:28] [SEVERE ] player 3 placing token on slot 1
[2022-12-12 14:17:28] [SEVERE ] player 5 placing token on slot 7
[2022-12-12 14:17:28] [SEVERE ] player 2 placing token on slot 8
[2022-12-12 14:17:29] [SEVERE ] player 2 placing token on slot 6
[2022-12-12 14:17:29] [SEVERE ] removing player 2 token from slot 6
[2022-12-12 14:17:29] [SEVERE ] removing player 2 token from slot 7
[2022-12-12 14:17:29] [SEVERE ] removing player 2 token from slot 8
[2022-12-12 14:17:29] [SEVERE ] player 4 placing token on slot 7
[2022-12-12 14:17:29] [SEVERE ] player 5 placing token on slot 4
[2022-12-12 14:17:29] [SEVERE ] removing player 5 token from slot 4
[2022-12-12 14:17:29] [SEVERE ] removing player 5 token from slot 7
[2022-12-12 14:17:29] [SEVERE ] removing player 5 token from slot 11
[2022-12-12 14:17:29] [SEVERE ] player 3 placing token on slot 7
[2022-12-12 14:17:29] [SEVERE ] removing player 3 token from slot 1
[2022-12-12 14:17:29] [SEVERE ] removing player 3 token from slot 4
[2022-12-12 14:17:29] [SEVERE ] removing player 3 token from slot 7
[2022-12-12 14:17:29] [SEVERE ] player 4 placing token on slot 3
[2022-12-12 14:17:29] [SEVERE ] player 5 placing token on slot 1
[2022-12-12 14:17:30] [SEVERE ] player 2 placing token on slot 5
[2022-12-12 14:17:30] [SEVERE ] player 3 placing token on slot 4
[2022-12-12 14:17:30] [SEVERE ] player 4 placing token on slot 2
[2022-12-12 14:17:30] [SEVERE ] removing player 4 token from slot 2
[2022-12-12 14:17:30] [SEVERE ] removing player 4 token from slot 3
[2022-12-12 14:17:30] [SEVERE ] removing player 4 token from slot 7
[2022-12-12 14:17:30] [SEVERE ] player 5 placing token on slot 6
[2022-12-12 14:17:30] [SEVERE ] player 3 placing token on slot 3
[2022-12-12 14:17:30] [SEVERE ] player 2 placing token on slot 3
[2022-12-12 14:17:31] [SEVERE ] player 4 placing token on slot 5
[2022-12-12 14:17:31] [SEVERE ] player 3 placing token on slot 2
[2022-12-12 14:17:31] [SEVERE ] removing player 3 token from slot 2
[2022-12-12 14:17:31] [SEVERE ] removing player 3 token from slot 3
[2022-12-12 14:17:31] [SEVERE ] removing player 3 token from slot 4
[2022-12-12 14:17:31] [SEVERE ] player 2 placing token on slot 9
[2022-12-12 14:17:31] [SEVERE ] removing player 2 token from slot 3
[2022-12-12 14:17:31] [SEVERE ] removing player 2 token from slot 5
[2022-12-12 14:17:31] [SEVERE ] removing player 2 token from slot 9
[2022-12-12 14:17:31] [SEVERE ] player 5 placing token on slot 2
[2022-12-12 14:17:31] [SEVERE ] removing player 5 token from slot 1
[2022-12-12 14:17:31] [SEVERE ] removing player 5 token from slot 2
[2022-12-12 14:17:31] [SEVERE ] removing player 5 token from slot 6
[2022-12-12 14:17:31] [SEVERE ] player 4 placing token on slot 6
[2022-12-12 14:17:31] [SEVERE ] player 2 placing token on slot 11
[2022-12-12 14:17:32] [SEVERE ] player 3 placing token on slot 10
[2022-12-12 14:17:32] [SEVERE ] player 5 placing token on slot 7
[2022-12-12 14:17:32] [SEVERE ] player 4 placing token on slot 1
[2022-12-12 14:17:32] [SEVERE ] removing player 4 token from slot 1
[2022-12-12 14:17:32] [SEVERE ] removing player 4 token from slot 5
[2022-12-12 14:17:32] [SEVERE ] removing player 4 token from slot 6
[2022-12-12 14:17:32] [SEVERE ] player 3 placing token on slot 3
[2022-12-12 14:17:32] [SEVERE ] player 2 placing token on slot 0
[2022-12-12 14:17:32] [SEVERE ] player 5 placing token on slot 3
[2022-12-12 14:17:33] [SEVERE ] player 4 placing token on slot 5
[2022-12-12 14:17:33] [SEVERE ] player 3 placing token on slot 0
[2022-12-12 14:17:33] [SEVERE ] removing player 3 token from slot 0
[2022-12-12 14:17:33] [SEVERE ] removing player 3 token from slot 3
[2022-12-12 14:17:33] [SEVERE ] removing player 3 token from slot 10
[2022-12-12 14:17:33] [SEVERE ] player 5 placing token on slot 10
[2022-12-12 14:17:33] [SEVERE ] removing player 5 token from slot 3
[2022-12-12 14:17:33] [SEVERE ] removing player 5 token from slot 7
[2022-12-12 14:17:33] [SEVERE ] removing player 5 token from slot 10
[2022-12-12 14:17:33] [SEVERE ] player 2 placing token on slot 3
[2022-12-12 14:17:33] [SEVERE ] removing player 2 token from slot 0
[2022-12-12 14:17:33] [SEVERE ] removing player 2 token from slot 3
[2022-12-12 14:17:33] [SEVERE ] removing player 2 token from slot 11
[2022-12-12 14:17:34] [SEVERE ] player 4 placing token on slot 9
[2022-12-12 14:17:34] [SEVERE ] player 5 placing token on slot 7
[2022-12-12 14:17:34] [SEVERE ] player 3 placing token on slot 7
[2022-12-12 14:17:34] [SEVERE ] player 2 placing token on slot 10
[2022-12-12 14:17:34] [SEVERE ] player 4 placing token on slot 3
[2022-12-12 14:17:34] [SEVERE ] removing player 4 token from slot 3
[2022-12-12 14:17:34] [SEVERE ] removing player 4 token from slot 5
[2022-12-12 14:17:34] [SEVERE ] removing player 4 token from slot 9
[2022-12-12 14:17:34] [SEVERE ] player 3 placing token on slot 5
[2022-12-12 14:17:34] [SEVERE ] player 5 placing token on slot 1
[2022-12-12 14:17:35] [SEVERE ] player 3 placing token on slot 3
[2022-12-12 14:17:35] [SEVERE ] removing player 3 token from slot 3
[2022-12-12 14:17:35] [SEVERE ] removing player 3 token from slot 5
[2022-12-12 14:17:35] [SEVERE ] removing player 3 token from slot 7
[2022-12-12 14:17:35] [SEVERE ] player 2 placing token on slot 9
[2022-12-12 14:17:35] [SEVERE ] player 4 placing token on slot 3
[2022-12-12 14:17:35] [SEVERE ] player 5 placing token on slot 4
[2022-12-12 14:17:35] [SEVERE ] removing player 5 token from slot 1
[2022-12-12 14:17:35] [SEVERE ] removing player 5 token from slot 4
[2022-12-12 14:17:35] [SEVERE ] removing player 5 token from slot 7
[2022-12-12 14:17:36] [SEVERE ] player 3 placing token on slot 8
[2022-12-12 14:17:36] [SEVERE ] player 4 placing token on slot 9
[2022-12-12 14:17:36] [SEVERE ] player 2 placing token on slot 11
[2022-12-12 14:17:36] [SEVERE ] removing player 2 token from slot 9
[2022-12-12 14:17:36] [SEVERE ] removing player 2 token from slot 10
[2022-12-12 14:17:36] [SEVERE ] removing player 2 token from slot 11
[2022-12-12 14:17:36] [SEVERE ] player 5 placing token on slot 2
[2022-12-12 14:17:36] [SEVERE ] player 3 placing token on slot 1
[2022-12-12 14:17:36] [SEVERE ] player 2 placing token on slot 11
[2022-12-12 14:17:37] [SEVERE ] player 4 placing token on slot 2
[2022-12-12 14:17:37] [SEVERE ] removing player 4 token from slot 2
[2022-12-12 14:17:37] [SEVERE ] removing player 4 token from slot 3
[2022-12-12 14:17:37] [SEVERE ] removing player 4 token from slot 9
[2022-12-12 14:17:37] [SEVERE ] player 5 placing token on slot 0
[2022-12-12 14:17:37] [SEVERE ] player 3 placing token on slot 9
[2022-12-12 14:17:37] [SEVERE ] removing player 3 token from slot 1
[2022-12-12 14:17:37] [SEVERE ] removing player 3 token from slot 8
[2022-12-12 14:17:37] [SEVERE ] removing player 3 token from slot 9
[2022-12-12 14:17:37] [SEVERE ] player 2 placing token on slot 8
[2022-12-12 14:17:37] [SEVERE ] player 5 placing token on slot 4
[2022-12-12 14:17:37] [SEVERE ] removing player 5 token from slot 0
[2022-12-12 14:17:37] [SEVERE ] removing player 5 token from slot 2
[2022-12-12 14:17:37] [SEVERE ] removing player 5 token from slot 4
[2022-12-12 14:17:38] [SEVERE ] player 4 placing token on slot 11
[2022-12-12 14:17:38] [SEVERE ] player 2 placing token on slot 3
[2022-12-12 14:17:38] [SEVERE ] removing player 2 token from slot 3
[2022-12-12 14:17:38] [SEVERE ] removing player 2 token from slot 8
[2022-12-12 14:17:38] [SEVERE ] removing player 2 token from slot 11
[2022-12-12 14:17:38] [SEVERE ] player 3 placing token on slot 7
[2022-12-12 14:17:38] [SEVERE ] player 5 placing token on slot 9
[2022-12-12 14:17:38] [SEVERE ] player 2 placing token on slot 1
[2022-12-12 14:17:38] [SEVERE ] player 4 placing token on slot 4
[2022-12-12 14:17:39] [SEVERE ] player 3 placing token on slot 10
[2022-12-12 14:17:39] [SEVERE ] player 5 placing token on slot 6
[2022-12-12 14:17:39] [SEVERE ] player 2 placing token on slot 4
[2022-12-12 14:17:39] [SEVERE ] player 4 placing token on slot 0
[2022-12-12 14:17:39] [SEVERE ] removing player 4 token from slot 0
[2022-12-12 14:17:39] [SEVERE ] removing player 4 token from slot 4
[2022-12-12 14:17:39] [SEVERE ] removing player 4 token from slot 11
[2022-12-12 14:17:39] [SEVERE ] player 3 placing token on slot 0
[2022-12-12 14:17:39] [SEVERE ] removing player 3 token from slot 0
[2022-12-12 14:17:39] [SEVERE ] removing player 3 token from slot 7
[2022-12-12 14:17:39] [SEVERE ] removing player 3 token from slot 10
[2022-12-12 14:17:40] [SEVERE ] player 5 placing token on slot 4
[2022-12-12 14:17:40] [SEVERE ] removing player 5 token from slot 4
[2022-12-12 14:17:40] [SEVERE ] removing player 5 token from slot 6
[2022-12-12 14:17:40] [SEVERE ] removing player 5 token from slot 9
[2022-12-12 14:17:40] [SEVERE ] player 2 placing token on slot 6
[2022-12-12 14:17:40] [SEVERE ] removing player 2 token from slot 1
[2022-12-12 14:17:40] [SEVERE ] removing player 2 token from slot 4
[2022-12-12 14:17:40] [SEVERE ] removing player 2 token from slot 6
[2022-12-12 14:17:40] [SEVERE ] player 4 placing token on slot 3
[2022-12-12 14:17:40] [SEVERE ] player 3 placing token on slot 1
[2022-12-12 14:17:40] [SEVERE ] player 2 placing token on slot 3
[2022-12-12 14:17:40] [SEVERE ] player 5 placing token on slot 0
[2022-12-12 14:17:41] [SEVERE ] player 4 placing token on slot 6
[2022-12-12 14:17:41] [SEVERE ] player 3 placing token on slot 7
[2022-12-12 14:17:41] [SEVERE ] player 5 placing token on slot 9
[2022-12-12 14:17:41] [SEVERE ] player 2 placing token on slot 4
[2022-12-12 14:17:41] [SEVERE ] player 4 placing token on slot 1
[2022-12-12 14:17:41] [SEVERE ] removing player 4 token from slot 1
[2022-12-12 14:17:41] [SEVERE ] removing player 4 token from slot 3
[2022-12-12 14:17:41] [SEVERE ] removing player 4 token from slot 6
[2022-12-12 14:17:41] [SEVERE ] player 3 placing token on slot 9
[2022-12-12 14:17:41] [SEVERE ] removing player 3 token from slot 1
[2022-12-12 14:17:41] [SEVERE ] removing player 3 token from slot 7
[2022-12-12 14:17:41] [SEVERE ] removing player 3 token from slot 9
[2022-12-12 14:17:42] [SEVERE ] player 2 placing token on slot 11
[2022-12-12 14:17:42] [SEVERE ] removing player 2 token from slot 3
[2022-12-12 14:17:42] [SEVERE ] removing player 2 token from slot 4
[2022-12-12 14:17:42] [SEVERE ] removing player 2 token from slot 11
[2022-12-12 14:17:42] [SEVERE ] player 5 placing token on slot 6
[2022-12-12 14:17:42] [SEVERE ] removing player 5 token from slot 0
[2022-12-12 14:17:42] [SEVERE ] removing player 5 token from slot 6
[2022-12-12 14:17:42] [SEVERE ] removing player 5 token from slot 9
[2022-12-12 14:17:42] [SEVERE ] player 3 placing token on slot 9
[2022-12-12 14:17:42] [SEVERE ] player 4 placing token on slot 8
[2022-12-12 14:17:42] [SEVERE ] player 2 placing token on slot 1
[2022-12-12 14:17:43] [SEVERE ] player 3 placing token on slot 3
[2022-12-12 14:17:43] [SEVERE ] player 4 placing token on slot 7
[2022-12-12 14:17:43] [SEVERE ] player 5 placing token on slot 6
[2022-12-12 14:17:43] [SEVERE ] player 2 placing token on slot 0
[2022-12-12 14:17:43] [SEVERE ] player 4 placing token on slot 1
[2022-12-12 14:17:43] [SEVERE ] removing player 4 token from slot 1
[2022-12-12 14:17:43] [SEVERE ] removing player 4 token from slot 7
[2022-12-12 14:17:43] [SEVERE ] removing player 4 token from slot 8
[2022-12-12 14:17:43] [SEVERE ] player 5 placing token on slot 5
[2022-12-12 14:17:43] [SEVERE ] player 3 placing token on slot 2
[2022-12-12 14:17:43] [SEVERE ] removing player 3 token from slot 2
[2022-12-12 14:17:43] [SEVERE ] removing player 3 token from slot 3
[2022-12-12 14:17:43] [SEVERE ] removing player 3 token from slot 9
[2022-12-12 14:17:44] [SEVERE ] player 2 placing token on slot 3
[2022-12-12 14:17:44] [SEVERE ] removing player 2 token from slot 0
[2022-12-12 14:17:44] [SEVERE ] removing player 2 token from slot 1
[2022-12-12 14:17:44] [SEVERE ] removing player 2 token from slot 3
[2022-12-12 14:17:44] [SEVERE ] player 5 placing token on slot 9
[2022-12-12 14:17:44] [SEVERE ] removing player 5 token from slot 5
[2022-12-12 14:17:44] [SEVERE ] removing player 5 token from slot 6
[2022-12-12 14:17:44] [SEVERE ] removing player 5 token from slot 9
[2022-12-12 14:17:44] [SEVERE ] player 4 placing token on slot 2
[2022-12-12 14:17:44] [SEVERE ] player 2 placing token on slot 3
[2022-12-12 14:17:44] [SEVERE ] player 3 placing token on slot 4
[2022-12-12 14:17:45] [SEVERE ] player 5 placing token on slot 6
[2022-12-12 14:17:45] [SEVERE ] player 2 placing token on slot 1
[2022-12-12 14:17:45] [SEVERE ] player 3 placing token on slot 9
[2022-12-12 14:17:45] [SEVERE ] player 4 placing token on slot 4
[2022-12-12 14:17:45] [SEVERE ] player 2 placing token on slot 6
[2022-12-12 14:17:45] [SEVERE ] removing player 2 token from slot 1
[2022-12-12 14:17:45] [SEVERE ] removing player 2 token from slot 3
[2022-12-12 14:17:45] [SEVERE ] removing player 2 token from slot 6
[2022-12-12 14:17:45] [SEVERE ] player 5 placing token on slot 9
[2022-12-12 14:17:46] [SEVERE ] player 3 placing token on slot 10
[2022-12-12 14:17:46] [SEVERE ] removing player 3 token from slot 4
[2022-12-12 14:17:46] [SEVERE ] removing player 3 token from slot 9
[2022-12-12 14:17:46] [SEVERE ] removing player 3 token from slot 10
[2022-12-12 14:17:46] [SEVERE ] player 4 placing token on slot 6
[2022-12-12 14:17:46] [SEVERE ] removing player 4 token from slot 2
[2022-12-12 14:17:46] [SEVERE ] removing player 4 token from slot 4
[2022-12-12 14:17:46] [SEVERE ] removing player 4 token from slot 6
[2022-12-12 14:17:46] [SEVERE ] player 5 placing token on slot 5
[2022-12-12 14:17:46] [SEVERE ] removing player 5 token from slot 5
[2022-12-12 14:17:46] [SEVERE ] removing player 5 token from slot 6
[2022-12-12 14:17:46] [SEVERE ] removing player 5 token from slot 9
[2022-12-12 14:17:46] [SEVERE ] player 2 placing token on slot 0
[2022-12-12 14:17:46] [SEVERE ] player 3 placing token on slot 6
[2022-12-12 14:17:46] [SEVERE ] player 4 placing token on slot 8
[2022-12-12 14:17:47] [SEVERE ] player 2 placing token on slot 3
[2022-12-12 14:17:47] [SEVERE ] player 5 placing token on slot 7
[2022-12-12 14:17:47] [SEVERE ] player 4 placing token on slot 10
[2022-12-12 14:17:47] [SEVERE ] player 3 placing token on slot 0
[2022-12-12 14:17:48] [SEVERE ] player 2 placing token on slot 2
[2022-12-12 14:17:48] [SEVERE ] removing player 2 token from slot 0
[2022-12-12 14:17:48] [SEVERE ] removing player 2 token from slot 2
[2022-12-12 14:17:48] [SEVERE ] removing player 2 token from slot 3
[2022-12-12 14:17:48] [SEVERE ] player 5 placing token on slot 1
[2022-12-12 14:17:48] [SEVERE ] player 4 placing token on slot 11
[2022-12-12 14:17:48] [SEVERE ] removing player 4 token from slot 8
[2022-12-12 14:17:48] [SEVERE ] removing player 4 token from slot 10
[2022-12-12 14:17:48] [SEVERE ] removing player 4 token from slot 11
[2022-12-12 14:17:48] [SEVERE ] player 3 placing token on slot 7
[2022-12-12 14:17:48] [SEVERE ] removing player 3 token from slot 0
[2022-12-12 14:17:48] [SEVERE ] removing player 3 token from slot 6
[2022-12-12 14:17:48] [SEVERE ] removing player 3 token from slot 7
[2022-12-12 14:17:48] [SEVERE ] player 2 placing token on slot 6
[2022-12-12 14:17:48] [SEVERE ] player 3 placing token on slot 8
[2022-12-12 14:17:48] [SEVERE ] player 5 placing token on slot 4
[2022-12-12 14:17:48] [SEVERE ] removing player 5 token from slot 1
[2022-12-12 14:17:48] [SEVERE ] removing player 5 token from slot 4
[2022-12-12 14:17:48] [SEVERE ] removing player 5 token from slot 7
[2022-12-12 14:17:49] [SEVERE ] player 4 placing token on slot 6
[2022-12-12 14:17:49] [SEVERE ] player 3 placing token on slot 2
[2022-12-12 14:17:49] [SEVERE ] player 5 placing token on slot 1
[2022-12-12 14:17:49] [SEVERE ] player 2 placing token on slot 4
[2022-12-12 14:17:49] [SEVERE ] player 4 placing token on slot 8
[2022-12-12 14:17:49] [SEVERE ] player 3 placing token on slot 4
[2022-12-12 14:17:49] [SEVERE ] removing player 3 token from slot 2
[2022-12-12 14:17:49] [SEVERE ] removing player 3 token from slot 4
[2022-12-12 14:17:49] [SEVERE ] removing player 3 token from slot 8
[2022-12-12 14:17:50] [SEVERE ] player 5 placing token on slot 7
[2022-12-12 14:17:50] [SEVERE ] player 4 placing token on slot 10
[2022-12-12 14:17:50] [SEVERE ] removing player 4 token from slot 6
[2022-12-12 14:17:50] [SEVERE ] removing player 4 token from slot 8
[2022-12-12 14:17:50] [SEVERE ] removing player 4 token from slot 10
[2022-12-12 14:17:50] [SEVERE ] player 2 placing token on slot 11
[2022-12-12 14:17:50] [SEVERE ] removing player 2 token from slot 4
[2022-12-12 14:17:50] [SEVERE ] removing player 2 token from slot 6
[2022-12-12 14:17:50] [SEVERE ] removing player 2 token from slot 11
[2022-12-12 14:17:50] [SEVERE ] player 3 placing token on slot 9
[2022-12-12 14:17:50] [SEVERE ] player 5 placing token on slot 0
[2022-12-12 14:17:50] [SEVERE ] removing player 5 token from slot 0
[2022-12-12 14:17:50] [SEVERE ] removing player 5 token from slot 1
[2022-12-12 14:17:50] [SEVERE ] removing player 5 token from slot 7
[2022-12-12 14:17:51] [SEVERE ] player 4 placing token on slot 8
[2022-12-12 14:17:51] [SEVERE ] player 3 placing token on slot 1
[2022-12-12 14:17:51] [SEVERE ] player 2 placing token on slot 2
[2022-12-12 14:17:51] [SEVERE ] player 5 placing token on slot 9
[2022-12-12 14:17:52] [SEVERE ] player 4 placing token on slot 9
[2022-12-12 14:17:52] [SEVERE ] player 2 placing token on slot 6
[2022-12-12 14:17:52] [SEVERE ] player 3 placing token on slot 6
[2022-12-12 14:17:52] [SEVERE ] removing player 3 token from slot 1
[2022-12-12 14:17:52] [SEVERE ] removing player 3 token from slot 6
[2022-12-12 14:17:52] [SEVERE ] removing player 3 token from slot 9
[2022-12-12 14:17:52] [SEVERE ] player 5 placing token on slot 11
[2022-12-12 14:17:52] [SEVERE ] player 3 placing token on slot 6
[2022-12-12 14:17:52] [SEVERE ] player 2 placing token on slot 1
[2022-12-12 14:17:52] [SEVERE ] removing player 2 token from slot 1
[2022-12-12 14:17:52] [SEVERE ] removing player 2 token from slot 2
[2022-12-12 14:17:52] [SEVERE ] removing player 2 token from slot 6
[2022-12-12 14:17:53] [SEVERE ] player 5 placing token on slot 0
[2022-12-12 14:17:53] [SEVERE ] removing player 5 token from slot 0
[2022-12-12 14:17:53] [SEVERE ] removing player 5 token from slot 9
[2022-12-12 14:17:53] [SEVERE ] removing player 5 token from slot 11
[2022-12-12 14:17:53] [SEVERE ] player 4 placing token on slot 3
[2022-12-12 14:17:53] [SEVERE ] removing player 4 token from slot 3
[2022-12-12 14:17:53] [SEVERE ] removing player 4 token from slot 8
[2022-12-12 14:17:53] [SEVERE ] removing player 4 token from slot 9
[2022-12-12 14:17:53] [SEVERE ] player 3 placing token on slot 11
[2022-12-12 14:17:53] [SEVERE ] player 2 placing token on slot 7
[2022-12-12 14:17:53] [SEVERE ] player 4 placing token on slot 4
[2022-12-12 14:17:54] [SEVERE ] player 5 placing token on slot 10
[2022-12-12 14:17:54] [SEVERE ] player 3 placing token on slot 1
[2022-12-12 14:17:54] [SEVERE ] removing player 3 token from slot 1
[2022-12-12 14:17:54] [SEVERE ] removing player 3 token from slot 6
[2022-12-12 14:17:54] [SEVERE ] removing player 3 token from slot 11
[2022-12-12 14:17:54] [SEVERE ] player 2 placing token on slot 2
[2022-12-12 14:17:54] [SEVERE ] player 5 placing token on slot 0
[2022-12-12 14:17:54] [SEVERE ] player 4 placing token on slot 0
[2022-12-12 14:17:55] [SEVERE ] player 2 placing token on slot 8
[2022-12-12 14:17:55] [SEVERE ] removing player 2 token from slot 2
[2022-12-12 14:17:55] [SEVERE ] removing player 2 token from slot 7
[2022-12-12 14:17:55] [SEVERE ] removing player 2 token from slot 8
[2022-12-12 14:17:55] [SEVERE ] player 5 placing token on slot 5
[2022-12-12 14:17:55] [SEVERE ] removing player 5 token from slot 0
[2022-12-12 14:17:55] [SEVERE ] removing player 5 token from slot 5
[2022-12-12 14:17:55] [SEVERE ] removing player 5 token from slot 10
[2022-12-12 14:17:55] [SEVERE ] player 3 placing token on slot 8
[2022-12-12 14:17:55] [SEVERE ] player 4 placing token on slot 2
[2022-12-12 14:17:55] [SEVERE ] removing player 4 token from slot 0
[2022-12-12 14:17:55] [SEVERE ] removing player 4 token from slot 2
[2022-12-12 14:17:55] [SEVERE ] removing player 4 token from slot 4
[2022-12-12 14:17:55] [SEVERE ] player 3 placing token on slot 2
[2022-12-12 14:17:56] [SEVERE ] player 5 placing token on slot 11
[2022-12-12 14:17:56] [SEVERE ] player 4 placing token on slot 8
[2022-12-12 14:17:56] [SEVERE ] player 2 placing token on slot 11
[2022-12-12 14:17:56] [SEVERE ] player 4 placing token on slot 2
[2022-12-12 14:17:56] [SEVERE ] player 2 placing token on slot 9
[2022-12-12 14:17:56] [SEVERE ] player 3 placing token on slot 11
[2022-12-12 14:17:56] [SEVERE ] removing player 3 token from slot 2
[2022-12-12 14:17:56] [SEVERE ] removing player 3 token from slot 8
[2022-12-12 14:17:56] [SEVERE ] removing player 3 token from slot 11
[2022-12-12 14:17:56] [SEVERE ] player 5 placing token on slot 7
[2022-12-12 14:17:57] [SEVERE ] player 2 placing token on slot 3
[2022-12-12 14:17:57] [SEVERE ] removing player 2 token from slot 3
[2022-12-12 14:17:57] [SEVERE ] removing player 2 token from slot 9
[2022-12-12 14:17:57] [SEVERE ] removing player 2 token from slot 11
[2022-12-12 14:17:57] [SEVERE ] player 4 placing token on slot 9
[2022-12-12 14:17:57] [SEVERE ] removing player 4 token from slot 2
[2022-12-12 14:17:57] [SEVERE ] removing player 4 token from slot 8
[2022-12-12 14:17:57] [SEVERE ] removing player 4 token from slot 9
[2022-12-12 14:17:57] [SEVERE ] player 3 placing token on slot 6
[2022-12-12 14:17:57] [SEVERE ] player 5 placing token on slot 0
[2022-12-12 14:17:57] [SEVERE ] removing player 5 token from slot 0
[2022-12-12 14:17:57] [SEVERE ] removing player 5 token from slot 7
[2022-12-12 14:17:57] [SEVERE ] removing player 5 token from slot 11
[2022-12-12 14:17:58] [SEVERE ] player 2 placing token on slot 8
[2022-12-12 14:17:58] [SEVERE ] player 4 placing token on slot 11
[2022-12-12 14:17:58] [SEVERE ] player 5 placing token on slot 0
[2022-12-12 14:17:58] [SEVERE ] player 3 placing token on slot 11
[2022-12-12 14:17:58] [SEVERE ] player 2 placing token on slot 0
[2022-12-12 14:17:58] [SEVERE ] player 4 placing token on slot 7
[2022-12-12 14:17:58] [SEVERE ] player 5 placing token on slot 2
[2022-12-12 14:17:59] [SEVERE ] player 3 placing token on slot 5
[2022-12-12 14:17:59] [SEVERE ] removing player 3 token from slot 5
[2022-12-12 14:17:59] [SEVERE ] removing player 3 token from slot 6
[2022-12-12 14:17:59] [SEVERE ] removing player 3 token from slot 11
[2022-12-12 14:17:59] [SEVERE ] player 2 placing token on slot 7
[2022-12-12 14:17:59] [SEVERE ] removing player 2 token from slot 0
[2022-12-12 14:17:59] [SEVERE ] removing player 2 token from slot 7
[2022-12-12 14:17:59] [SEVERE ] removing player 2 token from slot 8
[2022-12-12 14:17:59] [SEVERE ] player 4 placing token on slot 4
[2022-12-12 14:17:59] [SEVERE ] removing player 4 token from slot 4
[2022-12-12 14:17:59] [SEVERE ] removing player 4 token from slot 7
[2022-12-12 14:17:59] [SEVERE ] removing player 4 token from slot 11
[2022-12-12 14:17:59] [SEVERE ] player 5 placing token on slot 11
[2022-12-12 14:17:59] [SEVERE ] removing player 5 token from slot 0
[2022-12-12 14:17:59] [SEVERE ] removing player 5 token from slot 2
[2022-12-12 14:17:59] [SEVERE ] removing player 5 token from slot 11
[2022-12-12 14:18:00] [SEVERE ] player 2 placing token on slot 3
[2022-12-12 14:18:00] [SEVERE ] player 3 placing token on slot 1
[2022-12-12 14:18:00] [SEVERE ] player 4 placing token on slot 7
[2022-12-12 14:18:00] [SEVERE ] player 5 placing token on slot 2
[2022-12-12 14:18:00] [SEVERE ] player 3 placing token on slot 11
[2022-12-12 14:18:01] [SEVERE ] player 4 placing token on slot 0
[2022-12-12 14:18:01] [SEVERE ] player 2 placing token on slot 6
[2022-12-12 14:18:01] [SEVERE ] player 5 placing token on slot 0
[2022-12-12 14:18:01] [SEVERE ] player 3 placing token on slot 2
[2022-12-12 14:18:01] [SEVERE ] removing player 3 token from slot 1
[2022-12-12 14:18:01] [SEVERE ] removing player 3 token from slot 2
[2022-12-12 14:18:01] [SEVERE ] removing player 3 token from slot 11
[2022-12-12 14:18:01] [SEVERE ] player 2 placing token on slot 0
[2022-12-12 14:18:01] [SEVERE ] removing player 2 token from slot 0
[2022-12-12 14:18:01] [SEVERE ] removing player 2 token from slot 3
[2022-12-12 14:18:01] [SEVERE ] removing player 2 token from slot 6
[2022-12-12 14:18:01] [SEVERE ] player 4 placing token on slot 10
[2022-12-12 14:18:01] [SEVERE ] removing player 4 token from slot 0
[2022-12-12 14:18:01] [SEVERE ] removing player 4 token from slot 7
[2022-12-12 14:18:01] [SEVERE ] removing player 4 token from slot 10
[2022-12-12 14:18:01] [SEVERE ] player 5 placing token on slot 9
[2022-12-12 14:18:01] [SEVERE ] removing player 5 token from slot 0
[2022-12-12 14:18:01] [SEVERE ] removing player 5 token from slot 2
[2022-12-12 14:18:01] [SEVERE ] removing player 5 token from slot 9
[2022-12-12 14:18:02] [SEVERE ] player 3 placing token on slot 10
[2022-12-12 14:18:02] [SEVERE ] player 2 placing token on slot 3
[2022-12-12 14:18:02] [SEVERE ] player 5 placing token on slot 6
[2022-12-12 14:18:02] [SEVERE ] player 4 placing token on slot 6
[2022-12-12 14:18:03] [SEVERE ] player 3 placing token on slot 7
[2022-12-12 14:18:03] [SEVERE ] player 2 placing token on slot 9
[2022-12-12 14:18:03] [SEVERE ] player 5 placing token on slot 2
[2022-12-12 14:18:03] [SEVERE ] player 4 placing token on slot 2
[2022-12-12 14:18:03] [SEVERE ] player 3 placing token on slot 11
[2022-12-12 14:18:03] [SEVERE ] removing player 3 token from slot 7
[2022-12-12 14:18:03] [SEVERE ] removing player 3 token from slot 10
[2022-12-12 14:18:03] [SEVERE ] removing player 3 token from slot 11
[2022-12-12 14:18:04] [SEVERE ] player 5 placing token on slot 9
[2022-12-12 14:18:04] [SEVERE ] removing player 5 token from slot 2
[2022-12-12 14:18:04] [SEVERE ] removing player 5 token from slot 6
[2022-12-12 14:18:04] [SEVERE ] removing player 5 token from slot 9
[2022-12-12 14:18:04] [SEVERE ] player 2 placing token on slot 0
[2022-12-12 14:18:04] [SEVERE ] removing player 2 token from slot 0
[2022-12-12 14:18:04] [SEVERE ] removing player 2 token from slot 3
[2022-12-12 14:18:04] [SEVERE ] removing player 2 token from slot 9
[2022-12-12 14:18:04] [SEVERE ] player 4 placing token on slot 11
[2022-12-12 14:18:04] [SEVERE ] removing player 4 token from slot 2
[2022-12-12 14:18:04] [SEVERE ] removing player 4 token from slot 6
[2022-12-12 14:18:04] [SEVERE ] removing player 4 token from slot 11
[2022-12-12 14:18:04] [SEVERE ] player 2 placing token on slot 3
[2022-12-12 14:18:04] [SEVERE ] player 3 placing token on slot 0
[2022-12-12 14:18:05] [SEVERE ] player 5 placing token on slot 1
[2022-12-12 14:18:05] [SEVERE ] player 4 placing token on slot 5
[2022-12-12 14:18:05] [SEVERE ] player 3 placing token on slot 2
[2022-12-12 14:18:05] [SEVERE ] player 5 placing token on slot 5
[2022-12-12 14:18:05] [SEVERE ] player 2 placing token on slot 0
[2022-12-12 14:18:06] [SEVERE ] player 4 placing token on slot 4
[2022-12-12 14:18:06] [SEVERE ] player 3 placing token on slot 7
[2022-12-12 14:18:06] [SEVERE ] removing player 3 token from slot 0
[2022-12-12 14:18:06] [SEVERE ] removing player 3 token from slot 2
[2022-12-12 14:18:06] [SEVERE ] removing player 3 token from slot 7
[2022-12-12 14:18:06] [SEVERE ] player 5 placing token on slot 0
[2022-12-12 14:18:06] [SEVERE ] removing player 5 token from slot 0
[2022-12-12 14:18:06] [SEVERE ] removing player 5 token from slot 1
[2022-12-12 14:18:06] [SEVERE ] removing player 5 token from slot 5
[2022-12-12 14:18:06] [SEVERE ] player 4 placing token on slot 11
[2022-12-12 14:18:06] [SEVERE ] removing player 4 token from slot 4
[2022-12-12 14:18:06] [SEVERE ] removing player 4 token from slot 5
[2022-12-12 14:18:06] [SEVERE ] removing player 4 token from slot 11
[2022-12-12 14:18:06] [SEVERE ] player 2 placing token on slot 9
[2022-12-12 14:18:06] [SEVERE ] removing player 2 token from slot 0
[2022-12-12 14:18:06] [SEVERE ] removing player 2 token from slot 3
[2022-12-12 14:18:06] [SEVERE ] removing player 2 token from slot 9
[2022-12-12 14:18:06] [SEVERE ] player 3 placing token on slot 9
[2022-12-12 14:18:07] [SEVERE ] player 5 placing token on slot 5
[2022-12-12 14:18:07] [SEVERE ] player 2 placing token on slot 7
[2022-12-12 14:18:07] [SEVERE ] player 4 placing token on slot 1
[2022-12-12 14:18:07] [SEVERE ] player 3 placing token on slot 0
