[2022-12-10 11:06:48] [INFO   ] cannot read configuration file config.properties trying from resources.
[2022-12-10 11:06:48] [INFO   ] configuration file was loaded from resources directory.
[2022-12-10 11:06:48] [INFO   ] Thread Thread-0starting.
[2022-12-10 11:06:48] [INFO   ] Thread Thread-2starting.
[2022-12-10 11:06:48] [INFO   ] Thread Thread-1starting.
[2022-12-10 11:06:48] [INFO   ] Thread dealer starting.
[2022-12-10 11:06:48] [INFO   ] Thread computer-2 starting.
[2022-12-10 11:06:48] [SEVERE ] placing card 11 in slot 0
[2022-12-10 11:06:48] [SEVERE ] placing card 80 in slot 1
[2022-12-10 11:06:49] [SEVERE ] placing card 77 in slot 2
[2022-12-10 11:06:49] [SEVERE ] placing card 0 in slot 3
[2022-12-10 11:06:49] [SEVERE ] placing card 21 in slot 4
[2022-12-10 11:06:49] [SEVERE ] placing card 36 in slot 5
[2022-12-10 11:06:49] [SEVERE ] placing card 47 in slot 6
[2022-12-10 11:06:49] [SEVERE ] placing card 22 in slot 7
[2022-12-10 11:06:49] [SEVERE ] placing card 1 in slot 8
[2022-12-10 11:06:49] [SEVERE ] placing card 56 in slot 9
[2022-12-10 11:06:49] [SEVERE ] placing card 62 in slot 10
[2022-12-10 11:06:50] [SEVERE ] placing card 17 in slot 11
[2022-12-10 11:07:50] [SEVERE ] removing tokens from slot 0
[2022-12-10 11:07:50] [SEVERE ] removing card from slot 0
[2022-12-10 11:07:50] [SEVERE ] removing tokens from slot 1
[2022-12-10 11:07:50] [SEVERE ] removing card from slot 1
[2022-12-10 11:07:50] [SEVERE ] removing tokens from slot 2
[2022-12-10 11:07:50] [SEVERE ] removing card from slot 2
[2022-12-10 11:07:50] [SEVERE ] removing tokens from slot 3
[2022-12-10 11:07:50] [SEVERE ] removing card from slot 3
[2022-12-10 11:07:50] [SEVERE ] removing tokens from slot 4
[2022-12-10 11:07:50] [SEVERE ] removing card from slot 4
[2022-12-10 11:07:50] [SEVERE ] removing tokens from slot 5
[2022-12-10 11:07:50] [SEVERE ] removing card from slot 5
[2022-12-10 11:07:50] [SEVERE ] removing tokens from slot 6
[2022-12-10 11:07:50] [SEVERE ] removing card from slot 6
[2022-12-10 11:07:50] [SEVERE ] removing tokens from slot 7
[2022-12-10 11:07:50] [SEVERE ] removing card from slot 7
[2022-12-10 11:07:51] [SEVERE ] removing tokens from slot 8
[2022-12-10 11:07:51] [SEVERE ] removing card from slot 8
[2022-12-10 11:07:51] [SEVERE ] removing tokens from slot 9
[2022-12-10 11:07:51] [SEVERE ] removing card from slot 9
[2022-12-10 11:07:51] [SEVERE ] removing tokens from slot 10
[2022-12-10 11:07:51] [SEVERE ] removing card from slot 10
[2022-12-10 11:07:51] [SEVERE ] removing tokens from slot 11
[2022-12-10 11:07:51] [SEVERE ] removing card from slot 11
[2022-12-10 11:07:51] [SEVERE ] placing card 70 in slot 0
[2022-12-10 11:07:51] [SEVERE ] placing card 73 in slot 1
[2022-12-10 11:07:51] [SEVERE ] placing card 34 in slot 2
[2022-12-10 11:07:51] [SEVERE ] placing card 74 in slot 3
[2022-12-10 11:07:51] [SEVERE ] placing card 38 in slot 4
[2022-12-10 11:07:52] [SEVERE ] placing card 79 in slot 5
[2022-12-10 11:07:52] [SEVERE ] placing card 76 in slot 6
[2022-12-10 11:07:52] [SEVERE ] placing card 65 in slot 7
[2022-12-10 11:07:52] [SEVERE ] placing card 23 in slot 8
[2022-12-10 11:07:52] [SEVERE ] placing card 24 in slot 9
[2022-12-10 11:07:52] [SEVERE ] placing card 78 in slot 10
[2022-12-10 11:07:52] [SEVERE ] placing card 8 in slot 11
