[2022-12-12 18:46:50] [INFO   ] cannot read configuration file config.properties trying from resources.
[2022-12-12 18:46:50] [INFO   ] configuration file was loaded from resources directory.
[2022-12-12 18:46:50] [INFO   ] Thread dealer starting.
[2022-12-12 18:46:50] [INFO   ] Thread Thread-1starting.
[2022-12-12 18:46:50] [INFO   ] Thread Thread-0starting.
[2022-12-12 18:46:50] [SEVERE ] placing card 29 in slot 0
[2022-12-12 18:46:51] [SEVERE ] placing card 7 in slot 1
[2022-12-12 18:46:51] [SEVERE ] placing card 41 in slot 2
[2022-12-12 18:46:51] [SEVERE ] placing card 26 in slot 3
[2022-12-12 18:46:51] [SEVERE ] placing card 42 in slot 4
[2022-12-12 18:46:51] [SEVERE ] placing card 60 in slot 5
[2022-12-12 18:46:51] [SEVERE ] placing card 73 in slot 6
[2022-12-12 18:46:51] [SEVERE ] placing card 11 in slot 7
[2022-12-12 18:46:51] [SEVERE ] placing card 9 in slot 8
[2022-12-12 18:46:51] [SEVERE ] placing card 21 in slot 9
[2022-12-12 18:46:51] [SEVERE ] placing card 77 in slot 10
[2022-12-12 18:46:52] [SEVERE ] placing card 20 in slot 11
[2022-12-12 18:46:52] [SEVERE ] Key 81 was pressed by player 0
[2022-12-12 18:46:52] [SEVERE ] player 0 placing token on slot 0
[2022-12-12 18:46:53] [SEVERE ] Key 87 was pressed by player 0
[2022-12-12 18:46:53] [SEVERE ] player 0 placing token on slot 1
[2022-12-12 18:46:53] [SEVERE ] Key 69 was pressed by player 0
[2022-12-12 18:46:53] [SEVERE ] player 0 placing token on slot 2
[2022-12-12 18:47:02] [SEVERE ] Key 69 was pressed by player 0
[2022-12-12 18:47:04] [SEVERE ] Key 69 was pressed by player 0
[2022-12-12 18:47:05] [SEVERE ] removing player 0 token from slot 2
