[2022-12-10 12:14:54] [INFO   ] cannot read configuration file config.properties trying from resources.
[2022-12-10 12:14:54] [INFO   ] configuration file was loaded from resources directory.
[2022-12-10 12:14:55] [INFO   ] Thread dealer starting.
[2022-12-10 12:14:55] [INFO   ] Thread Thread-2starting.
[2022-12-10 12:14:55] [INFO   ] Thread Thread-1starting.
[2022-12-10 12:14:55] [INFO   ] Thread Thread-0starting.
[2022-12-10 12:14:55] [INFO   ] Thread computer-2 starting.
[2022-12-10 12:14:55] [SEVERE ] placing card 42 in slot 0
[2022-12-10 12:14:55] [SEVERE ] placing card 20 in slot 1
[2022-12-10 12:14:55] [SEVERE ] placing card 6 in slot 2
[2022-12-10 12:14:55] [SEVERE ] placing card 36 in slot 3
[2022-12-10 12:14:55] [SEVERE ] placing card 53 in slot 4
[2022-12-10 12:14:55] [SEVERE ] placing card 73 in slot 5
[2022-12-10 12:14:56] [SEVERE ] placing card 11 in slot 6
[2022-12-10 12:14:56] [SEVERE ] placing card 31 in slot 7
[2022-12-10 12:14:56] [SEVERE ] placing card 74 in slot 8
[2022-12-10 12:14:56] [SEVERE ] player 2 placing token on slot 10
[2022-12-10 12:14:56] [SEVERE ] placing card 25 in slot 9
[2022-12-10 12:14:56] [SEVERE ] placing card 44 in slot 10
[2022-12-10 12:14:56] [SEVERE ] placing card 63 in slot 11
