[2022-12-12 20:00:32] [INFO   ] cannot read configuration file config.properties trying from resources.
[2022-12-12 20:00:32] [INFO   ] configuration file was loaded from resources directory.
[2022-12-12 20:00:32] [INFO   ] Thread Thread-0starting.
[2022-12-12 20:00:32] [INFO   ] Thread Thread-5starting.
[2022-12-12 20:00:32] [INFO   ] Thread Thread-4starting.
[2022-12-12 20:00:32] [INFO   ] Thread dealer starting.
[2022-12-12 20:00:32] [INFO   ] Thread Thread-3starting.
[2022-12-12 20:00:32] [INFO   ] Thread Thread-2starting.
[2022-12-12 20:00:32] [INFO   ] Thread Thread-1starting.
[2022-12-12 20:00:32] [INFO   ] Thread computer-2 starting.
[2022-12-12 20:00:32] [INFO   ] Thread computer-3 starting.
[2022-12-12 20:00:32] [INFO   ] Thread computer-4 starting.
[2022-12-12 20:00:32] [INFO   ] Thread computer-5 starting.
[2022-12-12 20:00:33] [SEVERE ] placing card 44 in slot 0
[2022-12-12 20:00:33] [SEVERE ] placing card 6 in slot 1
[2022-12-12 20:00:33] [SEVERE ] placing card 26 in slot 2
[2022-12-12 20:00:33] [SEVERE ] placing card 18 in slot 3
[2022-12-12 20:00:33] [SEVERE ] placing card 31 in slot 4
[2022-12-12 20:00:33] [SEVERE ] placing card 45 in slot 5
[2022-12-12 20:00:33] [SEVERE ] placing card 64 in slot 6
[2022-12-12 20:00:33] [SEVERE ] placing card 19 in slot 7
[2022-12-12 20:00:33] [SEVERE ] placing card 35 in slot 8
[2022-12-12 20:00:34] [SEVERE ] placing card 20 in slot 9
[2022-12-12 20:00:34] [SEVERE ] placing card 7 in slot 10
[2022-12-12 20:00:34] [SEVERE ] placing card 11 in slot 11
[2022-12-12 20:00:34] [SEVERE ] player 5 placing token on slot 6
[2022-12-12 20:00:34] [SEVERE ] player 4 placing token on slot 3
[2022-12-12 20:00:34] [SEVERE ] player 2 placing token on slot 2
[2022-12-12 20:00:34] [SEVERE ] player 3 placing token on slot 1
[2022-12-12 20:00:34] [SEVERE ] player 5 placing token on slot 11
[2022-12-12 20:00:34] [SEVERE ] player 2 placing token on slot 7
[2022-12-12 20:00:34] [SEVERE ] player 4 placing token on slot 6
[2022-12-12 20:00:34] [SEVERE ] player 3 placing token on slot 4
[2022-12-12 20:00:34] [SEVERE ] player 5 placing token on slot 3
[2022-12-12 20:00:34] [SEVERE ] removing player 5 token from slot 3
[2022-12-12 20:00:34] [SEVERE ] removing player 5 token from slot 6
[2022-12-12 20:00:34] [SEVERE ] removing player 5 token from slot 11
[2022-12-12 20:00:34] [SEVERE ] player 5 placing token on slot 4
[2022-12-12 20:00:34] [SEVERE ] player 4 placing token on slot 9
[2022-12-12 20:00:34] [SEVERE ] removing player 4 token from slot 3
[2022-12-12 20:00:34] [SEVERE ] player 2 placing token on slot 1
[2022-12-12 20:00:34] [SEVERE ] removing player 4 token from slot 6
[2022-12-12 20:00:34] [SEVERE ] removing player 4 token from slot 9
[2022-12-12 20:00:34] [SEVERE ] player 4 placing token on slot 7
[2022-12-12 20:00:34] [SEVERE ] player 3 placing token on slot 6
[2022-12-12 20:00:34] [SEVERE ] removing player 2 token from slot 1
[2022-12-12 20:00:34] [SEVERE ] removing player 2 token from slot 2
[2022-12-12 20:00:34] [SEVERE ] removing player 2 token from slot 7
[2022-12-12 20:00:34] [SEVERE ] removing player 3 token from slot 1
[2022-12-12 20:00:34] [SEVERE ] player 2 placing token on slot 8
[2022-12-12 20:00:34] [SEVERE ] removing player 3 token from slot 4
[2022-12-12 20:00:34] [SEVERE ] removing player 3 token from slot 6
[2022-12-12 20:00:34] [SEVERE ] player 5 placing token on slot 9
[2022-12-12 20:00:34] [SEVERE ] player 3 placing token on slot 0
[2022-12-12 20:00:34] [SEVERE ] player 4 placing token on slot 9
[2022-12-12 20:00:34] [SEVERE ] player 3 placing token on slot 11
[2022-12-12 20:00:34] [SEVERE ] player 5 placing token on slot 6
[2022-12-12 20:00:34] [SEVERE ] removing player 5 token from slot 4
[2022-12-12 20:00:34] [SEVERE ] removing player 5 token from slot 6
[2022-12-12 20:00:34] [SEVERE ] removing player 5 token from slot 9
[2022-12-12 20:00:34] [SEVERE ] player 5 placing token on slot 8
[2022-12-12 20:00:34] [SEVERE ] player 2 placing token on slot 7
[2022-12-12 20:00:34] [SEVERE ] player 4 placing token on slot 1
[2022-12-12 20:00:34] [SEVERE ] removing player 4 token from slot 1
[2022-12-12 20:00:34] [SEVERE ] removing player 4 token from slot 7
[2022-12-12 20:00:34] [SEVERE ] removing player 4 token from slot 9
[2022-12-12 20:00:34] [SEVERE ] player 4 placing token on slot 4
[2022-12-12 20:00:34] [SEVERE ] player 5 placing token on slot 0
[2022-12-12 20:00:34] [SEVERE ] player 3 placing token on slot 4
[2022-12-12 20:00:34] [SEVERE ] removing player 3 token from slot 0
[2022-12-12 20:00:34] [SEVERE ] removing player 3 token from slot 4
[2022-12-12 20:00:34] [SEVERE ] removing player 3 token from slot 11
[2022-12-12 20:00:34] [SEVERE ] player 3 placing token on slot 6
[2022-12-12 20:00:34] [SEVERE ] player 2 placing token on slot 5
[2022-12-12 20:00:34] [SEVERE ] removing player 2 token from slot 5
[2022-12-12 20:00:34] [SEVERE ] removing player 2 token from slot 7
[2022-12-12 20:00:34] [SEVERE ] removing player 2 token from slot 8
[2022-12-12 20:00:34] [SEVERE ] player 2 placing token on slot 3
[2022-12-12 20:00:34] [SEVERE ] player 4 placing token on slot 1
[2022-12-12 20:00:34] [SEVERE ] player 3 placing token on slot 0
[2022-12-12 20:00:34] [SEVERE ] player 5 placing token on slot 2
[2022-12-12 20:00:34] [SEVERE ] removing player 5 token from slot 0
[2022-12-12 20:00:34] [SEVERE ] removing player 5 token from slot 2
[2022-12-12 20:00:34] [SEVERE ] removing player 5 token from slot 8
[2022-12-12 20:00:34] [SEVERE ] player 5 placing token on slot 10
[2022-12-12 20:00:34] [SEVERE ] player 2 placing token on slot 1
[2022-12-12 20:00:34] [SEVERE ] player 3 placing token on slot 9
[2022-12-12 20:00:34] [SEVERE ] player 4 placing token on slot 11
[2022-12-12 20:00:34] [SEVERE ] removing player 3 token from slot 0
[2022-12-12 20:00:34] [SEVERE ] removing player 3 token from slot 6
[2022-12-12 20:00:34] [SEVERE ] removing player 3 token from slot 9
[2022-12-12 20:00:34] [SEVERE ] player 3 placing token on slot 2
[2022-12-12 20:00:34] [SEVERE ] player 5 placing token on slot 9
[2022-12-12 20:00:34] [SEVERE ] player 2 placing token on slot 6
[2022-12-12 20:00:34] [SEVERE ] removing player 2 token from slot 1
[2022-12-12 20:00:34] [SEVERE ] removing player 2 token from slot 3
[2022-12-12 20:00:34] [SEVERE ] removing player 2 token from slot 6
[2022-12-12 20:00:34] [SEVERE ] removing player 4 token from slot 1
[2022-12-12 20:00:34] [SEVERE ] player 2 placing token on slot 2
[2022-12-12 20:00:34] [SEVERE ] removing player 4 token from slot 4
[2022-12-12 20:00:34] [SEVERE ] removing player 4 token from slot 11
[2022-12-12 20:00:34] [SEVERE ] player 4 placing token on slot 2
[2022-12-12 20:00:34] [SEVERE ] player 5 placing token on slot 8
[2022-12-12 20:00:34] [SEVERE ] player 3 placing token on slot 1
[2022-12-12 20:00:34] [SEVERE ] removing player 5 token from slot 8
[2022-12-12 20:00:34] [SEVERE ] removing player 5 token from slot 9
[2022-12-12 20:00:34] [SEVERE ] removing player 5 token from slot 10
[2022-12-12 20:00:34] [SEVERE ] player 5 placing token on slot 1
[2022-12-12 20:00:34] [SEVERE ] player 4 placing token on slot 1
[2022-12-12 20:00:34] [SEVERE ] player 5 placing token on slot 9
[2022-12-12 20:00:34] [SEVERE ] player 3 placing token on slot 7
[2022-12-12 20:00:34] [SEVERE ] removing player 3 token from slot 1
[2022-12-12 20:00:34] [SEVERE ] removing player 3 token from slot 2
[2022-12-12 20:00:34] [SEVERE ] removing player 3 token from slot 7
[2022-12-12 20:00:34] [SEVERE ] player 3 placing token on slot 8
[2022-12-12 20:00:34] [SEVERE ] player 2 placing token on slot 9
[2022-12-12 20:00:34] [SEVERE ] player 4 placing token on slot 10
[2022-12-12 20:00:34] [SEVERE ] removing player 4 token from slot 1
[2022-12-12 20:00:34] [SEVERE ] player 5 placing token on slot 8
[2022-12-12 20:00:34] [SEVERE ] removing player 4 token from slot 2
[2022-12-12 20:00:34] [SEVERE ] removing player 4 token from slot 10
[2022-12-12 20:00:34] [SEVERE ] player 4 placing token on slot 7
[2022-12-12 20:00:34] [SEVERE ] removing player 5 token from slot 1
[2022-12-12 20:00:34] [SEVERE ] removing player 5 token from slot 8
[2022-12-12 20:00:34] [SEVERE ] removing player 5 token from slot 9
[2022-12-12 20:00:34] [SEVERE ] player 3 placing token on slot 6
[2022-12-12 20:00:34] [SEVERE ] player 5 placing token on slot 5
[2022-12-12 20:00:34] [SEVERE ] player 2 placing token on slot 1
[2022-12-12 20:00:34] [SEVERE ] removing player 2 token from slot 1
[2022-12-12 20:00:34] [SEVERE ] removing player 2 token from slot 2
[2022-12-12 20:00:34] [SEVERE ] removing player 2 token from slot 9
[2022-12-12 20:00:34] [SEVERE ] player 2 placing token on slot 0
[2022-12-12 20:00:34] [SEVERE ] player 5 placing token on slot 8
[2022-12-12 20:00:34] [SEVERE ] player 2 placing token on slot 2
[2022-12-12 20:00:34] [SEVERE ] player 4 placing token on slot 0
[2022-12-12 20:00:34] [SEVERE ] player 3 placing token on slot 9
[2022-12-12 20:00:34] [SEVERE ] removing player 3 token from slot 6
[2022-12-12 20:00:34] [SEVERE ] removing player 3 token from slot 8
[2022-12-12 20:00:34] [SEVERE ] removing player 3 token from slot 9
[2022-12-12 20:00:34] [SEVERE ] player 3 placing token on slot 4
[2022-12-12 20:00:34] [SEVERE ] player 5 placing token on slot 11
[2022-12-12 20:00:34] [SEVERE ] removing player 5 token from slot 5
[2022-12-12 20:00:34] [SEVERE ] removing player 5 token from slot 8
[2022-12-12 20:00:34] [SEVERE ] removing player 5 token from slot 11
[2022-12-12 20:00:34] [SEVERE ] player 5 placing token on slot 4
[2022-12-12 20:00:34] [SEVERE ] player 4 placing token on slot 11
[2022-12-12 20:00:34] [SEVERE ] player 2 placing token on slot 8
[2022-12-12 20:00:34] [SEVERE ] removing player 4 token from slot 0
[2022-12-12 20:00:34] [SEVERE ] removing player 4 token from slot 7
[2022-12-12 20:00:34] [SEVERE ] removing player 4 token from slot 11
[2022-12-12 20:00:34] [SEVERE ] player 4 placing token on slot 4
[2022-12-12 20:00:34] [SEVERE ] player 3 placing token on slot 0
[2022-12-12 20:00:34] [SEVERE ] player 5 placing token on slot 9
[2022-12-12 20:00:34] [SEVERE ] player 4 placing token on slot 7
[2022-12-12 20:00:34] [SEVERE ] player 3 placing token on slot 3
[2022-12-12 20:00:34] [SEVERE ] removing player 2 token from slot 0
[2022-12-12 20:00:34] [SEVERE ] removing player 2 token from slot 2
[2022-12-12 20:00:34] [SEVERE ] removing player 2 token from slot 8
[2022-12-12 20:00:34] [SEVERE ] removing player 3 token from slot 0
[2022-12-12 20:00:34] [SEVERE ] player 2 placing token on slot 9
[2022-12-12 20:00:34] [SEVERE ] removing player 3 token from slot 3
[2022-12-12 20:00:34] [SEVERE ] removing player 3 token from slot 4
[2022-12-12 20:00:34] [SEVERE ] player 3 placing token on slot 11
[2022-12-12 20:00:34] [SEVERE ] player 5 placing token on slot 11
[2022-12-12 20:00:34] [SEVERE ] removing player 5 token from slot 4
[2022-12-12 20:00:34] [SEVERE ] removing player 5 token from slot 9
[2022-12-12 20:00:34] [SEVERE ] removing player 5 token from slot 11
[2022-12-12 20:00:34] [SEVERE ] player 5 placing token on slot 10
[2022-12-12 20:00:34] [SEVERE ] player 2 placing token on slot 2
[2022-12-12 20:00:34] [SEVERE ] player 4 placing token on slot 1
[2022-12-12 20:00:34] [SEVERE ] removing player 4 token from slot 1
[2022-12-12 20:00:34] [SEVERE ] removing player 4 token from slot 4
[2022-12-12 20:00:34] [SEVERE ] removing player 4 token from slot 7
[2022-12-12 20:00:34] [SEVERE ] player 4 placing token on slot 5
[2022-12-12 20:00:34] [SEVERE ] player 3 placing token on slot 7
[2022-12-12 20:00:34] [SEVERE ] player 4 placing token on slot 10
[2022-12-12 20:00:34] [SEVERE ] player 2 placing token on slot 10
[2022-12-12 20:00:34] [SEVERE ] removing player 2 token from slot 2
[2022-12-12 20:00:34] [SEVERE ] removing player 2 token from slot 9
[2022-12-12 20:00:34] [SEVERE ] removing player 2 token from slot 10
[2022-12-12 20:00:34] [SEVERE ] player 5 placing token on slot 1
[2022-12-12 20:00:34] [SEVERE ] player 2 placing token on slot 1
[2022-12-12 20:00:34] [SEVERE ] player 3 placing token on slot 2
[2022-12-12 20:00:34] [SEVERE ] removing player 3 token from slot 2
[2022-12-12 20:00:34] [SEVERE ] removing player 3 token from slot 7
[2022-12-12 20:00:34] [SEVERE ] removing player 3 token from slot 11
[2022-12-12 20:00:34] [SEVERE ] player 3 placing token on slot 3
[2022-12-12 20:00:34] [SEVERE ] player 4 placing token on slot 8
[2022-12-12 20:00:34] [SEVERE ] removing player 4 token from slot 5
[2022-12-12 20:00:34] [SEVERE ] removing player 4 token from slot 8
[2022-12-12 20:00:34] [SEVERE ] removing player 4 token from slot 10
[2022-12-12 20:00:34] [SEVERE ] player 2 placing token on slot 9
[2022-12-12 20:00:34] [SEVERE ] player 4 placing token on slot 0
[2022-12-12 20:00:34] [SEVERE ] player 3 placing token on slot 10
[2022-12-12 20:00:34] [SEVERE ] player 5 placing token on slot 0
[2022-12-12 20:00:34] [SEVERE ] removing player 5 token from slot 0
[2022-12-12 20:00:34] [SEVERE ] removing player 5 token from slot 1
[2022-12-12 20:00:34] [SEVERE ] removing player 5 token from slot 10
[2022-12-12 20:00:34] [SEVERE ] player 5 placing token on slot 3
[2022-12-12 20:00:34] [SEVERE ] player 2 placing token on slot 5
[2022-12-12 20:00:34] [SEVERE ] player 4 placing token on slot 11
[2022-12-12 20:00:34] [SEVERE ] removing player 2 token from slot 1
[2022-12-12 20:00:34] [SEVERE ] removing player 2 token from slot 5
[2022-12-12 20:00:34] [SEVERE ] removing player 2 token from slot 9
[2022-12-12 20:00:34] [SEVERE ] player 2 placing token on slot 10
[2022-12-12 20:00:34] [SEVERE ] player 3 placing token on slot 6
[2022-12-12 20:00:34] [SEVERE ] removing player 3 token from slot 3
[2022-12-12 20:00:34] [SEVERE ] removing player 3 token from slot 6
[2022-12-12 20:00:34] [SEVERE ] removing player 3 token from slot 10
[2022-12-12 20:00:34] [SEVERE ] player 3 placing token on slot 2
[2022-12-12 20:00:34] [SEVERE ] player 2 placing token on slot 8
[2022-12-12 20:00:34] [SEVERE ] player 4 placing token on slot 8
[2022-12-12 20:00:34] [SEVERE ] removing player 4 token from slot 0
[2022-12-12 20:00:34] [SEVERE ] removing player 4 token from slot 8
[2022-12-12 20:00:34] [SEVERE ] removing player 4 token from slot 11
[2022-12-12 20:00:34] [SEVERE ] player 4 placing token on slot 5
[2022-12-12 20:00:34] [SEVERE ] player 5 placing token on slot 4
[2022-12-12 20:00:34] [SEVERE ] player 3 placing token on slot 1
[2022-12-12 20:00:34] [SEVERE ] player 5 placing token on slot 9
[2022-12-12 20:00:34] [SEVERE ] removing player 5 token from slot 3
[2022-12-12 20:00:34] [SEVERE ] removing player 5 token from slot 4
[2022-12-12 20:00:34] [SEVERE ] removing player 5 token from slot 9
[2022-12-12 20:00:34] [SEVERE ] player 5 placing token on slot 5
[2022-12-12 20:00:34] [SEVERE ] player 2 placing token on slot 3
[2022-12-12 20:00:34] [SEVERE ] removing player 2 token from slot 3
[2022-12-12 20:00:34] [SEVERE ] removing player 2 token from slot 8
[2022-12-12 20:00:34] [SEVERE ] removing player 2 token from slot 10
[2022-12-12 20:00:34] [SEVERE ] player 2 placing token on slot 9
[2022-12-12 20:00:34] [SEVERE ] player 4 placing token on slot 3
[2022-12-12 20:00:34] [SEVERE ] player 5 placing token on slot 2
[2022-12-12 20:00:34] [SEVERE ] player 3 placing token on slot 3
[2022-12-12 20:00:34] [SEVERE ] removing player 3 token from slot 1
[2022-12-12 20:00:34] [SEVERE ] removing player 3 token from slot 2
[2022-12-12 20:00:34] [SEVERE ] removing player 3 token from slot 3
[2022-12-12 20:00:34] [SEVERE ] player 2 placing token on slot 6
[2022-12-12 20:00:34] [SEVERE ] player 3 placing token on slot 0
[2022-12-12 20:00:34] [SEVERE ] player 4 placing token on slot 4
[2022-12-12 20:00:34] [SEVERE ] removing player 4 token from slot 3
[2022-12-12 20:00:34] [SEVERE ] removing player 4 token from slot 4
[2022-12-12 20:00:34] [SEVERE ] removing player 4 token from slot 5
[2022-12-12 20:00:34] [SEVERE ] player 4 placing token on slot 6
[2022-12-12 20:00:34] [SEVERE ] player 5 placing token on slot 1
[2022-12-12 20:00:34] [SEVERE ] removing player 5 token from slot 1
[2022-12-12 20:00:34] [SEVERE ] removing player 5 token from slot 2
[2022-12-12 20:00:34] [SEVERE ] removing player 5 token from slot 5
[2022-12-12 20:00:34] [SEVERE ] player 5 placing token on slot 11
[2022-12-12 20:00:34] [SEVERE ] player 4 placing token on slot 11
[2022-12-12 20:00:34] [SEVERE ] player 2 placing token on slot 8
[2022-12-12 20:00:34] [SEVERE ] removing player 2 token from slot 6
[2022-12-12 20:00:34] [SEVERE ] removing player 2 token from slot 8
[2022-12-12 20:00:34] [SEVERE ] removing player 2 token from slot 9
[2022-12-12 20:00:34] [SEVERE ] player 3 placing token on slot 6
[2022-12-12 20:00:34] [SEVERE ] player 2 placing token on slot 3
[2022-12-12 20:00:34] [SEVERE ] player 5 placing token on slot 1
[2022-12-12 20:00:34] [SEVERE ] player 3 placing token on slot 10
[2022-12-12 20:00:34] [SEVERE ] removing player 3 token from slot 0
[2022-12-12 20:00:34] [SEVERE ] removing player 3 token from slot 6
[2022-12-12 20:00:34] [SEVERE ] removing player 3 token from slot 10
[2022-12-12 20:00:34] [SEVERE ] player 3 placing token on slot 8
[2022-12-12 20:00:34] [SEVERE ] player 4 placing token on slot 2
[2022-12-12 20:00:34] [SEVERE ] removing player 4 token from slot 2
[2022-12-12 20:00:34] [SEVERE ] removing player 4 token from slot 6
[2022-12-12 20:00:34] [SEVERE ] removing player 4 token from slot 11
[2022-12-12 20:00:34] [SEVERE ] player 4 placing token on slot 9
[2022-12-12 20:00:34] [SEVERE ] player 2 placing token on slot 9
[2022-12-12 20:00:34] [SEVERE ] player 3 placing token on slot 4
[2022-12-12 20:00:34] [SEVERE ] player 4 placing token on slot 11
[2022-12-12 20:00:34] [SEVERE ] player 5 placing token on slot 3
[2022-12-12 20:00:34] [SEVERE ] removing player 5 token from slot 1
[2022-12-12 20:00:34] [SEVERE ] removing player 5 token from slot 3
[2022-12-12 20:00:34] [SEVERE ] removing player 5 token from slot 11
[2022-12-12 20:00:34] [SEVERE ] player 5 placing token on slot 9
[2022-12-12 20:00:34] [SEVERE ] player 2 placing token on slot 6
[2022-12-12 20:00:34] [SEVERE ] removing player 2 token from slot 3
[2022-12-12 20:00:34] [SEVERE ] removing player 2 token from slot 6
[2022-12-12 20:00:34] [SEVERE ] removing player 2 token from slot 9
[2022-12-12 20:00:34] [SEVERE ] player 2 placing token on slot 5
[2022-12-12 20:00:34] [SEVERE ] player 4 placing token on slot 6
[2022-12-12 20:00:34] [SEVERE ] removing player 4 token from slot 6
[2022-12-12 20:00:34] [SEVERE ] removing player 4 token from slot 9
[2022-12-12 20:00:34] [SEVERE ] removing player 4 token from slot 11
[2022-12-12 20:00:34] [SEVERE ] player 4 placing token on slot 4
[2022-12-12 20:00:34] [SEVERE ] player 3 placing token on slot 0
[2022-12-12 20:00:34] [SEVERE ] removing player 3 token from slot 0
[2022-12-12 20:00:34] [SEVERE ] removing player 3 token from slot 4
[2022-12-12 20:00:34] [SEVERE ] removing player 3 token from slot 8
[2022-12-12 20:00:34] [SEVERE ] player 3 placing token on slot 2
[2022-12-12 20:00:34] [SEVERE ] player 5 placing token on slot 10
[2022-12-12 20:00:34] [SEVERE ] player 4 placing token on slot 8
[2022-12-12 20:00:34] [SEVERE ] player 2 placing token on slot 7
[2022-12-12 20:00:34] [SEVERE ] player 3 placing token on slot 4
[2022-12-12 20:00:34] [SEVERE ] player 5 placing token on slot 5
[2022-12-12 20:00:34] [SEVERE ] removing player 5 token from slot 5
[2022-12-12 20:00:34] [SEVERE ] removing player 5 token from slot 9
[2022-12-12 20:00:34] [SEVERE ] removing player 5 token from slot 10
[2022-12-12 20:00:34] [SEVERE ] player 5 placing token on slot 0
[2022-12-12 20:00:34] [SEVERE ] player 2 placing token on slot 11
[2022-12-12 20:00:34] [SEVERE ] removing player 2 token from slot 5
[2022-12-12 20:00:34] [SEVERE ] removing player 2 token from slot 7
[2022-12-12 20:00:34] [SEVERE ] removing player 2 token from slot 11
[2022-12-12 20:00:34] [SEVERE ] player 2 placing token on slot 8
[2022-12-12 20:00:34] [SEVERE ] player 4 placing token on slot 10
[2022-12-12 20:00:34] [SEVERE ] removing player 4 token from slot 4
[2022-12-12 20:00:34] [SEVERE ] removing player 4 token from slot 8
[2022-12-12 20:00:34] [SEVERE ] removing player 4 token from slot 10
[2022-12-12 20:00:34] [SEVERE ] player 4 placing token on slot 2
[2022-12-12 20:00:34] [SEVERE ] player 5 placing token on slot 9
[2022-12-12 20:00:34] [SEVERE ] player 3 placing token on slot 5
[2022-12-12 20:00:34] [SEVERE ] removing player 3 token from slot 2
[2022-12-12 20:00:34] [SEVERE ] removing player 3 token from slot 4
[2022-12-12 20:00:34] [SEVERE ] removing player 3 token from slot 5
[2022-12-12 20:00:34] [SEVERE ] player 3 placing token on slot 0
[2022-12-12 20:00:35] [SEVERE ] player 2 placing token on slot 11
[2022-12-12 20:00:35] [SEVERE ] player 5 placing token on slot 11
[2022-12-12 20:00:35] [SEVERE ] removing player 5 token from slot 0
[2022-12-12 20:00:35] [SEVERE ] removing player 5 token from slot 9
[2022-12-12 20:00:35] [SEVERE ] removing player 5 token from slot 11
[2022-12-12 20:00:35] [SEVERE ] player 5 placing token on slot 8
[2022-12-12 20:00:35] [SEVERE ] player 4 placing token on slot 6
[2022-12-12 20:00:35] [SEVERE ] player 3 placing token on slot 10
[2022-12-12 20:00:35] [SEVERE ] player 2 placing token on slot 5
[2022-12-12 20:00:35] [SEVERE ] removing player 2 token from slot 5
[2022-12-12 20:00:35] [SEVERE ] removing player 2 token from slot 8
[2022-12-12 20:00:35] [SEVERE ] removing player 2 token from slot 11
[2022-12-12 20:00:35] [SEVERE ] player 2 placing token on slot 3
[2022-12-12 20:00:35] [SEVERE ] player 5 placing token on slot 6
[2022-12-12 20:00:35] [SEVERE ] player 4 placing token on slot 1
[2022-12-12 20:00:35] [SEVERE ] removing player 4 token from slot 1
[2022-12-12 20:00:35] [SEVERE ] removing player 4 token from slot 2
[2022-12-12 20:00:35] [SEVERE ] removing player 4 token from slot 6
[2022-12-12 20:00:35] [SEVERE ] player 4 placing token on slot 11
[2022-12-12 20:00:35] [SEVERE ] player 3 placing token on slot 2
[2022-12-12 20:00:35] [SEVERE ] removing player 3 token from slot 0
[2022-12-12 20:00:35] [SEVERE ] removing player 3 token from slot 2
[2022-12-12 20:00:35] [SEVERE ] removing player 3 token from slot 10
[2022-12-12 20:00:35] [SEVERE ] player 3 placing token on slot 11
[2022-12-12 20:00:35] [SEVERE ] player 2 placing token on slot 10
[2022-12-12 20:00:35] [SEVERE ] player 4 placing token on slot 2
[2022-12-12 20:00:35] [SEVERE ] player 5 placing token on slot 0
[2022-12-12 20:00:35] [SEVERE ] removing player 5 token from slot 0
[2022-12-12 20:00:35] [SEVERE ] removing player 5 token from slot 6
[2022-12-12 20:00:35] [SEVERE ] removing player 5 token from slot 8
[2022-12-12 20:00:35] [SEVERE ] player 5 placing token on slot 11
[2022-12-12 20:00:35] [SEVERE ] player 3 placing token on slot 4
[2022-12-12 20:00:35] [SEVERE ] player 2 placing token on slot 11
[2022-12-12 20:00:35] [SEVERE ] removing player 2 token from slot 3
[2022-12-12 20:00:35] [SEVERE ] removing player 2 token from slot 10
[2022-12-12 20:00:35] [SEVERE ] removing player 2 token from slot 11
[2022-12-12 20:00:35] [SEVERE ] player 2 placing token on slot 5
[2022-12-12 20:00:35] [SEVERE ] player 5 placing token on slot 10
[2022-12-12 20:00:35] [SEVERE ] player 4 placing token on slot 7
[2022-12-12 20:00:35] [SEVERE ] removing player 4 token from slot 2
[2022-12-12 20:00:35] [SEVERE ] removing player 4 token from slot 7
[2022-12-12 20:00:35] [SEVERE ] removing player 4 token from slot 11
[2022-12-12 20:00:35] [SEVERE ] player 4 placing token on slot 4
[2022-12-12 20:00:35] [SEVERE ] player 3 placing token on slot 9
[2022-12-12 20:00:35] [SEVERE ] removing player 3 token from slot 4
[2022-12-12 20:00:35] [SEVERE ] removing player 3 token from slot 9
[2022-12-12 20:00:35] [SEVERE ] removing player 3 token from slot 11
[2022-12-12 20:00:35] [SEVERE ] player 3 placing token on slot 6
[2022-12-12 20:00:35] [SEVERE ] player 2 placing token on slot 4
[2022-12-12 20:00:35] [SEVERE ] player 4 placing token on slot 6
[2022-12-12 20:00:35] [SEVERE ] player 5 placing token on slot 1
[2022-12-12 20:00:35] [SEVERE ] removing player 5 token from slot 1
[2022-12-12 20:00:35] [SEVERE ] removing player 5 token from slot 10
[2022-12-12 20:00:35] [SEVERE ] removing player 5 token from slot 11
[2022-12-12 20:00:35] [SEVERE ] player 5 placing token on slot 4
[2022-12-12 20:00:35] [SEVERE ] player 4 placing token on slot 8
[2022-12-12 20:00:35] [SEVERE ] removing player 4 token from slot 4
[2022-12-12 20:00:35] [SEVERE ] removing player 4 token from slot 6
[2022-12-12 20:00:35] [SEVERE ] removing player 4 token from slot 8
[2022-12-12 20:00:35] [SEVERE ] player 4 placing token on slot 2
[2022-12-12 20:00:35] [SEVERE ] player 2 placing token on slot 9
[2022-12-12 20:00:35] [SEVERE ] removing player 2 token from slot 4
[2022-12-12 20:00:35] [SEVERE ] removing player 2 token from slot 5
[2022-12-12 20:00:35] [SEVERE ] removing player 2 token from slot 9
[2022-12-12 20:00:35] [SEVERE ] player 2 placing token on slot 1
[2022-12-12 20:00:35] [SEVERE ] player 3 placing token on slot 10
[2022-12-12 20:00:35] [SEVERE ] player 5 placing token on slot 7
[2022-12-12 20:00:35] [SEVERE ] player 5 placing token on slot 0
[2022-12-12 20:00:35] [SEVERE ] removing player 5 token from slot 0
[2022-12-12 20:00:35] [SEVERE ] removing player 5 token from slot 4
[2022-12-12 20:00:35] [SEVERE ] removing player 5 token from slot 7
[2022-12-12 20:00:35] [SEVERE ] player 5 placing token on slot 8
[2022-12-12 20:00:35] [SEVERE ] player 4 placing token on slot 7
[2022-12-12 20:00:35] [SEVERE ] player 2 placing token on slot 8
[2022-12-12 20:00:35] [SEVERE ] player 3 placing token on slot 1
[2022-12-12 20:00:35] [SEVERE ] removing player 3 token from slot 1
[2022-12-12 20:00:35] [SEVERE ] removing player 3 token from slot 6
[2022-12-12 20:00:35] [SEVERE ] removing player 3 token from slot 10
[2022-12-12 20:00:35] [SEVERE ] player 3 placing token on slot 2
[2022-12-12 20:00:35] [SEVERE ] player 2 placing token on slot 4
[2022-12-12 20:00:35] [SEVERE ] player 4 placing token on slot 5
[2022-12-12 20:00:35] [SEVERE ] removing player 2 token from slot 1
[2022-12-12 20:00:35] [SEVERE ] removing player 2 token from slot 4
[2022-12-12 20:00:35] [SEVERE ] removing player 4 token from slot 2
[2022-12-12 20:00:35] [SEVERE ] removing player 4 token from slot 5
[2022-12-12 20:00:35] [SEVERE ] removing player 4 token from slot 7
[2022-12-12 20:00:35] [SEVERE ] removing player 2 token from slot 8
[2022-12-12 20:00:35] [SEVERE ] player 4 placing token on slot 8
[2022-12-12 20:00:35] [SEVERE ] player 2 placing token on slot 11
[2022-12-12 20:00:35] [SEVERE ] player 5 placing token on slot 11
[2022-12-12 20:00:35] [SEVERE ] player 3 placing token on slot 11
[2022-12-12 20:00:35] [SEVERE ] player 2 placing token on slot 0
[2022-12-12 20:00:35] [SEVERE ] player 4 placing token on slot 0
[2022-12-12 20:00:35] [SEVERE ] player 3 placing token on slot 8
[2022-12-12 20:00:35] [SEVERE ] removing player 3 token from slot 2
[2022-12-12 20:00:35] [SEVERE ] removing player 3 token from slot 8
[2022-12-12 20:00:35] [SEVERE ] removing player 3 token from slot 11
[2022-12-12 20:00:35] [SEVERE ] player 3 placing token on slot 1
[2022-12-12 20:00:35] [SEVERE ] player 5 placing token on slot 3
[2022-12-12 20:00:35] [SEVERE ] removing player 5 token from slot 3
[2022-12-12 20:00:35] [SEVERE ] removing player 5 token from slot 8
[2022-12-12 20:00:35] [SEVERE ] removing player 5 token from slot 11
[2022-12-12 20:00:35] [SEVERE ] player 5 placing token on slot 9
[2022-12-12 20:00:35] [SEVERE ] player 2 placing token on slot 6
[2022-12-12 20:00:35] [SEVERE ] removing player 2 token from slot 0
[2022-12-12 20:00:35] [SEVERE ] removing player 2 token from slot 6
[2022-12-12 20:00:35] [SEVERE ] removing player 2 token from slot 11
[2022-12-12 20:00:35] [SEVERE ] player 2 placing token on slot 3
[2022-12-12 20:00:35] [SEVERE ] player 4 placing token on slot 6
[2022-12-12 20:00:35] [SEVERE ] removing player 4 token from slot 0
[2022-12-12 20:00:35] [SEVERE ] removing player 4 token from slot 6
[2022-12-12 20:00:35] [SEVERE ] removing player 4 token from slot 8
[2022-12-12 20:00:35] [SEVERE ] player 4 placing token on slot 2
[2022-12-12 20:00:35] [SEVERE ] player 3 placing token on slot 6
[2022-12-12 20:00:35] [SEVERE ] player 2 placing token on slot 2
[2022-12-12 20:00:35] [SEVERE ] player 5 placing token on slot 6
[2022-12-12 20:00:35] [SEVERE ] player 3 placing token on slot 3
[2022-12-12 20:00:35] [SEVERE ] removing player 3 token from slot 1
[2022-12-12 20:00:35] [SEVERE ] removing player 3 token from slot 3
[2022-12-12 20:00:35] [SEVERE ] removing player 3 token from slot 6
[2022-12-12 20:00:35] [SEVERE ] player 3 placing token on slot 5
[2022-12-12 20:00:35] [SEVERE ] player 4 placing token on slot 3
[2022-12-12 20:00:35] [SEVERE ] player 2 placing token on slot 8
[2022-12-12 20:00:35] [SEVERE ] removing player 2 token from slot 2
[2022-12-12 20:00:35] [SEVERE ] removing player 2 token from slot 3
[2022-12-12 20:00:35] [SEVERE ] removing player 2 token from slot 8
[2022-12-12 20:00:35] [SEVERE ] player 2 placing token on slot 6
[2022-12-12 20:00:35] [SEVERE ] player 5 placing token on slot 11
[2022-12-12 20:00:35] [SEVERE ] removing player 5 token from slot 6
[2022-12-12 20:00:35] [SEVERE ] removing player 5 token from slot 9
[2022-12-12 20:00:35] [SEVERE ] removing player 5 token from slot 11
[2022-12-12 20:00:35] [SEVERE ] player 5 placing token on slot 4
[2022-12-12 20:00:35] [SEVERE ] player 4 placing token on slot 6
[2022-12-12 20:00:35] [SEVERE ] removing player 4 token from slot 2
[2022-12-12 20:00:35] [SEVERE ] removing player 4 token from slot 3
[2022-12-12 20:00:35] [SEVERE ] player 3 placing token on slot 9
[2022-12-12 20:00:35] [SEVERE ] removing player 4 token from slot 6
[2022-12-12 20:00:35] [SEVERE ] player 4 placing token on slot 10
[2022-12-12 20:00:35] [SEVERE ] player 5 placing token on slot 8
[2022-12-12 20:00:35] [SEVERE ] player 2 placing token on slot 8
[2022-12-12 20:00:35] [SEVERE ] player 5 placing token on slot 3
[2022-12-12 20:00:35] [SEVERE ] player 4 placing token on slot 6
[2022-12-12 20:00:35] [SEVERE ] removing player 5 token from slot 3
[2022-12-12 20:00:35] [SEVERE ] removing player 5 token from slot 4
[2022-12-12 20:00:35] [SEVERE ] removing player 5 token from slot 8
[2022-12-12 20:00:35] [SEVERE ] player 3 placing token on slot 1
[2022-12-12 20:00:35] [SEVERE ] player 5 placing token on slot 6
[2022-12-12 20:00:35] [SEVERE ] removing player 3 token from slot 1
[2022-12-12 20:00:35] [SEVERE ] removing player 3 token from slot 5
[2022-12-12 20:00:35] [SEVERE ] removing player 3 token from slot 9
[2022-12-12 20:00:35] [SEVERE ] player 3 placing token on slot 11
[2022-12-12 20:00:35] [SEVERE ] player 2 placing token on slot 4
[2022-12-12 20:00:35] [SEVERE ] removing player 2 token from slot 4
[2022-12-12 20:00:35] [SEVERE ] removing player 2 token from slot 6
[2022-12-12 20:00:35] [SEVERE ] removing player 2 token from slot 8
[2022-12-12 20:00:35] [SEVERE ] player 2 placing token on slot 10
[2022-12-12 20:00:35] [SEVERE ] player 4 placing token on slot 8
[2022-12-12 20:00:35] [SEVERE ] player 5 placing token on slot 8
[2022-12-12 20:00:35] [SEVERE ] removing player 4 token from slot 6
[2022-12-12 20:00:35] [SEVERE ] removing player 4 token from slot 8
[2022-12-12 20:00:35] [SEVERE ] removing player 4 token from slot 10
[2022-12-12 20:00:35] [SEVERE ] player 4 placing token on slot 9
[2022-12-12 20:00:35] [SEVERE ] player 3 placing token on slot 2
[2022-12-12 20:00:35] [SEVERE ] player 2 placing token on slot 2
[2022-12-12 20:00:35] [SEVERE ] player 4 placing token on slot 8
[2022-12-12 20:00:35] [SEVERE ] player 5 placing token on slot 1
[2022-12-12 20:00:35] [SEVERE ] removing player 5 token from slot 1
[2022-12-12 20:00:35] [SEVERE ] removing player 5 token from slot 6
[2022-12-12 20:00:35] [SEVERE ] removing player 5 token from slot 8
[2022-12-12 20:00:35] [SEVERE ] player 5 placing token on slot 5
[2022-12-12 20:00:35] [SEVERE ] player 3 placing token on slot 1
[2022-12-12 20:00:35] [SEVERE ] removing player 3 token from slot 1
[2022-12-12 20:00:35] [SEVERE ] removing player 3 token from slot 2
[2022-12-12 20:00:35] [SEVERE ] removing player 3 token from slot 11
[2022-12-12 20:00:35] [SEVERE ] player 3 placing token on slot 5
[2022-12-12 20:00:35] [SEVERE ] player 2 placing token on slot 11
[2022-12-12 20:00:35] [SEVERE ] removing player 2 token from slot 2
[2022-12-12 20:00:35] [SEVERE ] removing player 2 token from slot 10
[2022-12-12 20:00:35] [SEVERE ] removing player 2 token from slot 11
[2022-12-12 20:00:35] [SEVERE ] player 2 placing token on slot 3
[2022-12-12 20:00:35] [SEVERE ] player 4 placing token on slot 11
[2022-12-12 20:00:35] [SEVERE ] removing player 4 token from slot 8
[2022-12-12 20:00:35] [SEVERE ] removing player 4 token from slot 9
[2022-12-12 20:00:35] [SEVERE ] removing player 4 token from slot 11
[2022-12-12 20:00:35] [SEVERE ] player 4 placing token on slot 6
[2022-12-12 20:00:35] [SEVERE ] player 3 placing token on slot 9
[2022-12-12 20:00:35] [SEVERE ] player 5 placing token on slot 7
[2022-12-12 20:00:35] [SEVERE ] player 2 placing token on slot 10
[2022-12-12 20:00:35] [SEVERE ] player 3 placing token on slot 0
[2022-12-12 20:00:35] [SEVERE ] removing player 3 token from slot 0
[2022-12-12 20:00:35] [SEVERE ] removing player 3 token from slot 5
[2022-12-12 20:00:35] [SEVERE ] removing player 3 token from slot 9
[2022-12-12 20:00:35] [SEVERE ] player 3 placing token on slot 2
[2022-12-12 20:00:35] [SEVERE ] player 5 placing token on slot 2
[2022-12-12 20:00:35] [SEVERE ] removing player 5 token from slot 2
[2022-12-12 20:00:35] [SEVERE ] removing player 5 token from slot 5
[2022-12-12 20:00:35] [SEVERE ] removing player 5 token from slot 7
[2022-12-12 20:00:35] [SEVERE ] player 4 placing token on slot 0
[2022-12-12 20:00:35] [SEVERE ] player 3 placing token on slot 7
[2022-12-12 20:00:35] [SEVERE ] player 5 placing token on slot 6
[2022-12-12 20:00:35] [SEVERE ] player 4 placing token on slot 2
[2022-12-12 20:00:35] [SEVERE ] removing player 4 token from slot 0
[2022-12-12 20:00:35] [SEVERE ] removing player 4 token from slot 2
[2022-12-12 20:00:35] [SEVERE ] removing player 4 token from slot 6
[2022-12-12 20:00:35] [SEVERE ] player 2 placing token on slot 9
[2022-12-12 20:00:35] [SEVERE ] player 4 placing token on slot 11
[2022-12-12 20:00:35] [SEVERE ] removing player 2 token from slot 3
[2022-12-12 20:00:35] [SEVERE ] removing player 2 token from slot 9
[2022-12-12 20:00:35] [SEVERE ] removing player 2 token from slot 10
[2022-12-12 20:00:35] [SEVERE ] player 3 placing token on slot 11
[2022-12-12 20:00:35] [SEVERE ] removing player 3 token from slot 2
[2022-12-12 20:00:35] [SEVERE ] removing player 3 token from slot 7
[2022-12-12 20:00:35] [SEVERE ] removing player 3 token from slot 11
[2022-12-12 20:00:35] [SEVERE ] player 5 placing token on slot 3
[2022-12-12 20:00:35] [SEVERE ] player 2 placing token on slot 6
[2022-12-12 20:00:35] [SEVERE ] player 4 placing token on slot 8
[2022-12-12 20:00:35] [SEVERE ] player 5 placing token on slot 9
[2022-12-12 20:00:35] [SEVERE ] player 3 placing token on slot 9
[2022-12-12 20:00:35] [SEVERE ] removing player 5 token from slot 3
[2022-12-12 20:00:35] [SEVERE ] removing player 5 token from slot 6
[2022-12-12 20:00:35] [SEVERE ] removing player 5 token from slot 9
[2022-12-12 20:00:35] [SEVERE ] player 5 placing token on slot 0
[2022-12-12 20:00:35] [SEVERE ] player 2 placing token on slot 4
[2022-12-12 20:00:35] [SEVERE ] player 4 placing token on slot 1
[2022-12-12 20:00:35] [SEVERE ] removing player 4 token from slot 1
[2022-12-12 20:00:35] [SEVERE ] removing player 4 token from slot 8
[2022-12-12 20:00:35] [SEVERE ] removing player 4 token from slot 11
[2022-12-12 20:00:35] [SEVERE ] player 4 placing token on slot 3
[2022-12-12 20:00:35] [SEVERE ] player 5 placing token on slot 6
[2022-12-12 20:00:35] [SEVERE ] player 3 placing token on slot 0
[2022-12-12 20:00:35] [SEVERE ] player 4 placing token on slot 1
[2022-12-12 20:00:35] [SEVERE ] player 2 placing token on slot 8
[2022-12-12 20:00:35] [SEVERE ] removing player 2 token from slot 4
[2022-12-12 20:00:35] [SEVERE ] removing player 2 token from slot 6
[2022-12-12 20:00:35] [SEVERE ] removing player 2 token from slot 8
[2022-12-12 20:00:35] [SEVERE ] player 2 placing token on slot 0
[2022-12-12 20:00:35] [SEVERE ] player 3 placing token on slot 7
[2022-12-12 20:00:35] [SEVERE ] removing player 3 token from slot 0
[2022-12-12 20:00:35] [SEVERE ] removing player 3 token from slot 7
[2022-12-12 20:00:35] [SEVERE ] removing player 3 token from slot 9
[2022-12-12 20:00:35] [SEVERE ] player 3 placing token on slot 11
[2022-12-12 20:00:35] [SEVERE ] player 5 placing token on slot 9
[2022-12-12 20:00:35] [SEVERE ] removing player 5 token from slot 0
[2022-12-12 20:00:35] [SEVERE ] removing player 5 token from slot 6
[2022-12-12 20:00:35] [SEVERE ] removing player 5 token from slot 9
[2022-12-12 20:00:35] [SEVERE ] player 5 placing token on slot 8
[2022-12-12 20:00:35] [SEVERE ] player 2 placing token on slot 11
[2022-12-12 20:00:35] [SEVERE ] player 4 placing token on slot 8
[2022-12-12 20:00:35] [SEVERE ] removing player 4 token from slot 1
[2022-12-12 20:00:35] [SEVERE ] removing player 4 token from slot 3
[2022-12-12 20:00:35] [SEVERE ] removing player 4 token from slot 8
[2022-12-12 20:00:35] [SEVERE ] player 4 placing token on slot 0
[2022-12-12 20:00:35] [SEVERE ] player 3 placing token on slot 1
[2022-12-12 20:00:35] [SEVERE ] player 2 placing token on slot 10
[2022-12-12 20:00:35] [SEVERE ] removing player 2 token from slot 0
[2022-12-12 20:00:35] [SEVERE ] removing player 2 token from slot 10
[2022-12-12 20:00:35] [SEVERE ] removing player 2 token from slot 11
[2022-12-12 20:00:35] [SEVERE ] player 2 placing token on slot 6
[2022-12-12 20:00:35] [SEVERE ] player 5 placing token on slot 6
[2022-12-12 20:00:35] [SEVERE ] player 3 placing token on slot 9
[2022-12-12 20:00:35] [SEVERE ] removing player 3 token from slot 1
[2022-12-12 20:00:35] [SEVERE ] removing player 3 token from slot 9
[2022-12-12 20:00:35] [SEVERE ] removing player 3 token from slot 11
[2022-12-12 20:00:35] [SEVERE ] player 3 placing token on slot 7
[2022-12-12 20:00:35] [SEVERE ] player 4 placing token on slot 10
[2022-12-12 20:00:35] [SEVERE ] player 5 placing token on slot 11
[2022-12-12 20:00:35] [SEVERE ] removing player 5 token from slot 6
[2022-12-12 20:00:35] [SEVERE ] removing player 5 token from slot 8
[2022-12-12 20:00:35] [SEVERE ] removing player 5 token from slot 11
[2022-12-12 20:00:35] [SEVERE ] player 5 placing token on slot 10
[2022-12-12 20:00:35] [SEVERE ] player 3 placing token on slot 5
[2022-12-12 20:00:35] [SEVERE ] player 2 placing token on slot 10
[2022-12-12 20:00:35] [SEVERE ] player 4 placing token on slot 1
[2022-12-12 20:00:35] [SEVERE ] removing player 4 token from slot 0
[2022-12-12 20:00:35] [SEVERE ] removing player 4 token from slot 1
[2022-12-12 20:00:35] [SEVERE ] removing player 4 token from slot 10
[2022-12-12 20:00:35] [SEVERE ] player 4 placing token on slot 4
[2022-12-12 20:00:35] [SEVERE ] player 5 placing token on slot 9
[2022-12-12 20:00:35] [SEVERE ] player 2 placing token on slot 4
[2022-12-12 20:00:35] [SEVERE ] removing player 2 token from slot 4
[2022-12-12 20:00:35] [SEVERE ] removing player 2 token from slot 6
[2022-12-12 20:00:35] [SEVERE ] removing player 2 token from slot 10
[2022-12-12 20:00:35] [SEVERE ] player 2 placing token on slot 2
[2022-12-12 20:00:35] [SEVERE ] player 3 placing token on slot 1
[2022-12-12 20:00:35] [SEVERE ] player 5 placing token on slot 5
[2022-12-12 20:00:35] [SEVERE ] removing player 3 token from slot 1
[2022-12-12 20:00:35] [SEVERE ] removing player 3 token from slot 5
[2022-12-12 20:00:35] [SEVERE ] removing player 3 token from slot 7
[2022-12-12 20:00:35] [SEVERE ] player 3 placing token on slot 4
[2022-12-12 20:00:35] [SEVERE ] removing player 5 token from slot 5
[2022-12-12 20:00:35] [SEVERE ] removing player 5 token from slot 9
[2022-12-12 20:00:35] [SEVERE ] removing player 5 token from slot 10
[2022-12-12 20:00:35] [SEVERE ] player 5 placing token on slot 3
[2022-12-12 20:00:35] [SEVERE ] player 4 placing token on slot 5
[2022-12-12 20:00:35] [SEVERE ] player 2 placing token on slot 3
[2022-12-12 20:00:35] [SEVERE ] player 3 placing token on slot 2
[2022-12-12 20:00:35] [SEVERE ] player 5 placing token on slot 5
[2022-12-12 20:00:35] [SEVERE ] player 4 placing token on slot 11
[2022-12-12 20:00:35] [SEVERE ] removing player 4 token from slot 4
[2022-12-12 20:00:35] [SEVERE ] removing player 4 token from slot 5
[2022-12-12 20:00:35] [SEVERE ] removing player 4 token from slot 11
[2022-12-12 20:00:35] [SEVERE ] player 4 placing token on slot 8
[2022-12-12 20:00:35] [SEVERE ] player 2 placing token on slot 0
[2022-12-12 20:00:35] [SEVERE ] removing player 2 token from slot 0
[2022-12-12 20:00:35] [SEVERE ] removing player 2 token from slot 2
[2022-12-12 20:00:35] [SEVERE ] removing player 2 token from slot 3
[2022-12-12 20:00:35] [SEVERE ] player 2 placing token on slot 9
[2022-12-12 20:00:35] [SEVERE ] player 3 placing token on slot 5
[2022-12-12 20:00:35] [SEVERE ] removing player 3 token from slot 2
[2022-12-12 20:00:35] [SEVERE ] removing player 3 token from slot 4
[2022-12-12 20:00:35] [SEVERE ] removing player 3 token from slot 5
[2022-12-12 20:00:35] [SEVERE ] player 3 placing token on slot 0
[2022-12-12 20:00:35] [SEVERE ] player 5 placing token on slot 1
[2022-12-12 20:00:35] [SEVERE ] removing player 5 token from slot 1
[2022-12-12 20:00:35] [SEVERE ] removing player 5 token from slot 3
[2022-12-12 20:00:35] [SEVERE ] removing player 5 token from slot 5
[2022-12-12 20:00:35] [SEVERE ] player 5 placing token on slot 6
[2022-12-12 20:00:35] [SEVERE ] player 4 placing token on slot 9
[2022-12-12 20:00:35] [SEVERE ] player 2 placing token on slot 7
[2022-12-12 20:00:35] [SEVERE ] player 5 placing token on slot 9
[2022-12-12 20:00:35] [SEVERE ] player 3 placing token on slot 3
[2022-12-12 20:00:35] [SEVERE ] player 4 placing token on slot 6
[2022-12-12 20:00:35] [SEVERE ] removing player 4 token from slot 6
[2022-12-12 20:00:35] [SEVERE ] removing player 4 token from slot 8
[2022-12-12 20:00:35] [SEVERE ] removing player 4 token from slot 9
[2022-12-12 20:00:35] [SEVERE ] player 4 placing token on slot 2
[2022-12-12 20:00:35] [SEVERE ] player 2 placing token on slot 3
[2022-12-12 20:00:35] [SEVERE ] player 5 placing token on slot 5
[2022-12-12 20:00:35] [SEVERE ] player 3 placing token on slot 4
[2022-12-12 20:00:35] [SEVERE ] player 4 placing token on slot 3
[2022-12-12 20:00:35] [SEVERE ] player 2 placing token on slot 8
[2022-12-12 20:00:35] [SEVERE ] player 3 placing token on slot 6
[2022-12-12 20:00:35] [SEVERE ] player 4 placing token on slot 5
[2022-12-12 20:00:35] [SEVERE ] removing tokens from slot 3
[2022-12-12 20:00:35] [SEVERE ] removing card from slot 3
[2022-12-12 20:00:35] [SEVERE ] player 2 placing token on slot 4
[2022-12-12 20:00:36] [SEVERE ] removing tokens from slot 7
[2022-12-12 20:00:36] [SEVERE ] removing card from slot 7
[2022-12-12 20:00:36] [SEVERE ] player 2 placing token on slot 1
[2022-12-12 20:00:36] [SEVERE ] player 5 placing token on slot 11
[2022-12-12 20:00:36] [SEVERE ] removing tokens from slot 9
[2022-12-12 20:00:36] [SEVERE ] removing card from slot 9
[2022-12-12 20:00:36] [SEVERE ] setting player 2 score to 1
[2022-12-12 20:00:36] [SEVERE ] player 2 placing token on slot 6
[2022-12-12 20:00:36] [SEVERE ] removing player 5 token from slot 5
[2022-12-12 20:00:36] [SEVERE ] removing player 5 token from slot 6
[2022-12-12 20:00:36] [SEVERE ] removing player 3 token from slot 0
[2022-12-12 20:00:36] [SEVERE ] removing player 5 token from slot 11
[2022-12-12 20:00:36] [SEVERE ] player 5 placing token on slot 0
[2022-12-12 20:00:36] [SEVERE ] removing player 3 token from slot 4
[2022-12-12 20:00:36] [SEVERE ] removing player 3 token from slot 6
[2022-12-12 20:00:36] [SEVERE ] player 5 placing token on slot 6
[2022-12-12 20:00:36] [SEVERE ] player 2 placing token on slot 10
[2022-12-12 20:00:36] [SEVERE ] player 3 placing token on slot 8
[2022-12-12 20:00:36] [SEVERE ] player 5 placing token on slot 4
[2022-12-12 20:00:36] [SEVERE ] player 3 placing token on slot 4
[2022-12-12 20:00:36] [SEVERE ] placing card 40 in slot 3
[2022-12-12 20:00:36] [SEVERE ] player 3 placing token on slot 0
[2022-12-12 20:00:36] [SEVERE ] player 2 placing token on slot 4
[2022-12-12 20:00:36] [SEVERE ] placing card 74 in slot 7
[2022-12-12 20:00:36] [SEVERE ] placing card 47 in slot 9
