[2022-12-12 12:16:27] [INFO   ] cannot read configuration file config.properties trying from resources.
[2022-12-12 12:16:27] [INFO   ] configuration file was loaded from resources directory.
[2022-12-12 12:16:27] [INFO   ] Thread Thread-0starting.
[2022-12-12 12:16:27] [INFO   ] Thread Thread-5starting.
[2022-12-12 12:16:27] [INFO   ] Thread Thread-4starting.
[2022-12-12 12:16:27] [INFO   ] Thread dealer starting.
[2022-12-12 12:16:27] [INFO   ] Thread Thread-2starting.
[2022-12-12 12:16:27] [INFO   ] Thread Thread-3starting.
[2022-12-12 12:16:27] [INFO   ] Thread Thread-1starting.
[2022-12-12 12:16:27] [INFO   ] Thread computer-2 starting.
[2022-12-12 12:16:27] [INFO   ] Thread computer-4 starting.
[2022-12-12 12:16:27] [INFO   ] Thread computer-5 starting.
[2022-12-12 12:16:27] [INFO   ] Thread computer-3 starting.
[2022-12-12 12:16:27] [SEVERE ] placing card 29 in slot 0
[2022-12-12 12:16:27] [SEVERE ] placing card 45 in slot 1
[2022-12-12 12:16:28] [SEVERE ] placing card 64 in slot 2
[2022-12-12 12:16:28] [SEVERE ] placing card 40 in slot 3
[2022-12-12 12:16:28] [SEVERE ] placing card 39 in slot 4
[2022-12-12 12:16:28] [SEVERE ] placing card 65 in slot 5
[2022-12-12 12:16:28] [SEVERE ] placing card 8 in slot 6
[2022-12-12 12:16:28] [SEVERE ] placing card 46 in slot 7
[2022-12-12 12:16:28] [SEVERE ] placing card 24 in slot 8
[2022-12-12 12:16:28] [SEVERE ] placing card 3 in slot 9
[2022-12-12 12:16:28] [SEVERE ] placing card 41 in slot 10
[2022-12-12 12:16:29] [SEVERE ] placing card 76 in slot 11
[2022-12-12 12:16:29] [SEVERE ] player 3 placing token on slot 3
[2022-12-12 12:16:29] [SEVERE ] player 2 placing token on slot 6
[2022-12-12 12:16:30] [SEVERE ] player 5 placing token on slot 9
[2022-12-12 12:16:30] [SEVERE ] player 3 placing token on slot 4
[2022-12-12 12:16:31] [SEVERE ] player 4 placing token on slot 1
[2022-12-12 12:16:31] [SEVERE ] player 2 placing token on slot 5
[2022-12-12 12:16:31] [SEVERE ] player 3 placing token on slot 0
[2022-12-12 12:16:31] [SEVERE ] removing player 3 token from slot 0
[2022-12-12 12:16:31] [SEVERE ] removing player 3 token from slot 3
[2022-12-12 12:16:31] [SEVERE ] removing player 3 token from slot 4
[2022-12-12 12:16:32] [SEVERE ] player 5 placing token on slot 6
[2022-12-12 12:16:32] [SEVERE ] player 5 placing token on slot 11
[2022-12-12 12:16:32] [SEVERE ] removing player 5 token from slot 6
[2022-12-12 12:16:32] [SEVERE ] removing player 5 token from slot 9
[2022-12-12 12:16:32] [SEVERE ] removing player 5 token from slot 11
[2022-12-12 12:16:33] [SEVERE ] player 3 placing token on slot 11
[2022-12-12 12:16:33] [SEVERE ] player 5 placing token on slot 0
[2022-12-12 12:16:34] [SEVERE ] player 4 placing token on slot 9
[2022-12-12 12:16:34] [SEVERE ] player 2 placing token on slot 1
[2022-12-12 12:16:34] [SEVERE ] removing player 2 token from slot 1
[2022-12-12 12:16:34] [SEVERE ] removing player 2 token from slot 5
[2022-12-12 12:16:34] [SEVERE ] removing player 2 token from slot 6
