[2022-12-12 15:25:23] [INFO   ] cannot read configuration file config.properties trying from resources.
[2022-12-12 15:25:23] [INFO   ] configuration file was loaded from resources directory.
[2022-12-12 15:25:24] [INFO   ] Thread Thread-0starting.
[2022-12-12 15:25:24] [INFO   ] Thread Thread-5starting.
[2022-12-12 15:25:24] [INFO   ] Thread Thread-4starting.
[2022-12-12 15:25:24] [INFO   ] Thread dealer starting.
[2022-12-12 15:25:24] [INFO   ] Thread Thread-3starting.
[2022-12-12 15:25:24] [INFO   ] Thread Thread-2starting.
[2022-12-12 15:25:24] [INFO   ] Thread Thread-1starting.
[2022-12-12 15:25:24] [INFO   ] Thread computer-5 starting.
[2022-12-12 15:25:24] [INFO   ] Thread computer-4 starting.
[2022-12-12 15:25:24] [INFO   ] Thread computer-3 starting.
[2022-12-12 15:25:24] [INFO   ] Thread computer-2 starting.
[2022-12-12 15:25:24] [SEVERE ] placing card 42 in slot 0
[2022-12-12 15:25:24] [SEVERE ] placing card 70 in slot 1
[2022-12-12 15:25:24] [SEVERE ] placing card 8 in slot 2
[2022-12-12 15:25:24] [SEVERE ] placing card 40 in slot 3
[2022-12-12 15:25:24] [SEVERE ] placing card 10 in slot 4
[2022-12-12 15:25:24] [SEVERE ] placing card 14 in slot 5
[2022-12-12 15:25:24] [SEVERE ] placing card 74 in slot 6
[2022-12-12 15:25:25] [SEVERE ] placing card 34 in slot 7
[2022-12-12 15:25:25] [SEVERE ] placing card 50 in slot 8
[2022-12-12 15:25:25] [SEVERE ] placing card 78 in slot 9
[2022-12-12 15:25:25] [SEVERE ] placing card 35 in slot 10
[2022-12-12 15:25:25] [SEVERE ] placing card 32 in slot 11
[2022-12-12 15:25:25] [SEVERE ] player 4 placing token on slot 0
[2022-12-12 15:25:25] [SEVERE ] player 3 placing token on slot 1
[2022-12-12 15:25:25] [SEVERE ] player 5 placing token on slot 10
[2022-12-12 15:25:25] [SEVERE ] player 2 placing token on slot 1
[2022-12-12 15:25:25] [SEVERE ] player 4 placing token on slot 2
[2022-12-12 15:25:25] [SEVERE ] player 5 placing token on slot 1
[2022-12-12 15:25:25] [SEVERE ] player 3 placing token on slot 2
[2022-12-12 15:25:25] [SEVERE ] player 2 placing token on slot 5
[2022-12-12 15:25:25] [SEVERE ] player 2 placing token on slot 10
[2022-12-12 15:25:25] [SEVERE ] removing player 2 token from slot 1
[2022-12-12 15:25:25] [SEVERE ] removing player 2 token from slot 5
[2022-12-12 15:25:25] [SEVERE ] removing player 2 token from slot 10
[2022-12-12 15:25:25] [SEVERE ] player 3 placing token on slot 10
[2022-12-12 15:25:25] [SEVERE ] player 4 placing token on slot 6
[2022-12-12 15:25:25] [SEVERE ] removing player 3 token from slot 1
[2022-12-12 15:25:25] [SEVERE ] removing player 3 token from slot 2
[2022-12-12 15:25:25] [SEVERE ] removing player 3 token from slot 10
[2022-12-12 15:25:25] [SEVERE ] removing player 4 token from slot 0
[2022-12-12 15:25:25] [SEVERE ] removing player 4 token from slot 2
[2022-12-12 15:25:25] [SEVERE ] removing player 4 token from slot 6
[2022-12-12 15:25:25] [SEVERE ] player 5 placing token on slot 11
[2022-12-12 15:25:25] [SEVERE ] removing player 5 token from slot 1
[2022-12-12 15:25:25] [SEVERE ] removing player 5 token from slot 10
[2022-12-12 15:25:25] [SEVERE ] removing player 5 token from slot 11
[2022-12-12 15:25:25] [SEVERE ] player 4 placing token on slot 7
[2022-12-12 15:25:25] [SEVERE ] player 2 placing token on slot 0
[2022-12-12 15:25:25] [SEVERE ] player 3 placing token on slot 5
[2022-12-12 15:25:25] [SEVERE ] player 5 placing token on slot 5
[2022-12-12 15:25:25] [SEVERE ] player 4 placing token on slot 6
[2022-12-12 15:25:25] [SEVERE ] player 2 placing token on slot 4
[2022-12-12 15:25:25] [SEVERE ] player 5 placing token on slot 6
[2022-12-12 15:25:25] [SEVERE ] player 3 placing token on slot 2
[2022-12-12 15:25:25] [SEVERE ] player 4 placing token on slot 2
[2022-12-12 15:25:25] [SEVERE ] removing player 4 token from slot 2
[2022-12-12 15:25:25] [SEVERE ] removing player 4 token from slot 6
[2022-12-12 15:25:25] [SEVERE ] removing player 4 token from slot 7
[2022-12-12 15:25:25] [SEVERE ] player 2 placing token on slot 3
[2022-12-12 15:25:25] [SEVERE ] removing player 2 token from slot 0
[2022-12-12 15:25:25] [SEVERE ] removing player 2 token from slot 3
[2022-12-12 15:25:25] [SEVERE ] removing player 2 token from slot 4
[2022-12-12 15:25:25] [SEVERE ] player 5 placing token on slot 11
[2022-12-12 15:25:25] [SEVERE ] removing player 5 token from slot 5
[2022-12-12 15:25:25] [SEVERE ] removing player 5 token from slot 6
[2022-12-12 15:25:25] [SEVERE ] removing player 5 token from slot 11
[2022-12-12 15:25:25] [SEVERE ] player 3 placing token on slot 9
[2022-12-12 15:25:25] [SEVERE ] removing player 3 token from slot 2
[2022-12-12 15:25:25] [SEVERE ] removing player 3 token from slot 5
[2022-12-12 15:25:25] [SEVERE ] removing player 3 token from slot 9
[2022-12-12 15:25:25] [SEVERE ] player 4 placing token on slot 6
[2022-12-12 15:25:25] [SEVERE ] player 5 placing token on slot 8
[2022-12-12 15:25:25] [SEVERE ] player 2 placing token on slot 2
[2022-12-12 15:25:25] [SEVERE ] player 3 placing token on slot 11
[2022-12-12 15:25:25] [SEVERE ] player 4 placing token on slot 5
[2022-12-12 15:25:25] [SEVERE ] player 5 placing token on slot 10
[2022-12-12 15:25:25] [SEVERE ] player 2 placing token on slot 3
[2022-12-12 15:25:25] [SEVERE ] player 3 placing token on slot 6
[2022-12-12 15:25:25] [SEVERE ] player 4 placing token on slot 2
[2022-12-12 15:25:25] [SEVERE ] removing player 4 token from slot 2
[2022-12-12 15:25:25] [SEVERE ] removing player 4 token from slot 5
[2022-12-12 15:25:25] [SEVERE ] removing player 4 token from slot 6
[2022-12-12 15:25:25] [SEVERE ] player 5 placing token on slot 0
[2022-12-12 15:25:25] [SEVERE ] removing player 5 token from slot 0
[2022-12-12 15:25:25] [SEVERE ] removing player 5 token from slot 8
[2022-12-12 15:25:25] [SEVERE ] removing player 5 token from slot 10
[2022-12-12 15:25:25] [SEVERE ] player 2 placing token on slot 5
[2022-12-12 15:25:25] [SEVERE ] removing player 2 token from slot 2
[2022-12-12 15:25:25] [SEVERE ] removing player 2 token from slot 3
[2022-12-12 15:25:25] [SEVERE ] removing player 2 token from slot 5
[2022-12-12 15:25:25] [SEVERE ] player 3 placing token on slot 10
[2022-12-12 15:25:25] [SEVERE ] removing player 3 token from slot 6
[2022-12-12 15:25:25] [SEVERE ] removing player 3 token from slot 10
[2022-12-12 15:25:25] [SEVERE ] removing player 3 token from slot 11
[2022-12-12 15:25:25] [SEVERE ] player 4 placing token on slot 1
[2022-12-12 15:25:25] [SEVERE ] player 5 placing token on slot 11
[2022-12-12 15:25:25] [SEVERE ] player 2 placing token on slot 10
[2022-12-12 15:25:25] [SEVERE ] player 4 placing token on slot 5
[2022-12-12 15:25:25] [SEVERE ] player 3 placing token on slot 1
[2022-12-12 15:25:25] [SEVERE ] player 5 placing token on slot 1
[2022-12-12 15:25:25] [SEVERE ] player 2 placing token on slot 7
[2022-12-12 15:25:25] [SEVERE ] player 3 placing token on slot 6
[2022-12-12 15:25:25] [SEVERE ] player 4 placing token on slot 6
[2022-12-12 15:25:25] [SEVERE ] removing player 4 token from slot 1
[2022-12-12 15:25:25] [SEVERE ] removing player 4 token from slot 5
[2022-12-12 15:25:25] [SEVERE ] removing player 4 token from slot 6
[2022-12-12 15:25:25] [SEVERE ] player 5 placing token on slot 10
[2022-12-12 15:25:25] [SEVERE ] removing player 5 token from slot 1
[2022-12-12 15:25:25] [SEVERE ] removing player 5 token from slot 10
[2022-12-12 15:25:25] [SEVERE ] removing player 5 token from slot 11
[2022-12-12 15:25:25] [SEVERE ] player 2 placing token on slot 11
[2022-12-12 15:25:25] [SEVERE ] removing player 2 token from slot 7
[2022-12-12 15:25:25] [SEVERE ] removing player 2 token from slot 10
[2022-12-12 15:25:25] [SEVERE ] removing player 2 token from slot 11
[2022-12-12 15:25:25] [SEVERE ] player 3 placing token on slot 8
[2022-12-12 15:25:25] [SEVERE ] removing player 3 token from slot 1
[2022-12-12 15:25:25] [SEVERE ] removing player 3 token from slot 6
[2022-12-12 15:25:25] [SEVERE ] removing player 3 token from slot 8
[2022-12-12 15:25:25] [SEVERE ] player 5 placing token on slot 11
[2022-12-12 15:25:25] [SEVERE ] player 4 placing token on slot 6
[2022-12-12 15:25:25] [SEVERE ] player 2 placing token on slot 6
[2022-12-12 15:25:25] [SEVERE ] player 4 placing token on slot 5
[2022-12-12 15:25:25] [SEVERE ] player 3 placing token on slot 5
[2022-12-12 15:25:25] [SEVERE ] player 5 placing token on slot 4
[2022-12-12 15:25:25] [SEVERE ] player 2 placing token on slot 3
[2022-12-12 15:25:25] [SEVERE ] player 3 placing token on slot 1
[2022-12-12 15:25:25] [SEVERE ] player 4 placing token on slot 2
[2022-12-12 15:25:25] [SEVERE ] player 2 placing token on slot 11
[2022-12-12 15:25:25] [SEVERE ] player 5 placing token on slot 9
[2022-12-12 15:25:25] [SEVERE ] removing player 4 token from slot 2
[2022-12-12 15:25:25] [SEVERE ] removing player 4 token from slot 5
[2022-12-12 15:25:25] [SEVERE ] removing player 4 token from slot 6
[2022-12-12 15:25:26] [SEVERE ] player 5 placing token on slot 3
[2022-12-12 15:25:26] [SEVERE ] player 3 placing token on slot 6
[2022-12-12 15:25:26] [SEVERE ] player 4 placing token on slot 6
[2022-12-12 15:25:26] [SEVERE ] player 4 placing token on slot 3
[2022-12-12 15:25:26] [SEVERE ] player 4 placing token on slot 2
[2022-12-12 15:25:26] [SEVERE ] removing tokens from slot 4
[2022-12-12 15:25:26] [SEVERE ] removing card from slot 4
[2022-12-12 15:25:26] [SEVERE ] player 5 placing token on slot 5
[2022-12-12 15:25:26] [SEVERE ] removing tokens from slot 9
[2022-12-12 15:25:26] [SEVERE ] removing card from slot 9
[2022-12-12 15:25:26] [SEVERE ] player 5 placing token on slot 8
[2022-12-12 15:25:26] [SEVERE ] removing tokens from slot 11
[2022-12-12 15:25:26] [SEVERE ] removing card from slot 11
[2022-12-12 15:25:26] [SEVERE ] setting player 5 score to 1
[2022-12-12 15:25:26] [SEVERE ] player 5 placing token on slot 8
[2022-12-12 15:25:26] [SEVERE ] player 2 placing token on slot 7
[2022-12-12 15:25:26] [SEVERE ] placing card 76 in slot 4
[2022-12-12 15:25:26] [SEVERE ] player 5 placing token on slot 2
[2022-12-12 15:25:26] [SEVERE ] player 5 placing token on slot 10
[2022-12-12 15:25:26] [SEVERE ] placing card 80 in slot 9
[2022-12-12 15:25:26] [SEVERE ] placing card 51 in slot 11
[2022-12-12 15:25:26] [SEVERE ] removing player 2 token from slot 3
[2022-12-12 15:25:26] [SEVERE ] removing player 2 token from slot 6
[2022-12-12 15:25:26] [SEVERE ] removing player 2 token from slot 7
[2022-12-12 15:25:26] [SEVERE ] removing player 3 token from slot 1
[2022-12-12 15:25:26] [SEVERE ] removing player 3 token from slot 5
[2022-12-12 15:25:26] [SEVERE ] removing player 3 token from slot 6
[2022-12-12 15:25:26] [SEVERE ] removing player 4 token from slot 2
[2022-12-12 15:25:26] [SEVERE ] removing player 4 token from slot 3
[2022-12-12 15:25:26] [SEVERE ] removing player 4 token from slot 6
[2022-12-12 15:25:26] [INFO   ] Thread main terminated.
