[2022-12-12 16:34:08] [INFO   ] cannot read configuration file config.properties trying from resources.
[2022-12-12 16:34:08] [INFO   ] configuration file was loaded from resources directory.
[2022-12-12 16:34:09] [INFO   ] Thread dealer starting.
[2022-12-12 16:34:09] [INFO   ] Thread Thread-1starting.
[2022-12-12 16:34:09] [INFO   ] Thread Thread-0starting.
[2022-12-12 16:34:09] [SEVERE ] placing card 7 in slot 0
[2022-12-12 16:34:09] [SEVERE ] placing card 60 in slot 1
[2022-12-12 16:34:09] [SEVERE ] placing card 33 in slot 2
[2022-12-12 16:34:09] [SEVERE ] placing card 49 in slot 3
[2022-12-12 16:34:09] [SEVERE ] placing card 80 in slot 4
[2022-12-12 16:34:10] [SEVERE ] placing card 1 in slot 5
[2022-12-12 16:34:10] [SEVERE ] placing card 63 in slot 6
[2022-12-12 16:34:10] [SEVERE ] placing card 35 in slot 7
[2022-12-12 16:34:10] [SEVERE ] placing card 55 in slot 8
[2022-12-12 16:34:10] [SEVERE ] placing card 8 in slot 9
[2022-12-12 16:34:10] [SEVERE ] placing card 53 in slot 10
[2022-12-12 16:34:10] [SEVERE ] placing card 46 in slot 11
[2022-12-12 16:34:12] [SEVERE ] Key 81 was pressed by player 0
[2022-12-12 16:34:12] [SEVERE ] player 0 placing token on slot 0
[2022-12-12 16:34:13] [SEVERE ] Key 87 was pressed by player 0
[2022-12-12 16:34:13] [SEVERE ] player 0 placing token on slot 1
[2022-12-12 16:34:13] [SEVERE ] Key 69 was pressed by player 0
[2022-12-12 16:34:13] [SEVERE ] player 0 placing token on slot 2
[2022-12-12 16:34:17] [SEVERE ] Key 69 was pressed by player 0
[2022-12-12 16:34:18] [SEVERE ] Key 69 was pressed by player 0
[2022-12-12 16:34:20] [SEVERE ] removing player 0 token from slot 2
[2022-12-12 16:34:20] [SEVERE ] player 0 placing token on slot 2
[2022-12-12 16:34:31] [SEVERE ] Key 81 was pressed by player 0
[2022-12-12 16:34:34] [SEVERE ] Key 81 was pressed by player 0
[2022-12-12 16:34:34] [SEVERE ] removing player 0 token from slot 0
[2022-12-12 16:34:34] [SEVERE ] player 0 placing token on slot 0
[2022-12-12 16:34:36] [SEVERE ] Key 87 was pressed by player 0
