[2022-12-12 13:35:17] [INFO   ] cannot read configuration file config.properties trying from resources.
[2022-12-12 13:35:17] [INFO   ] configuration file was loaded from resources directory.
[2022-12-12 13:35:17] [INFO   ] Thread Thread-0starting.
[2022-12-12 13:35:17] [INFO   ] Thread Thread-2starting.
[2022-12-12 13:35:17] [INFO   ] Thread Thread-1starting.
[2022-12-12 13:35:17] [INFO   ] Thread dealer starting.
[2022-12-12 13:35:17] [INFO   ] Thread computer-2 starting.
[2022-12-12 13:35:17] [SEVERE ] placing card 5 in slot 0
[2022-12-12 13:35:18] [SEVERE ] placing card 63 in slot 1
[2022-12-12 13:35:18] [SEVERE ] placing card 47 in slot 2
[2022-12-12 13:35:18] [SEVERE ] placing card 13 in slot 3
[2022-12-12 13:35:18] [SEVERE ] placing card 43 in slot 4
[2022-12-12 13:35:18] [SEVERE ] placing card 52 in slot 5
[2022-12-12 13:35:18] [SEVERE ] placing card 65 in slot 6
[2022-12-12 13:35:18] [SEVERE ] placing card 36 in slot 7
[2022-12-12 13:35:18] [SEVERE ] placing card 51 in slot 8
[2022-12-12 13:35:18] [SEVERE ] placing card 4 in slot 9
[2022-12-12 13:35:19] [SEVERE ] placing card 42 in slot 10
[2022-12-12 13:35:19] [SEVERE ] placing card 44 in slot 11
[2022-12-12 13:35:19] [SEVERE ] player 2 placing token on slot 7
[2022-12-12 13:35:19] [SEVERE ] player 2 placing token on slot 0
[2022-12-12 13:35:19] [SEVERE ] player 2 placing token on slot 3
[2022-12-12 13:35:19] [SEVERE ] removing player 2 token from slot 0
[2022-12-12 13:35:19] [SEVERE ] removing player 2 token from slot 3
[2022-12-12 13:35:19] [SEVERE ] removing player 2 token from slot 7
[2022-12-12 13:35:19] [SEVERE ] player 2 placing token on slot 1
[2022-12-12 13:35:19] [SEVERE ] player 2 placing token on slot 11
[2022-12-12 13:35:19] [SEVERE ] player 2 placing token on slot 4
[2022-12-12 13:35:19] [SEVERE ] removing player 2 token from slot 1
[2022-12-12 13:35:19] [SEVERE ] removing player 2 token from slot 4
[2022-12-12 13:35:19] [SEVERE ] removing player 2 token from slot 11
[2022-12-12 13:35:19] [SEVERE ] player 2 placing token on slot 9
[2022-12-12 13:35:19] [SEVERE ] player 2 placing token on slot 1
[2022-12-12 13:35:19] [SEVERE ] player 2 placing token on slot 10
[2022-12-12 13:35:19] [SEVERE ] removing player 2 token from slot 1
[2022-12-12 13:35:19] [SEVERE ] removing player 2 token from slot 9
[2022-12-12 13:35:19] [SEVERE ] removing player 2 token from slot 10
[2022-12-12 13:35:19] [SEVERE ] player 2 placing token on slot 0
[2022-12-12 13:35:19] [SEVERE ] player 2 placing token on slot 5
[2022-12-12 13:35:19] [SEVERE ] player 2 placing token on slot 1
[2022-12-12 13:35:19] [SEVERE ] setting player 2 score to 1
[2022-12-12 13:35:19] [SEVERE ] player 2 placing token on slot 7
[2022-12-12 13:35:19] [SEVERE ] player 2 placing token on slot 3
[2022-12-12 13:35:19] [SEVERE ] player 2 placing token on slot 5
[2022-12-12 13:35:19] [SEVERE ] removing tokens from slot 0
[2022-12-12 13:35:19] [SEVERE ] removing card from slot 0
[2022-12-12 13:35:19] [SEVERE ] removing tokens from slot 1
[2022-12-12 13:35:19] [SEVERE ] removing card from slot 1
[2022-12-12 13:35:19] [SEVERE ] removing tokens from slot 5
[2022-12-12 13:35:19] [SEVERE ] removing card from slot 5
[2022-12-12 13:35:19] [SEVERE ] placing card 73 in slot 0
[2022-12-12 13:35:20] [SEVERE ] placing card 62 in slot 1
[2022-12-12 13:35:20] [SEVERE ] placing card 26 in slot 5
