[2022-12-10 11:36:02] [INFO   ] cannot read configuration file config.properties trying from resources.
[2022-12-10 11:36:02] [INFO   ] configuration file was loaded from resources directory.
[2022-12-10 11:36:02] [INFO   ] Thread dealer starting.
[2022-12-10 11:36:02] [INFO   ] Thread Thread-1starting.
[2022-12-10 11:36:02] [INFO   ] Thread Thread-0starting.
[2022-12-10 11:36:02] [SEVERE ] placing card 61 in slot 0
[2022-12-10 11:36:03] [SEVERE ] placing card 33 in slot 1
[2022-12-10 11:36:03] [SEVERE ] placing card 63 in slot 2
[2022-12-10 11:36:03] [SEVERE ] placing card 14 in slot 3
[2022-12-10 11:36:03] [SEVERE ] placing card 47 in slot 4
[2022-12-10 11:36:03] [SEVERE ] placing card 73 in slot 5
[2022-12-10 11:36:03] [SEVERE ] placing card 30 in slot 6
[2022-12-10 11:36:03] [SEVERE ] placing card 35 in slot 7
[2022-12-10 11:36:03] [SEVERE ] placing card 3 in slot 8
[2022-12-10 11:36:03] [SEVERE ] placing card 27 in slot 9
[2022-12-10 11:36:04] [SEVERE ] placing card 51 in slot 10
[2022-12-10 11:36:04] [SEVERE ] placing card 36 in slot 11
[2022-12-10 11:36:04] [SEVERE ] removing tokens from slot 0
[2022-12-10 11:36:04] [SEVERE ] removing card from slot 0
[2022-12-10 11:36:04] [SEVERE ] removing tokens from slot 1
[2022-12-10 11:36:04] [SEVERE ] removing card from slot 1
[2022-12-10 11:36:04] [SEVERE ] removing tokens from slot 2
[2022-12-10 11:36:04] [SEVERE ] removing card from slot 2
[2022-12-10 11:36:04] [SEVERE ] removing tokens from slot 3
[2022-12-10 11:36:04] [SEVERE ] removing card from slot 3
[2022-12-10 11:36:04] [SEVERE ] removing tokens from slot 4
[2022-12-10 11:36:04] [SEVERE ] removing card from slot 4
[2022-12-10 11:36:04] [SEVERE ] removing tokens from slot 5
[2022-12-10 11:36:04] [SEVERE ] removing card from slot 5
[2022-12-10 11:36:05] [SEVERE ] removing tokens from slot 6
[2022-12-10 11:36:05] [SEVERE ] removing card from slot 6
[2022-12-10 11:36:05] [SEVERE ] removing tokens from slot 7
[2022-12-10 11:36:05] [SEVERE ] removing card from slot 7
[2022-12-10 11:36:05] [SEVERE ] removing tokens from slot 8
[2022-12-10 11:36:05] [SEVERE ] removing card from slot 8
[2022-12-10 11:36:05] [SEVERE ] removing tokens from slot 9
[2022-12-10 11:36:05] [SEVERE ] removing card from slot 9
[2022-12-10 11:36:05] [SEVERE ] removing tokens from slot 10
[2022-12-10 11:36:05] [SEVERE ] removing card from slot 10
[2022-12-10 11:36:05] [SEVERE ] removing tokens from slot 11
[2022-12-10 11:36:05] [SEVERE ] removing card from slot 11
[2022-12-10 11:36:05] [SEVERE ] placing card 12 in slot 0
[2022-12-10 11:36:05] [SEVERE ] placing card 46 in slot 1
[2022-12-10 11:36:05] [SEVERE ] placing card 3 in slot 2
[2022-12-10 11:36:06] [SEVERE ] placing card 18 in slot 3
[2022-12-10 11:36:06] [SEVERE ] placing card 39 in slot 4
[2022-12-10 11:36:06] [SEVERE ] placing card 26 in slot 5
[2022-12-10 11:36:06] [SEVERE ] placing card 71 in slot 6
[2022-12-10 11:36:06] [SEVERE ] placing card 31 in slot 7
[2022-12-10 11:36:06] [SEVERE ] placing card 67 in slot 8
[2022-12-10 11:36:06] [SEVERE ] placing card 35 in slot 9
[2022-12-10 11:36:06] [SEVERE ] placing card 62 in slot 10
[2022-12-10 11:36:06] [SEVERE ] placing card 10 in slot 11
[2022-12-10 11:36:07] [SEVERE ] removing tokens from slot 0
[2022-12-10 11:36:07] [SEVERE ] removing card from slot 0
[2022-12-10 11:36:07] [SEVERE ] removing tokens from slot 1
[2022-12-10 11:36:07] [SEVERE ] removing card from slot 1
[2022-12-10 11:36:07] [SEVERE ] removing tokens from slot 2
[2022-12-10 11:36:07] [SEVERE ] removing card from slot 2
[2022-12-10 11:36:07] [SEVERE ] removing tokens from slot 3
[2022-12-10 11:36:07] [SEVERE ] removing card from slot 3
[2022-12-10 11:36:07] [SEVERE ] removing tokens from slot 4
[2022-12-10 11:36:07] [SEVERE ] removing card from slot 4
[2022-12-10 11:36:07] [SEVERE ] removing tokens from slot 5
[2022-12-10 11:36:07] [SEVERE ] removing card from slot 5
[2022-12-10 11:36:07] [SEVERE ] removing tokens from slot 6
[2022-12-10 11:36:07] [SEVERE ] removing card from slot 6
[2022-12-10 11:36:07] [SEVERE ] removing tokens from slot 7
[2022-12-10 11:36:07] [SEVERE ] removing card from slot 7
[2022-12-10 11:36:07] [SEVERE ] removing tokens from slot 8
[2022-12-10 11:36:07] [SEVERE ] removing card from slot 8
[2022-12-10 11:36:08] [SEVERE ] removing tokens from slot 9
[2022-12-10 11:36:08] [SEVERE ] removing card from slot 9
[2022-12-10 11:36:08] [SEVERE ] removing tokens from slot 10
[2022-12-10 11:36:08] [SEVERE ] removing card from slot 10
[2022-12-10 11:36:08] [SEVERE ] removing tokens from slot 11
[2022-12-10 11:36:08] [SEVERE ] removing card from slot 11
[2022-12-10 11:36:08] [SEVERE ] placing card 31 in slot 0
[2022-12-10 11:36:08] [SEVERE ] placing card 62 in slot 1
[2022-12-10 11:36:08] [SEVERE ] placing card 23 in slot 2
[2022-12-10 11:36:08] [SEVERE ] placing card 33 in slot 3
[2022-12-10 11:36:08] [SEVERE ] placing card 0 in slot 4
[2022-12-10 11:36:08] [SEVERE ] placing card 24 in slot 5
[2022-12-10 11:36:09] [SEVERE ] placing card 78 in slot 6
[2022-12-10 11:36:09] [SEVERE ] placing card 20 in slot 7
[2022-12-10 11:36:09] [SEVERE ] placing card 42 in slot 8
[2022-12-10 11:36:09] [SEVERE ] placing card 28 in slot 9
[2022-12-10 11:36:09] [SEVERE ] placing card 55 in slot 10
[2022-12-10 11:36:09] [SEVERE ] placing card 11 in slot 11
[2022-12-10 11:36:09] [SEVERE ] removing tokens from slot 0
[2022-12-10 11:36:09] [SEVERE ] removing card from slot 0
[2022-12-10 11:36:09] [SEVERE ] removing tokens from slot 1
[2022-12-10 11:36:09] [SEVERE ] removing card from slot 1
[2022-12-10 11:36:09] [SEVERE ] removing tokens from slot 2
[2022-12-10 11:36:09] [SEVERE ] removing card from slot 2
[2022-12-10 11:36:10] [SEVERE ] removing tokens from slot 3
[2022-12-10 11:36:10] [SEVERE ] removing card from slot 3
[2022-12-10 11:36:10] [SEVERE ] removing tokens from slot 4
[2022-12-10 11:36:10] [SEVERE ] removing card from slot 4
[2022-12-10 11:36:10] [SEVERE ] removing tokens from slot 5
[2022-12-10 11:36:10] [SEVERE ] removing card from slot 5
[2022-12-10 11:36:10] [SEVERE ] removing tokens from slot 6
[2022-12-10 11:36:10] [SEVERE ] removing card from slot 6
[2022-12-10 11:36:10] [SEVERE ] removing tokens from slot 7
[2022-12-10 11:36:10] [SEVERE ] removing card from slot 7
[2022-12-10 11:36:10] [SEVERE ] removing tokens from slot 8
[2022-12-10 11:36:10] [SEVERE ] removing card from slot 8
[2022-12-10 11:36:10] [SEVERE ] removing tokens from slot 9
[2022-12-10 11:36:10] [SEVERE ] removing card from slot 9
[2022-12-10 11:36:10] [SEVERE ] removing tokens from slot 10
[2022-12-10 11:36:10] [SEVERE ] removing card from slot 10
[2022-12-10 11:36:10] [SEVERE ] removing tokens from slot 11
[2022-12-10 11:36:10] [SEVERE ] removing card from slot 11
[2022-12-10 11:36:11] [SEVERE ] placing card 23 in slot 0
[2022-12-10 11:36:11] [SEVERE ] placing card 55 in slot 1
[2022-12-10 11:36:11] [SEVERE ] placing card 33 in slot 2
[2022-12-10 11:36:11] [SEVERE ] placing card 63 in slot 3
[2022-12-10 11:36:11] [SEVERE ] placing card 22 in slot 4
[2022-12-10 11:36:11] [SEVERE ] placing card 80 in slot 5
[2022-12-10 11:36:11] [SEVERE ] placing card 4 in slot 6
[2022-12-10 11:36:11] [SEVERE ] placing card 8 in slot 7
[2022-12-10 11:36:11] [SEVERE ] placing card 15 in slot 8
[2022-12-10 11:36:12] [SEVERE ] placing card 28 in slot 9
[2022-12-10 11:36:12] [SEVERE ] placing card 72 in slot 10
[2022-12-10 11:36:12] [SEVERE ] placing card 48 in slot 11
[2022-12-10 11:36:12] [SEVERE ] removing tokens from slot 0
[2022-12-10 11:36:12] [SEVERE ] removing card from slot 0
[2022-12-10 11:36:12] [SEVERE ] removing tokens from slot 1
[2022-12-10 11:36:12] [SEVERE ] removing card from slot 1
[2022-12-10 11:36:12] [SEVERE ] removing tokens from slot 2
[2022-12-10 11:36:12] [SEVERE ] removing card from slot 2
[2022-12-10 11:36:12] [SEVERE ] removing tokens from slot 3
[2022-12-10 11:36:12] [SEVERE ] removing card from slot 3
[2022-12-10 11:36:12] [SEVERE ] removing tokens from slot 4
[2022-12-10 11:36:12] [SEVERE ] removing card from slot 4
[2022-12-10 11:36:12] [SEVERE ] removing tokens from slot 5
[2022-12-10 11:36:12] [SEVERE ] removing card from slot 5
[2022-12-10 11:36:13] [SEVERE ] removing tokens from slot 6
[2022-12-10 11:36:13] [SEVERE ] removing card from slot 6
