[2022-12-12 15:28:51] [INFO   ] cannot read configuration file config.properties trying from resources.
[2022-12-12 15:28:51] [INFO   ] configuration file was loaded from resources directory.
[2022-12-12 15:28:51] [INFO   ] Thread Thread-0starting.
[2022-12-12 15:28:51] [INFO   ] Thread Thread-5starting.
[2022-12-12 15:28:51] [INFO   ] Thread Thread-4starting.
[2022-12-12 15:28:51] [INFO   ] Thread dealer starting.
[2022-12-12 15:28:51] [INFO   ] Thread Thread-3starting.
[2022-12-12 15:28:51] [INFO   ] Thread Thread-2starting.
[2022-12-12 15:28:51] [INFO   ] Thread Thread-1starting.
[2022-12-12 15:28:51] [INFO   ] Thread computer-5 starting.
[2022-12-12 15:28:51] [INFO   ] Thread computer-4 starting.
[2022-12-12 15:28:51] [INFO   ] Thread computer-3 starting.
[2022-12-12 15:28:51] [INFO   ] Thread computer-2 starting.
[2022-12-12 15:28:51] [SEVERE ] placing card 13 in slot 0
[2022-12-12 15:28:51] [SEVERE ] placing card 5 in slot 1
[2022-12-12 15:28:52] [SEVERE ] placing card 1 in slot 2
[2022-12-12 15:28:52] [SEVERE ] placing card 18 in slot 3
[2022-12-12 15:28:52] [SEVERE ] placing card 64 in slot 4
[2022-12-12 15:28:52] [SEVERE ] placing card 33 in slot 5
[2022-12-12 15:28:52] [SEVERE ] placing card 48 in slot 6
[2022-12-12 15:28:52] [SEVERE ] placing card 2 in slot 7
[2022-12-12 15:28:52] [SEVERE ] placing card 57 in slot 8
[2022-12-12 15:28:52] [SEVERE ] placing card 15 in slot 9
[2022-12-12 15:28:52] [SEVERE ] placing card 51 in slot 10
[2022-12-12 15:28:53] [SEVERE ] placing card 32 in slot 11
[2022-12-12 15:28:53] [SEVERE ] player 2 placing token on slot 0
[2022-12-12 15:28:53] [SEVERE ] player 4 placing token on slot 9
[2022-12-12 15:28:53] [SEVERE ] player 5 placing token on slot 4
[2022-12-12 15:28:54] [SEVERE ] player 3 placing token on slot 8
[2022-12-12 15:28:54] [SEVERE ] player 4 placing token on slot 1
[2022-12-12 15:28:54] [SEVERE ] player 2 placing token on slot 1
[2022-12-12 15:28:54] [SEVERE ] player 5 placing token on slot 9
[2022-12-12 15:28:54] [SEVERE ] player 3 placing token on slot 5
[2022-12-12 15:28:54] [SEVERE ] player 5 placing token on slot 1
[2022-12-12 15:28:54] [SEVERE ] removing player 5 token from slot 1
[2022-12-12 15:28:54] [SEVERE ] removing player 5 token from slot 4
[2022-12-12 15:28:54] [SEVERE ] removing player 5 token from slot 9
[2022-12-12 15:28:54] [SEVERE ] player 4 placing token on slot 2
[2022-12-12 15:28:54] [SEVERE ] removing player 4 token from slot 1
[2022-12-12 15:28:54] [SEVERE ] removing player 4 token from slot 2
[2022-12-12 15:28:54] [SEVERE ] removing player 4 token from slot 9
[2022-12-12 15:28:55] [SEVERE ] player 2 placing token on slot 11
[2022-12-12 15:28:55] [SEVERE ] removing player 2 token from slot 0
[2022-12-12 15:28:55] [SEVERE ] removing player 2 token from slot 1
[2022-12-12 15:28:55] [SEVERE ] removing player 2 token from slot 11
[2022-12-12 15:28:55] [SEVERE ] player 3 placing token on slot 10
[2022-12-12 15:28:55] [SEVERE ] removing player 3 token from slot 5
[2022-12-12 15:28:55] [SEVERE ] removing player 3 token from slot 8
[2022-12-12 15:28:55] [SEVERE ] removing player 3 token from slot 10
[2022-12-12 15:28:55] [SEVERE ] player 5 placing token on slot 9
[2022-12-12 15:28:55] [SEVERE ] player 4 placing token on slot 1
[2022-12-12 15:28:55] [SEVERE ] player 2 placing token on slot 8
[2022-12-12 15:28:56] [SEVERE ] player 2 placing token on slot 5
[2022-12-12 15:28:56] [SEVERE ] player 3 placing token on slot 7
[2022-12-12 15:28:56] [SEVERE ] player 5 placing token on slot 8
[2022-12-12 15:28:56] [SEVERE ] player 4 placing token on slot 4
[2022-12-12 15:28:57] [SEVERE ] player 2 placing token on slot 3
[2022-12-12 15:28:57] [SEVERE ] removing player 2 token from slot 3
[2022-12-12 15:28:57] [SEVERE ] removing player 2 token from slot 5
[2022-12-12 15:28:57] [SEVERE ] removing player 2 token from slot 8
[2022-12-12 15:28:57] [SEVERE ] player 5 placing token on slot 10
[2022-12-12 15:28:57] [SEVERE ] removing player 5 token from slot 8
[2022-12-12 15:28:57] [SEVERE ] removing player 5 token from slot 9
[2022-12-12 15:28:57] [SEVERE ] removing player 5 token from slot 10
[2022-12-12 15:28:57] [SEVERE ] player 3 placing token on slot 0
[2022-12-12 15:28:57] [SEVERE ] player 4 placing token on slot 2
[2022-12-12 15:28:57] [SEVERE ] removing player 4 token from slot 1
[2022-12-12 15:28:57] [SEVERE ] removing player 4 token from slot 2
[2022-12-12 15:28:57] [SEVERE ] removing player 4 token from slot 4
[2022-12-12 15:28:57] [SEVERE ] player 2 placing token on slot 6
[2022-12-12 15:28:58] [SEVERE ] player 4 placing token on slot 10
[2022-12-12 15:28:58] [SEVERE ] player 5 placing token on slot 5
[2022-12-12 15:28:58] [SEVERE ] player 3 placing token on slot 2
[2022-12-12 15:28:58] [SEVERE ] removing player 3 token from slot 0
[2022-12-12 15:28:58] [SEVERE ] removing player 3 token from slot 2
[2022-12-12 15:28:58] [SEVERE ] removing player 3 token from slot 7
[2022-12-12 15:28:58] [SEVERE ] player 2 placing token on slot 10
[2022-12-12 15:28:58] [SEVERE ] player 3 placing token on slot 1
[2022-12-12 15:28:58] [SEVERE ] player 4 placing token on slot 0
[2022-12-12 15:28:58] [SEVERE ] player 5 placing token on slot 3
[2022-12-12 15:28:59] [SEVERE ] player 3 placing token on slot 9
[2022-12-12 15:28:59] [SEVERE ] player 5 placing token on slot 8
[2022-12-12 15:28:59] [SEVERE ] removing player 5 token from slot 3
[2022-12-12 15:28:59] [SEVERE ] removing player 5 token from slot 5
[2022-12-12 15:28:59] [SEVERE ] removing player 5 token from slot 8
[2022-12-12 15:28:59] [SEVERE ] player 4 placing token on slot 8
[2022-12-12 15:28:59] [SEVERE ] removing player 4 token from slot 0
[2022-12-12 15:28:59] [SEVERE ] removing player 4 token from slot 8
[2022-12-12 15:28:59] [SEVERE ] removing player 4 token from slot 10
[2022-12-12 15:28:59] [SEVERE ] player 2 placing token on slot 9
[2022-12-12 15:28:59] [SEVERE ] removing player 2 token from slot 6
[2022-12-12 15:28:59] [SEVERE ] removing player 2 token from slot 9
[2022-12-12 15:28:59] [SEVERE ] removing player 2 token from slot 10
[2022-12-12 15:29:00] [SEVERE ] player 4 placing token on slot 10
[2022-12-12 15:29:00] [SEVERE ] player 3 placing token on slot 3
[2022-12-12 15:29:00] [SEVERE ] removing player 3 token from slot 1
[2022-12-12 15:29:00] [SEVERE ] removing player 3 token from slot 3
[2022-12-12 15:29:00] [SEVERE ] removing player 3 token from slot 9
[2022-12-12 15:29:00] [SEVERE ] player 2 placing token on slot 6
[2022-12-12 15:29:00] [SEVERE ] player 5 placing token on slot 6
[2022-12-12 15:29:00] [SEVERE ] player 3 placing token on slot 11
[2022-12-12 15:29:00] [SEVERE ] player 4 placing token on slot 2
[2022-12-12 15:29:01] [SEVERE ] player 2 placing token on slot 0
[2022-12-12 15:29:01] [SEVERE ] player 5 placing token on slot 8
[2022-12-12 15:29:01] [SEVERE ] player 3 placing token on slot 9
[2022-12-12 15:29:01] [SEVERE ] player 2 placing token on slot 8
[2022-12-12 15:29:01] [SEVERE ] removing player 2 token from slot 0
[2022-12-12 15:29:01] [SEVERE ] removing player 2 token from slot 6
[2022-12-12 15:29:01] [SEVERE ] removing player 2 token from slot 8
[2022-12-12 15:29:01] [SEVERE ] player 4 placing token on slot 1
[2022-12-12 15:29:01] [SEVERE ] removing player 4 token from slot 1
[2022-12-12 15:29:01] [SEVERE ] removing player 4 token from slot 2
[2022-12-12 15:29:01] [SEVERE ] removing player 4 token from slot 10
[2022-12-12 15:29:01] [SEVERE ] player 5 placing token on slot 4
[2022-12-12 15:29:01] [SEVERE ] removing player 5 token from slot 4
[2022-12-12 15:29:01] [SEVERE ] removing player 5 token from slot 6
[2022-12-12 15:29:01] [SEVERE ] removing player 5 token from slot 8
[2022-12-12 15:29:02] [SEVERE ] player 3 placing token on slot 8
[2022-12-12 15:29:02] [SEVERE ] removing player 3 token from slot 8
[2022-12-12 15:29:02] [SEVERE ] removing player 3 token from slot 9
[2022-12-12 15:29:02] [SEVERE ] removing player 3 token from slot 11
[2022-12-12 15:29:02] [SEVERE ] player 2 placing token on slot 7
[2022-12-12 15:29:02] [SEVERE ] player 3 placing token on slot 9
[2022-12-12 15:29:02] [SEVERE ] player 4 placing token on slot 3
[2022-12-12 15:29:02] [SEVERE ] player 5 placing token on slot 4
[2022-12-12 15:29:03] [SEVERE ] player 3 placing token on slot 6
[2022-12-12 15:29:03] [SEVERE ] player 2 placing token on slot 2
[2022-12-12 15:29:03] [SEVERE ] player 5 placing token on slot 0
[2022-12-12 15:29:03] [SEVERE ] player 4 placing token on slot 9
[2022-12-12 15:29:03] [SEVERE ] player 3 placing token on slot 1
[2022-12-12 15:29:03] [SEVERE ] removing player 3 token from slot 1
[2022-12-12 15:29:03] [SEVERE ] removing player 3 token from slot 6
[2022-12-12 15:29:03] [SEVERE ] removing player 3 token from slot 9
[2022-12-12 15:29:04] [SEVERE ] player 4 placing token on slot 7
[2022-12-12 15:29:04] [SEVERE ] removing player 4 token from slot 3
[2022-12-12 15:29:04] [SEVERE ] removing player 4 token from slot 7
[2022-12-12 15:29:04] [SEVERE ] removing player 4 token from slot 9
[2022-12-12 15:29:04] [SEVERE ] player 2 placing token on slot 5
[2022-12-12 15:29:04] [SEVERE ] removing player 2 token from slot 2
[2022-12-12 15:29:04] [SEVERE ] removing player 2 token from slot 5
[2022-12-12 15:29:04] [SEVERE ] removing player 2 token from slot 7
[2022-12-12 15:29:04] [SEVERE ] player 5 placing token on slot 1
[2022-12-12 15:29:04] [SEVERE ] removing player 5 token from slot 0
[2022-12-12 15:29:04] [SEVERE ] removing player 5 token from slot 1
[2022-12-12 15:29:04] [SEVERE ] removing player 5 token from slot 4
[2022-12-12 15:29:04] [SEVERE ] player 3 placing token on slot 0
[2022-12-12 15:29:04] [SEVERE ] player 4 placing token on slot 2
[2022-12-12 15:29:05] [SEVERE ] player 5 placing token on slot 9
[2022-12-12 15:29:05] [SEVERE ] player 2 placing token on slot 5
[2022-12-12 15:29:05] [SEVERE ] player 3 placing token on slot 7
[2022-12-12 15:29:05] [SEVERE ] player 4 placing token on slot 7
[2022-12-12 15:29:05] [SEVERE ] player 5 placing token on slot 7
[2022-12-12 15:29:05] [SEVERE ] player 3 placing token on slot 4
[2022-12-12 15:29:05] [SEVERE ] removing player 3 token from slot 0
[2022-12-12 15:29:05] [SEVERE ] removing player 3 token from slot 4
[2022-12-12 15:29:05] [SEVERE ] removing player 3 token from slot 7
[2022-12-12 15:29:05] [SEVERE ] player 2 placing token on slot 9
[2022-12-12 15:29:05] [SEVERE ] player 4 placing token on slot 10
[2022-12-12 15:29:05] [SEVERE ] removing player 4 token from slot 2
[2022-12-12 15:29:05] [SEVERE ] removing player 4 token from slot 7
[2022-12-12 15:29:05] [SEVERE ] removing player 4 token from slot 10
[2022-12-12 15:29:06] [SEVERE ] player 5 placing token on slot 11
[2022-12-12 15:29:06] [SEVERE ] removing player 5 token from slot 7
[2022-12-12 15:29:06] [SEVERE ] removing player 5 token from slot 9
[2022-12-12 15:29:06] [SEVERE ] removing player 5 token from slot 11
[2022-12-12 15:29:06] [SEVERE ] player 3 placing token on slot 4
[2022-12-12 15:29:06] [SEVERE ] player 2 placing token on slot 6
[2022-12-12 15:29:06] [SEVERE ] removing player 2 token from slot 5
[2022-12-12 15:29:06] [SEVERE ] removing player 2 token from slot 6
[2022-12-12 15:29:06] [SEVERE ] removing player 2 token from slot 9
[2022-12-12 15:29:06] [SEVERE ] player 4 placing token on slot 6
[2022-12-12 15:29:07] [SEVERE ] player 3 placing token on slot 8
[2022-12-12 15:29:07] [SEVERE ] player 5 placing token on slot 5
[2022-12-12 15:29:07] [SEVERE ] player 4 placing token on slot 5
[2022-12-12 15:29:07] [SEVERE ] player 2 placing token on slot 3
[2022-12-12 15:29:07] [SEVERE ] player 5 placing token on slot 7
[2022-12-12 15:29:08] [SEVERE ] player 4 placing token on slot 1
[2022-12-12 15:29:08] [SEVERE ] removing player 4 token from slot 1
[2022-12-12 15:29:08] [SEVERE ] removing player 4 token from slot 5
[2022-12-12 15:29:08] [SEVERE ] removing player 4 token from slot 6
[2022-12-12 15:29:08] [SEVERE ] player 3 placing token on slot 3
[2022-12-12 15:29:08] [SEVERE ] removing player 3 token from slot 3
[2022-12-12 15:29:08] [SEVERE ] removing player 3 token from slot 4
[2022-12-12 15:29:08] [SEVERE ] removing player 3 token from slot 8
[2022-12-12 15:29:08] [SEVERE ] player 2 placing token on slot 4
[2022-12-12 15:29:08] [SEVERE ] player 4 placing token on slot 4
[2022-12-12 15:29:08] [SEVERE ] player 5 placing token on slot 8
[2022-12-12 15:29:08] [SEVERE ] removing player 5 token from slot 5
[2022-12-12 15:29:08] [SEVERE ] removing player 5 token from slot 7
[2022-12-12 15:29:08] [SEVERE ] removing player 5 token from slot 8
[2022-12-12 15:29:08] [SEVERE ] player 3 placing token on slot 5
[2022-12-12 15:29:09] [SEVERE ] player 2 placing token on slot 0
[2022-12-12 15:29:09] [SEVERE ] removing player 2 token from slot 0
[2022-12-12 15:29:09] [SEVERE ] removing player 2 token from slot 3
[2022-12-12 15:29:09] [SEVERE ] removing player 2 token from slot 4
[2022-12-12 15:29:09] [SEVERE ] player 5 placing token on slot 0
[2022-12-12 15:29:09] [SEVERE ] player 4 placing token on slot 6
[2022-12-12 15:29:09] [SEVERE ] player 3 placing token on slot 11
[2022-12-12 15:29:10] [SEVERE ] player 5 placing token on slot 8
[2022-12-12 15:29:10] [SEVERE ] player 2 placing token on slot 8
[2022-12-12 15:29:10] [SEVERE ] player 4 placing token on slot 11
[2022-12-12 15:29:10] [SEVERE ] removing player 4 token from slot 4
[2022-12-12 15:29:10] [SEVERE ] removing player 4 token from slot 6
[2022-12-12 15:29:10] [SEVERE ] removing player 4 token from slot 11
[2022-12-12 15:29:10] [SEVERE ] player 3 placing token on slot 10
[2022-12-12 15:29:10] [SEVERE ] removing player 3 token from slot 5
[2022-12-12 15:29:10] [SEVERE ] removing player 3 token from slot 10
[2022-12-12 15:29:10] [SEVERE ] removing player 3 token from slot 11
[2022-12-12 15:29:10] [SEVERE ] player 5 placing token on slot 11
[2022-12-12 15:29:10] [SEVERE ] removing player 5 token from slot 0
[2022-12-12 15:29:10] [SEVERE ] removing player 5 token from slot 8
[2022-12-12 15:29:10] [SEVERE ] removing player 5 token from slot 11
[2022-12-12 15:29:11] [SEVERE ] player 2 placing token on slot 10
[2022-12-12 15:29:11] [SEVERE ] player 3 placing token on slot 7
[2022-12-12 15:29:11] [SEVERE ] player 4 placing token on slot 6
[2022-12-12 15:29:11] [SEVERE ] player 3 placing token on slot 8
[2022-12-12 15:29:11] [SEVERE ] player 5 placing token on slot 4
[2022-12-12 15:29:11] [SEVERE ] player 4 placing token on slot 4
[2022-12-12 15:29:11] [SEVERE ] player 2 placing token on slot 11
[2022-12-12 15:29:11] [SEVERE ] removing player 2 token from slot 8
[2022-12-12 15:29:11] [SEVERE ] removing player 2 token from slot 10
[2022-12-12 15:29:11] [SEVERE ] removing player 2 token from slot 11
[2022-12-12 15:29:12] [SEVERE ] player 5 placing token on slot 8
[2022-12-12 15:29:12] [SEVERE ] player 3 placing token on slot 0
[2022-12-12 15:29:12] [SEVERE ] removing player 3 token from slot 0
[2022-12-12 15:29:12] [SEVERE ] removing player 3 token from slot 7
[2022-12-12 15:29:12] [SEVERE ] removing player 3 token from slot 8
[2022-12-12 15:29:12] [SEVERE ] player 4 placing token on slot 5
[2022-12-12 15:29:12] [SEVERE ] removing player 4 token from slot 4
[2022-12-12 15:29:12] [SEVERE ] removing player 4 token from slot 5
[2022-12-12 15:29:12] [SEVERE ] removing player 4 token from slot 6
[2022-12-12 15:29:12] [SEVERE ] player 2 placing token on slot 5
[2022-12-12 15:29:12] [SEVERE ] player 5 placing token on slot 2
[2022-12-12 15:29:12] [SEVERE ] removing player 5 token from slot 2
[2022-12-12 15:29:12] [SEVERE ] removing player 5 token from slot 4
[2022-12-12 15:29:12] [SEVERE ] removing player 5 token from slot 8
[2022-12-12 15:29:13] [SEVERE ] player 3 placing token on slot 9
[2022-12-12 15:29:13] [SEVERE ] player 5 placing token on slot 11
[2022-12-12 15:29:13] [SEVERE ] player 2 placing token on slot 10
[2022-12-12 15:29:13] [SEVERE ] player 4 placing token on slot 9
[2022-12-12 15:29:14] [SEVERE ] player 5 placing token on slot 3
[2022-12-12 15:29:14] [SEVERE ] player 3 placing token on slot 0
[2022-12-12 15:29:14] [SEVERE ] player 2 placing token on slot 7
[2022-12-12 15:29:14] [SEVERE ] removing player 2 token from slot 5
[2022-12-12 15:29:14] [SEVERE ] removing player 2 token from slot 7
[2022-12-12 15:29:14] [SEVERE ] removing player 2 token from slot 10
[2022-12-12 15:29:14] [SEVERE ] player 4 placing token on slot 7
[2022-12-12 15:29:14] [SEVERE ] player 5 placing token on slot 5
[2022-12-12 15:29:14] [SEVERE ] removing player 5 token from slot 3
[2022-12-12 15:29:14] [SEVERE ] removing player 5 token from slot 5
[2022-12-12 15:29:14] [SEVERE ] removing player 5 token from slot 11
[2022-12-12 15:29:14] [SEVERE ] player 3 placing token on slot 8
[2022-12-12 15:29:14] [SEVERE ] removing player 3 token from slot 0
[2022-12-12 15:29:14] [SEVERE ] removing player 3 token from slot 8
[2022-12-12 15:29:14] [SEVERE ] removing player 3 token from slot 9
[2022-12-12 15:29:14] [SEVERE ] player 2 placing token on slot 9
[2022-12-12 15:29:15] [SEVERE ] player 4 placing token on slot 6
[2022-12-12 15:29:15] [SEVERE ] removing player 4 token from slot 6
[2022-12-12 15:29:15] [SEVERE ] removing player 4 token from slot 7
[2022-12-12 15:29:15] [SEVERE ] removing player 4 token from slot 9
[2022-12-12 15:29:15] [SEVERE ] player 5 placing token on slot 9
[2022-12-12 15:29:15] [SEVERE ] player 2 placing token on slot 0
[2022-12-12 15:29:15] [SEVERE ] player 3 placing token on slot 2
[2022-12-12 15:29:16] [SEVERE ] player 2 placing token on slot 5
[2022-12-12 15:29:16] [SEVERE ] removing player 2 token from slot 0
[2022-12-12 15:29:16] [SEVERE ] removing player 2 token from slot 5
[2022-12-12 15:29:16] [SEVERE ] removing player 2 token from slot 9
[2022-12-12 15:29:16] [SEVERE ] player 5 placing token on slot 2
[2022-12-12 15:29:16] [SEVERE ] player 4 placing token on slot 11
[2022-12-12 15:29:16] [SEVERE ] player 3 placing token on slot 9
[2022-12-12 15:29:16] [SEVERE ] player 3 placing token on slot 6
[2022-12-12 15:29:16] [SEVERE ] removing player 3 token from slot 2
[2022-12-12 15:29:16] [SEVERE ] removing player 3 token from slot 6
[2022-12-12 15:29:16] [SEVERE ] removing player 3 token from slot 9
[2022-12-12 15:29:16] [SEVERE ] player 5 placing token on slot 1
[2022-12-12 15:29:16] [SEVERE ] removing player 5 token from slot 1
[2022-12-12 15:29:16] [SEVERE ] removing player 5 token from slot 2
[2022-12-12 15:29:16] [SEVERE ] removing player 5 token from slot 9
[2022-12-12 15:29:16] [SEVERE ] player 4 placing token on slot 9
[2022-12-12 15:29:16] [SEVERE ] player 2 placing token on slot 8
[2022-12-12 15:29:17] [SEVERE ] player 3 placing token on slot 6
[2022-12-12 15:29:17] [SEVERE ] player 2 placing token on slot 6
[2022-12-12 15:29:17] [SEVERE ] player 4 placing token on slot 1
[2022-12-12 15:29:17] [SEVERE ] removing player 4 token from slot 1
[2022-12-12 15:29:17] [SEVERE ] removing player 4 token from slot 9
[2022-12-12 15:29:17] [SEVERE ] removing player 4 token from slot 11
[2022-12-12 15:29:17] [SEVERE ] player 5 placing token on slot 0
[2022-12-12 15:29:18] [SEVERE ] player 3 placing token on slot 10
[2022-12-12 15:29:18] [SEVERE ] player 2 placing token on slot 1
[2022-12-12 15:29:18] [SEVERE ] removing player 2 token from slot 1
[2022-12-12 15:29:18] [SEVERE ] removing player 2 token from slot 6
[2022-12-12 15:29:18] [SEVERE ] removing player 2 token from slot 8
[2022-12-12 15:29:18] [SEVERE ] player 5 placing token on slot 6
[2022-12-12 15:29:18] [SEVERE ] player 4 placing token on slot 10
[2022-12-12 15:29:19] [SEVERE ] player 3 placing token on slot 1
[2022-12-12 15:29:19] [SEVERE ] removing player 3 token from slot 1
[2022-12-12 15:29:19] [SEVERE ] removing player 3 token from slot 6
[2022-12-12 15:29:19] [SEVERE ] removing player 3 token from slot 10
[2022-12-12 15:29:19] [SEVERE ] player 4 placing token on slot 7
[2022-12-12 15:29:19] [SEVERE ] player 2 placing token on slot 2
[2022-12-12 15:29:19] [SEVERE ] player 5 placing token on slot 3
[2022-12-12 15:29:19] [SEVERE ] removing player 5 token from slot 0
[2022-12-12 15:29:19] [SEVERE ] removing player 5 token from slot 3
[2022-12-12 15:29:19] [SEVERE ] removing player 5 token from slot 6
[2022-12-12 15:29:19] [SEVERE ] player 3 placing token on slot 3
[2022-12-12 15:29:19] [SEVERE ] player 2 placing token on slot 11
[2022-12-12 15:29:20] [SEVERE ] player 5 placing token on slot 10
[2022-12-12 15:29:20] [SEVERE ] player 4 placing token on slot 2
[2022-12-12 15:29:20] [SEVERE ] removing player 4 token from slot 2
[2022-12-12 15:29:20] [SEVERE ] removing player 4 token from slot 7
[2022-12-12 15:29:20] [SEVERE ] removing player 4 token from slot 10
[2022-12-12 15:29:20] [SEVERE ] player 3 placing token on slot 7
[2022-12-12 15:29:20] [SEVERE ] player 2 placing token on slot 9
[2022-12-12 15:29:20] [SEVERE ] removing player 2 token from slot 2
[2022-12-12 15:29:20] [SEVERE ] removing player 2 token from slot 9
[2022-12-12 15:29:20] [SEVERE ] removing player 2 token from slot 11
[2022-12-12 15:29:20] [SEVERE ] player 4 placing token on slot 2
[2022-12-12 15:29:20] [SEVERE ] player 5 placing token on slot 6
[2022-12-12 15:29:21] [SEVERE ] player 3 placing token on slot 6
[2022-12-12 15:29:21] [SEVERE ] removing player 3 token from slot 3
[2022-12-12 15:29:21] [SEVERE ] removing player 3 token from slot 6
[2022-12-12 15:29:21] [SEVERE ] removing player 3 token from slot 7
[2022-12-12 15:29:21] [SEVERE ] player 4 placing token on slot 0
[2022-12-12 15:29:21] [SEVERE ] player 2 placing token on slot 0
[2022-12-12 15:29:21] [SEVERE ] player 3 placing token on slot 7
[2022-12-12 15:29:21] [SEVERE ] player 5 placing token on slot 4
[2022-12-12 15:29:21] [SEVERE ] removing player 5 token from slot 4
[2022-12-12 15:29:21] [SEVERE ] removing player 5 token from slot 6
[2022-12-12 15:29:21] [SEVERE ] removing player 5 token from slot 10
[2022-12-12 15:29:22] [SEVERE ] player 4 placing token on slot 8
[2022-12-12 15:29:22] [SEVERE ] removing player 4 token from slot 0
[2022-12-12 15:29:22] [SEVERE ] removing player 4 token from slot 2
[2022-12-12 15:29:22] [SEVERE ] removing player 4 token from slot 8
[2022-12-12 15:29:22] [SEVERE ] player 2 placing token on slot 3
[2022-12-12 15:29:22] [SEVERE ] player 3 placing token on slot 6
[2022-12-12 15:29:22] [SEVERE ] player 5 placing token on slot 11
[2022-12-12 15:29:22] [SEVERE ] player 4 placing token on slot 10
[2022-12-12 15:29:23] [SEVERE ] player 2 placing token on slot 9
[2022-12-12 15:29:23] [SEVERE ] removing player 2 token from slot 0
[2022-12-12 15:29:23] [SEVERE ] removing player 2 token from slot 3
[2022-12-12 15:29:23] [SEVERE ] removing player 2 token from slot 9
[2022-12-12 15:29:23] [SEVERE ] player 3 placing token on slot 11
[2022-12-12 15:29:23] [SEVERE ] removing player 3 token from slot 6
[2022-12-12 15:29:23] [SEVERE ] removing player 3 token from slot 7
[2022-12-12 15:29:23] [SEVERE ] removing player 3 token from slot 11
[2022-12-12 15:29:23] [SEVERE ] player 5 placing token on slot 4
[2022-12-12 15:29:23] [SEVERE ] player 4 placing token on slot 9
[2022-12-12 15:29:23] [SEVERE ] player 2 placing token on slot 4
[2022-12-12 15:29:24] [SEVERE ] player 4 placing token on slot 8
[2022-12-12 15:29:24] [SEVERE ] removing player 4 token from slot 8
[2022-12-12 15:29:24] [SEVERE ] removing player 4 token from slot 9
[2022-12-12 15:29:24] [SEVERE ] removing player 4 token from slot 10
[2022-12-12 15:29:24] [SEVERE ] player 3 placing token on slot 3
[2022-12-12 15:29:24] [SEVERE ] player 5 placing token on slot 5
[2022-12-12 15:29:24] [SEVERE ] removing player 5 token from slot 4
[2022-12-12 15:29:24] [SEVERE ] removing player 5 token from slot 5
[2022-12-12 15:29:24] [SEVERE ] removing player 5 token from slot 11
[2022-12-12 15:29:24] [SEVERE ] player 4 placing token on slot 3
[2022-12-12 15:29:24] [SEVERE ] player 2 placing token on slot 1
[2022-12-12 15:29:24] [SEVERE ] player 3 placing token on slot 2
[2022-12-12 15:29:25] [SEVERE ] player 5 placing token on slot 10
[2022-12-12 15:29:25] [SEVERE ] player 4 placing token on slot 6
[2022-12-12 15:29:25] [SEVERE ] player 2 placing token on slot 10
[2022-12-12 15:29:25] [SEVERE ] player 3 placing token on slot 5
[2022-12-12 15:29:25] [SEVERE ] player 5 placing token on slot 8
[2022-12-12 15:29:25] [SEVERE ] removing tokens from slot 1
[2022-12-12 15:29:25] [SEVERE ] removing card from slot 1
[2022-12-12 15:29:26] [SEVERE ] removing tokens from slot 4
[2022-12-12 15:29:26] [SEVERE ] removing card from slot 4
[2022-12-12 15:29:26] [SEVERE ] removing tokens from slot 10
[2022-12-12 15:29:26] [SEVERE ] removing card from slot 10
[2022-12-12 15:29:26] [SEVERE ] setting player 2 score to 1
[2022-12-12 15:29:26] [SEVERE ] removing player 3 token from slot 2
[2022-12-12 15:29:26] [SEVERE ] removing player 3 token from slot 3
[2022-12-12 15:29:26] [SEVERE ] removing player 3 token from slot 5
[2022-12-12 15:29:26] [SEVERE ] placing card 49 in slot 1
[2022-12-12 15:29:26] [SEVERE ] placing card 6 in slot 4
[2022-12-12 15:29:26] [SEVERE ] player 4 placing token on slot 5
[2022-12-12 15:29:26] [SEVERE ] player 3 placing token on slot 9
[2022-12-12 15:29:26] [SEVERE ] placing card 67 in slot 10
[2022-12-12 15:29:26] [SEVERE ] removing player 4 token from slot 3
[2022-12-12 15:29:26] [SEVERE ] removing player 4 token from slot 5
[2022-12-12 15:29:26] [SEVERE ] removing player 4 token from slot 6
[2022-12-12 15:29:26] [SEVERE ] player 2 placing token on slot 4
[2022-12-12 15:29:26] [SEVERE ] player 5 placing token on slot 11
[2022-12-12 15:29:26] [SEVERE ] player 4 placing token on slot 1
[2022-12-12 15:29:27] [SEVERE ] player 3 placing token on slot 7
[2022-12-12 15:29:27] [SEVERE ] player 2 placing token on slot 2
[2022-12-12 15:29:27] [SEVERE ] player 5 placing token on slot 4
[2022-12-12 15:29:27] [SEVERE ] removing player 5 token from slot 4
[2022-12-12 15:29:27] [SEVERE ] removing player 5 token from slot 8
[2022-12-12 15:29:27] [SEVERE ] removing player 5 token from slot 11
[2022-12-12 15:29:27] [SEVERE ] player 4 placing token on slot 0
[2022-12-12 15:29:28] [SEVERE ] player 5 placing token on slot 3
[2022-12-12 15:29:28] [SEVERE ] player 3 placing token on slot 4
[2022-12-12 15:29:28] [SEVERE ] removing player 3 token from slot 4
[2022-12-12 15:29:28] [SEVERE ] removing player 3 token from slot 7
[2022-12-12 15:29:28] [SEVERE ] removing player 3 token from slot 9
[2022-12-12 15:29:28] [SEVERE ] player 2 placing token on slot 0
[2022-12-12 15:29:28] [SEVERE ] removing player 2 token from slot 0
[2022-12-12 15:29:28] [SEVERE ] removing player 2 token from slot 2
[2022-12-12 15:29:28] [SEVERE ] removing player 2 token from slot 4
[2022-12-12 15:29:28] [SEVERE ] player 4 placing token on slot 8
[2022-12-12 15:29:28] [SEVERE ] player 5 placing token on slot 1
[2022-12-12 15:29:28] [SEVERE ] removing player 4 token from slot 0
[2022-12-12 15:29:28] [SEVERE ] removing player 4 token from slot 1
[2022-12-12 15:29:28] [SEVERE ] removing player 4 token from slot 8
[2022-12-12 15:29:28] [SEVERE ] player 3 placing token on slot 11
[2022-12-12 15:29:28] [SEVERE ] player 2 placing token on slot 4
[2022-12-12 15:29:29] [SEVERE ] player 4 placing token on slot 10
[2022-12-12 15:29:29] [SEVERE ] player 2 placing token on slot 1
[2022-12-12 15:29:29] [SEVERE ] player 5 placing token on slot 8
[2022-12-12 15:29:29] [SEVERE ] removing player 5 token from slot 1
[2022-12-12 15:29:29] [SEVERE ] removing player 5 token from slot 3
[2022-12-12 15:29:29] [SEVERE ] removing player 5 token from slot 8
[2022-12-12 15:29:29] [SEVERE ] player 3 placing token on slot 9
[2022-12-12 15:29:30] [SEVERE ] player 4 placing token on slot 11
[2022-12-12 15:29:30] [SEVERE ] player 5 placing token on slot 9
[2022-12-12 15:29:30] [SEVERE ] player 2 placing token on slot 2
[2022-12-12 15:29:30] [SEVERE ] removing player 2 token from slot 1
[2022-12-12 15:29:30] [SEVERE ] removing player 2 token from slot 2
[2022-12-12 15:29:30] [SEVERE ] removing player 2 token from slot 4
[2022-12-12 15:29:30] [SEVERE ] player 3 placing token on slot 3
[2022-12-12 15:29:30] [SEVERE ] removing player 3 token from slot 3
[2022-12-12 15:29:30] [SEVERE ] removing player 3 token from slot 9
[2022-12-12 15:29:30] [SEVERE ] removing player 3 token from slot 11
[2022-12-12 15:29:31] [SEVERE ] player 4 placing token on slot 8
[2022-12-12 15:29:31] [SEVERE ] removing player 4 token from slot 8
[2022-12-12 15:29:31] [SEVERE ] removing player 4 token from slot 10
[2022-12-12 15:29:31] [SEVERE ] removing player 4 token from slot 11
[2022-12-12 15:29:31] [SEVERE ] player 5 placing token on slot 2
[2022-12-12 15:29:31] [SEVERE ] player 3 placing token on slot 11
[2022-12-12 15:29:31] [SEVERE ] player 2 placing token on slot 10
[2022-12-12 15:29:31] [SEVERE ] player 4 placing token on slot 3
[2022-12-12 15:29:31] [SEVERE ] player 3 placing token on slot 7
[2022-12-12 15:29:31] [SEVERE ] player 5 placing token on slot 8
[2022-12-12 15:29:31] [SEVERE ] removing player 5 token from slot 2
[2022-12-12 15:29:31] [SEVERE ] removing player 5 token from slot 8
[2022-12-12 15:29:31] [SEVERE ] removing player 5 token from slot 9
[2022-12-12 15:29:32] [SEVERE ] player 4 placing token on slot 11
[2022-12-12 15:29:32] [SEVERE ] player 2 placing token on slot 5
[2022-12-12 15:29:32] [SEVERE ] player 3 placing token on slot 8
[2022-12-12 15:29:32] [SEVERE ] removing player 3 token from slot 7
[2022-12-12 15:29:32] [SEVERE ] removing player 3 token from slot 8
[2022-12-12 15:29:32] [SEVERE ] removing player 3 token from slot 11
[2022-12-12 15:29:32] [SEVERE ] player 4 placing token on slot 1
[2022-12-12 15:29:32] [SEVERE ] removing player 4 token from slot 1
[2022-12-12 15:29:32] [SEVERE ] removing player 4 token from slot 3
[2022-12-12 15:29:32] [SEVERE ] removing player 4 token from slot 11
[2022-12-12 15:29:32] [SEVERE ] player 5 placing token on slot 6
[2022-12-12 15:29:33] [SEVERE ] player 2 placing token on slot 3
[2022-12-12 15:29:33] [SEVERE ] removing player 2 token from slot 3
[2022-12-12 15:29:33] [SEVERE ] removing player 2 token from slot 5
[2022-12-12 15:29:33] [SEVERE ] removing player 2 token from slot 10
[2022-12-12 15:29:33] [SEVERE ] player 3 placing token on slot 1
[2022-12-12 15:29:33] [SEVERE ] player 4 placing token on slot 9
[2022-12-12 15:29:33] [SEVERE ] player 2 placing token on slot 1
[2022-12-12 15:29:33] [SEVERE ] player 5 placing token on slot 7
[2022-12-12 15:29:33] [SEVERE ] player 3 placing token on slot 10
[2022-12-12 15:29:34] [SEVERE ] player 5 placing token on slot 9
[2022-12-12 15:29:34] [SEVERE ] removing player 5 token from slot 6
[2022-12-12 15:29:34] [SEVERE ] removing player 5 token from slot 7
[2022-12-12 15:29:34] [SEVERE ] removing player 5 token from slot 9
[2022-12-12 15:29:34] [SEVERE ] player 4 placing token on slot 3
[2022-12-12 15:29:34] [SEVERE ] player 2 placing token on slot 7
[2022-12-12 15:29:34] [SEVERE ] player 3 placing token on slot 0
[2022-12-12 15:29:34] [SEVERE ] removing player 3 token from slot 0
[2022-12-12 15:29:34] [SEVERE ] removing player 3 token from slot 1
[2022-12-12 15:29:34] [SEVERE ] removing player 3 token from slot 10
[2022-12-12 15:29:34] [SEVERE ] player 5 placing token on slot 9
[2022-12-12 15:29:35] [SEVERE ] player 2 placing token on slot 5
[2022-12-12 15:29:35] [SEVERE ] removing player 2 token from slot 1
[2022-12-12 15:29:35] [SEVERE ] removing player 2 token from slot 5
[2022-12-12 15:29:35] [SEVERE ] removing player 2 token from slot 7
[2022-12-12 15:29:35] [SEVERE ] player 4 placing token on slot 6
[2022-12-12 15:29:35] [SEVERE ] removing player 4 token from slot 3
[2022-12-12 15:29:35] [SEVERE ] removing player 4 token from slot 6
[2022-12-12 15:29:35] [SEVERE ] removing player 4 token from slot 9
[2022-12-12 15:29:35] [SEVERE ] player 3 placing token on slot 10
[2022-12-12 15:29:35] [SEVERE ] player 5 placing token on slot 10
[2022-12-12 15:29:35] [SEVERE ] player 2 placing token on slot 8
[2022-12-12 15:29:36] [SEVERE ] player 3 placing token on slot 1
[2022-12-12 15:29:36] [SEVERE ] player 5 placing token on slot 5
[2022-12-12 15:29:36] [SEVERE ] removing player 5 token from slot 5
[2022-12-12 15:29:36] [SEVERE ] removing player 5 token from slot 9
[2022-12-12 15:29:36] [SEVERE ] removing player 5 token from slot 10
[2022-12-12 15:29:36] [SEVERE ] player 4 placing token on slot 7
[2022-12-12 15:29:36] [SEVERE ] player 2 placing token on slot 11
[2022-12-12 15:29:36] [SEVERE ] player 3 placing token on slot 11
[2022-12-12 15:29:36] [SEVERE ] removing player 3 token from slot 1
[2022-12-12 15:29:36] [SEVERE ] removing player 3 token from slot 10
[2022-12-12 15:29:36] [SEVERE ] removing player 3 token from slot 11
[2022-12-12 15:29:37] [SEVERE ] player 4 placing token on slot 10
[2022-12-12 15:29:37] [SEVERE ] player 5 placing token on slot 4
[2022-12-12 15:29:37] [SEVERE ] player 2 placing token on slot 9
[2022-12-12 15:29:37] [SEVERE ] removing player 2 token from slot 8
[2022-12-12 15:29:37] [SEVERE ] removing player 2 token from slot 9
[2022-12-12 15:29:37] [SEVERE ] removing player 2 token from slot 11
[2022-12-12 15:29:37] [SEVERE ] player 5 placing token on slot 2
[2022-12-12 15:29:37] [SEVERE ] player 2 placing token on slot 0
[2022-12-12 15:29:37] [SEVERE ] player 4 placing token on slot 2
[2022-12-12 15:29:37] [SEVERE ] removing player 4 token from slot 2
[2022-12-12 15:29:37] [SEVERE ] removing player 4 token from slot 7
[2022-12-12 15:29:37] [SEVERE ] removing player 4 token from slot 10
[2022-12-12 15:29:37] [SEVERE ] player 3 placing token on slot 3
[2022-12-12 15:29:38] [SEVERE ] player 5 placing token on slot 3
[2022-12-12 15:29:38] [SEVERE ] removing player 5 token from slot 2
[2022-12-12 15:29:38] [SEVERE ] removing player 5 token from slot 3
[2022-12-12 15:29:38] [SEVERE ] removing player 5 token from slot 4
[2022-12-12 15:29:38] [SEVERE ] player 2 placing token on slot 7
[2022-12-12 15:29:38] [SEVERE ] player 4 placing token on slot 3
[2022-12-12 15:29:38] [SEVERE ] player 3 placing token on slot 0
[2022-12-12 15:29:39] [SEVERE ] player 5 placing token on slot 10
[2022-12-12 15:29:39] [SEVERE ] player 2 placing token on slot 2
[2022-12-12 15:29:39] [SEVERE ] removing player 2 token from slot 0
[2022-12-12 15:29:39] [SEVERE ] removing player 2 token from slot 2
[2022-12-12 15:29:39] [SEVERE ] removing player 2 token from slot 7
[2022-12-12 15:29:39] [SEVERE ] player 3 placing token on slot 7
[2022-12-12 15:29:39] [SEVERE ] removing player 3 token from slot 0
[2022-12-12 15:29:39] [SEVERE ] removing player 3 token from slot 3
[2022-12-12 15:29:39] [SEVERE ] removing player 3 token from slot 7
[2022-12-12 15:29:39] [SEVERE ] player 4 placing token on slot 6
[2022-12-12 15:29:39] [SEVERE ] player 5 placing token on slot 1
[2022-12-12 15:29:40] [SEVERE ] player 2 placing token on slot 2
[2022-12-12 15:29:40] [SEVERE ] player 3 placing token on slot 2
[2022-12-12 15:29:40] [SEVERE ] player 4 placing token on slot 4
[2022-12-12 15:29:40] [SEVERE ] removing player 4 token from slot 3
[2022-12-12 15:29:40] [SEVERE ] removing player 4 token from slot 4
[2022-12-12 15:29:40] [SEVERE ] removing player 4 token from slot 6
[2022-12-12 15:29:40] [SEVERE ] player 3 placing token on slot 11
[2022-12-12 15:29:40] [SEVERE ] player 5 placing token on slot 5
[2022-12-12 15:29:40] [SEVERE ] removing player 5 token from slot 1
[2022-12-12 15:29:40] [SEVERE ] removing player 5 token from slot 5
[2022-12-12 15:29:40] [SEVERE ] removing player 5 token from slot 10
[2022-12-12 15:29:40] [SEVERE ] player 4 placing token on slot 2
[2022-12-12 15:29:41] [SEVERE ] player 2 placing token on slot 5
[2022-12-12 15:29:41] [SEVERE ] player 5 placing token on slot 3
[2022-12-12 15:29:41] [SEVERE ] player 4 placing token on slot 5
[2022-12-12 15:29:41] [SEVERE ] player 2 placing token on slot 7
[2022-12-12 15:29:41] [SEVERE ] removing player 2 token from slot 2
[2022-12-12 15:29:41] [SEVERE ] removing player 2 token from slot 5
[2022-12-12 15:29:41] [SEVERE ] removing player 2 token from slot 7
[2022-12-12 15:29:41] [SEVERE ] player 3 placing token on slot 4
[2022-12-12 15:29:41] [SEVERE ] removing player 3 token from slot 2
[2022-12-12 15:29:41] [SEVERE ] removing player 3 token from slot 4
[2022-12-12 15:29:41] [SEVERE ] removing player 3 token from slot 11
[2022-12-12 15:29:42] [SEVERE ] player 2 placing token on slot 11
[2022-12-12 15:29:42] [SEVERE ] player 5 placing token on slot 7
[2022-12-12 15:29:42] [SEVERE ] player 4 placing token on slot 4
[2022-12-12 15:29:42] [SEVERE ] removing player 4 token from slot 2
[2022-12-12 15:29:42] [SEVERE ] removing player 4 token from slot 4
[2022-12-12 15:29:42] [SEVERE ] removing player 4 token from slot 5
[2022-12-12 15:29:42] [SEVERE ] player 2 placing token on slot 5
[2022-12-12 15:29:42] [SEVERE ] player 3 placing token on slot 4
[2022-12-12 15:29:42] [SEVERE ] player 5 placing token on slot 0
[2022-12-12 15:29:42] [SEVERE ] removing player 5 token from slot 0
[2022-12-12 15:29:42] [SEVERE ] removing player 5 token from slot 3
[2022-12-12 15:29:42] [SEVERE ] removing player 5 token from slot 7
[2022-12-12 15:29:43] [SEVERE ] player 4 placing token on slot 4
[2022-12-12 15:29:43] [SEVERE ] player 2 placing token on slot 10
[2022-12-12 15:29:43] [SEVERE ] removing player 2 token from slot 5
[2022-12-12 15:29:43] [SEVERE ] removing player 2 token from slot 10
[2022-12-12 15:29:43] [SEVERE ] removing player 2 token from slot 11
[2022-12-12 15:29:43] [SEVERE ] player 3 placing token on slot 6
[2022-12-12 15:29:43] [SEVERE ] player 5 placing token on slot 7
[2022-12-12 15:29:44] [SEVERE ] player 4 placing token on slot 1
[2022-12-12 15:29:44] [SEVERE ] player 3 placing token on slot 10
[2022-12-12 15:29:44] [SEVERE ] removing player 3 token from slot 4
[2022-12-12 15:29:44] [SEVERE ] removing player 3 token from slot 6
[2022-12-12 15:29:44] [SEVERE ] removing player 3 token from slot 10
[2022-12-12 15:29:44] [SEVERE ] player 2 placing token on slot 11
[2022-12-12 15:29:44] [SEVERE ] player 5 placing token on slot 5
[2022-12-12 15:29:44] [SEVERE ] player 4 placing token on slot 0
[2022-12-12 15:29:44] [SEVERE ] removing player 4 token from slot 0
[2022-12-12 15:29:44] [SEVERE ] removing player 4 token from slot 1
[2022-12-12 15:29:44] [SEVERE ] removing player 4 token from slot 4
[2022-12-12 15:29:45] [SEVERE ] player 2 placing token on slot 0
[2022-12-12 15:29:45] [SEVERE ] player 3 placing token on slot 8
[2022-12-12 15:29:45] [SEVERE ] player 5 placing token on slot 1
[2022-12-12 15:29:45] [SEVERE ] removing player 5 token from slot 1
[2022-12-12 15:29:45] [SEVERE ] removing player 5 token from slot 5
[2022-12-12 15:29:45] [SEVERE ] removing player 5 token from slot 7
[2022-12-12 15:29:45] [SEVERE ] player 4 placing token on slot 4
[2022-12-12 15:29:45] [SEVERE ] player 2 placing token on slot 1
[2022-12-12 15:29:45] [SEVERE ] removing player 2 token from slot 0
[2022-12-12 15:29:45] [SEVERE ] removing player 2 token from slot 1
[2022-12-12 15:29:45] [SEVERE ] removing player 2 token from slot 11
[2022-12-12 15:29:45] [SEVERE ] player 3 placing token on slot 2
[2022-12-12 15:29:46] [SEVERE ] player 5 placing token on slot 9
[2022-12-12 15:29:46] [SEVERE ] player 4 placing token on slot 3
[2022-12-12 15:29:46] [SEVERE ] player 5 placing token on slot 7
[2022-12-12 15:29:46] [SEVERE ] player 3 placing token on slot 0
[2022-12-12 15:29:46] [SEVERE ] removing player 3 token from slot 0
[2022-12-12 15:29:46] [SEVERE ] removing player 3 token from slot 2
[2022-12-12 15:29:46] [SEVERE ] removing player 3 token from slot 8
[2022-12-12 15:29:46] [SEVERE ] player 2 placing token on slot 6
[2022-12-12 15:29:47] [SEVERE ] player 4 placing token on slot 11
[2022-12-12 15:29:47] [SEVERE ] removing player 4 token from slot 3
[2022-12-12 15:29:47] [SEVERE ] removing player 4 token from slot 4
[2022-12-12 15:29:47] [SEVERE ] removing player 4 token from slot 11
[2022-12-12 15:29:47] [SEVERE ] player 5 placing token on slot 10
[2022-12-12 15:29:47] [SEVERE ] removing player 5 token from slot 7
[2022-12-12 15:29:47] [SEVERE ] removing player 5 token from slot 9
[2022-12-12 15:29:47] [SEVERE ] removing player 5 token from slot 10
[2022-12-12 15:29:47] [SEVERE ] player 3 placing token on slot 3
[2022-12-12 15:29:47] [SEVERE ] player 2 placing token on slot 2
[2022-12-12 15:29:47] [SEVERE ] player 4 placing token on slot 7
[2022-12-12 15:29:48] [SEVERE ] player 5 placing token on slot 4
[2022-12-12 15:29:48] [SEVERE ] player 3 placing token on slot 2
[2022-12-12 15:29:48] [SEVERE ] player 4 placing token on slot 6
[2022-12-12 15:29:48] [SEVERE ] player 2 placing token on slot 11
[2022-12-12 15:29:48] [SEVERE ] removing player 2 token from slot 2
[2022-12-12 15:29:48] [SEVERE ] removing player 2 token from slot 6
[2022-12-12 15:29:48] [SEVERE ] removing player 2 token from slot 11
[2022-12-12 15:29:49] [SEVERE ] player 5 placing token on slot 1
[2022-12-12 15:29:49] [SEVERE ] player 4 placing token on slot 8
[2022-12-12 15:29:49] [SEVERE ] removing player 4 token from slot 6
[2022-12-12 15:29:49] [SEVERE ] removing player 4 token from slot 7
[2022-12-12 15:29:49] [SEVERE ] removing player 4 token from slot 8
[2022-12-12 15:29:49] [SEVERE ] player 3 placing token on slot 5
[2022-12-12 15:29:49] [SEVERE ] removing player 3 token from slot 2
[2022-12-12 15:29:49] [SEVERE ] removing player 3 token from slot 3
[2022-12-12 15:29:49] [SEVERE ] removing player 3 token from slot 5
[2022-12-12 15:29:49] [SEVERE ] player 2 placing token on slot 1
[2022-12-12 15:29:49] [SEVERE ] player 5 placing token on slot 11
[2022-12-12 15:29:49] [SEVERE ] removing player 5 token from slot 1
[2022-12-12 15:29:49] [SEVERE ] removing player 5 token from slot 4
[2022-12-12 15:29:49] [SEVERE ] removing player 5 token from slot 11
[2022-12-12 15:29:49] [SEVERE ] player 4 placing token on slot 8
[2022-12-12 15:29:50] [SEVERE ] player 2 placing token on slot 3
[2022-12-12 15:29:50] [SEVERE ] player 3 placing token on slot 4
[2022-12-12 15:29:50] [SEVERE ] player 5 placing token on slot 5
[2022-12-12 15:29:50] [SEVERE ] player 3 placing token on slot 3
[2022-12-12 15:29:50] [SEVERE ] player 2 placing token on slot 10
[2022-12-12 15:29:50] [SEVERE ] removing player 2 token from slot 1
[2022-12-12 15:29:50] [SEVERE ] removing player 2 token from slot 3
[2022-12-12 15:29:50] [SEVERE ] removing player 2 token from slot 10
[2022-12-12 15:29:50] [SEVERE ] player 4 placing token on slot 11
[2022-12-12 15:29:51] [SEVERE ] player 3 placing token on slot 6
[2022-12-12 15:29:51] [SEVERE ] removing player 3 token from slot 3
[2022-12-12 15:29:51] [SEVERE ] removing player 3 token from slot 4
[2022-12-12 15:29:51] [SEVERE ] removing player 3 token from slot 6
[2022-12-12 15:29:51] [SEVERE ] player 5 placing token on slot 2
[2022-12-12 15:29:51] [SEVERE ] player 2 placing token on slot 10
[2022-12-12 15:29:51] [SEVERE ] player 4 placing token on slot 4
[2022-12-12 15:29:51] [SEVERE ] removing player 4 token from slot 4
[2022-12-12 15:29:51] [SEVERE ] removing player 4 token from slot 8
[2022-12-12 15:29:51] [SEVERE ] removing player 4 token from slot 11
[2022-12-12 15:29:52] [SEVERE ] player 5 placing token on slot 9
[2022-12-12 15:29:52] [SEVERE ] removing player 5 token from slot 2
[2022-12-12 15:29:52] [SEVERE ] removing player 5 token from slot 5
[2022-12-12 15:29:52] [SEVERE ] removing player 5 token from slot 9
[2022-12-12 15:29:52] [SEVERE ] player 3 placing token on slot 10
[2022-12-12 15:29:52] [SEVERE ] player 2 placing token on slot 0
[2022-12-12 15:29:52] [SEVERE ] player 4 placing token on slot 0
[2022-12-12 15:29:52] [SEVERE ] player 5 placing token on slot 0
[2022-12-12 15:29:52] [SEVERE ] player 3 placing token on slot 11
[2022-12-12 15:29:53] [SEVERE ] player 2 placing token on slot 11
[2022-12-12 15:29:53] [SEVERE ] removing player 2 token from slot 0
[2022-12-12 15:29:53] [SEVERE ] removing player 2 token from slot 10
[2022-12-12 15:29:53] [SEVERE ] removing player 2 token from slot 11
[2022-12-12 15:29:53] [SEVERE ] player 4 placing token on slot 10
[2022-12-12 15:29:53] [SEVERE ] player 5 placing token on slot 1
[2022-12-12 15:29:53] [SEVERE ] player 3 placing token on slot 9
[2022-12-12 15:29:53] [SEVERE ] removing player 3 token from slot 9
[2022-12-12 15:29:53] [SEVERE ] removing player 3 token from slot 10
[2022-12-12 15:29:53] [SEVERE ] removing player 3 token from slot 11
[2022-12-12 15:29:53] [SEVERE ] player 2 placing token on slot 7
[2022-12-12 15:29:54] [SEVERE ] player 4 placing token on slot 4
[2022-12-12 15:29:54] [SEVERE ] removing player 4 token from slot 0
[2022-12-12 15:29:54] [SEVERE ] removing player 4 token from slot 4
[2022-12-12 15:29:54] [SEVERE ] removing player 4 token from slot 10
[2022-12-12 15:29:54] [SEVERE ] player 5 placing token on slot 8
[2022-12-12 15:29:54] [SEVERE ] removing player 5 token from slot 0
[2022-12-12 15:29:54] [SEVERE ] removing player 5 token from slot 1
[2022-12-12 15:29:54] [SEVERE ] removing player 5 token from slot 8
[2022-12-12 15:29:54] [SEVERE ] player 3 placing token on slot 9
[2022-12-12 15:29:54] [SEVERE ] player 2 placing token on slot 3
[2022-12-12 15:29:55] [SEVERE ] player 4 placing token on slot 0
[2022-12-12 15:29:55] [SEVERE ] player 5 placing token on slot 1
[2022-12-12 15:29:55] [SEVERE ] player 2 placing token on slot 0
[2022-12-12 15:29:55] [SEVERE ] removing player 2 token from slot 0
[2022-12-12 15:29:55] [SEVERE ] removing player 2 token from slot 3
[2022-12-12 15:29:55] [SEVERE ] removing player 2 token from slot 7
[2022-12-12 15:29:55] [SEVERE ] player 3 placing token on slot 2
[2022-12-12 15:29:55] [SEVERE ] player 4 placing token on slot 6
[2022-12-12 15:29:56] [SEVERE ] player 2 placing token on slot 11
[2022-12-12 15:29:56] [SEVERE ] player 3 placing token on slot 1
[2022-12-12 15:29:56] [SEVERE ] removing player 3 token from slot 1
[2022-12-12 15:29:56] [SEVERE ] removing player 3 token from slot 2
[2022-12-12 15:29:56] [SEVERE ] removing player 3 token from slot 9
[2022-12-12 15:29:56] [SEVERE ] player 5 placing token on slot 10
[2022-12-12 15:29:56] [SEVERE ] player 4 placing token on slot 8
[2022-12-12 15:29:56] [SEVERE ] removing player 4 token from slot 0
[2022-12-12 15:29:56] [SEVERE ] removing player 4 token from slot 6
[2022-12-12 15:29:56] [SEVERE ] removing player 4 token from slot 8
[2022-12-12 15:29:56] [SEVERE ] player 3 placing token on slot 5
[2022-12-12 15:29:57] [SEVERE ] player 2 placing token on slot 2
[2022-12-12 15:29:57] [SEVERE ] player 5 placing token on slot 5
[2022-12-12 15:29:57] [SEVERE ] removing player 5 token from slot 1
[2022-12-12 15:29:57] [SEVERE ] removing player 5 token from slot 5
[2022-12-12 15:29:57] [SEVERE ] removing player 5 token from slot 10
[2022-12-12 15:29:57] [SEVERE ] player 4 placing token on slot 3
[2022-12-12 15:29:57] [SEVERE ] player 3 placing token on slot 10
[2022-12-12 15:29:57] [SEVERE ] player 5 placing token on slot 8
[2022-12-12 15:29:58] [SEVERE ] player 2 placing token on slot 10
[2022-12-12 15:29:58] [SEVERE ] removing player 2 token from slot 2
[2022-12-12 15:29:58] [SEVERE ] removing player 2 token from slot 10
[2022-12-12 15:29:58] [SEVERE ] removing player 2 token from slot 11
[2022-12-12 15:29:58] [SEVERE ] player 4 placing token on slot 11
[2022-12-12 15:29:58] [SEVERE ] player 2 placing token on slot 4
[2022-12-12 15:29:58] [SEVERE ] player 5 placing token on slot 5
[2022-12-12 15:29:58] [SEVERE ] player 3 placing token on slot 1
[2022-12-12 15:29:58] [SEVERE ] removing player 3 token from slot 1
[2022-12-12 15:29:58] [SEVERE ] removing player 3 token from slot 5
[2022-12-12 15:29:58] [SEVERE ] removing player 3 token from slot 10
[2022-12-12 15:29:58] [SEVERE ] player 4 placing token on slot 0
[2022-12-12 15:29:58] [SEVERE ] removing player 4 token from slot 0
[2022-12-12 15:29:58] [SEVERE ] removing player 4 token from slot 3
[2022-12-12 15:29:58] [SEVERE ] removing player 4 token from slot 11
[2022-12-12 15:29:59] [SEVERE ] player 2 placing token on slot 2
[2022-12-12 15:29:59] [SEVERE ] player 4 placing token on slot 7
[2022-12-12 15:29:59] [SEVERE ] player 3 placing token on slot 1
[2022-12-12 15:29:59] [SEVERE ] player 5 placing token on slot 6
[2022-12-12 15:29:59] [SEVERE ] removing player 5 token from slot 5
[2022-12-12 15:29:59] [SEVERE ] removing player 5 token from slot 6
[2022-12-12 15:29:59] [SEVERE ] removing player 5 token from slot 8
[2022-12-12 15:30:00] [SEVERE ] player 2 placing token on slot 6
[2022-12-12 15:30:00] [SEVERE ] removing player 2 token from slot 2
[2022-12-12 15:30:00] [SEVERE ] removing player 2 token from slot 4
[2022-12-12 15:30:00] [SEVERE ] removing player 2 token from slot 6
[2022-12-12 15:30:00] [SEVERE ] player 4 placing token on slot 8
[2022-12-12 15:30:00] [SEVERE ] player 5 placing token on slot 1
[2022-12-12 15:30:00] [SEVERE ] player 3 placing token on slot 2
[2022-12-12 15:30:00] [SEVERE ] player 2 placing token on slot 3
[2022-12-12 15:30:00] [SEVERE ] player 5 placing token on slot 10
[2022-12-12 15:30:00] [SEVERE ] player 4 placing token on slot 11
[2022-12-12 15:30:00] [SEVERE ] removing player 4 token from slot 7
[2022-12-12 15:30:00] [SEVERE ] removing player 4 token from slot 8
[2022-12-12 15:30:00] [SEVERE ] removing player 4 token from slot 11
[2022-12-12 15:30:01] [SEVERE ] player 5 placing token on slot 2
[2022-12-12 15:30:01] [SEVERE ] removing player 5 token from slot 1
[2022-12-12 15:30:01] [SEVERE ] removing player 5 token from slot 2
[2022-12-12 15:30:01] [SEVERE ] removing player 5 token from slot 10
[2022-12-12 15:30:01] [SEVERE ] player 3 placing token on slot 6
[2022-12-12 15:30:01] [SEVERE ] removing player 3 token from slot 1
[2022-12-12 15:30:01] [SEVERE ] removing player 3 token from slot 2
[2022-12-12 15:30:01] [SEVERE ] removing player 3 token from slot 6
[2022-12-12 15:30:01] [SEVERE ] player 4 placing token on slot 3
[2022-12-12 15:30:01] [SEVERE ] player 2 placing token on slot 2
[2022-12-12 15:30:01] [SEVERE ] player 5 placing token on slot 7
[2022-12-12 15:30:02] [SEVERE ] player 3 placing token on slot 11
[2022-12-12 15:30:02] [SEVERE ] player 4 placing token on slot 11
[2022-12-12 15:30:02] [SEVERE ] player 2 placing token on slot 11
[2022-12-12 15:30:02] [SEVERE ] removing player 2 token from slot 2
[2022-12-12 15:30:02] [SEVERE ] removing player 2 token from slot 3
[2022-12-12 15:30:02] [SEVERE ] removing player 2 token from slot 11
[2022-12-12 15:30:02] [SEVERE ] player 3 placing token on slot 0
[2022-12-12 15:30:02] [SEVERE ] player 5 placing token on slot 10
[2022-12-12 15:30:03] [SEVERE ] player 4 placing token on slot 0
[2022-12-12 15:30:03] [SEVERE ] removing player 4 token from slot 0
[2022-12-12 15:30:03] [SEVERE ] removing player 4 token from slot 3
[2022-12-12 15:30:03] [SEVERE ] removing player 4 token from slot 11
[2022-12-12 15:30:03] [SEVERE ] player 2 placing token on slot 0
[2022-12-12 15:30:03] [SEVERE ] player 5 placing token on slot 8
[2022-12-12 15:30:03] [SEVERE ] removing player 5 token from slot 7
[2022-12-12 15:30:03] [SEVERE ] removing player 5 token from slot 8
[2022-12-12 15:30:03] [SEVERE ] removing player 5 token from slot 10
[2022-12-12 15:30:03] [SEVERE ] player 3 placing token on slot 5
[2022-12-12 15:30:03] [SEVERE ] removing player 3 token from slot 0
[2022-12-12 15:30:03] [SEVERE ] removing player 3 token from slot 5
[2022-12-12 15:30:03] [SEVERE ] removing player 3 token from slot 11
[2022-12-12 15:30:04] [SEVERE ] player 3 placing token on slot 5
[2022-12-12 15:30:04] [SEVERE ] player 5 placing token on slot 6
[2022-12-12 15:30:04] [SEVERE ] player 4 placing token on slot 5
[2022-12-12 15:30:04] [SEVERE ] player 2 placing token on slot 7
[2022-12-12 15:30:04] [SEVERE ] player 5 placing token on slot 8
[2022-12-12 15:30:04] [SEVERE ] player 2 placing token on slot 1
[2022-12-12 15:30:04] [SEVERE ] removing player 2 token from slot 0
[2022-12-12 15:30:04] [SEVERE ] removing player 2 token from slot 1
[2022-12-12 15:30:04] [SEVERE ] removing player 2 token from slot 7
[2022-12-12 15:30:05] [SEVERE ] player 3 placing token on slot 10
[2022-12-12 15:30:05] [SEVERE ] player 4 placing token on slot 7
[2022-12-12 15:30:05] [SEVERE ] player 2 placing token on slot 5
[2022-12-12 15:30:05] [SEVERE ] player 3 placing token on slot 0
[2022-12-12 15:30:05] [SEVERE ] removing player 3 token from slot 0
[2022-12-12 15:30:05] [SEVERE ] removing player 3 token from slot 5
[2022-12-12 15:30:05] [SEVERE ] removing player 3 token from slot 10
[2022-12-12 15:30:05] [SEVERE ] player 5 placing token on slot 11
[2022-12-12 15:30:05] [SEVERE ] removing player 5 token from slot 6
[2022-12-12 15:30:05] [SEVERE ] removing player 5 token from slot 8
[2022-12-12 15:30:05] [SEVERE ] removing player 5 token from slot 11
[2022-12-12 15:30:06] [SEVERE ] player 4 placing token on slot 3
[2022-12-12 15:30:06] [SEVERE ] removing player 4 token from slot 3
[2022-12-12 15:30:06] [SEVERE ] removing player 4 token from slot 5
[2022-12-12 15:30:06] [SEVERE ] removing player 4 token from slot 7
[2022-12-12 15:30:06] [SEVERE ] player 5 placing token on slot 11
[2022-12-12 15:30:06] [SEVERE ] player 2 placing token on slot 9
[2022-12-12 15:30:06] [SEVERE ] player 3 placing token on slot 6
[2022-12-12 15:30:06] [SEVERE ] player 5 placing token on slot 8
[2022-12-12 15:30:06] [SEVERE ] player 4 placing token on slot 6
[2022-12-12 15:30:07] [SEVERE ] player 2 placing token on slot 6
[2022-12-12 15:30:07] [SEVERE ] removing player 2 token from slot 5
[2022-12-12 15:30:07] [SEVERE ] removing player 2 token from slot 6
[2022-12-12 15:30:07] [SEVERE ] removing player 2 token from slot 9
[2022-12-12 15:30:07] [SEVERE ] player 3 placing token on slot 9
[2022-12-12 15:30:07] [SEVERE ] player 4 placing token on slot 11
[2022-12-12 15:30:07] [SEVERE ] player 5 placing token on slot 0
[2022-12-12 15:30:07] [SEVERE ] removing player 5 token from slot 0
[2022-12-12 15:30:07] [SEVERE ] removing player 5 token from slot 8
[2022-12-12 15:30:07] [SEVERE ] removing player 5 token from slot 11
[2022-12-12 15:30:07] [SEVERE ] player 2 placing token on slot 11
[2022-12-12 15:30:07] [SEVERE ] player 3 placing token on slot 1
[2022-12-12 15:30:07] [SEVERE ] removing player 3 token from slot 1
[2022-12-12 15:30:07] [SEVERE ] removing player 3 token from slot 6
[2022-12-12 15:30:07] [SEVERE ] removing player 3 token from slot 9
[2022-12-12 15:30:08] [SEVERE ] player 5 placing token on slot 10
[2022-12-12 15:30:08] [SEVERE ] player 4 placing token on slot 9
[2022-12-12 15:30:08] [SEVERE ] removing player 4 token from slot 6
[2022-12-12 15:30:08] [SEVERE ] removing player 4 token from slot 9
[2022-12-12 15:30:08] [SEVERE ] removing player 4 token from slot 11
[2022-12-12 15:30:08] [SEVERE ] player 4 placing token on slot 6
[2022-12-12 15:30:08] [SEVERE ] player 2 placing token on slot 5
[2022-12-12 15:30:08] [SEVERE ] player 3 placing token on slot 10
[2022-12-12 15:30:08] [SEVERE ] player 5 placing token on slot 2
[2022-12-12 15:30:09] [SEVERE ] player 2 placing token on slot 4
[2022-12-12 15:30:09] [SEVERE ] removing player 2 token from slot 4
[2022-12-12 15:30:09] [SEVERE ] removing player 2 token from slot 5
[2022-12-12 15:30:09] [SEVERE ] removing player 2 token from slot 11
[2022-12-12 15:30:09] [SEVERE ] player 5 placing token on slot 4
[2022-12-12 15:30:09] [SEVERE ] removing player 5 token from slot 2
[2022-12-12 15:30:09] [SEVERE ] removing player 5 token from slot 4
[2022-12-12 15:30:09] [SEVERE ] removing player 5 token from slot 10
[2022-12-12 15:30:09] [SEVERE ] player 4 placing token on slot 3
[2022-12-12 15:30:09] [SEVERE ] player 3 placing token on slot 1
[2022-12-12 15:30:10] [SEVERE ] player 2 placing token on slot 11
[2022-12-12 15:30:10] [SEVERE ] player 5 placing token on slot 7
[2022-12-12 15:30:10] [SEVERE ] player 4 placing token on slot 4
[2022-12-12 15:30:10] [SEVERE ] removing player 4 token from slot 3
[2022-12-12 15:30:10] [SEVERE ] removing player 4 token from slot 4
[2022-12-12 15:30:10] [SEVERE ] removing player 4 token from slot 6
[2022-12-12 15:30:10] [SEVERE ] player 2 placing token on slot 9
[2022-12-12 15:30:10] [SEVERE ] player 3 placing token on slot 3
[2022-12-12 15:30:10] [SEVERE ] removing player 3 token from slot 1
[2022-12-12 15:30:10] [SEVERE ] removing player 3 token from slot 3
[2022-12-12 15:30:10] [SEVERE ] removing player 3 token from slot 10
[2022-12-12 15:30:11] [SEVERE ] player 3 placing token on slot 7
[2022-12-12 15:30:11] [SEVERE ] player 2 placing token on slot 10
[2022-12-12 15:30:11] [SEVERE ] removing player 2 token from slot 9
[2022-12-12 15:30:11] [SEVERE ] removing player 2 token from slot 10
[2022-12-12 15:30:11] [SEVERE ] removing player 2 token from slot 11
[2022-12-12 15:30:11] [SEVERE ] player 5 placing token on slot 4
[2022-12-12 15:30:11] [SEVERE ] player 4 placing token on slot 8
[2022-12-12 15:30:11] [SEVERE ] player 3 placing token on slot 1
[2022-12-12 15:30:12] [SEVERE ] player 5 placing token on slot 9
[2022-12-12 15:30:12] [SEVERE ] removing player 5 token from slot 4
[2022-12-12 15:30:12] [SEVERE ] removing player 5 token from slot 7
[2022-12-12 15:30:12] [SEVERE ] removing player 5 token from slot 9
[2022-12-12 15:30:12] [SEVERE ] player 4 placing token on slot 0
[2022-12-12 15:30:12] [SEVERE ] player 2 placing token on slot 7
[2022-12-12 15:30:12] [SEVERE ] player 5 placing token on slot 2
[2022-12-12 15:30:12] [SEVERE ] player 2 placing token on slot 5
[2022-12-12 15:30:12] [SEVERE ] player 3 placing token on slot 6
[2022-12-12 15:30:12] [SEVERE ] removing player 3 token from slot 1
[2022-12-12 15:30:12] [SEVERE ] removing player 3 token from slot 6
[2022-12-12 15:30:12] [SEVERE ] removing player 3 token from slot 7
[2022-12-12 15:30:12] [SEVERE ] player 4 placing token on slot 9
[2022-12-12 15:30:12] [SEVERE ] removing player 4 token from slot 0
[2022-12-12 15:30:12] [SEVERE ] removing player 4 token from slot 8
[2022-12-12 15:30:12] [SEVERE ] removing player 4 token from slot 9
[2022-12-12 15:30:13] [SEVERE ] player 5 placing token on slot 5
[2022-12-12 15:30:13] [SEVERE ] player 2 placing token on slot 4
[2022-12-12 15:30:13] [SEVERE ] removing player 2 token from slot 4
[2022-12-12 15:30:13] [SEVERE ] removing player 2 token from slot 5
[2022-12-12 15:30:13] [SEVERE ] removing player 2 token from slot 7
[2022-12-12 15:30:13] [SEVERE ] player 3 placing token on slot 1
[2022-12-12 15:30:13] [SEVERE ] player 5 placing token on slot 1
[2022-12-12 15:30:13] [SEVERE ] removing player 5 token from slot 1
[2022-12-12 15:30:13] [SEVERE ] removing player 5 token from slot 2
[2022-12-12 15:30:13] [SEVERE ] removing player 5 token from slot 5
[2022-12-12 15:30:13] [SEVERE ] player 4 placing token on slot 1
[2022-12-12 15:30:14] [SEVERE ] player 3 placing token on slot 11
[2022-12-12 15:30:14] [SEVERE ] player 2 placing token on slot 2
[2022-12-12 15:30:14] [SEVERE ] player 4 placing token on slot 3
[2022-12-12 15:30:14] [SEVERE ] player 5 placing token on slot 4
[2022-12-12 15:30:14] [SEVERE ] player 2 placing token on slot 8
[2022-12-12 15:30:15] [SEVERE ] player 4 placing token on slot 10
[2022-12-12 15:30:15] [SEVERE ] removing player 4 token from slot 1
[2022-12-12 15:30:15] [SEVERE ] removing player 4 token from slot 3
[2022-12-12 15:30:15] [SEVERE ] removing player 4 token from slot 10
[2022-12-12 15:30:15] [SEVERE ] player 3 placing token on slot 3
[2022-12-12 15:30:15] [SEVERE ] removing player 3 token from slot 1
[2022-12-12 15:30:15] [SEVERE ] removing player 3 token from slot 3
[2022-12-12 15:30:15] [SEVERE ] removing player 3 token from slot 11
[2022-12-12 15:30:15] [SEVERE ] player 2 placing token on slot 1
[2022-12-12 15:30:15] [SEVERE ] removing player 2 token from slot 1
[2022-12-12 15:30:15] [SEVERE ] removing player 2 token from slot 2
[2022-12-12 15:30:15] [SEVERE ] removing player 2 token from slot 8
[2022-12-12 15:30:15] [SEVERE ] player 4 placing token on slot 10
[2022-12-12 15:30:15] [SEVERE ] player 5 placing token on slot 11
[2022-12-12 15:30:15] [SEVERE ] player 3 placing token on slot 2
[2022-12-12 15:30:16] [SEVERE ] player 4 placing token on slot 1
[2022-12-12 15:30:16] [SEVERE ] player 2 placing token on slot 5
[2022-12-12 15:30:16] [SEVERE ] player 5 placing token on slot 1
[2022-12-12 15:30:16] [SEVERE ] removing player 5 token from slot 1
[2022-12-12 15:30:16] [SEVERE ] removing player 5 token from slot 4
[2022-12-12 15:30:16] [SEVERE ] removing player 5 token from slot 11
[2022-12-12 15:30:16] [SEVERE ] player 3 placing token on slot 8
[2022-12-12 15:30:16] [SEVERE ] player 4 placing token on slot 9
[2022-12-12 15:30:16] [SEVERE ] removing player 4 token from slot 1
[2022-12-12 15:30:16] [SEVERE ] removing player 4 token from slot 9
[2022-12-12 15:30:16] [SEVERE ] removing player 4 token from slot 10
[2022-12-12 15:30:16] [SEVERE ] player 2 placing token on slot 10
[2022-12-12 15:30:17] [SEVERE ] player 2 placing token on slot 2
[2022-12-12 15:30:17] [SEVERE ] removing player 2 token from slot 2
[2022-12-12 15:30:17] [SEVERE ] removing player 2 token from slot 5
[2022-12-12 15:30:17] [SEVERE ] removing player 2 token from slot 10
[2022-12-12 15:30:17] [SEVERE ] player 5 placing token on slot 2
[2022-12-12 15:30:17] [SEVERE ] player 3 placing token on slot 11
[2022-12-12 15:30:17] [SEVERE ] removing player 3 token from slot 2
[2022-12-12 15:30:17] [SEVERE ] removing player 3 token from slot 8
[2022-12-12 15:30:17] [SEVERE ] removing player 3 token from slot 11
[2022-12-12 15:30:17] [SEVERE ] player 4 placing token on slot 5
[2022-12-12 15:30:18] [SEVERE ] player 3 placing token on slot 2
[2022-12-12 15:30:18] [SEVERE ] player 2 placing token on slot 7
[2022-12-12 15:30:18] [SEVERE ] player 5 placing token on slot 10
[2022-12-12 15:30:18] [SEVERE ] player 4 placing token on slot 8
[2022-12-12 15:30:18] [SEVERE ] player 3 placing token on slot 8
[2022-12-12 15:30:19] [SEVERE ] player 2 placing token on slot 11
[2022-12-12 15:30:19] [SEVERE ] player 5 placing token on slot 9
[2022-12-12 15:30:19] [SEVERE ] removing player 5 token from slot 2
[2022-12-12 15:30:19] [SEVERE ] removing player 5 token from slot 9
[2022-12-12 15:30:19] [SEVERE ] removing player 5 token from slot 10
[2022-12-12 15:30:19] [SEVERE ] player 4 placing token on slot 4
[2022-12-12 15:30:19] [SEVERE ] removing player 4 token from slot 4
[2022-12-12 15:30:19] [SEVERE ] removing player 4 token from slot 5
[2022-12-12 15:30:19] [SEVERE ] removing player 4 token from slot 8
[2022-12-12 15:30:19] [SEVERE ] player 3 placing token on slot 3
[2022-12-12 15:30:19] [SEVERE ] removing player 3 token from slot 2
[2022-12-12 15:30:19] [SEVERE ] removing player 3 token from slot 3
[2022-12-12 15:30:19] [SEVERE ] removing player 3 token from slot 8
[2022-12-12 15:30:19] [SEVERE ] player 2 placing token on slot 8
[2022-12-12 15:30:19] [SEVERE ] removing player 2 token from slot 7
[2022-12-12 15:30:19] [SEVERE ] removing player 2 token from slot 8
[2022-12-12 15:30:19] [SEVERE ] removing player 2 token from slot 11
[2022-12-12 15:30:19] [SEVERE ] player 3 placing token on slot 2
[2022-12-12 15:30:20] [SEVERE ] player 5 placing token on slot 5
[2022-12-12 15:30:20] [SEVERE ] player 4 placing token on slot 2
[2022-12-12 15:30:20] [SEVERE ] player 2 placing token on slot 5
[2022-12-12 15:30:20] [SEVERE ] player 5 placing token on slot 7
[2022-12-12 15:30:20] [SEVERE ] player 3 placing token on slot 3
[2022-12-12 15:30:20] [SEVERE ] player 4 placing token on slot 1
[2022-12-12 15:30:21] [SEVERE ] player 2 placing token on slot 8
[2022-12-12 15:30:21] [SEVERE ] player 5 placing token on slot 9
[2022-12-12 15:30:21] [SEVERE ] removing player 5 token from slot 5
[2022-12-12 15:30:21] [SEVERE ] removing player 5 token from slot 7
[2022-12-12 15:30:21] [SEVERE ] removing player 5 token from slot 9
[2022-12-12 15:30:21] [SEVERE ] player 3 placing token on slot 11
[2022-12-12 15:30:21] [SEVERE ] removing player 3 token from slot 2
[2022-12-12 15:30:21] [SEVERE ] removing player 3 token from slot 3
[2022-12-12 15:30:21] [SEVERE ] removing player 3 token from slot 11
[2022-12-12 15:30:21] [SEVERE ] player 5 placing token on slot 3
[2022-12-12 15:30:21] [SEVERE ] player 2 placing token on slot 10
[2022-12-12 15:30:21] [SEVERE ] removing player 2 token from slot 5
[2022-12-12 15:30:21] [SEVERE ] removing player 2 token from slot 8
[2022-12-12 15:30:21] [SEVERE ] removing player 2 token from slot 10
[2022-12-12 15:30:21] [SEVERE ] player 4 placing token on slot 0
[2022-12-12 15:30:21] [SEVERE ] removing player 4 token from slot 0
[2022-12-12 15:30:21] [SEVERE ] removing player 4 token from slot 1
[2022-12-12 15:30:21] [SEVERE ] removing player 4 token from slot 2
[2022-12-12 15:30:22] [SEVERE ] player 3 placing token on slot 10
[2022-12-12 15:30:22] [SEVERE ] player 5 placing token on slot 7
[2022-12-12 15:30:22] [SEVERE ] player 2 placing token on slot 6
[2022-12-12 15:30:22] [SEVERE ] player 4 placing token on slot 11
[2022-12-12 15:30:23] [SEVERE ] player 5 placing token on slot 11
[2022-12-12 15:30:23] [SEVERE ] removing player 5 token from slot 3
[2022-12-12 15:30:23] [SEVERE ] removing player 5 token from slot 7
[2022-12-12 15:30:23] [SEVERE ] removing player 5 token from slot 11
[2022-12-12 15:30:23] [SEVERE ] player 3 placing token on slot 9
[2022-12-12 15:30:23] [SEVERE ] player 2 placing token on slot 10
[2022-12-12 15:30:23] [SEVERE ] player 4 placing token on slot 7
[2022-12-12 15:30:23] [SEVERE ] player 3 placing token on slot 3
[2022-12-12 15:30:23] [SEVERE ] removing player 3 token from slot 3
[2022-12-12 15:30:23] [SEVERE ] removing player 3 token from slot 9
[2022-12-12 15:30:23] [SEVERE ] removing player 3 token from slot 10
[2022-12-12 15:30:23] [SEVERE ] player 5 placing token on slot 2
[2022-12-12 15:30:24] [SEVERE ] player 2 placing token on slot 1
[2022-12-12 15:30:24] [SEVERE ] removing player 2 token from slot 1
[2022-12-12 15:30:24] [SEVERE ] removing player 2 token from slot 6
[2022-12-12 15:30:24] [SEVERE ] removing player 2 token from slot 10
[2022-12-12 15:30:24] [SEVERE ] player 4 placing token on slot 8
[2022-12-12 15:30:24] [SEVERE ] removing player 4 token from slot 7
[2022-12-12 15:30:24] [SEVERE ] removing player 4 token from slot 8
[2022-12-12 15:30:24] [SEVERE ] removing player 4 token from slot 11
[2022-12-12 15:30:24] [SEVERE ] player 3 placing token on slot 3
[2022-12-12 15:30:24] [SEVERE ] player 5 placing token on slot 8
[2022-12-12 15:30:25] [SEVERE ] player 2 placing token on slot 4
[2022-12-12 15:30:25] [SEVERE ] player 4 placing token on slot 4
[2022-12-12 15:30:25] [SEVERE ] player 3 placing token on slot 7
[2022-12-12 15:30:25] [SEVERE ] player 5 placing token on slot 9
[2022-12-12 15:30:25] [SEVERE ] removing player 5 token from slot 2
[2022-12-12 15:30:25] [SEVERE ] removing player 5 token from slot 8
[2022-12-12 15:30:25] [SEVERE ] removing player 5 token from slot 9
[2022-12-12 15:30:26] [SEVERE ] player 2 placing token on slot 11
[2022-12-12 15:30:26] [SEVERE ] removing tokens from slot 0
[2022-12-12 15:30:26] [SEVERE ] removing card from slot 0
[2022-12-12 15:30:26] [SEVERE ] player 4 placing token on slot 5
[2022-12-12 15:30:26] [SEVERE ] removing tokens from slot 1
[2022-12-12 15:30:26] [SEVERE ] removing card from slot 1
[2022-12-12 15:30:26] [SEVERE ] player 5 placing token on slot 9
[2022-12-12 15:30:26] [SEVERE ] removing tokens from slot 2
[2022-12-12 15:30:26] [SEVERE ] removing card from slot 2
[2022-12-12 15:30:26] [SEVERE ] player 3 placing token on slot 9
[2022-12-12 15:30:26] [SEVERE ] removing tokens from slot 3
[2022-12-12 15:30:26] [SEVERE ] removing card from slot 3
[2022-12-12 15:30:26] [SEVERE ] removing tokens from slot 4
[2022-12-12 15:30:26] [SEVERE ] removing card from slot 4
[2022-12-12 15:30:26] [SEVERE ] removing tokens from slot 5
[2022-12-12 15:30:26] [SEVERE ] removing card from slot 5
[2022-12-12 15:30:26] [SEVERE ] removing tokens from slot 6
[2022-12-12 15:30:26] [SEVERE ] removing card from slot 6
[2022-12-12 15:30:27] [SEVERE ] removing tokens from slot 7
[2022-12-12 15:30:27] [SEVERE ] removing card from slot 7
[2022-12-12 15:30:27] [SEVERE ] removing tokens from slot 8
[2022-12-12 15:30:27] [SEVERE ] removing card from slot 8
[2022-12-12 15:30:27] [SEVERE ] removing tokens from slot 9
[2022-12-12 15:30:27] [SEVERE ] removing card from slot 9
[2022-12-12 15:30:27] [SEVERE ] removing tokens from slot 10
[2022-12-12 15:30:27] [SEVERE ] removing card from slot 10
[2022-12-12 15:30:27] [SEVERE ] removing tokens from slot 11
[2022-12-12 15:30:27] [SEVERE ] removing card from slot 11
[2022-12-12 15:30:27] [SEVERE ] placing card 36 in slot 0
[2022-12-12 15:30:27] [SEVERE ] placing card 24 in slot 1
[2022-12-12 15:30:27] [SEVERE ] placing card 6 in slot 2
[2022-12-12 15:30:27] [SEVERE ] placing card 80 in slot 3
[2022-12-12 15:30:28] [SEVERE ] placing card 9 in slot 4
[2022-12-12 15:30:28] [SEVERE ] placing card 70 in slot 5
[2022-12-12 15:30:28] [SEVERE ] placing card 78 in slot 6
[2022-12-12 15:30:28] [SEVERE ] placing card 31 in slot 7
[2022-12-12 15:30:28] [SEVERE ] placing card 20 in slot 8
[2022-12-12 15:30:28] [SEVERE ] placing card 37 in slot 9
[2022-12-12 15:30:28] [SEVERE ] placing card 14 in slot 10
[2022-12-12 15:30:28] [SEVERE ] placing card 71 in slot 11
[2022-12-12 15:30:29] [SEVERE ] player 5 placing token on slot 4
