[2022-12-12 16:40:48] [INFO   ] cannot read configuration file config.properties trying from resources.
[2022-12-12 16:40:48] [INFO   ] configuration file was loaded from resources directory.
[2022-12-12 16:40:48] [INFO   ] Thread dealer starting.
[2022-12-12 16:40:48] [INFO   ] Thread Thread-1starting.
[2022-12-12 16:40:48] [INFO   ] Thread Thread-0starting.
[2022-12-12 16:40:48] [SEVERE ] placing card 30 in slot 0
[2022-12-12 16:40:48] [SEVERE ] placing card 67 in slot 1
[2022-12-12 16:40:48] [SEVERE ] placing card 21 in slot 2
[2022-12-12 16:40:48] [SEVERE ] placing card 42 in slot 3
[2022-12-12 16:40:49] [SEVERE ] placing card 6 in slot 4
[2022-12-12 16:40:49] [SEVERE ] placing card 39 in slot 5
[2022-12-12 16:40:49] [SEVERE ] placing card 49 in slot 6
[2022-12-12 16:40:49] [SEVERE ] placing card 14 in slot 7
[2022-12-12 16:40:49] [SEVERE ] placing card 40 in slot 8
[2022-12-12 16:40:49] [SEVERE ] placing card 43 in slot 9
[2022-12-12 16:40:49] [SEVERE ] placing card 36 in slot 10
[2022-12-12 16:40:49] [SEVERE ] placing card 3 in slot 11
[2022-12-12 16:40:50] [SEVERE ] Key 81 was pressed by player 0
[2022-12-12 16:40:50] [SEVERE ] player 0 placing token on slot 0
[2022-12-12 16:40:50] [SEVERE ] Key 87 was pressed by player 0
[2022-12-12 16:40:50] [SEVERE ] player 0 placing token on slot 1
[2022-12-12 16:40:51] [SEVERE ] Key 69 was pressed by player 0
[2022-12-12 16:40:51] [SEVERE ] player 0 placing token on slot 2
[2022-12-12 16:40:52] [SEVERE ] Key 69 was pressed by player 0
[2022-12-12 16:40:55] [SEVERE ] removing player 0 token from slot 2
[2022-12-12 16:41:15] [SEVERE ] Key 87 was pressed by player 0
[2022-12-12 16:41:15] [SEVERE ] removing player 0 token from slot 1
[2022-12-12 16:41:16] [SEVERE ] Key 81 was pressed by player 0
[2022-12-12 16:41:16] [SEVERE ] removing player 0 token from slot 0
[2022-12-12 16:41:17] [SEVERE ] Key 87 was pressed by player 0
[2022-12-12 16:41:17] [SEVERE ] player 0 placing token on slot 1
[2022-12-12 16:41:18] [SEVERE ] Key 87 was pressed by player 0
[2022-12-12 16:41:18] [SEVERE ] removing player 0 token from slot 1
[2022-12-12 16:41:18] [SEVERE ] Key 87 was pressed by player 0
[2022-12-12 16:41:18] [SEVERE ] player 0 placing token on slot 1
[2022-12-12 16:41:19] [SEVERE ] Key 69 was pressed by player 0
[2022-12-12 16:41:19] [SEVERE ] player 0 placing token on slot 2
[2022-12-12 16:41:20] [SEVERE ] Key 82 was pressed by player 0
[2022-12-12 16:41:20] [SEVERE ] player 0 placing token on slot 3
[2022-12-12 16:41:20] [SEVERE ] Key 82 was pressed by player 0
[2022-12-12 16:41:22] [SEVERE ] Key 82 was pressed by player 0
[2022-12-12 16:41:23] [SEVERE ] removing player 0 token from slot 3
[2022-12-12 16:41:23] [SEVERE ] player 0 placing token on slot 3
[2022-12-12 16:41:23] [SEVERE ] Key 82 was pressed by player 0
[2022-12-12 16:41:23] [SEVERE ] Key 82 was pressed by player 0
[2022-12-12 16:41:26] [SEVERE ] removing player 0 token from slot 3
[2022-12-12 16:41:26] [SEVERE ] player 0 placing token on slot 3
[2022-12-12 16:41:26] [SEVERE ] Key 82 was pressed by player 0
[2022-12-12 16:41:26] [SEVERE ] Key 82 was pressed by player 0
[2022-12-12 16:41:29] [SEVERE ] removing player 0 token from slot 3
[2022-12-12 16:41:29] [SEVERE ] player 0 placing token on slot 3
[2022-12-12 16:41:29] [SEVERE ] Key 82 was pressed by player 0
[2022-12-12 16:41:29] [SEVERE ] Key 82 was pressed by player 0
[2022-12-12 16:41:32] [SEVERE ] removing player 0 token from slot 3
[2022-12-12 16:41:32] [SEVERE ] player 0 placing token on slot 3
[2022-12-12 16:41:32] [SEVERE ] Key 82 was pressed by player 0
[2022-12-12 16:41:34] [SEVERE ] Key 82 was pressed by player 0
[2022-12-12 16:41:35] [SEVERE ] removing player 0 token from slot 3
[2022-12-12 16:41:35] [SEVERE ] player 0 placing token on slot 3
[2022-12-12 16:41:35] [SEVERE ] Key 82 was pressed by player 0
[2022-12-12 16:41:35] [SEVERE ] Key 82 was pressed by player 0
[2022-12-12 16:41:38] [SEVERE ] removing player 0 token from slot 3
[2022-12-12 16:41:38] [SEVERE ] player 0 placing token on slot 3
[2022-12-12 16:41:38] [SEVERE ] Key 82 was pressed by player 0
[2022-12-12 16:41:38] [SEVERE ] Key 82 was pressed by player 0
[2022-12-12 16:41:41] [SEVERE ] removing player 0 token from slot 3
[2022-12-12 16:41:41] [SEVERE ] player 0 placing token on slot 3
[2022-12-12 16:41:41] [SEVERE ] Key 82 was pressed by player 0
[2022-12-12 16:41:41] [SEVERE ] Key 82 was pressed by player 0
[2022-12-12 16:41:44] [SEVERE ] removing player 0 token from slot 3
[2022-12-12 16:41:44] [SEVERE ] player 0 placing token on slot 3
[2022-12-12 16:41:44] [SEVERE ] Key 82 was pressed by player 0
[2022-12-12 16:41:44] [SEVERE ] removing player 0 token from slot 3
[2022-12-12 16:41:44] [SEVERE ] Key 82 was pressed by player 0
[2022-12-12 16:41:44] [SEVERE ] player 0 placing token on slot 3
[2022-12-12 16:41:44] [SEVERE ] Key 82 was pressed by player 0
[2022-12-12 16:41:44] [SEVERE ] Key 82 was pressed by player 0
[2022-12-12 16:41:47] [SEVERE ] removing player 0 token from slot 3
[2022-12-12 16:41:47] [SEVERE ] player 0 placing token on slot 3
[2022-12-12 16:41:47] [SEVERE ] Key 82 was pressed by player 0
[2022-12-12 16:41:47] [SEVERE ] Key 82 was pressed by player 0
[2022-12-12 16:41:49] [SEVERE ] removing tokens from slot 0
[2022-12-12 16:41:49] [SEVERE ] removing card from slot 0
[2022-12-12 16:41:50] [SEVERE ] removing tokens from slot 1
[2022-12-12 16:41:50] [SEVERE ] removing card from slot 1
[2022-12-12 16:41:50] [SEVERE ] removing tokens from slot 2
[2022-12-12 16:41:50] [SEVERE ] removing card from slot 2
[2022-12-12 16:41:50] [SEVERE ] removing tokens from slot 3
[2022-12-12 16:41:50] [SEVERE ] removing card from slot 3
[2022-12-12 16:41:50] [SEVERE ] removing tokens from slot 4
[2022-12-12 16:41:50] [SEVERE ] removing card from slot 4
[2022-12-12 16:41:50] [SEVERE ] removing tokens from slot 5
[2022-12-12 16:41:50] [SEVERE ] removing card from slot 5
[2022-12-12 16:41:50] [SEVERE ] removing tokens from slot 6
[2022-12-12 16:41:50] [SEVERE ] removing card from slot 6
[2022-12-12 16:41:50] [SEVERE ] removing tokens from slot 7
[2022-12-12 16:41:50] [SEVERE ] removing card from slot 7
[2022-12-12 16:41:50] [SEVERE ] removing tokens from slot 8
[2022-12-12 16:41:50] [SEVERE ] removing card from slot 8
[2022-12-12 16:41:50] [SEVERE ] removing tokens from slot 9
[2022-12-12 16:41:50] [SEVERE ] removing card from slot 9
[2022-12-12 16:41:50] [SEVERE ] removing tokens from slot 10
[2022-12-12 16:41:50] [SEVERE ] removing card from slot 10
[2022-12-12 16:41:51] [SEVERE ] Key 82 was pressed by player 0
[2022-12-12 16:41:51] [SEVERE ] Key 82 was pressed by player 0
[2022-12-12 16:41:51] [SEVERE ] Key 82 was pressed by player 0
[2022-12-12 16:41:51] [SEVERE ] Key 82 was pressed by player 0
[2022-12-12 16:41:51] [SEVERE ] Key 82 was pressed by player 0
[2022-12-12 16:41:51] [SEVERE ] Key 82 was pressed by player 0
[2022-12-12 16:41:51] [SEVERE ] Key 82 was pressed by player 0
[2022-12-12 16:41:51] [SEVERE ] Key 82 was pressed by player 0
[2022-12-12 16:41:51] [SEVERE ] Key 82 was pressed by player 0
[2022-12-12 16:41:51] [SEVERE ] Key 82 was pressed by player 0
[2022-12-12 16:41:51] [SEVERE ] Key 82 was pressed by player 0
[2022-12-12 16:41:51] [SEVERE ] Key 82 was pressed by player 0
[2022-12-12 16:41:51] [SEVERE ] Key 82 was pressed by player 0
[2022-12-12 16:41:51] [SEVERE ] Key 82 was pressed by player 0
[2022-12-12 16:41:51] [SEVERE ] removing tokens from slot 11
[2022-12-12 16:41:51] [SEVERE ] removing card from slot 11
[2022-12-12 16:41:51] [SEVERE ] placing card 41 in slot 0
[2022-12-12 16:41:51] [SEVERE ] placing card 57 in slot 1
[2022-12-12 16:41:51] [SEVERE ] placing card 77 in slot 2
[2022-12-12 16:41:51] [SEVERE ] placing card 66 in slot 3
[2022-12-12 16:41:51] [SEVERE ] placing card 80 in slot 4
[2022-12-12 16:41:51] [SEVERE ] placing card 58 in slot 5
[2022-12-12 16:41:51] [SEVERE ] placing card 65 in slot 6
[2022-12-12 16:41:51] [SEVERE ] placing card 76 in slot 7
[2022-12-12 16:41:52] [SEVERE ] placing card 38 in slot 8
[2022-12-12 16:41:52] [SEVERE ] placing card 52 in slot 9
[2022-12-12 16:41:52] [SEVERE ] placing card 63 in slot 10
[2022-12-12 16:41:52] [SEVERE ] placing card 42 in slot 11
