[2022-12-12 19:13:31] [INFO   ] cannot read configuration file config.properties trying from resources.
[2022-12-12 19:13:31] [INFO   ] configuration file was loaded from resources directory.
[2022-12-12 19:13:32] [INFO   ] Thread dealer starting.
[2022-12-12 19:13:32] [INFO   ] Thread Thread-1starting.
[2022-12-12 19:13:32] [INFO   ] Thread Thread-0starting.
[2022-12-12 19:13:32] [SEVERE ] placing card 33 in slot 0
[2022-12-12 19:13:32] [SEVERE ] placing card 52 in slot 1
[2022-12-12 19:13:32] [SEVERE ] placing card 30 in slot 2
[2022-12-12 19:13:32] [SEVERE ] placing card 55 in slot 3
[2022-12-12 19:13:32] [SEVERE ] placing card 14 in slot 4
[2022-12-12 19:13:32] [SEVERE ] placing card 9 in slot 5
[2022-12-12 19:13:32] [SEVERE ] placing card 78 in slot 6
[2022-12-12 19:13:32] [SEVERE ] placing card 0 in slot 7
[2022-12-12 19:13:33] [SEVERE ] placing card 25 in slot 8
[2022-12-12 19:13:33] [SEVERE ] placing card 38 in slot 9
[2022-12-12 19:13:33] [SEVERE ] placing card 50 in slot 10
[2022-12-12 19:13:33] [SEVERE ] placing card 49 in slot 11
[2022-12-12 19:13:33] [SEVERE ] Key 81 was pressed by player 0
[2022-12-12 19:13:33] [SEVERE ] player 0 placing token on slot 0
[2022-12-12 19:13:34] [SEVERE ] Key 87 was pressed by player 0
[2022-12-12 19:13:34] [SEVERE ] player 0 placing token on slot 1
[2022-12-12 19:13:34] [SEVERE ] Key 69 was pressed by player 0
[2022-12-12 19:13:34] [SEVERE ] player 0 placing token on slot 2
[2022-12-12 19:13:44] [SEVERE ] Key 69 was pressed by player 0
