[2022-12-12 20:44:49] [INFO   ] cannot read configuration file config.properties trying from resources.
[2022-12-12 20:44:49] [INFO   ] configuration file was loaded from resources directory.
[2022-12-12 20:44:50] [INFO   ] Thread dealer starting.
[2022-12-12 20:44:50] [INFO   ] Thread Thread-2starting.
[2022-12-12 20:44:50] [INFO   ] Thread Thread-1starting.
[2022-12-12 20:44:50] [INFO   ] Thread Thread-0starting.
[2022-12-12 20:44:50] [INFO   ] Thread computer-2 starting.
[2022-12-12 20:44:50] [SEVERE ] placing card 48 in slot 0
[2022-12-12 20:44:50] [SEVERE ] placing card 64 in slot 1
[2022-12-12 20:44:50] [SEVERE ] placing card 41 in slot 2
[2022-12-12 20:44:50] [SEVERE ] placing card 43 in slot 3
[2022-12-12 20:44:50] [SEVERE ] placing card 65 in slot 4
[2022-12-12 20:44:51] [SEVERE ] placing card 27 in slot 5
[2022-12-12 20:44:51] [SEVERE ] placing card 57 in slot 6
[2022-12-12 20:44:51] [SEVERE ] placing card 33 in slot 7
[2022-12-12 20:44:51] [SEVERE ] placing card 71 in slot 8
[2022-12-12 20:44:51] [SEVERE ] placing card 62 in slot 9
[2022-12-12 20:44:51] [SEVERE ] placing card 34 in slot 10
[2022-12-12 20:44:51] [SEVERE ] placing card 75 in slot 11
[2022-12-12 20:44:51] [SEVERE ] player 2 placing token on slot 9
[2022-12-12 20:44:51] [SEVERE ] player 2 placing token on slot 2
[2022-12-12 20:44:51] [SEVERE ] player 2 placing token on slot 11
[2022-12-12 20:44:51] [SEVERE ] removing player 2 token from slot 2
[2022-12-12 20:44:51] [SEVERE ] removing player 2 token from slot 9
[2022-12-12 20:44:51] [SEVERE ] removing player 2 token from slot 11
[2022-12-12 20:44:51] [SEVERE ] player 2 placing token on slot 3
[2022-12-12 20:44:51] [SEVERE ] player 2 placing token on slot 7
[2022-12-12 20:44:51] [SEVERE ] player 2 placing token on slot 11
[2022-12-12 20:44:51] [SEVERE ] removing player 2 token from slot 3
[2022-12-12 20:44:51] [SEVERE ] removing player 2 token from slot 7
[2022-12-12 20:44:51] [SEVERE ] removing player 2 token from slot 11
[2022-12-12 20:44:51] [SEVERE ] player 2 placing token on slot 5
[2022-12-12 20:44:51] [SEVERE ] player 2 placing token on slot 2
[2022-12-12 20:44:51] [SEVERE ] player 2 placing token on slot 7
[2022-12-12 20:44:51] [SEVERE ] removing player 2 token from slot 2
[2022-12-12 20:44:51] [SEVERE ] removing player 2 token from slot 5
[2022-12-12 20:44:51] [SEVERE ] removing player 2 token from slot 7
[2022-12-12 20:44:51] [SEVERE ] player 2 placing token on slot 6
[2022-12-12 20:44:51] [SEVERE ] player 2 placing token on slot 8
[2022-12-12 20:44:51] [SEVERE ] player 2 placing token on slot 7
[2022-12-12 20:44:51] [SEVERE ] removing player 2 token from slot 6
[2022-12-12 20:44:51] [SEVERE ] removing player 2 token from slot 7
[2022-12-12 20:44:51] [SEVERE ] removing player 2 token from slot 8
[2022-12-12 20:44:51] [SEVERE ] player 2 placing token on slot 10
[2022-12-12 20:44:51] [SEVERE ] player 2 placing token on slot 3
[2022-12-12 20:44:52] [SEVERE ] player 2 placing token on slot 5
[2022-12-12 20:44:52] [SEVERE ] removing player 2 token from slot 3
[2022-12-12 20:44:52] [SEVERE ] removing player 2 token from slot 5
[2022-12-12 20:44:52] [SEVERE ] removing player 2 token from slot 10
[2022-12-12 20:44:52] [SEVERE ] player 2 placing token on slot 7
[2022-12-12 20:44:52] [SEVERE ] player 2 placing token on slot 6
[2022-12-12 20:44:52] [SEVERE ] player 2 placing token on slot 0
[2022-12-12 20:44:52] [SEVERE ] removing player 2 token from slot 0
[2022-12-12 20:44:52] [SEVERE ] removing player 2 token from slot 6
[2022-12-12 20:44:52] [SEVERE ] removing player 2 token from slot 7
[2022-12-12 20:44:52] [SEVERE ] player 2 placing token on slot 9
[2022-12-12 20:44:52] [SEVERE ] player 2 placing token on slot 6
[2022-12-12 20:44:52] [SEVERE ] player 2 placing token on slot 3
[2022-12-12 20:44:52] [SEVERE ] removing player 2 token from slot 3
[2022-12-12 20:44:52] [SEVERE ] removing player 2 token from slot 6
[2022-12-12 20:44:52] [SEVERE ] removing player 2 token from slot 9
[2022-12-12 20:44:52] [SEVERE ] player 2 placing token on slot 0
[2022-12-12 20:44:52] [SEVERE ] player 2 placing token on slot 8
[2022-12-12 20:44:52] [SEVERE ] player 2 placing token on slot 2
[2022-12-12 20:44:52] [SEVERE ] removing player 2 token from slot 0
[2022-12-12 20:44:52] [SEVERE ] removing player 2 token from slot 2
[2022-12-12 20:44:52] [SEVERE ] removing player 2 token from slot 8
[2022-12-12 20:44:52] [SEVERE ] player 2 placing token on slot 7
[2022-12-12 20:44:52] [SEVERE ] player 2 placing token on slot 1
[2022-12-12 20:44:52] [SEVERE ] player 2 placing token on slot 11
[2022-12-12 20:44:52] [SEVERE ] removing player 2 token from slot 1
[2022-12-12 20:44:52] [SEVERE ] removing player 2 token from slot 7
[2022-12-12 20:44:52] [SEVERE ] removing player 2 token from slot 11
[2022-12-12 20:44:52] [SEVERE ] player 2 placing token on slot 3
[2022-12-12 20:44:52] [SEVERE ] player 2 placing token on slot 6
[2022-12-12 20:44:52] [SEVERE ] player 2 placing token on slot 11
[2022-12-12 20:44:52] [SEVERE ] removing player 2 token from slot 3
[2022-12-12 20:44:52] [SEVERE ] removing player 2 token from slot 6
[2022-12-12 20:44:52] [SEVERE ] removing player 2 token from slot 11
[2022-12-12 20:44:52] [SEVERE ] player 2 placing token on slot 5
[2022-12-12 20:44:52] [SEVERE ] player 2 placing token on slot 0
[2022-12-12 20:44:52] [SEVERE ] player 2 placing token on slot 1
[2022-12-12 20:44:52] [SEVERE ] removing player 2 token from slot 0
[2022-12-12 20:44:52] [SEVERE ] removing player 2 token from slot 1
[2022-12-12 20:44:52] [SEVERE ] removing player 2 token from slot 5
[2022-12-12 20:44:52] [SEVERE ] player 2 placing token on slot 3
[2022-12-12 20:44:52] [SEVERE ] player 2 placing token on slot 8
[2022-12-12 20:44:52] [SEVERE ] player 2 placing token on slot 11
[2022-12-12 20:44:52] [SEVERE ] removing player 2 token from slot 3
[2022-12-12 20:44:52] [SEVERE ] removing player 2 token from slot 8
[2022-12-12 20:44:52] [SEVERE ] removing player 2 token from slot 11
[2022-12-12 20:44:52] [SEVERE ] player 2 placing token on slot 7
[2022-12-12 20:44:52] [SEVERE ] player 2 placing token on slot 5
[2022-12-12 20:44:52] [SEVERE ] player 2 placing token on slot 3
[2022-12-12 20:44:52] [SEVERE ] removing player 2 token from slot 3
[2022-12-12 20:44:52] [SEVERE ] removing player 2 token from slot 5
[2022-12-12 20:44:52] [SEVERE ] removing player 2 token from slot 7
[2022-12-12 20:44:52] [SEVERE ] player 2 placing token on slot 11
[2022-12-12 20:44:52] [SEVERE ] player 2 placing token on slot 5
[2022-12-12 20:44:52] [SEVERE ] player 2 placing token on slot 2
[2022-12-12 20:44:52] [SEVERE ] removing player 2 token from slot 2
[2022-12-12 20:44:52] [SEVERE ] removing player 2 token from slot 5
[2022-12-12 20:44:52] [SEVERE ] removing player 2 token from slot 11
[2022-12-12 20:44:52] [SEVERE ] player 2 placing token on slot 8
[2022-12-12 20:44:52] [SEVERE ] player 2 placing token on slot 2
[2022-12-12 20:44:52] [SEVERE ] player 2 placing token on slot 3
[2022-12-12 20:44:52] [SEVERE ] removing player 2 token from slot 2
[2022-12-12 20:44:52] [SEVERE ] removing player 2 token from slot 3
[2022-12-12 20:44:52] [SEVERE ] removing player 2 token from slot 8
[2022-12-12 20:44:52] [SEVERE ] player 2 placing token on slot 0
[2022-12-12 20:44:52] [SEVERE ] player 2 placing token on slot 8
[2022-12-12 20:44:52] [SEVERE ] player 2 placing token on slot 2
[2022-12-12 20:44:52] [SEVERE ] removing player 2 token from slot 0
[2022-12-12 20:44:52] [SEVERE ] removing player 2 token from slot 2
[2022-12-12 20:44:52] [SEVERE ] removing player 2 token from slot 8
[2022-12-12 20:44:52] [SEVERE ] player 2 placing token on slot 10
[2022-12-12 20:44:52] [SEVERE ] player 2 placing token on slot 8
[2022-12-12 20:44:52] [SEVERE ] player 2 placing token on slot 5
[2022-12-12 20:44:52] [SEVERE ] removing player 2 token from slot 5
[2022-12-12 20:44:52] [SEVERE ] removing player 2 token from slot 8
[2022-12-12 20:44:52] [SEVERE ] removing player 2 token from slot 10
[2022-12-12 20:44:52] [SEVERE ] player 2 placing token on slot 4
[2022-12-12 20:44:52] [SEVERE ] player 2 placing token on slot 11
[2022-12-12 20:44:52] [SEVERE ] player 2 placing token on slot 7
[2022-12-12 20:44:52] [SEVERE ] removing player 2 token from slot 4
[2022-12-12 20:44:52] [SEVERE ] removing player 2 token from slot 7
[2022-12-12 20:44:52] [SEVERE ] removing player 2 token from slot 11
[2022-12-12 20:44:52] [SEVERE ] player 2 placing token on slot 5
[2022-12-12 20:44:52] [SEVERE ] player 2 placing token on slot 3
[2022-12-12 20:44:52] [SEVERE ] player 2 placing token on slot 11
[2022-12-12 20:44:52] [SEVERE ] removing player 2 token from slot 3
[2022-12-12 20:44:52] [SEVERE ] removing player 2 token from slot 5
[2022-12-12 20:44:52] [SEVERE ] removing player 2 token from slot 11
[2022-12-12 20:44:52] [SEVERE ] player 2 placing token on slot 2
[2022-12-12 20:44:52] [SEVERE ] player 2 placing token on slot 11
[2022-12-12 20:44:52] [SEVERE ] player 2 placing token on slot 0
[2022-12-12 20:44:52] [SEVERE ] removing player 2 token from slot 0
[2022-12-12 20:44:52] [SEVERE ] removing player 2 token from slot 2
[2022-12-12 20:44:52] [SEVERE ] removing player 2 token from slot 11
[2022-12-12 20:44:52] [SEVERE ] player 2 placing token on slot 6
[2022-12-12 20:44:52] [SEVERE ] player 2 placing token on slot 3
[2022-12-12 20:44:52] [SEVERE ] player 2 placing token on slot 7
[2022-12-12 20:44:52] [SEVERE ] removing player 2 token from slot 3
[2022-12-12 20:44:52] [SEVERE ] removing player 2 token from slot 6
[2022-12-12 20:44:52] [SEVERE ] removing player 2 token from slot 7
[2022-12-12 20:44:52] [SEVERE ] player 2 placing token on slot 10
[2022-12-12 20:44:52] [SEVERE ] player 2 placing token on slot 3
[2022-12-12 20:44:53] [SEVERE ] player 2 placing token on slot 7
[2022-12-12 20:44:53] [SEVERE ] removing player 2 token from slot 3
[2022-12-12 20:44:53] [SEVERE ] removing player 2 token from slot 7
[2022-12-12 20:44:53] [SEVERE ] removing player 2 token from slot 10
[2022-12-12 20:44:53] [SEVERE ] player 2 placing token on slot 2
[2022-12-12 20:44:53] [SEVERE ] player 2 placing token on slot 8
[2022-12-12 20:44:53] [SEVERE ] player 2 placing token on slot 0
[2022-12-12 20:44:53] [SEVERE ] removing player 2 token from slot 0
[2022-12-12 20:44:53] [SEVERE ] removing player 2 token from slot 2
[2022-12-12 20:44:53] [SEVERE ] removing player 2 token from slot 8
[2022-12-12 20:44:53] [SEVERE ] player 2 placing token on slot 10
[2022-12-12 20:44:53] [SEVERE ] player 2 placing token on slot 3
[2022-12-12 20:44:53] [SEVERE ] player 2 placing token on slot 7
[2022-12-12 20:44:53] [SEVERE ] removing player 2 token from slot 3
[2022-12-12 20:44:53] [SEVERE ] removing player 2 token from slot 7
[2022-12-12 20:44:53] [SEVERE ] removing player 2 token from slot 10
[2022-12-12 20:44:53] [SEVERE ] player 2 placing token on slot 6
[2022-12-12 20:44:53] [SEVERE ] player 2 placing token on slot 9
[2022-12-12 20:44:53] [SEVERE ] player 2 placing token on slot 8
[2022-12-12 20:44:53] [SEVERE ] removing player 2 token from slot 6
[2022-12-12 20:44:53] [SEVERE ] removing player 2 token from slot 8
[2022-12-12 20:44:53] [SEVERE ] removing player 2 token from slot 9
[2022-12-12 20:44:53] [SEVERE ] player 2 placing token on slot 5
[2022-12-12 20:44:53] [SEVERE ] player 2 placing token on slot 0
[2022-12-12 20:44:53] [SEVERE ] player 2 placing token on slot 10
[2022-12-12 20:44:53] [SEVERE ] removing player 2 token from slot 0
[2022-12-12 20:44:53] [SEVERE ] removing player 2 token from slot 5
[2022-12-12 20:44:53] [SEVERE ] removing player 2 token from slot 10
[2022-12-12 20:44:53] [SEVERE ] player 2 placing token on slot 1
[2022-12-12 20:44:53] [SEVERE ] player 2 placing token on slot 3
[2022-12-12 20:44:53] [SEVERE ] player 2 placing token on slot 11
[2022-12-12 20:44:53] [SEVERE ] removing player 2 token from slot 1
[2022-12-12 20:44:53] [SEVERE ] removing player 2 token from slot 3
[2022-12-12 20:44:53] [SEVERE ] removing player 2 token from slot 11
[2022-12-12 20:44:53] [SEVERE ] player 2 placing token on slot 10
[2022-12-12 20:44:53] [SEVERE ] player 2 placing token on slot 8
[2022-12-12 20:44:53] [SEVERE ] player 2 placing token on slot 0
[2022-12-12 20:44:53] [SEVERE ] removing player 2 token from slot 0
[2022-12-12 20:44:53] [SEVERE ] removing player 2 token from slot 8
[2022-12-12 20:44:53] [SEVERE ] removing player 2 token from slot 10
[2022-12-12 20:44:53] [SEVERE ] player 2 placing token on slot 6
[2022-12-12 20:44:53] [SEVERE ] player 2 placing token on slot 4
[2022-12-12 20:44:53] [SEVERE ] player 2 placing token on slot 5
[2022-12-12 20:44:53] [SEVERE ] removing player 2 token from slot 4
[2022-12-12 20:44:53] [SEVERE ] removing player 2 token from slot 5
[2022-12-12 20:44:53] [SEVERE ] removing player 2 token from slot 6
[2022-12-12 20:44:53] [SEVERE ] player 2 placing token on slot 2
[2022-12-12 20:44:53] [SEVERE ] player 2 placing token on slot 7
[2022-12-12 20:44:53] [SEVERE ] player 2 placing token on slot 4
[2022-12-12 20:44:53] [SEVERE ] removing player 2 token from slot 2
[2022-12-12 20:44:53] [SEVERE ] removing player 2 token from slot 4
[2022-12-12 20:44:53] [SEVERE ] removing player 2 token from slot 7
[2022-12-12 20:44:53] [SEVERE ] player 2 placing token on slot 0
[2022-12-12 20:44:53] [SEVERE ] player 2 placing token on slot 9
[2022-12-12 20:44:53] [SEVERE ] player 2 placing token on slot 7
[2022-12-12 20:44:53] [SEVERE ] removing player 2 token from slot 0
[2022-12-12 20:44:53] [SEVERE ] removing player 2 token from slot 7
[2022-12-12 20:44:53] [SEVERE ] removing player 2 token from slot 9
[2022-12-12 20:44:53] [SEVERE ] player 2 placing token on slot 6
[2022-12-12 20:44:53] [SEVERE ] player 2 placing token on slot 7
[2022-12-12 20:44:53] [SEVERE ] player 2 placing token on slot 4
[2022-12-12 20:44:53] [SEVERE ] removing player 2 token from slot 4
[2022-12-12 20:44:53] [SEVERE ] removing player 2 token from slot 6
[2022-12-12 20:44:53] [SEVERE ] removing player 2 token from slot 7
[2022-12-12 20:44:53] [SEVERE ] player 2 placing token on slot 8
[2022-12-12 20:44:53] [SEVERE ] player 2 placing token on slot 11
[2022-12-12 20:44:53] [SEVERE ] player 2 placing token on slot 6
[2022-12-12 20:44:53] [SEVERE ] removing player 2 token from slot 6
[2022-12-12 20:44:53] [SEVERE ] removing player 2 token from slot 8
[2022-12-12 20:44:53] [SEVERE ] removing player 2 token from slot 11
[2022-12-12 20:44:53] [SEVERE ] player 2 placing token on slot 9
[2022-12-12 20:44:53] [SEVERE ] player 2 placing token on slot 0
[2022-12-12 20:44:53] [SEVERE ] player 2 placing token on slot 1
[2022-12-12 20:44:53] [SEVERE ] removing player 2 token from slot 0
[2022-12-12 20:44:53] [SEVERE ] removing player 2 token from slot 1
[2022-12-12 20:44:53] [SEVERE ] removing player 2 token from slot 9
[2022-12-12 20:44:53] [SEVERE ] player 2 placing token on slot 10
[2022-12-12 20:44:53] [SEVERE ] player 2 placing token on slot 0
[2022-12-12 20:44:53] [SEVERE ] player 2 placing token on slot 5
[2022-12-12 20:44:53] [SEVERE ] removing player 2 token from slot 0
[2022-12-12 20:44:53] [SEVERE ] removing player 2 token from slot 5
[2022-12-12 20:44:53] [SEVERE ] removing player 2 token from slot 10
[2022-12-12 20:44:53] [SEVERE ] player 2 placing token on slot 6
[2022-12-12 20:44:53] [SEVERE ] player 2 placing token on slot 3
[2022-12-12 20:44:53] [SEVERE ] player 2 placing token on slot 11
[2022-12-12 20:44:53] [SEVERE ] removing player 2 token from slot 3
[2022-12-12 20:44:53] [SEVERE ] removing player 2 token from slot 6
[2022-12-12 20:44:53] [SEVERE ] removing player 2 token from slot 11
[2022-12-12 20:44:53] [SEVERE ] player 2 placing token on slot 10
[2022-12-12 20:44:53] [SEVERE ] player 2 placing token on slot 2
[2022-12-12 20:44:53] [SEVERE ] player 2 placing token on slot 3
[2022-12-12 20:44:53] [SEVERE ] removing player 2 token from slot 2
[2022-12-12 20:44:53] [SEVERE ] removing player 2 token from slot 3
[2022-12-12 20:44:53] [SEVERE ] removing player 2 token from slot 10
[2022-12-12 20:44:53] [SEVERE ] player 2 placing token on slot 1
[2022-12-12 20:44:53] [SEVERE ] player 2 placing token on slot 2
[2022-12-12 20:44:54] [SEVERE ] player 2 placing token on slot 4
[2022-12-12 20:44:54] [SEVERE ] removing player 2 token from slot 1
[2022-12-12 20:44:54] [SEVERE ] removing player 2 token from slot 2
[2022-12-12 20:44:54] [SEVERE ] removing player 2 token from slot 4
[2022-12-12 20:44:54] [SEVERE ] player 2 placing token on slot 5
[2022-12-12 20:44:54] [SEVERE ] player 2 placing token on slot 0
[2022-12-12 20:44:54] [SEVERE ] player 2 placing token on slot 1
[2022-12-12 20:44:54] [SEVERE ] removing player 2 token from slot 0
[2022-12-12 20:44:54] [SEVERE ] removing player 2 token from slot 1
[2022-12-12 20:44:54] [SEVERE ] removing player 2 token from slot 5
[2022-12-12 20:44:54] [SEVERE ] player 2 placing token on slot 3
[2022-12-12 20:44:54] [SEVERE ] player 2 placing token on slot 5
[2022-12-12 20:44:54] [SEVERE ] player 2 placing token on slot 0
[2022-12-12 20:44:54] [SEVERE ] removing player 2 token from slot 0
[2022-12-12 20:44:54] [SEVERE ] removing player 2 token from slot 3
[2022-12-12 20:44:54] [SEVERE ] removing player 2 token from slot 5
[2022-12-12 20:44:54] [SEVERE ] player 2 placing token on slot 1
[2022-12-12 20:44:54] [SEVERE ] player 2 placing token on slot 11
[2022-12-12 20:44:54] [SEVERE ] player 2 placing token on slot 0
[2022-12-12 20:44:54] [SEVERE ] removing player 2 token from slot 0
[2022-12-12 20:44:54] [SEVERE ] removing player 2 token from slot 1
[2022-12-12 20:44:54] [SEVERE ] removing player 2 token from slot 11
[2022-12-12 20:44:54] [SEVERE ] player 2 placing token on slot 3
[2022-12-12 20:44:54] [SEVERE ] player 2 placing token on slot 4
[2022-12-12 20:44:54] [SEVERE ] player 2 placing token on slot 11
[2022-12-12 20:44:54] [SEVERE ] removing player 2 token from slot 3
[2022-12-12 20:44:54] [SEVERE ] removing player 2 token from slot 4
[2022-12-12 20:44:54] [SEVERE ] removing player 2 token from slot 11
[2022-12-12 20:44:54] [SEVERE ] player 2 placing token on slot 8
[2022-12-12 20:44:54] [SEVERE ] player 2 placing token on slot 1
[2022-12-12 20:44:54] [SEVERE ] player 2 placing token on slot 3
[2022-12-12 20:44:54] [SEVERE ] removing player 2 token from slot 1
[2022-12-12 20:44:54] [SEVERE ] removing player 2 token from slot 3
[2022-12-12 20:44:54] [SEVERE ] removing player 2 token from slot 8
[2022-12-12 20:44:54] [SEVERE ] player 2 placing token on slot 10
[2022-12-12 20:44:54] [SEVERE ] player 2 placing token on slot 2
[2022-12-12 20:44:54] [SEVERE ] player 2 placing token on slot 9
[2022-12-12 20:44:54] [SEVERE ] removing player 2 token from slot 2
[2022-12-12 20:44:54] [SEVERE ] removing player 2 token from slot 9
[2022-12-12 20:44:54] [SEVERE ] removing player 2 token from slot 10
[2022-12-12 20:44:54] [SEVERE ] player 2 placing token on slot 3
[2022-12-12 20:44:54] [SEVERE ] player 2 placing token on slot 7
[2022-12-12 20:44:54] [SEVERE ] player 2 placing token on slot 2
[2022-12-12 20:44:54] [SEVERE ] removing player 2 token from slot 2
[2022-12-12 20:44:54] [SEVERE ] removing player 2 token from slot 3
[2022-12-12 20:44:54] [SEVERE ] removing player 2 token from slot 7
[2022-12-12 20:44:54] [SEVERE ] player 2 placing token on slot 4
[2022-12-12 20:44:54] [SEVERE ] player 2 placing token on slot 7
[2022-12-12 20:44:54] [SEVERE ] player 2 placing token on slot 1
[2022-12-12 20:44:54] [SEVERE ] removing player 2 token from slot 1
[2022-12-12 20:44:54] [SEVERE ] removing player 2 token from slot 4
[2022-12-12 20:44:54] [SEVERE ] removing player 2 token from slot 7
[2022-12-12 20:44:54] [SEVERE ] player 2 placing token on slot 8
[2022-12-12 20:44:54] [SEVERE ] player 2 placing token on slot 4
[2022-12-12 20:44:54] [SEVERE ] player 2 placing token on slot 3
[2022-12-12 20:44:54] [SEVERE ] removing player 2 token from slot 3
[2022-12-12 20:44:54] [SEVERE ] removing player 2 token from slot 4
[2022-12-12 20:44:54] [SEVERE ] removing player 2 token from slot 8
[2022-12-12 20:44:54] [SEVERE ] player 2 placing token on slot 6
[2022-12-12 20:44:54] [SEVERE ] player 2 placing token on slot 2
[2022-12-12 20:44:54] [SEVERE ] player 2 placing token on slot 10
[2022-12-12 20:44:54] [SEVERE ] removing player 2 token from slot 2
[2022-12-12 20:44:54] [SEVERE ] removing player 2 token from slot 6
[2022-12-12 20:44:54] [SEVERE ] removing player 2 token from slot 10
[2022-12-12 20:44:54] [SEVERE ] player 2 placing token on slot 11
[2022-12-12 20:44:54] [SEVERE ] player 2 placing token on slot 2
[2022-12-12 20:44:54] [SEVERE ] player 2 placing token on slot 3
[2022-12-12 20:44:54] [SEVERE ] removing player 2 token from slot 2
[2022-12-12 20:44:54] [SEVERE ] removing player 2 token from slot 3
[2022-12-12 20:44:54] [SEVERE ] removing player 2 token from slot 11
[2022-12-12 20:44:54] [SEVERE ] player 2 placing token on slot 10
[2022-12-12 20:44:54] [SEVERE ] player 2 placing token on slot 2
[2022-12-12 20:44:54] [SEVERE ] player 2 placing token on slot 4
[2022-12-12 20:44:54] [SEVERE ] removing player 2 token from slot 2
[2022-12-12 20:44:54] [SEVERE ] removing player 2 token from slot 4
[2022-12-12 20:44:54] [SEVERE ] removing player 2 token from slot 10
[2022-12-12 20:44:54] [SEVERE ] player 2 placing token on slot 1
[2022-12-12 20:44:54] [SEVERE ] player 2 placing token on slot 10
[2022-12-12 20:44:54] [SEVERE ] player 2 placing token on slot 2
[2022-12-12 20:44:54] [SEVERE ] removing player 2 token from slot 1
[2022-12-12 20:44:54] [SEVERE ] removing player 2 token from slot 2
[2022-12-12 20:44:54] [SEVERE ] removing player 2 token from slot 10
[2022-12-12 20:44:54] [SEVERE ] player 2 placing token on slot 8
[2022-12-12 20:44:54] [SEVERE ] player 2 placing token on slot 10
[2022-12-12 20:44:54] [SEVERE ] player 2 placing token on slot 4
[2022-12-12 20:44:54] [SEVERE ] removing player 2 token from slot 4
[2022-12-12 20:44:54] [SEVERE ] removing player 2 token from slot 8
[2022-12-12 20:44:54] [SEVERE ] removing player 2 token from slot 10
[2022-12-12 20:44:54] [SEVERE ] player 2 placing token on slot 0
[2022-12-12 20:44:54] [SEVERE ] player 2 placing token on slot 9
[2022-12-12 20:44:54] [SEVERE ] player 2 placing token on slot 5
[2022-12-12 20:44:54] [SEVERE ] removing player 2 token from slot 0
[2022-12-12 20:44:54] [SEVERE ] removing player 2 token from slot 5
[2022-12-12 20:44:54] [SEVERE ] removing player 2 token from slot 9
[2022-12-12 20:44:54] [SEVERE ] player 2 placing token on slot 11
[2022-12-12 20:44:55] [SEVERE ] player 2 placing token on slot 1
[2022-12-12 20:44:55] [SEVERE ] player 2 placing token on slot 4
[2022-12-12 20:44:55] [SEVERE ] removing player 2 token from slot 1
[2022-12-12 20:44:55] [SEVERE ] removing player 2 token from slot 4
[2022-12-12 20:44:55] [SEVERE ] removing player 2 token from slot 11
[2022-12-12 20:44:55] [SEVERE ] player 2 placing token on slot 6
[2022-12-12 20:44:55] [SEVERE ] player 2 placing token on slot 10
[2022-12-12 20:44:55] [SEVERE ] player 2 placing token on slot 2
[2022-12-12 20:44:55] [SEVERE ] removing player 2 token from slot 2
[2022-12-12 20:44:55] [SEVERE ] removing player 2 token from slot 6
[2022-12-12 20:44:55] [SEVERE ] removing player 2 token from slot 10
[2022-12-12 20:44:55] [SEVERE ] player 2 placing token on slot 5
[2022-12-12 20:44:55] [SEVERE ] player 2 placing token on slot 8
[2022-12-12 20:44:55] [SEVERE ] player 2 placing token on slot 2
[2022-12-12 20:44:55] [SEVERE ] removing player 2 token from slot 2
[2022-12-12 20:44:55] [SEVERE ] removing player 2 token from slot 5
[2022-12-12 20:44:55] [SEVERE ] removing player 2 token from slot 8
[2022-12-12 20:44:55] [SEVERE ] player 2 placing token on slot 9
[2022-12-12 20:44:55] [SEVERE ] player 2 placing token on slot 6
[2022-12-12 20:44:55] [SEVERE ] player 2 placing token on slot 11
[2022-12-12 20:44:55] [SEVERE ] removing player 2 token from slot 6
[2022-12-12 20:44:55] [SEVERE ] removing player 2 token from slot 9
[2022-12-12 20:44:55] [SEVERE ] removing player 2 token from slot 11
[2022-12-12 20:44:55] [SEVERE ] player 2 placing token on slot 7
[2022-12-12 20:44:55] [SEVERE ] player 2 placing token on slot 5
[2022-12-12 20:44:55] [SEVERE ] player 2 placing token on slot 8
[2022-12-12 20:44:55] [SEVERE ] removing player 2 token from slot 5
[2022-12-12 20:44:55] [SEVERE ] removing player 2 token from slot 7
[2022-12-12 20:44:55] [SEVERE ] removing player 2 token from slot 8
[2022-12-12 20:44:55] [SEVERE ] player 2 placing token on slot 10
[2022-12-12 20:44:55] [SEVERE ] player 2 placing token on slot 5
[2022-12-12 20:44:55] [SEVERE ] player 2 placing token on slot 7
[2022-12-12 20:44:55] [SEVERE ] removing player 2 token from slot 5
[2022-12-12 20:44:55] [SEVERE ] removing player 2 token from slot 7
[2022-12-12 20:44:55] [SEVERE ] removing player 2 token from slot 10
[2022-12-12 20:44:55] [SEVERE ] player 2 placing token on slot 2
[2022-12-12 20:44:55] [SEVERE ] player 2 placing token on slot 10
[2022-12-12 20:44:55] [SEVERE ] player 2 placing token on slot 3
[2022-12-12 20:44:55] [SEVERE ] removing player 2 token from slot 2
[2022-12-12 20:44:55] [SEVERE ] removing player 2 token from slot 3
[2022-12-12 20:44:55] [SEVERE ] removing player 2 token from slot 10
[2022-12-12 20:44:55] [SEVERE ] player 2 placing token on slot 5
[2022-12-12 20:44:55] [SEVERE ] player 2 placing token on slot 9
[2022-12-12 20:44:55] [SEVERE ] player 2 placing token on slot 11
[2022-12-12 20:44:55] [SEVERE ] removing player 2 token from slot 5
[2022-12-12 20:44:55] [SEVERE ] removing player 2 token from slot 9
[2022-12-12 20:44:55] [SEVERE ] removing player 2 token from slot 11
[2022-12-12 20:44:55] [SEVERE ] player 2 placing token on slot 6
[2022-12-12 20:44:55] [SEVERE ] player 2 placing token on slot 11
[2022-12-12 20:44:55] [SEVERE ] player 2 placing token on slot 3
[2022-12-12 20:44:55] [SEVERE ] removing player 2 token from slot 3
[2022-12-12 20:44:55] [SEVERE ] removing player 2 token from slot 6
[2022-12-12 20:44:55] [SEVERE ] removing player 2 token from slot 11
[2022-12-12 20:44:55] [SEVERE ] player 2 placing token on slot 0
[2022-12-12 20:44:55] [SEVERE ] player 2 placing token on slot 10
[2022-12-12 20:44:55] [SEVERE ] player 2 placing token on slot 4
[2022-12-12 20:44:55] [SEVERE ] removing player 2 token from slot 0
[2022-12-12 20:44:55] [SEVERE ] removing player 2 token from slot 4
[2022-12-12 20:44:55] [SEVERE ] removing player 2 token from slot 10
[2022-12-12 20:44:55] [SEVERE ] player 2 placing token on slot 7
[2022-12-12 20:44:55] [SEVERE ] player 2 placing token on slot 6
[2022-12-12 20:44:55] [SEVERE ] player 2 placing token on slot 9
[2022-12-12 20:44:55] [SEVERE ] removing player 2 token from slot 6
[2022-12-12 20:44:55] [SEVERE ] removing player 2 token from slot 7
[2022-12-12 20:44:55] [SEVERE ] removing player 2 token from slot 9
[2022-12-12 20:44:55] [SEVERE ] player 2 placing token on slot 2
[2022-12-12 20:44:55] [SEVERE ] player 2 placing token on slot 6
[2022-12-12 20:44:55] [SEVERE ] player 2 placing token on slot 3
[2022-12-12 20:44:55] [SEVERE ] removing player 2 token from slot 2
[2022-12-12 20:44:55] [SEVERE ] removing player 2 token from slot 3
[2022-12-12 20:44:55] [SEVERE ] removing player 2 token from slot 6
[2022-12-12 20:44:55] [SEVERE ] player 2 placing token on slot 11
[2022-12-12 20:44:55] [SEVERE ] player 2 placing token on slot 6
[2022-12-12 20:44:55] [SEVERE ] player 2 placing token on slot 7
[2022-12-12 20:44:55] [SEVERE ] removing player 2 token from slot 6
[2022-12-12 20:44:55] [SEVERE ] removing player 2 token from slot 7
[2022-12-12 20:44:55] [SEVERE ] removing player 2 token from slot 11
[2022-12-12 20:44:55] [SEVERE ] player 2 placing token on slot 4
[2022-12-12 20:44:55] [SEVERE ] player 2 placing token on slot 5
[2022-12-12 20:44:55] [SEVERE ] player 2 placing token on slot 0
[2022-12-12 20:44:55] [SEVERE ] removing player 2 token from slot 0
[2022-12-12 20:44:55] [SEVERE ] removing player 2 token from slot 4
[2022-12-12 20:44:55] [SEVERE ] removing player 2 token from slot 5
[2022-12-12 20:44:55] [SEVERE ] player 2 placing token on slot 8
[2022-12-12 20:44:55] [SEVERE ] player 2 placing token on slot 11
[2022-12-12 20:44:55] [SEVERE ] player 2 placing token on slot 2
[2022-12-12 20:44:55] [SEVERE ] removing player 2 token from slot 2
[2022-12-12 20:44:55] [SEVERE ] removing player 2 token from slot 8
[2022-12-12 20:44:55] [SEVERE ] removing player 2 token from slot 11
[2022-12-12 20:44:55] [SEVERE ] player 2 placing token on slot 10
[2022-12-12 20:44:55] [SEVERE ] player 2 placing token on slot 6
[2022-12-12 20:44:55] [SEVERE ] player 2 placing token on slot 11
[2022-12-12 20:44:55] [SEVERE ] removing player 2 token from slot 6
[2022-12-12 20:44:55] [SEVERE ] removing player 2 token from slot 10
[2022-12-12 20:44:55] [SEVERE ] removing player 2 token from slot 11
[2022-12-12 20:44:55] [SEVERE ] player 2 placing token on slot 3
[2022-12-12 20:44:55] [SEVERE ] player 2 placing token on slot 7
[2022-12-12 20:44:56] [SEVERE ] player 2 placing token on slot 1
[2022-12-12 20:44:56] [SEVERE ] removing player 2 token from slot 1
[2022-12-12 20:44:56] [SEVERE ] removing player 2 token from slot 3
[2022-12-12 20:44:56] [SEVERE ] removing player 2 token from slot 7
[2022-12-12 20:44:56] [SEVERE ] player 2 placing token on slot 10
[2022-12-12 20:44:56] [SEVERE ] player 2 placing token on slot 6
[2022-12-12 20:44:56] [SEVERE ] player 2 placing token on slot 4
