[2022-12-12 21:30:13] [INFO   ] cannot read configuration file config.properties trying from resources.
[2022-12-12 21:30:13] [INFO   ] configuration file was loaded from resources directory.
[2022-12-12 21:30:13] [INFO   ] Thread Thread-0starting.
[2022-12-12 21:30:13] [INFO   ] Thread Thread-2starting.
[2022-12-12 21:30:13] [INFO   ] Thread Thread-1starting.
[2022-12-12 21:30:13] [INFO   ] Thread dealer starting.
[2022-12-12 21:30:13] [INFO   ] Thread computer-2 starting.
[2022-12-12 21:30:13] [SEVERE ] placing card 70 in slot 0
[2022-12-12 21:30:13] [SEVERE ] placing card 75 in slot 1
[2022-12-12 21:30:14] [SEVERE ] placing card 20 in slot 2
[2022-12-12 21:30:14] [SEVERE ] placing card 32 in slot 3
[2022-12-12 21:30:14] [SEVERE ] placing card 39 in slot 4
[2022-12-12 21:30:14] [SEVERE ] placing card 42 in slot 5
[2022-12-12 21:30:14] [SEVERE ] placing card 65 in slot 6
[2022-12-12 21:30:14] [SEVERE ] placing card 29 in slot 7
[2022-12-12 21:30:14] [SEVERE ] placing card 26 in slot 8
[2022-12-12 21:30:14] [SEVERE ] placing card 69 in slot 9
[2022-12-12 21:30:14] [SEVERE ] placing card 62 in slot 10
[2022-12-12 21:30:15] [SEVERE ] placing card 1 in slot 11
[2022-12-12 21:30:15] [SEVERE ] player 2 placing token on slot 8
[2022-12-12 21:30:15] [SEVERE ] player 2 placing token on slot 5
[2022-12-12 21:30:15] [SEVERE ] player 2 placing token on slot 4
[2022-12-12 21:30:15] [SEVERE ] removing player 2 token from slot 4
[2022-12-12 21:30:15] [SEVERE ] removing player 2 token from slot 5
[2022-12-12 21:30:15] [SEVERE ] removing player 2 token from slot 8
[2022-12-12 21:30:15] [SEVERE ] player 2 placing token on slot 11
[2022-12-12 21:30:15] [SEVERE ] player 2 placing token on slot 8
[2022-12-12 21:30:15] [SEVERE ] player 2 placing token on slot 7
[2022-12-12 21:30:15] [SEVERE ] removing player 2 token from slot 7
[2022-12-12 21:30:15] [SEVERE ] removing player 2 token from slot 8
[2022-12-12 21:30:15] [SEVERE ] removing player 2 token from slot 11
[2022-12-12 21:30:15] [SEVERE ] player 2 placing token on slot 3
[2022-12-12 21:30:15] [SEVERE ] player 2 placing token on slot 4
[2022-12-12 21:30:15] [SEVERE ] player 2 placing token on slot 6
[2022-12-12 21:30:15] [SEVERE ] removing player 2 token from slot 3
[2022-12-12 21:30:15] [SEVERE ] removing player 2 token from slot 4
[2022-12-12 21:30:15] [SEVERE ] removing player 2 token from slot 6
[2022-12-12 21:30:15] [SEVERE ] player 2 placing token on slot 4
[2022-12-12 21:30:15] [SEVERE ] player 2 placing token on slot 3
[2022-12-12 21:30:15] [SEVERE ] player 2 placing token on slot 0
[2022-12-12 21:30:15] [SEVERE ] removing player 2 token from slot 0
[2022-12-12 21:30:15] [SEVERE ] removing player 2 token from slot 3
[2022-12-12 21:30:15] [SEVERE ] removing player 2 token from slot 4
[2022-12-12 21:30:15] [SEVERE ] player 2 placing token on slot 0
[2022-12-12 21:30:15] [SEVERE ] player 2 placing token on slot 1
[2022-12-12 21:30:15] [SEVERE ] player 2 placing token on slot 8
[2022-12-12 21:30:15] [SEVERE ] removing player 2 token from slot 0
[2022-12-12 21:30:15] [SEVERE ] removing player 2 token from slot 1
[2022-12-12 21:30:15] [SEVERE ] removing player 2 token from slot 8
[2022-12-12 21:30:15] [SEVERE ] player 2 placing token on slot 0
[2022-12-12 21:30:15] [SEVERE ] player 2 placing token on slot 1
[2022-12-12 21:30:15] [SEVERE ] player 2 placing token on slot 11
[2022-12-12 21:30:15] [SEVERE ] removing player 2 token from slot 0
[2022-12-12 21:30:15] [SEVERE ] removing player 2 token from slot 1
[2022-12-12 21:30:15] [SEVERE ] removing player 2 token from slot 11
[2022-12-12 21:30:15] [SEVERE ] player 2 placing token on slot 6
[2022-12-12 21:30:15] [SEVERE ] player 2 placing token on slot 7
[2022-12-12 21:30:15] [SEVERE ] player 2 placing token on slot 0
[2022-12-12 21:30:15] [SEVERE ] removing player 2 token from slot 0
[2022-12-12 21:30:15] [SEVERE ] removing player 2 token from slot 6
[2022-12-12 21:30:15] [SEVERE ] removing player 2 token from slot 7
[2022-12-12 21:30:15] [SEVERE ] player 2 placing token on slot 7
[2022-12-12 21:30:15] [SEVERE ] player 2 placing token on slot 5
[2022-12-12 21:30:15] [SEVERE ] player 2 placing token on slot 6
[2022-12-12 21:30:15] [SEVERE ] removing player 2 token from slot 5
[2022-12-12 21:30:15] [SEVERE ] removing player 2 token from slot 6
[2022-12-12 21:30:15] [SEVERE ] removing player 2 token from slot 7
[2022-12-12 21:30:15] [SEVERE ] player 2 placing token on slot 7
[2022-12-12 21:30:15] [SEVERE ] player 2 placing token on slot 0
[2022-12-12 21:30:15] [SEVERE ] player 2 placing token on slot 11
[2022-12-12 21:30:15] [SEVERE ] removing player 2 token from slot 0
[2022-12-12 21:30:15] [SEVERE ] removing player 2 token from slot 7
[2022-12-12 21:30:15] [SEVERE ] removing player 2 token from slot 11
[2022-12-12 21:30:15] [SEVERE ] player 2 placing token on slot 4
[2022-12-12 21:30:15] [SEVERE ] player 2 placing token on slot 10
[2022-12-12 21:30:15] [SEVERE ] player 2 placing token on slot 9
[2022-12-12 21:30:15] [SEVERE ] removing player 2 token from slot 4
[2022-12-12 21:30:15] [SEVERE ] removing player 2 token from slot 9
[2022-12-12 21:30:15] [SEVERE ] removing player 2 token from slot 10
[2022-12-12 21:30:16] [SEVERE ] player 2 placing token on slot 11
[2022-12-12 21:30:16] [SEVERE ] player 2 placing token on slot 4
[2022-12-12 21:30:16] [SEVERE ] player 2 placing token on slot 5
[2022-12-12 21:30:16] [SEVERE ] removing player 2 token from slot 4
[2022-12-12 21:30:16] [SEVERE ] removing player 2 token from slot 5
[2022-12-12 21:30:16] [SEVERE ] removing player 2 token from slot 11
[2022-12-12 21:30:16] [SEVERE ] player 2 placing token on slot 3
[2022-12-12 21:30:16] [SEVERE ] player 2 placing token on slot 10
[2022-12-12 21:30:16] [SEVERE ] player 2 placing token on slot 8
[2022-12-12 21:30:16] [SEVERE ] removing player 2 token from slot 3
[2022-12-12 21:30:16] [SEVERE ] removing player 2 token from slot 8
[2022-12-12 21:30:16] [SEVERE ] removing player 2 token from slot 10
[2022-12-12 21:30:16] [SEVERE ] player 2 placing token on slot 6
[2022-12-12 21:30:16] [SEVERE ] player 2 placing token on slot 9
[2022-12-12 21:30:16] [SEVERE ] player 2 placing token on slot 8
[2022-12-12 21:30:16] [SEVERE ] removing player 2 token from slot 6
[2022-12-12 21:30:16] [SEVERE ] removing player 2 token from slot 8
[2022-12-12 21:30:16] [SEVERE ] removing player 2 token from slot 9
[2022-12-12 21:30:16] [SEVERE ] player 2 placing token on slot 10
[2022-12-12 21:30:16] [SEVERE ] player 2 placing token on slot 1
[2022-12-12 21:30:16] [SEVERE ] player 2 placing token on slot 4
[2022-12-12 21:30:16] [SEVERE ] removing player 2 token from slot 1
[2022-12-12 21:30:16] [SEVERE ] removing player 2 token from slot 4
[2022-12-12 21:30:16] [SEVERE ] removing player 2 token from slot 10
[2022-12-12 21:30:16] [SEVERE ] player 2 placing token on slot 10
[2022-12-12 21:30:16] [SEVERE ] player 2 placing token on slot 1
[2022-12-12 21:30:16] [SEVERE ] player 2 placing token on slot 2
[2022-12-12 21:30:16] [SEVERE ] removing player 2 token from slot 1
[2022-12-12 21:30:16] [SEVERE ] removing player 2 token from slot 2
[2022-12-12 21:30:16] [SEVERE ] removing player 2 token from slot 10
[2022-12-12 21:30:16] [SEVERE ] player 2 placing token on slot 10
[2022-12-12 21:30:16] [SEVERE ] player 2 placing token on slot 6
[2022-12-12 21:30:16] [SEVERE ] player 2 placing token on slot 2
[2022-12-12 21:30:16] [SEVERE ] removing player 2 token from slot 2
[2022-12-12 21:30:16] [SEVERE ] removing player 2 token from slot 6
[2022-12-12 21:30:16] [SEVERE ] removing player 2 token from slot 10
[2022-12-12 21:30:16] [SEVERE ] player 2 placing token on slot 1
[2022-12-12 21:30:16] [SEVERE ] player 2 placing token on slot 7
[2022-12-12 21:30:16] [SEVERE ] player 2 placing token on slot 8
[2022-12-12 21:30:16] [SEVERE ] removing player 2 token from slot 1
[2022-12-12 21:30:16] [SEVERE ] removing player 2 token from slot 7
[2022-12-12 21:30:16] [SEVERE ] removing player 2 token from slot 8
[2022-12-12 21:30:16] [SEVERE ] player 2 placing token on slot 3
[2022-12-12 21:30:16] [SEVERE ] player 2 placing token on slot 8
[2022-12-12 21:30:16] [SEVERE ] player 2 placing token on slot 10
[2022-12-12 21:30:16] [SEVERE ] removing player 2 token from slot 3
[2022-12-12 21:30:16] [SEVERE ] removing player 2 token from slot 8
[2022-12-12 21:30:16] [SEVERE ] removing player 2 token from slot 10
[2022-12-12 21:30:16] [SEVERE ] player 2 placing token on slot 1
[2022-12-12 21:30:16] [SEVERE ] player 2 placing token on slot 7
[2022-12-12 21:30:16] [SEVERE ] player 2 placing token on slot 8
[2022-12-12 21:30:16] [SEVERE ] removing player 2 token from slot 1
[2022-12-12 21:30:16] [SEVERE ] removing player 2 token from slot 7
[2022-12-12 21:30:16] [SEVERE ] removing player 2 token from slot 8
[2022-12-12 21:30:16] [SEVERE ] player 2 placing token on slot 5
[2022-12-12 21:30:16] [SEVERE ] player 2 placing token on slot 10
[2022-12-12 21:30:16] [SEVERE ] player 2 placing token on slot 0
[2022-12-12 21:30:16] [SEVERE ] removing player 2 token from slot 0
[2022-12-12 21:30:16] [SEVERE ] removing player 2 token from slot 5
[2022-12-12 21:30:16] [SEVERE ] removing player 2 token from slot 10
[2022-12-12 21:30:16] [SEVERE ] player 2 placing token on slot 4
[2022-12-12 21:30:17] [SEVERE ] player 2 placing token on slot 1
[2022-12-12 21:30:17] [SEVERE ] player 2 placing token on slot 5
[2022-12-12 21:30:17] [SEVERE ] removing player 2 token from slot 1
[2022-12-12 21:30:17] [SEVERE ] removing player 2 token from slot 4
[2022-12-12 21:30:17] [SEVERE ] removing player 2 token from slot 5
[2022-12-12 21:30:17] [SEVERE ] player 2 placing token on slot 8
[2022-12-12 21:30:17] [SEVERE ] player 2 placing token on slot 7
[2022-12-12 21:30:17] [SEVERE ] player 2 placing token on slot 1
[2022-12-12 21:30:17] [SEVERE ] removing player 2 token from slot 1
[2022-12-12 21:30:17] [SEVERE ] removing player 2 token from slot 7
[2022-12-12 21:30:17] [SEVERE ] removing player 2 token from slot 8
[2022-12-12 21:30:17] [SEVERE ] player 2 placing token on slot 7
[2022-12-12 21:30:17] [SEVERE ] player 2 placing token on slot 0
[2022-12-12 21:30:17] [SEVERE ] player 2 placing token on slot 4
[2022-12-12 21:30:17] [SEVERE ] removing player 2 token from slot 0
[2022-12-12 21:30:17] [SEVERE ] removing player 2 token from slot 4
[2022-12-12 21:30:17] [SEVERE ] removing player 2 token from slot 7
[2022-12-12 21:30:17] [SEVERE ] player 2 placing token on slot 11
[2022-12-12 21:30:17] [SEVERE ] player 2 placing token on slot 6
[2022-12-12 21:30:17] [SEVERE ] player 2 placing token on slot 10
[2022-12-12 21:30:17] [SEVERE ] removing player 2 token from slot 6
[2022-12-12 21:30:17] [SEVERE ] removing player 2 token from slot 10
[2022-12-12 21:30:17] [SEVERE ] removing player 2 token from slot 11
[2022-12-12 21:30:17] [SEVERE ] player 2 placing token on slot 3
[2022-12-12 21:30:17] [SEVERE ] player 2 placing token on slot 1
[2022-12-12 21:30:17] [SEVERE ] player 2 placing token on slot 4
[2022-12-12 21:30:17] [SEVERE ] removing player 2 token from slot 1
[2022-12-12 21:30:17] [SEVERE ] removing player 2 token from slot 3
[2022-12-12 21:30:17] [SEVERE ] removing player 2 token from slot 4
[2022-12-12 21:30:17] [SEVERE ] player 2 placing token on slot 5
[2022-12-12 21:30:17] [SEVERE ] player 2 placing token on slot 10
[2022-12-12 21:30:17] [SEVERE ] player 2 placing token on slot 6
[2022-12-12 21:30:17] [SEVERE ] removing player 2 token from slot 5
[2022-12-12 21:30:17] [SEVERE ] removing player 2 token from slot 6
[2022-12-12 21:30:17] [SEVERE ] removing player 2 token from slot 10
[2022-12-12 21:30:17] [SEVERE ] player 2 placing token on slot 2
[2022-12-12 21:30:17] [SEVERE ] player 2 placing token on slot 8
[2022-12-12 21:30:17] [SEVERE ] player 2 placing token on slot 0
[2022-12-12 21:30:17] [SEVERE ] removing player 2 token from slot 0
[2022-12-12 21:30:17] [SEVERE ] removing player 2 token from slot 2
[2022-12-12 21:30:17] [SEVERE ] removing player 2 token from slot 8
[2022-12-12 21:30:17] [SEVERE ] player 2 placing token on slot 1
[2022-12-12 21:30:17] [SEVERE ] player 2 placing token on slot 5
[2022-12-12 21:30:17] [SEVERE ] player 2 placing token on slot 3
[2022-12-12 21:30:17] [SEVERE ] removing player 2 token from slot 1
[2022-12-12 21:30:17] [SEVERE ] removing player 2 token from slot 3
[2022-12-12 21:30:17] [SEVERE ] removing player 2 token from slot 5
[2022-12-12 21:30:17] [SEVERE ] player 2 placing token on slot 2
[2022-12-12 21:30:17] [SEVERE ] player 2 placing token on slot 7
[2022-12-12 21:30:17] [SEVERE ] player 2 placing token on slot 0
[2022-12-12 21:30:17] [SEVERE ] removing player 2 token from slot 0
[2022-12-12 21:30:17] [SEVERE ] removing player 2 token from slot 2
[2022-12-12 21:30:17] [SEVERE ] removing player 2 token from slot 7
[2022-12-12 21:30:17] [SEVERE ] player 2 placing token on slot 8
[2022-12-12 21:30:17] [SEVERE ] player 2 placing token on slot 5
[2022-12-12 21:30:17] [SEVERE ] player 2 placing token on slot 10
[2022-12-12 21:30:17] [SEVERE ] removing player 2 token from slot 5
[2022-12-12 21:30:17] [SEVERE ] removing player 2 token from slot 8
[2022-12-12 21:30:17] [SEVERE ] removing player 2 token from slot 10
[2022-12-12 21:30:17] [SEVERE ] player 2 placing token on slot 2
[2022-12-12 21:30:17] [SEVERE ] player 2 placing token on slot 7
[2022-12-12 21:30:17] [SEVERE ] player 2 placing token on slot 9
[2022-12-12 21:30:17] [SEVERE ] removing player 2 token from slot 2
[2022-12-12 21:30:17] [SEVERE ] removing player 2 token from slot 7
[2022-12-12 21:30:17] [SEVERE ] removing player 2 token from slot 9
[2022-12-12 21:30:17] [SEVERE ] player 2 placing token on slot 3
[2022-12-12 21:30:17] [SEVERE ] player 2 placing token on slot 2
[2022-12-12 21:30:17] [SEVERE ] player 2 placing token on slot 1
[2022-12-12 21:30:17] [SEVERE ] removing player 2 token from slot 1
[2022-12-12 21:30:18] [SEVERE ] removing player 2 token from slot 2
[2022-12-12 21:30:18] [SEVERE ] removing player 2 token from slot 3
[2022-12-12 21:30:18] [SEVERE ] player 2 placing token on slot 4
[2022-12-12 21:30:18] [SEVERE ] player 2 placing token on slot 0
[2022-12-12 21:30:18] [SEVERE ] player 2 placing token on slot 10
[2022-12-12 21:30:18] [SEVERE ] removing player 2 token from slot 0
[2022-12-12 21:30:18] [SEVERE ] removing player 2 token from slot 4
[2022-12-12 21:30:18] [SEVERE ] removing player 2 token from slot 10
[2022-12-12 21:30:18] [SEVERE ] player 2 placing token on slot 6
[2022-12-12 21:30:18] [SEVERE ] player 2 placing token on slot 3
[2022-12-12 21:30:18] [SEVERE ] player 2 placing token on slot 9
[2022-12-12 21:30:18] [SEVERE ] removing player 2 token from slot 3
[2022-12-12 21:30:18] [SEVERE ] removing player 2 token from slot 6
[2022-12-12 21:30:18] [SEVERE ] removing player 2 token from slot 9
[2022-12-12 21:30:18] [SEVERE ] player 2 placing token on slot 6
[2022-12-12 21:30:18] [SEVERE ] player 2 placing token on slot 4
[2022-12-12 21:30:18] [SEVERE ] player 2 placing token on slot 8
[2022-12-12 21:30:18] [SEVERE ] removing player 2 token from slot 4
[2022-12-12 21:30:18] [SEVERE ] removing player 2 token from slot 6
[2022-12-12 21:30:18] [SEVERE ] removing player 2 token from slot 8
[2022-12-12 21:30:18] [SEVERE ] player 2 placing token on slot 5
[2022-12-12 21:30:18] [SEVERE ] player 2 placing token on slot 10
[2022-12-12 21:30:18] [SEVERE ] player 2 placing token on slot 6
[2022-12-12 21:30:18] [SEVERE ] removing player 2 token from slot 5
[2022-12-12 21:30:18] [SEVERE ] removing player 2 token from slot 6
[2022-12-12 21:30:18] [SEVERE ] removing player 2 token from slot 10
[2022-12-12 21:30:18] [SEVERE ] player 2 placing token on slot 0
[2022-12-12 21:30:18] [SEVERE ] player 2 placing token on slot 7
[2022-12-12 21:30:18] [SEVERE ] player 2 placing token on slot 1
[2022-12-12 21:30:18] [SEVERE ] removing player 2 token from slot 0
[2022-12-12 21:30:18] [SEVERE ] removing player 2 token from slot 1
[2022-12-12 21:30:18] [SEVERE ] removing player 2 token from slot 7
[2022-12-12 21:30:18] [SEVERE ] player 2 placing token on slot 2
[2022-12-12 21:30:18] [SEVERE ] player 2 placing token on slot 5
[2022-12-12 21:30:18] [SEVERE ] player 2 placing token on slot 7
[2022-12-12 21:30:18] [SEVERE ] removing player 2 token from slot 2
[2022-12-12 21:30:18] [SEVERE ] removing player 2 token from slot 5
[2022-12-12 21:30:18] [SEVERE ] removing player 2 token from slot 7
[2022-12-12 21:30:18] [SEVERE ] player 2 placing token on slot 7
[2022-12-12 21:30:18] [SEVERE ] player 2 placing token on slot 0
[2022-12-12 21:30:18] [SEVERE ] player 2 placing token on slot 11
[2022-12-12 21:30:18] [SEVERE ] removing player 2 token from slot 0
[2022-12-12 21:30:18] [SEVERE ] removing player 2 token from slot 7
[2022-12-12 21:30:18] [SEVERE ] removing player 2 token from slot 11
[2022-12-12 21:30:18] [SEVERE ] player 2 placing token on slot 4
[2022-12-12 21:30:18] [SEVERE ] player 2 placing token on slot 6
[2022-12-12 21:30:18] [SEVERE ] player 2 placing token on slot 10
[2022-12-12 21:30:18] [SEVERE ] removing player 2 token from slot 4
[2022-12-12 21:30:18] [SEVERE ] removing player 2 token from slot 6
[2022-12-12 21:30:18] [SEVERE ] removing player 2 token from slot 10
[2022-12-12 21:30:18] [SEVERE ] player 2 placing token on slot 5
[2022-12-12 21:30:18] [SEVERE ] player 2 placing token on slot 9
[2022-12-12 21:30:18] [SEVERE ] player 2 placing token on slot 8
[2022-12-12 21:30:18] [SEVERE ] removing player 2 token from slot 5
[2022-12-12 21:30:18] [SEVERE ] removing player 2 token from slot 8
[2022-12-12 21:30:18] [SEVERE ] removing player 2 token from slot 9
[2022-12-12 21:30:18] [SEVERE ] player 2 placing token on slot 5
[2022-12-12 21:30:18] [SEVERE ] player 2 placing token on slot 11
[2022-12-12 21:30:18] [SEVERE ] player 2 placing token on slot 6
[2022-12-12 21:30:18] [SEVERE ] removing player 2 token from slot 5
[2022-12-12 21:30:18] [SEVERE ] removing player 2 token from slot 6
[2022-12-12 21:30:18] [SEVERE ] removing player 2 token from slot 11
[2022-12-12 21:30:18] [SEVERE ] player 2 placing token on slot 9
[2022-12-12 21:30:19] [SEVERE ] player 2 placing token on slot 6
[2022-12-12 21:30:19] [SEVERE ] player 2 placing token on slot 1
[2022-12-12 21:30:19] [SEVERE ] removing player 2 token from slot 1
[2022-12-12 21:30:19] [SEVERE ] removing player 2 token from slot 6
[2022-12-12 21:30:19] [SEVERE ] removing player 2 token from slot 9
[2022-12-12 21:30:19] [SEVERE ] player 2 placing token on slot 0
[2022-12-12 21:30:19] [SEVERE ] player 2 placing token on slot 1
[2022-12-12 21:30:19] [SEVERE ] player 2 placing token on slot 2
[2022-12-12 21:30:19] [SEVERE ] removing player 2 token from slot 0
[2022-12-12 21:30:19] [SEVERE ] removing player 2 token from slot 1
[2022-12-12 21:30:19] [SEVERE ] removing player 2 token from slot 2
[2022-12-12 21:30:19] [SEVERE ] player 2 placing token on slot 3
[2022-12-12 21:30:19] [SEVERE ] player 2 placing token on slot 10
[2022-12-12 21:30:19] [SEVERE ] player 2 placing token on slot 2
[2022-12-12 21:30:19] [SEVERE ] removing player 2 token from slot 2
[2022-12-12 21:30:19] [SEVERE ] removing player 2 token from slot 3
[2022-12-12 21:30:19] [SEVERE ] removing player 2 token from slot 10
[2022-12-12 21:30:19] [SEVERE ] player 2 placing token on slot 7
[2022-12-12 21:30:19] [SEVERE ] player 2 placing token on slot 5
[2022-12-12 21:30:19] [SEVERE ] player 2 placing token on slot 4
[2022-12-12 21:30:19] [SEVERE ] removing player 2 token from slot 4
[2022-12-12 21:30:19] [SEVERE ] removing player 2 token from slot 5
[2022-12-12 21:30:19] [SEVERE ] removing player 2 token from slot 7
[2022-12-12 21:30:19] [SEVERE ] player 2 placing token on slot 2
[2022-12-12 21:30:19] [SEVERE ] player 2 placing token on slot 7
[2022-12-12 21:30:19] [SEVERE ] player 2 placing token on slot 10
[2022-12-12 21:30:19] [SEVERE ] removing player 2 token from slot 2
[2022-12-12 21:30:19] [SEVERE ] removing player 2 token from slot 7
[2022-12-12 21:30:19] [SEVERE ] removing player 2 token from slot 10
[2022-12-12 21:30:19] [SEVERE ] player 2 placing token on slot 0
[2022-12-12 21:30:19] [SEVERE ] player 2 placing token on slot 1
[2022-12-12 21:30:19] [SEVERE ] player 2 placing token on slot 4
[2022-12-12 21:30:19] [SEVERE ] removing player 2 token from slot 0
[2022-12-12 21:30:19] [SEVERE ] removing player 2 token from slot 1
[2022-12-12 21:30:19] [SEVERE ] removing player 2 token from slot 4
[2022-12-12 21:30:19] [SEVERE ] player 2 placing token on slot 4
[2022-12-12 21:30:19] [SEVERE ] player 2 placing token on slot 3
[2022-12-12 21:30:19] [SEVERE ] player 2 placing token on slot 6
[2022-12-12 21:30:19] [SEVERE ] removing player 2 token from slot 3
[2022-12-12 21:30:19] [SEVERE ] removing player 2 token from slot 4
[2022-12-12 21:30:19] [SEVERE ] removing player 2 token from slot 6
[2022-12-12 21:30:19] [SEVERE ] player 2 placing token on slot 11
[2022-12-12 21:30:19] [SEVERE ] player 2 placing token on slot 2
[2022-12-12 21:30:19] [SEVERE ] player 2 placing token on slot 4
[2022-12-12 21:30:19] [SEVERE ] removing player 2 token from slot 2
[2022-12-12 21:30:19] [SEVERE ] removing player 2 token from slot 4
[2022-12-12 21:30:19] [SEVERE ] removing player 2 token from slot 11
[2022-12-12 21:30:19] [SEVERE ] player 2 placing token on slot 9
[2022-12-12 21:30:19] [SEVERE ] player 2 placing token on slot 1
[2022-12-12 21:30:19] [SEVERE ] player 2 placing token on slot 0
[2022-12-12 21:30:19] [SEVERE ] removing player 2 token from slot 0
[2022-12-12 21:30:19] [SEVERE ] removing player 2 token from slot 1
[2022-12-12 21:30:19] [SEVERE ] removing player 2 token from slot 9
[2022-12-12 21:30:19] [SEVERE ] player 2 placing token on slot 6
[2022-12-12 21:30:19] [SEVERE ] player 2 placing token on slot 8
[2022-12-12 21:30:19] [SEVERE ] player 2 placing token on slot 7
[2022-12-12 21:30:19] [SEVERE ] removing player 2 token from slot 6
[2022-12-12 21:30:19] [SEVERE ] removing player 2 token from slot 7
[2022-12-12 21:30:19] [SEVERE ] removing player 2 token from slot 8
[2022-12-12 21:30:19] [SEVERE ] player 2 placing token on slot 5
[2022-12-12 21:30:19] [SEVERE ] player 2 placing token on slot 6
[2022-12-12 21:30:19] [SEVERE ] player 2 placing token on slot 0
[2022-12-12 21:30:19] [SEVERE ] removing player 2 token from slot 0
[2022-12-12 21:30:19] [SEVERE ] removing player 2 token from slot 5
[2022-12-12 21:30:19] [SEVERE ] removing player 2 token from slot 6
[2022-12-12 21:30:19] [SEVERE ] player 2 placing token on slot 8
[2022-12-12 21:30:19] [SEVERE ] player 2 placing token on slot 1
[2022-12-12 21:30:20] [SEVERE ] player 2 placing token on slot 4
[2022-12-12 21:30:20] [SEVERE ] removing player 2 token from slot 1
[2022-12-12 21:30:20] [SEVERE ] removing player 2 token from slot 4
[2022-12-12 21:30:20] [SEVERE ] removing player 2 token from slot 8
[2022-12-12 21:30:20] [SEVERE ] player 2 placing token on slot 6
[2022-12-12 21:30:20] [SEVERE ] player 2 placing token on slot 1
[2022-12-12 21:30:20] [SEVERE ] player 2 placing token on slot 5
[2022-12-12 21:30:20] [SEVERE ] removing player 2 token from slot 1
[2022-12-12 21:30:20] [SEVERE ] removing player 2 token from slot 5
[2022-12-12 21:30:20] [SEVERE ] removing player 2 token from slot 6
[2022-12-12 21:30:20] [SEVERE ] player 2 placing token on slot 4
[2022-12-12 21:30:20] [SEVERE ] player 2 placing token on slot 11
[2022-12-12 21:30:20] [SEVERE ] player 2 placing token on slot 9
[2022-12-12 21:30:20] [SEVERE ] removing player 2 token from slot 4
[2022-12-12 21:30:20] [SEVERE ] removing player 2 token from slot 9
[2022-12-12 21:30:20] [SEVERE ] removing player 2 token from slot 11
[2022-12-12 21:30:20] [SEVERE ] player 2 placing token on slot 5
[2022-12-12 21:30:20] [SEVERE ] player 2 placing token on slot 2
[2022-12-12 21:30:20] [SEVERE ] player 2 placing token on slot 9
[2022-12-12 21:30:20] [SEVERE ] removing player 2 token from slot 2
[2022-12-12 21:30:20] [SEVERE ] removing player 2 token from slot 5
[2022-12-12 21:30:20] [SEVERE ] removing player 2 token from slot 9
[2022-12-12 21:30:20] [SEVERE ] player 2 placing token on slot 1
[2022-12-12 21:30:20] [SEVERE ] player 2 placing token on slot 4
[2022-12-12 21:30:20] [SEVERE ] player 2 placing token on slot 6
[2022-12-12 21:30:20] [SEVERE ] removing player 2 token from slot 1
[2022-12-12 21:30:20] [SEVERE ] removing player 2 token from slot 4
[2022-12-12 21:30:20] [SEVERE ] removing player 2 token from slot 6
[2022-12-12 21:30:20] [SEVERE ] player 2 placing token on slot 7
[2022-12-12 21:30:20] [SEVERE ] player 2 placing token on slot 10
[2022-12-12 21:30:20] [SEVERE ] player 2 placing token on slot 3
[2022-12-12 21:30:20] [SEVERE ] removing player 2 token from slot 3
[2022-12-12 21:30:20] [SEVERE ] removing player 2 token from slot 7
[2022-12-12 21:30:20] [SEVERE ] removing player 2 token from slot 10
[2022-12-12 21:30:20] [SEVERE ] player 2 placing token on slot 4
[2022-12-12 21:30:20] [SEVERE ] player 2 placing token on slot 3
[2022-12-12 21:30:20] [SEVERE ] player 2 placing token on slot 10
[2022-12-12 21:30:20] [SEVERE ] removing player 2 token from slot 3
[2022-12-12 21:30:20] [SEVERE ] removing player 2 token from slot 4
[2022-12-12 21:30:20] [SEVERE ] removing player 2 token from slot 10
[2022-12-12 21:30:20] [SEVERE ] player 2 placing token on slot 9
[2022-12-12 21:30:20] [SEVERE ] player 2 placing token on slot 11
[2022-12-12 21:30:20] [SEVERE ] player 2 placing token on slot 1
[2022-12-12 21:30:20] [SEVERE ] removing player 2 token from slot 1
[2022-12-12 21:30:20] [SEVERE ] removing player 2 token from slot 9
[2022-12-12 21:30:20] [SEVERE ] removing player 2 token from slot 11
[2022-12-12 21:30:20] [SEVERE ] player 2 placing token on slot 7
[2022-12-12 21:30:20] [SEVERE ] player 2 placing token on slot 10
[2022-12-12 21:30:20] [SEVERE ] player 2 placing token on slot 2
[2022-12-12 21:30:20] [SEVERE ] removing player 2 token from slot 2
[2022-12-12 21:30:20] [SEVERE ] removing player 2 token from slot 7
[2022-12-12 21:30:20] [SEVERE ] removing player 2 token from slot 10
[2022-12-12 21:30:20] [SEVERE ] player 2 placing token on slot 5
[2022-12-12 21:30:20] [SEVERE ] player 2 placing token on slot 10
[2022-12-12 21:30:20] [SEVERE ] player 2 placing token on slot 8
[2022-12-12 21:30:20] [SEVERE ] removing player 2 token from slot 5
[2022-12-12 21:30:20] [SEVERE ] removing player 2 token from slot 8
[2022-12-12 21:30:20] [SEVERE ] removing player 2 token from slot 10
[2022-12-12 21:30:20] [SEVERE ] player 2 placing token on slot 11
[2022-12-12 21:30:20] [SEVERE ] player 2 placing token on slot 4
[2022-12-12 21:30:20] [SEVERE ] player 2 placing token on slot 3
[2022-12-12 21:30:20] [SEVERE ] removing player 2 token from slot 3
[2022-12-12 21:30:20] [SEVERE ] removing player 2 token from slot 4
[2022-12-12 21:30:20] [SEVERE ] removing player 2 token from slot 11
[2022-12-12 21:30:20] [SEVERE ] player 2 placing token on slot 11
[2022-12-12 21:30:20] [SEVERE ] player 2 placing token on slot 8
[2022-12-12 21:30:20] [SEVERE ] player 2 placing token on slot 7
[2022-12-12 21:30:21] [SEVERE ] removing player 2 token from slot 7
[2022-12-12 21:30:21] [SEVERE ] removing player 2 token from slot 8
[2022-12-12 21:30:21] [SEVERE ] removing player 2 token from slot 11
[2022-12-12 21:30:21] [SEVERE ] player 2 placing token on slot 9
[2022-12-12 21:30:21] [SEVERE ] player 2 placing token on slot 1
[2022-12-12 21:30:21] [SEVERE ] player 2 placing token on slot 7
[2022-12-12 21:30:21] [SEVERE ] removing player 2 token from slot 1
[2022-12-12 21:30:21] [SEVERE ] removing player 2 token from slot 7
[2022-12-12 21:30:21] [SEVERE ] removing player 2 token from slot 9
[2022-12-12 21:30:21] [SEVERE ] player 2 placing token on slot 10
[2022-12-12 21:30:21] [SEVERE ] player 2 placing token on slot 6
[2022-12-12 21:30:21] [SEVERE ] player 2 placing token on slot 0
[2022-12-12 21:30:21] [SEVERE ] removing player 2 token from slot 0
[2022-12-12 21:30:21] [SEVERE ] removing player 2 token from slot 6
[2022-12-12 21:30:21] [SEVERE ] removing player 2 token from slot 10
[2022-12-12 21:30:21] [SEVERE ] player 2 placing token on slot 6
[2022-12-12 21:30:21] [SEVERE ] player 2 placing token on slot 10
[2022-12-12 21:30:21] [SEVERE ] player 2 placing token on slot 7
[2022-12-12 21:30:21] [SEVERE ] removing player 2 token from slot 6
[2022-12-12 21:30:21] [SEVERE ] removing player 2 token from slot 7
[2022-12-12 21:30:21] [SEVERE ] removing player 2 token from slot 10
[2022-12-12 21:30:21] [SEVERE ] player 2 placing token on slot 0
[2022-12-12 21:30:21] [SEVERE ] player 2 placing token on slot 5
[2022-12-12 21:30:21] [SEVERE ] player 2 placing token on slot 8
[2022-12-12 21:30:21] [SEVERE ] removing player 2 token from slot 0
[2022-12-12 21:30:21] [SEVERE ] removing player 2 token from slot 5
[2022-12-12 21:30:21] [SEVERE ] removing player 2 token from slot 8
[2022-12-12 21:30:21] [SEVERE ] player 2 placing token on slot 6
[2022-12-12 21:30:21] [SEVERE ] player 2 placing token on slot 0
[2022-12-12 21:30:21] [SEVERE ] player 2 placing token on slot 7
[2022-12-12 21:30:21] [SEVERE ] removing player 2 token from slot 0
[2022-12-12 21:30:21] [SEVERE ] removing player 2 token from slot 6
[2022-12-12 21:30:21] [SEVERE ] removing player 2 token from slot 7
[2022-12-12 21:30:21] [SEVERE ] player 2 placing token on slot 10
[2022-12-12 21:30:21] [SEVERE ] player 2 placing token on slot 1
[2022-12-12 21:30:21] [SEVERE ] player 2 placing token on slot 11
[2022-12-12 21:30:21] [SEVERE ] removing player 2 token from slot 1
[2022-12-12 21:30:21] [SEVERE ] removing player 2 token from slot 10
[2022-12-12 21:30:21] [SEVERE ] removing player 2 token from slot 11
[2022-12-12 21:30:21] [SEVERE ] player 2 placing token on slot 3
[2022-12-12 21:30:21] [SEVERE ] player 2 placing token on slot 7
[2022-12-12 21:30:21] [SEVERE ] player 2 placing token on slot 11
[2022-12-12 21:30:21] [SEVERE ] removing player 2 token from slot 3
[2022-12-12 21:30:21] [SEVERE ] removing player 2 token from slot 7
[2022-12-12 21:30:21] [SEVERE ] removing player 2 token from slot 11
[2022-12-12 21:30:21] [SEVERE ] player 2 placing token on slot 5
[2022-12-12 21:30:21] [SEVERE ] player 2 placing token on slot 1
[2022-12-12 21:30:21] [SEVERE ] player 2 placing token on slot 10
[2022-12-12 21:30:21] [SEVERE ] removing player 2 token from slot 1
[2022-12-12 21:30:21] [SEVERE ] removing player 2 token from slot 5
[2022-12-12 21:30:21] [SEVERE ] removing player 2 token from slot 10
[2022-12-12 21:30:21] [SEVERE ] player 2 placing token on slot 8
[2022-12-12 21:30:21] [SEVERE ] player 2 placing token on slot 3
[2022-12-12 21:30:21] [SEVERE ] player 2 placing token on slot 5
[2022-12-12 21:30:21] [SEVERE ] removing player 2 token from slot 3
[2022-12-12 21:30:21] [SEVERE ] removing player 2 token from slot 5
[2022-12-12 21:30:21] [SEVERE ] removing player 2 token from slot 8
[2022-12-12 21:30:21] [SEVERE ] player 2 placing token on slot 3
[2022-12-12 21:30:21] [SEVERE ] player 2 placing token on slot 7
[2022-12-12 21:30:21] [SEVERE ] player 2 placing token on slot 1
[2022-12-12 21:30:21] [SEVERE ] removing player 2 token from slot 1
[2022-12-12 21:30:21] [SEVERE ] removing player 2 token from slot 3
[2022-12-12 21:30:21] [SEVERE ] removing player 2 token from slot 7
[2022-12-12 21:30:21] [SEVERE ] player 2 placing token on slot 4
[2022-12-12 21:30:21] [SEVERE ] player 2 placing token on slot 9
[2022-12-12 21:30:21] [SEVERE ] player 2 placing token on slot 11
[2022-12-12 21:30:21] [SEVERE ] removing player 2 token from slot 4
[2022-12-12 21:30:21] [SEVERE ] removing player 2 token from slot 9
[2022-12-12 21:30:21] [SEVERE ] removing player 2 token from slot 11
[2022-12-12 21:30:22] [SEVERE ] player 2 placing token on slot 7
[2022-12-12 21:30:22] [SEVERE ] player 2 placing token on slot 8
[2022-12-12 21:30:22] [SEVERE ] player 2 placing token on slot 2
[2022-12-12 21:30:22] [SEVERE ] removing player 2 token from slot 2
[2022-12-12 21:30:22] [SEVERE ] removing player 2 token from slot 7
[2022-12-12 21:30:22] [SEVERE ] removing player 2 token from slot 8
[2022-12-12 21:30:22] [SEVERE ] player 2 placing token on slot 0
[2022-12-12 21:30:22] [SEVERE ] player 2 placing token on slot 5
[2022-12-12 21:30:22] [SEVERE ] player 2 placing token on slot 10
[2022-12-12 21:30:22] [SEVERE ] removing player 2 token from slot 0
[2022-12-12 21:30:22] [SEVERE ] removing player 2 token from slot 5
[2022-12-12 21:30:22] [SEVERE ] removing player 2 token from slot 10
[2022-12-12 21:30:22] [SEVERE ] player 2 placing token on slot 7
[2022-12-12 21:30:22] [SEVERE ] player 2 placing token on slot 0
[2022-12-12 21:30:22] [SEVERE ] player 2 placing token on slot 1
[2022-12-12 21:30:22] [SEVERE ] removing player 2 token from slot 0
[2022-12-12 21:30:22] [SEVERE ] removing player 2 token from slot 1
[2022-12-12 21:30:22] [SEVERE ] removing player 2 token from slot 7
[2022-12-12 21:30:22] [SEVERE ] player 2 placing token on slot 11
[2022-12-12 21:30:22] [SEVERE ] player 2 placing token on slot 6
[2022-12-12 21:30:22] [SEVERE ] player 2 placing token on slot 0
[2022-12-12 21:30:22] [SEVERE ] removing player 2 token from slot 0
[2022-12-12 21:30:22] [SEVERE ] removing player 2 token from slot 6
[2022-12-12 21:30:22] [SEVERE ] removing player 2 token from slot 11
[2022-12-12 21:30:22] [SEVERE ] player 2 placing token on slot 2
[2022-12-12 21:30:22] [SEVERE ] player 2 placing token on slot 11
[2022-12-12 21:30:22] [SEVERE ] player 2 placing token on slot 10
[2022-12-12 21:30:22] [SEVERE ] removing player 2 token from slot 2
[2022-12-12 21:30:22] [SEVERE ] removing player 2 token from slot 10
[2022-12-12 21:30:22] [SEVERE ] removing player 2 token from slot 11
[2022-12-12 21:30:22] [SEVERE ] player 2 placing token on slot 10
[2022-12-12 21:30:22] [SEVERE ] player 2 placing token on slot 11
[2022-12-12 21:30:22] [SEVERE ] player 2 placing token on slot 8
[2022-12-12 21:30:22] [SEVERE ] removing player 2 token from slot 8
[2022-12-12 21:30:22] [SEVERE ] removing player 2 token from slot 10
[2022-12-12 21:30:22] [SEVERE ] removing player 2 token from slot 11
[2022-12-12 21:30:22] [SEVERE ] player 2 placing token on slot 11
[2022-12-12 21:30:22] [SEVERE ] player 2 placing token on slot 2
[2022-12-12 21:30:22] [SEVERE ] player 2 placing token on slot 6
[2022-12-12 21:30:22] [SEVERE ] removing player 2 token from slot 2
[2022-12-12 21:30:22] [SEVERE ] removing player 2 token from slot 6
[2022-12-12 21:30:22] [SEVERE ] removing player 2 token from slot 11
[2022-12-12 21:30:22] [SEVERE ] player 2 placing token on slot 11
[2022-12-12 21:30:22] [SEVERE ] player 2 placing token on slot 0
[2022-12-12 21:30:22] [SEVERE ] player 2 placing token on slot 1
[2022-12-12 21:30:22] [SEVERE ] removing player 2 token from slot 0
[2022-12-12 21:30:22] [SEVERE ] removing player 2 token from slot 1
[2022-12-12 21:30:22] [SEVERE ] removing player 2 token from slot 11
[2022-12-12 21:30:22] [SEVERE ] player 2 placing token on slot 3
[2022-12-12 21:30:22] [SEVERE ] player 2 placing token on slot 2
[2022-12-12 21:30:22] [SEVERE ] player 2 placing token on slot 6
[2022-12-12 21:30:22] [SEVERE ] removing player 2 token from slot 2
[2022-12-12 21:30:22] [SEVERE ] removing player 2 token from slot 3
[2022-12-12 21:30:22] [SEVERE ] removing player 2 token from slot 6
[2022-12-12 21:30:22] [SEVERE ] player 2 placing token on slot 0
[2022-12-12 21:30:22] [SEVERE ] player 2 placing token on slot 5
[2022-12-12 21:30:22] [SEVERE ] player 2 placing token on slot 1
[2022-12-12 21:30:22] [SEVERE ] removing player 2 token from slot 0
[2022-12-12 21:30:22] [SEVERE ] removing player 2 token from slot 1
[2022-12-12 21:30:22] [SEVERE ] removing player 2 token from slot 5
[2022-12-12 21:30:22] [SEVERE ] player 2 placing token on slot 7
[2022-12-12 21:30:23] [SEVERE ] player 2 placing token on slot 11
[2022-12-12 21:30:23] [SEVERE ] player 2 placing token on slot 3
[2022-12-12 21:30:23] [SEVERE ] removing player 2 token from slot 3
[2022-12-12 21:30:23] [SEVERE ] removing player 2 token from slot 7
[2022-12-12 21:30:23] [SEVERE ] removing player 2 token from slot 11
[2022-12-12 21:30:23] [SEVERE ] player 2 placing token on slot 1
[2022-12-12 21:30:23] [SEVERE ] player 2 placing token on slot 8
[2022-12-12 21:30:23] [SEVERE ] player 2 placing token on slot 2
[2022-12-12 21:30:23] [SEVERE ] removing player 2 token from slot 1
[2022-12-12 21:30:23] [SEVERE ] removing player 2 token from slot 2
[2022-12-12 21:30:23] [SEVERE ] removing player 2 token from slot 8
[2022-12-12 21:30:23] [SEVERE ] player 2 placing token on slot 9
[2022-12-12 21:30:23] [SEVERE ] player 2 placing token on slot 5
[2022-12-12 21:30:23] [SEVERE ] player 2 placing token on slot 1
[2022-12-12 21:30:23] [SEVERE ] removing player 2 token from slot 1
[2022-12-12 21:30:23] [SEVERE ] removing player 2 token from slot 5
[2022-12-12 21:30:23] [SEVERE ] removing player 2 token from slot 9
[2022-12-12 21:30:23] [SEVERE ] player 2 placing token on slot 8
[2022-12-12 21:30:23] [SEVERE ] player 2 placing token on slot 6
[2022-12-12 21:30:23] [SEVERE ] player 2 placing token on slot 7
[2022-12-12 21:30:23] [SEVERE ] removing player 2 token from slot 6
[2022-12-12 21:30:23] [SEVERE ] removing player 2 token from slot 7
[2022-12-12 21:30:23] [SEVERE ] removing player 2 token from slot 8
[2022-12-12 21:30:23] [SEVERE ] player 2 placing token on slot 11
[2022-12-12 21:30:23] [SEVERE ] player 2 placing token on slot 0
[2022-12-12 21:30:23] [SEVERE ] player 2 placing token on slot 5
[2022-12-12 21:30:23] [SEVERE ] removing player 2 token from slot 0
[2022-12-12 21:30:23] [SEVERE ] removing player 2 token from slot 5
[2022-12-12 21:30:23] [SEVERE ] removing player 2 token from slot 11
[2022-12-12 21:30:23] [SEVERE ] player 2 placing token on slot 6
[2022-12-12 21:30:23] [SEVERE ] player 2 placing token on slot 10
[2022-12-12 21:30:23] [SEVERE ] player 2 placing token on slot 4
[2022-12-12 21:30:23] [SEVERE ] removing player 2 token from slot 4
[2022-12-12 21:30:23] [SEVERE ] removing player 2 token from slot 6
[2022-12-12 21:30:23] [SEVERE ] removing player 2 token from slot 10
[2022-12-12 21:30:23] [SEVERE ] player 2 placing token on slot 2
[2022-12-12 21:30:23] [SEVERE ] player 2 placing token on slot 5
[2022-12-12 21:30:23] [SEVERE ] player 2 placing token on slot 0
[2022-12-12 21:30:23] [SEVERE ] removing player 2 token from slot 0
[2022-12-12 21:30:23] [SEVERE ] removing player 2 token from slot 2
[2022-12-12 21:30:23] [SEVERE ] removing player 2 token from slot 5
[2022-12-12 21:30:23] [SEVERE ] player 2 placing token on slot 10
[2022-12-12 21:30:23] [SEVERE ] player 2 placing token on slot 3
[2022-12-12 21:30:23] [SEVERE ] player 2 placing token on slot 9
[2022-12-12 21:30:23] [SEVERE ] removing player 2 token from slot 3
[2022-12-12 21:30:23] [SEVERE ] removing player 2 token from slot 9
[2022-12-12 21:30:23] [SEVERE ] removing player 2 token from slot 10
[2022-12-12 21:30:23] [SEVERE ] player 2 placing token on slot 9
[2022-12-12 21:30:23] [SEVERE ] player 2 placing token on slot 4
[2022-12-12 21:30:23] [SEVERE ] player 2 placing token on slot 8
[2022-12-12 21:30:23] [SEVERE ] removing player 2 token from slot 4
[2022-12-12 21:30:23] [SEVERE ] removing player 2 token from slot 8
[2022-12-12 21:30:23] [SEVERE ] removing player 2 token from slot 9
[2022-12-12 21:30:23] [SEVERE ] player 2 placing token on slot 7
[2022-12-12 21:30:23] [SEVERE ] player 2 placing token on slot 11
[2022-12-12 21:30:23] [SEVERE ] player 2 placing token on slot 10
[2022-12-12 21:30:23] [SEVERE ] removing player 2 token from slot 7
[2022-12-12 21:30:23] [SEVERE ] removing player 2 token from slot 10
[2022-12-12 21:30:23] [SEVERE ] removing player 2 token from slot 11
[2022-12-12 21:30:23] [SEVERE ] player 2 placing token on slot 5
[2022-12-12 21:30:23] [SEVERE ] player 2 placing token on slot 4
[2022-12-12 21:30:24] [SEVERE ] player 2 placing token on slot 8
[2022-12-12 21:30:24] [SEVERE ] removing player 2 token from slot 4
[2022-12-12 21:30:24] [SEVERE ] removing player 2 token from slot 5
[2022-12-12 21:30:24] [SEVERE ] removing player 2 token from slot 8
[2022-12-12 21:30:24] [SEVERE ] player 2 placing token on slot 7
[2022-12-12 21:30:24] [SEVERE ] player 2 placing token on slot 6
[2022-12-12 21:30:24] [SEVERE ] player 2 placing token on slot 9
[2022-12-12 21:30:24] [SEVERE ] removing player 2 token from slot 6
[2022-12-12 21:30:24] [SEVERE ] removing player 2 token from slot 7
[2022-12-12 21:30:24] [SEVERE ] removing player 2 token from slot 9
[2022-12-12 21:30:24] [SEVERE ] player 2 placing token on slot 8
[2022-12-12 21:30:24] [SEVERE ] player 2 placing token on slot 9
[2022-12-12 21:30:24] [SEVERE ] player 2 placing token on slot 6
[2022-12-12 21:30:24] [SEVERE ] removing player 2 token from slot 6
[2022-12-12 21:30:24] [SEVERE ] removing player 2 token from slot 8
[2022-12-12 21:30:24] [SEVERE ] removing player 2 token from slot 9
[2022-12-12 21:30:24] [SEVERE ] player 2 placing token on slot 11
[2022-12-12 21:30:24] [SEVERE ] player 2 placing token on slot 1
[2022-12-12 21:30:24] [SEVERE ] player 2 placing token on slot 9
[2022-12-12 21:30:24] [SEVERE ] removing player 2 token from slot 1
[2022-12-12 21:30:24] [SEVERE ] removing player 2 token from slot 9
[2022-12-12 21:30:24] [SEVERE ] removing player 2 token from slot 11
[2022-12-12 21:30:24] [SEVERE ] player 2 placing token on slot 10
[2022-12-12 21:30:24] [SEVERE ] player 2 placing token on slot 0
[2022-12-12 21:30:24] [SEVERE ] player 2 placing token on slot 9
[2022-12-12 21:30:24] [SEVERE ] removing player 2 token from slot 0
[2022-12-12 21:30:24] [SEVERE ] removing player 2 token from slot 9
[2022-12-12 21:30:24] [SEVERE ] removing player 2 token from slot 10
[2022-12-12 21:30:24] [SEVERE ] player 2 placing token on slot 4
[2022-12-12 21:30:24] [SEVERE ] player 2 placing token on slot 1
[2022-12-12 21:30:24] [SEVERE ] player 2 placing token on slot 5
[2022-12-12 21:30:24] [SEVERE ] removing player 2 token from slot 1
[2022-12-12 21:30:24] [SEVERE ] removing player 2 token from slot 4
[2022-12-12 21:30:24] [SEVERE ] removing player 2 token from slot 5
[2022-12-12 21:30:24] [SEVERE ] player 2 placing token on slot 7
[2022-12-12 21:30:24] [SEVERE ] player 2 placing token on slot 0
[2022-12-12 21:30:24] [SEVERE ] player 2 placing token on slot 3
[2022-12-12 21:30:24] [SEVERE ] removing player 2 token from slot 0
[2022-12-12 21:30:24] [SEVERE ] removing player 2 token from slot 3
[2022-12-12 21:30:24] [SEVERE ] removing player 2 token from slot 7
[2022-12-12 21:30:24] [SEVERE ] player 2 placing token on slot 0
[2022-12-12 21:30:24] [SEVERE ] player 2 placing token on slot 11
[2022-12-12 21:30:24] [SEVERE ] player 2 placing token on slot 8
[2022-12-12 21:30:24] [SEVERE ] removing player 2 token from slot 0
[2022-12-12 21:30:24] [SEVERE ] removing player 2 token from slot 8
[2022-12-12 21:30:24] [SEVERE ] removing player 2 token from slot 11
[2022-12-12 21:30:24] [SEVERE ] player 2 placing token on slot 7
[2022-12-12 21:30:24] [SEVERE ] player 2 placing token on slot 4
[2022-12-12 21:30:24] [SEVERE ] player 2 placing token on slot 5
[2022-12-12 21:30:24] [SEVERE ] removing player 2 token from slot 4
[2022-12-12 21:30:24] [SEVERE ] removing player 2 token from slot 5
[2022-12-12 21:30:24] [SEVERE ] removing player 2 token from slot 7
[2022-12-12 21:30:24] [SEVERE ] player 2 placing token on slot 10
[2022-12-12 21:30:24] [SEVERE ] player 2 placing token on slot 5
[2022-12-12 21:30:24] [SEVERE ] player 2 placing token on slot 2
[2022-12-12 21:30:24] [SEVERE ] removing player 2 token from slot 2
[2022-12-12 21:30:24] [SEVERE ] removing player 2 token from slot 5
[2022-12-12 21:30:24] [SEVERE ] removing player 2 token from slot 10
[2022-12-12 21:30:24] [SEVERE ] player 2 placing token on slot 11
[2022-12-12 21:30:24] [SEVERE ] player 2 placing token on slot 10
[2022-12-12 21:30:24] [SEVERE ] player 2 placing token on slot 5
[2022-12-12 21:30:24] [SEVERE ] removing player 2 token from slot 5
[2022-12-12 21:30:24] [SEVERE ] removing player 2 token from slot 10
[2022-12-12 21:30:24] [SEVERE ] removing player 2 token from slot 11
[2022-12-12 21:30:24] [SEVERE ] player 2 placing token on slot 6
[2022-12-12 21:30:25] [SEVERE ] player 2 placing token on slot 2
[2022-12-12 21:30:25] [SEVERE ] player 2 placing token on slot 10
[2022-12-12 21:30:25] [SEVERE ] removing player 2 token from slot 2
[2022-12-12 21:30:25] [SEVERE ] removing player 2 token from slot 6
[2022-12-12 21:30:25] [SEVERE ] removing player 2 token from slot 10
[2022-12-12 21:30:25] [SEVERE ] player 2 placing token on slot 11
[2022-12-12 21:30:25] [SEVERE ] player 2 placing token on slot 10
[2022-12-12 21:30:25] [SEVERE ] player 2 placing token on slot 5
[2022-12-12 21:30:25] [SEVERE ] removing player 2 token from slot 5
[2022-12-12 21:30:25] [SEVERE ] removing player 2 token from slot 10
[2022-12-12 21:30:25] [SEVERE ] removing player 2 token from slot 11
[2022-12-12 21:30:25] [SEVERE ] player 2 placing token on slot 11
[2022-12-12 21:30:25] [SEVERE ] player 2 placing token on slot 6
[2022-12-12 21:30:25] [SEVERE ] player 2 placing token on slot 1
[2022-12-12 21:30:25] [SEVERE ] removing player 2 token from slot 1
[2022-12-12 21:30:25] [SEVERE ] removing player 2 token from slot 6
[2022-12-12 21:30:25] [SEVERE ] removing player 2 token from slot 11
[2022-12-12 21:30:25] [SEVERE ] player 2 placing token on slot 0
[2022-12-12 21:30:25] [SEVERE ] player 2 placing token on slot 10
[2022-12-12 21:30:25] [SEVERE ] player 2 placing token on slot 4
[2022-12-12 21:30:25] [SEVERE ] removing player 2 token from slot 0
[2022-12-12 21:30:25] [SEVERE ] removing player 2 token from slot 4
[2022-12-12 21:30:25] [SEVERE ] removing player 2 token from slot 10
[2022-12-12 21:30:25] [SEVERE ] player 2 placing token on slot 8
[2022-12-12 21:30:25] [SEVERE ] player 2 placing token on slot 1
[2022-12-12 21:30:25] [SEVERE ] player 2 placing token on slot 2
[2022-12-12 21:30:25] [SEVERE ] removing player 2 token from slot 1
[2022-12-12 21:30:25] [SEVERE ] removing player 2 token from slot 2
[2022-12-12 21:30:25] [SEVERE ] removing player 2 token from slot 8
[2022-12-12 21:30:25] [SEVERE ] player 2 placing token on slot 4
[2022-12-12 21:30:25] [SEVERE ] player 2 placing token on slot 10
[2022-12-12 21:30:25] [SEVERE ] player 2 placing token on slot 5
[2022-12-12 21:30:25] [SEVERE ] removing player 2 token from slot 4
[2022-12-12 21:30:25] [SEVERE ] removing player 2 token from slot 5
[2022-12-12 21:30:25] [SEVERE ] removing player 2 token from slot 10
[2022-12-12 21:30:25] [SEVERE ] player 2 placing token on slot 11
[2022-12-12 21:30:25] [SEVERE ] player 2 placing token on slot 3
[2022-12-12 21:30:25] [SEVERE ] player 2 placing token on slot 8
[2022-12-12 21:30:25] [SEVERE ] removing player 2 token from slot 3
[2022-12-12 21:30:25] [SEVERE ] removing player 2 token from slot 8
[2022-12-12 21:30:25] [SEVERE ] removing player 2 token from slot 11
[2022-12-12 21:30:25] [SEVERE ] player 2 placing token on slot 6
[2022-12-12 21:30:25] [SEVERE ] player 2 placing token on slot 10
[2022-12-12 21:30:25] [SEVERE ] player 2 placing token on slot 7
[2022-12-12 21:30:25] [SEVERE ] removing player 2 token from slot 6
[2022-12-12 21:30:25] [SEVERE ] removing player 2 token from slot 7
[2022-12-12 21:30:25] [SEVERE ] removing player 2 token from slot 10
[2022-12-12 21:30:25] [SEVERE ] player 2 placing token on slot 3
[2022-12-12 21:30:25] [SEVERE ] player 2 placing token on slot 11
[2022-12-12 21:30:25] [SEVERE ] player 2 placing token on slot 0
[2022-12-12 21:30:25] [SEVERE ] removing player 2 token from slot 0
[2022-12-12 21:30:25] [SEVERE ] removing player 2 token from slot 3
[2022-12-12 21:30:25] [SEVERE ] removing player 2 token from slot 11
[2022-12-12 21:30:25] [SEVERE ] player 2 placing token on slot 7
[2022-12-12 21:30:25] [SEVERE ] player 2 placing token on slot 5
[2022-12-12 21:30:25] [SEVERE ] player 2 placing token on slot 8
[2022-12-12 21:30:25] [SEVERE ] removing player 2 token from slot 5
[2022-12-12 21:30:25] [SEVERE ] removing player 2 token from slot 7
[2022-12-12 21:30:25] [SEVERE ] removing player 2 token from slot 8
[2022-12-12 21:30:25] [SEVERE ] player 2 placing token on slot 3
[2022-12-12 21:30:25] [SEVERE ] player 2 placing token on slot 1
[2022-12-12 21:30:25] [SEVERE ] player 2 placing token on slot 9
[2022-12-12 21:30:25] [SEVERE ] removing player 2 token from slot 1
[2022-12-12 21:30:25] [SEVERE ] removing player 2 token from slot 3
[2022-12-12 21:30:25] [SEVERE ] removing player 2 token from slot 9
[2022-12-12 21:30:26] [SEVERE ] player 2 placing token on slot 11
[2022-12-12 21:30:26] [SEVERE ] player 2 placing token on slot 2
[2022-12-12 21:30:26] [SEVERE ] player 2 placing token on slot 0
[2022-12-12 21:30:26] [SEVERE ] removing player 2 token from slot 0
[2022-12-12 21:30:26] [SEVERE ] removing player 2 token from slot 2
[2022-12-12 21:30:26] [SEVERE ] removing player 2 token from slot 11
[2022-12-12 21:30:26] [SEVERE ] player 2 placing token on slot 7
[2022-12-12 21:30:26] [SEVERE ] player 2 placing token on slot 6
[2022-12-12 21:30:26] [SEVERE ] player 2 placing token on slot 4
[2022-12-12 21:30:26] [SEVERE ] removing player 2 token from slot 4
[2022-12-12 21:30:26] [SEVERE ] removing player 2 token from slot 6
[2022-12-12 21:30:26] [SEVERE ] removing player 2 token from slot 7
[2022-12-12 21:30:26] [SEVERE ] player 2 placing token on slot 1
[2022-12-12 21:30:26] [SEVERE ] player 2 placing token on slot 9
[2022-12-12 21:30:26] [SEVERE ] player 2 placing token on slot 2
[2022-12-12 21:30:26] [SEVERE ] removing player 2 token from slot 1
[2022-12-12 21:30:26] [SEVERE ] removing player 2 token from slot 2
[2022-12-12 21:30:26] [SEVERE ] removing player 2 token from slot 9
[2022-12-12 21:30:26] [SEVERE ] player 2 placing token on slot 1
[2022-12-12 21:30:26] [SEVERE ] player 2 placing token on slot 5
[2022-12-12 21:30:26] [SEVERE ] player 2 placing token on slot 3
[2022-12-12 21:30:26] [SEVERE ] removing player 2 token from slot 1
[2022-12-12 21:30:26] [SEVERE ] removing player 2 token from slot 3
[2022-12-12 21:30:26] [SEVERE ] removing player 2 token from slot 5
[2022-12-12 21:30:26] [SEVERE ] player 2 placing token on slot 5
[2022-12-12 21:30:26] [SEVERE ] player 2 placing token on slot 8
[2022-12-12 21:30:26] [SEVERE ] player 2 placing token on slot 9
[2022-12-12 21:30:26] [SEVERE ] removing player 2 token from slot 5
[2022-12-12 21:30:26] [SEVERE ] removing player 2 token from slot 8
[2022-12-12 21:30:26] [SEVERE ] removing player 2 token from slot 9
[2022-12-12 21:30:26] [SEVERE ] player 2 placing token on slot 9
[2022-12-12 21:30:26] [SEVERE ] player 2 placing token on slot 3
[2022-12-12 21:30:26] [SEVERE ] player 2 placing token on slot 7
[2022-12-12 21:30:26] [SEVERE ] removing player 2 token from slot 3
[2022-12-12 21:30:26] [SEVERE ] removing player 2 token from slot 7
[2022-12-12 21:30:26] [SEVERE ] removing player 2 token from slot 9
[2022-12-12 21:30:26] [SEVERE ] player 2 placing token on slot 3
[2022-12-12 21:30:26] [SEVERE ] player 2 placing token on slot 1
[2022-12-12 21:30:26] [SEVERE ] player 2 placing token on slot 10
[2022-12-12 21:30:26] [SEVERE ] removing player 2 token from slot 1
[2022-12-12 21:30:26] [SEVERE ] removing player 2 token from slot 3
[2022-12-12 21:30:26] [SEVERE ] removing player 2 token from slot 10
[2022-12-12 21:30:26] [SEVERE ] player 2 placing token on slot 9
[2022-12-12 21:30:26] [SEVERE ] player 2 placing token on slot 8
[2022-12-12 21:30:26] [SEVERE ] player 2 placing token on slot 0
[2022-12-12 21:30:26] [SEVERE ] removing player 2 token from slot 0
[2022-12-12 21:30:26] [SEVERE ] removing player 2 token from slot 8
[2022-12-12 21:30:26] [SEVERE ] removing player 2 token from slot 9
[2022-12-12 21:30:26] [SEVERE ] player 2 placing token on slot 7
[2022-12-12 21:30:26] [SEVERE ] player 2 placing token on slot 10
[2022-12-12 21:30:26] [SEVERE ] player 2 placing token on slot 0
[2022-12-12 21:30:26] [SEVERE ] removing player 2 token from slot 0
[2022-12-12 21:30:26] [SEVERE ] removing player 2 token from slot 7
[2022-12-12 21:30:26] [SEVERE ] removing player 2 token from slot 10
[2022-12-12 21:30:26] [SEVERE ] player 2 placing token on slot 7
[2022-12-12 21:30:26] [SEVERE ] player 2 placing token on slot 2
[2022-12-12 21:30:26] [SEVERE ] player 2 placing token on slot 6
[2022-12-12 21:30:27] [SEVERE ] removing tokens from slot 2
[2022-12-12 21:30:27] [SEVERE ] removing card from slot 2
[2022-12-12 21:30:27] [SEVERE ] removing tokens from slot 6
[2022-12-12 21:30:27] [SEVERE ] removing card from slot 6
[2022-12-12 21:30:27] [SEVERE ] removing tokens from slot 7
[2022-12-12 21:30:27] [SEVERE ] removing card from slot 7
[2022-12-12 21:30:27] [SEVERE ] setting player 2 score to 1
[2022-12-12 21:30:27] [SEVERE ] player 2 placing token on slot 3
[2022-12-12 21:30:27] [SEVERE ] placing card 24 in slot 2
[2022-12-12 21:30:27] [SEVERE ] player 2 placing token on slot 2
[2022-12-12 21:30:27] [SEVERE ] player 2 placing token on slot 1
[2022-12-12 21:30:27] [SEVERE ] placing card 64 in slot 6
[2022-12-12 21:30:27] [SEVERE ] placing card 52 in slot 7
