[2022-12-13 01:36:45] [INFO   ] cannot read configuration file config.properties trying from resources.
[2022-12-13 01:36:45] [INFO   ] configuration file was loaded from resources directory.
[2022-12-13 01:36:46] [INFO   ] Thread Thread-0starting.
[2022-12-13 01:36:46] [INFO   ] Thread Thread-3starting.
[2022-12-13 01:36:46] [INFO   ] Thread Thread-2starting.
[2022-12-13 01:36:46] [INFO   ] Thread Thread-1starting.
[2022-12-13 01:36:46] [INFO   ] Thread dealer starting.
[2022-12-13 01:36:46] [INFO   ] Thread computer-3 starting.
[2022-12-13 01:36:46] [INFO   ] Thread computer-2 starting.
[2022-12-13 01:36:46] [SEVERE ] placing card 21 in slot 0
[2022-12-13 01:36:46] [SEVERE ] placing card 24 in slot 1
[2022-12-13 01:36:46] [SEVERE ] placing card 39 in slot 2
[2022-12-13 01:36:46] [SEVERE ] placing card 63 in slot 3
[2022-12-13 01:36:46] [SEVERE ] placing card 35 in slot 4
[2022-12-13 01:36:46] [SEVERE ] placing card 44 in slot 5
[2022-12-13 01:36:46] [SEVERE ] placing card 66 in slot 6
[2022-12-13 01:36:47] [SEVERE ] placing card 67 in slot 7
[2022-12-13 01:36:47] [SEVERE ] placing card 78 in slot 8
[2022-12-13 01:36:47] [SEVERE ] placing card 41 in slot 9
[2022-12-13 01:36:47] [SEVERE ] placing card 64 in slot 10
[2022-12-13 01:36:47] [SEVERE ] placing card 38 in slot 11
[2022-12-13 01:36:47] [SEVERE ] player 2 placing token on slot 0
[2022-12-13 01:36:47] [SEVERE ] player 3 placing token on slot 2
[2022-12-13 01:36:47] [SEVERE ] player 2 placing token on slot 9
[2022-12-13 01:36:47] [SEVERE ] player 3 placing token on slot 10
[2022-12-13 01:36:47] [SEVERE ] player 2 placing token on slot 6
[2022-12-13 01:36:47] [SEVERE ] removing player 2 token from slot 0
[2022-12-13 01:36:47] [SEVERE ] removing player 2 token from slot 6
[2022-12-13 01:36:47] [SEVERE ] removing player 2 token from slot 9
[2022-12-13 01:36:47] [SEVERE ] player 3 placing token on slot 5
[2022-12-13 01:36:47] [SEVERE ] removing player 3 token from slot 2
[2022-12-13 01:36:47] [SEVERE ] removing player 3 token from slot 5
[2022-12-13 01:36:47] [SEVERE ] removing player 3 token from slot 10
[2022-12-13 01:36:47] [SEVERE ] player 2 placing token on slot 1
[2022-12-13 01:36:47] [SEVERE ] player 3 placing token on slot 2
[2022-12-13 01:36:47] [SEVERE ] player 2 placing token on slot 0
[2022-12-13 01:36:47] [SEVERE ] player 3 placing token on slot 11
[2022-12-13 01:36:47] [SEVERE ] player 2 placing token on slot 4
[2022-12-13 01:36:47] [SEVERE ] removing player 2 token from slot 0
[2022-12-13 01:36:47] [SEVERE ] removing player 2 token from slot 1
[2022-12-13 01:36:47] [SEVERE ] removing player 2 token from slot 4
[2022-12-13 01:36:47] [SEVERE ] player 3 placing token on slot 8
[2022-12-13 01:36:47] [SEVERE ] removing player 3 token from slot 2
[2022-12-13 01:36:47] [SEVERE ] removing player 3 token from slot 8
[2022-12-13 01:36:47] [SEVERE ] removing player 3 token from slot 11
[2022-12-13 01:36:47] [SEVERE ] player 2 placing token on slot 10
[2022-12-13 01:36:47] [SEVERE ] player 3 placing token on slot 9
[2022-12-13 01:36:47] [SEVERE ] player 2 placing token on slot 0
[2022-12-13 01:36:47] [SEVERE ] player 3 placing token on slot 1
[2022-12-13 01:36:47] [SEVERE ] player 2 placing token on slot 6
[2022-12-13 01:36:47] [SEVERE ] removing player 2 token from slot 0
[2022-12-13 01:36:47] [SEVERE ] removing player 2 token from slot 6
[2022-12-13 01:36:47] [SEVERE ] removing player 2 token from slot 10
[2022-12-13 01:36:47] [SEVERE ] player 3 placing token on slot 11
[2022-12-13 01:36:47] [SEVERE ] removing player 3 token from slot 1
[2022-12-13 01:36:47] [SEVERE ] removing player 3 token from slot 9
[2022-12-13 01:36:47] [SEVERE ] removing player 3 token from slot 11
[2022-12-13 01:36:47] [SEVERE ] player 2 placing token on slot 6
[2022-12-13 01:36:47] [SEVERE ] player 3 placing token on slot 8
[2022-12-13 01:36:47] [SEVERE ] player 2 placing token on slot 2
[2022-12-13 01:36:47] [SEVERE ] player 3 placing token on slot 1
[2022-12-13 01:36:47] [SEVERE ] player 3 placing token on slot 5
[2022-12-13 01:36:47] [SEVERE ] player 2 placing token on slot 11
[2022-12-13 01:36:47] [SEVERE ] removing player 3 token from slot 1
[2022-12-13 01:36:47] [SEVERE ] removing player 3 token from slot 5
[2022-12-13 01:36:47] [SEVERE ] removing player 3 token from slot 8
[2022-12-13 01:36:47] [SEVERE ] removing player 2 token from slot 2
[2022-12-13 01:36:47] [SEVERE ] removing player 2 token from slot 6
[2022-12-13 01:36:47] [SEVERE ] removing player 2 token from slot 11
[2022-12-13 01:36:47] [SEVERE ] player 2 placing token on slot 10
[2022-12-13 01:36:47] [SEVERE ] player 2 placing token on slot 3
[2022-12-13 01:36:47] [SEVERE ] player 3 placing token on slot 1
[2022-12-13 01:36:47] [SEVERE ] player 2 placing token on slot 1
[2022-12-13 01:36:47] [SEVERE ] removing player 2 token from slot 1
[2022-12-13 01:36:47] [SEVERE ] removing player 2 token from slot 3
[2022-12-13 01:36:47] [SEVERE ] removing player 2 token from slot 10
[2022-12-13 01:36:47] [SEVERE ] player 3 placing token on slot 8
[2022-12-13 01:36:47] [SEVERE ] player 2 placing token on slot 0
[2022-12-13 01:36:47] [SEVERE ] player 3 placing token on slot 6
[2022-12-13 01:36:47] [SEVERE ] removing player 3 token from slot 1
[2022-12-13 01:36:47] [SEVERE ] removing player 3 token from slot 6
[2022-12-13 01:36:47] [SEVERE ] removing player 3 token from slot 8
[2022-12-13 01:36:47] [SEVERE ] player 2 placing token on slot 6
[2022-12-13 01:36:47] [SEVERE ] player 2 placing token on slot 9
[2022-12-13 01:36:47] [SEVERE ] removing player 2 token from slot 0
[2022-12-13 01:36:47] [SEVERE ] removing player 2 token from slot 6
[2022-12-13 01:36:48] [SEVERE ] removing player 2 token from slot 9
[2022-12-13 01:36:48] [SEVERE ] player 3 placing token on slot 9
[2022-12-13 01:36:48] [SEVERE ] player 2 placing token on slot 9
[2022-12-13 01:36:48] [SEVERE ] player 3 placing token on slot 10
[2022-12-13 01:36:48] [SEVERE ] player 3 placing token on slot 11
[2022-12-13 01:36:48] [SEVERE ] removing player 3 token from slot 9
[2022-12-13 01:36:48] [SEVERE ] removing player 3 token from slot 10
[2022-12-13 01:36:48] [SEVERE ] removing player 3 token from slot 11
[2022-12-13 01:36:48] [SEVERE ] player 2 placing token on slot 6
[2022-12-13 01:36:48] [SEVERE ] player 3 placing token on slot 9
[2022-12-13 01:36:48] [SEVERE ] player 2 placing token on slot 5
[2022-12-13 01:36:48] [SEVERE ] removing player 2 token from slot 5
[2022-12-13 01:36:48] [SEVERE ] removing player 2 token from slot 6
[2022-12-13 01:36:48] [SEVERE ] removing player 2 token from slot 9
[2022-12-13 01:36:48] [SEVERE ] player 2 placing token on slot 7
[2022-12-13 01:36:48] [SEVERE ] player 3 placing token on slot 4
[2022-12-13 01:36:48] [SEVERE ] player 2 placing token on slot 3
[2022-12-13 01:36:48] [SEVERE ] player 3 placing token on slot 7
[2022-12-13 01:36:48] [SEVERE ] removing player 3 token from slot 4
[2022-12-13 01:36:48] [SEVERE ] removing player 3 token from slot 7
[2022-12-13 01:36:48] [SEVERE ] removing player 3 token from slot 9
[2022-12-13 01:36:48] [SEVERE ] player 2 placing token on slot 8
[2022-12-13 01:36:48] [SEVERE ] removing player 2 token from slot 3
[2022-12-13 01:36:48] [SEVERE ] removing player 2 token from slot 7
[2022-12-13 01:36:48] [SEVERE ] removing player 2 token from slot 8
[2022-12-13 01:36:48] [SEVERE ] player 2 placing token on slot 2
[2022-12-13 01:36:48] [SEVERE ] player 3 placing token on slot 10
[2022-12-13 01:36:48] [SEVERE ] player 2 placing token on slot 8
[2022-12-13 01:36:48] [SEVERE ] player 3 placing token on slot 9
[2022-12-13 01:36:48] [SEVERE ] player 2 placing token on slot 7
[2022-12-13 01:36:48] [SEVERE ] removing player 2 token from slot 2
[2022-12-13 01:36:48] [SEVERE ] removing player 2 token from slot 7
[2022-12-13 01:36:48] [SEVERE ] removing player 2 token from slot 8
[2022-12-13 01:36:48] [SEVERE ] player 3 placing token on slot 8
[2022-12-13 01:36:48] [SEVERE ] removing player 3 token from slot 8
[2022-12-13 01:36:48] [SEVERE ] removing player 3 token from slot 9
[2022-12-13 01:36:48] [SEVERE ] removing player 3 token from slot 10
[2022-12-13 01:36:48] [SEVERE ] player 3 placing token on slot 8
[2022-12-13 01:36:48] [SEVERE ] player 2 placing token on slot 8
[2022-12-13 01:36:48] [SEVERE ] player 3 placing token on slot 6
[2022-12-13 01:36:48] [SEVERE ] player 2 placing token on slot 4
[2022-12-13 01:36:48] [SEVERE ] player 3 placing token on slot 7
[2022-12-13 01:36:48] [SEVERE ] removing player 3 token from slot 6
[2022-12-13 01:36:48] [SEVERE ] removing player 3 token from slot 7
[2022-12-13 01:36:48] [SEVERE ] removing player 3 token from slot 8
[2022-12-13 01:36:48] [SEVERE ] player 2 placing token on slot 3
[2022-12-13 01:36:48] [SEVERE ] removing player 2 token from slot 3
[2022-12-13 01:36:48] [SEVERE ] removing player 2 token from slot 4
[2022-12-13 01:36:48] [SEVERE ] removing player 2 token from slot 8
[2022-12-13 01:36:48] [SEVERE ] player 3 placing token on slot 10
[2022-12-13 01:36:48] [SEVERE ] player 2 placing token on slot 9
[2022-12-13 01:36:48] [SEVERE ] player 2 placing token on slot 11
[2022-12-13 01:36:48] [SEVERE ] player 3 placing token on slot 7
[2022-12-13 01:36:48] [SEVERE ] player 3 placing token on slot 1
[2022-12-13 01:36:48] [SEVERE ] removing player 3 token from slot 1
[2022-12-13 01:36:48] [SEVERE ] removing player 3 token from slot 7
[2022-12-13 01:36:48] [SEVERE ] removing player 3 token from slot 10
[2022-12-13 01:36:48] [SEVERE ] player 3 placing token on slot 4
[2022-12-13 01:36:48] [SEVERE ] player 2 placing token on slot 6
[2022-12-13 01:36:48] [SEVERE ] removing player 2 token from slot 6
[2022-12-13 01:36:48] [SEVERE ] removing player 2 token from slot 9
[2022-12-13 01:36:48] [SEVERE ] removing player 2 token from slot 11
[2022-12-13 01:36:48] [SEVERE ] player 2 placing token on slot 1
[2022-12-13 01:36:48] [SEVERE ] player 2 placing token on slot 6
[2022-12-13 01:36:48] [SEVERE ] player 3 placing token on slot 5
[2022-12-13 01:36:48] [SEVERE ] player 3 placing token on slot 2
[2022-12-13 01:36:48] [SEVERE ] removing player 3 token from slot 2
[2022-12-13 01:36:48] [SEVERE ] removing player 3 token from slot 4
[2022-12-13 01:36:48] [SEVERE ] removing player 3 token from slot 5
[2022-12-13 01:36:48] [SEVERE ] player 2 placing token on slot 2
[2022-12-13 01:36:48] [SEVERE ] removing player 2 token from slot 1
[2022-12-13 01:36:48] [SEVERE ] removing player 2 token from slot 2
[2022-12-13 01:36:48] [SEVERE ] removing player 2 token from slot 6
[2022-12-13 01:36:48] [SEVERE ] player 3 placing token on slot 10
[2022-12-13 01:36:48] [SEVERE ] player 2 placing token on slot 8
[2022-12-13 01:36:48] [SEVERE ] player 3 placing token on slot 8
[2022-12-13 01:36:48] [SEVERE ] player 2 placing token on slot 2
[2022-12-13 01:36:48] [SEVERE ] player 3 placing token on slot 7
[2022-12-13 01:36:48] [SEVERE ] removing player 3 token from slot 7
[2022-12-13 01:36:48] [SEVERE ] removing player 3 token from slot 8
[2022-12-13 01:36:48] [SEVERE ] removing player 3 token from slot 10
[2022-12-13 01:36:48] [SEVERE ] player 2 placing token on slot 1
[2022-12-13 01:36:48] [SEVERE ] removing player 2 token from slot 1
[2022-12-13 01:36:48] [SEVERE ] removing player 2 token from slot 2
[2022-12-13 01:36:48] [SEVERE ] removing player 2 token from slot 8
[2022-12-13 01:36:48] [SEVERE ] player 3 placing token on slot 5
[2022-12-13 01:36:48] [SEVERE ] player 2 placing token on slot 4
[2022-12-13 01:36:48] [SEVERE ] player 3 placing token on slot 11
[2022-12-13 01:36:48] [SEVERE ] player 2 placing token on slot 2
[2022-12-13 01:36:48] [SEVERE ] player 2 placing token on slot 1
[2022-12-13 01:36:48] [SEVERE ] removing player 2 token from slot 1
[2022-12-13 01:36:48] [SEVERE ] removing player 2 token from slot 2
[2022-12-13 01:36:48] [SEVERE ] removing player 2 token from slot 4
[2022-12-13 01:36:48] [SEVERE ] player 3 placing token on slot 7
[2022-12-13 01:36:48] [SEVERE ] removing player 3 token from slot 5
[2022-12-13 01:36:48] [SEVERE ] removing player 3 token from slot 7
[2022-12-13 01:36:48] [SEVERE ] removing player 3 token from slot 11
[2022-12-13 01:36:48] [SEVERE ] player 2 placing token on slot 6
[2022-12-13 01:36:48] [SEVERE ] player 3 placing token on slot 4
[2022-12-13 01:36:48] [SEVERE ] player 2 placing token on slot 4
[2022-12-13 01:36:48] [SEVERE ] player 3 placing token on slot 8
[2022-12-13 01:36:48] [SEVERE ] player 2 placing token on slot 2
[2022-12-13 01:36:48] [SEVERE ] removing player 2 token from slot 2
[2022-12-13 01:36:48] [SEVERE ] removing player 2 token from slot 4
[2022-12-13 01:36:48] [SEVERE ] removing player 2 token from slot 6
[2022-12-13 01:36:48] [SEVERE ] player 3 placing token on slot 11
[2022-12-13 01:36:48] [SEVERE ] removing player 3 token from slot 4
[2022-12-13 01:36:48] [SEVERE ] removing player 3 token from slot 8
[2022-12-13 01:36:48] [SEVERE ] removing player 3 token from slot 11
[2022-12-13 01:36:48] [SEVERE ] player 2 placing token on slot 11
[2022-12-13 01:36:48] [SEVERE ] player 3 placing token on slot 11
[2022-12-13 01:36:48] [SEVERE ] player 3 placing token on slot 8
[2022-12-13 01:36:48] [SEVERE ] player 2 placing token on slot 0
[2022-12-13 01:36:48] [SEVERE ] player 3 placing token on slot 5
[2022-12-13 01:36:48] [SEVERE ] removing player 3 token from slot 5
[2022-12-13 01:36:48] [SEVERE ] removing player 3 token from slot 8
[2022-12-13 01:36:48] [SEVERE ] removing player 3 token from slot 11
[2022-12-13 01:36:48] [SEVERE ] player 2 placing token on slot 8
[2022-12-13 01:36:48] [SEVERE ] removing player 2 token from slot 0
[2022-12-13 01:36:48] [SEVERE ] removing player 2 token from slot 8
[2022-12-13 01:36:48] [SEVERE ] removing player 2 token from slot 11
[2022-12-13 01:36:48] [SEVERE ] player 3 placing token on slot 5
[2022-12-13 01:36:48] [SEVERE ] player 2 placing token on slot 7
[2022-12-13 01:36:48] [SEVERE ] player 3 placing token on slot 0
[2022-12-13 01:36:48] [SEVERE ] player 2 placing token on slot 11
[2022-12-13 01:36:48] [SEVERE ] player 2 placing token on slot 10
[2022-12-13 01:36:48] [SEVERE ] removing player 2 token from slot 7
[2022-12-13 01:36:48] [SEVERE ] removing player 2 token from slot 10
[2022-12-13 01:36:48] [SEVERE ] removing player 2 token from slot 11
[2022-12-13 01:36:48] [SEVERE ] player 3 placing token on slot 8
[2022-12-13 01:36:48] [SEVERE ] removing player 3 token from slot 0
[2022-12-13 01:36:48] [SEVERE ] removing player 3 token from slot 5
[2022-12-13 01:36:48] [SEVERE ] removing player 3 token from slot 8
[2022-12-13 01:36:48] [SEVERE ] player 2 placing token on slot 7
[2022-12-13 01:36:48] [SEVERE ] player 3 placing token on slot 11
[2022-12-13 01:36:48] [SEVERE ] player 2 placing token on slot 3
[2022-12-13 01:36:49] [SEVERE ] player 3 placing token on slot 3
[2022-12-13 01:36:49] [SEVERE ] player 2 placing token on slot 8
[2022-12-13 01:36:49] [SEVERE ] removing player 2 token from slot 3
[2022-12-13 01:36:49] [SEVERE ] removing player 2 token from slot 7
[2022-12-13 01:36:49] [SEVERE ] removing player 2 token from slot 8
[2022-12-13 01:36:49] [SEVERE ] player 3 placing token on slot 9
[2022-12-13 01:36:49] [SEVERE ] removing player 3 token from slot 3
[2022-12-13 01:36:49] [SEVERE ] removing player 3 token from slot 9
[2022-12-13 01:36:49] [SEVERE ] removing player 3 token from slot 11
[2022-12-13 01:36:49] [SEVERE ] player 2 placing token on slot 3
[2022-12-13 01:36:49] [SEVERE ] player 3 placing token on slot 5
[2022-12-13 01:36:49] [SEVERE ] player 2 placing token on slot 7
[2022-12-13 01:36:49] [SEVERE ] player 3 placing token on slot 8
[2022-12-13 01:36:49] [SEVERE ] player 3 placing token on slot 7
[2022-12-13 01:36:49] [SEVERE ] removing player 3 token from slot 5
[2022-12-13 01:36:49] [SEVERE ] removing player 3 token from slot 7
[2022-12-13 01:36:49] [SEVERE ] removing player 3 token from slot 8
[2022-12-13 01:36:49] [SEVERE ] player 2 placing token on slot 1
[2022-12-13 01:36:49] [SEVERE ] removing player 2 token from slot 1
[2022-12-13 01:36:49] [SEVERE ] removing player 2 token from slot 3
[2022-12-13 01:36:49] [SEVERE ] removing player 2 token from slot 7
[2022-12-13 01:36:49] [SEVERE ] player 3 placing token on slot 6
[2022-12-13 01:36:49] [SEVERE ] player 2 placing token on slot 7
[2022-12-13 01:36:49] [SEVERE ] player 3 placing token on slot 2
[2022-12-13 01:36:49] [SEVERE ] player 2 placing token on slot 8
[2022-12-13 01:36:49] [SEVERE ] player 3 placing token on slot 7
[2022-12-13 01:36:49] [SEVERE ] removing player 3 token from slot 2
[2022-12-13 01:36:49] [SEVERE ] removing player 3 token from slot 6
[2022-12-13 01:36:49] [SEVERE ] removing player 3 token from slot 7
[2022-12-13 01:36:49] [SEVERE ] player 2 placing token on slot 11
[2022-12-13 01:36:49] [SEVERE ] removing player 2 token from slot 7
[2022-12-13 01:36:49] [SEVERE ] removing player 2 token from slot 8
[2022-12-13 01:36:49] [SEVERE ] removing player 2 token from slot 11
[2022-12-13 01:36:49] [SEVERE ] player 2 placing token on slot 8
[2022-12-13 01:36:49] [SEVERE ] player 3 placing token on slot 11
[2022-12-13 01:36:49] [SEVERE ] player 3 placing token on slot 8
[2022-12-13 01:36:49] [SEVERE ] player 2 placing token on slot 6
[2022-12-13 01:36:49] [SEVERE ] player 2 placing token on slot 11
[2022-12-13 01:36:49] [SEVERE ] removing player 2 token from slot 6
[2022-12-13 01:36:49] [SEVERE ] removing player 2 token from slot 8
[2022-12-13 01:36:49] [SEVERE ] removing player 2 token from slot 11
[2022-12-13 01:36:49] [SEVERE ] player 3 placing token on slot 10
[2022-12-13 01:36:49] [SEVERE ] removing player 3 token from slot 8
[2022-12-13 01:36:49] [SEVERE ] removing player 3 token from slot 10
[2022-12-13 01:36:49] [SEVERE ] removing player 3 token from slot 11
[2022-12-13 01:36:49] [SEVERE ] player 3 placing token on slot 4
[2022-12-13 01:36:49] [SEVERE ] player 2 placing token on slot 6
[2022-12-13 01:36:49] [SEVERE ] player 3 placing token on slot 2
[2022-12-13 01:36:49] [SEVERE ] player 2 placing token on slot 5
[2022-12-13 01:36:49] [SEVERE ] player 3 placing token on slot 11
[2022-12-13 01:36:49] [SEVERE ] removing player 3 token from slot 2
[2022-12-13 01:36:49] [SEVERE ] removing player 3 token from slot 4
[2022-12-13 01:36:49] [SEVERE ] removing player 3 token from slot 11
[2022-12-13 01:36:49] [SEVERE ] player 2 placing token on slot 0
[2022-12-13 01:36:49] [SEVERE ] removing player 2 token from slot 0
[2022-12-13 01:36:49] [SEVERE ] removing player 2 token from slot 5
[2022-12-13 01:36:49] [SEVERE ] removing player 2 token from slot 6
[2022-12-13 01:36:49] [SEVERE ] player 3 placing token on slot 10
[2022-12-13 01:36:49] [SEVERE ] player 2 placing token on slot 2
[2022-12-13 01:36:49] [SEVERE ] player 3 placing token on slot 2
[2022-12-13 01:36:49] [SEVERE ] player 2 placing token on slot 6
[2022-12-13 01:36:49] [SEVERE ] player 3 placing token on slot 0
[2022-12-13 01:36:49] [SEVERE ] removing player 3 token from slot 0
[2022-12-13 01:36:49] [SEVERE ] removing player 3 token from slot 2
[2022-12-13 01:36:49] [SEVERE ] removing player 3 token from slot 10
[2022-12-13 01:36:49] [SEVERE ] player 2 placing token on slot 5
[2022-12-13 01:36:49] [SEVERE ] removing player 2 token from slot 2
[2022-12-13 01:36:49] [SEVERE ] removing player 2 token from slot 5
[2022-12-13 01:36:49] [SEVERE ] removing player 2 token from slot 6
[2022-12-13 01:36:49] [SEVERE ] player 3 placing token on slot 9
[2022-12-13 01:36:49] [SEVERE ] player 2 placing token on slot 4
[2022-12-13 01:36:49] [SEVERE ] player 3 placing token on slot 6
[2022-12-13 01:36:49] [SEVERE ] player 2 placing token on slot 6
[2022-12-13 01:36:49] [SEVERE ] player 3 placing token on slot 8
[2022-12-13 01:36:49] [SEVERE ] removing player 3 token from slot 6
[2022-12-13 01:36:49] [SEVERE ] removing player 3 token from slot 8
[2022-12-13 01:36:49] [SEVERE ] removing player 3 token from slot 9
[2022-12-13 01:36:49] [SEVERE ] player 3 placing token on slot 4
[2022-12-13 01:36:49] [SEVERE ] player 2 placing token on slot 7
[2022-12-13 01:36:49] [SEVERE ] removing player 2 token from slot 4
[2022-12-13 01:36:49] [SEVERE ] removing player 2 token from slot 6
[2022-12-13 01:36:49] [SEVERE ] removing player 2 token from slot 7
[2022-12-13 01:36:49] [SEVERE ] player 2 placing token on slot 3
[2022-12-13 01:36:49] [SEVERE ] player 3 placing token on slot 8
[2022-12-13 01:36:49] [SEVERE ] player 2 placing token on slot 4
[2022-12-13 01:36:49] [SEVERE ] player 3 placing token on slot 5
[2022-12-13 01:36:49] [SEVERE ] removing player 3 token from slot 4
[2022-12-13 01:36:49] [SEVERE ] removing player 3 token from slot 5
[2022-12-13 01:36:49] [SEVERE ] removing player 3 token from slot 8
[2022-12-13 01:36:49] [SEVERE ] player 2 placing token on slot 0
[2022-12-13 01:36:49] [SEVERE ] removing player 2 token from slot 0
[2022-12-13 01:36:49] [SEVERE ] removing player 2 token from slot 3
[2022-12-13 01:36:49] [SEVERE ] removing player 2 token from slot 4
[2022-12-13 01:36:49] [SEVERE ] player 3 placing token on slot 4
[2022-12-13 01:36:49] [SEVERE ] player 2 placing token on slot 5
[2022-12-13 01:36:49] [SEVERE ] player 3 placing token on slot 9
[2022-12-13 01:36:49] [SEVERE ] player 2 placing token on slot 10
[2022-12-13 01:36:49] [SEVERE ] player 3 placing token on slot 7
[2022-12-13 01:36:49] [SEVERE ] removing player 3 token from slot 4
[2022-12-13 01:36:49] [SEVERE ] removing player 3 token from slot 7
[2022-12-13 01:36:49] [SEVERE ] removing player 3 token from slot 9
[2022-12-13 01:36:49] [SEVERE ] player 2 placing token on slot 0
[2022-12-13 01:36:49] [SEVERE ] removing player 2 token from slot 0
[2022-12-13 01:36:49] [SEVERE ] removing player 2 token from slot 5
[2022-12-13 01:36:49] [SEVERE ] removing player 2 token from slot 10
[2022-12-13 01:36:49] [SEVERE ] player 3 placing token on slot 10
[2022-12-13 01:36:49] [SEVERE ] player 2 placing token on slot 0
[2022-12-13 01:36:49] [SEVERE ] player 3 placing token on slot 4
[2022-12-13 01:36:49] [SEVERE ] player 2 placing token on slot 7
[2022-12-13 01:36:49] [SEVERE ] player 3 placing token on slot 0
[2022-12-13 01:36:49] [SEVERE ] player 2 placing token on slot 2
[2022-12-13 01:36:49] [SEVERE ] player 2 placing token on slot 0
[2022-12-13 01:36:49] [SEVERE ] removing tokens from slot 0
[2022-12-13 01:36:49] [SEVERE ] removing card from slot 0
[2022-12-13 01:36:50] [SEVERE ] removing tokens from slot 4
[2022-12-13 01:36:50] [SEVERE ] removing card from slot 4
[2022-12-13 01:36:50] [SEVERE ] removing tokens from slot 10
[2022-12-13 01:36:50] [SEVERE ] removing card from slot 10
[2022-12-13 01:36:50] [SEVERE ] placing card 65 in slot 0
[2022-12-13 01:36:50] [SEVERE ] placing card 14 in slot 4
[2022-12-13 01:36:50] [SEVERE ] placing card 54 in slot 10
[2022-12-13 01:36:50] [SEVERE ] setting player 3 score to 1
[2022-12-13 01:36:50] [SEVERE ] player 3 placing token on slot 2
[2022-12-13 01:36:50] [SEVERE ] player 3 placing token on slot 1
[2022-12-13 01:36:50] [SEVERE ] player 3 placing token on slot 10
[2022-12-13 01:36:50] [SEVERE ] removing tokens from slot 1
[2022-12-13 01:36:50] [SEVERE ] removing card from slot 1
[2022-12-13 01:36:50] [SEVERE ] player 2 placing token on slot 2
[2022-12-13 01:36:50] [SEVERE ] removing tokens from slot 2
[2022-12-13 01:36:50] [SEVERE ] removing card from slot 2
[2022-12-13 01:36:50] [SEVERE ] removing tokens from slot 10
[2022-12-13 01:36:50] [SEVERE ] removing card from slot 10
[2022-12-13 01:36:50] [SEVERE ] placing card 75 in slot 1
[2022-12-13 01:36:51] [SEVERE ] placing card 42 in slot 2
[2022-12-13 01:36:51] [SEVERE ] placing card 15 in slot 10
[2022-12-13 01:36:51] [SEVERE ] setting player 3 score to 2
[2022-12-13 01:36:51] [SEVERE ] player 3 placing token on slot 0
[2022-12-13 01:36:51] [SEVERE ] player 3 placing token on slot 11
[2022-12-13 01:36:51] [SEVERE ] player 3 placing token on slot 3
[2022-12-13 01:36:51] [SEVERE ] removing player 3 token from slot 0
[2022-12-13 01:36:51] [SEVERE ] removing player 3 token from slot 3
[2022-12-13 01:36:51] [SEVERE ] removing player 3 token from slot 11
[2022-12-13 01:36:51] [SEVERE ] player 3 placing token on slot 3
[2022-12-13 01:36:51] [SEVERE ] player 3 placing token on slot 8
[2022-12-13 01:36:51] [SEVERE ] player 3 placing token on slot 10
[2022-12-13 01:36:51] [SEVERE ] removing player 3 token from slot 3
[2022-12-13 01:36:51] [SEVERE ] removing player 3 token from slot 8
[2022-12-13 01:36:51] [SEVERE ] removing player 3 token from slot 10
[2022-12-13 01:36:51] [SEVERE ] player 3 placing token on slot 8
[2022-12-13 01:36:51] [SEVERE ] player 3 placing token on slot 4
[2022-12-13 01:36:51] [SEVERE ] player 3 placing token on slot 6
[2022-12-13 01:36:51] [SEVERE ] removing player 3 token from slot 4
[2022-12-13 01:36:51] [SEVERE ] removing player 3 token from slot 6
[2022-12-13 01:36:51] [SEVERE ] removing player 3 token from slot 8
[2022-12-13 01:36:51] [SEVERE ] player 3 placing token on slot 11
[2022-12-13 01:36:51] [SEVERE ] player 3 placing token on slot 9
[2022-12-13 01:36:51] [SEVERE ] player 3 placing token on slot 3
[2022-12-13 01:36:51] [SEVERE ] removing player 3 token from slot 3
[2022-12-13 01:36:51] [SEVERE ] removing player 3 token from slot 9
[2022-12-13 01:36:51] [SEVERE ] removing player 3 token from slot 11
[2022-12-13 01:36:51] [SEVERE ] player 3 placing token on slot 1
[2022-12-13 01:36:51] [SEVERE ] player 3 placing token on slot 5
[2022-12-13 01:36:51] [SEVERE ] player 3 placing token on slot 0
[2022-12-13 01:36:51] [SEVERE ] removing player 3 token from slot 0
[2022-12-13 01:36:51] [SEVERE ] removing player 3 token from slot 1
[2022-12-13 01:36:51] [SEVERE ] removing player 3 token from slot 5
[2022-12-13 01:36:51] [SEVERE ] player 3 placing token on slot 6
[2022-12-13 01:36:51] [SEVERE ] player 3 placing token on slot 8
[2022-12-13 01:36:51] [SEVERE ] player 3 placing token on slot 11
[2022-12-13 01:36:51] [SEVERE ] removing player 3 token from slot 6
[2022-12-13 01:36:51] [SEVERE ] removing player 3 token from slot 8
[2022-12-13 01:36:51] [SEVERE ] removing player 3 token from slot 11
[2022-12-13 01:36:51] [SEVERE ] player 3 placing token on slot 3
[2022-12-13 01:36:51] [SEVERE ] player 3 placing token on slot 9
[2022-12-13 01:36:51] [SEVERE ] player 3 placing token on slot 7
[2022-12-13 01:36:51] [SEVERE ] removing player 3 token from slot 3
[2022-12-13 01:36:51] [SEVERE ] removing player 3 token from slot 7
[2022-12-13 01:36:51] [SEVERE ] removing player 3 token from slot 9
[2022-12-13 01:36:51] [SEVERE ] player 3 placing token on slot 7
[2022-12-13 01:36:51] [SEVERE ] player 3 placing token on slot 3
[2022-12-13 01:36:51] [SEVERE ] player 3 placing token on slot 2
[2022-12-13 01:36:51] [SEVERE ] removing player 3 token from slot 2
[2022-12-13 01:36:51] [SEVERE ] removing player 3 token from slot 3
[2022-12-13 01:36:51] [SEVERE ] removing player 3 token from slot 7
[2022-12-13 01:36:51] [SEVERE ] player 3 placing token on slot 5
[2022-12-13 01:36:51] [SEVERE ] player 3 placing token on slot 3
[2022-12-13 01:36:51] [SEVERE ] player 3 placing token on slot 7
[2022-12-13 01:36:51] [SEVERE ] removing player 3 token from slot 3
[2022-12-13 01:36:51] [SEVERE ] removing player 3 token from slot 5
[2022-12-13 01:36:51] [SEVERE ] removing player 3 token from slot 7
[2022-12-13 01:36:51] [SEVERE ] player 3 placing token on slot 11
[2022-12-13 01:36:51] [SEVERE ] player 3 placing token on slot 7
[2022-12-13 01:36:52] [SEVERE ] player 3 placing token on slot 2
[2022-12-13 01:36:52] [SEVERE ] removing player 3 token from slot 2
[2022-12-13 01:36:52] [SEVERE ] removing player 3 token from slot 7
[2022-12-13 01:36:52] [SEVERE ] removing player 3 token from slot 11
[2022-12-13 01:36:52] [SEVERE ] player 3 placing token on slot 7
[2022-12-13 01:36:52] [SEVERE ] player 3 placing token on slot 4
[2022-12-13 01:36:52] [SEVERE ] player 3 placing token on slot 10
[2022-12-13 01:36:52] [SEVERE ] removing player 3 token from slot 4
[2022-12-13 01:36:52] [SEVERE ] removing player 3 token from slot 7
[2022-12-13 01:36:52] [SEVERE ] removing player 3 token from slot 10
[2022-12-13 01:36:52] [SEVERE ] player 3 placing token on slot 7
[2022-12-13 01:36:52] [SEVERE ] player 3 placing token on slot 2
[2022-12-13 01:36:52] [SEVERE ] player 3 placing token on slot 0
[2022-12-13 01:36:52] [SEVERE ] removing player 3 token from slot 0
[2022-12-13 01:36:52] [SEVERE ] removing player 3 token from slot 2
[2022-12-13 01:36:52] [SEVERE ] removing player 3 token from slot 7
[2022-12-13 01:36:52] [SEVERE ] player 3 placing token on slot 6
[2022-12-13 01:36:52] [SEVERE ] player 3 placing token on slot 8
[2022-12-13 01:36:52] [SEVERE ] player 3 placing token on slot 1
[2022-12-13 01:36:52] [SEVERE ] removing player 3 token from slot 1
[2022-12-13 01:36:52] [SEVERE ] removing player 3 token from slot 6
[2022-12-13 01:36:52] [SEVERE ] removing player 3 token from slot 8
[2022-12-13 01:36:52] [SEVERE ] player 3 placing token on slot 0
[2022-12-13 01:36:52] [SEVERE ] player 3 placing token on slot 10
[2022-12-13 01:36:52] [SEVERE ] player 3 placing token on slot 3
[2022-12-13 01:36:52] [SEVERE ] removing player 3 token from slot 0
[2022-12-13 01:36:52] [SEVERE ] removing player 3 token from slot 3
[2022-12-13 01:36:52] [SEVERE ] removing player 3 token from slot 10
[2022-12-13 01:36:52] [SEVERE ] player 3 placing token on slot 2
[2022-12-13 01:36:52] [SEVERE ] player 3 placing token on slot 1
[2022-12-13 01:36:52] [SEVERE ] player 3 placing token on slot 6
[2022-12-13 01:36:52] [SEVERE ] removing player 3 token from slot 1
[2022-12-13 01:36:52] [SEVERE ] removing player 3 token from slot 2
[2022-12-13 01:36:52] [SEVERE ] removing player 3 token from slot 6
[2022-12-13 01:36:52] [SEVERE ] player 3 placing token on slot 11
[2022-12-13 01:36:52] [SEVERE ] player 3 placing token on slot 2
[2022-12-13 01:36:52] [SEVERE ] player 3 placing token on slot 6
[2022-12-13 01:36:52] [SEVERE ] removing player 3 token from slot 2
[2022-12-13 01:36:52] [SEVERE ] removing player 3 token from slot 6
[2022-12-13 01:36:52] [SEVERE ] removing player 3 token from slot 11
[2022-12-13 01:36:52] [SEVERE ] player 3 placing token on slot 4
[2022-12-13 01:36:52] [SEVERE ] player 3 placing token on slot 3
[2022-12-13 01:36:52] [SEVERE ] player 3 placing token on slot 7
[2022-12-13 01:36:52] [SEVERE ] removing player 3 token from slot 3
[2022-12-13 01:36:52] [SEVERE ] removing player 3 token from slot 4
[2022-12-13 01:36:52] [SEVERE ] removing player 3 token from slot 7
[2022-12-13 01:36:52] [SEVERE ] player 3 placing token on slot 7
[2022-12-13 01:36:52] [SEVERE ] player 3 placing token on slot 2
[2022-12-13 01:36:52] [SEVERE ] player 3 placing token on slot 11
[2022-12-13 01:36:52] [SEVERE ] removing player 3 token from slot 2
[2022-12-13 01:36:52] [SEVERE ] removing player 3 token from slot 7
[2022-12-13 01:36:52] [SEVERE ] removing player 3 token from slot 11
[2022-12-13 01:36:52] [SEVERE ] player 3 placing token on slot 1
[2022-12-13 01:36:52] [SEVERE ] player 3 placing token on slot 7
[2022-12-13 01:36:52] [SEVERE ] player 3 placing token on slot 8
[2022-12-13 01:36:52] [SEVERE ] removing player 3 token from slot 1
[2022-12-13 01:36:52] [SEVERE ] removing player 3 token from slot 7
[2022-12-13 01:36:52] [SEVERE ] removing player 3 token from slot 8
[2022-12-13 01:36:52] [SEVERE ] player 3 placing token on slot 10
[2022-12-13 01:36:52] [SEVERE ] player 3 placing token on slot 2
[2022-12-13 01:36:52] [SEVERE ] player 3 placing token on slot 4
[2022-12-13 01:36:52] [SEVERE ] removing player 3 token from slot 2
[2022-12-13 01:36:52] [SEVERE ] removing player 3 token from slot 4
[2022-12-13 01:36:52] [SEVERE ] removing player 3 token from slot 10
[2022-12-13 01:36:52] [SEVERE ] player 3 placing token on slot 11
[2022-12-13 01:36:52] [SEVERE ] player 3 placing token on slot 2
[2022-12-13 01:36:53] [SEVERE ] player 3 placing token on slot 1
[2022-12-13 01:36:53] [SEVERE ] removing player 3 token from slot 1
[2022-12-13 01:36:53] [SEVERE ] removing player 3 token from slot 2
[2022-12-13 01:36:53] [SEVERE ] removing player 3 token from slot 11
[2022-12-13 01:36:53] [SEVERE ] player 3 placing token on slot 3
[2022-12-13 01:36:53] [SEVERE ] player 3 placing token on slot 9
[2022-12-13 01:36:53] [SEVERE ] player 3 placing token on slot 7
[2022-12-13 01:36:53] [SEVERE ] removing player 3 token from slot 3
[2022-12-13 01:36:53] [SEVERE ] removing player 3 token from slot 7
[2022-12-13 01:36:53] [SEVERE ] removing player 3 token from slot 9
[2022-12-13 01:36:53] [SEVERE ] player 3 placing token on slot 8
[2022-12-13 01:36:53] [SEVERE ] player 3 placing token on slot 11
[2022-12-13 01:36:53] [SEVERE ] player 3 placing token on slot 3
[2022-12-13 01:36:53] [SEVERE ] removing player 3 token from slot 3
[2022-12-13 01:36:53] [SEVERE ] removing player 3 token from slot 8
[2022-12-13 01:36:53] [SEVERE ] removing player 3 token from slot 11
[2022-12-13 01:36:53] [SEVERE ] player 3 placing token on slot 1
[2022-12-13 01:36:53] [SEVERE ] player 3 placing token on slot 10
[2022-12-13 01:36:53] [SEVERE ] player 3 placing token on slot 7
[2022-12-13 01:36:53] [SEVERE ] removing player 3 token from slot 1
[2022-12-13 01:36:53] [SEVERE ] removing player 3 token from slot 7
[2022-12-13 01:36:53] [SEVERE ] removing player 3 token from slot 10
[2022-12-13 01:36:53] [SEVERE ] player 3 placing token on slot 11
[2022-12-13 01:36:53] [SEVERE ] player 3 placing token on slot 10
[2022-12-13 01:36:53] [SEVERE ] player 3 placing token on slot 4
[2022-12-13 01:36:53] [SEVERE ] removing player 3 token from slot 4
[2022-12-13 01:36:53] [SEVERE ] removing player 3 token from slot 10
[2022-12-13 01:36:53] [SEVERE ] removing player 3 token from slot 11
[2022-12-13 01:36:53] [SEVERE ] player 3 placing token on slot 5
[2022-12-13 01:36:53] [SEVERE ] player 3 placing token on slot 3
[2022-12-13 01:36:53] [SEVERE ] player 3 placing token on slot 9
[2022-12-13 01:36:53] [SEVERE ] removing player 3 token from slot 3
[2022-12-13 01:36:53] [SEVERE ] removing player 3 token from slot 5
[2022-12-13 01:36:53] [SEVERE ] removing player 3 token from slot 9
[2022-12-13 01:36:53] [SEVERE ] player 3 placing token on slot 3
[2022-12-13 01:36:53] [SEVERE ] player 3 placing token on slot 1
[2022-12-13 01:36:53] [SEVERE ] player 3 placing token on slot 0
[2022-12-13 01:36:53] [SEVERE ] removing player 3 token from slot 0
[2022-12-13 01:36:53] [SEVERE ] removing player 3 token from slot 1
[2022-12-13 01:36:53] [SEVERE ] removing player 3 token from slot 3
[2022-12-13 01:36:53] [SEVERE ] player 3 placing token on slot 3
[2022-12-13 01:36:53] [SEVERE ] player 3 placing token on slot 7
[2022-12-13 01:36:53] [SEVERE ] player 3 placing token on slot 11
[2022-12-13 01:36:53] [SEVERE ] removing player 3 token from slot 3
[2022-12-13 01:36:53] [SEVERE ] removing player 3 token from slot 7
[2022-12-13 01:36:53] [SEVERE ] removing player 3 token from slot 11
[2022-12-13 01:36:53] [SEVERE ] player 3 placing token on slot 6
[2022-12-13 01:36:53] [SEVERE ] player 3 placing token on slot 0
[2022-12-13 01:36:53] [SEVERE ] player 3 placing token on slot 11
[2022-12-13 01:36:53] [SEVERE ] removing player 3 token from slot 0
[2022-12-13 01:36:53] [SEVERE ] removing player 3 token from slot 6
[2022-12-13 01:36:53] [SEVERE ] removing player 3 token from slot 11
[2022-12-13 01:36:53] [SEVERE ] player 3 placing token on slot 2
[2022-12-13 01:36:53] [SEVERE ] player 3 placing token on slot 9
[2022-12-13 01:36:53] [SEVERE ] player 3 placing token on slot 11
[2022-12-13 01:36:53] [SEVERE ] removing player 3 token from slot 2
[2022-12-13 01:36:53] [SEVERE ] removing player 3 token from slot 9
[2022-12-13 01:36:53] [SEVERE ] removing player 3 token from slot 11
[2022-12-13 01:36:53] [SEVERE ] player 3 placing token on slot 2
[2022-12-13 01:36:53] [SEVERE ] player 3 placing token on slot 11
[2022-12-13 01:36:53] [SEVERE ] player 3 placing token on slot 8
[2022-12-13 01:36:53] [SEVERE ] removing player 3 token from slot 2
[2022-12-13 01:36:53] [SEVERE ] removing player 3 token from slot 8
[2022-12-13 01:36:53] [SEVERE ] removing player 3 token from slot 11
[2022-12-13 01:36:53] [SEVERE ] player 3 placing token on slot 7
[2022-12-13 01:36:53] [SEVERE ] player 3 placing token on slot 10
[2022-12-13 01:36:54] [SEVERE ] player 3 placing token on slot 8
[2022-12-13 01:36:54] [SEVERE ] removing player 3 token from slot 7
[2022-12-13 01:36:54] [SEVERE ] removing player 3 token from slot 8
[2022-12-13 01:36:54] [SEVERE ] removing player 3 token from slot 10
[2022-12-13 01:36:54] [SEVERE ] player 3 placing token on slot 11
[2022-12-13 01:36:54] [SEVERE ] player 3 placing token on slot 0
[2022-12-13 01:36:54] [SEVERE ] player 3 placing token on slot 8
[2022-12-13 01:36:54] [SEVERE ] removing player 3 token from slot 0
[2022-12-13 01:36:54] [SEVERE ] removing player 3 token from slot 8
[2022-12-13 01:36:54] [SEVERE ] removing player 3 token from slot 11
[2022-12-13 01:36:54] [SEVERE ] player 3 placing token on slot 6
[2022-12-13 01:36:54] [SEVERE ] player 3 placing token on slot 0
[2022-12-13 01:36:54] [SEVERE ] player 3 placing token on slot 2
[2022-12-13 01:36:54] [SEVERE ] removing player 3 token from slot 0
[2022-12-13 01:36:54] [SEVERE ] removing player 3 token from slot 2
[2022-12-13 01:36:54] [SEVERE ] removing player 3 token from slot 6
[2022-12-13 01:36:54] [SEVERE ] player 3 placing token on slot 10
[2022-12-13 01:36:54] [SEVERE ] player 3 placing token on slot 6
[2022-12-13 01:36:54] [SEVERE ] player 3 placing token on slot 4
[2022-12-13 01:36:54] [SEVERE ] removing player 3 token from slot 4
[2022-12-13 01:36:54] [SEVERE ] removing player 3 token from slot 6
[2022-12-13 01:36:54] [SEVERE ] removing player 3 token from slot 10
[2022-12-13 01:36:54] [SEVERE ] player 3 placing token on slot 1
[2022-12-13 01:36:54] [SEVERE ] player 3 placing token on slot 0
[2022-12-13 01:36:54] [SEVERE ] player 3 placing token on slot 6
[2022-12-13 01:36:54] [SEVERE ] removing player 3 token from slot 0
[2022-12-13 01:36:54] [SEVERE ] removing player 3 token from slot 1
[2022-12-13 01:36:54] [SEVERE ] removing player 3 token from slot 6
[2022-12-13 01:36:54] [SEVERE ] player 3 placing token on slot 9
[2022-12-13 01:36:54] [SEVERE ] player 3 placing token on slot 7
[2022-12-13 01:36:54] [SEVERE ] player 3 placing token on slot 5
[2022-12-13 01:36:54] [SEVERE ] removing player 3 token from slot 5
[2022-12-13 01:36:54] [SEVERE ] removing player 3 token from slot 7
[2022-12-13 01:36:54] [SEVERE ] removing player 3 token from slot 9
[2022-12-13 01:36:54] [SEVERE ] player 3 placing token on slot 1
[2022-12-13 01:36:54] [SEVERE ] player 3 placing token on slot 11
[2022-12-13 01:36:54] [SEVERE ] player 3 placing token on slot 3
[2022-12-13 01:36:54] [SEVERE ] removing player 3 token from slot 1
[2022-12-13 01:36:54] [SEVERE ] removing player 3 token from slot 3
[2022-12-13 01:36:54] [SEVERE ] removing player 3 token from slot 11
[2022-12-13 01:36:54] [SEVERE ] player 3 placing token on slot 10
[2022-12-13 01:36:54] [SEVERE ] player 3 placing token on slot 11
[2022-12-13 01:36:54] [SEVERE ] player 3 placing token on slot 6
[2022-12-13 01:36:54] [SEVERE ] removing player 3 token from slot 6
[2022-12-13 01:36:54] [SEVERE ] removing player 3 token from slot 10
[2022-12-13 01:36:54] [SEVERE ] removing player 3 token from slot 11
[2022-12-13 01:36:54] [SEVERE ] player 3 placing token on slot 4
[2022-12-13 01:36:54] [SEVERE ] player 3 placing token on slot 6
[2022-12-13 01:36:54] [SEVERE ] player 3 placing token on slot 7
[2022-12-13 01:36:54] [SEVERE ] removing player 3 token from slot 4
[2022-12-13 01:36:54] [SEVERE ] removing player 3 token from slot 6
[2022-12-13 01:36:54] [SEVERE ] removing player 3 token from slot 7
[2022-12-13 01:36:54] [SEVERE ] player 3 placing token on slot 1
[2022-12-13 01:36:54] [SEVERE ] player 3 placing token on slot 8
[2022-12-13 01:36:54] [SEVERE ] player 3 placing token on slot 6
[2022-12-13 01:36:54] [SEVERE ] removing player 3 token from slot 1
[2022-12-13 01:36:54] [SEVERE ] removing player 3 token from slot 6
[2022-12-13 01:36:54] [SEVERE ] removing player 3 token from slot 8
[2022-12-13 01:36:54] [SEVERE ] player 3 placing token on slot 2
[2022-12-13 01:36:54] [SEVERE ] player 3 placing token on slot 8
[2022-12-13 01:36:54] [SEVERE ] player 3 placing token on slot 0
[2022-12-13 01:36:54] [SEVERE ] removing player 3 token from slot 0
[2022-12-13 01:36:54] [SEVERE ] removing player 3 token from slot 2
[2022-12-13 01:36:54] [SEVERE ] removing player 3 token from slot 8
[2022-12-13 01:36:54] [SEVERE ] player 3 placing token on slot 7
[2022-12-13 01:36:54] [SEVERE ] player 3 placing token on slot 5
[2022-12-13 01:36:55] [SEVERE ] player 3 placing token on slot 6
[2022-12-13 01:36:55] [SEVERE ] removing player 3 token from slot 5
[2022-12-13 01:36:55] [SEVERE ] removing player 3 token from slot 6
[2022-12-13 01:36:55] [SEVERE ] removing player 3 token from slot 7
[2022-12-13 01:36:55] [SEVERE ] player 3 placing token on slot 0
[2022-12-13 01:36:55] [SEVERE ] player 3 placing token on slot 1
[2022-12-13 01:36:55] [SEVERE ] player 3 placing token on slot 10
[2022-12-13 01:36:55] [SEVERE ] removing player 3 token from slot 0
[2022-12-13 01:36:55] [SEVERE ] removing player 3 token from slot 1
[2022-12-13 01:36:55] [SEVERE ] removing player 3 token from slot 10
[2022-12-13 01:36:55] [SEVERE ] player 3 placing token on slot 6
[2022-12-13 01:36:55] [SEVERE ] player 3 placing token on slot 8
[2022-12-13 01:36:55] [SEVERE ] player 3 placing token on slot 1
[2022-12-13 01:36:55] [SEVERE ] removing player 3 token from slot 1
[2022-12-13 01:36:55] [SEVERE ] removing player 3 token from slot 6
[2022-12-13 01:36:55] [SEVERE ] removing player 3 token from slot 8
[2022-12-13 01:36:55] [SEVERE ] player 3 placing token on slot 3
[2022-12-13 01:36:55] [SEVERE ] player 3 placing token on slot 8
[2022-12-13 01:36:55] [SEVERE ] player 3 placing token on slot 4
[2022-12-13 01:36:55] [SEVERE ] removing player 3 token from slot 3
[2022-12-13 01:36:55] [SEVERE ] removing player 3 token from slot 4
[2022-12-13 01:36:55] [SEVERE ] removing player 3 token from slot 8
[2022-12-13 01:36:55] [SEVERE ] player 3 placing token on slot 7
[2022-12-13 01:36:55] [SEVERE ] player 3 placing token on slot 5
[2022-12-13 01:36:55] [SEVERE ] player 3 placing token on slot 4
[2022-12-13 01:36:55] [SEVERE ] removing player 3 token from slot 4
[2022-12-13 01:36:55] [SEVERE ] removing player 3 token from slot 5
[2022-12-13 01:36:55] [SEVERE ] removing player 3 token from slot 7
[2022-12-13 01:36:55] [SEVERE ] player 3 placing token on slot 3
[2022-12-13 01:36:55] [SEVERE ] player 3 placing token on slot 4
[2022-12-13 01:36:55] [SEVERE ] player 3 placing token on slot 5
[2022-12-13 01:36:55] [SEVERE ] removing player 3 token from slot 3
[2022-12-13 01:36:55] [SEVERE ] removing player 3 token from slot 4
[2022-12-13 01:36:55] [SEVERE ] removing player 3 token from slot 5
[2022-12-13 01:36:55] [SEVERE ] player 3 placing token on slot 10
[2022-12-13 01:36:55] [SEVERE ] player 3 placing token on slot 3
[2022-12-13 01:36:55] [SEVERE ] player 3 placing token on slot 11
[2022-12-13 01:36:55] [SEVERE ] removing player 3 token from slot 3
[2022-12-13 01:36:55] [SEVERE ] removing player 3 token from slot 10
[2022-12-13 01:36:55] [SEVERE ] removing player 3 token from slot 11
[2022-12-13 01:36:55] [SEVERE ] player 3 placing token on slot 5
[2022-12-13 01:36:55] [SEVERE ] player 3 placing token on slot 7
[2022-12-13 01:36:55] [SEVERE ] player 3 placing token on slot 9
[2022-12-13 01:36:55] [SEVERE ] removing player 3 token from slot 5
[2022-12-13 01:36:55] [SEVERE ] removing player 3 token from slot 7
[2022-12-13 01:36:55] [SEVERE ] removing player 3 token from slot 9
[2022-12-13 01:36:55] [SEVERE ] player 3 placing token on slot 2
[2022-12-13 01:36:55] [SEVERE ] player 3 placing token on slot 6
[2022-12-13 01:36:55] [SEVERE ] player 3 placing token on slot 0
[2022-12-13 01:36:55] [SEVERE ] removing player 3 token from slot 0
[2022-12-13 01:36:55] [SEVERE ] removing player 3 token from slot 2
[2022-12-13 01:36:55] [SEVERE ] removing player 3 token from slot 6
[2022-12-13 01:36:55] [SEVERE ] player 3 placing token on slot 8
[2022-12-13 01:36:55] [SEVERE ] player 3 placing token on slot 11
[2022-12-13 01:36:55] [SEVERE ] player 3 placing token on slot 9
[2022-12-13 01:36:55] [SEVERE ] removing player 3 token from slot 8
[2022-12-13 01:36:55] [SEVERE ] removing player 3 token from slot 9
[2022-12-13 01:36:55] [SEVERE ] removing player 3 token from slot 11
[2022-12-13 01:36:55] [SEVERE ] player 3 placing token on slot 7
[2022-12-13 01:36:55] [SEVERE ] player 3 placing token on slot 3
[2022-12-13 01:36:55] [SEVERE ] player 3 placing token on slot 1
[2022-12-13 01:36:55] [SEVERE ] removing player 3 token from slot 1
[2022-12-13 01:36:55] [SEVERE ] removing player 3 token from slot 3
[2022-12-13 01:36:55] [SEVERE ] removing player 3 token from slot 7
