[2022-12-10 13:48:47] [INFO   ] cannot read configuration file config.properties trying from resources.
[2022-12-10 13:48:47] [INFO   ] configuration file was loaded from resources directory.
[2022-12-10 13:48:47] [INFO   ] Thread Thread-0starting.
[2022-12-10 13:48:47] [INFO   ] Thread Thread-3starting.
[2022-12-10 13:48:47] [INFO   ] Thread Thread-2starting.
[2022-12-10 13:48:47] [INFO   ] Thread dealer starting.
[2022-12-10 13:48:47] [INFO   ] Thread Thread-1starting.
[2022-12-10 13:48:47] [INFO   ] Thread computer-3 starting.
[2022-12-10 13:48:47] [INFO   ] Thread computer-2 starting.
[2022-12-10 13:48:47] [SEVERE ] placing card 38 in slot 0
[2022-12-10 13:48:47] [SEVERE ] placing card 70 in slot 1
[2022-12-10 13:48:47] [SEVERE ] placing card 47 in slot 2
[2022-12-10 13:48:48] [SEVERE ] placing card 10 in slot 3
[2022-12-10 13:48:48] [SEVERE ] placing card 14 in slot 4
[2022-12-10 13:48:48] [SEVERE ] placing card 19 in slot 5
[2022-12-10 13:48:48] [SEVERE ] placing card 28 in slot 6
[2022-12-10 13:48:48] [SEVERE ] placing card 8 in slot 7
[2022-12-10 13:48:48] [SEVERE ] placing card 50 in slot 8
[2022-12-10 13:48:48] [SEVERE ] placing card 13 in slot 9
[2022-12-10 13:48:48] [SEVERE ] placing card 58 in slot 10
[2022-12-10 13:48:48] [SEVERE ] placing card 75 in slot 11
[2022-12-10 13:48:48] [SEVERE ] player 2 placing token on slot 6
[2022-12-10 13:48:48] [SEVERE ] player 3 placing token on slot 11
[2022-12-10 13:48:48] [SEVERE ] player 2 placing token on slot 10
[2022-12-10 13:48:48] [SEVERE ] player 3 placing token on slot 1
[2022-12-10 13:48:49] [SEVERE ] player 2 placing token on slot 5
[2022-12-10 13:48:49] [SEVERE ] removing player 2 token from slot 5
[2022-12-10 13:48:49] [SEVERE ] removing player 2 token from slot 6
[2022-12-10 13:48:49] [SEVERE ] removing player 2 token from slot 10
[2022-12-10 13:48:49] [SEVERE ] player 3 placing token on slot 10
[2022-12-10 13:48:49] [SEVERE ] removing player 3 token from slot 1
[2022-12-10 13:48:49] [SEVERE ] removing player 3 token from slot 10
[2022-12-10 13:48:49] [SEVERE ] removing player 3 token from slot 11
[2022-12-10 13:48:49] [SEVERE ] player 3 placing token on slot 11
[2022-12-10 13:48:49] [SEVERE ] player 2 placing token on slot 4
[2022-12-10 13:48:49] [SEVERE ] player 3 placing token on slot 0
[2022-12-10 13:48:49] [SEVERE ] player 2 placing token on slot 10
[2022-12-10 13:48:49] [SEVERE ] player 3 placing token on slot 4
[2022-12-10 13:48:49] [SEVERE ] removing player 3 token from slot 0
[2022-12-10 13:48:49] [SEVERE ] removing player 3 token from slot 4
[2022-12-10 13:48:49] [SEVERE ] removing player 3 token from slot 11
[2022-12-10 13:48:49] [SEVERE ] player 2 placing token on slot 11
[2022-12-10 13:48:49] [SEVERE ] removing player 2 token from slot 4
[2022-12-10 13:48:49] [SEVERE ] removing player 2 token from slot 10
[2022-12-10 13:48:49] [SEVERE ] removing player 2 token from slot 11
[2022-12-10 13:48:49] [SEVERE ] player 3 placing token on slot 3
[2022-12-10 13:48:49] [SEVERE ] player 2 placing token on slot 3
[2022-12-10 13:48:49] [SEVERE ] player 3 placing token on slot 0
[2022-12-10 13:48:49] [SEVERE ] player 3 placing token on slot 9
[2022-12-10 13:48:49] [SEVERE ] removing player 3 token from slot 0
[2022-12-10 13:48:49] [SEVERE ] removing player 3 token from slot 3
[2022-12-10 13:48:49] [SEVERE ] removing player 3 token from slot 9
[2022-12-10 13:48:49] [SEVERE ] player 2 placing token on slot 11
[2022-12-10 13:48:49] [SEVERE ] player 2 placing token on slot 1
[2022-12-10 13:48:49] [SEVERE ] removing player 2 token from slot 1
[2022-12-10 13:48:49] [SEVERE ] removing player 2 token from slot 3
[2022-12-10 13:48:49] [SEVERE ] removing player 2 token from slot 11
[2022-12-10 13:48:49] [SEVERE ] player 3 placing token on slot 7
[2022-12-10 13:48:49] [SEVERE ] player 2 placing token on slot 4
[2022-12-10 13:48:49] [SEVERE ] player 3 placing token on slot 2
[2022-12-10 13:48:49] [SEVERE ] player 2 placing token on slot 10
[2022-12-10 13:48:49] [SEVERE ] player 3 placing token on slot 8
[2022-12-10 13:48:49] [SEVERE ] removing player 3 token from slot 2
[2022-12-10 13:48:49] [SEVERE ] removing player 3 token from slot 7
[2022-12-10 13:48:49] [SEVERE ] removing player 3 token from slot 8
[2022-12-10 13:48:49] [SEVERE ] player 2 placing token on slot 5
[2022-12-10 13:48:49] [SEVERE ] removing player 2 token from slot 4
[2022-12-10 13:48:49] [SEVERE ] removing player 2 token from slot 5
[2022-12-10 13:48:49] [SEVERE ] removing player 2 token from slot 10
[2022-12-10 13:48:49] [SEVERE ] player 3 placing token on slot 3
[2022-12-10 13:48:49] [SEVERE ] player 3 placing token on slot 4
[2022-12-10 13:48:49] [SEVERE ] player 2 placing token on slot 0
[2022-12-10 13:48:49] [SEVERE ] player 3 placing token on slot 8
[2022-12-10 13:48:49] [SEVERE ] removing player 3 token from slot 3
[2022-12-10 13:48:49] [SEVERE ] removing player 3 token from slot 4
[2022-12-10 13:48:49] [SEVERE ] removing player 3 token from slot 8
[2022-12-10 13:48:49] [SEVERE ] player 2 placing token on slot 1
[2022-12-10 13:48:49] [SEVERE ] player 2 placing token on slot 3
[2022-12-10 13:48:49] [SEVERE ] removing player 2 token from slot 0
[2022-12-10 13:48:49] [SEVERE ] removing player 2 token from slot 1
[2022-12-10 13:48:49] [SEVERE ] removing player 2 token from slot 3
[2022-12-10 13:48:49] [SEVERE ] player 3 placing token on slot 8
[2022-12-10 13:48:49] [SEVERE ] player 3 placing token on slot 10
[2022-12-10 13:48:49] [SEVERE ] player 2 placing token on slot 4
[2022-12-10 13:48:49] [SEVERE ] player 3 placing token on slot 7
[2022-12-10 13:48:49] [SEVERE ] removing player 3 token from slot 7
[2022-12-10 13:48:49] [SEVERE ] removing player 3 token from slot 8
[2022-12-10 13:48:49] [SEVERE ] removing player 3 token from slot 10
[2022-12-10 13:48:49] [SEVERE ] player 2 placing token on slot 11
[2022-12-10 13:48:49] [SEVERE ] player 2 placing token on slot 6
[2022-12-10 13:48:49] [SEVERE ] removing player 2 token from slot 4
[2022-12-10 13:48:49] [SEVERE ] removing player 2 token from slot 6
[2022-12-10 13:48:49] [SEVERE ] removing player 2 token from slot 11
[2022-12-10 13:48:50] [SEVERE ] player 3 placing token on slot 8
[2022-12-10 13:48:50] [SEVERE ] player 3 placing token on slot 9
[2022-12-10 13:48:50] [SEVERE ] player 2 placing token on slot 7
[2022-12-10 13:48:50] [SEVERE ] player 3 placing token on slot 6
[2022-12-10 13:48:50] [SEVERE ] removing player 3 token from slot 6
[2022-12-10 13:48:50] [SEVERE ] removing player 3 token from slot 8
[2022-12-10 13:48:50] [SEVERE ] removing player 3 token from slot 9
[2022-12-10 13:48:50] [SEVERE ] player 2 placing token on slot 6
[2022-12-10 13:48:50] [SEVERE ] player 2 placing token on slot 9
[2022-12-10 13:48:50] [SEVERE ] removing player 2 token from slot 6
[2022-12-10 13:48:50] [SEVERE ] removing player 2 token from slot 7
[2022-12-10 13:48:50] [SEVERE ] removing player 2 token from slot 9
[2022-12-10 13:48:50] [SEVERE ] player 3 placing token on slot 8
[2022-12-10 13:48:50] [SEVERE ] player 3 placing token on slot 10
[2022-12-10 13:48:50] [SEVERE ] player 2 placing token on slot 0
[2022-12-10 13:48:50] [SEVERE ] player 3 placing token on slot 1
[2022-12-10 13:48:50] [SEVERE ] removing player 3 token from slot 1
[2022-12-10 13:48:50] [SEVERE ] removing player 3 token from slot 8
[2022-12-10 13:48:50] [SEVERE ] removing player 3 token from slot 10
[2022-12-10 13:48:50] [SEVERE ] player 2 placing token on slot 5
[2022-12-10 13:48:50] [SEVERE ] player 2 placing token on slot 11
[2022-12-10 13:48:50] [SEVERE ] removing player 2 token from slot 0
[2022-12-10 13:48:50] [SEVERE ] removing player 2 token from slot 5
[2022-12-10 13:48:50] [SEVERE ] removing player 2 token from slot 11
[2022-12-10 13:48:50] [SEVERE ] player 3 placing token on slot 3
[2022-12-10 13:48:50] [SEVERE ] player 2 placing token on slot 9
[2022-12-10 13:48:50] [SEVERE ] player 3 placing token on slot 4
[2022-12-10 13:48:50] [SEVERE ] player 2 placing token on slot 7
[2022-12-10 13:48:50] [SEVERE ] player 3 placing token on slot 6
[2022-12-10 13:48:50] [SEVERE ] removing player 3 token from slot 3
[2022-12-10 13:48:50] [SEVERE ] removing player 3 token from slot 4
[2022-12-10 13:48:50] [SEVERE ] removing player 3 token from slot 6
[2022-12-10 13:48:50] [SEVERE ] player 2 placing token on slot 4
[2022-12-10 13:48:50] [SEVERE ] removing player 2 token from slot 4
[2022-12-10 13:48:50] [SEVERE ] removing player 2 token from slot 7
[2022-12-10 13:48:50] [SEVERE ] removing player 2 token from slot 9
[2022-12-10 13:48:50] [SEVERE ] player 3 placing token on slot 8
[2022-12-10 13:48:50] [SEVERE ] player 2 placing token on slot 9
[2022-12-10 13:48:50] [SEVERE ] player 3 placing token on slot 0
[2022-12-10 13:48:50] [SEVERE ] player 2 placing token on slot 0
[2022-12-10 13:48:50] [SEVERE ] player 3 placing token on slot 3
[2022-12-10 13:48:50] [SEVERE ] removing player 3 token from slot 0
[2022-12-10 13:48:50] [SEVERE ] removing player 3 token from slot 3
[2022-12-10 13:48:50] [SEVERE ] removing player 3 token from slot 8
[2022-12-10 13:48:50] [SEVERE ] player 2 placing token on slot 2
[2022-12-10 13:48:50] [SEVERE ] removing player 2 token from slot 0
[2022-12-10 13:48:50] [SEVERE ] removing player 2 token from slot 2
[2022-12-10 13:48:50] [SEVERE ] removing player 2 token from slot 9
[2022-12-10 13:48:50] [SEVERE ] player 3 placing token on slot 9
[2022-12-10 13:48:50] [SEVERE ] player 3 placing token on slot 4
[2022-12-10 13:48:50] [SEVERE ] player 2 placing token on slot 4
[2022-12-10 13:48:50] [SEVERE ] player 3 placing token on slot 1
[2022-12-10 13:48:50] [SEVERE ] removing player 3 token from slot 1
[2022-12-10 13:48:50] [SEVERE ] removing player 3 token from slot 4
[2022-12-10 13:48:50] [SEVERE ] removing player 3 token from slot 9
[2022-12-10 13:48:50] [SEVERE ] player 2 placing token on slot 3
[2022-12-10 13:48:50] [SEVERE ] player 2 placing token on slot 7
[2022-12-10 13:48:50] [SEVERE ] removing player 2 token from slot 3
[2022-12-10 13:48:50] [SEVERE ] removing player 2 token from slot 4
[2022-12-10 13:48:50] [SEVERE ] removing player 2 token from slot 7
[2022-12-10 13:48:50] [SEVERE ] player 3 placing token on slot 2
[2022-12-10 13:48:50] [SEVERE ] player 3 placing token on slot 11
[2022-12-10 13:48:50] [SEVERE ] player 2 placing token on slot 3
[2022-12-10 13:48:51] [SEVERE ] player 3 placing token on slot 8
[2022-12-10 13:48:51] [SEVERE ] removing player 3 token from slot 2
[2022-12-10 13:48:51] [SEVERE ] removing player 3 token from slot 8
[2022-12-10 13:48:51] [SEVERE ] removing player 3 token from slot 11
[2022-12-10 13:48:51] [SEVERE ] player 2 placing token on slot 10
[2022-12-10 13:48:51] [SEVERE ] player 2 placing token on slot 0
[2022-12-10 13:48:51] [SEVERE ] removing player 2 token from slot 0
[2022-12-10 13:48:51] [SEVERE ] removing player 2 token from slot 3
[2022-12-10 13:48:51] [SEVERE ] removing player 2 token from slot 10
[2022-12-10 13:48:51] [SEVERE ] player 3 placing token on slot 10
[2022-12-10 13:48:51] [SEVERE ] player 2 placing token on slot 2
[2022-12-10 13:48:51] [SEVERE ] player 2 placing token on slot 10
[2022-12-10 13:48:51] [SEVERE ] player 3 placing token on slot 3
[2022-12-10 13:48:51] [SEVERE ] player 2 placing token on slot 9
[2022-12-10 13:48:51] [SEVERE ] removing player 2 token from slot 2
[2022-12-10 13:48:51] [SEVERE ] removing player 2 token from slot 9
[2022-12-10 13:48:51] [SEVERE ] removing player 2 token from slot 10
[2022-12-10 13:48:51] [SEVERE ] player 3 placing token on slot 8
[2022-12-10 13:48:51] [SEVERE ] removing player 3 token from slot 3
[2022-12-10 13:48:51] [SEVERE ] removing player 3 token from slot 8
[2022-12-10 13:48:51] [SEVERE ] removing player 3 token from slot 10
[2022-12-10 13:48:51] [SEVERE ] player 2 placing token on slot 9
[2022-12-10 13:48:51] [SEVERE ] player 3 placing token on slot 7
[2022-12-10 13:48:51] [SEVERE ] player 3 placing token on slot 10
[2022-12-10 13:48:51] [SEVERE ] player 2 placing token on slot 7
[2022-12-10 13:48:51] [SEVERE ] player 3 placing token on slot 3
[2022-12-10 13:48:51] [SEVERE ] removing player 3 token from slot 3
[2022-12-10 13:48:51] [SEVERE ] removing player 3 token from slot 7
[2022-12-10 13:48:51] [SEVERE ] removing player 3 token from slot 10
[2022-12-10 13:48:51] [SEVERE ] player 2 placing token on slot 11
[2022-12-10 13:48:51] [SEVERE ] removing player 2 token from slot 7
[2022-12-10 13:48:51] [SEVERE ] removing player 2 token from slot 9
[2022-12-10 13:48:51] [SEVERE ] removing player 2 token from slot 11
[2022-12-10 13:48:51] [SEVERE ] player 3 placing token on slot 0
[2022-12-10 13:48:51] [SEVERE ] player 2 placing token on slot 5
[2022-12-10 13:48:51] [SEVERE ] player 3 placing token on slot 10
[2022-12-10 13:48:51] [SEVERE ] player 2 placing token on slot 3
[2022-12-10 13:48:51] [SEVERE ] player 3 placing token on slot 3
[2022-12-10 13:48:51] [SEVERE ] removing player 3 token from slot 0
[2022-12-10 13:48:51] [SEVERE ] removing player 3 token from slot 3
[2022-12-10 13:48:51] [SEVERE ] removing player 3 token from slot 10
[2022-12-10 13:48:51] [SEVERE ] player 2 placing token on slot 10
[2022-12-10 13:48:51] [SEVERE ] removing player 2 token from slot 3
[2022-12-10 13:48:51] [SEVERE ] removing player 2 token from slot 5
[2022-12-10 13:48:51] [SEVERE ] removing player 2 token from slot 10
[2022-12-10 13:48:51] [SEVERE ] player 3 placing token on slot 11
[2022-12-10 13:48:51] [SEVERE ] player 3 placing token on slot 6
[2022-12-10 13:48:51] [SEVERE ] player 2 placing token on slot 11
[2022-12-10 13:48:51] [SEVERE ] player 3 placing token on slot 1
[2022-12-10 13:48:51] [SEVERE ] removing player 3 token from slot 1
[2022-12-10 13:48:51] [SEVERE ] removing player 3 token from slot 6
[2022-12-10 13:48:51] [SEVERE ] removing player 3 token from slot 11
[2022-12-10 13:48:51] [SEVERE ] player 2 placing token on slot 9
[2022-12-10 13:48:51] [SEVERE ] player 2 placing token on slot 2
[2022-12-10 13:48:51] [SEVERE ] removing player 2 token from slot 2
[2022-12-10 13:48:51] [SEVERE ] removing player 2 token from slot 9
[2022-12-10 13:48:51] [SEVERE ] removing player 2 token from slot 11
[2022-12-10 13:48:51] [SEVERE ] player 3 placing token on slot 11
[2022-12-10 13:48:51] [SEVERE ] player 2 placing token on slot 0
[2022-12-10 13:48:51] [SEVERE ] player 3 placing token on slot 10
[2022-12-10 13:48:51] [SEVERE ] player 2 placing token on slot 5
[2022-12-10 13:48:51] [SEVERE ] player 3 placing token on slot 8
[2022-12-10 13:48:51] [SEVERE ] removing player 3 token from slot 8
[2022-12-10 13:48:51] [SEVERE ] removing player 3 token from slot 10
[2022-12-10 13:48:51] [SEVERE ] removing player 3 token from slot 11
[2022-12-10 13:48:51] [SEVERE ] player 2 placing token on slot 4
[2022-12-10 13:48:51] [SEVERE ] removing player 2 token from slot 0
[2022-12-10 13:48:51] [SEVERE ] removing player 2 token from slot 4
[2022-12-10 13:48:51] [SEVERE ] removing player 2 token from slot 5
[2022-12-10 13:48:52] [SEVERE ] player 3 placing token on slot 11
[2022-12-10 13:48:52] [SEVERE ] player 3 placing token on slot 3
[2022-12-10 13:48:52] [SEVERE ] player 3 placing token on slot 0
[2022-12-10 13:48:52] [SEVERE ] player 2 placing token on slot 0
[2022-12-10 13:48:52] [SEVERE ] removing player 3 token from slot 0
[2022-12-10 13:48:52] [SEVERE ] removing player 3 token from slot 3
[2022-12-10 13:48:52] [SEVERE ] removing player 3 token from slot 11
[2022-12-10 13:48:52] [SEVERE ] player 2 placing token on slot 1
[2022-12-10 13:48:52] [SEVERE ] player 2 placing token on slot 6
[2022-12-10 13:48:52] [SEVERE ] removing player 2 token from slot 0
[2022-12-10 13:48:52] [SEVERE ] removing player 2 token from slot 1
[2022-12-10 13:48:52] [SEVERE ] removing player 2 token from slot 6
[2022-12-10 13:48:52] [SEVERE ] player 3 placing token on slot 2
[2022-12-10 13:48:52] [SEVERE ] player 3 placing token on slot 5
[2022-12-10 13:48:52] [SEVERE ] player 3 placing token on slot 1
[2022-12-10 13:48:52] [SEVERE ] removing player 3 token from slot 1
[2022-12-10 13:48:52] [SEVERE ] removing player 3 token from slot 2
[2022-12-10 13:48:52] [SEVERE ] removing player 3 token from slot 5
[2022-12-10 13:48:52] [SEVERE ] player 2 placing token on slot 4
[2022-12-10 13:48:52] [SEVERE ] player 2 placing token on slot 7
[2022-12-10 13:48:52] [SEVERE ] player 2 placing token on slot 8
[2022-12-10 13:48:52] [SEVERE ] removing player 2 token from slot 4
[2022-12-10 13:48:52] [SEVERE ] removing player 2 token from slot 7
[2022-12-10 13:48:52] [SEVERE ] removing player 2 token from slot 8
[2022-12-10 13:48:52] [SEVERE ] player 3 placing token on slot 7
[2022-12-10 13:48:52] [SEVERE ] player 3 placing token on slot 10
[2022-12-10 13:48:52] [SEVERE ] player 3 placing token on slot 1
[2022-12-10 13:48:52] [SEVERE ] removing player 3 token from slot 1
[2022-12-10 13:48:52] [SEVERE ] removing player 3 token from slot 7
[2022-12-10 13:48:52] [SEVERE ] removing player 3 token from slot 10
[2022-12-10 13:48:52] [SEVERE ] player 2 placing token on slot 11
[2022-12-10 13:48:52] [SEVERE ] player 2 placing token on slot 8
[2022-12-10 13:48:52] [SEVERE ] player 2 placing token on slot 1
[2022-12-10 13:48:52] [SEVERE ] removing player 2 token from slot 1
[2022-12-10 13:48:52] [SEVERE ] removing player 2 token from slot 8
[2022-12-10 13:48:52] [SEVERE ] removing player 2 token from slot 11
[2022-12-10 13:48:52] [SEVERE ] player 3 placing token on slot 8
[2022-12-10 13:48:52] [SEVERE ] player 3 placing token on slot 9
[2022-12-10 13:48:52] [SEVERE ] player 3 placing token on slot 10
[2022-12-10 13:48:52] [SEVERE ] removing player 3 token from slot 8
[2022-12-10 13:48:52] [SEVERE ] removing player 3 token from slot 9
[2022-12-10 13:48:52] [SEVERE ] removing player 3 token from slot 10
[2022-12-10 13:48:52] [SEVERE ] player 2 placing token on slot 0
[2022-12-10 13:48:52] [SEVERE ] player 2 placing token on slot 4
[2022-12-10 13:48:52] [SEVERE ] player 2 placing token on slot 10
[2022-12-10 13:48:52] [SEVERE ] removing player 2 token from slot 0
[2022-12-10 13:48:52] [SEVERE ] removing player 2 token from slot 4
[2022-12-10 13:48:52] [SEVERE ] removing player 2 token from slot 10
[2022-12-10 13:48:52] [SEVERE ] player 3 placing token on slot 4
[2022-12-10 13:48:52] [SEVERE ] player 3 placing token on slot 10
[2022-12-10 13:48:52] [SEVERE ] player 3 placing token on slot 0
[2022-12-10 13:48:52] [SEVERE ] removing player 3 token from slot 0
[2022-12-10 13:48:52] [SEVERE ] removing player 3 token from slot 4
[2022-12-10 13:48:52] [SEVERE ] removing player 3 token from slot 10
[2022-12-10 13:48:52] [SEVERE ] player 2 placing token on slot 8
[2022-12-10 13:48:52] [SEVERE ] player 2 placing token on slot 5
[2022-12-10 13:48:52] [SEVERE ] player 3 placing token on slot 10
[2022-12-10 13:48:52] [SEVERE ] player 2 placing token on slot 7
[2022-12-10 13:48:52] [SEVERE ] removing player 2 token from slot 5
[2022-12-10 13:48:52] [SEVERE ] removing player 2 token from slot 7
[2022-12-10 13:48:52] [SEVERE ] removing player 2 token from slot 8
[2022-12-10 13:48:52] [SEVERE ] player 3 placing token on slot 11
[2022-12-10 13:48:52] [SEVERE ] player 3 placing token on slot 7
[2022-12-10 13:48:52] [SEVERE ] removing player 3 token from slot 7
[2022-12-10 13:48:52] [SEVERE ] removing player 3 token from slot 10
[2022-12-10 13:48:52] [SEVERE ] removing player 3 token from slot 11
[2022-12-10 13:48:53] [SEVERE ] player 2 placing token on slot 0
[2022-12-10 13:48:53] [SEVERE ] player 2 placing token on slot 4
[2022-12-10 13:48:53] [SEVERE ] player 3 placing token on slot 4
[2022-12-10 13:48:53] [SEVERE ] player 2 placing token on slot 7
[2022-12-10 13:48:53] [SEVERE ] removing player 2 token from slot 0
[2022-12-10 13:48:53] [SEVERE ] removing player 2 token from slot 4
[2022-12-10 13:48:53] [SEVERE ] removing player 2 token from slot 7
[2022-12-10 13:48:53] [SEVERE ] player 3 placing token on slot 10
[2022-12-10 13:48:53] [SEVERE ] player 3 placing token on slot 2
[2022-12-10 13:48:53] [SEVERE ] removing player 3 token from slot 2
[2022-12-10 13:48:53] [SEVERE ] removing player 3 token from slot 4
[2022-12-10 13:48:53] [SEVERE ] removing player 3 token from slot 10
[2022-12-10 13:48:53] [SEVERE ] player 2 placing token on slot 6
[2022-12-10 13:48:53] [SEVERE ] player 3 placing token on slot 8
[2022-12-10 13:48:53] [SEVERE ] player 2 placing token on slot 1
[2022-12-10 13:48:53] [SEVERE ] player 3 placing token on slot 4
[2022-12-10 13:48:53] [SEVERE ] player 2 placing token on slot 4
[2022-12-10 13:48:53] [SEVERE ] removing player 2 token from slot 1
[2022-12-10 13:48:53] [SEVERE ] removing player 2 token from slot 4
[2022-12-10 13:48:53] [SEVERE ] removing player 2 token from slot 6
[2022-12-10 13:48:53] [SEVERE ] player 3 placing token on slot 5
[2022-12-10 13:48:53] [SEVERE ] removing player 3 token from slot 4
[2022-12-10 13:48:53] [SEVERE ] removing player 3 token from slot 5
[2022-12-10 13:48:53] [SEVERE ] removing player 3 token from slot 8
[2022-12-10 13:48:53] [SEVERE ] player 3 placing token on slot 0
[2022-12-10 13:48:53] [SEVERE ] player 2 placing token on slot 2
[2022-12-10 13:48:53] [SEVERE ] player 3 placing token on slot 4
[2022-12-10 13:48:53] [SEVERE ] player 2 placing token on slot 6
[2022-12-10 13:48:53] [SEVERE ] player 2 placing token on slot 5
[2022-12-10 13:48:53] [SEVERE ] player 3 placing token on slot 1
[2022-12-10 13:48:53] [SEVERE ] removing player 2 token from slot 2
[2022-12-10 13:48:53] [SEVERE ] removing player 2 token from slot 5
[2022-12-10 13:48:53] [SEVERE ] removing player 2 token from slot 6
[2022-12-10 13:48:53] [SEVERE ] removing player 3 token from slot 0
[2022-12-10 13:48:53] [SEVERE ] removing player 3 token from slot 1
[2022-12-10 13:48:53] [SEVERE ] removing player 3 token from slot 4
[2022-12-10 13:48:53] [SEVERE ] player 2 placing token on slot 0
[2022-12-10 13:48:53] [SEVERE ] player 3 placing token on slot 7
[2022-12-10 13:48:53] [SEVERE ] player 3 placing token on slot 2
[2022-12-10 13:48:53] [SEVERE ] player 2 placing token on slot 1
[2022-12-10 13:48:53] [SEVERE ] player 3 placing token on slot 4
[2022-12-10 13:48:53] [SEVERE ] removing player 3 token from slot 2
[2022-12-10 13:48:53] [SEVERE ] removing player 3 token from slot 4
[2022-12-10 13:48:53] [SEVERE ] removing player 3 token from slot 7
[2022-12-10 13:48:53] [SEVERE ] player 2 placing token on slot 4
[2022-12-10 13:48:53] [SEVERE ] removing player 2 token from slot 0
[2022-12-10 13:48:53] [SEVERE ] removing player 2 token from slot 1
[2022-12-10 13:48:53] [SEVERE ] removing player 2 token from slot 4
[2022-12-10 13:48:53] [SEVERE ] player 2 placing token on slot 8
[2022-12-10 13:48:53] [SEVERE ] player 3 placing token on slot 7
[2022-12-10 13:48:53] [SEVERE ] player 2 placing token on slot 9
[2022-12-10 13:48:53] [SEVERE ] player 3 placing token on slot 9
[2022-12-10 13:48:53] [SEVERE ] player 2 placing token on slot 0
[2022-12-10 13:48:53] [SEVERE ] removing player 2 token from slot 0
[2022-12-10 13:48:53] [SEVERE ] removing player 2 token from slot 8
[2022-12-10 13:48:53] [SEVERE ] removing player 2 token from slot 9
[2022-12-10 13:48:53] [SEVERE ] player 3 placing token on slot 6
[2022-12-10 13:48:53] [SEVERE ] removing player 3 token from slot 6
[2022-12-10 13:48:53] [SEVERE ] removing player 3 token from slot 7
[2022-12-10 13:48:53] [SEVERE ] removing player 3 token from slot 9
[2022-12-10 13:48:53] [SEVERE ] player 2 placing token on slot 9
[2022-12-10 13:48:53] [SEVERE ] player 3 placing token on slot 4
[2022-12-10 13:48:53] [SEVERE ] player 2 placing token on slot 8
[2022-12-10 13:48:53] [SEVERE ] player 3 placing token on slot 1
[2022-12-10 13:48:53] [SEVERE ] player 2 placing token on slot 3
[2022-12-10 13:48:53] [SEVERE ] removing player 2 token from slot 3
[2022-12-10 13:48:53] [SEVERE ] removing player 2 token from slot 8
[2022-12-10 13:48:53] [SEVERE ] removing player 2 token from slot 9
[2022-12-10 13:48:53] [SEVERE ] player 3 placing token on slot 2
[2022-12-10 13:48:53] [SEVERE ] removing player 3 token from slot 1
[2022-12-10 13:48:53] [SEVERE ] removing player 3 token from slot 2
[2022-12-10 13:48:53] [SEVERE ] removing player 3 token from slot 4
[2022-12-10 13:48:54] [SEVERE ] player 2 placing token on slot 0
[2022-12-10 13:48:54] [SEVERE ] player 3 placing token on slot 2
[2022-12-10 13:48:54] [SEVERE ] player 3 placing token on slot 10
[2022-12-10 13:48:54] [SEVERE ] player 2 placing token on slot 7
[2022-12-10 13:48:54] [SEVERE ] player 3 placing token on slot 9
[2022-12-10 13:48:54] [SEVERE ] player 2 placing token on slot 5
[2022-12-10 13:48:54] [SEVERE ] removing player 3 token from slot 2
[2022-12-10 13:48:54] [SEVERE ] removing player 3 token from slot 9
[2022-12-10 13:48:54] [SEVERE ] removing player 3 token from slot 10
[2022-12-10 13:48:54] [SEVERE ] removing player 2 token from slot 0
[2022-12-10 13:48:54] [SEVERE ] removing player 2 token from slot 5
[2022-12-10 13:48:54] [SEVERE ] removing player 2 token from slot 7
[2022-12-10 13:48:54] [SEVERE ] player 2 placing token on slot 4
[2022-12-10 13:48:54] [SEVERE ] player 3 placing token on slot 4
[2022-12-10 13:48:54] [SEVERE ] player 2 placing token on slot 2
[2022-12-10 13:48:54] [SEVERE ] player 3 placing token on slot 1
[2022-12-10 13:48:54] [SEVERE ] player 2 placing token on slot 5
[2022-12-10 13:48:54] [SEVERE ] removing player 2 token from slot 2
[2022-12-10 13:48:54] [SEVERE ] removing player 2 token from slot 4
[2022-12-10 13:48:54] [SEVERE ] removing player 2 token from slot 5
[2022-12-10 13:48:54] [SEVERE ] player 3 placing token on slot 8
[2022-12-10 13:48:54] [SEVERE ] removing player 3 token from slot 1
[2022-12-10 13:48:54] [SEVERE ] removing player 3 token from slot 4
[2022-12-10 13:48:54] [SEVERE ] removing player 3 token from slot 8
[2022-12-10 13:48:54] [SEVERE ] player 2 placing token on slot 6
[2022-12-10 13:48:54] [SEVERE ] player 2 placing token on slot 3
[2022-12-10 13:48:54] [SEVERE ] player 3 placing token on slot 3
[2022-12-10 13:48:54] [SEVERE ] player 2 placing token on slot 5
[2022-12-10 13:48:54] [SEVERE ] removing player 2 token from slot 3
[2022-12-10 13:48:54] [SEVERE ] removing player 2 token from slot 5
[2022-12-10 13:48:54] [SEVERE ] removing player 2 token from slot 6
[2022-12-10 13:48:54] [SEVERE ] player 3 placing token on slot 10
[2022-12-10 13:48:54] [SEVERE ] player 3 placing token on slot 11
[2022-12-10 13:48:54] [SEVERE ] removing player 3 token from slot 3
[2022-12-10 13:48:54] [SEVERE ] removing player 3 token from slot 10
[2022-12-10 13:48:54] [SEVERE ] removing player 3 token from slot 11
[2022-12-10 13:48:54] [SEVERE ] player 2 placing token on slot 5
[2022-12-10 13:48:54] [SEVERE ] player 2 placing token on slot 7
[2022-12-10 13:48:54] [SEVERE ] player 2 placing token on slot 2
[2022-12-10 13:48:54] [SEVERE ] removing player 2 token from slot 2
[2022-12-10 13:48:54] [SEVERE ] removing player 2 token from slot 5
[2022-12-10 13:48:54] [SEVERE ] removing player 2 token from slot 7
[2022-12-10 13:48:54] [SEVERE ] player 3 placing token on slot 0
[2022-12-10 13:48:54] [SEVERE ] player 3 placing token on slot 6
[2022-12-10 13:48:54] [SEVERE ] player 3 placing token on slot 11
[2022-12-10 13:48:54] [SEVERE ] removing player 3 token from slot 0
[2022-12-10 13:48:54] [SEVERE ] removing player 3 token from slot 6
[2022-12-10 13:48:54] [SEVERE ] removing player 3 token from slot 11
[2022-12-10 13:48:54] [SEVERE ] player 2 placing token on slot 9
[2022-12-10 13:48:54] [SEVERE ] player 2 placing token on slot 3
[2022-12-10 13:48:54] [SEVERE ] player 2 placing token on slot 1
[2022-12-10 13:48:54] [SEVERE ] removing player 2 token from slot 1
[2022-12-10 13:48:54] [SEVERE ] removing player 2 token from slot 3
[2022-12-10 13:48:54] [SEVERE ] removing player 2 token from slot 9
[2022-12-10 13:48:54] [SEVERE ] player 3 placing token on slot 1
[2022-12-10 13:48:54] [SEVERE ] player 3 placing token on slot 3
[2022-12-10 13:48:54] [SEVERE ] player 3 placing token on slot 6
[2022-12-10 13:48:54] [SEVERE ] removing player 3 token from slot 1
[2022-12-10 13:48:54] [SEVERE ] removing player 3 token from slot 3
[2022-12-10 13:48:54] [SEVERE ] removing player 3 token from slot 6
[2022-12-10 13:48:54] [SEVERE ] player 2 placing token on slot 3
[2022-12-10 13:48:54] [SEVERE ] player 2 placing token on slot 2
[2022-12-10 13:48:55] [SEVERE ] player 2 placing token on slot 6
[2022-12-10 13:48:55] [SEVERE ] removing player 2 token from slot 2
[2022-12-10 13:48:55] [SEVERE ] removing player 2 token from slot 3
[2022-12-10 13:48:55] [SEVERE ] removing player 2 token from slot 6
[2022-12-10 13:48:55] [SEVERE ] player 3 placing token on slot 5
[2022-12-10 13:48:55] [SEVERE ] player 3 placing token on slot 3
[2022-12-10 13:48:55] [SEVERE ] player 3 placing token on slot 0
[2022-12-10 13:48:55] [SEVERE ] removing player 3 token from slot 0
[2022-12-10 13:48:55] [SEVERE ] removing player 3 token from slot 3
[2022-12-10 13:48:55] [SEVERE ] removing player 3 token from slot 5
[2022-12-10 13:48:55] [SEVERE ] player 2 placing token on slot 2
[2022-12-10 13:48:55] [SEVERE ] player 2 placing token on slot 0
[2022-12-10 13:48:55] [SEVERE ] player 2 placing token on slot 5
[2022-12-10 13:48:55] [SEVERE ] removing player 2 token from slot 0
[2022-12-10 13:48:55] [SEVERE ] removing player 2 token from slot 2
[2022-12-10 13:48:55] [SEVERE ] removing player 2 token from slot 5
[2022-12-10 13:48:55] [SEVERE ] player 3 placing token on slot 11
[2022-12-10 13:48:55] [SEVERE ] player 3 placing token on slot 4
[2022-12-10 13:48:55] [SEVERE ] player 3 placing token on slot 2
[2022-12-10 13:48:55] [SEVERE ] removing player 3 token from slot 2
[2022-12-10 13:48:55] [SEVERE ] removing player 3 token from slot 4
[2022-12-10 13:48:55] [SEVERE ] removing player 3 token from slot 11
[2022-12-10 13:48:55] [SEVERE ] player 2 placing token on slot 11
[2022-12-10 13:48:55] [SEVERE ] player 2 placing token on slot 1
[2022-12-10 13:48:55] [SEVERE ] player 2 placing token on slot 5
[2022-12-10 13:48:55] [SEVERE ] removing player 2 token from slot 1
[2022-12-10 13:48:55] [SEVERE ] removing player 2 token from slot 5
[2022-12-10 13:48:55] [SEVERE ] removing player 2 token from slot 11
[2022-12-10 13:48:55] [SEVERE ] player 3 placing token on slot 3
[2022-12-10 13:48:55] [SEVERE ] player 3 placing token on slot 11
[2022-12-10 13:48:55] [SEVERE ] player 3 placing token on slot 10
[2022-12-10 13:48:55] [SEVERE ] removing player 3 token from slot 3
[2022-12-10 13:48:55] [SEVERE ] removing player 3 token from slot 10
[2022-12-10 13:48:55] [SEVERE ] removing player 3 token from slot 11
[2022-12-10 13:48:55] [SEVERE ] player 2 placing token on slot 2
[2022-12-10 13:48:55] [SEVERE ] player 2 placing token on slot 10
[2022-12-10 13:48:55] [SEVERE ] player 2 placing token on slot 3
[2022-12-10 13:48:55] [SEVERE ] removing player 2 token from slot 2
[2022-12-10 13:48:55] [SEVERE ] removing player 2 token from slot 3
[2022-12-10 13:48:55] [SEVERE ] removing player 2 token from slot 10
[2022-12-10 13:48:55] [SEVERE ] player 3 placing token on slot 8
[2022-12-10 13:48:55] [SEVERE ] player 3 placing token on slot 5
[2022-12-10 13:48:55] [SEVERE ] player 3 placing token on slot 0
[2022-12-10 13:48:55] [SEVERE ] removing player 3 token from slot 0
[2022-12-10 13:48:55] [SEVERE ] removing player 3 token from slot 5
[2022-12-10 13:48:55] [SEVERE ] removing player 3 token from slot 8
[2022-12-10 13:48:55] [SEVERE ] player 2 placing token on slot 2
[2022-12-10 13:48:55] [SEVERE ] player 2 placing token on slot 5
[2022-12-10 13:48:55] [SEVERE ] player 2 placing token on slot 7
[2022-12-10 13:48:55] [SEVERE ] removing player 2 token from slot 2
[2022-12-10 13:48:55] [SEVERE ] removing player 2 token from slot 5
[2022-12-10 13:48:55] [SEVERE ] removing player 2 token from slot 7
[2022-12-10 13:48:55] [SEVERE ] player 3 placing token on slot 10
[2022-12-10 13:48:55] [SEVERE ] player 3 placing token on slot 1
[2022-12-10 13:48:55] [SEVERE ] player 3 placing token on slot 0
[2022-12-10 13:48:55] [SEVERE ] removing player 3 token from slot 0
[2022-12-10 13:48:55] [SEVERE ] removing player 3 token from slot 1
[2022-12-10 13:48:55] [SEVERE ] removing player 3 token from slot 10
[2022-12-10 13:48:55] [SEVERE ] player 2 placing token on slot 3
[2022-12-10 13:48:55] [SEVERE ] player 2 placing token on slot 2
[2022-12-10 13:48:55] [SEVERE ] player 2 placing token on slot 6
[2022-12-10 13:48:55] [SEVERE ] removing player 2 token from slot 2
[2022-12-10 13:48:55] [SEVERE ] removing player 2 token from slot 3
[2022-12-10 13:48:55] [SEVERE ] removing player 2 token from slot 6
[2022-12-10 13:48:55] [SEVERE ] player 3 placing token on slot 9
[2022-12-10 13:48:56] [SEVERE ] player 3 placing token on slot 2
[2022-12-10 13:48:56] [SEVERE ] player 3 placing token on slot 1
[2022-12-10 13:48:56] [SEVERE ] removing player 3 token from slot 1
[2022-12-10 13:48:56] [SEVERE ] removing player 3 token from slot 2
[2022-12-10 13:48:56] [SEVERE ] removing player 3 token from slot 9
[2022-12-10 13:48:56] [SEVERE ] player 2 placing token on slot 0
[2022-12-10 13:48:56] [SEVERE ] player 2 placing token on slot 5
[2022-12-10 13:48:56] [SEVERE ] player 2 placing token on slot 3
[2022-12-10 13:48:56] [SEVERE ] removing player 2 token from slot 0
[2022-12-10 13:48:56] [SEVERE ] removing player 2 token from slot 3
[2022-12-10 13:48:56] [SEVERE ] removing player 2 token from slot 5
[2022-12-10 13:48:56] [SEVERE ] player 3 placing token on slot 6
[2022-12-10 13:48:56] [SEVERE ] player 3 placing token on slot 11
[2022-12-10 13:48:56] [SEVERE ] player 3 placing token on slot 1
[2022-12-10 13:48:56] [SEVERE ] removing player 3 token from slot 1
[2022-12-10 13:48:56] [SEVERE ] removing player 3 token from slot 6
[2022-12-10 13:48:56] [SEVERE ] removing player 3 token from slot 11
[2022-12-10 13:48:56] [SEVERE ] player 2 placing token on slot 5
[2022-12-10 13:48:56] [SEVERE ] player 2 placing token on slot 10
[2022-12-10 13:48:56] [SEVERE ] player 2 placing token on slot 7
[2022-12-10 13:48:56] [SEVERE ] removing player 2 token from slot 5
[2022-12-10 13:48:56] [SEVERE ] removing player 2 token from slot 7
[2022-12-10 13:48:56] [SEVERE ] removing player 2 token from slot 10
[2022-12-10 13:48:56] [SEVERE ] player 3 placing token on slot 0
[2022-12-10 13:48:56] [SEVERE ] player 3 placing token on slot 11
[2022-12-10 13:48:56] [SEVERE ] player 2 placing token on slot 1
[2022-12-10 13:48:56] [SEVERE ] player 3 placing token on slot 8
[2022-12-10 13:48:56] [SEVERE ] removing player 3 token from slot 0
[2022-12-10 13:48:56] [SEVERE ] removing player 3 token from slot 8
[2022-12-10 13:48:56] [SEVERE ] removing player 3 token from slot 11
[2022-12-10 13:48:56] [SEVERE ] player 2 placing token on slot 10
[2022-12-10 13:48:56] [SEVERE ] player 2 placing token on slot 6
[2022-12-10 13:48:56] [SEVERE ] removing player 2 token from slot 1
[2022-12-10 13:48:56] [SEVERE ] removing player 2 token from slot 6
[2022-12-10 13:48:56] [SEVERE ] removing player 2 token from slot 10
[2022-12-10 13:48:56] [SEVERE ] player 3 placing token on slot 2
[2022-12-10 13:48:56] [SEVERE ] player 3 placing token on slot 5
[2022-12-10 13:48:56] [SEVERE ] player 3 placing token on slot 11
[2022-12-10 13:48:56] [SEVERE ] removing player 3 token from slot 2
[2022-12-10 13:48:56] [SEVERE ] removing player 3 token from slot 5
[2022-12-10 13:48:56] [SEVERE ] removing player 3 token from slot 11
[2022-12-10 13:48:56] [SEVERE ] player 2 placing token on slot 5
[2022-12-10 13:48:56] [SEVERE ] player 2 placing token on slot 1
[2022-12-10 13:48:56] [SEVERE ] player 2 placing token on slot 8
[2022-12-10 13:48:56] [SEVERE ] removing player 2 token from slot 1
[2022-12-10 13:48:56] [SEVERE ] removing player 2 token from slot 5
[2022-12-10 13:48:56] [SEVERE ] removing player 2 token from slot 8
[2022-12-10 13:48:56] [SEVERE ] player 3 placing token on slot 10
[2022-12-10 13:48:56] [SEVERE ] player 3 placing token on slot 0
[2022-12-10 13:48:56] [SEVERE ] player 2 placing token on slot 2
[2022-12-10 13:48:56] [SEVERE ] player 3 placing token on slot 6
[2022-12-10 13:48:56] [SEVERE ] removing player 3 token from slot 0
[2022-12-10 13:48:56] [SEVERE ] removing player 3 token from slot 6
[2022-12-10 13:48:56] [SEVERE ] removing player 3 token from slot 10
[2022-12-10 13:48:56] [SEVERE ] player 2 placing token on slot 11
[2022-12-10 13:48:56] [SEVERE ] player 2 placing token on slot 0
[2022-12-10 13:48:56] [SEVERE ] removing player 2 token from slot 0
[2022-12-10 13:48:56] [SEVERE ] removing player 2 token from slot 2
[2022-12-10 13:48:56] [SEVERE ] removing player 2 token from slot 11
[2022-12-10 13:48:56] [SEVERE ] player 3 placing token on slot 5
[2022-12-10 13:48:56] [SEVERE ] player 3 placing token on slot 4
[2022-12-10 13:48:56] [SEVERE ] player 2 placing token on slot 8
[2022-12-10 13:48:56] [SEVERE ] player 3 placing token on slot 7
[2022-12-10 13:48:56] [SEVERE ] removing player 3 token from slot 4
[2022-12-10 13:48:56] [SEVERE ] removing player 3 token from slot 5
[2022-12-10 13:48:56] [SEVERE ] removing player 3 token from slot 7
[2022-12-10 13:48:56] [SEVERE ] player 2 placing token on slot 6
[2022-12-10 13:48:56] [SEVERE ] player 2 placing token on slot 1
[2022-12-10 13:48:56] [SEVERE ] removing player 2 token from slot 1
[2022-12-10 13:48:56] [SEVERE ] removing player 2 token from slot 6
[2022-12-10 13:48:56] [SEVERE ] removing player 2 token from slot 8
[2022-12-10 13:48:57] [SEVERE ] player 3 placing token on slot 8
[2022-12-10 13:48:57] [SEVERE ] player 3 placing token on slot 10
[2022-12-10 13:48:57] [SEVERE ] player 2 placing token on slot 9
[2022-12-10 13:48:57] [SEVERE ] player 3 placing token on slot 6
[2022-12-10 13:48:57] [SEVERE ] removing player 3 token from slot 6
[2022-12-10 13:48:57] [SEVERE ] removing player 3 token from slot 8
[2022-12-10 13:48:57] [SEVERE ] removing player 3 token from slot 10
[2022-12-10 13:48:57] [SEVERE ] player 2 placing token on slot 11
[2022-12-10 13:48:57] [SEVERE ] player 2 placing token on slot 5
[2022-12-10 13:48:57] [SEVERE ] removing player 2 token from slot 5
[2022-12-10 13:48:57] [SEVERE ] removing player 2 token from slot 9
[2022-12-10 13:48:57] [SEVERE ] removing player 2 token from slot 11
[2022-12-10 13:48:57] [SEVERE ] player 3 placing token on slot 11
[2022-12-10 13:48:57] [SEVERE ] player 3 placing token on slot 10
[2022-12-10 13:48:57] [SEVERE ] player 3 placing token on slot 2
[2022-12-10 13:48:57] [SEVERE ] removing player 3 token from slot 2
[2022-12-10 13:48:57] [SEVERE ] removing player 3 token from slot 10
[2022-12-10 13:48:57] [SEVERE ] removing player 3 token from slot 11
[2022-12-10 13:48:57] [SEVERE ] player 2 placing token on slot 9
[2022-12-10 13:48:57] [SEVERE ] player 2 placing token on slot 1
[2022-12-10 13:48:57] [SEVERE ] player 2 placing token on slot 4
[2022-12-10 13:48:57] [SEVERE ] removing player 2 token from slot 1
[2022-12-10 13:48:57] [SEVERE ] removing player 2 token from slot 4
[2022-12-10 13:48:57] [SEVERE ] removing player 2 token from slot 9
[2022-12-10 13:48:57] [SEVERE ] player 3 placing token on slot 7
[2022-12-10 13:48:57] [SEVERE ] player 3 placing token on slot 10
[2022-12-10 13:48:57] [SEVERE ] player 3 placing token on slot 1
[2022-12-10 13:48:57] [SEVERE ] removing player 3 token from slot 1
[2022-12-10 13:48:57] [SEVERE ] removing player 3 token from slot 7
[2022-12-10 13:48:57] [SEVERE ] removing player 3 token from slot 10
[2022-12-10 13:48:57] [SEVERE ] player 2 placing token on slot 9
[2022-12-10 13:48:57] [SEVERE ] player 2 placing token on slot 5
[2022-12-10 13:48:57] [SEVERE ] player 2 placing token on slot 1
[2022-12-10 13:48:57] [SEVERE ] removing player 2 token from slot 1
[2022-12-10 13:48:57] [SEVERE ] removing player 2 token from slot 5
[2022-12-10 13:48:57] [SEVERE ] removing player 2 token from slot 9
[2022-12-10 13:48:57] [SEVERE ] player 3 placing token on slot 7
[2022-12-10 13:48:57] [SEVERE ] player 3 placing token on slot 2
[2022-12-10 13:48:57] [SEVERE ] player 2 placing token on slot 2
[2022-12-10 13:48:57] [SEVERE ] player 3 placing token on slot 1
[2022-12-10 13:48:57] [SEVERE ] removing player 3 token from slot 1
[2022-12-10 13:48:57] [SEVERE ] removing player 3 token from slot 2
[2022-12-10 13:48:57] [SEVERE ] removing player 3 token from slot 7
[2022-12-10 13:48:57] [SEVERE ] player 2 placing token on slot 1
[2022-12-10 13:48:57] [SEVERE ] player 2 placing token on slot 9
[2022-12-10 13:48:57] [SEVERE ] removing player 2 token from slot 1
[2022-12-10 13:48:57] [SEVERE ] removing player 2 token from slot 2
[2022-12-10 13:48:57] [SEVERE ] removing player 2 token from slot 9
[2022-12-10 13:48:57] [SEVERE ] player 3 placing token on slot 6
[2022-12-10 13:48:57] [SEVERE ] player 3 placing token on slot 9
[2022-12-10 13:48:57] [SEVERE ] player 2 placing token on slot 5
[2022-12-10 13:48:57] [SEVERE ] player 3 placing token on slot 8
[2022-12-10 13:48:57] [SEVERE ] removing player 3 token from slot 6
[2022-12-10 13:48:57] [SEVERE ] removing player 3 token from slot 8
[2022-12-10 13:48:57] [SEVERE ] removing player 3 token from slot 9
[2022-12-10 13:48:57] [SEVERE ] player 2 placing token on slot 4
[2022-12-10 13:48:57] [SEVERE ] player 2 placing token on slot 1
[2022-12-10 13:48:57] [SEVERE ] removing player 2 token from slot 1
[2022-12-10 13:48:57] [SEVERE ] removing player 2 token from slot 4
[2022-12-10 13:48:57] [SEVERE ] removing player 2 token from slot 5
[2022-12-10 13:48:57] [SEVERE ] player 3 placing token on slot 9
[2022-12-10 13:48:57] [SEVERE ] player 3 placing token on slot 3
[2022-12-10 13:48:57] [SEVERE ] player 2 placing token on slot 5
[2022-12-10 13:48:58] [SEVERE ] player 3 placing token on slot 2
[2022-12-10 13:48:58] [SEVERE ] removing player 3 token from slot 2
[2022-12-10 13:48:58] [SEVERE ] removing player 3 token from slot 3
[2022-12-10 13:48:58] [SEVERE ] removing player 3 token from slot 9
[2022-12-10 13:48:58] [SEVERE ] player 2 placing token on slot 2
[2022-12-10 13:48:58] [SEVERE ] player 2 placing token on slot 11
[2022-12-10 13:48:58] [SEVERE ] removing player 2 token from slot 2
[2022-12-10 13:48:58] [SEVERE ] removing player 2 token from slot 5
[2022-12-10 13:48:58] [SEVERE ] removing player 2 token from slot 11
[2022-12-10 13:48:58] [SEVERE ] player 3 placing token on slot 6
[2022-12-10 13:48:58] [SEVERE ] player 2 placing token on slot 9
[2022-12-10 13:48:58] [SEVERE ] player 3 placing token on slot 5
[2022-12-10 13:48:58] [SEVERE ] player 2 placing token on slot 8
[2022-12-10 13:48:58] [SEVERE ] player 3 placing token on slot 7
[2022-12-10 13:48:58] [SEVERE ] removing player 3 token from slot 5
[2022-12-10 13:48:58] [SEVERE ] removing player 3 token from slot 6
[2022-12-10 13:48:58] [SEVERE ] removing player 3 token from slot 7
[2022-12-10 13:48:58] [SEVERE ] player 2 placing token on slot 6
[2022-12-10 13:48:58] [SEVERE ] removing player 2 token from slot 6
[2022-12-10 13:48:58] [SEVERE ] removing player 2 token from slot 8
[2022-12-10 13:48:58] [SEVERE ] removing player 2 token from slot 9
[2022-12-10 13:48:58] [SEVERE ] player 3 placing token on slot 8
[2022-12-10 13:48:58] [SEVERE ] player 2 placing token on slot 2
[2022-12-10 13:48:58] [SEVERE ] player 3 placing token on slot 0
[2022-12-10 13:48:58] [SEVERE ] player 2 placing token on slot 4
[2022-12-10 13:48:58] [SEVERE ] player 3 placing token on slot 4
[2022-12-10 13:48:58] [SEVERE ] removing player 3 token from slot 0
[2022-12-10 13:48:58] [SEVERE ] removing player 3 token from slot 4
[2022-12-10 13:48:58] [SEVERE ] removing player 3 token from slot 8
[2022-12-10 13:48:58] [SEVERE ] player 2 placing token on slot 0
[2022-12-10 13:48:58] [SEVERE ] removing player 2 token from slot 0
[2022-12-10 13:48:58] [SEVERE ] removing player 2 token from slot 2
[2022-12-10 13:48:58] [SEVERE ] removing player 2 token from slot 4
[2022-12-10 13:48:58] [SEVERE ] player 3 placing token on slot 8
[2022-12-10 13:48:58] [SEVERE ] player 2 placing token on slot 0
[2022-12-10 13:48:58] [SEVERE ] player 3 placing token on slot 0
[2022-12-10 13:48:58] [SEVERE ] player 3 placing token on slot 10
[2022-12-10 13:48:58] [SEVERE ] removing player 3 token from slot 0
[2022-12-10 13:48:58] [SEVERE ] removing player 3 token from slot 8
[2022-12-10 13:48:58] [SEVERE ] removing player 3 token from slot 10
[2022-12-10 13:48:58] [SEVERE ] player 2 placing token on slot 5
[2022-12-10 13:48:58] [SEVERE ] player 2 placing token on slot 3
[2022-12-10 13:48:58] [SEVERE ] removing player 2 token from slot 0
[2022-12-10 13:48:58] [SEVERE ] removing player 2 token from slot 3
[2022-12-10 13:48:58] [SEVERE ] removing player 2 token from slot 5
[2022-12-10 13:48:58] [SEVERE ] player 3 placing token on slot 6
[2022-12-10 13:48:58] [SEVERE ] player 3 placing token on slot 0
[2022-12-10 13:48:58] [SEVERE ] player 2 placing token on slot 11
[2022-12-10 13:48:58] [SEVERE ] player 3 placing token on slot 11
[2022-12-10 13:48:58] [SEVERE ] removing player 3 token from slot 0
[2022-12-10 13:48:58] [SEVERE ] removing player 3 token from slot 6
[2022-12-10 13:48:58] [SEVERE ] removing player 3 token from slot 11
[2022-12-10 13:48:58] [SEVERE ] player 2 placing token on slot 1
[2022-12-10 13:48:58] [SEVERE ] player 2 placing token on slot 4
[2022-12-10 13:48:58] [SEVERE ] removing player 2 token from slot 1
[2022-12-10 13:48:58] [SEVERE ] removing player 2 token from slot 4
[2022-12-10 13:48:58] [SEVERE ] removing player 2 token from slot 11
[2022-12-10 13:48:58] [SEVERE ] player 3 placing token on slot 0
[2022-12-10 13:48:58] [SEVERE ] player 3 placing token on slot 3
[2022-12-10 13:48:58] [SEVERE ] player 3 placing token on slot 11
[2022-12-10 13:48:58] [SEVERE ] removing player 3 token from slot 0
[2022-12-10 13:48:58] [SEVERE ] removing player 3 token from slot 3
[2022-12-10 13:48:58] [SEVERE ] removing player 3 token from slot 11
[2022-12-10 13:48:58] [SEVERE ] player 2 placing token on slot 6
[2022-12-10 13:48:58] [SEVERE ] player 2 placing token on slot 9
[2022-12-10 13:48:58] [SEVERE ] player 2 placing token on slot 3
[2022-12-10 13:48:58] [SEVERE ] removing player 2 token from slot 3
[2022-12-10 13:48:58] [SEVERE ] removing player 2 token from slot 6
[2022-12-10 13:48:58] [SEVERE ] removing player 2 token from slot 9
[2022-12-10 13:48:58] [SEVERE ] player 3 placing token on slot 5
[2022-12-10 13:48:59] [SEVERE ] player 3 placing token on slot 7
[2022-12-10 13:48:59] [SEVERE ] player 3 placing token on slot 9
[2022-12-10 13:48:59] [SEVERE ] removing player 3 token from slot 5
[2022-12-10 13:48:59] [SEVERE ] removing player 3 token from slot 7
[2022-12-10 13:48:59] [SEVERE ] removing player 3 token from slot 9
[2022-12-10 13:48:59] [SEVERE ] player 2 placing token on slot 0
[2022-12-10 13:48:59] [SEVERE ] player 2 placing token on slot 3
[2022-12-10 13:48:59] [SEVERE ] player 2 placing token on slot 8
[2022-12-10 13:48:59] [SEVERE ] removing player 2 token from slot 0
[2022-12-10 13:48:59] [SEVERE ] removing player 2 token from slot 3
[2022-12-10 13:48:59] [SEVERE ] removing player 2 token from slot 8
[2022-12-10 13:48:59] [SEVERE ] player 3 placing token on slot 11
[2022-12-10 13:48:59] [SEVERE ] player 3 placing token on slot 2
[2022-12-10 13:48:59] [SEVERE ] player 3 placing token on slot 3
[2022-12-10 13:48:59] [SEVERE ] removing player 3 token from slot 2
[2022-12-10 13:48:59] [SEVERE ] removing player 3 token from slot 3
[2022-12-10 13:48:59] [SEVERE ] removing player 3 token from slot 11
[2022-12-10 13:48:59] [SEVERE ] player 2 placing token on slot 11
[2022-12-10 13:48:59] [SEVERE ] player 2 placing token on slot 10
[2022-12-10 13:48:59] [SEVERE ] player 2 placing token on slot 0
[2022-12-10 13:48:59] [SEVERE ] removing player 2 token from slot 0
[2022-12-10 13:48:59] [SEVERE ] removing player 2 token from slot 10
[2022-12-10 13:48:59] [SEVERE ] removing player 2 token from slot 11
[2022-12-10 13:48:59] [SEVERE ] player 3 placing token on slot 8
[2022-12-10 13:48:59] [SEVERE ] player 3 placing token on slot 6
[2022-12-10 13:48:59] [SEVERE ] player 3 placing token on slot 3
[2022-12-10 13:48:59] [SEVERE ] removing player 3 token from slot 3
[2022-12-10 13:48:59] [SEVERE ] removing player 3 token from slot 6
[2022-12-10 13:48:59] [SEVERE ] removing player 3 token from slot 8
[2022-12-10 13:48:59] [SEVERE ] player 2 placing token on slot 9
[2022-12-10 13:48:59] [SEVERE ] player 2 placing token on slot 5
[2022-12-10 13:48:59] [SEVERE ] player 2 placing token on slot 1
[2022-12-10 13:48:59] [SEVERE ] removing player 2 token from slot 1
[2022-12-10 13:48:59] [SEVERE ] removing player 2 token from slot 5
[2022-12-10 13:48:59] [SEVERE ] removing player 2 token from slot 9
[2022-12-10 13:48:59] [SEVERE ] player 3 placing token on slot 8
[2022-12-10 13:48:59] [SEVERE ] player 3 placing token on slot 0
[2022-12-10 13:48:59] [SEVERE ] player 3 placing token on slot 5
[2022-12-10 13:48:59] [SEVERE ] removing player 3 token from slot 0
[2022-12-10 13:48:59] [SEVERE ] removing player 3 token from slot 5
[2022-12-10 13:48:59] [SEVERE ] removing player 3 token from slot 8
[2022-12-10 13:48:59] [SEVERE ] player 2 placing token on slot 10
[2022-12-10 13:48:59] [SEVERE ] player 2 placing token on slot 4
[2022-12-10 13:48:59] [SEVERE ] player 2 placing token on slot 9
[2022-12-10 13:48:59] [SEVERE ] removing player 2 token from slot 4
[2022-12-10 13:48:59] [SEVERE ] removing player 2 token from slot 9
[2022-12-10 13:48:59] [SEVERE ] removing player 2 token from slot 10
[2022-12-10 13:48:59] [SEVERE ] player 3 placing token on slot 0
[2022-12-10 13:48:59] [SEVERE ] player 3 placing token on slot 3
[2022-12-10 13:48:59] [SEVERE ] player 3 placing token on slot 9
[2022-12-10 13:48:59] [SEVERE ] removing player 3 token from slot 0
[2022-12-10 13:48:59] [SEVERE ] removing player 3 token from slot 3
[2022-12-10 13:48:59] [SEVERE ] removing player 3 token from slot 9
[2022-12-10 13:48:59] [SEVERE ] player 2 placing token on slot 0
[2022-12-10 13:48:59] [SEVERE ] player 2 placing token on slot 1
[2022-12-10 13:48:59] [SEVERE ] player 2 placing token on slot 10
[2022-12-10 13:48:59] [SEVERE ] removing player 2 token from slot 0
[2022-12-10 13:48:59] [SEVERE ] removing player 2 token from slot 1
[2022-12-10 13:48:59] [SEVERE ] removing player 2 token from slot 10
[2022-12-10 13:48:59] [SEVERE ] player 3 placing token on slot 0
[2022-12-10 13:48:59] [SEVERE ] player 3 placing token on slot 1
[2022-12-10 13:48:59] [SEVERE ] player 3 placing token on slot 6
[2022-12-10 13:48:59] [SEVERE ] removing player 3 token from slot 0
[2022-12-10 13:48:59] [SEVERE ] removing player 3 token from slot 1
[2022-12-10 13:48:59] [SEVERE ] removing player 3 token from slot 6
[2022-12-10 13:48:59] [SEVERE ] player 2 placing token on slot 5
[2022-12-10 13:48:59] [SEVERE ] player 2 placing token on slot 8
[2022-12-10 13:49:00] [SEVERE ] player 2 placing token on slot 2
[2022-12-10 13:49:00] [SEVERE ] removing player 2 token from slot 2
[2022-12-10 13:49:00] [SEVERE ] removing player 2 token from slot 5
[2022-12-10 13:49:00] [SEVERE ] removing player 2 token from slot 8
[2022-12-10 13:49:00] [SEVERE ] player 3 placing token on slot 7
[2022-12-10 13:49:00] [SEVERE ] player 3 placing token on slot 10
[2022-12-10 13:49:00] [SEVERE ] player 3 placing token on slot 1
[2022-12-10 13:49:00] [SEVERE ] removing player 3 token from slot 1
[2022-12-10 13:49:00] [SEVERE ] removing player 3 token from slot 7
[2022-12-10 13:49:00] [SEVERE ] removing player 3 token from slot 10
[2022-12-10 13:49:00] [SEVERE ] player 2 placing token on slot 6
[2022-12-10 13:49:00] [SEVERE ] player 2 placing token on slot 9
[2022-12-10 13:49:00] [SEVERE ] player 2 placing token on slot 11
[2022-12-10 13:49:00] [SEVERE ] removing player 2 token from slot 6
[2022-12-10 13:49:00] [SEVERE ] removing player 2 token from slot 9
[2022-12-10 13:49:00] [SEVERE ] removing player 2 token from slot 11
[2022-12-10 13:49:00] [SEVERE ] player 3 placing token on slot 0
[2022-12-10 13:49:00] [SEVERE ] player 3 placing token on slot 8
[2022-12-10 13:49:00] [SEVERE ] player 3 placing token on slot 3
[2022-12-10 13:49:00] [SEVERE ] removing player 3 token from slot 0
[2022-12-10 13:49:00] [SEVERE ] removing player 3 token from slot 3
[2022-12-10 13:49:00] [SEVERE ] removing player 3 token from slot 8
[2022-12-10 13:49:00] [SEVERE ] player 2 placing token on slot 5
[2022-12-10 13:49:00] [SEVERE ] player 2 placing token on slot 0
[2022-12-10 13:49:00] [SEVERE ] player 2 placing token on slot 4
[2022-12-10 13:49:00] [SEVERE ] removing player 2 token from slot 0
[2022-12-10 13:49:00] [SEVERE ] removing player 2 token from slot 4
[2022-12-10 13:49:00] [SEVERE ] removing player 2 token from slot 5
[2022-12-10 13:49:00] [SEVERE ] player 3 placing token on slot 5
[2022-12-10 13:49:00] [SEVERE ] player 3 placing token on slot 10
[2022-12-10 13:49:00] [SEVERE ] player 3 placing token on slot 3
[2022-12-10 13:49:00] [SEVERE ] removing player 3 token from slot 3
[2022-12-10 13:49:00] [SEVERE ] removing player 3 token from slot 5
[2022-12-10 13:49:00] [SEVERE ] removing player 3 token from slot 10
[2022-12-10 13:49:00] [SEVERE ] player 2 placing token on slot 8
[2022-12-10 13:49:00] [SEVERE ] player 2 placing token on slot 6
[2022-12-10 13:49:00] [SEVERE ] player 2 placing token on slot 9
[2022-12-10 13:49:00] [SEVERE ] removing player 2 token from slot 6
[2022-12-10 13:49:00] [SEVERE ] removing player 2 token from slot 8
[2022-12-10 13:49:00] [SEVERE ] removing player 2 token from slot 9
[2022-12-10 13:49:00] [SEVERE ] player 3 placing token on slot 5
[2022-12-10 13:49:00] [SEVERE ] player 3 placing token on slot 0
[2022-12-10 13:49:00] [SEVERE ] player 3 placing token on slot 2
[2022-12-10 13:49:00] [SEVERE ] removing player 3 token from slot 0
[2022-12-10 13:49:00] [SEVERE ] removing player 3 token from slot 2
[2022-12-10 13:49:00] [SEVERE ] removing player 3 token from slot 5
[2022-12-10 13:49:00] [SEVERE ] player 2 placing token on slot 1
[2022-12-10 13:49:00] [SEVERE ] player 2 placing token on slot 5
[2022-12-10 13:49:00] [SEVERE ] player 2 placing token on slot 0
[2022-12-10 13:49:00] [SEVERE ] removing player 2 token from slot 0
[2022-12-10 13:49:00] [SEVERE ] removing player 2 token from slot 1
[2022-12-10 13:49:00] [SEVERE ] removing player 2 token from slot 5
[2022-12-10 13:49:00] [SEVERE ] player 3 placing token on slot 9
[2022-12-10 13:49:00] [SEVERE ] player 3 placing token on slot 0
[2022-12-10 13:49:00] [SEVERE ] player 3 placing token on slot 4
[2022-12-10 13:49:00] [SEVERE ] removing player 3 token from slot 0
[2022-12-10 13:49:00] [SEVERE ] removing player 3 token from slot 4
[2022-12-10 13:49:00] [SEVERE ] removing player 3 token from slot 9
[2022-12-10 13:49:00] [SEVERE ] player 2 placing token on slot 2
[2022-12-10 13:49:00] [SEVERE ] player 2 placing token on slot 1
[2022-12-10 13:49:00] [SEVERE ] player 2 placing token on slot 10
[2022-12-10 13:49:00] [SEVERE ] removing player 2 token from slot 1
[2022-12-10 13:49:00] [SEVERE ] removing player 2 token from slot 2
[2022-12-10 13:49:00] [SEVERE ] removing player 2 token from slot 10
[2022-12-10 13:49:00] [SEVERE ] player 3 placing token on slot 4
[2022-12-10 13:49:00] [SEVERE ] player 3 placing token on slot 0
[2022-12-10 13:49:00] [SEVERE ] player 3 placing token on slot 11
[2022-12-10 13:49:00] [SEVERE ] removing player 3 token from slot 0
[2022-12-10 13:49:00] [SEVERE ] removing player 3 token from slot 4
[2022-12-10 13:49:00] [SEVERE ] removing player 3 token from slot 11
[2022-12-10 13:49:01] [SEVERE ] player 2 placing token on slot 4
[2022-12-10 13:49:01] [SEVERE ] player 2 placing token on slot 10
[2022-12-10 13:49:01] [SEVERE ] player 2 placing token on slot 7
[2022-12-10 13:49:01] [SEVERE ] removing player 2 token from slot 4
[2022-12-10 13:49:01] [SEVERE ] removing player 2 token from slot 7
[2022-12-10 13:49:01] [SEVERE ] removing player 2 token from slot 10
[2022-12-10 13:49:01] [SEVERE ] player 3 placing token on slot 1
[2022-12-10 13:49:01] [SEVERE ] player 3 placing token on slot 9
[2022-12-10 13:49:01] [SEVERE ] player 3 placing token on slot 0
[2022-12-10 13:49:01] [SEVERE ] removing player 3 token from slot 0
[2022-12-10 13:49:01] [SEVERE ] removing player 3 token from slot 1
[2022-12-10 13:49:01] [SEVERE ] removing player 3 token from slot 9
[2022-12-10 13:49:01] [SEVERE ] player 2 placing token on slot 8
[2022-12-10 13:49:01] [SEVERE ] player 2 placing token on slot 2
[2022-12-10 13:49:01] [SEVERE ] player 2 placing token on slot 4
[2022-12-10 13:49:01] [SEVERE ] removing player 2 token from slot 2
[2022-12-10 13:49:01] [SEVERE ] removing player 2 token from slot 4
[2022-12-10 13:49:01] [SEVERE ] removing player 2 token from slot 8
[2022-12-10 13:49:01] [SEVERE ] player 3 placing token on slot 4
[2022-12-10 13:49:01] [SEVERE ] player 3 placing token on slot 9
[2022-12-10 13:49:01] [SEVERE ] player 3 placing token on slot 11
[2022-12-10 13:49:01] [SEVERE ] removing player 3 token from slot 4
[2022-12-10 13:49:01] [SEVERE ] removing player 3 token from slot 9
[2022-12-10 13:49:01] [SEVERE ] removing player 3 token from slot 11
[2022-12-10 13:49:01] [SEVERE ] player 2 placing token on slot 7
[2022-12-10 13:49:01] [SEVERE ] player 2 placing token on slot 5
[2022-12-10 13:49:01] [SEVERE ] player 2 placing token on slot 1
[2022-12-10 13:49:01] [SEVERE ] removing player 2 token from slot 1
[2022-12-10 13:49:01] [SEVERE ] removing player 2 token from slot 5
[2022-12-10 13:49:01] [SEVERE ] removing player 2 token from slot 7
[2022-12-10 13:49:01] [SEVERE ] player 3 placing token on slot 10
[2022-12-10 13:49:01] [SEVERE ] player 3 placing token on slot 4
[2022-12-10 13:49:01] [SEVERE ] player 3 placing token on slot 0
[2022-12-10 13:49:01] [SEVERE ] removing player 3 token from slot 0
[2022-12-10 13:49:01] [SEVERE ] removing player 3 token from slot 4
[2022-12-10 13:49:01] [SEVERE ] removing player 3 token from slot 10
[2022-12-10 13:49:01] [SEVERE ] player 2 placing token on slot 5
[2022-12-10 13:49:01] [SEVERE ] player 2 placing token on slot 6
[2022-12-10 13:49:01] [SEVERE ] player 2 placing token on slot 10
[2022-12-10 13:49:01] [SEVERE ] removing player 2 token from slot 5
[2022-12-10 13:49:01] [SEVERE ] removing player 2 token from slot 6
[2022-12-10 13:49:01] [SEVERE ] removing player 2 token from slot 10
[2022-12-10 13:49:01] [SEVERE ] player 3 placing token on slot 8
[2022-12-10 13:49:01] [SEVERE ] player 3 placing token on slot 11
[2022-12-10 13:49:01] [SEVERE ] player 3 placing token on slot 9
[2022-12-10 13:49:01] [SEVERE ] removing player 3 token from slot 8
[2022-12-10 13:49:01] [SEVERE ] removing player 3 token from slot 9
[2022-12-10 13:49:01] [SEVERE ] removing player 3 token from slot 11
[2022-12-10 13:49:01] [SEVERE ] player 2 placing token on slot 0
[2022-12-10 13:49:01] [SEVERE ] player 2 placing token on slot 3
[2022-12-10 13:49:01] [SEVERE ] player 2 placing token on slot 1
[2022-12-10 13:49:01] [SEVERE ] removing player 2 token from slot 0
[2022-12-10 13:49:01] [SEVERE ] removing player 2 token from slot 1
[2022-12-10 13:49:01] [SEVERE ] removing player 2 token from slot 3
[2022-12-10 13:49:01] [SEVERE ] player 3 placing token on slot 8
[2022-12-10 13:49:01] [SEVERE ] player 3 placing token on slot 9
[2022-12-10 13:49:01] [SEVERE ] player 3 placing token on slot 6
[2022-12-10 13:49:01] [SEVERE ] removing player 3 token from slot 6
[2022-12-10 13:49:01] [SEVERE ] removing player 3 token from slot 8
[2022-12-10 13:49:01] [SEVERE ] removing player 3 token from slot 9
[2022-12-10 13:49:01] [SEVERE ] player 2 placing token on slot 3
[2022-12-10 13:49:01] [SEVERE ] player 2 placing token on slot 10
[2022-12-10 13:49:01] [SEVERE ] player 2 placing token on slot 7
[2022-12-10 13:49:01] [SEVERE ] removing player 2 token from slot 3
[2022-12-10 13:49:01] [SEVERE ] removing player 2 token from slot 7
[2022-12-10 13:49:01] [SEVERE ] removing player 2 token from slot 10
[2022-12-10 13:49:02] [SEVERE ] player 3 placing token on slot 9
[2022-12-10 13:49:02] [SEVERE ] player 3 placing token on slot 11
[2022-12-10 13:49:02] [SEVERE ] player 3 placing token on slot 8
[2022-12-10 13:49:02] [SEVERE ] removing player 3 token from slot 8
[2022-12-10 13:49:02] [SEVERE ] removing player 3 token from slot 9
[2022-12-10 13:49:02] [SEVERE ] removing player 3 token from slot 11
[2022-12-10 13:49:02] [SEVERE ] player 2 placing token on slot 8
[2022-12-10 13:49:02] [SEVERE ] player 2 placing token on slot 7
[2022-12-10 13:49:02] [SEVERE ] player 2 placing token on slot 3
[2022-12-10 13:49:02] [SEVERE ] removing player 2 token from slot 3
[2022-12-10 13:49:02] [SEVERE ] removing player 2 token from slot 7
[2022-12-10 13:49:02] [SEVERE ] removing player 2 token from slot 8
[2022-12-10 13:49:02] [SEVERE ] player 3 placing token on slot 10
[2022-12-10 13:49:02] [SEVERE ] player 3 placing token on slot 7
[2022-12-10 13:49:02] [SEVERE ] player 3 placing token on slot 11
[2022-12-10 13:49:02] [SEVERE ] removing player 3 token from slot 7
[2022-12-10 13:49:02] [SEVERE ] removing player 3 token from slot 10
[2022-12-10 13:49:02] [SEVERE ] removing player 3 token from slot 11
[2022-12-10 13:49:02] [SEVERE ] player 2 placing token on slot 1
[2022-12-10 13:49:02] [SEVERE ] player 2 placing token on slot 10
[2022-12-10 13:49:02] [SEVERE ] player 2 placing token on slot 5
[2022-12-10 13:49:02] [SEVERE ] removing player 2 token from slot 1
[2022-12-10 13:49:02] [SEVERE ] removing player 2 token from slot 5
[2022-12-10 13:49:02] [SEVERE ] removing player 2 token from slot 10
[2022-12-10 13:49:02] [SEVERE ] player 3 placing token on slot 5
[2022-12-10 13:49:02] [SEVERE ] player 3 placing token on slot 1
[2022-12-10 13:49:02] [SEVERE ] player 3 placing token on slot 9
[2022-12-10 13:49:02] [SEVERE ] removing player 3 token from slot 1
[2022-12-10 13:49:02] [SEVERE ] removing player 3 token from slot 5
[2022-12-10 13:49:02] [SEVERE ] removing player 3 token from slot 9
[2022-12-10 13:49:02] [SEVERE ] player 2 placing token on slot 2
[2022-12-10 13:49:02] [SEVERE ] player 2 placing token on slot 0
[2022-12-10 13:49:02] [SEVERE ] player 2 placing token on slot 10
[2022-12-10 13:49:02] [SEVERE ] removing player 2 token from slot 0
[2022-12-10 13:49:02] [SEVERE ] removing player 2 token from slot 2
[2022-12-10 13:49:02] [SEVERE ] removing player 2 token from slot 10
[2022-12-10 13:49:02] [SEVERE ] player 3 placing token on slot 8
[2022-12-10 13:49:02] [SEVERE ] player 3 placing token on slot 2
[2022-12-10 13:49:02] [SEVERE ] player 3 placing token on slot 4
[2022-12-10 13:49:02] [SEVERE ] removing player 3 token from slot 2
[2022-12-10 13:49:02] [SEVERE ] removing player 3 token from slot 4
[2022-12-10 13:49:02] [SEVERE ] removing player 3 token from slot 8
[2022-12-10 13:49:02] [SEVERE ] player 2 placing token on slot 6
[2022-12-10 13:49:02] [SEVERE ] player 2 placing token on slot 1
[2022-12-10 13:49:02] [SEVERE ] player 2 placing token on slot 3
[2022-12-10 13:49:02] [SEVERE ] removing player 2 token from slot 1
[2022-12-10 13:49:02] [SEVERE ] removing player 2 token from slot 3
[2022-12-10 13:49:02] [SEVERE ] removing player 2 token from slot 6
[2022-12-10 13:49:02] [SEVERE ] player 3 placing token on slot 0
[2022-12-10 13:49:02] [SEVERE ] player 3 placing token on slot 5
[2022-12-10 13:49:02] [SEVERE ] player 2 placing token on slot 10
[2022-12-10 13:49:02] [SEVERE ] player 3 placing token on slot 1
[2022-12-10 13:49:02] [SEVERE ] removing player 3 token from slot 0
[2022-12-10 13:49:02] [SEVERE ] removing player 3 token from slot 1
[2022-12-10 13:49:02] [SEVERE ] removing player 3 token from slot 5
[2022-12-10 13:49:02] [SEVERE ] player 2 placing token on slot 4
[2022-12-10 13:49:02] [SEVERE ] player 2 placing token on slot 1
[2022-12-10 13:49:02] [SEVERE ] removing player 2 token from slot 1
[2022-12-10 13:49:02] [SEVERE ] removing player 2 token from slot 4
[2022-12-10 13:49:02] [SEVERE ] removing player 2 token from slot 10
[2022-12-10 13:49:02] [SEVERE ] player 3 placing token on slot 1
[2022-12-10 13:49:02] [SEVERE ] player 3 placing token on slot 7
[2022-12-10 13:49:02] [SEVERE ] player 2 placing token on slot 2
[2022-12-10 13:49:02] [SEVERE ] player 3 placing token on slot 4
[2022-12-10 13:49:02] [SEVERE ] removing player 3 token from slot 1
[2022-12-10 13:49:02] [SEVERE ] removing player 3 token from slot 4
[2022-12-10 13:49:02] [SEVERE ] removing player 3 token from slot 7
[2022-12-10 13:49:02] [SEVERE ] player 2 placing token on slot 1
[2022-12-10 13:49:02] [SEVERE ] player 2 placing token on slot 5
[2022-12-10 13:49:02] [SEVERE ] removing player 2 token from slot 1
[2022-12-10 13:49:02] [SEVERE ] removing player 2 token from slot 2
[2022-12-10 13:49:02] [SEVERE ] removing player 2 token from slot 5
[2022-12-10 13:49:03] [SEVERE ] player 3 placing token on slot 6
[2022-12-10 13:49:03] [SEVERE ] player 3 placing token on slot 10
[2022-12-10 13:49:03] [SEVERE ] player 2 placing token on slot 1
[2022-12-10 13:49:03] [SEVERE ] player 3 placing token on slot 3
[2022-12-10 13:49:03] [SEVERE ] removing player 3 token from slot 3
[2022-12-10 13:49:03] [SEVERE ] removing player 3 token from slot 6
[2022-12-10 13:49:03] [SEVERE ] removing player 3 token from slot 10
[2022-12-10 13:49:03] [SEVERE ] player 2 placing token on slot 10
[2022-12-10 13:49:03] [SEVERE ] player 2 placing token on slot 3
[2022-12-10 13:49:03] [SEVERE ] removing player 2 token from slot 1
[2022-12-10 13:49:03] [SEVERE ] removing player 2 token from slot 3
[2022-12-10 13:49:03] [SEVERE ] removing player 2 token from slot 10
[2022-12-10 13:49:03] [SEVERE ] player 3 placing token on slot 6
[2022-12-10 13:49:03] [SEVERE ] player 2 placing token on slot 4
[2022-12-10 13:49:03] [SEVERE ] player 3 placing token on slot 9
[2022-12-10 13:49:03] [SEVERE ] player 2 placing token on slot 11
[2022-12-10 13:49:03] [SEVERE ] player 3 placing token on slot 11
[2022-12-10 13:49:03] [SEVERE ] removing player 3 token from slot 6
[2022-12-10 13:49:03] [SEVERE ] removing player 3 token from slot 9
[2022-12-10 13:49:03] [SEVERE ] removing player 3 token from slot 11
[2022-12-10 13:49:03] [SEVERE ] player 2 placing token on slot 7
[2022-12-10 13:49:03] [SEVERE ] removing player 2 token from slot 4
[2022-12-10 13:49:03] [SEVERE ] removing player 2 token from slot 7
[2022-12-10 13:49:03] [SEVERE ] removing player 2 token from slot 11
[2022-12-10 13:49:03] [SEVERE ] player 3 placing token on slot 2
[2022-12-10 13:49:03] [SEVERE ] player 3 placing token on slot 3
[2022-12-10 13:49:03] [SEVERE ] player 2 placing token on slot 1
[2022-12-10 13:49:03] [SEVERE ] player 3 placing token on slot 6
[2022-12-10 13:49:03] [SEVERE ] removing player 3 token from slot 2
[2022-12-10 13:49:03] [SEVERE ] removing player 3 token from slot 3
[2022-12-10 13:49:03] [SEVERE ] removing player 3 token from slot 6
[2022-12-10 13:49:03] [SEVERE ] player 2 placing token on slot 9
[2022-12-10 13:49:03] [SEVERE ] player 2 placing token on slot 7
[2022-12-10 13:49:03] [SEVERE ] removing player 2 token from slot 1
[2022-12-10 13:49:03] [SEVERE ] removing player 2 token from slot 7
[2022-12-10 13:49:03] [SEVERE ] removing player 2 token from slot 9
[2022-12-10 13:49:03] [SEVERE ] player 3 placing token on slot 8
[2022-12-10 13:49:03] [SEVERE ] player 3 placing token on slot 6
[2022-12-10 13:49:03] [SEVERE ] player 2 placing token on slot 9
[2022-12-10 13:49:03] [SEVERE ] player 3 placing token on slot 10
[2022-12-10 13:49:03] [SEVERE ] removing player 3 token from slot 6
[2022-12-10 13:49:03] [SEVERE ] removing player 3 token from slot 8
[2022-12-10 13:49:03] [SEVERE ] removing player 3 token from slot 10
[2022-12-10 13:49:03] [SEVERE ] player 2 placing token on slot 1
[2022-12-10 13:49:03] [SEVERE ] player 2 placing token on slot 3
[2022-12-10 13:49:03] [SEVERE ] removing player 2 token from slot 1
[2022-12-10 13:49:03] [SEVERE ] removing player 2 token from slot 3
[2022-12-10 13:49:03] [SEVERE ] removing player 2 token from slot 9
[2022-12-10 13:49:03] [SEVERE ] player 3 placing token on slot 10
[2022-12-10 13:49:03] [SEVERE ] player 3 placing token on slot 0
[2022-12-10 13:49:03] [SEVERE ] player 2 placing token on slot 6
[2022-12-10 13:49:03] [SEVERE ] player 3 placing token on slot 3
[2022-12-10 13:49:03] [SEVERE ] removing player 3 token from slot 0
[2022-12-10 13:49:03] [SEVERE ] removing player 3 token from slot 3
[2022-12-10 13:49:03] [SEVERE ] removing player 3 token from slot 10
[2022-12-10 13:49:03] [SEVERE ] player 2 placing token on slot 5
[2022-12-10 13:49:03] [SEVERE ] player 2 placing token on slot 10
[2022-12-10 13:49:03] [SEVERE ] removing player 2 token from slot 5
[2022-12-10 13:49:03] [SEVERE ] removing player 2 token from slot 6
[2022-12-10 13:49:03] [SEVERE ] removing player 2 token from slot 10
[2022-12-10 13:49:03] [SEVERE ] player 3 placing token on slot 7
[2022-12-10 13:49:03] [SEVERE ] player 2 placing token on slot 7
[2022-12-10 13:49:03] [SEVERE ] player 3 placing token on slot 5
[2022-12-10 13:49:04] [SEVERE ] player 2 placing token on slot 5
[2022-12-10 13:49:04] [SEVERE ] player 3 placing token on slot 0
[2022-12-10 13:49:04] [SEVERE ] removing player 3 token from slot 0
[2022-12-10 13:49:04] [SEVERE ] removing player 3 token from slot 5
[2022-12-10 13:49:04] [SEVERE ] removing player 3 token from slot 7
[2022-12-10 13:49:04] [SEVERE ] player 2 placing token on slot 0
[2022-12-10 13:49:04] [SEVERE ] removing player 2 token from slot 0
[2022-12-10 13:49:04] [SEVERE ] removing player 2 token from slot 5
[2022-12-10 13:49:04] [SEVERE ] removing player 2 token from slot 7
[2022-12-10 13:49:04] [SEVERE ] player 3 placing token on slot 5
[2022-12-10 13:49:04] [SEVERE ] player 3 placing token on slot 2
[2022-12-10 13:49:04] [SEVERE ] player 2 placing token on slot 9
[2022-12-10 13:49:04] [SEVERE ] player 2 placing token on slot 0
[2022-12-10 13:49:04] [SEVERE ] player 3 placing token on slot 3
[2022-12-10 13:49:04] [SEVERE ] removing player 3 token from slot 2
[2022-12-10 13:49:04] [SEVERE ] removing player 3 token from slot 3
[2022-12-10 13:49:04] [SEVERE ] removing player 3 token from slot 5
[2022-12-10 13:49:04] [SEVERE ] player 2 placing token on slot 7
[2022-12-10 13:49:04] [SEVERE ] removing player 2 token from slot 0
[2022-12-10 13:49:04] [SEVERE ] removing player 2 token from slot 7
[2022-12-10 13:49:04] [SEVERE ] removing player 2 token from slot 9
[2022-12-10 13:49:04] [SEVERE ] player 3 placing token on slot 2
[2022-12-10 13:49:04] [SEVERE ] player 2 placing token on slot 4
[2022-12-10 13:49:04] [SEVERE ] player 3 placing token on slot 4
[2022-12-10 13:49:04] [SEVERE ] player 2 placing token on slot 5
[2022-12-10 13:49:04] [SEVERE ] player 3 placing token on slot 11
[2022-12-10 13:49:04] [SEVERE ] removing player 3 token from slot 2
[2022-12-10 13:49:04] [SEVERE ] removing player 3 token from slot 4
[2022-12-10 13:49:04] [SEVERE ] removing player 3 token from slot 11
[2022-12-10 13:49:04] [SEVERE ] player 2 placing token on slot 3
[2022-12-10 13:49:04] [SEVERE ] removing player 2 token from slot 3
[2022-12-10 13:49:04] [SEVERE ] removing player 2 token from slot 4
[2022-12-10 13:49:04] [SEVERE ] removing player 2 token from slot 5
[2022-12-10 13:49:04] [SEVERE ] player 3 placing token on slot 7
[2022-12-10 13:49:04] [SEVERE ] player 3 placing token on slot 9
[2022-12-10 13:49:04] [SEVERE ] player 2 placing token on slot 8
[2022-12-10 13:49:04] [SEVERE ] player 3 placing token on slot 10
[2022-12-10 13:49:04] [SEVERE ] removing player 3 token from slot 7
[2022-12-10 13:49:04] [SEVERE ] removing player 3 token from slot 9
[2022-12-10 13:49:04] [SEVERE ] removing player 3 token from slot 10
[2022-12-10 13:49:04] [SEVERE ] player 2 placing token on slot 1
[2022-12-10 13:49:04] [SEVERE ] player 2 placing token on slot 3
[2022-12-10 13:49:04] [SEVERE ] removing player 2 token from slot 1
[2022-12-10 13:49:04] [SEVERE ] removing player 2 token from slot 3
[2022-12-10 13:49:04] [SEVERE ] removing player 2 token from slot 8
[2022-12-10 13:49:04] [SEVERE ] player 3 placing token on slot 6
[2022-12-10 13:49:04] [SEVERE ] player 3 placing token on slot 7
[2022-12-10 13:49:04] [SEVERE ] player 2 placing token on slot 8
[2022-12-10 13:49:04] [SEVERE ] player 3 placing token on slot 9
[2022-12-10 13:49:04] [SEVERE ] removing player 3 token from slot 6
[2022-12-10 13:49:04] [SEVERE ] removing player 3 token from slot 7
[2022-12-10 13:49:04] [SEVERE ] removing player 3 token from slot 9
[2022-12-10 13:49:04] [SEVERE ] player 2 placing token on slot 0
[2022-12-10 13:49:04] [SEVERE ] player 2 placing token on slot 9
[2022-12-10 13:49:04] [SEVERE ] removing player 2 token from slot 0
[2022-12-10 13:49:04] [SEVERE ] removing player 2 token from slot 8
[2022-12-10 13:49:04] [SEVERE ] removing player 2 token from slot 9
[2022-12-10 13:49:04] [SEVERE ] player 3 placing token on slot 0
[2022-12-10 13:49:04] [SEVERE ] player 3 placing token on slot 10
[2022-12-10 13:49:04] [SEVERE ] player 2 placing token on slot 7
[2022-12-10 13:49:04] [SEVERE ] player 3 placing token on slot 3
[2022-12-10 13:49:04] [SEVERE ] removing player 3 token from slot 0
[2022-12-10 13:49:04] [SEVERE ] removing player 3 token from slot 3
[2022-12-10 13:49:04] [SEVERE ] removing player 3 token from slot 10
[2022-12-10 13:49:04] [SEVERE ] player 2 placing token on slot 6
[2022-12-10 13:49:04] [SEVERE ] player 2 placing token on slot 8
[2022-12-10 13:49:04] [SEVERE ] removing player 2 token from slot 6
[2022-12-10 13:49:04] [SEVERE ] removing player 2 token from slot 7
[2022-12-10 13:49:04] [SEVERE ] removing player 2 token from slot 8
[2022-12-10 13:49:05] [SEVERE ] player 3 placing token on slot 10
[2022-12-10 13:49:05] [SEVERE ] player 3 placing token on slot 0
[2022-12-10 13:49:05] [SEVERE ] player 2 placing token on slot 6
[2022-12-10 13:49:05] [SEVERE ] player 3 placing token on slot 11
[2022-12-10 13:49:05] [SEVERE ] removing player 3 token from slot 0
[2022-12-10 13:49:05] [SEVERE ] removing player 3 token from slot 10
[2022-12-10 13:49:05] [SEVERE ] removing player 3 token from slot 11
[2022-12-10 13:49:05] [SEVERE ] player 2 placing token on slot 1
[2022-12-10 13:49:05] [SEVERE ] player 2 placing token on slot 3
[2022-12-10 13:49:05] [SEVERE ] removing player 2 token from slot 1
[2022-12-10 13:49:05] [SEVERE ] removing player 2 token from slot 3
[2022-12-10 13:49:05] [SEVERE ] removing player 2 token from slot 6
[2022-12-10 13:49:05] [SEVERE ] player 3 placing token on slot 11
[2022-12-10 13:49:05] [SEVERE ] player 3 placing token on slot 2
[2022-12-10 13:49:05] [SEVERE ] player 2 placing token on slot 9
[2022-12-10 13:49:05] [SEVERE ] player 3 placing token on slot 8
[2022-12-10 13:49:05] [SEVERE ] removing player 3 token from slot 2
[2022-12-10 13:49:05] [SEVERE ] removing player 3 token from slot 8
[2022-12-10 13:49:05] [SEVERE ] removing player 3 token from slot 11
[2022-12-10 13:49:05] [SEVERE ] player 2 placing token on slot 8
[2022-12-10 13:49:05] [SEVERE ] player 2 placing token on slot 7
[2022-12-10 13:49:05] [SEVERE ] removing player 2 token from slot 7
[2022-12-10 13:49:05] [SEVERE ] removing player 2 token from slot 8
[2022-12-10 13:49:05] [SEVERE ] removing player 2 token from slot 9
[2022-12-10 13:49:05] [SEVERE ] player 3 placing token on slot 7
[2022-12-10 13:49:05] [SEVERE ] player 3 placing token on slot 4
[2022-12-10 13:49:05] [SEVERE ] player 2 placing token on slot 4
[2022-12-10 13:49:05] [SEVERE ] player 3 placing token on slot 3
[2022-12-10 13:49:05] [SEVERE ] removing player 3 token from slot 3
[2022-12-10 13:49:05] [SEVERE ] removing player 3 token from slot 4
[2022-12-10 13:49:05] [SEVERE ] removing player 3 token from slot 7
[2022-12-10 13:49:05] [SEVERE ] player 2 placing token on slot 9
[2022-12-10 13:49:05] [SEVERE ] player 2 placing token on slot 5
[2022-12-10 13:49:05] [SEVERE ] removing player 2 token from slot 4
[2022-12-10 13:49:05] [SEVERE ] removing player 2 token from slot 5
[2022-12-10 13:49:05] [SEVERE ] removing player 2 token from slot 9
[2022-12-10 13:49:05] [SEVERE ] player 3 placing token on slot 7
[2022-12-10 13:49:05] [SEVERE ] player 3 placing token on slot 2
[2022-12-10 13:49:05] [SEVERE ] player 2 placing token on slot 0
[2022-12-10 13:49:05] [SEVERE ] player 3 placing token on slot 1
[2022-12-10 13:49:05] [SEVERE ] removing player 3 token from slot 1
[2022-12-10 13:49:05] [SEVERE ] removing player 3 token from slot 2
[2022-12-10 13:49:05] [SEVERE ] removing player 3 token from slot 7
[2022-12-10 13:49:05] [SEVERE ] player 2 placing token on slot 4
[2022-12-10 13:49:05] [SEVERE ] player 2 placing token on slot 8
[2022-12-10 13:49:05] [SEVERE ] removing player 2 token from slot 0
[2022-12-10 13:49:05] [SEVERE ] removing player 2 token from slot 4
[2022-12-10 13:49:05] [SEVERE ] removing player 2 token from slot 8
[2022-12-10 13:49:05] [SEVERE ] player 3 placing token on slot 3
[2022-12-10 13:49:05] [SEVERE ] player 3 placing token on slot 0
[2022-12-10 13:49:05] [SEVERE ] player 3 placing token on slot 10
[2022-12-10 13:49:05] [SEVERE ] removing player 3 token from slot 0
[2022-12-10 13:49:05] [SEVERE ] removing player 3 token from slot 3
[2022-12-10 13:49:05] [SEVERE ] removing player 3 token from slot 10
[2022-12-10 13:49:05] [SEVERE ] player 2 placing token on slot 7
[2022-12-10 13:49:05] [SEVERE ] player 2 placing token on slot 8
[2022-12-10 13:49:05] [SEVERE ] player 2 placing token on slot 4
[2022-12-10 13:49:05] [SEVERE ] removing player 2 token from slot 4
[2022-12-10 13:49:05] [SEVERE ] removing player 2 token from slot 7
[2022-12-10 13:49:05] [SEVERE ] removing player 2 token from slot 8
[2022-12-10 13:49:05] [SEVERE ] player 3 placing token on slot 1
[2022-12-10 13:49:05] [SEVERE ] player 3 placing token on slot 2
[2022-12-10 13:49:05] [SEVERE ] player 3 placing token on slot 4
[2022-12-10 13:49:05] [SEVERE ] removing player 3 token from slot 1
[2022-12-10 13:49:05] [SEVERE ] removing player 3 token from slot 2
[2022-12-10 13:49:05] [SEVERE ] removing player 3 token from slot 4
[2022-12-10 13:49:06] [SEVERE ] player 2 placing token on slot 2
[2022-12-10 13:49:06] [SEVERE ] player 2 placing token on slot 10
[2022-12-10 13:49:06] [SEVERE ] player 2 placing token on slot 5
[2022-12-10 13:49:06] [SEVERE ] removing player 2 token from slot 2
[2022-12-10 13:49:06] [SEVERE ] removing player 2 token from slot 5
[2022-12-10 13:49:06] [SEVERE ] removing player 2 token from slot 10
[2022-12-10 13:49:06] [SEVERE ] player 3 placing token on slot 6
[2022-12-10 13:49:06] [SEVERE ] player 3 placing token on slot 9
[2022-12-10 13:49:06] [SEVERE ] player 3 placing token on slot 11
[2022-12-10 13:49:06] [SEVERE ] removing player 3 token from slot 6
[2022-12-10 13:49:06] [SEVERE ] removing player 3 token from slot 9
[2022-12-10 13:49:06] [SEVERE ] removing player 3 token from slot 11
[2022-12-10 13:49:06] [SEVERE ] player 2 placing token on slot 0
[2022-12-10 13:49:06] [SEVERE ] player 2 placing token on slot 5
[2022-12-10 13:49:06] [SEVERE ] player 2 placing token on slot 1
[2022-12-10 13:49:06] [SEVERE ] removing player 2 token from slot 0
[2022-12-10 13:49:06] [SEVERE ] removing player 2 token from slot 1
[2022-12-10 13:49:06] [SEVERE ] removing player 2 token from slot 5
[2022-12-10 13:49:06] [SEVERE ] player 3 placing token on slot 8
[2022-12-10 13:49:06] [SEVERE ] player 3 placing token on slot 10
[2022-12-10 13:49:06] [SEVERE ] player 3 placing token on slot 3
[2022-12-10 13:49:06] [SEVERE ] removing player 3 token from slot 3
[2022-12-10 13:49:06] [SEVERE ] removing player 3 token from slot 8
[2022-12-10 13:49:06] [SEVERE ] removing player 3 token from slot 10
[2022-12-10 13:49:06] [SEVERE ] player 2 placing token on slot 8
[2022-12-10 13:49:06] [SEVERE ] player 2 placing token on slot 1
[2022-12-10 13:49:06] [SEVERE ] player 2 placing token on slot 3
[2022-12-10 13:49:06] [SEVERE ] removing player 2 token from slot 1
[2022-12-10 13:49:06] [SEVERE ] removing player 2 token from slot 3
[2022-12-10 13:49:06] [SEVERE ] removing player 2 token from slot 8
[2022-12-10 13:49:06] [SEVERE ] player 3 placing token on slot 11
[2022-12-10 13:49:06] [SEVERE ] player 3 placing token on slot 2
[2022-12-10 13:49:06] [SEVERE ] player 2 placing token on slot 2
[2022-12-10 13:49:06] [SEVERE ] player 3 placing token on slot 5
[2022-12-10 13:49:06] [SEVERE ] removing player 3 token from slot 2
[2022-12-10 13:49:06] [SEVERE ] removing player 3 token from slot 5
[2022-12-10 13:49:06] [SEVERE ] removing player 3 token from slot 11
[2022-12-10 13:49:06] [SEVERE ] player 2 placing token on slot 8
[2022-12-10 13:49:06] [SEVERE ] player 2 placing token on slot 10
[2022-12-10 13:49:06] [SEVERE ] removing player 2 token from slot 2
[2022-12-10 13:49:06] [SEVERE ] removing player 2 token from slot 8
[2022-12-10 13:49:06] [SEVERE ] removing player 2 token from slot 10
[2022-12-10 13:49:06] [SEVERE ] player 3 placing token on slot 2
[2022-12-10 13:49:06] [SEVERE ] player 3 placing token on slot 0
[2022-12-10 13:49:06] [SEVERE ] player 3 placing token on slot 11
[2022-12-10 13:49:06] [SEVERE ] player 2 placing token on slot 3
[2022-12-10 13:49:06] [SEVERE ] removing player 3 token from slot 0
[2022-12-10 13:49:06] [SEVERE ] removing player 3 token from slot 2
[2022-12-10 13:49:06] [SEVERE ] removing player 3 token from slot 11
[2022-12-10 13:49:06] [SEVERE ] player 2 placing token on slot 8
[2022-12-10 13:49:06] [SEVERE ] player 2 placing token on slot 11
[2022-12-10 13:49:06] [SEVERE ] removing player 2 token from slot 3
[2022-12-10 13:49:06] [SEVERE ] removing player 2 token from slot 8
[2022-12-10 13:49:06] [SEVERE ] removing player 2 token from slot 11
[2022-12-10 13:49:06] [SEVERE ] player 3 placing token on slot 0
[2022-12-10 13:49:06] [SEVERE ] player 3 placing token on slot 9
[2022-12-10 13:49:06] [SEVERE ] player 2 placing token on slot 2
[2022-12-10 13:49:06] [SEVERE ] player 3 placing token on slot 2
[2022-12-10 13:49:06] [SEVERE ] removing player 3 token from slot 0
[2022-12-10 13:49:06] [SEVERE ] removing player 3 token from slot 2
[2022-12-10 13:49:06] [SEVERE ] removing player 3 token from slot 9
[2022-12-10 13:49:06] [SEVERE ] player 2 placing token on slot 4
[2022-12-10 13:49:06] [SEVERE ] player 2 placing token on slot 5
[2022-12-10 13:49:06] [SEVERE ] removing player 2 token from slot 2
[2022-12-10 13:49:06] [SEVERE ] removing player 2 token from slot 4
[2022-12-10 13:49:06] [SEVERE ] removing player 2 token from slot 5
[2022-12-10 13:49:07] [SEVERE ] player 3 placing token on slot 11
[2022-12-10 13:49:07] [SEVERE ] player 3 placing token on slot 5
[2022-12-10 13:49:07] [SEVERE ] player 2 placing token on slot 10
[2022-12-10 13:49:07] [SEVERE ] player 3 placing token on slot 6
[2022-12-10 13:49:07] [SEVERE ] player 2 placing token on slot 2
[2022-12-10 13:49:07] [SEVERE ] removing player 3 token from slot 5
[2022-12-10 13:49:07] [SEVERE ] removing player 3 token from slot 6
[2022-12-10 13:49:07] [SEVERE ] removing player 3 token from slot 11
[2022-12-10 13:49:07] [SEVERE ] player 2 placing token on slot 3
[2022-12-10 13:49:07] [SEVERE ] removing player 2 token from slot 2
[2022-12-10 13:49:07] [SEVERE ] removing player 2 token from slot 3
[2022-12-10 13:49:07] [SEVERE ] removing player 2 token from slot 10
[2022-12-10 13:49:07] [SEVERE ] player 3 placing token on slot 8
[2022-12-10 13:49:07] [SEVERE ] player 2 placing token on slot 1
[2022-12-10 13:49:07] [SEVERE ] player 3 placing token on slot 3
[2022-12-10 13:49:07] [SEVERE ] player 3 placing token on slot 1
[2022-12-10 13:49:07] [SEVERE ] removing player 3 token from slot 1
[2022-12-10 13:49:07] [SEVERE ] removing player 3 token from slot 3
[2022-12-10 13:49:07] [SEVERE ] removing player 3 token from slot 8
[2022-12-10 13:49:07] [SEVERE ] player 2 placing token on slot 6
[2022-12-10 13:49:07] [SEVERE ] player 2 placing token on slot 2
[2022-12-10 13:49:07] [SEVERE ] removing player 2 token from slot 1
[2022-12-10 13:49:07] [SEVERE ] removing player 2 token from slot 2
[2022-12-10 13:49:07] [SEVERE ] removing player 2 token from slot 6
[2022-12-10 13:49:07] [SEVERE ] player 3 placing token on slot 3
[2022-12-10 13:49:07] [SEVERE ] player 3 placing token on slot 0
[2022-12-10 13:49:07] [SEVERE ] player 2 placing token on slot 8
[2022-12-10 13:49:07] [SEVERE ] player 3 placing token on slot 2
[2022-12-10 13:49:07] [SEVERE ] removing player 3 token from slot 0
[2022-12-10 13:49:07] [SEVERE ] removing player 3 token from slot 2
[2022-12-10 13:49:07] [SEVERE ] removing player 3 token from slot 3
[2022-12-10 13:49:07] [SEVERE ] player 2 placing token on slot 3
[2022-12-10 13:49:07] [SEVERE ] player 2 placing token on slot 10
[2022-12-10 13:49:07] [SEVERE ] removing player 2 token from slot 3
[2022-12-10 13:49:07] [SEVERE ] removing player 2 token from slot 8
[2022-12-10 13:49:07] [SEVERE ] removing player 2 token from slot 10
[2022-12-10 13:49:07] [SEVERE ] player 3 placing token on slot 6
[2022-12-10 13:49:07] [SEVERE ] player 3 placing token on slot 1
[2022-12-10 13:49:07] [SEVERE ] player 2 placing token on slot 4
[2022-12-10 13:49:07] [SEVERE ] player 3 placing token on slot 5
[2022-12-10 13:49:07] [SEVERE ] removing player 3 token from slot 1
[2022-12-10 13:49:07] [SEVERE ] removing player 3 token from slot 5
[2022-12-10 13:49:07] [SEVERE ] removing player 3 token from slot 6
[2022-12-10 13:49:07] [SEVERE ] player 2 placing token on slot 9
[2022-12-10 13:49:07] [SEVERE ] player 2 placing token on slot 3
[2022-12-10 13:49:07] [SEVERE ] removing player 2 token from slot 3
[2022-12-10 13:49:07] [SEVERE ] removing player 2 token from slot 4
[2022-12-10 13:49:07] [SEVERE ] removing player 2 token from slot 9
[2022-12-10 13:49:07] [SEVERE ] player 3 placing token on slot 6
[2022-12-10 13:49:07] [SEVERE ] player 3 placing token on slot 0
[2022-12-10 13:49:07] [SEVERE ] player 2 placing token on slot 8
[2022-12-10 13:49:07] [SEVERE ] player 3 placing token on slot 8
[2022-12-10 13:49:07] [SEVERE ] removing player 3 token from slot 0
[2022-12-10 13:49:07] [SEVERE ] removing player 3 token from slot 6
[2022-12-10 13:49:07] [SEVERE ] removing player 3 token from slot 8
[2022-12-10 13:49:07] [SEVERE ] player 2 placing token on slot 11
[2022-12-10 13:49:07] [SEVERE ] player 2 placing token on slot 6
[2022-12-10 13:49:07] [SEVERE ] removing player 2 token from slot 6
[2022-12-10 13:49:07] [SEVERE ] removing player 2 token from slot 8
[2022-12-10 13:49:07] [SEVERE ] removing player 2 token from slot 11
[2022-12-10 13:49:07] [SEVERE ] player 3 placing token on slot 1
