[2022-12-13 01:02:57] [INFO   ] cannot read configuration file config.properties trying from resources.
[2022-12-13 01:02:57] [INFO   ] configuration file was loaded from resources directory.
[2022-12-13 01:02:57] [INFO   ] Thread Thread-0starting.
[2022-12-13 01:02:57] [INFO   ] Thread Thread-3starting.
[2022-12-13 01:02:57] [INFO   ] Thread Thread-2starting.
[2022-12-13 01:02:57] [INFO   ] Thread dealer starting.
[2022-12-13 01:02:57] [INFO   ] Thread Thread-1starting.
[2022-12-13 01:02:57] [INFO   ] Thread computer-2 starting.
[2022-12-13 01:02:57] [INFO   ] Thread computer-3 starting.
[2022-12-13 01:02:57] [SEVERE ] placing card 3 in slot 0
[2022-12-13 01:02:57] [SEVERE ] placing card 32 in slot 1
[2022-12-13 01:02:57] [SEVERE ] placing card 78 in slot 2
[2022-12-13 01:02:57] [SEVERE ] placing card 79 in slot 3
[2022-12-13 01:02:58] [SEVERE ] placing card 5 in slot 4
[2022-12-13 01:02:58] [SEVERE ] placing card 17 in slot 5
[2022-12-13 01:02:58] [SEVERE ] placing card 57 in slot 6
[2022-12-13 01:02:58] [SEVERE ] placing card 70 in slot 7
[2022-12-13 01:02:58] [SEVERE ] placing card 35 in slot 8
[2022-12-13 01:02:58] [SEVERE ] placing card 34 in slot 9
[2022-12-13 01:02:58] [SEVERE ] placing card 26 in slot 10
[2022-12-13 01:02:58] [SEVERE ] placing card 21 in slot 11
[2022-12-13 01:02:58] [SEVERE ] player 3 placing token on slot 1
[2022-12-13 01:02:58] [SEVERE ] player 2 placing token on slot 0
[2022-12-13 01:02:58] [SEVERE ] player 3 placing token on slot 0
[2022-12-13 01:02:58] [SEVERE ] player 2 placing token on slot 6
[2022-12-13 01:02:58] [SEVERE ] player 3 placing token on slot 9
[2022-12-13 01:02:58] [SEVERE ] player 2 placing token on slot 9
[2022-12-13 01:02:58] [SEVERE ] removing player 3 token from slot 0
[2022-12-13 01:02:58] [SEVERE ] removing player 3 token from slot 1
[2022-12-13 01:02:58] [SEVERE ] removing player 3 token from slot 9
[2022-12-13 01:02:58] [SEVERE ] removing player 2 token from slot 0
[2022-12-13 01:02:58] [SEVERE ] removing player 2 token from slot 6
[2022-12-13 01:02:58] [SEVERE ] removing player 2 token from slot 9
[2022-12-13 01:02:58] [SEVERE ] player 3 placing token on slot 7
[2022-12-13 01:02:59] [SEVERE ] player 2 placing token on slot 9
[2022-12-13 01:02:59] [SEVERE ] player 3 placing token on slot 1
[2022-12-13 01:02:59] [SEVERE ] player 2 placing token on slot 7
[2022-12-13 01:02:59] [SEVERE ] player 3 placing token on slot 9
[2022-12-13 01:02:59] [SEVERE ] removing player 3 token from slot 1
[2022-12-13 01:02:59] [SEVERE ] removing player 3 token from slot 7
[2022-12-13 01:02:59] [SEVERE ] removing player 3 token from slot 9
[2022-12-13 01:02:59] [SEVERE ] player 2 placing token on slot 2
[2022-12-13 01:02:59] [SEVERE ] removing player 2 token from slot 2
[2022-12-13 01:02:59] [SEVERE ] removing player 2 token from slot 7
[2022-12-13 01:02:59] [SEVERE ] removing player 2 token from slot 9
[2022-12-13 01:02:59] [SEVERE ] player 3 placing token on slot 2
[2022-12-13 01:02:59] [SEVERE ] player 2 placing token on slot 2
[2022-12-13 01:02:59] [SEVERE ] player 3 placing token on slot 6
[2022-12-13 01:02:59] [SEVERE ] player 2 placing token on slot 7
[2022-12-13 01:02:59] [SEVERE ] player 3 placing token on slot 3
[2022-12-13 01:02:59] [SEVERE ] removing player 3 token from slot 2
[2022-12-13 01:02:59] [SEVERE ] removing player 3 token from slot 3
[2022-12-13 01:02:59] [SEVERE ] removing player 3 token from slot 6
[2022-12-13 01:02:59] [SEVERE ] player 2 placing token on slot 10
[2022-12-13 01:02:59] [SEVERE ] removing player 2 token from slot 2
[2022-12-13 01:02:59] [SEVERE ] removing player 2 token from slot 7
[2022-12-13 01:02:59] [SEVERE ] removing player 2 token from slot 10
[2022-12-13 01:02:59] [SEVERE ] player 2 placing token on slot 1
[2022-12-13 01:02:59] [SEVERE ] player 3 placing token on slot 5
[2022-12-13 01:02:59] [SEVERE ] player 3 placing token on slot 2
[2022-12-13 01:02:59] [SEVERE ] player 2 placing token on slot 7
[2022-12-13 01:02:59] [SEVERE ] player 2 placing token on slot 4
[2022-12-13 01:02:59] [SEVERE ] player 3 placing token on slot 10
[2022-12-13 01:02:59] [SEVERE ] removing player 2 token from slot 1
[2022-12-13 01:02:59] [SEVERE ] removing player 2 token from slot 4
[2022-12-13 01:02:59] [SEVERE ] removing player 2 token from slot 7
[2022-12-13 01:02:59] [SEVERE ] removing player 3 token from slot 2
[2022-12-13 01:02:59] [SEVERE ] removing player 3 token from slot 5
[2022-12-13 01:02:59] [SEVERE ] removing player 3 token from slot 10
[2022-12-13 01:02:59] [SEVERE ] player 2 placing token on slot 2
[2022-12-13 01:02:59] [SEVERE ] player 3 placing token on slot 10
[2022-12-13 01:02:59] [SEVERE ] player 2 placing token on slot 9
[2022-12-13 01:02:59] [SEVERE ] player 3 placing token on slot 11
[2022-12-13 01:02:59] [SEVERE ] player 2 placing token on slot 1
[2022-12-13 01:02:59] [SEVERE ] removing player 2 token from slot 1
[2022-12-13 01:02:59] [SEVERE ] removing player 2 token from slot 2
[2022-12-13 01:02:59] [SEVERE ] removing player 2 token from slot 9
[2022-12-13 01:02:59] [SEVERE ] player 2 placing token on slot 4
[2022-12-13 01:02:59] [SEVERE ] player 3 placing token on slot 6
[2022-12-13 01:02:59] [SEVERE ] removing player 3 token from slot 6
[2022-12-13 01:02:59] [SEVERE ] removing player 3 token from slot 10
[2022-12-13 01:02:59] [SEVERE ] removing player 3 token from slot 11
[2022-12-13 01:02:59] [SEVERE ] player 2 placing token on slot 6
[2022-12-13 01:02:59] [SEVERE ] player 3 placing token on slot 8
[2022-12-13 01:02:59] [SEVERE ] player 2 placing token on slot 5
[2022-12-13 01:02:59] [SEVERE ] removing player 2 token from slot 4
[2022-12-13 01:02:59] [SEVERE ] removing player 2 token from slot 5
[2022-12-13 01:02:59] [SEVERE ] removing player 2 token from slot 6
[2022-12-13 01:02:59] [SEVERE ] player 2 placing token on slot 4
[2022-12-13 01:02:59] [SEVERE ] player 3 placing token on slot 4
[2022-12-13 01:02:59] [SEVERE ] player 2 placing token on slot 0
[2022-12-13 01:02:59] [SEVERE ] player 3 placing token on slot 1
[2022-12-13 01:02:59] [SEVERE ] removing player 3 token from slot 1
[2022-12-13 01:02:59] [SEVERE ] removing player 3 token from slot 4
[2022-12-13 01:02:59] [SEVERE ] removing player 3 token from slot 8
[2022-12-13 01:02:59] [SEVERE ] player 2 placing token on slot 11
[2022-12-13 01:02:59] [SEVERE ] removing player 2 token from slot 0
[2022-12-13 01:02:59] [SEVERE ] removing player 2 token from slot 4
[2022-12-13 01:02:59] [SEVERE ] removing player 2 token from slot 11
[2022-12-13 01:02:59] [SEVERE ] player 3 placing token on slot 4
[2022-12-13 01:02:59] [SEVERE ] player 2 placing token on slot 1
[2022-12-13 01:02:59] [SEVERE ] player 3 placing token on slot 10
[2022-12-13 01:02:59] [SEVERE ] player 2 placing token on slot 6
[2022-12-13 01:02:59] [SEVERE ] player 3 placing token on slot 11
[2022-12-13 01:02:59] [SEVERE ] removing player 3 token from slot 4
[2022-12-13 01:02:59] [SEVERE ] removing player 3 token from slot 10
[2022-12-13 01:02:59] [SEVERE ] removing player 3 token from slot 11
[2022-12-13 01:02:59] [SEVERE ] player 2 placing token on slot 5
[2022-12-13 01:02:59] [SEVERE ] removing player 2 token from slot 1
[2022-12-13 01:02:59] [SEVERE ] removing player 2 token from slot 5
[2022-12-13 01:02:59] [SEVERE ] removing player 2 token from slot 6
[2022-12-13 01:02:59] [SEVERE ] player 3 placing token on slot 7
[2022-12-13 01:02:59] [SEVERE ] player 2 placing token on slot 2
[2022-12-13 01:02:59] [SEVERE ] player 3 placing token on slot 4
[2022-12-13 01:02:59] [SEVERE ] player 2 placing token on slot 10
[2022-12-13 01:02:59] [SEVERE ] player 3 placing token on slot 3
[2022-12-13 01:02:59] [SEVERE ] removing player 3 token from slot 3
[2022-12-13 01:02:59] [SEVERE ] removing player 3 token from slot 4
[2022-12-13 01:02:59] [SEVERE ] removing player 3 token from slot 7
[2022-12-13 01:02:59] [SEVERE ] player 2 placing token on slot 7
[2022-12-13 01:02:59] [SEVERE ] removing player 2 token from slot 2
[2022-12-13 01:02:59] [SEVERE ] removing player 2 token from slot 7
[2022-12-13 01:02:59] [SEVERE ] removing player 2 token from slot 10
[2022-12-13 01:02:59] [SEVERE ] player 3 placing token on slot 1
[2022-12-13 01:02:59] [SEVERE ] player 2 placing token on slot 3
[2022-12-13 01:02:59] [SEVERE ] player 3 placing token on slot 3
[2022-12-13 01:02:59] [SEVERE ] player 3 placing token on slot 10
[2022-12-13 01:02:59] [SEVERE ] removing player 3 token from slot 1
[2022-12-13 01:02:59] [SEVERE ] removing player 3 token from slot 3
[2022-12-13 01:02:59] [SEVERE ] player 2 placing token on slot 4
[2022-12-13 01:02:59] [SEVERE ] removing player 3 token from slot 10
[2022-12-13 01:02:59] [SEVERE ] player 2 placing token on slot 11
[2022-12-13 01:02:59] [SEVERE ] removing player 2 token from slot 3
[2022-12-13 01:02:59] [SEVERE ] removing player 2 token from slot 4
[2022-12-13 01:02:59] [SEVERE ] removing player 2 token from slot 11
[2022-12-13 01:02:59] [SEVERE ] player 3 placing token on slot 5
[2022-12-13 01:02:59] [SEVERE ] player 2 placing token on slot 11
[2022-12-13 01:02:59] [SEVERE ] player 3 placing token on slot 7
[2022-12-13 01:02:59] [SEVERE ] player 2 placing token on slot 3
[2022-12-13 01:02:59] [SEVERE ] player 3 placing token on slot 11
[2022-12-13 01:02:59] [SEVERE ] removing player 3 token from slot 5
[2022-12-13 01:02:59] [SEVERE ] removing player 3 token from slot 7
[2022-12-13 01:02:59] [SEVERE ] removing player 3 token from slot 11
[2022-12-13 01:02:59] [SEVERE ] player 2 placing token on slot 1
[2022-12-13 01:02:59] [SEVERE ] removing player 2 token from slot 1
[2022-12-13 01:02:59] [SEVERE ] removing player 2 token from slot 3
[2022-12-13 01:02:59] [SEVERE ] removing player 2 token from slot 11
[2022-12-13 01:02:59] [SEVERE ] player 3 placing token on slot 10
[2022-12-13 01:02:59] [SEVERE ] player 2 placing token on slot 3
[2022-12-13 01:02:59] [SEVERE ] player 2 placing token on slot 5
[2022-12-13 01:02:59] [SEVERE ] player 3 placing token on slot 11
[2022-12-13 01:02:59] [SEVERE ] player 3 placing token on slot 0
[2022-12-13 01:02:59] [SEVERE ] removing player 3 token from slot 0
[2022-12-13 01:02:59] [SEVERE ] removing player 3 token from slot 10
[2022-12-13 01:02:59] [SEVERE ] removing player 3 token from slot 11
[2022-12-13 01:02:59] [SEVERE ] player 2 placing token on slot 10
[2022-12-13 01:02:59] [SEVERE ] removing player 2 token from slot 3
[2022-12-13 01:02:59] [SEVERE ] removing player 2 token from slot 5
[2022-12-13 01:02:59] [SEVERE ] removing player 2 token from slot 10
[2022-12-13 01:02:59] [SEVERE ] player 3 placing token on slot 1
[2022-12-13 01:02:59] [SEVERE ] player 2 placing token on slot 4
[2022-12-13 01:02:59] [SEVERE ] player 3 placing token on slot 10
[2022-12-13 01:02:59] [SEVERE ] player 2 placing token on slot 10
[2022-12-13 01:02:59] [SEVERE ] player 3 placing token on slot 0
[2022-12-13 01:02:59] [SEVERE ] removing player 3 token from slot 0
[2022-12-13 01:02:59] [SEVERE ] removing player 3 token from slot 1
[2022-12-13 01:02:59] [SEVERE ] removing player 3 token from slot 10
[2022-12-13 01:02:59] [SEVERE ] player 2 placing token on slot 5
[2022-12-13 01:02:59] [SEVERE ] removing player 2 token from slot 4
[2022-12-13 01:02:59] [SEVERE ] removing player 2 token from slot 5
[2022-12-13 01:02:59] [SEVERE ] removing player 2 token from slot 10
[2022-12-13 01:03:00] [SEVERE ] player 3 placing token on slot 10
[2022-12-13 01:03:00] [SEVERE ] player 2 placing token on slot 9
[2022-12-13 01:03:00] [SEVERE ] player 2 placing token on slot 7
[2022-12-13 01:03:00] [SEVERE ] player 3 placing token on slot 5
[2022-12-13 01:03:00] [SEVERE ] player 2 placing token on slot 8
[2022-12-13 01:03:00] [SEVERE ] removing player 2 token from slot 7
[2022-12-13 01:03:00] [SEVERE ] removing player 2 token from slot 8
[2022-12-13 01:03:00] [SEVERE ] removing player 2 token from slot 9
[2022-12-13 01:03:00] [SEVERE ] player 2 placing token on slot 8
[2022-12-13 01:03:00] [SEVERE ] player 3 placing token on slot 8
[2022-12-13 01:03:00] [SEVERE ] removing player 3 token from slot 5
[2022-12-13 01:03:00] [SEVERE ] removing player 3 token from slot 8
[2022-12-13 01:03:00] [SEVERE ] removing player 3 token from slot 10
[2022-12-13 01:03:00] [SEVERE ] player 2 placing token on slot 4
[2022-12-13 01:03:00] [SEVERE ] player 3 placing token on slot 7
[2022-12-13 01:03:00] [SEVERE ] player 2 placing token on slot 10
[2022-12-13 01:03:00] [SEVERE ] removing player 2 token from slot 4
[2022-12-13 01:03:00] [SEVERE ] removing player 2 token from slot 8
[2022-12-13 01:03:00] [SEVERE ] removing player 2 token from slot 10
[2022-12-13 01:03:00] [SEVERE ] player 3 placing token on slot 6
[2022-12-13 01:03:00] [SEVERE ] player 2 placing token on slot 4
[2022-12-13 01:03:00] [SEVERE ] player 3 placing token on slot 2
[2022-12-13 01:03:00] [SEVERE ] removing player 3 token from slot 2
[2022-12-13 01:03:00] [SEVERE ] removing player 3 token from slot 6
[2022-12-13 01:03:00] [SEVERE ] removing player 3 token from slot 7
[2022-12-13 01:03:00] [SEVERE ] player 2 placing token on slot 7
[2022-12-13 01:03:00] [SEVERE ] player 3 placing token on slot 1
[2022-12-13 01:03:00] [SEVERE ] player 2 placing token on slot 9
[2022-12-13 01:03:00] [SEVERE ] removing player 2 token from slot 4
[2022-12-13 01:03:00] [SEVERE ] removing player 2 token from slot 7
[2022-12-13 01:03:00] [SEVERE ] removing player 2 token from slot 9
[2022-12-13 01:03:00] [SEVERE ] player 2 placing token on slot 4
[2022-12-13 01:03:00] [SEVERE ] player 3 placing token on slot 5
[2022-12-13 01:03:00] [SEVERE ] player 2 placing token on slot 7
[2022-12-13 01:03:00] [SEVERE ] player 3 placing token on slot 6
[2022-12-13 01:03:00] [SEVERE ] removing player 3 token from slot 1
[2022-12-13 01:03:00] [SEVERE ] removing player 3 token from slot 5
[2022-12-13 01:03:00] [SEVERE ] removing player 3 token from slot 6
[2022-12-13 01:03:00] [SEVERE ] player 3 placing token on slot 10
[2022-12-13 01:03:00] [SEVERE ] player 2 placing token on slot 0
[2022-12-13 01:03:00] [SEVERE ] removing player 2 token from slot 0
[2022-12-13 01:03:00] [SEVERE ] removing player 2 token from slot 4
[2022-12-13 01:03:00] [SEVERE ] removing player 2 token from slot 7
[2022-12-13 01:03:00] [SEVERE ] player 2 placing token on slot 6
[2022-12-13 01:03:00] [SEVERE ] player 3 placing token on slot 5
[2022-12-13 01:03:00] [SEVERE ] player 3 placing token on slot 7
[2022-12-13 01:03:00] [SEVERE ] removing player 3 token from slot 5
[2022-12-13 01:03:00] [SEVERE ] player 2 placing token on slot 10
[2022-12-13 01:03:00] [SEVERE ] removing player 3 token from slot 7
[2022-12-13 01:03:00] [SEVERE ] removing player 3 token from slot 10
[2022-12-13 01:03:00] [SEVERE ] player 2 placing token on slot 5
[2022-12-13 01:03:00] [SEVERE ] removing player 2 token from slot 5
[2022-12-13 01:03:00] [SEVERE ] removing player 2 token from slot 6
[2022-12-13 01:03:00] [SEVERE ] removing player 2 token from slot 10
[2022-12-13 01:03:00] [SEVERE ] player 3 placing token on slot 2
[2022-12-13 01:03:00] [SEVERE ] player 2 placing token on slot 9
[2022-12-13 01:03:00] [SEVERE ] player 3 placing token on slot 4
[2022-12-13 01:03:00] [SEVERE ] player 2 placing token on slot 4
[2022-12-13 01:03:00] [SEVERE ] player 3 placing token on slot 9
[2022-12-13 01:03:00] [SEVERE ] removing player 3 token from slot 2
[2022-12-13 01:03:00] [SEVERE ] removing player 3 token from slot 4
[2022-12-13 01:03:00] [SEVERE ] removing player 3 token from slot 9
[2022-12-13 01:03:00] [SEVERE ] player 3 placing token on slot 11
[2022-12-13 01:03:00] [SEVERE ] player 2 placing token on slot 0
[2022-12-13 01:03:00] [SEVERE ] removing player 2 token from slot 0
[2022-12-13 01:03:00] [SEVERE ] removing player 2 token from slot 4
[2022-12-13 01:03:00] [SEVERE ] removing player 2 token from slot 9
[2022-12-13 01:03:00] [SEVERE ] player 3 placing token on slot 0
[2022-12-13 01:03:00] [SEVERE ] player 2 placing token on slot 9
[2022-12-13 01:03:00] [SEVERE ] player 3 placing token on slot 2
[2022-12-13 01:03:00] [SEVERE ] removing player 3 token from slot 0
[2022-12-13 01:03:00] [SEVERE ] removing player 3 token from slot 2
[2022-12-13 01:03:00] [SEVERE ] removing player 3 token from slot 11
[2022-12-13 01:03:00] [SEVERE ] player 2 placing token on slot 5
[2022-12-13 01:03:00] [SEVERE ] player 3 placing token on slot 11
[2022-12-13 01:03:00] [SEVERE ] player 2 placing token on slot 11
[2022-12-13 01:03:00] [SEVERE ] removing player 2 token from slot 5
[2022-12-13 01:03:00] [SEVERE ] removing player 2 token from slot 9
[2022-12-13 01:03:00] [SEVERE ] removing player 2 token from slot 11
[2022-12-13 01:03:00] [SEVERE ] player 3 placing token on slot 3
[2022-12-13 01:03:00] [SEVERE ] player 2 placing token on slot 11
[2022-12-13 01:03:00] [SEVERE ] player 3 placing token on slot 2
[2022-12-13 01:03:00] [SEVERE ] removing player 3 token from slot 2
[2022-12-13 01:03:00] [SEVERE ] removing player 3 token from slot 3
[2022-12-13 01:03:00] [SEVERE ] removing player 3 token from slot 11
[2022-12-13 01:03:00] [SEVERE ] player 2 placing token on slot 0
[2022-12-13 01:03:00] [SEVERE ] player 3 placing token on slot 11
[2022-12-13 01:03:00] [SEVERE ] player 2 placing token on slot 5
[2022-12-13 01:03:00] [SEVERE ] removing player 2 token from slot 0
[2022-12-13 01:03:00] [SEVERE ] removing player 2 token from slot 5
[2022-12-13 01:03:00] [SEVERE ] removing player 2 token from slot 11
[2022-12-13 01:03:00] [SEVERE ] player 3 placing token on slot 1
[2022-12-13 01:03:00] [SEVERE ] player 2 placing token on slot 0
[2022-12-13 01:03:00] [SEVERE ] player 3 placing token on slot 10
[2022-12-13 01:03:00] [SEVERE ] removing player 3 token from slot 1
[2022-12-13 01:03:00] [SEVERE ] removing player 3 token from slot 10
[2022-12-13 01:03:00] [SEVERE ] removing player 3 token from slot 11
[2022-12-13 01:03:00] [SEVERE ] player 2 placing token on slot 4
[2022-12-13 01:03:00] [SEVERE ] player 2 placing token on slot 9
[2022-12-13 01:03:00] [SEVERE ] removing player 2 token from slot 0
[2022-12-13 01:03:00] [SEVERE ] removing player 2 token from slot 4
[2022-12-13 01:03:00] [SEVERE ] removing player 2 token from slot 9
[2022-12-13 01:03:00] [SEVERE ] player 3 placing token on slot 1
[2022-12-13 01:03:00] [SEVERE ] player 2 placing token on slot 6
[2022-12-13 01:03:00] [SEVERE ] player 3 placing token on slot 6
[2022-12-13 01:03:00] [SEVERE ] player 2 placing token on slot 3
[2022-12-13 01:03:00] [SEVERE ] player 3 placing token on slot 3
[2022-12-13 01:03:00] [SEVERE ] removing player 3 token from slot 1
[2022-12-13 01:03:00] [SEVERE ] removing player 3 token from slot 3
[2022-12-13 01:03:00] [SEVERE ] removing player 3 token from slot 6
[2022-12-13 01:03:00] [SEVERE ] player 2 placing token on slot 2
[2022-12-13 01:03:00] [SEVERE ] removing player 2 token from slot 2
[2022-12-13 01:03:00] [SEVERE ] removing player 2 token from slot 3
[2022-12-13 01:03:00] [SEVERE ] removing player 2 token from slot 6
[2022-12-13 01:03:00] [SEVERE ] player 3 placing token on slot 3
[2022-12-13 01:03:00] [SEVERE ] player 2 placing token on slot 10
[2022-12-13 01:03:00] [SEVERE ] player 3 placing token on slot 4
[2022-12-13 01:03:00] [SEVERE ] player 2 placing token on slot 11
[2022-12-13 01:03:00] [SEVERE ] player 3 placing token on slot 9
[2022-12-13 01:03:00] [SEVERE ] removing player 3 token from slot 3
[2022-12-13 01:03:00] [SEVERE ] removing player 3 token from slot 4
[2022-12-13 01:03:00] [SEVERE ] removing player 3 token from slot 9
[2022-12-13 01:03:00] [SEVERE ] player 2 placing token on slot 9
[2022-12-13 01:03:00] [SEVERE ] removing player 2 token from slot 9
[2022-12-13 01:03:00] [SEVERE ] removing player 2 token from slot 10
[2022-12-13 01:03:00] [SEVERE ] removing player 2 token from slot 11
[2022-12-13 01:03:00] [SEVERE ] player 3 placing token on slot 7
[2022-12-13 01:03:00] [SEVERE ] player 2 placing token on slot 8
[2022-12-13 01:03:00] [SEVERE ] player 3 placing token on slot 3
[2022-12-13 01:03:00] [SEVERE ] player 2 placing token on slot 9
[2022-12-13 01:03:00] [SEVERE ] player 3 placing token on slot 5
[2022-12-13 01:03:00] [SEVERE ] removing player 3 token from slot 3
[2022-12-13 01:03:00] [SEVERE ] removing player 3 token from slot 5
[2022-12-13 01:03:00] [SEVERE ] removing player 3 token from slot 7
[2022-12-13 01:03:00] [SEVERE ] player 3 placing token on slot 3
[2022-12-13 01:03:01] [SEVERE ] player 2 placing token on slot 2
[2022-12-13 01:03:01] [SEVERE ] removing player 2 token from slot 2
[2022-12-13 01:03:01] [SEVERE ] removing player 2 token from slot 8
[2022-12-13 01:03:01] [SEVERE ] removing player 2 token from slot 9
[2022-12-13 01:03:01] [SEVERE ] player 3 placing token on slot 7
[2022-12-13 01:03:01] [SEVERE ] player 2 placing token on slot 2
[2022-12-13 01:03:01] [SEVERE ] player 3 placing token on slot 0
[2022-12-13 01:03:01] [SEVERE ] removing player 3 token from slot 0
[2022-12-13 01:03:01] [SEVERE ] removing player 3 token from slot 3
[2022-12-13 01:03:01] [SEVERE ] removing player 3 token from slot 7
[2022-12-13 01:03:01] [SEVERE ] player 2 placing token on slot 5
[2022-12-13 01:03:01] [SEVERE ] player 3 placing token on slot 8
[2022-12-13 01:03:01] [SEVERE ] player 2 placing token on slot 6
[2022-12-13 01:03:01] [SEVERE ] removing player 2 token from slot 2
[2022-12-13 01:03:01] [SEVERE ] removing player 2 token from slot 5
[2022-12-13 01:03:01] [SEVERE ] removing player 2 token from slot 6
[2022-12-13 01:03:01] [SEVERE ] player 3 placing token on slot 7
[2022-12-13 01:03:01] [SEVERE ] player 2 placing token on slot 6
[2022-12-13 01:03:01] [SEVERE ] player 3 placing token on slot 4
[2022-12-13 01:03:01] [SEVERE ] removing player 3 token from slot 4
[2022-12-13 01:03:01] [SEVERE ] removing player 3 token from slot 7
[2022-12-13 01:03:01] [SEVERE ] removing player 3 token from slot 8
[2022-12-13 01:03:01] [SEVERE ] player 2 placing token on slot 1
[2022-12-13 01:03:01] [SEVERE ] player 3 placing token on slot 3
[2022-12-13 01:03:01] [SEVERE ] player 2 placing token on slot 8
[2022-12-13 01:03:01] [SEVERE ] removing player 2 token from slot 1
[2022-12-13 01:03:01] [SEVERE ] removing player 2 token from slot 6
[2022-12-13 01:03:01] [SEVERE ] removing player 2 token from slot 8
[2022-12-13 01:03:01] [SEVERE ] player 3 placing token on slot 10
[2022-12-13 01:03:01] [SEVERE ] player 2 placing token on slot 4
[2022-12-13 01:03:01] [SEVERE ] player 3 placing token on slot 7
[2022-12-13 01:03:01] [SEVERE ] removing player 3 token from slot 3
[2022-12-13 01:03:01] [SEVERE ] removing player 3 token from slot 7
[2022-12-13 01:03:01] [SEVERE ] removing player 3 token from slot 10
[2022-12-13 01:03:01] [SEVERE ] player 3 placing token on slot 0
[2022-12-13 01:03:01] [SEVERE ] player 2 placing token on slot 7
[2022-12-13 01:03:01] [SEVERE ] player 3 placing token on slot 6
[2022-12-13 01:03:01] [SEVERE ] player 2 placing token on slot 11
[2022-12-13 01:03:01] [SEVERE ] removing player 2 token from slot 4
[2022-12-13 01:03:01] [SEVERE ] removing player 2 token from slot 7
[2022-12-13 01:03:01] [SEVERE ] removing player 2 token from slot 11
[2022-12-13 01:03:01] [SEVERE ] player 3 placing token on slot 11
[2022-12-13 01:03:01] [SEVERE ] removing player 3 token from slot 0
[2022-12-13 01:03:01] [SEVERE ] removing player 3 token from slot 6
[2022-12-13 01:03:01] [SEVERE ] removing player 3 token from slot 11
[2022-12-13 01:03:01] [SEVERE ] player 2 placing token on slot 4
[2022-12-13 01:03:01] [SEVERE ] player 3 placing token on slot 1
[2022-12-13 01:03:01] [SEVERE ] player 3 placing token on slot 7
[2022-12-13 01:03:01] [SEVERE ] player 2 placing token on slot 0
[2022-12-13 01:03:01] [SEVERE ] player 3 placing token on slot 5
[2022-12-13 01:03:01] [SEVERE ] removing player 3 token from slot 1
[2022-12-13 01:03:01] [SEVERE ] removing player 3 token from slot 5
[2022-12-13 01:03:01] [SEVERE ] removing player 3 token from slot 7
[2022-12-13 01:03:01] [SEVERE ] player 2 placing token on slot 6
[2022-12-13 01:03:01] [SEVERE ] removing player 2 token from slot 0
[2022-12-13 01:03:01] [SEVERE ] removing player 2 token from slot 4
[2022-12-13 01:03:01] [SEVERE ] removing player 2 token from slot 6
[2022-12-13 01:03:01] [SEVERE ] player 3 placing token on slot 6
[2022-12-13 01:03:01] [SEVERE ] player 2 placing token on slot 10
[2022-12-13 01:03:01] [SEVERE ] player 3 placing token on slot 3
[2022-12-13 01:03:01] [SEVERE ] player 2 placing token on slot 11
[2022-12-13 01:03:01] [SEVERE ] player 3 placing token on slot 1
[2022-12-13 01:03:01] [SEVERE ] removing player 3 token from slot 1
[2022-12-13 01:03:01] [SEVERE ] removing player 3 token from slot 3
[2022-12-13 01:03:01] [SEVERE ] removing player 3 token from slot 6
[2022-12-13 01:03:01] [SEVERE ] player 2 placing token on slot 4
[2022-12-13 01:03:01] [SEVERE ] removing player 2 token from slot 4
[2022-12-13 01:03:01] [SEVERE ] removing player 2 token from slot 10
[2022-12-13 01:03:01] [SEVERE ] removing player 2 token from slot 11
[2022-12-13 01:03:01] [SEVERE ] player 3 placing token on slot 10
[2022-12-13 01:03:01] [SEVERE ] player 3 placing token on slot 3
[2022-12-13 01:03:01] [SEVERE ] player 2 placing token on slot 7
[2022-12-13 01:03:01] [SEVERE ] player 3 placing token on slot 5
[2022-12-13 01:03:01] [SEVERE ] removing player 3 token from slot 3
[2022-12-13 01:03:01] [SEVERE ] removing player 3 token from slot 5
[2022-12-13 01:03:01] [SEVERE ] removing player 3 token from slot 10
[2022-12-13 01:03:01] [SEVERE ] player 2 placing token on slot 6
[2022-12-13 01:03:01] [SEVERE ] player 2 placing token on slot 0
[2022-12-13 01:03:01] [SEVERE ] player 3 placing token on slot 6
[2022-12-13 01:03:01] [SEVERE ] removing player 2 token from slot 0
[2022-12-13 01:03:01] [SEVERE ] removing player 2 token from slot 6
[2022-12-13 01:03:01] [SEVERE ] removing player 2 token from slot 7
[2022-12-13 01:03:01] [SEVERE ] player 3 placing token on slot 7
[2022-12-13 01:03:01] [SEVERE ] player 2 placing token on slot 4
[2022-12-13 01:03:01] [SEVERE ] player 3 placing token on slot 2
[2022-12-13 01:03:01] [SEVERE ] removing player 3 token from slot 2
[2022-12-13 01:03:01] [SEVERE ] removing player 3 token from slot 6
[2022-12-13 01:03:01] [SEVERE ] removing player 3 token from slot 7
[2022-12-13 01:03:01] [SEVERE ] player 2 placing token on slot 8
[2022-12-13 01:03:01] [SEVERE ] player 3 placing token on slot 3
[2022-12-13 01:03:01] [SEVERE ] player 2 placing token on slot 9
[2022-12-13 01:03:01] [SEVERE ] removing player 2 token from slot 4
[2022-12-13 01:03:01] [SEVERE ] removing player 2 token from slot 8
[2022-12-13 01:03:01] [SEVERE ] removing player 2 token from slot 9
[2022-12-13 01:03:01] [SEVERE ] player 3 placing token on slot 2
[2022-12-13 01:03:01] [SEVERE ] player 2 placing token on slot 3
[2022-12-13 01:03:01] [SEVERE ] player 3 placing token on slot 10
[2022-12-13 01:03:01] [SEVERE ] removing player 3 token from slot 2
[2022-12-13 01:03:01] [SEVERE ] removing player 3 token from slot 3
[2022-12-13 01:03:01] [SEVERE ] removing player 3 token from slot 10
[2022-12-13 01:03:01] [SEVERE ] player 2 placing token on slot 10
[2022-12-13 01:03:01] [SEVERE ] player 3 placing token on slot 3
[2022-12-13 01:03:01] [SEVERE ] player 2 placing token on slot 7
[2022-12-13 01:03:01] [SEVERE ] removing player 2 token from slot 3
[2022-12-13 01:03:01] [SEVERE ] removing player 2 token from slot 7
[2022-12-13 01:03:01] [SEVERE ] removing player 2 token from slot 10
[2022-12-13 01:03:01] [SEVERE ] player 3 placing token on slot 7
[2022-12-13 01:03:01] [SEVERE ] player 2 placing token on slot 0
[2022-12-13 01:03:01] [SEVERE ] player 3 placing token on slot 8
[2022-12-13 01:03:01] [SEVERE ] removing player 3 token from slot 3
[2022-12-13 01:03:01] [SEVERE ] removing player 3 token from slot 7
[2022-12-13 01:03:01] [SEVERE ] removing player 3 token from slot 8
[2022-12-13 01:03:01] [SEVERE ] player 2 placing token on slot 8
[2022-12-13 01:03:01] [SEVERE ] player 3 placing token on slot 3
[2022-12-13 01:03:01] [SEVERE ] player 2 placing token on slot 3
[2022-12-13 01:03:01] [SEVERE ] removing player 2 token from slot 0
[2022-12-13 01:03:01] [SEVERE ] removing player 2 token from slot 3
[2022-12-13 01:03:01] [SEVERE ] removing player 2 token from slot 8
[2022-12-13 01:03:01] [SEVERE ] player 3 placing token on slot 11
[2022-12-13 01:03:01] [SEVERE ] player 2 placing token on slot 5
[2022-12-13 01:03:01] [SEVERE ] player 3 placing token on slot 8
[2022-12-13 01:03:01] [SEVERE ] removing player 3 token from slot 3
[2022-12-13 01:03:01] [SEVERE ] removing player 3 token from slot 8
[2022-12-13 01:03:01] [SEVERE ] removing player 3 token from slot 11
[2022-12-13 01:03:01] [SEVERE ] player 2 placing token on slot 7
[2022-12-13 01:03:01] [SEVERE ] player 3 placing token on slot 3
[2022-12-13 01:03:01] [SEVERE ] player 2 placing token on slot 1
[2022-12-13 01:03:01] [SEVERE ] removing player 2 token from slot 1
[2022-12-13 01:03:01] [SEVERE ] removing player 2 token from slot 5
[2022-12-13 01:03:01] [SEVERE ] removing player 2 token from slot 7
[2022-12-13 01:03:01] [SEVERE ] player 2 placing token on slot 10
[2022-12-13 01:03:01] [SEVERE ] player 3 placing token on slot 5
[2022-12-13 01:03:02] [SEVERE ] player 2 placing token on slot 8
[2022-12-13 01:03:02] [SEVERE ] player 3 placing token on slot 0
[2022-12-13 01:03:02] [SEVERE ] removing player 3 token from slot 0
[2022-12-13 01:03:02] [SEVERE ] removing player 3 token from slot 3
[2022-12-13 01:03:02] [SEVERE ] removing player 3 token from slot 5
[2022-12-13 01:03:02] [SEVERE ] player 3 placing token on slot 10
[2022-12-13 01:03:02] [SEVERE ] player 2 placing token on slot 2
[2022-12-13 01:03:02] [SEVERE ] removing player 2 token from slot 2
[2022-12-13 01:03:02] [SEVERE ] removing player 2 token from slot 8
[2022-12-13 01:03:02] [SEVERE ] removing player 2 token from slot 10
[2022-12-13 01:03:02] [SEVERE ] player 3 placing token on slot 4
[2022-12-13 01:03:02] [SEVERE ] player 2 placing token on slot 5
[2022-12-13 01:03:02] [SEVERE ] player 3 placing token on slot 11
[2022-12-13 01:03:02] [SEVERE ] removing player 3 token from slot 4
[2022-12-13 01:03:02] [SEVERE ] removing player 3 token from slot 10
[2022-12-13 01:03:02] [SEVERE ] removing player 3 token from slot 11
[2022-12-13 01:03:02] [SEVERE ] player 2 placing token on slot 7
[2022-12-13 01:03:02] [SEVERE ] player 2 placing token on slot 4
[2022-12-13 01:03:02] [SEVERE ] removing player 2 token from slot 4
[2022-12-13 01:03:02] [SEVERE ] removing player 2 token from slot 5
[2022-12-13 01:03:02] [SEVERE ] removing player 2 token from slot 7
[2022-12-13 01:03:02] [SEVERE ] player 3 placing token on slot 11
[2022-12-13 01:03:02] [SEVERE ] player 2 placing token on slot 3
[2022-12-13 01:03:02] [SEVERE ] player 3 placing token on slot 0
[2022-12-13 01:03:02] [SEVERE ] player 3 placing token on slot 3
[2022-12-13 01:03:02] [SEVERE ] removing player 3 token from slot 0
[2022-12-13 01:03:02] [SEVERE ] removing player 3 token from slot 3
[2022-12-13 01:03:02] [SEVERE ] removing player 3 token from slot 11
[2022-12-13 01:03:02] [SEVERE ] player 2 placing token on slot 9
[2022-12-13 01:03:02] [SEVERE ] player 3 placing token on slot 9
[2022-12-13 01:03:02] [SEVERE ] player 2 placing token on slot 11
[2022-12-13 01:03:02] [SEVERE ] removing player 2 token from slot 3
[2022-12-13 01:03:02] [SEVERE ] removing player 2 token from slot 9
[2022-12-13 01:03:02] [SEVERE ] removing player 2 token from slot 11
[2022-12-13 01:03:02] [SEVERE ] player 3 placing token on slot 5
[2022-12-13 01:03:02] [SEVERE ] player 2 placing token on slot 4
[2022-12-13 01:03:02] [SEVERE ] player 3 placing token on slot 2
[2022-12-13 01:03:02] [SEVERE ] player 2 placing token on slot 0
[2022-12-13 01:03:02] [SEVERE ] player 2 placing token on slot 7
[2022-12-13 01:03:02] [SEVERE ] removing tokens from slot 2
[2022-12-13 01:03:02] [SEVERE ] removing card from slot 2
[2022-12-13 01:03:02] [SEVERE ] removing tokens from slot 5
[2022-12-13 01:03:02] [SEVERE ] removing card from slot 5
[2022-12-13 01:03:02] [SEVERE ] removing tokens from slot 9
[2022-12-13 01:03:02] [SEVERE ] removing card from slot 9
[2022-12-13 01:03:02] [SEVERE ] placing card 9 in slot 2
[2022-12-13 01:03:02] [SEVERE ] placing card 37 in slot 5
[2022-12-13 01:03:02] [SEVERE ] placing card 54 in slot 9
[2022-12-13 01:03:02] [SEVERE ] setting player 3 score to 1
[2022-12-13 01:03:02] [SEVERE ] removing player 2 token from slot 0
[2022-12-13 01:03:02] [SEVERE ] removing player 2 token from slot 4
[2022-12-13 01:03:02] [SEVERE ] removing player 2 token from slot 7
[2022-12-13 01:03:02] [SEVERE ] player 2 placing token on slot 10
[2022-12-13 01:03:02] [SEVERE ] player 3 placing token on slot 10
[2022-12-13 01:03:02] [SEVERE ] player 2 placing token on slot 8
[2022-12-13 01:03:02] [SEVERE ] player 3 placing token on slot 11
[2022-12-13 01:03:02] [SEVERE ] player 2 placing token on slot 7
[2022-12-13 01:03:02] [SEVERE ] removing player 2 token from slot 7
[2022-12-13 01:03:02] [SEVERE ] removing player 2 token from slot 8
[2022-12-13 01:03:02] [SEVERE ] removing player 2 token from slot 10
[2022-12-13 01:03:02] [SEVERE ] player 3 placing token on slot 9
[2022-12-13 01:03:02] [SEVERE ] removing player 3 token from slot 9
[2022-12-13 01:03:02] [SEVERE ] removing player 3 token from slot 10
[2022-12-13 01:03:02] [SEVERE ] removing player 3 token from slot 11
[2022-12-13 01:03:02] [SEVERE ] player 2 placing token on slot 5
[2022-12-13 01:03:02] [SEVERE ] player 2 placing token on slot 10
[2022-12-13 01:03:02] [SEVERE ] player 3 placing token on slot 6
[2022-12-13 01:03:03] [SEVERE ] player 3 placing token on slot 2
[2022-12-13 01:03:03] [SEVERE ] player 2 placing token on slot 2
[2022-12-13 01:03:03] [SEVERE ] removing player 2 token from slot 2
[2022-12-13 01:03:03] [SEVERE ] removing player 2 token from slot 5
[2022-12-13 01:03:03] [SEVERE ] removing player 2 token from slot 10
[2022-12-13 01:03:03] [SEVERE ] player 3 placing token on slot 7
[2022-12-13 01:03:03] [SEVERE ] removing player 3 token from slot 2
[2022-12-13 01:03:03] [SEVERE ] removing player 3 token from slot 6
[2022-12-13 01:03:03] [SEVERE ] removing player 3 token from slot 7
[2022-12-13 01:03:03] [SEVERE ] player 3 placing token on slot 11
[2022-12-13 01:03:03] [SEVERE ] player 2 placing token on slot 5
[2022-12-13 01:03:03] [SEVERE ] player 3 placing token on slot 0
[2022-12-13 01:03:03] [SEVERE ] player 2 placing token on slot 1
[2022-12-13 01:03:03] [SEVERE ] player 3 placing token on slot 4
[2022-12-13 01:03:03] [SEVERE ] removing player 3 token from slot 0
[2022-12-13 01:03:03] [SEVERE ] removing player 3 token from slot 4
[2022-12-13 01:03:03] [SEVERE ] removing player 3 token from slot 11
[2022-12-13 01:03:03] [SEVERE ] player 2 placing token on slot 3
[2022-12-13 01:03:03] [SEVERE ] removing player 2 token from slot 1
[2022-12-13 01:03:03] [SEVERE ] removing player 2 token from slot 3
[2022-12-13 01:03:03] [SEVERE ] removing player 2 token from slot 5
[2022-12-13 01:03:03] [SEVERE ] player 3 placing token on slot 9
[2022-12-13 01:03:03] [SEVERE ] player 2 placing token on slot 7
[2022-12-13 01:03:03] [SEVERE ] player 3 placing token on slot 7
[2022-12-13 01:03:03] [SEVERE ] player 2 placing token on slot 1
[2022-12-13 01:03:03] [SEVERE ] player 3 placing token on slot 2
[2022-12-13 01:03:03] [SEVERE ] removing player 3 token from slot 2
[2022-12-13 01:03:03] [SEVERE ] removing player 3 token from slot 7
[2022-12-13 01:03:03] [SEVERE ] removing player 3 token from slot 9
[2022-12-13 01:03:03] [SEVERE ] player 3 placing token on slot 11
[2022-12-13 01:03:03] [SEVERE ] player 2 placing token on slot 8
[2022-12-13 01:03:03] [SEVERE ] removing player 2 token from slot 1
[2022-12-13 01:03:03] [SEVERE ] removing player 2 token from slot 7
[2022-12-13 01:03:03] [SEVERE ] removing player 2 token from slot 8
[2022-12-13 01:03:03] [SEVERE ] player 2 placing token on slot 2
[2022-12-13 01:03:03] [SEVERE ] player 3 placing token on slot 1
[2022-12-13 01:03:03] [SEVERE ] player 2 placing token on slot 10
[2022-12-13 01:03:03] [SEVERE ] player 3 placing token on slot 6
[2022-12-13 01:03:03] [SEVERE ] removing player 3 token from slot 1
[2022-12-13 01:03:03] [SEVERE ] removing player 3 token from slot 6
[2022-12-13 01:03:03] [SEVERE ] removing player 3 token from slot 11
[2022-12-13 01:03:03] [SEVERE ] player 2 placing token on slot 9
[2022-12-13 01:03:03] [SEVERE ] removing player 2 token from slot 2
[2022-12-13 01:03:03] [SEVERE ] removing player 2 token from slot 9
[2022-12-13 01:03:03] [SEVERE ] removing player 2 token from slot 10
[2022-12-13 01:03:03] [SEVERE ] player 3 placing token on slot 10
[2022-12-13 01:03:03] [SEVERE ] player 2 placing token on slot 1
[2022-12-13 01:03:03] [SEVERE ] player 3 placing token on slot 9
[2022-12-13 01:03:03] [SEVERE ] player 3 placing token on slot 11
[2022-12-13 01:03:03] [SEVERE ] removing player 3 token from slot 9
[2022-12-13 01:03:03] [SEVERE ] removing player 3 token from slot 10
[2022-12-13 01:03:03] [SEVERE ] removing player 3 token from slot 11
[2022-12-13 01:03:03] [SEVERE ] player 2 placing token on slot 8
[2022-12-13 01:03:03] [SEVERE ] player 2 placing token on slot 11
[2022-12-13 01:03:03] [SEVERE ] removing player 2 token from slot 1
[2022-12-13 01:03:03] [SEVERE ] removing player 2 token from slot 8
[2022-12-13 01:03:03] [SEVERE ] removing player 2 token from slot 11
[2022-12-13 01:03:03] [SEVERE ] player 3 placing token on slot 8
[2022-12-13 01:03:03] [SEVERE ] player 2 placing token on slot 2
[2022-12-13 01:03:03] [SEVERE ] player 3 placing token on slot 4
[2022-12-13 01:03:03] [SEVERE ] player 3 placing token on slot 7
[2022-12-13 01:03:03] [SEVERE ] removing player 3 token from slot 4
[2022-12-13 01:03:03] [SEVERE ] removing player 3 token from slot 7
[2022-12-13 01:03:03] [SEVERE ] removing player 3 token from slot 8
[2022-12-13 01:03:03] [SEVERE ] player 2 placing token on slot 5
[2022-12-13 01:03:03] [SEVERE ] player 3 placing token on slot 5
[2022-12-13 01:03:03] [SEVERE ] player 2 placing token on slot 4
[2022-12-13 01:03:03] [SEVERE ] removing player 2 token from slot 2
[2022-12-13 01:03:03] [SEVERE ] removing player 2 token from slot 4
[2022-12-13 01:03:03] [SEVERE ] removing player 2 token from slot 5
[2022-12-13 01:03:03] [SEVERE ] player 2 placing token on slot 1
[2022-12-13 01:03:03] [SEVERE ] player 3 placing token on slot 8
[2022-12-13 01:03:03] [SEVERE ] player 2 placing token on slot 3
[2022-12-13 01:03:03] [SEVERE ] player 3 placing token on slot 4
[2022-12-13 01:03:03] [SEVERE ] removing player 3 token from slot 4
[2022-12-13 01:03:03] [SEVERE ] removing player 3 token from slot 5
[2022-12-13 01:03:03] [SEVERE ] removing player 3 token from slot 8
[2022-12-13 01:03:03] [SEVERE ] player 3 placing token on slot 8
[2022-12-13 01:03:03] [SEVERE ] player 2 placing token on slot 11
[2022-12-13 01:03:03] [SEVERE ] removing player 2 token from slot 1
[2022-12-13 01:03:03] [SEVERE ] removing player 2 token from slot 3
[2022-12-13 01:03:03] [SEVERE ] removing player 2 token from slot 11
[2022-12-13 01:03:03] [SEVERE ] player 2 placing token on slot 2
[2022-12-13 01:03:03] [SEVERE ] player 3 placing token on slot 1
[2022-12-13 01:03:03] [SEVERE ] player 2 placing token on slot 9
[2022-12-13 01:03:03] [SEVERE ] player 3 placing token on slot 9
[2022-12-13 01:03:03] [SEVERE ] removing player 3 token from slot 1
[2022-12-13 01:03:03] [SEVERE ] removing player 3 token from slot 8
[2022-12-13 01:03:03] [SEVERE ] removing player 3 token from slot 9
[2022-12-13 01:03:03] [SEVERE ] player 2 placing token on slot 11
[2022-12-13 01:03:03] [SEVERE ] removing player 2 token from slot 2
[2022-12-13 01:03:03] [SEVERE ] removing player 2 token from slot 9
[2022-12-13 01:03:03] [SEVERE ] removing player 2 token from slot 11
[2022-12-13 01:03:03] [SEVERE ] player 2 placing token on slot 2
[2022-12-13 01:03:03] [SEVERE ] player 3 placing token on slot 4
[2022-12-13 01:03:03] [SEVERE ] player 2 placing token on slot 8
[2022-12-13 01:03:03] [SEVERE ] player 3 placing token on slot 5
[2022-12-13 01:03:03] [SEVERE ] player 2 placing token on slot 0
[2022-12-13 01:03:03] [SEVERE ] removing player 2 token from slot 0
[2022-12-13 01:03:03] [SEVERE ] removing player 2 token from slot 2
[2022-12-13 01:03:03] [SEVERE ] removing player 2 token from slot 8
[2022-12-13 01:03:03] [SEVERE ] player 3 placing token on slot 9
[2022-12-13 01:03:03] [SEVERE ] removing player 3 token from slot 4
[2022-12-13 01:03:03] [SEVERE ] removing player 3 token from slot 5
[2022-12-13 01:03:03] [SEVERE ] removing player 3 token from slot 9
[2022-12-13 01:03:03] [SEVERE ] player 2 placing token on slot 9
[2022-12-13 01:03:03] [SEVERE ] player 3 placing token on slot 4
[2022-12-13 01:03:03] [SEVERE ] player 3 placing token on slot 8
[2022-12-13 01:03:03] [SEVERE ] player 2 placing token on slot 0
[2022-12-13 01:03:03] [SEVERE ] player 3 placing token on slot 5
[2022-12-13 01:03:03] [SEVERE ] player 2 placing token on slot 2
[2022-12-13 01:03:03] [SEVERE ] removing player 3 token from slot 4
[2022-12-13 01:03:03] [SEVERE ] removing player 3 token from slot 5
[2022-12-13 01:03:03] [SEVERE ] removing player 3 token from slot 8
[2022-12-13 01:03:03] [SEVERE ] removing player 2 token from slot 0
[2022-12-13 01:03:03] [SEVERE ] removing player 2 token from slot 2
[2022-12-13 01:03:03] [SEVERE ] removing player 2 token from slot 9
[2022-12-13 01:03:03] [SEVERE ] player 2 placing token on slot 10
[2022-12-13 01:03:03] [SEVERE ] player 3 placing token on slot 9
[2022-12-13 01:03:03] [SEVERE ] player 2 placing token on slot 6
[2022-12-13 01:03:03] [SEVERE ] player 3 placing token on slot 6
[2022-12-13 01:03:03] [SEVERE ] player 2 placing token on slot 4
[2022-12-13 01:03:03] [SEVERE ] removing player 2 token from slot 4
[2022-12-13 01:03:03] [SEVERE ] removing player 2 token from slot 6
[2022-12-13 01:03:03] [SEVERE ] removing player 2 token from slot 10
[2022-12-13 01:03:03] [SEVERE ] player 3 placing token on slot 0
[2022-12-13 01:03:03] [SEVERE ] removing player 3 token from slot 0
[2022-12-13 01:03:03] [SEVERE ] removing player 3 token from slot 6
[2022-12-13 01:03:03] [SEVERE ] removing player 3 token from slot 9
[2022-12-13 01:03:03] [SEVERE ] player 2 placing token on slot 8
[2022-12-13 01:03:03] [SEVERE ] player 3 placing token on slot 0
[2022-12-13 01:03:04] [SEVERE ] player 2 placing token on slot 3
[2022-12-13 01:03:04] [SEVERE ] player 3 placing token on slot 8
[2022-12-13 01:03:04] [SEVERE ] player 2 placing token on slot 2
[2022-12-13 01:03:04] [SEVERE ] removing player 2 token from slot 2
[2022-12-13 01:03:04] [SEVERE ] removing player 2 token from slot 3
[2022-12-13 01:03:04] [SEVERE ] removing player 2 token from slot 8
[2022-12-13 01:03:04] [SEVERE ] player 3 placing token on slot 4
[2022-12-13 01:03:04] [SEVERE ] removing player 3 token from slot 0
[2022-12-13 01:03:04] [SEVERE ] removing player 3 token from slot 4
[2022-12-13 01:03:04] [SEVERE ] removing player 3 token from slot 8
[2022-12-13 01:03:04] [SEVERE ] player 2 placing token on slot 5
[2022-12-13 01:03:04] [SEVERE ] player 3 placing token on slot 5
[2022-12-13 01:03:04] [SEVERE ] player 3 placing token on slot 2
[2022-12-13 01:03:04] [SEVERE ] player 2 placing token on slot 2
[2022-12-13 01:03:04] [SEVERE ] player 2 placing token on slot 10
[2022-12-13 01:03:04] [SEVERE ] removing player 2 token from slot 2
[2022-12-13 01:03:04] [SEVERE ] removing player 2 token from slot 5
[2022-12-13 01:03:04] [SEVERE ] removing player 2 token from slot 10
[2022-12-13 01:03:04] [SEVERE ] player 3 placing token on slot 4
[2022-12-13 01:03:04] [SEVERE ] removing player 3 token from slot 2
[2022-12-13 01:03:04] [SEVERE ] removing player 3 token from slot 4
[2022-12-13 01:03:04] [SEVERE ] removing player 3 token from slot 5
[2022-12-13 01:03:04] [SEVERE ] player 2 placing token on slot 2
[2022-12-13 01:03:04] [SEVERE ] player 3 placing token on slot 4
[2022-12-13 01:03:04] [SEVERE ] player 2 placing token on slot 0
[2022-12-13 01:03:04] [SEVERE ] player 2 placing token on slot 10
[2022-12-13 01:03:04] [SEVERE ] removing player 2 token from slot 0
[2022-12-13 01:03:04] [SEVERE ] removing player 2 token from slot 2
[2022-12-13 01:03:04] [SEVERE ] removing player 2 token from slot 10
[2022-12-13 01:03:04] [SEVERE ] player 3 placing token on slot 1
[2022-12-13 01:03:04] [SEVERE ] player 3 placing token on slot 10
[2022-12-13 01:03:04] [SEVERE ] removing player 3 token from slot 1
[2022-12-13 01:03:04] [SEVERE ] removing player 3 token from slot 4
[2022-12-13 01:03:04] [SEVERE ] removing player 3 token from slot 10
[2022-12-13 01:03:04] [SEVERE ] player 2 placing token on slot 10
[2022-12-13 01:03:04] [SEVERE ] player 3 placing token on slot 1
[2022-12-13 01:03:04] [SEVERE ] player 2 placing token on slot 2
[2022-12-13 01:03:04] [SEVERE ] player 3 placing token on slot 4
[2022-12-13 01:03:04] [SEVERE ] player 2 placing token on slot 3
[2022-12-13 01:03:04] [SEVERE ] removing player 2 token from slot 2
[2022-12-13 01:03:04] [SEVERE ] removing player 2 token from slot 3
[2022-12-13 01:03:04] [SEVERE ] removing player 2 token from slot 10
[2022-12-13 01:03:04] [SEVERE ] player 3 placing token on slot 9
[2022-12-13 01:03:04] [SEVERE ] removing player 3 token from slot 1
[2022-12-13 01:03:04] [SEVERE ] removing player 3 token from slot 4
[2022-12-13 01:03:04] [SEVERE ] removing player 3 token from slot 9
[2022-12-13 01:03:04] [SEVERE ] player 3 placing token on slot 11
[2022-12-13 01:03:04] [SEVERE ] player 2 placing token on slot 0
[2022-12-13 01:03:04] [SEVERE ] player 3 placing token on slot 5
[2022-12-13 01:03:04] [SEVERE ] player 2 placing token on slot 2
[2022-12-13 01:03:04] [SEVERE ] player 3 placing token on slot 0
[2022-12-13 01:03:04] [SEVERE ] removing player 3 token from slot 0
[2022-12-13 01:03:04] [SEVERE ] removing player 3 token from slot 5
[2022-12-13 01:03:04] [SEVERE ] removing player 3 token from slot 11
[2022-12-13 01:03:04] [SEVERE ] player 2 placing token on slot 11
[2022-12-13 01:03:04] [SEVERE ] removing player 2 token from slot 0
[2022-12-13 01:03:04] [SEVERE ] removing player 2 token from slot 2
[2022-12-13 01:03:04] [SEVERE ] removing player 2 token from slot 11
[2022-12-13 01:03:04] [SEVERE ] player 3 placing token on slot 10
[2022-12-13 01:03:04] [SEVERE ] player 2 placing token on slot 6
[2022-12-13 01:03:04] [SEVERE ] player 2 placing token on slot 8
[2022-12-13 01:03:04] [SEVERE ] player 3 placing token on slot 11
[2022-12-13 01:03:04] [SEVERE ] player 3 placing token on slot 8
[2022-12-13 01:03:04] [SEVERE ] removing player 3 token from slot 8
[2022-12-13 01:03:04] [SEVERE ] removing player 3 token from slot 10
[2022-12-13 01:03:04] [SEVERE ] removing player 3 token from slot 11
[2022-12-13 01:03:04] [SEVERE ] player 2 placing token on slot 11
[2022-12-13 01:03:04] [SEVERE ] removing player 2 token from slot 6
[2022-12-13 01:03:04] [SEVERE ] removing player 2 token from slot 8
[2022-12-13 01:03:04] [SEVERE ] removing player 2 token from slot 11
[2022-12-13 01:03:04] [SEVERE ] player 3 placing token on slot 0
[2022-12-13 01:03:04] [SEVERE ] player 2 placing token on slot 0
[2022-12-13 01:03:04] [SEVERE ] player 2 placing token on slot 6
[2022-12-13 01:03:04] [SEVERE ] player 3 placing token on slot 2
[2022-12-13 01:03:04] [SEVERE ] player 2 placing token on slot 11
[2022-12-13 01:03:04] [SEVERE ] removing player 2 token from slot 0
[2022-12-13 01:03:04] [SEVERE ] removing player 2 token from slot 6
[2022-12-13 01:03:04] [SEVERE ] removing player 2 token from slot 11
[2022-12-13 01:03:04] [SEVERE ] player 3 placing token on slot 6
[2022-12-13 01:03:04] [SEVERE ] removing player 3 token from slot 0
[2022-12-13 01:03:04] [SEVERE ] removing player 3 token from slot 2
[2022-12-13 01:03:04] [SEVERE ] removing player 3 token from slot 6
[2022-12-13 01:03:04] [SEVERE ] player 3 placing token on slot 7
[2022-12-13 01:03:04] [SEVERE ] player 2 placing token on slot 7
[2022-12-13 01:03:04] [SEVERE ] player 2 placing token on slot 11
[2022-12-13 01:03:04] [SEVERE ] player 3 placing token on slot 5
[2022-12-13 01:03:04] [SEVERE ] player 2 placing token on slot 2
[2022-12-13 01:03:04] [SEVERE ] removing player 2 token from slot 2
[2022-12-13 01:03:04] [SEVERE ] removing player 2 token from slot 7
[2022-12-13 01:03:04] [SEVERE ] removing player 2 token from slot 11
[2022-12-13 01:03:04] [SEVERE ] player 3 placing token on slot 6
[2022-12-13 01:03:04] [SEVERE ] removing player 3 token from slot 5
[2022-12-13 01:03:04] [SEVERE ] removing player 3 token from slot 6
[2022-12-13 01:03:04] [SEVERE ] removing player 3 token from slot 7
[2022-12-13 01:03:04] [SEVERE ] player 2 placing token on slot 10
[2022-12-13 01:03:04] [SEVERE ] player 3 placing token on slot 1
[2022-12-13 01:03:04] [SEVERE ] player 2 placing token on slot 3
[2022-12-13 01:03:04] [SEVERE ] player 3 placing token on slot 2
[2022-12-13 01:03:04] [SEVERE ] player 2 placing token on slot 2
[2022-12-13 01:03:04] [SEVERE ] removing player 2 token from slot 2
[2022-12-13 01:03:04] [SEVERE ] removing player 2 token from slot 3
[2022-12-13 01:03:04] [SEVERE ] removing player 2 token from slot 10
[2022-12-13 01:03:04] [SEVERE ] player 3 placing token on slot 10
[2022-12-13 01:03:04] [SEVERE ] removing player 3 token from slot 1
[2022-12-13 01:03:04] [SEVERE ] removing player 3 token from slot 2
[2022-12-13 01:03:04] [SEVERE ] removing player 3 token from slot 10
[2022-12-13 01:03:04] [SEVERE ] player 2 placing token on slot 7
[2022-12-13 01:03:04] [SEVERE ] player 3 placing token on slot 10
[2022-12-13 01:03:04] [SEVERE ] player 2 placing token on slot 11
[2022-12-13 01:03:04] [SEVERE ] player 3 placing token on slot 5
[2022-12-13 01:03:04] [SEVERE ] player 2 placing token on slot 9
[2022-12-13 01:03:04] [SEVERE ] removing player 2 token from slot 7
[2022-12-13 01:03:04] [SEVERE ] removing player 2 token from slot 9
[2022-12-13 01:03:04] [SEVERE ] removing player 2 token from slot 11
[2022-12-13 01:03:04] [SEVERE ] player 3 placing token on slot 2
[2022-12-13 01:03:04] [SEVERE ] removing player 3 token from slot 2
[2022-12-13 01:03:04] [SEVERE ] removing player 3 token from slot 5
[2022-12-13 01:03:04] [SEVERE ] removing player 3 token from slot 10
[2022-12-13 01:03:04] [SEVERE ] player 2 placing token on slot 1
[2022-12-13 01:03:04] [SEVERE ] player 3 placing token on slot 5
[2022-12-13 01:03:04] [SEVERE ] player 3 placing token on slot 8
[2022-12-13 01:03:04] [SEVERE ] player 2 placing token on slot 2
[2022-12-13 01:03:04] [SEVERE ] player 3 placing token on slot 4
[2022-12-13 01:03:04] [SEVERE ] removing player 3 token from slot 4
[2022-12-13 01:03:04] [SEVERE ] removing player 3 token from slot 5
[2022-12-13 01:03:04] [SEVERE ] removing player 3 token from slot 8
[2022-12-13 01:03:04] [SEVERE ] player 2 placing token on slot 3
[2022-12-13 01:03:04] [SEVERE ] player 3 placing token on slot 9
[2022-12-13 01:03:04] [SEVERE ] player 3 placing token on slot 1
[2022-12-13 01:03:04] [SEVERE ] player 3 placing token on slot 11
[2022-12-13 01:03:04] [SEVERE ] removing tokens from slot 1
[2022-12-13 01:03:04] [SEVERE ] removing card from slot 1
[2022-12-13 01:03:05] [SEVERE ] removing tokens from slot 2
[2022-12-13 01:03:05] [SEVERE ] removing card from slot 2
[2022-12-13 01:03:05] [SEVERE ] removing tokens from slot 3
[2022-12-13 01:03:05] [SEVERE ] removing card from slot 3
[2022-12-13 01:03:05] [SEVERE ] placing card 47 in slot 1
[2022-12-13 01:03:05] [SEVERE ] placing card 20 in slot 2
[2022-12-13 01:03:05] [SEVERE ] placing card 44 in slot 3
[2022-12-13 01:03:05] [SEVERE ] setting player 2 score to 1
[2022-12-13 01:03:05] [SEVERE ] player 2 placing token on slot 3
[2022-12-13 01:03:05] [SEVERE ] player 2 placing token on slot 11
[2022-12-13 01:03:05] [SEVERE ] player 2 placing token on slot 6
[2022-12-13 01:03:05] [SEVERE ] removing player 2 token from slot 3
[2022-12-13 01:03:05] [SEVERE ] removing player 2 token from slot 6
[2022-12-13 01:03:05] [SEVERE ] removing player 2 token from slot 11
[2022-12-13 01:03:05] [SEVERE ] player 2 placing token on slot 4
[2022-12-13 01:03:05] [SEVERE ] player 2 placing token on slot 10
[2022-12-13 01:03:05] [SEVERE ] player 2 placing token on slot 8
[2022-12-13 01:03:05] [SEVERE ] removing player 2 token from slot 4
[2022-12-13 01:03:05] [SEVERE ] removing player 2 token from slot 8
[2022-12-13 01:03:05] [SEVERE ] removing player 2 token from slot 10
[2022-12-13 01:03:05] [SEVERE ] player 2 placing token on slot 4
[2022-12-13 01:03:05] [SEVERE ] player 2 placing token on slot 8
[2022-12-13 01:03:05] [SEVERE ] player 2 placing token on slot 7
[2022-12-13 01:03:05] [SEVERE ] removing player 2 token from slot 4
[2022-12-13 01:03:05] [SEVERE ] removing player 2 token from slot 7
[2022-12-13 01:03:05] [SEVERE ] removing player 2 token from slot 8
[2022-12-13 01:03:05] [SEVERE ] player 2 placing token on slot 9
[2022-12-13 01:03:05] [SEVERE ] player 2 placing token on slot 6
[2022-12-13 01:03:05] [SEVERE ] player 2 placing token on slot 3
[2022-12-13 01:03:05] [SEVERE ] removing player 2 token from slot 3
[2022-12-13 01:03:05] [SEVERE ] removing player 2 token from slot 6
[2022-12-13 01:03:05] [SEVERE ] removing player 2 token from slot 9
[2022-12-13 01:03:05] [SEVERE ] player 2 placing token on slot 11
[2022-12-13 01:03:05] [SEVERE ] player 2 placing token on slot 6
[2022-12-13 01:03:05] [SEVERE ] player 2 placing token on slot 5
[2022-12-13 01:03:05] [SEVERE ] removing player 2 token from slot 5
[2022-12-13 01:03:05] [SEVERE ] removing player 2 token from slot 6
[2022-12-13 01:03:05] [SEVERE ] removing player 2 token from slot 11
[2022-12-13 01:03:05] [SEVERE ] player 2 placing token on slot 3
[2022-12-13 01:03:05] [SEVERE ] player 2 placing token on slot 8
[2022-12-13 01:03:06] [SEVERE ] player 2 placing token on slot 1
[2022-12-13 01:03:06] [SEVERE ] removing player 2 token from slot 1
[2022-12-13 01:03:06] [SEVERE ] removing player 2 token from slot 3
[2022-12-13 01:03:06] [SEVERE ] removing player 2 token from slot 8
[2022-12-13 01:03:06] [SEVERE ] player 2 placing token on slot 10
[2022-12-13 01:03:06] [SEVERE ] player 2 placing token on slot 6
[2022-12-13 01:03:06] [SEVERE ] player 2 placing token on slot 4
[2022-12-13 01:03:06] [SEVERE ] removing player 2 token from slot 4
[2022-12-13 01:03:06] [SEVERE ] removing player 2 token from slot 6
[2022-12-13 01:03:06] [SEVERE ] removing player 2 token from slot 10
[2022-12-13 01:03:06] [SEVERE ] player 2 placing token on slot 3
[2022-12-13 01:03:06] [SEVERE ] player 2 placing token on slot 11
[2022-12-13 01:03:06] [SEVERE ] player 2 placing token on slot 6
[2022-12-13 01:03:06] [SEVERE ] removing player 2 token from slot 3
[2022-12-13 01:03:06] [SEVERE ] removing player 2 token from slot 6
[2022-12-13 01:03:06] [SEVERE ] removing player 2 token from slot 11
[2022-12-13 01:03:06] [SEVERE ] player 2 placing token on slot 7
[2022-12-13 01:03:06] [SEVERE ] player 2 placing token on slot 10
[2022-12-13 01:03:06] [SEVERE ] player 2 placing token on slot 11
[2022-12-13 01:03:06] [SEVERE ] removing player 2 token from slot 7
[2022-12-13 01:03:06] [SEVERE ] removing player 2 token from slot 10
[2022-12-13 01:03:06] [SEVERE ] removing player 2 token from slot 11
[2022-12-13 01:03:06] [SEVERE ] player 2 placing token on slot 10
[2022-12-13 01:03:06] [SEVERE ] player 2 placing token on slot 7
[2022-12-13 01:03:06] [SEVERE ] player 2 placing token on slot 5
[2022-12-13 01:03:06] [SEVERE ] removing player 2 token from slot 5
[2022-12-13 01:03:06] [SEVERE ] removing player 2 token from slot 7
[2022-12-13 01:03:06] [SEVERE ] removing player 2 token from slot 10
[2022-12-13 01:03:06] [SEVERE ] player 2 placing token on slot 9
[2022-12-13 01:03:06] [SEVERE ] player 2 placing token on slot 3
[2022-12-13 01:03:06] [SEVERE ] player 2 placing token on slot 10
[2022-12-13 01:03:06] [SEVERE ] removing player 2 token from slot 3
[2022-12-13 01:03:06] [SEVERE ] removing player 2 token from slot 9
[2022-12-13 01:03:06] [SEVERE ] removing player 2 token from slot 10
[2022-12-13 01:03:06] [SEVERE ] player 2 placing token on slot 1
[2022-12-13 01:03:06] [SEVERE ] player 2 placing token on slot 0
[2022-12-13 01:03:06] [SEVERE ] player 2 placing token on slot 9
[2022-12-13 01:03:06] [SEVERE ] removing player 2 token from slot 0
[2022-12-13 01:03:06] [SEVERE ] removing player 2 token from slot 1
[2022-12-13 01:03:06] [SEVERE ] removing player 2 token from slot 9
[2022-12-13 01:03:06] [SEVERE ] player 2 placing token on slot 6
[2022-12-13 01:03:06] [SEVERE ] player 2 placing token on slot 4
[2022-12-13 01:03:06] [SEVERE ] player 2 placing token on slot 10
[2022-12-13 01:03:06] [SEVERE ] removing player 2 token from slot 4
[2022-12-13 01:03:06] [SEVERE ] removing player 2 token from slot 6
[2022-12-13 01:03:06] [SEVERE ] removing player 2 token from slot 10
[2022-12-13 01:03:06] [SEVERE ] player 2 placing token on slot 4
[2022-12-13 01:03:06] [SEVERE ] player 2 placing token on slot 6
[2022-12-13 01:03:06] [SEVERE ] player 2 placing token on slot 11
[2022-12-13 01:03:06] [SEVERE ] removing player 2 token from slot 4
[2022-12-13 01:03:06] [SEVERE ] removing player 2 token from slot 6
[2022-12-13 01:03:06] [SEVERE ] removing player 2 token from slot 11
[2022-12-13 01:03:06] [SEVERE ] player 2 placing token on slot 11
