[2022-12-12 15:53:15] [INFO   ] cannot read configuration file config.properties trying from resources.
[2022-12-12 15:53:15] [INFO   ] configuration file was loaded from resources directory.
[2022-12-12 15:53:16] [INFO   ] Thread dealer starting.
[2022-12-12 15:53:16] [INFO   ] Thread Thread-1starting.
[2022-12-12 15:53:16] [INFO   ] Thread Thread-0starting.
[2022-12-12 15:53:16] [SEVERE ] placing card 55 in slot 0
[2022-12-12 15:53:16] [SEVERE ] placing card 59 in slot 1
[2022-12-12 15:53:16] [SEVERE ] placing card 64 in slot 2
[2022-12-12 15:53:16] [SEVERE ] placing card 29 in slot 3
[2022-12-12 15:53:16] [SEVERE ] placing card 7 in slot 4
[2022-12-12 15:53:16] [SEVERE ] placing card 43 in slot 5
[2022-12-12 15:53:17] [SEVERE ] placing card 61 in slot 6
[2022-12-12 15:53:17] [SEVERE ] placing card 52 in slot 7
[2022-12-12 15:53:17] [SEVERE ] placing card 56 in slot 8
[2022-12-12 15:53:17] [SEVERE ] placing card 34 in slot 9
[2022-12-12 15:53:17] [SEVERE ] placing card 44 in slot 10
[2022-12-12 15:53:17] [SEVERE ] placing card 4 in slot 11
[2022-12-12 15:53:22] [SEVERE ] Key 81 was pressed by player 0
[2022-12-12 15:53:22] [SEVERE ] player 0 placing token on slot 0
[2022-12-12 15:53:22] [SEVERE ] Key 87 was pressed by player 0
[2022-12-12 15:53:22] [SEVERE ] player 0 placing token on slot 1
[2022-12-12 15:53:23] [SEVERE ] Key 69 was pressed by player 0
[2022-12-12 15:53:23] [SEVERE ] player 0 placing token on slot 2
[2022-12-12 15:53:24] [SEVERE ] Key 69 was pressed by player 0
[2022-12-12 15:53:24] [SEVERE ] removing player 0 token from slot 2
[2022-12-12 15:53:24] [SEVERE ] Key 87 was pressed by player 0
[2022-12-12 15:53:24] [SEVERE ] removing player 0 token from slot 1
[2022-12-12 15:53:25] [SEVERE ] Key 81 was pressed by player 0
[2022-12-12 15:53:25] [SEVERE ] removing player 0 token from slot 0
[2022-12-12 15:53:25] [SEVERE ] Key 81 was pressed by player 0
[2022-12-12 15:53:25] [SEVERE ] player 0 placing token on slot 0
[2022-12-12 15:53:26] [SEVERE ] Key 87 was pressed by player 0
[2022-12-12 15:53:26] [SEVERE ] player 0 placing token on slot 1
[2022-12-12 15:53:26] [SEVERE ] Key 69 was pressed by player 0
[2022-12-12 15:53:26] [SEVERE ] player 0 placing token on slot 2
[2022-12-12 15:53:26] [SEVERE ] Key 69 was pressed by player 0
[2022-12-12 15:53:26] [SEVERE ] removing player 0 token from slot 2
[2022-12-12 15:53:26] [SEVERE ] Key 87 was pressed by player 0
[2022-12-12 15:53:26] [SEVERE ] removing player 0 token from slot 1
[2022-12-12 15:53:27] [SEVERE ] Key 81 was pressed by player 0
[2022-12-12 15:53:27] [SEVERE ] removing player 0 token from slot 0
[2022-12-12 15:53:27] [SEVERE ] Key 87 was pressed by player 0
[2022-12-12 15:53:27] [SEVERE ] player 0 placing token on slot 1
[2022-12-12 15:53:27] [SEVERE ] Key 69 was pressed by player 0
[2022-12-12 15:53:27] [SEVERE ] player 0 placing token on slot 2
[2022-12-12 15:53:28] [SEVERE ] Key 81 was pressed by player 0
[2022-12-12 15:53:28] [SEVERE ] player 0 placing token on slot 0
[2022-12-12 15:53:28] [SEVERE ] Key 87 was pressed by player 0
[2022-12-12 15:53:28] [SEVERE ] removing player 0 token from slot 1
[2022-12-12 15:53:28] [SEVERE ] Key 69 was pressed by player 0
[2022-12-12 15:53:28] [SEVERE ] removing player 0 token from slot 2
[2022-12-12 15:53:28] [SEVERE ] Key 81 was pressed by player 0
[2022-12-12 15:53:28] [SEVERE ] removing player 0 token from slot 0
