[2022-12-12 16:52:34] [INFO   ] cannot read configuration file config.properties trying from resources.
[2022-12-12 16:52:34] [INFO   ] configuration file was loaded from resources directory.
[2022-12-12 16:52:35] [INFO   ] Thread dealer starting.
[2022-12-12 16:52:35] [INFO   ] Thread Thread-1starting.
[2022-12-12 16:52:35] [INFO   ] Thread Thread-0starting.
[2022-12-12 16:52:35] [SEVERE ] placing card 64 in slot 0
[2022-12-12 16:52:35] [SEVERE ] placing card 71 in slot 1
[2022-12-12 16:52:35] [SEVERE ] placing card 53 in slot 2
[2022-12-12 16:52:35] [SEVERE ] placing card 46 in slot 3
[2022-12-12 16:52:35] [SEVERE ] placing card 8 in slot 4
[2022-12-12 16:52:35] [SEVERE ] placing card 79 in slot 5
[2022-12-12 16:52:35] [SEVERE ] placing card 38 in slot 6
[2022-12-12 16:52:36] [SEVERE ] placing card 25 in slot 7
[2022-12-12 16:52:36] [SEVERE ] placing card 48 in slot 8
[2022-12-12 16:52:36] [SEVERE ] placing card 28 in slot 9
[2022-12-12 16:52:36] [SEVERE ] placing card 1 in slot 10
[2022-12-12 16:52:36] [SEVERE ] placing card 61 in slot 11
[2022-12-12 16:52:37] [SEVERE ] Key 81 was pressed by player 0
[2022-12-12 16:52:37] [SEVERE ] player 0 placing token on slot 0
[2022-12-12 16:52:37] [SEVERE ] Key 87 was pressed by player 0
[2022-12-12 16:52:37] [SEVERE ] player 0 placing token on slot 1
[2022-12-12 16:52:37] [SEVERE ] Key 69 was pressed by player 0
[2022-12-12 16:52:37] [SEVERE ] player 0 placing token on slot 2
[2022-12-12 16:52:38] [SEVERE ] Key 81 was pressed by player 0
[2022-12-12 16:52:38] [SEVERE ] Key 87 was pressed by player 0
[2022-12-12 16:52:41] [SEVERE ] removing player 0 token from slot 1
[2022-12-12 16:52:41] [SEVERE ] Key 69 was pressed by player 0
[2022-12-12 16:52:41] [SEVERE ] removing player 0 token from slot 2
[2022-12-12 16:52:41] [SEVERE ] Key 81 was pressed by player 0
[2022-12-12 16:52:41] [SEVERE ] removing player 0 token from slot 0
[2022-12-12 16:52:41] [SEVERE ] Key 87 was pressed by player 0
[2022-12-12 16:52:41] [SEVERE ] player 0 placing token on slot 1
[2022-12-12 16:52:41] [SEVERE ] Key 69 was pressed by player 0
[2022-12-12 16:52:41] [SEVERE ] player 0 placing token on slot 2
[2022-12-12 16:52:41] [SEVERE ] Key 81 was pressed by player 0
[2022-12-12 16:52:41] [SEVERE ] player 0 placing token on slot 0
[2022-12-12 16:52:41] [SEVERE ] Key 87 was pressed by player 0
[2022-12-12 16:52:41] [SEVERE ] Key 69 was pressed by player 0
[2022-12-12 16:52:44] [SEVERE ] removing player 0 token from slot 2
[2022-12-12 16:52:44] [SEVERE ] Key 81 was pressed by player 0
[2022-12-12 16:52:44] [SEVERE ] removing player 0 token from slot 0
[2022-12-12 16:52:44] [SEVERE ] Key 87 was pressed by player 0
[2022-12-12 16:52:44] [SEVERE ] removing player 0 token from slot 1
[2022-12-12 16:52:44] [SEVERE ] Key 69 was pressed by player 0
[2022-12-12 16:52:44] [SEVERE ] player 0 placing token on slot 2
[2022-12-12 16:52:44] [SEVERE ] Key 81 was pressed by player 0
[2022-12-12 16:52:44] [SEVERE ] player 0 placing token on slot 0
[2022-12-12 16:52:44] [SEVERE ] Key 87 was pressed by player 0
[2022-12-12 16:52:44] [SEVERE ] player 0 placing token on slot 1
[2022-12-12 16:52:44] [SEVERE ] Key 69 was pressed by player 0
[2022-12-12 16:52:44] [SEVERE ] Key 81 was pressed by player 0
[2022-12-12 16:52:47] [SEVERE ] removing player 0 token from slot 0
[2022-12-12 16:52:47] [SEVERE ] Key 87 was pressed by player 0
[2022-12-12 16:52:47] [SEVERE ] removing player 0 token from slot 1
[2022-12-12 16:52:47] [SEVERE ] Key 69 was pressed by player 0
[2022-12-12 16:52:47] [SEVERE ] removing player 0 token from slot 2
[2022-12-12 16:52:47] [SEVERE ] Key 81 was pressed by player 0
[2022-12-12 16:52:47] [SEVERE ] player 0 placing token on slot 0
[2022-12-12 16:52:47] [SEVERE ] Key 87 was pressed by player 0
[2022-12-12 16:52:47] [SEVERE ] player 0 placing token on slot 1
[2022-12-12 16:52:47] [SEVERE ] Key 69 was pressed by player 0
[2022-12-12 16:52:47] [SEVERE ] player 0 placing token on slot 2
[2022-12-12 16:52:47] [SEVERE ] Key 87 was pressed by player 0
[2022-12-12 16:52:47] [SEVERE ] Key 81 was pressed by player 0
[2022-12-12 16:52:50] [SEVERE ] removing player 0 token from slot 0
[2022-12-12 16:52:50] [SEVERE ] Key 69 was pressed by player 0
[2022-12-12 16:52:50] [SEVERE ] removing player 0 token from slot 2
[2022-12-12 16:52:50] [SEVERE ] Key 87 was pressed by player 0
[2022-12-12 16:52:50] [SEVERE ] removing player 0 token from slot 1
[2022-12-12 16:52:50] [SEVERE ] Key 81 was pressed by player 0
[2022-12-12 16:52:50] [SEVERE ] player 0 placing token on slot 0
[2022-12-12 16:52:50] [SEVERE ] Key 69 was pressed by player 0
[2022-12-12 16:52:50] [SEVERE ] player 0 placing token on slot 2
