[2022-12-12 22:08:25] [INFO   ] cannot read configuration file config.properties trying from resources.
[2022-12-12 22:08:25] [INFO   ] configuration file was loaded from resources directory.
[2022-12-12 22:08:26] [INFO   ] Thread Thread-1starting.
[2022-12-12 22:08:26] [INFO   ] Thread Thread-2starting.
[2022-12-12 22:08:26] [INFO   ] Thread dealer starting.
[2022-12-12 22:08:26] [INFO   ] Thread Thread-0starting.
[2022-12-12 22:08:26] [INFO   ] Thread computer-2 starting.
[2022-12-12 22:08:26] [SEVERE ] placing card 13 in slot 0
[2022-12-12 22:08:26] [SEVERE ] placing card 8 in slot 1
[2022-12-12 22:08:26] [SEVERE ] placing card 35 in slot 2
[2022-12-12 22:08:26] [SEVERE ] placing card 11 in slot 3
[2022-12-12 22:08:26] [SEVERE ] placing card 49 in slot 4
[2022-12-12 22:08:26] [SEVERE ] placing card 19 in slot 5
[2022-12-12 22:08:27] [SEVERE ] placing card 23 in slot 6
[2022-12-12 22:08:27] [SEVERE ] placing card 63 in slot 7
[2022-12-12 22:08:27] [SEVERE ] placing card 39 in slot 8
[2022-12-12 22:08:27] [SEVERE ] placing card 4 in slot 9
[2022-12-12 22:08:27] [SEVERE ] placing card 10 in slot 10
[2022-12-12 22:08:27] [SEVERE ] placing card 33 in slot 11
[2022-12-12 22:08:27] [SEVERE ] player 2 placing token on slot 8
[2022-12-12 22:08:27] [SEVERE ] player 2 placing token on slot 6
[2022-12-12 22:08:27] [SEVERE ] player 2 placing token on slot 0
[2022-12-12 22:08:27] [SEVERE ] removing player 2 token from slot 0
[2022-12-12 22:08:27] [SEVERE ] removing player 2 token from slot 6
[2022-12-12 22:08:27] [SEVERE ] removing player 2 token from slot 8
[2022-12-12 22:08:27] [SEVERE ] player 2 placing token on slot 11
[2022-12-12 22:08:27] [SEVERE ] player 2 placing token on slot 3
[2022-12-12 22:08:27] [SEVERE ] player 2 placing token on slot 0
[2022-12-12 22:08:27] [SEVERE ] removing player 2 token from slot 0
[2022-12-12 22:08:27] [SEVERE ] removing player 2 token from slot 3
[2022-12-12 22:08:27] [SEVERE ] removing player 2 token from slot 11
[2022-12-12 22:08:27] [SEVERE ] player 2 placing token on slot 4
[2022-12-12 22:08:27] [SEVERE ] player 2 placing token on slot 7
[2022-12-12 22:08:27] [SEVERE ] player 2 placing token on slot 2
[2022-12-12 22:08:27] [SEVERE ] removing player 2 token from slot 2
[2022-12-12 22:08:27] [SEVERE ] removing player 2 token from slot 4
[2022-12-12 22:08:27] [SEVERE ] removing player 2 token from slot 7
[2022-12-12 22:08:27] [SEVERE ] player 2 placing token on slot 5
[2022-12-12 22:08:27] [SEVERE ] player 2 placing token on slot 8
[2022-12-12 22:08:27] [SEVERE ] player 2 placing token on slot 2
[2022-12-12 22:08:27] [SEVERE ] removing player 2 token from slot 2
[2022-12-12 22:08:27] [SEVERE ] removing player 2 token from slot 5
[2022-12-12 22:08:27] [SEVERE ] removing player 2 token from slot 8
[2022-12-12 22:08:28] [SEVERE ] player 2 placing token on slot 9
[2022-12-12 22:08:28] [SEVERE ] player 2 placing token on slot 11
[2022-12-12 22:08:28] [SEVERE ] player 2 placing token on slot 8
[2022-12-12 22:08:28] [SEVERE ] removing player 2 token from slot 8
[2022-12-12 22:08:28] [SEVERE ] removing player 2 token from slot 9
[2022-12-12 22:08:28] [SEVERE ] removing player 2 token from slot 11
[2022-12-12 22:08:28] [SEVERE ] player 2 placing token on slot 10
[2022-12-12 22:08:28] [SEVERE ] player 2 placing token on slot 5
[2022-12-12 22:08:28] [SEVERE ] player 2 placing token on slot 11
[2022-12-12 22:08:28] [SEVERE ] removing player 2 token from slot 5
[2022-12-12 22:08:28] [SEVERE ] removing player 2 token from slot 10
[2022-12-12 22:08:28] [SEVERE ] removing player 2 token from slot 11
[2022-12-12 22:08:28] [SEVERE ] player 2 placing token on slot 8
[2022-12-12 22:08:28] [SEVERE ] player 2 placing token on slot 4
[2022-12-12 22:08:28] [SEVERE ] player 2 placing token on slot 1
[2022-12-12 22:08:28] [SEVERE ] removing player 2 token from slot 1
[2022-12-12 22:08:28] [SEVERE ] removing player 2 token from slot 4
[2022-12-12 22:08:28] [SEVERE ] removing player 2 token from slot 8
[2022-12-12 22:08:28] [SEVERE ] player 2 placing token on slot 1
[2022-12-12 22:08:28] [SEVERE ] player 2 placing token on slot 2
[2022-12-12 22:08:28] [SEVERE ] player 2 placing token on slot 6
[2022-12-12 22:08:28] [SEVERE ] removing player 2 token from slot 1
[2022-12-12 22:08:28] [SEVERE ] removing player 2 token from slot 2
[2022-12-12 22:08:28] [SEVERE ] removing player 2 token from slot 6
[2022-12-12 22:08:28] [SEVERE ] player 2 placing token on slot 5
[2022-12-12 22:08:28] [SEVERE ] player 2 placing token on slot 10
[2022-12-12 22:08:28] [SEVERE ] player 2 placing token on slot 6
[2022-12-12 22:08:28] [SEVERE ] removing player 2 token from slot 5
[2022-12-12 22:08:28] [SEVERE ] removing player 2 token from slot 6
[2022-12-12 22:08:28] [SEVERE ] removing player 2 token from slot 10
[2022-12-12 22:08:28] [SEVERE ] player 2 placing token on slot 11
[2022-12-12 22:08:28] [SEVERE ] player 2 placing token on slot 1
[2022-12-12 22:08:28] [SEVERE ] player 2 placing token on slot 6
[2022-12-12 22:08:28] [SEVERE ] removing player 2 token from slot 1
[2022-12-12 22:08:28] [SEVERE ] removing player 2 token from slot 6
[2022-12-12 22:08:28] [SEVERE ] removing player 2 token from slot 11
[2022-12-12 22:08:28] [SEVERE ] player 2 placing token on slot 1
[2022-12-12 22:08:28] [SEVERE ] player 2 placing token on slot 8
[2022-12-12 22:08:28] [SEVERE ] player 2 placing token on slot 6
[2022-12-12 22:08:28] [SEVERE ] removing player 2 token from slot 1
[2022-12-12 22:08:28] [SEVERE ] removing player 2 token from slot 6
[2022-12-12 22:08:28] [SEVERE ] removing player 2 token from slot 8
[2022-12-12 22:08:28] [SEVERE ] player 2 placing token on slot 1
[2022-12-12 22:08:28] [SEVERE ] player 2 placing token on slot 11
[2022-12-12 22:08:28] [SEVERE ] player 2 placing token on slot 5
[2022-12-12 22:08:28] [SEVERE ] removing player 2 token from slot 1
[2022-12-12 22:08:28] [SEVERE ] removing player 2 token from slot 5
[2022-12-12 22:08:28] [SEVERE ] removing player 2 token from slot 11
[2022-12-12 22:08:28] [SEVERE ] player 2 placing token on slot 3
[2022-12-12 22:08:28] [SEVERE ] player 2 placing token on slot 11
[2022-12-12 22:08:28] [SEVERE ] player 2 placing token on slot 6
[2022-12-12 22:08:28] [SEVERE ] removing player 2 token from slot 3
[2022-12-12 22:08:28] [SEVERE ] removing player 2 token from slot 6
[2022-12-12 22:08:28] [SEVERE ] removing player 2 token from slot 11
[2022-12-12 22:08:28] [SEVERE ] player 2 placing token on slot 1
[2022-12-12 22:08:28] [SEVERE ] player 2 placing token on slot 3
[2022-12-12 22:08:28] [SEVERE ] player 2 placing token on slot 0
[2022-12-12 22:08:28] [SEVERE ] removing player 2 token from slot 0
[2022-12-12 22:08:28] [SEVERE ] removing player 2 token from slot 1
[2022-12-12 22:08:28] [SEVERE ] removing player 2 token from slot 3
[2022-12-12 22:08:28] [SEVERE ] player 2 placing token on slot 2
[2022-12-12 22:08:28] [SEVERE ] player 2 placing token on slot 7
[2022-12-12 22:08:29] [SEVERE ] player 2 placing token on slot 0
[2022-12-12 22:08:29] [SEVERE ] removing player 2 token from slot 0
[2022-12-12 22:08:29] [SEVERE ] removing player 2 token from slot 2
[2022-12-12 22:08:29] [SEVERE ] removing player 2 token from slot 7
[2022-12-12 22:08:29] [SEVERE ] player 2 placing token on slot 2
[2022-12-12 22:08:29] [SEVERE ] player 2 placing token on slot 11
[2022-12-12 22:08:29] [SEVERE ] player 2 placing token on slot 8
[2022-12-12 22:08:29] [SEVERE ] removing player 2 token from slot 2
[2022-12-12 22:08:29] [SEVERE ] removing player 2 token from slot 8
[2022-12-12 22:08:29] [SEVERE ] removing player 2 token from slot 11
[2022-12-12 22:08:29] [SEVERE ] player 2 placing token on slot 11
[2022-12-12 22:08:29] [SEVERE ] player 2 placing token on slot 4
[2022-12-12 22:08:29] [SEVERE ] player 2 placing token on slot 2
[2022-12-12 22:08:29] [SEVERE ] removing player 2 token from slot 2
[2022-12-12 22:08:29] [SEVERE ] removing player 2 token from slot 4
[2022-12-12 22:08:29] [SEVERE ] removing player 2 token from slot 11
[2022-12-12 22:08:29] [SEVERE ] player 2 placing token on slot 8
[2022-12-12 22:08:29] [SEVERE ] player 2 placing token on slot 4
[2022-12-12 22:08:29] [SEVERE ] player 2 placing token on slot 9
[2022-12-12 22:08:29] [SEVERE ] removing player 2 token from slot 4
[2022-12-12 22:08:29] [SEVERE ] removing player 2 token from slot 8
[2022-12-12 22:08:29] [SEVERE ] removing player 2 token from slot 9
[2022-12-12 22:08:29] [SEVERE ] player 2 placing token on slot 6
[2022-12-12 22:08:29] [SEVERE ] player 2 placing token on slot 2
[2022-12-12 22:08:29] [SEVERE ] player 2 placing token on slot 7
[2022-12-12 22:08:29] [SEVERE ] removing player 2 token from slot 2
[2022-12-12 22:08:29] [SEVERE ] removing player 2 token from slot 6
[2022-12-12 22:08:29] [SEVERE ] removing player 2 token from slot 7
[2022-12-12 22:08:29] [SEVERE ] player 2 placing token on slot 11
[2022-12-12 22:08:29] [SEVERE ] player 2 placing token on slot 8
[2022-12-12 22:08:29] [SEVERE ] player 2 placing token on slot 4
[2022-12-12 22:08:29] [SEVERE ] removing player 2 token from slot 4
[2022-12-12 22:08:29] [SEVERE ] removing player 2 token from slot 8
[2022-12-12 22:08:29] [SEVERE ] removing player 2 token from slot 11
[2022-12-12 22:08:29] [SEVERE ] player 2 placing token on slot 10
[2022-12-12 22:08:29] [SEVERE ] player 2 placing token on slot 8
[2022-12-12 22:08:29] [SEVERE ] player 2 placing token on slot 4
[2022-12-12 22:08:29] [SEVERE ] removing player 2 token from slot 4
[2022-12-12 22:08:29] [SEVERE ] removing player 2 token from slot 8
[2022-12-12 22:08:29] [SEVERE ] removing player 2 token from slot 10
[2022-12-12 22:08:29] [SEVERE ] player 2 placing token on slot 5
[2022-12-12 22:08:29] [SEVERE ] player 2 placing token on slot 0
[2022-12-12 22:08:29] [SEVERE ] player 2 placing token on slot 4
[2022-12-12 22:08:29] [SEVERE ] removing player 2 token from slot 0
[2022-12-12 22:08:29] [SEVERE ] removing player 2 token from slot 4
[2022-12-12 22:08:29] [SEVERE ] removing player 2 token from slot 5
[2022-12-12 22:08:29] [SEVERE ] player 2 placing token on slot 5
[2022-12-12 22:08:29] [SEVERE ] player 2 placing token on slot 8
[2022-12-12 22:08:29] [SEVERE ] player 2 placing token on slot 10
[2022-12-12 22:08:29] [SEVERE ] removing player 2 token from slot 5
[2022-12-12 22:08:29] [SEVERE ] removing player 2 token from slot 8
[2022-12-12 22:08:29] [SEVERE ] removing player 2 token from slot 10
[2022-12-12 22:08:29] [SEVERE ] player 2 placing token on slot 4
[2022-12-12 22:08:29] [SEVERE ] player 2 placing token on slot 11
[2022-12-12 22:08:29] [SEVERE ] player 2 placing token on slot 5
[2022-12-12 22:08:29] [SEVERE ] removing player 2 token from slot 4
[2022-12-12 22:08:29] [SEVERE ] removing player 2 token from slot 5
[2022-12-12 22:08:29] [SEVERE ] removing player 2 token from slot 11
[2022-12-12 22:08:29] [SEVERE ] player 2 placing token on slot 1
[2022-12-12 22:08:29] [SEVERE ] player 2 placing token on slot 0
[2022-12-12 22:08:29] [SEVERE ] player 2 placing token on slot 11
[2022-12-12 22:08:29] [SEVERE ] removing player 2 token from slot 0
[2022-12-12 22:08:29] [SEVERE ] removing player 2 token from slot 1
[2022-12-12 22:08:29] [SEVERE ] removing player 2 token from slot 11
[2022-12-12 22:08:29] [SEVERE ] player 2 placing token on slot 0
[2022-12-12 22:08:30] [SEVERE ] player 2 placing token on slot 7
[2022-12-12 22:08:30] [SEVERE ] player 2 placing token on slot 4
[2022-12-12 22:08:30] [SEVERE ] removing player 2 token from slot 0
[2022-12-12 22:08:30] [SEVERE ] removing player 2 token from slot 4
[2022-12-12 22:08:30] [SEVERE ] removing player 2 token from slot 7
[2022-12-12 22:08:30] [SEVERE ] player 2 placing token on slot 4
[2022-12-12 22:08:30] [SEVERE ] player 2 placing token on slot 8
[2022-12-12 22:08:30] [SEVERE ] player 2 placing token on slot 2
[2022-12-12 22:08:30] [SEVERE ] removing player 2 token from slot 2
[2022-12-12 22:08:30] [SEVERE ] removing player 2 token from slot 4
[2022-12-12 22:08:30] [SEVERE ] removing player 2 token from slot 8
[2022-12-12 22:08:30] [SEVERE ] player 2 placing token on slot 0
[2022-12-12 22:08:30] [SEVERE ] player 2 placing token on slot 10
[2022-12-12 22:08:30] [SEVERE ] player 2 placing token on slot 2
[2022-12-12 22:08:30] [SEVERE ] removing player 2 token from slot 0
[2022-12-12 22:08:30] [SEVERE ] removing player 2 token from slot 2
[2022-12-12 22:08:30] [SEVERE ] removing player 2 token from slot 10
[2022-12-12 22:08:30] [SEVERE ] player 2 placing token on slot 8
[2022-12-12 22:08:30] [SEVERE ] player 2 placing token on slot 5
[2022-12-12 22:08:30] [SEVERE ] player 2 placing token on slot 3
[2022-12-12 22:08:30] [SEVERE ] removing player 2 token from slot 3
[2022-12-12 22:08:30] [SEVERE ] removing player 2 token from slot 5
[2022-12-12 22:08:30] [SEVERE ] removing player 2 token from slot 8
[2022-12-12 22:08:30] [SEVERE ] player 2 placing token on slot 6
[2022-12-12 22:08:30] [SEVERE ] player 2 placing token on slot 10
[2022-12-12 22:08:30] [SEVERE ] player 2 placing token on slot 0
[2022-12-12 22:08:30] [SEVERE ] removing player 2 token from slot 0
[2022-12-12 22:08:30] [SEVERE ] removing player 2 token from slot 6
[2022-12-12 22:08:30] [SEVERE ] removing player 2 token from slot 10
[2022-12-12 22:08:30] [SEVERE ] player 2 placing token on slot 4
[2022-12-12 22:08:30] [SEVERE ] player 2 placing token on slot 0
[2022-12-12 22:08:30] [SEVERE ] player 2 placing token on slot 5
[2022-12-12 22:08:30] [SEVERE ] removing player 2 token from slot 0
[2022-12-12 22:08:30] [SEVERE ] removing player 2 token from slot 4
[2022-12-12 22:08:30] [SEVERE ] removing player 2 token from slot 5
[2022-12-12 22:08:30] [SEVERE ] player 2 placing token on slot 3
[2022-12-12 22:08:30] [SEVERE ] player 2 placing token on slot 10
[2022-12-12 22:08:30] [SEVERE ] player 2 placing token on slot 8
[2022-12-12 22:08:30] [SEVERE ] removing player 2 token from slot 3
[2022-12-12 22:08:30] [SEVERE ] removing player 2 token from slot 8
[2022-12-12 22:08:30] [SEVERE ] removing player 2 token from slot 10
[2022-12-12 22:08:30] [SEVERE ] player 2 placing token on slot 7
[2022-12-12 22:08:30] [SEVERE ] player 2 placing token on slot 4
[2022-12-12 22:08:30] [SEVERE ] player 2 placing token on slot 6
[2022-12-12 22:08:30] [SEVERE ] removing player 2 token from slot 4
[2022-12-12 22:08:30] [SEVERE ] removing player 2 token from slot 6
[2022-12-12 22:08:30] [SEVERE ] removing player 2 token from slot 7
[2022-12-12 22:08:30] [SEVERE ] player 2 placing token on slot 3
[2022-12-12 22:08:30] [SEVERE ] player 2 placing token on slot 2
[2022-12-12 22:08:30] [SEVERE ] player 2 placing token on slot 0
[2022-12-12 22:08:30] [SEVERE ] removing player 2 token from slot 0
[2022-12-12 22:08:30] [SEVERE ] removing player 2 token from slot 2
[2022-12-12 22:08:30] [SEVERE ] removing player 2 token from slot 3
[2022-12-12 22:08:30] [SEVERE ] player 2 placing token on slot 8
[2022-12-12 22:08:30] [SEVERE ] player 2 placing token on slot 11
[2022-12-12 22:08:30] [SEVERE ] player 2 placing token on slot 3
[2022-12-12 22:08:30] [SEVERE ] removing player 2 token from slot 3
[2022-12-12 22:08:30] [SEVERE ] removing player 2 token from slot 8
[2022-12-12 22:08:30] [SEVERE ] removing player 2 token from slot 11
[2022-12-12 22:08:30] [SEVERE ] player 2 placing token on slot 10
[2022-12-12 22:08:30] [SEVERE ] player 2 placing token on slot 9
[2022-12-12 22:08:30] [SEVERE ] player 2 placing token on slot 6
[2022-12-12 22:08:30] [SEVERE ] removing player 2 token from slot 6
[2022-12-12 22:08:30] [SEVERE ] removing player 2 token from slot 9
[2022-12-12 22:08:30] [SEVERE ] removing player 2 token from slot 10
[2022-12-12 22:08:30] [SEVERE ] player 2 placing token on slot 3
[2022-12-12 22:08:30] [SEVERE ] player 2 placing token on slot 4
[2022-12-12 22:08:31] [SEVERE ] player 2 placing token on slot 1
[2022-12-12 22:08:31] [SEVERE ] removing player 2 token from slot 1
[2022-12-12 22:08:31] [SEVERE ] removing player 2 token from slot 3
[2022-12-12 22:08:31] [SEVERE ] removing player 2 token from slot 4
[2022-12-12 22:08:31] [SEVERE ] player 2 placing token on slot 1
[2022-12-12 22:08:31] [SEVERE ] player 2 placing token on slot 3
[2022-12-12 22:08:31] [SEVERE ] player 2 placing token on slot 2
[2022-12-12 22:08:31] [SEVERE ] removing player 2 token from slot 1
[2022-12-12 22:08:31] [SEVERE ] removing player 2 token from slot 2
[2022-12-12 22:08:31] [SEVERE ] removing player 2 token from slot 3
[2022-12-12 22:08:31] [SEVERE ] player 2 placing token on slot 3
[2022-12-12 22:08:31] [SEVERE ] player 2 placing token on slot 5
[2022-12-12 22:08:31] [SEVERE ] player 2 placing token on slot 10
[2022-12-12 22:08:31] [SEVERE ] removing player 2 token from slot 3
[2022-12-12 22:08:31] [SEVERE ] removing player 2 token from slot 5
[2022-12-12 22:08:31] [SEVERE ] removing player 2 token from slot 10
[2022-12-12 22:08:31] [SEVERE ] player 2 placing token on slot 7
[2022-12-12 22:08:31] [SEVERE ] player 2 placing token on slot 8
[2022-12-12 22:08:31] [SEVERE ] player 2 placing token on slot 11
[2022-12-12 22:08:31] [SEVERE ] removing player 2 token from slot 7
[2022-12-12 22:08:31] [SEVERE ] removing player 2 token from slot 8
[2022-12-12 22:08:31] [SEVERE ] removing player 2 token from slot 11
[2022-12-12 22:08:31] [SEVERE ] player 2 placing token on slot 10
[2022-12-12 22:08:31] [SEVERE ] player 2 placing token on slot 8
[2022-12-12 22:08:31] [SEVERE ] player 2 placing token on slot 4
[2022-12-12 22:08:31] [SEVERE ] removing player 2 token from slot 4
[2022-12-12 22:08:31] [SEVERE ] removing player 2 token from slot 8
[2022-12-12 22:08:31] [SEVERE ] removing player 2 token from slot 10
[2022-12-12 22:08:31] [SEVERE ] player 2 placing token on slot 4
[2022-12-12 22:08:31] [SEVERE ] player 2 placing token on slot 6
[2022-12-12 22:08:31] [SEVERE ] player 2 placing token on slot 2
[2022-12-12 22:08:31] [SEVERE ] removing player 2 token from slot 2
[2022-12-12 22:08:31] [SEVERE ] removing player 2 token from slot 4
[2022-12-12 22:08:31] [SEVERE ] removing player 2 token from slot 6
[2022-12-12 22:08:31] [SEVERE ] player 2 placing token on slot 4
[2022-12-12 22:08:31] [SEVERE ] player 2 placing token on slot 2
[2022-12-12 22:08:31] [SEVERE ] player 2 placing token on slot 10
[2022-12-12 22:08:31] [SEVERE ] removing player 2 token from slot 2
[2022-12-12 22:08:31] [SEVERE ] removing player 2 token from slot 4
[2022-12-12 22:08:31] [SEVERE ] removing player 2 token from slot 10
[2022-12-12 22:08:31] [SEVERE ] player 2 placing token on slot 10
[2022-12-12 22:08:31] [SEVERE ] player 2 placing token on slot 1
[2022-12-12 22:08:31] [SEVERE ] player 2 placing token on slot 5
[2022-12-12 22:08:31] [SEVERE ] removing player 2 token from slot 1
[2022-12-12 22:08:31] [SEVERE ] removing player 2 token from slot 5
[2022-12-12 22:08:31] [SEVERE ] removing player 2 token from slot 10
[2022-12-12 22:08:31] [SEVERE ] player 2 placing token on slot 6
[2022-12-12 22:08:31] [SEVERE ] player 2 placing token on slot 8
[2022-12-12 22:08:31] [SEVERE ] player 2 placing token on slot 11
[2022-12-12 22:08:31] [SEVERE ] removing player 2 token from slot 6
[2022-12-12 22:08:31] [SEVERE ] removing player 2 token from slot 8
[2022-12-12 22:08:31] [SEVERE ] removing player 2 token from slot 11
[2022-12-12 22:08:31] [SEVERE ] player 2 placing token on slot 4
[2022-12-12 22:08:31] [SEVERE ] player 2 placing token on slot 7
[2022-12-12 22:08:31] [SEVERE ] player 2 placing token on slot 0
[2022-12-12 22:08:31] [SEVERE ] removing player 2 token from slot 0
[2022-12-12 22:08:31] [SEVERE ] removing player 2 token from slot 4
[2022-12-12 22:08:31] [SEVERE ] removing player 2 token from slot 7
[2022-12-12 22:08:31] [SEVERE ] player 2 placing token on slot 11
[2022-12-12 22:08:31] [SEVERE ] player 2 placing token on slot 10
[2022-12-12 22:08:31] [SEVERE ] player 2 placing token on slot 2
[2022-12-12 22:08:31] [SEVERE ] removing player 2 token from slot 2
[2022-12-12 22:08:31] [SEVERE ] removing player 2 token from slot 10
[2022-12-12 22:08:31] [SEVERE ] removing player 2 token from slot 11
[2022-12-12 22:08:31] [SEVERE ] player 2 placing token on slot 3
[2022-12-12 22:08:32] [SEVERE ] player 2 placing token on slot 0
[2022-12-12 22:08:32] [SEVERE ] player 2 placing token on slot 9
[2022-12-12 22:08:32] [SEVERE ] removing player 2 token from slot 0
[2022-12-12 22:08:32] [SEVERE ] removing player 2 token from slot 3
[2022-12-12 22:08:32] [SEVERE ] removing player 2 token from slot 9
[2022-12-12 22:08:32] [SEVERE ] player 2 placing token on slot 5
[2022-12-12 22:08:32] [SEVERE ] player 2 placing token on slot 11
[2022-12-12 22:08:32] [SEVERE ] player 2 placing token on slot 1
[2022-12-12 22:08:32] [SEVERE ] removing player 2 token from slot 1
[2022-12-12 22:08:32] [SEVERE ] removing player 2 token from slot 5
[2022-12-12 22:08:32] [SEVERE ] removing player 2 token from slot 11
[2022-12-12 22:08:32] [SEVERE ] player 2 placing token on slot 5
[2022-12-12 22:08:32] [SEVERE ] player 2 placing token on slot 7
[2022-12-12 22:08:32] [SEVERE ] player 2 placing token on slot 3
[2022-12-12 22:08:32] [SEVERE ] removing player 2 token from slot 3
[2022-12-12 22:08:32] [SEVERE ] removing player 2 token from slot 5
[2022-12-12 22:08:32] [SEVERE ] removing player 2 token from slot 7
[2022-12-12 22:08:32] [SEVERE ] player 2 placing token on slot 7
[2022-12-12 22:08:32] [SEVERE ] player 2 placing token on slot 11
[2022-12-12 22:08:32] [SEVERE ] player 2 placing token on slot 2
[2022-12-12 22:08:32] [SEVERE ] removing player 2 token from slot 2
[2022-12-12 22:08:32] [SEVERE ] removing player 2 token from slot 7
[2022-12-12 22:08:32] [SEVERE ] removing player 2 token from slot 11
[2022-12-12 22:08:32] [SEVERE ] player 2 placing token on slot 2
[2022-12-12 22:08:32] [SEVERE ] player 2 placing token on slot 3
[2022-12-12 22:08:32] [SEVERE ] player 2 placing token on slot 4
[2022-12-12 22:08:32] [SEVERE ] removing player 2 token from slot 2
[2022-12-12 22:08:32] [SEVERE ] removing player 2 token from slot 3
[2022-12-12 22:08:32] [SEVERE ] removing player 2 token from slot 4
[2022-12-12 22:08:32] [SEVERE ] player 2 placing token on slot 9
[2022-12-12 22:08:32] [SEVERE ] player 2 placing token on slot 5
[2022-12-12 22:08:32] [SEVERE ] player 2 placing token on slot 7
[2022-12-12 22:08:32] [SEVERE ] removing player 2 token from slot 5
[2022-12-12 22:08:32] [SEVERE ] removing player 2 token from slot 7
[2022-12-12 22:08:32] [SEVERE ] removing player 2 token from slot 9
[2022-12-12 22:08:32] [SEVERE ] player 2 placing token on slot 5
[2022-12-12 22:08:32] [SEVERE ] player 2 placing token on slot 10
[2022-12-12 22:08:32] [SEVERE ] player 2 placing token on slot 6
[2022-12-12 22:08:32] [SEVERE ] removing player 2 token from slot 5
[2022-12-12 22:08:32] [SEVERE ] removing player 2 token from slot 6
[2022-12-12 22:08:32] [SEVERE ] removing player 2 token from slot 10
[2022-12-12 22:08:32] [SEVERE ] player 2 placing token on slot 9
[2022-12-12 22:08:32] [SEVERE ] player 2 placing token on slot 5
[2022-12-12 22:08:32] [SEVERE ] player 2 placing token on slot 3
[2022-12-12 22:08:32] [SEVERE ] removing player 2 token from slot 3
[2022-12-12 22:08:32] [SEVERE ] removing player 2 token from slot 5
[2022-12-12 22:08:32] [SEVERE ] removing player 2 token from slot 9
[2022-12-12 22:08:32] [SEVERE ] player 2 placing token on slot 5
[2022-12-12 22:08:32] [SEVERE ] player 2 placing token on slot 1
[2022-12-12 22:08:32] [SEVERE ] player 2 placing token on slot 11
[2022-12-12 22:08:32] [SEVERE ] removing player 2 token from slot 1
[2022-12-12 22:08:32] [SEVERE ] removing player 2 token from slot 5
[2022-12-12 22:08:32] [SEVERE ] removing player 2 token from slot 11
[2022-12-12 22:08:32] [SEVERE ] player 2 placing token on slot 8
[2022-12-12 22:08:32] [SEVERE ] player 2 placing token on slot 6
[2022-12-12 22:08:32] [SEVERE ] player 2 placing token on slot 5
[2022-12-12 22:08:32] [SEVERE ] removing player 2 token from slot 5
[2022-12-12 22:08:32] [SEVERE ] removing player 2 token from slot 6
[2022-12-12 22:08:32] [SEVERE ] removing player 2 token from slot 8
[2022-12-12 22:08:32] [SEVERE ] player 2 placing token on slot 10
[2022-12-12 22:08:32] [SEVERE ] player 2 placing token on slot 7
[2022-12-12 22:08:32] [SEVERE ] player 2 placing token on slot 4
[2022-12-12 22:08:32] [SEVERE ] removing player 2 token from slot 4
[2022-12-12 22:08:32] [SEVERE ] removing player 2 token from slot 7
[2022-12-12 22:08:32] [SEVERE ] removing player 2 token from slot 10
[2022-12-12 22:08:32] [SEVERE ] player 2 placing token on slot 6
[2022-12-12 22:08:32] [SEVERE ] player 2 placing token on slot 10
[2022-12-12 22:08:33] [SEVERE ] player 2 placing token on slot 3
[2022-12-12 22:08:33] [SEVERE ] removing player 2 token from slot 3
[2022-12-12 22:08:33] [SEVERE ] removing player 2 token from slot 6
[2022-12-12 22:08:33] [SEVERE ] removing player 2 token from slot 10
[2022-12-12 22:08:33] [SEVERE ] player 2 placing token on slot 7
[2022-12-12 22:08:33] [SEVERE ] player 2 placing token on slot 0
[2022-12-12 22:08:33] [SEVERE ] player 2 placing token on slot 2
[2022-12-12 22:08:33] [SEVERE ] removing player 2 token from slot 0
[2022-12-12 22:08:33] [SEVERE ] removing player 2 token from slot 2
[2022-12-12 22:08:33] [SEVERE ] removing player 2 token from slot 7
[2022-12-12 22:08:33] [SEVERE ] player 2 placing token on slot 4
[2022-12-12 22:08:33] [SEVERE ] player 2 placing token on slot 0
[2022-12-12 22:08:33] [SEVERE ] player 2 placing token on slot 9
[2022-12-12 22:08:33] [SEVERE ] removing player 2 token from slot 0
[2022-12-12 22:08:33] [SEVERE ] removing player 2 token from slot 4
[2022-12-12 22:08:33] [SEVERE ] removing player 2 token from slot 9
[2022-12-12 22:08:33] [SEVERE ] player 2 placing token on slot 5
[2022-12-12 22:08:33] [SEVERE ] player 2 placing token on slot 0
[2022-12-12 22:08:33] [SEVERE ] player 2 placing token on slot 3
[2022-12-12 22:08:33] [SEVERE ] removing player 2 token from slot 0
[2022-12-12 22:08:33] [SEVERE ] removing player 2 token from slot 3
[2022-12-12 22:08:33] [SEVERE ] removing player 2 token from slot 5
[2022-12-12 22:08:33] [SEVERE ] player 2 placing token on slot 11
[2022-12-12 22:08:33] [SEVERE ] player 2 placing token on slot 5
[2022-12-12 22:08:33] [SEVERE ] player 2 placing token on slot 10
[2022-12-12 22:08:33] [SEVERE ] removing player 2 token from slot 5
[2022-12-12 22:08:33] [SEVERE ] removing player 2 token from slot 10
[2022-12-12 22:08:33] [SEVERE ] removing player 2 token from slot 11
[2022-12-12 22:08:33] [SEVERE ] player 2 placing token on slot 8
[2022-12-12 22:08:33] [SEVERE ] player 2 placing token on slot 9
[2022-12-12 22:08:33] [SEVERE ] player 2 placing token on slot 6
[2022-12-12 22:08:33] [SEVERE ] removing player 2 token from slot 6
[2022-12-12 22:08:33] [SEVERE ] removing player 2 token from slot 8
[2022-12-12 22:08:33] [SEVERE ] removing player 2 token from slot 9
[2022-12-12 22:08:33] [SEVERE ] player 2 placing token on slot 9
[2022-12-12 22:08:33] [SEVERE ] player 2 placing token on slot 11
[2022-12-12 22:08:33] [SEVERE ] player 2 placing token on slot 10
[2022-12-12 22:08:33] [SEVERE ] removing player 2 token from slot 9
[2022-12-12 22:08:33] [SEVERE ] removing player 2 token from slot 10
[2022-12-12 22:08:33] [SEVERE ] removing player 2 token from slot 11
[2022-12-12 22:08:33] [SEVERE ] player 2 placing token on slot 3
[2022-12-12 22:08:33] [SEVERE ] player 2 placing token on slot 4
[2022-12-12 22:08:33] [SEVERE ] player 2 placing token on slot 2
[2022-12-12 22:08:33] [SEVERE ] removing player 2 token from slot 2
[2022-12-12 22:08:33] [SEVERE ] removing player 2 token from slot 3
[2022-12-12 22:08:33] [SEVERE ] removing player 2 token from slot 4
[2022-12-12 22:08:33] [SEVERE ] player 2 placing token on slot 3
[2022-12-12 22:08:33] [SEVERE ] player 2 placing token on slot 0
[2022-12-12 22:08:33] [SEVERE ] player 2 placing token on slot 9
[2022-12-12 22:08:33] [SEVERE ] removing player 2 token from slot 0
[2022-12-12 22:08:33] [SEVERE ] removing player 2 token from slot 3
[2022-12-12 22:08:33] [SEVERE ] removing player 2 token from slot 9
[2022-12-12 22:08:33] [SEVERE ] player 2 placing token on slot 10
[2022-12-12 22:08:33] [SEVERE ] player 2 placing token on slot 11
[2022-12-12 22:08:33] [SEVERE ] player 2 placing token on slot 6
[2022-12-12 22:08:33] [SEVERE ] removing player 2 token from slot 6
[2022-12-12 22:08:33] [SEVERE ] removing player 2 token from slot 10
[2022-12-12 22:08:33] [SEVERE ] removing player 2 token from slot 11
[2022-12-12 22:08:33] [SEVERE ] player 2 placing token on slot 5
[2022-12-12 22:08:33] [SEVERE ] player 2 placing token on slot 4
[2022-12-12 22:08:34] [SEVERE ] player 2 placing token on slot 8
[2022-12-12 22:08:34] [SEVERE ] removing player 2 token from slot 4
[2022-12-12 22:08:34] [SEVERE ] removing player 2 token from slot 5
[2022-12-12 22:08:34] [SEVERE ] removing player 2 token from slot 8
[2022-12-12 22:08:34] [SEVERE ] player 2 placing token on slot 4
[2022-12-12 22:08:34] [SEVERE ] player 2 placing token on slot 5
[2022-12-12 22:08:34] [SEVERE ] player 2 placing token on slot 1
[2022-12-12 22:08:34] [SEVERE ] removing player 2 token from slot 1
[2022-12-12 22:08:34] [SEVERE ] removing player 2 token from slot 4
[2022-12-12 22:08:34] [SEVERE ] removing player 2 token from slot 5
[2022-12-12 22:08:34] [SEVERE ] player 2 placing token on slot 9
[2022-12-12 22:08:34] [SEVERE ] player 2 placing token on slot 7
[2022-12-12 22:08:34] [SEVERE ] player 2 placing token on slot 2
[2022-12-12 22:08:34] [SEVERE ] removing player 2 token from slot 2
[2022-12-12 22:08:34] [SEVERE ] removing player 2 token from slot 7
[2022-12-12 22:08:34] [SEVERE ] removing player 2 token from slot 9
[2022-12-12 22:08:34] [SEVERE ] player 2 placing token on slot 7
[2022-12-12 22:08:34] [SEVERE ] player 2 placing token on slot 5
[2022-12-12 22:08:34] [SEVERE ] player 2 placing token on slot 6
[2022-12-12 22:08:34] [SEVERE ] removing player 2 token from slot 5
[2022-12-12 22:08:34] [SEVERE ] removing player 2 token from slot 6
[2022-12-12 22:08:34] [SEVERE ] removing player 2 token from slot 7
[2022-12-12 22:08:34] [SEVERE ] player 2 placing token on slot 2
[2022-12-12 22:08:34] [SEVERE ] player 2 placing token on slot 0
[2022-12-12 22:08:34] [SEVERE ] player 2 placing token on slot 1
[2022-12-12 22:08:34] [SEVERE ] removing player 2 token from slot 0
[2022-12-12 22:08:34] [SEVERE ] removing player 2 token from slot 1
[2022-12-12 22:08:34] [SEVERE ] removing player 2 token from slot 2
[2022-12-12 22:08:34] [SEVERE ] player 2 placing token on slot 5
[2022-12-12 22:08:34] [SEVERE ] player 2 placing token on slot 6
[2022-12-12 22:08:34] [SEVERE ] player 2 placing token on slot 10
[2022-12-12 22:08:34] [SEVERE ] removing player 2 token from slot 5
[2022-12-12 22:08:34] [SEVERE ] removing player 2 token from slot 6
[2022-12-12 22:08:34] [SEVERE ] removing player 2 token from slot 10
[2022-12-12 22:08:34] [SEVERE ] player 2 placing token on slot 0
[2022-12-12 22:08:34] [SEVERE ] player 2 placing token on slot 10
[2022-12-12 22:08:34] [SEVERE ] player 2 placing token on slot 5
[2022-12-12 22:08:34] [SEVERE ] removing player 2 token from slot 0
[2022-12-12 22:08:34] [SEVERE ] removing player 2 token from slot 5
[2022-12-12 22:08:34] [SEVERE ] removing player 2 token from slot 10
[2022-12-12 22:08:34] [SEVERE ] player 2 placing token on slot 1
[2022-12-12 22:08:34] [SEVERE ] player 2 placing token on slot 4
[2022-12-12 22:08:34] [SEVERE ] player 2 placing token on slot 5
[2022-12-12 22:08:34] [SEVERE ] removing player 2 token from slot 1
[2022-12-12 22:08:34] [SEVERE ] removing player 2 token from slot 4
[2022-12-12 22:08:34] [SEVERE ] removing player 2 token from slot 5
[2022-12-12 22:08:34] [SEVERE ] player 2 placing token on slot 5
[2022-12-12 22:08:34] [SEVERE ] player 2 placing token on slot 1
[2022-12-12 22:08:34] [SEVERE ] player 2 placing token on slot 2
[2022-12-12 22:08:34] [SEVERE ] removing player 2 token from slot 1
[2022-12-12 22:08:34] [SEVERE ] removing player 2 token from slot 2
[2022-12-12 22:08:34] [SEVERE ] removing player 2 token from slot 5
[2022-12-12 22:08:34] [SEVERE ] player 2 placing token on slot 9
[2022-12-12 22:08:34] [SEVERE ] player 2 placing token on slot 7
[2022-12-12 22:08:34] [SEVERE ] player 2 placing token on slot 0
[2022-12-12 22:08:34] [SEVERE ] removing player 2 token from slot 0
[2022-12-12 22:08:34] [SEVERE ] removing player 2 token from slot 7
[2022-12-12 22:08:34] [SEVERE ] removing player 2 token from slot 9
[2022-12-12 22:08:34] [SEVERE ] player 2 placing token on slot 3
[2022-12-12 22:08:34] [SEVERE ] player 2 placing token on slot 7
[2022-12-12 22:08:34] [SEVERE ] player 2 placing token on slot 5
[2022-12-12 22:08:34] [SEVERE ] removing player 2 token from slot 3
[2022-12-12 22:08:34] [SEVERE ] removing player 2 token from slot 5
[2022-12-12 22:08:34] [SEVERE ] removing player 2 token from slot 7
[2022-12-12 22:08:34] [SEVERE ] player 2 placing token on slot 9
[2022-12-12 22:08:35] [SEVERE ] player 2 placing token on slot 3
[2022-12-12 22:08:35] [SEVERE ] player 2 placing token on slot 6
[2022-12-12 22:08:35] [SEVERE ] removing player 2 token from slot 3
[2022-12-12 22:08:35] [SEVERE ] removing player 2 token from slot 6
[2022-12-12 22:08:35] [SEVERE ] removing player 2 token from slot 9
[2022-12-12 22:08:35] [SEVERE ] player 2 placing token on slot 6
[2022-12-12 22:08:35] [SEVERE ] player 2 placing token on slot 7
[2022-12-12 22:08:35] [SEVERE ] player 2 placing token on slot 11
[2022-12-12 22:08:35] [SEVERE ] removing player 2 token from slot 6
[2022-12-12 22:08:35] [SEVERE ] removing player 2 token from slot 7
[2022-12-12 22:08:35] [SEVERE ] removing player 2 token from slot 11
[2022-12-12 22:08:35] [SEVERE ] player 2 placing token on slot 0
[2022-12-12 22:08:35] [SEVERE ] player 2 placing token on slot 11
[2022-12-12 22:08:35] [SEVERE ] player 2 placing token on slot 2
[2022-12-12 22:08:35] [SEVERE ] removing player 2 token from slot 0
[2022-12-12 22:08:35] [SEVERE ] removing player 2 token from slot 2
[2022-12-12 22:08:35] [SEVERE ] removing player 2 token from slot 11
[2022-12-12 22:08:35] [SEVERE ] player 2 placing token on slot 8
[2022-12-12 22:08:35] [SEVERE ] player 2 placing token on slot 3
[2022-12-12 22:08:35] [SEVERE ] player 2 placing token on slot 7
[2022-12-12 22:08:35] [SEVERE ] removing player 2 token from slot 3
[2022-12-12 22:08:35] [SEVERE ] removing player 2 token from slot 7
[2022-12-12 22:08:35] [SEVERE ] removing player 2 token from slot 8
[2022-12-12 22:08:35] [SEVERE ] player 2 placing token on slot 10
[2022-12-12 22:08:35] [SEVERE ] player 2 placing token on slot 1
[2022-12-12 22:08:35] [SEVERE ] player 2 placing token on slot 6
[2022-12-12 22:08:35] [SEVERE ] removing player 2 token from slot 1
[2022-12-12 22:08:35] [SEVERE ] removing player 2 token from slot 6
[2022-12-12 22:08:35] [SEVERE ] removing player 2 token from slot 10
[2022-12-12 22:08:35] [SEVERE ] player 2 placing token on slot 11
[2022-12-12 22:08:35] [SEVERE ] player 2 placing token on slot 4
[2022-12-12 22:08:35] [SEVERE ] player 2 placing token on slot 6
[2022-12-12 22:08:35] [SEVERE ] removing player 2 token from slot 4
[2022-12-12 22:08:35] [SEVERE ] removing player 2 token from slot 6
[2022-12-12 22:08:35] [SEVERE ] removing player 2 token from slot 11
[2022-12-12 22:08:35] [SEVERE ] player 2 placing token on slot 7
[2022-12-12 22:08:35] [SEVERE ] player 2 placing token on slot 4
[2022-12-12 22:08:35] [SEVERE ] player 2 placing token on slot 2
[2022-12-12 22:08:35] [SEVERE ] removing player 2 token from slot 2
[2022-12-12 22:08:35] [SEVERE ] removing player 2 token from slot 4
[2022-12-12 22:08:35] [SEVERE ] removing player 2 token from slot 7
[2022-12-12 22:08:35] [SEVERE ] player 2 placing token on slot 0
[2022-12-12 22:08:35] [SEVERE ] player 2 placing token on slot 4
[2022-12-12 22:08:35] [SEVERE ] player 2 placing token on slot 1
[2022-12-12 22:08:35] [SEVERE ] removing player 2 token from slot 0
[2022-12-12 22:08:35] [SEVERE ] removing player 2 token from slot 1
[2022-12-12 22:08:35] [SEVERE ] removing player 2 token from slot 4
[2022-12-12 22:08:35] [SEVERE ] player 2 placing token on slot 1
[2022-12-12 22:08:35] [SEVERE ] player 2 placing token on slot 3
[2022-12-12 22:08:35] [SEVERE ] player 2 placing token on slot 10
[2022-12-12 22:08:35] [SEVERE ] removing player 2 token from slot 1
[2022-12-12 22:08:35] [SEVERE ] removing player 2 token from slot 3
[2022-12-12 22:08:35] [SEVERE ] removing player 2 token from slot 10
[2022-12-12 22:08:35] [SEVERE ] player 2 placing token on slot 8
[2022-12-12 22:08:35] [SEVERE ] player 2 placing token on slot 5
[2022-12-12 22:08:35] [SEVERE ] player 2 placing token on slot 4
[2022-12-12 22:08:35] [SEVERE ] removing player 2 token from slot 4
[2022-12-12 22:08:35] [SEVERE ] removing player 2 token from slot 5
[2022-12-12 22:08:35] [SEVERE ] removing player 2 token from slot 8
[2022-12-12 22:08:35] [SEVERE ] player 2 placing token on slot 10
[2022-12-12 22:08:35] [SEVERE ] player 2 placing token on slot 6
[2022-12-12 22:08:35] [SEVERE ] player 2 placing token on slot 0
[2022-12-12 22:08:35] [SEVERE ] removing player 2 token from slot 0
[2022-12-12 22:08:35] [SEVERE ] removing player 2 token from slot 6
[2022-12-12 22:08:35] [SEVERE ] removing player 2 token from slot 10
[2022-12-12 22:08:35] [SEVERE ] player 2 placing token on slot 10
[2022-12-12 22:08:36] [SEVERE ] player 2 placing token on slot 4
[2022-12-12 22:08:36] [SEVERE ] player 2 placing token on slot 5
[2022-12-12 22:08:36] [SEVERE ] removing player 2 token from slot 4
[2022-12-12 22:08:36] [SEVERE ] removing player 2 token from slot 5
[2022-12-12 22:08:36] [SEVERE ] removing player 2 token from slot 10
[2022-12-12 22:08:36] [SEVERE ] player 2 placing token on slot 3
[2022-12-12 22:08:36] [SEVERE ] player 2 placing token on slot 5
[2022-12-12 22:08:36] [SEVERE ] player 2 placing token on slot 8
[2022-12-12 22:08:36] [SEVERE ] removing player 2 token from slot 3
[2022-12-12 22:08:36] [SEVERE ] removing player 2 token from slot 5
[2022-12-12 22:08:36] [SEVERE ] removing player 2 token from slot 8
[2022-12-12 22:08:36] [SEVERE ] player 2 placing token on slot 8
[2022-12-12 22:08:36] [SEVERE ] player 2 placing token on slot 0
[2022-12-12 22:08:36] [SEVERE ] player 2 placing token on slot 1
[2022-12-12 22:08:36] [SEVERE ] removing player 2 token from slot 0
[2022-12-12 22:08:36] [SEVERE ] removing player 2 token from slot 1
[2022-12-12 22:08:36] [SEVERE ] removing player 2 token from slot 8
[2022-12-12 22:08:36] [SEVERE ] player 2 placing token on slot 0
[2022-12-12 22:08:36] [SEVERE ] player 2 placing token on slot 4
[2022-12-12 22:08:36] [SEVERE ] player 2 placing token on slot 6
[2022-12-12 22:08:36] [SEVERE ] removing player 2 token from slot 0
[2022-12-12 22:08:36] [SEVERE ] removing player 2 token from slot 4
[2022-12-12 22:08:36] [SEVERE ] removing player 2 token from slot 6
[2022-12-12 22:08:36] [SEVERE ] player 2 placing token on slot 1
[2022-12-12 22:08:36] [SEVERE ] player 2 placing token on slot 3
[2022-12-12 22:08:36] [SEVERE ] player 2 placing token on slot 11
[2022-12-12 22:08:36] [SEVERE ] removing player 2 token from slot 1
[2022-12-12 22:08:36] [SEVERE ] removing player 2 token from slot 3
[2022-12-12 22:08:36] [SEVERE ] removing player 2 token from slot 11
[2022-12-12 22:08:36] [SEVERE ] player 2 placing token on slot 9
[2022-12-12 22:08:36] [SEVERE ] player 2 placing token on slot 6
[2022-12-12 22:08:36] [SEVERE ] player 2 placing token on slot 4
[2022-12-12 22:08:36] [SEVERE ] removing player 2 token from slot 4
[2022-12-12 22:08:36] [SEVERE ] removing player 2 token from slot 6
[2022-12-12 22:08:36] [SEVERE ] removing player 2 token from slot 9
[2022-12-12 22:08:36] [SEVERE ] player 2 placing token on slot 11
[2022-12-12 22:08:36] [SEVERE ] player 2 placing token on slot 6
[2022-12-12 22:08:36] [SEVERE ] player 2 placing token on slot 0
[2022-12-12 22:08:36] [SEVERE ] removing player 2 token from slot 0
[2022-12-12 22:08:36] [SEVERE ] removing player 2 token from slot 6
[2022-12-12 22:08:36] [SEVERE ] removing player 2 token from slot 11
[2022-12-12 22:08:36] [SEVERE ] player 2 placing token on slot 8
[2022-12-12 22:08:36] [SEVERE ] player 2 placing token on slot 0
[2022-12-12 22:08:36] [SEVERE ] player 2 placing token on slot 10
[2022-12-12 22:08:36] [SEVERE ] removing player 2 token from slot 0
[2022-12-12 22:08:36] [SEVERE ] removing player 2 token from slot 8
[2022-12-12 22:08:36] [SEVERE ] removing player 2 token from slot 10
[2022-12-12 22:08:36] [SEVERE ] player 2 placing token on slot 3
[2022-12-12 22:08:36] [SEVERE ] player 2 placing token on slot 5
[2022-12-12 22:08:36] [SEVERE ] player 2 placing token on slot 9
[2022-12-12 22:08:36] [SEVERE ] removing player 2 token from slot 3
[2022-12-12 22:08:36] [SEVERE ] removing player 2 token from slot 5
[2022-12-12 22:08:36] [SEVERE ] removing player 2 token from slot 9
[2022-12-12 22:08:36] [SEVERE ] player 2 placing token on slot 6
[2022-12-12 22:08:36] [SEVERE ] player 2 placing token on slot 4
[2022-12-12 22:08:36] [SEVERE ] player 2 placing token on slot 1
[2022-12-12 22:08:36] [SEVERE ] removing player 2 token from slot 1
[2022-12-12 22:08:36] [SEVERE ] removing player 2 token from slot 4
[2022-12-12 22:08:36] [SEVERE ] removing player 2 token from slot 6
[2022-12-12 22:08:36] [SEVERE ] player 2 placing token on slot 8
[2022-12-12 22:08:36] [SEVERE ] player 2 placing token on slot 5
[2022-12-12 22:08:36] [SEVERE ] player 2 placing token on slot 1
[2022-12-12 22:08:36] [SEVERE ] removing player 2 token from slot 1
[2022-12-12 22:08:36] [SEVERE ] removing player 2 token from slot 5
[2022-12-12 22:08:36] [SEVERE ] removing player 2 token from slot 8
[2022-12-12 22:08:37] [SEVERE ] player 2 placing token on slot 3
[2022-12-12 22:08:37] [SEVERE ] player 2 placing token on slot 2
[2022-12-12 22:08:37] [SEVERE ] player 2 placing token on slot 0
[2022-12-12 22:08:37] [SEVERE ] removing player 2 token from slot 0
[2022-12-12 22:08:37] [SEVERE ] removing player 2 token from slot 2
[2022-12-12 22:08:37] [SEVERE ] removing player 2 token from slot 3
[2022-12-12 22:08:37] [SEVERE ] player 2 placing token on slot 4
[2022-12-12 22:08:37] [SEVERE ] player 2 placing token on slot 11
[2022-12-12 22:08:37] [SEVERE ] player 2 placing token on slot 5
[2022-12-12 22:08:37] [SEVERE ] removing player 2 token from slot 4
[2022-12-12 22:08:37] [SEVERE ] removing player 2 token from slot 5
[2022-12-12 22:08:37] [SEVERE ] removing player 2 token from slot 11
[2022-12-12 22:08:37] [SEVERE ] player 2 placing token on slot 4
[2022-12-12 22:08:37] [SEVERE ] player 2 placing token on slot 5
[2022-12-12 22:08:37] [SEVERE ] player 2 placing token on slot 7
[2022-12-12 22:08:37] [SEVERE ] removing player 2 token from slot 4
[2022-12-12 22:08:37] [SEVERE ] removing player 2 token from slot 5
[2022-12-12 22:08:37] [SEVERE ] removing player 2 token from slot 7
[2022-12-12 22:08:37] [SEVERE ] player 2 placing token on slot 1
[2022-12-12 22:08:37] [SEVERE ] player 2 placing token on slot 10
[2022-12-12 22:08:37] [SEVERE ] player 2 placing token on slot 5
[2022-12-12 22:08:37] [SEVERE ] removing player 2 token from slot 1
[2022-12-12 22:08:37] [SEVERE ] removing player 2 token from slot 5
[2022-12-12 22:08:37] [SEVERE ] removing player 2 token from slot 10
[2022-12-12 22:08:37] [SEVERE ] player 2 placing token on slot 0
[2022-12-12 22:08:37] [SEVERE ] player 2 placing token on slot 6
[2022-12-12 22:08:37] [SEVERE ] player 2 placing token on slot 5
[2022-12-12 22:08:37] [SEVERE ] removing player 2 token from slot 0
[2022-12-12 22:08:37] [SEVERE ] removing player 2 token from slot 5
[2022-12-12 22:08:37] [SEVERE ] removing player 2 token from slot 6
[2022-12-12 22:08:37] [SEVERE ] player 2 placing token on slot 10
[2022-12-12 22:08:37] [SEVERE ] player 2 placing token on slot 5
[2022-12-12 22:08:37] [SEVERE ] player 2 placing token on slot 4
[2022-12-12 22:08:37] [SEVERE ] removing player 2 token from slot 4
[2022-12-12 22:08:37] [SEVERE ] removing player 2 token from slot 5
[2022-12-12 22:08:37] [SEVERE ] removing player 2 token from slot 10
[2022-12-12 22:08:37] [SEVERE ] player 2 placing token on slot 10
[2022-12-12 22:08:37] [SEVERE ] player 2 placing token on slot 7
[2022-12-12 22:08:37] [SEVERE ] player 2 placing token on slot 1
[2022-12-12 22:08:37] [SEVERE ] removing player 2 token from slot 1
[2022-12-12 22:08:37] [SEVERE ] removing player 2 token from slot 7
[2022-12-12 22:08:37] [SEVERE ] removing player 2 token from slot 10
[2022-12-12 22:08:37] [SEVERE ] player 2 placing token on slot 6
[2022-12-12 22:08:37] [SEVERE ] player 2 placing token on slot 3
[2022-12-12 22:08:37] [SEVERE ] player 2 placing token on slot 9
[2022-12-12 22:08:37] [SEVERE ] removing player 2 token from slot 3
[2022-12-12 22:08:37] [SEVERE ] removing player 2 token from slot 6
[2022-12-12 22:08:37] [SEVERE ] removing player 2 token from slot 9
[2022-12-12 22:08:37] [SEVERE ] player 2 placing token on slot 10
[2022-12-12 22:08:37] [SEVERE ] player 2 placing token on slot 6
[2022-12-12 22:08:37] [SEVERE ] player 2 placing token on slot 7
[2022-12-12 22:08:37] [SEVERE ] removing player 2 token from slot 6
[2022-12-12 22:08:37] [SEVERE ] removing player 2 token from slot 7
[2022-12-12 22:08:37] [SEVERE ] removing player 2 token from slot 10
[2022-12-12 22:08:37] [SEVERE ] player 2 placing token on slot 9
[2022-12-12 22:08:37] [SEVERE ] player 2 placing token on slot 10
[2022-12-12 22:08:37] [SEVERE ] player 2 placing token on slot 2
[2022-12-12 22:08:37] [SEVERE ] removing player 2 token from slot 2
[2022-12-12 22:08:37] [SEVERE ] removing player 2 token from slot 9
[2022-12-12 22:08:37] [SEVERE ] removing player 2 token from slot 10
[2022-12-12 22:08:38] [SEVERE ] player 2 placing token on slot 3
[2022-12-12 22:08:38] [SEVERE ] player 2 placing token on slot 10
[2022-12-12 22:08:38] [SEVERE ] player 2 placing token on slot 5
[2022-12-12 22:08:38] [SEVERE ] removing player 2 token from slot 3
[2022-12-12 22:08:38] [SEVERE ] removing player 2 token from slot 5
[2022-12-12 22:08:38] [SEVERE ] removing player 2 token from slot 10
[2022-12-12 22:08:38] [SEVERE ] player 2 placing token on slot 5
[2022-12-12 22:08:38] [SEVERE ] player 2 placing token on slot 2
[2022-12-12 22:08:38] [SEVERE ] player 2 placing token on slot 8
[2022-12-12 22:08:38] [SEVERE ] removing player 2 token from slot 2
[2022-12-12 22:08:38] [SEVERE ] removing player 2 token from slot 5
[2022-12-12 22:08:38] [SEVERE ] removing player 2 token from slot 8
[2022-12-12 22:08:38] [SEVERE ] player 2 placing token on slot 8
[2022-12-12 22:08:38] [SEVERE ] player 2 placing token on slot 11
[2022-12-12 22:08:38] [SEVERE ] player 2 placing token on slot 2
[2022-12-12 22:08:38] [SEVERE ] removing player 2 token from slot 2
[2022-12-12 22:08:38] [SEVERE ] removing player 2 token from slot 8
[2022-12-12 22:08:38] [SEVERE ] removing player 2 token from slot 11
[2022-12-12 22:08:38] [SEVERE ] player 2 placing token on slot 6
[2022-12-12 22:08:38] [SEVERE ] player 2 placing token on slot 2
[2022-12-12 22:08:38] [SEVERE ] player 2 placing token on slot 7
[2022-12-12 22:08:38] [SEVERE ] removing player 2 token from slot 2
[2022-12-12 22:08:38] [SEVERE ] removing player 2 token from slot 6
[2022-12-12 22:08:38] [SEVERE ] removing player 2 token from slot 7
[2022-12-12 22:08:38] [SEVERE ] player 2 placing token on slot 7
[2022-12-12 22:08:38] [SEVERE ] player 2 placing token on slot 10
[2022-12-12 22:08:38] [SEVERE ] player 2 placing token on slot 0
[2022-12-12 22:08:38] [SEVERE ] removing player 2 token from slot 0
[2022-12-12 22:08:38] [SEVERE ] removing player 2 token from slot 7
[2022-12-12 22:08:38] [SEVERE ] removing player 2 token from slot 10
[2022-12-12 22:08:38] [SEVERE ] player 2 placing token on slot 5
[2022-12-12 22:08:38] [SEVERE ] player 2 placing token on slot 1
[2022-12-12 22:08:38] [SEVERE ] player 2 placing token on slot 6
[2022-12-12 22:08:38] [SEVERE ] removing player 2 token from slot 1
[2022-12-12 22:08:38] [SEVERE ] removing player 2 token from slot 5
[2022-12-12 22:08:38] [SEVERE ] removing player 2 token from slot 6
[2022-12-12 22:08:38] [SEVERE ] player 2 placing token on slot 5
[2022-12-12 22:08:38] [SEVERE ] player 2 placing token on slot 10
[2022-12-12 22:08:38] [SEVERE ] player 2 placing token on slot 0
[2022-12-12 22:08:38] [SEVERE ] removing player 2 token from slot 0
[2022-12-12 22:08:38] [SEVERE ] removing player 2 token from slot 5
[2022-12-12 22:08:38] [SEVERE ] removing player 2 token from slot 10
[2022-12-12 22:08:38] [SEVERE ] player 2 placing token on slot 1
[2022-12-12 22:08:38] [SEVERE ] player 2 placing token on slot 5
[2022-12-12 22:08:38] [SEVERE ] player 2 placing token on slot 8
[2022-12-12 22:08:38] [SEVERE ] removing player 2 token from slot 1
[2022-12-12 22:08:38] [SEVERE ] removing player 2 token from slot 5
[2022-12-12 22:08:38] [SEVERE ] removing player 2 token from slot 8
[2022-12-12 22:08:38] [SEVERE ] player 2 placing token on slot 8
[2022-12-12 22:08:38] [SEVERE ] player 2 placing token on slot 11
[2022-12-12 22:08:38] [SEVERE ] player 2 placing token on slot 6
[2022-12-12 22:08:38] [SEVERE ] removing player 2 token from slot 6
[2022-12-12 22:08:38] [SEVERE ] removing player 2 token from slot 8
[2022-12-12 22:08:38] [SEVERE ] removing player 2 token from slot 11
[2022-12-12 22:08:38] [SEVERE ] player 2 placing token on slot 0
[2022-12-12 22:08:38] [SEVERE ] player 2 placing token on slot 5
[2022-12-12 22:08:38] [SEVERE ] player 2 placing token on slot 9
[2022-12-12 22:08:38] [SEVERE ] removing player 2 token from slot 0
[2022-12-12 22:08:38] [SEVERE ] removing player 2 token from slot 5
[2022-12-12 22:08:38] [SEVERE ] removing player 2 token from slot 9
[2022-12-12 22:08:38] [SEVERE ] player 2 placing token on slot 3
[2022-12-12 22:08:38] [SEVERE ] player 2 placing token on slot 8
[2022-12-12 22:08:39] [SEVERE ] player 2 placing token on slot 11
[2022-12-12 22:08:39] [SEVERE ] removing player 2 token from slot 3
[2022-12-12 22:08:39] [SEVERE ] removing player 2 token from slot 8
[2022-12-12 22:08:39] [SEVERE ] removing player 2 token from slot 11
[2022-12-12 22:08:39] [SEVERE ] player 2 placing token on slot 11
[2022-12-12 22:08:39] [SEVERE ] player 2 placing token on slot 7
[2022-12-12 22:08:39] [SEVERE ] player 2 placing token on slot 4
[2022-12-12 22:08:39] [SEVERE ] removing player 2 token from slot 4
[2022-12-12 22:08:39] [SEVERE ] removing player 2 token from slot 7
[2022-12-12 22:08:39] [SEVERE ] removing player 2 token from slot 11
[2022-12-12 22:08:39] [SEVERE ] player 2 placing token on slot 8
[2022-12-12 22:08:39] [SEVERE ] player 2 placing token on slot 9
[2022-12-12 22:08:39] [SEVERE ] player 2 placing token on slot 0
[2022-12-12 22:08:39] [SEVERE ] removing player 2 token from slot 0
[2022-12-12 22:08:39] [SEVERE ] removing player 2 token from slot 8
[2022-12-12 22:08:39] [SEVERE ] removing player 2 token from slot 9
[2022-12-12 22:08:39] [SEVERE ] player 2 placing token on slot 11
[2022-12-12 22:08:39] [SEVERE ] player 2 placing token on slot 2
[2022-12-12 22:08:39] [SEVERE ] player 2 placing token on slot 0
[2022-12-12 22:08:39] [SEVERE ] removing player 2 token from slot 0
[2022-12-12 22:08:39] [SEVERE ] removing player 2 token from slot 2
[2022-12-12 22:08:39] [SEVERE ] removing player 2 token from slot 11
[2022-12-12 22:08:39] [SEVERE ] player 2 placing token on slot 2
[2022-12-12 22:08:39] [SEVERE ] player 2 placing token on slot 8
[2022-12-12 22:08:39] [SEVERE ] player 2 placing token on slot 7
[2022-12-12 22:08:39] [SEVERE ] removing player 2 token from slot 2
[2022-12-12 22:08:39] [SEVERE ] removing player 2 token from slot 7
[2022-12-12 22:08:39] [SEVERE ] removing player 2 token from slot 8
[2022-12-12 22:08:39] [SEVERE ] player 2 placing token on slot 6
[2022-12-12 22:08:39] [SEVERE ] player 2 placing token on slot 3
[2022-12-12 22:08:39] [SEVERE ] player 2 placing token on slot 1
[2022-12-12 22:08:39] [SEVERE ] removing tokens from slot 1
[2022-12-12 22:08:39] [SEVERE ] removing card from slot 1
[2022-12-12 22:08:39] [SEVERE ] removing tokens from slot 3
[2022-12-12 22:08:39] [SEVERE ] removing card from slot 3
[2022-12-12 22:08:39] [SEVERE ] removing tokens from slot 6
[2022-12-12 22:08:39] [SEVERE ] removing card from slot 6
[2022-12-12 22:08:39] [SEVERE ] setting player 2 score to 1
[2022-12-12 22:08:39] [SEVERE ] player 2 placing token on slot 10
[2022-12-12 22:08:39] [SEVERE ] player 2 placing token on slot 5
[2022-12-12 22:08:39] [SEVERE ] placing card 26 in slot 1
[2022-12-12 22:08:39] [SEVERE ] player 2 placing token on slot 4
[2022-12-12 22:08:39] [SEVERE ] placing card 7 in slot 3
[2022-12-12 22:08:40] [SEVERE ] placing card 47 in slot 6
