[2022-12-12 16:20:01] [INFO   ] cannot read configuration file config.properties trying from resources.
[2022-12-12 16:20:01] [INFO   ] configuration file was loaded from resources directory.
[2022-12-12 16:20:01] [INFO   ] Thread dealer starting.
[2022-12-12 16:20:01] [INFO   ] Thread Thread-1starting.
[2022-12-12 16:20:01] [INFO   ] Thread Thread-0starting.
[2022-12-12 16:20:01] [SEVERE ] placing card 7 in slot 0
[2022-12-12 16:20:01] [SEVERE ] placing card 35 in slot 1
[2022-12-12 16:20:02] [SEVERE ] placing card 46 in slot 2
[2022-12-12 16:20:02] [SEVERE ] placing card 42 in slot 3
[2022-12-12 16:20:02] [SEVERE ] placing card 38 in slot 4
[2022-12-12 16:20:02] [SEVERE ] placing card 68 in slot 5
[2022-12-12 16:20:02] [SEVERE ] placing card 52 in slot 6
[2022-12-12 16:20:02] [SEVERE ] placing card 0 in slot 7
[2022-12-12 16:20:02] [SEVERE ] placing card 9 in slot 8
[2022-12-12 16:20:02] [SEVERE ] placing card 49 in slot 9
[2022-12-12 16:20:02] [SEVERE ] placing card 60 in slot 10
[2022-12-12 16:20:03] [SEVERE ] placing card 32 in slot 11
[2022-12-12 16:20:05] [SEVERE ] Key 81 was pressed by player 0
[2022-12-12 16:20:05] [SEVERE ] player 0 placing token on slot 0
[2022-12-12 16:20:05] [SEVERE ] Key 87 was pressed by player 0
[2022-12-12 16:20:05] [SEVERE ] player 0 placing token on slot 1
[2022-12-12 16:20:06] [SEVERE ] Key 69 was pressed by player 0
[2022-12-12 16:20:06] [SEVERE ] player 0 placing token on slot 2
[2022-12-12 16:20:11] [SEVERE ] Key 81 was pressed by player 0
[2022-12-12 16:20:13] [SEVERE ] Key 81 was pressed by player 0
[2022-12-12 16:20:14] [SEVERE ] removing player 0 token from slot 0
[2022-12-12 16:20:14] [SEVERE ] player 0 placing token on slot 0
