[2022-12-12 22:12:45] [INFO   ] cannot read configuration file config.properties trying from resources.
[2022-12-12 22:12:45] [INFO   ] configuration file was loaded from resources directory.
[2022-12-12 22:12:46] [INFO   ] Thread Thread-0starting.
[2022-12-12 22:12:46] [INFO   ] Thread Thread-1starting.
[2022-12-12 22:12:46] [INFO   ] Thread dealer starting.
[2022-12-12 22:12:46] [SEVERE ] placing card 19 in slot 0
[2022-12-12 22:12:46] [SEVERE ] placing card 37 in slot 1
[2022-12-12 22:12:46] [SEVERE ] placing card 73 in slot 2
[2022-12-12 22:12:46] [SEVERE ] placing card 45 in slot 3
[2022-12-12 22:12:46] [SEVERE ] placing card 11 in slot 4
[2022-12-12 22:12:46] [SEVERE ] placing card 77 in slot 5
[2022-12-12 22:12:47] [SEVERE ] placing card 59 in slot 6
[2022-12-12 22:12:47] [SEVERE ] placing card 35 in slot 7
[2022-12-12 22:12:47] [SEVERE ] placing card 26 in slot 8
[2022-12-12 22:12:47] [SEVERE ] placing card 69 in slot 9
[2022-12-12 22:12:47] [SEVERE ] placing card 64 in slot 10
[2022-12-12 22:12:47] [SEVERE ] placing card 9 in slot 11
[2022-12-12 22:13:02] [SEVERE ] Key 81 was pressed by player 0
[2022-12-12 22:13:02] [SEVERE ] player 0 placing token on slot 0
[2022-12-12 22:13:03] [SEVERE ] Key 70 was pressed by player 0
[2022-12-12 22:13:03] [SEVERE ] player 0 placing token on slot 7
[2022-12-12 22:13:04] [SEVERE ] Key 88 was pressed by player 0
[2022-12-12 22:13:04] [SEVERE ] player 0 placing token on slot 9
[2022-12-12 22:13:06] [SEVERE ] Key 88 was pressed by player 0
[2022-12-12 22:13:06] [SEVERE ] removing player 0 token from slot 9
[2022-12-12 22:13:12] [SEVERE ] Key 70 was pressed by player 0
[2022-12-12 22:13:12] [SEVERE ] removing player 0 token from slot 7
[2022-12-12 22:13:13] [SEVERE ] Key 81 was pressed by player 0
[2022-12-12 22:13:13] [SEVERE ] removing player 0 token from slot 0
[2022-12-12 22:13:17] [SEVERE ] Key 90 was pressed by player 0
[2022-12-12 22:13:17] [SEVERE ] player 0 placing token on slot 8
[2022-12-12 22:13:21] [SEVERE ] Key 90 was pressed by player 0
[2022-12-12 22:13:21] [SEVERE ] removing player 0 token from slot 8
[2022-12-12 22:13:47] [SEVERE ] removing tokens from slot 0
[2022-12-12 22:13:47] [SEVERE ] removing card from slot 0
[2022-12-12 22:13:47] [SEVERE ] removing tokens from slot 1
[2022-12-12 22:13:47] [SEVERE ] removing card from slot 1
[2022-12-12 22:13:47] [SEVERE ] removing tokens from slot 2
[2022-12-12 22:13:47] [SEVERE ] removing card from slot 2
[2022-12-12 22:13:48] [SEVERE ] removing tokens from slot 3
[2022-12-12 22:13:48] [SEVERE ] removing card from slot 3
[2022-12-12 22:13:48] [SEVERE ] removing tokens from slot 4
[2022-12-12 22:13:48] [SEVERE ] removing card from slot 4
[2022-12-12 22:13:48] [SEVERE ] removing tokens from slot 5
[2022-12-12 22:13:48] [SEVERE ] removing card from slot 5
[2022-12-12 22:13:48] [SEVERE ] removing tokens from slot 6
[2022-12-12 22:13:48] [SEVERE ] removing card from slot 6
[2022-12-12 22:13:48] [SEVERE ] removing tokens from slot 7
[2022-12-12 22:13:48] [SEVERE ] removing card from slot 7
[2022-12-12 22:13:48] [SEVERE ] removing tokens from slot 8
[2022-12-12 22:13:48] [SEVERE ] removing card from slot 8
[2022-12-12 22:13:48] [SEVERE ] removing tokens from slot 9
[2022-12-12 22:13:48] [SEVERE ] removing card from slot 9
[2022-12-12 22:13:48] [SEVERE ] removing tokens from slot 10
[2022-12-12 22:13:48] [SEVERE ] removing card from slot 10
[2022-12-12 22:13:48] [SEVERE ] removing tokens from slot 11
[2022-12-12 22:13:48] [SEVERE ] removing card from slot 11
[2022-12-12 22:13:49] [SEVERE ] placing card 38 in slot 0
[2022-12-12 22:13:49] [SEVERE ] placing card 50 in slot 1
[2022-12-12 22:13:49] [SEVERE ] placing card 56 in slot 2
[2022-12-12 22:13:49] [SEVERE ] placing card 30 in slot 3
[2022-12-12 22:13:49] [SEVERE ] placing card 71 in slot 4
[2022-12-12 22:13:49] [SEVERE ] placing card 17 in slot 5
[2022-12-12 22:13:49] [SEVERE ] placing card 36 in slot 6
[2022-12-12 22:13:49] [SEVERE ] placing card 54 in slot 7
[2022-12-12 22:13:49] [SEVERE ] placing card 5 in slot 8
[2022-12-12 22:13:50] [SEVERE ] placing card 48 in slot 9
[2022-12-12 22:13:50] [SEVERE ] placing card 53 in slot 10
[2022-12-12 22:13:50] [SEVERE ] placing card 44 in slot 11
[2022-12-12 22:14:04] [SEVERE ] Key 65 was pressed by player 0
[2022-12-12 22:14:04] [SEVERE ] player 0 placing token on slot 4
[2022-12-12 22:14:05] [SEVERE ] Key 83 was pressed by player 0
[2022-12-12 22:14:05] [SEVERE ] player 0 placing token on slot 5
[2022-12-12 22:14:07] [SEVERE ] Key 86 was pressed by player 0
[2022-12-12 22:14:07] [SEVERE ] player 0 placing token on slot 11
[2022-12-12 22:14:07] [SEVERE ] removing tokens from slot 4
[2022-12-12 22:14:07] [SEVERE ] removing card from slot 4
[2022-12-12 22:14:07] [SEVERE ] removing tokens from slot 5
[2022-12-12 22:14:07] [SEVERE ] removing card from slot 5
[2022-12-12 22:14:07] [SEVERE ] removing tokens from slot 11
[2022-12-12 22:14:07] [SEVERE ] removing card from slot 11
[2022-12-12 22:14:07] [SEVERE ] setting player 0 score to 1
[2022-12-12 22:14:08] [SEVERE ] placing card 51 in slot 4
[2022-12-12 22:14:08] [SEVERE ] placing card 61 in slot 5
[2022-12-12 22:14:08] [SEVERE ] placing card 13 in slot 11
[2022-12-12 22:14:09] [SEVERE ] Key 65 was pressed by player 0
[2022-12-12 22:14:09] [SEVERE ] player 0 placing token on slot 4
[2022-12-12 22:14:12] [SEVERE ] Key 83 was pressed by player 0
[2022-12-12 22:14:12] [SEVERE ] player 0 placing token on slot 5
[2022-12-12 22:14:16] [SEVERE ] Key 86 was pressed by player 0
[2022-12-12 22:14:16] [SEVERE ] player 0 placing token on slot 11
[2022-12-12 22:14:18] [SEVERE ] Key 86 was pressed by player 0
[2022-12-12 22:14:18] [SEVERE ] removing player 0 token from slot 11
[2022-12-12 22:14:18] [SEVERE ] Key 83 was pressed by player 0
[2022-12-12 22:14:18] [SEVERE ] removing player 0 token from slot 5
[2022-12-12 22:14:18] [SEVERE ] Key 65 was pressed by player 0
[2022-12-12 22:14:18] [SEVERE ] removing player 0 token from slot 4
[2022-12-12 22:14:19] [SEVERE ] Key 65 was pressed by player 0
[2022-12-12 22:14:19] [SEVERE ] player 0 placing token on slot 4
[2022-12-12 22:14:19] [SEVERE ] Key 83 was pressed by player 0
[2022-12-12 22:14:19] [SEVERE ] player 0 placing token on slot 5
[2022-12-12 22:14:19] [SEVERE ] Key 86 was pressed by player 0
[2022-12-12 22:14:19] [SEVERE ] player 0 placing token on slot 11
[2022-12-12 22:14:21] [SEVERE ] Key 86 was pressed by player 0
[2022-12-12 22:14:21] [SEVERE ] removing player 0 token from slot 11
[2022-12-12 22:14:21] [SEVERE ] Key 83 was pressed by player 0
[2022-12-12 22:14:21] [SEVERE ] removing player 0 token from slot 5
[2022-12-12 22:14:21] [SEVERE ] Key 65 was pressed by player 0
[2022-12-12 22:14:21] [SEVERE ] removing player 0 token from slot 4
