[2022-12-10 15:13:43] [INFO   ] cannot read configuration file config.properties trying from resources.
[2022-12-10 15:13:43] [INFO   ] configuration file was loaded from resources directory.
[2022-12-10 15:13:44] [INFO   ] Thread Thread-0starting.
[2022-12-10 15:13:44] [INFO   ] Thread Thread-4starting.
[2022-12-10 15:13:44] [INFO   ] Thread Thread-5starting.
[2022-12-10 15:13:44] [INFO   ] Thread Thread-3starting.
[2022-12-10 15:13:44] [INFO   ] Thread dealer starting.
[2022-12-10 15:13:44] [INFO   ] Thread Thread-2starting.
[2022-12-10 15:13:44] [INFO   ] Thread Thread-1starting.
[2022-12-10 15:13:44] [INFO   ] Thread computer-4 starting.
[2022-12-10 15:13:44] [INFO   ] Thread computer-5 starting.
[2022-12-10 15:13:44] [INFO   ] Thread computer-2 starting.
[2022-12-10 15:13:44] [INFO   ] Thread computer-3 starting.
[2022-12-10 15:13:44] [SEVERE ] placing card 64 in slot 0
[2022-12-10 15:13:44] [SEVERE ] placing card 46 in slot 1
[2022-12-10 15:13:53] [SEVERE ] placing card 28 in slot 2
[2022-12-10 15:13:53] [SEVERE ] placing card 59 in slot 3
[2022-12-10 15:13:53] [SEVERE ] placing card 7 in slot 4
[2022-12-10 15:13:53] [SEVERE ] placing card 25 in slot 5
[2022-12-10 15:13:53] [SEVERE ] placing card 1 in slot 6
[2022-12-10 15:13:53] [SEVERE ] placing card 53 in slot 7
[2022-12-10 15:13:53] [SEVERE ] placing card 24 in slot 8
[2022-12-10 15:13:53] [SEVERE ] placing card 50 in slot 9
[2022-12-10 15:13:54] [SEVERE ] placing card 57 in slot 10
[2022-12-10 15:13:54] [SEVERE ] placing card 5 in slot 11
[2022-12-10 15:13:54] [SEVERE ] player 3 placing token on slot 7
[2022-12-10 15:13:54] [SEVERE ] player 4 placing token on slot 1
[2022-12-10 15:13:54] [SEVERE ] player 5 placing token on slot 6
[2022-12-10 15:13:54] [SEVERE ] player 4 placing token on slot 11
[2022-12-10 15:13:54] [SEVERE ] player 5 placing token on slot 2
[2022-12-10 15:13:54] [SEVERE ] player 4 placing token on slot 7
[2022-12-10 15:13:54] [SEVERE ] player 2 placing token on slot 5
[2022-12-10 15:13:54] [SEVERE ] player 2 placing token on slot 8
[2022-12-10 15:13:54] [SEVERE ] player 2 placing token on slot 11
[2022-12-10 15:13:54] [SEVERE ] removing player 2 token from slot 5
[2022-12-10 15:13:54] [SEVERE ] removing player 2 token from slot 8
[2022-12-10 15:13:54] [SEVERE ] removing player 2 token from slot 11
[2022-12-10 15:13:54] [SEVERE ] removing player 4 token from slot 1
[2022-12-10 15:13:54] [SEVERE ] removing player 4 token from slot 7
[2022-12-10 15:13:54] [SEVERE ] removing player 4 token from slot 11
[2022-12-10 15:13:54] [SEVERE ] player 3 placing token on slot 3
[2022-12-10 15:13:54] [SEVERE ] player 3 placing token on slot 2
[2022-12-10 15:13:54] [SEVERE ] player 5 placing token on slot 1
[2022-12-10 15:13:54] [SEVERE ] removing player 3 token from slot 2
[2022-12-10 15:13:54] [SEVERE ] removing player 3 token from slot 3
[2022-12-10 15:13:54] [SEVERE ] removing player 3 token from slot 7
[2022-12-10 15:13:54] [SEVERE ] removing player 5 token from slot 1
[2022-12-10 15:13:54] [SEVERE ] removing player 5 token from slot 2
[2022-12-10 15:13:54] [SEVERE ] removing player 5 token from slot 6
[2022-12-10 15:13:54] [SEVERE ] player 2 placing token on slot 7
[2022-12-10 15:13:54] [SEVERE ] player 2 placing token on slot 10
[2022-12-10 15:13:54] [SEVERE ] player 2 placing token on slot 2
[2022-12-10 15:13:54] [SEVERE ] removing player 2 token from slot 2
[2022-12-10 15:13:54] [SEVERE ] removing player 2 token from slot 7
[2022-12-10 15:13:54] [SEVERE ] removing player 2 token from slot 10
[2022-12-10 15:13:54] [SEVERE ] player 3 placing token on slot 7
[2022-12-10 15:13:54] [SEVERE ] player 3 placing token on slot 4
[2022-12-10 15:13:54] [SEVERE ] player 5 placing token on slot 0
[2022-12-10 15:13:54] [SEVERE ] player 5 placing token on slot 2
[2022-12-10 15:13:54] [SEVERE ] player 5 placing token on slot 5
[2022-12-10 15:13:54] [SEVERE ] player 3 placing token on slot 6
[2022-12-10 15:13:54] [SEVERE ] removing player 5 token from slot 0
[2022-12-10 15:13:54] [SEVERE ] removing player 5 token from slot 2
[2022-12-10 15:13:54] [SEVERE ] removing player 5 token from slot 5
[2022-12-10 15:13:54] [SEVERE ] player 5 placing token on slot 10
[2022-12-10 15:13:54] [SEVERE ] player 5 placing token on slot 5
[2022-12-10 15:13:54] [SEVERE ] player 5 placing token on slot 9
[2022-12-10 15:13:54] [SEVERE ] removing player 3 token from slot 4
[2022-12-10 15:13:54] [SEVERE ] removing player 3 token from slot 6
[2022-12-10 15:13:54] [SEVERE ] removing player 3 token from slot 7
[2022-12-10 15:13:54] [SEVERE ] removing player 5 token from slot 5
[2022-12-10 15:13:54] [SEVERE ] removing player 5 token from slot 9
[2022-12-10 15:13:54] [SEVERE ] removing player 5 token from slot 10
