[2022-12-10 14:00:32] [INFO   ] cannot read configuration file config.properties trying from resources.
[2022-12-10 14:00:32] [INFO   ] configuration file was loaded from resources directory.
[2022-12-10 14:00:32] [INFO   ] Thread Thread-0starting.
[2022-12-10 14:00:32] [INFO   ] Thread dealer starting.
[2022-12-10 14:00:32] [INFO   ] Thread Thread-1starting.
[2022-12-10 14:00:32] [INFO   ] Thread Thread-3starting.
[2022-12-10 14:00:32] [INFO   ] Thread Thread-4starting.
[2022-12-10 14:00:32] [INFO   ] Thread Thread-2starting.
[2022-12-10 14:00:32] [INFO   ] Thread computer-4 starting.
[2022-12-10 14:00:32] [INFO   ] Thread computer-2 starting.
[2022-12-10 14:00:32] [INFO   ] Thread computer-3 starting.
[2022-12-10 14:00:32] [SEVERE ] placing card 69 in slot 0
[2022-12-10 14:00:33] [SEVERE ] placing card 63 in slot 1
[2022-12-10 14:00:33] [SEVERE ] placing card 50 in slot 2
[2022-12-10 14:00:33] [SEVERE ] placing card 53 in slot 3
[2022-12-10 14:00:33] [SEVERE ] placing card 45 in slot 4
[2022-12-10 14:00:33] [SEVERE ] placing card 23 in slot 5
[2022-12-10 14:00:33] [SEVERE ] placing card 52 in slot 6
[2022-12-10 14:00:33] [SEVERE ] placing card 13 in slot 7
[2022-12-10 14:00:33] [SEVERE ] placing card 70 in slot 8
[2022-12-10 14:00:33] [SEVERE ] placing card 30 in slot 9
[2022-12-10 14:00:34] [SEVERE ] placing card 9 in slot 10
[2022-12-10 14:00:34] [SEVERE ] placing card 7 in slot 11
[2022-12-10 14:00:34] [SEVERE ] player 2 placing token on slot 3
[2022-12-10 14:00:34] [SEVERE ] player 3 placing token on slot 7
[2022-12-10 14:00:35] [SEVERE ] player 2 placing token on slot 0
[2022-12-10 14:00:37] [SEVERE ] player 4 placing token on slot 8
[2022-12-10 14:00:37] [SEVERE ] player 3 placing token on slot 5
[2022-12-10 14:00:37] [SEVERE ] player 2 placing token on slot 7
[2022-12-10 14:00:37] [SEVERE ] removing player 2 token from slot 0
[2022-12-10 14:00:37] [SEVERE ] removing player 2 token from slot 3
[2022-12-10 14:00:37] [SEVERE ] removing player 2 token from slot 7
[2022-12-10 14:00:39] [SEVERE ] player 4 placing token on slot 6
[2022-12-10 14:00:39] [SEVERE ] player 3 placing token on slot 4
[2022-12-10 14:00:39] [SEVERE ] removing player 3 token from slot 4
[2022-12-10 14:00:39] [SEVERE ] removing player 3 token from slot 5
[2022-12-10 14:00:39] [SEVERE ] removing player 3 token from slot 7
[2022-12-10 14:00:41] [SEVERE ] player 2 placing token on slot 4
[2022-12-10 14:00:41] [SEVERE ] player 4 placing token on slot 0
[2022-12-10 14:00:41] [SEVERE ] removing player 4 token from slot 0
[2022-12-10 14:00:41] [SEVERE ] removing player 4 token from slot 6
[2022-12-10 14:00:41] [SEVERE ] removing player 4 token from slot 8
[2022-12-10 14:00:43] [SEVERE ] player 2 placing token on slot 8
[2022-12-10 14:00:44] [SEVERE ] player 3 placing token on slot 5
[2022-12-10 14:00:45] [SEVERE ] player 3 placing token on slot 8
[2022-12-10 14:00:46] [SEVERE ] player 4 placing token on slot 9
[2022-12-10 14:00:46] [SEVERE ] player 2 placing token on slot 5
[2022-12-10 14:00:46] [SEVERE ] removing player 2 token from slot 4
[2022-12-10 14:00:46] [SEVERE ] removing player 2 token from slot 5
[2022-12-10 14:00:46] [SEVERE ] removing player 2 token from slot 8
[2022-12-10 14:00:47] [SEVERE ] player 3 placing token on slot 3
[2022-12-10 14:00:47] [SEVERE ] removing player 3 token from slot 3
[2022-12-10 14:00:47] [SEVERE ] removing player 3 token from slot 5
[2022-12-10 14:00:47] [SEVERE ] removing player 3 token from slot 8
[2022-12-10 14:00:47] [SEVERE ] player 4 placing token on slot 6
[2022-12-10 14:00:49] [SEVERE ] player 4 placing token on slot 11
[2022-12-10 14:00:49] [SEVERE ] removing player 4 token from slot 6
[2022-12-10 14:00:49] [SEVERE ] removing player 4 token from slot 9
[2022-12-10 14:00:49] [SEVERE ] removing player 4 token from slot 11
[2022-12-10 14:00:50] [SEVERE ] player 3 placing token on slot 0
[2022-12-10 14:00:50] [SEVERE ] player 2 placing token on slot 1
[2022-12-10 14:00:51] [SEVERE ] player 2 placing token on slot 2
[2022-12-10 14:00:53] [SEVERE ] player 4 placing token on slot 5
[2022-12-10 14:00:53] [SEVERE ] player 3 placing token on slot 11
[2022-12-10 14:00:54] [SEVERE ] player 2 placing token on slot 0
[2022-12-10 14:00:54] [SEVERE ] removing player 2 token from slot 0
[2022-12-10 14:00:54] [SEVERE ] removing player 2 token from slot 1
[2022-12-10 14:00:54] [SEVERE ] removing player 2 token from slot 2
[2022-12-10 14:00:54] [SEVERE ] player 4 placing token on slot 8
[2022-12-10 14:00:55] [SEVERE ] player 3 placing token on slot 1
[2022-12-10 14:00:55] [SEVERE ] removing player 3 token from slot 0
[2022-12-10 14:00:55] [SEVERE ] removing player 3 token from slot 1
[2022-12-10 14:00:55] [SEVERE ] removing player 3 token from slot 11
[2022-12-10 14:00:57] [SEVERE ] player 4 placing token on slot 4
[2022-12-10 14:00:57] [SEVERE ] removing player 4 token from slot 4
[2022-12-10 14:00:57] [SEVERE ] removing player 4 token from slot 5
[2022-12-10 14:00:57] [SEVERE ] removing player 4 token from slot 8
[2022-12-10 14:00:57] [SEVERE ] player 2 placing token on slot 6
[2022-12-10 14:00:58] [SEVERE ] player 2 placing token on slot 11
[2022-12-10 14:00:59] [SEVERE ] player 3 placing token on slot 4
[2022-12-10 14:01:00] [SEVERE ] player 3 placing token on slot 3
[2022-12-10 14:01:01] [SEVERE ] player 4 placing token on slot 10
[2022-12-10 14:01:01] [SEVERE ] player 3 placing token on slot 1
[2022-12-10 14:01:01] [SEVERE ] removing player 3 token from slot 1
[2022-12-10 14:01:01] [SEVERE ] removing player 3 token from slot 3
[2022-12-10 14:01:01] [SEVERE ] removing player 3 token from slot 4
[2022-12-10 14:01:01] [SEVERE ] player 2 placing token on slot 7
[2022-12-10 14:01:01] [SEVERE ] removing player 2 token from slot 6
[2022-12-10 14:01:01] [SEVERE ] removing player 2 token from slot 7
[2022-12-10 14:01:01] [SEVERE ] removing player 2 token from slot 11
[2022-12-10 14:01:02] [SEVERE ] player 4 placing token on slot 3
[2022-12-10 14:01:03] [SEVERE ] player 4 placing token on slot 6
[2022-12-10 14:01:03] [SEVERE ] removing player 4 token from slot 3
[2022-12-10 14:01:03] [SEVERE ] removing player 4 token from slot 6
[2022-12-10 14:01:03] [SEVERE ] removing player 4 token from slot 10
[2022-12-10 14:01:04] [SEVERE ] player 3 placing token on slot 9
[2022-12-10 14:01:05] [SEVERE ] player 2 placing token on slot 6
[2022-12-10 14:01:07] [SEVERE ] player 3 placing token on slot 11
[2022-12-10 14:01:07] [SEVERE ] player 4 placing token on slot 9
[2022-12-10 14:01:07] [SEVERE ] player 2 placing token on slot 1
[2022-12-10 14:01:09] [SEVERE ] player 4 placing token on slot 5
[2022-12-10 14:01:10] [SEVERE ] player 3 placing token on slot 5
[2022-12-10 14:01:10] [SEVERE ] removing player 3 token from slot 5
[2022-12-10 14:01:10] [SEVERE ] removing player 3 token from slot 9
[2022-12-10 14:01:10] [SEVERE ] player 2 placing token on slot 9
[2022-12-10 14:01:10] [SEVERE ] removing player 3 token from slot 11
[2022-12-10 14:01:10] [SEVERE ] removing player 2 token from slot 1
[2022-12-10 14:01:10] [SEVERE ] removing player 2 token from slot 6
[2022-12-10 14:01:10] [SEVERE ] removing player 2 token from slot 9
[2022-12-10 14:01:11] [SEVERE ] player 4 placing token on slot 11
[2022-12-10 14:01:11] [SEVERE ] removing player 4 token from slot 5
[2022-12-10 14:01:11] [SEVERE ] removing player 4 token from slot 9
[2022-12-10 14:01:11] [SEVERE ] removing player 4 token from slot 11
[2022-12-10 14:01:13] [SEVERE ] player 3 placing token on slot 1
[2022-12-10 14:01:14] [SEVERE ] player 4 placing token on slot 0
[2022-12-10 14:01:14] [SEVERE ] player 3 placing token on slot 5
[2022-12-10 14:01:15] [SEVERE ] player 4 placing token on slot 11
[2022-12-10 14:01:15] [SEVERE ] player 3 placing token on slot 11
[2022-12-10 14:01:15] [SEVERE ] removing player 3 token from slot 1
[2022-12-10 14:01:15] [SEVERE ] removing player 3 token from slot 5
[2022-12-10 14:01:15] [SEVERE ] removing player 3 token from slot 11
[2022-12-10 14:01:15] [SEVERE ] player 2 placing token on slot 2
[2022-12-10 14:01:18] [SEVERE ] player 2 placing token on slot 9
[2022-12-10 14:01:18] [SEVERE ] player 4 placing token on slot 1
[2022-12-10 14:01:18] [SEVERE ] removing player 4 token from slot 0
[2022-12-10 14:01:18] [SEVERE ] removing player 4 token from slot 1
[2022-12-10 14:01:18] [SEVERE ] removing player 4 token from slot 11
[2022-12-10 14:01:19] [SEVERE ] Key 83 was pressed by player 0
[2022-12-10 14:01:19] [SEVERE ] player 0 placing token on slot 5
[2022-12-10 14:01:20] [SEVERE ] player 2 placing token on slot 4
[2022-12-10 14:01:20] [SEVERE ] removing player 2 token from slot 2
[2022-12-10 14:01:20] [SEVERE ] removing player 2 token from slot 4
[2022-12-10 14:01:20] [SEVERE ] removing player 2 token from slot 9
[2022-12-10 14:01:20] [SEVERE ] Key 67 was pressed by player 0
[2022-12-10 14:01:20] [SEVERE ] player 0 placing token on slot 10
[2022-12-10 14:01:20] [SEVERE ] player 3 placing token on slot 4
[2022-12-10 14:01:21] [SEVERE ] Key 86 was pressed by player 0
[2022-12-10 14:01:21] [SEVERE ] player 0 placing token on slot 11
[2022-12-10 14:01:21] [SEVERE ] setting player 0 score to 1
[2022-12-10 14:01:21] [SEVERE ] removing tokens from slot 5
[2022-12-10 14:01:21] [SEVERE ] removing card from slot 5
[2022-12-10 14:01:21] [SEVERE ] removing tokens from slot 10
[2022-12-10 14:01:21] [SEVERE ] removing card from slot 10
[2022-12-10 14:01:21] [SEVERE ] removing tokens from slot 11
[2022-12-10 14:01:21] [SEVERE ] removing card from slot 11
[2022-12-10 14:01:21] [SEVERE ] placing card 77 in slot 5
[2022-12-10 14:01:21] [SEVERE ] placing card 32 in slot 10
[2022-12-10 14:01:21] [SEVERE ] placing card 5 in slot 11
[2022-12-10 14:01:21] [SEVERE ] player 4 placing token on slot 0
[2022-12-10 14:01:23] [SEVERE ] player 3 placing token on slot 11
[2022-12-10 14:01:23] [SEVERE ] player 2 placing token on slot 7
[2022-12-10 14:01:24] [SEVERE ] player 4 placing token on slot 7
[2022-12-10 14:01:24] [SEVERE ] player 3 placing token on slot 6
[2022-12-10 14:01:24] [SEVERE ] removing player 3 token from slot 4
[2022-12-10 14:01:24] [SEVERE ] removing player 3 token from slot 6
[2022-12-10 14:01:24] [SEVERE ] removing player 3 token from slot 11
[2022-12-10 14:01:25] [SEVERE ] player 2 placing token on slot 8
[2022-12-10 14:01:25] [SEVERE ] player 4 placing token on slot 3
[2022-12-10 14:01:25] [SEVERE ] removing player 4 token from slot 0
[2022-12-10 14:01:25] [SEVERE ] removing player 4 token from slot 3
[2022-12-10 14:01:25] [SEVERE ] removing player 4 token from slot 7
[2022-12-10 14:01:26] [SEVERE ] player 2 placing token on slot 6
[2022-12-10 14:01:26] [SEVERE ] removing player 2 token from slot 6
[2022-12-10 14:01:26] [SEVERE ] removing player 2 token from slot 7
[2022-12-10 14:01:26] [SEVERE ] removing player 2 token from slot 8
[2022-12-10 14:01:29] [SEVERE ] player 3 placing token on slot 5
[2022-12-10 14:01:30] [SEVERE ] player 4 placing token on slot 10
[2022-12-10 14:01:31] [SEVERE ] player 2 placing token on slot 11
[2022-12-10 14:01:32] [SEVERE ] player 3 placing token on slot 1
[2022-12-10 14:01:32] [SEVERE ] player 4 placing token on slot 6
[2022-12-10 14:01:32] [SEVERE ] player 2 placing token on slot 9
[2022-12-10 14:01:33] [SEVERE ] player 4 placing token on slot 0
[2022-12-10 14:01:33] [SEVERE ] removing player 4 token from slot 0
[2022-12-10 14:01:33] [SEVERE ] removing player 4 token from slot 6
[2022-12-10 14:01:33] [SEVERE ] removing player 4 token from slot 10
[2022-12-10 14:01:33] [SEVERE ] player 3 placing token on slot 3
[2022-12-10 14:01:33] [SEVERE ] removing player 3 token from slot 1
[2022-12-10 14:01:33] [SEVERE ] removing player 3 token from slot 3
[2022-12-10 14:01:33] [SEVERE ] removing player 3 token from slot 5
[2022-12-10 14:01:33] [SEVERE ] player 2 placing token on slot 10
[2022-12-10 14:01:33] [SEVERE ] removing player 2 token from slot 9
[2022-12-10 14:01:33] [SEVERE ] removing player 2 token from slot 10
[2022-12-10 14:01:33] [SEVERE ] removing player 2 token from slot 11
[2022-12-10 14:01:38] [SEVERE ] player 4 placing token on slot 6
[2022-12-10 14:01:38] [SEVERE ] player 2 placing token on slot 2
[2022-12-10 14:01:38] [SEVERE ] player 3 placing token on slot 5
[2022-12-10 14:01:39] [SEVERE ] player 3 placing token on slot 1
[2022-12-10 14:01:40] [SEVERE ] player 2 placing token on slot 3
[2022-12-10 14:01:40] [SEVERE ] player 4 placing token on slot 3
[2022-12-10 14:01:41] [SEVERE ] player 4 placing token on slot 11
[2022-12-10 14:01:41] [SEVERE ] removing player 4 token from slot 3
[2022-12-10 14:01:41] [SEVERE ] removing player 4 token from slot 6
[2022-12-10 14:01:41] [SEVERE ] removing player 4 token from slot 11
[2022-12-10 14:01:42] [SEVERE ] player 3 placing token on slot 2
[2022-12-10 14:01:42] [SEVERE ] removing player 3 token from slot 1
[2022-12-10 14:01:42] [SEVERE ] removing player 3 token from slot 2
[2022-12-10 14:01:42] [SEVERE ] removing player 3 token from slot 5
[2022-12-10 14:01:42] [SEVERE ] player 2 placing token on slot 5
[2022-12-10 14:01:42] [SEVERE ] removing player 2 token from slot 2
[2022-12-10 14:01:42] [SEVERE ] removing player 2 token from slot 3
[2022-12-10 14:01:42] [SEVERE ] removing player 2 token from slot 5
[2022-12-10 14:01:45] [SEVERE ] player 3 placing token on slot 8
[2022-12-10 14:01:46] [SEVERE ] player 4 placing token on slot 3
[2022-12-10 14:01:46] [SEVERE ] player 2 placing token on slot 3
[2022-12-10 14:01:47] [SEVERE ] player 3 placing token on slot 10
[2022-12-10 14:01:48] [SEVERE ] player 2 placing token on slot 0
[2022-12-10 14:01:49] [SEVERE ] player 4 placing token on slot 5
[2022-12-10 14:01:50] [SEVERE ] player 4 placing token on slot 11
[2022-12-10 14:01:50] [SEVERE ] removing player 4 token from slot 3
[2022-12-10 14:01:50] [SEVERE ] player 3 placing token on slot 2
[2022-12-10 14:01:50] [SEVERE ] removing player 4 token from slot 5
[2022-12-10 14:01:50] [SEVERE ] removing player 4 token from slot 11
[2022-12-10 14:01:50] [SEVERE ] removing player 3 token from slot 2
[2022-12-10 14:01:50] [SEVERE ] removing player 3 token from slot 8
[2022-12-10 14:01:50] [SEVERE ] removing player 3 token from slot 10
[2022-12-10 14:01:50] [SEVERE ] player 2 placing token on slot 8
[2022-12-10 14:01:50] [SEVERE ] removing player 2 token from slot 0
[2022-12-10 14:01:50] [SEVERE ] removing player 2 token from slot 3
[2022-12-10 14:01:50] [SEVERE ] removing player 2 token from slot 8
[2022-12-10 14:01:53] [SEVERE ] player 3 placing token on slot 11
[2022-12-10 14:01:53] [SEVERE ] player 2 placing token on slot 3
[2022-12-10 14:01:54] [SEVERE ] player 4 placing token on slot 1
[2022-12-10 14:01:54] [SEVERE ] player 2 placing token on slot 5
[2022-12-10 14:01:54] [SEVERE ] player 3 placing token on slot 9
[2022-12-10 14:01:55] [SEVERE ] player 2 placing token on slot 8
[2022-12-10 14:01:55] [SEVERE ] removing player 2 token from slot 3
[2022-12-10 14:01:55] [SEVERE ] removing player 2 token from slot 5
[2022-12-10 14:01:55] [SEVERE ] removing player 2 token from slot 8
[2022-12-10 14:01:57] [SEVERE ] player 4 placing token on slot 8
[2022-12-10 14:01:57] [SEVERE ] player 3 placing token on slot 2
[2022-12-10 14:01:57] [SEVERE ] removing player 3 token from slot 2
[2022-12-10 14:01:57] [SEVERE ] removing player 3 token from slot 9
[2022-12-10 14:01:57] [SEVERE ] removing player 3 token from slot 11
[2022-12-10 14:01:59] [SEVERE ] player 2 placing token on slot 11
[2022-12-10 14:01:59] [SEVERE ] player 2 placing token on slot 9
[2022-12-10 14:02:00] [SEVERE ] player 4 placing token on slot 10
[2022-12-10 14:02:00] [SEVERE ] removing player 4 token from slot 1
[2022-12-10 14:02:00] [SEVERE ] removing player 4 token from slot 8
[2022-12-10 14:02:00] [SEVERE ] removing player 4 token from slot 10
[2022-12-10 14:02:00] [SEVERE ] Key 69 was pressed by player 0
[2022-12-10 14:02:00] [SEVERE ] player 0 placing token on slot 2
[2022-12-10 14:02:00] [SEVERE ] player 3 placing token on slot 8
[2022-12-10 14:02:00] [SEVERE ] Key 68 was pressed by player 0
[2022-12-10 14:02:00] [SEVERE ] player 0 placing token on slot 6
[2022-12-10 14:02:02] [SEVERE ] player 3 placing token on slot 3
[2022-12-10 14:02:02] [SEVERE ] player 2 placing token on slot 7
[2022-12-10 14:02:02] [SEVERE ] removing player 2 token from slot 7
[2022-12-10 14:02:02] [SEVERE ] removing player 2 token from slot 9
[2022-12-10 14:02:02] [SEVERE ] removing player 2 token from slot 11
[2022-12-10 14:02:03] [SEVERE ] player 3 placing token on slot 11
[2022-12-10 14:02:03] [SEVERE ] removing player 3 token from slot 3
[2022-12-10 14:02:03] [SEVERE ] removing player 3 token from slot 8
[2022-12-10 14:02:03] [SEVERE ] removing player 3 token from slot 11
[2022-12-10 14:02:03] [SEVERE ] Key 79 was pressed by player 1
[2022-12-10 14:02:03] [SEVERE ] player 1 placing token on slot 2
[2022-12-10 14:02:04] [SEVERE ] Key 76 was pressed by player 1
[2022-12-10 14:02:04] [SEVERE ] player 1 placing token on slot 6
[2022-12-10 14:02:04] [SEVERE ] Key 74 was pressed by player 1
[2022-12-10 14:02:04] [SEVERE ] player 1 placing token on slot 4
[2022-12-10 14:02:04] [SEVERE ] setting player 1 score to 1
[2022-12-10 14:02:04] [SEVERE ] player 4 placing token on slot 8
[2022-12-10 14:02:04] [SEVERE ] removing tokens from slot 2
[2022-12-10 14:02:04] [SEVERE ] removing card from slot 2
[2022-12-10 14:02:05] [SEVERE ] removing tokens from slot 4
[2022-12-10 14:02:05] [SEVERE ] removing card from slot 4
[2022-12-10 14:02:05] [SEVERE ] removing tokens from slot 6
[2022-12-10 14:02:05] [SEVERE ] removing card from slot 6
[2022-12-10 14:02:05] [SEVERE ] placing card 62 in slot 2
[2022-12-10 14:02:05] [SEVERE ] placing card 31 in slot 4
[2022-12-10 14:02:05] [SEVERE ] placing card 17 in slot 6
[2022-12-10 14:02:07] [SEVERE ] player 3 placing token on slot 4
[2022-12-10 14:02:07] [SEVERE ] player 4 placing token on slot 7
[2022-12-10 14:02:08] [SEVERE ] player 2 placing token on slot 2
[2022-12-10 14:02:09] [SEVERE ] player 4 placing token on slot 3
[2022-12-10 14:02:09] [SEVERE ] removing player 4 token from slot 3
[2022-12-10 14:02:09] [SEVERE ] removing player 4 token from slot 7
[2022-12-10 14:02:09] [SEVERE ] removing player 4 token from slot 8
[2022-12-10 14:02:09] [SEVERE ] player 3 placing token on slot 9
[2022-12-10 14:02:09] [SEVERE ] player 2 placing token on slot 4
[2022-12-10 14:02:11] [SEVERE ] player 3 placing token on slot 8
[2022-12-10 14:02:11] [SEVERE ] removing player 3 token from slot 4
[2022-12-10 14:02:11] [SEVERE ] removing player 3 token from slot 8
[2022-12-10 14:02:11] [SEVERE ] removing player 3 token from slot 9
[2022-12-10 14:02:11] [SEVERE ] player 2 placing token on slot 5
[2022-12-10 14:02:11] [SEVERE ] removing player 2 token from slot 2
[2022-12-10 14:02:11] [SEVERE ] removing player 2 token from slot 4
[2022-12-10 14:02:11] [SEVERE ] removing player 2 token from slot 5
[2022-12-10 14:02:14] [SEVERE ] player 4 placing token on slot 10
[2022-12-10 14:02:16] [SEVERE ] player 3 placing token on slot 7
[2022-12-10 14:02:16] [SEVERE ] player 2 placing token on slot 5
[2022-12-10 14:02:17] [SEVERE ] player 3 placing token on slot 4
[2022-12-10 14:02:17] [SEVERE ] player 4 placing token on slot 11
[2022-12-10 14:02:17] [SEVERE ] player 2 placing token on slot 4
[2022-12-10 14:02:19] [SEVERE ] player 3 placing token on slot 5
[2022-12-10 14:02:19] [SEVERE ] removing player 3 token from slot 4
[2022-12-10 14:02:19] [SEVERE ] removing player 3 token from slot 5
[2022-12-10 14:02:19] [SEVERE ] removing player 3 token from slot 7
[2022-12-10 14:02:19] [SEVERE ] player 2 placing token on slot 6
[2022-12-10 14:02:19] [SEVERE ] removing player 2 token from slot 4
[2022-12-10 14:02:19] [SEVERE ] removing player 2 token from slot 5
[2022-12-10 14:02:19] [SEVERE ] removing player 2 token from slot 6
[2022-12-10 14:02:19] [SEVERE ] player 4 placing token on slot 7
[2022-12-10 14:02:19] [SEVERE ] removing player 4 token from slot 7
[2022-12-10 14:02:19] [SEVERE ] removing player 4 token from slot 10
[2022-12-10 14:02:19] [SEVERE ] removing player 4 token from slot 11
[2022-12-10 14:02:22] [SEVERE ] player 4 placing token on slot 2
[2022-12-10 14:02:23] [SEVERE ] Key 69 was pressed by player 0
[2022-12-10 14:02:23] [SEVERE ] player 0 placing token on slot 2
[2022-12-10 14:02:23] [SEVERE ] Key 82 was pressed by player 0
[2022-12-10 14:02:24] [SEVERE ] player 3 placing token on slot 1
[2022-12-10 14:02:24] [SEVERE ] player 2 placing token on slot 6
[2022-12-10 14:02:24] [SEVERE ] player 4 placing token on slot 8
[2022-12-10 14:02:25] [SEVERE ] player 3 placing token on slot 11
[2022-12-10 14:02:26] [SEVERE ] player 2 placing token on slot 5
[2022-12-10 14:02:26] [SEVERE ] player 3 placing token on slot 9
[2022-12-10 14:02:26] [SEVERE ] removing player 3 token from slot 1
[2022-12-10 14:02:26] [SEVERE ] removing player 3 token from slot 9
[2022-12-10 14:02:26] [SEVERE ] removing player 3 token from slot 11
[2022-12-10 14:02:27] [SEVERE ] player 2 placing token on slot 7
[2022-12-10 14:02:27] [SEVERE ] removing player 2 token from slot 5
[2022-12-10 14:02:27] [SEVERE ] removing player 2 token from slot 6
[2022-12-10 14:02:27] [SEVERE ] removing player 2 token from slot 7
[2022-12-10 14:02:27] [SEVERE ] player 4 placing token on slot 3
[2022-12-10 14:02:27] [SEVERE ] removing player 4 token from slot 2
[2022-12-10 14:02:27] [SEVERE ] removing player 4 token from slot 3
[2022-12-10 14:02:27] [SEVERE ] removing player 4 token from slot 8
[2022-12-10 14:02:29] [SEVERE ] player 3 placing token on slot 2
[2022-12-10 14:02:30] [SEVERE ] Key 76 was pressed by player 1
[2022-12-10 14:02:30] [SEVERE ] player 1 placing token on slot 6
[2022-12-10 14:02:30] [SEVERE ] Key 79 was pressed by player 1
[2022-12-10 14:02:30] [SEVERE ] player 1 placing token on slot 2
[2022-12-10 14:02:30] [SEVERE ] player 4 placing token on slot 0
[2022-12-10 14:02:30] [SEVERE ] Key 80 was pressed by player 1
[2022-12-10 14:02:30] [SEVERE ] player 1 placing token on slot 3
[2022-12-10 14:02:30] [SEVERE ] setting player 1 score to 2
[2022-12-10 14:02:31] [SEVERE ] removing tokens from slot 2
[2022-12-10 14:02:31] [SEVERE ] removing card from slot 2
[2022-12-10 14:02:31] [SEVERE ] removing tokens from slot 3
[2022-12-10 14:02:31] [SEVERE ] removing card from slot 3
[2022-12-10 14:02:31] [SEVERE ] removing tokens from slot 6
[2022-12-10 14:02:31] [SEVERE ] removing card from slot 6
[2022-12-10 14:02:31] [SEVERE ] placing card 60 in slot 2
[2022-12-10 14:02:31] [SEVERE ] player 2 placing token on slot 6
[2022-12-10 14:02:31] [SEVERE ] placing card 47 in slot 3
[2022-12-10 14:02:31] [SEVERE ] placing card 41 in slot 6
[2022-12-10 14:02:32] [SEVERE ] player 3 placing token on slot 0
[2022-12-10 14:02:33] [SEVERE ] player 2 placing token on slot 4
[2022-12-10 14:02:33] [SEVERE ] player 4 placing token on slot 1
[2022-12-10 14:02:33] [SEVERE ] player 2 placing token on slot 5
[2022-12-10 14:02:33] [SEVERE ] removing player 2 token from slot 4
[2022-12-10 14:02:33] [SEVERE ] removing player 2 token from slot 5
[2022-12-10 14:02:33] [SEVERE ] removing player 2 token from slot 6
[2022-12-10 14:02:34] [SEVERE ] player 3 placing token on slot 5
[2022-12-10 14:02:35] [SEVERE ] player 4 placing token on slot 11
[2022-12-10 14:02:35] [SEVERE ] removing player 4 token from slot 0
[2022-12-10 14:02:35] [SEVERE ] removing player 4 token from slot 1
[2022-12-10 14:02:35] [SEVERE ] removing player 4 token from slot 11
[2022-12-10 14:02:38] [SEVERE ] player 4 placing token on slot 0
[2022-12-10 14:02:39] [SEVERE ] player 2 placing token on slot 8
[2022-12-10 14:02:41] [SEVERE ] player 4 placing token on slot 10
[2022-12-10 14:02:41] [SEVERE ] player 4 placing token on slot 7
[2022-12-10 14:02:41] [SEVERE ] removing player 4 token from slot 0
[2022-12-10 14:02:41] [SEVERE ] removing player 4 token from slot 7
[2022-12-10 14:02:41] [SEVERE ] removing player 4 token from slot 10
[2022-12-10 14:02:42] [SEVERE ] player 2 placing token on slot 7
[2022-12-10 14:02:44] [SEVERE ] player 2 placing token on slot 0
[2022-12-10 14:02:44] [SEVERE ] removing player 2 token from slot 0
[2022-12-10 14:02:44] [SEVERE ] removing player 2 token from slot 7
[2022-12-10 14:02:44] [SEVERE ] removing player 2 token from slot 8
[2022-12-10 14:02:45] [SEVERE ] player 4 placing token on slot 4
[2022-12-10 14:02:46] [SEVERE ] player 4 placing token on slot 0
[2022-12-10 14:02:47] [SEVERE ] player 2 placing token on slot 3
[2022-12-10 14:02:48] [SEVERE ] player 4 placing token on slot 7
[2022-12-10 14:02:48] [SEVERE ] removing player 4 token from slot 0
[2022-12-10 14:02:48] [SEVERE ] removing player 4 token from slot 4
[2022-12-10 14:02:48] [SEVERE ] removing player 4 token from slot 7
[2022-12-10 14:02:49] [SEVERE ] player 2 placing token on slot 7
[2022-12-10 14:02:50] [SEVERE ] player 2 placing token on slot 1
[2022-12-10 14:02:50] [SEVERE ] removing player 2 token from slot 1
[2022-12-10 14:02:50] [SEVERE ] removing player 2 token from slot 3
[2022-12-10 14:02:50] [SEVERE ] removing player 2 token from slot 7
[2022-12-10 14:02:51] [SEVERE ] player 4 placing token on slot 4
[2022-12-10 14:02:52] [SEVERE ] player 4 placing token on slot 5
[2022-12-10 14:02:53] [SEVERE ] player 4 placing token on slot 9
[2022-12-10 14:02:53] [SEVERE ] removing player 4 token from slot 4
[2022-12-10 14:02:53] [SEVERE ] removing player 4 token from slot 5
[2022-12-10 14:02:53] [SEVERE ] removing player 4 token from slot 9
[2022-12-10 14:02:54] [SEVERE ] player 2 placing token on slot 10
[2022-12-10 14:02:56] [SEVERE ] player 2 placing token on slot 6
[2022-12-10 14:02:57] [SEVERE ] player 4 placing token on slot 6
[2022-12-10 14:02:57] [SEVERE ] player 2 placing token on slot 5
[2022-12-10 14:02:57] [SEVERE ] removing player 2 token from slot 5
[2022-12-10 14:02:57] [SEVERE ] removing player 2 token from slot 6
[2022-12-10 14:02:57] [SEVERE ] removing player 2 token from slot 10
[2022-12-10 14:03:00] [SEVERE ] player 4 placing token on slot 7
[2022-12-10 14:03:01] [SEVERE ] player 2 placing token on slot 6
[2022-12-10 14:03:02] [SEVERE ] player 2 placing token on slot 0
[2022-12-10 14:03:03] [SEVERE ] player 4 placing token on slot 1
[2022-12-10 14:03:03] [SEVERE ] removing player 4 token from slot 1
[2022-12-10 14:03:03] [SEVERE ] removing player 4 token from slot 6
[2022-12-10 14:03:03] [SEVERE ] removing player 4 token from slot 7
[2022-12-10 14:03:04] [SEVERE ] player 2 placing token on slot 2
[2022-12-10 14:03:04] [SEVERE ] removing player 2 token from slot 0
[2022-12-10 14:03:04] [SEVERE ] removing player 2 token from slot 2
[2022-12-10 14:03:04] [SEVERE ] removing player 2 token from slot 6
[2022-12-10 14:03:07] [SEVERE ] player 4 placing token on slot 5
[2022-12-10 14:03:09] [SEVERE ] player 2 placing token on slot 5
[2022-12-10 14:03:10] [SEVERE ] player 4 placing token on slot 3
[2022-12-10 14:03:11] [SEVERE ] player 4 placing token on slot 1
[2022-12-10 14:03:11] [SEVERE ] removing player 4 token from slot 1
[2022-12-10 14:03:11] [SEVERE ] removing player 4 token from slot 3
[2022-12-10 14:03:11] [SEVERE ] removing player 4 token from slot 5
[2022-12-10 14:03:11] [SEVERE ] player 2 placing token on slot 6
[2022-12-10 14:03:14] [SEVERE ] player 2 placing token on slot 0
[2022-12-10 14:03:14] [SEVERE ] removing player 2 token from slot 0
[2022-12-10 14:03:14] [SEVERE ] removing player 2 token from slot 5
[2022-12-10 14:03:14] [SEVERE ] removing player 2 token from slot 6
[2022-12-10 14:03:14] [SEVERE ] player 4 placing token on slot 9
[2022-12-10 14:03:17] [SEVERE ] player 4 placing token on slot 2
[2022-12-10 14:03:18] [SEVERE ] player 2 placing token on slot 7
[2022-12-10 14:03:19] [SEVERE ] player 4 placing token on slot 0
[2022-12-10 14:03:19] [SEVERE ] removing player 4 token from slot 0
[2022-12-10 14:03:19] [SEVERE ] removing player 4 token from slot 2
[2022-12-10 14:03:19] [SEVERE ] removing player 4 token from slot 9
[2022-12-10 14:03:20] [SEVERE ] player 2 placing token on slot 9
[2022-12-10 14:03:21] [SEVERE ] player 2 placing token on slot 1
[2022-12-10 14:03:21] [SEVERE ] removing player 2 token from slot 1
[2022-12-10 14:03:21] [SEVERE ] removing player 2 token from slot 7
[2022-12-10 14:03:21] [SEVERE ] removing player 2 token from slot 9
[2022-12-10 14:03:24] [SEVERE ] player 4 placing token on slot 6
[2022-12-10 14:03:26] [SEVERE ] player 2 placing token on slot 9
[2022-12-10 14:03:27] [SEVERE ] player 4 placing token on slot 0
[2022-12-10 14:03:27] [SEVERE ] player 2 placing token on slot 8
[2022-12-10 14:03:29] [SEVERE ] player 4 placing token on slot 11
[2022-12-10 14:03:29] [SEVERE ] removing player 4 token from slot 0
[2022-12-10 14:03:29] [SEVERE ] removing player 4 token from slot 6
[2022-12-10 14:03:29] [SEVERE ] removing player 4 token from slot 11
[2022-12-10 14:03:29] [SEVERE ] player 2 placing token on slot 5
[2022-12-10 14:03:29] [SEVERE ] removing player 2 token from slot 5
[2022-12-10 14:03:29] [SEVERE ] removing player 2 token from slot 8
[2022-12-10 14:03:29] [SEVERE ] removing player 2 token from slot 9
[2022-12-10 14:03:31] [SEVERE ] removing tokens from slot 0
[2022-12-10 14:03:31] [SEVERE ] removing card from slot 0
[2022-12-10 14:03:31] [SEVERE ] removing tokens from slot 1
[2022-12-10 14:03:31] [SEVERE ] removing card from slot 1
[2022-12-10 14:03:31] [SEVERE ] removing tokens from slot 2
[2022-12-10 14:03:31] [SEVERE ] removing card from slot 2
[2022-12-10 14:03:31] [SEVERE ] removing tokens from slot 3
[2022-12-10 14:03:31] [SEVERE ] removing card from slot 3
[2022-12-10 14:03:31] [SEVERE ] removing tokens from slot 4
[2022-12-10 14:03:31] [SEVERE ] removing card from slot 4
[2022-12-10 14:03:31] [SEVERE ] removing tokens from slot 5
[2022-12-10 14:03:31] [SEVERE ] removing card from slot 5
[2022-12-10 14:03:31] [SEVERE ] removing tokens from slot 6
[2022-12-10 14:03:31] [SEVERE ] removing card from slot 6
[2022-12-10 14:03:32] [SEVERE ] removing tokens from slot 7
[2022-12-10 14:03:32] [SEVERE ] removing card from slot 7
[2022-12-10 14:03:32] [SEVERE ] removing tokens from slot 8
[2022-12-10 14:03:32] [SEVERE ] removing card from slot 8
[2022-12-10 14:03:32] [SEVERE ] removing tokens from slot 9
[2022-12-10 14:03:32] [SEVERE ] removing card from slot 9
[2022-12-10 14:03:32] [SEVERE ] removing tokens from slot 10
[2022-12-10 14:03:32] [SEVERE ] removing card from slot 10
[2022-12-10 14:03:32] [SEVERE ] removing tokens from slot 11
[2022-12-10 14:03:32] [SEVERE ] removing card from slot 11
[2022-12-10 14:03:32] [SEVERE ] placing card 76 in slot 0
[2022-12-10 14:03:32] [SEVERE ] player 4 placing token on slot 4
[2022-12-10 14:03:32] [SEVERE ] placing card 47 in slot 1
[2022-12-10 14:03:32] [SEVERE ] placing card 5 in slot 2
[2022-12-10 14:03:32] [SEVERE ] placing card 19 in slot 3
[2022-12-10 14:03:33] [SEVERE ] placing card 37 in slot 4
[2022-12-10 14:03:33] [SEVERE ] placing card 51 in slot 5
[2022-12-10 14:03:33] [SEVERE ] placing card 16 in slot 6
[2022-12-10 14:03:33] [SEVERE ] placing card 33 in slot 7
[2022-12-10 14:03:33] [SEVERE ] placing card 30 in slot 8
[2022-12-10 14:03:33] [SEVERE ] placing card 18 in slot 9
[2022-12-10 14:03:33] [SEVERE ] placing card 73 in slot 10
[2022-12-10 14:03:33] [SEVERE ] placing card 26 in slot 11
[2022-12-10 14:03:35] [SEVERE ] player 4 placing token on slot 1
[2022-12-10 14:03:35] [SEVERE ] player 4 placing token on slot 11
[2022-12-10 14:03:35] [SEVERE ] removing player 4 token from slot 1
[2022-12-10 14:03:35] [SEVERE ] removing player 4 token from slot 4
[2022-12-10 14:03:35] [SEVERE ] removing player 4 token from slot 11
[2022-12-10 14:03:36] [SEVERE ] player 2 placing token on slot 6
[2022-12-10 14:03:36] [SEVERE ] player 3 placing token on slot 3
[2022-12-10 14:03:37] [SEVERE ] player 4 placing token on slot 9
[2022-12-10 14:03:38] [SEVERE ] player 2 placing token on slot 2
[2022-12-10 14:03:39] [SEVERE ] player 3 placing token on slot 0
[2022-12-10 14:03:39] [SEVERE ] player 2 placing token on slot 0
[2022-12-10 14:03:39] [SEVERE ] removing player 2 token from slot 0
[2022-12-10 14:03:39] [SEVERE ] removing player 2 token from slot 2
[2022-12-10 14:03:39] [SEVERE ] removing player 2 token from slot 6
[2022-12-10 14:03:39] [SEVERE ] player 3 placing token on slot 6
[2022-12-10 14:03:39] [SEVERE ] removing player 3 token from slot 0
[2022-12-10 14:03:39] [SEVERE ] removing player 3 token from slot 3
[2022-12-10 14:03:39] [SEVERE ] removing player 3 token from slot 6
[2022-12-10 14:03:40] [SEVERE ] player 4 placing token on slot 7
[2022-12-10 14:03:42] [SEVERE ] player 3 placing token on slot 10
[2022-12-10 14:03:43] [SEVERE ] player 4 placing token on slot 3
[2022-12-10 14:03:43] [SEVERE ] removing player 4 token from slot 3
[2022-12-10 14:03:43] [SEVERE ] removing player 4 token from slot 7
[2022-12-10 14:03:43] [SEVERE ] removing player 4 token from slot 9
[2022-12-10 14:03:43] [SEVERE ] player 2 placing token on slot 8
[2022-12-10 14:03:43] [SEVERE ] player 3 placing token on slot 5
[2022-12-10 14:03:44] [SEVERE ] player 3 placing token on slot 0
[2022-12-10 14:03:44] [SEVERE ] removing player 3 token from slot 0
[2022-12-10 14:03:44] [SEVERE ] removing player 3 token from slot 5
[2022-12-10 14:03:44] [SEVERE ] removing player 3 token from slot 10
[2022-12-10 14:03:44] [SEVERE ] player 2 placing token on slot 2
[2022-12-10 14:03:45] [SEVERE ] player 4 placing token on slot 1
[2022-12-10 14:03:45] [SEVERE ] player 2 placing token on slot 3
[2022-12-10 14:03:45] [SEVERE ] removing player 2 token from slot 2
[2022-12-10 14:03:45] [SEVERE ] removing player 2 token from slot 3
[2022-12-10 14:03:45] [SEVERE ] removing player 2 token from slot 8
[2022-12-10 14:03:46] [SEVERE ] player 4 placing token on slot 0
[2022-12-10 14:03:48] [SEVERE ] player 4 placing token on slot 5
[2022-12-10 14:03:48] [SEVERE ] removing player 4 token from slot 0
[2022-12-10 14:03:48] [SEVERE ] removing player 4 token from slot 1
[2022-12-10 14:03:48] [SEVERE ] removing player 4 token from slot 5
[2022-12-10 14:03:49] [SEVERE ] player 4 placing token on slot 1
[2022-12-10 14:03:49] [SEVERE ] player 3 placing token on slot 10
[2022-12-10 14:03:50] [SEVERE ] player 3 placing token on slot 8
[2022-12-10 14:03:51] [SEVERE ] player 2 placing token on slot 11
[2022-12-10 14:03:51] [SEVERE ] player 3 placing token on slot 7
[2022-12-10 14:03:51] [SEVERE ] removing player 3 token from slot 7
[2022-12-10 14:03:51] [SEVERE ] removing player 3 token from slot 8
[2022-12-10 14:03:51] [SEVERE ] removing player 3 token from slot 10
[2022-12-10 14:03:51] [SEVERE ] player 4 placing token on slot 1
[2022-12-10 14:03:52] [SEVERE ] player 2 placing token on slot 8
[2022-12-10 14:03:53] [SEVERE ] player 4 placing token on slot 2
[2022-12-10 14:03:54] [SEVERE ] player 2 placing token on slot 9
[2022-12-10 14:03:54] [SEVERE ] removing player 2 token from slot 8
[2022-12-10 14:03:54] [SEVERE ] removing player 2 token from slot 9
[2022-12-10 14:03:54] [SEVERE ] removing player 2 token from slot 11
[2022-12-10 14:03:55] [SEVERE ] player 3 placing token on slot 11
[2022-12-10 14:03:55] [SEVERE ] player 4 placing token on slot 6
[2022-12-10 14:03:55] [SEVERE ] removing player 4 token from slot 1
[2022-12-10 14:03:55] [SEVERE ] removing player 4 token from slot 2
[2022-12-10 14:03:55] [SEVERE ] removing player 4 token from slot 6
[2022-12-10 14:03:56] [SEVERE ] player 3 placing token on slot 4
[2022-12-10 14:03:58] [SEVERE ] player 2 placing token on slot 9
[2022-12-10 14:03:58] [SEVERE ] player 3 placing token on slot 0
[2022-12-10 14:03:58] [SEVERE ] removing player 3 token from slot 0
[2022-12-10 14:03:58] [SEVERE ] removing player 3 token from slot 4
[2022-12-10 14:03:58] [SEVERE ] removing player 3 token from slot 11
[2022-12-10 14:03:59] [SEVERE ] player 2 placing token on slot 10
[2022-12-10 14:03:59] [SEVERE ] player 4 placing token on slot 11
[2022-12-10 14:04:00] [SEVERE ] player 4 placing token on slot 6
[2022-12-10 14:04:01] [SEVERE ] player 2 placing token on slot 6
[2022-12-10 14:04:01] [SEVERE ] removing player 2 token from slot 6
[2022-12-10 14:04:01] [SEVERE ] removing player 2 token from slot 9
[2022-12-10 14:04:01] [SEVERE ] removing player 2 token from slot 10
[2022-12-10 14:04:02] [SEVERE ] player 4 placing token on slot 7
[2022-12-10 14:04:02] [SEVERE ] removing player 4 token from slot 6
[2022-12-10 14:04:02] [SEVERE ] removing player 4 token from slot 7
[2022-12-10 14:04:02] [SEVERE ] removing player 4 token from slot 11
[2022-12-10 14:04:02] [SEVERE ] player 3 placing token on slot 7
