[2022-12-10 12:02:50] [INFO   ] cannot read configuration file config.properties trying from resources.
[2022-12-10 12:02:50] [INFO   ] configuration file was loaded from resources directory.
[2022-12-10 12:02:50] [INFO   ] Thread Thread-0starting.
[2022-12-10 12:02:50] [INFO   ] Thread Thread-2starting.
[2022-12-10 12:02:50] [INFO   ] Thread dealer starting.
[2022-12-10 12:02:50] [INFO   ] Thread Thread-1starting.
[2022-12-10 12:02:50] [INFO   ] Thread computer-2 starting.
[2022-12-10 12:02:50] [SEVERE ] placing card 10 in slot 0
[2022-12-10 12:02:50] [SEVERE ] placing card 9 in slot 1
[2022-12-10 12:02:51] [SEVERE ] placing card 41 in slot 2
[2022-12-10 12:02:51] [SEVERE ] placing card 58 in slot 3
[2022-12-10 12:02:51] [SEVERE ] placing card 37 in slot 4
[2022-12-10 12:02:51] [SEVERE ] placing card 59 in slot 5
[2022-12-10 12:02:51] [SEVERE ] placing card 21 in slot 6
[2022-12-10 12:02:51] [SEVERE ] placing card 30 in slot 7
[2022-12-10 12:02:51] [SEVERE ] placing card 1 in slot 8
[2022-12-10 12:02:51] [SEVERE ] placing card 78 in slot 9
[2022-12-10 12:02:51] [SEVERE ] placing card 55 in slot 10
[2022-12-10 12:02:52] [SEVERE ] placing card 42 in slot 11
[2022-12-10 12:03:08] [SEVERE ] Key 65 was pressed by player 0
[2022-12-10 12:03:08] [SEVERE ] player 0 placing token on slot 4
[2022-12-10 12:03:10] [SEVERE ] Key 69 was pressed by player 0
[2022-12-10 12:03:10] [SEVERE ] player 0 placing token on slot 2
[2022-12-10 12:03:11] [SEVERE ] Key 86 was pressed by player 0
[2022-12-10 12:03:11] [SEVERE ] player 0 placing token on slot 11
[2022-12-10 12:03:11] [SEVERE ] setting player 0 score to 1
[2022-12-10 12:03:12] [SEVERE ] removing tokens from slot 2
[2022-12-10 12:03:12] [SEVERE ] removing card from slot 2
[2022-12-10 12:03:12] [SEVERE ] removing tokens from slot 4
[2022-12-10 12:03:12] [SEVERE ] removing card from slot 4
[2022-12-10 12:03:12] [SEVERE ] removing tokens from slot 11
[2022-12-10 12:03:12] [SEVERE ] removing card from slot 11
[2022-12-10 12:03:12] [SEVERE ] placing card 24 in slot 2
[2022-12-10 12:03:12] [SEVERE ] placing card 22 in slot 4
[2022-12-10 12:03:12] [SEVERE ] placing card 57 in slot 11
