[2022-12-13 05:44:16] [INFO   ] cannot read configuration file config.properties trying from resources.
[2022-12-13 05:44:16] [INFO   ] configuration file was loaded from resources directory.
[2022-12-13 05:44:16] [INFO   ] Thread Thread-0starting.
[2022-12-13 05:44:16] [INFO   ] Thread Thread-5starting.
[2022-12-13 05:44:16] [INFO   ] Thread Thread-4starting.
[2022-12-13 05:44:16] [INFO   ] Thread Thread-3starting.
[2022-12-13 05:44:16] [INFO   ] Thread dealer starting.
[2022-12-13 05:44:16] [INFO   ] Thread Thread-2starting.
[2022-12-13 05:44:16] [INFO   ] Thread Thread-1starting.
[2022-12-13 05:44:16] [INFO   ] Thread computer-2 starting.
[2022-12-13 05:44:16] [INFO   ] Thread computer-5 starting.
[2022-12-13 05:44:16] [INFO   ] Thread computer-3 starting.
[2022-12-13 05:44:16] [INFO   ] Thread computer-4 starting.
[2022-12-13 05:44:16] [SEVERE ] placing card 38 in slot 0
[2022-12-13 05:44:17] [SEVERE ] placing card 15 in slot 1
[2022-12-13 05:44:17] [SEVERE ] placing card 50 in slot 2
[2022-12-13 05:44:17] [SEVERE ] placing card 21 in slot 3
[2022-12-13 05:44:17] [SEVERE ] placing card 3 in slot 4
[2022-12-13 05:44:17] [SEVERE ] placing card 18 in slot 5
[2022-12-13 05:44:17] [SEVERE ] placing card 56 in slot 6
[2022-12-13 05:44:17] [SEVERE ] placing card 32 in slot 7
[2022-12-13 05:44:17] [SEVERE ] placing card 66 in slot 8
[2022-12-13 05:44:17] [SEVERE ] placing card 73 in slot 9
[2022-12-13 05:44:18] [SEVERE ] placing card 17 in slot 10
[2022-12-13 05:44:18] [SEVERE ] placing card 20 in slot 11
[2022-12-13 05:44:18] [SEVERE ] player 3 placing token on slot 11
[2022-12-13 05:44:18] [SEVERE ] player 4 placing token on slot 11
[2022-12-13 05:44:18] [SEVERE ] player 5 placing token on slot 7
[2022-12-13 05:44:18] [SEVERE ] player 2 placing token on slot 2
[2022-12-13 05:44:18] [SEVERE ] player 2 placing token on slot 3
[2022-12-13 05:44:18] [SEVERE ] player 4 placing token on slot 8
[2022-12-13 05:44:18] [SEVERE ] player 3 placing token on slot 9
[2022-12-13 05:44:18] [SEVERE ] player 5 placing token on slot 5
[2022-12-13 05:44:18] [SEVERE ] player 3 placing token on slot 8
[2022-12-13 05:44:18] [SEVERE ] setting player 3 freeze to 3000
[2022-12-13 05:44:18] [SEVERE ] player 4 placing token on slot 5
[2022-12-13 05:44:18] [SEVERE ] setting player 4 freeze to 3000
[2022-12-13 05:44:18] [SEVERE ] player 2 placing token on slot 4
[2022-12-13 05:44:18] [SEVERE ] setting player 2 freeze to 3000
[2022-12-13 05:44:18] [SEVERE ] player 5 placing token on slot 4
[2022-12-13 05:44:18] [SEVERE ] setting player 5 freeze to 3000
[2022-12-13 05:44:19] [SEVERE ] setting player 3 freeze to 2000
[2022-12-13 05:44:19] [SEVERE ] setting player 4 freeze to 2000
[2022-12-13 05:44:19] [SEVERE ] setting player 2 freeze to 2000
[2022-12-13 05:44:19] [SEVERE ] setting player 5 freeze to 2000
[2022-12-13 05:44:20] [SEVERE ] setting player 3 freeze to 1000
[2022-12-13 05:44:20] [SEVERE ] setting player 4 freeze to 1000
[2022-12-13 05:44:20] [SEVERE ] setting player 2 freeze to 1000
[2022-12-13 05:44:20] [SEVERE ] setting player 5 freeze to 1000
[2022-12-13 05:44:21] [SEVERE ] removing player 3 token from slot 8
[2022-12-13 05:44:21] [SEVERE ] removing player 3 token from slot 9
[2022-12-13 05:44:21] [SEVERE ] removing player 3 token from slot 11
[2022-12-13 05:44:21] [SEVERE ] removing player 4 token from slot 5
[2022-12-13 05:44:21] [SEVERE ] removing player 4 token from slot 8
[2022-12-13 05:44:21] [SEVERE ] removing player 4 token from slot 11
[2022-12-13 05:44:21] [SEVERE ] removing player 2 token from slot 2
[2022-12-13 05:44:21] [SEVERE ] removing player 2 token from slot 3
[2022-12-13 05:44:21] [SEVERE ] removing player 2 token from slot 4
[2022-12-13 05:44:21] [SEVERE ] removing player 5 token from slot 4
[2022-12-13 05:44:21] [SEVERE ] removing player 5 token from slot 5
[2022-12-13 05:44:21] [SEVERE ] removing player 5 token from slot 7
[2022-12-13 05:44:21] [SEVERE ] player 5 placing token on slot 11
[2022-12-13 05:44:21] [SEVERE ] player 4 placing token on slot 8
[2022-12-13 05:44:21] [SEVERE ] player 3 placing token on slot 2
[2022-12-13 05:44:21] [SEVERE ] player 2 placing token on slot 1
[2022-12-13 05:44:21] [SEVERE ] player 4 placing token on slot 9
[2022-12-13 05:44:21] [SEVERE ] player 3 placing token on slot 0
[2022-12-13 05:44:21] [SEVERE ] player 5 placing token on slot 5
[2022-12-13 05:44:21] [SEVERE ] player 4 placing token on slot 11
[2022-12-13 05:44:21] [SEVERE ] player 2 placing token on slot 8
[2022-12-13 05:44:21] [SEVERE ] setting player 4 freeze to 3000
[2022-12-13 05:44:21] [SEVERE ] player 5 placing token on slot 8
[2022-12-13 05:44:21] [SEVERE ] setting player 5 freeze to 3000
[2022-12-13 05:44:21] [SEVERE ] player 3 placing token on slot 9
[2022-12-13 05:44:21] [SEVERE ] setting player 3 freeze to 3000
[2022-12-13 05:44:21] [SEVERE ] player 2 placing token on slot 0
[2022-12-13 05:44:21] [SEVERE ] setting player 2 freeze to 3000
[2022-12-13 05:44:22] [SEVERE ] setting player 4 freeze to 2000
[2022-12-13 05:44:22] [SEVERE ] setting player 5 freeze to 2000
[2022-12-13 05:44:22] [SEVERE ] setting player 3 freeze to 2000
[2022-12-13 05:44:22] [SEVERE ] setting player 2 freeze to 2000
[2022-12-13 05:44:23] [SEVERE ] setting player 4 freeze to 1000
[2022-12-13 05:44:23] [SEVERE ] setting player 5 freeze to 1000
[2022-12-13 05:44:23] [SEVERE ] setting player 3 freeze to 1000
[2022-12-13 05:44:23] [SEVERE ] setting player 2 freeze to 1000
[2022-12-13 05:44:24] [SEVERE ] removing player 4 token from slot 8
[2022-12-13 05:44:24] [SEVERE ] removing player 4 token from slot 9
[2022-12-13 05:44:24] [SEVERE ] removing player 4 token from slot 11
[2022-12-13 05:44:24] [SEVERE ] removing player 5 token from slot 5
[2022-12-13 05:44:24] [SEVERE ] removing player 5 token from slot 8
[2022-12-13 05:44:24] [SEVERE ] removing player 5 token from slot 11
[2022-12-13 05:44:24] [SEVERE ] removing player 3 token from slot 0
[2022-12-13 05:44:24] [SEVERE ] removing player 3 token from slot 2
[2022-12-13 05:44:24] [SEVERE ] removing player 3 token from slot 9
[2022-12-13 05:44:24] [SEVERE ] player 3 placing token on slot 1
[2022-12-13 05:44:24] [SEVERE ] removing player 2 token from slot 0
[2022-12-13 05:44:24] [SEVERE ] removing player 2 token from slot 1
[2022-12-13 05:44:24] [SEVERE ] removing player 2 token from slot 8
[2022-12-13 05:44:24] [SEVERE ] player 2 placing token on slot 6
[2022-12-13 05:44:24] [SEVERE ] player 4 placing token on slot 5
[2022-12-13 05:44:24] [SEVERE ] player 5 placing token on slot 4
[2022-12-13 05:44:24] [SEVERE ] player 3 placing token on slot 0
[2022-12-13 05:44:24] [SEVERE ] player 4 placing token on slot 2
[2022-12-13 05:44:24] [SEVERE ] player 2 placing token on slot 8
[2022-12-13 05:44:24] [SEVERE ] player 5 placing token on slot 3
[2022-12-13 05:44:24] [SEVERE ] player 3 placing token on slot 11
[2022-12-13 05:44:24] [SEVERE ] setting player 3 freeze to 3000
[2022-12-13 05:44:24] [SEVERE ] player 4 placing token on slot 1
[2022-12-13 05:44:24] [SEVERE ] setting player 4 freeze to 3000
[2022-12-13 05:44:24] [SEVERE ] player 2 placing token on slot 10
[2022-12-13 05:44:24] [SEVERE ] setting player 2 freeze to 3000
[2022-12-13 05:44:24] [SEVERE ] player 5 placing token on slot 1
[2022-12-13 05:44:24] [SEVERE ] setting player 5 freeze to 3000
[2022-12-13 05:44:25] [SEVERE ] setting player 3 freeze to 2000
[2022-12-13 05:44:25] [SEVERE ] setting player 4 freeze to 2000
[2022-12-13 05:44:25] [SEVERE ] setting player 2 freeze to 2000
[2022-12-13 05:44:25] [SEVERE ] setting player 5 freeze to 2000
[2022-12-13 05:44:26] [SEVERE ] setting player 3 freeze to 1000
[2022-12-13 05:44:26] [SEVERE ] setting player 4 freeze to 1000
[2022-12-13 05:44:26] [SEVERE ] setting player 2 freeze to 1000
[2022-12-13 05:44:26] [SEVERE ] setting player 5 freeze to 1000
[2022-12-13 05:44:27] [SEVERE ] removing player 3 token from slot 0
[2022-12-13 05:44:27] [SEVERE ] removing player 3 token from slot 1
[2022-12-13 05:44:27] [SEVERE ] removing player 3 token from slot 11
[2022-12-13 05:44:27] [SEVERE ] removing player 4 token from slot 1
[2022-12-13 05:44:27] [SEVERE ] removing player 4 token from slot 2
[2022-12-13 05:44:27] [SEVERE ] removing player 4 token from slot 5
[2022-12-13 05:44:27] [SEVERE ] removing player 2 token from slot 6
[2022-12-13 05:44:27] [SEVERE ] removing player 2 token from slot 8
[2022-12-13 05:44:27] [SEVERE ] removing player 2 token from slot 10
[2022-12-13 05:44:27] [SEVERE ] player 3 placing token on slot 3
[2022-12-13 05:44:27] [SEVERE ] player 2 placing token on slot 9
[2022-12-13 05:44:27] [SEVERE ] player 4 placing token on slot 6
[2022-12-13 05:44:27] [SEVERE ] removing player 5 token from slot 1
[2022-12-13 05:44:27] [SEVERE ] removing player 5 token from slot 3
[2022-12-13 05:44:27] [SEVERE ] removing player 5 token from slot 4
[2022-12-13 05:44:27] [SEVERE ] player 5 placing token on slot 10
[2022-12-13 05:44:27] [SEVERE ] player 3 placing token on slot 4
[2022-12-13 05:44:27] [SEVERE ] player 4 placing token on slot 0
[2022-12-13 05:44:27] [SEVERE ] player 2 placing token on slot 5
[2022-12-13 05:44:27] [SEVERE ] player 4 placing token on slot 11
[2022-12-13 05:44:27] [SEVERE ] player 2 placing token on slot 7
[2022-12-13 05:44:27] [SEVERE ] player 3 placing token on slot 6
[2022-12-13 05:44:27] [SEVERE ] player 5 placing token on slot 9
[2022-12-13 05:44:27] [SEVERE ] player 5 placing token on slot 3
[2022-12-13 05:44:27] [SEVERE ] removing tokens from slot 0
[2022-12-13 05:44:27] [SEVERE ] removing card from slot 0
[2022-12-13 05:44:27] [SEVERE ] removing tokens from slot 6
[2022-12-13 05:44:27] [SEVERE ] removing card from slot 6
[2022-12-13 05:44:27] [SEVERE ] removing tokens from slot 11
[2022-12-13 05:44:27] [SEVERE ] removing card from slot 11
[2022-12-13 05:44:27] [SEVERE ] placing card 63 in slot 0
[2022-12-13 05:44:27] [SEVERE ] placing card 29 in slot 6
[2022-12-13 05:44:28] [SEVERE ] placing card 48 in slot 11
[2022-12-13 05:44:28] [SEVERE ] setting player 4 score to 1
[2022-12-13 05:44:28] [SEVERE ] removing player 3 token from slot 3
[2022-12-13 05:44:28] [SEVERE ] setting player 2 freeze to 3000
[2022-12-13 05:44:28] [SEVERE ] removing player 3 token from slot 4
[2022-12-13 05:44:28] [SEVERE ] setting player 5 freeze to 3000
[2022-12-13 05:44:28] [SEVERE ] player 4 placing token on slot 6
[2022-12-13 05:44:28] [SEVERE ] player 3 placing token on slot 11
[2022-12-13 05:44:28] [SEVERE ] player 4 placing token on slot 8
[2022-12-13 05:44:28] [SEVERE ] player 3 placing token on slot 10
[2022-12-13 05:44:28] [SEVERE ] player 4 placing token on slot 5
[2022-12-13 05:44:28] [SEVERE ] setting player 4 freeze to 3000
[2022-12-13 05:44:28] [SEVERE ] player 3 placing token on slot 6
[2022-12-13 05:44:28] [SEVERE ] setting player 3 freeze to 3000
[2022-12-13 05:44:29] [SEVERE ] setting player 5 freeze to 2000
[2022-12-13 05:44:29] [SEVERE ] setting player 2 freeze to 2000
[2022-12-13 05:44:29] [SEVERE ] setting player 4 freeze to 2000
[2022-12-13 05:44:29] [SEVERE ] setting player 3 freeze to 2000
[2022-12-13 05:44:30] [SEVERE ] setting player 5 freeze to 1000
[2022-12-13 05:44:30] [SEVERE ] setting player 2 freeze to 1000
[2022-12-13 05:44:30] [SEVERE ] setting player 4 freeze to 1000
[2022-12-13 05:44:30] [SEVERE ] setting player 3 freeze to 1000
[2022-12-13 05:44:31] [SEVERE ] removing player 5 token from slot 3
[2022-12-13 05:44:31] [SEVERE ] removing player 5 token from slot 9
[2022-12-13 05:44:31] [SEVERE ] removing player 5 token from slot 10
[2022-12-13 05:44:31] [SEVERE ] removing player 2 token from slot 5
[2022-12-13 05:44:31] [SEVERE ] removing player 2 token from slot 7
[2022-12-13 05:44:31] [SEVERE ] removing player 2 token from slot 9
[2022-12-13 05:44:31] [SEVERE ] player 2 placing token on slot 2
[2022-12-13 05:44:31] [SEVERE ] player 5 placing token on slot 4
[2022-12-13 05:44:31] [SEVERE ] player 2 placing token on slot 8
[2022-12-13 05:44:31] [SEVERE ] player 5 placing token on slot 2
[2022-12-13 05:44:31] [SEVERE ] player 2 placing token on slot 0
[2022-12-13 05:44:31] [SEVERE ] setting player 2 freeze to 3000
[2022-12-13 05:44:31] [SEVERE ] removing player 4 token from slot 5
[2022-12-13 05:44:31] [SEVERE ] removing player 4 token from slot 6
[2022-12-13 05:44:31] [SEVERE ] removing player 4 token from slot 8
[2022-12-13 05:44:31] [SEVERE ] removing player 3 token from slot 6
[2022-12-13 05:44:31] [SEVERE ] removing player 3 token from slot 10
[2022-12-13 05:44:31] [SEVERE ] removing player 3 token from slot 11
[2022-12-13 05:44:31] [SEVERE ] player 3 placing token on slot 2
[2022-12-13 05:44:31] [SEVERE ] player 4 placing token on slot 1
[2022-12-13 05:44:31] [SEVERE ] player 5 placing token on slot 9
[2022-12-13 05:44:31] [SEVERE ] setting player 5 freeze to 3000
[2022-12-13 05:44:31] [SEVERE ] player 3 placing token on slot 1
[2022-12-13 05:44:31] [SEVERE ] player 4 placing token on slot 9
[2022-12-13 05:44:31] [SEVERE ] player 3 placing token on slot 7
[2022-12-13 05:44:31] [SEVERE ] setting player 3 freeze to 3000
[2022-12-13 05:44:31] [SEVERE ] player 4 placing token on slot 2
[2022-12-13 05:44:31] [SEVERE ] setting player 4 freeze to 3000
[2022-12-13 05:44:32] [SEVERE ] setting player 2 freeze to 2000
[2022-12-13 05:44:32] [SEVERE ] setting player 5 freeze to 2000
[2022-12-13 05:44:32] [SEVERE ] setting player 3 freeze to 2000
[2022-12-13 05:44:32] [SEVERE ] setting player 4 freeze to 2000
[2022-12-13 05:44:33] [SEVERE ] setting player 2 freeze to 1000
[2022-12-13 05:44:33] [SEVERE ] setting player 5 freeze to 1000
[2022-12-13 05:44:33] [SEVERE ] setting player 3 freeze to 1000
[2022-12-13 05:44:33] [SEVERE ] setting player 4 freeze to 1000
[2022-12-13 05:44:34] [SEVERE ] removing player 2 token from slot 0
[2022-12-13 05:44:34] [SEVERE ] removing player 2 token from slot 2
[2022-12-13 05:44:34] [SEVERE ] removing player 2 token from slot 8
[2022-12-13 05:44:34] [SEVERE ] player 2 placing token on slot 2
[2022-12-13 05:44:34] [SEVERE ] removing player 5 token from slot 2
[2022-12-13 05:44:34] [SEVERE ] removing player 5 token from slot 4
[2022-12-13 05:44:34] [SEVERE ] removing player 5 token from slot 9
[2022-12-13 05:44:34] [SEVERE ] player 5 placing token on slot 5
[2022-12-13 05:44:34] [SEVERE ] player 2 placing token on slot 7
[2022-12-13 05:44:34] [SEVERE ] player 5 placing token on slot 7
[2022-12-13 05:44:34] [SEVERE ] removing player 3 token from slot 1
[2022-12-13 05:44:34] [SEVERE ] removing player 3 token from slot 2
[2022-12-13 05:44:34] [SEVERE ] removing player 3 token from slot 7
[2022-12-13 05:44:34] [SEVERE ] player 5 placing token on slot 3
[2022-12-13 05:44:34] [SEVERE ] setting player 5 freeze to 3000
[2022-12-13 05:44:34] [SEVERE ] player 3 placing token on slot 1
[2022-12-13 05:44:34] [SEVERE ] player 2 placing token on slot 5
[2022-12-13 05:44:34] [SEVERE ] setting player 2 freeze to 3000
[2022-12-13 05:44:34] [SEVERE ] removing player 4 token from slot 1
[2022-12-13 05:44:34] [SEVERE ] removing player 4 token from slot 2
[2022-12-13 05:44:34] [SEVERE ] removing player 4 token from slot 9
[2022-12-13 05:44:34] [SEVERE ] player 3 placing token on slot 3
[2022-12-13 05:44:34] [SEVERE ] player 4 placing token on slot 6
[2022-12-13 05:44:34] [SEVERE ] player 3 placing token on slot 7
[2022-12-13 05:44:34] [SEVERE ] setting player 3 freeze to 3000
[2022-12-13 05:44:34] [SEVERE ] player 4 placing token on slot 9
[2022-12-13 05:44:34] [SEVERE ] player 4 placing token on slot 2
[2022-12-13 05:44:34] [SEVERE ] setting player 4 freeze to 3000
[2022-12-13 05:44:35] [SEVERE ] setting player 5 freeze to 2000
[2022-12-13 05:44:35] [SEVERE ] setting player 2 freeze to 2000
[2022-12-13 05:44:35] [SEVERE ] setting player 3 freeze to 2000
[2022-12-13 05:44:35] [SEVERE ] setting player 4 freeze to 2000
[2022-12-13 05:44:36] [SEVERE ] setting player 5 freeze to 1000
[2022-12-13 05:44:36] [SEVERE ] setting player 2 freeze to 1000
[2022-12-13 05:44:36] [SEVERE ] setting player 3 freeze to 1000
[2022-12-13 05:44:36] [SEVERE ] setting player 4 freeze to 1000
[2022-12-13 05:44:37] [SEVERE ] removing player 5 token from slot 3
[2022-12-13 05:44:37] [SEVERE ] removing player 5 token from slot 5
[2022-12-13 05:44:37] [SEVERE ] removing player 5 token from slot 7
[2022-12-13 05:44:37] [SEVERE ] removing player 2 token from slot 2
[2022-12-13 05:44:37] [SEVERE ] removing player 2 token from slot 5
[2022-12-13 05:44:37] [SEVERE ] removing player 2 token from slot 7
[2022-12-13 05:44:37] [SEVERE ] player 5 placing token on slot 2
[2022-12-13 05:44:37] [SEVERE ] player 2 placing token on slot 9
[2022-12-13 05:44:37] [SEVERE ] player 2 placing token on slot 10
[2022-12-13 05:44:37] [SEVERE ] player 5 placing token on slot 5
[2022-12-13 05:44:37] [SEVERE ] removing player 3 token from slot 1
[2022-12-13 05:44:37] [SEVERE ] removing player 3 token from slot 3
[2022-12-13 05:44:37] [SEVERE ] removing player 3 token from slot 7
[2022-12-13 05:44:37] [SEVERE ] player 2 placing token on slot 11
[2022-12-13 05:44:37] [SEVERE ] setting player 2 freeze to 3000
[2022-12-13 05:44:37] [SEVERE ] player 3 placing token on slot 10
[2022-12-13 05:44:37] [SEVERE ] player 5 placing token on slot 0
[2022-12-13 05:44:37] [SEVERE ] setting player 5 freeze to 3000
[2022-12-13 05:44:37] [SEVERE ] removing player 4 token from slot 2
[2022-12-13 05:44:37] [SEVERE ] removing player 4 token from slot 6
[2022-12-13 05:44:37] [SEVERE ] removing player 4 token from slot 9
[2022-12-13 05:44:37] [SEVERE ] player 3 placing token on slot 1
[2022-12-13 05:44:37] [SEVERE ] player 4 placing token on slot 5
[2022-12-13 05:44:37] [SEVERE ] player 3 placing token on slot 4
[2022-12-13 05:44:37] [SEVERE ] setting player 3 freeze to 3000
[2022-12-13 05:44:37] [SEVERE ] player 4 placing token on slot 3
[2022-12-13 05:44:37] [SEVERE ] player 4 placing token on slot 0
[2022-12-13 05:44:37] [SEVERE ] setting player 4 freeze to 3000
[2022-12-13 05:44:38] [SEVERE ] setting player 2 freeze to 2000
[2022-12-13 05:44:38] [SEVERE ] setting player 5 freeze to 2000
[2022-12-13 05:44:38] [SEVERE ] setting player 3 freeze to 2000
[2022-12-13 05:44:38] [SEVERE ] setting player 4 freeze to 2000
[2022-12-13 05:44:39] [SEVERE ] setting player 2 freeze to 1000
[2022-12-13 05:44:39] [SEVERE ] setting player 5 freeze to 1000
[2022-12-13 05:44:39] [SEVERE ] setting player 3 freeze to 1000
[2022-12-13 05:44:39] [SEVERE ] setting player 4 freeze to 1000
[2022-12-13 05:44:40] [SEVERE ] removing player 2 token from slot 9
[2022-12-13 05:44:40] [SEVERE ] removing player 2 token from slot 10
[2022-12-13 05:44:40] [SEVERE ] removing player 2 token from slot 11
[2022-12-13 05:44:40] [SEVERE ] removing player 5 token from slot 0
[2022-12-13 05:44:40] [SEVERE ] removing player 5 token from slot 2
[2022-12-13 05:44:40] [SEVERE ] removing player 5 token from slot 5
[2022-12-13 05:44:40] [SEVERE ] player 2 placing token on slot 6
[2022-12-13 05:44:40] [SEVERE ] player 5 placing token on slot 6
[2022-12-13 05:44:40] [SEVERE ] player 2 placing token on slot 9
[2022-12-13 05:44:40] [SEVERE ] removing player 3 token from slot 1
[2022-12-13 05:44:40] [SEVERE ] removing player 3 token from slot 4
[2022-12-13 05:44:40] [SEVERE ] removing player 3 token from slot 10
[2022-12-13 05:44:40] [SEVERE ] player 5 placing token on slot 11
[2022-12-13 05:44:40] [SEVERE ] player 2 placing token on slot 4
[2022-12-13 05:44:40] [SEVERE ] setting player 2 freeze to 3000
[2022-12-13 05:44:40] [SEVERE ] removing player 4 token from slot 0
[2022-12-13 05:44:40] [SEVERE ] removing player 4 token from slot 3
[2022-12-13 05:44:40] [SEVERE ] removing player 4 token from slot 5
[2022-12-13 05:44:40] [SEVERE ] player 3 placing token on slot 9
[2022-12-13 05:44:40] [SEVERE ] player 5 placing token on slot 5
[2022-12-13 05:44:40] [SEVERE ] setting player 5 freeze to 3000
[2022-12-13 05:44:40] [SEVERE ] player 4 placing token on slot 3
[2022-12-13 05:44:40] [SEVERE ] player 3 placing token on slot 4
[2022-12-13 05:44:40] [SEVERE ] player 4 placing token on slot 7
[2022-12-13 05:44:40] [SEVERE ] player 3 placing token on slot 11
[2022-12-13 05:44:40] [SEVERE ] setting player 3 freeze to 3000
[2022-12-13 05:44:40] [SEVERE ] player 4 placing token on slot 2
[2022-12-13 05:44:40] [SEVERE ] setting player 4 freeze to 3000
[2022-12-13 05:44:41] [SEVERE ] setting player 2 freeze to 2000
[2022-12-13 05:44:41] [SEVERE ] setting player 5 freeze to 2000
[2022-12-13 05:44:41] [SEVERE ] setting player 3 freeze to 2000
[2022-12-13 05:44:41] [SEVERE ] setting player 4 freeze to 2000
[2022-12-13 05:44:42] [SEVERE ] setting player 2 freeze to 1000
[2022-12-13 05:44:42] [SEVERE ] setting player 5 freeze to 1000
[2022-12-13 05:44:42] [SEVERE ] setting player 3 freeze to 1000
[2022-12-13 05:44:42] [SEVERE ] setting player 4 freeze to 1000
[2022-12-13 05:44:43] [SEVERE ] removing player 2 token from slot 4
[2022-12-13 05:44:43] [SEVERE ] removing player 2 token from slot 6
[2022-12-13 05:44:43] [SEVERE ] removing player 2 token from slot 9
[2022-12-13 05:44:43] [SEVERE ] player 2 placing token on slot 1
[2022-12-13 05:44:43] [SEVERE ] removing player 5 token from slot 5
[2022-12-13 05:44:43] [SEVERE ] removing player 5 token from slot 6
[2022-12-13 05:44:43] [SEVERE ] removing player 5 token from slot 11
[2022-12-13 05:44:43] [SEVERE ] player 2 placing token on slot 8
[2022-12-13 05:44:43] [SEVERE ] player 5 placing token on slot 11
[2022-12-13 05:44:43] [SEVERE ] player 5 placing token on slot 6
[2022-12-13 05:44:43] [SEVERE ] player 2 placing token on slot 10
[2022-12-13 05:44:43] [SEVERE ] setting player 2 freeze to 3000
[2022-12-13 05:44:43] [SEVERE ] player 5 placing token on slot 2
[2022-12-13 05:44:43] [SEVERE ] setting player 5 freeze to 3000
[2022-12-13 05:44:43] [SEVERE ] removing player 3 token from slot 4
[2022-12-13 05:44:43] [SEVERE ] removing player 3 token from slot 9
[2022-12-13 05:44:43] [SEVERE ] removing player 3 token from slot 11
[2022-12-13 05:44:43] [SEVERE ] player 3 placing token on slot 5
[2022-12-13 05:44:43] [SEVERE ] removing player 4 token from slot 2
[2022-12-13 05:44:43] [SEVERE ] removing player 4 token from slot 3
[2022-12-13 05:44:43] [SEVERE ] removing player 4 token from slot 7
[2022-12-13 05:44:43] [SEVERE ] player 4 placing token on slot 7
[2022-12-13 05:44:43] [SEVERE ] player 3 placing token on slot 3
[2022-12-13 05:44:43] [SEVERE ] player 4 placing token on slot 2
[2022-12-13 05:44:43] [SEVERE ] player 3 placing token on slot 7
[2022-12-13 05:44:43] [SEVERE ] setting player 3 freeze to 3000
[2022-12-13 05:44:43] [SEVERE ] player 4 placing token on slot 11
[2022-12-13 05:44:43] [SEVERE ] setting player 4 freeze to 3000
[2022-12-13 05:44:44] [SEVERE ] setting player 2 freeze to 2000
[2022-12-13 05:44:44] [SEVERE ] setting player 5 freeze to 2000
[2022-12-13 05:44:44] [SEVERE ] setting player 3 freeze to 2000
[2022-12-13 05:44:44] [SEVERE ] setting player 4 freeze to 2000
