[2022-12-12 19:22:26] [INFO   ] cannot read configuration file config.properties trying from resources.
[2022-12-12 19:22:26] [INFO   ] configuration file was loaded from resources directory.
[2022-12-12 19:22:27] [INFO   ] Thread dealer starting.
[2022-12-12 19:22:27] [INFO   ] Thread Thread-1starting.
[2022-12-12 19:22:27] [INFO   ] Thread Thread-0starting.
[2022-12-12 19:22:27] [SEVERE ] placing card 2 in slot 0
[2022-12-12 19:22:27] [SEVERE ] placing card 54 in slot 1
[2022-12-12 19:22:27] [SEVERE ] placing card 50 in slot 2
[2022-12-12 19:22:27] [SEVERE ] placing card 35 in slot 3
[2022-12-12 19:22:27] [SEVERE ] placing card 12 in slot 4
[2022-12-12 19:22:28] [SEVERE ] placing card 8 in slot 5
[2022-12-12 19:22:28] [SEVERE ] placing card 22 in slot 6
[2022-12-12 19:22:28] [SEVERE ] placing card 5 in slot 7
[2022-12-12 19:22:28] [SEVERE ] placing card 52 in slot 8
[2022-12-12 19:22:28] [SEVERE ] placing card 66 in slot 9
[2022-12-12 19:22:28] [SEVERE ] placing card 65 in slot 10
[2022-12-12 19:22:28] [SEVERE ] placing card 80 in slot 11
[2022-12-12 19:22:31] [SEVERE ] Key 81 was pressed by player 0
[2022-12-12 19:22:31] [SEVERE ] player 0 placing token on slot 0
[2022-12-12 19:22:31] [SEVERE ] Key 87 was pressed by player 0
[2022-12-12 19:22:31] [SEVERE ] player 0 placing token on slot 1
[2022-12-12 19:22:32] [SEVERE ] Key 69 was pressed by player 0
[2022-12-12 19:22:32] [SEVERE ] player 0 placing token on slot 2
[2022-12-12 19:22:33] [SEVERE ] Key 81 was pressed by player 0
[2022-12-12 19:22:35] [SEVERE ] removing player 0 token from slot 0
[2022-12-12 19:22:35] [SEVERE ] Key 87 was pressed by player 0
[2022-12-12 19:22:35] [SEVERE ] removing player 0 token from slot 1
[2022-12-12 19:22:35] [SEVERE ] Key 81 was pressed by player 0
[2022-12-12 19:22:35] [SEVERE ] player 0 placing token on slot 0
[2022-12-12 19:22:35] [SEVERE ] Key 69 was pressed by player 0
[2022-12-12 19:22:35] [SEVERE ] removing player 0 token from slot 2
