[2022-12-12 14:06:35] [INFO   ] cannot read configuration file config.properties trying from resources.
[2022-12-12 14:06:35] [INFO   ] configuration file was loaded from resources directory.
[2022-12-12 14:06:36] [INFO   ] Thread Thread-0starting.
[2022-12-12 14:06:36] [INFO   ] Thread Thread-5starting.
[2022-12-12 14:06:36] [INFO   ] Thread Thread-4starting.
[2022-12-12 14:06:36] [INFO   ] Thread dealer starting.
[2022-12-12 14:06:36] [INFO   ] Thread Thread-3starting.
[2022-12-12 14:06:36] [INFO   ] Thread Thread-2starting.
[2022-12-12 14:06:36] [INFO   ] Thread Thread-1starting.
[2022-12-12 14:06:36] [INFO   ] Thread computer-4 starting.
[2022-12-12 14:06:36] [INFO   ] Thread computer-2 starting.
[2022-12-12 14:06:36] [INFO   ] Thread computer-3 starting.
[2022-12-12 14:06:36] [INFO   ] Thread computer-5 starting.
[2022-12-12 14:06:36] [SEVERE ] placing card 7 in slot 0
[2022-12-12 14:06:36] [SEVERE ] placing card 62 in slot 1
[2022-12-12 14:06:37] [SEVERE ] placing card 73 in slot 2
[2022-12-12 14:06:37] [SEVERE ] placing card 70 in slot 3
[2022-12-12 14:06:37] [SEVERE ] placing card 77 in slot 4
[2022-12-12 14:06:37] [SEVERE ] placing card 9 in slot 5
[2022-12-12 14:06:37] [SEVERE ] placing card 4 in slot 6
[2022-12-12 14:06:37] [SEVERE ] placing card 64 in slot 7
[2022-12-12 14:06:37] [SEVERE ] placing card 37 in slot 8
[2022-12-12 14:06:37] [SEVERE ] placing card 27 in slot 9
[2022-12-12 14:06:37] [SEVERE ] placing card 22 in slot 10
[2022-12-12 14:06:38] [SEVERE ] placing card 31 in slot 11
[2022-12-12 14:06:38] [SEVERE ] player 2 placing token on slot 9
[2022-12-12 14:06:38] [SEVERE ] player 5 placing token on slot 7
[2022-12-12 14:06:38] [SEVERE ] player 3 placing token on slot 1
[2022-12-12 14:06:39] [SEVERE ] player 4 placing token on slot 1
[2022-12-12 14:06:39] [SEVERE ] player 2 placing token on slot 5
[2022-12-12 14:06:39] [SEVERE ] player 3 placing token on slot 10
[2022-12-12 14:06:39] [SEVERE ] player 5 placing token on slot 4
[2022-12-12 14:06:39] [SEVERE ] player 4 placing token on slot 9
[2022-12-12 14:06:40] [SEVERE ] player 2 placing token on slot 1
[2022-12-12 14:06:40] [SEVERE ] removing player 2 token from slot 1
[2022-12-12 14:06:40] [SEVERE ] removing player 2 token from slot 5
[2022-12-12 14:06:40] [SEVERE ] removing player 2 token from slot 9
[2022-12-12 14:06:40] [SEVERE ] player 5 placing token on slot 1
[2022-12-12 14:06:40] [SEVERE ] removing player 5 token from slot 1
[2022-12-12 14:06:40] [SEVERE ] removing player 5 token from slot 4
[2022-12-12 14:06:40] [SEVERE ] removing player 5 token from slot 7
[2022-12-12 14:06:40] [SEVERE ] player 4 placing token on slot 2
[2022-12-12 14:06:40] [SEVERE ] removing player 4 token from slot 1
[2022-12-12 14:06:40] [SEVERE ] removing player 4 token from slot 2
[2022-12-12 14:06:40] [SEVERE ] removing player 4 token from slot 9
[2022-12-12 14:06:40] [SEVERE ] player 3 placing token on slot 2
[2022-12-12 14:06:40] [SEVERE ] removing player 3 token from slot 1
[2022-12-12 14:06:40] [SEVERE ] removing player 3 token from slot 2
[2022-12-12 14:06:40] [SEVERE ] removing player 3 token from slot 10
[2022-12-12 14:06:41] [SEVERE ] player 2 placing token on slot 10
[2022-12-12 14:06:41] [SEVERE ] player 5 placing token on slot 6
[2022-12-12 14:06:41] [SEVERE ] player 4 placing token on slot 2
[2022-12-12 14:06:41] [SEVERE ] player 3 placing token on slot 11
[2022-12-12 14:06:41] [SEVERE ] player 2 placing token on slot 6
[2022-12-12 14:06:41] [SEVERE ] player 4 placing token on slot 10
[2022-12-12 14:06:41] [SEVERE ] player 5 placing token on slot 10
[2022-12-12 14:06:42] [SEVERE ] player 3 placing token on slot 7
[2022-12-12 14:06:42] [SEVERE ] player 4 placing token on slot 0
[2022-12-12 14:06:42] [SEVERE ] removing player 4 token from slot 0
[2022-12-12 14:06:42] [SEVERE ] removing player 4 token from slot 2
[2022-12-12 14:06:42] [SEVERE ] removing player 4 token from slot 10
[2022-12-12 14:06:42] [SEVERE ] player 2 placing token on slot 4
[2022-12-12 14:06:42] [SEVERE ] removing player 2 token from slot 4
[2022-12-12 14:06:42] [SEVERE ] removing player 2 token from slot 6
[2022-12-12 14:06:42] [SEVERE ] removing player 2 token from slot 10
[2022-12-12 14:06:42] [SEVERE ] player 5 placing token on slot 4
[2022-12-12 14:06:42] [SEVERE ] removing player 5 token from slot 4
[2022-12-12 14:06:42] [SEVERE ] removing player 5 token from slot 6
[2022-12-12 14:06:42] [SEVERE ] removing player 5 token from slot 10
[2022-12-12 14:06:42] [SEVERE ] player 2 placing token on slot 3
[2022-12-12 14:06:43] [SEVERE ] player 3 placing token on slot 10
[2022-12-12 14:06:43] [SEVERE ] removing player 3 token from slot 7
[2022-12-12 14:06:43] [SEVERE ] removing player 3 token from slot 10
[2022-12-12 14:06:43] [SEVERE ] removing player 3 token from slot 11
[2022-12-12 14:06:43] [SEVERE ] player 4 placing token on slot 6
[2022-12-12 14:06:43] [SEVERE ] player 5 placing token on slot 1
[2022-12-12 14:06:43] [SEVERE ] player 2 placing token on slot 4
[2022-12-12 14:06:43] [SEVERE ] player 2 placing token on slot 10
[2022-12-12 14:06:43] [SEVERE ] removing player 2 token from slot 3
[2022-12-12 14:06:43] [SEVERE ] removing player 2 token from slot 4
[2022-12-12 14:06:43] [SEVERE ] removing player 2 token from slot 10
[2022-12-12 14:06:43] [SEVERE ] player 3 placing token on slot 4
[2022-12-12 14:06:44] [SEVERE ] player 5 placing token on slot 9
[2022-12-12 14:06:44] [SEVERE ] player 4 placing token on slot 1
[2022-12-12 14:06:44] [SEVERE ] player 4 placing token on slot 8
[2022-12-12 14:06:44] [SEVERE ] removing player 4 token from slot 1
[2022-12-12 14:06:44] [SEVERE ] removing player 4 token from slot 6
[2022-12-12 14:06:44] [SEVERE ] removing player 4 token from slot 8
[2022-12-12 14:06:44] [SEVERE ] player 3 placing token on slot 1
[2022-12-12 14:06:44] [SEVERE ] player 2 placing token on slot 7
[2022-12-12 14:06:45] [SEVERE ] player 5 placing token on slot 5
[2022-12-12 14:06:45] [SEVERE ] removing player 5 token from slot 1
[2022-12-12 14:06:45] [SEVERE ] removing player 5 token from slot 5
[2022-12-12 14:06:45] [SEVERE ] removing player 5 token from slot 9
[2022-12-12 14:06:45] [SEVERE ] player 4 placing token on slot 3
[2022-12-12 14:06:45] [SEVERE ] player 2 placing token on slot 10
[2022-12-12 14:06:45] [SEVERE ] player 3 placing token on slot 0
[2022-12-12 14:06:45] [SEVERE ] removing player 3 token from slot 0
[2022-12-12 14:06:45] [SEVERE ] removing player 3 token from slot 1
[2022-12-12 14:06:45] [SEVERE ] removing player 3 token from slot 4
[2022-12-12 14:06:45] [SEVERE ] player 4 placing token on slot 11
[2022-12-12 14:06:46] [SEVERE ] player 5 placing token on slot 1
[2022-12-12 14:06:46] [SEVERE ] player 2 placing token on slot 4
[2022-12-12 14:06:46] [SEVERE ] removing player 2 token from slot 4
[2022-12-12 14:06:46] [SEVERE ] removing player 2 token from slot 7
[2022-12-12 14:06:46] [SEVERE ] removing player 2 token from slot 10
[2022-12-12 14:06:46] [SEVERE ] player 4 placing token on slot 5
[2022-12-12 14:06:46] [SEVERE ] removing player 4 token from slot 3
[2022-12-12 14:06:46] [SEVERE ] removing player 4 token from slot 5
[2022-12-12 14:06:46] [SEVERE ] removing player 4 token from slot 11
[2022-12-12 14:06:46] [SEVERE ] player 3 placing token on slot 11
[2022-12-12 14:06:46] [SEVERE ] player 5 placing token on slot 9
[2022-12-12 14:06:46] [SEVERE ] player 4 placing token on slot 0
[2022-12-12 14:06:47] [SEVERE ] player 3 placing token on slot 0
[2022-12-12 14:06:47] [SEVERE ] player 2 placing token on slot 7
[2022-12-12 14:06:47] [SEVERE ] player 5 placing token on slot 0
[2022-12-12 14:06:47] [SEVERE ] removing player 5 token from slot 0
[2022-12-12 14:06:47] [SEVERE ] removing player 5 token from slot 1
[2022-12-12 14:06:47] [SEVERE ] removing player 5 token from slot 9
[2022-12-12 14:06:47] [SEVERE ] player 4 placing token on slot 11
[2022-12-12 14:06:47] [SEVERE ] player 2 placing token on slot 11
[2022-12-12 14:06:48] [SEVERE ] player 3 placing token on slot 4
[2022-12-12 14:06:48] [SEVERE ] removing player 3 token from slot 0
[2022-12-12 14:06:48] [SEVERE ] removing player 3 token from slot 4
[2022-12-12 14:06:48] [SEVERE ] removing player 3 token from slot 11
[2022-12-12 14:06:48] [SEVERE ] player 4 placing token on slot 1
[2022-12-12 14:06:48] [SEVERE ] removing player 4 token from slot 0
[2022-12-12 14:06:48] [SEVERE ] removing player 4 token from slot 1
[2022-12-12 14:06:48] [SEVERE ] removing player 4 token from slot 11
[2022-12-12 14:06:48] [SEVERE ] player 5 placing token on slot 4
[2022-12-12 14:06:48] [SEVERE ] player 2 placing token on slot 10
[2022-12-12 14:06:48] [SEVERE ] removing player 2 token from slot 7
[2022-12-12 14:06:48] [SEVERE ] removing player 2 token from slot 10
[2022-12-12 14:06:48] [SEVERE ] removing player 2 token from slot 11
[2022-12-12 14:06:48] [SEVERE ] player 3 placing token on slot 5
[2022-12-12 14:06:49] [SEVERE ] player 4 placing token on slot 10
[2022-12-12 14:06:49] [SEVERE ] player 5 placing token on slot 11
[2022-12-12 14:06:49] [SEVERE ] player 2 placing token on slot 11
[2022-12-12 14:06:49] [SEVERE ] player 4 placing token on slot 11
[2022-12-12 14:06:49] [SEVERE ] player 3 placing token on slot 7
[2022-12-12 14:06:49] [SEVERE ] player 5 placing token on slot 7
[2022-12-12 14:06:49] [SEVERE ] removing player 5 token from slot 4
[2022-12-12 14:06:49] [SEVERE ] removing player 5 token from slot 7
[2022-12-12 14:06:49] [SEVERE ] removing player 5 token from slot 11
[2022-12-12 14:06:49] [SEVERE ] player 2 placing token on slot 1
[2022-12-12 14:06:50] [SEVERE ] player 4 placing token on slot 0
[2022-12-12 14:06:50] [SEVERE ] removing player 4 token from slot 0
[2022-12-12 14:06:50] [SEVERE ] removing player 4 token from slot 10
[2022-12-12 14:06:50] [SEVERE ] removing player 4 token from slot 11
[2022-12-12 14:06:50] [SEVERE ] player 5 placing token on slot 4
[2022-12-12 14:06:50] [SEVERE ] player 3 placing token on slot 10
[2022-12-12 14:06:50] [SEVERE ] removing player 3 token from slot 5
[2022-12-12 14:06:50] [SEVERE ] removing player 3 token from slot 7
[2022-12-12 14:06:50] [SEVERE ] removing player 3 token from slot 10
[2022-12-12 14:06:50] [SEVERE ] player 2 placing token on slot 6
[2022-12-12 14:06:50] [SEVERE ] removing player 2 token from slot 1
[2022-12-12 14:06:50] [SEVERE ] removing player 2 token from slot 6
[2022-12-12 14:06:50] [SEVERE ] removing player 2 token from slot 11
[2022-12-12 14:06:51] [SEVERE ] player 5 placing token on slot 2
[2022-12-12 14:06:51] [SEVERE ] player 4 placing token on slot 4
[2022-12-12 14:06:51] [SEVERE ] player 2 placing token on slot 5
[2022-12-12 14:06:51] [SEVERE ] player 3 placing token on slot 3
[2022-12-12 14:06:51] [SEVERE ] player 5 placing token on slot 6
[2022-12-12 14:06:51] [SEVERE ] removing player 5 token from slot 2
[2022-12-12 14:06:51] [SEVERE ] removing player 5 token from slot 4
[2022-12-12 14:06:51] [SEVERE ] removing player 5 token from slot 6
[2022-12-12 14:06:51] [SEVERE ] player 2 placing token on slot 6
[2022-12-12 14:06:51] [SEVERE ] player 4 placing token on slot 11
[2022-12-12 14:06:52] [SEVERE ] player 3 placing token on slot 8
[2022-12-12 14:06:52] [SEVERE ] player 5 placing token on slot 9
[2022-12-12 14:06:52] [SEVERE ] player 2 placing token on slot 10
[2022-12-12 14:06:52] [SEVERE ] removing player 2 token from slot 5
[2022-12-12 14:06:52] [SEVERE ] removing player 2 token from slot 6
[2022-12-12 14:06:52] [SEVERE ] removing player 2 token from slot 10
[2022-12-12 14:06:52] [SEVERE ] player 4 placing token on slot 2
[2022-12-12 14:06:52] [SEVERE ] removing player 4 token from slot 2
[2022-12-12 14:06:52] [SEVERE ] removing player 4 token from slot 4
[2022-12-12 14:06:52] [SEVERE ] removing player 4 token from slot 11
[2022-12-12 14:06:52] [SEVERE ] player 5 placing token on slot 1
[2022-12-12 14:06:53] [SEVERE ] player 3 placing token on slot 0
[2022-12-12 14:06:53] [SEVERE ] removing player 3 token from slot 0
[2022-12-12 14:06:53] [SEVERE ] removing player 3 token from slot 3
[2022-12-12 14:06:53] [SEVERE ] removing player 3 token from slot 8
[2022-12-12 14:06:53] [SEVERE ] player 2 placing token on slot 1
[2022-12-12 14:06:53] [SEVERE ] player 4 placing token on slot 11
[2022-12-12 14:06:53] [SEVERE ] player 5 placing token on slot 8
[2022-12-12 14:06:53] [SEVERE ] removing player 5 token from slot 1
[2022-12-12 14:06:53] [SEVERE ] removing player 5 token from slot 8
[2022-12-12 14:06:53] [SEVERE ] removing player 5 token from slot 9
[2022-12-12 14:06:53] [SEVERE ] player 3 placing token on slot 8
[2022-12-12 14:06:54] [SEVERE ] player 2 placing token on slot 9
[2022-12-12 14:06:54] [SEVERE ] player 4 placing token on slot 0
[2022-12-12 14:06:54] [SEVERE ] player 3 placing token on slot 2
[2022-12-12 14:06:54] [SEVERE ] player 5 placing token on slot 9
[2022-12-12 14:06:54] [SEVERE ] player 2 placing token on slot 7
[2022-12-12 14:06:54] [SEVERE ] removing player 2 token from slot 1
[2022-12-12 14:06:54] [SEVERE ] removing player 2 token from slot 7
[2022-12-12 14:06:54] [SEVERE ] removing player 2 token from slot 9
[2022-12-12 14:06:55] [SEVERE ] player 5 placing token on slot 2
[2022-12-12 14:06:55] [SEVERE ] player 3 placing token on slot 11
[2022-12-12 14:06:55] [SEVERE ] removing player 3 token from slot 2
[2022-12-12 14:06:55] [SEVERE ] removing player 3 token from slot 8
[2022-12-12 14:06:55] [SEVERE ] removing player 3 token from slot 11
[2022-12-12 14:06:55] [SEVERE ] player 4 placing token on slot 9
[2022-12-12 14:06:55] [SEVERE ] removing player 4 token from slot 0
[2022-12-12 14:06:55] [SEVERE ] removing player 4 token from slot 9
[2022-12-12 14:06:55] [SEVERE ] removing player 4 token from slot 11
[2022-12-12 14:06:55] [SEVERE ] player 2 placing token on slot 5
[2022-12-12 14:06:55] [SEVERE ] player 4 placing token on slot 3
[2022-12-12 14:06:55] [SEVERE ] player 5 placing token on slot 4
[2022-12-12 14:06:55] [SEVERE ] removing player 5 token from slot 2
[2022-12-12 14:06:55] [SEVERE ] removing player 5 token from slot 4
[2022-12-12 14:06:55] [SEVERE ] removing player 5 token from slot 9
[2022-12-12 14:06:56] [SEVERE ] player 3 placing token on slot 9
[2022-12-12 14:06:56] [SEVERE ] player 4 placing token on slot 11
[2022-12-12 14:06:56] [SEVERE ] player 5 placing token on slot 2
[2022-12-12 14:06:56] [SEVERE ] player 2 placing token on slot 0
[2022-12-12 14:06:56] [SEVERE ] player 3 placing token on slot 11
[2022-12-12 14:06:57] [SEVERE ] player 4 placing token on slot 2
[2022-12-12 14:06:57] [SEVERE ] removing player 4 token from slot 2
[2022-12-12 14:06:57] [SEVERE ] removing player 4 token from slot 3
[2022-12-12 14:06:57] [SEVERE ] removing player 4 token from slot 11
[2022-12-12 14:06:57] [SEVERE ] player 5 placing token on slot 0
[2022-12-12 14:06:57] [SEVERE ] player 2 placing token on slot 10
[2022-12-12 14:06:57] [SEVERE ] removing player 2 token from slot 0
[2022-12-12 14:06:57] [SEVERE ] removing player 2 token from slot 5
[2022-12-12 14:06:57] [SEVERE ] removing player 2 token from slot 10
[2022-12-12 14:06:57] [SEVERE ] player 3 placing token on slot 7
[2022-12-12 14:06:57] [SEVERE ] removing player 3 token from slot 7
[2022-12-12 14:06:57] [SEVERE ] removing player 3 token from slot 9
[2022-12-12 14:06:57] [SEVERE ] removing player 3 token from slot 11
[2022-12-12 14:06:57] [SEVERE ] player 4 placing token on slot 5
[2022-12-12 14:06:57] [SEVERE ] player 5 placing token on slot 5
[2022-12-12 14:06:57] [SEVERE ] removing player 5 token from slot 0
[2022-12-12 14:06:57] [SEVERE ] removing player 5 token from slot 2
[2022-12-12 14:06:57] [SEVERE ] removing player 5 token from slot 5
[2022-12-12 14:06:58] [SEVERE ] player 2 placing token on slot 2
[2022-12-12 14:06:58] [SEVERE ] player 3 placing token on slot 10
[2022-12-12 14:06:58] [SEVERE ] player 4 placing token on slot 0
[2022-12-12 14:06:58] [SEVERE ] player 5 placing token on slot 3
[2022-12-12 14:06:58] [SEVERE ] player 3 placing token on slot 11
[2022-12-12 14:06:58] [SEVERE ] player 4 placing token on slot 1
[2022-12-12 14:06:58] [SEVERE ] removing player 4 token from slot 0
[2022-12-12 14:06:58] [SEVERE ] removing player 4 token from slot 1
[2022-12-12 14:06:58] [SEVERE ] removing player 4 token from slot 5
[2022-12-12 14:06:59] [SEVERE ] player 2 placing token on slot 5
[2022-12-12 14:06:59] [SEVERE ] player 5 placing token on slot 7
[2022-12-12 14:06:59] [SEVERE ] player 3 placing token on slot 2
[2022-12-12 14:06:59] [SEVERE ] removing player 3 token from slot 2
[2022-12-12 14:06:59] [SEVERE ] removing player 3 token from slot 10
[2022-12-12 14:06:59] [SEVERE ] removing player 3 token from slot 11
[2022-12-12 14:06:59] [SEVERE ] player 4 placing token on slot 4
[2022-12-12 14:06:59] [SEVERE ] player 5 placing token on slot 9
[2022-12-12 14:06:59] [SEVERE ] removing player 5 token from slot 3
[2022-12-12 14:06:59] [SEVERE ] removing player 5 token from slot 7
[2022-12-12 14:06:59] [SEVERE ] removing player 5 token from slot 9
[2022-12-12 14:06:59] [SEVERE ] player 2 placing token on slot 6
[2022-12-12 14:06:59] [SEVERE ] removing player 2 token from slot 2
[2022-12-12 14:06:59] [SEVERE ] removing player 2 token from slot 5
[2022-12-12 14:06:59] [SEVERE ] removing player 2 token from slot 6
[2022-12-12 14:07:00] [SEVERE ] player 2 placing token on slot 3
[2022-12-12 14:07:00] [SEVERE ] player 4 placing token on slot 8
[2022-12-12 14:07:00] [SEVERE ] player 5 placing token on slot 5
[2022-12-12 14:07:00] [SEVERE ] player 3 placing token on slot 7
[2022-12-12 14:07:00] [SEVERE ] player 5 placing token on slot 9
[2022-12-12 14:07:01] [SEVERE ] player 2 placing token on slot 8
[2022-12-12 14:07:01] [SEVERE ] player 4 placing token on slot 3
[2022-12-12 14:07:01] [SEVERE ] removing player 4 token from slot 3
[2022-12-12 14:07:01] [SEVERE ] removing player 4 token from slot 4
[2022-12-12 14:07:01] [SEVERE ] removing player 4 token from slot 8
[2022-12-12 14:07:01] [SEVERE ] player 3 placing token on slot 11
[2022-12-12 14:07:01] [SEVERE ] player 5 placing token on slot 6
[2022-12-12 14:07:01] [SEVERE ] removing player 5 token from slot 5
[2022-12-12 14:07:01] [SEVERE ] removing player 5 token from slot 6
[2022-12-12 14:07:01] [SEVERE ] removing player 5 token from slot 9
[2022-12-12 14:07:01] [SEVERE ] player 2 placing token on slot 5
[2022-12-12 14:07:01] [SEVERE ] removing player 2 token from slot 3
[2022-12-12 14:07:01] [SEVERE ] removing player 2 token from slot 5
[2022-12-12 14:07:01] [SEVERE ] removing player 2 token from slot 8
[2022-12-12 14:07:01] [SEVERE ] player 4 placing token on slot 8
[2022-12-12 14:07:02] [SEVERE ] player 5 placing token on slot 5
[2022-12-12 14:07:02] [SEVERE ] player 3 placing token on slot 0
[2022-12-12 14:07:02] [SEVERE ] removing player 3 token from slot 0
[2022-12-12 14:07:02] [SEVERE ] removing player 3 token from slot 7
[2022-12-12 14:07:02] [SEVERE ] removing player 3 token from slot 11
[2022-12-12 14:07:02] [SEVERE ] player 2 placing token on slot 2
[2022-12-12 14:07:02] [SEVERE ] player 4 placing token on slot 0
[2022-12-12 14:07:02] [SEVERE ] player 5 placing token on slot 4
[2022-12-12 14:07:03] [SEVERE ] player 3 placing token on slot 9
[2022-12-12 14:07:03] [SEVERE ] player 5 placing token on slot 11
[2022-12-12 14:07:03] [SEVERE ] removing player 5 token from slot 4
[2022-12-12 14:07:03] [SEVERE ] removing player 5 token from slot 5
[2022-12-12 14:07:03] [SEVERE ] removing player 5 token from slot 11
[2022-12-12 14:07:03] [SEVERE ] player 2 placing token on slot 5
[2022-12-12 14:07:03] [SEVERE ] player 3 placing token on slot 2
[2022-12-12 14:07:03] [SEVERE ] player 4 placing token on slot 7
[2022-12-12 14:07:03] [SEVERE ] removing player 4 token from slot 0
[2022-12-12 14:07:03] [SEVERE ] removing player 4 token from slot 7
[2022-12-12 14:07:03] [SEVERE ] removing player 4 token from slot 8
[2022-12-12 14:07:04] [SEVERE ] player 2 placing token on slot 0
[2022-12-12 14:07:04] [SEVERE ] removing player 2 token from slot 0
[2022-12-12 14:07:04] [SEVERE ] removing player 2 token from slot 2
[2022-12-12 14:07:04] [SEVERE ] removing player 2 token from slot 5
[2022-12-12 14:07:04] [SEVERE ] player 5 placing token on slot 7
[2022-12-12 14:07:04] [SEVERE ] player 4 placing token on slot 0
[2022-12-12 14:07:04] [SEVERE ] player 3 placing token on slot 7
[2022-12-12 14:07:04] [SEVERE ] removing player 3 token from slot 2
[2022-12-12 14:07:04] [SEVERE ] removing player 3 token from slot 7
[2022-12-12 14:07:04] [SEVERE ] removing player 3 token from slot 9
[2022-12-12 14:07:04] [SEVERE ] player 5 placing token on slot 3
[2022-12-12 14:07:04] [SEVERE ] player 2 placing token on slot 1
[2022-12-12 14:07:05] [SEVERE ] player 5 placing token on slot 8
[2022-12-12 14:07:05] [SEVERE ] removing player 5 token from slot 3
[2022-12-12 14:07:05] [SEVERE ] removing player 5 token from slot 7
[2022-12-12 14:07:05] [SEVERE ] removing player 5 token from slot 8
[2022-12-12 14:07:05] [SEVERE ] player 4 placing token on slot 4
[2022-12-12 14:07:05] [SEVERE ] player 2 placing token on slot 11
[2022-12-12 14:07:05] [SEVERE ] player 3 placing token on slot 3
[2022-12-12 14:07:06] [SEVERE ] player 4 placing token on slot 2
[2022-12-12 14:07:06] [SEVERE ] removing player 4 token from slot 0
[2022-12-12 14:07:06] [SEVERE ] removing player 4 token from slot 2
[2022-12-12 14:07:06] [SEVERE ] removing player 4 token from slot 4
[2022-12-12 14:07:06] [SEVERE ] player 5 placing token on slot 6
[2022-12-12 14:07:06] [SEVERE ] player 2 placing token on slot 4
[2022-12-12 14:07:06] [SEVERE ] removing player 2 token from slot 1
[2022-12-12 14:07:06] [SEVERE ] removing player 2 token from slot 4
[2022-12-12 14:07:06] [SEVERE ] removing player 2 token from slot 11
[2022-12-12 14:07:06] [SEVERE ] player 3 placing token on slot 11
[2022-12-12 14:07:06] [SEVERE ] player 5 placing token on slot 11
[2022-12-12 14:07:06] [SEVERE ] player 4 placing token on slot 0
[2022-12-12 14:07:07] [SEVERE ] player 3 placing token on slot 9
[2022-12-12 14:07:07] [SEVERE ] removing player 3 token from slot 3
[2022-12-12 14:07:07] [SEVERE ] removing player 3 token from slot 9
[2022-12-12 14:07:07] [SEVERE ] removing player 3 token from slot 11
[2022-12-12 14:07:07] [SEVERE ] player 2 placing token on slot 8
[2022-12-12 14:07:07] [SEVERE ] player 4 placing token on slot 3
[2022-12-12 14:07:07] [SEVERE ] player 5 placing token on slot 4
[2022-12-12 14:07:07] [SEVERE ] removing player 5 token from slot 4
[2022-12-12 14:07:07] [SEVERE ] removing player 5 token from slot 6
[2022-12-12 14:07:07] [SEVERE ] removing player 5 token from slot 11
[2022-12-12 14:07:07] [SEVERE ] player 3 placing token on slot 4
[2022-12-12 14:07:08] [SEVERE ] player 2 placing token on slot 4
[2022-12-12 14:07:08] [SEVERE ] player 4 placing token on slot 10
[2022-12-12 14:07:08] [SEVERE ] removing player 4 token from slot 0
[2022-12-12 14:07:08] [SEVERE ] removing player 4 token from slot 3
[2022-12-12 14:07:08] [SEVERE ] removing player 4 token from slot 10
[2022-12-12 14:07:08] [SEVERE ] player 3 placing token on slot 10
[2022-12-12 14:07:08] [SEVERE ] player 5 placing token on slot 4
[2022-12-12 14:07:08] [SEVERE ] player 4 placing token on slot 10
[2022-12-12 14:07:09] [SEVERE ] player 3 placing token on slot 8
[2022-12-12 14:07:09] [SEVERE ] removing player 3 token from slot 4
[2022-12-12 14:07:09] [SEVERE ] removing player 3 token from slot 8
[2022-12-12 14:07:09] [SEVERE ] removing player 3 token from slot 10
[2022-12-12 14:07:09] [SEVERE ] player 2 placing token on slot 0
[2022-12-12 14:07:09] [SEVERE ] removing player 2 token from slot 0
[2022-12-12 14:07:09] [SEVERE ] removing player 2 token from slot 4
[2022-12-12 14:07:09] [SEVERE ] removing player 2 token from slot 8
[2022-12-12 14:07:09] [SEVERE ] player 5 placing token on slot 6
[2022-12-12 14:07:09] [SEVERE ] player 4 placing token on slot 1
[2022-12-12 14:07:09] [SEVERE ] player 2 placing token on slot 2
[2022-12-12 14:07:09] [SEVERE ] player 3 placing token on slot 3
[2022-12-12 14:07:10] [SEVERE ] player 2 placing token on slot 5
[2022-12-12 14:07:10] [SEVERE ] player 4 placing token on slot 11
[2022-12-12 14:07:10] [SEVERE ] removing player 4 token from slot 1
[2022-12-12 14:07:10] [SEVERE ] removing player 4 token from slot 10
[2022-12-12 14:07:10] [SEVERE ] removing player 4 token from slot 11
[2022-12-12 14:07:10] [SEVERE ] player 5 placing token on slot 11
[2022-12-12 14:07:10] [SEVERE ] removing player 5 token from slot 4
[2022-12-12 14:07:10] [SEVERE ] removing player 5 token from slot 6
[2022-12-12 14:07:10] [SEVERE ] removing player 5 token from slot 11
[2022-12-12 14:07:10] [SEVERE ] player 3 placing token on slot 7
[2022-12-12 14:07:10] [SEVERE ] player 4 placing token on slot 7
[2022-12-12 14:07:11] [SEVERE ] player 5 placing token on slot 3
[2022-12-12 14:07:11] [SEVERE ] player 2 placing token on slot 1
[2022-12-12 14:07:11] [SEVERE ] removing player 2 token from slot 1
[2022-12-12 14:07:11] [SEVERE ] removing player 2 token from slot 2
[2022-12-12 14:07:11] [SEVERE ] removing player 2 token from slot 5
[2022-12-12 14:07:11] [SEVERE ] player 3 placing token on slot 4
[2022-12-12 14:07:11] [SEVERE ] removing player 3 token from slot 3
[2022-12-12 14:07:11] [SEVERE ] removing player 3 token from slot 4
[2022-12-12 14:07:11] [SEVERE ] removing player 3 token from slot 7
[2022-12-12 14:07:11] [SEVERE ] player 4 placing token on slot 5
[2022-12-12 14:07:11] [SEVERE ] player 5 placing token on slot 0
[2022-12-12 14:07:11] [SEVERE ] player 2 placing token on slot 10
[2022-12-12 14:07:12] [SEVERE ] player 4 placing token on slot 4
[2022-12-12 14:07:12] [SEVERE ] removing player 4 token from slot 4
[2022-12-12 14:07:12] [SEVERE ] removing player 4 token from slot 5
[2022-12-12 14:07:12] [SEVERE ] removing player 4 token from slot 7
[2022-12-12 14:07:12] [SEVERE ] player 3 placing token on slot 11
[2022-12-12 14:07:12] [SEVERE ] player 2 placing token on slot 4
[2022-12-12 14:07:12] [SEVERE ] player 5 placing token on slot 11
[2022-12-12 14:07:12] [SEVERE ] removing player 5 token from slot 0
[2022-12-12 14:07:12] [SEVERE ] removing player 5 token from slot 3
[2022-12-12 14:07:12] [SEVERE ] removing player 5 token from slot 11
[2022-12-12 14:07:12] [SEVERE ] player 4 placing token on slot 3
[2022-12-12 14:07:12] [SEVERE ] player 3 placing token on slot 2
[2022-12-12 14:07:13] [SEVERE ] player 2 placing token on slot 7
[2022-12-12 14:07:13] [SEVERE ] removing player 2 token from slot 4
[2022-12-12 14:07:13] [SEVERE ] removing player 2 token from slot 7
[2022-12-12 14:07:13] [SEVERE ] removing player 2 token from slot 10
[2022-12-12 14:07:13] [SEVERE ] player 5 placing token on slot 4
[2022-12-12 14:07:13] [SEVERE ] player 3 placing token on slot 9
[2022-12-12 14:07:13] [SEVERE ] removing player 3 token from slot 2
[2022-12-12 14:07:13] [SEVERE ] removing player 3 token from slot 9
[2022-12-12 14:07:13] [SEVERE ] removing player 3 token from slot 11
[2022-12-12 14:07:13] [SEVERE ] player 4 placing token on slot 10
[2022-12-12 14:07:13] [SEVERE ] player 5 placing token on slot 8
[2022-12-12 14:07:14] [SEVERE ] player 2 placing token on slot 6
[2022-12-12 14:07:14] [SEVERE ] player 3 placing token on slot 7
[2022-12-12 14:07:14] [SEVERE ] player 4 placing token on slot 8
[2022-12-12 14:07:14] [SEVERE ] removing player 4 token from slot 3
[2022-12-12 14:07:14] [SEVERE ] removing player 4 token from slot 8
[2022-12-12 14:07:14] [SEVERE ] removing player 4 token from slot 10
[2022-12-12 14:07:14] [SEVERE ] player 5 placing token on slot 5
[2022-12-12 14:07:14] [SEVERE ] removing player 5 token from slot 4
[2022-12-12 14:07:14] [SEVERE ] removing player 5 token from slot 5
[2022-12-12 14:07:14] [SEVERE ] removing player 5 token from slot 8
[2022-12-12 14:07:15] [SEVERE ] player 3 placing token on slot 1
[2022-12-12 14:07:15] [SEVERE ] player 2 placing token on slot 10
[2022-12-12 14:07:15] [SEVERE ] player 4 placing token on slot 6
[2022-12-12 14:07:15] [SEVERE ] player 5 placing token on slot 7
[2022-12-12 14:07:15] [SEVERE ] player 2 placing token on slot 7
[2022-12-12 14:07:15] [SEVERE ] removing player 2 token from slot 6
[2022-12-12 14:07:15] [SEVERE ] removing player 2 token from slot 7
[2022-12-12 14:07:15] [SEVERE ] removing player 2 token from slot 10
[2022-12-12 14:07:15] [SEVERE ] player 4 placing token on slot 8
[2022-12-12 14:07:15] [SEVERE ] player 3 placing token on slot 9
[2022-12-12 14:07:15] [SEVERE ] removing player 3 token from slot 1
[2022-12-12 14:07:15] [SEVERE ] removing player 3 token from slot 7
[2022-12-12 14:07:15] [SEVERE ] removing player 3 token from slot 9
[2022-12-12 14:07:16] [SEVERE ] player 5 placing token on slot 8
[2022-12-12 14:07:16] [SEVERE ] player 2 placing token on slot 3
[2022-12-12 14:07:16] [SEVERE ] player 4 placing token on slot 5
[2022-12-12 14:07:16] [SEVERE ] removing player 4 token from slot 5
[2022-12-12 14:07:16] [SEVERE ] removing player 4 token from slot 6
[2022-12-12 14:07:16] [SEVERE ] removing player 4 token from slot 8
[2022-12-12 14:07:16] [SEVERE ] player 3 placing token on slot 11
[2022-12-12 14:07:16] [SEVERE ] player 5 placing token on slot 10
[2022-12-12 14:07:16] [SEVERE ] removing player 5 token from slot 7
[2022-12-12 14:07:16] [SEVERE ] removing player 5 token from slot 8
[2022-12-12 14:07:16] [SEVERE ] removing player 5 token from slot 10
[2022-12-12 14:07:17] [SEVERE ] player 3 placing token on slot 4
[2022-12-12 14:07:17] [SEVERE ] player 4 placing token on slot 0
[2022-12-12 14:07:17] [SEVERE ] player 2 placing token on slot 4
[2022-12-12 14:07:17] [SEVERE ] player 5 placing token on slot 0
[2022-12-12 14:07:18] [SEVERE ] player 5 placing token on slot 2
[2022-12-12 14:07:18] [SEVERE ] player 4 placing token on slot 8
[2022-12-12 14:07:18] [SEVERE ] player 3 placing token on slot 7
[2022-12-12 14:07:18] [SEVERE ] removing player 3 token from slot 4
[2022-12-12 14:07:18] [SEVERE ] removing player 3 token from slot 7
[2022-12-12 14:07:18] [SEVERE ] removing player 3 token from slot 11
[2022-12-12 14:07:18] [SEVERE ] player 2 placing token on slot 5
[2022-12-12 14:07:18] [SEVERE ] removing player 2 token from slot 3
[2022-12-12 14:07:18] [SEVERE ] removing player 2 token from slot 4
[2022-12-12 14:07:18] [SEVERE ] removing player 2 token from slot 5
[2022-12-12 14:07:18] [SEVERE ] player 2 placing token on slot 3
[2022-12-12 14:07:18] [SEVERE ] player 5 placing token on slot 4
[2022-12-12 14:07:18] [SEVERE ] removing player 5 token from slot 0
[2022-12-12 14:07:18] [SEVERE ] removing player 5 token from slot 2
[2022-12-12 14:07:18] [SEVERE ] removing player 5 token from slot 4
[2022-12-12 14:07:18] [SEVERE ] player 4 placing token on slot 2
[2022-12-12 14:07:18] [SEVERE ] removing player 4 token from slot 0
[2022-12-12 14:07:18] [SEVERE ] removing player 4 token from slot 2
[2022-12-12 14:07:18] [SEVERE ] removing player 4 token from slot 8
[2022-12-12 14:07:19] [SEVERE ] player 3 placing token on slot 1
[2022-12-12 14:07:19] [SEVERE ] player 2 placing token on slot 4
[2022-12-12 14:07:19] [SEVERE ] player 5 placing token on slot 3
[2022-12-12 14:07:19] [SEVERE ] player 4 placing token on slot 4
[2022-12-12 14:07:20] [SEVERE ] player 3 placing token on slot 2
[2022-12-12 14:07:20] [SEVERE ] player 2 placing token on slot 7
[2022-12-12 14:07:20] [SEVERE ] removing player 2 token from slot 3
[2022-12-12 14:07:20] [SEVERE ] removing player 2 token from slot 4
[2022-12-12 14:07:20] [SEVERE ] removing player 2 token from slot 7
[2022-12-12 14:07:20] [SEVERE ] player 5 placing token on slot 6
[2022-12-12 14:07:20] [SEVERE ] player 2 placing token on slot 3
[2022-12-12 14:07:20] [SEVERE ] player 3 placing token on slot 10
[2022-12-12 14:07:20] [SEVERE ] removing player 3 token from slot 1
[2022-12-12 14:07:20] [SEVERE ] removing player 3 token from slot 2
[2022-12-12 14:07:20] [SEVERE ] removing player 3 token from slot 10
[2022-12-12 14:07:20] [SEVERE ] player 4 placing token on slot 11
[2022-12-12 14:07:21] [SEVERE ] player 2 placing token on slot 2
[2022-12-12 14:07:21] [SEVERE ] player 3 placing token on slot 3
[2022-12-12 14:07:21] [SEVERE ] player 5 placing token on slot 0
[2022-12-12 14:07:21] [SEVERE ] removing player 5 token from slot 0
[2022-12-12 14:07:21] [SEVERE ] removing player 5 token from slot 3
[2022-12-12 14:07:21] [SEVERE ] removing player 5 token from slot 6
[2022-12-12 14:07:21] [SEVERE ] player 4 placing token on slot 5
[2022-12-12 14:07:21] [SEVERE ] removing player 4 token from slot 4
[2022-12-12 14:07:21] [SEVERE ] removing player 4 token from slot 5
[2022-12-12 14:07:21] [SEVERE ] removing player 4 token from slot 11
[2022-12-12 14:07:21] [SEVERE ] player 2 placing token on slot 1
[2022-12-12 14:07:21] [SEVERE ] removing player 2 token from slot 1
[2022-12-12 14:07:21] [SEVERE ] removing player 2 token from slot 2
[2022-12-12 14:07:21] [SEVERE ] removing player 2 token from slot 3
[2022-12-12 14:07:22] [SEVERE ] player 5 placing token on slot 7
[2022-12-12 14:07:22] [SEVERE ] player 3 placing token on slot 10
[2022-12-12 14:07:22] [SEVERE ] player 4 placing token on slot 6
[2022-12-12 14:07:22] [SEVERE ] player 2 placing token on slot 5
[2022-12-12 14:07:22] [SEVERE ] player 5 placing token on slot 10
[2022-12-12 14:07:23] [SEVERE ] player 3 placing token on slot 4
[2022-12-12 14:07:23] [SEVERE ] removing player 3 token from slot 3
[2022-12-12 14:07:23] [SEVERE ] removing player 3 token from slot 4
[2022-12-12 14:07:23] [SEVERE ] removing player 3 token from slot 10
[2022-12-12 14:07:23] [SEVERE ] player 4 placing token on slot 7
[2022-12-12 14:07:23] [SEVERE ] player 2 placing token on slot 4
[2022-12-12 14:07:23] [SEVERE ] player 5 placing token on slot 6
[2022-12-12 14:07:23] [SEVERE ] removing player 5 token from slot 6
[2022-12-12 14:07:23] [SEVERE ] removing player 5 token from slot 7
[2022-12-12 14:07:23] [SEVERE ] removing player 5 token from slot 10
[2022-12-12 14:07:24] [SEVERE ] player 3 placing token on slot 0
[2022-12-12 14:07:24] [SEVERE ] player 2 placing token on slot 0
[2022-12-12 14:07:24] [SEVERE ] removing player 2 token from slot 0
[2022-12-12 14:07:24] [SEVERE ] removing player 2 token from slot 4
[2022-12-12 14:07:24] [SEVERE ] removing player 2 token from slot 5
[2022-12-12 14:07:24] [SEVERE ] player 4 placing token on slot 5
[2022-12-12 14:07:24] [SEVERE ] removing player 4 token from slot 5
[2022-12-12 14:07:24] [SEVERE ] removing player 4 token from slot 6
[2022-12-12 14:07:24] [SEVERE ] removing player 4 token from slot 7
[2022-12-12 14:07:24] [SEVERE ] player 5 placing token on slot 3
[2022-12-12 14:07:24] [SEVERE ] player 2 placing token on slot 5
[2022-12-12 14:07:24] [SEVERE ] player 3 placing token on slot 7
[2022-12-12 14:07:24] [SEVERE ] player 5 placing token on slot 11
[2022-12-12 14:07:24] [SEVERE ] player 4 placing token on slot 2
[2022-12-12 14:07:25] [SEVERE ] player 2 placing token on slot 1
[2022-12-12 14:07:25] [SEVERE ] player 5 placing token on slot 1
[2022-12-12 14:07:25] [SEVERE ] removing player 5 token from slot 1
[2022-12-12 14:07:25] [SEVERE ] removing player 5 token from slot 3
[2022-12-12 14:07:25] [SEVERE ] removing player 5 token from slot 11
[2022-12-12 14:07:25] [SEVERE ] player 3 placing token on slot 3
[2022-12-12 14:07:25] [SEVERE ] removing player 3 token from slot 0
[2022-12-12 14:07:25] [SEVERE ] removing player 3 token from slot 3
[2022-12-12 14:07:25] [SEVERE ] removing player 3 token from slot 7
[2022-12-12 14:07:25] [SEVERE ] player 4 placing token on slot 1
[2022-12-12 14:07:26] [SEVERE ] player 3 placing token on slot 2
[2022-12-12 14:07:26] [SEVERE ] player 2 placing token on slot 11
[2022-12-12 14:07:26] [SEVERE ] removing player 2 token from slot 1
[2022-12-12 14:07:26] [SEVERE ] removing player 2 token from slot 5
[2022-12-12 14:07:26] [SEVERE ] removing player 2 token from slot 11
[2022-12-12 14:07:26] [SEVERE ] player 5 placing token on slot 11
[2022-12-12 14:07:26] [SEVERE ] player 4 placing token on slot 4
[2022-12-12 14:07:26] [SEVERE ] removing player 4 token from slot 1
[2022-12-12 14:07:26] [SEVERE ] removing player 4 token from slot 2
[2022-12-12 14:07:26] [SEVERE ] removing player 4 token from slot 4
[2022-12-12 14:07:26] [SEVERE ] player 2 placing token on slot 0
[2022-12-12 14:07:27] [SEVERE ] player 3 placing token on slot 6
[2022-12-12 14:07:27] [SEVERE ] player 4 placing token on slot 11
[2022-12-12 14:07:27] [SEVERE ] player 5 placing token on slot 6
[2022-12-12 14:07:27] [SEVERE ] player 2 placing token on slot 3
[2022-12-12 14:07:27] [SEVERE ] player 3 placing token on slot 0
[2022-12-12 14:07:27] [SEVERE ] removing player 3 token from slot 0
[2022-12-12 14:07:27] [SEVERE ] removing player 3 token from slot 2
[2022-12-12 14:07:27] [SEVERE ] removing player 3 token from slot 6
[2022-12-12 14:07:27] [SEVERE ] player 4 placing token on slot 5
[2022-12-12 14:07:28] [SEVERE ] player 5 placing token on slot 4
[2022-12-12 14:07:28] [SEVERE ] removing player 5 token from slot 4
[2022-12-12 14:07:28] [SEVERE ] removing player 5 token from slot 6
[2022-12-12 14:07:28] [SEVERE ] removing player 5 token from slot 11
[2022-12-12 14:07:28] [SEVERE ] player 2 placing token on slot 1
[2022-12-12 14:07:28] [SEVERE ] removing player 2 token from slot 0
[2022-12-12 14:07:28] [SEVERE ] removing player 2 token from slot 1
[2022-12-12 14:07:28] [SEVERE ] removing player 2 token from slot 3
[2022-12-12 14:07:28] [SEVERE ] player 5 placing token on slot 0
[2022-12-12 14:07:28] [SEVERE ] player 4 placing token on slot 7
[2022-12-12 14:07:28] [SEVERE ] removing player 4 token from slot 5
[2022-12-12 14:07:28] [SEVERE ] removing player 4 token from slot 7
[2022-12-12 14:07:28] [SEVERE ] removing player 4 token from slot 11
[2022-12-12 14:07:28] [SEVERE ] player 3 placing token on slot 2
[2022-12-12 14:07:29] [SEVERE ] player 2 placing token on slot 10
[2022-12-12 14:07:29] [SEVERE ] player 4 placing token on slot 0
[2022-12-12 14:07:29] [SEVERE ] player 5 placing token on slot 6
[2022-12-12 14:07:29] [SEVERE ] player 3 placing token on slot 5
[2022-12-12 14:07:29] [SEVERE ] player 2 placing token on slot 8
[2022-12-12 14:07:30] [SEVERE ] player 5 placing token on slot 8
[2022-12-12 14:07:30] [SEVERE ] removing player 5 token from slot 0
[2022-12-12 14:07:30] [SEVERE ] removing player 5 token from slot 6
[2022-12-12 14:07:30] [SEVERE ] removing player 5 token from slot 8
[2022-12-12 14:07:30] [SEVERE ] player 4 placing token on slot 2
[2022-12-12 14:07:30] [SEVERE ] player 3 placing token on slot 7
[2022-12-12 14:07:30] [SEVERE ] removing player 3 token from slot 2
[2022-12-12 14:07:30] [SEVERE ] removing player 3 token from slot 5
[2022-12-12 14:07:30] [SEVERE ] removing player 3 token from slot 7
[2022-12-12 14:07:30] [SEVERE ] player 2 placing token on slot 7
[2022-12-12 14:07:30] [SEVERE ] removing player 2 token from slot 7
[2022-12-12 14:07:30] [SEVERE ] removing player 2 token from slot 8
[2022-12-12 14:07:30] [SEVERE ] removing player 2 token from slot 10
[2022-12-12 14:07:30] [SEVERE ] player 5 placing token on slot 8
[2022-12-12 14:07:30] [SEVERE ] player 4 placing token on slot 7
[2022-12-12 14:07:30] [SEVERE ] removing player 4 token from slot 0
[2022-12-12 14:07:30] [SEVERE ] removing player 4 token from slot 2
[2022-12-12 14:07:30] [SEVERE ] removing player 4 token from slot 7
[2022-12-12 14:07:31] [SEVERE ] player 3 placing token on slot 2
[2022-12-12 14:07:31] [SEVERE ] player 2 placing token on slot 2
[2022-12-12 14:07:31] [SEVERE ] player 4 placing token on slot 8
[2022-12-12 14:07:31] [SEVERE ] player 5 placing token on slot 7
[2022-12-12 14:07:32] [SEVERE ] player 4 placing token on slot 5
[2022-12-12 14:07:32] [SEVERE ] player 5 placing token on slot 2
[2022-12-12 14:07:32] [SEVERE ] removing player 5 token from slot 2
[2022-12-12 14:07:32] [SEVERE ] removing player 5 token from slot 7
[2022-12-12 14:07:32] [SEVERE ] removing player 5 token from slot 8
[2022-12-12 14:07:32] [SEVERE ] player 2 placing token on slot 0
[2022-12-12 14:07:32] [SEVERE ] player 3 placing token on slot 11
[2022-12-12 14:07:32] [SEVERE ] player 5 placing token on slot 5
[2022-12-12 14:07:32] [SEVERE ] player 2 placing token on slot 4
[2022-12-12 14:07:32] [SEVERE ] removing player 2 token from slot 0
[2022-12-12 14:07:32] [SEVERE ] removing player 2 token from slot 2
[2022-12-12 14:07:32] [SEVERE ] removing player 2 token from slot 4
[2022-12-12 14:07:32] [SEVERE ] player 3 placing token on slot 0
[2022-12-12 14:07:32] [SEVERE ] removing player 3 token from slot 0
[2022-12-12 14:07:32] [SEVERE ] removing player 3 token from slot 2
[2022-12-12 14:07:32] [SEVERE ] removing player 3 token from slot 11
[2022-12-12 14:07:33] [SEVERE ] player 4 placing token on slot 9
[2022-12-12 14:07:33] [SEVERE ] removing player 4 token from slot 5
[2022-12-12 14:07:33] [SEVERE ] removing player 4 token from slot 8
[2022-12-12 14:07:33] [SEVERE ] removing player 4 token from slot 9
[2022-12-12 14:07:33] [SEVERE ] player 2 placing token on slot 11
[2022-12-12 14:07:33] [SEVERE ] player 4 placing token on slot 2
[2022-12-12 14:07:33] [SEVERE ] player 5 placing token on slot 9
[2022-12-12 14:07:33] [SEVERE ] player 3 placing token on slot 6
[2022-12-12 14:07:34] [SEVERE ] player 2 placing token on slot 0
[2022-12-12 14:07:34] [SEVERE ] player 5 placing token on slot 8
[2022-12-12 14:07:34] [SEVERE ] removing player 5 token from slot 5
[2022-12-12 14:07:34] [SEVERE ] removing player 5 token from slot 8
[2022-12-12 14:07:34] [SEVERE ] removing player 5 token from slot 9
[2022-12-12 14:07:34] [SEVERE ] player 4 placing token on slot 5
[2022-12-12 14:07:34] [SEVERE ] player 3 placing token on slot 1
[2022-12-12 14:07:35] [SEVERE ] player 2 placing token on slot 8
[2022-12-12 14:07:35] [SEVERE ] removing player 2 token from slot 0
[2022-12-12 14:07:35] [SEVERE ] removing player 2 token from slot 8
[2022-12-12 14:07:35] [SEVERE ] removing player 2 token from slot 11
[2022-12-12 14:07:35] [SEVERE ] player 4 placing token on slot 4
[2022-12-12 14:07:35] [SEVERE ] removing player 4 token from slot 2
[2022-12-12 14:07:35] [SEVERE ] removing player 4 token from slot 4
[2022-12-12 14:07:35] [SEVERE ] removing player 4 token from slot 5
[2022-12-12 14:07:35] [SEVERE ] player 5 placing token on slot 9
[2022-12-12 14:07:35] [SEVERE ] player 4 placing token on slot 0
[2022-12-12 14:07:35] [SEVERE ] player 3 placing token on slot 9
[2022-12-12 14:07:35] [SEVERE ] removing tokens from slot 1
[2022-12-12 14:07:35] [SEVERE ] removing card from slot 1
[2022-12-12 14:07:35] [SEVERE ] removing tokens from slot 6
[2022-12-12 14:07:35] [SEVERE ] removing card from slot 6
[2022-12-12 14:07:35] [SEVERE ] removing tokens from slot 9
[2022-12-12 14:07:35] [SEVERE ] removing card from slot 9
[2022-12-12 14:07:35] [SEVERE ] setting player 3 score to 1
[2022-12-12 14:07:36] [SEVERE ] player 5 placing token on slot 4
[2022-12-12 14:07:36] [SEVERE ] placing card 59 in slot 1
[2022-12-12 14:07:36] [SEVERE ] placing card 47 in slot 6
[2022-12-12 14:07:36] [SEVERE ] placing card 78 in slot 9
[2022-12-12 14:07:36] [SEVERE ] player 3 placing token on slot 1
[2022-12-12 14:07:36] [SEVERE ] player 4 placing token on slot 2
[2022-12-12 14:07:36] [SEVERE ] player 5 placing token on slot 10
[2022-12-12 14:07:36] [SEVERE ] player 2 placing token on slot 0
[2022-12-12 14:07:36] [SEVERE ] player 3 placing token on slot 9
[2022-12-12 14:07:37] [SEVERE ] player 4 placing token on slot 8
[2022-12-12 14:07:37] [SEVERE ] removing player 4 token from slot 0
[2022-12-12 14:07:37] [SEVERE ] removing player 4 token from slot 2
[2022-12-12 14:07:37] [SEVERE ] removing player 4 token from slot 8
[2022-12-12 14:07:37] [SEVERE ] player 2 placing token on slot 6
[2022-12-12 14:07:37] [SEVERE ] player 3 placing token on slot 7
[2022-12-12 14:07:37] [SEVERE ] removing tokens from slot 1
[2022-12-12 14:07:37] [SEVERE ] removing card from slot 1
[2022-12-12 14:07:37] [SEVERE ] removing tokens from slot 7
[2022-12-12 14:07:37] [SEVERE ] removing card from slot 7
[2022-12-12 14:07:37] [SEVERE ] player 4 placing token on slot 3
[2022-12-12 14:07:38] [SEVERE ] removing tokens from slot 9
[2022-12-12 14:07:38] [SEVERE ] removing card from slot 9
[2022-12-12 14:07:38] [SEVERE ] setting player 3 score to 2
[2022-12-12 14:07:38] [SEVERE ] placing card 80 in slot 1
[2022-12-12 14:07:38] [SEVERE ] placing card 42 in slot 7
[2022-12-12 14:07:38] [SEVERE ] placing card 13 in slot 9
[2022-12-12 14:07:38] [SEVERE ] player 2 placing token on slot 3
[2022-12-12 14:07:38] [SEVERE ] removing player 2 token from slot 0
[2022-12-12 14:07:38] [SEVERE ] removing player 2 token from slot 3
[2022-12-12 14:07:38] [SEVERE ] removing player 2 token from slot 6
[2022-12-12 14:07:38] [SEVERE ] player 3 placing token on slot 2
[2022-12-12 14:07:38] [SEVERE ] player 4 placing token on slot 11
[2022-12-12 14:07:39] [SEVERE ] player 2 placing token on slot 6
[2022-12-12 14:07:39] [SEVERE ] player 3 placing token on slot 6
[2022-12-12 14:07:39] [SEVERE ] player 4 placing token on slot 6
[2022-12-12 14:07:39] [SEVERE ] removing player 4 token from slot 3
[2022-12-12 14:07:39] [SEVERE ] removing player 4 token from slot 6
[2022-12-12 14:07:39] [SEVERE ] removing player 4 token from slot 11
[2022-12-12 14:07:39] [SEVERE ] player 2 placing token on slot 9
[2022-12-12 14:07:40] [SEVERE ] player 3 placing token on slot 1
[2022-12-12 14:07:40] [SEVERE ] removing player 3 token from slot 1
[2022-12-12 14:07:40] [SEVERE ] removing player 3 token from slot 2
[2022-12-12 14:07:40] [SEVERE ] removing player 3 token from slot 6
[2022-12-12 14:07:40] [SEVERE ] player 4 placing token on slot 7
[2022-12-12 14:07:40] [SEVERE ] player 2 placing token on slot 4
[2022-12-12 14:07:40] [SEVERE ] removing player 2 token from slot 4
[2022-12-12 14:07:40] [SEVERE ] removing player 2 token from slot 6
[2022-12-12 14:07:40] [SEVERE ] removing player 2 token from slot 9
[2022-12-12 14:07:40] [SEVERE ] player 3 placing token on slot 4
[2022-12-12 14:07:41] [SEVERE ] player 4 placing token on slot 9
[2022-12-12 14:07:41] [SEVERE ] player 2 placing token on slot 7
[2022-12-12 14:07:41] [SEVERE ] player 3 placing token on slot 5
[2022-12-12 14:07:41] [SEVERE ] player 4 placing token on slot 8
[2022-12-12 14:07:41] [SEVERE ] removing player 4 token from slot 7
[2022-12-12 14:07:41] [SEVERE ] removing player 4 token from slot 8
[2022-12-12 14:07:41] [SEVERE ] removing player 4 token from slot 9
[2022-12-12 14:07:42] [SEVERE ] player 2 placing token on slot 9
[2022-12-12 14:07:42] [SEVERE ] player 3 placing token on slot 0
[2022-12-12 14:07:42] [SEVERE ] removing player 3 token from slot 0
[2022-12-12 14:07:42] [SEVERE ] removing player 3 token from slot 4
[2022-12-12 14:07:42] [SEVERE ] removing player 3 token from slot 5
[2022-12-12 14:07:42] [SEVERE ] player 4 placing token on slot 7
[2022-12-12 14:07:43] [SEVERE ] player 2 placing token on slot 1
[2022-12-12 14:07:43] [SEVERE ] removing player 2 token from slot 1
[2022-12-12 14:07:43] [SEVERE ] removing player 2 token from slot 7
[2022-12-12 14:07:43] [SEVERE ] removing player 2 token from slot 9
[2022-12-12 14:07:43] [SEVERE ] player 3 placing token on slot 5
[2022-12-12 14:07:43] [SEVERE ] player 4 placing token on slot 11
[2022-12-12 14:07:43] [SEVERE ] player 2 placing token on slot 5
[2022-12-12 14:07:44] [SEVERE ] player 3 placing token on slot 7
[2022-12-12 14:07:44] [SEVERE ] player 2 placing token on slot 1
[2022-12-12 14:07:44] [SEVERE ] player 4 placing token on slot 10
[2022-12-12 14:07:44] [SEVERE ] removing player 4 token from slot 7
[2022-12-12 14:07:44] [SEVERE ] removing player 4 token from slot 10
[2022-12-12 14:07:44] [SEVERE ] removing player 4 token from slot 11
[2022-12-12 14:07:44] [SEVERE ] player 3 placing token on slot 4
[2022-12-12 14:07:44] [SEVERE ] removing player 3 token from slot 4
[2022-12-12 14:07:44] [SEVERE ] removing player 3 token from slot 5
[2022-12-12 14:07:44] [SEVERE ] removing player 3 token from slot 7
[2022-12-12 14:07:45] [SEVERE ] player 2 placing token on slot 7
[2022-12-12 14:07:45] [SEVERE ] removing player 2 token from slot 1
[2022-12-12 14:07:45] [SEVERE ] removing player 2 token from slot 5
[2022-12-12 14:07:45] [SEVERE ] removing player 2 token from slot 7
[2022-12-12 14:07:45] [SEVERE ] player 4 placing token on slot 9
[2022-12-12 14:07:45] [SEVERE ] player 3 placing token on slot 7
[2022-12-12 14:07:45] [SEVERE ] player 2 placing token on slot 6
[2022-12-12 14:07:46] [SEVERE ] player 4 placing token on slot 1
[2022-12-12 14:07:46] [SEVERE ] player 3 placing token on slot 1
[2022-12-12 14:07:46] [SEVERE ] player 2 placing token on slot 1
[2022-12-12 14:07:47] [SEVERE ] player 4 placing token on slot 2
[2022-12-12 14:07:47] [SEVERE ] removing player 4 token from slot 1
[2022-12-12 14:07:47] [SEVERE ] removing player 4 token from slot 2
[2022-12-12 14:07:47] [SEVERE ] removing player 4 token from slot 9
[2022-12-12 14:07:47] [SEVERE ] player 3 placing token on slot 11
[2022-12-12 14:07:47] [SEVERE ] removing player 3 token from slot 1
[2022-12-12 14:07:47] [SEVERE ] removing player 3 token from slot 7
[2022-12-12 14:07:47] [SEVERE ] removing player 3 token from slot 11
[2022-12-12 14:07:47] [SEVERE ] player 2 placing token on slot 2
[2022-12-12 14:07:47] [SEVERE ] removing player 2 token from slot 1
[2022-12-12 14:07:47] [SEVERE ] removing player 2 token from slot 2
[2022-12-12 14:07:47] [SEVERE ] removing player 2 token from slot 6
[2022-12-12 14:07:47] [SEVERE ] player 4 placing token on slot 10
[2022-12-12 14:07:48] [SEVERE ] player 2 placing token on slot 6
[2022-12-12 14:07:48] [SEVERE ] player 3 placing token on slot 6
[2022-12-12 14:07:48] [SEVERE ] player 4 placing token on slot 9
[2022-12-12 14:07:48] [SEVERE ] player 2 placing token on slot 3
[2022-12-12 14:07:48] [SEVERE ] player 3 placing token on slot 11
[2022-12-12 14:07:49] [SEVERE ] player 4 placing token on slot 2
[2022-12-12 14:07:49] [SEVERE ] removing player 4 token from slot 2
[2022-12-12 14:07:49] [SEVERE ] removing player 4 token from slot 9
[2022-12-12 14:07:49] [SEVERE ] removing player 4 token from slot 10
[2022-12-12 14:07:49] [SEVERE ] player 3 placing token on slot 4
[2022-12-12 14:07:49] [SEVERE ] removing player 3 token from slot 4
[2022-12-12 14:07:49] [SEVERE ] removing player 3 token from slot 6
[2022-12-12 14:07:49] [SEVERE ] removing player 3 token from slot 11
[2022-12-12 14:07:49] [SEVERE ] player 2 placing token on slot 10
[2022-12-12 14:07:49] [SEVERE ] removing player 2 token from slot 3
[2022-12-12 14:07:49] [SEVERE ] removing player 2 token from slot 6
[2022-12-12 14:07:49] [SEVERE ] removing player 2 token from slot 10
[2022-12-12 14:07:49] [SEVERE ] player 4 placing token on slot 2
[2022-12-12 14:07:50] [SEVERE ] player 3 placing token on slot 6
[2022-12-12 14:07:50] [SEVERE ] player 2 placing token on slot 4
[2022-12-12 14:07:50] [SEVERE ] player 4 placing token on slot 10
[2022-12-12 14:07:50] [SEVERE ] player 3 placing token on slot 5
[2022-12-12 14:07:50] [SEVERE ] player 2 placing token on slot 9
[2022-12-12 14:07:51] [SEVERE ] player 4 placing token on slot 4
[2022-12-12 14:07:51] [SEVERE ] removing player 4 token from slot 2
[2022-12-12 14:07:51] [SEVERE ] removing player 4 token from slot 4
[2022-12-12 14:07:51] [SEVERE ] removing player 4 token from slot 10
[2022-12-12 14:07:51] [SEVERE ] player 3 placing token on slot 0
[2022-12-12 14:07:51] [SEVERE ] removing player 3 token from slot 0
[2022-12-12 14:07:51] [SEVERE ] removing player 3 token from slot 5
[2022-12-12 14:07:51] [SEVERE ] removing player 3 token from slot 6
[2022-12-12 14:07:51] [SEVERE ] player 2 placing token on slot 7
[2022-12-12 14:07:51] [SEVERE ] removing player 2 token from slot 4
[2022-12-12 14:07:51] [SEVERE ] removing player 2 token from slot 7
[2022-12-12 14:07:51] [SEVERE ] removing player 2 token from slot 9
[2022-12-12 14:07:51] [SEVERE ] player 4 placing token on slot 6
[2022-12-12 14:07:52] [SEVERE ] player 3 placing token on slot 5
[2022-12-12 14:07:52] [SEVERE ] player 2 placing token on slot 8
[2022-12-12 14:07:52] [SEVERE ] player 2 placing token on slot 4
[2022-12-12 14:07:52] [SEVERE ] player 4 placing token on slot 5
[2022-12-12 14:07:52] [SEVERE ] player 3 placing token on slot 11
[2022-12-12 14:07:53] [SEVERE ] player 2 placing token on slot 11
[2022-12-12 14:07:53] [SEVERE ] removing player 2 token from slot 4
[2022-12-12 14:07:53] [SEVERE ] removing player 2 token from slot 8
[2022-12-12 14:07:53] [SEVERE ] removing player 2 token from slot 11
[2022-12-12 14:07:53] [SEVERE ] player 3 placing token on slot 4
[2022-12-12 14:07:53] [SEVERE ] removing player 3 token from slot 4
[2022-12-12 14:07:53] [SEVERE ] removing player 3 token from slot 5
[2022-12-12 14:07:53] [SEVERE ] removing player 3 token from slot 11
[2022-12-12 14:07:53] [SEVERE ] player 4 placing token on slot 4
[2022-12-12 14:07:53] [SEVERE ] removing player 4 token from slot 4
[2022-12-12 14:07:53] [SEVERE ] removing player 4 token from slot 5
[2022-12-12 14:07:53] [SEVERE ] removing player 4 token from slot 6
[2022-12-12 14:07:54] [SEVERE ] player 2 placing token on slot 0
[2022-12-12 14:07:54] [SEVERE ] player 3 placing token on slot 10
[2022-12-12 14:07:54] [SEVERE ] player 4 placing token on slot 10
[2022-12-12 14:07:55] [SEVERE ] player 4 placing token on slot 3
[2022-12-12 14:07:55] [SEVERE ] player 2 placing token on slot 2
[2022-12-12 14:07:55] [SEVERE ] player 3 placing token on slot 4
[2022-12-12 14:07:55] [SEVERE ] player 2 placing token on slot 1
[2022-12-12 14:07:55] [SEVERE ] removing player 2 token from slot 0
[2022-12-12 14:07:55] [SEVERE ] removing player 2 token from slot 1
[2022-12-12 14:07:55] [SEVERE ] removing player 2 token from slot 2
[2022-12-12 14:07:55] [SEVERE ] player 4 placing token on slot 4
[2022-12-12 14:07:55] [SEVERE ] removing player 4 token from slot 3
[2022-12-12 14:07:55] [SEVERE ] removing player 4 token from slot 4
[2022-12-12 14:07:55] [SEVERE ] removing player 4 token from slot 10
[2022-12-12 14:07:56] [SEVERE ] player 3 placing token on slot 3
[2022-12-12 14:07:56] [SEVERE ] removing player 3 token from slot 3
[2022-12-12 14:07:56] [SEVERE ] removing player 3 token from slot 4
[2022-12-12 14:07:56] [SEVERE ] removing player 3 token from slot 10
[2022-12-12 14:07:56] [SEVERE ] player 4 placing token on slot 1
[2022-12-12 14:07:56] [SEVERE ] player 3 placing token on slot 11
[2022-12-12 14:07:56] [SEVERE ] player 2 placing token on slot 6
[2022-12-12 14:07:57] [SEVERE ] player 4 placing token on slot 5
[2022-12-12 14:07:57] [SEVERE ] player 2 placing token on slot 7
[2022-12-12 14:07:57] [SEVERE ] player 3 placing token on slot 8
[2022-12-12 14:07:57] [SEVERE ] player 4 placing token on slot 6
[2022-12-12 14:07:57] [SEVERE ] removing player 4 token from slot 1
[2022-12-12 14:07:57] [SEVERE ] removing player 4 token from slot 5
[2022-12-12 14:07:57] [SEVERE ] removing player 4 token from slot 6
[2022-12-12 14:07:58] [SEVERE ] player 2 placing token on slot 8
[2022-12-12 14:07:58] [SEVERE ] removing player 2 token from slot 6
[2022-12-12 14:07:58] [SEVERE ] removing player 2 token from slot 7
[2022-12-12 14:07:58] [SEVERE ] removing player 2 token from slot 8
[2022-12-12 14:07:58] [SEVERE ] player 3 placing token on slot 7
[2022-12-12 14:07:58] [SEVERE ] removing player 3 token from slot 7
[2022-12-12 14:07:58] [SEVERE ] removing player 3 token from slot 8
[2022-12-12 14:07:58] [SEVERE ] removing player 3 token from slot 11
[2022-12-12 14:07:58] [SEVERE ] player 2 placing token on slot 3
[2022-12-12 14:07:58] [SEVERE ] player 4 placing token on slot 2
[2022-12-12 14:07:59] [SEVERE ] player 3 placing token on slot 3
[2022-12-12 14:07:59] [SEVERE ] player 2 placing token on slot 10
[2022-12-12 14:07:59] [SEVERE ] player 4 placing token on slot 11
[2022-12-12 14:08:00] [SEVERE ] player 3 placing token on slot 6
[2022-12-12 14:08:00] [SEVERE ] player 2 placing token on slot 2
[2022-12-12 14:08:00] [SEVERE ] removing player 2 token from slot 2
[2022-12-12 14:08:00] [SEVERE ] removing player 2 token from slot 3
[2022-12-12 14:08:00] [SEVERE ] removing player 2 token from slot 10
[2022-12-12 14:08:00] [SEVERE ] player 4 placing token on slot 4
[2022-12-12 14:08:00] [SEVERE ] removing player 4 token from slot 2
[2022-12-12 14:08:00] [SEVERE ] removing player 4 token from slot 4
[2022-12-12 14:08:00] [SEVERE ] removing player 4 token from slot 11
[2022-12-12 14:08:00] [SEVERE ] player 2 placing token on slot 3
[2022-12-12 14:08:00] [SEVERE ] player 3 placing token on slot 10
[2022-12-12 14:08:00] [SEVERE ] removing player 3 token from slot 3
[2022-12-12 14:08:00] [SEVERE ] removing player 3 token from slot 6
[2022-12-12 14:08:00] [SEVERE ] removing player 3 token from slot 10
[2022-12-12 14:08:01] [SEVERE ] player 4 placing token on slot 11
[2022-12-12 14:08:01] [SEVERE ] player 2 placing token on slot 1
[2022-12-12 14:08:01] [SEVERE ] player 3 placing token on slot 0
[2022-12-12 14:08:02] [SEVERE ] player 4 placing token on slot 9
[2022-12-12 14:08:02] [SEVERE ] player 2 placing token on slot 9
[2022-12-12 14:08:02] [SEVERE ] removing player 2 token from slot 1
[2022-12-12 14:08:02] [SEVERE ] removing player 2 token from slot 3
[2022-12-12 14:08:02] [SEVERE ] removing player 2 token from slot 9
[2022-12-12 14:08:02] [SEVERE ] player 4 placing token on slot 5
[2022-12-12 14:08:02] [SEVERE ] removing player 4 token from slot 5
[2022-12-12 14:08:02] [SEVERE ] removing player 4 token from slot 9
[2022-12-12 14:08:02] [SEVERE ] removing player 4 token from slot 11
[2022-12-12 14:08:02] [SEVERE ] player 3 placing token on slot 10
[2022-12-12 14:08:03] [SEVERE ] player 2 placing token on slot 6
[2022-12-12 14:08:03] [SEVERE ] player 3 placing token on slot 11
[2022-12-12 14:08:03] [SEVERE ] removing player 3 token from slot 0
[2022-12-12 14:08:03] [SEVERE ] removing player 3 token from slot 10
[2022-12-12 14:08:03] [SEVERE ] removing player 3 token from slot 11
[2022-12-12 14:08:03] [SEVERE ] player 4 placing token on slot 2
[2022-12-12 14:08:03] [SEVERE ] player 2 placing token on slot 4
[2022-12-12 14:08:04] [SEVERE ] player 4 placing token on slot 9
[2022-12-12 14:08:04] [SEVERE ] player 3 placing token on slot 6
[2022-12-12 14:08:04] [SEVERE ] player 2 placing token on slot 5
[2022-12-12 14:08:04] [SEVERE ] removing player 2 token from slot 4
[2022-12-12 14:08:04] [SEVERE ] removing player 2 token from slot 5
[2022-12-12 14:08:04] [SEVERE ] removing player 2 token from slot 6
[2022-12-12 14:08:05] [SEVERE ] player 3 placing token on slot 2
[2022-12-12 14:08:05] [SEVERE ] player 4 placing token on slot 0
[2022-12-12 14:08:05] [SEVERE ] removing player 4 token from slot 0
[2022-12-12 14:08:05] [SEVERE ] removing player 4 token from slot 2
[2022-12-12 14:08:05] [SEVERE ] removing player 4 token from slot 9
[2022-12-12 14:08:05] [SEVERE ] player 2 placing token on slot 2
[2022-12-12 14:08:05] [SEVERE ] player 3 placing token on slot 4
[2022-12-12 14:08:05] [SEVERE ] removing player 3 token from slot 2
[2022-12-12 14:08:05] [SEVERE ] removing player 3 token from slot 4
[2022-12-12 14:08:05] [SEVERE ] removing player 3 token from slot 6
[2022-12-12 14:08:06] [SEVERE ] player 2 placing token on slot 5
[2022-12-12 14:08:06] [SEVERE ] player 4 placing token on slot 8
[2022-12-12 14:08:06] [SEVERE ] player 3 placing token on slot 0
[2022-12-12 14:08:06] [SEVERE ] player 2 placing token on slot 4
[2022-12-12 14:08:06] [SEVERE ] removing player 2 token from slot 2
[2022-12-12 14:08:06] [SEVERE ] removing player 2 token from slot 4
[2022-12-12 14:08:06] [SEVERE ] removing player 2 token from slot 5
[2022-12-12 14:08:07] [SEVERE ] player 4 placing token on slot 9
[2022-12-12 14:08:07] [SEVERE ] player 3 placing token on slot 3
[2022-12-12 14:08:07] [SEVERE ] player 2 placing token on slot 11
[2022-12-12 14:08:07] [SEVERE ] player 4 placing token on slot 1
[2022-12-12 14:08:07] [SEVERE ] removing player 4 token from slot 1
[2022-12-12 14:08:07] [SEVERE ] removing player 4 token from slot 8
[2022-12-12 14:08:07] [SEVERE ] removing player 4 token from slot 9
[2022-12-12 14:08:07] [SEVERE ] player 3 placing token on slot 4
[2022-12-12 14:08:07] [SEVERE ] removing player 3 token from slot 0
[2022-12-12 14:08:07] [SEVERE ] removing player 3 token from slot 3
[2022-12-12 14:08:07] [SEVERE ] removing player 3 token from slot 4
[2022-12-12 14:08:08] [SEVERE ] player 2 placing token on slot 3
[2022-12-12 14:08:08] [SEVERE ] player 4 placing token on slot 11
[2022-12-12 14:08:08] [SEVERE ] player 3 placing token on slot 4
[2022-12-12 14:08:09] [SEVERE ] player 2 placing token on slot 7
[2022-12-12 14:08:09] [SEVERE ] removing player 2 token from slot 3
[2022-12-12 14:08:09] [SEVERE ] removing player 2 token from slot 7
[2022-12-12 14:08:09] [SEVERE ] removing player 2 token from slot 11
[2022-12-12 14:08:09] [SEVERE ] player 4 placing token on slot 7
[2022-12-12 14:08:09] [SEVERE ] player 2 placing token on slot 3
[2022-12-12 14:08:09] [SEVERE ] player 3 placing token on slot 1
[2022-12-12 14:08:10] [SEVERE ] player 4 placing token on slot 8
[2022-12-12 14:08:10] [SEVERE ] removing player 4 token from slot 7
[2022-12-12 14:08:10] [SEVERE ] removing player 4 token from slot 8
[2022-12-12 14:08:10] [SEVERE ] removing player 4 token from slot 11
[2022-12-12 14:08:10] [SEVERE ] player 2 placing token on slot 6
[2022-12-12 14:08:10] [SEVERE ] player 3 placing token on slot 6
[2022-12-12 14:08:10] [SEVERE ] removing player 3 token from slot 1
[2022-12-12 14:08:10] [SEVERE ] removing player 3 token from slot 4
[2022-12-12 14:08:10] [SEVERE ] removing player 3 token from slot 6
[2022-12-12 14:08:10] [SEVERE ] player 2 placing token on slot 8
[2022-12-12 14:08:10] [SEVERE ] removing player 2 token from slot 3
[2022-12-12 14:08:10] [SEVERE ] removing player 2 token from slot 6
[2022-12-12 14:08:10] [SEVERE ] removing player 2 token from slot 8
[2022-12-12 14:08:11] [SEVERE ] player 4 placing token on slot 9
[2022-12-12 14:08:11] [SEVERE ] player 3 placing token on slot 10
[2022-12-12 14:08:11] [SEVERE ] player 2 placing token on slot 7
[2022-12-12 14:08:12] [SEVERE ] player 4 placing token on slot 11
[2022-12-12 14:08:12] [SEVERE ] player 3 placing token on slot 9
[2022-12-12 14:08:12] [SEVERE ] player 2 placing token on slot 2
[2022-12-12 14:08:12] [SEVERE ] player 4 placing token on slot 7
[2022-12-12 14:08:12] [SEVERE ] removing player 4 token from slot 7
[2022-12-12 14:08:12] [SEVERE ] removing player 4 token from slot 9
[2022-12-12 14:08:12] [SEVERE ] removing player 4 token from slot 11
[2022-12-12 14:08:13] [SEVERE ] player 2 placing token on slot 1
[2022-12-12 14:08:13] [SEVERE ] removing player 2 token from slot 1
[2022-12-12 14:08:13] [SEVERE ] removing player 2 token from slot 2
[2022-12-12 14:08:13] [SEVERE ] removing player 2 token from slot 7
[2022-12-12 14:08:13] [SEVERE ] player 3 placing token on slot 3
[2022-12-12 14:08:13] [SEVERE ] removing player 3 token from slot 3
[2022-12-12 14:08:13] [SEVERE ] removing player 3 token from slot 9
[2022-12-12 14:08:13] [SEVERE ] removing player 3 token from slot 10
[2022-12-12 14:08:13] [SEVERE ] player 4 placing token on slot 6
[2022-12-12 14:08:13] [SEVERE ] player 3 placing token on slot 8
[2022-12-12 14:08:14] [SEVERE ] player 2 placing token on slot 2
[2022-12-12 14:08:14] [SEVERE ] player 4 placing token on slot 0
[2022-12-12 14:08:14] [SEVERE ] player 2 placing token on slot 5
[2022-12-12 14:08:14] [SEVERE ] player 3 placing token on slot 4
[2022-12-12 14:08:15] [SEVERE ] player 4 placing token on slot 10
[2022-12-12 14:08:15] [SEVERE ] removing player 4 token from slot 0
[2022-12-12 14:08:15] [SEVERE ] removing player 4 token from slot 6
[2022-12-12 14:08:15] [SEVERE ] removing player 4 token from slot 10
[2022-12-12 14:08:15] [SEVERE ] player 2 placing token on slot 10
[2022-12-12 14:08:15] [SEVERE ] removing player 2 token from slot 2
[2022-12-12 14:08:15] [SEVERE ] removing player 2 token from slot 5
[2022-12-12 14:08:15] [SEVERE ] removing player 2 token from slot 10
[2022-12-12 14:08:15] [SEVERE ] player 3 placing token on slot 11
[2022-12-12 14:08:15] [SEVERE ] removing player 3 token from slot 4
[2022-12-12 14:08:15] [SEVERE ] removing player 3 token from slot 8
[2022-12-12 14:08:15] [SEVERE ] removing player 3 token from slot 11
[2022-12-12 14:08:16] [SEVERE ] player 4 placing token on slot 6
[2022-12-12 14:08:16] [SEVERE ] player 2 placing token on slot 11
[2022-12-12 14:08:16] [SEVERE ] player 3 placing token on slot 1
[2022-12-12 14:08:16] [SEVERE ] player 4 placing token on slot 3
[2022-12-12 14:08:17] [SEVERE ] player 3 placing token on slot 10
[2022-12-12 14:08:17] [SEVERE ] player 2 placing token on slot 0
[2022-12-12 14:08:17] [SEVERE ] player 4 placing token on slot 2
[2022-12-12 14:08:17] [SEVERE ] removing player 4 token from slot 2
[2022-12-12 14:08:17] [SEVERE ] removing player 4 token from slot 3
[2022-12-12 14:08:17] [SEVERE ] removing player 4 token from slot 6
[2022-12-12 14:08:17] [SEVERE ] player 3 placing token on slot 11
[2022-12-12 14:08:17] [SEVERE ] removing player 3 token from slot 1
[2022-12-12 14:08:17] [SEVERE ] removing player 3 token from slot 10
[2022-12-12 14:08:17] [SEVERE ] removing player 3 token from slot 11
[2022-12-12 14:08:17] [SEVERE ] player 2 placing token on slot 1
[2022-12-12 14:08:17] [SEVERE ] removing player 2 token from slot 0
[2022-12-12 14:08:17] [SEVERE ] removing player 2 token from slot 1
[2022-12-12 14:08:17] [SEVERE ] removing player 2 token from slot 11
[2022-12-12 14:08:18] [SEVERE ] player 4 placing token on slot 7
[2022-12-12 14:08:18] [SEVERE ] player 2 placing token on slot 4
[2022-12-12 14:08:18] [SEVERE ] player 3 placing token on slot 4
[2022-12-12 14:08:18] [SEVERE ] player 4 placing token on slot 2
[2022-12-12 14:08:19] [SEVERE ] player 3 placing token on slot 3
[2022-12-12 14:08:19] [SEVERE ] player 2 placing token on slot 9
[2022-12-12 14:08:19] [SEVERE ] player 4 placing token on slot 9
[2022-12-12 14:08:19] [SEVERE ] removing player 4 token from slot 2
[2022-12-12 14:08:19] [SEVERE ] removing player 4 token from slot 7
[2022-12-12 14:08:19] [SEVERE ] removing player 4 token from slot 9
[2022-12-12 14:08:20] [SEVERE ] player 2 placing token on slot 10
[2022-12-12 14:08:20] [SEVERE ] removing player 2 token from slot 4
[2022-12-12 14:08:20] [SEVERE ] removing player 2 token from slot 9
[2022-12-12 14:08:20] [SEVERE ] removing player 2 token from slot 10
[2022-12-12 14:08:20] [SEVERE ] player 3 placing token on slot 2
[2022-12-12 14:08:20] [SEVERE ] removing player 3 token from slot 2
[2022-12-12 14:08:20] [SEVERE ] removing player 3 token from slot 3
[2022-12-12 14:08:20] [SEVERE ] removing player 3 token from slot 4
[2022-12-12 14:08:20] [SEVERE ] player 4 placing token on slot 4
[2022-12-12 14:08:20] [SEVERE ] player 2 placing token on slot 4
[2022-12-12 14:08:21] [SEVERE ] player 3 placing token on slot 3
[2022-12-12 14:08:21] [SEVERE ] player 2 placing token on slot 9
[2022-12-12 14:08:21] [SEVERE ] player 4 placing token on slot 8
[2022-12-12 14:08:21] [SEVERE ] player 2 placing token on slot 6
[2022-12-12 14:08:21] [SEVERE ] removing player 2 token from slot 4
[2022-12-12 14:08:21] [SEVERE ] removing player 2 token from slot 6
[2022-12-12 14:08:21] [SEVERE ] removing player 2 token from slot 9
[2022-12-12 14:08:22] [SEVERE ] player 4 placing token on slot 7
[2022-12-12 14:08:22] [SEVERE ] removing player 4 token from slot 4
[2022-12-12 14:08:22] [SEVERE ] removing player 4 token from slot 7
[2022-12-12 14:08:22] [SEVERE ] removing player 4 token from slot 8
[2022-12-12 14:08:22] [SEVERE ] player 3 placing token on slot 11
[2022-12-12 14:08:22] [SEVERE ] player 4 placing token on slot 4
[2022-12-12 14:08:22] [SEVERE ] player 2 placing token on slot 8
[2022-12-12 14:08:23] [SEVERE ] player 3 placing token on slot 2
[2022-12-12 14:08:23] [SEVERE ] removing player 3 token from slot 2
[2022-12-12 14:08:23] [SEVERE ] removing player 3 token from slot 3
[2022-12-12 14:08:23] [SEVERE ] removing player 3 token from slot 11
[2022-12-12 14:08:23] [SEVERE ] player 4 placing token on slot 8
[2022-12-12 14:08:23] [SEVERE ] player 2 placing token on slot 10
[2022-12-12 14:08:23] [SEVERE ] player 4 placing token on slot 6
[2022-12-12 14:08:23] [SEVERE ] removing player 4 token from slot 4
[2022-12-12 14:08:23] [SEVERE ] removing player 4 token from slot 6
[2022-12-12 14:08:23] [SEVERE ] removing player 4 token from slot 8
[2022-12-12 14:08:24] [SEVERE ] player 3 placing token on slot 5
[2022-12-12 14:08:24] [SEVERE ] player 2 placing token on slot 5
[2022-12-12 14:08:24] [SEVERE ] removing player 2 token from slot 5
[2022-12-12 14:08:24] [SEVERE ] removing player 2 token from slot 8
[2022-12-12 14:08:24] [SEVERE ] removing player 2 token from slot 10
[2022-12-12 14:08:24] [SEVERE ] player 3 placing token on slot 4
[2022-12-12 14:08:24] [SEVERE ] player 4 placing token on slot 0
[2022-12-12 14:08:25] [SEVERE ] player 2 placing token on slot 1
[2022-12-12 14:08:25] [SEVERE ] player 3 placing token on slot 10
[2022-12-12 14:08:25] [SEVERE ] removing player 3 token from slot 4
[2022-12-12 14:08:25] [SEVERE ] removing player 3 token from slot 5
[2022-12-12 14:08:25] [SEVERE ] removing player 3 token from slot 10
[2022-12-12 14:08:25] [SEVERE ] player 4 placing token on slot 10
[2022-12-12 14:08:26] [SEVERE ] player 2 placing token on slot 9
[2022-12-12 14:08:26] [SEVERE ] player 3 placing token on slot 3
[2022-12-12 14:08:26] [SEVERE ] player 4 placing token on slot 11
[2022-12-12 14:08:26] [SEVERE ] removing player 4 token from slot 0
[2022-12-12 14:08:26] [SEVERE ] removing player 4 token from slot 10
[2022-12-12 14:08:26] [SEVERE ] removing player 4 token from slot 11
[2022-12-12 14:08:26] [SEVERE ] player 2 placing token on slot 0
[2022-12-12 14:08:26] [SEVERE ] removing player 2 token from slot 0
[2022-12-12 14:08:26] [SEVERE ] removing player 2 token from slot 1
[2022-12-12 14:08:26] [SEVERE ] removing player 2 token from slot 9
[2022-12-12 14:08:27] [SEVERE ] player 3 placing token on slot 2
[2022-12-12 14:08:27] [SEVERE ] player 4 placing token on slot 8
[2022-12-12 14:08:27] [SEVERE ] player 2 placing token on slot 2
[2022-12-12 14:08:27] [SEVERE ] player 4 placing token on slot 9
[2022-12-12 14:08:27] [SEVERE ] player 3 placing token on slot 7
[2022-12-12 14:08:27] [SEVERE ] removing player 3 token from slot 2
[2022-12-12 14:08:27] [SEVERE ] removing player 3 token from slot 3
[2022-12-12 14:08:27] [SEVERE ] removing player 3 token from slot 7
[2022-12-12 14:08:28] [SEVERE ] player 2 placing token on slot 5
[2022-12-12 14:08:28] [SEVERE ] player 3 placing token on slot 4
[2022-12-12 14:08:28] [SEVERE ] player 4 placing token on slot 3
[2022-12-12 14:08:28] [SEVERE ] removing tokens from slot 3
[2022-12-12 14:08:28] [SEVERE ] removing card from slot 3
[2022-12-12 14:08:29] [SEVERE ] removing tokens from slot 8
[2022-12-12 14:08:29] [SEVERE ] removing card from slot 8
[2022-12-12 14:08:29] [SEVERE ] removing tokens from slot 9
[2022-12-12 14:08:29] [SEVERE ] removing card from slot 9
[2022-12-12 14:08:29] [SEVERE ] setting player 4 score to 1
[2022-12-12 14:08:29] [SEVERE ] player 2 placing token on slot 11
[2022-12-12 14:08:29] [SEVERE ] placing card 8 in slot 3
[2022-12-12 14:08:29] [SEVERE ] placing card 11 in slot 8
[2022-12-12 14:08:29] [SEVERE ] player 3 placing token on slot 11
[2022-12-12 14:08:29] [SEVERE ] placing card 35 in slot 9
[2022-12-12 14:08:29] [SEVERE ] removing player 2 token from slot 2
[2022-12-12 14:08:29] [SEVERE ] removing player 2 token from slot 5
[2022-12-12 14:08:29] [SEVERE ] removing player 2 token from slot 11
[2022-12-12 14:08:29] [SEVERE ] player 4 placing token on slot 2
[2022-12-12 14:08:30] [SEVERE ] player 2 placing token on slot 0
[2022-12-12 14:08:30] [SEVERE ] player 3 placing token on slot 1
[2022-12-12 14:08:30] [SEVERE ] removing player 3 token from slot 1
[2022-12-12 14:08:30] [SEVERE ] removing player 3 token from slot 4
[2022-12-12 14:08:30] [SEVERE ] removing player 3 token from slot 11
[2022-12-12 14:08:30] [SEVERE ] player 4 placing token on slot 7
[2022-12-12 14:08:31] [SEVERE ] player 2 placing token on slot 1
[2022-12-12 14:08:31] [SEVERE ] player 3 placing token on slot 10
[2022-12-12 14:08:31] [SEVERE ] player 4 placing token on slot 3
[2022-12-12 14:08:31] [SEVERE ] removing player 4 token from slot 2
[2022-12-12 14:08:31] [SEVERE ] removing player 4 token from slot 3
[2022-12-12 14:08:31] [SEVERE ] removing player 4 token from slot 7
[2022-12-12 14:08:31] [SEVERE ] player 4 placing token on slot 5
[2022-12-12 14:08:31] [SEVERE ] player 2 placing token on slot 3
[2022-12-12 14:08:31] [SEVERE ] removing player 2 token from slot 0
[2022-12-12 14:08:31] [SEVERE ] removing player 2 token from slot 1
[2022-12-12 14:08:31] [SEVERE ] removing player 2 token from slot 3
[2022-12-12 14:08:32] [SEVERE ] player 3 placing token on slot 1
[2022-12-12 14:08:32] [SEVERE ] player 4 placing token on slot 2
[2022-12-12 14:08:32] [SEVERE ] player 2 placing token on slot 8
[2022-12-12 14:08:32] [SEVERE ] player 4 placing token on slot 4
[2022-12-12 14:08:32] [SEVERE ] removing player 4 token from slot 2
[2022-12-12 14:08:32] [SEVERE ] removing player 4 token from slot 4
[2022-12-12 14:08:32] [SEVERE ] removing player 4 token from slot 5
[2022-12-12 14:08:33] [SEVERE ] player 3 placing token on slot 9
[2022-12-12 14:08:33] [SEVERE ] removing player 3 token from slot 1
[2022-12-12 14:08:33] [SEVERE ] removing player 3 token from slot 9
[2022-12-12 14:08:33] [SEVERE ] removing player 3 token from slot 10
[2022-12-12 14:08:33] [SEVERE ] player 2 placing token on slot 4
[2022-12-12 14:08:33] [SEVERE ] player 4 placing token on slot 1
[2022-12-12 14:08:33] [SEVERE ] player 2 placing token on slot 0
[2022-12-12 14:08:33] [SEVERE ] removing player 2 token from slot 0
[2022-12-12 14:08:33] [SEVERE ] removing player 2 token from slot 4
[2022-12-12 14:08:33] [SEVERE ] removing player 2 token from slot 8
[2022-12-12 14:08:33] [SEVERE ] player 3 placing token on slot 11
[2022-12-12 14:08:34] [SEVERE ] player 4 placing token on slot 3
[2022-12-12 14:08:34] [SEVERE ] player 2 placing token on slot 10
[2022-12-12 14:08:34] [SEVERE ] player 3 placing token on slot 9
[2022-12-12 14:08:34] [SEVERE ] player 2 placing token on slot 8
[2022-12-12 14:08:35] [SEVERE ] player 4 placing token on slot 0
[2022-12-12 14:08:35] [SEVERE ] removing player 4 token from slot 0
[2022-12-12 14:08:35] [SEVERE ] removing player 4 token from slot 1
[2022-12-12 14:08:35] [SEVERE ] removing player 4 token from slot 3
[2022-12-12 14:08:35] [SEVERE ] player 3 placing token on slot 6
[2022-12-12 14:08:35] [SEVERE ] removing player 3 token from slot 6
[2022-12-12 14:08:35] [SEVERE ] removing player 3 token from slot 9
[2022-12-12 14:08:35] [SEVERE ] removing player 3 token from slot 11
[2022-12-12 14:08:35] [SEVERE ] player 2 placing token on slot 6
[2022-12-12 14:08:35] [SEVERE ] removing player 2 token from slot 6
[2022-12-12 14:08:35] [SEVERE ] removing player 2 token from slot 8
[2022-12-12 14:08:35] [SEVERE ] removing player 2 token from slot 10
[2022-12-12 14:08:35] [SEVERE ] player 4 placing token on slot 10
[2022-12-12 14:08:35] [SEVERE ] player 3 placing token on slot 7
[2022-12-12 14:08:36] [SEVERE ] player 2 placing token on slot 3
[2022-12-12 14:08:36] [SEVERE ] player 4 placing token on slot 0
[2022-12-12 14:08:36] [SEVERE ] player 4 placing token on slot 6
[2022-12-12 14:08:36] [SEVERE ] removing player 4 token from slot 0
[2022-12-12 14:08:36] [SEVERE ] removing player 4 token from slot 6
[2022-12-12 14:08:36] [SEVERE ] removing player 4 token from slot 10
[2022-12-12 14:08:36] [SEVERE ] player 2 placing token on slot 9
[2022-12-12 14:08:36] [SEVERE ] player 3 placing token on slot 6
[2022-12-12 14:08:37] [SEVERE ] player 3 placing token on slot 0
[2022-12-12 14:08:37] [SEVERE ] removing player 3 token from slot 0
[2022-12-12 14:08:37] [SEVERE ] removing player 3 token from slot 6
[2022-12-12 14:08:37] [SEVERE ] removing player 3 token from slot 7
[2022-12-12 14:08:37] [SEVERE ] player 2 placing token on slot 5
[2022-12-12 14:08:37] [SEVERE ] removing player 2 token from slot 3
[2022-12-12 14:08:37] [SEVERE ] removing player 2 token from slot 5
[2022-12-12 14:08:37] [SEVERE ] removing player 2 token from slot 9
[2022-12-12 14:08:37] [SEVERE ] player 4 placing token on slot 6
[2022-12-12 14:08:38] [SEVERE ] player 3 placing token on slot 6
[2022-12-12 14:08:38] [SEVERE ] player 4 placing token on slot 10
[2022-12-12 14:08:38] [SEVERE ] player 2 placing token on slot 3
[2022-12-12 14:08:38] [SEVERE ] player 2 placing token on slot 9
[2022-12-12 14:08:38] [SEVERE ] player 3 placing token on slot 5
[2022-12-12 14:08:39] [SEVERE ] player 4 placing token on slot 2
[2022-12-12 14:08:39] [SEVERE ] removing player 4 token from slot 2
[2022-12-12 14:08:39] [SEVERE ] removing player 4 token from slot 6
[2022-12-12 14:08:39] [SEVERE ] removing player 4 token from slot 10
[2022-12-12 14:08:39] [SEVERE ] player 3 placing token on slot 10
[2022-12-12 14:08:39] [SEVERE ] removing player 3 token from slot 5
[2022-12-12 14:08:39] [SEVERE ] removing player 3 token from slot 6
[2022-12-12 14:08:39] [SEVERE ] removing player 3 token from slot 10
[2022-12-12 14:08:39] [SEVERE ] player 2 placing token on slot 1
[2022-12-12 14:08:39] [SEVERE ] removing player 2 token from slot 1
[2022-12-12 14:08:39] [SEVERE ] removing player 2 token from slot 3
[2022-12-12 14:08:39] [SEVERE ] removing player 2 token from slot 9
[2022-12-12 14:08:40] [SEVERE ] player 4 placing token on slot 8
[2022-12-12 14:08:40] [SEVERE ] player 3 placing token on slot 6
[2022-12-12 14:08:40] [SEVERE ] player 2 placing token on slot 10
[2022-12-12 14:08:41] [SEVERE ] player 4 placing token on slot 5
[2022-12-12 14:08:41] [SEVERE ] player 3 placing token on slot 2
[2022-12-12 14:08:41] [SEVERE ] player 2 placing token on slot 0
[2022-12-12 14:08:41] [SEVERE ] player 4 placing token on slot 6
[2022-12-12 14:08:41] [SEVERE ] removing player 4 token from slot 5
[2022-12-12 14:08:41] [SEVERE ] removing player 4 token from slot 6
[2022-12-12 14:08:41] [SEVERE ] removing player 4 token from slot 8
[2022-12-12 14:08:41] [SEVERE ] player 3 placing token on slot 4
[2022-12-12 14:08:41] [SEVERE ] removing player 3 token from slot 2
[2022-12-12 14:08:41] [SEVERE ] removing player 3 token from slot 4
[2022-12-12 14:08:41] [SEVERE ] removing player 3 token from slot 6
[2022-12-12 14:08:42] [SEVERE ] player 2 placing token on slot 4
[2022-12-12 14:08:42] [SEVERE ] removing player 2 token from slot 0
[2022-12-12 14:08:42] [SEVERE ] removing player 2 token from slot 4
[2022-12-12 14:08:42] [SEVERE ] removing player 2 token from slot 10
[2022-12-12 14:08:42] [SEVERE ] player 3 placing token on slot 9
[2022-12-12 14:08:42] [SEVERE ] player 4 placing token on slot 10
[2022-12-12 14:08:42] [SEVERE ] player 2 placing token on slot 7
[2022-12-12 14:08:42] [SEVERE ] player 3 placing token on slot 3
[2022-12-12 14:08:43] [SEVERE ] player 4 placing token on slot 8
[2022-12-12 14:08:43] [SEVERE ] player 2 placing token on slot 9
[2022-12-12 14:08:43] [SEVERE ] player 3 placing token on slot 8
[2022-12-12 14:08:43] [SEVERE ] removing player 3 token from slot 3
[2022-12-12 14:08:43] [SEVERE ] removing player 3 token from slot 8
[2022-12-12 14:08:43] [SEVERE ] removing player 3 token from slot 9
[2022-12-12 14:08:44] [SEVERE ] player 4 placing token on slot 3
[2022-12-12 14:08:44] [SEVERE ] removing player 4 token from slot 3
[2022-12-12 14:08:44] [SEVERE ] removing player 4 token from slot 8
[2022-12-12 14:08:44] [SEVERE ] removing player 4 token from slot 10
[2022-12-12 14:08:44] [SEVERE ] player 2 placing token on slot 5
[2022-12-12 14:08:44] [SEVERE ] removing player 2 token from slot 5
[2022-12-12 14:08:44] [SEVERE ] removing player 2 token from slot 7
[2022-12-12 14:08:44] [SEVERE ] removing player 2 token from slot 9
[2022-12-12 14:08:44] [SEVERE ] player 3 placing token on slot 0
[2022-12-12 14:08:44] [SEVERE ] player 2 placing token on slot 3
[2022-12-12 14:08:45] [SEVERE ] player 4 placing token on slot 3
[2022-12-12 14:08:45] [SEVERE ] player 3 placing token on slot 8
[2022-12-12 14:08:45] [SEVERE ] player 4 placing token on slot 9
[2022-12-12 14:08:45] [SEVERE ] player 2 placing token on slot 5
[2022-12-12 14:08:46] [SEVERE ] player 3 placing token on slot 11
[2022-12-12 14:08:46] [SEVERE ] removing player 3 token from slot 0
[2022-12-12 14:08:46] [SEVERE ] removing player 3 token from slot 8
[2022-12-12 14:08:46] [SEVERE ] removing player 3 token from slot 11
[2022-12-12 14:08:46] [SEVERE ] player 2 placing token on slot 9
[2022-12-12 14:08:46] [SEVERE ] removing player 2 token from slot 3
[2022-12-12 14:08:46] [SEVERE ] removing player 2 token from slot 5
[2022-12-12 14:08:46] [SEVERE ] removing player 2 token from slot 9
[2022-12-12 14:08:46] [SEVERE ] player 4 placing token on slot 4
[2022-12-12 14:08:46] [SEVERE ] removing player 4 token from slot 3
[2022-12-12 14:08:46] [SEVERE ] removing player 4 token from slot 4
[2022-12-12 14:08:46] [SEVERE ] removing player 4 token from slot 9
[2022-12-12 14:08:47] [SEVERE ] player 2 placing token on slot 0
[2022-12-12 14:08:47] [SEVERE ] player 4 placing token on slot 5
[2022-12-12 14:08:47] [SEVERE ] player 3 placing token on slot 0
[2022-12-12 14:08:47] [SEVERE ] player 2 placing token on slot 4
[2022-12-12 14:08:47] [SEVERE ] player 4 placing token on slot 9
[2022-12-12 14:08:48] [SEVERE ] player 3 placing token on slot 2
[2022-12-12 14:08:48] [SEVERE ] player 2 placing token on slot 1
[2022-12-12 14:08:48] [SEVERE ] removing player 2 token from slot 0
[2022-12-12 14:08:48] [SEVERE ] removing player 2 token from slot 1
[2022-12-12 14:08:48] [SEVERE ] removing player 2 token from slot 4
[2022-12-12 14:08:48] [SEVERE ] player 4 placing token on slot 2
[2022-12-12 14:08:48] [SEVERE ] removing player 4 token from slot 2
[2022-12-12 14:08:48] [SEVERE ] removing player 4 token from slot 5
[2022-12-12 14:08:48] [SEVERE ] removing player 4 token from slot 9
[2022-12-12 14:08:49] [SEVERE ] player 2 placing token on slot 5
[2022-12-12 14:08:49] [SEVERE ] player 3 placing token on slot 11
[2022-12-12 14:08:49] [SEVERE ] removing player 3 token from slot 0
[2022-12-12 14:08:49] [SEVERE ] removing player 3 token from slot 2
[2022-12-12 14:08:49] [SEVERE ] removing player 3 token from slot 11
[2022-12-12 14:08:49] [SEVERE ] player 4 placing token on slot 4
[2022-12-12 14:08:49] [SEVERE ] player 3 placing token on slot 1
[2022-12-12 14:08:49] [SEVERE ] player 2 placing token on slot 7
[2022-12-12 14:08:50] [SEVERE ] player 4 placing token on slot 3
[2022-12-12 14:08:50] [SEVERE ] player 3 placing token on slot 7
[2022-12-12 14:08:50] [SEVERE ] player 2 placing token on slot 9
[2022-12-12 14:08:50] [SEVERE ] removing player 2 token from slot 5
[2022-12-12 14:08:50] [SEVERE ] removing player 2 token from slot 7
[2022-12-12 14:08:50] [SEVERE ] removing player 2 token from slot 9
[2022-12-12 14:08:51] [SEVERE ] player 4 placing token on slot 0
[2022-12-12 14:08:51] [SEVERE ] removing player 4 token from slot 0
[2022-12-12 14:08:51] [SEVERE ] removing player 4 token from slot 3
[2022-12-12 14:08:51] [SEVERE ] removing player 4 token from slot 4
[2022-12-12 14:08:51] [SEVERE ] player 3 placing token on slot 5
[2022-12-12 14:08:51] [SEVERE ] removing player 3 token from slot 1
[2022-12-12 14:08:51] [SEVERE ] removing player 3 token from slot 5
[2022-12-12 14:08:51] [SEVERE ] removing player 3 token from slot 7
[2022-12-12 14:08:51] [SEVERE ] player 2 placing token on slot 9
[2022-12-12 14:08:51] [SEVERE ] player 4 placing token on slot 11
[2022-12-12 14:08:51] [SEVERE ] player 3 placing token on slot 9
[2022-12-12 14:08:52] [SEVERE ] player 2 placing token on slot 3
[2022-12-12 14:08:52] [SEVERE ] player 4 placing token on slot 1
[2022-12-12 14:08:52] [SEVERE ] player 2 placing token on slot 5
[2022-12-12 14:08:52] [SEVERE ] removing player 2 token from slot 3
[2022-12-12 14:08:52] [SEVERE ] removing player 2 token from slot 5
[2022-12-12 14:08:52] [SEVERE ] removing player 2 token from slot 9
[2022-12-12 14:08:52] [SEVERE ] player 3 placing token on slot 3
[2022-12-12 14:08:53] [SEVERE ] player 4 placing token on slot 10
[2022-12-12 14:08:53] [SEVERE ] removing player 4 token from slot 1
[2022-12-12 14:08:53] [SEVERE ] removing player 4 token from slot 10
[2022-12-12 14:08:53] [SEVERE ] removing player 4 token from slot 11
[2022-12-12 14:08:53] [SEVERE ] player 2 placing token on slot 5
[2022-12-12 14:08:53] [SEVERE ] player 3 placing token on slot 11
[2022-12-12 14:08:53] [SEVERE ] removing player 3 token from slot 3
[2022-12-12 14:08:53] [SEVERE ] removing player 3 token from slot 9
[2022-12-12 14:08:53] [SEVERE ] removing player 3 token from slot 11
[2022-12-12 14:08:53] [SEVERE ] player 2 placing token on slot 1
[2022-12-12 14:08:53] [SEVERE ] player 4 placing token on slot 0
[2022-12-12 14:08:53] [SEVERE ] player 3 placing token on slot 0
[2022-12-12 14:08:54] [SEVERE ] player 4 placing token on slot 10
[2022-12-12 14:08:54] [SEVERE ] player 2 placing token on slot 0
[2022-12-12 14:08:54] [SEVERE ] removing player 2 token from slot 0
[2022-12-12 14:08:54] [SEVERE ] removing player 2 token from slot 1
[2022-12-12 14:08:54] [SEVERE ] removing player 2 token from slot 5
[2022-12-12 14:08:54] [SEVERE ] player 3 placing token on slot 6
[2022-12-12 14:08:55] [SEVERE ] player 4 placing token on slot 3
[2022-12-12 14:08:55] [SEVERE ] removing player 4 token from slot 0
[2022-12-12 14:08:55] [SEVERE ] removing player 4 token from slot 3
[2022-12-12 14:08:55] [SEVERE ] removing player 4 token from slot 10
[2022-12-12 14:08:55] [SEVERE ] player 2 placing token on slot 7
[2022-12-12 14:08:55] [SEVERE ] player 3 placing token on slot 10
[2022-12-12 14:08:55] [SEVERE ] removing player 3 token from slot 0
[2022-12-12 14:08:55] [SEVERE ] removing player 3 token from slot 6
[2022-12-12 14:08:55] [SEVERE ] removing player 3 token from slot 10
[2022-12-12 14:08:55] [SEVERE ] player 4 placing token on slot 9
[2022-12-12 14:08:55] [SEVERE ] player 3 placing token on slot 7
[2022-12-12 14:08:56] [SEVERE ] player 2 placing token on slot 5
[2022-12-12 14:08:56] [SEVERE ] player 4 placing token on slot 10
[2022-12-12 14:08:56] [SEVERE ] player 2 placing token on slot 11
[2022-12-12 14:08:56] [SEVERE ] removing player 2 token from slot 5
[2022-12-12 14:08:56] [SEVERE ] removing player 2 token from slot 7
[2022-12-12 14:08:56] [SEVERE ] removing player 2 token from slot 11
[2022-12-12 14:08:56] [SEVERE ] player 3 placing token on slot 6
[2022-12-12 14:08:57] [SEVERE ] player 4 placing token on slot 0
[2022-12-12 14:08:57] [SEVERE ] removing player 4 token from slot 0
[2022-12-12 14:08:57] [SEVERE ] removing player 4 token from slot 9
[2022-12-12 14:08:57] [SEVERE ] removing player 4 token from slot 10
[2022-12-12 14:08:57] [SEVERE ] player 2 placing token on slot 9
[2022-12-12 14:08:57] [SEVERE ] player 3 placing token on slot 2
[2022-12-12 14:08:57] [SEVERE ] removing player 3 token from slot 2
[2022-12-12 14:08:57] [SEVERE ] removing player 3 token from slot 6
[2022-12-12 14:08:57] [SEVERE ] removing player 3 token from slot 7
[2022-12-12 14:08:57] [SEVERE ] player 4 placing token on slot 5
[2022-12-12 14:08:57] [SEVERE ] player 2 placing token on slot 10
[2022-12-12 14:08:58] [SEVERE ] player 3 placing token on slot 0
[2022-12-12 14:08:58] [SEVERE ] player 4 placing token on slot 4
[2022-12-12 14:08:58] [SEVERE ] player 2 placing token on slot 8
[2022-12-12 14:08:58] [SEVERE ] removing player 2 token from slot 8
[2022-12-12 14:08:58] [SEVERE ] removing player 2 token from slot 9
[2022-12-12 14:08:58] [SEVERE ] removing player 2 token from slot 10
[2022-12-12 14:08:59] [SEVERE ] player 2 placing token on slot 10
[2022-12-12 14:08:59] [SEVERE ] player 4 placing token on slot 2
[2022-12-12 14:08:59] [SEVERE ] removing player 4 token from slot 2
[2022-12-12 14:08:59] [SEVERE ] removing player 4 token from slot 4
[2022-12-12 14:08:59] [SEVERE ] removing player 4 token from slot 5
[2022-12-12 14:08:59] [SEVERE ] player 3 placing token on slot 2
[2022-12-12 14:08:59] [SEVERE ] player 4 placing token on slot 6
[2022-12-12 14:09:00] [SEVERE ] player 2 placing token on slot 11
[2022-12-12 14:09:00] [SEVERE ] player 3 placing token on slot 7
[2022-12-12 14:09:00] [SEVERE ] removing player 3 token from slot 0
[2022-12-12 14:09:00] [SEVERE ] removing player 3 token from slot 2
[2022-12-12 14:09:00] [SEVERE ] removing player 3 token from slot 7
[2022-12-12 14:09:00] [SEVERE ] player 4 placing token on slot 4
[2022-12-12 14:09:00] [SEVERE ] player 2 placing token on slot 8
[2022-12-12 14:09:00] [SEVERE ] removing player 2 token from slot 8
[2022-12-12 14:09:00] [SEVERE ] removing player 2 token from slot 10
[2022-12-12 14:09:00] [SEVERE ] removing player 2 token from slot 11
[2022-12-12 14:09:01] [SEVERE ] player 3 placing token on slot 1
[2022-12-12 14:09:01] [SEVERE ] player 2 placing token on slot 2
[2022-12-12 14:09:01] [SEVERE ] player 4 placing token on slot 10
[2022-12-12 14:09:01] [SEVERE ] removing player 4 token from slot 4
[2022-12-12 14:09:01] [SEVERE ] removing player 4 token from slot 6
[2022-12-12 14:09:01] [SEVERE ] removing player 4 token from slot 10
[2022-12-12 14:09:02] [SEVERE ] player 4 placing token on slot 2
[2022-12-12 14:09:02] [SEVERE ] player 3 placing token on slot 2
[2022-12-12 14:09:02] [SEVERE ] player 2 placing token on slot 3
[2022-12-12 14:09:02] [SEVERE ] player 2 placing token on slot 7
[2022-12-12 14:09:02] [SEVERE ] removing player 2 token from slot 2
[2022-12-12 14:09:02] [SEVERE ] removing player 2 token from slot 3
[2022-12-12 14:09:02] [SEVERE ] removing player 2 token from slot 7
[2022-12-12 14:09:02] [SEVERE ] player 3 placing token on slot 3
[2022-12-12 14:09:02] [SEVERE ] removing player 3 token from slot 1
[2022-12-12 14:09:02] [SEVERE ] removing player 3 token from slot 2
[2022-12-12 14:09:02] [SEVERE ] removing player 3 token from slot 3
[2022-12-12 14:09:02] [SEVERE ] player 4 placing token on slot 7
[2022-12-12 14:09:03] [SEVERE ] player 2 placing token on slot 10
[2022-12-12 14:09:03] [SEVERE ] player 3 placing token on slot 4
[2022-12-12 14:09:03] [SEVERE ] player 4 placing token on slot 5
[2022-12-12 14:09:03] [SEVERE ] removing player 4 token from slot 2
[2022-12-12 14:09:03] [SEVERE ] removing player 4 token from slot 5
[2022-12-12 14:09:03] [SEVERE ] removing player 4 token from slot 7
[2022-12-12 14:09:04] [SEVERE ] player 2 placing token on slot 6
[2022-12-12 14:09:04] [SEVERE ] player 4 placing token on slot 4
[2022-12-12 14:09:04] [SEVERE ] player 3 placing token on slot 0
[2022-12-12 14:09:05] [SEVERE ] player 2 placing token on slot 4
[2022-12-12 14:09:05] [SEVERE ] removing player 2 token from slot 4
[2022-12-12 14:09:05] [SEVERE ] removing player 2 token from slot 6
[2022-12-12 14:09:05] [SEVERE ] removing player 2 token from slot 10
[2022-12-12 14:09:05] [SEVERE ] player 3 placing token on slot 6
[2022-12-12 14:09:05] [SEVERE ] removing player 3 token from slot 0
[2022-12-12 14:09:05] [SEVERE ] removing player 3 token from slot 4
[2022-12-12 14:09:05] [SEVERE ] removing player 3 token from slot 6
[2022-12-12 14:09:05] [SEVERE ] player 4 placing token on slot 3
[2022-12-12 14:09:06] [SEVERE ] player 4 placing token on slot 0
[2022-12-12 14:09:06] [SEVERE ] removing player 4 token from slot 0
[2022-12-12 14:09:06] [SEVERE ] removing player 4 token from slot 3
[2022-12-12 14:09:06] [SEVERE ] removing player 4 token from slot 4
[2022-12-12 14:09:06] [SEVERE ] player 2 placing token on slot 8
[2022-12-12 14:09:06] [SEVERE ] player 3 placing token on slot 11
[2022-12-12 14:09:06] [SEVERE ] player 2 placing token on slot 9
[2022-12-12 14:09:07] [SEVERE ] player 4 placing token on slot 5
[2022-12-12 14:09:07] [SEVERE ] player 3 placing token on slot 5
[2022-12-12 14:09:07] [SEVERE ] player 4 placing token on slot 4
[2022-12-12 14:09:07] [SEVERE ] player 2 placing token on slot 5
[2022-12-12 14:09:07] [SEVERE ] removing player 2 token from slot 5
[2022-12-12 14:09:07] [SEVERE ] removing player 2 token from slot 8
[2022-12-12 14:09:07] [SEVERE ] removing player 2 token from slot 9
[2022-12-12 14:09:08] [SEVERE ] player 3 placing token on slot 6
[2022-12-12 14:09:08] [SEVERE ] removing player 3 token from slot 5
[2022-12-12 14:09:08] [SEVERE ] removing player 3 token from slot 6
[2022-12-12 14:09:08] [SEVERE ] removing player 3 token from slot 11
[2022-12-12 14:09:08] [SEVERE ] player 2 placing token on slot 11
[2022-12-12 14:09:08] [SEVERE ] player 4 placing token on slot 10
[2022-12-12 14:09:08] [SEVERE ] removing player 4 token from slot 4
[2022-12-12 14:09:08] [SEVERE ] removing player 4 token from slot 5
[2022-12-12 14:09:08] [SEVERE ] removing player 4 token from slot 10
[2022-12-12 14:09:08] [SEVERE ] player 3 placing token on slot 6
[2022-12-12 14:09:09] [SEVERE ] player 2 placing token on slot 3
[2022-12-12 14:09:09] [SEVERE ] player 4 placing token on slot 7
[2022-12-12 14:09:09] [SEVERE ] player 3 placing token on slot 8
[2022-12-12 14:09:09] [SEVERE ] player 2 placing token on slot 10
[2022-12-12 14:09:09] [SEVERE ] removing player 2 token from slot 3
[2022-12-12 14:09:09] [SEVERE ] removing player 2 token from slot 10
[2022-12-12 14:09:09] [SEVERE ] removing player 2 token from slot 11
[2022-12-12 14:09:10] [SEVERE ] player 4 placing token on slot 9
[2022-12-12 14:09:10] [SEVERE ] player 2 placing token on slot 7
[2022-12-12 14:09:10] [SEVERE ] player 3 placing token on slot 7
[2022-12-12 14:09:10] [SEVERE ] removing player 3 token from slot 6
[2022-12-12 14:09:10] [SEVERE ] removing player 3 token from slot 7
[2022-12-12 14:09:10] [SEVERE ] removing player 3 token from slot 8
[2022-12-12 14:09:11] [SEVERE ] player 4 placing token on slot 2
[2022-12-12 14:09:11] [SEVERE ] removing player 4 token from slot 2
[2022-12-12 14:09:11] [SEVERE ] removing player 4 token from slot 7
[2022-12-12 14:09:11] [SEVERE ] removing player 4 token from slot 9
[2022-12-12 14:09:11] [SEVERE ] player 2 placing token on slot 1
[2022-12-12 14:09:11] [SEVERE ] player 3 placing token on slot 10
[2022-12-12 14:09:11] [SEVERE ] player 4 placing token on slot 3
[2022-12-12 14:09:11] [SEVERE ] player 2 placing token on slot 5
[2022-12-12 14:09:11] [SEVERE ] removing player 2 token from slot 1
[2022-12-12 14:09:11] [SEVERE ] removing player 2 token from slot 5
[2022-12-12 14:09:11] [SEVERE ] removing player 2 token from slot 7
[2022-12-12 14:09:12] [SEVERE ] player 3 placing token on slot 7
[2022-12-12 14:09:12] [SEVERE ] player 4 placing token on slot 4
