[2022-12-12 22:07:54] [INFO   ] cannot read configuration file config.properties trying from resources.
[2022-12-12 22:07:54] [INFO   ] configuration file was loaded from resources directory.
[2022-12-12 22:07:54] [INFO   ] Thread dealer starting.
[2022-12-12 22:07:54] [INFO   ] Thread Thread-0starting.
[2022-12-12 22:07:54] [INFO   ] Thread Thread-1starting.
[2022-12-12 22:07:54] [INFO   ] Thread Thread-2starting.
[2022-12-12 22:07:54] [INFO   ] Thread computer-2 starting.
[2022-12-12 22:07:54] [SEVERE ] placing card 4 in slot 0
[2022-12-12 22:07:54] [SEVERE ] placing card 30 in slot 1
[2022-12-12 22:07:54] [SEVERE ] placing card 35 in slot 2
[2022-12-12 22:07:55] [SEVERE ] placing card 36 in slot 3
[2022-12-12 22:07:55] [SEVERE ] placing card 71 in slot 4
[2022-12-12 22:07:55] [SEVERE ] placing card 29 in slot 5
[2022-12-12 22:07:55] [SEVERE ] placing card 18 in slot 6
[2022-12-12 22:07:55] [SEVERE ] placing card 26 in slot 7
[2022-12-12 22:07:55] [SEVERE ] placing card 13 in slot 8
[2022-12-12 22:07:55] [SEVERE ] placing card 19 in slot 9
[2022-12-12 22:07:55] [SEVERE ] placing card 42 in slot 10
[2022-12-12 22:07:55] [SEVERE ] placing card 57 in slot 11
[2022-12-12 22:07:55] [SEVERE ] player 2 placing token on slot 10
[2022-12-12 22:07:56] [SEVERE ] player 2 placing token on slot 5
[2022-12-12 22:07:56] [SEVERE ] player 2 placing token on slot 8
[2022-12-12 22:07:56] [SEVERE ] removing player 2 token from slot 5
[2022-12-12 22:07:56] [SEVERE ] removing player 2 token from slot 8
[2022-12-12 22:07:56] [SEVERE ] removing player 2 token from slot 10
[2022-12-12 22:07:56] [SEVERE ] player 2 placing token on slot 9
[2022-12-12 22:07:56] [SEVERE ] player 2 placing token on slot 7
[2022-12-12 22:07:56] [SEVERE ] player 2 placing token on slot 6
[2022-12-12 22:07:56] [SEVERE ] removing player 2 token from slot 6
[2022-12-12 22:07:56] [SEVERE ] removing player 2 token from slot 7
[2022-12-12 22:07:56] [SEVERE ] removing player 2 token from slot 9
[2022-12-12 22:07:56] [SEVERE ] player 2 placing token on slot 4
[2022-12-12 22:07:56] [SEVERE ] player 2 placing token on slot 0
[2022-12-12 22:07:56] [SEVERE ] player 2 placing token on slot 9
[2022-12-12 22:07:56] [SEVERE ] removing player 2 token from slot 0
[2022-12-12 22:07:56] [SEVERE ] removing player 2 token from slot 4
[2022-12-12 22:07:56] [SEVERE ] removing player 2 token from slot 9
[2022-12-12 22:07:56] [SEVERE ] player 2 placing token on slot 9
[2022-12-12 22:07:56] [SEVERE ] player 2 placing token on slot 5
[2022-12-12 22:07:56] [SEVERE ] player 2 placing token on slot 8
[2022-12-12 22:07:56] [SEVERE ] removing player 2 token from slot 5
[2022-12-12 22:07:56] [SEVERE ] removing player 2 token from slot 8
[2022-12-12 22:07:56] [SEVERE ] removing player 2 token from slot 9
[2022-12-12 22:07:56] [SEVERE ] player 2 placing token on slot 2
[2022-12-12 22:07:56] [SEVERE ] player 2 placing token on slot 11
[2022-12-12 22:07:56] [SEVERE ] player 2 placing token on slot 5
[2022-12-12 22:07:56] [SEVERE ] removing player 2 token from slot 2
[2022-12-12 22:07:56] [SEVERE ] removing player 2 token from slot 5
[2022-12-12 22:07:56] [SEVERE ] removing player 2 token from slot 11
[2022-12-12 22:07:56] [SEVERE ] player 2 placing token on slot 1
[2022-12-12 22:07:56] [SEVERE ] player 2 placing token on slot 10
[2022-12-12 22:07:56] [SEVERE ] player 2 placing token on slot 7
[2022-12-12 22:07:56] [SEVERE ] removing player 2 token from slot 1
[2022-12-12 22:07:56] [SEVERE ] removing player 2 token from slot 7
[2022-12-12 22:07:56] [SEVERE ] removing player 2 token from slot 10
[2022-12-12 22:07:56] [SEVERE ] player 2 placing token on slot 7
[2022-12-12 22:07:56] [SEVERE ] player 2 placing token on slot 3
[2022-12-12 22:07:56] [SEVERE ] player 2 placing token on slot 2
[2022-12-12 22:07:56] [SEVERE ] removing player 2 token from slot 2
[2022-12-12 22:07:56] [SEVERE ] removing player 2 token from slot 3
[2022-12-12 22:07:56] [SEVERE ] removing player 2 token from slot 7
[2022-12-12 22:07:56] [SEVERE ] player 2 placing token on slot 3
[2022-12-12 22:07:56] [SEVERE ] player 2 placing token on slot 6
[2022-12-12 22:07:56] [SEVERE ] player 2 placing token on slot 4
[2022-12-12 22:07:56] [SEVERE ] removing player 2 token from slot 3
[2022-12-12 22:07:56] [SEVERE ] removing player 2 token from slot 4
[2022-12-12 22:07:56] [SEVERE ] removing player 2 token from slot 6
[2022-12-12 22:07:56] [SEVERE ] player 2 placing token on slot 10
[2022-12-12 22:07:56] [SEVERE ] player 2 placing token on slot 9
[2022-12-12 22:07:56] [SEVERE ] player 2 placing token on slot 0
[2022-12-12 22:07:56] [SEVERE ] removing player 2 token from slot 0
[2022-12-12 22:07:56] [SEVERE ] removing player 2 token from slot 9
[2022-12-12 22:07:56] [SEVERE ] removing player 2 token from slot 10
[2022-12-12 22:07:56] [SEVERE ] player 2 placing token on slot 9
[2022-12-12 22:07:56] [SEVERE ] player 2 placing token on slot 10
[2022-12-12 22:07:56] [SEVERE ] player 2 placing token on slot 3
[2022-12-12 22:07:56] [SEVERE ] removing player 2 token from slot 3
[2022-12-12 22:07:56] [SEVERE ] removing player 2 token from slot 9
[2022-12-12 22:07:56] [SEVERE ] removing player 2 token from slot 10
[2022-12-12 22:07:56] [SEVERE ] player 2 placing token on slot 4
[2022-12-12 22:07:56] [SEVERE ] player 2 placing token on slot 3
[2022-12-12 22:07:56] [SEVERE ] player 2 placing token on slot 0
[2022-12-12 22:07:56] [SEVERE ] removing player 2 token from slot 0
[2022-12-12 22:07:56] [SEVERE ] removing player 2 token from slot 3
[2022-12-12 22:07:56] [SEVERE ] removing player 2 token from slot 4
[2022-12-12 22:07:56] [SEVERE ] player 2 placing token on slot 4
[2022-12-12 22:07:56] [SEVERE ] player 2 placing token on slot 6
[2022-12-12 22:07:57] [SEVERE ] player 2 placing token on slot 7
[2022-12-12 22:07:57] [SEVERE ] removing player 2 token from slot 4
[2022-12-12 22:07:57] [SEVERE ] removing player 2 token from slot 6
[2022-12-12 22:07:57] [SEVERE ] removing player 2 token from slot 7
[2022-12-12 22:07:57] [SEVERE ] player 2 placing token on slot 3
[2022-12-12 22:07:57] [SEVERE ] player 2 placing token on slot 2
[2022-12-12 22:07:57] [SEVERE ] player 2 placing token on slot 0
[2022-12-12 22:07:57] [SEVERE ] removing player 2 token from slot 0
[2022-12-12 22:07:57] [SEVERE ] removing player 2 token from slot 2
[2022-12-12 22:07:57] [SEVERE ] removing player 2 token from slot 3
[2022-12-12 22:07:57] [SEVERE ] player 2 placing token on slot 11
[2022-12-12 22:07:57] [SEVERE ] player 2 placing token on slot 10
[2022-12-12 22:07:57] [SEVERE ] player 2 placing token on slot 0
[2022-12-12 22:07:57] [SEVERE ] removing player 2 token from slot 0
[2022-12-12 22:07:57] [SEVERE ] removing player 2 token from slot 10
[2022-12-12 22:07:57] [SEVERE ] removing player 2 token from slot 11
[2022-12-12 22:07:57] [SEVERE ] player 2 placing token on slot 7
[2022-12-12 22:07:57] [SEVERE ] player 2 placing token on slot 2
[2022-12-12 22:07:57] [SEVERE ] player 2 placing token on slot 10
[2022-12-12 22:07:57] [SEVERE ] removing player 2 token from slot 2
[2022-12-12 22:07:57] [SEVERE ] removing player 2 token from slot 7
[2022-12-12 22:07:57] [SEVERE ] removing player 2 token from slot 10
[2022-12-12 22:07:57] [SEVERE ] player 2 placing token on slot 10
[2022-12-12 22:07:57] [SEVERE ] player 2 placing token on slot 6
[2022-12-12 22:07:57] [SEVERE ] player 2 placing token on slot 11
[2022-12-12 22:07:57] [SEVERE ] removing tokens from slot 6
[2022-12-12 22:07:57] [SEVERE ] removing card from slot 6
[2022-12-12 22:07:57] [SEVERE ] removing tokens from slot 10
[2022-12-12 22:07:57] [SEVERE ] removing card from slot 10
[2022-12-12 22:07:57] [SEVERE ] removing tokens from slot 11
[2022-12-12 22:07:57] [SEVERE ] removing card from slot 11
[2022-12-12 22:07:57] [SEVERE ] setting player 2 score to 1
[2022-12-12 22:07:57] [SEVERE ] player 2 placing token on slot 5
[2022-12-12 22:07:57] [SEVERE ] player 2 placing token on slot 0
[2022-12-12 22:07:57] [SEVERE ] player 2 placing token on slot 2
[2022-12-12 22:07:57] [SEVERE ] placing card 67 in slot 6
[2022-12-12 22:07:57] [SEVERE ] placing card 66 in slot 10
[2022-12-12 22:07:57] [SEVERE ] placing card 45 in slot 11
