[2022-12-12 21:51:07] [INFO   ] cannot read configuration file config.properties trying from resources.
[2022-12-12 21:51:07] [INFO   ] configuration file was loaded from resources directory.
[2022-12-12 21:51:07] [INFO   ] Thread dealer starting.
[2022-12-12 21:51:07] [INFO   ] Thread Thread-2starting.
[2022-12-12 21:51:07] [INFO   ] Thread Thread-1starting.
[2022-12-12 21:51:07] [INFO   ] Thread Thread-0starting.
[2022-12-12 21:51:07] [INFO   ] Thread computer-2 starting.
[2022-12-12 21:51:07] [SEVERE ] placing card 59 in slot 0
[2022-12-12 21:51:07] [SEVERE ] placing card 64 in slot 1
[2022-12-12 21:51:07] [SEVERE ] placing card 4 in slot 2
[2022-12-12 21:51:08] [SEVERE ] placing card 61 in slot 3
[2022-12-12 21:51:08] [SEVERE ] placing card 24 in slot 4
[2022-12-12 21:51:08] [SEVERE ] placing card 44 in slot 5
[2022-12-12 21:51:08] [SEVERE ] placing card 12 in slot 6
[2022-12-12 21:51:08] [SEVERE ] placing card 78 in slot 7
[2022-12-12 21:51:08] [SEVERE ] placing card 34 in slot 8
[2022-12-12 21:51:08] [SEVERE ] placing card 63 in slot 9
[2022-12-12 21:51:08] [SEVERE ] placing card 14 in slot 10
[2022-12-12 21:51:08] [SEVERE ] placing card 55 in slot 11
[2022-12-12 21:51:08] [SEVERE ] player 2 placing token on slot 7
[2022-12-12 21:51:08] [SEVERE ] player 2 placing token on slot 6
[2022-12-12 21:51:09] [SEVERE ] player 2 placing token on slot 4
[2022-12-12 21:51:09] [SEVERE ] removing player 2 token from slot 4
[2022-12-12 21:51:09] [SEVERE ] removing player 2 token from slot 6
[2022-12-12 21:51:09] [SEVERE ] removing player 2 token from slot 7
[2022-12-12 21:51:09] [SEVERE ] player 2 placing token on slot 1
[2022-12-12 21:51:09] [SEVERE ] player 2 placing token on slot 5
[2022-12-12 21:51:09] [SEVERE ] player 2 placing token on slot 4
[2022-12-12 21:51:09] [SEVERE ] removing player 2 token from slot 1
[2022-12-12 21:51:09] [SEVERE ] removing player 2 token from slot 4
[2022-12-12 21:51:09] [SEVERE ] removing player 2 token from slot 5
[2022-12-12 21:51:09] [SEVERE ] player 2 placing token on slot 2
[2022-12-12 21:51:09] [SEVERE ] player 2 placing token on slot 6
[2022-12-12 21:51:09] [SEVERE ] player 2 placing token on slot 7
[2022-12-12 21:51:09] [SEVERE ] removing player 2 token from slot 2
[2022-12-12 21:51:09] [SEVERE ] removing player 2 token from slot 6
[2022-12-12 21:51:09] [SEVERE ] removing player 2 token from slot 7
[2022-12-12 21:51:09] [SEVERE ] player 2 placing token on slot 11
[2022-12-12 21:51:09] [SEVERE ] player 2 placing token on slot 6
[2022-12-12 21:51:09] [SEVERE ] player 2 placing token on slot 10
[2022-12-12 21:51:09] [SEVERE ] removing player 2 token from slot 6
[2022-12-12 21:51:09] [SEVERE ] removing player 2 token from slot 10
[2022-12-12 21:51:09] [SEVERE ] removing player 2 token from slot 11
[2022-12-12 21:51:09] [SEVERE ] player 2 placing token on slot 0
[2022-12-12 21:51:09] [SEVERE ] player 2 placing token on slot 11
[2022-12-12 21:51:09] [SEVERE ] player 2 placing token on slot 9
[2022-12-12 21:51:09] [SEVERE ] removing player 2 token from slot 0
[2022-12-12 21:51:09] [SEVERE ] removing player 2 token from slot 9
[2022-12-12 21:51:09] [SEVERE ] removing player 2 token from slot 11
[2022-12-12 21:51:09] [SEVERE ] player 2 placing token on slot 5
[2022-12-12 21:51:09] [SEVERE ] player 2 placing token on slot 4
[2022-12-12 21:51:09] [SEVERE ] player 2 placing token on slot 9
[2022-12-12 21:51:09] [SEVERE ] removing player 2 token from slot 4
[2022-12-12 21:51:09] [SEVERE ] removing player 2 token from slot 5
[2022-12-12 21:51:09] [SEVERE ] removing player 2 token from slot 9
[2022-12-12 21:51:09] [SEVERE ] player 2 placing token on slot 4
[2022-12-12 21:51:09] [SEVERE ] player 2 placing token on slot 1
[2022-12-12 21:51:09] [SEVERE ] player 2 placing token on slot 5
[2022-12-12 21:51:09] [SEVERE ] removing player 2 token from slot 1
[2022-12-12 21:51:09] [SEVERE ] removing player 2 token from slot 4
[2022-12-12 21:51:09] [SEVERE ] removing player 2 token from slot 5
[2022-12-12 21:51:09] [SEVERE ] player 2 placing token on slot 6
[2022-12-12 21:51:09] [SEVERE ] player 2 placing token on slot 5
[2022-12-12 21:51:09] [SEVERE ] player 2 placing token on slot 7
[2022-12-12 21:51:09] [SEVERE ] removing player 2 token from slot 5
[2022-12-12 21:51:09] [SEVERE ] removing player 2 token from slot 6
[2022-12-12 21:51:09] [SEVERE ] removing player 2 token from slot 7
[2022-12-12 21:51:09] [SEVERE ] player 2 placing token on slot 11
[2022-12-12 21:51:09] [SEVERE ] player 2 placing token on slot 3
[2022-12-12 21:51:09] [SEVERE ] player 2 placing token on slot 10
[2022-12-12 21:51:09] [SEVERE ] removing player 2 token from slot 3
[2022-12-12 21:51:09] [SEVERE ] removing player 2 token from slot 10
[2022-12-12 21:51:09] [SEVERE ] removing player 2 token from slot 11
[2022-12-12 21:51:09] [SEVERE ] player 2 placing token on slot 0
[2022-12-12 21:51:09] [SEVERE ] player 2 placing token on slot 4
[2022-12-12 21:51:09] [SEVERE ] player 2 placing token on slot 9
[2022-12-12 21:51:09] [SEVERE ] removing player 2 token from slot 0
[2022-12-12 21:51:09] [SEVERE ] removing player 2 token from slot 4
[2022-12-12 21:51:09] [SEVERE ] removing player 2 token from slot 9
[2022-12-12 21:51:09] [SEVERE ] player 2 placing token on slot 7
[2022-12-12 21:51:09] [SEVERE ] player 2 placing token on slot 4
[2022-12-12 21:51:09] [SEVERE ] player 2 placing token on slot 6
[2022-12-12 21:51:09] [SEVERE ] removing player 2 token from slot 4
[2022-12-12 21:51:09] [SEVERE ] removing player 2 token from slot 6
[2022-12-12 21:51:09] [SEVERE ] removing player 2 token from slot 7
[2022-12-12 21:51:10] [SEVERE ] player 2 placing token on slot 7
[2022-12-12 21:51:10] [SEVERE ] player 2 placing token on slot 6
[2022-12-12 21:51:10] [SEVERE ] player 2 placing token on slot 10
[2022-12-12 21:51:10] [SEVERE ] removing player 2 token from slot 6
[2022-12-12 21:51:10] [SEVERE ] removing player 2 token from slot 7
[2022-12-12 21:51:10] [SEVERE ] removing player 2 token from slot 10
[2022-12-12 21:51:10] [SEVERE ] player 2 placing token on slot 11
[2022-12-12 21:51:10] [SEVERE ] player 2 placing token on slot 1
[2022-12-12 21:51:10] [SEVERE ] player 2 placing token on slot 2
[2022-12-12 21:51:10] [SEVERE ] removing player 2 token from slot 1
[2022-12-12 21:51:10] [SEVERE ] removing player 2 token from slot 2
[2022-12-12 21:51:10] [SEVERE ] removing player 2 token from slot 11
[2022-12-12 21:51:10] [SEVERE ] player 2 placing token on slot 6
[2022-12-12 21:51:10] [SEVERE ] player 2 placing token on slot 11
[2022-12-12 21:51:10] [SEVERE ] player 2 placing token on slot 4
[2022-12-12 21:51:10] [SEVERE ] removing player 2 token from slot 4
[2022-12-12 21:51:10] [SEVERE ] removing player 2 token from slot 6
[2022-12-12 21:51:10] [SEVERE ] removing player 2 token from slot 11
[2022-12-12 21:51:10] [SEVERE ] player 2 placing token on slot 11
[2022-12-12 21:51:10] [SEVERE ] player 2 placing token on slot 3
[2022-12-12 21:51:10] [SEVERE ] player 2 placing token on slot 6
[2022-12-12 21:51:10] [SEVERE ] removing player 2 token from slot 3
[2022-12-12 21:51:10] [SEVERE ] removing player 2 token from slot 6
[2022-12-12 21:51:10] [SEVERE ] removing player 2 token from slot 11
[2022-12-12 21:51:10] [SEVERE ] player 2 placing token on slot 10
[2022-12-12 21:51:10] [SEVERE ] player 2 placing token on slot 6
[2022-12-12 21:51:10] [SEVERE ] player 2 placing token on slot 9
[2022-12-12 21:51:10] [SEVERE ] removing player 2 token from slot 6
[2022-12-12 21:51:10] [SEVERE ] removing player 2 token from slot 9
[2022-12-12 21:51:10] [SEVERE ] removing player 2 token from slot 10
[2022-12-12 21:51:10] [SEVERE ] player 2 placing token on slot 1
[2022-12-12 21:51:10] [SEVERE ] player 2 placing token on slot 2
[2022-12-12 21:51:10] [SEVERE ] player 2 placing token on slot 0
[2022-12-12 21:51:10] [SEVERE ] removing player 2 token from slot 0
[2022-12-12 21:51:10] [SEVERE ] removing player 2 token from slot 1
[2022-12-12 21:51:10] [SEVERE ] removing player 2 token from slot 2
[2022-12-12 21:51:10] [SEVERE ] player 2 placing token on slot 7
[2022-12-12 21:51:10] [SEVERE ] player 2 placing token on slot 6
[2022-12-12 21:51:10] [SEVERE ] player 2 placing token on slot 1
[2022-12-12 21:51:10] [SEVERE ] removing player 2 token from slot 1
[2022-12-12 21:51:10] [SEVERE ] removing player 2 token from slot 6
[2022-12-12 21:51:10] [SEVERE ] removing player 2 token from slot 7
[2022-12-12 21:51:10] [SEVERE ] player 2 placing token on slot 6
[2022-12-12 21:51:10] [SEVERE ] player 2 placing token on slot 11
[2022-12-12 21:51:10] [SEVERE ] player 2 placing token on slot 3
[2022-12-12 21:51:10] [SEVERE ] removing player 2 token from slot 3
[2022-12-12 21:51:10] [SEVERE ] removing player 2 token from slot 6
[2022-12-12 21:51:10] [SEVERE ] removing player 2 token from slot 11
[2022-12-12 21:51:10] [SEVERE ] player 2 placing token on slot 2
[2022-12-12 21:51:10] [SEVERE ] player 2 placing token on slot 3
[2022-12-12 21:51:10] [SEVERE ] player 2 placing token on slot 8
[2022-12-12 21:51:10] [SEVERE ] removing player 2 token from slot 2
[2022-12-12 21:51:10] [SEVERE ] removing player 2 token from slot 3
[2022-12-12 21:51:10] [SEVERE ] removing player 2 token from slot 8
[2022-12-12 21:51:10] [SEVERE ] player 2 placing token on slot 10
[2022-12-12 21:51:10] [SEVERE ] player 2 placing token on slot 8
[2022-12-12 21:51:10] [SEVERE ] player 2 placing token on slot 3
[2022-12-12 21:51:10] [SEVERE ] removing player 2 token from slot 3
[2022-12-12 21:51:10] [SEVERE ] removing player 2 token from slot 8
[2022-12-12 21:51:10] [SEVERE ] removing player 2 token from slot 10
[2022-12-12 21:51:10] [SEVERE ] player 2 placing token on slot 4
[2022-12-12 21:51:10] [SEVERE ] player 2 placing token on slot 3
[2022-12-12 21:51:10] [SEVERE ] player 2 placing token on slot 1
[2022-12-12 21:51:10] [SEVERE ] removing player 2 token from slot 1
[2022-12-12 21:51:10] [SEVERE ] removing player 2 token from slot 3
[2022-12-12 21:51:10] [SEVERE ] removing player 2 token from slot 4
[2022-12-12 21:51:10] [SEVERE ] player 2 placing token on slot 10
[2022-12-12 21:51:10] [SEVERE ] player 2 placing token on slot 2
[2022-12-12 21:51:10] [SEVERE ] player 2 placing token on slot 7
[2022-12-12 21:51:10] [SEVERE ] removing player 2 token from slot 2
[2022-12-12 21:51:10] [SEVERE ] removing player 2 token from slot 7
[2022-12-12 21:51:10] [SEVERE ] removing player 2 token from slot 10
[2022-12-12 21:51:11] [SEVERE ] player 2 placing token on slot 4
[2022-12-12 21:51:11] [SEVERE ] player 2 placing token on slot 6
[2022-12-12 21:51:11] [SEVERE ] player 2 placing token on slot 10
[2022-12-12 21:51:11] [SEVERE ] removing player 2 token from slot 4
[2022-12-12 21:51:11] [SEVERE ] removing player 2 token from slot 6
[2022-12-12 21:51:11] [SEVERE ] removing player 2 token from slot 10
[2022-12-12 21:51:11] [SEVERE ] player 2 placing token on slot 7
[2022-12-12 21:51:11] [SEVERE ] player 2 placing token on slot 10
[2022-12-12 21:51:11] [SEVERE ] player 2 placing token on slot 4
[2022-12-12 21:51:11] [SEVERE ] removing player 2 token from slot 4
[2022-12-12 21:51:11] [SEVERE ] removing player 2 token from slot 7
[2022-12-12 21:51:11] [SEVERE ] removing player 2 token from slot 10
[2022-12-12 21:51:11] [SEVERE ] player 2 placing token on slot 7
[2022-12-12 21:51:11] [SEVERE ] player 2 placing token on slot 8
[2022-12-12 21:51:11] [SEVERE ] player 2 placing token on slot 2
[2022-12-12 21:51:11] [SEVERE ] removing player 2 token from slot 2
[2022-12-12 21:51:11] [SEVERE ] removing player 2 token from slot 7
[2022-12-12 21:51:11] [SEVERE ] removing player 2 token from slot 8
[2022-12-12 21:51:11] [SEVERE ] player 2 placing token on slot 9
[2022-12-12 21:51:11] [SEVERE ] player 2 placing token on slot 5
[2022-12-12 21:51:11] [SEVERE ] player 2 placing token on slot 1
[2022-12-12 21:51:11] [SEVERE ] removing player 2 token from slot 1
[2022-12-12 21:51:11] [SEVERE ] removing player 2 token from slot 5
[2022-12-12 21:51:11] [SEVERE ] removing player 2 token from slot 9
[2022-12-12 21:51:11] [SEVERE ] player 2 placing token on slot 0
[2022-12-12 21:51:11] [SEVERE ] player 2 placing token on slot 11
[2022-12-12 21:51:11] [SEVERE ] player 2 placing token on slot 1
[2022-12-12 21:51:11] [SEVERE ] removing player 2 token from slot 0
[2022-12-12 21:51:11] [SEVERE ] removing player 2 token from slot 1
[2022-12-12 21:51:11] [SEVERE ] removing player 2 token from slot 11
[2022-12-12 21:51:11] [SEVERE ] player 2 placing token on slot 3
[2022-12-12 21:51:11] [SEVERE ] player 2 placing token on slot 8
[2022-12-12 21:51:11] [SEVERE ] player 2 placing token on slot 2
[2022-12-12 21:51:11] [SEVERE ] removing player 2 token from slot 2
[2022-12-12 21:51:11] [SEVERE ] removing player 2 token from slot 3
[2022-12-12 21:51:11] [SEVERE ] removing player 2 token from slot 8
[2022-12-12 21:51:11] [SEVERE ] player 2 placing token on slot 0
[2022-12-12 21:51:11] [SEVERE ] player 2 placing token on slot 8
[2022-12-12 21:51:11] [SEVERE ] player 2 placing token on slot 10
[2022-12-12 21:51:11] [SEVERE ] removing player 2 token from slot 0
[2022-12-12 21:51:11] [SEVERE ] removing player 2 token from slot 8
[2022-12-12 21:51:11] [SEVERE ] removing player 2 token from slot 10
[2022-12-12 21:51:11] [SEVERE ] player 2 placing token on slot 2
[2022-12-12 21:51:11] [SEVERE ] player 2 placing token on slot 10
[2022-12-12 21:51:11] [SEVERE ] player 2 placing token on slot 3
[2022-12-12 21:51:11] [SEVERE ] removing player 2 token from slot 2
[2022-12-12 21:51:11] [SEVERE ] removing player 2 token from slot 3
[2022-12-12 21:51:11] [SEVERE ] removing player 2 token from slot 10
[2022-12-12 21:51:11] [SEVERE ] player 2 placing token on slot 1
[2022-12-12 21:51:11] [SEVERE ] player 2 placing token on slot 4
[2022-12-12 21:51:11] [SEVERE ] player 2 placing token on slot 8
[2022-12-12 21:51:11] [SEVERE ] removing player 2 token from slot 1
[2022-12-12 21:51:11] [SEVERE ] removing player 2 token from slot 4
[2022-12-12 21:51:11] [SEVERE ] removing player 2 token from slot 8
[2022-12-12 21:51:11] [SEVERE ] player 2 placing token on slot 8
[2022-12-12 21:51:11] [SEVERE ] player 2 placing token on slot 0
[2022-12-12 21:51:11] [SEVERE ] player 2 placing token on slot 9
[2022-12-12 21:51:11] [SEVERE ] removing player 2 token from slot 0
[2022-12-12 21:51:11] [SEVERE ] removing player 2 token from slot 8
[2022-12-12 21:51:11] [SEVERE ] removing player 2 token from slot 9
[2022-12-12 21:51:11] [SEVERE ] player 2 placing token on slot 0
[2022-12-12 21:51:11] [SEVERE ] player 2 placing token on slot 4
[2022-12-12 21:51:11] [SEVERE ] player 2 placing token on slot 7
[2022-12-12 21:51:11] [SEVERE ] removing player 2 token from slot 0
[2022-12-12 21:51:11] [SEVERE ] removing player 2 token from slot 4
[2022-12-12 21:51:11] [SEVERE ] removing player 2 token from slot 7
[2022-12-12 21:51:11] [SEVERE ] player 2 placing token on slot 4
[2022-12-12 21:51:11] [SEVERE ] player 2 placing token on slot 7
[2022-12-12 21:51:11] [SEVERE ] player 2 placing token on slot 3
[2022-12-12 21:51:11] [SEVERE ] removing player 2 token from slot 3
[2022-12-12 21:51:12] [SEVERE ] removing player 2 token from slot 4
[2022-12-12 21:51:12] [SEVERE ] removing player 2 token from slot 7
[2022-12-12 21:51:12] [SEVERE ] player 2 placing token on slot 1
[2022-12-12 21:51:12] [SEVERE ] player 2 placing token on slot 5
[2022-12-12 21:51:12] [SEVERE ] player 2 placing token on slot 6
[2022-12-12 21:51:12] [SEVERE ] removing tokens from slot 1
[2022-12-12 21:51:12] [SEVERE ] removing card from slot 1
[2022-12-12 21:51:12] [SEVERE ] removing tokens from slot 5
[2022-12-12 21:51:12] [SEVERE ] removing card from slot 5
[2022-12-12 21:51:12] [SEVERE ] removing tokens from slot 6
[2022-12-12 21:51:12] [SEVERE ] removing card from slot 6
[2022-12-12 21:51:12] [SEVERE ] setting player 2 score to 1
[2022-12-12 21:51:12] [SEVERE ] player 2 placing token on slot 2
[2022-12-12 21:51:12] [SEVERE ] player 2 placing token on slot 10
[2022-12-12 21:51:12] [SEVERE ] player 2 placing token on slot 8
[2022-12-12 21:51:12] [SEVERE ] placing card 21 in slot 1
[2022-12-12 21:51:12] [SEVERE ] placing card 16 in slot 5
[2022-12-12 21:51:12] [SEVERE ] placing card 65 in slot 6
