[2022-12-12 18:59:52] [INFO   ] cannot read configuration file config.properties trying from resources.
[2022-12-12 18:59:52] [INFO   ] configuration file was loaded from resources directory.
[2022-12-12 18:59:52] [INFO   ] Thread dealer starting.
[2022-12-12 18:59:52] [INFO   ] Thread Thread-1starting.
[2022-12-12 18:59:52] [INFO   ] Thread Thread-0starting.
[2022-12-12 18:59:52] [SEVERE ] placing card 59 in slot 0
[2022-12-12 18:59:52] [SEVERE ] placing card 8 in slot 1
[2022-12-12 18:59:53] [SEVERE ] placing card 12 in slot 2
[2022-12-12 18:59:53] [SEVERE ] placing card 57 in slot 3
[2022-12-12 18:59:53] [SEVERE ] placing card 40 in slot 4
[2022-12-12 18:59:53] [SEVERE ] placing card 67 in slot 5
[2022-12-12 18:59:53] [SEVERE ] placing card 71 in slot 6
[2022-12-12 18:59:53] [SEVERE ] placing card 1 in slot 7
[2022-12-12 18:59:53] [SEVERE ] placing card 46 in slot 8
[2022-12-12 18:59:53] [SEVERE ] placing card 56 in slot 9
[2022-12-12 18:59:53] [SEVERE ] placing card 15 in slot 10
[2022-12-12 18:59:54] [SEVERE ] placing card 27 in slot 11
[2022-12-12 18:59:54] [SEVERE ] Key 81 was pressed by player 0
[2022-12-12 18:59:54] [SEVERE ] player 0 placing token on slot 0
[2022-12-12 18:59:55] [SEVERE ] Key 87 was pressed by player 0
[2022-12-12 18:59:55] [SEVERE ] player 0 placing token on slot 1
[2022-12-12 18:59:56] [SEVERE ] Key 69 was pressed by player 0
[2022-12-12 18:59:56] [SEVERE ] player 0 placing token on slot 2
[2022-12-12 18:59:57] [SEVERE ] Key 69 was pressed by player 0
