[2022-12-12 21:26:58] [INFO   ] cannot read configuration file config.properties trying from resources.
[2022-12-12 21:26:58] [INFO   ] configuration file was loaded from resources directory.
[2022-12-12 21:26:58] [INFO   ] Thread Thread-0starting.
[2022-12-12 21:26:58] [INFO   ] Thread Thread-2starting.
[2022-12-12 21:26:58] [INFO   ] Thread Thread-1starting.
[2022-12-12 21:26:58] [INFO   ] Thread dealer starting.
[2022-12-12 21:26:58] [INFO   ] Thread computer-2 starting.
[2022-12-12 21:26:58] [SEVERE ] placing card 26 in slot 0
[2022-12-12 21:26:58] [SEVERE ] placing card 21 in slot 1
[2022-12-12 21:26:59] [SEVERE ] placing card 17 in slot 2
[2022-12-12 21:26:59] [SEVERE ] placing card 62 in slot 3
[2022-12-12 21:26:59] [SEVERE ] placing card 2 in slot 4
[2022-12-12 21:26:59] [SEVERE ] placing card 5 in slot 5
[2022-12-12 21:26:59] [SEVERE ] placing card 66 in slot 6
[2022-12-12 21:26:59] [SEVERE ] placing card 32 in slot 7
[2022-12-12 21:26:59] [SEVERE ] placing card 16 in slot 8
[2022-12-12 21:26:59] [SEVERE ] placing card 38 in slot 9
[2022-12-12 21:26:59] [SEVERE ] placing card 41 in slot 10
[2022-12-12 21:27:00] [SEVERE ] placing card 63 in slot 11
[2022-12-12 21:27:00] [SEVERE ] player 2 placing token on slot 5
[2022-12-12 21:27:00] [SEVERE ] player 2 placing token on slot 9
[2022-12-12 21:27:00] [SEVERE ] player 2 placing token on slot 3
[2022-12-12 21:27:00] [SEVERE ] removing player 2 token from slot 3
[2022-12-12 21:27:00] [SEVERE ] removing player 2 token from slot 5
[2022-12-12 21:27:00] [SEVERE ] removing player 2 token from slot 9
[2022-12-12 21:27:00] [SEVERE ] player 2 placing token on slot 4
[2022-12-12 21:27:00] [SEVERE ] player 2 placing token on slot 0
[2022-12-12 21:27:00] [SEVERE ] player 2 placing token on slot 2
[2022-12-12 21:27:00] [SEVERE ] removing player 2 token from slot 0
[2022-12-12 21:27:00] [SEVERE ] removing player 2 token from slot 2
[2022-12-12 21:27:00] [SEVERE ] removing player 2 token from slot 4
[2022-12-12 21:27:00] [SEVERE ] player 2 placing token on slot 3
[2022-12-12 21:27:00] [SEVERE ] player 2 placing token on slot 7
[2022-12-12 21:27:00] [SEVERE ] player 2 placing token on slot 8
[2022-12-12 21:27:00] [SEVERE ] removing player 2 token from slot 3
[2022-12-12 21:27:00] [SEVERE ] removing player 2 token from slot 7
[2022-12-12 21:27:00] [SEVERE ] removing player 2 token from slot 8
[2022-12-12 21:27:00] [SEVERE ] player 2 placing token on slot 3
[2022-12-12 21:27:00] [SEVERE ] player 2 placing token on slot 1
[2022-12-12 21:27:00] [SEVERE ] player 2 placing token on slot 2
[2022-12-12 21:27:00] [SEVERE ] removing player 2 token from slot 1
[2022-12-12 21:27:00] [SEVERE ] removing player 2 token from slot 2
[2022-12-12 21:27:00] [SEVERE ] removing player 2 token from slot 3
[2022-12-12 21:27:00] [SEVERE ] player 2 placing token on slot 7
[2022-12-12 21:27:00] [SEVERE ] player 2 placing token on slot 0
[2022-12-12 21:27:00] [SEVERE ] player 2 placing token on slot 4
[2022-12-12 21:27:00] [SEVERE ] removing player 2 token from slot 0
[2022-12-12 21:27:00] [SEVERE ] removing player 2 token from slot 4
[2022-12-12 21:27:00] [SEVERE ] removing player 2 token from slot 7
[2022-12-12 21:27:00] [SEVERE ] player 2 placing token on slot 2
[2022-12-12 21:27:00] [SEVERE ] player 2 placing token on slot 4
[2022-12-12 21:27:00] [SEVERE ] player 2 placing token on slot 5
[2022-12-12 21:27:00] [SEVERE ] removing player 2 token from slot 2
[2022-12-12 21:27:00] [SEVERE ] removing player 2 token from slot 4
[2022-12-12 21:27:00] [SEVERE ] removing player 2 token from slot 5
[2022-12-12 21:27:00] [SEVERE ] player 2 placing token on slot 9
[2022-12-12 21:27:00] [SEVERE ] player 2 placing token on slot 8
[2022-12-12 21:27:00] [SEVERE ] player 2 placing token on slot 7
[2022-12-12 21:27:00] [SEVERE ] removing player 2 token from slot 7
[2022-12-12 21:27:00] [SEVERE ] removing player 2 token from slot 8
[2022-12-12 21:27:00] [SEVERE ] removing player 2 token from slot 9
[2022-12-12 21:27:00] [SEVERE ] player 2 placing token on slot 10
[2022-12-12 21:27:00] [SEVERE ] player 2 placing token on slot 6
[2022-12-12 21:27:00] [SEVERE ] player 2 placing token on slot 11
[2022-12-12 21:27:00] [SEVERE ] removing player 2 token from slot 6
[2022-12-12 21:27:00] [SEVERE ] removing player 2 token from slot 10
[2022-12-12 21:27:00] [SEVERE ] removing player 2 token from slot 11
[2022-12-12 21:27:00] [SEVERE ] player 2 placing token on slot 10
[2022-12-12 21:27:00] [SEVERE ] player 2 placing token on slot 1
[2022-12-12 21:27:00] [SEVERE ] player 2 placing token on slot 3
[2022-12-12 21:27:00] [SEVERE ] removing player 2 token from slot 1
[2022-12-12 21:27:00] [SEVERE ] removing player 2 token from slot 3
[2022-12-12 21:27:00] [SEVERE ] removing player 2 token from slot 10
[2022-12-12 21:27:00] [SEVERE ] player 2 placing token on slot 0
[2022-12-12 21:27:00] [SEVERE ] player 2 placing token on slot 6
[2022-12-12 21:27:00] [SEVERE ] player 2 placing token on slot 5
[2022-12-12 21:27:00] [SEVERE ] removing player 2 token from slot 0
[2022-12-12 21:27:00] [SEVERE ] removing player 2 token from slot 5
[2022-12-12 21:27:00] [SEVERE ] removing player 2 token from slot 6
[2022-12-12 21:27:00] [SEVERE ] player 2 placing token on slot 3
[2022-12-12 21:27:00] [SEVERE ] player 2 placing token on slot 7
[2022-12-12 21:27:00] [SEVERE ] player 2 placing token on slot 11
[2022-12-12 21:27:00] [SEVERE ] removing player 2 token from slot 3
[2022-12-12 21:27:00] [SEVERE ] removing player 2 token from slot 7
[2022-12-12 21:27:00] [SEVERE ] removing player 2 token from slot 11
[2022-12-12 21:27:01] [SEVERE ] player 2 placing token on slot 6
[2022-12-12 21:27:01] [SEVERE ] player 2 placing token on slot 8
[2022-12-12 21:27:01] [SEVERE ] player 2 placing token on slot 2
[2022-12-12 21:27:01] [SEVERE ] removing player 2 token from slot 2
[2022-12-12 21:27:01] [SEVERE ] removing player 2 token from slot 6
[2022-12-12 21:27:01] [SEVERE ] removing player 2 token from slot 8
[2022-12-12 21:27:01] [SEVERE ] player 2 placing token on slot 5
[2022-12-12 21:27:01] [SEVERE ] player 2 placing token on slot 3
[2022-12-12 21:27:01] [SEVERE ] player 2 placing token on slot 10
[2022-12-12 21:27:01] [SEVERE ] removing player 2 token from slot 3
[2022-12-12 21:27:01] [SEVERE ] removing player 2 token from slot 5
[2022-12-12 21:27:01] [SEVERE ] removing player 2 token from slot 10
[2022-12-12 21:27:01] [SEVERE ] player 2 placing token on slot 9
[2022-12-12 21:27:01] [SEVERE ] player 2 placing token on slot 11
[2022-12-12 21:27:01] [SEVERE ] player 2 placing token on slot 6
[2022-12-12 21:27:01] [SEVERE ] removing player 2 token from slot 6
[2022-12-12 21:27:01] [SEVERE ] removing player 2 token from slot 9
[2022-12-12 21:27:01] [SEVERE ] removing player 2 token from slot 11
[2022-12-12 21:27:01] [SEVERE ] player 2 placing token on slot 5
[2022-12-12 21:27:01] [SEVERE ] player 2 placing token on slot 2
[2022-12-12 21:27:01] [SEVERE ] player 2 placing token on slot 1
[2022-12-12 21:27:01] [SEVERE ] removing player 2 token from slot 1
[2022-12-12 21:27:01] [SEVERE ] removing player 2 token from slot 2
[2022-12-12 21:27:01] [SEVERE ] removing player 2 token from slot 5
[2022-12-12 21:27:01] [SEVERE ] player 2 placing token on slot 11
[2022-12-12 21:27:01] [SEVERE ] player 2 placing token on slot 2
[2022-12-12 21:27:01] [SEVERE ] player 2 placing token on slot 1
[2022-12-12 21:27:01] [SEVERE ] removing player 2 token from slot 1
[2022-12-12 21:27:01] [SEVERE ] removing player 2 token from slot 2
[2022-12-12 21:27:01] [SEVERE ] removing player 2 token from slot 11
[2022-12-12 21:27:01] [SEVERE ] player 2 placing token on slot 8
[2022-12-12 21:27:01] [SEVERE ] player 2 placing token on slot 10
[2022-12-12 21:27:01] [SEVERE ] player 2 placing token on slot 4
[2022-12-12 21:27:01] [SEVERE ] removing player 2 token from slot 4
[2022-12-12 21:27:01] [SEVERE ] removing player 2 token from slot 8
[2022-12-12 21:27:01] [SEVERE ] removing player 2 token from slot 10
[2022-12-12 21:27:01] [SEVERE ] player 2 placing token on slot 1
[2022-12-12 21:27:01] [SEVERE ] player 2 placing token on slot 9
[2022-12-12 21:27:01] [SEVERE ] player 2 placing token on slot 4
[2022-12-12 21:27:01] [SEVERE ] removing player 2 token from slot 1
[2022-12-12 21:27:01] [SEVERE ] removing player 2 token from slot 4
[2022-12-12 21:27:01] [SEVERE ] removing player 2 token from slot 9
[2022-12-12 21:27:01] [SEVERE ] player 2 placing token on slot 8
[2022-12-12 21:27:01] [SEVERE ] player 2 placing token on slot 10
[2022-12-12 21:27:01] [SEVERE ] player 2 placing token on slot 0
[2022-12-12 21:27:01] [SEVERE ] removing player 2 token from slot 0
[2022-12-12 21:27:01] [SEVERE ] removing player 2 token from slot 8
[2022-12-12 21:27:01] [SEVERE ] removing player 2 token from slot 10
[2022-12-12 21:27:01] [SEVERE ] player 2 placing token on slot 10
[2022-12-12 21:27:01] [SEVERE ] player 2 placing token on slot 1
[2022-12-12 21:27:01] [SEVERE ] player 2 placing token on slot 4
[2022-12-12 21:27:01] [SEVERE ] removing player 2 token from slot 1
[2022-12-12 21:27:01] [SEVERE ] removing player 2 token from slot 4
[2022-12-12 21:27:01] [SEVERE ] removing player 2 token from slot 10
[2022-12-12 21:27:01] [SEVERE ] player 2 placing token on slot 8
[2022-12-12 21:27:01] [SEVERE ] player 2 placing token on slot 7
[2022-12-12 21:27:01] [SEVERE ] player 2 placing token on slot 1
[2022-12-12 21:27:01] [SEVERE ] removing player 2 token from slot 1
[2022-12-12 21:27:01] [SEVERE ] removing player 2 token from slot 7
[2022-12-12 21:27:01] [SEVERE ] removing player 2 token from slot 8
[2022-12-12 21:27:01] [SEVERE ] player 2 placing token on slot 6
[2022-12-12 21:27:01] [SEVERE ] player 2 placing token on slot 1
[2022-12-12 21:27:01] [SEVERE ] player 2 placing token on slot 10
[2022-12-12 21:27:01] [SEVERE ] removing player 2 token from slot 1
[2022-12-12 21:27:01] [SEVERE ] removing player 2 token from slot 6
[2022-12-12 21:27:01] [SEVERE ] removing player 2 token from slot 10
[2022-12-12 21:27:02] [SEVERE ] player 2 placing token on slot 7
[2022-12-12 21:27:02] [SEVERE ] player 2 placing token on slot 1
[2022-12-12 21:27:02] [SEVERE ] player 2 placing token on slot 11
[2022-12-12 21:27:02] [SEVERE ] removing player 2 token from slot 1
[2022-12-12 21:27:02] [SEVERE ] removing player 2 token from slot 7
[2022-12-12 21:27:02] [SEVERE ] removing player 2 token from slot 11
[2022-12-12 21:27:02] [SEVERE ] player 2 placing token on slot 0
[2022-12-12 21:27:02] [SEVERE ] player 2 placing token on slot 11
[2022-12-12 21:27:02] [SEVERE ] player 2 placing token on slot 2
[2022-12-12 21:27:02] [SEVERE ] removing player 2 token from slot 0
[2022-12-12 21:27:02] [SEVERE ] removing player 2 token from slot 2
[2022-12-12 21:27:02] [SEVERE ] removing player 2 token from slot 11
[2022-12-12 21:27:02] [SEVERE ] player 2 placing token on slot 1
[2022-12-12 21:27:02] [SEVERE ] player 2 placing token on slot 2
[2022-12-12 21:27:02] [SEVERE ] player 2 placing token on slot 9
[2022-12-12 21:27:02] [SEVERE ] removing player 2 token from slot 1
[2022-12-12 21:27:02] [SEVERE ] removing player 2 token from slot 2
[2022-12-12 21:27:02] [SEVERE ] removing player 2 token from slot 9
[2022-12-12 21:27:02] [SEVERE ] player 2 placing token on slot 1
[2022-12-12 21:27:02] [SEVERE ] player 2 placing token on slot 8
[2022-12-12 21:27:02] [SEVERE ] player 2 placing token on slot 10
[2022-12-12 21:27:02] [SEVERE ] removing player 2 token from slot 1
[2022-12-12 21:27:02] [SEVERE ] removing player 2 token from slot 8
[2022-12-12 21:27:02] [SEVERE ] removing player 2 token from slot 10
[2022-12-12 21:27:02] [SEVERE ] player 2 placing token on slot 2
[2022-12-12 21:27:02] [SEVERE ] player 2 placing token on slot 0
[2022-12-12 21:27:02] [SEVERE ] player 2 placing token on slot 11
[2022-12-12 21:27:02] [SEVERE ] removing player 2 token from slot 0
[2022-12-12 21:27:02] [SEVERE ] removing player 2 token from slot 2
[2022-12-12 21:27:02] [SEVERE ] removing player 2 token from slot 11
[2022-12-12 21:27:02] [SEVERE ] player 2 placing token on slot 5
[2022-12-12 21:27:02] [SEVERE ] player 2 placing token on slot 7
[2022-12-12 21:27:02] [SEVERE ] player 2 placing token on slot 2
[2022-12-12 21:27:02] [SEVERE ] removing player 2 token from slot 2
[2022-12-12 21:27:02] [SEVERE ] removing player 2 token from slot 5
[2022-12-12 21:27:02] [SEVERE ] removing player 2 token from slot 7
[2022-12-12 21:27:02] [SEVERE ] player 2 placing token on slot 7
[2022-12-12 21:27:02] [SEVERE ] player 2 placing token on slot 2
[2022-12-12 21:27:02] [SEVERE ] player 2 placing token on slot 3
[2022-12-12 21:27:02] [SEVERE ] removing player 2 token from slot 2
[2022-12-12 21:27:02] [SEVERE ] removing player 2 token from slot 3
[2022-12-12 21:27:02] [SEVERE ] removing player 2 token from slot 7
[2022-12-12 21:27:02] [SEVERE ] player 2 placing token on slot 11
[2022-12-12 21:27:02] [SEVERE ] player 2 placing token on slot 2
[2022-12-12 21:27:02] [SEVERE ] player 2 placing token on slot 7
[2022-12-12 21:27:02] [SEVERE ] removing player 2 token from slot 2
[2022-12-12 21:27:02] [SEVERE ] removing player 2 token from slot 7
[2022-12-12 21:27:02] [SEVERE ] removing player 2 token from slot 11
[2022-12-12 21:27:02] [SEVERE ] player 2 placing token on slot 7
[2022-12-12 21:27:02] [SEVERE ] player 2 placing token on slot 11
[2022-12-12 21:27:02] [SEVERE ] player 2 placing token on slot 2
[2022-12-12 21:27:02] [SEVERE ] removing player 2 token from slot 2
[2022-12-12 21:27:02] [SEVERE ] removing player 2 token from slot 7
[2022-12-12 21:27:02] [SEVERE ] removing player 2 token from slot 11
[2022-12-12 21:27:02] [SEVERE ] player 2 placing token on slot 10
[2022-12-12 21:27:02] [SEVERE ] player 2 placing token on slot 9
[2022-12-12 21:27:02] [SEVERE ] player 2 placing token on slot 5
[2022-12-12 21:27:02] [SEVERE ] removing player 2 token from slot 5
[2022-12-12 21:27:02] [SEVERE ] removing player 2 token from slot 9
[2022-12-12 21:27:02] [SEVERE ] removing player 2 token from slot 10
[2022-12-12 21:27:02] [SEVERE ] player 2 placing token on slot 8
[2022-12-12 21:27:02] [SEVERE ] player 2 placing token on slot 3
[2022-12-12 21:27:03] [SEVERE ] player 2 placing token on slot 9
[2022-12-12 21:27:03] [SEVERE ] removing player 2 token from slot 3
[2022-12-12 21:27:03] [SEVERE ] removing player 2 token from slot 8
[2022-12-12 21:27:03] [SEVERE ] removing player 2 token from slot 9
[2022-12-12 21:27:03] [SEVERE ] player 2 placing token on slot 6
[2022-12-12 21:27:03] [SEVERE ] player 2 placing token on slot 3
[2022-12-12 21:27:03] [SEVERE ] player 2 placing token on slot 10
[2022-12-12 21:27:03] [SEVERE ] removing player 2 token from slot 3
[2022-12-12 21:27:03] [SEVERE ] removing player 2 token from slot 6
[2022-12-12 21:27:03] [SEVERE ] removing player 2 token from slot 10
[2022-12-12 21:27:03] [SEVERE ] player 2 placing token on slot 1
[2022-12-12 21:27:03] [SEVERE ] player 2 placing token on slot 8
[2022-12-12 21:27:03] [SEVERE ] player 2 placing token on slot 10
[2022-12-12 21:27:03] [SEVERE ] removing player 2 token from slot 1
[2022-12-12 21:27:03] [SEVERE ] removing player 2 token from slot 8
[2022-12-12 21:27:03] [SEVERE ] removing player 2 token from slot 10
[2022-12-12 21:27:03] [SEVERE ] player 2 placing token on slot 8
[2022-12-12 21:27:03] [SEVERE ] player 2 placing token on slot 4
[2022-12-12 21:27:03] [SEVERE ] player 2 placing token on slot 10
[2022-12-12 21:27:03] [SEVERE ] removing player 2 token from slot 4
[2022-12-12 21:27:03] [SEVERE ] removing player 2 token from slot 8
[2022-12-12 21:27:03] [SEVERE ] removing player 2 token from slot 10
[2022-12-12 21:27:03] [SEVERE ] player 2 placing token on slot 1
[2022-12-12 21:27:03] [SEVERE ] player 2 placing token on slot 9
[2022-12-12 21:27:03] [SEVERE ] player 2 placing token on slot 11
[2022-12-12 21:27:03] [SEVERE ] removing player 2 token from slot 1
[2022-12-12 21:27:03] [SEVERE ] removing player 2 token from slot 9
[2022-12-12 21:27:03] [SEVERE ] removing player 2 token from slot 11
[2022-12-12 21:27:03] [SEVERE ] player 2 placing token on slot 1
[2022-12-12 21:27:03] [SEVERE ] player 2 placing token on slot 11
[2022-12-12 21:27:03] [SEVERE ] player 2 placing token on slot 2
[2022-12-12 21:27:03] [SEVERE ] removing player 2 token from slot 1
[2022-12-12 21:27:03] [SEVERE ] removing player 2 token from slot 2
[2022-12-12 21:27:03] [SEVERE ] removing player 2 token from slot 11
[2022-12-12 21:27:03] [SEVERE ] player 2 placing token on slot 1
[2022-12-12 21:27:03] [SEVERE ] player 2 placing token on slot 10
[2022-12-12 21:27:03] [SEVERE ] player 2 placing token on slot 7
[2022-12-12 21:27:03] [SEVERE ] removing player 2 token from slot 1
[2022-12-12 21:27:03] [SEVERE ] removing player 2 token from slot 7
[2022-12-12 21:27:03] [SEVERE ] removing player 2 token from slot 10
[2022-12-12 21:27:03] [SEVERE ] player 2 placing token on slot 9
[2022-12-12 21:27:03] [SEVERE ] player 2 placing token on slot 6
[2022-12-12 21:27:03] [SEVERE ] player 2 placing token on slot 8
[2022-12-12 21:27:03] [SEVERE ] removing tokens from slot 6
[2022-12-12 21:27:03] [SEVERE ] removing card from slot 6
[2022-12-12 21:27:03] [SEVERE ] removing tokens from slot 8
[2022-12-12 21:27:03] [SEVERE ] removing card from slot 8
[2022-12-12 21:27:03] [SEVERE ] removing tokens from slot 9
[2022-12-12 21:27:03] [SEVERE ] removing card from slot 9
[2022-12-12 21:27:03] [SEVERE ] setting player 2 score to 1
[2022-12-12 21:27:04] [SEVERE ] player 2 placing token on slot 1
[2022-12-12 21:27:04] [SEVERE ] placing card 30 in slot 6
[2022-12-12 21:27:04] [SEVERE ] player 2 placing token on slot 2
[2022-12-12 21:27:04] [SEVERE ] player 2 placing token on slot 6
[2022-12-12 21:27:04] [SEVERE ] placing card 73 in slot 8
[2022-12-12 21:27:04] [SEVERE ] placing card 77 in slot 9
