[2022-12-10 12:58:33] [INFO   ] cannot read configuration file config.properties trying from resources.
[2022-12-10 12:58:33] [INFO   ] configuration file was loaded from resources directory.
[2022-12-10 12:58:33] [INFO   ] Thread Thread-0starting.
[2022-12-10 12:58:33] [INFO   ] Thread dealer starting.
[2022-12-10 12:58:33] [INFO   ] Thread Thread-2starting.
[2022-12-10 12:58:33] [INFO   ] Thread Thread-1starting.
[2022-12-10 12:58:33] [INFO   ] Thread computer-2 starting.
[2022-12-10 12:58:33] [SEVERE ] placing card 47 in slot 0
[2022-12-10 12:58:33] [SEVERE ] placing card 22 in slot 1
[2022-12-10 12:58:34] [SEVERE ] placing card 8 in slot 2
[2022-12-10 12:58:34] [SEVERE ] placing card 60 in slot 3
[2022-12-10 12:58:34] [SEVERE ] placing card 65 in slot 4
[2022-12-10 12:58:34] [SEVERE ] placing card 78 in slot 5
[2022-12-10 12:58:34] [SEVERE ] placing card 38 in slot 6
[2022-12-10 12:58:34] [SEVERE ] placing card 62 in slot 7
[2022-12-10 12:58:34] [SEVERE ] placing card 71 in slot 8
[2022-12-10 12:58:34] [SEVERE ] placing card 41 in slot 9
[2022-12-10 12:58:34] [SEVERE ] placing card 23 in slot 10
[2022-12-10 12:58:35] [SEVERE ] placing card 18 in slot 11
[2022-12-10 12:58:36] [SEVERE ] player 2 placing token on slot 9
[2022-12-10 12:58:37] [SEVERE ] player 2 placing token on slot 2
[2022-12-10 12:58:38] [SEVERE ] player 2 placing token on slot 5
[2022-12-10 12:58:38] [SEVERE ] removing player 2 token from slot 2
[2022-12-10 12:58:38] [SEVERE ] removing player 2 token from slot 5
[2022-12-10 12:58:38] [SEVERE ] removing player 2 token from slot 9
[2022-12-10 12:58:42] [SEVERE ] player 2 placing token on slot 6
[2022-12-10 12:58:43] [SEVERE ] player 2 placing token on slot 11
[2022-12-10 12:58:43] [SEVERE ] player 2 placing token on slot 0
[2022-12-10 12:58:43] [SEVERE ] removing player 2 token from slot 0
[2022-12-10 12:58:43] [SEVERE ] removing player 2 token from slot 6
[2022-12-10 12:58:43] [SEVERE ] removing player 2 token from slot 11
[2022-12-10 12:58:47] [SEVERE ] player 2 placing token on slot 7
[2022-12-10 12:58:48] [SEVERE ] player 2 placing token on slot 3
