[2022-12-10 11:54:29] [INFO   ] cannot read configuration file config.properties trying from resources.
[2022-12-10 11:54:29] [INFO   ] configuration file was loaded from resources directory.
[2022-12-10 11:54:29] [INFO   ] Thread dealer starting.
[2022-12-10 11:54:29] [INFO   ] Thread Thread-1starting.
[2022-12-10 11:54:29] [INFO   ] Thread Thread-0starting.
[2022-12-10 11:54:29] [SEVERE ] placing card 47 in slot 0
[2022-12-10 11:54:29] [SEVERE ] placing card 42 in slot 1
[2022-12-10 11:54:30] [SEVERE ] placing card 38 in slot 2
[2022-12-10 11:54:30] [SEVERE ] placing card 26 in slot 3
[2022-12-10 11:54:30] [SEVERE ] placing card 71 in slot 4
[2022-12-10 11:54:30] [SEVERE ] placing card 12 in slot 5
[2022-12-10 11:54:30] [SEVERE ] placing card 74 in slot 6
[2022-12-10 11:54:30] [SEVERE ] placing card 7 in slot 7
[2022-12-10 11:54:30] [SEVERE ] placing card 39 in slot 8
[2022-12-10 11:54:30] [SEVERE ] placing card 37 in slot 9
[2022-12-10 11:54:30] [SEVERE ] placing card 45 in slot 10
[2022-12-10 11:54:31] [SEVERE ] placing card 17 in slot 11
[2022-12-10 11:54:37] [SEVERE ] removing tokens from slot 0
[2022-12-10 11:54:37] [SEVERE ] removing card from slot 0
[2022-12-10 11:54:37] [SEVERE ] removing tokens from slot 1
[2022-12-10 11:54:37] [SEVERE ] removing card from slot 1
[2022-12-10 11:54:37] [SEVERE ] removing tokens from slot 2
[2022-12-10 11:54:37] [SEVERE ] removing card from slot 2
[2022-12-10 11:54:37] [SEVERE ] removing tokens from slot 3
[2022-12-10 11:54:37] [SEVERE ] removing card from slot 3
[2022-12-10 11:54:37] [SEVERE ] removing tokens from slot 4
[2022-12-10 11:54:37] [SEVERE ] removing card from slot 4
[2022-12-10 11:54:37] [SEVERE ] removing tokens from slot 5
[2022-12-10 11:54:37] [SEVERE ] removing card from slot 5
[2022-12-10 11:54:37] [SEVERE ] removing tokens from slot 6
[2022-12-10 11:54:37] [SEVERE ] removing card from slot 6
[2022-12-10 11:54:37] [SEVERE ] removing tokens from slot 7
[2022-12-10 11:54:37] [SEVERE ] removing card from slot 7
[2022-12-10 11:54:38] [SEVERE ] removing tokens from slot 8
[2022-12-10 11:54:38] [SEVERE ] removing card from slot 8
[2022-12-10 11:54:38] [SEVERE ] removing tokens from slot 9
[2022-12-10 11:54:38] [SEVERE ] removing card from slot 9
[2022-12-10 11:54:38] [SEVERE ] removing tokens from slot 10
[2022-12-10 11:54:38] [SEVERE ] removing card from slot 10
[2022-12-10 11:54:38] [SEVERE ] removing tokens from slot 11
[2022-12-10 11:54:38] [SEVERE ] removing card from slot 11
[2022-12-10 11:54:38] [SEVERE ] placing card 45 in slot 0
[2022-12-10 11:54:38] [SEVERE ] placing card 43 in slot 1
[2022-12-10 11:54:38] [SEVERE ] placing card 63 in slot 2
[2022-12-10 11:54:38] [SEVERE ] placing card 80 in slot 3
[2022-12-10 11:54:38] [SEVERE ] placing card 8 in slot 4
[2022-12-10 11:54:39] [SEVERE ] placing card 3 in slot 5
[2022-12-10 11:54:39] [SEVERE ] placing card 54 in slot 6
[2022-12-10 11:54:39] [SEVERE ] placing card 77 in slot 7
[2022-12-10 11:54:39] [SEVERE ] placing card 59 in slot 8
[2022-12-10 11:54:39] [SEVERE ] placing card 5 in slot 9
[2022-12-10 11:54:39] [SEVERE ] placing card 64 in slot 10
[2022-12-10 11:54:39] [SEVERE ] placing card 18 in slot 11
[2022-12-10 11:54:45] [SEVERE ] removing tokens from slot 0
[2022-12-10 11:54:45] [SEVERE ] removing card from slot 0
[2022-12-10 11:54:45] [SEVERE ] removing tokens from slot 1
[2022-12-10 11:54:45] [SEVERE ] removing card from slot 1
[2022-12-10 11:54:46] [SEVERE ] removing tokens from slot 2
[2022-12-10 11:54:46] [SEVERE ] removing card from slot 2
[2022-12-10 11:54:46] [SEVERE ] removing tokens from slot 3
[2022-12-10 11:54:46] [SEVERE ] removing card from slot 3
[2022-12-10 11:54:46] [SEVERE ] removing tokens from slot 4
[2022-12-10 11:54:46] [SEVERE ] removing card from slot 4
[2022-12-10 11:54:46] [SEVERE ] removing tokens from slot 5
[2022-12-10 11:54:46] [SEVERE ] removing card from slot 5
[2022-12-10 11:54:46] [SEVERE ] removing tokens from slot 6
[2022-12-10 11:54:46] [SEVERE ] removing card from slot 6
[2022-12-10 11:54:46] [SEVERE ] removing tokens from slot 7
[2022-12-10 11:54:46] [SEVERE ] removing card from slot 7
[2022-12-10 11:54:46] [SEVERE ] removing tokens from slot 8
[2022-12-10 11:54:46] [SEVERE ] removing card from slot 8
[2022-12-10 11:54:46] [SEVERE ] removing tokens from slot 9
[2022-12-10 11:54:46] [SEVERE ] removing card from slot 9
[2022-12-10 11:54:46] [SEVERE ] removing tokens from slot 10
[2022-12-10 11:54:46] [SEVERE ] removing card from slot 10
[2022-12-10 11:54:47] [SEVERE ] removing tokens from slot 11
[2022-12-10 11:54:47] [SEVERE ] removing card from slot 11
[2022-12-10 11:54:47] [SEVERE ] placing card 49 in slot 0
[2022-12-10 11:54:47] [SEVERE ] placing card 53 in slot 1
[2022-12-10 11:54:47] [SEVERE ] placing card 65 in slot 2
[2022-12-10 11:54:47] [SEVERE ] placing card 63 in slot 3
[2022-12-10 11:54:47] [SEVERE ] placing card 11 in slot 4
[2022-12-10 11:54:47] [SEVERE ] placing card 20 in slot 5
[2022-12-10 11:54:47] [SEVERE ] placing card 57 in slot 6
[2022-12-10 11:54:47] [SEVERE ] placing card 8 in slot 7
[2022-12-10 11:54:48] [SEVERE ] placing card 45 in slot 8
[2022-12-10 11:54:48] [SEVERE ] placing card 36 in slot 9
[2022-12-10 11:54:48] [SEVERE ] placing card 40 in slot 10
[2022-12-10 11:54:48] [SEVERE ] placing card 32 in slot 11
