[2022-12-13 01:15:20] [INFO   ] cannot read configuration file config.properties trying from resources.
[2022-12-13 01:15:20] [INFO   ] configuration file was loaded from resources directory.
[2022-12-13 01:15:20] [INFO   ] Thread Thread-0starting.
[2022-12-13 01:15:20] [INFO   ] Thread Thread-3starting.
[2022-12-13 01:15:20] [INFO   ] Thread Thread-2starting.
[2022-12-13 01:15:20] [INFO   ] Thread dealer starting.
[2022-12-13 01:15:20] [INFO   ] Thread Thread-1starting.
[2022-12-13 01:15:20] [INFO   ] Thread computer-3 starting.
[2022-12-13 01:15:20] [INFO   ] Thread computer-2 starting.
[2022-12-13 01:15:21] [SEVERE ] placing card 46 in slot 0
[2022-12-13 01:15:21] [SEVERE ] placing card 53 in slot 1
[2022-12-13 01:15:21] [SEVERE ] placing card 70 in slot 2
[2022-12-13 01:15:21] [SEVERE ] placing card 48 in slot 3
[2022-12-13 01:15:21] [SEVERE ] placing card 38 in slot 4
[2022-12-13 01:15:21] [SEVERE ] placing card 58 in slot 5
[2022-12-13 01:15:21] [SEVERE ] placing card 74 in slot 6
[2022-12-13 01:15:21] [SEVERE ] placing card 60 in slot 7
[2022-12-13 01:15:21] [SEVERE ] placing card 7 in slot 8
[2022-12-13 01:15:22] [SEVERE ] placing card 1 in slot 9
[2022-12-13 01:15:22] [SEVERE ] placing card 80 in slot 10
[2022-12-13 01:15:22] [SEVERE ] placing card 50 in slot 11
[2022-12-13 01:15:22] [SEVERE ] player 2 placing token on slot 9
[2022-12-13 01:15:22] [SEVERE ] player 3 placing token on slot 6
[2022-12-13 01:15:22] [SEVERE ] player 3 placing token on slot 3
[2022-12-13 01:15:22] [SEVERE ] player 2 placing token on slot 6
[2022-12-13 01:15:22] [SEVERE ] player 3 placing token on slot 4
[2022-12-13 01:15:22] [SEVERE ] player 2 placing token on slot 0
[2022-12-13 01:15:22] [SEVERE ] removing player 3 token from slot 3
[2022-12-13 01:15:22] [SEVERE ] removing player 3 token from slot 4
[2022-12-13 01:15:22] [SEVERE ] removing player 3 token from slot 6
[2022-12-13 01:15:22] [SEVERE ] removing player 2 token from slot 0
[2022-12-13 01:15:22] [SEVERE ] removing player 2 token from slot 6
[2022-12-13 01:15:22] [SEVERE ] removing player 2 token from slot 9
[2022-12-13 01:15:22] [SEVERE ] player 2 placing token on slot 4
[2022-12-13 01:15:22] [SEVERE ] player 3 placing token on slot 7
[2022-12-13 01:15:22] [SEVERE ] player 3 placing token on slot 10
[2022-12-13 01:15:22] [SEVERE ] player 2 placing token on slot 11
[2022-12-13 01:15:22] [SEVERE ] player 2 placing token on slot 10
[2022-12-13 01:15:22] [SEVERE ] removing player 2 token from slot 4
[2022-12-13 01:15:22] [SEVERE ] removing player 2 token from slot 10
[2022-12-13 01:15:22] [SEVERE ] removing player 2 token from slot 11
[2022-12-13 01:15:22] [SEVERE ] player 3 placing token on slot 2
[2022-12-13 01:15:22] [SEVERE ] player 2 placing token on slot 5
[2022-12-13 01:15:22] [SEVERE ] player 2 placing token on slot 8
[2022-12-13 01:15:22] [SEVERE ] player 2 placing token on slot 10
[2022-12-13 01:15:22] [SEVERE ] removing tokens from slot 2
[2022-12-13 01:15:22] [SEVERE ] removing card from slot 2
[2022-12-13 01:15:22] [SEVERE ] removing tokens from slot 7
[2022-12-13 01:15:22] [SEVERE ] removing card from slot 7
[2022-12-13 01:15:22] [SEVERE ] removing tokens from slot 10
[2022-12-13 01:15:22] [SEVERE ] removing card from slot 10
[2022-12-13 01:15:22] [SEVERE ] placing card 49 in slot 2
[2022-12-13 01:15:22] [SEVERE ] placing card 64 in slot 7
[2022-12-13 01:15:23] [SEVERE ] placing card 66 in slot 10
[2022-12-13 01:15:23] [SEVERE ] setting player 3 score to 1
[2022-12-13 01:15:23] [SEVERE ] player 3 placing token on slot 3
[2022-12-13 01:15:23] [SEVERE ] player 3 placing token on slot 11
[2022-12-13 01:15:23] [SEVERE ] player 3 placing token on slot 8
[2022-12-13 01:15:23] [SEVERE ] removing player 3 token from slot 3
[2022-12-13 01:15:23] [SEVERE ] removing player 3 token from slot 8
[2022-12-13 01:15:23] [SEVERE ] removing player 3 token from slot 11
[2022-12-13 01:15:23] [SEVERE ] player 3 placing token on slot 8
[2022-12-13 01:15:23] [SEVERE ] player 3 placing token on slot 11
[2022-12-13 01:15:23] [SEVERE ] player 3 placing token on slot 9
[2022-12-13 01:15:23] [SEVERE ] removing player 3 token from slot 8
[2022-12-13 01:15:23] [SEVERE ] removing player 3 token from slot 9
[2022-12-13 01:15:23] [SEVERE ] removing player 3 token from slot 11
[2022-12-13 01:15:23] [SEVERE ] player 3 placing token on slot 3
[2022-12-13 01:15:23] [SEVERE ] player 3 placing token on slot 0
[2022-12-13 01:15:23] [SEVERE ] player 3 placing token on slot 7
[2022-12-13 01:15:23] [SEVERE ] removing player 3 token from slot 0
[2022-12-13 01:15:23] [SEVERE ] removing player 3 token from slot 3
[2022-12-13 01:15:23] [SEVERE ] removing player 3 token from slot 7
[2022-12-13 01:15:23] [SEVERE ] player 3 placing token on slot 7
[2022-12-13 01:15:23] [SEVERE ] player 3 placing token on slot 8
[2022-12-13 01:15:23] [SEVERE ] player 3 placing token on slot 4
[2022-12-13 01:15:23] [SEVERE ] removing player 3 token from slot 4
[2022-12-13 01:15:23] [SEVERE ] removing player 3 token from slot 7
[2022-12-13 01:15:23] [SEVERE ] removing player 3 token from slot 8
[2022-12-13 01:15:23] [SEVERE ] player 3 placing token on slot 1
[2022-12-13 01:15:23] [SEVERE ] player 3 placing token on slot 5
[2022-12-13 01:15:23] [SEVERE ] player 3 placing token on slot 9
[2022-12-13 01:15:23] [SEVERE ] removing player 3 token from slot 1
[2022-12-13 01:15:23] [SEVERE ] removing player 3 token from slot 5
[2022-12-13 01:15:23] [SEVERE ] removing player 3 token from slot 9
[2022-12-13 01:15:23] [SEVERE ] player 3 placing token on slot 11
[2022-12-13 01:15:23] [SEVERE ] player 3 placing token on slot 1
[2022-12-13 01:15:23] [SEVERE ] player 3 placing token on slot 10
[2022-12-13 01:15:23] [SEVERE ] removing player 3 token from slot 1
[2022-12-13 01:15:23] [SEVERE ] removing player 3 token from slot 10
[2022-12-13 01:15:23] [SEVERE ] removing player 3 token from slot 11
[2022-12-13 01:15:23] [SEVERE ] player 3 placing token on slot 6
[2022-12-13 01:15:23] [SEVERE ] player 3 placing token on slot 9
[2022-12-13 01:15:23] [SEVERE ] player 3 placing token on slot 11
[2022-12-13 01:15:23] [SEVERE ] removing player 3 token from slot 6
[2022-12-13 01:15:23] [SEVERE ] removing player 3 token from slot 9
[2022-12-13 01:15:23] [SEVERE ] removing player 3 token from slot 11
[2022-12-13 01:15:23] [SEVERE ] player 3 placing token on slot 7
[2022-12-13 01:15:23] [SEVERE ] player 3 placing token on slot 2
[2022-12-13 01:15:23] [SEVERE ] player 3 placing token on slot 0
[2022-12-13 01:15:23] [SEVERE ] removing player 3 token from slot 0
[2022-12-13 01:15:23] [SEVERE ] removing player 3 token from slot 2
[2022-12-13 01:15:23] [SEVERE ] removing player 3 token from slot 7
[2022-12-13 01:15:23] [SEVERE ] player 3 placing token on slot 11
[2022-12-13 01:15:23] [SEVERE ] player 3 placing token on slot 10
[2022-12-13 01:15:23] [SEVERE ] player 3 placing token on slot 7
[2022-12-13 01:15:23] [SEVERE ] removing player 3 token from slot 7
[2022-12-13 01:15:23] [SEVERE ] removing player 3 token from slot 10
[2022-12-13 01:15:23] [SEVERE ] removing player 3 token from slot 11
[2022-12-13 01:15:23] [SEVERE ] player 3 placing token on slot 2
[2022-12-13 01:15:23] [SEVERE ] player 3 placing token on slot 0
[2022-12-13 01:15:23] [SEVERE ] player 3 placing token on slot 7
[2022-12-13 01:15:23] [SEVERE ] removing player 3 token from slot 0
[2022-12-13 01:15:23] [SEVERE ] removing player 3 token from slot 2
[2022-12-13 01:15:23] [SEVERE ] removing player 3 token from slot 7
[2022-12-13 01:15:23] [SEVERE ] player 3 placing token on slot 1
[2022-12-13 01:15:24] [SEVERE ] player 3 placing token on slot 8
[2022-12-13 01:15:24] [SEVERE ] player 3 placing token on slot 6
[2022-12-13 01:15:24] [SEVERE ] removing player 3 token from slot 1
[2022-12-13 01:15:24] [SEVERE ] removing player 3 token from slot 6
[2022-12-13 01:15:24] [SEVERE ] removing player 3 token from slot 8
[2022-12-13 01:15:24] [SEVERE ] player 3 placing token on slot 4
[2022-12-13 01:15:24] [SEVERE ] player 3 placing token on slot 6
[2022-12-13 01:15:24] [SEVERE ] player 3 placing token on slot 10
[2022-12-13 01:15:24] [SEVERE ] removing player 3 token from slot 4
[2022-12-13 01:15:24] [SEVERE ] removing player 3 token from slot 6
[2022-12-13 01:15:24] [SEVERE ] removing player 3 token from slot 10
[2022-12-13 01:15:24] [SEVERE ] player 3 placing token on slot 6
[2022-12-13 01:15:24] [SEVERE ] player 3 placing token on slot 10
[2022-12-13 01:15:24] [SEVERE ] player 3 placing token on slot 9
[2022-12-13 01:15:24] [SEVERE ] removing player 3 token from slot 6
[2022-12-13 01:15:24] [SEVERE ] removing player 3 token from slot 9
[2022-12-13 01:15:24] [SEVERE ] removing player 3 token from slot 10
[2022-12-13 01:15:24] [SEVERE ] player 3 placing token on slot 2
[2022-12-13 01:15:24] [SEVERE ] player 3 placing token on slot 4
[2022-12-13 01:15:24] [SEVERE ] player 3 placing token on slot 10
[2022-12-13 01:15:24] [SEVERE ] removing player 3 token from slot 2
[2022-12-13 01:15:24] [SEVERE ] removing player 3 token from slot 4
[2022-12-13 01:15:24] [SEVERE ] removing player 3 token from slot 10
[2022-12-13 01:15:24] [SEVERE ] player 3 placing token on slot 4
[2022-12-13 01:15:24] [SEVERE ] player 3 placing token on slot 2
[2022-12-13 01:15:24] [SEVERE ] player 3 placing token on slot 5
[2022-12-13 01:15:24] [SEVERE ] removing player 3 token from slot 2
[2022-12-13 01:15:24] [SEVERE ] removing player 3 token from slot 4
[2022-12-13 01:15:24] [SEVERE ] removing player 3 token from slot 5
[2022-12-13 01:15:24] [SEVERE ] player 3 placing token on slot 6
[2022-12-13 01:15:24] [SEVERE ] player 3 placing token on slot 5
[2022-12-13 01:15:24] [SEVERE ] player 3 placing token on slot 10
[2022-12-13 01:15:24] [SEVERE ] removing player 3 token from slot 5
[2022-12-13 01:15:24] [SEVERE ] removing player 3 token from slot 6
[2022-12-13 01:15:24] [SEVERE ] removing player 3 token from slot 10
[2022-12-13 01:15:24] [SEVERE ] player 3 placing token on slot 7
[2022-12-13 01:15:24] [SEVERE ] player 3 placing token on slot 8
[2022-12-13 01:15:24] [SEVERE ] player 3 placing token on slot 11
[2022-12-13 01:15:24] [SEVERE ] removing player 3 token from slot 7
[2022-12-13 01:15:24] [SEVERE ] removing player 3 token from slot 8
[2022-12-13 01:15:24] [SEVERE ] removing player 3 token from slot 11
[2022-12-13 01:15:24] [SEVERE ] player 3 placing token on slot 6
[2022-12-13 01:15:24] [SEVERE ] player 3 placing token on slot 2
[2022-12-13 01:15:24] [SEVERE ] player 3 placing token on slot 4
[2022-12-13 01:15:24] [SEVERE ] removing player 3 token from slot 2
[2022-12-13 01:15:24] [SEVERE ] removing player 3 token from slot 4
[2022-12-13 01:15:24] [SEVERE ] removing player 3 token from slot 6
[2022-12-13 01:15:24] [SEVERE ] player 3 placing token on slot 8
[2022-12-13 01:15:24] [SEVERE ] player 3 placing token on slot 2
[2022-12-13 01:15:24] [SEVERE ] player 3 placing token on slot 10
[2022-12-13 01:15:24] [SEVERE ] removing player 3 token from slot 2
[2022-12-13 01:15:24] [SEVERE ] removing player 3 token from slot 8
[2022-12-13 01:15:24] [SEVERE ] removing player 3 token from slot 10
[2022-12-13 01:15:24] [SEVERE ] player 3 placing token on slot 5
[2022-12-13 01:15:24] [SEVERE ] player 3 placing token on slot 10
[2022-12-13 01:15:24] [SEVERE ] player 3 placing token on slot 9
[2022-12-13 01:15:24] [SEVERE ] removing player 3 token from slot 5
[2022-12-13 01:15:24] [SEVERE ] removing player 3 token from slot 9
[2022-12-13 01:15:24] [SEVERE ] removing player 3 token from slot 10
[2022-12-13 01:15:24] [SEVERE ] player 3 placing token on slot 3
[2022-12-13 01:15:24] [SEVERE ] player 3 placing token on slot 1
[2022-12-13 01:15:24] [SEVERE ] player 3 placing token on slot 9
[2022-12-13 01:15:24] [SEVERE ] removing player 3 token from slot 1
[2022-12-13 01:15:24] [SEVERE ] removing player 3 token from slot 3
[2022-12-13 01:15:24] [SEVERE ] removing player 3 token from slot 9
[2022-12-13 01:15:25] [SEVERE ] player 3 placing token on slot 2
[2022-12-13 01:15:25] [SEVERE ] player 3 placing token on slot 9
[2022-12-13 01:15:25] [SEVERE ] player 3 placing token on slot 3
[2022-12-13 01:15:25] [SEVERE ] removing player 3 token from slot 2
[2022-12-13 01:15:25] [SEVERE ] removing player 3 token from slot 3
[2022-12-13 01:15:25] [SEVERE ] removing player 3 token from slot 9
[2022-12-13 01:15:25] [SEVERE ] player 3 placing token on slot 10
[2022-12-13 01:15:25] [SEVERE ] player 3 placing token on slot 2
[2022-12-13 01:15:25] [SEVERE ] player 3 placing token on slot 9
[2022-12-13 01:15:25] [SEVERE ] removing player 3 token from slot 2
[2022-12-13 01:15:25] [SEVERE ] removing player 3 token from slot 9
[2022-12-13 01:15:25] [SEVERE ] removing player 3 token from slot 10
[2022-12-13 01:15:25] [SEVERE ] player 3 placing token on slot 2
[2022-12-13 01:15:25] [SEVERE ] player 3 placing token on slot 1
[2022-12-13 01:15:25] [SEVERE ] player 3 placing token on slot 9
[2022-12-13 01:15:25] [SEVERE ] removing player 3 token from slot 1
[2022-12-13 01:15:25] [SEVERE ] removing player 3 token from slot 2
[2022-12-13 01:15:25] [SEVERE ] removing player 3 token from slot 9
[2022-12-13 01:15:25] [SEVERE ] player 3 placing token on slot 7
[2022-12-13 01:15:25] [SEVERE ] player 3 placing token on slot 11
[2022-12-13 01:15:25] [SEVERE ] player 3 placing token on slot 1
[2022-12-13 01:15:25] [SEVERE ] removing player 3 token from slot 1
[2022-12-13 01:15:25] [SEVERE ] removing player 3 token from slot 7
[2022-12-13 01:15:25] [SEVERE ] removing player 3 token from slot 11
[2022-12-13 01:15:25] [SEVERE ] player 3 placing token on slot 1
[2022-12-13 01:15:25] [SEVERE ] player 3 placing token on slot 10
[2022-12-13 01:15:25] [SEVERE ] player 3 placing token on slot 3
[2022-12-13 01:15:25] [SEVERE ] removing player 3 token from slot 1
[2022-12-13 01:15:25] [SEVERE ] removing player 3 token from slot 3
[2022-12-13 01:15:25] [SEVERE ] removing player 3 token from slot 10
[2022-12-13 01:15:25] [SEVERE ] player 3 placing token on slot 6
[2022-12-13 01:15:25] [SEVERE ] player 3 placing token on slot 8
[2022-12-13 01:15:25] [SEVERE ] player 3 placing token on slot 3
[2022-12-13 01:15:25] [SEVERE ] removing player 3 token from slot 3
[2022-12-13 01:15:25] [SEVERE ] removing player 3 token from slot 6
[2022-12-13 01:15:25] [SEVERE ] removing player 3 token from slot 8
[2022-12-13 01:15:25] [SEVERE ] player 3 placing token on slot 3
[2022-12-13 01:15:25] [SEVERE ] player 3 placing token on slot 7
[2022-12-13 01:15:25] [SEVERE ] player 3 placing token on slot 6
[2022-12-13 01:15:25] [SEVERE ] removing player 3 token from slot 3
[2022-12-13 01:15:25] [SEVERE ] removing player 3 token from slot 6
[2022-12-13 01:15:25] [SEVERE ] removing player 3 token from slot 7
[2022-12-13 01:15:25] [SEVERE ] player 3 placing token on slot 11
[2022-12-13 01:15:25] [SEVERE ] player 3 placing token on slot 2
[2022-12-13 01:15:25] [SEVERE ] player 3 placing token on slot 5
[2022-12-13 01:15:25] [SEVERE ] removing player 3 token from slot 2
[2022-12-13 01:15:25] [SEVERE ] removing player 3 token from slot 5
[2022-12-13 01:15:25] [SEVERE ] removing player 3 token from slot 11
[2022-12-13 01:15:25] [SEVERE ] player 3 placing token on slot 10
[2022-12-13 01:15:25] [SEVERE ] player 3 placing token on slot 1
[2022-12-13 01:15:25] [SEVERE ] player 3 placing token on slot 8
[2022-12-13 01:15:25] [SEVERE ] removing player 3 token from slot 1
[2022-12-13 01:15:25] [SEVERE ] removing player 3 token from slot 8
[2022-12-13 01:15:25] [SEVERE ] removing player 3 token from slot 10
[2022-12-13 01:15:25] [SEVERE ] player 3 placing token on slot 10
[2022-12-13 01:15:25] [SEVERE ] player 3 placing token on slot 6
[2022-12-13 01:15:25] [SEVERE ] player 3 placing token on slot 3
[2022-12-13 01:15:25] [SEVERE ] removing player 3 token from slot 3
[2022-12-13 01:15:25] [SEVERE ] removing player 3 token from slot 6
[2022-12-13 01:15:25] [SEVERE ] removing player 3 token from slot 10
[2022-12-13 01:15:25] [SEVERE ] player 3 placing token on slot 9
[2022-12-13 01:15:25] [SEVERE ] player 3 placing token on slot 5
[2022-12-13 01:15:26] [SEVERE ] player 3 placing token on slot 11
[2022-12-13 01:15:26] [SEVERE ] removing player 3 token from slot 5
[2022-12-13 01:15:26] [SEVERE ] removing player 3 token from slot 9
[2022-12-13 01:15:26] [SEVERE ] removing player 3 token from slot 11
[2022-12-13 01:15:26] [SEVERE ] player 3 placing token on slot 2
[2022-12-13 01:15:26] [SEVERE ] player 3 placing token on slot 10
[2022-12-13 01:15:26] [SEVERE ] player 3 placing token on slot 7
[2022-12-13 01:15:26] [SEVERE ] removing player 3 token from slot 2
[2022-12-13 01:15:26] [SEVERE ] removing player 3 token from slot 7
[2022-12-13 01:15:26] [SEVERE ] removing player 3 token from slot 10
[2022-12-13 01:15:26] [SEVERE ] player 3 placing token on slot 4
[2022-12-13 01:15:26] [SEVERE ] player 3 placing token on slot 6
[2022-12-13 01:15:26] [SEVERE ] player 3 placing token on slot 1
[2022-12-13 01:15:26] [SEVERE ] removing player 3 token from slot 1
[2022-12-13 01:15:26] [SEVERE ] removing player 3 token from slot 4
[2022-12-13 01:15:26] [SEVERE ] removing player 3 token from slot 6
[2022-12-13 01:15:26] [SEVERE ] player 3 placing token on slot 2
[2022-12-13 01:15:26] [SEVERE ] player 3 placing token on slot 6
[2022-12-13 01:15:26] [SEVERE ] player 3 placing token on slot 7
[2022-12-13 01:15:26] [SEVERE ] removing player 3 token from slot 2
[2022-12-13 01:15:26] [SEVERE ] removing player 3 token from slot 6
[2022-12-13 01:15:26] [SEVERE ] removing player 3 token from slot 7
[2022-12-13 01:15:26] [SEVERE ] player 3 placing token on slot 3
[2022-12-13 01:15:26] [SEVERE ] player 3 placing token on slot 4
[2022-12-13 01:15:26] [SEVERE ] player 3 placing token on slot 8
[2022-12-13 01:15:26] [SEVERE ] removing player 3 token from slot 3
[2022-12-13 01:15:26] [SEVERE ] removing player 3 token from slot 4
[2022-12-13 01:15:26] [SEVERE ] removing player 3 token from slot 8
[2022-12-13 01:15:26] [SEVERE ] player 3 placing token on slot 3
[2022-12-13 01:15:26] [SEVERE ] player 3 placing token on slot 8
[2022-12-13 01:15:26] [SEVERE ] player 3 placing token on slot 4
[2022-12-13 01:15:26] [SEVERE ] removing player 3 token from slot 3
[2022-12-13 01:15:26] [SEVERE ] removing player 3 token from slot 4
[2022-12-13 01:15:26] [SEVERE ] removing player 3 token from slot 8
[2022-12-13 01:15:26] [SEVERE ] player 3 placing token on slot 11
[2022-12-13 01:15:26] [SEVERE ] player 3 placing token on slot 4
[2022-12-13 01:15:26] [SEVERE ] player 3 placing token on slot 7
[2022-12-13 01:15:26] [SEVERE ] removing player 3 token from slot 4
[2022-12-13 01:15:26] [SEVERE ] removing player 3 token from slot 7
[2022-12-13 01:15:26] [SEVERE ] removing player 3 token from slot 11
[2022-12-13 01:15:26] [SEVERE ] player 3 placing token on slot 10
[2022-12-13 01:15:26] [SEVERE ] player 3 placing token on slot 7
[2022-12-13 01:15:26] [SEVERE ] player 3 placing token on slot 3
[2022-12-13 01:15:26] [SEVERE ] removing player 3 token from slot 3
[2022-12-13 01:15:26] [SEVERE ] removing player 3 token from slot 7
[2022-12-13 01:15:26] [SEVERE ] removing player 3 token from slot 10
[2022-12-13 01:15:26] [SEVERE ] player 3 placing token on slot 11
[2022-12-13 01:15:26] [SEVERE ] player 3 placing token on slot 5
[2022-12-13 01:15:26] [SEVERE ] player 3 placing token on slot 6
[2022-12-13 01:15:26] [SEVERE ] removing player 3 token from slot 5
[2022-12-13 01:15:26] [SEVERE ] removing player 3 token from slot 6
[2022-12-13 01:15:26] [SEVERE ] removing player 3 token from slot 11
[2022-12-13 01:15:26] [SEVERE ] player 3 placing token on slot 6
[2022-12-13 01:15:26] [SEVERE ] player 3 placing token on slot 1
[2022-12-13 01:15:26] [SEVERE ] player 3 placing token on slot 9
[2022-12-13 01:15:26] [SEVERE ] removing player 3 token from slot 1
[2022-12-13 01:15:26] [SEVERE ] removing player 3 token from slot 6
[2022-12-13 01:15:26] [SEVERE ] removing player 3 token from slot 9
[2022-12-13 01:15:26] [SEVERE ] player 3 placing token on slot 6
[2022-12-13 01:15:26] [SEVERE ] player 3 placing token on slot 5
[2022-12-13 01:15:27] [SEVERE ] player 3 placing token on slot 3
[2022-12-13 01:15:27] [SEVERE ] removing player 3 token from slot 3
[2022-12-13 01:15:27] [SEVERE ] removing player 3 token from slot 5
[2022-12-13 01:15:27] [SEVERE ] removing player 3 token from slot 6
[2022-12-13 01:15:27] [SEVERE ] player 3 placing token on slot 4
[2022-12-13 01:15:27] [SEVERE ] player 3 placing token on slot 3
[2022-12-13 01:15:27] [SEVERE ] player 3 placing token on slot 6
[2022-12-13 01:15:27] [SEVERE ] removing player 3 token from slot 3
[2022-12-13 01:15:27] [SEVERE ] removing player 3 token from slot 4
[2022-12-13 01:15:27] [SEVERE ] removing player 3 token from slot 6
[2022-12-13 01:15:27] [SEVERE ] player 3 placing token on slot 10
[2022-12-13 01:15:27] [SEVERE ] player 3 placing token on slot 9
[2022-12-13 01:15:27] [SEVERE ] player 3 placing token on slot 3
[2022-12-13 01:15:27] [SEVERE ] removing player 3 token from slot 3
[2022-12-13 01:15:27] [SEVERE ] removing player 3 token from slot 9
[2022-12-13 01:15:27] [SEVERE ] removing player 3 token from slot 10
[2022-12-13 01:15:27] [SEVERE ] player 3 placing token on slot 10
[2022-12-13 01:15:27] [SEVERE ] player 3 placing token on slot 9
[2022-12-13 01:15:27] [SEVERE ] player 3 placing token on slot 0
[2022-12-13 01:15:27] [SEVERE ] removing player 3 token from slot 0
[2022-12-13 01:15:27] [SEVERE ] removing player 3 token from slot 9
[2022-12-13 01:15:27] [SEVERE ] removing player 3 token from slot 10
[2022-12-13 01:15:27] [SEVERE ] player 3 placing token on slot 0
[2022-12-13 01:15:27] [SEVERE ] player 3 placing token on slot 2
[2022-12-13 01:15:27] [SEVERE ] player 3 placing token on slot 1
[2022-12-13 01:15:27] [SEVERE ] removing player 3 token from slot 0
[2022-12-13 01:15:27] [SEVERE ] removing player 3 token from slot 1
[2022-12-13 01:15:27] [SEVERE ] removing player 3 token from slot 2
[2022-12-13 01:15:27] [SEVERE ] player 3 placing token on slot 7
[2022-12-13 01:15:27] [SEVERE ] player 3 placing token on slot 4
[2022-12-13 01:15:27] [SEVERE ] player 3 placing token on slot 6
[2022-12-13 01:15:27] [SEVERE ] removing player 3 token from slot 4
[2022-12-13 01:15:27] [SEVERE ] removing player 3 token from slot 6
[2022-12-13 01:15:27] [SEVERE ] removing player 3 token from slot 7
[2022-12-13 01:15:27] [SEVERE ] player 3 placing token on slot 8
[2022-12-13 01:15:27] [SEVERE ] player 3 placing token on slot 5
[2022-12-13 01:15:27] [SEVERE ] player 3 placing token on slot 2
[2022-12-13 01:15:27] [SEVERE ] removing player 3 token from slot 2
[2022-12-13 01:15:27] [SEVERE ] removing player 3 token from slot 5
[2022-12-13 01:15:27] [SEVERE ] removing player 3 token from slot 8
[2022-12-13 01:15:27] [SEVERE ] player 3 placing token on slot 11
[2022-12-13 01:15:27] [SEVERE ] player 3 placing token on slot 3
[2022-12-13 01:15:27] [SEVERE ] player 3 placing token on slot 5
[2022-12-13 01:15:27] [SEVERE ] removing player 3 token from slot 3
[2022-12-13 01:15:27] [SEVERE ] removing player 3 token from slot 5
[2022-12-13 01:15:27] [SEVERE ] removing player 3 token from slot 11
[2022-12-13 01:15:27] [SEVERE ] player 3 placing token on slot 3
[2022-12-13 01:15:27] [SEVERE ] player 3 placing token on slot 8
[2022-12-13 01:15:27] [SEVERE ] player 3 placing token on slot 9
[2022-12-13 01:15:27] [SEVERE ] removing player 3 token from slot 3
[2022-12-13 01:15:27] [SEVERE ] removing player 3 token from slot 8
[2022-12-13 01:15:27] [SEVERE ] removing player 3 token from slot 9
[2022-12-13 01:15:27] [SEVERE ] player 3 placing token on slot 9
[2022-12-13 01:15:27] [SEVERE ] player 3 placing token on slot 4
[2022-12-13 01:15:27] [SEVERE ] player 3 placing token on slot 10
[2022-12-13 01:15:27] [SEVERE ] removing player 3 token from slot 4
[2022-12-13 01:15:27] [SEVERE ] removing player 3 token from slot 9
[2022-12-13 01:15:27] [SEVERE ] removing player 3 token from slot 10
[2022-12-13 01:15:27] [SEVERE ] player 3 placing token on slot 1
[2022-12-13 01:15:27] [SEVERE ] player 3 placing token on slot 4
[2022-12-13 01:15:27] [SEVERE ] player 3 placing token on slot 11
[2022-12-13 01:15:27] [SEVERE ] removing player 3 token from slot 1
[2022-12-13 01:15:27] [SEVERE ] removing player 3 token from slot 4
[2022-12-13 01:15:27] [SEVERE ] removing player 3 token from slot 11
[2022-12-13 01:15:27] [SEVERE ] player 3 placing token on slot 8
[2022-12-13 01:15:27] [SEVERE ] player 3 placing token on slot 0
[2022-12-13 01:15:27] [SEVERE ] player 3 placing token on slot 1
[2022-12-13 01:15:27] [SEVERE ] removing player 3 token from slot 0
[2022-12-13 01:15:27] [SEVERE ] removing player 3 token from slot 1
[2022-12-13 01:15:27] [SEVERE ] removing player 3 token from slot 8
[2022-12-13 01:15:28] [SEVERE ] player 3 placing token on slot 4
[2022-12-13 01:15:28] [SEVERE ] player 3 placing token on slot 6
[2022-12-13 01:15:28] [SEVERE ] player 3 placing token on slot 0
[2022-12-13 01:15:28] [SEVERE ] removing player 3 token from slot 0
[2022-12-13 01:15:28] [SEVERE ] removing player 3 token from slot 4
[2022-12-13 01:15:28] [SEVERE ] removing player 3 token from slot 6
[2022-12-13 01:15:28] [SEVERE ] player 3 placing token on slot 10
[2022-12-13 01:15:28] [SEVERE ] player 3 placing token on slot 9
[2022-12-13 01:15:28] [SEVERE ] player 3 placing token on slot 4
[2022-12-13 01:15:28] [SEVERE ] removing player 3 token from slot 4
[2022-12-13 01:15:28] [SEVERE ] removing player 3 token from slot 9
[2022-12-13 01:15:28] [SEVERE ] removing player 3 token from slot 10
[2022-12-13 01:15:28] [SEVERE ] player 3 placing token on slot 9
[2022-12-13 01:15:28] [SEVERE ] player 3 placing token on slot 1
[2022-12-13 01:15:28] [SEVERE ] player 3 placing token on slot 6
[2022-12-13 01:15:28] [SEVERE ] removing player 3 token from slot 1
[2022-12-13 01:15:28] [SEVERE ] removing player 3 token from slot 6
[2022-12-13 01:15:28] [SEVERE ] removing player 3 token from slot 9
[2022-12-13 01:15:28] [SEVERE ] player 3 placing token on slot 7
[2022-12-13 01:15:28] [SEVERE ] player 3 placing token on slot 4
[2022-12-13 01:15:28] [SEVERE ] player 3 placing token on slot 3
[2022-12-13 01:15:28] [SEVERE ] removing player 3 token from slot 3
[2022-12-13 01:15:28] [SEVERE ] removing player 3 token from slot 4
[2022-12-13 01:15:28] [SEVERE ] removing player 3 token from slot 7
[2022-12-13 01:15:28] [SEVERE ] player 3 placing token on slot 10
[2022-12-13 01:15:28] [SEVERE ] player 3 placing token on slot 9
[2022-12-13 01:15:28] [SEVERE ] player 3 placing token on slot 4
[2022-12-13 01:15:28] [SEVERE ] removing player 3 token from slot 4
[2022-12-13 01:15:28] [SEVERE ] removing player 3 token from slot 9
[2022-12-13 01:15:28] [SEVERE ] removing player 3 token from slot 10
[2022-12-13 01:15:28] [SEVERE ] player 3 placing token on slot 10
