[2022-12-12 13:00:37] [INFO   ] cannot read configuration file config.properties trying from resources.
[2022-12-12 13:00:37] [INFO   ] configuration file was loaded from resources directory.
[2022-12-12 13:00:37] [INFO   ] Thread Thread-0starting.
[2022-12-12 13:00:37] [INFO   ] Thread Thread-2starting.
[2022-12-12 13:00:37] [INFO   ] Thread Thread-1starting.
[2022-12-12 13:00:37] [INFO   ] Thread dealer starting.
[2022-12-12 13:00:37] [INFO   ] Thread computer-2 starting.
[2022-12-12 13:00:37] [SEVERE ] placing card 32 in slot 0
[2022-12-12 13:00:38] [SEVERE ] placing card 46 in slot 1
[2022-12-12 13:00:38] [SEVERE ] placing card 13 in slot 2
[2022-12-12 13:00:38] [SEVERE ] placing card 51 in slot 3
[2022-12-12 13:00:38] [SEVERE ] placing card 68 in slot 4
[2022-12-12 13:00:38] [SEVERE ] placing card 53 in slot 5
[2022-12-12 13:00:38] [SEVERE ] placing card 39 in slot 6
[2022-12-12 13:00:38] [SEVERE ] placing card 34 in slot 7
[2022-12-12 13:00:38] [SEVERE ] placing card 59 in slot 8
[2022-12-12 13:00:38] [SEVERE ] placing card 19 in slot 9
[2022-12-12 13:00:39] [SEVERE ] placing card 14 in slot 10
[2022-12-12 13:00:39] [SEVERE ] placing card 21 in slot 11
[2022-12-12 13:00:39] [SEVERE ] player 2 placing token on slot 2
[2022-12-12 13:00:39] [SEVERE ] player 2 placing token on slot 4
[2022-12-12 13:00:39] [SEVERE ] player 2 placing token on slot 6
[2022-12-12 13:00:39] [SEVERE ] setting player 2 score to 1
[2022-12-12 13:00:39] [SEVERE ] player 2 placing token on slot 9
[2022-12-12 13:00:39] [SEVERE ] player 2 placing token on slot 0
[2022-12-12 13:00:39] [SEVERE ] player 2 placing token on slot 5
[2022-12-12 13:00:39] [SEVERE ] removing tokens from slot 2
[2022-12-12 13:00:39] [SEVERE ] removing card from slot 2
[2022-12-12 13:00:39] [SEVERE ] removing tokens from slot 4
[2022-12-12 13:00:39] [SEVERE ] removing card from slot 4
[2022-12-12 13:00:39] [SEVERE ] removing tokens from slot 6
[2022-12-12 13:00:39] [SEVERE ] removing card from slot 6
[2022-12-12 13:00:39] [SEVERE ] placing card 20 in slot 2
[2022-12-12 13:00:39] [SEVERE ] placing card 62 in slot 4
[2022-12-12 13:00:39] [SEVERE ] placing card 50 in slot 6
[2022-12-12 13:00:39] [SEVERE ] removing player 2 token from slot 0
[2022-12-12 13:00:39] [SEVERE ] removing player 2 token from slot 5
[2022-12-12 13:00:39] [SEVERE ] removing player 2 token from slot 9
[2022-12-12 13:00:39] [SEVERE ] player 2 placing token on slot 8
[2022-12-12 13:00:39] [SEVERE ] player 2 placing token on slot 4
[2022-12-12 13:00:40] [SEVERE ] player 2 placing token on slot 2
[2022-12-12 13:00:40] [SEVERE ] removing player 2 token from slot 2
[2022-12-12 13:00:40] [SEVERE ] removing player 2 token from slot 4
[2022-12-12 13:00:40] [SEVERE ] removing player 2 token from slot 8
[2022-12-12 13:00:40] [SEVERE ] player 2 placing token on slot 10
[2022-12-12 13:00:40] [SEVERE ] player 2 placing token on slot 11
[2022-12-12 13:00:40] [SEVERE ] player 2 placing token on slot 7
[2022-12-12 13:00:40] [SEVERE ] removing player 2 token from slot 7
[2022-12-12 13:00:40] [SEVERE ] removing player 2 token from slot 10
[2022-12-12 13:00:40] [SEVERE ] removing player 2 token from slot 11
[2022-12-12 13:00:40] [SEVERE ] player 2 placing token on slot 5
[2022-12-12 13:00:40] [SEVERE ] player 2 placing token on slot 7
[2022-12-12 13:00:40] [SEVERE ] player 2 placing token on slot 3
[2022-12-12 13:00:40] [SEVERE ] removing player 2 token from slot 3
[2022-12-12 13:00:40] [SEVERE ] removing player 2 token from slot 5
[2022-12-12 13:00:40] [SEVERE ] removing player 2 token from slot 7
[2022-12-12 13:00:40] [SEVERE ] player 2 placing token on slot 2
[2022-12-12 13:00:40] [SEVERE ] player 2 placing token on slot 5
[2022-12-12 13:00:40] [SEVERE ] player 2 placing token on slot 4
[2022-12-12 13:00:40] [SEVERE ] removing player 2 token from slot 2
[2022-12-12 13:00:40] [SEVERE ] removing player 2 token from slot 4
[2022-12-12 13:00:40] [SEVERE ] removing player 2 token from slot 5
[2022-12-12 13:00:40] [SEVERE ] player 2 placing token on slot 7
[2022-12-12 13:00:40] [SEVERE ] player 2 placing token on slot 4
[2022-12-12 13:00:40] [SEVERE ] player 2 placing token on slot 5
[2022-12-12 13:00:40] [SEVERE ] removing player 2 token from slot 4
[2022-12-12 13:00:40] [SEVERE ] removing player 2 token from slot 5
[2022-12-12 13:00:40] [SEVERE ] removing player 2 token from slot 7
[2022-12-12 13:00:40] [SEVERE ] player 2 placing token on slot 8
[2022-12-12 13:00:40] [SEVERE ] player 2 placing token on slot 5
[2022-12-12 13:00:40] [SEVERE ] player 2 placing token on slot 10
[2022-12-12 13:00:40] [SEVERE ] removing player 2 token from slot 5
[2022-12-12 13:00:40] [SEVERE ] removing player 2 token from slot 8
[2022-12-12 13:00:40] [SEVERE ] removing player 2 token from slot 10
[2022-12-12 13:00:40] [SEVERE ] player 2 placing token on slot 5
[2022-12-12 13:00:40] [SEVERE ] player 2 placing token on slot 1
[2022-12-12 13:00:40] [SEVERE ] player 2 placing token on slot 4
[2022-12-12 13:00:40] [SEVERE ] removing player 2 token from slot 1
[2022-12-12 13:00:40] [SEVERE ] removing player 2 token from slot 4
[2022-12-12 13:00:40] [SEVERE ] removing player 2 token from slot 5
[2022-12-12 13:00:40] [SEVERE ] player 2 placing token on slot 1
[2022-12-12 13:00:40] [SEVERE ] player 2 placing token on slot 11
[2022-12-12 13:00:40] [SEVERE ] player 2 placing token on slot 5
[2022-12-12 13:00:40] [SEVERE ] removing player 2 token from slot 1
[2022-12-12 13:00:40] [SEVERE ] removing player 2 token from slot 5
[2022-12-12 13:00:40] [SEVERE ] removing player 2 token from slot 11
[2022-12-12 13:00:40] [SEVERE ] player 2 placing token on slot 6
[2022-12-12 13:00:40] [SEVERE ] player 2 placing token on slot 10
[2022-12-12 13:00:40] [SEVERE ] player 2 placing token on slot 11
[2022-12-12 13:00:40] [SEVERE ] removing player 2 token from slot 6
[2022-12-12 13:00:40] [SEVERE ] removing player 2 token from slot 10
[2022-12-12 13:00:40] [SEVERE ] removing player 2 token from slot 11
[2022-12-12 13:00:40] [SEVERE ] player 2 placing token on slot 6
[2022-12-12 13:00:40] [SEVERE ] player 2 placing token on slot 1
[2022-12-12 13:00:40] [SEVERE ] player 2 placing token on slot 11
[2022-12-12 13:00:40] [SEVERE ] removing player 2 token from slot 1
[2022-12-12 13:00:40] [SEVERE ] removing player 2 token from slot 6
[2022-12-12 13:00:40] [SEVERE ] removing player 2 token from slot 11
[2022-12-12 13:00:40] [SEVERE ] player 2 placing token on slot 4
[2022-12-12 13:00:40] [SEVERE ] player 2 placing token on slot 0
[2022-12-12 13:00:40] [SEVERE ] player 2 placing token on slot 3
[2022-12-12 13:00:40] [SEVERE ] removing player 2 token from slot 0
[2022-12-12 13:00:40] [SEVERE ] removing player 2 token from slot 3
[2022-12-12 13:00:40] [SEVERE ] removing player 2 token from slot 4
[2022-12-12 13:00:40] [SEVERE ] player 2 placing token on slot 1
[2022-12-12 13:00:40] [SEVERE ] player 2 placing token on slot 6
[2022-12-12 13:00:40] [SEVERE ] player 2 placing token on slot 7
[2022-12-12 13:00:40] [SEVERE ] removing player 2 token from slot 1
[2022-12-12 13:00:40] [SEVERE ] removing player 2 token from slot 6
[2022-12-12 13:00:40] [SEVERE ] removing player 2 token from slot 7
[2022-12-12 13:00:40] [SEVERE ] player 2 placing token on slot 6
[2022-12-12 13:00:41] [SEVERE ] player 2 placing token on slot 4
[2022-12-12 13:00:41] [SEVERE ] player 2 placing token on slot 9
[2022-12-12 13:00:41] [SEVERE ] removing player 2 token from slot 4
[2022-12-12 13:00:41] [SEVERE ] removing player 2 token from slot 6
[2022-12-12 13:00:41] [SEVERE ] removing player 2 token from slot 9
[2022-12-12 13:00:41] [SEVERE ] player 2 placing token on slot 5
[2022-12-12 13:00:41] [SEVERE ] player 2 placing token on slot 6
[2022-12-12 13:00:41] [SEVERE ] player 2 placing token on slot 8
[2022-12-12 13:00:41] [SEVERE ] removing player 2 token from slot 5
[2022-12-12 13:00:41] [SEVERE ] removing player 2 token from slot 6
[2022-12-12 13:00:41] [SEVERE ] removing player 2 token from slot 8
[2022-12-12 13:00:41] [SEVERE ] player 2 placing token on slot 8
[2022-12-12 13:00:41] [SEVERE ] player 2 placing token on slot 10
[2022-12-12 13:00:41] [SEVERE ] player 2 placing token on slot 3
[2022-12-12 13:00:41] [SEVERE ] removing player 2 token from slot 3
[2022-12-12 13:00:41] [SEVERE ] removing player 2 token from slot 8
[2022-12-12 13:00:41] [SEVERE ] removing player 2 token from slot 10
[2022-12-12 13:00:41] [SEVERE ] player 2 placing token on slot 6
[2022-12-12 13:00:41] [SEVERE ] player 2 placing token on slot 0
[2022-12-12 13:00:41] [SEVERE ] player 2 placing token on slot 4
[2022-12-12 13:00:41] [SEVERE ] removing player 2 token from slot 0
[2022-12-12 13:00:41] [SEVERE ] removing player 2 token from slot 4
[2022-12-12 13:00:41] [SEVERE ] removing player 2 token from slot 6
[2022-12-12 13:00:41] [SEVERE ] player 2 placing token on slot 1
[2022-12-12 13:00:41] [SEVERE ] player 2 placing token on slot 8
[2022-12-12 13:00:41] [SEVERE ] player 2 placing token on slot 10
[2022-12-12 13:00:41] [SEVERE ] removing player 2 token from slot 1
[2022-12-12 13:00:41] [SEVERE ] removing player 2 token from slot 8
[2022-12-12 13:00:41] [SEVERE ] removing player 2 token from slot 10
[2022-12-12 13:00:41] [SEVERE ] player 2 placing token on slot 5
[2022-12-12 13:00:41] [SEVERE ] player 2 placing token on slot 6
[2022-12-12 13:00:41] [SEVERE ] player 2 placing token on slot 9
[2022-12-12 13:00:41] [SEVERE ] removing player 2 token from slot 5
[2022-12-12 13:00:41] [SEVERE ] removing player 2 token from slot 6
[2022-12-12 13:00:41] [SEVERE ] removing player 2 token from slot 9
[2022-12-12 13:00:41] [SEVERE ] player 2 placing token on slot 4
[2022-12-12 13:00:41] [SEVERE ] player 2 placing token on slot 2
[2022-12-12 13:00:41] [SEVERE ] player 2 placing token on slot 5
[2022-12-12 13:00:41] [SEVERE ] removing player 2 token from slot 2
[2022-12-12 13:00:41] [SEVERE ] removing player 2 token from slot 4
[2022-12-12 13:00:41] [SEVERE ] removing player 2 token from slot 5
[2022-12-12 13:00:41] [SEVERE ] player 2 placing token on slot 4
[2022-12-12 13:00:41] [SEVERE ] player 2 placing token on slot 10
[2022-12-12 13:00:41] [SEVERE ] player 2 placing token on slot 5
[2022-12-12 13:00:41] [SEVERE ] removing player 2 token from slot 4
[2022-12-12 13:00:41] [SEVERE ] removing player 2 token from slot 5
[2022-12-12 13:00:41] [SEVERE ] removing player 2 token from slot 10
[2022-12-12 13:00:41] [SEVERE ] player 2 placing token on slot 8
[2022-12-12 13:00:41] [SEVERE ] player 2 placing token on slot 2
[2022-12-12 13:00:41] [SEVERE ] player 2 placing token on slot 0
[2022-12-12 13:00:41] [SEVERE ] removing player 2 token from slot 0
[2022-12-12 13:00:41] [SEVERE ] removing player 2 token from slot 2
[2022-12-12 13:00:41] [SEVERE ] removing player 2 token from slot 8
[2022-12-12 13:00:41] [SEVERE ] player 2 placing token on slot 4
[2022-12-12 13:00:41] [SEVERE ] player 2 placing token on slot 10
[2022-12-12 13:00:41] [SEVERE ] player 2 placing token on slot 9
[2022-12-12 13:00:41] [SEVERE ] removing player 2 token from slot 4
[2022-12-12 13:00:41] [SEVERE ] removing player 2 token from slot 9
[2022-12-12 13:00:41] [SEVERE ] removing player 2 token from slot 10
[2022-12-12 13:00:41] [SEVERE ] player 2 placing token on slot 0
[2022-12-12 13:00:41] [SEVERE ] player 2 placing token on slot 4
[2022-12-12 13:00:41] [SEVERE ] player 2 placing token on slot 1
[2022-12-12 13:00:41] [SEVERE ] removing player 2 token from slot 0
[2022-12-12 13:00:41] [SEVERE ] removing player 2 token from slot 1
[2022-12-12 13:00:41] [SEVERE ] removing player 2 token from slot 4
[2022-12-12 13:00:42] [SEVERE ] player 2 placing token on slot 5
[2022-12-12 13:00:42] [SEVERE ] player 2 placing token on slot 2
[2022-12-12 13:00:42] [SEVERE ] player 2 placing token on slot 1
[2022-12-12 13:00:42] [SEVERE ] removing player 2 token from slot 1
[2022-12-12 13:00:42] [SEVERE ] removing player 2 token from slot 2
[2022-12-12 13:00:42] [SEVERE ] removing player 2 token from slot 5
[2022-12-12 13:00:42] [SEVERE ] player 2 placing token on slot 3
[2022-12-12 13:00:42] [SEVERE ] player 2 placing token on slot 9
[2022-12-12 13:00:42] [SEVERE ] player 2 placing token on slot 11
[2022-12-12 13:00:42] [SEVERE ] removing player 2 token from slot 3
[2022-12-12 13:00:42] [SEVERE ] removing player 2 token from slot 9
[2022-12-12 13:00:42] [SEVERE ] removing player 2 token from slot 11
[2022-12-12 13:00:42] [SEVERE ] player 2 placing token on slot 1
[2022-12-12 13:00:42] [SEVERE ] player 2 placing token on slot 11
[2022-12-12 13:00:42] [SEVERE ] player 2 placing token on slot 0
[2022-12-12 13:00:42] [SEVERE ] removing player 2 token from slot 0
[2022-12-12 13:00:42] [SEVERE ] removing player 2 token from slot 1
[2022-12-12 13:00:42] [SEVERE ] removing player 2 token from slot 11
[2022-12-12 13:00:42] [SEVERE ] player 2 placing token on slot 4
[2022-12-12 13:00:42] [SEVERE ] player 2 placing token on slot 5
[2022-12-12 13:00:42] [SEVERE ] player 2 placing token on slot 10
[2022-12-12 13:00:42] [SEVERE ] removing player 2 token from slot 4
[2022-12-12 13:00:42] [SEVERE ] removing player 2 token from slot 5
[2022-12-12 13:00:42] [SEVERE ] removing player 2 token from slot 10
[2022-12-12 13:00:42] [SEVERE ] player 2 placing token on slot 2
[2022-12-12 13:00:42] [SEVERE ] player 2 placing token on slot 0
[2022-12-12 13:00:42] [SEVERE ] player 2 placing token on slot 11
[2022-12-12 13:00:42] [SEVERE ] removing player 2 token from slot 0
[2022-12-12 13:00:42] [SEVERE ] removing player 2 token from slot 2
[2022-12-12 13:00:42] [SEVERE ] removing player 2 token from slot 11
[2022-12-12 13:00:42] [SEVERE ] player 2 placing token on slot 2
[2022-12-12 13:00:42] [SEVERE ] player 2 placing token on slot 8
[2022-12-12 13:00:42] [SEVERE ] player 2 placing token on slot 9
[2022-12-12 13:00:42] [SEVERE ] removing player 2 token from slot 2
[2022-12-12 13:00:42] [SEVERE ] removing player 2 token from slot 8
[2022-12-12 13:00:42] [SEVERE ] removing player 2 token from slot 9
[2022-12-12 13:00:42] [SEVERE ] player 2 placing token on slot 9
[2022-12-12 13:00:42] [SEVERE ] player 2 placing token on slot 1
[2022-12-12 13:00:42] [SEVERE ] player 2 placing token on slot 5
[2022-12-12 13:00:42] [SEVERE ] removing player 2 token from slot 1
[2022-12-12 13:00:42] [SEVERE ] removing player 2 token from slot 5
[2022-12-12 13:00:42] [SEVERE ] removing player 2 token from slot 9
[2022-12-12 13:00:42] [SEVERE ] player 2 placing token on slot 8
[2022-12-12 13:00:42] [SEVERE ] player 2 placing token on slot 0
[2022-12-12 13:00:42] [SEVERE ] player 2 placing token on slot 4
[2022-12-12 13:00:42] [SEVERE ] removing player 2 token from slot 0
[2022-12-12 13:00:42] [SEVERE ] removing player 2 token from slot 4
[2022-12-12 13:00:42] [SEVERE ] removing player 2 token from slot 8
[2022-12-12 13:00:42] [SEVERE ] player 2 placing token on slot 1
[2022-12-12 13:00:42] [SEVERE ] player 2 placing token on slot 9
[2022-12-12 13:00:42] [SEVERE ] player 2 placing token on slot 0
[2022-12-12 13:00:42] [SEVERE ] removing player 2 token from slot 0
[2022-12-12 13:00:42] [SEVERE ] removing player 2 token from slot 1
[2022-12-12 13:00:42] [SEVERE ] removing player 2 token from slot 9
[2022-12-12 13:00:42] [SEVERE ] player 2 placing token on slot 3
[2022-12-12 13:00:42] [SEVERE ] player 2 placing token on slot 5
[2022-12-12 13:00:42] [SEVERE ] player 2 placing token on slot 0
[2022-12-12 13:00:42] [SEVERE ] removing player 2 token from slot 0
[2022-12-12 13:00:42] [SEVERE ] removing player 2 token from slot 3
[2022-12-12 13:00:42] [SEVERE ] removing player 2 token from slot 5
[2022-12-12 13:00:42] [SEVERE ] player 2 placing token on slot 4
[2022-12-12 13:00:42] [SEVERE ] player 2 placing token on slot 10
[2022-12-12 13:00:42] [SEVERE ] player 2 placing token on slot 3
[2022-12-12 13:00:42] [SEVERE ] removing player 2 token from slot 3
[2022-12-12 13:00:42] [SEVERE ] removing player 2 token from slot 4
[2022-12-12 13:00:42] [SEVERE ] removing player 2 token from slot 10
[2022-12-12 13:00:43] [SEVERE ] player 2 placing token on slot 4
[2022-12-12 13:00:43] [SEVERE ] player 2 placing token on slot 9
[2022-12-12 13:00:43] [SEVERE ] player 2 placing token on slot 10
[2022-12-12 13:00:43] [SEVERE ] removing player 2 token from slot 4
[2022-12-12 13:00:43] [SEVERE ] removing player 2 token from slot 9
[2022-12-12 13:00:43] [SEVERE ] removing player 2 token from slot 10
[2022-12-12 13:00:43] [SEVERE ] player 2 placing token on slot 2
[2022-12-12 13:00:43] [SEVERE ] player 2 placing token on slot 3
[2022-12-12 13:00:43] [SEVERE ] player 2 placing token on slot 0
[2022-12-12 13:00:43] [SEVERE ] removing player 2 token from slot 0
[2022-12-12 13:00:43] [SEVERE ] removing player 2 token from slot 2
[2022-12-12 13:00:43] [SEVERE ] removing player 2 token from slot 3
[2022-12-12 13:00:43] [SEVERE ] player 2 placing token on slot 6
[2022-12-12 13:00:43] [SEVERE ] player 2 placing token on slot 10
[2022-12-12 13:00:43] [SEVERE ] player 2 placing token on slot 5
[2022-12-12 13:00:43] [SEVERE ] removing player 2 token from slot 5
[2022-12-12 13:00:43] [SEVERE ] removing player 2 token from slot 6
[2022-12-12 13:00:43] [SEVERE ] removing player 2 token from slot 10
[2022-12-12 13:00:43] [SEVERE ] player 2 placing token on slot 4
[2022-12-12 13:00:43] [SEVERE ] player 2 placing token on slot 3
[2022-12-12 13:00:43] [SEVERE ] player 2 placing token on slot 6
[2022-12-12 13:00:43] [SEVERE ] removing player 2 token from slot 3
[2022-12-12 13:00:43] [SEVERE ] removing player 2 token from slot 4
[2022-12-12 13:00:43] [SEVERE ] removing player 2 token from slot 6
[2022-12-12 13:00:43] [SEVERE ] player 2 placing token on slot 0
[2022-12-12 13:00:43] [SEVERE ] player 2 placing token on slot 11
[2022-12-12 13:00:43] [SEVERE ] player 2 placing token on slot 9
[2022-12-12 13:00:43] [SEVERE ] removing player 2 token from slot 0
[2022-12-12 13:00:43] [SEVERE ] removing player 2 token from slot 9
[2022-12-12 13:00:43] [SEVERE ] removing player 2 token from slot 11
[2022-12-12 13:00:43] [SEVERE ] player 2 placing token on slot 6
[2022-12-12 13:00:43] [SEVERE ] player 2 placing token on slot 11
[2022-12-12 13:00:43] [SEVERE ] player 2 placing token on slot 7
[2022-12-12 13:00:43] [SEVERE ] removing player 2 token from slot 6
[2022-12-12 13:00:43] [SEVERE ] removing player 2 token from slot 7
[2022-12-12 13:00:43] [SEVERE ] removing player 2 token from slot 11
[2022-12-12 13:00:43] [SEVERE ] player 2 placing token on slot 7
[2022-12-12 13:00:43] [SEVERE ] player 2 placing token on slot 5
[2022-12-12 13:00:43] [SEVERE ] player 2 placing token on slot 9
[2022-12-12 13:00:43] [SEVERE ] removing player 2 token from slot 5
[2022-12-12 13:00:43] [SEVERE ] removing player 2 token from slot 7
[2022-12-12 13:00:43] [SEVERE ] removing player 2 token from slot 9
[2022-12-12 13:00:43] [SEVERE ] player 2 placing token on slot 6
[2022-12-12 13:00:43] [SEVERE ] player 2 placing token on slot 8
[2022-12-12 13:00:43] [SEVERE ] player 2 placing token on slot 3
[2022-12-12 13:00:43] [SEVERE ] removing player 2 token from slot 3
[2022-12-12 13:00:43] [SEVERE ] removing player 2 token from slot 6
[2022-12-12 13:00:43] [SEVERE ] removing player 2 token from slot 8
[2022-12-12 13:00:43] [SEVERE ] player 2 placing token on slot 7
[2022-12-12 13:00:43] [SEVERE ] player 2 placing token on slot 0
[2022-12-12 13:00:43] [SEVERE ] player 2 placing token on slot 9
[2022-12-12 13:00:43] [SEVERE ] removing player 2 token from slot 0
[2022-12-12 13:00:43] [SEVERE ] removing player 2 token from slot 7
[2022-12-12 13:00:43] [SEVERE ] removing player 2 token from slot 9
[2022-12-12 13:00:43] [SEVERE ] player 2 placing token on slot 1
[2022-12-12 13:00:43] [SEVERE ] player 2 placing token on slot 9
[2022-12-12 13:00:43] [SEVERE ] player 2 placing token on slot 4
[2022-12-12 13:00:43] [SEVERE ] removing player 2 token from slot 1
[2022-12-12 13:00:43] [SEVERE ] removing player 2 token from slot 4
[2022-12-12 13:00:43] [SEVERE ] removing player 2 token from slot 9
[2022-12-12 13:00:43] [SEVERE ] player 2 placing token on slot 7
[2022-12-12 13:00:43] [SEVERE ] player 2 placing token on slot 2
[2022-12-12 13:00:44] [SEVERE ] player 2 placing token on slot 1
[2022-12-12 13:00:44] [SEVERE ] removing player 2 token from slot 1
[2022-12-12 13:00:44] [SEVERE ] removing player 2 token from slot 2
[2022-12-12 13:00:44] [SEVERE ] removing player 2 token from slot 7
[2022-12-12 13:00:44] [SEVERE ] player 2 placing token on slot 1
[2022-12-12 13:00:44] [SEVERE ] player 2 placing token on slot 2
[2022-12-12 13:00:44] [SEVERE ] player 2 placing token on slot 8
[2022-12-12 13:00:44] [SEVERE ] removing player 2 token from slot 1
[2022-12-12 13:00:44] [SEVERE ] removing player 2 token from slot 2
[2022-12-12 13:00:44] [SEVERE ] removing player 2 token from slot 8
[2022-12-12 13:00:44] [SEVERE ] player 2 placing token on slot 1
[2022-12-12 13:00:44] [SEVERE ] player 2 placing token on slot 7
[2022-12-12 13:00:44] [SEVERE ] player 2 placing token on slot 3
[2022-12-12 13:00:44] [SEVERE ] removing player 2 token from slot 1
[2022-12-12 13:00:44] [SEVERE ] removing player 2 token from slot 3
[2022-12-12 13:00:44] [SEVERE ] removing player 2 token from slot 7
[2022-12-12 13:00:44] [SEVERE ] player 2 placing token on slot 9
[2022-12-12 13:00:44] [SEVERE ] player 2 placing token on slot 4
[2022-12-12 13:00:44] [SEVERE ] player 2 placing token on slot 7
[2022-12-12 13:00:44] [SEVERE ] removing player 2 token from slot 4
[2022-12-12 13:00:44] [SEVERE ] removing player 2 token from slot 7
[2022-12-12 13:00:44] [SEVERE ] removing player 2 token from slot 9
[2022-12-12 13:00:44] [SEVERE ] player 2 placing token on slot 3
[2022-12-12 13:00:44] [SEVERE ] player 2 placing token on slot 5
[2022-12-12 13:00:44] [SEVERE ] player 2 placing token on slot 7
[2022-12-12 13:00:44] [SEVERE ] removing player 2 token from slot 3
[2022-12-12 13:00:44] [SEVERE ] removing player 2 token from slot 5
[2022-12-12 13:00:44] [SEVERE ] removing player 2 token from slot 7
[2022-12-12 13:00:44] [SEVERE ] player 2 placing token on slot 2
[2022-12-12 13:00:44] [SEVERE ] player 2 placing token on slot 9
[2022-12-12 13:00:44] [SEVERE ] player 2 placing token on slot 6
[2022-12-12 13:00:44] [SEVERE ] removing player 2 token from slot 2
[2022-12-12 13:00:44] [SEVERE ] removing player 2 token from slot 6
[2022-12-12 13:00:44] [SEVERE ] removing player 2 token from slot 9
[2022-12-12 13:00:44] [SEVERE ] player 2 placing token on slot 9
[2022-12-12 13:00:44] [SEVERE ] player 2 placing token on slot 0
[2022-12-12 13:00:44] [SEVERE ] player 2 placing token on slot 5
[2022-12-12 13:00:44] [SEVERE ] removing player 2 token from slot 0
[2022-12-12 13:00:44] [SEVERE ] removing player 2 token from slot 5
[2022-12-12 13:00:44] [SEVERE ] removing player 2 token from slot 9
[2022-12-12 13:00:44] [SEVERE ] player 2 placing token on slot 2
[2022-12-12 13:00:44] [SEVERE ] player 2 placing token on slot 3
[2022-12-12 13:00:44] [SEVERE ] player 2 placing token on slot 5
[2022-12-12 13:00:44] [SEVERE ] removing player 2 token from slot 2
[2022-12-12 13:00:44] [SEVERE ] removing player 2 token from slot 3
[2022-12-12 13:00:44] [SEVERE ] removing player 2 token from slot 5
[2022-12-12 13:00:44] [SEVERE ] player 2 placing token on slot 11
[2022-12-12 13:00:44] [SEVERE ] player 2 placing token on slot 5
[2022-12-12 13:00:44] [SEVERE ] player 2 placing token on slot 4
[2022-12-12 13:00:44] [SEVERE ] removing player 2 token from slot 4
[2022-12-12 13:00:44] [SEVERE ] removing player 2 token from slot 5
[2022-12-12 13:00:44] [SEVERE ] removing player 2 token from slot 11
[2022-12-12 13:00:44] [SEVERE ] player 2 placing token on slot 6
[2022-12-12 13:00:44] [SEVERE ] player 2 placing token on slot 9
[2022-12-12 13:00:44] [SEVERE ] player 2 placing token on slot 11
[2022-12-12 13:00:44] [SEVERE ] removing player 2 token from slot 6
[2022-12-12 13:00:44] [SEVERE ] removing player 2 token from slot 9
[2022-12-12 13:00:44] [SEVERE ] removing player 2 token from slot 11
[2022-12-12 13:00:44] [SEVERE ] player 2 placing token on slot 10
[2022-12-12 13:00:44] [SEVERE ] player 2 placing token on slot 8
[2022-12-12 13:00:44] [SEVERE ] player 2 placing token on slot 5
[2022-12-12 13:00:44] [SEVERE ] removing player 2 token from slot 5
[2022-12-12 13:00:44] [SEVERE ] removing player 2 token from slot 8
[2022-12-12 13:00:44] [SEVERE ] removing player 2 token from slot 10
[2022-12-12 13:00:44] [SEVERE ] player 2 placing token on slot 8
[2022-12-12 13:00:44] [SEVERE ] player 2 placing token on slot 0
[2022-12-12 13:00:44] [SEVERE ] player 2 placing token on slot 1
[2022-12-12 13:00:44] [SEVERE ] removing player 2 token from slot 0
[2022-12-12 13:00:44] [SEVERE ] removing player 2 token from slot 1
[2022-12-12 13:00:44] [SEVERE ] removing player 2 token from slot 8
[2022-12-12 13:00:45] [SEVERE ] player 2 placing token on slot 3
[2022-12-12 13:00:45] [SEVERE ] player 2 placing token on slot 7
[2022-12-12 13:00:45] [SEVERE ] player 2 placing token on slot 2
[2022-12-12 13:00:45] [SEVERE ] removing player 2 token from slot 2
[2022-12-12 13:00:45] [SEVERE ] removing player 2 token from slot 3
[2022-12-12 13:00:45] [SEVERE ] removing player 2 token from slot 7
[2022-12-12 13:00:45] [SEVERE ] player 2 placing token on slot 0
[2022-12-12 13:00:45] [SEVERE ] player 2 placing token on slot 10
[2022-12-12 13:00:45] [SEVERE ] player 2 placing token on slot 6
[2022-12-12 13:00:45] [SEVERE ] removing player 2 token from slot 0
[2022-12-12 13:00:45] [SEVERE ] removing player 2 token from slot 6
[2022-12-12 13:00:45] [SEVERE ] removing player 2 token from slot 10
[2022-12-12 13:00:45] [SEVERE ] player 2 placing token on slot 10
[2022-12-12 13:00:45] [SEVERE ] player 2 placing token on slot 11
[2022-12-12 13:00:45] [SEVERE ] player 2 placing token on slot 2
[2022-12-12 13:00:45] [SEVERE ] removing player 2 token from slot 2
[2022-12-12 13:00:45] [SEVERE ] removing player 2 token from slot 10
[2022-12-12 13:00:45] [SEVERE ] removing player 2 token from slot 11
[2022-12-12 13:00:45] [SEVERE ] player 2 placing token on slot 7
[2022-12-12 13:00:45] [SEVERE ] player 2 placing token on slot 11
[2022-12-12 13:00:45] [SEVERE ] player 2 placing token on slot 10
[2022-12-12 13:00:45] [SEVERE ] removing player 2 token from slot 7
[2022-12-12 13:00:45] [SEVERE ] removing player 2 token from slot 10
[2022-12-12 13:00:45] [SEVERE ] removing player 2 token from slot 11
[2022-12-12 13:00:45] [SEVERE ] player 2 placing token on slot 3
[2022-12-12 13:00:45] [SEVERE ] player 2 placing token on slot 5
[2022-12-12 13:00:45] [SEVERE ] player 2 placing token on slot 4
[2022-12-12 13:00:45] [SEVERE ] removing player 2 token from slot 3
[2022-12-12 13:00:45] [SEVERE ] removing player 2 token from slot 4
[2022-12-12 13:00:45] [SEVERE ] removing player 2 token from slot 5
[2022-12-12 13:00:45] [SEVERE ] player 2 placing token on slot 1
[2022-12-12 13:00:45] [SEVERE ] player 2 placing token on slot 5
[2022-12-12 13:00:45] [SEVERE ] player 2 placing token on slot 2
[2022-12-12 13:00:45] [SEVERE ] removing player 2 token from slot 1
[2022-12-12 13:00:45] [SEVERE ] removing player 2 token from slot 2
[2022-12-12 13:00:45] [SEVERE ] removing player 2 token from slot 5
[2022-12-12 13:00:45] [SEVERE ] player 2 placing token on slot 7
[2022-12-12 13:00:45] [SEVERE ] player 2 placing token on slot 3
[2022-12-12 13:00:45] [SEVERE ] player 2 placing token on slot 1
[2022-12-12 13:00:45] [SEVERE ] removing player 2 token from slot 1
[2022-12-12 13:00:45] [SEVERE ] removing player 2 token from slot 3
[2022-12-12 13:00:45] [SEVERE ] removing player 2 token from slot 7
[2022-12-12 13:00:45] [SEVERE ] player 2 placing token on slot 3
[2022-12-12 13:00:45] [SEVERE ] player 2 placing token on slot 2
[2022-12-12 13:00:45] [SEVERE ] player 2 placing token on slot 1
[2022-12-12 13:00:45] [SEVERE ] removing player 2 token from slot 1
[2022-12-12 13:00:45] [SEVERE ] removing player 2 token from slot 2
[2022-12-12 13:00:45] [SEVERE ] removing player 2 token from slot 3
[2022-12-12 13:00:45] [SEVERE ] player 2 placing token on slot 2
[2022-12-12 13:00:45] [SEVERE ] player 2 placing token on slot 4
[2022-12-12 13:00:45] [SEVERE ] player 2 placing token on slot 5
[2022-12-12 13:00:45] [SEVERE ] removing player 2 token from slot 2
[2022-12-12 13:00:45] [SEVERE ] removing player 2 token from slot 4
[2022-12-12 13:00:45] [SEVERE ] removing player 2 token from slot 5
[2022-12-12 13:00:45] [SEVERE ] player 2 placing token on slot 8
[2022-12-12 13:00:45] [SEVERE ] player 2 placing token on slot 11
[2022-12-12 13:00:45] [SEVERE ] player 2 placing token on slot 2
[2022-12-12 13:00:45] [SEVERE ] removing player 2 token from slot 2
[2022-12-12 13:00:45] [SEVERE ] removing player 2 token from slot 8
[2022-12-12 13:00:45] [SEVERE ] removing player 2 token from slot 11
[2022-12-12 13:00:45] [SEVERE ] player 2 placing token on slot 0
[2022-12-12 13:00:45] [SEVERE ] player 2 placing token on slot 8
[2022-12-12 13:00:46] [SEVERE ] player 2 placing token on slot 9
[2022-12-12 13:00:46] [SEVERE ] removing player 2 token from slot 0
[2022-12-12 13:00:46] [SEVERE ] removing player 2 token from slot 8
[2022-12-12 13:00:46] [SEVERE ] removing player 2 token from slot 9
[2022-12-12 13:00:46] [SEVERE ] player 2 placing token on slot 9
[2022-12-12 13:00:46] [SEVERE ] player 2 placing token on slot 5
[2022-12-12 13:00:46] [SEVERE ] player 2 placing token on slot 7
[2022-12-12 13:00:46] [SEVERE ] removing player 2 token from slot 5
[2022-12-12 13:00:46] [SEVERE ] removing player 2 token from slot 7
[2022-12-12 13:00:46] [SEVERE ] removing player 2 token from slot 9
[2022-12-12 13:00:46] [SEVERE ] player 2 placing token on slot 8
[2022-12-12 13:00:46] [SEVERE ] player 2 placing token on slot 10
[2022-12-12 13:00:46] [SEVERE ] player 2 placing token on slot 11
[2022-12-12 13:00:46] [SEVERE ] removing player 2 token from slot 8
[2022-12-12 13:00:46] [SEVERE ] removing player 2 token from slot 10
[2022-12-12 13:00:46] [SEVERE ] removing player 2 token from slot 11
[2022-12-12 13:00:46] [SEVERE ] player 2 placing token on slot 2
[2022-12-12 13:00:46] [SEVERE ] player 2 placing token on slot 9
[2022-12-12 13:00:46] [SEVERE ] player 2 placing token on slot 11
[2022-12-12 13:00:46] [SEVERE ] removing player 2 token from slot 2
[2022-12-12 13:00:46] [SEVERE ] removing player 2 token from slot 9
[2022-12-12 13:00:46] [SEVERE ] removing player 2 token from slot 11
[2022-12-12 13:00:46] [SEVERE ] player 2 placing token on slot 1
[2022-12-12 13:00:46] [SEVERE ] player 2 placing token on slot 11
[2022-12-12 13:00:46] [SEVERE ] player 2 placing token on slot 10
[2022-12-12 13:00:46] [SEVERE ] removing player 2 token from slot 1
[2022-12-12 13:00:46] [SEVERE ] removing player 2 token from slot 10
[2022-12-12 13:00:46] [SEVERE ] removing player 2 token from slot 11
[2022-12-12 13:00:46] [SEVERE ] player 2 placing token on slot 5
[2022-12-12 13:00:46] [SEVERE ] player 2 placing token on slot 3
[2022-12-12 13:00:46] [SEVERE ] player 2 placing token on slot 8
[2022-12-12 13:00:46] [SEVERE ] removing player 2 token from slot 3
[2022-12-12 13:00:46] [SEVERE ] removing player 2 token from slot 5
[2022-12-12 13:00:46] [SEVERE ] removing player 2 token from slot 8
[2022-12-12 13:00:46] [SEVERE ] player 2 placing token on slot 0
[2022-12-12 13:00:46] [SEVERE ] player 2 placing token on slot 11
[2022-12-12 13:00:46] [SEVERE ] player 2 placing token on slot 4
[2022-12-12 13:00:46] [SEVERE ] removing player 2 token from slot 0
[2022-12-12 13:00:46] [SEVERE ] removing player 2 token from slot 4
[2022-12-12 13:00:46] [SEVERE ] removing player 2 token from slot 11
[2022-12-12 13:00:46] [SEVERE ] player 2 placing token on slot 4
[2022-12-12 13:00:46] [SEVERE ] player 2 placing token on slot 11
[2022-12-12 13:00:46] [SEVERE ] player 2 placing token on slot 0
[2022-12-12 13:00:46] [SEVERE ] removing player 2 token from slot 0
[2022-12-12 13:00:46] [SEVERE ] removing player 2 token from slot 4
[2022-12-12 13:00:46] [SEVERE ] removing player 2 token from slot 11
[2022-12-12 13:00:46] [SEVERE ] player 2 placing token on slot 10
[2022-12-12 13:00:46] [SEVERE ] player 2 placing token on slot 1
[2022-12-12 13:00:46] [SEVERE ] player 2 placing token on slot 9
[2022-12-12 13:00:46] [SEVERE ] removing player 2 token from slot 1
[2022-12-12 13:00:46] [SEVERE ] removing player 2 token from slot 9
[2022-12-12 13:00:46] [SEVERE ] removing player 2 token from slot 10
[2022-12-12 13:00:46] [SEVERE ] player 2 placing token on slot 9
[2022-12-12 13:00:46] [SEVERE ] player 2 placing token on slot 3
[2022-12-12 13:00:46] [SEVERE ] player 2 placing token on slot 0
[2022-12-12 13:00:46] [SEVERE ] removing player 2 token from slot 0
[2022-12-12 13:00:46] [SEVERE ] removing player 2 token from slot 3
[2022-12-12 13:00:46] [SEVERE ] removing player 2 token from slot 9
[2022-12-12 13:00:46] [SEVERE ] player 2 placing token on slot 11
[2022-12-12 13:00:46] [SEVERE ] player 2 placing token on slot 10
[2022-12-12 13:00:46] [SEVERE ] player 2 placing token on slot 2
[2022-12-12 13:00:46] [SEVERE ] removing player 2 token from slot 2
[2022-12-12 13:00:46] [SEVERE ] removing player 2 token from slot 10
[2022-12-12 13:00:46] [SEVERE ] removing player 2 token from slot 11
[2022-12-12 13:00:46] [SEVERE ] player 2 placing token on slot 3
[2022-12-12 13:00:46] [SEVERE ] player 2 placing token on slot 5
[2022-12-12 13:00:46] [SEVERE ] player 2 placing token on slot 0
[2022-12-12 13:00:46] [SEVERE ] removing player 2 token from slot 0
[2022-12-12 13:00:46] [SEVERE ] removing player 2 token from slot 3
[2022-12-12 13:00:46] [SEVERE ] removing player 2 token from slot 5
[2022-12-12 13:00:47] [SEVERE ] player 2 placing token on slot 4
[2022-12-12 13:00:47] [SEVERE ] player 2 placing token on slot 8
[2022-12-12 13:00:47] [SEVERE ] player 2 placing token on slot 9
[2022-12-12 13:00:47] [SEVERE ] removing player 2 token from slot 4
[2022-12-12 13:00:47] [SEVERE ] removing player 2 token from slot 8
[2022-12-12 13:00:47] [SEVERE ] removing player 2 token from slot 9
[2022-12-12 13:00:47] [SEVERE ] player 2 placing token on slot 8
[2022-12-12 13:00:47] [SEVERE ] player 2 placing token on slot 7
[2022-12-12 13:00:47] [SEVERE ] player 2 placing token on slot 0
[2022-12-12 13:00:47] [SEVERE ] removing player 2 token from slot 0
[2022-12-12 13:00:47] [SEVERE ] removing player 2 token from slot 7
[2022-12-12 13:00:47] [SEVERE ] removing player 2 token from slot 8
[2022-12-12 13:00:47] [SEVERE ] player 2 placing token on slot 8
[2022-12-12 13:00:47] [SEVERE ] player 2 placing token on slot 3
[2022-12-12 13:00:47] [SEVERE ] player 2 placing token on slot 2
[2022-12-12 13:00:47] [SEVERE ] removing player 2 token from slot 2
[2022-12-12 13:00:47] [SEVERE ] removing player 2 token from slot 3
[2022-12-12 13:00:47] [SEVERE ] removing player 2 token from slot 8
[2022-12-12 13:00:47] [SEVERE ] player 2 placing token on slot 9
[2022-12-12 13:00:47] [SEVERE ] player 2 placing token on slot 4
[2022-12-12 13:00:47] [SEVERE ] player 2 placing token on slot 3
[2022-12-12 13:00:47] [SEVERE ] removing player 2 token from slot 3
[2022-12-12 13:00:47] [SEVERE ] removing player 2 token from slot 4
[2022-12-12 13:00:47] [SEVERE ] removing player 2 token from slot 9
[2022-12-12 13:00:47] [SEVERE ] player 2 placing token on slot 10
[2022-12-12 13:00:47] [SEVERE ] player 2 placing token on slot 7
[2022-12-12 13:00:47] [SEVERE ] player 2 placing token on slot 3
[2022-12-12 13:00:47] [SEVERE ] removing player 2 token from slot 3
[2022-12-12 13:00:47] [SEVERE ] removing player 2 token from slot 7
[2022-12-12 13:00:47] [SEVERE ] removing player 2 token from slot 10
[2022-12-12 13:00:47] [SEVERE ] player 2 placing token on slot 1
[2022-12-12 13:00:47] [SEVERE ] player 2 placing token on slot 0
[2022-12-12 13:00:47] [SEVERE ] player 2 placing token on slot 5
[2022-12-12 13:00:47] [SEVERE ] removing player 2 token from slot 0
[2022-12-12 13:00:47] [SEVERE ] removing player 2 token from slot 1
[2022-12-12 13:00:47] [SEVERE ] removing player 2 token from slot 5
[2022-12-12 13:00:47] [SEVERE ] player 2 placing token on slot 9
[2022-12-12 13:00:47] [SEVERE ] player 2 placing token on slot 6
[2022-12-12 13:00:47] [SEVERE ] player 2 placing token on slot 4
[2022-12-12 13:00:47] [SEVERE ] removing player 2 token from slot 4
[2022-12-12 13:00:47] [SEVERE ] removing player 2 token from slot 6
[2022-12-12 13:00:47] [SEVERE ] removing player 2 token from slot 9
[2022-12-12 13:00:47] [SEVERE ] player 2 placing token on slot 3
[2022-12-12 13:00:47] [SEVERE ] player 2 placing token on slot 11
[2022-12-12 13:00:47] [SEVERE ] player 2 placing token on slot 7
[2022-12-12 13:00:47] [SEVERE ] removing player 2 token from slot 3
[2022-12-12 13:00:47] [SEVERE ] removing player 2 token from slot 7
[2022-12-12 13:00:47] [SEVERE ] removing player 2 token from slot 11
[2022-12-12 13:00:47] [SEVERE ] player 2 placing token on slot 11
[2022-12-12 13:00:47] [SEVERE ] player 2 placing token on slot 9
[2022-12-12 13:00:47] [SEVERE ] player 2 placing token on slot 3
[2022-12-12 13:00:47] [SEVERE ] removing player 2 token from slot 3
[2022-12-12 13:00:47] [SEVERE ] removing player 2 token from slot 9
[2022-12-12 13:00:47] [SEVERE ] removing player 2 token from slot 11
[2022-12-12 13:00:47] [SEVERE ] player 2 placing token on slot 7
[2022-12-12 13:00:47] [SEVERE ] player 2 placing token on slot 9
[2022-12-12 13:00:47] [SEVERE ] player 2 placing token on slot 5
[2022-12-12 13:00:47] [SEVERE ] removing player 2 token from slot 5
[2022-12-12 13:00:47] [SEVERE ] removing player 2 token from slot 7
[2022-12-12 13:00:47] [SEVERE ] removing player 2 token from slot 9
[2022-12-12 13:00:47] [SEVERE ] player 2 placing token on slot 8
[2022-12-12 13:00:47] [SEVERE ] player 2 placing token on slot 9
[2022-12-12 13:00:47] [SEVERE ] player 2 placing token on slot 4
[2022-12-12 13:00:47] [SEVERE ] removing player 2 token from slot 4
[2022-12-12 13:00:47] [SEVERE ] removing player 2 token from slot 8
[2022-12-12 13:00:47] [SEVERE ] removing player 2 token from slot 9
[2022-12-12 13:00:48] [SEVERE ] player 2 placing token on slot 1
[2022-12-12 13:00:48] [SEVERE ] player 2 placing token on slot 9
[2022-12-12 13:00:48] [SEVERE ] player 2 placing token on slot 0
[2022-12-12 13:00:48] [SEVERE ] removing player 2 token from slot 0
[2022-12-12 13:00:48] [SEVERE ] removing player 2 token from slot 1
[2022-12-12 13:00:48] [SEVERE ] removing player 2 token from slot 9
[2022-12-12 13:00:48] [SEVERE ] player 2 placing token on slot 11
[2022-12-12 13:00:48] [SEVERE ] player 2 placing token on slot 0
[2022-12-12 13:00:48] [SEVERE ] player 2 placing token on slot 8
[2022-12-12 13:00:48] [SEVERE ] removing player 2 token from slot 0
[2022-12-12 13:00:48] [SEVERE ] removing player 2 token from slot 8
[2022-12-12 13:00:48] [SEVERE ] removing player 2 token from slot 11
[2022-12-12 13:00:48] [SEVERE ] player 2 placing token on slot 3
[2022-12-12 13:00:48] [SEVERE ] player 2 placing token on slot 7
[2022-12-12 13:00:48] [SEVERE ] player 2 placing token on slot 6
[2022-12-12 13:00:48] [SEVERE ] removing player 2 token from slot 3
[2022-12-12 13:00:48] [SEVERE ] removing player 2 token from slot 6
[2022-12-12 13:00:48] [SEVERE ] removing player 2 token from slot 7
[2022-12-12 13:00:48] [SEVERE ] player 2 placing token on slot 8
[2022-12-12 13:00:48] [SEVERE ] player 2 placing token on slot 3
[2022-12-12 13:00:48] [SEVERE ] player 2 placing token on slot 9
[2022-12-12 13:00:48] [SEVERE ] removing player 2 token from slot 3
[2022-12-12 13:00:48] [SEVERE ] removing player 2 token from slot 8
[2022-12-12 13:00:48] [SEVERE ] removing player 2 token from slot 9
[2022-12-12 13:00:48] [SEVERE ] player 2 placing token on slot 7
[2022-12-12 13:00:48] [SEVERE ] player 2 placing token on slot 0
[2022-12-12 13:00:48] [SEVERE ] player 2 placing token on slot 5
[2022-12-12 13:00:48] [SEVERE ] removing player 2 token from slot 0
[2022-12-12 13:00:48] [SEVERE ] removing player 2 token from slot 5
[2022-12-12 13:00:48] [SEVERE ] removing player 2 token from slot 7
[2022-12-12 13:00:48] [SEVERE ] player 2 placing token on slot 4
[2022-12-12 13:00:48] [SEVERE ] player 2 placing token on slot 0
[2022-12-12 13:00:48] [SEVERE ] player 2 placing token on slot 10
[2022-12-12 13:00:48] [SEVERE ] removing player 2 token from slot 0
[2022-12-12 13:00:48] [SEVERE ] removing player 2 token from slot 4
[2022-12-12 13:00:48] [SEVERE ] removing player 2 token from slot 10
[2022-12-12 13:00:48] [SEVERE ] player 2 placing token on slot 11
[2022-12-12 13:00:48] [SEVERE ] player 2 placing token on slot 8
[2022-12-12 13:00:48] [SEVERE ] player 2 placing token on slot 7
[2022-12-12 13:00:48] [SEVERE ] removing player 2 token from slot 7
[2022-12-12 13:00:48] [SEVERE ] removing player 2 token from slot 8
[2022-12-12 13:00:48] [SEVERE ] removing player 2 token from slot 11
[2022-12-12 13:00:48] [SEVERE ] player 2 placing token on slot 6
[2022-12-12 13:00:48] [SEVERE ] player 2 placing token on slot 11
[2022-12-12 13:00:48] [SEVERE ] player 2 placing token on slot 4
[2022-12-12 13:00:48] [SEVERE ] removing player 2 token from slot 4
[2022-12-12 13:00:48] [SEVERE ] removing player 2 token from slot 6
[2022-12-12 13:00:48] [SEVERE ] removing player 2 token from slot 11
[2022-12-12 13:00:48] [SEVERE ] player 2 placing token on slot 9
[2022-12-12 13:00:48] [SEVERE ] player 2 placing token on slot 5
[2022-12-12 13:00:48] [SEVERE ] player 2 placing token on slot 0
[2022-12-12 13:00:48] [SEVERE ] removing player 2 token from slot 0
[2022-12-12 13:00:48] [SEVERE ] removing player 2 token from slot 5
[2022-12-12 13:00:48] [SEVERE ] removing player 2 token from slot 9
[2022-12-12 13:00:48] [SEVERE ] player 2 placing token on slot 9
[2022-12-12 13:00:48] [SEVERE ] player 2 placing token on slot 7
[2022-12-12 13:00:48] [SEVERE ] player 2 placing token on slot 1
[2022-12-12 13:00:48] [SEVERE ] removing player 2 token from slot 1
[2022-12-12 13:00:48] [SEVERE ] removing player 2 token from slot 7
[2022-12-12 13:00:48] [SEVERE ] removing player 2 token from slot 9
[2022-12-12 13:00:48] [SEVERE ] player 2 placing token on slot 3
[2022-12-12 13:00:48] [SEVERE ] player 2 placing token on slot 1
[2022-12-12 13:00:48] [SEVERE ] player 2 placing token on slot 2
[2022-12-12 13:00:48] [SEVERE ] removing player 2 token from slot 1
[2022-12-12 13:00:48] [SEVERE ] removing player 2 token from slot 2
[2022-12-12 13:00:48] [SEVERE ] removing player 2 token from slot 3
[2022-12-12 13:00:49] [SEVERE ] player 2 placing token on slot 1
[2022-12-12 13:00:49] [SEVERE ] player 2 placing token on slot 11
[2022-12-12 13:00:49] [SEVERE ] player 2 placing token on slot 2
[2022-12-12 13:00:49] [SEVERE ] removing player 2 token from slot 1
[2022-12-12 13:00:49] [SEVERE ] removing player 2 token from slot 2
[2022-12-12 13:00:49] [SEVERE ] removing player 2 token from slot 11
[2022-12-12 13:00:49] [SEVERE ] player 2 placing token on slot 6
[2022-12-12 13:00:49] [SEVERE ] player 2 placing token on slot 1
[2022-12-12 13:00:49] [SEVERE ] player 2 placing token on slot 9
[2022-12-12 13:00:49] [SEVERE ] removing player 2 token from slot 1
[2022-12-12 13:00:49] [SEVERE ] removing player 2 token from slot 6
[2022-12-12 13:00:49] [SEVERE ] removing player 2 token from slot 9
[2022-12-12 13:00:49] [SEVERE ] player 2 placing token on slot 7
[2022-12-12 13:00:49] [SEVERE ] player 2 placing token on slot 10
[2022-12-12 13:00:49] [SEVERE ] player 2 placing token on slot 0
[2022-12-12 13:00:49] [SEVERE ] removing player 2 token from slot 0
[2022-12-12 13:00:49] [SEVERE ] removing player 2 token from slot 7
[2022-12-12 13:00:49] [SEVERE ] removing player 2 token from slot 10
[2022-12-12 13:00:49] [SEVERE ] player 2 placing token on slot 11
[2022-12-12 13:00:49] [SEVERE ] player 2 placing token on slot 3
[2022-12-12 13:00:49] [SEVERE ] player 2 placing token on slot 2
[2022-12-12 13:00:49] [SEVERE ] removing player 2 token from slot 2
[2022-12-12 13:00:49] [SEVERE ] removing player 2 token from slot 3
[2022-12-12 13:00:49] [SEVERE ] removing player 2 token from slot 11
[2022-12-12 13:00:49] [SEVERE ] player 2 placing token on slot 9
[2022-12-12 13:00:49] [SEVERE ] player 2 placing token on slot 7
[2022-12-12 13:00:49] [SEVERE ] player 2 placing token on slot 8
[2022-12-12 13:00:49] [SEVERE ] removing player 2 token from slot 7
[2022-12-12 13:00:49] [SEVERE ] removing player 2 token from slot 8
[2022-12-12 13:00:49] [SEVERE ] removing player 2 token from slot 9
[2022-12-12 13:00:49] [SEVERE ] player 2 placing token on slot 11
[2022-12-12 13:00:49] [SEVERE ] player 2 placing token on slot 3
[2022-12-12 13:00:49] [SEVERE ] player 2 placing token on slot 9
[2022-12-12 13:00:49] [SEVERE ] removing player 2 token from slot 3
[2022-12-12 13:00:49] [SEVERE ] removing player 2 token from slot 9
[2022-12-12 13:00:49] [SEVERE ] removing player 2 token from slot 11
[2022-12-12 13:00:49] [SEVERE ] player 2 placing token on slot 5
[2022-12-12 13:00:49] [SEVERE ] player 2 placing token on slot 4
[2022-12-12 13:00:49] [SEVERE ] player 2 placing token on slot 1
[2022-12-12 13:00:49] [SEVERE ] removing player 2 token from slot 1
[2022-12-12 13:00:49] [SEVERE ] removing player 2 token from slot 4
[2022-12-12 13:00:49] [SEVERE ] removing player 2 token from slot 5
[2022-12-12 13:00:49] [SEVERE ] player 2 placing token on slot 10
[2022-12-12 13:00:49] [SEVERE ] player 2 placing token on slot 7
[2022-12-12 13:00:49] [SEVERE ] player 2 placing token on slot 4
[2022-12-12 13:00:49] [SEVERE ] removing player 2 token from slot 4
[2022-12-12 13:00:49] [SEVERE ] removing player 2 token from slot 7
[2022-12-12 13:00:49] [SEVERE ] removing player 2 token from slot 10
[2022-12-12 13:00:49] [SEVERE ] player 2 placing token on slot 11
[2022-12-12 13:00:49] [SEVERE ] player 2 placing token on slot 7
[2022-12-12 13:00:49] [SEVERE ] player 2 placing token on slot 3
[2022-12-12 13:00:49] [SEVERE ] removing player 2 token from slot 3
[2022-12-12 13:00:49] [SEVERE ] removing player 2 token from slot 7
[2022-12-12 13:00:49] [SEVERE ] removing player 2 token from slot 11
[2022-12-12 13:00:49] [SEVERE ] player 2 placing token on slot 10
[2022-12-12 13:00:49] [SEVERE ] player 2 placing token on slot 3
[2022-12-12 13:00:49] [SEVERE ] player 2 placing token on slot 0
[2022-12-12 13:00:49] [SEVERE ] removing player 2 token from slot 0
[2022-12-12 13:00:49] [SEVERE ] removing player 2 token from slot 3
[2022-12-12 13:00:49] [SEVERE ] removing player 2 token from slot 10
[2022-12-12 13:00:49] [SEVERE ] player 2 placing token on slot 7
[2022-12-12 13:00:49] [SEVERE ] player 2 placing token on slot 5
[2022-12-12 13:00:50] [SEVERE ] player 2 placing token on slot 10
[2022-12-12 13:00:50] [SEVERE ] removing player 2 token from slot 5
[2022-12-12 13:00:50] [SEVERE ] removing player 2 token from slot 7
[2022-12-12 13:00:50] [SEVERE ] removing player 2 token from slot 10
[2022-12-12 13:00:50] [SEVERE ] player 2 placing token on slot 5
[2022-12-12 13:00:50] [SEVERE ] player 2 placing token on slot 3
[2022-12-12 13:00:50] [SEVERE ] player 2 placing token on slot 11
[2022-12-12 13:00:50] [SEVERE ] removing player 2 token from slot 3
[2022-12-12 13:00:50] [SEVERE ] removing player 2 token from slot 5
[2022-12-12 13:00:50] [SEVERE ] removing player 2 token from slot 11
[2022-12-12 13:00:50] [SEVERE ] player 2 placing token on slot 1
[2022-12-12 13:00:50] [SEVERE ] player 2 placing token on slot 5
[2022-12-12 13:00:50] [SEVERE ] player 2 placing token on slot 6
[2022-12-12 13:00:50] [SEVERE ] removing player 2 token from slot 1
[2022-12-12 13:00:50] [SEVERE ] removing player 2 token from slot 5
[2022-12-12 13:00:50] [SEVERE ] removing player 2 token from slot 6
[2022-12-12 13:00:50] [SEVERE ] player 2 placing token on slot 0
[2022-12-12 13:00:50] [SEVERE ] player 2 placing token on slot 10
[2022-12-12 13:00:50] [SEVERE ] player 2 placing token on slot 6
[2022-12-12 13:00:50] [SEVERE ] removing player 2 token from slot 0
[2022-12-12 13:00:50] [SEVERE ] removing player 2 token from slot 6
[2022-12-12 13:00:50] [SEVERE ] removing player 2 token from slot 10
[2022-12-12 13:00:50] [SEVERE ] player 2 placing token on slot 0
[2022-12-12 13:00:50] [SEVERE ] player 2 placing token on slot 10
[2022-12-12 13:00:50] [SEVERE ] player 2 placing token on slot 8
[2022-12-12 13:00:50] [SEVERE ] removing player 2 token from slot 0
[2022-12-12 13:00:50] [SEVERE ] removing player 2 token from slot 8
[2022-12-12 13:00:50] [SEVERE ] removing player 2 token from slot 10
[2022-12-12 13:00:50] [SEVERE ] player 2 placing token on slot 10
[2022-12-12 13:00:50] [SEVERE ] player 2 placing token on slot 9
[2022-12-12 13:00:50] [SEVERE ] player 2 placing token on slot 4
[2022-12-12 13:00:50] [SEVERE ] removing player 2 token from slot 4
[2022-12-12 13:00:50] [SEVERE ] removing player 2 token from slot 9
[2022-12-12 13:00:50] [SEVERE ] removing player 2 token from slot 10
[2022-12-12 13:00:50] [SEVERE ] player 2 placing token on slot 7
[2022-12-12 13:00:50] [SEVERE ] player 2 placing token on slot 4
[2022-12-12 13:00:50] [SEVERE ] player 2 placing token on slot 3
[2022-12-12 13:00:50] [SEVERE ] removing player 2 token from slot 3
[2022-12-12 13:00:50] [SEVERE ] removing player 2 token from slot 4
[2022-12-12 13:00:50] [SEVERE ] removing player 2 token from slot 7
[2022-12-12 13:00:50] [SEVERE ] player 2 placing token on slot 4
[2022-12-12 13:00:50] [SEVERE ] player 2 placing token on slot 1
[2022-12-12 13:00:50] [SEVERE ] player 2 placing token on slot 7
[2022-12-12 13:00:50] [SEVERE ] removing player 2 token from slot 1
[2022-12-12 13:00:50] [SEVERE ] removing player 2 token from slot 4
[2022-12-12 13:00:50] [SEVERE ] removing player 2 token from slot 7
[2022-12-12 13:00:50] [SEVERE ] player 2 placing token on slot 6
[2022-12-12 13:00:50] [SEVERE ] player 2 placing token on slot 0
[2022-12-12 13:00:50] [SEVERE ] player 2 placing token on slot 7
[2022-12-12 13:00:50] [SEVERE ] removing player 2 token from slot 0
[2022-12-12 13:00:50] [SEVERE ] removing player 2 token from slot 6
[2022-12-12 13:00:50] [SEVERE ] removing player 2 token from slot 7
[2022-12-12 13:00:50] [SEVERE ] player 2 placing token on slot 6
[2022-12-12 13:00:50] [SEVERE ] player 2 placing token on slot 5
[2022-12-12 13:00:50] [SEVERE ] player 2 placing token on slot 0
[2022-12-12 13:00:50] [SEVERE ] removing player 2 token from slot 0
[2022-12-12 13:00:50] [SEVERE ] removing player 2 token from slot 5
[2022-12-12 13:00:50] [SEVERE ] removing player 2 token from slot 6
[2022-12-12 13:00:50] [SEVERE ] player 2 placing token on slot 2
[2022-12-12 13:00:50] [SEVERE ] player 2 placing token on slot 9
[2022-12-12 13:00:50] [SEVERE ] player 2 placing token on slot 8
[2022-12-12 13:00:50] [SEVERE ] removing player 2 token from slot 2
[2022-12-12 13:00:50] [SEVERE ] removing player 2 token from slot 8
[2022-12-12 13:00:50] [SEVERE ] removing player 2 token from slot 9
[2022-12-12 13:00:50] [SEVERE ] player 2 placing token on slot 3
[2022-12-12 13:00:51] [SEVERE ] player 2 placing token on slot 4
[2022-12-12 13:00:51] [SEVERE ] player 2 placing token on slot 2
[2022-12-12 13:00:51] [SEVERE ] removing player 2 token from slot 2
[2022-12-12 13:00:51] [SEVERE ] removing player 2 token from slot 3
[2022-12-12 13:00:51] [SEVERE ] removing player 2 token from slot 4
[2022-12-12 13:00:51] [SEVERE ] player 2 placing token on slot 7
[2022-12-12 13:00:51] [SEVERE ] player 2 placing token on slot 0
[2022-12-12 13:00:51] [SEVERE ] player 2 placing token on slot 11
[2022-12-12 13:00:51] [SEVERE ] removing player 2 token from slot 0
[2022-12-12 13:00:51] [SEVERE ] removing player 2 token from slot 7
[2022-12-12 13:00:51] [SEVERE ] removing player 2 token from slot 11
[2022-12-12 13:00:51] [SEVERE ] player 2 placing token on slot 10
[2022-12-12 13:00:51] [SEVERE ] player 2 placing token on slot 3
[2022-12-12 13:00:51] [SEVERE ] player 2 placing token on slot 11
[2022-12-12 13:00:51] [SEVERE ] removing player 2 token from slot 3
[2022-12-12 13:00:51] [SEVERE ] removing player 2 token from slot 10
[2022-12-12 13:00:51] [SEVERE ] removing player 2 token from slot 11
[2022-12-12 13:00:51] [SEVERE ] player 2 placing token on slot 2
[2022-12-12 13:00:51] [SEVERE ] player 2 placing token on slot 7
[2022-12-12 13:00:51] [SEVERE ] player 2 placing token on slot 0
[2022-12-12 13:00:51] [SEVERE ] removing player 2 token from slot 0
[2022-12-12 13:00:51] [SEVERE ] removing player 2 token from slot 2
[2022-12-12 13:00:51] [SEVERE ] removing player 2 token from slot 7
[2022-12-12 13:00:51] [SEVERE ] player 2 placing token on slot 7
[2022-12-12 13:00:51] [SEVERE ] player 2 placing token on slot 2
[2022-12-12 13:00:51] [SEVERE ] player 2 placing token on slot 6
[2022-12-12 13:00:51] [SEVERE ] removing player 2 token from slot 2
[2022-12-12 13:00:51] [SEVERE ] removing player 2 token from slot 6
[2022-12-12 13:00:51] [SEVERE ] removing player 2 token from slot 7
[2022-12-12 13:00:51] [SEVERE ] player 2 placing token on slot 8
[2022-12-12 13:00:51] [SEVERE ] player 2 placing token on slot 3
[2022-12-12 13:00:51] [SEVERE ] player 2 placing token on slot 11
[2022-12-12 13:00:51] [SEVERE ] removing player 2 token from slot 3
[2022-12-12 13:00:51] [SEVERE ] removing player 2 token from slot 8
[2022-12-12 13:00:51] [SEVERE ] removing player 2 token from slot 11
[2022-12-12 13:00:51] [SEVERE ] player 2 placing token on slot 6
[2022-12-12 13:00:51] [SEVERE ] player 2 placing token on slot 3
[2022-12-12 13:00:51] [SEVERE ] player 2 placing token on slot 5
[2022-12-12 13:00:51] [SEVERE ] removing player 2 token from slot 3
[2022-12-12 13:00:51] [SEVERE ] removing player 2 token from slot 5
[2022-12-12 13:00:51] [SEVERE ] removing player 2 token from slot 6
[2022-12-12 13:00:51] [SEVERE ] player 2 placing token on slot 1
[2022-12-12 13:00:51] [SEVERE ] player 2 placing token on slot 8
[2022-12-12 13:00:51] [SEVERE ] player 2 placing token on slot 7
[2022-12-12 13:00:51] [SEVERE ] removing player 2 token from slot 1
[2022-12-12 13:00:51] [SEVERE ] removing player 2 token from slot 7
[2022-12-12 13:00:51] [SEVERE ] removing player 2 token from slot 8
[2022-12-12 13:00:51] [SEVERE ] player 2 placing token on slot 5
[2022-12-12 13:00:51] [SEVERE ] player 2 placing token on slot 1
[2022-12-12 13:00:51] [SEVERE ] player 2 placing token on slot 4
[2022-12-12 13:00:51] [SEVERE ] removing player 2 token from slot 1
[2022-12-12 13:00:51] [SEVERE ] removing player 2 token from slot 4
[2022-12-12 13:00:51] [SEVERE ] removing player 2 token from slot 5
[2022-12-12 13:00:51] [SEVERE ] player 2 placing token on slot 5
[2022-12-12 13:00:51] [SEVERE ] player 2 placing token on slot 3
[2022-12-12 13:00:51] [SEVERE ] player 2 placing token on slot 6
[2022-12-12 13:00:51] [SEVERE ] removing player 2 token from slot 3
[2022-12-12 13:00:51] [SEVERE ] removing player 2 token from slot 5
[2022-12-12 13:00:51] [SEVERE ] removing player 2 token from slot 6
[2022-12-12 13:00:51] [SEVERE ] player 2 placing token on slot 3
[2022-12-12 13:00:51] [SEVERE ] player 2 placing token on slot 7
[2022-12-12 13:00:51] [SEVERE ] player 2 placing token on slot 6
[2022-12-12 13:00:51] [SEVERE ] removing player 2 token from slot 3
[2022-12-12 13:00:51] [SEVERE ] removing player 2 token from slot 6
[2022-12-12 13:00:51] [SEVERE ] removing player 2 token from slot 7
[2022-12-12 13:00:51] [SEVERE ] player 2 placing token on slot 9
[2022-12-12 13:00:52] [SEVERE ] player 2 placing token on slot 8
[2022-12-12 13:00:52] [SEVERE ] player 2 placing token on slot 1
[2022-12-12 13:00:52] [SEVERE ] removing player 2 token from slot 1
[2022-12-12 13:00:52] [SEVERE ] removing player 2 token from slot 8
[2022-12-12 13:00:52] [SEVERE ] removing player 2 token from slot 9
[2022-12-12 13:00:52] [SEVERE ] player 2 placing token on slot 8
[2022-12-12 13:00:52] [SEVERE ] player 2 placing token on slot 9
[2022-12-12 13:00:52] [SEVERE ] player 2 placing token on slot 6
[2022-12-12 13:00:52] [SEVERE ] removing player 2 token from slot 6
[2022-12-12 13:00:52] [SEVERE ] removing player 2 token from slot 8
[2022-12-12 13:00:52] [SEVERE ] removing player 2 token from slot 9
[2022-12-12 13:00:52] [SEVERE ] player 2 placing token on slot 7
[2022-12-12 13:00:52] [SEVERE ] player 2 placing token on slot 5
[2022-12-12 13:00:52] [SEVERE ] player 2 placing token on slot 8
[2022-12-12 13:00:52] [SEVERE ] removing player 2 token from slot 5
[2022-12-12 13:00:52] [SEVERE ] removing player 2 token from slot 7
[2022-12-12 13:00:52] [SEVERE ] removing player 2 token from slot 8
[2022-12-12 13:00:52] [SEVERE ] player 2 placing token on slot 2
[2022-12-12 13:00:52] [SEVERE ] player 2 placing token on slot 3
[2022-12-12 13:00:52] [SEVERE ] player 2 placing token on slot 4
[2022-12-12 13:00:52] [SEVERE ] removing player 2 token from slot 2
[2022-12-12 13:00:52] [SEVERE ] removing player 2 token from slot 3
[2022-12-12 13:00:52] [SEVERE ] removing player 2 token from slot 4
[2022-12-12 13:00:52] [SEVERE ] player 2 placing token on slot 4
[2022-12-12 13:00:52] [SEVERE ] player 2 placing token on slot 11
[2022-12-12 13:00:52] [SEVERE ] player 2 placing token on slot 1
[2022-12-12 13:00:52] [SEVERE ] removing player 2 token from slot 1
[2022-12-12 13:00:52] [SEVERE ] removing player 2 token from slot 4
[2022-12-12 13:00:52] [SEVERE ] removing player 2 token from slot 11
[2022-12-12 13:00:52] [SEVERE ] player 2 placing token on slot 8
[2022-12-12 13:00:52] [SEVERE ] player 2 placing token on slot 6
[2022-12-12 13:00:52] [SEVERE ] player 2 placing token on slot 10
[2022-12-12 13:00:52] [SEVERE ] setting player 2 score to 2
[2022-12-12 13:00:52] [SEVERE ] player 2 placing token on slot 4
[2022-12-12 13:00:52] [SEVERE ] player 2 placing token on slot 10
[2022-12-12 13:00:52] [SEVERE ] player 2 placing token on slot 6
[2022-12-12 13:00:52] [SEVERE ] removing tokens from slot 6
[2022-12-12 13:00:52] [SEVERE ] removing card from slot 6
[2022-12-12 13:00:52] [SEVERE ] removing tokens from slot 8
[2022-12-12 13:00:52] [SEVERE ] removing card from slot 8
[2022-12-12 13:00:52] [SEVERE ] removing tokens from slot 10
[2022-12-12 13:00:52] [SEVERE ] removing card from slot 10
[2022-12-12 13:00:52] [SEVERE ] placing card 70 in slot 6
[2022-12-12 13:00:53] [SEVERE ] placing card 79 in slot 8
[2022-12-12 13:00:53] [SEVERE ] placing card 52 in slot 10
