[2022-12-12 16:42:23] [INFO   ] cannot read configuration file config.properties trying from resources.
[2022-12-12 16:42:23] [INFO   ] configuration file was loaded from resources directory.
[2022-12-12 16:42:24] [INFO   ] Thread dealer starting.
[2022-12-12 16:42:24] [INFO   ] Thread Thread-1starting.
[2022-12-12 16:42:24] [INFO   ] Thread Thread-0starting.
[2022-12-12 16:42:24] [SEVERE ] placing card 79 in slot 0
[2022-12-12 16:42:24] [SEVERE ] placing card 45 in slot 1
[2022-12-12 16:42:24] [SEVERE ] placing card 24 in slot 2
[2022-12-12 16:42:24] [SEVERE ] placing card 49 in slot 3
[2022-12-12 16:42:24] [SEVERE ] placing card 51 in slot 4
[2022-12-12 16:42:24] [SEVERE ] placing card 32 in slot 5
[2022-12-12 16:42:24] [SEVERE ] placing card 18 in slot 6
[2022-12-12 16:42:25] [SEVERE ] placing card 69 in slot 7
[2022-12-12 16:42:25] [SEVERE ] placing card 50 in slot 8
[2022-12-12 16:42:25] [SEVERE ] placing card 68 in slot 9
[2022-12-12 16:42:25] [SEVERE ] placing card 28 in slot 10
[2022-12-12 16:42:25] [SEVERE ] placing card 15 in slot 11
[2022-12-12 16:42:28] [SEVERE ] Key 81 was pressed by player 0
[2022-12-12 16:42:28] [SEVERE ] player 0 placing token on slot 0
[2022-12-12 16:42:29] [SEVERE ] Key 87 was pressed by player 0
[2022-12-12 16:42:29] [SEVERE ] player 0 placing token on slot 1
[2022-12-12 16:42:29] [SEVERE ] Key 69 was pressed by player 0
[2022-12-12 16:42:29] [SEVERE ] player 0 placing token on slot 2
[2022-12-12 16:42:35] [SEVERE ] Key 69 was pressed by player 0
[2022-12-12 16:42:38] [SEVERE ] removing player 0 token from slot 2
[2022-12-12 16:43:25] [SEVERE ] removing tokens from slot 0
[2022-12-12 16:43:25] [SEVERE ] removing card from slot 0
[2022-12-12 16:43:25] [SEVERE ] removing tokens from slot 1
[2022-12-12 16:43:25] [SEVERE ] removing card from slot 1
[2022-12-12 16:43:25] [SEVERE ] removing tokens from slot 2
[2022-12-12 16:43:25] [SEVERE ] removing card from slot 2
[2022-12-12 16:43:25] [SEVERE ] removing tokens from slot 3
[2022-12-12 16:43:25] [SEVERE ] removing card from slot 3
[2022-12-12 16:43:26] [SEVERE ] removing tokens from slot 4
[2022-12-12 16:43:26] [SEVERE ] removing card from slot 4
[2022-12-12 16:43:26] [SEVERE ] removing tokens from slot 5
[2022-12-12 16:43:26] [SEVERE ] removing card from slot 5
[2022-12-12 16:43:26] [SEVERE ] removing tokens from slot 6
[2022-12-12 16:43:26] [SEVERE ] removing card from slot 6
[2022-12-12 16:43:26] [SEVERE ] removing tokens from slot 7
[2022-12-12 16:43:26] [SEVERE ] removing card from slot 7
[2022-12-12 16:43:26] [SEVERE ] removing tokens from slot 8
[2022-12-12 16:43:26] [SEVERE ] removing card from slot 8
[2022-12-12 16:43:26] [SEVERE ] removing tokens from slot 9
[2022-12-12 16:43:26] [SEVERE ] removing card from slot 9
[2022-12-12 16:43:26] [SEVERE ] removing tokens from slot 10
[2022-12-12 16:43:26] [SEVERE ] removing card from slot 10
[2022-12-12 16:43:26] [SEVERE ] removing tokens from slot 11
[2022-12-12 16:43:26] [SEVERE ] removing card from slot 11
[2022-12-12 16:43:26] [SEVERE ] placing card 75 in slot 0
[2022-12-12 16:43:27] [SEVERE ] placing card 10 in slot 1
[2022-12-12 16:43:27] [SEVERE ] placing card 26 in slot 2
[2022-12-12 16:43:27] [SEVERE ] placing card 45 in slot 3
[2022-12-12 16:43:27] [SEVERE ] placing card 0 in slot 4
[2022-12-12 16:43:27] [SEVERE ] placing card 9 in slot 5
[2022-12-12 16:43:27] [SEVERE ] placing card 22 in slot 6
[2022-12-12 16:43:27] [SEVERE ] placing card 79 in slot 7
[2022-12-12 16:43:27] [SEVERE ] placing card 31 in slot 8
[2022-12-12 16:43:27] [SEVERE ] placing card 61 in slot 9
[2022-12-12 16:43:28] [SEVERE ] placing card 68 in slot 10
[2022-12-12 16:43:28] [SEVERE ] placing card 36 in slot 11
