[2022-12-12 14:26:33] [INFO   ] cannot read configuration file config.properties trying from resources.
[2022-12-12 14:26:33] [INFO   ] configuration file was loaded from resources directory.
[2022-12-12 14:26:33] [INFO   ] Thread Thread-0starting.
[2022-12-12 14:26:33] [INFO   ] Thread Thread-5starting.
[2022-12-12 14:26:33] [INFO   ] Thread Thread-4starting.
[2022-12-12 14:26:33] [INFO   ] Thread dealer starting.
[2022-12-12 14:26:33] [INFO   ] Thread Thread-3starting.
[2022-12-12 14:26:33] [INFO   ] Thread Thread-2starting.
[2022-12-12 14:26:33] [INFO   ] Thread Thread-1starting.
[2022-12-12 14:26:33] [INFO   ] Thread computer-5 starting.
[2022-12-12 14:26:33] [INFO   ] Thread computer-3 starting.
[2022-12-12 14:26:33] [INFO   ] Thread computer-2 starting.
[2022-12-12 14:26:33] [INFO   ] Thread computer-4 starting.
[2022-12-12 14:26:34] [SEVERE ] placing card 68 in slot 0
[2022-12-12 14:26:34] [SEVERE ] placing card 23 in slot 1
[2022-12-12 14:26:34] [SEVERE ] placing card 27 in slot 2
[2022-12-12 14:26:34] [SEVERE ] placing card 2 in slot 3
[2022-12-12 14:26:34] [SEVERE ] placing card 11 in slot 4
[2022-12-12 14:26:34] [SEVERE ] placing card 20 in slot 5
[2022-12-12 14:26:34] [SEVERE ] placing card 21 in slot 6
[2022-12-12 14:26:34] [SEVERE ] placing card 7 in slot 7
[2022-12-12 14:26:34] [SEVERE ] placing card 78 in slot 8
[2022-12-12 14:26:35] [SEVERE ] placing card 33 in slot 9
[2022-12-12 14:26:35] [SEVERE ] placing card 38 in slot 10
[2022-12-12 14:26:35] [SEVERE ] placing card 39 in slot 11
[2022-12-12 14:26:35] [SEVERE ] player 3 placing token on slot 4
[2022-12-12 14:26:35] [SEVERE ] player 5 placing token on slot 8
[2022-12-12 14:26:35] [SEVERE ] player 2 placing token on slot 8
[2022-12-12 14:26:35] [SEVERE ] player 5 placing token on slot 7
[2022-12-12 14:26:35] [SEVERE ] player 4 placing token on slot 6
[2022-12-12 14:26:35] [SEVERE ] player 3 placing token on slot 9
[2022-12-12 14:26:35] [SEVERE ] player 2 placing token on slot 7
[2022-12-12 14:26:35] [SEVERE ] player 3 placing token on slot 2
[2022-12-12 14:26:35] [SEVERE ] removing player 3 token from slot 2
[2022-12-12 14:26:35] [SEVERE ] removing player 3 token from slot 4
[2022-12-12 14:26:35] [SEVERE ] removing player 3 token from slot 9
[2022-12-12 14:26:35] [SEVERE ] player 5 placing token on slot 1
[2022-12-12 14:26:35] [SEVERE ] removing player 5 token from slot 1
[2022-12-12 14:26:35] [SEVERE ] removing player 5 token from slot 7
[2022-12-12 14:26:35] [SEVERE ] removing player 5 token from slot 8
[2022-12-12 14:26:36] [SEVERE ] player 3 placing token on slot 2
[2022-12-12 14:26:36] [SEVERE ] player 2 placing token on slot 9
[2022-12-12 14:26:36] [SEVERE ] removing player 2 token from slot 7
[2022-12-12 14:26:36] [SEVERE ] removing player 2 token from slot 8
[2022-12-12 14:26:36] [SEVERE ] removing player 2 token from slot 9
[2022-12-12 14:26:36] [SEVERE ] player 4 placing token on slot 10
[2022-12-12 14:26:36] [SEVERE ] player 4 placing token on slot 3
[2022-12-12 14:26:36] [SEVERE ] removing player 4 token from slot 3
[2022-12-12 14:26:36] [SEVERE ] removing player 4 token from slot 6
[2022-12-12 14:26:36] [SEVERE ] removing player 4 token from slot 10
[2022-12-12 14:26:36] [SEVERE ] player 5 placing token on slot 8
[2022-12-12 14:26:36] [SEVERE ] player 4 placing token on slot 7
[2022-12-12 14:26:36] [SEVERE ] player 3 placing token on slot 0
[2022-12-12 14:26:36] [SEVERE ] player 5 placing token on slot 3
[2022-12-12 14:26:36] [SEVERE ] player 2 placing token on slot 10
[2022-12-12 14:26:36] [SEVERE ] player 3 placing token on slot 5
[2022-12-12 14:26:36] [SEVERE ] removing player 3 token from slot 0
[2022-12-12 14:26:36] [SEVERE ] removing player 3 token from slot 2
[2022-12-12 14:26:36] [SEVERE ] removing player 3 token from slot 5
[2022-12-12 14:26:36] [SEVERE ] player 5 placing token on slot 5
[2022-12-12 14:26:36] [SEVERE ] removing player 5 token from slot 3
[2022-12-12 14:26:36] [SEVERE ] removing player 5 token from slot 5
[2022-12-12 14:26:36] [SEVERE ] removing player 5 token from slot 8
[2022-12-12 14:26:36] [SEVERE ] player 4 placing token on slot 9
[2022-12-12 14:26:36] [SEVERE ] player 2 placing token on slot 9
[2022-12-12 14:26:36] [SEVERE ] player 4 placing token on slot 0
[2022-12-12 14:26:36] [SEVERE ] removing player 4 token from slot 0
[2022-12-12 14:26:36] [SEVERE ] removing player 4 token from slot 7
[2022-12-12 14:26:36] [SEVERE ] removing player 4 token from slot 9
[2022-12-12 14:26:37] [SEVERE ] player 3 placing token on slot 2
[2022-12-12 14:26:37] [SEVERE ] player 2 placing token on slot 6
[2022-12-12 14:26:37] [SEVERE ] removing player 2 token from slot 6
[2022-12-12 14:26:37] [SEVERE ] removing player 2 token from slot 9
[2022-12-12 14:26:37] [SEVERE ] removing player 2 token from slot 10
[2022-12-12 14:26:37] [SEVERE ] player 4 placing token on slot 1
[2022-12-12 14:26:37] [SEVERE ] player 5 placing token on slot 6
[2022-12-12 14:26:37] [SEVERE ] player 3 placing token on slot 9
[2022-12-12 14:26:37] [SEVERE ] player 2 placing token on slot 0
[2022-12-12 14:26:37] [SEVERE ] player 3 placing token on slot 1
[2022-12-12 14:26:37] [SEVERE ] removing player 3 token from slot 1
[2022-12-12 14:26:37] [SEVERE ] removing player 3 token from slot 2
[2022-12-12 14:26:37] [SEVERE ] removing player 3 token from slot 9
[2022-12-12 14:26:37] [SEVERE ] player 5 placing token on slot 9
[2022-12-12 14:26:37] [SEVERE ] player 4 placing token on slot 11
[2022-12-12 14:26:37] [SEVERE ] player 2 placing token on slot 7
[2022-12-12 14:26:37] [SEVERE ] player 4 placing token on slot 9
[2022-12-12 14:26:37] [SEVERE ] removing player 4 token from slot 1
[2022-12-12 14:26:37] [SEVERE ] removing player 4 token from slot 9
[2022-12-12 14:26:37] [SEVERE ] removing player 4 token from slot 11
[2022-12-12 14:26:37] [SEVERE ] player 3 placing token on slot 7
[2022-12-12 14:26:37] [SEVERE ] player 5 placing token on slot 4
[2022-12-12 14:26:37] [SEVERE ] removing player 5 token from slot 4
[2022-12-12 14:26:37] [SEVERE ] removing player 5 token from slot 6
[2022-12-12 14:26:37] [SEVERE ] removing player 5 token from slot 9
[2022-12-12 14:26:37] [SEVERE ] player 2 placing token on slot 5
[2022-12-12 14:26:37] [SEVERE ] removing player 2 token from slot 0
[2022-12-12 14:26:37] [SEVERE ] removing player 2 token from slot 5
[2022-12-12 14:26:37] [SEVERE ] removing player 2 token from slot 7
[2022-12-12 14:26:38] [SEVERE ] player 5 placing token on slot 6
[2022-12-12 14:26:38] [SEVERE ] player 4 placing token on slot 7
[2022-12-12 14:26:38] [SEVERE ] player 5 placing token on slot 2
[2022-12-12 14:26:38] [SEVERE ] player 3 placing token on slot 3
[2022-12-12 14:26:38] [SEVERE ] player 2 placing token on slot 5
[2022-12-12 14:26:38] [SEVERE ] player 3 placing token on slot 11
[2022-12-12 14:26:38] [SEVERE ] removing player 3 token from slot 3
[2022-12-12 14:26:38] [SEVERE ] removing player 3 token from slot 7
[2022-12-12 14:26:38] [SEVERE ] removing player 3 token from slot 11
[2022-12-12 14:26:38] [SEVERE ] player 2 placing token on slot 1
[2022-12-12 14:26:38] [SEVERE ] player 4 placing token on slot 5
[2022-12-12 14:26:38] [SEVERE ] player 5 placing token on slot 0
[2022-12-12 14:26:38] [SEVERE ] removing player 5 token from slot 0
[2022-12-12 14:26:38] [SEVERE ] removing player 5 token from slot 2
[2022-12-12 14:26:38] [SEVERE ] removing player 5 token from slot 6
[2022-12-12 14:26:38] [SEVERE ] player 3 placing token on slot 10
[2022-12-12 14:26:38] [SEVERE ] player 4 placing token on slot 11
[2022-12-12 14:26:38] [SEVERE ] removing player 4 token from slot 5
[2022-12-12 14:26:38] [SEVERE ] removing player 4 token from slot 7
[2022-12-12 14:26:38] [SEVERE ] removing player 4 token from slot 11
[2022-12-12 14:26:38] [SEVERE ] player 2 placing token on slot 7
[2022-12-12 14:26:38] [SEVERE ] removing player 2 token from slot 1
[2022-12-12 14:26:38] [SEVERE ] removing player 2 token from slot 5
[2022-12-12 14:26:38] [SEVERE ] removing player 2 token from slot 7
[2022-12-12 14:26:38] [SEVERE ] player 5 placing token on slot 4
[2022-12-12 14:26:38] [SEVERE ] player 3 placing token on slot 0
[2022-12-12 14:26:39] [SEVERE ] player 4 placing token on slot 5
[2022-12-12 14:26:39] [SEVERE ] player 2 placing token on slot 8
[2022-12-12 14:26:39] [SEVERE ] player 3 placing token on slot 6
[2022-12-12 14:26:39] [SEVERE ] removing player 3 token from slot 0
[2022-12-12 14:26:39] [SEVERE ] removing player 3 token from slot 6
[2022-12-12 14:26:39] [SEVERE ] removing player 3 token from slot 10
[2022-12-12 14:26:39] [SEVERE ] player 5 placing token on slot 9
[2022-12-12 14:26:39] [SEVERE ] player 3 placing token on slot 5
[2022-12-12 14:26:39] [SEVERE ] player 5 placing token on slot 0
[2022-12-12 14:26:39] [SEVERE ] removing player 5 token from slot 0
[2022-12-12 14:26:39] [SEVERE ] removing player 5 token from slot 4
[2022-12-12 14:26:39] [SEVERE ] removing player 5 token from slot 9
[2022-12-12 14:26:39] [SEVERE ] player 2 placing token on slot 6
[2022-12-12 14:26:39] [SEVERE ] player 4 placing token on slot 0
[2022-12-12 14:26:39] [SEVERE ] player 5 placing token on slot 1
[2022-12-12 14:26:39] [SEVERE ] player 2 placing token on slot 7
[2022-12-12 14:26:39] [SEVERE ] removing player 2 token from slot 6
[2022-12-12 14:26:39] [SEVERE ] removing player 2 token from slot 7
[2022-12-12 14:26:39] [SEVERE ] removing player 2 token from slot 8
[2022-12-12 14:26:39] [SEVERE ] player 3 placing token on slot 11
[2022-12-12 14:26:39] [SEVERE ] player 5 placing token on slot 11
[2022-12-12 14:26:39] [SEVERE ] player 4 placing token on slot 4
[2022-12-12 14:26:39] [SEVERE ] removing player 4 token from slot 0
[2022-12-12 14:26:39] [SEVERE ] removing player 4 token from slot 4
[2022-12-12 14:26:39] [SEVERE ] removing player 4 token from slot 5
[2022-12-12 14:26:39] [SEVERE ] player 3 placing token on slot 10
[2022-12-12 14:26:39] [SEVERE ] removing player 3 token from slot 5
[2022-12-12 14:26:39] [SEVERE ] removing player 3 token from slot 10
[2022-12-12 14:26:39] [SEVERE ] removing player 3 token from slot 11
[2022-12-12 14:26:39] [SEVERE ] player 2 placing token on slot 4
[2022-12-12 14:26:40] [SEVERE ] player 5 placing token on slot 7
[2022-12-12 14:26:40] [SEVERE ] removing player 5 token from slot 1
[2022-12-12 14:26:40] [SEVERE ] removing player 5 token from slot 7
[2022-12-12 14:26:40] [SEVERE ] removing player 5 token from slot 11
[2022-12-12 14:26:40] [SEVERE ] player 3 placing token on slot 4
[2022-12-12 14:26:40] [SEVERE ] player 4 placing token on slot 10
[2022-12-12 14:26:40] [SEVERE ] player 2 placing token on slot 9
[2022-12-12 14:26:40] [SEVERE ] player 5 placing token on slot 8
[2022-12-12 14:26:40] [SEVERE ] player 4 placing token on slot 1
[2022-12-12 14:26:40] [SEVERE ] player 5 placing token on slot 0
[2022-12-12 14:26:40] [SEVERE ] player 3 placing token on slot 3
[2022-12-12 14:26:40] [SEVERE ] player 2 placing token on slot 3
[2022-12-12 14:26:40] [SEVERE ] removing player 2 token from slot 3
[2022-12-12 14:26:40] [SEVERE ] removing player 2 token from slot 4
[2022-12-12 14:26:40] [SEVERE ] removing player 2 token from slot 9
[2022-12-12 14:26:40] [SEVERE ] player 4 placing token on slot 0
[2022-12-12 14:26:40] [SEVERE ] removing player 4 token from slot 0
[2022-12-12 14:26:40] [SEVERE ] removing player 4 token from slot 1
[2022-12-12 14:26:40] [SEVERE ] removing player 4 token from slot 10
[2022-12-12 14:26:40] [SEVERE ] player 3 placing token on slot 6
[2022-12-12 14:26:40] [SEVERE ] removing player 3 token from slot 3
[2022-12-12 14:26:40] [SEVERE ] removing player 3 token from slot 4
[2022-12-12 14:26:40] [SEVERE ] removing player 3 token from slot 6
[2022-12-12 14:26:40] [SEVERE ] player 5 placing token on slot 4
[2022-12-12 14:26:40] [SEVERE ] removing player 5 token from slot 0
[2022-12-12 14:26:40] [SEVERE ] removing player 5 token from slot 4
[2022-12-12 14:26:40] [SEVERE ] removing player 5 token from slot 8
[2022-12-12 14:26:40] [SEVERE ] player 4 placing token on slot 5
[2022-12-12 14:26:40] [SEVERE ] player 2 placing token on slot 6
[2022-12-12 14:26:40] [SEVERE ] player 2 placing token on slot 8
[2022-12-12 14:26:40] [SEVERE ] player 4 placing token on slot 3
[2022-12-12 14:26:40] [SEVERE ] player 5 placing token on slot 10
[2022-12-12 14:26:40] [SEVERE ] player 3 placing token on slot 5
[2022-12-12 14:26:41] [SEVERE ] player 4 placing token on slot 4
[2022-12-12 14:26:41] [SEVERE ] removing tokens from slot 3
[2022-12-12 14:26:41] [SEVERE ] removing card from slot 3
[2022-12-12 14:26:41] [SEVERE ] player 2 placing token on slot 2
[2022-12-12 14:26:41] [SEVERE ] removing tokens from slot 4
[2022-12-12 14:26:41] [SEVERE ] removing card from slot 4
[2022-12-12 14:26:41] [SEVERE ] player 5 placing token on slot 9
[2022-12-12 14:26:41] [SEVERE ] removing tokens from slot 5
[2022-12-12 14:26:41] [SEVERE ] removing card from slot 5
[2022-12-12 14:26:41] [SEVERE ] setting player 4 score to 1
[2022-12-12 14:26:41] [SEVERE ] player 5 placing token on slot 7
[2022-12-12 14:26:41] [SEVERE ] placing card 12 in slot 3
[2022-12-12 14:26:41] [SEVERE ] player 3 placing token on slot 10
[2022-12-12 14:26:41] [SEVERE ] player 4 placing token on slot 0
[2022-12-12 14:26:41] [SEVERE ] placing card 30 in slot 4
[2022-12-12 14:26:41] [SEVERE ] placing card 18 in slot 5
[2022-12-12 14:26:41] [SEVERE ] removing player 2 token from slot 2
[2022-12-12 14:26:41] [SEVERE ] removing player 2 token from slot 6
[2022-12-12 14:26:41] [SEVERE ] removing player 2 token from slot 8
[2022-12-12 14:26:41] [SEVERE ] removing player 5 token from slot 7
[2022-12-12 14:26:41] [SEVERE ] removing player 5 token from slot 9
[2022-12-12 14:26:41] [SEVERE ] removing player 5 token from slot 10
[2022-12-12 14:26:41] [SEVERE ] player 5 placing token on slot 8
[2022-12-12 14:26:41] [SEVERE ] player 2 placing token on slot 2
[2022-12-12 14:26:41] [SEVERE ] player 3 placing token on slot 3
[2022-12-12 14:26:41] [SEVERE ] player 4 placing token on slot 11
[2022-12-12 14:26:42] [SEVERE ] player 5 placing token on slot 3
[2022-12-12 14:26:42] [SEVERE ] player 4 placing token on slot 7
[2022-12-12 14:26:42] [SEVERE ] removing player 4 token from slot 0
[2022-12-12 14:26:42] [SEVERE ] removing player 4 token from slot 7
[2022-12-12 14:26:42] [SEVERE ] removing player 4 token from slot 11
[2022-12-12 14:26:42] [SEVERE ] player 2 placing token on slot 11
[2022-12-12 14:26:42] [SEVERE ] player 4 placing token on slot 2
[2022-12-12 14:26:42] [SEVERE ] player 2 placing token on slot 6
[2022-12-12 14:26:42] [SEVERE ] removing player 2 token from slot 2
[2022-12-12 14:26:42] [SEVERE ] removing player 2 token from slot 6
[2022-12-12 14:26:42] [SEVERE ] removing player 2 token from slot 11
[2022-12-12 14:26:42] [SEVERE ] player 5 placing token on slot 9
[2022-12-12 14:26:42] [SEVERE ] removing player 5 token from slot 3
[2022-12-12 14:26:42] [SEVERE ] removing player 5 token from slot 8
[2022-12-12 14:26:42] [SEVERE ] removing player 5 token from slot 9
[2022-12-12 14:26:42] [SEVERE ] player 5 placing token on slot 2
[2022-12-12 14:26:42] [SEVERE ] player 4 placing token on slot 3
[2022-12-12 14:26:42] [SEVERE ] player 2 placing token on slot 5
[2022-12-12 14:26:42] [SEVERE ] player 2 placing token on slot 9
[2022-12-12 14:26:42] [SEVERE ] player 5 placing token on slot 8
[2022-12-12 14:26:43] [SEVERE ] player 4 placing token on slot 6
[2022-12-12 14:26:43] [SEVERE ] removing player 4 token from slot 2
[2022-12-12 14:26:43] [SEVERE ] removing player 4 token from slot 3
[2022-12-12 14:26:43] [SEVERE ] removing player 4 token from slot 6
[2022-12-12 14:26:43] [SEVERE ] player 5 placing token on slot 5
[2022-12-12 14:26:43] [SEVERE ] removing player 5 token from slot 2
[2022-12-12 14:26:43] [SEVERE ] removing player 5 token from slot 5
[2022-12-12 14:26:43] [SEVERE ] removing player 5 token from slot 8
[2022-12-12 14:26:43] [SEVERE ] player 2 placing token on slot 2
[2022-12-12 14:26:43] [SEVERE ] removing player 2 token from slot 2
[2022-12-12 14:26:43] [SEVERE ] removing player 2 token from slot 5
[2022-12-12 14:26:43] [SEVERE ] removing player 2 token from slot 9
[2022-12-12 14:26:43] [SEVERE ] player 5 placing token on slot 9
[2022-12-12 14:26:43] [SEVERE ] player 5 placing token on slot 0
[2022-12-12 14:26:43] [SEVERE ] player 2 placing token on slot 3
[2022-12-12 14:26:43] [SEVERE ] player 4 placing token on slot 8
[2022-12-12 14:26:43] [SEVERE ] player 5 placing token on slot 11
[2022-12-12 14:26:43] [SEVERE ] removing player 5 token from slot 0
[2022-12-12 14:26:43] [SEVERE ] removing player 5 token from slot 9
[2022-12-12 14:26:43] [SEVERE ] removing player 5 token from slot 11
[2022-12-12 14:26:43] [SEVERE ] player 5 placing token on slot 2
[2022-12-12 14:26:43] [SEVERE ] player 4 placing token on slot 0
[2022-12-12 14:26:43] [SEVERE ] player 2 placing token on slot 0
[2022-12-12 14:26:43] [SEVERE ] player 5 placing token on slot 10
[2022-12-12 14:26:44] [SEVERE ] player 4 placing token on slot 7
[2022-12-12 14:26:44] [SEVERE ] removing player 4 token from slot 0
[2022-12-12 14:26:44] [SEVERE ] removing player 4 token from slot 7
[2022-12-12 14:26:44] [SEVERE ] removing player 4 token from slot 8
[2022-12-12 14:26:44] [SEVERE ] player 2 placing token on slot 7
[2022-12-12 14:26:44] [SEVERE ] removing player 2 token from slot 0
[2022-12-12 14:26:44] [SEVERE ] removing player 2 token from slot 3
[2022-12-12 14:26:44] [SEVERE ] removing player 2 token from slot 7
[2022-12-12 14:26:44] [SEVERE ] player 2 placing token on slot 1
[2022-12-12 14:26:44] [SEVERE ] player 5 placing token on slot 9
[2022-12-12 14:26:44] [SEVERE ] removing player 5 token from slot 2
[2022-12-12 14:26:44] [SEVERE ] removing player 5 token from slot 9
[2022-12-12 14:26:44] [SEVERE ] removing player 5 token from slot 10
[2022-12-12 14:26:44] [SEVERE ] player 4 placing token on slot 1
[2022-12-12 14:26:44] [SEVERE ] player 2 placing token on slot 11
[2022-12-12 14:26:44] [SEVERE ] player 5 placing token on slot 5
[2022-12-12 14:26:44] [SEVERE ] player 4 placing token on slot 4
[2022-12-12 14:26:44] [SEVERE ] player 5 placing token on slot 8
[2022-12-12 14:26:45] [SEVERE ] player 2 placing token on slot 10
[2022-12-12 14:26:45] [SEVERE ] removing player 2 token from slot 1
[2022-12-12 14:26:45] [SEVERE ] removing player 2 token from slot 10
[2022-12-12 14:26:45] [SEVERE ] removing player 2 token from slot 11
[2022-12-12 14:26:45] [SEVERE ] player 4 placing token on slot 0
[2022-12-12 14:26:45] [SEVERE ] removing player 4 token from slot 0
[2022-12-12 14:26:45] [SEVERE ] removing player 4 token from slot 1
[2022-12-12 14:26:45] [SEVERE ] removing player 4 token from slot 4
[2022-12-12 14:26:45] [SEVERE ] player 4 placing token on slot 7
[2022-12-12 14:26:45] [SEVERE ] player 5 placing token on slot 9
[2022-12-12 14:26:45] [SEVERE ] removing player 5 token from slot 5
[2022-12-12 14:26:45] [SEVERE ] removing player 5 token from slot 8
[2022-12-12 14:26:45] [SEVERE ] removing player 5 token from slot 9
[2022-12-12 14:26:45] [SEVERE ] player 2 placing token on slot 6
[2022-12-12 14:26:45] [SEVERE ] player 2 placing token on slot 2
[2022-12-12 14:26:45] [SEVERE ] player 4 placing token on slot 2
[2022-12-12 14:26:45] [SEVERE ] player 2 placing token on slot 10
[2022-12-12 14:26:45] [SEVERE ] removing player 2 token from slot 2
[2022-12-12 14:26:45] [SEVERE ] removing player 2 token from slot 6
[2022-12-12 14:26:45] [SEVERE ] removing player 2 token from slot 10
[2022-12-12 14:26:45] [SEVERE ] player 5 placing token on slot 2
[2022-12-12 14:26:45] [SEVERE ] player 4 placing token on slot 0
[2022-12-12 14:26:45] [SEVERE ] removing player 4 token from slot 0
[2022-12-12 14:26:45] [SEVERE ] removing player 4 token from slot 2
[2022-12-12 14:26:45] [SEVERE ] removing player 4 token from slot 7
[2022-12-12 14:26:45] [SEVERE ] player 2 placing token on slot 1
[2022-12-12 14:26:45] [SEVERE ] player 5 placing token on slot 6
[2022-12-12 14:26:46] [SEVERE ] player 5 placing token on slot 8
[2022-12-12 14:26:46] [SEVERE ] removing player 5 token from slot 2
[2022-12-12 14:26:46] [SEVERE ] removing player 5 token from slot 6
[2022-12-12 14:26:46] [SEVERE ] removing player 5 token from slot 8
[2022-12-12 14:26:46] [SEVERE ] player 4 placing token on slot 6
[2022-12-12 14:26:46] [SEVERE ] player 2 placing token on slot 6
[2022-12-12 14:26:46] [SEVERE ] player 4 placing token on slot 8
[2022-12-12 14:26:46] [SEVERE ] player 5 placing token on slot 7
[2022-12-12 14:26:46] [SEVERE ] player 4 placing token on slot 4
[2022-12-12 14:26:46] [SEVERE ] removing player 4 token from slot 4
[2022-12-12 14:26:46] [SEVERE ] removing player 4 token from slot 6
[2022-12-12 14:26:46] [SEVERE ] removing player 4 token from slot 8
[2022-12-12 14:26:46] [SEVERE ] player 2 placing token on slot 3
[2022-12-12 14:26:46] [SEVERE ] removing player 2 token from slot 1
[2022-12-12 14:26:46] [SEVERE ] removing player 2 token from slot 3
[2022-12-12 14:26:46] [SEVERE ] removing player 2 token from slot 6
[2022-12-12 14:26:46] [SEVERE ] player 4 placing token on slot 4
[2022-12-12 14:26:46] [SEVERE ] player 4 placing token on slot 11
[2022-12-12 14:26:46] [SEVERE ] player 5 placing token on slot 3
[2022-12-12 14:26:46] [SEVERE ] player 5 placing token on slot 5
[2022-12-12 14:26:46] [SEVERE ] removing player 5 token from slot 3
[2022-12-12 14:26:46] [SEVERE ] removing player 5 token from slot 5
[2022-12-12 14:26:46] [SEVERE ] removing player 5 token from slot 7
[2022-12-12 14:26:46] [SEVERE ] player 4 placing token on slot 8
[2022-12-12 14:26:46] [SEVERE ] removing player 4 token from slot 4
[2022-12-12 14:26:46] [SEVERE ] removing player 4 token from slot 8
[2022-12-12 14:26:46] [SEVERE ] removing player 4 token from slot 11
[2022-12-12 14:26:46] [SEVERE ] player 4 placing token on slot 3
[2022-12-12 14:26:46] [SEVERE ] player 2 placing token on slot 7
[2022-12-12 14:26:47] [SEVERE ] player 5 placing token on slot 9
[2022-12-12 14:26:47] [SEVERE ] player 2 placing token on slot 11
[2022-12-12 14:26:47] [SEVERE ] player 4 placing token on slot 5
[2022-12-12 14:26:47] [SEVERE ] player 2 placing token on slot 0
[2022-12-12 14:26:47] [SEVERE ] removing player 2 token from slot 0
[2022-12-12 14:26:47] [SEVERE ] removing player 2 token from slot 7
[2022-12-12 14:26:47] [SEVERE ] removing player 2 token from slot 11
[2022-12-12 14:26:47] [SEVERE ] player 5 placing token on slot 3
[2022-12-12 14:26:47] [SEVERE ] player 2 placing token on slot 2
[2022-12-12 14:26:47] [SEVERE ] player 4 placing token on slot 1
[2022-12-12 14:26:47] [SEVERE ] removing player 4 token from slot 1
[2022-12-12 14:26:47] [SEVERE ] removing player 4 token from slot 3
[2022-12-12 14:26:47] [SEVERE ] removing player 4 token from slot 5
[2022-12-12 14:26:47] [SEVERE ] player 5 placing token on slot 0
[2022-12-12 14:26:47] [SEVERE ] removing player 5 token from slot 0
[2022-12-12 14:26:47] [SEVERE ] removing player 5 token from slot 3
[2022-12-12 14:26:47] [SEVERE ] removing player 5 token from slot 9
[2022-12-12 14:26:47] [SEVERE ] player 2 placing token on slot 8
[2022-12-12 14:26:47] [SEVERE ] player 4 placing token on slot 6
[2022-12-12 14:26:47] [SEVERE ] player 4 placing token on slot 9
[2022-12-12 14:26:48] [SEVERE ] player 2 placing token on slot 6
[2022-12-12 14:26:48] [SEVERE ] removing player 2 token from slot 2
[2022-12-12 14:26:48] [SEVERE ] removing player 2 token from slot 6
[2022-12-12 14:26:48] [SEVERE ] removing player 2 token from slot 8
[2022-12-12 14:26:48] [SEVERE ] player 5 placing token on slot 0
[2022-12-12 14:26:48] [SEVERE ] player 4 placing token on slot 8
[2022-12-12 14:26:48] [SEVERE ] removing player 4 token from slot 6
[2022-12-12 14:26:48] [SEVERE ] removing player 4 token from slot 8
[2022-12-12 14:26:48] [SEVERE ] removing player 4 token from slot 9
[2022-12-12 14:26:48] [SEVERE ] player 2 placing token on slot 1
[2022-12-12 14:26:48] [SEVERE ] player 5 placing token on slot 10
[2022-12-12 14:26:48] [SEVERE ] player 4 placing token on slot 3
[2022-12-12 14:26:48] [SEVERE ] player 5 placing token on slot 9
[2022-12-12 14:26:48] [SEVERE ] removing player 5 token from slot 0
[2022-12-12 14:26:48] [SEVERE ] removing player 5 token from slot 9
[2022-12-12 14:26:48] [SEVERE ] removing player 5 token from slot 10
[2022-12-12 14:26:48] [SEVERE ] player 4 placing token on slot 4
[2022-12-12 14:26:48] [SEVERE ] player 2 placing token on slot 3
[2022-12-12 14:26:49] [SEVERE ] player 4 placing token on slot 5
[2022-12-12 14:26:49] [SEVERE ] removing player 4 token from slot 3
[2022-12-12 14:26:49] [SEVERE ] removing player 4 token from slot 4
[2022-12-12 14:26:49] [SEVERE ] removing player 4 token from slot 5
[2022-12-12 14:26:49] [SEVERE ] player 5 placing token on slot 5
[2022-12-12 14:26:49] [SEVERE ] player 4 placing token on slot 7
[2022-12-12 14:26:49] [SEVERE ] player 5 placing token on slot 6
[2022-12-12 14:26:49] [SEVERE ] player 2 placing token on slot 11
[2022-12-12 14:26:49] [SEVERE ] removing player 2 token from slot 1
[2022-12-12 14:26:49] [SEVERE ] removing player 2 token from slot 3
[2022-12-12 14:26:49] [SEVERE ] removing player 2 token from slot 11
[2022-12-12 14:26:49] [SEVERE ] player 5 placing token on slot 2
[2022-12-12 14:26:49] [SEVERE ] removing player 5 token from slot 2
[2022-12-12 14:26:49] [SEVERE ] removing player 5 token from slot 5
[2022-12-12 14:26:49] [SEVERE ] removing player 5 token from slot 6
[2022-12-12 14:26:49] [SEVERE ] player 2 placing token on slot 0
[2022-12-12 14:26:49] [SEVERE ] player 2 placing token on slot 3
[2022-12-12 14:26:49] [SEVERE ] player 4 placing token on slot 10
[2022-12-12 14:26:49] [SEVERE ] player 5 placing token on slot 7
[2022-12-12 14:26:49] [SEVERE ] player 5 placing token on slot 6
[2022-12-12 14:26:49] [SEVERE ] player 2 placing token on slot 1
[2022-12-12 14:26:49] [SEVERE ] removing player 2 token from slot 0
[2022-12-12 14:26:49] [SEVERE ] removing player 2 token from slot 1
[2022-12-12 14:26:49] [SEVERE ] removing player 2 token from slot 3
[2022-12-12 14:26:49] [SEVERE ] player 2 placing token on slot 10
[2022-12-12 14:26:50] [SEVERE ] player 4 placing token on slot 5
[2022-12-12 14:26:50] [SEVERE ] removing player 4 token from slot 5
[2022-12-12 14:26:50] [SEVERE ] removing player 4 token from slot 7
[2022-12-12 14:26:50] [SEVERE ] removing player 4 token from slot 10
[2022-12-12 14:26:50] [SEVERE ] player 5 placing token on slot 0
[2022-12-12 14:26:50] [SEVERE ] removing player 5 token from slot 0
[2022-12-12 14:26:50] [SEVERE ] removing player 5 token from slot 6
[2022-12-12 14:26:50] [SEVERE ] removing player 5 token from slot 7
[2022-12-12 14:26:50] [SEVERE ] player 2 placing token on slot 6
[2022-12-12 14:26:50] [SEVERE ] player 4 placing token on slot 1
[2022-12-12 14:26:50] [SEVERE ] player 5 placing token on slot 4
[2022-12-12 14:26:50] [SEVERE ] player 2 placing token on slot 1
[2022-12-12 14:26:50] [SEVERE ] removing player 2 token from slot 1
[2022-12-12 14:26:50] [SEVERE ] removing player 2 token from slot 6
[2022-12-12 14:26:50] [SEVERE ] removing player 2 token from slot 10
[2022-12-12 14:26:50] [SEVERE ] player 5 placing token on slot 1
[2022-12-12 14:26:50] [SEVERE ] player 2 placing token on slot 5
[2022-12-12 14:26:51] [SEVERE ] player 4 placing token on slot 6
[2022-12-12 14:26:51] [SEVERE ] player 5 placing token on slot 10
[2022-12-12 14:26:51] [SEVERE ] removing player 5 token from slot 1
[2022-12-12 14:26:51] [SEVERE ] removing player 5 token from slot 4
[2022-12-12 14:26:51] [SEVERE ] removing player 5 token from slot 10
[2022-12-12 14:26:51] [SEVERE ] player 4 placing token on slot 2
[2022-12-12 14:26:51] [SEVERE ] removing player 4 token from slot 1
[2022-12-12 14:26:51] [SEVERE ] removing player 4 token from slot 2
[2022-12-12 14:26:51] [SEVERE ] removing player 4 token from slot 6
[2022-12-12 14:26:51] [SEVERE ] player 2 placing token on slot 10
[2022-12-12 14:26:51] [SEVERE ] player 5 placing token on slot 7
[2022-12-12 14:26:51] [SEVERE ] player 5 placing token on slot 3
[2022-12-12 14:26:51] [SEVERE ] player 4 placing token on slot 8
[2022-12-12 14:26:51] [SEVERE ] player 2 placing token on slot 11
[2022-12-12 14:26:51] [SEVERE ] removing player 2 token from slot 5
[2022-12-12 14:26:51] [SEVERE ] removing player 2 token from slot 10
[2022-12-12 14:26:51] [SEVERE ] removing player 2 token from slot 11
[2022-12-12 14:26:52] [SEVERE ] player 5 placing token on slot 8
[2022-12-12 14:26:52] [SEVERE ] removing player 5 token from slot 3
[2022-12-12 14:26:52] [SEVERE ] removing player 5 token from slot 7
[2022-12-12 14:26:52] [SEVERE ] removing player 5 token from slot 8
[2022-12-12 14:26:52] [SEVERE ] player 2 placing token on slot 5
[2022-12-12 14:26:52] [SEVERE ] player 4 placing token on slot 0
[2022-12-12 14:26:52] [SEVERE ] player 5 placing token on slot 11
[2022-12-12 14:26:52] [SEVERE ] player 2 placing token on slot 6
[2022-12-12 14:26:52] [SEVERE ] player 4 placing token on slot 11
[2022-12-12 14:26:52] [SEVERE ] removing player 4 token from slot 0
[2022-12-12 14:26:52] [SEVERE ] removing player 4 token from slot 8
[2022-12-12 14:26:52] [SEVERE ] removing player 4 token from slot 11
