[2022-12-10 12:05:14] [INFO   ] cannot read configuration file config.properties trying from resources.
[2022-12-10 12:05:14] [INFO   ] configuration file was loaded from resources directory.
[2022-12-10 12:05:14] [INFO   ] Thread Thread-0starting.
[2022-12-10 12:05:14] [INFO   ] Thread Thread-5starting.
[2022-12-10 12:05:14] [INFO   ] Thread Thread-4starting.
[2022-12-10 12:05:14] [INFO   ] Thread dealer starting.
[2022-12-10 12:05:14] [INFO   ] Thread Thread-3starting.
[2022-12-10 12:05:14] [INFO   ] Thread Thread-2starting.
[2022-12-10 12:05:14] [INFO   ] Thread Thread-1starting.
[2022-12-10 12:05:14] [INFO   ] Thread computer-3 starting.
[2022-12-10 12:05:14] [INFO   ] Thread computer-5 starting.
[2022-12-10 12:05:14] [INFO   ] Thread computer-2 starting.
[2022-12-10 12:05:14] [INFO   ] Thread computer-4 starting.
[2022-12-10 12:05:14] [SEVERE ] placing card 75 in slot 0
[2022-12-10 12:05:14] [SEVERE ] placing card 42 in slot 1
[2022-12-10 12:05:15] [SEVERE ] placing card 67 in slot 2
[2022-12-10 12:05:15] [SEVERE ] placing card 53 in slot 3
[2022-12-10 12:05:15] [SEVERE ] placing card 22 in slot 4
[2022-12-10 12:05:15] [SEVERE ] placing card 37 in slot 5
[2022-12-10 12:05:15] [SEVERE ] placing card 32 in slot 6
[2022-12-10 12:05:15] [SEVERE ] placing card 76 in slot 7
[2022-12-10 12:05:15] [SEVERE ] placing card 50 in slot 8
[2022-12-10 12:05:15] [SEVERE ] placing card 28 in slot 9
[2022-12-10 12:05:15] [SEVERE ] placing card 26 in slot 10
[2022-12-10 12:05:16] [SEVERE ] placing card 80 in slot 11
[2022-12-10 12:05:22] [SEVERE ] removing tokens from slot 0
[2022-12-10 12:05:22] [SEVERE ] removing card from slot 0
[2022-12-10 12:05:22] [SEVERE ] removing tokens from slot 1
[2022-12-10 12:05:22] [SEVERE ] removing card from slot 1
[2022-12-10 12:05:22] [SEVERE ] removing tokens from slot 2
[2022-12-10 12:05:22] [SEVERE ] removing card from slot 2
[2022-12-10 12:05:22] [SEVERE ] removing tokens from slot 3
[2022-12-10 12:05:22] [SEVERE ] removing card from slot 3
[2022-12-10 12:05:22] [SEVERE ] removing tokens from slot 4
[2022-12-10 12:05:22] [SEVERE ] removing card from slot 4
[2022-12-10 12:05:22] [SEVERE ] removing tokens from slot 5
[2022-12-10 12:05:22] [SEVERE ] removing card from slot 5
[2022-12-10 12:05:22] [SEVERE ] removing tokens from slot 6
[2022-12-10 12:05:22] [SEVERE ] removing card from slot 6
[2022-12-10 12:05:22] [SEVERE ] removing tokens from slot 7
[2022-12-10 12:05:22] [SEVERE ] removing card from slot 7
[2022-12-10 12:05:23] [SEVERE ] removing tokens from slot 8
[2022-12-10 12:05:23] [SEVERE ] removing card from slot 8
[2022-12-10 12:05:23] [SEVERE ] removing tokens from slot 9
[2022-12-10 12:05:23] [SEVERE ] removing card from slot 9
[2022-12-10 12:05:23] [SEVERE ] removing tokens from slot 10
[2022-12-10 12:05:23] [SEVERE ] removing card from slot 10
[2022-12-10 12:05:23] [SEVERE ] removing tokens from slot 11
[2022-12-10 12:05:23] [SEVERE ] removing card from slot 11
[2022-12-10 12:05:23] [SEVERE ] placing card 66 in slot 0
[2022-12-10 12:05:23] [SEVERE ] placing card 0 in slot 1
[2022-12-10 12:05:23] [SEVERE ] placing card 21 in slot 2
[2022-12-10 12:05:23] [SEVERE ] placing card 17 in slot 3
[2022-12-10 12:05:23] [SEVERE ] placing card 7 in slot 4
[2022-12-10 12:05:24] [SEVERE ] placing card 24 in slot 5
[2022-12-10 12:05:24] [SEVERE ] placing card 52 in slot 6
[2022-12-10 12:05:24] [SEVERE ] placing card 58 in slot 7
[2022-12-10 12:05:24] [SEVERE ] placing card 38 in slot 8
[2022-12-10 12:05:24] [SEVERE ] placing card 60 in slot 9
[2022-12-10 12:05:24] [SEVERE ] placing card 30 in slot 10
[2022-12-10 12:05:24] [SEVERE ] placing card 57 in slot 11
[2022-12-10 12:05:30] [SEVERE ] removing tokens from slot 0
[2022-12-10 12:05:30] [SEVERE ] removing card from slot 0
[2022-12-10 12:05:30] [SEVERE ] removing tokens from slot 1
[2022-12-10 12:05:30] [SEVERE ] removing card from slot 1
[2022-12-10 12:05:31] [SEVERE ] removing tokens from slot 2
[2022-12-10 12:05:31] [SEVERE ] removing card from slot 2
[2022-12-10 12:05:31] [SEVERE ] removing tokens from slot 3
[2022-12-10 12:05:31] [SEVERE ] removing card from slot 3
[2022-12-10 12:05:31] [SEVERE ] removing tokens from slot 4
[2022-12-10 12:05:31] [SEVERE ] removing card from slot 4
[2022-12-10 12:05:31] [SEVERE ] removing tokens from slot 5
[2022-12-10 12:05:31] [SEVERE ] removing card from slot 5
[2022-12-10 12:05:31] [SEVERE ] removing tokens from slot 6
[2022-12-10 12:05:31] [SEVERE ] removing card from slot 6
[2022-12-10 12:05:31] [SEVERE ] removing tokens from slot 7
[2022-12-10 12:05:31] [SEVERE ] removing card from slot 7
[2022-12-10 12:05:31] [SEVERE ] removing tokens from slot 8
[2022-12-10 12:05:31] [SEVERE ] removing card from slot 8
[2022-12-10 12:05:31] [SEVERE ] removing tokens from slot 9
[2022-12-10 12:05:31] [SEVERE ] removing card from slot 9
[2022-12-10 12:05:31] [SEVERE ] removing tokens from slot 10
[2022-12-10 12:05:31] [SEVERE ] removing card from slot 10
[2022-12-10 12:05:32] [SEVERE ] removing tokens from slot 11
[2022-12-10 12:05:32] [SEVERE ] removing card from slot 11
[2022-12-10 12:05:32] [SEVERE ] placing card 10 in slot 0
[2022-12-10 12:05:32] [SEVERE ] placing card 65 in slot 1
[2022-12-10 12:05:32] [SEVERE ] placing card 36 in slot 2
[2022-12-10 12:05:32] [SEVERE ] placing card 71 in slot 3
[2022-12-10 12:05:32] [SEVERE ] placing card 8 in slot 4
[2022-12-10 12:05:32] [SEVERE ] placing card 23 in slot 5
[2022-12-10 12:05:32] [SEVERE ] placing card 74 in slot 6
[2022-12-10 12:05:32] [SEVERE ] placing card 31 in slot 7
[2022-12-10 12:05:33] [SEVERE ] placing card 35 in slot 8
[2022-12-10 12:05:33] [SEVERE ] placing card 37 in slot 9
[2022-12-10 12:05:33] [SEVERE ] placing card 56 in slot 10
[2022-12-10 12:05:33] [SEVERE ] placing card 20 in slot 11
