[2022-12-12 12:54:35] [INFO   ] cannot read configuration file config.properties trying from resources.
[2022-12-12 12:54:35] [INFO   ] configuration file was loaded from resources directory.
[2022-12-12 12:54:36] [INFO   ] Thread dealer starting.
[2022-12-12 12:54:36] [INFO   ] Thread Thread-2starting.
[2022-12-12 12:54:36] [INFO   ] Thread Thread-1starting.
[2022-12-12 12:54:36] [INFO   ] Thread Thread-0starting.
[2022-12-12 12:54:36] [INFO   ] Thread computer-2 starting.
[2022-12-12 12:54:36] [SEVERE ] placing card 45 in slot 0
[2022-12-12 12:54:36] [SEVERE ] placing card 79 in slot 1
[2022-12-12 12:54:36] [SEVERE ] placing card 47 in slot 2
[2022-12-12 12:54:36] [SEVERE ] placing card 2 in slot 3
[2022-12-12 12:54:36] [SEVERE ] placing card 4 in slot 4
[2022-12-12 12:54:37] [SEVERE ] placing card 71 in slot 5
[2022-12-12 12:54:37] [SEVERE ] placing card 55 in slot 6
[2022-12-12 12:54:37] [SEVERE ] placing card 36 in slot 7
[2022-12-12 12:54:37] [SEVERE ] placing card 80 in slot 8
[2022-12-12 12:54:37] [SEVERE ] placing card 5 in slot 9
[2022-12-12 12:54:37] [SEVERE ] placing card 24 in slot 10
[2022-12-12 12:54:37] [SEVERE ] placing card 57 in slot 11
[2022-12-12 12:54:37] [SEVERE ] player 2 placing token on slot 2
[2022-12-12 12:54:37] [SEVERE ] player 2 placing token on slot 1
[2022-12-12 12:54:37] [SEVERE ] player 2 placing token on slot 9
[2022-12-12 12:54:37] [SEVERE ] removing player 2 token from slot 1
[2022-12-12 12:54:37] [SEVERE ] removing player 2 token from slot 2
[2022-12-12 12:54:37] [SEVERE ] removing player 2 token from slot 9
[2022-12-12 12:54:37] [SEVERE ] player 2 placing token on slot 11
[2022-12-12 12:54:37] [SEVERE ] player 2 placing token on slot 8
[2022-12-12 12:54:37] [SEVERE ] player 2 placing token on slot 9
[2022-12-12 12:54:37] [SEVERE ] removing player 2 token from slot 8
[2022-12-12 12:54:37] [SEVERE ] removing player 2 token from slot 9
[2022-12-12 12:54:37] [SEVERE ] removing player 2 token from slot 11
[2022-12-12 12:54:37] [SEVERE ] player 2 placing token on slot 7
[2022-12-12 12:54:37] [SEVERE ] player 2 placing token on slot 3
[2022-12-12 12:54:37] [SEVERE ] player 2 placing token on slot 11
[2022-12-12 12:54:37] [SEVERE ] removing player 2 token from slot 3
[2022-12-12 12:54:37] [SEVERE ] removing player 2 token from slot 7
[2022-12-12 12:54:37] [SEVERE ] removing player 2 token from slot 11
[2022-12-12 12:54:37] [SEVERE ] player 2 placing token on slot 10
[2022-12-12 12:54:38] [SEVERE ] player 2 placing token on slot 5
[2022-12-12 12:54:38] [SEVERE ] player 2 placing token on slot 8
[2022-12-12 12:54:38] [SEVERE ] removing player 2 token from slot 5
[2022-12-12 12:54:38] [SEVERE ] removing player 2 token from slot 8
[2022-12-12 12:54:38] [SEVERE ] removing player 2 token from slot 10
[2022-12-12 12:54:38] [SEVERE ] player 2 placing token on slot 0
[2022-12-12 12:54:38] [SEVERE ] player 2 placing token on slot 8
[2022-12-12 12:54:38] [SEVERE ] player 2 placing token on slot 1
[2022-12-12 12:54:38] [SEVERE ] removing player 2 token from slot 0
[2022-12-12 12:54:38] [SEVERE ] removing player 2 token from slot 1
[2022-12-12 12:54:38] [SEVERE ] removing player 2 token from slot 8
[2022-12-12 12:54:38] [SEVERE ] player 2 placing token on slot 10
[2022-12-12 12:54:38] [SEVERE ] player 2 placing token on slot 0
[2022-12-12 12:54:38] [SEVERE ] player 2 placing token on slot 7
[2022-12-12 12:54:38] [SEVERE ] removing player 2 token from slot 0
[2022-12-12 12:54:38] [SEVERE ] removing player 2 token from slot 7
[2022-12-12 12:54:38] [SEVERE ] removing player 2 token from slot 10
[2022-12-12 12:54:38] [SEVERE ] player 2 placing token on slot 9
[2022-12-12 12:54:38] [SEVERE ] player 2 placing token on slot 6
[2022-12-12 12:54:38] [SEVERE ] player 2 placing token on slot 10
[2022-12-12 12:54:38] [SEVERE ] removing player 2 token from slot 6
[2022-12-12 12:54:38] [SEVERE ] removing player 2 token from slot 9
[2022-12-12 12:54:38] [SEVERE ] removing player 2 token from slot 10
[2022-12-12 12:54:38] [SEVERE ] player 2 placing token on slot 9
[2022-12-12 12:54:38] [SEVERE ] player 2 placing token on slot 7
[2022-12-12 12:54:38] [SEVERE ] player 2 placing token on slot 8
[2022-12-12 12:54:38] [SEVERE ] removing player 2 token from slot 7
[2022-12-12 12:54:38] [SEVERE ] removing player 2 token from slot 8
[2022-12-12 12:54:38] [SEVERE ] removing player 2 token from slot 9
[2022-12-12 12:54:38] [SEVERE ] player 2 placing token on slot 1
[2022-12-12 12:54:38] [SEVERE ] player 2 placing token on slot 0
[2022-12-12 12:54:38] [SEVERE ] player 2 placing token on slot 11
[2022-12-12 12:54:38] [SEVERE ] removing player 2 token from slot 0
[2022-12-12 12:54:38] [SEVERE ] removing player 2 token from slot 1
[2022-12-12 12:54:38] [SEVERE ] removing player 2 token from slot 11
[2022-12-12 12:54:38] [SEVERE ] player 2 placing token on slot 1
[2022-12-12 12:54:38] [SEVERE ] player 2 placing token on slot 6
[2022-12-12 12:54:38] [SEVERE ] player 2 placing token on slot 4
[2022-12-12 12:54:38] [SEVERE ] removing player 2 token from slot 1
[2022-12-12 12:54:38] [SEVERE ] removing player 2 token from slot 4
[2022-12-12 12:54:38] [SEVERE ] removing player 2 token from slot 6
[2022-12-12 12:54:38] [SEVERE ] player 2 placing token on slot 6
[2022-12-12 12:54:38] [SEVERE ] player 2 placing token on slot 10
[2022-12-12 12:54:38] [SEVERE ] player 2 placing token on slot 9
[2022-12-12 12:54:38] [SEVERE ] removing player 2 token from slot 6
[2022-12-12 12:54:38] [SEVERE ] removing player 2 token from slot 9
[2022-12-12 12:54:38] [SEVERE ] removing player 2 token from slot 10
[2022-12-12 12:54:38] [SEVERE ] player 2 placing token on slot 2
[2022-12-12 12:54:38] [SEVERE ] player 2 placing token on slot 11
[2022-12-12 12:54:38] [SEVERE ] player 2 placing token on slot 5
[2022-12-12 12:54:38] [SEVERE ] removing player 2 token from slot 2
[2022-12-12 12:54:38] [SEVERE ] removing player 2 token from slot 5
[2022-12-12 12:54:38] [SEVERE ] removing player 2 token from slot 11
[2022-12-12 12:54:38] [SEVERE ] player 2 placing token on slot 11
[2022-12-12 12:54:38] [SEVERE ] player 2 placing token on slot 5
[2022-12-12 12:54:38] [SEVERE ] player 2 placing token on slot 7
[2022-12-12 12:54:38] [SEVERE ] removing player 2 token from slot 5
[2022-12-12 12:54:38] [SEVERE ] removing player 2 token from slot 7
[2022-12-12 12:54:38] [SEVERE ] removing player 2 token from slot 11
[2022-12-12 12:54:38] [SEVERE ] player 2 placing token on slot 1
[2022-12-12 12:54:38] [SEVERE ] player 2 placing token on slot 10
[2022-12-12 12:54:38] [SEVERE ] player 2 placing token on slot 3
[2022-12-12 12:54:38] [SEVERE ] removing player 2 token from slot 1
[2022-12-12 12:54:38] [SEVERE ] removing player 2 token from slot 3
[2022-12-12 12:54:38] [SEVERE ] removing player 2 token from slot 10
[2022-12-12 12:54:38] [SEVERE ] player 2 placing token on slot 2
[2022-12-12 12:54:39] [SEVERE ] player 2 placing token on slot 5
[2022-12-12 12:54:39] [SEVERE ] player 2 placing token on slot 3
[2022-12-12 12:54:39] [SEVERE ] removing player 2 token from slot 2
[2022-12-12 12:54:39] [SEVERE ] removing player 2 token from slot 3
[2022-12-12 12:54:39] [SEVERE ] removing player 2 token from slot 5
[2022-12-12 12:54:39] [SEVERE ] player 2 placing token on slot 5
[2022-12-12 12:54:39] [SEVERE ] player 2 placing token on slot 4
[2022-12-12 12:54:39] [SEVERE ] player 2 placing token on slot 8
[2022-12-12 12:54:39] [SEVERE ] removing player 2 token from slot 4
[2022-12-12 12:54:39] [SEVERE ] removing player 2 token from slot 5
[2022-12-12 12:54:39] [SEVERE ] removing player 2 token from slot 8
[2022-12-12 12:54:39] [SEVERE ] player 2 placing token on slot 9
[2022-12-12 12:54:39] [SEVERE ] player 2 placing token on slot 0
[2022-12-12 12:54:39] [SEVERE ] player 2 placing token on slot 11
[2022-12-12 12:54:39] [SEVERE ] removing player 2 token from slot 0
[2022-12-12 12:54:39] [SEVERE ] removing player 2 token from slot 9
[2022-12-12 12:54:39] [SEVERE ] removing player 2 token from slot 11
[2022-12-12 12:54:39] [SEVERE ] player 2 placing token on slot 8
[2022-12-12 12:54:39] [SEVERE ] player 2 placing token on slot 5
[2022-12-12 12:54:39] [SEVERE ] player 2 placing token on slot 9
[2022-12-12 12:54:39] [SEVERE ] removing player 2 token from slot 5
[2022-12-12 12:54:39] [SEVERE ] removing player 2 token from slot 8
[2022-12-12 12:54:39] [SEVERE ] removing player 2 token from slot 9
[2022-12-12 12:54:39] [SEVERE ] player 2 placing token on slot 3
[2022-12-12 12:54:39] [SEVERE ] player 2 placing token on slot 2
[2022-12-12 12:54:39] [SEVERE ] player 2 placing token on slot 1
[2022-12-12 12:54:39] [SEVERE ] removing player 2 token from slot 1
[2022-12-12 12:54:39] [SEVERE ] removing player 2 token from slot 2
[2022-12-12 12:54:39] [SEVERE ] removing player 2 token from slot 3
[2022-12-12 12:54:39] [SEVERE ] player 2 placing token on slot 7
[2022-12-12 12:54:39] [SEVERE ] player 2 placing token on slot 10
[2022-12-12 12:54:39] [SEVERE ] player 2 placing token on slot 9
[2022-12-12 12:54:39] [SEVERE ] removing player 2 token from slot 7
[2022-12-12 12:54:39] [SEVERE ] removing player 2 token from slot 9
[2022-12-12 12:54:39] [SEVERE ] removing player 2 token from slot 10
[2022-12-12 12:54:39] [SEVERE ] player 2 placing token on slot 0
[2022-12-12 12:54:39] [SEVERE ] player 2 placing token on slot 4
[2022-12-12 12:54:39] [SEVERE ] player 2 placing token on slot 6
[2022-12-12 12:54:39] [SEVERE ] removing player 2 token from slot 0
[2022-12-12 12:54:39] [SEVERE ] removing player 2 token from slot 4
[2022-12-12 12:54:39] [SEVERE ] removing player 2 token from slot 6
[2022-12-12 12:54:39] [SEVERE ] player 2 placing token on slot 10
[2022-12-12 12:54:39] [SEVERE ] player 2 placing token on slot 1
[2022-12-12 12:54:39] [SEVERE ] player 2 placing token on slot 0
[2022-12-12 12:54:39] [SEVERE ] removing player 2 token from slot 0
[2022-12-12 12:54:39] [SEVERE ] removing player 2 token from slot 1
[2022-12-12 12:54:39] [SEVERE ] removing player 2 token from slot 10
[2022-12-12 12:54:39] [SEVERE ] player 2 placing token on slot 7
[2022-12-12 12:54:39] [SEVERE ] player 2 placing token on slot 0
[2022-12-12 12:54:39] [SEVERE ] player 2 placing token on slot 2
[2022-12-12 12:54:39] [SEVERE ] removing player 2 token from slot 0
[2022-12-12 12:54:39] [SEVERE ] removing player 2 token from slot 2
[2022-12-12 12:54:39] [SEVERE ] removing player 2 token from slot 7
[2022-12-12 12:54:39] [SEVERE ] player 2 placing token on slot 0
[2022-12-12 12:54:39] [SEVERE ] player 2 placing token on slot 9
[2022-12-12 12:54:39] [SEVERE ] player 2 placing token on slot 8
[2022-12-12 12:54:39] [SEVERE ] removing player 2 token from slot 0
[2022-12-12 12:54:39] [SEVERE ] removing player 2 token from slot 8
[2022-12-12 12:54:39] [SEVERE ] removing player 2 token from slot 9
[2022-12-12 12:54:39] [SEVERE ] player 2 placing token on slot 4
[2022-12-12 12:54:39] [SEVERE ] player 2 placing token on slot 0
[2022-12-12 12:54:40] [SEVERE ] player 2 placing token on slot 6
[2022-12-12 12:54:40] [SEVERE ] removing player 2 token from slot 0
[2022-12-12 12:54:40] [SEVERE ] removing player 2 token from slot 4
[2022-12-12 12:54:40] [SEVERE ] removing player 2 token from slot 6
[2022-12-12 12:54:40] [SEVERE ] player 2 placing token on slot 1
[2022-12-12 12:54:40] [SEVERE ] player 2 placing token on slot 10
[2022-12-12 12:54:40] [SEVERE ] player 2 placing token on slot 7
[2022-12-12 12:54:40] [SEVERE ] removing player 2 token from slot 1
[2022-12-12 12:54:40] [SEVERE ] removing player 2 token from slot 7
[2022-12-12 12:54:40] [SEVERE ] removing player 2 token from slot 10
[2022-12-12 12:54:40] [SEVERE ] player 2 placing token on slot 10
[2022-12-12 12:54:40] [SEVERE ] player 2 placing token on slot 8
[2022-12-12 12:54:40] [SEVERE ] player 2 placing token on slot 11
[2022-12-12 12:54:40] [SEVERE ] removing player 2 token from slot 8
[2022-12-12 12:54:40] [SEVERE ] removing player 2 token from slot 10
[2022-12-12 12:54:40] [SEVERE ] removing player 2 token from slot 11
[2022-12-12 12:54:40] [SEVERE ] player 2 placing token on slot 4
[2022-12-12 12:54:40] [SEVERE ] player 2 placing token on slot 0
[2022-12-12 12:54:40] [SEVERE ] player 2 placing token on slot 1
[2022-12-12 12:54:40] [SEVERE ] removing player 2 token from slot 0
[2022-12-12 12:54:40] [SEVERE ] removing player 2 token from slot 1
[2022-12-12 12:54:40] [SEVERE ] removing player 2 token from slot 4
[2022-12-12 12:54:40] [SEVERE ] player 2 placing token on slot 11
[2022-12-12 12:54:40] [SEVERE ] player 2 placing token on slot 6
[2022-12-12 12:54:40] [SEVERE ] player 2 placing token on slot 9
[2022-12-12 12:54:40] [SEVERE ] removing player 2 token from slot 6
[2022-12-12 12:54:40] [SEVERE ] removing player 2 token from slot 9
[2022-12-12 12:54:40] [SEVERE ] removing player 2 token from slot 11
[2022-12-12 12:54:40] [SEVERE ] player 2 placing token on slot 10
[2022-12-12 12:54:40] [SEVERE ] player 2 placing token on slot 8
[2022-12-12 12:54:40] [SEVERE ] player 2 placing token on slot 3
[2022-12-12 12:54:40] [SEVERE ] removing player 2 token from slot 3
[2022-12-12 12:54:40] [SEVERE ] removing player 2 token from slot 8
[2022-12-12 12:54:40] [SEVERE ] removing player 2 token from slot 10
[2022-12-12 12:54:40] [SEVERE ] player 2 placing token on slot 2
[2022-12-12 12:54:40] [SEVERE ] player 2 placing token on slot 8
[2022-12-12 12:54:40] [SEVERE ] player 2 placing token on slot 1
[2022-12-12 12:54:40] [SEVERE ] removing player 2 token from slot 1
[2022-12-12 12:54:40] [SEVERE ] removing player 2 token from slot 2
[2022-12-12 12:54:40] [SEVERE ] removing player 2 token from slot 8
[2022-12-12 12:54:40] [SEVERE ] player 2 placing token on slot 6
[2022-12-12 12:54:40] [SEVERE ] player 2 placing token on slot 0
[2022-12-12 12:54:40] [SEVERE ] player 2 placing token on slot 1
[2022-12-12 12:54:40] [SEVERE ] removing player 2 token from slot 0
[2022-12-12 12:54:40] [SEVERE ] removing player 2 token from slot 1
[2022-12-12 12:54:40] [SEVERE ] removing player 2 token from slot 6
[2022-12-12 12:54:40] [SEVERE ] player 2 placing token on slot 10
[2022-12-12 12:54:40] [SEVERE ] player 2 placing token on slot 2
[2022-12-12 12:54:40] [SEVERE ] player 2 placing token on slot 5
[2022-12-12 12:54:40] [SEVERE ] removing player 2 token from slot 2
[2022-12-12 12:54:40] [SEVERE ] removing player 2 token from slot 5
[2022-12-12 12:54:40] [SEVERE ] removing player 2 token from slot 10
[2022-12-12 12:54:40] [SEVERE ] player 2 placing token on slot 10
[2022-12-12 12:54:40] [SEVERE ] player 2 placing token on slot 4
[2022-12-12 12:54:40] [SEVERE ] player 2 placing token on slot 0
[2022-12-12 12:54:40] [SEVERE ] removing player 2 token from slot 0
[2022-12-12 12:54:40] [SEVERE ] removing player 2 token from slot 4
[2022-12-12 12:54:40] [SEVERE ] removing player 2 token from slot 10
[2022-12-12 12:54:40] [SEVERE ] player 2 placing token on slot 3
[2022-12-12 12:54:40] [SEVERE ] player 2 placing token on slot 7
[2022-12-12 12:54:40] [SEVERE ] player 2 placing token on slot 1
[2022-12-12 12:54:40] [SEVERE ] removing player 2 token from slot 1
[2022-12-12 12:54:40] [SEVERE ] removing player 2 token from slot 3
[2022-12-12 12:54:40] [SEVERE ] removing player 2 token from slot 7
[2022-12-12 12:54:40] [SEVERE ] player 2 placing token on slot 1
[2022-12-12 12:54:41] [SEVERE ] player 2 placing token on slot 6
[2022-12-12 12:54:41] [SEVERE ] player 2 placing token on slot 0
[2022-12-12 12:54:41] [SEVERE ] removing player 2 token from slot 0
[2022-12-12 12:54:41] [SEVERE ] removing player 2 token from slot 1
[2022-12-12 12:54:41] [SEVERE ] removing player 2 token from slot 6
[2022-12-12 12:54:41] [SEVERE ] player 2 placing token on slot 11
[2022-12-12 12:54:41] [SEVERE ] player 2 placing token on slot 1
[2022-12-12 12:54:41] [SEVERE ] player 2 placing token on slot 0
[2022-12-12 12:54:41] [SEVERE ] removing player 2 token from slot 0
[2022-12-12 12:54:41] [SEVERE ] removing player 2 token from slot 1
[2022-12-12 12:54:41] [SEVERE ] removing player 2 token from slot 11
[2022-12-12 12:54:41] [SEVERE ] player 2 placing token on slot 8
[2022-12-12 12:54:41] [SEVERE ] player 2 placing token on slot 10
[2022-12-12 12:54:41] [SEVERE ] player 2 placing token on slot 2
[2022-12-12 12:54:41] [SEVERE ] removing player 2 token from slot 2
[2022-12-12 12:54:41] [SEVERE ] removing player 2 token from slot 8
[2022-12-12 12:54:41] [SEVERE ] removing player 2 token from slot 10
[2022-12-12 12:54:41] [SEVERE ] player 2 placing token on slot 0
[2022-12-12 12:54:41] [SEVERE ] player 2 placing token on slot 1
[2022-12-12 12:54:41] [SEVERE ] player 2 placing token on slot 5
[2022-12-12 12:54:41] [SEVERE ] removing player 2 token from slot 0
[2022-12-12 12:54:41] [SEVERE ] removing player 2 token from slot 1
[2022-12-12 12:54:41] [SEVERE ] removing player 2 token from slot 5
[2022-12-12 12:54:41] [SEVERE ] player 2 placing token on slot 6
[2022-12-12 12:54:41] [SEVERE ] player 2 placing token on slot 11
[2022-12-12 12:54:41] [SEVERE ] player 2 placing token on slot 5
[2022-12-12 12:54:41] [SEVERE ] removing player 2 token from slot 5
[2022-12-12 12:54:41] [SEVERE ] removing player 2 token from slot 6
[2022-12-12 12:54:41] [SEVERE ] removing player 2 token from slot 11
[2022-12-12 12:54:41] [SEVERE ] player 2 placing token on slot 7
[2022-12-12 12:54:41] [SEVERE ] player 2 placing token on slot 3
[2022-12-12 12:54:41] [SEVERE ] player 2 placing token on slot 11
[2022-12-12 12:54:41] [SEVERE ] removing player 2 token from slot 3
[2022-12-12 12:54:41] [SEVERE ] removing player 2 token from slot 7
[2022-12-12 12:54:41] [SEVERE ] removing player 2 token from slot 11
[2022-12-12 12:54:41] [SEVERE ] player 2 placing token on slot 10
[2022-12-12 12:54:41] [SEVERE ] player 2 placing token on slot 1
[2022-12-12 12:54:41] [SEVERE ] player 2 placing token on slot 7
[2022-12-12 12:54:41] [SEVERE ] removing player 2 token from slot 1
[2022-12-12 12:54:41] [SEVERE ] removing player 2 token from slot 7
[2022-12-12 12:54:41] [SEVERE ] removing player 2 token from slot 10
[2022-12-12 12:54:41] [SEVERE ] player 2 placing token on slot 2
[2022-12-12 12:54:41] [SEVERE ] player 2 placing token on slot 4
[2022-12-12 12:54:41] [SEVERE ] player 2 placing token on slot 3
[2022-12-12 12:54:41] [SEVERE ] removing player 2 token from slot 2
[2022-12-12 12:54:41] [SEVERE ] removing player 2 token from slot 3
[2022-12-12 12:54:41] [SEVERE ] removing player 2 token from slot 4
[2022-12-12 12:54:41] [SEVERE ] player 2 placing token on slot 0
[2022-12-12 12:54:41] [SEVERE ] player 2 placing token on slot 3
[2022-12-12 12:54:41] [SEVERE ] player 2 placing token on slot 7
[2022-12-12 12:54:41] [SEVERE ] removing player 2 token from slot 0
[2022-12-12 12:54:41] [SEVERE ] removing player 2 token from slot 3
[2022-12-12 12:54:41] [SEVERE ] removing player 2 token from slot 7
[2022-12-12 12:54:41] [SEVERE ] player 2 placing token on slot 4
[2022-12-12 12:54:41] [SEVERE ] player 2 placing token on slot 11
[2022-12-12 12:54:41] [SEVERE ] player 2 placing token on slot 6
[2022-12-12 12:54:41] [SEVERE ] removing player 2 token from slot 4
[2022-12-12 12:54:41] [SEVERE ] removing player 2 token from slot 6
[2022-12-12 12:54:41] [SEVERE ] removing player 2 token from slot 11
[2022-12-12 12:54:41] [SEVERE ] player 2 placing token on slot 1
[2022-12-12 12:54:41] [SEVERE ] player 2 placing token on slot 8
[2022-12-12 12:54:41] [SEVERE ] player 2 placing token on slot 4
[2022-12-12 12:54:41] [SEVERE ] removing player 2 token from slot 1
[2022-12-12 12:54:41] [SEVERE ] removing player 2 token from slot 4
[2022-12-12 12:54:41] [SEVERE ] removing player 2 token from slot 8
[2022-12-12 12:54:42] [SEVERE ] player 2 placing token on slot 5
[2022-12-12 12:54:42] [SEVERE ] player 2 placing token on slot 4
[2022-12-12 12:54:42] [SEVERE ] player 2 placing token on slot 10
[2022-12-12 12:54:42] [SEVERE ] removing player 2 token from slot 4
[2022-12-12 12:54:42] [SEVERE ] removing player 2 token from slot 5
[2022-12-12 12:54:42] [SEVERE ] removing player 2 token from slot 10
[2022-12-12 12:54:42] [SEVERE ] player 2 placing token on slot 8
[2022-12-12 12:54:42] [SEVERE ] player 2 placing token on slot 10
[2022-12-12 12:54:42] [SEVERE ] player 2 placing token on slot 7
[2022-12-12 12:54:42] [SEVERE ] removing player 2 token from slot 7
[2022-12-12 12:54:42] [SEVERE ] removing player 2 token from slot 8
[2022-12-12 12:54:42] [SEVERE ] removing player 2 token from slot 10
[2022-12-12 12:54:42] [SEVERE ] player 2 placing token on slot 4
[2022-12-12 12:54:42] [SEVERE ] player 2 placing token on slot 5
[2022-12-12 12:54:42] [SEVERE ] player 2 placing token on slot 7
[2022-12-12 12:54:42] [SEVERE ] removing player 2 token from slot 4
[2022-12-12 12:54:42] [SEVERE ] removing player 2 token from slot 5
[2022-12-12 12:54:42] [SEVERE ] removing player 2 token from slot 7
[2022-12-12 12:54:42] [SEVERE ] player 2 placing token on slot 7
[2022-12-12 12:54:42] [SEVERE ] player 2 placing token on slot 0
[2022-12-12 12:54:42] [SEVERE ] player 2 placing token on slot 3
[2022-12-12 12:54:42] [SEVERE ] removing player 2 token from slot 0
[2022-12-12 12:54:42] [SEVERE ] removing player 2 token from slot 3
[2022-12-12 12:54:42] [SEVERE ] removing player 2 token from slot 7
[2022-12-12 12:54:42] [SEVERE ] player 2 placing token on slot 0
[2022-12-12 12:54:42] [SEVERE ] player 2 placing token on slot 6
[2022-12-12 12:54:42] [SEVERE ] player 2 placing token on slot 3
[2022-12-12 12:54:42] [SEVERE ] removing player 2 token from slot 0
[2022-12-12 12:54:42] [SEVERE ] removing player 2 token from slot 3
[2022-12-12 12:54:42] [SEVERE ] removing player 2 token from slot 6
[2022-12-12 12:54:42] [SEVERE ] player 2 placing token on slot 1
[2022-12-12 12:54:42] [SEVERE ] player 2 placing token on slot 5
[2022-12-12 12:54:42] [SEVERE ] player 2 placing token on slot 4
[2022-12-12 12:54:42] [SEVERE ] removing player 2 token from slot 1
[2022-12-12 12:54:42] [SEVERE ] removing player 2 token from slot 4
[2022-12-12 12:54:42] [SEVERE ] removing player 2 token from slot 5
[2022-12-12 12:54:42] [SEVERE ] player 2 placing token on slot 5
[2022-12-12 12:54:42] [SEVERE ] player 2 placing token on slot 3
[2022-12-12 12:54:42] [SEVERE ] player 2 placing token on slot 8
[2022-12-12 12:54:42] [SEVERE ] removing player 2 token from slot 3
[2022-12-12 12:54:42] [SEVERE ] removing player 2 token from slot 5
[2022-12-12 12:54:42] [SEVERE ] removing player 2 token from slot 8
[2022-12-12 12:54:42] [SEVERE ] player 2 placing token on slot 10
[2022-12-12 12:54:42] [SEVERE ] player 2 placing token on slot 9
[2022-12-12 12:54:42] [SEVERE ] player 2 placing token on slot 8
[2022-12-12 12:54:42] [SEVERE ] removing player 2 token from slot 8
[2022-12-12 12:54:42] [SEVERE ] removing player 2 token from slot 9
[2022-12-12 12:54:42] [SEVERE ] removing player 2 token from slot 10
[2022-12-12 12:54:42] [SEVERE ] player 2 placing token on slot 1
[2022-12-12 12:54:42] [SEVERE ] player 2 placing token on slot 4
[2022-12-12 12:54:42] [SEVERE ] player 2 placing token on slot 5
[2022-12-12 12:54:42] [SEVERE ] removing player 2 token from slot 1
[2022-12-12 12:54:42] [SEVERE ] removing player 2 token from slot 4
[2022-12-12 12:54:42] [SEVERE ] removing player 2 token from slot 5
[2022-12-12 12:54:42] [SEVERE ] player 2 placing token on slot 2
[2022-12-12 12:54:42] [SEVERE ] player 2 placing token on slot 10
[2022-12-12 12:54:42] [SEVERE ] player 2 placing token on slot 3
[2022-12-12 12:54:42] [SEVERE ] removing player 2 token from slot 2
[2022-12-12 12:54:42] [SEVERE ] removing player 2 token from slot 3
[2022-12-12 12:54:42] [SEVERE ] removing player 2 token from slot 10
[2022-12-12 12:54:42] [SEVERE ] player 2 placing token on slot 8
[2022-12-12 12:54:42] [SEVERE ] player 2 placing token on slot 3
[2022-12-12 12:54:43] [SEVERE ] player 2 placing token on slot 2
[2022-12-12 12:54:43] [SEVERE ] removing player 2 token from slot 2
[2022-12-12 12:54:43] [SEVERE ] removing player 2 token from slot 3
[2022-12-12 12:54:43] [SEVERE ] removing player 2 token from slot 8
[2022-12-12 12:54:43] [SEVERE ] player 2 placing token on slot 7
[2022-12-12 12:54:43] [SEVERE ] player 2 placing token on slot 6
[2022-12-12 12:54:43] [SEVERE ] player 2 placing token on slot 1
[2022-12-12 12:54:43] [SEVERE ] removing player 2 token from slot 1
[2022-12-12 12:54:43] [SEVERE ] removing player 2 token from slot 6
[2022-12-12 12:54:43] [SEVERE ] removing player 2 token from slot 7
[2022-12-12 12:54:43] [SEVERE ] player 2 placing token on slot 11
[2022-12-12 12:54:43] [SEVERE ] player 2 placing token on slot 10
[2022-12-12 12:54:43] [SEVERE ] player 2 placing token on slot 5
[2022-12-12 12:54:43] [SEVERE ] removing player 2 token from slot 5
[2022-12-12 12:54:43] [SEVERE ] removing player 2 token from slot 10
[2022-12-12 12:54:43] [SEVERE ] removing player 2 token from slot 11
[2022-12-12 12:54:43] [SEVERE ] player 2 placing token on slot 6
[2022-12-12 12:54:43] [SEVERE ] player 2 placing token on slot 10
[2022-12-12 12:54:43] [SEVERE ] player 2 placing token on slot 5
[2022-12-12 12:54:43] [SEVERE ] removing player 2 token from slot 5
[2022-12-12 12:54:43] [SEVERE ] removing player 2 token from slot 6
[2022-12-12 12:54:43] [SEVERE ] removing player 2 token from slot 10
[2022-12-12 12:54:43] [SEVERE ] player 2 placing token on slot 5
[2022-12-12 12:54:43] [SEVERE ] player 2 placing token on slot 9
[2022-12-12 12:54:43] [SEVERE ] player 2 placing token on slot 10
[2022-12-12 12:54:43] [SEVERE ] removing player 2 token from slot 5
[2022-12-12 12:54:43] [SEVERE ] removing player 2 token from slot 9
[2022-12-12 12:54:43] [SEVERE ] removing player 2 token from slot 10
[2022-12-12 12:54:43] [SEVERE ] player 2 placing token on slot 2
[2022-12-12 12:54:43] [SEVERE ] player 2 placing token on slot 10
[2022-12-12 12:54:43] [SEVERE ] player 2 placing token on slot 0
[2022-12-12 12:54:43] [SEVERE ] removing player 2 token from slot 0
[2022-12-12 12:54:43] [SEVERE ] removing player 2 token from slot 2
[2022-12-12 12:54:43] [SEVERE ] removing player 2 token from slot 10
[2022-12-12 12:54:43] [SEVERE ] player 2 placing token on slot 7
[2022-12-12 12:54:43] [SEVERE ] player 2 placing token on slot 2
[2022-12-12 12:54:43] [SEVERE ] player 2 placing token on slot 6
[2022-12-12 12:54:43] [SEVERE ] removing player 2 token from slot 2
[2022-12-12 12:54:43] [SEVERE ] removing player 2 token from slot 6
[2022-12-12 12:54:43] [SEVERE ] removing player 2 token from slot 7
[2022-12-12 12:54:43] [SEVERE ] player 2 placing token on slot 0
[2022-12-12 12:54:43] [SEVERE ] player 2 placing token on slot 11
[2022-12-12 12:54:43] [SEVERE ] player 2 placing token on slot 9
[2022-12-12 12:54:43] [SEVERE ] removing player 2 token from slot 0
[2022-12-12 12:54:43] [SEVERE ] removing player 2 token from slot 9
[2022-12-12 12:54:43] [SEVERE ] removing player 2 token from slot 11
[2022-12-12 12:54:43] [SEVERE ] player 2 placing token on slot 0
[2022-12-12 12:54:43] [SEVERE ] player 2 placing token on slot 11
[2022-12-12 12:54:43] [SEVERE ] player 2 placing token on slot 3
[2022-12-12 12:54:43] [SEVERE ] removing player 2 token from slot 0
[2022-12-12 12:54:43] [SEVERE ] removing player 2 token from slot 3
[2022-12-12 12:54:43] [SEVERE ] removing player 2 token from slot 11
[2022-12-12 12:54:43] [SEVERE ] player 2 placing token on slot 9
[2022-12-12 12:54:43] [SEVERE ] player 2 placing token on slot 10
[2022-12-12 12:54:43] [SEVERE ] player 2 placing token on slot 0
[2022-12-12 12:54:43] [SEVERE ] removing player 2 token from slot 0
[2022-12-12 12:54:43] [SEVERE ] removing player 2 token from slot 9
[2022-12-12 12:54:43] [SEVERE ] removing player 2 token from slot 10
[2022-12-12 12:54:43] [SEVERE ] player 2 placing token on slot 2
[2022-12-12 12:54:43] [SEVERE ] player 2 placing token on slot 0
[2022-12-12 12:54:43] [SEVERE ] player 2 placing token on slot 1
[2022-12-12 12:54:43] [SEVERE ] removing player 2 token from slot 0
[2022-12-12 12:54:43] [SEVERE ] removing player 2 token from slot 1
[2022-12-12 12:54:43] [SEVERE ] removing player 2 token from slot 2
[2022-12-12 12:54:43] [SEVERE ] player 2 placing token on slot 6
[2022-12-12 12:54:43] [SEVERE ] player 2 placing token on slot 9
[2022-12-12 12:54:44] [SEVERE ] player 2 placing token on slot 4
[2022-12-12 12:54:44] [SEVERE ] removing player 2 token from slot 4
[2022-12-12 12:54:44] [SEVERE ] removing player 2 token from slot 6
[2022-12-12 12:54:44] [SEVERE ] removing player 2 token from slot 9
[2022-12-12 12:54:44] [SEVERE ] player 2 placing token on slot 8
[2022-12-12 12:54:44] [SEVERE ] player 2 placing token on slot 7
[2022-12-12 12:54:44] [SEVERE ] player 2 placing token on slot 6
[2022-12-12 12:54:44] [SEVERE ] removing player 2 token from slot 6
[2022-12-12 12:54:44] [SEVERE ] removing player 2 token from slot 7
[2022-12-12 12:54:44] [SEVERE ] removing player 2 token from slot 8
[2022-12-12 12:54:44] [SEVERE ] player 2 placing token on slot 11
[2022-12-12 12:54:44] [SEVERE ] player 2 placing token on slot 8
[2022-12-12 12:54:44] [SEVERE ] player 2 placing token on slot 1
[2022-12-12 12:54:44] [SEVERE ] removing player 2 token from slot 1
[2022-12-12 12:54:44] [SEVERE ] removing player 2 token from slot 8
[2022-12-12 12:54:44] [SEVERE ] removing player 2 token from slot 11
[2022-12-12 12:54:44] [SEVERE ] player 2 placing token on slot 1
[2022-12-12 12:54:44] [SEVERE ] player 2 placing token on slot 2
[2022-12-12 12:54:44] [SEVERE ] player 2 placing token on slot 5
[2022-12-12 12:54:44] [SEVERE ] removing player 2 token from slot 1
[2022-12-12 12:54:44] [SEVERE ] removing player 2 token from slot 2
[2022-12-12 12:54:44] [SEVERE ] removing player 2 token from slot 5
[2022-12-12 12:54:44] [SEVERE ] player 2 placing token on slot 3
[2022-12-12 12:54:44] [SEVERE ] player 2 placing token on slot 1
[2022-12-12 12:54:44] [SEVERE ] player 2 placing token on slot 8
[2022-12-12 12:54:44] [SEVERE ] removing player 2 token from slot 1
[2022-12-12 12:54:44] [SEVERE ] removing player 2 token from slot 3
[2022-12-12 12:54:44] [SEVERE ] removing player 2 token from slot 8
[2022-12-12 12:54:44] [SEVERE ] player 2 placing token on slot 1
[2022-12-12 12:54:44] [SEVERE ] player 2 placing token on slot 3
[2022-12-12 12:54:44] [SEVERE ] player 2 placing token on slot 4
[2022-12-12 12:54:44] [SEVERE ] removing player 2 token from slot 1
[2022-12-12 12:54:44] [SEVERE ] removing player 2 token from slot 3
[2022-12-12 12:54:44] [SEVERE ] removing player 2 token from slot 4
[2022-12-12 12:54:44] [SEVERE ] player 2 placing token on slot 0
[2022-12-12 12:54:44] [SEVERE ] player 2 placing token on slot 6
[2022-12-12 12:54:44] [SEVERE ] player 2 placing token on slot 4
[2022-12-12 12:54:44] [SEVERE ] removing player 2 token from slot 0
[2022-12-12 12:54:44] [SEVERE ] removing player 2 token from slot 4
[2022-12-12 12:54:44] [SEVERE ] removing player 2 token from slot 6
[2022-12-12 12:54:44] [SEVERE ] player 2 placing token on slot 10
[2022-12-12 12:54:44] [SEVERE ] player 2 placing token on slot 3
[2022-12-12 12:54:44] [SEVERE ] player 2 placing token on slot 7
[2022-12-12 12:54:44] [SEVERE ] removing player 2 token from slot 3
[2022-12-12 12:54:44] [SEVERE ] removing player 2 token from slot 7
[2022-12-12 12:54:44] [SEVERE ] removing player 2 token from slot 10
[2022-12-12 12:54:44] [SEVERE ] player 2 placing token on slot 0
[2022-12-12 12:54:44] [SEVERE ] player 2 placing token on slot 11
[2022-12-12 12:54:44] [SEVERE ] player 2 placing token on slot 8
[2022-12-12 12:54:44] [SEVERE ] removing player 2 token from slot 0
[2022-12-12 12:54:44] [SEVERE ] removing player 2 token from slot 8
[2022-12-12 12:54:44] [SEVERE ] removing player 2 token from slot 11
[2022-12-12 12:54:44] [SEVERE ] player 2 placing token on slot 1
[2022-12-12 12:54:44] [SEVERE ] player 2 placing token on slot 0
[2022-12-12 12:54:44] [SEVERE ] player 2 placing token on slot 7
[2022-12-12 12:54:44] [SEVERE ] removing player 2 token from slot 0
[2022-12-12 12:54:44] [SEVERE ] removing player 2 token from slot 1
[2022-12-12 12:54:44] [SEVERE ] removing player 2 token from slot 7
[2022-12-12 12:54:44] [SEVERE ] player 2 placing token on slot 11
[2022-12-12 12:54:44] [SEVERE ] player 2 placing token on slot 4
[2022-12-12 12:54:44] [SEVERE ] player 2 placing token on slot 2
[2022-12-12 12:54:44] [SEVERE ] removing player 2 token from slot 2
[2022-12-12 12:54:44] [SEVERE ] removing player 2 token from slot 4
[2022-12-12 12:54:44] [SEVERE ] removing player 2 token from slot 11
[2022-12-12 12:54:44] [SEVERE ] player 2 placing token on slot 9
[2022-12-12 12:54:44] [SEVERE ] player 2 placing token on slot 10
[2022-12-12 12:54:44] [SEVERE ] player 2 placing token on slot 1
[2022-12-12 12:54:44] [SEVERE ] removing player 2 token from slot 1
[2022-12-12 12:54:44] [SEVERE ] removing player 2 token from slot 9
[2022-12-12 12:54:44] [SEVERE ] removing player 2 token from slot 10
[2022-12-12 12:54:45] [SEVERE ] player 2 placing token on slot 1
[2022-12-12 12:54:45] [SEVERE ] player 2 placing token on slot 9
[2022-12-12 12:54:45] [SEVERE ] player 2 placing token on slot 7
[2022-12-12 12:54:45] [SEVERE ] setting player 2 score to 1
[2022-12-12 12:54:45] [SEVERE ] player 2 placing token on slot 1
[2022-12-12 12:54:45] [SEVERE ] player 2 placing token on slot 10
[2022-12-12 12:54:45] [SEVERE ] player 2 placing token on slot 5
[2022-12-12 12:54:45] [SEVERE ] removing tokens from slot 1
[2022-12-12 12:54:45] [SEVERE ] removing card from slot 1
[2022-12-12 12:54:45] [SEVERE ] removing tokens from slot 7
[2022-12-12 12:54:45] [SEVERE ] removing card from slot 7
[2022-12-12 12:54:45] [SEVERE ] removing tokens from slot 9
[2022-12-12 12:54:45] [SEVERE ] removing card from slot 9
[2022-12-12 12:54:45] [SEVERE ] placing card 50 in slot 1
[2022-12-12 12:54:45] [SEVERE ] placing card 29 in slot 7
[2022-12-12 12:54:45] [SEVERE ] placing card 43 in slot 9
