[2022-12-13 05:47:04] [INFO   ] cannot read configuration file config.properties trying from resources.
[2022-12-13 05:47:04] [INFO   ] configuration file was loaded from resources directory.
[2022-12-13 05:47:05] [INFO   ] Thread dealer starting.
[2022-12-13 05:47:05] [INFO   ] Thread Thread-0starting.
[2022-12-13 05:47:05] [INFO   ] Thread Thread-1starting.
[2022-12-13 05:47:05] [SEVERE ] placing card 1 in slot 0
[2022-12-13 05:47:05] [SEVERE ] placing card 26 in slot 1
[2022-12-13 05:47:05] [SEVERE ] placing card 69 in slot 2
[2022-12-13 05:47:05] [SEVERE ] placing card 51 in slot 3
[2022-12-13 05:47:05] [SEVERE ] placing card 60 in slot 4
[2022-12-13 05:47:05] [SEVERE ] placing card 80 in slot 5
[2022-12-13 05:47:06] [SEVERE ] placing card 20 in slot 6
[2022-12-13 05:47:06] [SEVERE ] placing card 15 in slot 7
[2022-12-13 05:47:06] [SEVERE ] placing card 62 in slot 8
[2022-12-13 05:47:06] [SEVERE ] placing card 44 in slot 9
[2022-12-13 05:47:06] [SEVERE ] placing card 38 in slot 10
[2022-12-13 05:47:06] [SEVERE ] placing card 2 in slot 11
[2022-12-13 05:47:10] [SEVERE ] Key 81 was pressed by player 0
[2022-12-13 05:47:10] [SEVERE ] player 0 placing token on slot 0
[2022-12-13 05:47:11] [SEVERE ] Key 87 was pressed by player 0
[2022-12-13 05:47:11] [SEVERE ] player 0 placing token on slot 1
[2022-12-13 05:47:12] [SEVERE ] Key 69 was pressed by player 0
[2022-12-13 05:47:12] [SEVERE ] player 0 placing token on slot 2
[2022-12-13 05:47:12] [SEVERE ] setting player 0 freeze to 3000
[2022-12-13 05:47:13] [SEVERE ] setting player 0 freeze to 2000
[2022-12-13 05:47:14] [SEVERE ] setting player 0 freeze to 1000
[2022-12-13 05:47:15] [SEVERE ] setting player 0 freeze to 0
[2022-12-13 05:47:17] [SEVERE ] Key 69 was pressed by player 0
[2022-12-13 05:47:17] [SEVERE ] removing player 0 token from slot 2
[2022-12-13 05:47:17] [SEVERE ] Key 87 was pressed by player 0
[2022-12-13 05:47:17] [SEVERE ] removing player 0 token from slot 1
[2022-12-13 05:47:17] [SEVERE ] Key 81 was pressed by player 0
[2022-12-13 05:47:17] [SEVERE ] removing player 0 token from slot 0
[2022-12-13 05:47:18] [SEVERE ] Key 65 was pressed by player 0
[2022-12-13 05:47:18] [SEVERE ] player 0 placing token on slot 4
[2022-12-13 05:47:19] [SEVERE ] Key 83 was pressed by player 0
[2022-12-13 05:47:19] [SEVERE ] player 0 placing token on slot 5
[2022-12-13 05:47:20] [SEVERE ] Key 68 was pressed by player 0
[2022-12-13 05:47:20] [SEVERE ] player 0 placing token on slot 6
[2022-12-13 05:47:20] [SEVERE ] setting player 0 freeze to 3000
[2022-12-13 05:47:21] [SEVERE ] setting player 0 freeze to 2000
[2022-12-13 05:47:22] [SEVERE ] Key 83 was pressed by player 0
[2022-12-13 05:47:22] [SEVERE ] setting player 0 freeze to 1000
[2022-12-13 05:47:23] [SEVERE ] Key 65 was pressed by player 0
[2022-12-13 05:47:23] [SEVERE ] Key 83 was pressed by player 0
[2022-12-13 05:47:23] [SEVERE ] setting player 0 freeze to 0
[2022-12-13 05:47:25] [SEVERE ] Key 83 was pressed by player 0
[2022-12-13 05:47:25] [SEVERE ] removing player 0 token from slot 5
[2022-12-13 05:47:25] [SEVERE ] Key 65 was pressed by player 0
[2022-12-13 05:47:25] [SEVERE ] removing player 0 token from slot 4
[2022-12-13 05:47:25] [SEVERE ] Key 68 was pressed by player 0
[2022-12-13 05:47:25] [SEVERE ] removing player 0 token from slot 6
[2022-12-13 05:47:34] [SEVERE ] Key 87 was pressed by player 0
[2022-12-13 05:47:34] [SEVERE ] player 0 placing token on slot 1
[2022-12-13 05:47:35] [SEVERE ] Key 88 was pressed by player 0
[2022-12-13 05:47:35] [SEVERE ] player 0 placing token on slot 9
[2022-12-13 05:47:36] [SEVERE ] Key 90 was pressed by player 0
[2022-12-13 05:47:36] [SEVERE ] player 0 placing token on slot 8
[2022-12-13 05:47:36] [SEVERE ] removing tokens from slot 1
[2022-12-13 05:47:36] [SEVERE ] removing card from slot 1
[2022-12-13 05:47:36] [SEVERE ] removing tokens from slot 8
[2022-12-13 05:47:36] [SEVERE ] removing card from slot 8
[2022-12-13 05:47:36] [SEVERE ] removing tokens from slot 9
[2022-12-13 05:47:36] [SEVERE ] removing card from slot 9
[2022-12-13 05:47:36] [SEVERE ] placing card 6 in slot 1
[2022-12-13 05:47:37] [SEVERE ] placing card 7 in slot 8
[2022-12-13 05:47:37] [SEVERE ] placing card 58 in slot 9
[2022-12-13 05:47:37] [SEVERE ] setting player 0 score to 1
[2022-12-13 05:47:37] [SEVERE ] setting player 0 freeze to 1000
[2022-12-13 05:47:38] [SEVERE ] setting player 0 freeze to 0
