[2022-12-12 12:51:18] [INFO   ] cannot read configuration file config.properties trying from resources.
[2022-12-12 12:51:18] [INFO   ] configuration file was loaded from resources directory.
[2022-12-12 12:51:19] [INFO   ] Thread Thread-0starting.
[2022-12-12 12:51:19] [INFO   ] Thread Thread-2starting.
[2022-12-12 12:51:19] [INFO   ] Thread Thread-1starting.
[2022-12-12 12:51:19] [INFO   ] Thread dealer starting.
[2022-12-12 12:51:19] [INFO   ] Thread computer-2 starting.
[2022-12-12 12:51:19] [SEVERE ] placing card 36 in slot 0
[2022-12-12 12:51:19] [SEVERE ] placing card 46 in slot 1
[2022-12-12 12:51:19] [SEVERE ] placing card 55 in slot 2
[2022-12-12 12:51:19] [SEVERE ] placing card 79 in slot 3
[2022-12-12 12:51:19] [SEVERE ] placing card 20 in slot 4
[2022-12-12 12:51:19] [SEVERE ] placing card 69 in slot 5
[2022-12-12 12:51:20] [SEVERE ] placing card 22 in slot 6
[2022-12-12 12:51:20] [SEVERE ] placing card 70 in slot 7
[2022-12-12 12:51:20] [SEVERE ] placing card 8 in slot 8
[2022-12-12 12:51:20] [SEVERE ] placing card 44 in slot 9
[2022-12-12 12:51:20] [SEVERE ] placing card 67 in slot 10
[2022-12-12 12:51:20] [SEVERE ] placing card 10 in slot 11
[2022-12-12 12:51:20] [SEVERE ] player 2 placing token on slot 9
[2022-12-12 12:51:20] [SEVERE ] player 2 placing token on slot 5
[2022-12-12 12:51:20] [SEVERE ] player 2 placing token on slot 0
[2022-12-12 12:51:20] [SEVERE ] removing player 2 token from slot 0
[2022-12-12 12:51:20] [SEVERE ] removing player 2 token from slot 5
[2022-12-12 12:51:20] [SEVERE ] removing player 2 token from slot 9
[2022-12-12 12:51:20] [SEVERE ] player 2 placing token on slot 1
[2022-12-12 12:51:20] [SEVERE ] player 2 placing token on slot 4
[2022-12-12 12:51:20] [SEVERE ] player 2 placing token on slot 10
[2022-12-12 12:51:20] [SEVERE ] removing player 2 token from slot 1
[2022-12-12 12:51:20] [SEVERE ] removing player 2 token from slot 4
[2022-12-12 12:51:20] [SEVERE ] removing player 2 token from slot 10
[2022-12-12 12:51:20] [SEVERE ] player 2 placing token on slot 2
[2022-12-12 12:51:20] [SEVERE ] player 2 placing token on slot 11
[2022-12-12 12:51:20] [SEVERE ] player 2 placing token on slot 9
[2022-12-12 12:51:20] [SEVERE ] removing player 2 token from slot 2
[2022-12-12 12:51:20] [SEVERE ] removing player 2 token from slot 9
[2022-12-12 12:51:20] [SEVERE ] removing player 2 token from slot 11
[2022-12-12 12:51:20] [SEVERE ] player 2 placing token on slot 2
[2022-12-12 12:51:20] [SEVERE ] player 2 placing token on slot 6
[2022-12-12 12:51:20] [SEVERE ] player 2 placing token on slot 3
[2022-12-12 12:51:20] [SEVERE ] removing player 2 token from slot 2
[2022-12-12 12:51:20] [SEVERE ] removing player 2 token from slot 3
[2022-12-12 12:51:20] [SEVERE ] removing player 2 token from slot 6
[2022-12-12 12:51:21] [SEVERE ] player 2 placing token on slot 4
[2022-12-12 12:51:21] [SEVERE ] player 2 placing token on slot 2
[2022-12-12 12:51:21] [SEVERE ] player 2 placing token on slot 1
[2022-12-12 12:51:21] [SEVERE ] removing player 2 token from slot 1
[2022-12-12 12:51:21] [SEVERE ] removing player 2 token from slot 2
[2022-12-12 12:51:21] [SEVERE ] removing player 2 token from slot 4
[2022-12-12 12:51:21] [SEVERE ] player 2 placing token on slot 4
[2022-12-12 12:51:21] [SEVERE ] player 2 placing token on slot 0
[2022-12-12 12:51:21] [SEVERE ] player 2 placing token on slot 6
[2022-12-12 12:51:21] [SEVERE ] removing player 2 token from slot 0
[2022-12-12 12:51:21] [SEVERE ] removing player 2 token from slot 4
[2022-12-12 12:51:21] [SEVERE ] removing player 2 token from slot 6
[2022-12-12 12:51:21] [SEVERE ] player 2 placing token on slot 7
[2022-12-12 12:51:21] [SEVERE ] player 2 placing token on slot 6
[2022-12-12 12:51:21] [SEVERE ] player 2 placing token on slot 0
[2022-12-12 12:51:21] [SEVERE ] removing player 2 token from slot 0
[2022-12-12 12:51:21] [SEVERE ] removing player 2 token from slot 6
[2022-12-12 12:51:21] [SEVERE ] removing player 2 token from slot 7
[2022-12-12 12:51:21] [SEVERE ] player 2 placing token on slot 4
[2022-12-12 12:51:21] [SEVERE ] player 2 placing token on slot 5
[2022-12-12 12:51:21] [SEVERE ] player 2 placing token on slot 7
[2022-12-12 12:51:21] [SEVERE ] removing player 2 token from slot 4
[2022-12-12 12:51:21] [SEVERE ] removing player 2 token from slot 5
[2022-12-12 12:51:21] [SEVERE ] removing player 2 token from slot 7
[2022-12-12 12:51:21] [SEVERE ] player 2 placing token on slot 1
[2022-12-12 12:51:21] [SEVERE ] player 2 placing token on slot 8
[2022-12-12 12:51:21] [SEVERE ] player 2 placing token on slot 3
[2022-12-12 12:51:21] [SEVERE ] removing player 2 token from slot 1
[2022-12-12 12:51:21] [SEVERE ] removing player 2 token from slot 3
[2022-12-12 12:51:21] [SEVERE ] removing player 2 token from slot 8
[2022-12-12 12:51:21] [SEVERE ] player 2 placing token on slot 10
[2022-12-12 12:51:21] [SEVERE ] player 2 placing token on slot 5
[2022-12-12 12:51:21] [SEVERE ] player 2 placing token on slot 7
[2022-12-12 12:51:21] [SEVERE ] removing player 2 token from slot 5
[2022-12-12 12:51:21] [SEVERE ] removing player 2 token from slot 7
[2022-12-12 12:51:21] [SEVERE ] removing player 2 token from slot 10
[2022-12-12 12:51:21] [SEVERE ] player 2 placing token on slot 2
[2022-12-12 12:51:21] [SEVERE ] player 2 placing token on slot 5
[2022-12-12 12:51:21] [SEVERE ] player 2 placing token on slot 10
[2022-12-12 12:51:21] [SEVERE ] removing player 2 token from slot 2
[2022-12-12 12:51:21] [SEVERE ] removing player 2 token from slot 5
[2022-12-12 12:51:21] [SEVERE ] removing player 2 token from slot 10
[2022-12-12 12:51:21] [SEVERE ] player 2 placing token on slot 0
[2022-12-12 12:51:21] [SEVERE ] player 2 placing token on slot 8
[2022-12-12 12:51:21] [SEVERE ] player 2 placing token on slot 3
[2022-12-12 12:51:21] [SEVERE ] removing player 2 token from slot 0
[2022-12-12 12:51:21] [SEVERE ] removing player 2 token from slot 3
[2022-12-12 12:51:21] [SEVERE ] removing player 2 token from slot 8
[2022-12-12 12:51:21] [SEVERE ] player 2 placing token on slot 2
[2022-12-12 12:51:21] [SEVERE ] player 2 placing token on slot 10
[2022-12-12 12:51:21] [SEVERE ] player 2 placing token on slot 1
[2022-12-12 12:51:21] [SEVERE ] removing player 2 token from slot 1
[2022-12-12 12:51:21] [SEVERE ] removing player 2 token from slot 2
[2022-12-12 12:51:21] [SEVERE ] removing player 2 token from slot 10
[2022-12-12 12:51:21] [SEVERE ] player 2 placing token on slot 4
[2022-12-12 12:51:21] [SEVERE ] player 2 placing token on slot 10
[2022-12-12 12:51:21] [SEVERE ] player 2 placing token on slot 8
[2022-12-12 12:51:21] [SEVERE ] removing player 2 token from slot 4
[2022-12-12 12:51:21] [SEVERE ] removing player 2 token from slot 8
[2022-12-12 12:51:21] [SEVERE ] removing player 2 token from slot 10
[2022-12-12 12:51:21] [SEVERE ] player 2 placing token on slot 4
[2022-12-12 12:51:21] [SEVERE ] player 2 placing token on slot 11
[2022-12-12 12:51:21] [SEVERE ] player 2 placing token on slot 7
[2022-12-12 12:51:21] [SEVERE ] removing player 2 token from slot 4
[2022-12-12 12:51:21] [SEVERE ] removing player 2 token from slot 7
[2022-12-12 12:51:21] [SEVERE ] removing player 2 token from slot 11
[2022-12-12 12:51:21] [SEVERE ] player 2 placing token on slot 8
[2022-12-12 12:51:22] [SEVERE ] player 2 placing token on slot 9
[2022-12-12 12:51:22] [SEVERE ] player 2 placing token on slot 2
[2022-12-12 12:51:22] [SEVERE ] removing player 2 token from slot 2
[2022-12-12 12:51:22] [SEVERE ] removing player 2 token from slot 8
[2022-12-12 12:51:22] [SEVERE ] removing player 2 token from slot 9
[2022-12-12 12:51:22] [SEVERE ] player 2 placing token on slot 7
[2022-12-12 12:51:22] [SEVERE ] player 2 placing token on slot 10
[2022-12-12 12:51:22] [SEVERE ] player 2 placing token on slot 1
[2022-12-12 12:51:22] [SEVERE ] removing player 2 token from slot 1
[2022-12-12 12:51:22] [SEVERE ] removing player 2 token from slot 7
[2022-12-12 12:51:22] [SEVERE ] removing player 2 token from slot 10
[2022-12-12 12:51:22] [SEVERE ] player 2 placing token on slot 7
[2022-12-12 12:51:22] [SEVERE ] player 2 placing token on slot 5
[2022-12-12 12:51:22] [SEVERE ] player 2 placing token on slot 6
[2022-12-12 12:51:22] [SEVERE ] removing player 2 token from slot 5
[2022-12-12 12:51:22] [SEVERE ] removing player 2 token from slot 6
[2022-12-12 12:51:22] [SEVERE ] removing player 2 token from slot 7
[2022-12-12 12:51:22] [SEVERE ] player 2 placing token on slot 7
[2022-12-12 12:51:22] [SEVERE ] player 2 placing token on slot 8
[2022-12-12 12:51:22] [SEVERE ] player 2 placing token on slot 5
[2022-12-12 12:51:22] [SEVERE ] removing player 2 token from slot 5
[2022-12-12 12:51:22] [SEVERE ] removing player 2 token from slot 7
[2022-12-12 12:51:22] [SEVERE ] removing player 2 token from slot 8
[2022-12-12 12:51:22] [SEVERE ] player 2 placing token on slot 11
[2022-12-12 12:51:22] [SEVERE ] player 2 placing token on slot 10
[2022-12-12 12:51:22] [SEVERE ] player 2 placing token on slot 9
[2022-12-12 12:51:22] [SEVERE ] removing player 2 token from slot 9
[2022-12-12 12:51:22] [SEVERE ] removing player 2 token from slot 10
[2022-12-12 12:51:22] [SEVERE ] removing player 2 token from slot 11
[2022-12-12 12:51:22] [SEVERE ] player 2 placing token on slot 1
[2022-12-12 12:51:22] [SEVERE ] player 2 placing token on slot 11
[2022-12-12 12:51:22] [SEVERE ] player 2 placing token on slot 8
[2022-12-12 12:51:22] [SEVERE ] removing player 2 token from slot 1
[2022-12-12 12:51:22] [SEVERE ] removing player 2 token from slot 8
[2022-12-12 12:51:22] [SEVERE ] removing player 2 token from slot 11
[2022-12-12 12:51:22] [SEVERE ] player 2 placing token on slot 6
[2022-12-12 12:51:22] [SEVERE ] player 2 placing token on slot 2
[2022-12-12 12:51:22] [SEVERE ] player 2 placing token on slot 1
[2022-12-12 12:51:22] [SEVERE ] removing player 2 token from slot 1
[2022-12-12 12:51:22] [SEVERE ] removing player 2 token from slot 2
[2022-12-12 12:51:22] [SEVERE ] removing player 2 token from slot 6
[2022-12-12 12:51:22] [SEVERE ] player 2 placing token on slot 1
[2022-12-12 12:51:22] [SEVERE ] player 2 placing token on slot 7
[2022-12-12 12:51:22] [SEVERE ] player 2 placing token on slot 4
[2022-12-12 12:51:22] [SEVERE ] removing player 2 token from slot 1
[2022-12-12 12:51:22] [SEVERE ] removing player 2 token from slot 4
[2022-12-12 12:51:22] [SEVERE ] removing player 2 token from slot 7
[2022-12-12 12:51:22] [SEVERE ] player 2 placing token on slot 2
[2022-12-12 12:51:22] [SEVERE ] player 2 placing token on slot 6
[2022-12-12 12:51:22] [SEVERE ] player 2 placing token on slot 0
[2022-12-12 12:51:22] [SEVERE ] removing player 2 token from slot 0
[2022-12-12 12:51:22] [SEVERE ] removing player 2 token from slot 2
[2022-12-12 12:51:22] [SEVERE ] removing player 2 token from slot 6
[2022-12-12 12:51:22] [SEVERE ] player 2 placing token on slot 1
[2022-12-12 12:51:22] [SEVERE ] player 2 placing token on slot 6
[2022-12-12 12:51:22] [SEVERE ] player 2 placing token on slot 0
[2022-12-12 12:51:22] [SEVERE ] removing player 2 token from slot 0
[2022-12-12 12:51:22] [SEVERE ] removing player 2 token from slot 1
[2022-12-12 12:51:22] [SEVERE ] removing player 2 token from slot 6
[2022-12-12 12:51:22] [SEVERE ] player 2 placing token on slot 1
[2022-12-12 12:51:22] [SEVERE ] player 2 placing token on slot 4
[2022-12-12 12:51:23] [SEVERE ] player 2 placing token on slot 7
[2022-12-12 12:51:23] [SEVERE ] removing player 2 token from slot 1
[2022-12-12 12:51:23] [SEVERE ] removing player 2 token from slot 4
[2022-12-12 12:51:23] [SEVERE ] removing player 2 token from slot 7
[2022-12-12 12:51:23] [SEVERE ] player 2 placing token on slot 8
[2022-12-12 12:51:23] [SEVERE ] player 2 placing token on slot 4
[2022-12-12 12:51:23] [SEVERE ] player 2 placing token on slot 10
[2022-12-12 12:51:23] [SEVERE ] removing player 2 token from slot 4
[2022-12-12 12:51:23] [SEVERE ] removing player 2 token from slot 8
[2022-12-12 12:51:23] [SEVERE ] removing player 2 token from slot 10
[2022-12-12 12:51:23] [SEVERE ] player 2 placing token on slot 2
[2022-12-12 12:51:23] [SEVERE ] player 2 placing token on slot 9
[2022-12-12 12:51:23] [SEVERE ] player 2 placing token on slot 8
[2022-12-12 12:51:23] [SEVERE ] removing player 2 token from slot 2
[2022-12-12 12:51:23] [SEVERE ] removing player 2 token from slot 8
[2022-12-12 12:51:23] [SEVERE ] removing player 2 token from slot 9
[2022-12-12 12:51:23] [SEVERE ] player 2 placing token on slot 3
[2022-12-12 12:51:23] [SEVERE ] player 2 placing token on slot 2
[2022-12-12 12:51:23] [SEVERE ] player 2 placing token on slot 7
[2022-12-12 12:51:23] [SEVERE ] removing player 2 token from slot 2
[2022-12-12 12:51:23] [SEVERE ] removing player 2 token from slot 3
[2022-12-12 12:51:23] [SEVERE ] removing player 2 token from slot 7
[2022-12-12 12:51:23] [SEVERE ] player 2 placing token on slot 1
[2022-12-12 12:51:23] [SEVERE ] player 2 placing token on slot 0
[2022-12-12 12:51:23] [SEVERE ] player 2 placing token on slot 8
[2022-12-12 12:51:23] [SEVERE ] removing player 2 token from slot 0
[2022-12-12 12:51:23] [SEVERE ] removing player 2 token from slot 1
[2022-12-12 12:51:23] [SEVERE ] removing player 2 token from slot 8
[2022-12-12 12:51:23] [SEVERE ] player 2 placing token on slot 6
[2022-12-12 12:51:23] [SEVERE ] player 2 placing token on slot 10
[2022-12-12 12:51:23] [SEVERE ] player 2 placing token on slot 2
[2022-12-12 12:51:23] [SEVERE ] removing player 2 token from slot 2
[2022-12-12 12:51:23] [SEVERE ] removing player 2 token from slot 6
[2022-12-12 12:51:23] [SEVERE ] removing player 2 token from slot 10
[2022-12-12 12:51:23] [SEVERE ] player 2 placing token on slot 11
[2022-12-12 12:51:23] [SEVERE ] player 2 placing token on slot 9
[2022-12-12 12:51:23] [SEVERE ] player 2 placing token on slot 1
[2022-12-12 12:51:23] [SEVERE ] removing player 2 token from slot 1
[2022-12-12 12:51:23] [SEVERE ] removing player 2 token from slot 9
[2022-12-12 12:51:23] [SEVERE ] removing player 2 token from slot 11
[2022-12-12 12:51:23] [SEVERE ] player 2 placing token on slot 9
[2022-12-12 12:51:23] [SEVERE ] player 2 placing token on slot 6
[2022-12-12 12:51:23] [SEVERE ] player 2 placing token on slot 0
[2022-12-12 12:51:23] [SEVERE ] removing player 2 token from slot 0
[2022-12-12 12:51:23] [SEVERE ] removing player 2 token from slot 6
[2022-12-12 12:51:23] [SEVERE ] removing player 2 token from slot 9
[2022-12-12 12:51:23] [SEVERE ] player 2 placing token on slot 7
[2022-12-12 12:51:23] [SEVERE ] player 2 placing token on slot 8
[2022-12-12 12:51:23] [SEVERE ] player 2 placing token on slot 11
[2022-12-12 12:51:23] [SEVERE ] removing player 2 token from slot 7
[2022-12-12 12:51:23] [SEVERE ] removing player 2 token from slot 8
[2022-12-12 12:51:23] [SEVERE ] removing player 2 token from slot 11
[2022-12-12 12:51:23] [SEVERE ] player 2 placing token on slot 0
[2022-12-12 12:51:23] [SEVERE ] player 2 placing token on slot 2
[2022-12-12 12:51:23] [SEVERE ] player 2 placing token on slot 7
[2022-12-12 12:51:23] [SEVERE ] removing player 2 token from slot 0
[2022-12-12 12:51:23] [SEVERE ] removing player 2 token from slot 2
[2022-12-12 12:51:23] [SEVERE ] removing player 2 token from slot 7
[2022-12-12 12:51:23] [SEVERE ] player 2 placing token on slot 7
[2022-12-12 12:51:23] [SEVERE ] player 2 placing token on slot 4
[2022-12-12 12:51:23] [SEVERE ] player 2 placing token on slot 6
[2022-12-12 12:51:23] [SEVERE ] removing player 2 token from slot 4
[2022-12-12 12:51:23] [SEVERE ] removing player 2 token from slot 6
[2022-12-12 12:51:23] [SEVERE ] removing player 2 token from slot 7
[2022-12-12 12:51:23] [SEVERE ] player 2 placing token on slot 10
[2022-12-12 12:51:23] [SEVERE ] player 2 placing token on slot 6
[2022-12-12 12:51:24] [SEVERE ] player 2 placing token on slot 9
[2022-12-12 12:51:24] [SEVERE ] removing player 2 token from slot 6
[2022-12-12 12:51:24] [SEVERE ] removing player 2 token from slot 9
[2022-12-12 12:51:24] [SEVERE ] removing player 2 token from slot 10
[2022-12-12 12:51:24] [SEVERE ] player 2 placing token on slot 7
[2022-12-12 12:51:24] [SEVERE ] player 2 placing token on slot 5
[2022-12-12 12:51:24] [SEVERE ] player 2 placing token on slot 2
[2022-12-12 12:51:24] [SEVERE ] removing player 2 token from slot 2
[2022-12-12 12:51:24] [SEVERE ] removing player 2 token from slot 5
[2022-12-12 12:51:24] [SEVERE ] removing player 2 token from slot 7
[2022-12-12 12:51:24] [SEVERE ] player 2 placing token on slot 8
[2022-12-12 12:51:24] [SEVERE ] player 2 placing token on slot 0
[2022-12-12 12:51:24] [SEVERE ] player 2 placing token on slot 11
[2022-12-12 12:51:24] [SEVERE ] removing player 2 token from slot 0
[2022-12-12 12:51:24] [SEVERE ] removing player 2 token from slot 8
[2022-12-12 12:51:24] [SEVERE ] removing player 2 token from slot 11
[2022-12-12 12:51:24] [SEVERE ] player 2 placing token on slot 11
[2022-12-12 12:51:24] [SEVERE ] player 2 placing token on slot 4
[2022-12-12 12:51:24] [SEVERE ] player 2 placing token on slot 5
[2022-12-12 12:51:24] [SEVERE ] removing player 2 token from slot 4
[2022-12-12 12:51:24] [SEVERE ] removing player 2 token from slot 5
[2022-12-12 12:51:24] [SEVERE ] removing player 2 token from slot 11
[2022-12-12 12:51:24] [SEVERE ] player 2 placing token on slot 3
[2022-12-12 12:51:24] [SEVERE ] player 2 placing token on slot 6
[2022-12-12 12:51:24] [SEVERE ] player 2 placing token on slot 9
[2022-12-12 12:51:24] [SEVERE ] removing player 2 token from slot 3
[2022-12-12 12:51:24] [SEVERE ] removing player 2 token from slot 6
[2022-12-12 12:51:24] [SEVERE ] removing player 2 token from slot 9
[2022-12-12 12:51:24] [SEVERE ] player 2 placing token on slot 7
[2022-12-12 12:51:24] [SEVERE ] player 2 placing token on slot 1
[2022-12-12 12:51:24] [SEVERE ] player 2 placing token on slot 3
[2022-12-12 12:51:24] [SEVERE ] removing player 2 token from slot 1
[2022-12-12 12:51:24] [SEVERE ] removing player 2 token from slot 3
[2022-12-12 12:51:24] [SEVERE ] removing player 2 token from slot 7
[2022-12-12 12:51:24] [SEVERE ] player 2 placing token on slot 9
[2022-12-12 12:51:24] [SEVERE ] player 2 placing token on slot 4
[2022-12-12 12:51:24] [SEVERE ] player 2 placing token on slot 1
[2022-12-12 12:51:24] [SEVERE ] removing player 2 token from slot 1
[2022-12-12 12:51:24] [SEVERE ] removing player 2 token from slot 4
[2022-12-12 12:51:24] [SEVERE ] removing player 2 token from slot 9
[2022-12-12 12:51:24] [SEVERE ] player 2 placing token on slot 11
[2022-12-12 12:51:24] [SEVERE ] player 2 placing token on slot 9
[2022-12-12 12:51:24] [SEVERE ] player 2 placing token on slot 2
[2022-12-12 12:51:24] [SEVERE ] removing player 2 token from slot 2
[2022-12-12 12:51:24] [SEVERE ] removing player 2 token from slot 9
[2022-12-12 12:51:24] [SEVERE ] removing player 2 token from slot 11
[2022-12-12 12:51:24] [SEVERE ] player 2 placing token on slot 7
[2022-12-12 12:51:24] [SEVERE ] player 2 placing token on slot 5
[2022-12-12 12:51:24] [SEVERE ] player 2 placing token on slot 8
[2022-12-12 12:51:24] [SEVERE ] removing player 2 token from slot 5
[2022-12-12 12:51:24] [SEVERE ] removing player 2 token from slot 7
[2022-12-12 12:51:24] [SEVERE ] removing player 2 token from slot 8
[2022-12-12 12:51:24] [SEVERE ] player 2 placing token on slot 10
[2022-12-12 12:51:24] [SEVERE ] player 2 placing token on slot 8
[2022-12-12 12:51:24] [SEVERE ] player 2 placing token on slot 6
[2022-12-12 12:51:24] [SEVERE ] removing player 2 token from slot 6
[2022-12-12 12:51:24] [SEVERE ] removing player 2 token from slot 8
[2022-12-12 12:51:24] [SEVERE ] removing player 2 token from slot 10
[2022-12-12 12:51:24] [SEVERE ] player 2 placing token on slot 10
[2022-12-12 12:51:24] [SEVERE ] player 2 placing token on slot 9
[2022-12-12 12:51:24] [SEVERE ] player 2 placing token on slot 1
[2022-12-12 12:51:24] [SEVERE ] removing player 2 token from slot 1
[2022-12-12 12:51:24] [SEVERE ] removing player 2 token from slot 9
[2022-12-12 12:51:24] [SEVERE ] removing player 2 token from slot 10
[2022-12-12 12:51:24] [SEVERE ] player 2 placing token on slot 8
[2022-12-12 12:51:24] [SEVERE ] player 2 placing token on slot 6
[2022-12-12 12:51:25] [SEVERE ] player 2 placing token on slot 5
[2022-12-12 12:51:25] [SEVERE ] removing player 2 token from slot 5
[2022-12-12 12:51:25] [SEVERE ] removing player 2 token from slot 6
[2022-12-12 12:51:25] [SEVERE ] removing player 2 token from slot 8
[2022-12-12 12:51:25] [SEVERE ] player 2 placing token on slot 11
[2022-12-12 12:51:25] [SEVERE ] player 2 placing token on slot 1
[2022-12-12 12:51:25] [SEVERE ] player 2 placing token on slot 8
[2022-12-12 12:51:25] [SEVERE ] removing player 2 token from slot 1
[2022-12-12 12:51:25] [SEVERE ] removing player 2 token from slot 8
[2022-12-12 12:51:25] [SEVERE ] removing player 2 token from slot 11
[2022-12-12 12:51:25] [SEVERE ] player 2 placing token on slot 7
[2022-12-12 12:51:25] [SEVERE ] player 2 placing token on slot 3
[2022-12-12 12:51:25] [SEVERE ] player 2 placing token on slot 9
[2022-12-12 12:51:25] [SEVERE ] removing player 2 token from slot 3
[2022-12-12 12:51:25] [SEVERE ] removing player 2 token from slot 7
[2022-12-12 12:51:25] [SEVERE ] removing player 2 token from slot 9
[2022-12-12 12:51:25] [SEVERE ] player 2 placing token on slot 6
[2022-12-12 12:51:25] [SEVERE ] player 2 placing token on slot 4
[2022-12-12 12:51:25] [SEVERE ] player 2 placing token on slot 10
[2022-12-12 12:51:25] [SEVERE ] removing player 2 token from slot 4
[2022-12-12 12:51:25] [SEVERE ] removing player 2 token from slot 6
[2022-12-12 12:51:25] [SEVERE ] removing player 2 token from slot 10
[2022-12-12 12:51:25] [SEVERE ] player 2 placing token on slot 0
[2022-12-12 12:51:25] [SEVERE ] player 2 placing token on slot 3
[2022-12-12 12:51:25] [SEVERE ] player 2 placing token on slot 6
[2022-12-12 12:51:25] [SEVERE ] removing player 2 token from slot 0
[2022-12-12 12:51:25] [SEVERE ] removing player 2 token from slot 3
[2022-12-12 12:51:25] [SEVERE ] removing player 2 token from slot 6
[2022-12-12 12:51:25] [SEVERE ] player 2 placing token on slot 3
[2022-12-12 12:51:25] [SEVERE ] player 2 placing token on slot 7
[2022-12-12 12:51:25] [SEVERE ] player 2 placing token on slot 0
[2022-12-12 12:51:25] [SEVERE ] removing player 2 token from slot 0
[2022-12-12 12:51:25] [SEVERE ] removing player 2 token from slot 3
[2022-12-12 12:51:25] [SEVERE ] removing player 2 token from slot 7
[2022-12-12 12:51:25] [SEVERE ] player 2 placing token on slot 6
[2022-12-12 12:51:25] [SEVERE ] player 2 placing token on slot 8
[2022-12-12 12:51:25] [SEVERE ] player 2 placing token on slot 9
[2022-12-12 12:51:25] [SEVERE ] removing player 2 token from slot 6
[2022-12-12 12:51:25] [SEVERE ] removing player 2 token from slot 8
[2022-12-12 12:51:25] [SEVERE ] removing player 2 token from slot 9
[2022-12-12 12:51:25] [SEVERE ] player 2 placing token on slot 4
[2022-12-12 12:51:25] [SEVERE ] player 2 placing token on slot 1
[2022-12-12 12:51:25] [SEVERE ] player 2 placing token on slot 11
[2022-12-12 12:51:25] [SEVERE ] removing player 2 token from slot 1
[2022-12-12 12:51:25] [SEVERE ] removing player 2 token from slot 4
[2022-12-12 12:51:25] [SEVERE ] removing player 2 token from slot 11
[2022-12-12 12:51:25] [SEVERE ] player 2 placing token on slot 0
[2022-12-12 12:51:25] [SEVERE ] player 2 placing token on slot 6
[2022-12-12 12:51:25] [SEVERE ] player 2 placing token on slot 4
[2022-12-12 12:51:25] [SEVERE ] removing player 2 token from slot 0
[2022-12-12 12:51:25] [SEVERE ] removing player 2 token from slot 4
[2022-12-12 12:51:25] [SEVERE ] removing player 2 token from slot 6
[2022-12-12 12:51:25] [SEVERE ] player 2 placing token on slot 11
[2022-12-12 12:51:25] [SEVERE ] player 2 placing token on slot 9
[2022-12-12 12:51:25] [SEVERE ] player 2 placing token on slot 8
[2022-12-12 12:51:25] [SEVERE ] removing player 2 token from slot 8
[2022-12-12 12:51:25] [SEVERE ] removing player 2 token from slot 9
[2022-12-12 12:51:25] [SEVERE ] removing player 2 token from slot 11
[2022-12-12 12:51:25] [SEVERE ] player 2 placing token on slot 6
[2022-12-12 12:51:25] [SEVERE ] player 2 placing token on slot 8
[2022-12-12 12:51:25] [SEVERE ] player 2 placing token on slot 3
[2022-12-12 12:51:25] [SEVERE ] removing player 2 token from slot 3
[2022-12-12 12:51:25] [SEVERE ] removing player 2 token from slot 6
[2022-12-12 12:51:25] [SEVERE ] removing player 2 token from slot 8
[2022-12-12 12:51:25] [SEVERE ] player 2 placing token on slot 7
[2022-12-12 12:51:25] [SEVERE ] player 2 placing token on slot 0
[2022-12-12 12:51:26] [SEVERE ] player 2 placing token on slot 2
[2022-12-12 12:51:26] [SEVERE ] removing player 2 token from slot 0
[2022-12-12 12:51:26] [SEVERE ] removing player 2 token from slot 2
[2022-12-12 12:51:26] [SEVERE ] removing player 2 token from slot 7
[2022-12-12 12:51:26] [SEVERE ] player 2 placing token on slot 7
[2022-12-12 12:51:26] [SEVERE ] player 2 placing token on slot 9
[2022-12-12 12:51:26] [SEVERE ] player 2 placing token on slot 1
[2022-12-12 12:51:26] [SEVERE ] removing player 2 token from slot 1
[2022-12-12 12:51:26] [SEVERE ] removing player 2 token from slot 7
[2022-12-12 12:51:26] [SEVERE ] removing player 2 token from slot 9
[2022-12-12 12:51:26] [SEVERE ] player 2 placing token on slot 6
[2022-12-12 12:51:26] [SEVERE ] player 2 placing token on slot 10
[2022-12-12 12:51:26] [SEVERE ] player 2 placing token on slot 11
[2022-12-12 12:51:26] [SEVERE ] removing player 2 token from slot 6
[2022-12-12 12:51:26] [SEVERE ] removing player 2 token from slot 10
[2022-12-12 12:51:26] [SEVERE ] removing player 2 token from slot 11
[2022-12-12 12:51:26] [SEVERE ] player 2 placing token on slot 2
[2022-12-12 12:51:26] [SEVERE ] player 2 placing token on slot 8
[2022-12-12 12:51:26] [SEVERE ] player 2 placing token on slot 9
[2022-12-12 12:51:26] [SEVERE ] removing player 2 token from slot 2
[2022-12-12 12:51:26] [SEVERE ] removing player 2 token from slot 8
[2022-12-12 12:51:26] [SEVERE ] removing player 2 token from slot 9
[2022-12-12 12:51:26] [SEVERE ] player 2 placing token on slot 7
[2022-12-12 12:51:26] [SEVERE ] player 2 placing token on slot 0
[2022-12-12 12:51:26] [SEVERE ] player 2 placing token on slot 9
[2022-12-12 12:51:26] [SEVERE ] removing player 2 token from slot 0
[2022-12-12 12:51:26] [SEVERE ] removing player 2 token from slot 7
[2022-12-12 12:51:26] [SEVERE ] removing player 2 token from slot 9
[2022-12-12 12:51:26] [SEVERE ] player 2 placing token on slot 5
[2022-12-12 12:51:26] [SEVERE ] player 2 placing token on slot 8
[2022-12-12 12:51:26] [SEVERE ] player 2 placing token on slot 4
[2022-12-12 12:51:26] [SEVERE ] removing player 2 token from slot 4
[2022-12-12 12:51:26] [SEVERE ] removing player 2 token from slot 5
[2022-12-12 12:51:26] [SEVERE ] removing player 2 token from slot 8
[2022-12-12 12:51:26] [SEVERE ] player 2 placing token on slot 0
[2022-12-12 12:51:26] [SEVERE ] player 2 placing token on slot 10
[2022-12-12 12:51:26] [SEVERE ] player 2 placing token on slot 5
[2022-12-12 12:51:26] [SEVERE ] removing player 2 token from slot 0
[2022-12-12 12:51:26] [SEVERE ] removing player 2 token from slot 5
[2022-12-12 12:51:26] [SEVERE ] removing player 2 token from slot 10
[2022-12-12 12:51:26] [SEVERE ] player 2 placing token on slot 10
[2022-12-12 12:51:26] [SEVERE ] player 2 placing token on slot 0
[2022-12-12 12:51:26] [SEVERE ] player 2 placing token on slot 1
[2022-12-12 12:51:26] [SEVERE ] removing player 2 token from slot 0
[2022-12-12 12:51:26] [SEVERE ] removing player 2 token from slot 1
[2022-12-12 12:51:26] [SEVERE ] removing player 2 token from slot 10
[2022-12-12 12:51:26] [SEVERE ] player 2 placing token on slot 10
[2022-12-12 12:51:26] [SEVERE ] player 2 placing token on slot 0
[2022-12-12 12:51:26] [SEVERE ] player 2 placing token on slot 11
[2022-12-12 12:51:26] [SEVERE ] removing player 2 token from slot 0
[2022-12-12 12:51:26] [SEVERE ] removing player 2 token from slot 10
[2022-12-12 12:51:26] [SEVERE ] removing player 2 token from slot 11
[2022-12-12 12:51:26] [SEVERE ] player 2 placing token on slot 9
[2022-12-12 12:51:26] [SEVERE ] player 2 placing token on slot 0
[2022-12-12 12:51:26] [SEVERE ] player 2 placing token on slot 8
[2022-12-12 12:51:26] [SEVERE ] removing player 2 token from slot 0
[2022-12-12 12:51:26] [SEVERE ] removing player 2 token from slot 8
[2022-12-12 12:51:26] [SEVERE ] removing player 2 token from slot 9
[2022-12-12 12:51:26] [SEVERE ] player 2 placing token on slot 7
[2022-12-12 12:51:26] [SEVERE ] player 2 placing token on slot 1
[2022-12-12 12:51:26] [SEVERE ] player 2 placing token on slot 4
[2022-12-12 12:51:26] [SEVERE ] removing player 2 token from slot 1
[2022-12-12 12:51:26] [SEVERE ] removing player 2 token from slot 4
[2022-12-12 12:51:26] [SEVERE ] removing player 2 token from slot 7
[2022-12-12 12:51:26] [SEVERE ] player 2 placing token on slot 9
[2022-12-12 12:51:27] [SEVERE ] player 2 placing token on slot 7
[2022-12-12 12:51:27] [SEVERE ] player 2 placing token on slot 3
[2022-12-12 12:51:27] [SEVERE ] removing player 2 token from slot 3
[2022-12-12 12:51:27] [SEVERE ] removing player 2 token from slot 7
[2022-12-12 12:51:27] [SEVERE ] removing player 2 token from slot 9
[2022-12-12 12:51:27] [SEVERE ] player 2 placing token on slot 4
[2022-12-12 12:51:27] [SEVERE ] player 2 placing token on slot 9
[2022-12-12 12:51:27] [SEVERE ] player 2 placing token on slot 10
[2022-12-12 12:51:27] [SEVERE ] removing player 2 token from slot 4
[2022-12-12 12:51:27] [SEVERE ] removing player 2 token from slot 9
[2022-12-12 12:51:27] [SEVERE ] removing player 2 token from slot 10
[2022-12-12 12:51:27] [SEVERE ] player 2 placing token on slot 10
[2022-12-12 12:51:27] [SEVERE ] player 2 placing token on slot 11
[2022-12-12 12:51:27] [SEVERE ] player 2 placing token on slot 5
[2022-12-12 12:51:27] [SEVERE ] removing player 2 token from slot 5
[2022-12-12 12:51:27] [SEVERE ] removing player 2 token from slot 10
[2022-12-12 12:51:27] [SEVERE ] removing player 2 token from slot 11
[2022-12-12 12:51:27] [SEVERE ] player 2 placing token on slot 11
[2022-12-12 12:51:27] [SEVERE ] player 2 placing token on slot 8
[2022-12-12 12:51:27] [SEVERE ] player 2 placing token on slot 9
[2022-12-12 12:51:27] [SEVERE ] removing player 2 token from slot 8
[2022-12-12 12:51:27] [SEVERE ] removing player 2 token from slot 9
[2022-12-12 12:51:27] [SEVERE ] removing player 2 token from slot 11
[2022-12-12 12:51:27] [SEVERE ] player 2 placing token on slot 11
[2022-12-12 12:51:27] [SEVERE ] player 2 placing token on slot 9
[2022-12-12 12:51:27] [SEVERE ] player 2 placing token on slot 8
[2022-12-12 12:51:27] [SEVERE ] removing player 2 token from slot 8
[2022-12-12 12:51:27] [SEVERE ] removing player 2 token from slot 9
[2022-12-12 12:51:27] [SEVERE ] removing player 2 token from slot 11
[2022-12-12 12:51:27] [SEVERE ] player 2 placing token on slot 3
[2022-12-12 12:51:27] [SEVERE ] player 2 placing token on slot 7
[2022-12-12 12:51:27] [SEVERE ] player 2 placing token on slot 1
[2022-12-12 12:51:27] [SEVERE ] removing player 2 token from slot 1
[2022-12-12 12:51:27] [SEVERE ] removing player 2 token from slot 3
[2022-12-12 12:51:27] [SEVERE ] removing player 2 token from slot 7
[2022-12-12 12:51:27] [SEVERE ] player 2 placing token on slot 4
[2022-12-12 12:51:27] [SEVERE ] player 2 placing token on slot 7
[2022-12-12 12:51:27] [SEVERE ] player 2 placing token on slot 9
[2022-12-12 12:51:27] [SEVERE ] removing player 2 token from slot 4
[2022-12-12 12:51:27] [SEVERE ] removing player 2 token from slot 7
[2022-12-12 12:51:27] [SEVERE ] removing player 2 token from slot 9
[2022-12-12 12:51:27] [SEVERE ] player 2 placing token on slot 2
[2022-12-12 12:51:27] [SEVERE ] player 2 placing token on slot 5
[2022-12-12 12:51:27] [SEVERE ] player 2 placing token on slot 7
[2022-12-12 12:51:27] [SEVERE ] removing player 2 token from slot 2
[2022-12-12 12:51:27] [SEVERE ] removing player 2 token from slot 5
[2022-12-12 12:51:27] [SEVERE ] removing player 2 token from slot 7
[2022-12-12 12:51:27] [SEVERE ] player 2 placing token on slot 9
[2022-12-12 12:51:27] [SEVERE ] player 2 placing token on slot 1
[2022-12-12 12:51:27] [SEVERE ] player 2 placing token on slot 6
[2022-12-12 12:51:27] [SEVERE ] removing player 2 token from slot 1
[2022-12-12 12:51:27] [SEVERE ] removing player 2 token from slot 6
[2022-12-12 12:51:27] [SEVERE ] removing player 2 token from slot 9
[2022-12-12 12:51:27] [SEVERE ] player 2 placing token on slot 1
[2022-12-12 12:51:27] [SEVERE ] player 2 placing token on slot 2
[2022-12-12 12:51:27] [SEVERE ] player 2 placing token on slot 10
[2022-12-12 12:51:27] [SEVERE ] removing player 2 token from slot 1
[2022-12-12 12:51:27] [SEVERE ] removing player 2 token from slot 2
[2022-12-12 12:51:27] [SEVERE ] removing player 2 token from slot 10
[2022-12-12 12:51:27] [SEVERE ] player 2 placing token on slot 9
[2022-12-12 12:51:27] [SEVERE ] player 2 placing token on slot 7
[2022-12-12 12:51:27] [SEVERE ] player 2 placing token on slot 0
[2022-12-12 12:51:27] [SEVERE ] removing player 2 token from slot 0
[2022-12-12 12:51:27] [SEVERE ] removing player 2 token from slot 7
[2022-12-12 12:51:27] [SEVERE ] removing player 2 token from slot 9
[2022-12-12 12:51:27] [SEVERE ] player 2 placing token on slot 8
[2022-12-12 12:51:28] [SEVERE ] player 2 placing token on slot 9
[2022-12-12 12:51:28] [SEVERE ] player 2 placing token on slot 4
[2022-12-12 12:51:28] [SEVERE ] removing player 2 token from slot 4
[2022-12-12 12:51:28] [SEVERE ] removing player 2 token from slot 8
[2022-12-12 12:51:28] [SEVERE ] removing player 2 token from slot 9
[2022-12-12 12:51:28] [SEVERE ] player 2 placing token on slot 7
[2022-12-12 12:51:28] [SEVERE ] player 2 placing token on slot 10
[2022-12-12 12:51:28] [SEVERE ] player 2 placing token on slot 3
[2022-12-12 12:51:28] [SEVERE ] removing player 2 token from slot 3
[2022-12-12 12:51:28] [SEVERE ] removing player 2 token from slot 7
[2022-12-12 12:51:28] [SEVERE ] removing player 2 token from slot 10
[2022-12-12 12:51:28] [SEVERE ] player 2 placing token on slot 2
[2022-12-12 12:51:28] [SEVERE ] player 2 placing token on slot 4
[2022-12-12 12:51:28] [SEVERE ] player 2 placing token on slot 7
[2022-12-12 12:51:28] [SEVERE ] removing player 2 token from slot 2
[2022-12-12 12:51:28] [SEVERE ] removing player 2 token from slot 4
[2022-12-12 12:51:28] [SEVERE ] removing player 2 token from slot 7
[2022-12-12 12:51:28] [SEVERE ] player 2 placing token on slot 2
[2022-12-12 12:51:28] [SEVERE ] player 2 placing token on slot 9
[2022-12-12 12:51:28] [SEVERE ] player 2 placing token on slot 10
[2022-12-12 12:51:28] [SEVERE ] removing player 2 token from slot 2
[2022-12-12 12:51:28] [SEVERE ] removing player 2 token from slot 9
[2022-12-12 12:51:28] [SEVERE ] removing player 2 token from slot 10
[2022-12-12 12:51:28] [SEVERE ] player 2 placing token on slot 9
[2022-12-12 12:51:28] [SEVERE ] player 2 placing token on slot 11
[2022-12-12 12:51:28] [SEVERE ] player 2 placing token on slot 1
[2022-12-12 12:51:28] [SEVERE ] removing player 2 token from slot 1
[2022-12-12 12:51:28] [SEVERE ] removing player 2 token from slot 9
[2022-12-12 12:51:28] [SEVERE ] removing player 2 token from slot 11
[2022-12-12 12:51:28] [SEVERE ] player 2 placing token on slot 0
[2022-12-12 12:51:28] [SEVERE ] player 2 placing token on slot 1
[2022-12-12 12:51:28] [SEVERE ] player 2 placing token on slot 2
[2022-12-12 12:51:28] [SEVERE ] removing player 2 token from slot 0
[2022-12-12 12:51:28] [SEVERE ] removing player 2 token from slot 1
[2022-12-12 12:51:28] [SEVERE ] removing player 2 token from slot 2
[2022-12-12 12:51:28] [SEVERE ] player 2 placing token on slot 1
[2022-12-12 12:51:28] [SEVERE ] player 2 placing token on slot 9
[2022-12-12 12:51:28] [SEVERE ] player 2 placing token on slot 6
[2022-12-12 12:51:28] [SEVERE ] removing player 2 token from slot 1
[2022-12-12 12:51:28] [SEVERE ] removing player 2 token from slot 6
[2022-12-12 12:51:28] [SEVERE ] removing player 2 token from slot 9
[2022-12-12 12:51:28] [SEVERE ] player 2 placing token on slot 11
[2022-12-12 12:51:28] [SEVERE ] player 2 placing token on slot 10
[2022-12-12 12:51:28] [SEVERE ] player 2 placing token on slot 8
[2022-12-12 12:51:28] [SEVERE ] removing player 2 token from slot 8
[2022-12-12 12:51:28] [SEVERE ] removing player 2 token from slot 10
[2022-12-12 12:51:28] [SEVERE ] removing player 2 token from slot 11
[2022-12-12 12:51:28] [SEVERE ] player 2 placing token on slot 1
[2022-12-12 12:51:28] [SEVERE ] player 2 placing token on slot 6
[2022-12-12 12:51:28] [SEVERE ] player 2 placing token on slot 2
[2022-12-12 12:51:28] [SEVERE ] removing player 2 token from slot 1
[2022-12-12 12:51:28] [SEVERE ] removing player 2 token from slot 2
[2022-12-12 12:51:28] [SEVERE ] removing player 2 token from slot 6
[2022-12-12 12:51:28] [SEVERE ] player 2 placing token on slot 2
[2022-12-12 12:51:28] [SEVERE ] player 2 placing token on slot 7
[2022-12-12 12:51:28] [SEVERE ] player 2 placing token on slot 5
[2022-12-12 12:51:28] [SEVERE ] removing player 2 token from slot 2
[2022-12-12 12:51:28] [SEVERE ] removing player 2 token from slot 5
[2022-12-12 12:51:28] [SEVERE ] removing player 2 token from slot 7
[2022-12-12 12:51:28] [SEVERE ] player 2 placing token on slot 6
[2022-12-12 12:51:28] [SEVERE ] player 2 placing token on slot 10
[2022-12-12 12:51:29] [SEVERE ] player 2 placing token on slot 4
[2022-12-12 12:51:29] [SEVERE ] removing player 2 token from slot 4
[2022-12-12 12:51:29] [SEVERE ] removing player 2 token from slot 6
[2022-12-12 12:51:29] [SEVERE ] removing player 2 token from slot 10
[2022-12-12 12:51:29] [SEVERE ] player 2 placing token on slot 2
[2022-12-12 12:51:29] [SEVERE ] player 2 placing token on slot 8
[2022-12-12 12:51:29] [SEVERE ] player 2 placing token on slot 3
[2022-12-12 12:51:29] [SEVERE ] removing player 2 token from slot 2
[2022-12-12 12:51:29] [SEVERE ] removing player 2 token from slot 3
[2022-12-12 12:51:29] [SEVERE ] removing player 2 token from slot 8
[2022-12-12 12:51:29] [SEVERE ] player 2 placing token on slot 5
[2022-12-12 12:51:29] [SEVERE ] player 2 placing token on slot 9
[2022-12-12 12:51:29] [SEVERE ] player 2 placing token on slot 6
[2022-12-12 12:51:29] [SEVERE ] removing player 2 token from slot 5
[2022-12-12 12:51:29] [SEVERE ] removing player 2 token from slot 6
[2022-12-12 12:51:29] [SEVERE ] removing player 2 token from slot 9
[2022-12-12 12:51:29] [SEVERE ] player 2 placing token on slot 0
[2022-12-12 12:51:29] [SEVERE ] player 2 placing token on slot 3
[2022-12-12 12:51:29] [SEVERE ] player 2 placing token on slot 10
[2022-12-12 12:51:29] [SEVERE ] removing player 2 token from slot 0
[2022-12-12 12:51:29] [SEVERE ] removing player 2 token from slot 3
[2022-12-12 12:51:29] [SEVERE ] removing player 2 token from slot 10
[2022-12-12 12:51:29] [SEVERE ] player 2 placing token on slot 11
[2022-12-12 12:51:29] [SEVERE ] player 2 placing token on slot 6
[2022-12-12 12:51:29] [SEVERE ] player 2 placing token on slot 10
[2022-12-12 12:51:29] [SEVERE ] removing player 2 token from slot 6
[2022-12-12 12:51:29] [SEVERE ] removing player 2 token from slot 10
[2022-12-12 12:51:29] [SEVERE ] removing player 2 token from slot 11
[2022-12-12 12:51:29] [SEVERE ] player 2 placing token on slot 2
[2022-12-12 12:51:29] [SEVERE ] player 2 placing token on slot 7
[2022-12-12 12:51:29] [SEVERE ] player 2 placing token on slot 6
[2022-12-12 12:51:29] [SEVERE ] removing player 2 token from slot 2
[2022-12-12 12:51:29] [SEVERE ] removing player 2 token from slot 6
[2022-12-12 12:51:29] [SEVERE ] removing player 2 token from slot 7
[2022-12-12 12:51:29] [SEVERE ] player 2 placing token on slot 6
[2022-12-12 12:51:29] [SEVERE ] player 2 placing token on slot 9
[2022-12-12 12:51:29] [SEVERE ] player 2 placing token on slot 11
[2022-12-12 12:51:29] [SEVERE ] removing player 2 token from slot 6
[2022-12-12 12:51:29] [SEVERE ] removing player 2 token from slot 9
[2022-12-12 12:51:29] [SEVERE ] removing player 2 token from slot 11
[2022-12-12 12:51:29] [SEVERE ] player 2 placing token on slot 4
[2022-12-12 12:51:29] [SEVERE ] player 2 placing token on slot 3
[2022-12-12 12:51:29] [SEVERE ] player 2 placing token on slot 0
[2022-12-12 12:51:29] [SEVERE ] removing player 2 token from slot 0
[2022-12-12 12:51:29] [SEVERE ] removing player 2 token from slot 3
[2022-12-12 12:51:29] [SEVERE ] removing player 2 token from slot 4
[2022-12-12 12:51:29] [SEVERE ] player 2 placing token on slot 7
[2022-12-12 12:51:29] [SEVERE ] player 2 placing token on slot 2
[2022-12-12 12:51:29] [SEVERE ] player 2 placing token on slot 6
[2022-12-12 12:51:29] [SEVERE ] removing player 2 token from slot 2
[2022-12-12 12:51:29] [SEVERE ] removing player 2 token from slot 6
[2022-12-12 12:51:29] [SEVERE ] removing player 2 token from slot 7
[2022-12-12 12:51:29] [SEVERE ] player 2 placing token on slot 8
[2022-12-12 12:51:29] [SEVERE ] player 2 placing token on slot 9
[2022-12-12 12:51:29] [SEVERE ] player 2 placing token on slot 11
[2022-12-12 12:51:29] [SEVERE ] removing player 2 token from slot 8
[2022-12-12 12:51:29] [SEVERE ] removing player 2 token from slot 9
[2022-12-12 12:51:29] [SEVERE ] removing player 2 token from slot 11
[2022-12-12 12:51:29] [SEVERE ] player 2 placing token on slot 9
[2022-12-12 12:51:29] [SEVERE ] player 2 placing token on slot 5
[2022-12-12 12:51:29] [SEVERE ] player 2 placing token on slot 6
[2022-12-12 12:51:29] [SEVERE ] removing player 2 token from slot 5
[2022-12-12 12:51:29] [SEVERE ] removing player 2 token from slot 6
[2022-12-12 12:51:29] [SEVERE ] removing player 2 token from slot 9
[2022-12-12 12:51:29] [SEVERE ] player 2 placing token on slot 3
[2022-12-12 12:51:29] [SEVERE ] player 2 placing token on slot 7
[2022-12-12 12:51:29] [SEVERE ] player 2 placing token on slot 9
[2022-12-12 12:51:29] [SEVERE ] removing player 2 token from slot 3
[2022-12-12 12:51:29] [SEVERE ] removing player 2 token from slot 7
[2022-12-12 12:51:29] [SEVERE ] removing player 2 token from slot 9
[2022-12-12 12:51:30] [SEVERE ] player 2 placing token on slot 2
[2022-12-12 12:51:30] [SEVERE ] player 2 placing token on slot 6
[2022-12-12 12:51:30] [SEVERE ] player 2 placing token on slot 9
[2022-12-12 12:51:30] [SEVERE ] removing player 2 token from slot 2
[2022-12-12 12:51:30] [SEVERE ] removing player 2 token from slot 6
[2022-12-12 12:51:30] [SEVERE ] removing player 2 token from slot 9
[2022-12-12 12:51:30] [SEVERE ] player 2 placing token on slot 3
[2022-12-12 12:51:30] [SEVERE ] player 2 placing token on slot 9
[2022-12-12 12:51:30] [SEVERE ] player 2 placing token on slot 1
[2022-12-12 12:51:30] [SEVERE ] removing player 2 token from slot 1
[2022-12-12 12:51:30] [SEVERE ] removing player 2 token from slot 3
[2022-12-12 12:51:30] [SEVERE ] removing player 2 token from slot 9
[2022-12-12 12:51:30] [SEVERE ] player 2 placing token on slot 9
[2022-12-12 12:51:30] [SEVERE ] player 2 placing token on slot 8
[2022-12-12 12:51:30] [SEVERE ] player 2 placing token on slot 3
[2022-12-12 12:51:30] [SEVERE ] removing player 2 token from slot 3
[2022-12-12 12:51:30] [SEVERE ] removing player 2 token from slot 8
[2022-12-12 12:51:30] [SEVERE ] removing player 2 token from slot 9
[2022-12-12 12:51:30] [SEVERE ] player 2 placing token on slot 5
[2022-12-12 12:51:30] [SEVERE ] player 2 placing token on slot 2
[2022-12-12 12:51:30] [SEVERE ] player 2 placing token on slot 0
[2022-12-12 12:51:30] [SEVERE ] removing player 2 token from slot 0
[2022-12-12 12:51:30] [SEVERE ] removing player 2 token from slot 2
[2022-12-12 12:51:30] [SEVERE ] removing player 2 token from slot 5
[2022-12-12 12:51:30] [SEVERE ] player 2 placing token on slot 11
[2022-12-12 12:51:30] [SEVERE ] player 2 placing token on slot 4
[2022-12-12 12:51:30] [SEVERE ] player 2 placing token on slot 2
[2022-12-12 12:51:30] [SEVERE ] removing player 2 token from slot 2
[2022-12-12 12:51:30] [SEVERE ] removing player 2 token from slot 4
[2022-12-12 12:51:30] [SEVERE ] removing player 2 token from slot 11
[2022-12-12 12:51:30] [SEVERE ] player 2 placing token on slot 6
[2022-12-12 12:51:30] [SEVERE ] player 2 placing token on slot 10
[2022-12-12 12:51:30] [SEVERE ] player 2 placing token on slot 3
[2022-12-12 12:51:30] [SEVERE ] removing player 2 token from slot 3
[2022-12-12 12:51:30] [SEVERE ] removing player 2 token from slot 6
[2022-12-12 12:51:30] [SEVERE ] removing player 2 token from slot 10
[2022-12-12 12:51:30] [SEVERE ] player 2 placing token on slot 2
[2022-12-12 12:51:30] [SEVERE ] player 2 placing token on slot 3
[2022-12-12 12:51:30] [SEVERE ] player 2 placing token on slot 0
[2022-12-12 12:51:30] [SEVERE ] removing player 2 token from slot 0
[2022-12-12 12:51:30] [SEVERE ] removing player 2 token from slot 2
[2022-12-12 12:51:30] [SEVERE ] removing player 2 token from slot 3
[2022-12-12 12:51:30] [SEVERE ] player 2 placing token on slot 2
[2022-12-12 12:51:30] [SEVERE ] player 2 placing token on slot 10
[2022-12-12 12:51:30] [SEVERE ] player 2 placing token on slot 9
[2022-12-12 12:51:30] [SEVERE ] removing player 2 token from slot 2
[2022-12-12 12:51:30] [SEVERE ] removing player 2 token from slot 9
[2022-12-12 12:51:30] [SEVERE ] removing player 2 token from slot 10
[2022-12-12 12:51:30] [SEVERE ] player 2 placing token on slot 4
[2022-12-12 12:51:30] [SEVERE ] player 2 placing token on slot 6
[2022-12-12 12:51:30] [SEVERE ] player 2 placing token on slot 2
[2022-12-12 12:51:30] [SEVERE ] removing player 2 token from slot 2
[2022-12-12 12:51:30] [SEVERE ] removing player 2 token from slot 4
[2022-12-12 12:51:30] [SEVERE ] removing player 2 token from slot 6
[2022-12-12 12:51:30] [SEVERE ] player 2 placing token on slot 9
[2022-12-12 12:51:30] [SEVERE ] player 2 placing token on slot 0
[2022-12-12 12:51:30] [SEVERE ] player 2 placing token on slot 3
[2022-12-12 12:51:30] [SEVERE ] removing player 2 token from slot 0
[2022-12-12 12:51:30] [SEVERE ] removing player 2 token from slot 3
[2022-12-12 12:51:30] [SEVERE ] removing player 2 token from slot 9
[2022-12-12 12:51:30] [SEVERE ] player 2 placing token on slot 8
[2022-12-12 12:51:30] [SEVERE ] player 2 placing token on slot 4
[2022-12-12 12:51:31] [SEVERE ] player 2 placing token on slot 11
[2022-12-12 12:51:31] [SEVERE ] removing player 2 token from slot 4
[2022-12-12 12:51:31] [SEVERE ] removing player 2 token from slot 8
[2022-12-12 12:51:31] [SEVERE ] removing player 2 token from slot 11
[2022-12-12 12:51:31] [SEVERE ] player 2 placing token on slot 5
[2022-12-12 12:51:31] [SEVERE ] player 2 placing token on slot 8
[2022-12-12 12:51:31] [SEVERE ] player 2 placing token on slot 3
[2022-12-12 12:51:31] [SEVERE ] removing player 2 token from slot 3
[2022-12-12 12:51:31] [SEVERE ] removing player 2 token from slot 5
[2022-12-12 12:51:31] [SEVERE ] removing player 2 token from slot 8
[2022-12-12 12:51:31] [SEVERE ] player 2 placing token on slot 0
[2022-12-12 12:51:31] [SEVERE ] player 2 placing token on slot 6
[2022-12-12 12:51:31] [SEVERE ] player 2 placing token on slot 10
[2022-12-12 12:51:31] [SEVERE ] removing player 2 token from slot 0
[2022-12-12 12:51:31] [SEVERE ] removing player 2 token from slot 6
[2022-12-12 12:51:31] [SEVERE ] removing player 2 token from slot 10
[2022-12-12 12:51:31] [SEVERE ] player 2 placing token on slot 3
[2022-12-12 12:51:31] [SEVERE ] player 2 placing token on slot 10
[2022-12-12 12:51:31] [SEVERE ] player 2 placing token on slot 6
[2022-12-12 12:51:31] [SEVERE ] removing player 2 token from slot 3
[2022-12-12 12:51:31] [SEVERE ] removing player 2 token from slot 6
[2022-12-12 12:51:31] [SEVERE ] removing player 2 token from slot 10
[2022-12-12 12:51:31] [SEVERE ] player 2 placing token on slot 10
[2022-12-12 12:51:31] [SEVERE ] player 2 placing token on slot 8
[2022-12-12 12:51:31] [SEVERE ] player 2 placing token on slot 1
[2022-12-12 12:51:31] [SEVERE ] removing player 2 token from slot 1
[2022-12-12 12:51:31] [SEVERE ] removing player 2 token from slot 8
[2022-12-12 12:51:31] [SEVERE ] removing player 2 token from slot 10
[2022-12-12 12:51:31] [SEVERE ] player 2 placing token on slot 2
[2022-12-12 12:51:31] [SEVERE ] player 2 placing token on slot 6
[2022-12-12 12:51:31] [SEVERE ] player 2 placing token on slot 0
[2022-12-12 12:51:31] [SEVERE ] removing player 2 token from slot 0
[2022-12-12 12:51:31] [SEVERE ] removing player 2 token from slot 2
[2022-12-12 12:51:31] [SEVERE ] removing player 2 token from slot 6
[2022-12-12 12:51:31] [SEVERE ] player 2 placing token on slot 5
[2022-12-12 12:51:31] [SEVERE ] player 2 placing token on slot 10
[2022-12-12 12:51:31] [SEVERE ] player 2 placing token on slot 1
[2022-12-12 12:51:31] [SEVERE ] removing player 2 token from slot 1
[2022-12-12 12:51:31] [SEVERE ] removing player 2 token from slot 5
[2022-12-12 12:51:31] [SEVERE ] removing player 2 token from slot 10
[2022-12-12 12:51:31] [SEVERE ] player 2 placing token on slot 9
[2022-12-12 12:51:31] [SEVERE ] player 2 placing token on slot 5
[2022-12-12 12:51:31] [SEVERE ] player 2 placing token on slot 4
[2022-12-12 12:51:31] [SEVERE ] removing player 2 token from slot 4
[2022-12-12 12:51:31] [SEVERE ] removing player 2 token from slot 5
[2022-12-12 12:51:31] [SEVERE ] removing player 2 token from slot 9
[2022-12-12 12:51:31] [SEVERE ] player 2 placing token on slot 1
[2022-12-12 12:51:31] [SEVERE ] player 2 placing token on slot 5
[2022-12-12 12:51:31] [SEVERE ] player 2 placing token on slot 11
[2022-12-12 12:51:31] [SEVERE ] removing player 2 token from slot 1
[2022-12-12 12:51:31] [SEVERE ] removing player 2 token from slot 5
[2022-12-12 12:51:31] [SEVERE ] removing player 2 token from slot 11
[2022-12-12 12:51:31] [SEVERE ] player 2 placing token on slot 3
[2022-12-12 12:51:31] [SEVERE ] player 2 placing token on slot 5
[2022-12-12 12:51:31] [SEVERE ] player 2 placing token on slot 9
[2022-12-12 12:51:31] [SEVERE ] removing player 2 token from slot 3
[2022-12-12 12:51:31] [SEVERE ] removing player 2 token from slot 5
[2022-12-12 12:51:31] [SEVERE ] removing player 2 token from slot 9
[2022-12-12 12:51:31] [SEVERE ] player 2 placing token on slot 4
[2022-12-12 12:51:31] [SEVERE ] player 2 placing token on slot 11
[2022-12-12 12:51:31] [SEVERE ] player 2 placing token on slot 3
[2022-12-12 12:51:31] [SEVERE ] removing player 2 token from slot 3
[2022-12-12 12:51:31] [SEVERE ] removing player 2 token from slot 4
[2022-12-12 12:51:31] [SEVERE ] removing player 2 token from slot 11
[2022-12-12 12:51:32] [SEVERE ] player 2 placing token on slot 9
[2022-12-12 12:51:32] [SEVERE ] player 2 placing token on slot 5
[2022-12-12 12:51:32] [SEVERE ] player 2 placing token on slot 2
[2022-12-12 12:51:32] [SEVERE ] removing player 2 token from slot 2
[2022-12-12 12:51:32] [SEVERE ] removing player 2 token from slot 5
[2022-12-12 12:51:32] [SEVERE ] removing player 2 token from slot 9
[2022-12-12 12:51:32] [SEVERE ] player 2 placing token on slot 2
[2022-12-12 12:51:32] [SEVERE ] player 2 placing token on slot 4
[2022-12-12 12:51:32] [SEVERE ] player 2 placing token on slot 8
[2022-12-12 12:51:32] [SEVERE ] removing player 2 token from slot 2
[2022-12-12 12:51:32] [SEVERE ] removing player 2 token from slot 4
[2022-12-12 12:51:32] [SEVERE ] removing player 2 token from slot 8
[2022-12-12 12:51:32] [SEVERE ] player 2 placing token on slot 8
[2022-12-12 12:51:32] [SEVERE ] player 2 placing token on slot 5
[2022-12-12 12:51:32] [SEVERE ] player 2 placing token on slot 10
[2022-12-12 12:51:32] [SEVERE ] removing player 2 token from slot 5
[2022-12-12 12:51:32] [SEVERE ] removing player 2 token from slot 8
[2022-12-12 12:51:32] [SEVERE ] removing player 2 token from slot 10
[2022-12-12 12:51:32] [SEVERE ] player 2 placing token on slot 11
[2022-12-12 12:51:32] [SEVERE ] player 2 placing token on slot 8
[2022-12-12 12:51:32] [SEVERE ] player 2 placing token on slot 5
[2022-12-12 12:51:32] [SEVERE ] removing player 2 token from slot 5
[2022-12-12 12:51:32] [SEVERE ] removing player 2 token from slot 8
[2022-12-12 12:51:32] [SEVERE ] removing player 2 token from slot 11
[2022-12-12 12:51:32] [SEVERE ] player 2 placing token on slot 8
[2022-12-12 12:51:32] [SEVERE ] player 2 placing token on slot 7
[2022-12-12 12:51:32] [SEVERE ] player 2 placing token on slot 9
[2022-12-12 12:51:32] [SEVERE ] removing player 2 token from slot 7
[2022-12-12 12:51:32] [SEVERE ] removing player 2 token from slot 8
[2022-12-12 12:51:32] [SEVERE ] removing player 2 token from slot 9
[2022-12-12 12:51:32] [SEVERE ] player 2 placing token on slot 11
[2022-12-12 12:51:32] [SEVERE ] player 2 placing token on slot 5
[2022-12-12 12:51:32] [SEVERE ] player 2 placing token on slot 8
[2022-12-12 12:51:32] [SEVERE ] removing player 2 token from slot 5
[2022-12-12 12:51:32] [SEVERE ] removing player 2 token from slot 8
[2022-12-12 12:51:32] [SEVERE ] removing player 2 token from slot 11
[2022-12-12 12:51:32] [SEVERE ] player 2 placing token on slot 7
[2022-12-12 12:51:32] [SEVERE ] player 2 placing token on slot 11
[2022-12-12 12:51:32] [SEVERE ] player 2 placing token on slot 6
[2022-12-12 12:51:32] [SEVERE ] removing player 2 token from slot 6
[2022-12-12 12:51:32] [SEVERE ] removing player 2 token from slot 7
[2022-12-12 12:51:32] [SEVERE ] removing player 2 token from slot 11
[2022-12-12 12:51:32] [SEVERE ] player 2 placing token on slot 9
[2022-12-12 12:51:32] [SEVERE ] player 2 placing token on slot 6
[2022-12-12 12:51:32] [SEVERE ] player 2 placing token on slot 0
[2022-12-12 12:51:32] [SEVERE ] removing player 2 token from slot 0
[2022-12-12 12:51:32] [SEVERE ] removing player 2 token from slot 6
[2022-12-12 12:51:32] [SEVERE ] removing player 2 token from slot 9
[2022-12-12 12:51:32] [SEVERE ] player 2 placing token on slot 10
[2022-12-12 12:51:32] [SEVERE ] player 2 placing token on slot 9
[2022-12-12 12:51:32] [SEVERE ] player 2 placing token on slot 1
[2022-12-12 12:51:32] [SEVERE ] removing player 2 token from slot 1
[2022-12-12 12:51:32] [SEVERE ] removing player 2 token from slot 9
[2022-12-12 12:51:32] [SEVERE ] removing player 2 token from slot 10
[2022-12-12 12:51:32] [SEVERE ] player 2 placing token on slot 10
[2022-12-12 12:51:32] [SEVERE ] player 2 placing token on slot 0
[2022-12-12 12:51:32] [SEVERE ] player 2 placing token on slot 2
[2022-12-12 12:51:32] [SEVERE ] removing player 2 token from slot 0
[2022-12-12 12:51:32] [SEVERE ] removing player 2 token from slot 2
[2022-12-12 12:51:32] [SEVERE ] removing player 2 token from slot 10
[2022-12-12 12:51:32] [SEVERE ] player 2 placing token on slot 7
[2022-12-12 12:51:32] [SEVERE ] player 2 placing token on slot 3
[2022-12-12 12:51:32] [SEVERE ] player 2 placing token on slot 5
[2022-12-12 12:51:32] [SEVERE ] removing player 2 token from slot 3
[2022-12-12 12:51:32] [SEVERE ] removing player 2 token from slot 5
[2022-12-12 12:51:32] [SEVERE ] removing player 2 token from slot 7
[2022-12-12 12:51:33] [SEVERE ] player 2 placing token on slot 7
[2022-12-12 12:51:33] [SEVERE ] player 2 placing token on slot 11
[2022-12-12 12:51:33] [SEVERE ] player 2 placing token on slot 5
[2022-12-12 12:51:33] [SEVERE ] removing player 2 token from slot 5
[2022-12-12 12:51:33] [SEVERE ] removing player 2 token from slot 7
[2022-12-12 12:51:33] [SEVERE ] removing player 2 token from slot 11
[2022-12-12 12:51:33] [SEVERE ] player 2 placing token on slot 8
[2022-12-12 12:51:33] [SEVERE ] player 2 placing token on slot 1
[2022-12-12 12:51:33] [SEVERE ] player 2 placing token on slot 7
[2022-12-12 12:51:33] [SEVERE ] removing player 2 token from slot 1
[2022-12-12 12:51:33] [SEVERE ] removing player 2 token from slot 7
[2022-12-12 12:51:33] [SEVERE ] removing player 2 token from slot 8
[2022-12-12 12:51:33] [SEVERE ] player 2 placing token on slot 6
[2022-12-12 12:51:33] [SEVERE ] player 2 placing token on slot 10
[2022-12-12 12:51:33] [SEVERE ] player 2 placing token on slot 0
[2022-12-12 12:51:33] [SEVERE ] removing player 2 token from slot 0
[2022-12-12 12:51:33] [SEVERE ] removing player 2 token from slot 6
[2022-12-12 12:51:33] [SEVERE ] removing player 2 token from slot 10
[2022-12-12 12:51:33] [SEVERE ] player 2 placing token on slot 1
[2022-12-12 12:51:33] [SEVERE ] player 2 placing token on slot 11
[2022-12-12 12:51:33] [SEVERE ] player 2 placing token on slot 0
[2022-12-12 12:51:33] [SEVERE ] removing player 2 token from slot 0
[2022-12-12 12:51:33] [SEVERE ] removing player 2 token from slot 1
[2022-12-12 12:51:33] [SEVERE ] removing player 2 token from slot 11
[2022-12-12 12:51:33] [SEVERE ] player 2 placing token on slot 4
[2022-12-12 12:51:33] [SEVERE ] player 2 placing token on slot 5
[2022-12-12 12:51:33] [SEVERE ] player 2 placing token on slot 0
[2022-12-12 12:51:33] [SEVERE ] removing player 2 token from slot 0
[2022-12-12 12:51:33] [SEVERE ] removing player 2 token from slot 4
[2022-12-12 12:51:33] [SEVERE ] removing player 2 token from slot 5
[2022-12-12 12:51:33] [SEVERE ] player 2 placing token on slot 7
[2022-12-12 12:51:33] [SEVERE ] player 2 placing token on slot 0
[2022-12-12 12:51:33] [SEVERE ] player 2 placing token on slot 4
[2022-12-12 12:51:33] [SEVERE ] removing player 2 token from slot 0
[2022-12-12 12:51:33] [SEVERE ] removing player 2 token from slot 4
[2022-12-12 12:51:33] [SEVERE ] removing player 2 token from slot 7
[2022-12-12 12:51:33] [SEVERE ] player 2 placing token on slot 2
[2022-12-12 12:51:33] [SEVERE ] player 2 placing token on slot 0
[2022-12-12 12:51:33] [SEVERE ] player 2 placing token on slot 10
[2022-12-12 12:51:33] [SEVERE ] removing player 2 token from slot 0
[2022-12-12 12:51:33] [SEVERE ] removing player 2 token from slot 2
[2022-12-12 12:51:33] [SEVERE ] removing player 2 token from slot 10
[2022-12-12 12:51:33] [SEVERE ] player 2 placing token on slot 3
[2022-12-12 12:51:33] [SEVERE ] player 2 placing token on slot 4
[2022-12-12 12:51:33] [SEVERE ] player 2 placing token on slot 11
[2022-12-12 12:51:33] [SEVERE ] removing player 2 token from slot 3
[2022-12-12 12:51:33] [SEVERE ] removing player 2 token from slot 4
[2022-12-12 12:51:33] [SEVERE ] removing player 2 token from slot 11
[2022-12-12 12:51:33] [SEVERE ] player 2 placing token on slot 7
[2022-12-12 12:51:33] [SEVERE ] player 2 placing token on slot 9
[2022-12-12 12:51:33] [SEVERE ] player 2 placing token on slot 6
[2022-12-12 12:51:33] [SEVERE ] removing player 2 token from slot 6
[2022-12-12 12:51:33] [SEVERE ] removing player 2 token from slot 7
[2022-12-12 12:51:33] [SEVERE ] removing player 2 token from slot 9
[2022-12-12 12:51:33] [SEVERE ] player 2 placing token on slot 3
[2022-12-12 12:51:33] [SEVERE ] player 2 placing token on slot 7
[2022-12-12 12:51:33] [SEVERE ] player 2 placing token on slot 8
[2022-12-12 12:51:33] [SEVERE ] removing player 2 token from slot 3
[2022-12-12 12:51:33] [SEVERE ] removing player 2 token from slot 7
[2022-12-12 12:51:33] [SEVERE ] removing player 2 token from slot 8
[2022-12-12 12:51:33] [SEVERE ] player 2 placing token on slot 4
[2022-12-12 12:51:33] [SEVERE ] player 2 placing token on slot 2
[2022-12-12 12:51:34] [SEVERE ] player 2 placing token on slot 9
[2022-12-12 12:51:34] [SEVERE ] removing player 2 token from slot 2
[2022-12-12 12:51:34] [SEVERE ] removing player 2 token from slot 4
[2022-12-12 12:51:34] [SEVERE ] removing player 2 token from slot 9
[2022-12-12 12:51:34] [SEVERE ] player 2 placing token on slot 3
[2022-12-12 12:51:34] [SEVERE ] player 2 placing token on slot 10
[2022-12-12 12:51:34] [SEVERE ] player 2 placing token on slot 9
[2022-12-12 12:51:34] [SEVERE ] removing player 2 token from slot 3
[2022-12-12 12:51:34] [SEVERE ] removing player 2 token from slot 9
[2022-12-12 12:51:34] [SEVERE ] removing player 2 token from slot 10
[2022-12-12 12:51:34] [SEVERE ] player 2 placing token on slot 8
[2022-12-12 12:51:34] [SEVERE ] player 2 placing token on slot 4
[2022-12-12 12:51:34] [SEVERE ] player 2 placing token on slot 7
[2022-12-12 12:51:34] [SEVERE ] removing player 2 token from slot 4
[2022-12-12 12:51:34] [SEVERE ] removing player 2 token from slot 7
[2022-12-12 12:51:34] [SEVERE ] removing player 2 token from slot 8
[2022-12-12 12:51:34] [SEVERE ] player 2 placing token on slot 10
[2022-12-12 12:51:34] [SEVERE ] player 2 placing token on slot 9
[2022-12-12 12:51:34] [SEVERE ] player 2 placing token on slot 11
[2022-12-12 12:51:34] [SEVERE ] removing player 2 token from slot 9
[2022-12-12 12:51:34] [SEVERE ] removing player 2 token from slot 10
[2022-12-12 12:51:34] [SEVERE ] removing player 2 token from slot 11
[2022-12-12 12:51:34] [SEVERE ] player 2 placing token on slot 8
[2022-12-12 12:51:34] [SEVERE ] player 2 placing token on slot 4
[2022-12-12 12:51:34] [SEVERE ] player 2 placing token on slot 3
[2022-12-12 12:51:34] [SEVERE ] removing player 2 token from slot 3
[2022-12-12 12:51:34] [SEVERE ] removing player 2 token from slot 4
[2022-12-12 12:51:34] [SEVERE ] removing player 2 token from slot 8
[2022-12-12 12:51:34] [SEVERE ] player 2 placing token on slot 1
[2022-12-12 12:51:34] [SEVERE ] player 2 placing token on slot 3
[2022-12-12 12:51:34] [SEVERE ] player 2 placing token on slot 6
[2022-12-12 12:51:34] [SEVERE ] setting player 2 score to 1
[2022-12-12 12:51:34] [SEVERE ] player 2 placing token on slot 9
[2022-12-12 12:51:34] [SEVERE ] player 2 placing token on slot 6
[2022-12-12 12:51:34] [SEVERE ] player 2 placing token on slot 11
[2022-12-12 12:51:34] [SEVERE ] removing tokens from slot 1
[2022-12-12 12:51:34] [SEVERE ] removing card from slot 1
[2022-12-12 12:51:34] [SEVERE ] removing tokens from slot 3
[2022-12-12 12:51:34] [SEVERE ] removing card from slot 3
[2022-12-12 12:51:34] [SEVERE ] removing tokens from slot 6
[2022-12-12 12:51:34] [SEVERE ] removing card from slot 6
[2022-12-12 12:51:34] [SEVERE ] placing card 1 in slot 1
[2022-12-12 12:51:35] [SEVERE ] placing card 38 in slot 3
[2022-12-12 12:51:35] [SEVERE ] placing card 17 in slot 6
