[2022-12-10 11:31:28] [INFO   ] cannot read configuration file config.properties trying from resources.
[2022-12-10 11:31:28] [INFO   ] configuration file was loaded from resources directory.
[2022-12-10 11:31:29] [INFO   ] Thread dealer starting.
[2022-12-10 11:31:29] [INFO   ] Thread Thread-1starting.
[2022-12-10 11:31:29] [INFO   ] Thread Thread-0starting.
[2022-12-10 11:31:29] [SEVERE ] placing card 70 in slot 0
[2022-12-10 11:31:29] [SEVERE ] placing card 73 in slot 1
[2022-12-10 11:31:29] [SEVERE ] placing card 14 in slot 2
[2022-12-10 11:31:29] [SEVERE ] placing card 49 in slot 3
[2022-12-10 11:31:29] [SEVERE ] placing card 61 in slot 4
[2022-12-10 11:31:29] [SEVERE ] placing card 38 in slot 5
[2022-12-10 11:31:30] [SEVERE ] placing card 3 in slot 6
[2022-12-10 11:31:30] [SEVERE ] placing card 27 in slot 7
[2022-12-10 11:31:30] [SEVERE ] placing card 5 in slot 8
[2022-12-10 11:31:30] [SEVERE ] placing card 43 in slot 9
[2022-12-10 11:31:30] [SEVERE ] placing card 30 in slot 10
[2022-12-10 11:31:30] [SEVERE ] placing card 29 in slot 11
[2022-12-10 11:31:36] [SEVERE ] removing tokens from slot 0
[2022-12-10 11:31:36] [SEVERE ] removing card from slot 0
[2022-12-10 11:31:36] [SEVERE ] removing tokens from slot 1
[2022-12-10 11:31:36] [SEVERE ] removing card from slot 1
[2022-12-10 11:31:36] [SEVERE ] removing tokens from slot 2
[2022-12-10 11:31:36] [SEVERE ] removing card from slot 2
[2022-12-10 11:31:37] [SEVERE ] removing tokens from slot 3
[2022-12-10 11:31:37] [SEVERE ] removing card from slot 3
[2022-12-10 11:31:37] [SEVERE ] removing tokens from slot 4
[2022-12-10 11:31:37] [SEVERE ] removing card from slot 4
[2022-12-10 11:31:37] [SEVERE ] removing tokens from slot 5
[2022-12-10 11:31:37] [SEVERE ] removing card from slot 5
[2022-12-10 11:31:37] [SEVERE ] removing tokens from slot 6
[2022-12-10 11:31:37] [SEVERE ] removing card from slot 6
[2022-12-10 11:31:37] [SEVERE ] removing tokens from slot 7
[2022-12-10 11:31:37] [SEVERE ] removing card from slot 7
[2022-12-10 11:31:37] [SEVERE ] removing tokens from slot 8
[2022-12-10 11:31:37] [SEVERE ] removing card from slot 8
[2022-12-10 11:31:37] [SEVERE ] removing tokens from slot 9
[2022-12-10 11:31:37] [SEVERE ] removing card from slot 9
[2022-12-10 11:31:37] [SEVERE ] removing tokens from slot 10
[2022-12-10 11:31:37] [SEVERE ] removing card from slot 10
[2022-12-10 11:31:37] [SEVERE ] removing tokens from slot 11
[2022-12-10 11:31:37] [SEVERE ] removing card from slot 11
[2022-12-10 11:31:38] [SEVERE ] placing card 73 in slot 0
[2022-12-10 11:31:38] [SEVERE ] placing card 22 in slot 1
[2022-12-10 11:31:38] [SEVERE ] placing card 51 in slot 2
[2022-12-10 11:31:38] [SEVERE ] placing card 35 in slot 3
[2022-12-10 11:31:38] [SEVERE ] placing card 36 in slot 4
[2022-12-10 11:31:38] [SEVERE ] placing card 46 in slot 5
[2022-12-10 11:31:38] [SEVERE ] placing card 40 in slot 6
[2022-12-10 11:31:38] [SEVERE ] placing card 61 in slot 7
[2022-12-10 11:31:38] [SEVERE ] placing card 29 in slot 8
[2022-12-10 11:31:39] [SEVERE ] placing card 77 in slot 9
[2022-12-10 11:31:39] [SEVERE ] placing card 2 in slot 10
[2022-12-10 11:31:39] [SEVERE ] placing card 76 in slot 11
[2022-12-10 11:31:45] [SEVERE ] removing tokens from slot 0
[2022-12-10 11:31:45] [SEVERE ] removing card from slot 0
[2022-12-10 11:31:45] [SEVERE ] removing tokens from slot 1
[2022-12-10 11:31:45] [SEVERE ] removing card from slot 1
[2022-12-10 11:31:45] [SEVERE ] removing tokens from slot 2
[2022-12-10 11:31:45] [SEVERE ] removing card from slot 2
[2022-12-10 11:31:45] [SEVERE ] removing tokens from slot 3
[2022-12-10 11:31:45] [SEVERE ] removing card from slot 3
[2022-12-10 11:31:45] [SEVERE ] removing tokens from slot 4
[2022-12-10 11:31:45] [SEVERE ] removing card from slot 4
[2022-12-10 11:31:45] [SEVERE ] removing tokens from slot 5
[2022-12-10 11:31:45] [SEVERE ] removing card from slot 5
[2022-12-10 11:31:46] [SEVERE ] removing tokens from slot 6
[2022-12-10 11:31:46] [SEVERE ] removing card from slot 6
[2022-12-10 11:31:46] [SEVERE ] removing tokens from slot 7
[2022-12-10 11:31:46] [SEVERE ] removing card from slot 7
[2022-12-10 11:31:46] [SEVERE ] removing tokens from slot 8
[2022-12-10 11:31:46] [SEVERE ] removing card from slot 8
[2022-12-10 11:31:46] [SEVERE ] removing tokens from slot 9
[2022-12-10 11:31:46] [SEVERE ] removing card from slot 9
[2022-12-10 11:31:46] [SEVERE ] removing tokens from slot 10
[2022-12-10 11:31:46] [SEVERE ] removing card from slot 10
[2022-12-10 11:31:46] [SEVERE ] removing tokens from slot 11
[2022-12-10 11:31:46] [SEVERE ] removing card from slot 11
[2022-12-10 11:31:46] [SEVERE ] placing card 46 in slot 0
[2022-12-10 11:31:46] [SEVERE ] placing card 41 in slot 1
[2022-12-10 11:31:46] [SEVERE ] placing card 58 in slot 2
[2022-12-10 11:31:47] [SEVERE ] placing card 79 in slot 3
[2022-12-10 11:31:47] [SEVERE ] placing card 29 in slot 4
[2022-12-10 11:31:47] [SEVERE ] placing card 2 in slot 5
[2022-12-10 11:31:47] [SEVERE ] placing card 72 in slot 6
[2022-12-10 11:31:47] [SEVERE ] placing card 64 in slot 7
[2022-12-10 11:31:47] [SEVERE ] placing card 23 in slot 8
[2022-12-10 11:31:47] [SEVERE ] placing card 20 in slot 9
[2022-12-10 11:31:47] [SEVERE ] placing card 74 in slot 10
[2022-12-10 11:31:47] [SEVERE ] placing card 16 in slot 11
[2022-12-10 11:31:54] [SEVERE ] removing tokens from slot 0
[2022-12-10 11:31:54] [SEVERE ] removing card from slot 0
[2022-12-10 11:31:54] [SEVERE ] removing tokens from slot 1
[2022-12-10 11:31:54] [SEVERE ] removing card from slot 1
[2022-12-10 11:31:54] [SEVERE ] removing tokens from slot 2
[2022-12-10 11:31:54] [SEVERE ] removing card from slot 2
[2022-12-10 11:31:54] [SEVERE ] removing tokens from slot 3
[2022-12-10 11:31:54] [SEVERE ] removing card from slot 3
[2022-12-10 11:31:54] [SEVERE ] removing tokens from slot 4
[2022-12-10 11:31:54] [SEVERE ] removing card from slot 4
[2022-12-10 11:31:54] [SEVERE ] removing tokens from slot 5
[2022-12-10 11:31:54] [SEVERE ] removing card from slot 5
[2022-12-10 11:31:54] [SEVERE ] removing tokens from slot 6
[2022-12-10 11:31:54] [SEVERE ] removing card from slot 6
[2022-12-10 11:31:54] [SEVERE ] removing tokens from slot 7
[2022-12-10 11:31:54] [SEVERE ] removing card from slot 7
[2022-12-10 11:31:54] [SEVERE ] removing tokens from slot 8
[2022-12-10 11:31:54] [SEVERE ] removing card from slot 8
[2022-12-10 11:31:55] [SEVERE ] removing tokens from slot 9
[2022-12-10 11:31:55] [SEVERE ] removing card from slot 9
[2022-12-10 11:31:55] [SEVERE ] removing tokens from slot 10
[2022-12-10 11:31:55] [SEVERE ] removing card from slot 10
[2022-12-10 11:31:55] [SEVERE ] removing tokens from slot 11
[2022-12-10 11:31:55] [SEVERE ] removing card from slot 11
[2022-12-10 11:31:55] [SEVERE ] placing card 31 in slot 0
[2022-12-10 11:31:55] [SEVERE ] placing card 60 in slot 1
[2022-12-10 11:31:55] [SEVERE ] placing card 48 in slot 2
[2022-12-10 11:31:55] [SEVERE ] placing card 55 in slot 3
[2022-12-10 11:31:55] [SEVERE ] placing card 7 in slot 4
[2022-12-10 11:31:55] [SEVERE ] placing card 64 in slot 5
[2022-12-10 11:31:56] [SEVERE ] placing card 21 in slot 6
[2022-12-10 11:31:56] [SEVERE ] placing card 65 in slot 7
[2022-12-10 11:31:56] [SEVERE ] placing card 24 in slot 8
[2022-12-10 11:31:56] [SEVERE ] placing card 22 in slot 9
[2022-12-10 11:31:56] [SEVERE ] placing card 80 in slot 10
[2022-12-10 11:31:56] [SEVERE ] placing card 12 in slot 11
[2022-12-10 11:32:02] [SEVERE ] removing tokens from slot 0
[2022-12-10 11:32:02] [SEVERE ] removing card from slot 0
[2022-12-10 11:32:02] [SEVERE ] removing tokens from slot 1
[2022-12-10 11:32:02] [SEVERE ] removing card from slot 1
[2022-12-10 11:32:02] [SEVERE ] removing tokens from slot 2
[2022-12-10 11:32:02] [SEVERE ] removing card from slot 2
[2022-12-10 11:32:03] [SEVERE ] removing tokens from slot 3
[2022-12-10 11:32:03] [SEVERE ] removing card from slot 3
[2022-12-10 11:32:03] [SEVERE ] removing tokens from slot 4
[2022-12-10 11:32:03] [SEVERE ] removing card from slot 4
[2022-12-10 11:32:03] [SEVERE ] removing tokens from slot 5
[2022-12-10 11:32:03] [SEVERE ] removing card from slot 5
[2022-12-10 11:32:03] [SEVERE ] removing tokens from slot 6
[2022-12-10 11:32:03] [SEVERE ] removing card from slot 6
[2022-12-10 11:32:03] [SEVERE ] removing tokens from slot 7
[2022-12-10 11:32:03] [SEVERE ] removing card from slot 7
[2022-12-10 11:32:03] [SEVERE ] removing tokens from slot 8
[2022-12-10 11:32:03] [SEVERE ] removing card from slot 8
[2022-12-10 11:32:03] [SEVERE ] removing tokens from slot 9
[2022-12-10 11:32:03] [SEVERE ] removing card from slot 9
[2022-12-10 11:32:03] [SEVERE ] removing tokens from slot 10
[2022-12-10 11:32:03] [SEVERE ] removing card from slot 10
[2022-12-10 11:32:03] [SEVERE ] removing tokens from slot 11
[2022-12-10 11:32:03] [SEVERE ] removing card from slot 11
[2022-12-10 11:32:04] [SEVERE ] placing card 74 in slot 0
[2022-12-10 11:32:04] [SEVERE ] placing card 28 in slot 1
[2022-12-10 11:32:04] [SEVERE ] placing card 34 in slot 2
[2022-12-10 11:32:04] [SEVERE ] placing card 55 in slot 3
[2022-12-10 11:32:04] [SEVERE ] placing card 56 in slot 4
[2022-12-10 11:32:04] [SEVERE ] placing card 75 in slot 5
[2022-12-10 11:32:04] [SEVERE ] placing card 43 in slot 6
[2022-12-10 11:32:04] [SEVERE ] placing card 31 in slot 7
[2022-12-10 11:32:04] [SEVERE ] placing card 52 in slot 8
[2022-12-10 11:32:05] [SEVERE ] placing card 25 in slot 9
[2022-12-10 11:32:05] [SEVERE ] placing card 21 in slot 10
[2022-12-10 11:32:05] [SEVERE ] placing card 51 in slot 11
[2022-12-10 11:32:11] [SEVERE ] removing tokens from slot 0
[2022-12-10 11:32:11] [SEVERE ] removing card from slot 0
[2022-12-10 11:32:11] [SEVERE ] removing tokens from slot 1
[2022-12-10 11:32:11] [SEVERE ] removing card from slot 1
[2022-12-10 11:32:11] [SEVERE ] removing tokens from slot 2
[2022-12-10 11:32:11] [SEVERE ] removing card from slot 2
[2022-12-10 11:32:11] [SEVERE ] removing tokens from slot 3
[2022-12-10 11:32:11] [SEVERE ] removing card from slot 3
[2022-12-10 11:32:11] [SEVERE ] removing tokens from slot 4
[2022-12-10 11:32:11] [SEVERE ] removing card from slot 4
[2022-12-10 11:32:11] [SEVERE ] removing tokens from slot 5
[2022-12-10 11:32:11] [SEVERE ] removing card from slot 5
