[2022-12-12 19:45:32] [INFO   ] cannot read configuration file config.properties trying from resources.
[2022-12-12 19:45:32] [INFO   ] configuration file was loaded from resources directory.
[2022-12-12 19:45:32] [INFO   ] Thread dealer starting.
[2022-12-12 19:45:32] [INFO   ] Thread Thread-1starting.
[2022-12-12 19:45:32] [INFO   ] Thread Thread-0starting.
[2022-12-12 19:45:32] [SEVERE ] placing card 23 in slot 0
[2022-12-12 19:45:32] [SEVERE ] placing card 26 in slot 1
[2022-12-12 19:45:33] [SEVERE ] placing card 13 in slot 2
[2022-12-12 19:45:33] [SEVERE ] placing card 56 in slot 3
[2022-12-12 19:45:33] [SEVERE ] placing card 15 in slot 4
[2022-12-12 19:45:33] [SEVERE ] placing card 4 in slot 5
[2022-12-12 19:45:33] [SEVERE ] placing card 49 in slot 6
[2022-12-12 19:45:33] [SEVERE ] placing card 43 in slot 7
[2022-12-12 19:45:33] [SEVERE ] placing card 68 in slot 8
[2022-12-12 19:45:33] [SEVERE ] placing card 74 in slot 9
[2022-12-12 19:45:33] [SEVERE ] placing card 32 in slot 10
[2022-12-12 19:45:34] [SEVERE ] placing card 65 in slot 11
[2022-12-12 19:45:34] [SEVERE ] Key 81 was pressed by player 0
[2022-12-12 19:45:34] [SEVERE ] player 0 placing token on slot 0
[2022-12-12 19:45:36] [SEVERE ] Key 87 was pressed by player 0
[2022-12-12 19:45:36] [SEVERE ] player 0 placing token on slot 1
[2022-12-12 19:45:39] [SEVERE ] Key 69 was pressed by player 0
[2022-12-12 19:45:39] [SEVERE ] player 0 placing token on slot 2
[2022-12-12 19:45:39] [SEVERE ] Key 81 was pressed by player 0
[2022-12-12 19:45:40] [SEVERE ] Key 87 was pressed by player 0
[2022-12-12 19:45:49] [SEVERE ] Key 81 was pressed by player 0
[2022-12-12 19:45:49] [SEVERE ] removing player 0 token from slot 0
[2022-12-12 19:45:49] [SEVERE ] Key 87 was pressed by player 0
[2022-12-12 19:45:49] [SEVERE ] removing player 0 token from slot 1
[2022-12-12 19:45:52] [SEVERE ] Key 87 was pressed by player 0
[2022-12-12 19:45:52] [SEVERE ] player 0 placing token on slot 1
[2022-12-12 19:45:52] [SEVERE ] Key 81 was pressed by player 0
[2022-12-12 19:45:52] [SEVERE ] player 0 placing token on slot 0
[2022-12-12 19:45:53] [SEVERE ] Key 81 was pressed by player 0
[2022-12-12 19:45:53] [SEVERE ] Key 87 was pressed by player 0
[2022-12-12 19:45:53] [SEVERE ] Key 69 was pressed by player 0
[2022-12-12 19:46:00] [SEVERE ] Key 69 was pressed by player 0
[2022-12-12 19:46:00] [SEVERE ] removing player 0 token from slot 2
[2022-12-12 19:46:00] [SEVERE ] Key 87 was pressed by player 0
[2022-12-12 19:46:00] [SEVERE ] removing player 0 token from slot 1
[2022-12-12 19:46:02] [SEVERE ] Key 81 was pressed by player 0
[2022-12-12 19:46:02] [SEVERE ] removing player 0 token from slot 0
