[2022-12-13 05:43:10] [INFO   ] cannot read configuration file config.properties trying from resources.
[2022-12-13 05:43:10] [INFO   ] configuration file was loaded from resources directory.
[2022-12-13 05:43:10] [INFO   ] Thread dealer starting.
[2022-12-13 05:43:10] [INFO   ] Thread Thread-0starting.
[2022-12-13 05:43:10] [INFO   ] Thread Thread-2starting.
[2022-12-13 05:43:10] [INFO   ] Thread Thread-5starting.
[2022-12-13 05:43:10] [INFO   ] Thread Thread-4starting.
[2022-12-13 05:43:10] [INFO   ] Thread Thread-1starting.
[2022-12-13 05:43:10] [INFO   ] Thread Thread-3starting.
[2022-12-13 05:43:10] [INFO   ] Thread computer-5 starting.
[2022-12-13 05:43:10] [INFO   ] Thread computer-3 starting.
[2022-12-13 05:43:10] [INFO   ] Thread computer-2 starting.
[2022-12-13 05:43:10] [INFO   ] Thread computer-4 starting.
[2022-12-13 05:43:10] [SEVERE ] placing card 77 in slot 0
[2022-12-13 05:43:10] [SEVERE ] placing card 72 in slot 1
[2022-12-13 05:43:10] [SEVERE ] placing card 19 in slot 2
[2022-12-13 05:43:10] [SEVERE ] placing card 1 in slot 3
[2022-12-13 05:43:11] [SEVERE ] placing card 11 in slot 4
[2022-12-13 05:43:11] [SEVERE ] placing card 36 in slot 5
[2022-12-13 05:43:11] [SEVERE ] placing card 51 in slot 6
[2022-12-13 05:43:11] [SEVERE ] placing card 13 in slot 7
[2022-12-13 05:43:11] [SEVERE ] placing card 26 in slot 8
[2022-12-13 05:43:11] [SEVERE ] placing card 54 in slot 9
[2022-12-13 05:43:11] [SEVERE ] placing card 59 in slot 10
[2022-12-13 05:43:11] [SEVERE ] placing card 65 in slot 11
[2022-12-13 05:43:11] [SEVERE ] player 5 placing token on slot 5
[2022-12-13 05:43:11] [SEVERE ] player 2 placing token on slot 9
[2022-12-13 05:43:11] [SEVERE ] player 3 placing token on slot 4
[2022-12-13 05:43:11] [SEVERE ] player 4 placing token on slot 3
[2022-12-13 05:43:11] [SEVERE ] player 5 placing token on slot 3
[2022-12-13 05:43:11] [SEVERE ] player 3 placing token on slot 7
[2022-12-13 05:43:11] [SEVERE ] player 4 placing token on slot 10
[2022-12-13 05:43:11] [SEVERE ] player 2 placing token on slot 5
[2022-12-13 05:43:11] [SEVERE ] player 5 placing token on slot 9
[2022-12-13 05:43:11] [SEVERE ] setting player 5 freeze to 3
[2022-12-13 05:43:11] [SEVERE ] player 4 placing token on slot 4
[2022-12-13 05:43:11] [SEVERE ] player 3 placing token on slot 5
[2022-12-13 05:43:11] [SEVERE ] player 2 placing token on slot 2
[2022-12-13 05:43:11] [SEVERE ] setting player 4 freeze to 3
[2022-12-13 05:43:11] [SEVERE ] setting player 2 freeze to 3
[2022-12-13 05:43:11] [SEVERE ] setting player 3 freeze to 3
[2022-12-13 05:43:12] [SEVERE ] setting player 5 freeze to 2
[2022-12-13 05:43:12] [SEVERE ] setting player 4 freeze to 2
[2022-12-13 05:43:12] [SEVERE ] setting player 2 freeze to 2
[2022-12-13 05:43:12] [SEVERE ] setting player 3 freeze to 2
[2022-12-13 05:43:13] [SEVERE ] setting player 5 freeze to 1
[2022-12-13 05:43:13] [SEVERE ] setting player 4 freeze to 1
[2022-12-13 05:43:13] [SEVERE ] setting player 2 freeze to 1
[2022-12-13 05:43:13] [SEVERE ] setting player 3 freeze to 1
[2022-12-13 05:43:14] [SEVERE ] removing player 5 token from slot 3
[2022-12-13 05:43:14] [SEVERE ] removing player 5 token from slot 5
[2022-12-13 05:43:14] [SEVERE ] removing player 5 token from slot 9
[2022-12-13 05:43:14] [SEVERE ] removing player 4 token from slot 3
[2022-12-13 05:43:14] [SEVERE ] removing player 4 token from slot 4
[2022-12-13 05:43:14] [SEVERE ] removing player 4 token from slot 10
[2022-12-13 05:43:14] [SEVERE ] player 4 placing token on slot 7
[2022-12-13 05:43:14] [SEVERE ] removing player 2 token from slot 2
[2022-12-13 05:43:14] [SEVERE ] removing player 2 token from slot 5
[2022-12-13 05:43:14] [SEVERE ] removing player 2 token from slot 9
[2022-12-13 05:43:14] [SEVERE ] removing player 3 token from slot 4
[2022-12-13 05:43:14] [SEVERE ] removing player 3 token from slot 5
[2022-12-13 05:43:14] [SEVERE ] removing player 3 token from slot 7
[2022-12-13 05:43:14] [SEVERE ] player 3 placing token on slot 0
[2022-12-13 05:43:14] [SEVERE ] player 3 placing token on slot 11
[2022-12-13 05:43:15] [SEVERE ] player 5 placing token on slot 11
[2022-12-13 05:43:15] [SEVERE ] player 2 placing token on slot 6
[2022-12-13 05:43:15] [SEVERE ] player 4 placing token on slot 10
[2022-12-13 05:43:15] [SEVERE ] player 5 placing token on slot 0
[2022-12-13 05:43:15] [SEVERE ] player 2 placing token on slot 7
[2022-12-13 05:43:15] [SEVERE ] player 3 placing token on slot 4
[2022-12-13 05:43:15] [SEVERE ] setting player 3 freeze to 3
[2022-12-13 05:43:15] [SEVERE ] player 4 placing token on slot 1
[2022-12-13 05:43:15] [SEVERE ] setting player 4 freeze to 3
[2022-12-13 05:43:15] [SEVERE ] player 5 placing token on slot 9
[2022-12-13 05:43:15] [SEVERE ] setting player 5 freeze to 3
[2022-12-13 05:43:15] [SEVERE ] player 2 placing token on slot 11
[2022-12-13 05:43:15] [SEVERE ] setting player 2 freeze to 3
[2022-12-13 05:43:16] [SEVERE ] setting player 3 freeze to 2
[2022-12-13 05:43:16] [SEVERE ] setting player 4 freeze to 2
[2022-12-13 05:43:16] [SEVERE ] setting player 5 freeze to 2
[2022-12-13 05:43:16] [SEVERE ] setting player 2 freeze to 2
[2022-12-13 05:43:17] [SEVERE ] setting player 3 freeze to 1
[2022-12-13 05:43:17] [SEVERE ] setting player 4 freeze to 1
[2022-12-13 05:43:17] [SEVERE ] setting player 5 freeze to 1
[2022-12-13 05:43:17] [SEVERE ] setting player 2 freeze to 1
[2022-12-13 05:43:18] [SEVERE ] removing player 3 token from slot 0
[2022-12-13 05:43:18] [SEVERE ] removing player 3 token from slot 4
[2022-12-13 05:43:18] [SEVERE ] removing player 4 token from slot 1
[2022-12-13 05:43:18] [SEVERE ] removing player 4 token from slot 7
[2022-12-13 05:43:18] [SEVERE ] removing player 3 token from slot 11
[2022-12-13 05:43:18] [SEVERE ] removing player 4 token from slot 10
[2022-12-13 05:43:18] [SEVERE ] player 4 placing token on slot 9
[2022-12-13 05:43:18] [SEVERE ] removing player 5 token from slot 0
[2022-12-13 05:43:18] [SEVERE ] removing player 5 token from slot 9
[2022-12-13 05:43:18] [SEVERE ] removing player 5 token from slot 11
[2022-12-13 05:43:18] [SEVERE ] player 3 placing token on slot 4
[2022-12-13 05:43:18] [SEVERE ] removing player 2 token from slot 6
[2022-12-13 05:43:18] [SEVERE ] removing player 2 token from slot 7
[2022-12-13 05:43:18] [SEVERE ] removing player 2 token from slot 11
[2022-12-13 05:43:18] [SEVERE ] player 2 placing token on slot 2
[2022-12-13 05:43:18] [SEVERE ] player 5 placing token on slot 6
[2022-12-13 05:43:18] [SEVERE ] player 4 placing token on slot 10
[2022-12-13 05:43:18] [SEVERE ] player 3 placing token on slot 2
[2022-12-13 05:43:18] [SEVERE ] player 4 placing token on slot 1
[2022-12-13 05:43:18] [SEVERE ] setting player 4 freeze to 3
[2022-12-13 05:43:18] [SEVERE ] player 5 placing token on slot 9
[2022-12-13 05:43:18] [SEVERE ] player 2 placing token on slot 11
[2022-12-13 05:43:18] [SEVERE ] player 3 placing token on slot 3
[2022-12-13 05:43:18] [SEVERE ] setting player 3 freeze to 3
[2022-12-13 05:43:18] [SEVERE ] player 2 placing token on slot 9
[2022-12-13 05:43:18] [SEVERE ] setting player 2 freeze to 3
[2022-12-13 05:43:18] [SEVERE ] player 5 placing token on slot 7
[2022-12-13 05:43:18] [SEVERE ] setting player 5 freeze to 3
[2022-12-13 05:43:19] [SEVERE ] setting player 4 freeze to 2
[2022-12-13 05:43:19] [SEVERE ] setting player 3 freeze to 2
[2022-12-13 05:43:19] [SEVERE ] setting player 2 freeze to 2
[2022-12-13 05:43:19] [SEVERE ] setting player 5 freeze to 2
[2022-12-13 05:43:19] [SEVERE ] Key 81 was pressed by player 0
[2022-12-13 05:43:19] [SEVERE ] player 0 placing token on slot 0
[2022-12-13 05:43:20] [SEVERE ] setting player 4 freeze to 1
[2022-12-13 05:43:20] [SEVERE ] setting player 3 freeze to 1
[2022-12-13 05:43:20] [SEVERE ] setting player 2 freeze to 1
[2022-12-13 05:43:20] [SEVERE ] setting player 5 freeze to 1
[2022-12-13 05:43:20] [SEVERE ] Key 87 was pressed by player 0
[2022-12-13 05:43:20] [SEVERE ] player 0 placing token on slot 1
[2022-12-13 05:43:21] [SEVERE ] removing player 4 token from slot 1
[2022-12-13 05:43:21] [SEVERE ] removing player 4 token from slot 9
[2022-12-13 05:43:21] [SEVERE ] removing player 4 token from slot 10
[2022-12-13 05:43:21] [SEVERE ] player 4 placing token on slot 6
[2022-12-13 05:43:21] [SEVERE ] removing player 3 token from slot 2
[2022-12-13 05:43:21] [SEVERE ] removing player 3 token from slot 3
[2022-12-13 05:43:21] [SEVERE ] removing player 3 token from slot 4
[2022-12-13 05:43:21] [SEVERE ] player 3 placing token on slot 4
[2022-12-13 05:43:21] [SEVERE ] removing player 2 token from slot 2
[2022-12-13 05:43:21] [SEVERE ] removing player 2 token from slot 9
[2022-12-13 05:43:21] [SEVERE ] removing player 2 token from slot 11
[2022-12-13 05:43:21] [SEVERE ] removing player 5 token from slot 6
[2022-12-13 05:43:21] [SEVERE ] removing player 5 token from slot 7
[2022-12-13 05:43:21] [SEVERE ] removing player 5 token from slot 9
[2022-12-13 05:43:21] [SEVERE ] player 4 placing token on slot 10
[2022-12-13 05:43:21] [SEVERE ] player 3 placing token on slot 3
[2022-12-13 05:43:21] [SEVERE ] player 5 placing token on slot 8
[2022-12-13 05:43:21] [SEVERE ] player 2 placing token on slot 0
[2022-12-13 05:43:21] [SEVERE ] player 3 placing token on slot 10
[2022-12-13 05:43:21] [SEVERE ] setting player 3 freeze to 3
[2022-12-13 05:43:21] [SEVERE ] player 4 placing token on slot 11
[2022-12-13 05:43:21] [SEVERE ] setting player 4 freeze to 3
[2022-12-13 05:43:21] [SEVERE ] player 5 placing token on slot 1
[2022-12-13 05:43:21] [SEVERE ] player 2 placing token on slot 1
[2022-12-13 05:43:21] [SEVERE ] player 2 placing token on slot 10
[2022-12-13 05:43:21] [SEVERE ] setting player 2 freeze to 3
[2022-12-13 05:43:21] [SEVERE ] player 5 placing token on slot 4
[2022-12-13 05:43:21] [SEVERE ] setting player 5 freeze to 3
[2022-12-13 05:43:22] [SEVERE ] Key 81 was pressed by player 0
[2022-12-13 05:43:22] [SEVERE ] removing player 0 token from slot 0
[2022-12-13 05:43:22] [SEVERE ] setting player 3 freeze to 2
[2022-12-13 05:43:22] [SEVERE ] setting player 4 freeze to 2
[2022-12-13 05:43:22] [SEVERE ] setting player 2 freeze to 2
[2022-12-13 05:43:22] [SEVERE ] setting player 5 freeze to 2
[2022-12-13 05:43:22] [SEVERE ] Key 87 was pressed by player 0
[2022-12-13 05:43:22] [SEVERE ] removing player 0 token from slot 1
[2022-12-13 05:43:23] [SEVERE ] setting player 3 freeze to 1
[2022-12-13 05:43:23] [SEVERE ] setting player 4 freeze to 1
[2022-12-13 05:43:23] [SEVERE ] setting player 2 freeze to 1
[2022-12-13 05:43:23] [SEVERE ] setting player 5 freeze to 1
[2022-12-13 05:43:23] [SEVERE ] Key 69 was pressed by player 0
[2022-12-13 05:43:23] [SEVERE ] player 0 placing token on slot 2
[2022-12-13 05:43:24] [SEVERE ] removing player 3 token from slot 3
[2022-12-13 05:43:24] [SEVERE ] removing player 3 token from slot 4
[2022-12-13 05:43:24] [SEVERE ] removing player 3 token from slot 10
[2022-12-13 05:43:24] [SEVERE ] removing player 4 token from slot 6
[2022-12-13 05:43:24] [SEVERE ] removing player 4 token from slot 10
[2022-12-13 05:43:24] [SEVERE ] removing player 4 token from slot 11
[2022-12-13 05:43:24] [SEVERE ] player 3 placing token on slot 10
[2022-12-13 05:43:24] [SEVERE ] player 4 placing token on slot 1
[2022-12-13 05:43:24] [SEVERE ] player 4 placing token on slot 6
[2022-12-13 05:43:24] [SEVERE ] removing player 2 token from slot 0
[2022-12-13 05:43:24] [SEVERE ] removing player 2 token from slot 1
[2022-12-13 05:43:24] [SEVERE ] removing player 2 token from slot 10
[2022-12-13 05:43:24] [SEVERE ] removing player 5 token from slot 1
[2022-12-13 05:43:24] [SEVERE ] removing player 5 token from slot 4
[2022-12-13 05:43:24] [SEVERE ] removing player 5 token from slot 8
[2022-12-13 05:43:24] [SEVERE ] player 3 placing token on slot 2
[2022-12-13 05:43:24] [SEVERE ] player 2 placing token on slot 8
[2022-12-13 05:43:24] [SEVERE ] player 4 placing token on slot 9
[2022-12-13 05:43:24] [SEVERE ] player 5 placing token on slot 4
[2022-12-13 05:43:24] [SEVERE ] setting player 4 freeze to 3
[2022-12-13 05:43:24] [SEVERE ] player 3 placing token on slot 11
[2022-12-13 05:43:24] [SEVERE ] setting player 3 freeze to 3
[2022-12-13 05:43:24] [SEVERE ] player 2 placing token on slot 4
[2022-12-13 05:43:24] [SEVERE ] player 5 placing token on slot 11
[2022-12-13 05:43:24] [SEVERE ] player 2 placing token on slot 6
[2022-12-13 05:43:24] [SEVERE ] setting player 2 freeze to 3
[2022-12-13 05:43:24] [SEVERE ] player 5 placing token on slot 5
[2022-12-13 05:43:24] [SEVERE ] setting player 5 freeze to 3
[2022-12-13 05:43:25] [SEVERE ] setting player 4 freeze to 2
[2022-12-13 05:43:25] [SEVERE ] setting player 3 freeze to 2
[2022-12-13 05:43:25] [SEVERE ] setting player 2 freeze to 2
[2022-12-13 05:43:25] [SEVERE ] setting player 5 freeze to 2
[2022-12-13 05:43:26] [SEVERE ] setting player 4 freeze to 1
[2022-12-13 05:43:26] [SEVERE ] setting player 3 freeze to 1
[2022-12-13 05:43:26] [SEVERE ] setting player 2 freeze to 1
[2022-12-13 05:43:26] [SEVERE ] setting player 5 freeze to 1
[2022-12-13 05:43:27] [SEVERE ] removing player 4 token from slot 1
[2022-12-13 05:43:27] [SEVERE ] removing player 4 token from slot 6
[2022-12-13 05:43:27] [SEVERE ] removing player 4 token from slot 9
[2022-12-13 05:43:27] [SEVERE ] removing player 3 token from slot 2
[2022-12-13 05:43:27] [SEVERE ] removing player 3 token from slot 10
[2022-12-13 05:43:27] [SEVERE ] removing player 3 token from slot 11
[2022-12-13 05:43:27] [SEVERE ] player 3 placing token on slot 3
[2022-12-13 05:43:27] [SEVERE ] player 4 placing token on slot 9
[2022-12-13 05:43:27] [SEVERE ] removing player 2 token from slot 4
[2022-12-13 05:43:27] [SEVERE ] removing player 2 token from slot 6
[2022-12-13 05:43:27] [SEVERE ] removing player 2 token from slot 8
[2022-12-13 05:43:27] [SEVERE ] player 3 placing token on slot 6
[2022-12-13 05:43:27] [SEVERE ] removing player 5 token from slot 4
[2022-12-13 05:43:27] [SEVERE ] removing player 5 token from slot 5
[2022-12-13 05:43:27] [SEVERE ] removing player 5 token from slot 11
[2022-12-13 05:43:27] [SEVERE ] player 4 placing token on slot 7
[2022-12-13 05:43:27] [SEVERE ] player 5 placing token on slot 11
[2022-12-13 05:43:27] [SEVERE ] player 3 placing token on slot 11
[2022-12-13 05:43:27] [SEVERE ] player 2 placing token on slot 8
[2022-12-13 05:43:27] [SEVERE ] setting player 3 freeze to 3
[2022-12-13 05:43:27] [SEVERE ] player 4 placing token on slot 3
[2022-12-13 05:43:27] [SEVERE ] setting player 4 freeze to 3
[2022-12-13 05:43:27] [SEVERE ] player 5 placing token on slot 10
[2022-12-13 05:43:27] [SEVERE ] player 2 placing token on slot 9
[2022-12-13 05:43:27] [SEVERE ] player 5 placing token on slot 8
[2022-12-13 05:43:27] [SEVERE ] setting player 5 freeze to 3
[2022-12-13 05:43:27] [SEVERE ] player 2 placing token on slot 11
[2022-12-13 05:43:27] [SEVERE ] setting player 2 freeze to 3
[2022-12-13 05:43:28] [SEVERE ] setting player 3 freeze to 2
[2022-12-13 05:43:28] [SEVERE ] setting player 4 freeze to 2
[2022-12-13 05:43:28] [SEVERE ] setting player 5 freeze to 2
[2022-12-13 05:43:28] [SEVERE ] setting player 2 freeze to 2
[2022-12-13 05:43:29] [SEVERE ] setting player 3 freeze to 1
[2022-12-13 05:43:29] [SEVERE ] setting player 4 freeze to 1
[2022-12-13 05:43:29] [SEVERE ] setting player 5 freeze to 1
[2022-12-13 05:43:29] [SEVERE ] setting player 2 freeze to 1
[2022-12-13 05:43:30] [SEVERE ] removing player 3 token from slot 3
[2022-12-13 05:43:30] [SEVERE ] removing player 3 token from slot 6
[2022-12-13 05:43:30] [SEVERE ] removing player 3 token from slot 11
[2022-12-13 05:43:30] [SEVERE ] removing player 4 token from slot 3
[2022-12-13 05:43:30] [SEVERE ] removing player 4 token from slot 7
[2022-12-13 05:43:30] [SEVERE ] removing player 4 token from slot 9
[2022-12-13 05:43:30] [SEVERE ] player 4 placing token on slot 11
[2022-12-13 05:43:30] [SEVERE ] player 3 placing token on slot 5
[2022-12-13 05:43:30] [SEVERE ] player 4 placing token on slot 10
[2022-12-13 05:43:30] [SEVERE ] removing player 5 token from slot 8
[2022-12-13 05:43:30] [SEVERE ] removing player 5 token from slot 10
[2022-12-13 05:43:30] [SEVERE ] removing player 5 token from slot 11
[2022-12-13 05:43:30] [SEVERE ] player 3 placing token on slot 9
[2022-12-13 05:43:30] [SEVERE ] player 4 placing token on slot 7
[2022-12-13 05:43:30] [SEVERE ] setting player 4 freeze to 3
[2022-12-13 05:43:30] [SEVERE ] removing player 2 token from slot 8
[2022-12-13 05:43:30] [SEVERE ] removing player 2 token from slot 9
[2022-12-13 05:43:30] [SEVERE ] removing player 2 token from slot 11
[2022-12-13 05:43:30] [SEVERE ] player 3 placing token on slot 3
[2022-12-13 05:43:30] [SEVERE ] setting player 3 freeze to 3
[2022-12-13 05:43:30] [SEVERE ] player 5 placing token on slot 5
[2022-12-13 05:43:30] [SEVERE ] player 2 placing token on slot 7
[2022-12-13 05:43:30] [SEVERE ] player 5 placing token on slot 7
[2022-12-13 05:43:30] [SEVERE ] player 5 placing token on slot 4
[2022-12-13 05:43:30] [SEVERE ] setting player 5 freeze to 3
[2022-12-13 05:43:30] [SEVERE ] player 2 placing token on slot 4
[2022-12-13 05:43:30] [SEVERE ] player 2 placing token on slot 11
[2022-12-13 05:43:30] [SEVERE ] setting player 2 freeze to 3
[2022-12-13 05:43:31] [SEVERE ] setting player 4 freeze to 2
[2022-12-13 05:43:31] [SEVERE ] setting player 3 freeze to 2
[2022-12-13 05:43:31] [SEVERE ] setting player 5 freeze to 2
[2022-12-13 05:43:31] [SEVERE ] setting player 2 freeze to 2
[2022-12-13 05:43:32] [SEVERE ] setting player 4 freeze to 1
[2022-12-13 05:43:32] [SEVERE ] setting player 3 freeze to 1
[2022-12-13 05:43:32] [SEVERE ] setting player 5 freeze to 1
[2022-12-13 05:43:32] [SEVERE ] setting player 2 freeze to 1
[2022-12-13 05:43:33] [SEVERE ] removing player 4 token from slot 7
[2022-12-13 05:43:33] [SEVERE ] removing player 4 token from slot 10
[2022-12-13 05:43:33] [SEVERE ] removing player 4 token from slot 11
[2022-12-13 05:43:33] [SEVERE ] player 4 placing token on slot 10
[2022-12-13 05:43:33] [SEVERE ] removing player 3 token from slot 3
[2022-12-13 05:43:33] [SEVERE ] removing player 3 token from slot 5
[2022-12-13 05:43:33] [SEVERE ] removing player 3 token from slot 9
[2022-12-13 05:43:33] [SEVERE ] player 4 placing token on slot 6
[2022-12-13 05:43:33] [SEVERE ] player 3 placing token on slot 4
[2022-12-13 05:43:33] [SEVERE ] player 4 placing token on slot 8
[2022-12-13 05:43:33] [SEVERE ] setting player 4 freeze to 3
[2022-12-13 05:43:33] [SEVERE ] player 3 placing token on slot 3
[2022-12-13 05:43:33] [SEVERE ] removing player 5 token from slot 4
[2022-12-13 05:43:33] [SEVERE ] removing player 5 token from slot 5
[2022-12-13 05:43:33] [SEVERE ] removing player 5 token from slot 7
[2022-12-13 05:43:33] [SEVERE ] player 5 placing token on slot 1
[2022-12-13 05:43:33] [SEVERE ] player 3 placing token on slot 10
[2022-12-13 05:43:33] [SEVERE ] setting player 3 freeze to 3
[2022-12-13 05:43:33] [SEVERE ] removing player 2 token from slot 4
[2022-12-13 05:43:33] [SEVERE ] removing player 2 token from slot 7
[2022-12-13 05:43:33] [SEVERE ] removing player 2 token from slot 11
[2022-12-13 05:43:33] [SEVERE ] player 5 placing token on slot 5
[2022-12-13 05:43:33] [SEVERE ] player 2 placing token on slot 9
[2022-12-13 05:43:33] [SEVERE ] player 5 placing token on slot 10
[2022-12-13 05:43:33] [SEVERE ] setting player 5 freeze to 3
[2022-12-13 05:43:33] [SEVERE ] player 2 placing token on slot 4
[2022-12-13 05:43:33] [SEVERE ] player 2 placing token on slot 11
[2022-12-13 05:43:33] [SEVERE ] setting player 2 freeze to 3
[2022-12-13 05:43:34] [SEVERE ] setting player 4 freeze to 2
[2022-12-13 05:43:34] [SEVERE ] setting player 3 freeze to 2
[2022-12-13 05:43:34] [SEVERE ] setting player 5 freeze to 2
[2022-12-13 05:43:34] [SEVERE ] setting player 2 freeze to 2
