[2022-12-12 19:27:49] [INFO   ] cannot read configuration file config.properties trying from resources.
[2022-12-12 19:27:49] [INFO   ] configuration file was loaded from resources directory.
[2022-12-12 19:27:49] [INFO   ] Thread dealer starting.
[2022-12-12 19:27:49] [INFO   ] Thread Thread-1starting.
[2022-12-12 19:27:49] [INFO   ] Thread Thread-0starting.
[2022-12-12 19:27:49] [SEVERE ] placing card 61 in slot 0
[2022-12-12 19:27:49] [SEVERE ] placing card 72 in slot 1
[2022-12-12 19:27:49] [SEVERE ] placing card 51 in slot 2
[2022-12-12 19:27:50] [SEVERE ] placing card 73 in slot 3
[2022-12-12 19:27:50] [SEVERE ] placing card 52 in slot 4
[2022-12-12 19:27:50] [SEVERE ] placing card 17 in slot 5
[2022-12-12 19:27:50] [SEVERE ] placing card 79 in slot 6
[2022-12-12 19:27:50] [SEVERE ] placing card 23 in slot 7
[2022-12-12 19:27:50] [SEVERE ] placing card 4 in slot 8
[2022-12-12 19:27:50] [SEVERE ] placing card 35 in slot 9
[2022-12-12 19:27:50] [SEVERE ] placing card 47 in slot 10
[2022-12-12 19:27:50] [SEVERE ] placing card 58 in slot 11
[2022-12-12 19:27:51] [SEVERE ] Key 81 was pressed by player 0
[2022-12-12 19:27:51] [SEVERE ] player 0 placing token on slot 0
[2022-12-12 19:27:52] [SEVERE ] Key 87 was pressed by player 0
[2022-12-12 19:27:52] [SEVERE ] player 0 placing token on slot 1
[2022-12-12 19:27:56] [SEVERE ] Key 69 was pressed by player 0
[2022-12-12 19:27:56] [SEVERE ] player 0 placing token on slot 2
[2022-12-12 19:27:57] [SEVERE ] Key 81 was pressed by player 0
[2022-12-12 19:27:59] [SEVERE ] removing player 0 token from slot 0
[2022-12-12 19:27:59] [SEVERE ] Key 87 was pressed by player 0
[2022-12-12 19:27:59] [SEVERE ] removing player 0 token from slot 1
