[2022-12-12 15:31:34] [INFO   ] cannot read configuration file config.properties trying from resources.
[2022-12-12 15:31:34] [INFO   ] configuration file was loaded from resources directory.
[2022-12-12 15:31:34] [INFO   ] Thread Thread-0starting.
[2022-12-12 15:31:34] [INFO   ] Thread Thread-5starting.
[2022-12-12 15:31:34] [INFO   ] Thread Thread-4starting.
[2022-12-12 15:31:34] [INFO   ] Thread dealer starting.
[2022-12-12 15:31:34] [INFO   ] Thread Thread-2starting.
[2022-12-12 15:31:34] [INFO   ] Thread Thread-1starting.
[2022-12-12 15:31:34] [INFO   ] Thread Thread-3starting.
[2022-12-12 15:31:34] [INFO   ] Thread computer-5 starting.
[2022-12-12 15:31:34] [INFO   ] Thread computer-2 starting.
[2022-12-12 15:31:34] [INFO   ] Thread computer-4 starting.
[2022-12-12 15:31:34] [INFO   ] Thread computer-3 starting.
[2022-12-12 15:31:34] [SEVERE ] placing card 40 in slot 0
[2022-12-12 15:31:34] [SEVERE ] placing card 21 in slot 1
[2022-12-12 15:31:35] [SEVERE ] placing card 20 in slot 2
[2022-12-12 15:31:35] [SEVERE ] placing card 7 in slot 3
[2022-12-12 15:31:35] [SEVERE ] placing card 26 in slot 4
[2022-12-12 15:31:35] [SEVERE ] placing card 27 in slot 5
[2022-12-12 15:31:35] [SEVERE ] placing card 10 in slot 6
[2022-12-12 15:31:35] [SEVERE ] placing card 70 in slot 7
[2022-12-12 15:31:35] [SEVERE ] placing card 68 in slot 8
[2022-12-12 15:31:35] [SEVERE ] placing card 77 in slot 9
[2022-12-12 15:31:35] [SEVERE ] placing card 41 in slot 10
[2022-12-12 15:31:36] [SEVERE ] placing card 47 in slot 11
[2022-12-12 15:31:36] [SEVERE ] player 3 placing token on slot 9
[2022-12-12 15:31:36] [SEVERE ] player 5 placing token on slot 8
[2022-12-12 15:31:36] [SEVERE ] player 2 placing token on slot 10
[2022-12-12 15:31:36] [SEVERE ] player 4 placing token on slot 4
[2022-12-12 15:31:36] [SEVERE ] player 3 placing token on slot 4
[2022-12-12 15:31:36] [SEVERE ] player 5 placing token on slot 0
[2022-12-12 15:31:36] [SEVERE ] player 2 placing token on slot 11
[2022-12-12 15:31:36] [SEVERE ] player 3 placing token on slot 0
[2022-12-12 15:31:36] [SEVERE ] removing player 3 token from slot 0
[2022-12-12 15:31:36] [SEVERE ] removing player 3 token from slot 4
[2022-12-12 15:31:36] [SEVERE ] removing player 3 token from slot 9
[2022-12-12 15:31:36] [SEVERE ] player 4 placing token on slot 3
[2022-12-12 15:31:36] [SEVERE ] player 5 placing token on slot 11
[2022-12-12 15:31:36] [SEVERE ] removing player 5 token from slot 0
[2022-12-12 15:31:36] [SEVERE ] removing player 5 token from slot 8
[2022-12-12 15:31:36] [SEVERE ] removing player 5 token from slot 11
[2022-12-12 15:31:36] [SEVERE ] player 5 placing token on slot 0
[2022-12-12 15:31:36] [SEVERE ] player 2 placing token on slot 3
[2022-12-12 15:31:36] [SEVERE ] removing player 2 token from slot 3
[2022-12-12 15:31:36] [SEVERE ] removing player 2 token from slot 10
[2022-12-12 15:31:36] [SEVERE ] removing player 2 token from slot 11
[2022-12-12 15:31:36] [SEVERE ] player 3 placing token on slot 1
[2022-12-12 15:31:36] [SEVERE ] player 4 placing token on slot 9
[2022-12-12 15:31:36] [SEVERE ] removing player 4 token from slot 3
[2022-12-12 15:31:36] [SEVERE ] removing player 4 token from slot 4
[2022-12-12 15:31:36] [SEVERE ] removing player 4 token from slot 9
[2022-12-12 15:31:36] [SEVERE ] player 2 placing token on slot 7
[2022-12-12 15:31:36] [SEVERE ] player 5 placing token on slot 9
[2022-12-12 15:31:36] [SEVERE ] player 4 placing token on slot 2
[2022-12-12 15:31:36] [SEVERE ] player 3 placing token on slot 3
[2022-12-12 15:31:36] [SEVERE ] player 2 placing token on slot 11
[2022-12-12 15:31:36] [SEVERE ] player 5 placing token on slot 4
[2022-12-12 15:31:36] [SEVERE ] removing player 5 token from slot 0
[2022-12-12 15:31:36] [SEVERE ] removing player 5 token from slot 4
[2022-12-12 15:31:36] [SEVERE ] removing player 5 token from slot 9
[2022-12-12 15:31:36] [SEVERE ] player 4 placing token on slot 5
[2022-12-12 15:31:36] [SEVERE ] player 3 placing token on slot 8
[2022-12-12 15:31:36] [SEVERE ] removing player 3 token from slot 1
[2022-12-12 15:31:36] [SEVERE ] removing player 3 token from slot 3
[2022-12-12 15:31:36] [SEVERE ] removing player 3 token from slot 8
[2022-12-12 15:31:36] [SEVERE ] player 5 placing token on slot 3
[2022-12-12 15:31:36] [SEVERE ] player 2 placing token on slot 3
[2022-12-12 15:31:36] [SEVERE ] removing player 2 token from slot 3
[2022-12-12 15:31:36] [SEVERE ] removing player 2 token from slot 7
[2022-12-12 15:31:36] [SEVERE ] removing player 2 token from slot 11
[2022-12-12 15:31:36] [SEVERE ] player 4 placing token on slot 10
[2022-12-12 15:31:36] [SEVERE ] removing player 4 token from slot 2
[2022-12-12 15:31:36] [SEVERE ] removing player 4 token from slot 5
[2022-12-12 15:31:36] [SEVERE ] removing player 4 token from slot 10
[2022-12-12 15:31:36] [SEVERE ] player 2 placing token on slot 7
[2022-12-12 15:31:36] [SEVERE ] player 5 placing token on slot 2
[2022-12-12 15:31:36] [SEVERE ] player 3 placing token on slot 8
[2022-12-12 15:31:36] [SEVERE ] player 4 placing token on slot 9
[2022-12-12 15:31:36] [SEVERE ] player 2 placing token on slot 2
[2022-12-12 15:31:36] [SEVERE ] player 3 placing token on slot 7
[2022-12-12 15:31:36] [SEVERE ] player 5 placing token on slot 1
[2022-12-12 15:31:36] [SEVERE ] removing player 5 token from slot 1
[2022-12-12 15:31:36] [SEVERE ] removing player 5 token from slot 2
[2022-12-12 15:31:36] [SEVERE ] removing player 5 token from slot 3
[2022-12-12 15:31:36] [SEVERE ] player 4 placing token on slot 0
[2022-12-12 15:31:36] [SEVERE ] player 3 placing token on slot 3
[2022-12-12 15:31:36] [SEVERE ] removing player 3 token from slot 3
[2022-12-12 15:31:36] [SEVERE ] removing player 3 token from slot 7
[2022-12-12 15:31:36] [SEVERE ] player 2 placing token on slot 11
[2022-12-12 15:31:36] [SEVERE ] removing player 3 token from slot 8
[2022-12-12 15:31:36] [SEVERE ] removing player 2 token from slot 2
[2022-12-12 15:31:36] [SEVERE ] removing player 2 token from slot 7
[2022-12-12 15:31:36] [SEVERE ] removing player 2 token from slot 11
[2022-12-12 15:31:36] [SEVERE ] player 4 placing token on slot 11
[2022-12-12 15:31:36] [SEVERE ] removing player 4 token from slot 0
[2022-12-12 15:31:36] [SEVERE ] removing player 4 token from slot 9
[2022-12-12 15:31:36] [SEVERE ] removing player 4 token from slot 11
[2022-12-12 15:31:36] [SEVERE ] player 5 placing token on slot 8
[2022-12-12 15:31:36] [SEVERE ] player 2 placing token on slot 9
[2022-12-12 15:31:36] [SEVERE ] player 3 placing token on slot 10
[2022-12-12 15:31:36] [SEVERE ] player 4 placing token on slot 8
[2022-12-12 15:31:36] [SEVERE ] player 5 placing token on slot 3
[2022-12-12 15:31:36] [SEVERE ] player 3 placing token on slot 0
[2022-12-12 15:31:36] [SEVERE ] player 4 placing token on slot 4
[2022-12-12 15:31:36] [SEVERE ] player 2 placing token on slot 7
[2022-12-12 15:31:36] [SEVERE ] player 5 placing token on slot 7
[2022-12-12 15:31:36] [SEVERE ] removing player 5 token from slot 3
[2022-12-12 15:31:36] [SEVERE ] removing player 5 token from slot 7
[2022-12-12 15:31:36] [SEVERE ] removing player 5 token from slot 8
[2022-12-12 15:31:36] [SEVERE ] player 2 placing token on slot 2
[2022-12-12 15:31:36] [SEVERE ] removing player 2 token from slot 2
[2022-12-12 15:31:36] [SEVERE ] removing player 2 token from slot 7
[2022-12-12 15:31:36] [SEVERE ] removing player 2 token from slot 9
[2022-12-12 15:31:36] [SEVERE ] player 3 placing token on slot 1
[2022-12-12 15:31:36] [SEVERE ] removing player 3 token from slot 0
[2022-12-12 15:31:36] [SEVERE ] removing player 3 token from slot 1
[2022-12-12 15:31:36] [SEVERE ] removing player 3 token from slot 10
[2022-12-12 15:31:36] [SEVERE ] player 4 placing token on slot 1
[2022-12-12 15:31:36] [SEVERE ] removing player 4 token from slot 1
[2022-12-12 15:31:36] [SEVERE ] removing player 4 token from slot 4
[2022-12-12 15:31:36] [SEVERE ] removing player 4 token from slot 8
[2022-12-12 15:31:36] [SEVERE ] player 5 placing token on slot 4
[2022-12-12 15:31:36] [SEVERE ] player 2 placing token on slot 3
[2022-12-12 15:31:36] [SEVERE ] player 3 placing token on slot 3
[2022-12-12 15:31:36] [SEVERE ] player 4 placing token on slot 0
[2022-12-12 15:31:36] [SEVERE ] player 5 placing token on slot 10
[2022-12-12 15:31:36] [SEVERE ] player 2 placing token on slot 11
[2022-12-12 15:31:36] [SEVERE ] player 4 placing token on slot 4
[2022-12-12 15:31:36] [SEVERE ] player 3 placing token on slot 7
[2022-12-12 15:31:36] [SEVERE ] player 5 placing token on slot 0
[2022-12-12 15:31:36] [SEVERE ] removing player 5 token from slot 0
[2022-12-12 15:31:36] [SEVERE ] removing player 5 token from slot 4
[2022-12-12 15:31:36] [SEVERE ] removing player 5 token from slot 10
[2022-12-12 15:31:36] [SEVERE ] player 3 placing token on slot 10
[2022-12-12 15:31:36] [SEVERE ] removing player 3 token from slot 3
[2022-12-12 15:31:36] [SEVERE ] removing player 3 token from slot 7
[2022-12-12 15:31:36] [SEVERE ] removing player 3 token from slot 10
[2022-12-12 15:31:36] [SEVERE ] player 4 placing token on slot 9
[2022-12-12 15:31:36] [SEVERE ] removing player 4 token from slot 0
[2022-12-12 15:31:36] [SEVERE ] removing player 4 token from slot 4
[2022-12-12 15:31:36] [SEVERE ] removing player 4 token from slot 9
[2022-12-12 15:31:36] [SEVERE ] player 2 placing token on slot 8
[2022-12-12 15:31:36] [SEVERE ] removing player 2 token from slot 3
[2022-12-12 15:31:36] [SEVERE ] removing player 2 token from slot 8
[2022-12-12 15:31:36] [SEVERE ] removing player 2 token from slot 11
[2022-12-12 15:31:36] [SEVERE ] player 5 placing token on slot 10
[2022-12-12 15:31:36] [SEVERE ] player 2 placing token on slot 1
[2022-12-12 15:31:36] [SEVERE ] player 3 placing token on slot 11
[2022-12-12 15:31:36] [SEVERE ] player 4 placing token on slot 8
[2022-12-12 15:31:36] [SEVERE ] player 2 placing token on slot 2
[2022-12-12 15:31:36] [SEVERE ] player 5 placing token on slot 0
[2022-12-12 15:31:36] [SEVERE ] player 3 placing token on slot 3
[2022-12-12 15:31:36] [SEVERE ] player 4 placing token on slot 10
[2022-12-12 15:31:36] [SEVERE ] player 5 placing token on slot 5
[2022-12-12 15:31:36] [SEVERE ] removing player 5 token from slot 0
[2022-12-12 15:31:36] [SEVERE ] removing player 5 token from slot 5
[2022-12-12 15:31:36] [SEVERE ] removing player 5 token from slot 10
[2022-12-12 15:31:36] [SEVERE ] player 2 placing token on slot 4
[2022-12-12 15:31:36] [SEVERE ] removing player 2 token from slot 1
[2022-12-12 15:31:36] [SEVERE ] removing player 2 token from slot 2
[2022-12-12 15:31:36] [SEVERE ] player 3 placing token on slot 10
[2022-12-12 15:31:36] [SEVERE ] removing player 2 token from slot 4
[2022-12-12 15:31:36] [SEVERE ] removing player 3 token from slot 3
[2022-12-12 15:31:36] [SEVERE ] removing player 3 token from slot 10
[2022-12-12 15:31:36] [SEVERE ] removing player 3 token from slot 11
[2022-12-12 15:31:36] [SEVERE ] player 4 placing token on slot 3
[2022-12-12 15:31:36] [SEVERE ] removing player 4 token from slot 3
[2022-12-12 15:31:36] [SEVERE ] removing player 4 token from slot 8
[2022-12-12 15:31:36] [SEVERE ] removing player 4 token from slot 10
[2022-12-12 15:31:36] [SEVERE ] player 5 placing token on slot 9
[2022-12-12 15:31:36] [SEVERE ] player 2 placing token on slot 0
[2022-12-12 15:31:36] [SEVERE ] player 3 placing token on slot 7
[2022-12-12 15:31:36] [SEVERE ] player 5 placing token on slot 6
[2022-12-12 15:31:36] [SEVERE ] player 4 placing token on slot 6
[2022-12-12 15:31:36] [SEVERE ] player 2 placing token on slot 3
[2022-12-12 15:31:36] [SEVERE ] player 4 placing token on slot 0
[2022-12-12 15:31:36] [SEVERE ] player 3 placing token on slot 1
[2022-12-12 15:31:36] [SEVERE ] player 2 placing token on slot 1
[2022-12-12 15:31:36] [SEVERE ] removing player 2 token from slot 0
[2022-12-12 15:31:36] [SEVERE ] player 5 placing token on slot 0
[2022-12-12 15:31:36] [SEVERE ] removing player 2 token from slot 1
[2022-12-12 15:31:36] [SEVERE ] removing player 2 token from slot 3
[2022-12-12 15:31:36] [SEVERE ] removing player 5 token from slot 0
[2022-12-12 15:31:36] [SEVERE ] removing player 5 token from slot 6
[2022-12-12 15:31:36] [SEVERE ] removing player 5 token from slot 9
[2022-12-12 15:31:36] [SEVERE ] player 4 placing token on slot 10
[2022-12-12 15:31:36] [SEVERE ] player 5 placing token on slot 9
[2022-12-12 15:31:36] [SEVERE ] player 3 placing token on slot 5
[2022-12-12 15:31:36] [SEVERE ] removing player 3 token from slot 1
[2022-12-12 15:31:36] [SEVERE ] player 2 placing token on slot 2
[2022-12-12 15:31:36] [SEVERE ] removing player 3 token from slot 5
[2022-12-12 15:31:36] [SEVERE ] removing player 3 token from slot 7
[2022-12-12 15:31:36] [SEVERE ] removing player 4 token from slot 0
[2022-12-12 15:31:36] [SEVERE ] removing player 4 token from slot 6
[2022-12-12 15:31:36] [SEVERE ] removing player 4 token from slot 10
[2022-12-12 15:31:36] [SEVERE ] player 3 placing token on slot 6
[2022-12-12 15:31:36] [SEVERE ] player 5 placing token on slot 7
[2022-12-12 15:31:36] [SEVERE ] player 4 placing token on slot 8
[2022-12-12 15:31:36] [SEVERE ] player 3 placing token on slot 3
[2022-12-12 15:31:36] [SEVERE ] player 2 placing token on slot 6
[2022-12-12 15:31:36] [SEVERE ] player 4 placing token on slot 9
[2022-12-12 15:31:36] [SEVERE ] player 5 placing token on slot 8
[2022-12-12 15:31:36] [SEVERE ] removing player 5 token from slot 7
[2022-12-12 15:31:36] [SEVERE ] removing player 5 token from slot 8
[2022-12-12 15:31:36] [SEVERE ] removing player 5 token from slot 9
[2022-12-12 15:31:36] [SEVERE ] player 3 placing token on slot 5
[2022-12-12 15:31:36] [SEVERE ] player 2 placing token on slot 7
[2022-12-12 15:31:36] [SEVERE ] player 4 placing token on slot 11
[2022-12-12 15:31:36] [SEVERE ] removing player 2 token from slot 2
[2022-12-12 15:31:36] [SEVERE ] removing player 2 token from slot 6
[2022-12-12 15:31:36] [SEVERE ] removing player 2 token from slot 7
[2022-12-12 15:31:36] [SEVERE ] removing player 3 token from slot 3
[2022-12-12 15:31:36] [SEVERE ] removing player 3 token from slot 5
[2022-12-12 15:31:36] [SEVERE ] removing player 3 token from slot 6
[2022-12-12 15:31:36] [SEVERE ] removing player 4 token from slot 8
[2022-12-12 15:31:36] [SEVERE ] removing player 4 token from slot 9
[2022-12-12 15:31:36] [SEVERE ] removing player 4 token from slot 11
[2022-12-12 15:31:36] [SEVERE ] player 3 placing token on slot 6
[2022-12-12 15:31:36] [SEVERE ] player 4 placing token on slot 8
[2022-12-12 15:31:36] [SEVERE ] player 2 placing token on slot 9
[2022-12-12 15:31:36] [SEVERE ] player 5 placing token on slot 7
[2022-12-12 15:31:36] [SEVERE ] player 3 placing token on slot 10
[2022-12-12 15:31:36] [SEVERE ] player 4 placing token on slot 7
[2022-12-12 15:31:36] [SEVERE ] player 2 placing token on slot 3
[2022-12-12 15:31:36] [SEVERE ] player 5 placing token on slot 0
[2022-12-12 15:31:36] [SEVERE ] player 3 placing token on slot 3
[2022-12-12 15:31:36] [SEVERE ] removing player 3 token from slot 3
[2022-12-12 15:31:36] [SEVERE ] removing player 3 token from slot 6
[2022-12-12 15:31:36] [SEVERE ] removing player 3 token from slot 10
[2022-12-12 15:31:36] [SEVERE ] player 4 placing token on slot 9
[2022-12-12 15:31:36] [SEVERE ] removing player 4 token from slot 7
[2022-12-12 15:31:36] [SEVERE ] removing player 4 token from slot 8
[2022-12-12 15:31:36] [SEVERE ] removing player 4 token from slot 9
[2022-12-12 15:31:36] [SEVERE ] player 2 placing token on slot 7
[2022-12-12 15:31:36] [SEVERE ] removing player 2 token from slot 3
[2022-12-12 15:31:36] [SEVERE ] removing player 2 token from slot 7
[2022-12-12 15:31:36] [SEVERE ] removing player 2 token from slot 9
[2022-12-12 15:31:36] [SEVERE ] player 4 placing token on slot 2
[2022-12-12 15:31:36] [SEVERE ] player 3 placing token on slot 10
[2022-12-12 15:31:36] [SEVERE ] player 5 placing token on slot 1
[2022-12-12 15:31:36] [SEVERE ] removing player 5 token from slot 0
[2022-12-12 15:31:36] [SEVERE ] removing player 5 token from slot 1
[2022-12-12 15:31:36] [SEVERE ] removing player 5 token from slot 7
[2022-12-12 15:31:37] [SEVERE ] player 3 placing token on slot 5
[2022-12-12 15:31:37] [SEVERE ] player 4 placing token on slot 8
[2022-12-12 15:31:37] [SEVERE ] player 5 placing token on slot 4
[2022-12-12 15:31:37] [SEVERE ] player 2 placing token on slot 9
[2022-12-12 15:31:37] [SEVERE ] player 3 placing token on slot 3
[2022-12-12 15:31:37] [SEVERE ] removing player 3 token from slot 3
[2022-12-12 15:31:37] [SEVERE ] removing player 3 token from slot 5
[2022-12-12 15:31:37] [SEVERE ] removing player 3 token from slot 10
[2022-12-12 15:31:37] [SEVERE ] player 4 placing token on slot 5
[2022-12-12 15:31:37] [SEVERE ] player 3 placing token on slot 0
[2022-12-12 15:31:37] [SEVERE ] player 2 placing token on slot 10
[2022-12-12 15:31:37] [SEVERE ] player 5 placing token on slot 1
[2022-12-12 15:31:37] [SEVERE ] removing player 4 token from slot 2
[2022-12-12 15:31:37] [SEVERE ] removing player 4 token from slot 5
[2022-12-12 15:31:37] [SEVERE ] removing player 4 token from slot 8
[2022-12-12 15:31:37] [SEVERE ] player 5 placing token on slot 8
[2022-12-12 15:31:37] [SEVERE ] removing player 5 token from slot 1
[2022-12-12 15:31:37] [SEVERE ] removing player 5 token from slot 4
[2022-12-12 15:31:37] [SEVERE ] removing player 5 token from slot 8
[2022-12-12 15:31:37] [SEVERE ] player 2 placing token on slot 7
[2022-12-12 15:31:37] [SEVERE ] removing player 2 token from slot 7
[2022-12-12 15:31:37] [SEVERE ] removing player 2 token from slot 9
[2022-12-12 15:31:37] [SEVERE ] removing player 2 token from slot 10
[2022-12-12 15:31:37] [SEVERE ] player 3 placing token on slot 10
[2022-12-12 15:31:37] [SEVERE ] player 4 placing token on slot 2
[2022-12-12 15:31:37] [SEVERE ] player 5 placing token on slot 2
[2022-12-12 15:31:37] [SEVERE ] player 2 placing token on slot 1
[2022-12-12 15:31:37] [SEVERE ] player 4 placing token on slot 1
[2022-12-12 15:31:37] [SEVERE ] player 3 placing token on slot 4
[2022-12-12 15:31:37] [SEVERE ] removing player 3 token from slot 0
[2022-12-12 15:31:37] [SEVERE ] removing player 3 token from slot 4
[2022-12-12 15:31:37] [SEVERE ] removing player 3 token from slot 10
[2022-12-12 15:31:37] [SEVERE ] player 5 placing token on slot 1
[2022-12-12 15:31:37] [SEVERE ] player 4 placing token on slot 0
[2022-12-12 15:31:37] [SEVERE ] removing player 4 token from slot 0
[2022-12-12 15:31:37] [SEVERE ] removing player 4 token from slot 1
[2022-12-12 15:31:37] [SEVERE ] removing player 4 token from slot 2
[2022-12-12 15:31:37] [SEVERE ] player 3 placing token on slot 4
[2022-12-12 15:31:37] [SEVERE ] player 5 placing token on slot 10
[2022-12-12 15:31:37] [SEVERE ] removing player 5 token from slot 1
[2022-12-12 15:31:37] [SEVERE ] removing player 5 token from slot 2
[2022-12-12 15:31:37] [SEVERE ] removing player 5 token from slot 10
[2022-12-12 15:31:37] [SEVERE ] player 2 placing token on slot 6
[2022-12-12 15:31:37] [SEVERE ] player 4 placing token on slot 9
[2022-12-12 15:31:37] [SEVERE ] player 3 placing token on slot 0
[2022-12-12 15:31:37] [SEVERE ] player 2 placing token on slot 8
[2022-12-12 15:31:37] [SEVERE ] removing player 2 token from slot 1
[2022-12-12 15:31:37] [SEVERE ] removing player 2 token from slot 6
[2022-12-12 15:31:37] [SEVERE ] removing player 2 token from slot 8
[2022-12-12 15:31:37] [SEVERE ] player 5 placing token on slot 1
[2022-12-12 15:31:37] [SEVERE ] player 4 placing token on slot 4
[2022-12-12 15:31:37] [SEVERE ] player 3 placing token on slot 8
[2022-12-12 15:31:37] [SEVERE ] removing player 3 token from slot 0
[2022-12-12 15:31:37] [SEVERE ] removing player 3 token from slot 4
[2022-12-12 15:31:37] [SEVERE ] removing player 3 token from slot 8
[2022-12-12 15:31:37] [SEVERE ] player 5 placing token on slot 10
[2022-12-12 15:31:37] [SEVERE ] player 2 placing token on slot 6
[2022-12-12 15:31:37] [SEVERE ] player 3 placing token on slot 3
[2022-12-12 15:31:37] [SEVERE ] player 4 placing token on slot 3
[2022-12-12 15:31:37] [SEVERE ] removing player 4 token from slot 3
[2022-12-12 15:31:37] [SEVERE ] removing player 4 token from slot 4
[2022-12-12 15:31:37] [SEVERE ] removing player 4 token from slot 9
[2022-12-12 15:31:37] [SEVERE ] player 5 placing token on slot 11
[2022-12-12 15:31:37] [SEVERE ] removing player 5 token from slot 1
[2022-12-12 15:31:37] [SEVERE ] removing player 5 token from slot 10
[2022-12-12 15:31:37] [SEVERE ] removing player 5 token from slot 11
[2022-12-12 15:31:37] [SEVERE ] player 2 placing token on slot 2
[2022-12-12 15:31:37] [SEVERE ] player 3 placing token on slot 5
[2022-12-12 15:31:37] [SEVERE ] player 4 placing token on slot 3
[2022-12-12 15:31:37] [SEVERE ] player 2 placing token on slot 5
[2022-12-12 15:31:37] [SEVERE ] player 4 placing token on slot 1
[2022-12-12 15:31:37] [SEVERE ] player 5 placing token on slot 7
[2022-12-12 15:31:37] [SEVERE ] player 3 placing token on slot 11
[2022-12-12 15:31:37] [SEVERE ] removing player 2 token from slot 2
[2022-12-12 15:31:37] [SEVERE ] removing player 2 token from slot 5
[2022-12-12 15:31:37] [SEVERE ] removing player 2 token from slot 6
[2022-12-12 15:31:37] [SEVERE ] removing player 3 token from slot 3
[2022-12-12 15:31:37] [SEVERE ] removing player 3 token from slot 5
[2022-12-12 15:31:37] [SEVERE ] removing player 3 token from slot 11
[2022-12-12 15:31:37] [SEVERE ] player 5 placing token on slot 10
[2022-12-12 15:31:37] [SEVERE ] player 2 placing token on slot 11
[2022-12-12 15:31:37] [SEVERE ] player 4 placing token on slot 4
[2022-12-12 15:31:37] [SEVERE ] player 3 placing token on slot 7
[2022-12-12 15:31:37] [SEVERE ] removing player 4 token from slot 1
[2022-12-12 15:31:37] [SEVERE ] removing player 4 token from slot 3
[2022-12-12 15:31:37] [SEVERE ] removing player 4 token from slot 4
[2022-12-12 15:31:37] [SEVERE ] player 3 placing token on slot 6
[2022-12-12 15:31:37] [SEVERE ] player 5 placing token on slot 9
[2022-12-12 15:31:37] [SEVERE ] player 2 placing token on slot 5
[2022-12-12 15:31:37] [SEVERE ] removing player 5 token from slot 7
[2022-12-12 15:31:37] [SEVERE ] removing player 5 token from slot 9
[2022-12-12 15:31:37] [SEVERE ] removing player 5 token from slot 10
[2022-12-12 15:31:37] [SEVERE ] player 4 placing token on slot 7
[2022-12-12 15:31:37] [SEVERE ] player 3 placing token on slot 1
[2022-12-12 15:31:37] [SEVERE ] removing player 3 token from slot 1
[2022-12-12 15:31:37] [SEVERE ] removing player 3 token from slot 6
[2022-12-12 15:31:37] [SEVERE ] removing player 3 token from slot 7
[2022-12-12 15:31:37] [SEVERE ] player 5 placing token on slot 6
[2022-12-12 15:31:37] [SEVERE ] player 2 placing token on slot 0
[2022-12-12 15:31:37] [SEVERE ] removing player 2 token from slot 0
[2022-12-12 15:31:37] [SEVERE ] removing player 2 token from slot 5
[2022-12-12 15:31:37] [SEVERE ] removing player 2 token from slot 11
[2022-12-12 15:31:37] [SEVERE ] player 4 placing token on slot 1
[2022-12-12 15:31:37] [SEVERE ] player 3 placing token on slot 8
[2022-12-12 15:31:37] [SEVERE ] player 5 placing token on slot 9
[2022-12-12 15:31:37] [SEVERE ] player 4 placing token on slot 2
[2022-12-12 15:31:37] [SEVERE ] removing player 4 token from slot 1
[2022-12-12 15:31:37] [SEVERE ] removing player 4 token from slot 2
[2022-12-12 15:31:37] [SEVERE ] removing player 4 token from slot 7
[2022-12-12 15:31:37] [SEVERE ] player 3 placing token on slot 6
[2022-12-12 15:31:37] [SEVERE ] player 2 placing token on slot 10
[2022-12-12 15:31:37] [SEVERE ] player 5 placing token on slot 5
[2022-12-12 15:31:37] [SEVERE ] removing player 5 token from slot 5
[2022-12-12 15:31:37] [SEVERE ] removing player 5 token from slot 6
[2022-12-12 15:31:37] [SEVERE ] removing player 5 token from slot 9
[2022-12-12 15:31:37] [SEVERE ] player 5 placing token on slot 2
[2022-12-12 15:31:37] [SEVERE ] player 4 placing token on slot 7
[2022-12-12 15:31:37] [SEVERE ] player 3 placing token on slot 4
[2022-12-12 15:31:37] [SEVERE ] player 2 placing token on slot 5
[2022-12-12 15:31:37] [SEVERE ] removing player 3 token from slot 4
[2022-12-12 15:31:37] [SEVERE ] removing player 3 token from slot 6
[2022-12-12 15:31:37] [SEVERE ] removing player 3 token from slot 8
[2022-12-12 15:31:37] [SEVERE ] player 2 placing token on slot 4
[2022-12-12 15:31:37] [SEVERE ] removing player 2 token from slot 4
[2022-12-12 15:31:37] [SEVERE ] removing player 2 token from slot 5
[2022-12-12 15:31:37] [SEVERE ] removing player 2 token from slot 10
[2022-12-12 15:31:37] [SEVERE ] player 3 placing token on slot 8
[2022-12-12 15:31:37] [SEVERE ] player 5 placing token on slot 8
[2022-12-12 15:31:37] [SEVERE ] player 4 placing token on slot 2
[2022-12-12 15:31:37] [SEVERE ] player 2 placing token on slot 1
[2022-12-12 15:31:37] [SEVERE ] player 3 placing token on slot 3
[2022-12-12 15:31:37] [SEVERE ] player 5 placing token on slot 10
[2022-12-12 15:31:37] [SEVERE ] player 3 placing token on slot 11
[2022-12-12 15:31:37] [SEVERE ] player 2 placing token on slot 4
[2022-12-12 15:31:37] [SEVERE ] player 4 placing token on slot 8
[2022-12-12 15:31:37] [SEVERE ] removing player 5 token from slot 2
[2022-12-12 15:31:37] [SEVERE ] removing player 5 token from slot 8
[2022-12-12 15:31:37] [SEVERE ] removing player 5 token from slot 10
[2022-12-12 15:31:37] [SEVERE ] removing player 3 token from slot 3
[2022-12-12 15:31:37] [SEVERE ] removing player 3 token from slot 8
[2022-12-12 15:31:37] [SEVERE ] removing player 3 token from slot 11
[2022-12-12 15:31:37] [SEVERE ] removing player 4 token from slot 2
[2022-12-12 15:31:37] [SEVERE ] removing player 4 token from slot 7
[2022-12-12 15:31:37] [SEVERE ] removing player 4 token from slot 8
[2022-12-12 15:31:37] [SEVERE ] player 2 placing token on slot 10
[2022-12-12 15:31:37] [SEVERE ] removing player 2 token from slot 1
[2022-12-12 15:31:37] [SEVERE ] removing player 2 token from slot 4
[2022-12-12 15:31:37] [SEVERE ] removing player 2 token from slot 10
[2022-12-12 15:31:37] [SEVERE ] player 3 placing token on slot 8
[2022-12-12 15:31:37] [SEVERE ] player 4 placing token on slot 10
[2022-12-12 15:31:37] [SEVERE ] player 5 placing token on slot 4
[2022-12-12 15:31:37] [SEVERE ] player 2 placing token on slot 9
[2022-12-12 15:31:37] [SEVERE ] player 4 placing token on slot 6
[2022-12-12 15:31:37] [SEVERE ] player 3 placing token on slot 6
[2022-12-12 15:31:37] [SEVERE ] player 5 placing token on slot 9
[2022-12-12 15:31:37] [SEVERE ] player 2 placing token on slot 1
[2022-12-12 15:31:37] [SEVERE ] player 4 placing token on slot 8
[2022-12-12 15:31:37] [SEVERE ] removing player 4 token from slot 6
[2022-12-12 15:31:37] [SEVERE ] removing player 4 token from slot 8
[2022-12-12 15:31:37] [SEVERE ] removing player 4 token from slot 10
[2022-12-12 15:31:37] [SEVERE ] player 3 placing token on slot 1
[2022-12-12 15:31:37] [SEVERE ] removing player 3 token from slot 1
[2022-12-12 15:31:37] [SEVERE ] removing player 3 token from slot 6
[2022-12-12 15:31:37] [SEVERE ] removing player 3 token from slot 8
[2022-12-12 15:31:37] [SEVERE ] player 5 placing token on slot 7
[2022-12-12 15:31:37] [SEVERE ] removing player 5 token from slot 4
[2022-12-12 15:31:37] [SEVERE ] removing player 5 token from slot 7
[2022-12-12 15:31:37] [SEVERE ] removing player 5 token from slot 9
[2022-12-12 15:31:37] [SEVERE ] player 4 placing token on slot 0
[2022-12-12 15:31:37] [SEVERE ] player 3 placing token on slot 6
[2022-12-12 15:31:37] [SEVERE ] player 2 placing token on slot 7
[2022-12-12 15:31:37] [SEVERE ] removing player 2 token from slot 1
[2022-12-12 15:31:37] [SEVERE ] removing player 2 token from slot 7
[2022-12-12 15:31:37] [SEVERE ] removing player 2 token from slot 9
[2022-12-12 15:31:37] [SEVERE ] player 5 placing token on slot 5
[2022-12-12 15:31:37] [SEVERE ] player 3 placing token on slot 9
[2022-12-12 15:31:37] [SEVERE ] player 2 placing token on slot 6
[2022-12-12 15:31:37] [SEVERE ] player 4 placing token on slot 11
[2022-12-12 15:31:37] [SEVERE ] player 5 placing token on slot 7
[2022-12-12 15:31:37] [SEVERE ] player 2 placing token on slot 3
[2022-12-12 15:31:37] [SEVERE ] player 3 placing token on slot 11
[2022-12-12 15:31:37] [SEVERE ] removing player 3 token from slot 6
[2022-12-12 15:31:37] [SEVERE ] removing player 3 token from slot 9
[2022-12-12 15:31:37] [SEVERE ] removing player 3 token from slot 11
[2022-12-12 15:31:37] [SEVERE ] player 4 placing token on slot 4
[2022-12-12 15:31:37] [SEVERE ] removing player 4 token from slot 0
[2022-12-12 15:31:37] [SEVERE ] removing player 4 token from slot 4
[2022-12-12 15:31:37] [SEVERE ] player 5 placing token on slot 8
[2022-12-12 15:31:37] [SEVERE ] removing player 4 token from slot 11
[2022-12-12 15:31:37] [SEVERE ] removing player 5 token from slot 5
[2022-12-12 15:31:37] [SEVERE ] removing player 5 token from slot 7
[2022-12-12 15:31:37] [SEVERE ] removing player 5 token from slot 8
[2022-12-12 15:31:37] [SEVERE ] player 3 placing token on slot 11
[2022-12-12 15:31:37] [SEVERE ] player 5 placing token on slot 4
[2022-12-12 15:31:37] [SEVERE ] player 2 placing token on slot 7
[2022-12-12 15:31:37] [SEVERE ] removing player 2 token from slot 3
[2022-12-12 15:31:37] [SEVERE ] removing player 2 token from slot 6
[2022-12-12 15:31:37] [SEVERE ] removing player 2 token from slot 7
[2022-12-12 15:31:38] [SEVERE ] player 4 placing token on slot 6
[2022-12-12 15:31:38] [SEVERE ] player 3 placing token on slot 6
[2022-12-12 15:31:38] [SEVERE ] player 5 placing token on slot 3
[2022-12-12 15:31:38] [SEVERE ] player 2 placing token on slot 0
[2022-12-12 15:31:38] [SEVERE ] player 4 placing token on slot 7
[2022-12-12 15:31:38] [SEVERE ] player 3 placing token on slot 9
[2022-12-12 15:31:38] [SEVERE ] removing player 3 token from slot 6
[2022-12-12 15:31:38] [SEVERE ] removing player 3 token from slot 9
[2022-12-12 15:31:38] [SEVERE ] removing player 3 token from slot 11
[2022-12-12 15:31:38] [SEVERE ] player 2 placing token on slot 1
[2022-12-12 15:31:38] [SEVERE ] player 4 placing token on slot 0
[2022-12-12 15:31:38] [SEVERE ] player 5 placing token on slot 11
[2022-12-12 15:31:38] [SEVERE ] player 3 placing token on slot 4
[2022-12-12 15:31:38] [SEVERE ] player 2 placing token on slot 7
[2022-12-12 15:31:38] [SEVERE ] player 4 placing token on slot 1
[2022-12-12 15:31:38] [SEVERE ] player 3 placing token on slot 2
[2022-12-12 15:31:38] [SEVERE ] player 2 placing token on slot 10
[2022-12-12 15:31:38] [SEVERE ] player 3 placing token on slot 5
[2022-12-12 15:31:38] [SEVERE ] removing tokens from slot 0
[2022-12-12 15:31:38] [SEVERE ] removing card from slot 0
[2022-12-12 15:31:38] [SEVERE ] player 4 placing token on slot 3
[2022-12-12 15:31:38] [SEVERE ] removing tokens from slot 6
[2022-12-12 15:31:38] [SEVERE ] removing card from slot 6
[2022-12-12 15:31:38] [SEVERE ] player 2 placing token on slot 3
[2022-12-12 15:31:38] [SEVERE ] player 4 placing token on slot 7
[2022-12-12 15:31:38] [SEVERE ] removing tokens from slot 7
[2022-12-12 15:31:38] [SEVERE ] removing card from slot 7
[2022-12-12 15:31:38] [SEVERE ] setting player 4 score to 1
[2022-12-12 15:31:38] [SEVERE ] removing player 5 token from slot 3
[2022-12-12 15:31:38] [SEVERE ] removing player 5 token from slot 4
[2022-12-12 15:31:38] [SEVERE ] removing player 5 token from slot 11
[2022-12-12 15:31:38] [SEVERE ] player 4 placing token on slot 8
[2022-12-12 15:31:38] [SEVERE ] player 4 placing token on slot 3
[2022-12-12 15:31:38] [SEVERE ] player 5 placing token on slot 11
[2022-12-12 15:31:38] [SEVERE ] placing card 25 in slot 0
[2022-12-12 15:31:38] [SEVERE ] player 5 placing token on slot 1
[2022-12-12 15:31:38] [SEVERE ] player 4 placing token on slot 1
[2022-12-12 15:31:38] [SEVERE ] placing card 75 in slot 6
[2022-12-12 15:31:38] [SEVERE ] player 5 placing token on slot 8
[2022-12-12 15:31:38] [SEVERE ] placing card 15 in slot 7
[2022-12-12 15:31:38] [SEVERE ] removing player 2 token from slot 1
[2022-12-12 15:31:38] [SEVERE ] removing player 2 token from slot 3
[2022-12-12 15:31:38] [SEVERE ] removing player 2 token from slot 10
[2022-12-12 15:31:38] [SEVERE ] removing player 3 token from slot 2
[2022-12-12 15:31:38] [SEVERE ] removing player 3 token from slot 4
[2022-12-12 15:31:38] [SEVERE ] removing player 3 token from slot 5
[2022-12-12 15:31:38] [SEVERE ] removing player 4 token from slot 1
[2022-12-12 15:31:38] [SEVERE ] removing player 4 token from slot 3
[2022-12-12 15:31:38] [SEVERE ] removing player 4 token from slot 8
[2022-12-12 15:31:38] [SEVERE ] removing player 5 token from slot 1
[2022-12-12 15:31:38] [SEVERE ] removing player 5 token from slot 8
[2022-12-12 15:31:38] [SEVERE ] removing player 5 token from slot 11
[2022-12-12 15:31:38] [SEVERE ] player 3 placing token on slot 3
[2022-12-12 15:31:38] [SEVERE ] player 2 placing token on slot 8
[2022-12-12 15:31:38] [SEVERE ] player 4 placing token on slot 1
[2022-12-12 15:31:38] [SEVERE ] player 5 placing token on slot 10
[2022-12-12 15:31:38] [SEVERE ] player 2 placing token on slot 5
[2022-12-12 15:31:38] [SEVERE ] player 3 placing token on slot 8
[2022-12-12 15:31:38] [SEVERE ] player 4 placing token on slot 3
[2022-12-12 15:31:38] [SEVERE ] player 2 placing token on slot 10
[2022-12-12 15:31:38] [SEVERE ] removing player 2 token from slot 5
[2022-12-12 15:31:38] [SEVERE ] removing player 2 token from slot 8
[2022-12-12 15:31:38] [SEVERE ] removing player 2 token from slot 10
[2022-12-12 15:31:38] [SEVERE ] player 3 placing token on slot 5
[2022-12-12 15:31:38] [SEVERE ] removing player 3 token from slot 3
[2022-12-12 15:31:38] [SEVERE ] removing player 3 token from slot 5
[2022-12-12 15:31:38] [SEVERE ] removing player 3 token from slot 8
[2022-12-12 15:31:38] [SEVERE ] player 5 placing token on slot 3
[2022-12-12 15:31:38] [SEVERE ] player 4 placing token on slot 8
[2022-12-12 15:31:38] [SEVERE ] removing player 4 token from slot 1
[2022-12-12 15:31:38] [SEVERE ] removing player 4 token from slot 3
[2022-12-12 15:31:38] [SEVERE ] removing player 4 token from slot 8
[2022-12-12 15:31:38] [SEVERE ] player 4 placing token on slot 8
[2022-12-12 15:31:38] [SEVERE ] player 2 placing token on slot 8
[2022-12-12 15:31:38] [SEVERE ] player 3 placing token on slot 8
[2022-12-12 15:31:38] [SEVERE ] player 5 placing token on slot 5
[2022-12-12 15:31:38] [SEVERE ] removing player 5 token from slot 3
[2022-12-12 15:31:38] [SEVERE ] removing player 5 token from slot 5
[2022-12-12 15:31:38] [SEVERE ] removing player 5 token from slot 10
[2022-12-12 15:31:38] [SEVERE ] player 2 placing token on slot 1
[2022-12-12 15:31:38] [SEVERE ] player 3 placing token on slot 2
[2022-12-12 15:31:38] [SEVERE ] player 5 placing token on slot 3
[2022-12-12 15:31:38] [SEVERE ] player 4 placing token on slot 11
[2022-12-12 15:31:38] [SEVERE ] player 2 placing token on slot 9
[2022-12-12 15:31:38] [SEVERE ] removing player 2 token from slot 1
[2022-12-12 15:31:38] [SEVERE ] removing player 2 token from slot 8
[2022-12-12 15:31:38] [SEVERE ] removing player 2 token from slot 9
[2022-12-12 15:31:38] [SEVERE ] player 4 placing token on slot 5
[2022-12-12 15:31:38] [SEVERE ] removing player 4 token from slot 5
[2022-12-12 15:31:38] [SEVERE ] removing player 4 token from slot 8
[2022-12-12 15:31:38] [SEVERE ] removing player 4 token from slot 11
[2022-12-12 15:31:38] [SEVERE ] player 3 placing token on slot 5
[2022-12-12 15:31:38] [SEVERE ] removing player 3 token from slot 2
[2022-12-12 15:31:38] [SEVERE ] removing player 3 token from slot 5
[2022-12-12 15:31:38] [SEVERE ] removing player 3 token from slot 8
[2022-12-12 15:31:38] [SEVERE ] player 5 placing token on slot 0
[2022-12-12 15:31:38] [SEVERE ] player 2 placing token on slot 4
[2022-12-12 15:31:38] [SEVERE ] player 4 placing token on slot 6
[2022-12-12 15:31:38] [SEVERE ] player 3 placing token on slot 4
[2022-12-12 15:31:38] [SEVERE ] player 5 placing token on slot 4
[2022-12-12 15:31:38] [SEVERE ] removing player 5 token from slot 0
[2022-12-12 15:31:38] [SEVERE ] removing player 5 token from slot 3
[2022-12-12 15:31:38] [SEVERE ] removing player 5 token from slot 4
[2022-12-12 15:31:38] [SEVERE ] player 2 placing token on slot 0
[2022-12-12 15:31:38] [SEVERE ] player 4 placing token on slot 8
[2022-12-12 15:31:38] [SEVERE ] player 5 placing token on slot 10
[2022-12-12 15:31:38] [SEVERE ] player 3 placing token on slot 9
[2022-12-12 15:31:38] [SEVERE ] player 5 placing token on slot 2
[2022-12-12 15:31:38] [SEVERE ] player 2 placing token on slot 11
[2022-12-12 15:31:38] [SEVERE ] removing player 2 token from slot 0
[2022-12-12 15:31:38] [SEVERE ] removing player 2 token from slot 4
[2022-12-12 15:31:38] [SEVERE ] removing player 2 token from slot 11
[2022-12-12 15:31:38] [SEVERE ] player 4 placing token on slot 10
[2022-12-12 15:31:38] [SEVERE ] removing player 4 token from slot 6
[2022-12-12 15:31:38] [SEVERE ] removing player 4 token from slot 8
[2022-12-12 15:31:38] [SEVERE ] removing player 4 token from slot 10
[2022-12-12 15:31:38] [SEVERE ] player 3 placing token on slot 5
[2022-12-12 15:31:38] [SEVERE ] removing player 3 token from slot 4
[2022-12-12 15:31:38] [SEVERE ] removing player 3 token from slot 5
[2022-12-12 15:31:38] [SEVERE ] removing player 3 token from slot 9
[2022-12-12 15:31:38] [SEVERE ] player 2 placing token on slot 1
[2022-12-12 15:31:38] [SEVERE ] player 5 placing token on slot 7
[2022-12-12 15:31:38] [SEVERE ] removing player 5 token from slot 2
[2022-12-12 15:31:38] [SEVERE ] removing player 5 token from slot 7
[2022-12-12 15:31:38] [SEVERE ] removing player 5 token from slot 10
[2022-12-12 15:31:38] [SEVERE ] player 3 placing token on slot 8
[2022-12-12 15:31:38] [SEVERE ] player 4 placing token on slot 7
[2022-12-12 15:31:38] [SEVERE ] player 2 placing token on slot 7
[2022-12-12 15:31:39] [SEVERE ] player 3 placing token on slot 11
[2022-12-12 15:31:39] [SEVERE ] player 4 placing token on slot 4
[2022-12-12 15:31:39] [SEVERE ] player 5 placing token on slot 3
[2022-12-12 15:31:39] [SEVERE ] player 3 placing token on slot 2
[2022-12-12 15:31:39] [SEVERE ] removing player 3 token from slot 2
[2022-12-12 15:31:39] [SEVERE ] removing player 3 token from slot 8
[2022-12-12 15:31:39] [SEVERE ] removing player 3 token from slot 11
[2022-12-12 15:31:39] [SEVERE ] player 2 placing token on slot 5
[2022-12-12 15:31:39] [SEVERE ] removing player 2 token from slot 1
[2022-12-12 15:31:39] [SEVERE ] removing player 2 token from slot 5
[2022-12-12 15:31:39] [SEVERE ] removing player 2 token from slot 7
[2022-12-12 15:31:39] [SEVERE ] player 4 placing token on slot 10
[2022-12-12 15:31:39] [SEVERE ] removing player 4 token from slot 4
[2022-12-12 15:31:39] [SEVERE ] removing player 4 token from slot 7
[2022-12-12 15:31:39] [SEVERE ] removing player 4 token from slot 10
[2022-12-12 15:31:39] [SEVERE ] player 5 placing token on slot 5
[2022-12-12 15:31:39] [SEVERE ] player 3 placing token on slot 1
[2022-12-12 15:31:39] [SEVERE ] player 5 placing token on slot 7
[2022-12-12 15:31:39] [SEVERE ] removing player 5 token from slot 3
[2022-12-12 15:31:39] [SEVERE ] removing player 5 token from slot 5
[2022-12-12 15:31:39] [SEVERE ] removing player 5 token from slot 7
[2022-12-12 15:31:39] [SEVERE ] player 2 placing token on slot 5
[2022-12-12 15:31:39] [SEVERE ] player 4 placing token on slot 0
[2022-12-12 15:31:39] [SEVERE ] player 3 placing token on slot 0
[2022-12-12 15:31:39] [SEVERE ] player 5 placing token on slot 9
[2022-12-12 15:31:39] [SEVERE ] player 3 placing token on slot 10
[2022-12-12 15:31:39] [SEVERE ] removing player 3 token from slot 0
[2022-12-12 15:31:39] [SEVERE ] removing player 3 token from slot 1
[2022-12-12 15:31:39] [SEVERE ] removing player 3 token from slot 10
[2022-12-12 15:31:39] [SEVERE ] player 2 placing token on slot 7
[2022-12-12 15:31:39] [SEVERE ] player 4 placing token on slot 11
[2022-12-12 15:31:39] [SEVERE ] player 5 placing token on slot 3
[2022-12-12 15:31:39] [SEVERE ] player 2 placing token on slot 11
[2022-12-12 15:31:39] [SEVERE ] removing player 2 token from slot 5
[2022-12-12 15:31:39] [SEVERE ] removing player 2 token from slot 7
[2022-12-12 15:31:39] [SEVERE ] removing player 2 token from slot 11
[2022-12-12 15:31:39] [SEVERE ] player 3 placing token on slot 10
[2022-12-12 15:31:39] [SEVERE ] player 4 placing token on slot 5
[2022-12-12 15:31:39] [SEVERE ] removing player 4 token from slot 0
[2022-12-12 15:31:39] [SEVERE ] removing player 4 token from slot 5
[2022-12-12 15:31:39] [SEVERE ] removing player 4 token from slot 11
[2022-12-12 15:31:39] [SEVERE ] player 5 placing token on slot 11
[2022-12-12 15:31:39] [SEVERE ] removing player 5 token from slot 3
[2022-12-12 15:31:39] [SEVERE ] removing player 5 token from slot 9
[2022-12-12 15:31:39] [SEVERE ] removing player 5 token from slot 11
[2022-12-12 15:31:39] [SEVERE ] player 3 placing token on slot 3
[2022-12-12 15:31:39] [SEVERE ] player 2 placing token on slot 3
[2022-12-12 15:31:39] [SEVERE ] player 4 placing token on slot 1
[2022-12-12 15:31:39] [SEVERE ] player 5 placing token on slot 11
[2022-12-12 15:31:39] [SEVERE ] player 3 placing token on slot 5
[2022-12-12 15:31:39] [SEVERE ] removing player 3 token from slot 3
[2022-12-12 15:31:39] [SEVERE ] removing player 3 token from slot 5
[2022-12-12 15:31:39] [SEVERE ] removing player 3 token from slot 10
[2022-12-12 15:31:39] [SEVERE ] player 2 placing token on slot 10
[2022-12-12 15:31:39] [SEVERE ] player 3 placing token on slot 2
[2022-12-12 15:31:39] [SEVERE ] player 4 placing token on slot 0
[2022-12-12 15:31:39] [SEVERE ] player 5 placing token on slot 1
[2022-12-12 15:31:39] [SEVERE ] player 3 placing token on slot 1
[2022-12-12 15:31:39] [SEVERE ] player 2 placing token on slot 0
[2022-12-12 15:31:39] [SEVERE ] removing player 2 token from slot 0
[2022-12-12 15:31:39] [SEVERE ] removing player 2 token from slot 3
[2022-12-12 15:31:39] [SEVERE ] removing player 2 token from slot 10
[2022-12-12 15:31:39] [SEVERE ] player 4 placing token on slot 8
[2022-12-12 15:31:39] [SEVERE ] removing player 4 token from slot 0
[2022-12-12 15:31:39] [SEVERE ] removing player 4 token from slot 1
[2022-12-12 15:31:39] [SEVERE ] removing player 4 token from slot 8
[2022-12-12 15:31:39] [SEVERE ] player 5 placing token on slot 3
[2022-12-12 15:31:39] [SEVERE ] removing player 5 token from slot 1
[2022-12-12 15:31:39] [SEVERE ] removing player 5 token from slot 3
[2022-12-12 15:31:39] [SEVERE ] removing player 5 token from slot 11
[2022-12-12 15:31:39] [SEVERE ] player 3 placing token on slot 5
[2022-12-12 15:31:39] [SEVERE ] removing player 3 token from slot 1
[2022-12-12 15:31:39] [SEVERE ] removing player 3 token from slot 2
[2022-12-12 15:31:39] [SEVERE ] removing player 3 token from slot 5
[2022-12-12 15:31:39] [SEVERE ] player 2 placing token on slot 1
[2022-12-12 15:31:39] [SEVERE ] player 5 placing token on slot 6
[2022-12-12 15:31:39] [SEVERE ] player 4 placing token on slot 4
[2022-12-12 15:31:39] [SEVERE ] player 3 placing token on slot 8
[2022-12-12 15:31:39] [SEVERE ] player 2 placing token on slot 11
[2022-12-12 15:31:39] [SEVERE ] player 5 placing token on slot 4
[2022-12-12 15:31:39] [SEVERE ] player 4 placing token on slot 0
[2022-12-12 15:31:39] [SEVERE ] player 4 placing token on slot 9
[2022-12-12 15:31:39] [SEVERE ] removing player 4 token from slot 0
[2022-12-12 15:31:39] [SEVERE ] removing player 4 token from slot 4
[2022-12-12 15:31:39] [SEVERE ] removing player 4 token from slot 9
[2022-12-12 15:31:39] [SEVERE ] player 2 placing token on slot 10
[2022-12-12 15:31:39] [SEVERE ] player 5 placing token on slot 0
[2022-12-12 15:31:39] [SEVERE ] removing player 2 token from slot 1
[2022-12-12 15:31:39] [SEVERE ] removing player 2 token from slot 10
[2022-12-12 15:31:39] [SEVERE ] removing player 2 token from slot 11
[2022-12-12 15:31:39] [SEVERE ] removing player 5 token from slot 0
[2022-12-12 15:31:39] [SEVERE ] removing player 5 token from slot 4
[2022-12-12 15:31:39] [SEVERE ] removing player 5 token from slot 6
[2022-12-12 15:31:39] [SEVERE ] player 3 placing token on slot 5
[2022-12-12 15:31:39] [SEVERE ] player 4 placing token on slot 5
[2022-12-12 15:31:39] [SEVERE ] player 5 placing token on slot 6
[2022-12-12 15:31:39] [SEVERE ] player 3 placing token on slot 1
[2022-12-12 15:31:39] [SEVERE ] removing player 3 token from slot 1
[2022-12-12 15:31:39] [SEVERE ] removing player 3 token from slot 5
[2022-12-12 15:31:39] [SEVERE ] removing player 3 token from slot 8
[2022-12-12 15:31:39] [SEVERE ] player 2 placing token on slot 8
[2022-12-12 15:31:39] [SEVERE ] player 5 placing token on slot 3
[2022-12-12 15:31:39] [SEVERE ] player 4 placing token on slot 4
[2022-12-12 15:31:39] [SEVERE ] player 3 placing token on slot 1
[2022-12-12 15:31:39] [SEVERE ] player 2 placing token on slot 9
[2022-12-12 15:31:39] [SEVERE ] player 5 placing token on slot 11
[2022-12-12 15:31:39] [SEVERE ] removing player 5 token from slot 3
[2022-12-12 15:31:39] [SEVERE ] removing player 5 token from slot 6
[2022-12-12 15:31:39] [SEVERE ] removing player 5 token from slot 11
[2022-12-12 15:31:39] [SEVERE ] player 4 placing token on slot 9
[2022-12-12 15:31:39] [SEVERE ] removing player 4 token from slot 4
[2022-12-12 15:31:39] [SEVERE ] removing player 4 token from slot 5
[2022-12-12 15:31:39] [SEVERE ] removing player 4 token from slot 9
[2022-12-12 15:31:39] [SEVERE ] player 3 placing token on slot 5
[2022-12-12 15:31:39] [SEVERE ] player 2 placing token on slot 2
[2022-12-12 15:31:39] [SEVERE ] removing player 2 token from slot 2
[2022-12-12 15:31:39] [SEVERE ] removing player 2 token from slot 8
[2022-12-12 15:31:39] [SEVERE ] removing player 2 token from slot 9
[2022-12-12 15:31:39] [SEVERE ] player 4 placing token on slot 8
[2022-12-12 15:31:39] [SEVERE ] player 5 placing token on slot 7
[2022-12-12 15:31:39] [SEVERE ] player 3 placing token on slot 11
[2022-12-12 15:31:39] [SEVERE ] removing player 3 token from slot 1
[2022-12-12 15:31:39] [SEVERE ] removing player 3 token from slot 5
[2022-12-12 15:31:39] [SEVERE ] removing player 3 token from slot 11
[2022-12-12 15:31:39] [SEVERE ] player 4 placing token on slot 3
[2022-12-12 15:31:39] [SEVERE ] player 2 placing token on slot 4
[2022-12-12 15:31:39] [SEVERE ] player 5 placing token on slot 11
[2022-12-12 15:31:39] [SEVERE ] player 3 placing token on slot 6
[2022-12-12 15:31:39] [SEVERE ] player 2 placing token on slot 11
[2022-12-12 15:31:39] [SEVERE ] player 5 placing token on slot 6
[2022-12-12 15:31:39] [SEVERE ] removing player 5 token from slot 6
[2022-12-12 15:31:39] [SEVERE ] removing player 5 token from slot 7
[2022-12-12 15:31:39] [SEVERE ] removing player 5 token from slot 11
[2022-12-12 15:31:39] [SEVERE ] player 4 placing token on slot 7
[2022-12-12 15:31:39] [SEVERE ] removing player 4 token from slot 3
[2022-12-12 15:31:39] [SEVERE ] removing player 4 token from slot 7
[2022-12-12 15:31:39] [SEVERE ] removing player 4 token from slot 8
[2022-12-12 15:31:39] [SEVERE ] player 2 placing token on slot 7
[2022-12-12 15:31:39] [SEVERE ] removing player 2 token from slot 4
[2022-12-12 15:31:39] [SEVERE ] removing player 2 token from slot 7
[2022-12-12 15:31:39] [SEVERE ] removing player 2 token from slot 11
[2022-12-12 15:31:39] [SEVERE ] player 3 placing token on slot 3
[2022-12-12 15:31:39] [SEVERE ] player 5 placing token on slot 1
[2022-12-12 15:31:39] [SEVERE ] player 4 placing token on slot 7
[2022-12-12 15:31:39] [SEVERE ] player 2 placing token on slot 2
[2022-12-12 15:31:39] [SEVERE ] player 3 placing token on slot 11
[2022-12-12 15:31:39] [SEVERE ] removing player 3 token from slot 3
[2022-12-12 15:31:39] [SEVERE ] removing player 3 token from slot 6
[2022-12-12 15:31:39] [SEVERE ] removing player 3 token from slot 11
[2022-12-12 15:31:39] [SEVERE ] player 4 placing token on slot 9
[2022-12-12 15:31:39] [SEVERE ] player 5 placing token on slot 5
[2022-12-12 15:31:39] [SEVERE ] player 2 placing token on slot 8
[2022-12-12 15:31:39] [SEVERE ] player 3 placing token on slot 3
[2022-12-12 15:31:39] [SEVERE ] player 4 placing token on slot 4
[2022-12-12 15:31:39] [SEVERE ] removing player 4 token from slot 4
[2022-12-12 15:31:39] [SEVERE ] removing player 4 token from slot 7
[2022-12-12 15:31:39] [SEVERE ] removing player 4 token from slot 9
[2022-12-12 15:31:39] [SEVERE ] player 5 placing token on slot 3
[2022-12-12 15:31:39] [SEVERE ] removing player 5 token from slot 1
[2022-12-12 15:31:39] [SEVERE ] removing player 5 token from slot 3
[2022-12-12 15:31:39] [SEVERE ] removing player 5 token from slot 5
[2022-12-12 15:31:39] [SEVERE ] player 3 placing token on slot 5
[2022-12-12 15:31:39] [SEVERE ] player 2 placing token on slot 6
[2022-12-12 15:31:39] [SEVERE ] removing player 2 token from slot 2
[2022-12-12 15:31:39] [SEVERE ] removing player 2 token from slot 6
[2022-12-12 15:31:39] [SEVERE ] removing player 2 token from slot 8
[2022-12-12 15:31:39] [SEVERE ] player 4 placing token on slot 8
[2022-12-12 15:31:39] [SEVERE ] player 5 placing token on slot 1
[2022-12-12 15:31:39] [SEVERE ] player 2 placing token on slot 3
[2022-12-12 15:31:39] [SEVERE ] player 3 placing token on slot 11
[2022-12-12 15:31:39] [SEVERE ] removing player 3 token from slot 3
[2022-12-12 15:31:39] [SEVERE ] removing player 3 token from slot 5
[2022-12-12 15:31:39] [SEVERE ] removing player 3 token from slot 11
[2022-12-12 15:31:39] [SEVERE ] player 5 placing token on slot 11
[2022-12-12 15:31:39] [SEVERE ] player 4 placing token on slot 10
[2022-12-12 15:31:39] [SEVERE ] player 2 placing token on slot 6
[2022-12-12 15:31:39] [SEVERE ] player 3 placing token on slot 5
[2022-12-12 15:31:39] [SEVERE ] player 4 placing token on slot 3
[2022-12-12 15:31:39] [SEVERE ] removing player 4 token from slot 3
[2022-12-12 15:31:39] [SEVERE ] removing player 4 token from slot 8
[2022-12-12 15:31:39] [SEVERE ] removing player 4 token from slot 10
[2022-12-12 15:31:39] [SEVERE ] player 2 placing token on slot 0
[2022-12-12 15:31:39] [SEVERE ] removing player 2 token from slot 0
[2022-12-12 15:31:39] [SEVERE ] removing player 2 token from slot 3
[2022-12-12 15:31:39] [SEVERE ] removing player 2 token from slot 6
[2022-12-12 15:31:39] [SEVERE ] player 5 placing token on slot 7
[2022-12-12 15:31:39] [SEVERE ] removing player 5 token from slot 1
[2022-12-12 15:31:39] [SEVERE ] removing player 5 token from slot 7
[2022-12-12 15:31:39] [SEVERE ] removing player 5 token from slot 11
[2022-12-12 15:31:39] [SEVERE ] player 3 placing token on slot 1
[2022-12-12 15:31:39] [SEVERE ] player 5 placing token on slot 11
[2022-12-12 15:31:39] [SEVERE ] player 4 placing token on slot 8
[2022-12-12 15:31:39] [SEVERE ] player 2 placing token on slot 1
[2022-12-12 15:31:39] [SEVERE ] player 3 placing token on slot 9
[2022-12-12 15:31:39] [SEVERE ] removing player 3 token from slot 1
[2022-12-12 15:31:39] [SEVERE ] removing player 3 token from slot 5
[2022-12-12 15:31:39] [SEVERE ] removing player 3 token from slot 9
[2022-12-12 15:31:39] [SEVERE ] player 2 placing token on slot 4
[2022-12-12 15:31:39] [SEVERE ] player 4 placing token on slot 1
[2022-12-12 15:31:39] [SEVERE ] player 5 placing token on slot 10
[2022-12-12 15:31:39] [SEVERE ] player 4 placing token on slot 10
[2022-12-12 15:31:39] [SEVERE ] removing player 4 token from slot 1
[2022-12-12 15:31:39] [SEVERE ] removing player 4 token from slot 8
[2022-12-12 15:31:39] [SEVERE ] removing player 4 token from slot 10
[2022-12-12 15:31:39] [SEVERE ] player 2 placing token on slot 7
[2022-12-12 15:31:39] [SEVERE ] player 3 placing token on slot 7
[2022-12-12 15:31:39] [SEVERE ] removing player 2 token from slot 1
[2022-12-12 15:31:39] [SEVERE ] removing player 2 token from slot 4
[2022-12-12 15:31:39] [SEVERE ] removing player 2 token from slot 7
[2022-12-12 15:31:39] [SEVERE ] player 5 placing token on slot 7
[2022-12-12 15:31:39] [SEVERE ] removing player 5 token from slot 7
[2022-12-12 15:31:39] [SEVERE ] removing player 5 token from slot 10
[2022-12-12 15:31:39] [SEVERE ] removing player 5 token from slot 11
[2022-12-12 15:31:39] [SEVERE ] player 4 placing token on slot 3
[2022-12-12 15:31:39] [SEVERE ] player 3 placing token on slot 1
[2022-12-12 15:31:39] [SEVERE ] player 2 placing token on slot 10
[2022-12-12 15:31:39] [SEVERE ] player 5 placing token on slot 2
[2022-12-12 15:31:39] [SEVERE ] player 2 placing token on slot 9
[2022-12-12 15:31:39] [SEVERE ] player 4 placing token on slot 11
[2022-12-12 15:31:39] [SEVERE ] player 3 placing token on slot 3
[2022-12-12 15:31:39] [SEVERE ] removing player 3 token from slot 1
[2022-12-12 15:31:39] [SEVERE ] removing player 3 token from slot 3
[2022-12-12 15:31:39] [SEVERE ] removing player 3 token from slot 7
[2022-12-12 15:31:39] [SEVERE ] player 5 placing token on slot 7
[2022-12-12 15:31:39] [SEVERE ] player 4 placing token on slot 7
[2022-12-12 15:31:39] [SEVERE ] removing player 4 token from slot 3
[2022-12-12 15:31:39] [SEVERE ] removing player 4 token from slot 7
[2022-12-12 15:31:39] [SEVERE ] removing player 4 token from slot 11
[2022-12-12 15:31:39] [SEVERE ] player 2 placing token on slot 2
[2022-12-12 15:31:39] [SEVERE ] player 3 placing token on slot 6
[2022-12-12 15:31:39] [SEVERE ] removing player 2 token from slot 2
[2022-12-12 15:31:39] [SEVERE ] removing player 2 token from slot 9
[2022-12-12 15:31:39] [SEVERE ] removing player 2 token from slot 10
[2022-12-12 15:31:39] [SEVERE ] player 4 placing token on slot 8
[2022-12-12 15:31:39] [SEVERE ] player 5 placing token on slot 11
[2022-12-12 15:31:39] [SEVERE ] removing player 5 token from slot 2
[2022-12-12 15:31:39] [SEVERE ] removing player 5 token from slot 7
[2022-12-12 15:31:39] [SEVERE ] removing player 5 token from slot 11
[2022-12-12 15:31:39] [SEVERE ] player 3 placing token on slot 2
[2022-12-12 15:31:39] [SEVERE ] player 2 placing token on slot 2
[2022-12-12 15:31:39] [SEVERE ] player 4 placing token on slot 4
[2022-12-12 15:31:39] [SEVERE ] player 5 placing token on slot 8
[2022-12-12 15:31:39] [SEVERE ] player 3 placing token on slot 11
[2022-12-12 15:31:39] [SEVERE ] removing player 3 token from slot 2
[2022-12-12 15:31:39] [SEVERE ] removing player 3 token from slot 6
[2022-12-12 15:31:39] [SEVERE ] removing player 3 token from slot 11
[2022-12-12 15:31:39] [SEVERE ] player 2 placing token on slot 4
[2022-12-12 15:31:39] [SEVERE ] player 4 placing token on slot 0
[2022-12-12 15:31:39] [SEVERE ] removing player 4 token from slot 0
[2022-12-12 15:31:39] [SEVERE ] removing player 4 token from slot 4
[2022-12-12 15:31:39] [SEVERE ] removing player 4 token from slot 8
[2022-12-12 15:31:39] [SEVERE ] player 3 placing token on slot 10
[2022-12-12 15:31:39] [SEVERE ] player 5 placing token on slot 10
[2022-12-12 15:31:39] [SEVERE ] player 2 placing token on slot 10
[2022-12-12 15:31:39] [SEVERE ] removing player 2 token from slot 2
[2022-12-12 15:31:39] [SEVERE ] removing player 2 token from slot 4
[2022-12-12 15:31:39] [SEVERE ] removing player 2 token from slot 10
[2022-12-12 15:31:39] [SEVERE ] player 4 placing token on slot 10
[2022-12-12 15:31:39] [SEVERE ] player 3 placing token on slot 5
[2022-12-12 15:31:39] [SEVERE ] player 5 placing token on slot 2
[2022-12-12 15:31:39] [SEVERE ] removing player 5 token from slot 2
[2022-12-12 15:31:39] [SEVERE ] removing player 5 token from slot 8
[2022-12-12 15:31:39] [SEVERE ] removing player 5 token from slot 10
[2022-12-12 15:31:39] [SEVERE ] player 4 placing token on slot 3
[2022-12-12 15:31:39] [SEVERE ] player 2 placing token on slot 0
[2022-12-12 15:31:40] [SEVERE ] player 5 placing token on slot 8
[2022-12-12 15:31:40] [SEVERE ] player 3 placing token on slot 3
[2022-12-12 15:31:40] [SEVERE ] removing player 3 token from slot 3
[2022-12-12 15:31:40] [SEVERE ] removing player 3 token from slot 5
[2022-12-12 15:31:40] [SEVERE ] removing player 3 token from slot 10
[2022-12-12 15:31:40] [SEVERE ] player 2 placing token on slot 10
[2022-12-12 15:31:40] [SEVERE ] player 4 placing token on slot 1
[2022-12-12 15:31:40] [SEVERE ] removing player 4 token from slot 1
[2022-12-12 15:31:40] [SEVERE ] removing player 4 token from slot 3
[2022-12-12 15:31:40] [SEVERE ] removing player 4 token from slot 10
[2022-12-12 15:31:40] [SEVERE ] player 3 placing token on slot 10
[2022-12-12 15:31:40] [SEVERE ] player 5 placing token on slot 7
[2022-12-12 15:31:40] [SEVERE ] player 2 placing token on slot 8
[2022-12-12 15:31:40] [SEVERE ] removing player 2 token from slot 0
[2022-12-12 15:31:40] [SEVERE ] removing player 2 token from slot 8
[2022-12-12 15:31:40] [SEVERE ] removing player 2 token from slot 10
[2022-12-12 15:31:40] [SEVERE ] player 4 placing token on slot 8
[2022-12-12 15:31:40] [SEVERE ] player 3 placing token on slot 5
[2022-12-12 15:31:40] [SEVERE ] player 5 placing token on slot 4
[2022-12-12 15:31:40] [SEVERE ] removing player 5 token from slot 4
[2022-12-12 15:31:40] [SEVERE ] removing player 5 token from slot 7
[2022-12-12 15:31:40] [SEVERE ] removing player 5 token from slot 8
[2022-12-12 15:31:40] [SEVERE ] player 2 placing token on slot 10
[2022-12-12 15:31:40] [SEVERE ] player 3 placing token on slot 9
[2022-12-12 15:31:40] [SEVERE ] removing player 3 token from slot 5
[2022-12-12 15:31:40] [SEVERE ] removing player 3 token from slot 9
[2022-12-12 15:31:40] [SEVERE ] removing player 3 token from slot 10
[2022-12-12 15:31:40] [SEVERE ] player 5 placing token on slot 11
[2022-12-12 15:31:40] [SEVERE ] player 4 placing token on slot 10
[2022-12-12 15:31:40] [SEVERE ] player 3 placing token on slot 6
[2022-12-12 15:31:40] [SEVERE ] player 2 placing token on slot 11
[2022-12-12 15:31:40] [SEVERE ] player 5 placing token on slot 4
[2022-12-12 15:31:40] [SEVERE ] player 4 placing token on slot 7
[2022-12-12 15:31:40] [SEVERE ] removing player 4 token from slot 7
[2022-12-12 15:31:40] [SEVERE ] removing player 4 token from slot 8
[2022-12-12 15:31:40] [SEVERE ] removing player 4 token from slot 10
[2022-12-12 15:31:40] [SEVERE ] player 3 placing token on slot 8
[2022-12-12 15:31:40] [SEVERE ] player 2 placing token on slot 9
[2022-12-12 15:31:40] [SEVERE ] removing player 2 token from slot 9
[2022-12-12 15:31:40] [SEVERE ] removing player 2 token from slot 10
[2022-12-12 15:31:40] [SEVERE ] removing player 2 token from slot 11
[2022-12-12 15:31:40] [SEVERE ] player 3 placing token on slot 3
[2022-12-12 15:31:40] [SEVERE ] removing player 3 token from slot 3
[2022-12-12 15:31:40] [SEVERE ] removing player 3 token from slot 6
[2022-12-12 15:31:40] [SEVERE ] removing player 3 token from slot 8
[2022-12-12 15:31:40] [SEVERE ] player 5 placing token on slot 1
[2022-12-12 15:31:40] [SEVERE ] removing player 5 token from slot 1
[2022-12-12 15:31:40] [SEVERE ] removing player 5 token from slot 4
[2022-12-12 15:31:40] [SEVERE ] removing player 5 token from slot 11
[2022-12-12 15:31:40] [SEVERE ] player 4 placing token on slot 4
[2022-12-12 15:31:40] [SEVERE ] player 3 placing token on slot 1
[2022-12-12 15:31:40] [SEVERE ] player 2 placing token on slot 7
[2022-12-12 15:31:40] [SEVERE ] player 4 placing token on slot 11
[2022-12-12 15:31:40] [SEVERE ] player 5 placing token on slot 3
[2022-12-12 15:31:40] [SEVERE ] player 2 placing token on slot 1
[2022-12-12 15:31:40] [SEVERE ] player 3 placing token on slot 9
[2022-12-12 15:31:40] [SEVERE ] player 4 placing token on slot 0
[2022-12-12 15:31:40] [SEVERE ] removing player 4 token from slot 0
[2022-12-12 15:31:40] [SEVERE ] removing player 4 token from slot 4
[2022-12-12 15:31:40] [SEVERE ] removing player 4 token from slot 11
[2022-12-12 15:31:40] [SEVERE ] player 5 placing token on slot 1
[2022-12-12 15:31:40] [SEVERE ] player 3 placing token on slot 11
[2022-12-12 15:31:40] [SEVERE ] removing player 3 token from slot 1
[2022-12-12 15:31:40] [SEVERE ] removing player 3 token from slot 9
[2022-12-12 15:31:40] [SEVERE ] removing player 3 token from slot 11
[2022-12-12 15:31:40] [SEVERE ] player 2 placing token on slot 9
[2022-12-12 15:31:40] [SEVERE ] removing player 2 token from slot 1
[2022-12-12 15:31:40] [SEVERE ] removing player 2 token from slot 7
[2022-12-12 15:31:40] [SEVERE ] removing player 2 token from slot 9
[2022-12-12 15:31:40] [SEVERE ] player 4 placing token on slot 1
[2022-12-12 15:31:40] [SEVERE ] player 2 placing token on slot 7
[2022-12-12 15:31:40] [SEVERE ] player 5 placing token on slot 4
[2022-12-12 15:31:40] [SEVERE ] removing player 5 token from slot 1
[2022-12-12 15:31:40] [SEVERE ] removing player 5 token from slot 3
[2022-12-12 15:31:40] [SEVERE ] removing player 5 token from slot 4
[2022-12-12 15:31:40] [SEVERE ] player 3 placing token on slot 0
[2022-12-12 15:31:40] [SEVERE ] player 2 placing token on slot 2
[2022-12-12 15:31:40] [SEVERE ] player 4 placing token on slot 4
[2022-12-12 15:31:40] [SEVERE ] player 5 placing token on slot 0
[2022-12-12 15:31:40] [SEVERE ] player 3 placing token on slot 6
[2022-12-12 15:31:40] [SEVERE ] player 2 placing token on slot 3
[2022-12-12 15:31:40] [SEVERE ] removing player 2 token from slot 2
[2022-12-12 15:31:40] [SEVERE ] removing player 2 token from slot 3
[2022-12-12 15:31:40] [SEVERE ] removing player 2 token from slot 7
[2022-12-12 15:31:40] [SEVERE ] player 4 placing token on slot 0
[2022-12-12 15:31:40] [SEVERE ] removing player 4 token from slot 0
[2022-12-12 15:31:40] [SEVERE ] removing player 4 token from slot 1
[2022-12-12 15:31:40] [SEVERE ] removing player 4 token from slot 4
[2022-12-12 15:31:40] [SEVERE ] player 5 placing token on slot 10
[2022-12-12 15:31:40] [SEVERE ] player 3 placing token on slot 11
[2022-12-12 15:31:40] [SEVERE ] player 2 placing token on slot 2
[2022-12-12 15:31:40] [SEVERE ] player 4 placing token on slot 6
[2022-12-12 15:31:40] [SEVERE ] player 5 placing token on slot 4
[2022-12-12 15:31:40] [SEVERE ] player 4 placing token on slot 8
[2022-12-12 15:31:40] [SEVERE ] player 5 placing token on slot 9
[2022-12-12 15:31:40] [SEVERE ] player 3 placing token on slot 4
[2022-12-12 15:31:40] [SEVERE ] player 2 placing token on slot 8
[2022-12-12 15:31:40] [SEVERE ] player 4 placing token on slot 5
[2022-12-12 15:31:40] [SEVERE ] player 2 placing token on slot 7
[2022-12-12 15:31:40] [SEVERE ] removing tokens from slot 0
[2022-12-12 15:31:40] [SEVERE ] removing card from slot 0
[2022-12-12 15:31:40] [SEVERE ] player 3 placing token on slot 2
[2022-12-12 15:31:40] [SEVERE ] player 4 placing token on slot 10
[2022-12-12 15:31:40] [SEVERE ] removing tokens from slot 6
[2022-12-12 15:31:40] [SEVERE ] removing card from slot 6
[2022-12-12 15:31:40] [SEVERE ] player 3 placing token on slot 9
[2022-12-12 15:31:40] [SEVERE ] removing tokens from slot 11
[2022-12-12 15:31:40] [SEVERE ] removing card from slot 11
[2022-12-12 15:31:40] [SEVERE ] setting player 3 score to 1
[2022-12-12 15:31:40] [SEVERE ] removing player 4 token from slot 5
[2022-12-12 15:31:40] [SEVERE ] removing player 4 token from slot 8
[2022-12-12 15:31:40] [SEVERE ] removing player 4 token from slot 10
[2022-12-12 15:31:40] [SEVERE ] removing player 5 token from slot 4
[2022-12-12 15:31:40] [SEVERE ] removing player 5 token from slot 9
[2022-12-12 15:31:40] [SEVERE ] removing player 5 token from slot 10
[2022-12-12 15:31:40] [SEVERE ] player 4 placing token on slot 4
[2022-12-12 15:31:40] [SEVERE ] player 3 placing token on slot 10
[2022-12-12 15:31:40] [SEVERE ] player 5 placing token on slot 8
[2022-12-12 15:31:40] [SEVERE ] player 4 placing token on slot 9
[2022-12-12 15:31:40] [SEVERE ] player 3 placing token on slot 3
[2022-12-12 15:31:40] [SEVERE ] player 4 placing token on slot 3
[2022-12-12 15:31:40] [SEVERE ] player 5 placing token on slot 4
[2022-12-12 15:31:40] [SEVERE ] placing card 36 in slot 0
[2022-12-12 15:31:40] [SEVERE ] player 3 placing token on slot 7
[2022-12-12 15:31:40] [SEVERE ] player 5 placing token on slot 0
[2022-12-12 15:31:40] [SEVERE ] placing card 0 in slot 6
[2022-12-12 15:31:40] [SEVERE ] placing card 11 in slot 11
[2022-12-12 15:31:40] [SEVERE ] removing player 2 token from slot 2
[2022-12-12 15:31:40] [SEVERE ] removing player 2 token from slot 7
[2022-12-12 15:31:40] [SEVERE ] removing player 2 token from slot 8
[2022-12-12 15:31:40] [INFO   ] Thread main terminated.
