[2022-12-12 15:31:05] [INFO   ] cannot read configuration file config.properties trying from resources.
[2022-12-12 15:31:05] [INFO   ] configuration file was loaded from resources directory.
[2022-12-12 15:31:06] [INFO   ] Thread Thread-1starting.
[2022-12-12 15:31:06] [INFO   ] Thread Thread-5starting.
[2022-12-12 15:31:06] [INFO   ] Thread Thread-3starting.
[2022-12-12 15:31:06] [INFO   ] Thread Thread-4starting.
[2022-12-12 15:31:06] [INFO   ] Thread dealer starting.
[2022-12-12 15:31:06] [INFO   ] Thread Thread-2starting.
[2022-12-12 15:31:06] [INFO   ] Thread Thread-0starting.
[2022-12-12 15:31:06] [INFO   ] Thread computer-4 starting.
[2022-12-12 15:31:06] [INFO   ] Thread computer-5 starting.
[2022-12-12 15:31:06] [INFO   ] Thread computer-3 starting.
[2022-12-12 15:31:06] [INFO   ] Thread computer-2 starting.
[2022-12-12 15:31:06] [SEVERE ] placing card 38 in slot 0
[2022-12-12 15:31:06] [SEVERE ] placing card 25 in slot 1
[2022-12-12 15:31:06] [SEVERE ] placing card 15 in slot 2
[2022-12-12 15:31:06] [SEVERE ] placing card 23 in slot 3
[2022-12-12 15:31:06] [SEVERE ] placing card 21 in slot 4
[2022-12-12 15:31:07] [SEVERE ] placing card 78 in slot 5
[2022-12-12 15:31:07] [SEVERE ] placing card 69 in slot 6
[2022-12-12 15:31:07] [SEVERE ] placing card 50 in slot 7
[2022-12-12 15:31:07] [SEVERE ] placing card 64 in slot 8
[2022-12-12 15:31:07] [SEVERE ] placing card 62 in slot 9
[2022-12-12 15:31:07] [SEVERE ] placing card 75 in slot 10
[2022-12-12 15:31:07] [SEVERE ] placing card 14 in slot 11
[2022-12-12 15:31:07] [SEVERE ] player 5 placing token on slot 4
[2022-12-12 15:31:07] [SEVERE ] player 3 placing token on slot 2
[2022-12-12 15:31:07] [SEVERE ] player 2 placing token on slot 7
[2022-12-12 15:31:07] [SEVERE ] player 4 placing token on slot 2
[2022-12-12 15:31:07] [SEVERE ] player 5 placing token on slot 11
[2022-12-12 15:31:07] [SEVERE ] player 4 placing token on slot 6
[2022-12-12 15:31:07] [SEVERE ] player 3 placing token on slot 11
[2022-12-12 15:31:07] [SEVERE ] player 2 placing token on slot 4
[2022-12-12 15:31:07] [SEVERE ] player 5 placing token on slot 8
[2022-12-12 15:31:07] [SEVERE ] removing player 5 token from slot 4
[2022-12-12 15:31:07] [SEVERE ] removing player 5 token from slot 8
[2022-12-12 15:31:07] [SEVERE ] removing player 5 token from slot 11
[2022-12-12 15:31:07] [SEVERE ] player 2 placing token on slot 3
[2022-12-12 15:31:07] [SEVERE ] player 4 placing token on slot 1
[2022-12-12 15:31:07] [SEVERE ] removing player 2 token from slot 3
[2022-12-12 15:31:07] [SEVERE ] removing player 2 token from slot 4
[2022-12-12 15:31:07] [SEVERE ] removing player 2 token from slot 7
[2022-12-12 15:31:07] [SEVERE ] player 3 placing token on slot 1
[2022-12-12 15:31:07] [SEVERE ] removing player 3 token from slot 1
[2022-12-12 15:31:07] [SEVERE ] removing player 3 token from slot 2
[2022-12-12 15:31:07] [SEVERE ] removing player 3 token from slot 11
[2022-12-12 15:31:07] [SEVERE ] removing player 4 token from slot 1
[2022-12-12 15:31:07] [SEVERE ] removing player 4 token from slot 2
[2022-12-12 15:31:07] [SEVERE ] removing player 4 token from slot 6
[2022-12-12 15:31:07] [SEVERE ] player 5 placing token on slot 3
[2022-12-12 15:31:07] [SEVERE ] player 4 placing token on slot 8
[2022-12-12 15:31:07] [SEVERE ] player 2 placing token on slot 10
[2022-12-12 15:31:07] [SEVERE ] player 3 placing token on slot 8
[2022-12-12 15:31:07] [SEVERE ] player 5 placing token on slot 8
[2022-12-12 15:31:07] [SEVERE ] player 2 placing token on slot 4
[2022-12-12 15:31:07] [SEVERE ] player 4 placing token on slot 9
[2022-12-12 15:31:07] [SEVERE ] player 3 placing token on slot 5
[2022-12-12 15:31:07] [SEVERE ] player 5 placing token on slot 11
[2022-12-12 15:31:07] [SEVERE ] removing player 5 token from slot 3
[2022-12-12 15:31:07] [SEVERE ] removing player 5 token from slot 8
[2022-12-12 15:31:07] [SEVERE ] removing player 5 token from slot 11
[2022-12-12 15:31:07] [SEVERE ] player 2 placing token on slot 3
[2022-12-12 15:31:07] [SEVERE ] removing player 2 token from slot 3
[2022-12-12 15:31:07] [SEVERE ] removing player 2 token from slot 4
[2022-12-12 15:31:07] [SEVERE ] removing player 2 token from slot 10
[2022-12-12 15:31:07] [SEVERE ] player 4 placing token on slot 2
[2022-12-12 15:31:07] [SEVERE ] removing player 4 token from slot 2
[2022-12-12 15:31:07] [SEVERE ] removing player 4 token from slot 8
[2022-12-12 15:31:07] [SEVERE ] removing player 4 token from slot 9
[2022-12-12 15:31:07] [SEVERE ] player 3 placing token on slot 7
[2022-12-12 15:31:07] [SEVERE ] removing player 3 token from slot 5
[2022-12-12 15:31:07] [SEVERE ] removing player 3 token from slot 7
[2022-12-12 15:31:07] [SEVERE ] removing player 3 token from slot 8
[2022-12-12 15:31:07] [SEVERE ] player 5 placing token on slot 8
[2022-12-12 15:31:07] [SEVERE ] player 2 placing token on slot 10
[2022-12-12 15:31:07] [SEVERE ] player 4 placing token on slot 6
[2022-12-12 15:31:07] [SEVERE ] player 3 placing token on slot 4
[2022-12-12 15:31:07] [SEVERE ] player 5 placing token on slot 9
[2022-12-12 15:31:07] [SEVERE ] player 2 placing token on slot 0
[2022-12-12 15:31:07] [SEVERE ] player 4 placing token on slot 2
[2022-12-12 15:31:07] [SEVERE ] player 3 placing token on slot 10
[2022-12-12 15:31:07] [SEVERE ] player 5 placing token on slot 4
[2022-12-12 15:31:07] [SEVERE ] removing player 5 token from slot 4
[2022-12-12 15:31:07] [SEVERE ] removing player 5 token from slot 8
[2022-12-12 15:31:07] [SEVERE ] removing player 5 token from slot 9
[2022-12-12 15:31:07] [SEVERE ] player 2 placing token on slot 11
[2022-12-12 15:31:07] [SEVERE ] removing player 2 token from slot 0
[2022-12-12 15:31:07] [SEVERE ] removing player 2 token from slot 10
[2022-12-12 15:31:07] [SEVERE ] removing player 2 token from slot 11
[2022-12-12 15:31:08] [SEVERE ] player 4 placing token on slot 9
[2022-12-12 15:31:08] [SEVERE ] removing player 4 token from slot 2
[2022-12-12 15:31:08] [SEVERE ] removing player 4 token from slot 6
[2022-12-12 15:31:08] [SEVERE ] removing player 4 token from slot 9
[2022-12-12 15:31:08] [SEVERE ] player 3 placing token on slot 0
[2022-12-12 15:31:08] [SEVERE ] removing player 3 token from slot 0
[2022-12-12 15:31:08] [SEVERE ] removing player 3 token from slot 4
[2022-12-12 15:31:08] [SEVERE ] removing player 3 token from slot 10
[2022-12-12 15:31:08] [SEVERE ] player 5 placing token on slot 7
[2022-12-12 15:31:08] [SEVERE ] player 2 placing token on slot 7
[2022-12-12 15:31:08] [SEVERE ] player 4 placing token on slot 10
[2022-12-12 15:31:08] [SEVERE ] player 3 placing token on slot 4
[2022-12-12 15:31:08] [SEVERE ] player 2 placing token on slot 6
[2022-12-12 15:31:08] [SEVERE ] player 5 placing token on slot 4
[2022-12-12 15:31:08] [SEVERE ] player 4 placing token on slot 0
[2022-12-12 15:31:08] [SEVERE ] player 3 placing token on slot 10
[2022-12-12 15:31:08] [SEVERE ] player 2 placing token on slot 3
[2022-12-12 15:31:08] [SEVERE ] removing player 2 token from slot 3
[2022-12-12 15:31:08] [SEVERE ] removing player 2 token from slot 6
[2022-12-12 15:31:08] [SEVERE ] removing player 2 token from slot 7
[2022-12-12 15:31:08] [SEVERE ] player 5 placing token on slot 5
[2022-12-12 15:31:08] [SEVERE ] removing player 5 token from slot 4
[2022-12-12 15:31:08] [SEVERE ] removing player 5 token from slot 5
[2022-12-12 15:31:08] [SEVERE ] removing player 5 token from slot 7
[2022-12-12 15:31:08] [SEVERE ] player 3 placing token on slot 5
[2022-12-12 15:31:08] [SEVERE ] removing player 3 token from slot 4
[2022-12-12 15:31:08] [SEVERE ] removing player 3 token from slot 5
[2022-12-12 15:31:08] [SEVERE ] removing player 3 token from slot 10
[2022-12-12 15:31:08] [SEVERE ] player 4 placing token on slot 6
[2022-12-12 15:31:08] [SEVERE ] removing player 4 token from slot 0
[2022-12-12 15:31:08] [SEVERE ] removing player 4 token from slot 6
[2022-12-12 15:31:08] [SEVERE ] removing player 4 token from slot 10
[2022-12-12 15:31:08] [SEVERE ] player 2 placing token on slot 10
[2022-12-12 15:31:08] [SEVERE ] player 5 placing token on slot 2
[2022-12-12 15:31:08] [SEVERE ] player 3 placing token on slot 7
[2022-12-12 15:31:08] [SEVERE ] player 5 placing token on slot 3
[2022-12-12 15:31:08] [SEVERE ] player 4 placing token on slot 8
[2022-12-12 15:31:08] [SEVERE ] player 2 placing token on slot 5
[2022-12-12 15:31:08] [SEVERE ] player 3 placing token on slot 8
[2022-12-12 15:31:08] [SEVERE ] player 5 placing token on slot 8
[2022-12-12 15:31:08] [SEVERE ] removing player 5 token from slot 2
[2022-12-12 15:31:08] [SEVERE ] removing player 5 token from slot 3
[2022-12-12 15:31:08] [SEVERE ] removing player 5 token from slot 8
[2022-12-12 15:31:08] [SEVERE ] player 2 placing token on slot 3
[2022-12-12 15:31:08] [SEVERE ] removing player 2 token from slot 3
[2022-12-12 15:31:08] [SEVERE ] removing player 2 token from slot 5
[2022-12-12 15:31:08] [SEVERE ] removing player 2 token from slot 10
[2022-12-12 15:31:08] [SEVERE ] player 3 placing token on slot 4
[2022-12-12 15:31:08] [SEVERE ] player 4 placing token on slot 11
[2022-12-12 15:31:08] [SEVERE ] removing player 3 token from slot 4
[2022-12-12 15:31:08] [SEVERE ] removing player 3 token from slot 7
[2022-12-12 15:31:08] [SEVERE ] removing player 3 token from slot 8
[2022-12-12 15:31:08] [SEVERE ] player 5 placing token on slot 4
[2022-12-12 15:31:08] [SEVERE ] player 2 placing token on slot 2
[2022-12-12 15:31:08] [SEVERE ] player 4 placing token on slot 7
[2022-12-12 15:31:08] [SEVERE ] player 3 placing token on slot 9
[2022-12-12 15:31:08] [SEVERE ] removing player 4 token from slot 7
[2022-12-12 15:31:08] [SEVERE ] removing player 4 token from slot 8
[2022-12-12 15:31:08] [SEVERE ] removing player 4 token from slot 11
[2022-12-12 15:31:08] [SEVERE ] player 5 placing token on slot 6
[2022-12-12 15:31:08] [SEVERE ] player 2 placing token on slot 7
[2022-12-12 15:31:08] [SEVERE ] player 3 placing token on slot 11
[2022-12-12 15:31:08] [SEVERE ] player 4 placing token on slot 8
[2022-12-12 15:31:08] [SEVERE ] player 2 placing token on slot 6
[2022-12-12 15:31:08] [SEVERE ] removing player 2 token from slot 2
[2022-12-12 15:31:08] [SEVERE ] removing player 2 token from slot 6
[2022-12-12 15:31:08] [SEVERE ] removing player 2 token from slot 7
[2022-12-12 15:31:08] [SEVERE ] player 5 placing token on slot 7
[2022-12-12 15:31:08] [SEVERE ] removing player 5 token from slot 4
[2022-12-12 15:31:08] [SEVERE ] removing player 5 token from slot 6
[2022-12-12 15:31:08] [SEVERE ] removing player 5 token from slot 7
[2022-12-12 15:31:08] [SEVERE ] player 3 placing token on slot 2
[2022-12-12 15:31:08] [SEVERE ] removing player 3 token from slot 2
[2022-12-12 15:31:08] [SEVERE ] removing player 3 token from slot 9
[2022-12-12 15:31:08] [SEVERE ] removing player 3 token from slot 11
[2022-12-12 15:31:08] [SEVERE ] player 4 placing token on slot 11
[2022-12-12 15:31:08] [SEVERE ] player 5 placing token on slot 3
[2022-12-12 15:31:08] [SEVERE ] player 3 placing token on slot 2
[2022-12-12 15:31:08] [SEVERE ] player 2 placing token on slot 5
[2022-12-12 15:31:08] [SEVERE ] player 2 placing token on slot 3
[2022-12-12 15:31:08] [SEVERE ] player 3 placing token on slot 4
[2022-12-12 15:31:08] [SEVERE ] player 5 placing token on slot 6
[2022-12-12 15:31:08] [SEVERE ] player 4 placing token on slot 7
[2022-12-12 15:31:08] [SEVERE ] player 2 placing token on slot 1
[2022-12-12 15:31:08] [SEVERE ] removing player 4 token from slot 7
[2022-12-12 15:31:08] [SEVERE ] removing player 4 token from slot 8
[2022-12-12 15:31:08] [SEVERE ] removing player 4 token from slot 11
[2022-12-12 15:31:08] [SEVERE ] removing player 2 token from slot 1
[2022-12-12 15:31:08] [SEVERE ] removing player 2 token from slot 3
[2022-12-12 15:31:08] [SEVERE ] removing player 2 token from slot 5
[2022-12-12 15:31:08] [SEVERE ] player 3 placing token on slot 0
[2022-12-12 15:31:08] [SEVERE ] player 4 placing token on slot 8
[2022-12-12 15:31:08] [SEVERE ] player 5 placing token on slot 5
[2022-12-12 15:31:08] [SEVERE ] player 2 placing token on slot 0
[2022-12-12 15:31:08] [SEVERE ] removing player 3 token from slot 0
[2022-12-12 15:31:08] [SEVERE ] removing player 3 token from slot 2
[2022-12-12 15:31:08] [SEVERE ] removing player 3 token from slot 4
[2022-12-12 15:31:08] [SEVERE ] removing player 5 token from slot 3
[2022-12-12 15:31:08] [SEVERE ] removing player 5 token from slot 5
[2022-12-12 15:31:08] [SEVERE ] removing player 5 token from slot 6
[2022-12-12 15:31:08] [SEVERE ] player 4 placing token on slot 1
[2022-12-12 15:31:08] [SEVERE ] player 5 placing token on slot 0
[2022-12-12 15:31:08] [SEVERE ] player 3 placing token on slot 2
[2022-12-12 15:31:08] [SEVERE ] player 2 placing token on slot 3
[2022-12-12 15:31:08] [SEVERE ] player 4 placing token on slot 2
[2022-12-12 15:31:08] [SEVERE ] removing player 4 token from slot 1
[2022-12-12 15:31:08] [SEVERE ] removing player 4 token from slot 2
[2022-12-12 15:31:08] [SEVERE ] player 2 placing token on slot 11
[2022-12-12 15:31:08] [SEVERE ] player 5 placing token on slot 9
[2022-12-12 15:31:08] [SEVERE ] player 3 placing token on slot 7
[2022-12-12 15:31:08] [SEVERE ] removing player 4 token from slot 8
[2022-12-12 15:31:08] [SEVERE ] removing player 2 token from slot 0
[2022-12-12 15:31:08] [SEVERE ] removing player 2 token from slot 3
[2022-12-12 15:31:08] [SEVERE ] removing player 2 token from slot 11
[2022-12-12 15:31:08] [SEVERE ] player 5 placing token on slot 10
[2022-12-12 15:31:08] [SEVERE ] player 3 placing token on slot 1
[2022-12-12 15:31:08] [SEVERE ] removing player 5 token from slot 0
[2022-12-12 15:31:08] [SEVERE ] removing player 5 token from slot 9
[2022-12-12 15:31:08] [SEVERE ] removing player 5 token from slot 10
[2022-12-12 15:31:08] [SEVERE ] removing player 3 token from slot 1
[2022-12-12 15:31:08] [SEVERE ] removing player 3 token from slot 2
[2022-12-12 15:31:08] [SEVERE ] removing player 3 token from slot 7
[2022-12-12 15:31:08] [SEVERE ] player 2 placing token on slot 0
[2022-12-12 15:31:08] [SEVERE ] player 5 placing token on slot 3
[2022-12-12 15:31:08] [SEVERE ] player 4 placing token on slot 4
[2022-12-12 15:31:08] [SEVERE ] player 3 placing token on slot 5
[2022-12-12 15:31:08] [SEVERE ] player 4 placing token on slot 1
[2022-12-12 15:31:08] [SEVERE ] player 2 placing token on slot 10
[2022-12-12 15:31:08] [SEVERE ] player 5 placing token on slot 5
[2022-12-12 15:31:08] [SEVERE ] player 3 placing token on slot 8
[2022-12-12 15:31:08] [SEVERE ] player 2 placing token on slot 11
[2022-12-12 15:31:08] [SEVERE ] removing player 2 token from slot 0
[2022-12-12 15:31:08] [SEVERE ] removing player 2 token from slot 10
[2022-12-12 15:31:08] [SEVERE ] removing player 2 token from slot 11
[2022-12-12 15:31:08] [SEVERE ] player 3 placing token on slot 7
[2022-12-12 15:31:08] [SEVERE ] player 4 placing token on slot 3
[2022-12-12 15:31:08] [SEVERE ] removing player 3 token from slot 5
[2022-12-12 15:31:08] [SEVERE ] removing player 3 token from slot 7
[2022-12-12 15:31:08] [SEVERE ] removing player 3 token from slot 8
[2022-12-12 15:31:08] [SEVERE ] removing player 4 token from slot 1
[2022-12-12 15:31:08] [SEVERE ] removing player 4 token from slot 3
[2022-12-12 15:31:08] [SEVERE ] removing player 4 token from slot 4
[2022-12-12 15:31:08] [SEVERE ] player 5 placing token on slot 6
[2022-12-12 15:31:08] [SEVERE ] removing player 5 token from slot 3
[2022-12-12 15:31:08] [SEVERE ] removing player 5 token from slot 5
[2022-12-12 15:31:08] [SEVERE ] removing player 5 token from slot 6
[2022-12-12 15:31:08] [SEVERE ] player 2 placing token on slot 6
[2022-12-12 15:31:08] [SEVERE ] player 4 placing token on slot 5
[2022-12-12 15:31:08] [SEVERE ] player 5 placing token on slot 3
[2022-12-12 15:31:08] [SEVERE ] player 3 placing token on slot 7
[2022-12-12 15:31:08] [SEVERE ] player 5 placing token on slot 10
[2022-12-12 15:31:08] [SEVERE ] player 2 placing token on slot 11
[2022-12-12 15:31:08] [SEVERE ] player 4 placing token on slot 9
[2022-12-12 15:31:08] [SEVERE ] player 5 placing token on slot 8
[2022-12-12 15:31:08] [SEVERE ] player 4 placing token on slot 4
[2022-12-12 15:31:08] [SEVERE ] player 2 placing token on slot 1
[2022-12-12 15:31:08] [SEVERE ] player 3 placing token on slot 0
[2022-12-12 15:31:08] [SEVERE ] removing player 5 token from slot 3
[2022-12-12 15:31:08] [SEVERE ] removing player 5 token from slot 8
[2022-12-12 15:31:08] [SEVERE ] removing player 5 token from slot 10
[2022-12-12 15:31:08] [SEVERE ] removing player 2 token from slot 1
[2022-12-12 15:31:08] [SEVERE ] removing player 2 token from slot 6
[2022-12-12 15:31:08] [SEVERE ] removing player 2 token from slot 11
[2022-12-12 15:31:08] [SEVERE ] removing player 4 token from slot 4
[2022-12-12 15:31:08] [SEVERE ] removing player 4 token from slot 5
[2022-12-12 15:31:08] [SEVERE ] removing player 4 token from slot 9
[2022-12-12 15:31:08] [SEVERE ] player 5 placing token on slot 6
[2022-12-12 15:31:08] [SEVERE ] player 4 placing token on slot 6
[2022-12-12 15:31:08] [SEVERE ] player 5 placing token on slot 7
[2022-12-12 15:31:08] [SEVERE ] player 3 placing token on slot 9
[2022-12-12 15:31:08] [SEVERE ] player 2 placing token on slot 8
[2022-12-12 15:31:08] [SEVERE ] removing player 3 token from slot 0
[2022-12-12 15:31:08] [SEVERE ] removing player 3 token from slot 7
[2022-12-12 15:31:08] [SEVERE ] removing player 3 token from slot 9
[2022-12-12 15:31:08] [SEVERE ] player 2 placing token on slot 1
[2022-12-12 15:31:08] [SEVERE ] player 5 placing token on slot 8
[2022-12-12 15:31:08] [SEVERE ] removing player 5 token from slot 6
[2022-12-12 15:31:08] [SEVERE ] player 3 placing token on slot 1
[2022-12-12 15:31:08] [SEVERE ] player 4 placing token on slot 5
[2022-12-12 15:31:08] [SEVERE ] removing player 5 token from slot 7
[2022-12-12 15:31:08] [SEVERE ] removing player 5 token from slot 8
[2022-12-12 15:31:08] [SEVERE ] player 2 placing token on slot 11
[2022-12-12 15:31:08] [SEVERE ] removing player 2 token from slot 1
[2022-12-12 15:31:08] [SEVERE ] removing player 2 token from slot 8
[2022-12-12 15:31:08] [SEVERE ] removing player 2 token from slot 11
[2022-12-12 15:31:08] [SEVERE ] player 5 placing token on slot 10
[2022-12-12 15:31:08] [SEVERE ] player 4 placing token on slot 1
[2022-12-12 15:31:08] [SEVERE ] player 3 placing token on slot 0
[2022-12-12 15:31:08] [SEVERE ] removing player 4 token from slot 1
[2022-12-12 15:31:08] [SEVERE ] removing player 4 token from slot 5
[2022-12-12 15:31:08] [SEVERE ] removing player 4 token from slot 6
[2022-12-12 15:31:08] [SEVERE ] player 2 placing token on slot 0
[2022-12-12 15:31:08] [SEVERE ] player 5 placing token on slot 9
[2022-12-12 15:31:08] [SEVERE ] player 4 placing token on slot 8
[2022-12-12 15:31:08] [SEVERE ] player 3 placing token on slot 11
[2022-12-12 15:31:08] [SEVERE ] removing player 3 token from slot 0
[2022-12-12 15:31:08] [SEVERE ] removing player 3 token from slot 1
[2022-12-12 15:31:08] [SEVERE ] removing player 3 token from slot 11
[2022-12-12 15:31:09] [SEVERE ] player 2 placing token on slot 9
[2022-12-12 15:31:09] [SEVERE ] player 5 placing token on slot 6
[2022-12-12 15:31:09] [SEVERE ] player 4 placing token on slot 3
[2022-12-12 15:31:09] [SEVERE ] removing player 5 token from slot 6
[2022-12-12 15:31:09] [SEVERE ] removing player 5 token from slot 9
[2022-12-12 15:31:09] [SEVERE ] removing player 5 token from slot 10
[2022-12-12 15:31:09] [SEVERE ] player 5 placing token on slot 7
[2022-12-12 15:31:09] [SEVERE ] player 3 placing token on slot 4
[2022-12-12 15:31:09] [SEVERE ] player 4 placing token on slot 1
[2022-12-12 15:31:09] [SEVERE ] removing player 4 token from slot 1
[2022-12-12 15:31:09] [SEVERE ] removing player 4 token from slot 3
[2022-12-12 15:31:09] [SEVERE ] removing player 4 token from slot 8
[2022-12-12 15:31:09] [SEVERE ] player 2 placing token on slot 1
[2022-12-12 15:31:09] [SEVERE ] removing player 2 token from slot 0
[2022-12-12 15:31:09] [SEVERE ] removing player 2 token from slot 1
[2022-12-12 15:31:09] [SEVERE ] removing player 2 token from slot 9
[2022-12-12 15:31:09] [SEVERE ] player 3 placing token on slot 3
[2022-12-12 15:31:09] [SEVERE ] player 5 placing token on slot 10
[2022-12-12 15:31:09] [SEVERE ] player 4 placing token on slot 2
[2022-12-12 15:31:09] [SEVERE ] player 5 placing token on slot 1
[2022-12-12 15:31:09] [SEVERE ] removing player 5 token from slot 1
[2022-12-12 15:31:09] [SEVERE ] removing player 5 token from slot 7
[2022-12-12 15:31:09] [SEVERE ] removing player 5 token from slot 10
[2022-12-12 15:31:09] [SEVERE ] player 3 placing token on slot 6
[2022-12-12 15:31:09] [SEVERE ] removing player 3 token from slot 3
[2022-12-12 15:31:09] [SEVERE ] removing player 3 token from slot 4
[2022-12-12 15:31:09] [SEVERE ] removing player 3 token from slot 6
[2022-12-12 15:31:09] [SEVERE ] player 4 placing token on slot 7
[2022-12-12 15:31:09] [SEVERE ] player 2 placing token on slot 1
[2022-12-12 15:31:09] [SEVERE ] player 5 placing token on slot 10
[2022-12-12 15:31:09] [SEVERE ] player 2 placing token on slot 6
[2022-12-12 15:31:09] [SEVERE ] player 4 placing token on slot 5
[2022-12-12 15:31:09] [SEVERE ] player 3 placing token on slot 1
[2022-12-12 15:31:09] [SEVERE ] removing player 4 token from slot 2
[2022-12-12 15:31:09] [SEVERE ] removing player 4 token from slot 5
[2022-12-12 15:31:09] [SEVERE ] removing player 4 token from slot 7
[2022-12-12 15:31:09] [SEVERE ] player 4 placing token on slot 0
[2022-12-12 15:31:09] [SEVERE ] player 5 placing token on slot 9
[2022-12-12 15:31:09] [SEVERE ] player 3 placing token on slot 9
[2022-12-12 15:31:09] [SEVERE ] player 2 placing token on slot 5
[2022-12-12 15:31:09] [SEVERE ] removing player 2 token from slot 1
[2022-12-12 15:31:09] [SEVERE ] removing player 2 token from slot 5
[2022-12-12 15:31:09] [SEVERE ] removing player 2 token from slot 6
[2022-12-12 15:31:09] [SEVERE ] player 4 placing token on slot 1
[2022-12-12 15:31:09] [SEVERE ] player 5 placing token on slot 5
[2022-12-12 15:31:09] [SEVERE ] player 2 placing token on slot 8
[2022-12-12 15:31:09] [SEVERE ] removing player 5 token from slot 5
[2022-12-12 15:31:09] [SEVERE ] removing player 5 token from slot 9
[2022-12-12 15:31:09] [SEVERE ] removing player 5 token from slot 10
[2022-12-12 15:31:09] [SEVERE ] player 3 placing token on slot 4
[2022-12-12 15:31:09] [SEVERE ] removing player 3 token from slot 1
[2022-12-12 15:31:09] [SEVERE ] removing player 3 token from slot 4
[2022-12-12 15:31:09] [SEVERE ] removing player 3 token from slot 9
[2022-12-12 15:31:09] [SEVERE ] player 4 placing token on slot 8
[2022-12-12 15:31:09] [SEVERE ] removing player 4 token from slot 0
[2022-12-12 15:31:09] [SEVERE ] removing player 4 token from slot 1
[2022-12-12 15:31:09] [SEVERE ] removing player 4 token from slot 8
[2022-12-12 15:31:09] [SEVERE ] player 5 placing token on slot 9
[2022-12-12 15:31:09] [SEVERE ] player 2 placing token on slot 10
[2022-12-12 15:31:09] [SEVERE ] player 3 placing token on slot 9
[2022-12-12 15:31:09] [SEVERE ] player 5 placing token on slot 7
[2022-12-12 15:31:09] [SEVERE ] player 3 placing token on slot 6
[2022-12-12 15:31:09] [SEVERE ] player 2 placing token on slot 7
[2022-12-12 15:31:09] [SEVERE ] player 4 placing token on slot 5
[2022-12-12 15:31:09] [SEVERE ] removing player 2 token from slot 7
[2022-12-12 15:31:09] [SEVERE ] removing player 2 token from slot 8
[2022-12-12 15:31:09] [SEVERE ] removing player 2 token from slot 10
[2022-12-12 15:31:09] [SEVERE ] player 2 placing token on slot 7
[2022-12-12 15:31:09] [SEVERE ] player 4 placing token on slot 4
[2022-12-12 15:31:09] [SEVERE ] player 3 placing token on slot 3
[2022-12-12 15:31:09] [SEVERE ] removing player 3 token from slot 3
[2022-12-12 15:31:09] [SEVERE ] removing player 3 token from slot 6
[2022-12-12 15:31:09] [SEVERE ] removing player 3 token from slot 9
[2022-12-12 15:31:09] [SEVERE ] player 5 placing token on slot 10
[2022-12-12 15:31:09] [SEVERE ] removing player 5 token from slot 7
[2022-12-12 15:31:09] [SEVERE ] removing player 5 token from slot 9
[2022-12-12 15:31:09] [SEVERE ] removing player 5 token from slot 10
[2022-12-12 15:31:09] [SEVERE ] player 2 placing token on slot 9
[2022-12-12 15:31:09] [SEVERE ] player 3 placing token on slot 6
[2022-12-12 15:31:09] [SEVERE ] player 4 placing token on slot 2
[2022-12-12 15:31:09] [SEVERE ] removing player 4 token from slot 2
[2022-12-12 15:31:09] [SEVERE ] removing player 4 token from slot 4
[2022-12-12 15:31:09] [SEVERE ] removing player 4 token from slot 5
[2022-12-12 15:31:09] [SEVERE ] player 5 placing token on slot 5
[2022-12-12 15:31:09] [SEVERE ] player 2 placing token on slot 4
[2022-12-12 15:31:09] [SEVERE ] removing player 2 token from slot 4
[2022-12-12 15:31:09] [SEVERE ] removing player 2 token from slot 7
[2022-12-12 15:31:09] [SEVERE ] removing player 2 token from slot 9
[2022-12-12 15:31:09] [SEVERE ] player 5 placing token on slot 4
[2022-12-12 15:31:09] [SEVERE ] player 4 placing token on slot 5
[2022-12-12 15:31:09] [SEVERE ] player 3 placing token on slot 2
[2022-12-12 15:31:09] [SEVERE ] player 5 placing token on slot 8
[2022-12-12 15:31:09] [SEVERE ] removing player 5 token from slot 4
[2022-12-12 15:31:09] [SEVERE ] removing player 5 token from slot 5
[2022-12-12 15:31:09] [SEVERE ] removing player 5 token from slot 8
[2022-12-12 15:31:09] [SEVERE ] player 2 placing token on slot 10
[2022-12-12 15:31:09] [SEVERE ] player 4 placing token on slot 10
[2022-12-12 15:31:09] [SEVERE ] player 3 placing token on slot 3
[2022-12-12 15:31:09] [SEVERE ] removing player 3 token from slot 2
[2022-12-12 15:31:09] [SEVERE ] removing player 3 token from slot 3
[2022-12-12 15:31:09] [SEVERE ] removing player 3 token from slot 6
[2022-12-12 15:31:09] [SEVERE ] player 5 placing token on slot 9
[2022-12-12 15:31:09] [SEVERE ] player 2 placing token on slot 11
[2022-12-12 15:31:09] [SEVERE ] player 3 placing token on slot 5
[2022-12-12 15:31:09] [SEVERE ] player 4 placing token on slot 1
[2022-12-12 15:31:09] [SEVERE ] removing player 4 token from slot 1
[2022-12-12 15:31:09] [SEVERE ] removing player 4 token from slot 5
[2022-12-12 15:31:09] [SEVERE ] removing player 4 token from slot 10
[2022-12-12 15:31:09] [SEVERE ] player 5 placing token on slot 2
[2022-12-12 15:31:09] [SEVERE ] player 2 placing token on slot 8
[2022-12-12 15:31:09] [SEVERE ] removing player 2 token from slot 8
[2022-12-12 15:31:09] [SEVERE ] removing player 2 token from slot 10
[2022-12-12 15:31:09] [SEVERE ] removing player 2 token from slot 11
[2022-12-12 15:31:09] [SEVERE ] player 3 placing token on slot 2
[2022-12-12 15:31:09] [SEVERE ] player 5 placing token on slot 0
[2022-12-12 15:31:09] [SEVERE ] removing player 5 token from slot 0
[2022-12-12 15:31:09] [SEVERE ] removing player 5 token from slot 2
[2022-12-12 15:31:09] [SEVERE ] removing player 5 token from slot 9
[2022-12-12 15:31:09] [SEVERE ] player 3 placing token on slot 8
[2022-12-12 15:31:09] [SEVERE ] removing player 3 token from slot 2
[2022-12-12 15:31:09] [SEVERE ] removing player 3 token from slot 5
[2022-12-12 15:31:09] [SEVERE ] removing player 3 token from slot 8
[2022-12-12 15:31:09] [SEVERE ] player 4 placing token on slot 9
[2022-12-12 15:31:09] [SEVERE ] player 2 placing token on slot 1
[2022-12-12 15:31:09] [SEVERE ] player 5 placing token on slot 1
[2022-12-12 15:31:09] [SEVERE ] player 4 placing token on slot 3
[2022-12-12 15:31:09] [SEVERE ] player 2 placing token on slot 8
[2022-12-12 15:31:09] [SEVERE ] player 3 placing token on slot 8
[2022-12-12 15:31:09] [SEVERE ] player 5 placing token on slot 4
[2022-12-12 15:31:09] [SEVERE ] player 3 placing token on slot 0
[2022-12-12 15:31:09] [SEVERE ] player 2 placing token on slot 11
[2022-12-12 15:31:09] [SEVERE ] removing player 2 token from slot 1
[2022-12-12 15:31:09] [SEVERE ] removing player 2 token from slot 8
[2022-12-12 15:31:09] [SEVERE ] removing player 2 token from slot 11
[2022-12-12 15:31:09] [SEVERE ] player 4 placing token on slot 4
[2022-12-12 15:31:09] [SEVERE ] removing player 4 token from slot 3
[2022-12-12 15:31:09] [SEVERE ] removing player 4 token from slot 4
[2022-12-12 15:31:09] [SEVERE ] removing player 4 token from slot 9
[2022-12-12 15:31:09] [SEVERE ] player 5 placing token on slot 3
[2022-12-12 15:31:09] [SEVERE ] removing player 5 token from slot 1
[2022-12-12 15:31:09] [SEVERE ] removing player 5 token from slot 3
[2022-12-12 15:31:09] [SEVERE ] removing player 5 token from slot 4
[2022-12-12 15:31:09] [SEVERE ] player 3 placing token on slot 11
[2022-12-12 15:31:09] [SEVERE ] player 2 placing token on slot 4
[2022-12-12 15:31:09] [SEVERE ] removing player 3 token from slot 0
[2022-12-12 15:31:09] [SEVERE ] removing player 3 token from slot 8
[2022-12-12 15:31:09] [SEVERE ] removing player 3 token from slot 11
[2022-12-12 15:31:09] [SEVERE ] player 4 placing token on slot 9
[2022-12-12 15:31:09] [SEVERE ] player 5 placing token on slot 0
[2022-12-12 15:31:09] [SEVERE ] player 3 placing token on slot 4
[2022-12-12 15:31:09] [SEVERE ] player 2 placing token on slot 8
[2022-12-12 15:31:09] [SEVERE ] player 4 placing token on slot 11
[2022-12-12 15:31:09] [SEVERE ] player 5 placing token on slot 2
[2022-12-12 15:31:09] [SEVERE ] player 3 placing token on slot 3
[2022-12-12 15:31:09] [SEVERE ] player 2 placing token on slot 1
[2022-12-12 15:31:09] [SEVERE ] removing player 2 token from slot 1
[2022-12-12 15:31:09] [SEVERE ] removing player 2 token from slot 4
[2022-12-12 15:31:09] [SEVERE ] removing player 2 token from slot 8
[2022-12-12 15:31:09] [SEVERE ] player 4 placing token on slot 8
[2022-12-12 15:31:09] [SEVERE ] removing player 4 token from slot 8
[2022-12-12 15:31:09] [SEVERE ] removing player 4 token from slot 9
[2022-12-12 15:31:09] [SEVERE ] removing player 4 token from slot 11
[2022-12-12 15:31:09] [SEVERE ] player 3 placing token on slot 1
[2022-12-12 15:31:09] [SEVERE ] removing player 3 token from slot 1
[2022-12-12 15:31:09] [SEVERE ] removing player 3 token from slot 3
[2022-12-12 15:31:09] [SEVERE ] removing player 3 token from slot 4
[2022-12-12 15:31:09] [SEVERE ] player 5 placing token on slot 4
[2022-12-12 15:31:09] [SEVERE ] player 2 placing token on slot 0
[2022-12-12 15:31:09] [SEVERE ] removing player 5 token from slot 0
[2022-12-12 15:31:09] [SEVERE ] removing player 5 token from slot 2
[2022-12-12 15:31:09] [SEVERE ] removing player 5 token from slot 4
[2022-12-12 15:31:09] [SEVERE ] player 4 placing token on slot 1
[2022-12-12 15:31:09] [SEVERE ] player 3 placing token on slot 8
[2022-12-12 15:31:09] [SEVERE ] player 5 placing token on slot 6
[2022-12-12 15:31:09] [SEVERE ] player 3 placing token on slot 11
[2022-12-12 15:31:09] [SEVERE ] player 2 placing token on slot 9
[2022-12-12 15:31:09] [SEVERE ] player 4 placing token on slot 9
[2022-12-12 15:31:09] [SEVERE ] player 5 placing token on slot 8
[2022-12-12 15:31:09] [SEVERE ] player 3 placing token on slot 2
[2022-12-12 15:31:09] [SEVERE ] removing player 3 token from slot 2
[2022-12-12 15:31:09] [SEVERE ] removing player 3 token from slot 8
[2022-12-12 15:31:09] [SEVERE ] removing player 3 token from slot 11
[2022-12-12 15:31:09] [SEVERE ] player 2 placing token on slot 1
[2022-12-12 15:31:09] [SEVERE ] removing player 2 token from slot 0
[2022-12-12 15:31:09] [SEVERE ] removing player 2 token from slot 1
[2022-12-12 15:31:09] [SEVERE ] removing player 2 token from slot 9
[2022-12-12 15:31:09] [SEVERE ] player 4 placing token on slot 2
[2022-12-12 15:31:09] [SEVERE ] removing player 4 token from slot 1
[2022-12-12 15:31:09] [SEVERE ] removing player 4 token from slot 2
[2022-12-12 15:31:09] [SEVERE ] removing player 4 token from slot 9
[2022-12-12 15:31:09] [SEVERE ] player 5 placing token on slot 11
[2022-12-12 15:31:09] [SEVERE ] removing player 5 token from slot 6
[2022-12-12 15:31:09] [SEVERE ] removing player 5 token from slot 8
[2022-12-12 15:31:09] [SEVERE ] removing player 5 token from slot 11
[2022-12-12 15:31:09] [SEVERE ] player 3 placing token on slot 0
[2022-12-12 15:31:09] [SEVERE ] player 2 placing token on slot 3
[2022-12-12 15:31:09] [SEVERE ] player 4 placing token on slot 3
[2022-12-12 15:31:09] [SEVERE ] player 5 placing token on slot 1
[2022-12-12 15:31:09] [SEVERE ] player 4 placing token on slot 5
[2022-12-12 15:31:09] [SEVERE ] player 3 placing token on slot 11
[2022-12-12 15:31:09] [SEVERE ] player 2 placing token on slot 8
[2022-12-12 15:31:09] [SEVERE ] player 4 placing token on slot 8
[2022-12-12 15:31:09] [SEVERE ] removing player 4 token from slot 3
[2022-12-12 15:31:09] [SEVERE ] removing player 4 token from slot 5
[2022-12-12 15:31:09] [SEVERE ] removing player 4 token from slot 8
[2022-12-12 15:31:09] [SEVERE ] player 2 placing token on slot 4
[2022-12-12 15:31:09] [SEVERE ] player 5 placing token on slot 3
[2022-12-12 15:31:09] [SEVERE ] removing player 2 token from slot 3
[2022-12-12 15:31:09] [SEVERE ] removing player 2 token from slot 4
[2022-12-12 15:31:09] [SEVERE ] removing player 2 token from slot 8
[2022-12-12 15:31:09] [SEVERE ] player 3 placing token on slot 1
[2022-12-12 15:31:09] [SEVERE ] removing player 3 token from slot 0
[2022-12-12 15:31:09] [SEVERE ] removing player 3 token from slot 1
[2022-12-12 15:31:09] [SEVERE ] removing player 3 token from slot 11
[2022-12-12 15:31:09] [SEVERE ] player 4 placing token on slot 0
[2022-12-12 15:31:09] [SEVERE ] player 5 placing token on slot 5
[2022-12-12 15:31:09] [SEVERE ] removing player 5 token from slot 1
[2022-12-12 15:31:09] [SEVERE ] removing player 5 token from slot 3
[2022-12-12 15:31:09] [SEVERE ] removing player 5 token from slot 5
[2022-12-12 15:31:09] [SEVERE ] player 2 placing token on slot 6
[2022-12-12 15:31:09] [SEVERE ] player 3 placing token on slot 6
[2022-12-12 15:31:09] [SEVERE ] player 4 placing token on slot 2
[2022-12-12 15:31:09] [SEVERE ] player 2 placing token on slot 3
[2022-12-12 15:31:09] [SEVERE ] player 5 placing token on slot 1
[2022-12-12 15:31:09] [SEVERE ] player 3 placing token on slot 2
[2022-12-12 15:31:09] [SEVERE ] player 4 placing token on slot 5
[2022-12-12 15:31:09] [SEVERE ] removing player 4 token from slot 0
[2022-12-12 15:31:09] [SEVERE ] removing player 4 token from slot 2
[2022-12-12 15:31:09] [SEVERE ] removing player 4 token from slot 5
[2022-12-12 15:31:09] [SEVERE ] player 5 placing token on slot 4
[2022-12-12 15:31:09] [SEVERE ] player 3 placing token on slot 4
[2022-12-12 15:31:09] [SEVERE ] removing player 3 token from slot 2
[2022-12-12 15:31:09] [SEVERE ] removing player 3 token from slot 4
[2022-12-12 15:31:09] [SEVERE ] removing player 3 token from slot 6
[2022-12-12 15:31:09] [SEVERE ] player 2 placing token on slot 7
[2022-12-12 15:31:09] [SEVERE ] removing player 2 token from slot 3
[2022-12-12 15:31:09] [SEVERE ] removing player 2 token from slot 6
[2022-12-12 15:31:09] [SEVERE ] removing player 2 token from slot 7
[2022-12-12 15:31:09] [SEVERE ] player 5 placing token on slot 8
[2022-12-12 15:31:09] [SEVERE ] removing player 5 token from slot 1
[2022-12-12 15:31:09] [SEVERE ] removing player 5 token from slot 4
[2022-12-12 15:31:09] [SEVERE ] removing player 5 token from slot 8
[2022-12-12 15:31:09] [SEVERE ] player 4 placing token on slot 7
[2022-12-12 15:31:09] [SEVERE ] player 2 placing token on slot 11
[2022-12-12 15:31:09] [SEVERE ] player 3 placing token on slot 8
[2022-12-12 15:31:10] [SEVERE ] player 4 placing token on slot 3
[2022-12-12 15:31:10] [SEVERE ] player 5 placing token on slot 0
[2022-12-12 15:31:10] [SEVERE ] player 3 placing token on slot 1
[2022-12-12 15:31:10] [SEVERE ] player 4 placing token on slot 0
[2022-12-12 15:31:10] [SEVERE ] removing player 4 token from slot 0
[2022-12-12 15:31:10] [SEVERE ] removing player 4 token from slot 3
[2022-12-12 15:31:10] [SEVERE ] removing player 4 token from slot 7
[2022-12-12 15:31:10] [SEVERE ] player 2 placing token on slot 7
[2022-12-12 15:31:10] [SEVERE ] player 3 placing token on slot 11
[2022-12-12 15:31:10] [SEVERE ] removing player 3 token from slot 1
[2022-12-12 15:31:10] [SEVERE ] removing player 3 token from slot 8
[2022-12-12 15:31:10] [SEVERE ] removing player 3 token from slot 11
[2022-12-12 15:31:10] [SEVERE ] player 5 placing token on slot 11
[2022-12-12 15:31:10] [SEVERE ] player 4 placing token on slot 9
[2022-12-12 15:31:10] [SEVERE ] player 2 placing token on slot 6
[2022-12-12 15:31:10] [SEVERE ] removing player 2 token from slot 6
[2022-12-12 15:31:10] [SEVERE ] removing player 2 token from slot 7
[2022-12-12 15:31:10] [SEVERE ] removing player 2 token from slot 11
[2022-12-12 15:31:10] [SEVERE ] player 3 placing token on slot 11
[2022-12-12 15:31:10] [SEVERE ] player 5 placing token on slot 8
[2022-12-12 15:31:10] [SEVERE ] removing player 5 token from slot 0
[2022-12-12 15:31:10] [SEVERE ] removing player 5 token from slot 8
[2022-12-12 15:31:10] [SEVERE ] removing player 5 token from slot 11
[2022-12-12 15:31:10] [SEVERE ] player 2 placing token on slot 11
[2022-12-12 15:31:10] [SEVERE ] player 4 placing token on slot 10
[2022-12-12 15:31:10] [SEVERE ] player 3 placing token on slot 0
[2022-12-12 15:31:10] [SEVERE ] player 2 placing token on slot 0
[2022-12-12 15:31:10] [SEVERE ] player 5 placing token on slot 1
[2022-12-12 15:31:10] [SEVERE ] player 4 placing token on slot 6
[2022-12-12 15:31:10] [SEVERE ] removing player 4 token from slot 6
[2022-12-12 15:31:10] [SEVERE ] removing player 4 token from slot 9
[2022-12-12 15:31:10] [SEVERE ] removing player 4 token from slot 10
[2022-12-12 15:31:10] [SEVERE ] player 3 placing token on slot 1
[2022-12-12 15:31:10] [SEVERE ] removing player 3 token from slot 0
[2022-12-12 15:31:10] [SEVERE ] removing player 3 token from slot 1
[2022-12-12 15:31:10] [SEVERE ] removing player 3 token from slot 11
[2022-12-12 15:31:10] [SEVERE ] player 5 placing token on slot 11
[2022-12-12 15:31:10] [SEVERE ] player 2 placing token on slot 1
[2022-12-12 15:31:10] [SEVERE ] removing player 2 token from slot 0
[2022-12-12 15:31:10] [SEVERE ] removing player 2 token from slot 1
[2022-12-12 15:31:10] [SEVERE ] removing player 2 token from slot 11
[2022-12-12 15:31:10] [SEVERE ] player 4 placing token on slot 5
[2022-12-12 15:31:10] [SEVERE ] player 5 placing token on slot 0
[2022-12-12 15:31:10] [SEVERE ] removing player 5 token from slot 0
[2022-12-12 15:31:10] [SEVERE ] removing player 5 token from slot 1
[2022-12-12 15:31:10] [SEVERE ] removing player 5 token from slot 11
[2022-12-12 15:31:10] [SEVERE ] player 2 placing token on slot 7
[2022-12-12 15:31:10] [SEVERE ] player 3 placing token on slot 3
[2022-12-12 15:31:10] [SEVERE ] player 5 placing token on slot 2
[2022-12-12 15:31:10] [SEVERE ] player 4 placing token on slot 0
[2022-12-12 15:31:10] [SEVERE ] player 3 placing token on slot 4
[2022-12-12 15:31:10] [SEVERE ] player 2 placing token on slot 1
[2022-12-12 15:31:10] [SEVERE ] player 4 placing token on slot 9
[2022-12-12 15:31:10] [SEVERE ] player 5 placing token on slot 4
[2022-12-12 15:31:10] [SEVERE ] removing player 4 token from slot 0
[2022-12-12 15:31:10] [SEVERE ] removing player 4 token from slot 5
[2022-12-12 15:31:10] [SEVERE ] removing player 4 token from slot 9
[2022-12-12 15:31:10] [SEVERE ] player 3 placing token on slot 11
[2022-12-12 15:31:10] [SEVERE ] removing player 3 token from slot 3
[2022-12-12 15:31:10] [SEVERE ] removing player 3 token from slot 4
[2022-12-12 15:31:10] [SEVERE ] removing player 3 token from slot 11
[2022-12-12 15:31:10] [SEVERE ] player 2 placing token on slot 8
[2022-12-12 15:31:10] [SEVERE ] removing player 2 token from slot 1
[2022-12-12 15:31:10] [SEVERE ] removing player 2 token from slot 7
[2022-12-12 15:31:10] [SEVERE ] removing player 2 token from slot 8
[2022-12-12 15:31:10] [SEVERE ] player 5 placing token on slot 6
[2022-12-12 15:31:10] [SEVERE ] player 4 placing token on slot 1
[2022-12-12 15:31:10] [SEVERE ] player 3 placing token on slot 7
[2022-12-12 15:31:10] [SEVERE ] removing player 5 token from slot 2
[2022-12-12 15:31:10] [SEVERE ] removing player 5 token from slot 4
[2022-12-12 15:31:10] [SEVERE ] removing player 5 token from slot 6
[2022-12-12 15:31:10] [SEVERE ] player 2 placing token on slot 3
[2022-12-12 15:31:10] [SEVERE ] player 4 placing token on slot 2
[2022-12-12 15:31:10] [SEVERE ] player 3 placing token on slot 1
[2022-12-12 15:31:10] [SEVERE ] player 5 placing token on slot 11
[2022-12-12 15:31:10] [SEVERE ] player 2 placing token on slot 1
[2022-12-12 15:31:10] [SEVERE ] player 4 placing token on slot 6
[2022-12-12 15:31:10] [SEVERE ] removing player 4 token from slot 1
[2022-12-12 15:31:10] [SEVERE ] removing player 4 token from slot 2
[2022-12-12 15:31:10] [SEVERE ] removing player 4 token from slot 6
[2022-12-12 15:31:10] [SEVERE ] player 5 placing token on slot 0
[2022-12-12 15:31:10] [SEVERE ] player 3 placing token on slot 11
[2022-12-12 15:31:10] [SEVERE ] removing player 3 token from slot 1
[2022-12-12 15:31:10] [SEVERE ] removing player 3 token from slot 7
[2022-12-12 15:31:10] [SEVERE ] removing player 3 token from slot 11
[2022-12-12 15:31:10] [SEVERE ] player 2 placing token on slot 11
[2022-12-12 15:31:10] [SEVERE ] removing player 2 token from slot 1
[2022-12-12 15:31:10] [SEVERE ] removing player 2 token from slot 3
[2022-12-12 15:31:10] [SEVERE ] removing player 2 token from slot 11
[2022-12-12 15:31:10] [SEVERE ] player 4 placing token on slot 2
[2022-12-12 15:31:10] [SEVERE ] player 3 placing token on slot 1
[2022-12-12 15:31:10] [SEVERE ] player 5 placing token on slot 2
[2022-12-12 15:31:10] [SEVERE ] removing player 5 token from slot 0
[2022-12-12 15:31:10] [SEVERE ] removing player 5 token from slot 2
[2022-12-12 15:31:10] [SEVERE ] removing player 5 token from slot 11
[2022-12-12 15:31:10] [SEVERE ] player 2 placing token on slot 5
[2022-12-12 15:31:10] [SEVERE ] player 4 placing token on slot 1
[2022-12-12 15:31:10] [SEVERE ] player 3 placing token on slot 9
[2022-12-12 15:31:10] [SEVERE ] player 2 placing token on slot 6
[2022-12-12 15:31:10] [SEVERE ] player 4 placing token on slot 9
[2022-12-12 15:31:10] [SEVERE ] removing player 4 token from slot 1
[2022-12-12 15:31:10] [SEVERE ] removing player 4 token from slot 2
[2022-12-12 15:31:10] [SEVERE ] removing player 4 token from slot 9
[2022-12-12 15:31:10] [SEVERE ] player 5 placing token on slot 10
[2022-12-12 15:31:10] [SEVERE ] player 2 placing token on slot 8
[2022-12-12 15:31:10] [SEVERE ] removing player 2 token from slot 5
[2022-12-12 15:31:10] [SEVERE ] removing player 2 token from slot 6
[2022-12-12 15:31:10] [SEVERE ] removing player 2 token from slot 8
[2022-12-12 15:31:10] [SEVERE ] player 4 placing token on slot 7
[2022-12-12 15:31:10] [SEVERE ] player 5 placing token on slot 11
[2022-12-12 15:31:10] [SEVERE ] player 3 placing token on slot 2
[2022-12-12 15:31:10] [SEVERE ] removing player 3 token from slot 1
[2022-12-12 15:31:10] [SEVERE ] removing player 3 token from slot 2
[2022-12-12 15:31:10] [SEVERE ] removing player 3 token from slot 9
[2022-12-12 15:31:10] [SEVERE ] player 5 placing token on slot 4
[2022-12-12 15:31:10] [SEVERE ] removing player 5 token from slot 4
[2022-12-12 15:31:10] [SEVERE ] removing player 5 token from slot 10
[2022-12-12 15:31:10] [SEVERE ] removing player 5 token from slot 11
[2022-12-12 15:31:10] [SEVERE ] player 2 placing token on slot 1
[2022-12-12 15:31:10] [SEVERE ] player 4 placing token on slot 6
[2022-12-12 15:31:10] [SEVERE ] player 3 placing token on slot 10
[2022-12-12 15:31:10] [SEVERE ] player 5 placing token on slot 1
[2022-12-12 15:31:10] [SEVERE ] player 2 placing token on slot 4
[2022-12-12 15:31:10] [SEVERE ] player 4 placing token on slot 3
[2022-12-12 15:31:10] [SEVERE ] removing player 4 token from slot 3
[2022-12-12 15:31:10] [SEVERE ] removing player 4 token from slot 6
[2022-12-12 15:31:10] [SEVERE ] removing player 4 token from slot 7
[2022-12-12 15:31:10] [SEVERE ] player 3 placing token on slot 3
[2022-12-12 15:31:10] [SEVERE ] player 4 placing token on slot 5
[2022-12-12 15:31:10] [SEVERE ] player 2 placing token on slot 9
[2022-12-12 15:31:10] [SEVERE ] player 5 placing token on slot 7
[2022-12-12 15:31:10] [SEVERE ] removing player 2 token from slot 1
[2022-12-12 15:31:10] [SEVERE ] removing player 2 token from slot 4
[2022-12-12 15:31:10] [SEVERE ] removing player 2 token from slot 9
[2022-12-12 15:31:10] [SEVERE ] player 3 placing token on slot 0
[2022-12-12 15:31:10] [SEVERE ] removing player 3 token from slot 0
[2022-12-12 15:31:10] [SEVERE ] removing player 3 token from slot 3
[2022-12-12 15:31:10] [SEVERE ] removing player 3 token from slot 10
[2022-12-12 15:31:10] [SEVERE ] player 4 placing token on slot 0
[2022-12-12 15:31:10] [SEVERE ] player 2 placing token on slot 11
[2022-12-12 15:31:10] [SEVERE ] player 5 placing token on slot 3
[2022-12-12 15:31:10] [SEVERE ] removing player 5 token from slot 1
[2022-12-12 15:31:10] [SEVERE ] removing player 5 token from slot 3
[2022-12-12 15:31:10] [SEVERE ] removing player 5 token from slot 7
[2022-12-12 15:31:10] [SEVERE ] player 3 placing token on slot 3
[2022-12-12 15:31:10] [SEVERE ] player 5 placing token on slot 2
[2022-12-12 15:31:10] [SEVERE ] player 4 placing token on slot 8
[2022-12-12 15:31:10] [SEVERE ] removing player 4 token from slot 0
[2022-12-12 15:31:10] [SEVERE ] removing player 4 token from slot 5
[2022-12-12 15:31:10] [SEVERE ] removing player 4 token from slot 8
[2022-12-12 15:31:10] [SEVERE ] player 2 placing token on slot 0
[2022-12-12 15:31:10] [SEVERE ] player 3 placing token on slot 5
[2022-12-12 15:31:10] [SEVERE ] player 5 placing token on slot 6
[2022-12-12 15:31:10] [SEVERE ] player 4 placing token on slot 3
[2022-12-12 15:31:10] [SEVERE ] player 2 placing token on slot 2
[2022-12-12 15:31:10] [SEVERE ] removing player 2 token from slot 0
[2022-12-12 15:31:10] [SEVERE ] removing player 2 token from slot 2
[2022-12-12 15:31:10] [SEVERE ] removing player 2 token from slot 11
[2022-12-12 15:31:10] [SEVERE ] player 5 placing token on slot 7
[2022-12-12 15:31:10] [SEVERE ] removing player 5 token from slot 2
[2022-12-12 15:31:10] [SEVERE ] removing player 5 token from slot 6
[2022-12-12 15:31:10] [SEVERE ] removing player 5 token from slot 7
[2022-12-12 15:31:10] [SEVERE ] player 3 placing token on slot 10
[2022-12-12 15:31:10] [SEVERE ] player 2 placing token on slot 1
[2022-12-12 15:31:10] [SEVERE ] removing player 3 token from slot 3
[2022-12-12 15:31:10] [SEVERE ] removing player 3 token from slot 5
[2022-12-12 15:31:10] [SEVERE ] removing player 3 token from slot 10
[2022-12-12 15:31:10] [SEVERE ] player 4 placing token on slot 10
[2022-12-12 15:31:10] [SEVERE ] player 3 placing token on slot 10
[2022-12-12 15:31:10] [SEVERE ] player 5 placing token on slot 6
[2022-12-12 15:31:10] [SEVERE ] player 2 placing token on slot 6
[2022-12-12 15:31:10] [SEVERE ] player 4 placing token on slot 6
[2022-12-12 15:31:10] [SEVERE ] removing player 4 token from slot 3
[2022-12-12 15:31:10] [SEVERE ] removing player 4 token from slot 6
[2022-12-12 15:31:10] [SEVERE ] removing player 4 token from slot 10
[2022-12-12 15:31:10] [SEVERE ] player 5 placing token on slot 9
[2022-12-12 15:31:10] [SEVERE ] player 3 placing token on slot 5
[2022-12-12 15:31:10] [SEVERE ] player 4 placing token on slot 4
[2022-12-12 15:31:10] [SEVERE ] player 2 placing token on slot 8
[2022-12-12 15:31:10] [SEVERE ] removing player 2 token from slot 1
[2022-12-12 15:31:10] [SEVERE ] removing player 2 token from slot 6
[2022-12-12 15:31:10] [SEVERE ] removing player 2 token from slot 8
[2022-12-12 15:31:10] [SEVERE ] player 3 placing token on slot 2
[2022-12-12 15:31:10] [SEVERE ] player 5 placing token on slot 5
[2022-12-12 15:31:10] [SEVERE ] removing player 3 token from slot 2
[2022-12-12 15:31:10] [SEVERE ] removing player 3 token from slot 5
[2022-12-12 15:31:10] [SEVERE ] removing player 3 token from slot 10
[2022-12-12 15:31:10] [SEVERE ] removing player 5 token from slot 5
[2022-12-12 15:31:10] [SEVERE ] removing player 5 token from slot 6
[2022-12-12 15:31:10] [SEVERE ] removing player 5 token from slot 9
[2022-12-12 15:31:10] [SEVERE ] player 4 placing token on slot 1
[2022-12-12 15:31:10] [SEVERE ] player 2 placing token on slot 0
[2022-12-12 15:31:10] [SEVERE ] player 3 placing token on slot 5
[2022-12-12 15:31:10] [SEVERE ] player 5 placing token on slot 7
[2022-12-12 15:31:10] [SEVERE ] player 4 placing token on slot 10
[2022-12-12 15:31:10] [SEVERE ] removing player 4 token from slot 1
[2022-12-12 15:31:10] [SEVERE ] removing player 4 token from slot 4
[2022-12-12 15:31:10] [SEVERE ] removing player 4 token from slot 10
[2022-12-12 15:31:10] [SEVERE ] player 2 placing token on slot 7
[2022-12-12 15:31:10] [SEVERE ] player 3 placing token on slot 3
[2022-12-12 15:31:10] [SEVERE ] player 5 placing token on slot 11
[2022-12-12 15:31:10] [SEVERE ] player 4 placing token on slot 2
[2022-12-12 15:31:10] [SEVERE ] player 3 placing token on slot 7
[2022-12-12 15:31:10] [SEVERE ] removing player 3 token from slot 3
[2022-12-12 15:31:10] [SEVERE ] removing player 3 token from slot 5
[2022-12-12 15:31:10] [SEVERE ] removing player 3 token from slot 7
[2022-12-12 15:31:10] [SEVERE ] player 2 placing token on slot 3
[2022-12-12 15:31:10] [SEVERE ] removing player 2 token from slot 0
[2022-12-12 15:31:10] [SEVERE ] removing player 2 token from slot 3
[2022-12-12 15:31:10] [SEVERE ] removing player 2 token from slot 7
[2022-12-12 15:31:10] [SEVERE ] player 5 placing token on slot 5
[2022-12-12 15:31:10] [SEVERE ] removing player 5 token from slot 5
[2022-12-12 15:31:10] [SEVERE ] removing player 5 token from slot 7
[2022-12-12 15:31:10] [SEVERE ] removing player 5 token from slot 11
[2022-12-12 15:31:10] [SEVERE ] player 3 placing token on slot 2
[2022-12-12 15:31:10] [SEVERE ] player 2 placing token on slot 4
[2022-12-12 15:31:10] [SEVERE ] player 4 placing token on slot 5
[2022-12-12 15:31:10] [SEVERE ] player 2 placing token on slot 6
[2022-12-12 15:31:10] [SEVERE ] player 3 placing token on slot 5
[2022-12-12 15:31:10] [SEVERE ] player 5 placing token on slot 6
[2022-12-12 15:31:10] [SEVERE ] player 4 placing token on slot 11
[2022-12-12 15:31:10] [SEVERE ] removing player 4 token from slot 2
[2022-12-12 15:31:10] [SEVERE ] removing player 4 token from slot 5
[2022-12-12 15:31:10] [SEVERE ] removing player 4 token from slot 11
[2022-12-12 15:31:10] [SEVERE ] player 4 placing token on slot 3
[2022-12-12 15:31:10] [SEVERE ] player 3 placing token on slot 10
[2022-12-12 15:31:10] [SEVERE ] player 2 placing token on slot 11
[2022-12-12 15:31:10] [SEVERE ] removing player 3 token from slot 2
[2022-12-12 15:31:10] [SEVERE ] removing player 3 token from slot 5
[2022-12-12 15:31:10] [SEVERE ] removing player 3 token from slot 10
[2022-12-12 15:31:10] [SEVERE ] removing player 2 token from slot 4
[2022-12-12 15:31:10] [SEVERE ] removing player 2 token from slot 6
[2022-12-12 15:31:10] [SEVERE ] removing player 2 token from slot 11
[2022-12-12 15:31:10] [SEVERE ] player 5 placing token on slot 8
[2022-12-12 15:31:10] [SEVERE ] player 2 placing token on slot 6
[2022-12-12 15:31:10] [SEVERE ] player 4 placing token on slot 2
[2022-12-12 15:31:10] [SEVERE ] player 5 placing token on slot 0
[2022-12-12 15:31:10] [SEVERE ] removing player 5 token from slot 0
[2022-12-12 15:31:10] [SEVERE ] removing player 5 token from slot 6
[2022-12-12 15:31:10] [SEVERE ] removing player 5 token from slot 8
[2022-12-12 15:31:10] [SEVERE ] player 3 placing token on slot 5
[2022-12-12 15:31:10] [SEVERE ] player 2 placing token on slot 3
[2022-12-12 15:31:10] [SEVERE ] player 5 placing token on slot 3
[2022-12-12 15:31:10] [SEVERE ] player 4 placing token on slot 5
[2022-12-12 15:31:10] [SEVERE ] removing player 4 token from slot 2
[2022-12-12 15:31:10] [SEVERE ] removing player 4 token from slot 3
[2022-12-12 15:31:10] [SEVERE ] removing player 4 token from slot 5
[2022-12-12 15:31:10] [SEVERE ] player 2 placing token on slot 8
[2022-12-12 15:31:10] [SEVERE ] removing player 2 token from slot 3
[2022-12-12 15:31:10] [SEVERE ] removing player 2 token from slot 6
[2022-12-12 15:31:10] [SEVERE ] removing player 2 token from slot 8
[2022-12-12 15:31:10] [SEVERE ] player 3 placing token on slot 11
[2022-12-12 15:31:10] [SEVERE ] player 5 placing token on slot 5
[2022-12-12 15:31:10] [SEVERE ] player 2 placing token on slot 1
[2022-12-12 15:31:10] [SEVERE ] player 4 placing token on slot 11
[2022-12-12 15:31:10] [SEVERE ] player 3 placing token on slot 0
[2022-12-12 15:31:10] [SEVERE ] removing player 3 token from slot 0
[2022-12-12 15:31:10] [SEVERE ] removing player 3 token from slot 5
[2022-12-12 15:31:10] [SEVERE ] removing player 3 token from slot 11
[2022-12-12 15:31:10] [SEVERE ] player 2 placing token on slot 2
[2022-12-12 15:31:10] [SEVERE ] player 5 placing token on slot 6
[2022-12-12 15:31:10] [SEVERE ] removing player 5 token from slot 3
[2022-12-12 15:31:10] [SEVERE ] removing player 5 token from slot 5
[2022-12-12 15:31:10] [SEVERE ] removing player 5 token from slot 6
[2022-12-12 15:31:11] [SEVERE ] player 3 placing token on slot 3
[2022-12-12 15:31:11] [SEVERE ] player 4 placing token on slot 7
[2022-12-12 15:31:11] [SEVERE ] player 5 placing token on slot 0
[2022-12-12 15:31:11] [SEVERE ] player 2 placing token on slot 6
[2022-12-12 15:31:11] [SEVERE ] removing player 2 token from slot 1
[2022-12-12 15:31:11] [SEVERE ] removing player 2 token from slot 2
[2022-12-12 15:31:11] [SEVERE ] removing player 2 token from slot 6
[2022-12-12 15:31:11] [SEVERE ] player 3 placing token on slot 1
[2022-12-12 15:31:11] [SEVERE ] player 4 placing token on slot 5
[2022-12-12 15:31:11] [SEVERE ] removing player 4 token from slot 5
[2022-12-12 15:31:11] [SEVERE ] removing player 4 token from slot 7
[2022-12-12 15:31:11] [SEVERE ] removing player 4 token from slot 11
[2022-12-12 15:31:11] [SEVERE ] player 5 placing token on slot 9
[2022-12-12 15:31:11] [SEVERE ] player 4 placing token on slot 2
[2022-12-12 15:31:11] [SEVERE ] player 3 placing token on slot 11
[2022-12-12 15:31:11] [SEVERE ] removing player 3 token from slot 1
[2022-12-12 15:31:11] [SEVERE ] removing player 3 token from slot 3
[2022-12-12 15:31:11] [SEVERE ] removing player 3 token from slot 11
[2022-12-12 15:31:11] [SEVERE ] player 2 placing token on slot 10
[2022-12-12 15:31:11] [SEVERE ] player 4 placing token on slot 9
[2022-12-12 15:31:11] [SEVERE ] player 5 placing token on slot 3
[2022-12-12 15:31:11] [SEVERE ] player 3 placing token on slot 5
[2022-12-12 15:31:11] [SEVERE ] player 2 placing token on slot 7
[2022-12-12 15:31:11] [SEVERE ] player 4 placing token on slot 4
[2022-12-12 15:31:11] [SEVERE ] player 3 placing token on slot 7
[2022-12-12 15:31:11] [SEVERE ] player 5 placing token on slot 10
[2022-12-12 15:31:11] [SEVERE ] player 2 placing token on slot 9
[2022-12-12 15:31:11] [SEVERE ] player 3 placing token on slot 3
[2022-12-12 15:31:11] [SEVERE ] removing tokens from slot 0
[2022-12-12 15:31:11] [SEVERE ] removing card from slot 0
[2022-12-12 15:31:11] [SEVERE ] player 5 placing token on slot 8
[2022-12-12 15:31:11] [SEVERE ] player 3 placing token on slot 6
[2022-12-12 15:31:11] [SEVERE ] removing tokens from slot 3
[2022-12-12 15:31:11] [SEVERE ] removing card from slot 3
[2022-12-12 15:31:11] [SEVERE ] player 4 placing token on slot 1
[2022-12-12 15:31:11] [SEVERE ] player 2 placing token on slot 1
[2022-12-12 15:31:11] [SEVERE ] player 5 placing token on slot 11
[2022-12-12 15:31:11] [SEVERE ] removing tokens from slot 9
[2022-12-12 15:31:11] [SEVERE ] removing card from slot 9
[2022-12-12 15:31:11] [SEVERE ] setting player 5 score to 1
[2022-12-12 15:31:11] [SEVERE ] player 5 placing token on slot 4
[2022-12-12 15:31:11] [SEVERE ] player 5 placing token on slot 7
[2022-12-12 15:31:11] [SEVERE ] placing card 32 in slot 0
[2022-12-12 15:31:11] [SEVERE ] player 5 placing token on slot 8
[2022-12-12 15:31:11] [SEVERE ] placing card 49 in slot 3
[2022-12-12 15:31:11] [SEVERE ] placing card 53 in slot 9
[2022-12-12 15:31:11] [SEVERE ] removing player 2 token from slot 1
[2022-12-12 15:31:11] [SEVERE ] removing player 2 token from slot 7
[2022-12-12 15:31:11] [SEVERE ] removing player 2 token from slot 10
[2022-12-12 15:31:11] [SEVERE ] removing player 3 token from slot 5
[2022-12-12 15:31:11] [SEVERE ] removing player 3 token from slot 6
[2022-12-12 15:31:11] [SEVERE ] removing player 3 token from slot 7
[2022-12-12 15:31:11] [SEVERE ] removing player 4 token from slot 1
[2022-12-12 15:31:11] [SEVERE ] removing player 4 token from slot 2
[2022-12-12 15:31:11] [SEVERE ] removing player 4 token from slot 4
[2022-12-12 15:31:11] [INFO   ] Thread main terminated.
