[2022-12-12 22:07:36] [INFO   ] cannot read configuration file config.properties trying from resources.
[2022-12-12 22:07:36] [INFO   ] configuration file was loaded from resources directory.
[2022-12-12 22:07:37] [INFO   ] Thread dealer starting.
[2022-12-12 22:07:37] [INFO   ] Thread Thread-2starting.
[2022-12-12 22:07:37] [INFO   ] Thread Thread-1starting.
[2022-12-12 22:07:37] [INFO   ] Thread Thread-0starting.
[2022-12-12 22:07:37] [INFO   ] Thread computer-2 starting.
[2022-12-12 22:07:37] [SEVERE ] placing card 58 in slot 0
[2022-12-12 22:07:37] [SEVERE ] placing card 57 in slot 1
[2022-12-12 22:07:37] [SEVERE ] placing card 63 in slot 2
[2022-12-12 22:07:37] [SEVERE ] placing card 4 in slot 3
[2022-12-12 22:07:37] [SEVERE ] placing card 41 in slot 4
[2022-12-12 22:07:37] [SEVERE ] placing card 27 in slot 5
[2022-12-12 22:07:37] [SEVERE ] placing card 28 in slot 6
[2022-12-12 22:07:38] [SEVERE ] placing card 77 in slot 7
[2022-12-12 22:07:38] [SEVERE ] placing card 19 in slot 8
[2022-12-12 22:07:38] [SEVERE ] placing card 79 in slot 9
[2022-12-12 22:07:38] [SEVERE ] placing card 69 in slot 10
[2022-12-12 22:07:38] [SEVERE ] placing card 17 in slot 11
[2022-12-12 22:07:38] [SEVERE ] player 2 placing token on slot 7
[2022-12-12 22:07:38] [SEVERE ] player 2 placing token on slot 2
[2022-12-12 22:07:38] [SEVERE ] player 2 placing token on slot 3
[2022-12-12 22:07:38] [SEVERE ] removing player 2 token from slot 2
[2022-12-12 22:07:38] [SEVERE ] removing player 2 token from slot 3
[2022-12-12 22:07:38] [SEVERE ] removing player 2 token from slot 7
[2022-12-12 22:07:38] [SEVERE ] player 2 placing token on slot 4
[2022-12-12 22:07:38] [SEVERE ] player 2 placing token on slot 10
[2022-12-12 22:07:38] [SEVERE ] player 2 placing token on slot 8
[2022-12-12 22:07:38] [SEVERE ] removing player 2 token from slot 4
[2022-12-12 22:07:38] [SEVERE ] removing player 2 token from slot 8
[2022-12-12 22:07:38] [SEVERE ] removing player 2 token from slot 10
[2022-12-12 22:07:38] [SEVERE ] player 2 placing token on slot 2
[2022-12-12 22:07:38] [SEVERE ] player 2 placing token on slot 1
[2022-12-12 22:07:38] [SEVERE ] player 2 placing token on slot 5
[2022-12-12 22:07:38] [SEVERE ] removing player 2 token from slot 1
[2022-12-12 22:07:38] [SEVERE ] removing player 2 token from slot 2
[2022-12-12 22:07:38] [SEVERE ] removing player 2 token from slot 5
[2022-12-12 22:07:38] [SEVERE ] player 2 placing token on slot 0
[2022-12-12 22:07:38] [SEVERE ] player 2 placing token on slot 10
[2022-12-12 22:07:38] [SEVERE ] player 2 placing token on slot 7
[2022-12-12 22:07:38] [SEVERE ] removing player 2 token from slot 0
[2022-12-12 22:07:38] [SEVERE ] removing player 2 token from slot 7
[2022-12-12 22:07:38] [SEVERE ] removing player 2 token from slot 10
[2022-12-12 22:07:38] [SEVERE ] player 2 placing token on slot 0
[2022-12-12 22:07:38] [SEVERE ] player 2 placing token on slot 8
[2022-12-12 22:07:38] [SEVERE ] player 2 placing token on slot 2
[2022-12-12 22:07:38] [SEVERE ] removing player 2 token from slot 0
[2022-12-12 22:07:38] [SEVERE ] removing player 2 token from slot 2
[2022-12-12 22:07:38] [SEVERE ] removing player 2 token from slot 8
[2022-12-12 22:07:38] [SEVERE ] player 2 placing token on slot 4
[2022-12-12 22:07:39] [SEVERE ] player 2 placing token on slot 6
[2022-12-12 22:07:39] [SEVERE ] player 2 placing token on slot 5
[2022-12-12 22:07:39] [SEVERE ] removing player 2 token from slot 4
[2022-12-12 22:07:39] [SEVERE ] removing player 2 token from slot 5
[2022-12-12 22:07:39] [SEVERE ] removing player 2 token from slot 6
[2022-12-12 22:07:39] [SEVERE ] player 2 placing token on slot 6
[2022-12-12 22:07:39] [SEVERE ] player 2 placing token on slot 11
[2022-12-12 22:07:39] [SEVERE ] player 2 placing token on slot 1
[2022-12-12 22:07:39] [SEVERE ] removing player 2 token from slot 1
[2022-12-12 22:07:39] [SEVERE ] removing player 2 token from slot 6
[2022-12-12 22:07:39] [SEVERE ] removing player 2 token from slot 11
[2022-12-12 22:07:39] [SEVERE ] player 2 placing token on slot 0
[2022-12-12 22:07:39] [SEVERE ] player 2 placing token on slot 6
[2022-12-12 22:07:39] [SEVERE ] player 2 placing token on slot 7
[2022-12-12 22:07:39] [SEVERE ] removing player 2 token from slot 0
[2022-12-12 22:07:39] [SEVERE ] removing player 2 token from slot 6
[2022-12-12 22:07:39] [SEVERE ] removing player 2 token from slot 7
[2022-12-12 22:07:39] [SEVERE ] player 2 placing token on slot 10
[2022-12-12 22:07:39] [SEVERE ] player 2 placing token on slot 8
[2022-12-12 22:07:39] [SEVERE ] player 2 placing token on slot 2
[2022-12-12 22:07:39] [SEVERE ] removing player 2 token from slot 2
[2022-12-12 22:07:39] [SEVERE ] removing player 2 token from slot 8
[2022-12-12 22:07:39] [SEVERE ] removing player 2 token from slot 10
[2022-12-12 22:07:39] [SEVERE ] player 2 placing token on slot 9
[2022-12-12 22:07:39] [SEVERE ] player 2 placing token on slot 10
[2022-12-12 22:07:39] [SEVERE ] player 2 placing token on slot 1
[2022-12-12 22:07:39] [SEVERE ] removing player 2 token from slot 1
[2022-12-12 22:07:39] [SEVERE ] removing player 2 token from slot 9
[2022-12-12 22:07:39] [SEVERE ] removing player 2 token from slot 10
[2022-12-12 22:07:39] [SEVERE ] player 2 placing token on slot 4
[2022-12-12 22:07:39] [SEVERE ] player 2 placing token on slot 2
[2022-12-12 22:07:39] [SEVERE ] player 2 placing token on slot 7
[2022-12-12 22:07:39] [SEVERE ] removing player 2 token from slot 2
[2022-12-12 22:07:39] [SEVERE ] removing player 2 token from slot 4
[2022-12-12 22:07:39] [SEVERE ] removing player 2 token from slot 7
[2022-12-12 22:07:39] [SEVERE ] player 2 placing token on slot 3
[2022-12-12 22:07:39] [SEVERE ] player 2 placing token on slot 11
[2022-12-12 22:07:39] [SEVERE ] player 2 placing token on slot 4
[2022-12-12 22:07:39] [SEVERE ] removing player 2 token from slot 3
[2022-12-12 22:07:39] [SEVERE ] removing player 2 token from slot 4
[2022-12-12 22:07:39] [SEVERE ] removing player 2 token from slot 11
[2022-12-12 22:07:39] [SEVERE ] player 2 placing token on slot 9
[2022-12-12 22:07:39] [SEVERE ] player 2 placing token on slot 6
[2022-12-12 22:07:39] [SEVERE ] player 2 placing token on slot 11
[2022-12-12 22:07:39] [SEVERE ] removing player 2 token from slot 6
[2022-12-12 22:07:39] [SEVERE ] removing player 2 token from slot 9
[2022-12-12 22:07:39] [SEVERE ] removing player 2 token from slot 11
[2022-12-12 22:07:39] [SEVERE ] player 2 placing token on slot 5
[2022-12-12 22:07:39] [SEVERE ] player 2 placing token on slot 3
[2022-12-12 22:07:39] [SEVERE ] player 2 placing token on slot 2
[2022-12-12 22:07:39] [SEVERE ] removing player 2 token from slot 2
[2022-12-12 22:07:39] [SEVERE ] removing player 2 token from slot 3
[2022-12-12 22:07:39] [SEVERE ] removing player 2 token from slot 5
[2022-12-12 22:07:39] [SEVERE ] player 2 placing token on slot 3
[2022-12-12 22:07:39] [SEVERE ] player 2 placing token on slot 10
[2022-12-12 22:07:39] [SEVERE ] player 2 placing token on slot 11
[2022-12-12 22:07:39] [SEVERE ] removing player 2 token from slot 3
[2022-12-12 22:07:39] [SEVERE ] removing player 2 token from slot 10
[2022-12-12 22:07:39] [SEVERE ] removing player 2 token from slot 11
[2022-12-12 22:07:39] [SEVERE ] player 2 placing token on slot 2
[2022-12-12 22:07:39] [SEVERE ] player 2 placing token on slot 7
[2022-12-12 22:07:39] [SEVERE ] player 2 placing token on slot 11
[2022-12-12 22:07:39] [SEVERE ] removing player 2 token from slot 2
[2022-12-12 22:07:39] [SEVERE ] removing player 2 token from slot 7
[2022-12-12 22:07:39] [SEVERE ] removing player 2 token from slot 11
[2022-12-12 22:07:39] [SEVERE ] player 2 placing token on slot 4
[2022-12-12 22:07:39] [SEVERE ] player 2 placing token on slot 8
[2022-12-12 22:07:39] [SEVERE ] player 2 placing token on slot 10
[2022-12-12 22:07:39] [SEVERE ] removing player 2 token from slot 4
[2022-12-12 22:07:39] [SEVERE ] removing player 2 token from slot 8
[2022-12-12 22:07:39] [SEVERE ] removing player 2 token from slot 10
[2022-12-12 22:07:40] [SEVERE ] player 2 placing token on slot 10
[2022-12-12 22:07:40] [SEVERE ] player 2 placing token on slot 4
[2022-12-12 22:07:40] [SEVERE ] player 2 placing token on slot 1
[2022-12-12 22:07:40] [SEVERE ] removing player 2 token from slot 1
[2022-12-12 22:07:40] [SEVERE ] removing player 2 token from slot 4
[2022-12-12 22:07:40] [SEVERE ] removing player 2 token from slot 10
[2022-12-12 22:07:40] [SEVERE ] player 2 placing token on slot 8
[2022-12-12 22:07:40] [SEVERE ] player 2 placing token on slot 2
[2022-12-12 22:07:40] [SEVERE ] player 2 placing token on slot 7
[2022-12-12 22:07:40] [SEVERE ] removing player 2 token from slot 2
[2022-12-12 22:07:40] [SEVERE ] removing player 2 token from slot 7
[2022-12-12 22:07:40] [SEVERE ] removing player 2 token from slot 8
[2022-12-12 22:07:40] [SEVERE ] player 2 placing token on slot 11
[2022-12-12 22:07:40] [SEVERE ] player 2 placing token on slot 9
[2022-12-12 22:07:40] [SEVERE ] player 2 placing token on slot 2
[2022-12-12 22:07:40] [SEVERE ] removing player 2 token from slot 2
[2022-12-12 22:07:40] [SEVERE ] removing player 2 token from slot 9
[2022-12-12 22:07:40] [SEVERE ] removing player 2 token from slot 11
[2022-12-12 22:07:40] [SEVERE ] player 2 placing token on slot 1
[2022-12-12 22:07:40] [SEVERE ] player 2 placing token on slot 5
[2022-12-12 22:07:40] [SEVERE ] player 2 placing token on slot 11
[2022-12-12 22:07:40] [SEVERE ] removing player 2 token from slot 1
[2022-12-12 22:07:40] [SEVERE ] removing player 2 token from slot 5
[2022-12-12 22:07:40] [SEVERE ] removing player 2 token from slot 11
[2022-12-12 22:07:40] [SEVERE ] player 2 placing token on slot 1
[2022-12-12 22:07:40] [SEVERE ] player 2 placing token on slot 5
[2022-12-12 22:07:40] [SEVERE ] player 2 placing token on slot 7
[2022-12-12 22:07:40] [SEVERE ] removing player 2 token from slot 1
[2022-12-12 22:07:40] [SEVERE ] removing player 2 token from slot 5
[2022-12-12 22:07:40] [SEVERE ] removing player 2 token from slot 7
[2022-12-12 22:07:40] [SEVERE ] player 2 placing token on slot 10
[2022-12-12 22:07:40] [SEVERE ] player 2 placing token on slot 3
[2022-12-12 22:07:40] [SEVERE ] player 2 placing token on slot 1
[2022-12-12 22:07:40] [SEVERE ] removing player 2 token from slot 1
[2022-12-12 22:07:40] [SEVERE ] removing player 2 token from slot 3
[2022-12-12 22:07:40] [SEVERE ] removing player 2 token from slot 10
[2022-12-12 22:07:40] [SEVERE ] player 2 placing token on slot 5
[2022-12-12 22:07:40] [SEVERE ] player 2 placing token on slot 3
[2022-12-12 22:07:40] [SEVERE ] player 2 placing token on slot 9
[2022-12-12 22:07:40] [SEVERE ] removing player 2 token from slot 3
[2022-12-12 22:07:40] [SEVERE ] removing player 2 token from slot 5
[2022-12-12 22:07:40] [SEVERE ] removing player 2 token from slot 9
[2022-12-12 22:07:40] [SEVERE ] player 2 placing token on slot 4
[2022-12-12 22:07:40] [SEVERE ] player 2 placing token on slot 8
[2022-12-12 22:07:40] [SEVERE ] player 2 placing token on slot 2
[2022-12-12 22:07:40] [SEVERE ] removing player 2 token from slot 2
[2022-12-12 22:07:40] [SEVERE ] removing player 2 token from slot 4
[2022-12-12 22:07:40] [SEVERE ] removing player 2 token from slot 8
[2022-12-12 22:07:40] [SEVERE ] player 2 placing token on slot 3
[2022-12-12 22:07:40] [SEVERE ] player 2 placing token on slot 6
[2022-12-12 22:07:40] [SEVERE ] player 2 placing token on slot 2
[2022-12-12 22:07:40] [SEVERE ] removing player 2 token from slot 2
[2022-12-12 22:07:40] [SEVERE ] removing player 2 token from slot 3
[2022-12-12 22:07:40] [SEVERE ] removing player 2 token from slot 6
[2022-12-12 22:07:40] [SEVERE ] player 2 placing token on slot 4
[2022-12-12 22:07:40] [SEVERE ] player 2 placing token on slot 7
[2022-12-12 22:07:40] [SEVERE ] player 2 placing token on slot 2
[2022-12-12 22:07:40] [SEVERE ] removing player 2 token from slot 2
[2022-12-12 22:07:40] [SEVERE ] removing player 2 token from slot 4
[2022-12-12 22:07:40] [SEVERE ] removing player 2 token from slot 7
[2022-12-12 22:07:40] [SEVERE ] player 2 placing token on slot 0
[2022-12-12 22:07:40] [SEVERE ] player 2 placing token on slot 2
[2022-12-12 22:07:40] [SEVERE ] player 2 placing token on slot 9
[2022-12-12 22:07:40] [SEVERE ] removing player 2 token from slot 0
[2022-12-12 22:07:40] [SEVERE ] removing player 2 token from slot 2
[2022-12-12 22:07:40] [SEVERE ] removing player 2 token from slot 9
[2022-12-12 22:07:40] [SEVERE ] player 2 placing token on slot 0
[2022-12-12 22:07:40] [SEVERE ] player 2 placing token on slot 7
[2022-12-12 22:07:40] [SEVERE ] player 2 placing token on slot 2
[2022-12-12 22:07:40] [SEVERE ] removing player 2 token from slot 0
[2022-12-12 22:07:40] [SEVERE ] removing player 2 token from slot 2
[2022-12-12 22:07:40] [SEVERE ] removing player 2 token from slot 7
[2022-12-12 22:07:40] [SEVERE ] player 2 placing token on slot 10
[2022-12-12 22:07:41] [SEVERE ] player 2 placing token on slot 2
[2022-12-12 22:07:41] [SEVERE ] player 2 placing token on slot 9
[2022-12-12 22:07:41] [SEVERE ] removing player 2 token from slot 2
[2022-12-12 22:07:41] [SEVERE ] removing player 2 token from slot 9
[2022-12-12 22:07:41] [SEVERE ] removing player 2 token from slot 10
[2022-12-12 22:07:41] [SEVERE ] player 2 placing token on slot 8
[2022-12-12 22:07:41] [SEVERE ] player 2 placing token on slot 2
[2022-12-12 22:07:41] [SEVERE ] player 2 placing token on slot 10
[2022-12-12 22:07:41] [SEVERE ] removing player 2 token from slot 2
[2022-12-12 22:07:41] [SEVERE ] removing player 2 token from slot 8
[2022-12-12 22:07:41] [SEVERE ] removing player 2 token from slot 10
[2022-12-12 22:07:41] [SEVERE ] player 2 placing token on slot 7
[2022-12-12 22:07:41] [SEVERE ] player 2 placing token on slot 10
[2022-12-12 22:07:41] [SEVERE ] player 2 placing token on slot 6
[2022-12-12 22:07:41] [SEVERE ] removing player 2 token from slot 6
[2022-12-12 22:07:41] [SEVERE ] removing player 2 token from slot 7
[2022-12-12 22:07:41] [SEVERE ] removing player 2 token from slot 10
[2022-12-12 22:07:41] [SEVERE ] player 2 placing token on slot 3
[2022-12-12 22:07:41] [SEVERE ] player 2 placing token on slot 8
[2022-12-12 22:07:41] [SEVERE ] player 2 placing token on slot 5
[2022-12-12 22:07:41] [SEVERE ] removing player 2 token from slot 3
[2022-12-12 22:07:41] [SEVERE ] removing player 2 token from slot 5
[2022-12-12 22:07:41] [SEVERE ] removing player 2 token from slot 8
[2022-12-12 22:07:41] [SEVERE ] player 2 placing token on slot 9
[2022-12-12 22:07:41] [SEVERE ] player 2 placing token on slot 7
[2022-12-12 22:07:41] [SEVERE ] player 2 placing token on slot 8
[2022-12-12 22:07:41] [SEVERE ] removing player 2 token from slot 7
[2022-12-12 22:07:41] [SEVERE ] removing player 2 token from slot 8
[2022-12-12 22:07:41] [SEVERE ] removing player 2 token from slot 9
[2022-12-12 22:07:41] [SEVERE ] player 2 placing token on slot 8
[2022-12-12 22:07:41] [SEVERE ] player 2 placing token on slot 11
[2022-12-12 22:07:41] [SEVERE ] player 2 placing token on slot 7
[2022-12-12 22:07:41] [SEVERE ] removing player 2 token from slot 7
[2022-12-12 22:07:41] [SEVERE ] removing player 2 token from slot 8
[2022-12-12 22:07:41] [SEVERE ] removing player 2 token from slot 11
[2022-12-12 22:07:41] [SEVERE ] player 2 placing token on slot 3
[2022-12-12 22:07:41] [SEVERE ] player 2 placing token on slot 5
[2022-12-12 22:07:41] [SEVERE ] player 2 placing token on slot 0
[2022-12-12 22:07:41] [SEVERE ] removing player 2 token from slot 0
[2022-12-12 22:07:41] [SEVERE ] removing player 2 token from slot 3
[2022-12-12 22:07:41] [SEVERE ] removing player 2 token from slot 5
[2022-12-12 22:07:41] [SEVERE ] player 2 placing token on slot 11
[2022-12-12 22:07:41] [SEVERE ] player 2 placing token on slot 6
[2022-12-12 22:07:41] [SEVERE ] player 2 placing token on slot 0
[2022-12-12 22:07:41] [SEVERE ] removing player 2 token from slot 0
[2022-12-12 22:07:41] [SEVERE ] removing player 2 token from slot 6
[2022-12-12 22:07:41] [SEVERE ] removing player 2 token from slot 11
[2022-12-12 22:07:41] [SEVERE ] player 2 placing token on slot 5
[2022-12-12 22:07:41] [SEVERE ] player 2 placing token on slot 6
[2022-12-12 22:07:41] [SEVERE ] player 2 placing token on slot 9
[2022-12-12 22:07:41] [SEVERE ] removing player 2 token from slot 5
[2022-12-12 22:07:41] [SEVERE ] removing player 2 token from slot 6
[2022-12-12 22:07:41] [SEVERE ] removing player 2 token from slot 9
[2022-12-12 22:07:41] [SEVERE ] player 2 placing token on slot 5
[2022-12-12 22:07:41] [SEVERE ] player 2 placing token on slot 2
[2022-12-12 22:07:41] [SEVERE ] player 2 placing token on slot 0
[2022-12-12 22:07:41] [SEVERE ] removing player 2 token from slot 0
[2022-12-12 22:07:41] [SEVERE ] removing player 2 token from slot 2
[2022-12-12 22:07:41] [SEVERE ] removing player 2 token from slot 5
[2022-12-12 22:07:41] [SEVERE ] player 2 placing token on slot 4
[2022-12-12 22:07:41] [SEVERE ] player 2 placing token on slot 2
[2022-12-12 22:07:41] [SEVERE ] player 2 placing token on slot 8
[2022-12-12 22:07:41] [SEVERE ] removing player 2 token from slot 2
[2022-12-12 22:07:41] [SEVERE ] removing player 2 token from slot 4
[2022-12-12 22:07:41] [SEVERE ] removing player 2 token from slot 8
[2022-12-12 22:07:41] [SEVERE ] player 2 placing token on slot 3
[2022-12-12 22:07:41] [SEVERE ] player 2 placing token on slot 0
[2022-12-12 22:07:41] [SEVERE ] player 2 placing token on slot 2
[2022-12-12 22:07:41] [SEVERE ] removing player 2 token from slot 0
[2022-12-12 22:07:41] [SEVERE ] removing player 2 token from slot 2
[2022-12-12 22:07:41] [SEVERE ] removing player 2 token from slot 3
[2022-12-12 22:07:42] [SEVERE ] player 2 placing token on slot 1
[2022-12-12 22:07:42] [SEVERE ] player 2 placing token on slot 7
[2022-12-12 22:07:42] [SEVERE ] player 2 placing token on slot 0
[2022-12-12 22:07:42] [SEVERE ] removing player 2 token from slot 0
[2022-12-12 22:07:42] [SEVERE ] removing player 2 token from slot 1
[2022-12-12 22:07:42] [SEVERE ] removing player 2 token from slot 7
[2022-12-12 22:07:42] [SEVERE ] player 2 placing token on slot 8
[2022-12-12 22:07:42] [SEVERE ] player 2 placing token on slot 7
[2022-12-12 22:07:42] [SEVERE ] player 2 placing token on slot 0
[2022-12-12 22:07:42] [SEVERE ] removing player 2 token from slot 0
[2022-12-12 22:07:42] [SEVERE ] removing player 2 token from slot 7
[2022-12-12 22:07:42] [SEVERE ] removing player 2 token from slot 8
[2022-12-12 22:07:42] [SEVERE ] player 2 placing token on slot 0
[2022-12-12 22:07:42] [SEVERE ] player 2 placing token on slot 10
[2022-12-12 22:07:42] [SEVERE ] player 2 placing token on slot 8
[2022-12-12 22:07:42] [SEVERE ] removing player 2 token from slot 0
[2022-12-12 22:07:42] [SEVERE ] removing player 2 token from slot 8
[2022-12-12 22:07:42] [SEVERE ] removing player 2 token from slot 10
[2022-12-12 22:07:42] [SEVERE ] player 2 placing token on slot 4
[2022-12-12 22:07:42] [SEVERE ] player 2 placing token on slot 5
[2022-12-12 22:07:42] [SEVERE ] player 2 placing token on slot 2
[2022-12-12 22:07:42] [SEVERE ] removing player 2 token from slot 2
[2022-12-12 22:07:42] [SEVERE ] removing player 2 token from slot 4
[2022-12-12 22:07:42] [SEVERE ] removing player 2 token from slot 5
[2022-12-12 22:07:42] [SEVERE ] player 2 placing token on slot 2
[2022-12-12 22:07:42] [SEVERE ] player 2 placing token on slot 7
[2022-12-12 22:07:42] [SEVERE ] player 2 placing token on slot 5
[2022-12-12 22:07:42] [SEVERE ] removing player 2 token from slot 2
[2022-12-12 22:07:42] [SEVERE ] removing player 2 token from slot 5
[2022-12-12 22:07:42] [SEVERE ] removing player 2 token from slot 7
[2022-12-12 22:07:42] [SEVERE ] player 2 placing token on slot 0
[2022-12-12 22:07:42] [SEVERE ] player 2 placing token on slot 7
[2022-12-12 22:07:42] [SEVERE ] player 2 placing token on slot 10
[2022-12-12 22:07:42] [SEVERE ] removing player 2 token from slot 0
[2022-12-12 22:07:42] [SEVERE ] removing player 2 token from slot 7
[2022-12-12 22:07:42] [SEVERE ] removing player 2 token from slot 10
[2022-12-12 22:07:42] [SEVERE ] player 2 placing token on slot 3
[2022-12-12 22:07:42] [SEVERE ] player 2 placing token on slot 4
[2022-12-12 22:07:42] [SEVERE ] player 2 placing token on slot 9
[2022-12-12 22:07:42] [SEVERE ] removing player 2 token from slot 3
[2022-12-12 22:07:42] [SEVERE ] removing player 2 token from slot 4
[2022-12-12 22:07:42] [SEVERE ] removing player 2 token from slot 9
[2022-12-12 22:07:42] [SEVERE ] player 2 placing token on slot 11
[2022-12-12 22:07:42] [SEVERE ] player 2 placing token on slot 3
[2022-12-12 22:07:42] [SEVERE ] player 2 placing token on slot 9
[2022-12-12 22:07:42] [SEVERE ] removing player 2 token from slot 3
[2022-12-12 22:07:42] [SEVERE ] removing player 2 token from slot 9
[2022-12-12 22:07:42] [SEVERE ] removing player 2 token from slot 11
[2022-12-12 22:07:42] [SEVERE ] player 2 placing token on slot 4
[2022-12-12 22:07:42] [SEVERE ] player 2 placing token on slot 3
[2022-12-12 22:07:42] [SEVERE ] player 2 placing token on slot 8
[2022-12-12 22:07:42] [SEVERE ] removing player 2 token from slot 3
[2022-12-12 22:07:42] [SEVERE ] removing player 2 token from slot 4
[2022-12-12 22:07:42] [SEVERE ] removing player 2 token from slot 8
[2022-12-12 22:07:42] [SEVERE ] player 2 placing token on slot 0
[2022-12-12 22:07:42] [SEVERE ] player 2 placing token on slot 7
[2022-12-12 22:07:42] [SEVERE ] player 2 placing token on slot 5
[2022-12-12 22:07:42] [SEVERE ] removing player 2 token from slot 0
[2022-12-12 22:07:42] [SEVERE ] removing player 2 token from slot 5
[2022-12-12 22:07:42] [SEVERE ] removing player 2 token from slot 7
[2022-12-12 22:07:42] [SEVERE ] player 2 placing token on slot 3
[2022-12-12 22:07:43] [SEVERE ] player 2 placing token on slot 8
[2022-12-12 22:07:43] [SEVERE ] player 2 placing token on slot 0
[2022-12-12 22:07:43] [SEVERE ] removing player 2 token from slot 0
[2022-12-12 22:07:43] [SEVERE ] removing player 2 token from slot 3
[2022-12-12 22:07:43] [SEVERE ] removing player 2 token from slot 8
[2022-12-12 22:07:43] [SEVERE ] player 2 placing token on slot 5
[2022-12-12 22:07:43] [SEVERE ] player 2 placing token on slot 3
[2022-12-12 22:07:43] [SEVERE ] player 2 placing token on slot 4
[2022-12-12 22:07:43] [SEVERE ] removing player 2 token from slot 3
[2022-12-12 22:07:43] [SEVERE ] removing player 2 token from slot 4
[2022-12-12 22:07:43] [SEVERE ] removing player 2 token from slot 5
[2022-12-12 22:07:43] [SEVERE ] player 2 placing token on slot 5
[2022-12-12 22:07:43] [SEVERE ] player 2 placing token on slot 11
[2022-12-12 22:07:43] [SEVERE ] player 2 placing token on slot 2
[2022-12-12 22:07:43] [SEVERE ] removing player 2 token from slot 2
[2022-12-12 22:07:43] [SEVERE ] removing player 2 token from slot 5
[2022-12-12 22:07:43] [SEVERE ] removing player 2 token from slot 11
[2022-12-12 22:07:43] [SEVERE ] player 2 placing token on slot 7
[2022-12-12 22:07:43] [SEVERE ] player 2 placing token on slot 6
[2022-12-12 22:07:43] [SEVERE ] player 2 placing token on slot 5
[2022-12-12 22:07:43] [SEVERE ] removing player 2 token from slot 5
[2022-12-12 22:07:43] [SEVERE ] removing player 2 token from slot 6
[2022-12-12 22:07:43] [SEVERE ] removing player 2 token from slot 7
[2022-12-12 22:07:43] [SEVERE ] player 2 placing token on slot 1
[2022-12-12 22:07:43] [SEVERE ] player 2 placing token on slot 2
[2022-12-12 22:07:43] [SEVERE ] player 2 placing token on slot 8
[2022-12-12 22:07:43] [SEVERE ] removing player 2 token from slot 1
[2022-12-12 22:07:43] [SEVERE ] removing player 2 token from slot 2
[2022-12-12 22:07:43] [SEVERE ] removing player 2 token from slot 8
[2022-12-12 22:07:43] [SEVERE ] player 2 placing token on slot 10
[2022-12-12 22:07:43] [SEVERE ] player 2 placing token on slot 7
[2022-12-12 22:07:43] [SEVERE ] player 2 placing token on slot 4
[2022-12-12 22:07:43] [SEVERE ] removing player 2 token from slot 4
[2022-12-12 22:07:43] [SEVERE ] removing player 2 token from slot 7
[2022-12-12 22:07:43] [SEVERE ] removing player 2 token from slot 10
[2022-12-12 22:07:43] [SEVERE ] player 2 placing token on slot 7
[2022-12-12 22:07:43] [SEVERE ] player 2 placing token on slot 8
[2022-12-12 22:07:43] [SEVERE ] player 2 placing token on slot 11
[2022-12-12 22:07:43] [SEVERE ] removing player 2 token from slot 7
[2022-12-12 22:07:43] [SEVERE ] removing player 2 token from slot 8
[2022-12-12 22:07:43] [SEVERE ] removing player 2 token from slot 11
[2022-12-12 22:07:43] [SEVERE ] player 2 placing token on slot 10
[2022-12-12 22:07:43] [SEVERE ] player 2 placing token on slot 1
[2022-12-12 22:07:43] [SEVERE ] player 2 placing token on slot 9
[2022-12-12 22:07:43] [SEVERE ] removing player 2 token from slot 1
[2022-12-12 22:07:43] [SEVERE ] removing player 2 token from slot 9
[2022-12-12 22:07:43] [SEVERE ] removing player 2 token from slot 10
[2022-12-12 22:07:43] [SEVERE ] player 2 placing token on slot 4
[2022-12-12 22:07:43] [SEVERE ] player 2 placing token on slot 9
[2022-12-12 22:07:43] [SEVERE ] player 2 placing token on slot 8
[2022-12-12 22:07:43] [SEVERE ] removing player 2 token from slot 4
[2022-12-12 22:07:43] [SEVERE ] removing player 2 token from slot 8
[2022-12-12 22:07:43] [SEVERE ] removing player 2 token from slot 9
[2022-12-12 22:07:43] [SEVERE ] player 2 placing token on slot 1
[2022-12-12 22:07:43] [SEVERE ] player 2 placing token on slot 8
[2022-12-12 22:07:43] [SEVERE ] player 2 placing token on slot 2
[2022-12-12 22:07:43] [SEVERE ] removing player 2 token from slot 1
[2022-12-12 22:07:43] [SEVERE ] removing player 2 token from slot 2
[2022-12-12 22:07:43] [SEVERE ] removing player 2 token from slot 8
[2022-12-12 22:07:43] [SEVERE ] player 2 placing token on slot 6
[2022-12-12 22:07:43] [SEVERE ] player 2 placing token on slot 8
[2022-12-12 22:07:43] [SEVERE ] player 2 placing token on slot 7
[2022-12-12 22:07:43] [SEVERE ] removing player 2 token from slot 6
[2022-12-12 22:07:43] [SEVERE ] removing player 2 token from slot 7
[2022-12-12 22:07:43] [SEVERE ] removing player 2 token from slot 8
[2022-12-12 22:07:43] [SEVERE ] player 2 placing token on slot 10
[2022-12-12 22:07:44] [SEVERE ] player 2 placing token on slot 2
[2022-12-12 22:07:44] [SEVERE ] player 2 placing token on slot 9
[2022-12-12 22:07:44] [SEVERE ] removing player 2 token from slot 2
[2022-12-12 22:07:44] [SEVERE ] removing player 2 token from slot 9
[2022-12-12 22:07:44] [SEVERE ] removing player 2 token from slot 10
[2022-12-12 22:07:44] [SEVERE ] player 2 placing token on slot 7
[2022-12-12 22:07:44] [SEVERE ] player 2 placing token on slot 3
[2022-12-12 22:07:44] [SEVERE ] player 2 placing token on slot 9
[2022-12-12 22:07:44] [SEVERE ] removing player 2 token from slot 3
[2022-12-12 22:07:44] [SEVERE ] removing player 2 token from slot 7
[2022-12-12 22:07:44] [SEVERE ] removing player 2 token from slot 9
[2022-12-12 22:07:44] [SEVERE ] player 2 placing token on slot 1
[2022-12-12 22:07:44] [SEVERE ] player 2 placing token on slot 10
[2022-12-12 22:07:44] [SEVERE ] player 2 placing token on slot 8
[2022-12-12 22:07:44] [SEVERE ] removing player 2 token from slot 1
[2022-12-12 22:07:44] [SEVERE ] removing player 2 token from slot 8
[2022-12-12 22:07:44] [SEVERE ] removing player 2 token from slot 10
[2022-12-12 22:07:44] [SEVERE ] player 2 placing token on slot 0
[2022-12-12 22:07:44] [SEVERE ] player 2 placing token on slot 1
[2022-12-12 22:07:44] [SEVERE ] player 2 placing token on slot 6
[2022-12-12 22:07:44] [SEVERE ] removing player 2 token from slot 0
[2022-12-12 22:07:44] [SEVERE ] removing player 2 token from slot 1
[2022-12-12 22:07:44] [SEVERE ] removing player 2 token from slot 6
[2022-12-12 22:07:44] [SEVERE ] player 2 placing token on slot 4
[2022-12-12 22:07:44] [SEVERE ] player 2 placing token on slot 1
[2022-12-12 22:07:44] [SEVERE ] player 2 placing token on slot 5
[2022-12-12 22:07:44] [SEVERE ] removing player 2 token from slot 1
[2022-12-12 22:07:44] [SEVERE ] removing player 2 token from slot 4
[2022-12-12 22:07:44] [SEVERE ] removing player 2 token from slot 5
[2022-12-12 22:07:44] [SEVERE ] player 2 placing token on slot 9
[2022-12-12 22:07:44] [SEVERE ] player 2 placing token on slot 4
[2022-12-12 22:07:44] [SEVERE ] player 2 placing token on slot 3
[2022-12-12 22:07:44] [SEVERE ] removing player 2 token from slot 3
[2022-12-12 22:07:44] [SEVERE ] removing player 2 token from slot 4
[2022-12-12 22:07:44] [SEVERE ] removing player 2 token from slot 9
[2022-12-12 22:07:44] [SEVERE ] player 2 placing token on slot 1
[2022-12-12 22:07:44] [SEVERE ] player 2 placing token on slot 10
[2022-12-12 22:07:44] [SEVERE ] player 2 placing token on slot 7
[2022-12-12 22:07:44] [SEVERE ] removing player 2 token from slot 1
[2022-12-12 22:07:44] [SEVERE ] removing player 2 token from slot 7
[2022-12-12 22:07:44] [SEVERE ] removing player 2 token from slot 10
[2022-12-12 22:07:44] [SEVERE ] player 2 placing token on slot 7
[2022-12-12 22:07:44] [SEVERE ] player 2 placing token on slot 2
[2022-12-12 22:07:44] [SEVERE ] player 2 placing token on slot 5
[2022-12-12 22:07:44] [SEVERE ] removing player 2 token from slot 2
[2022-12-12 22:07:44] [SEVERE ] removing player 2 token from slot 5
[2022-12-12 22:07:44] [SEVERE ] removing player 2 token from slot 7
[2022-12-12 22:07:44] [SEVERE ] player 2 placing token on slot 6
[2022-12-12 22:07:44] [SEVERE ] player 2 placing token on slot 10
[2022-12-12 22:07:44] [SEVERE ] player 2 placing token on slot 1
[2022-12-12 22:07:44] [SEVERE ] removing player 2 token from slot 1
[2022-12-12 22:07:44] [SEVERE ] removing player 2 token from slot 6
[2022-12-12 22:07:44] [SEVERE ] removing player 2 token from slot 10
[2022-12-12 22:07:44] [SEVERE ] player 2 placing token on slot 10
[2022-12-12 22:07:44] [SEVERE ] player 2 placing token on slot 4
[2022-12-12 22:07:44] [SEVERE ] player 2 placing token on slot 9
[2022-12-12 22:07:44] [SEVERE ] removing player 2 token from slot 4
[2022-12-12 22:07:44] [SEVERE ] removing player 2 token from slot 9
[2022-12-12 22:07:44] [SEVERE ] removing player 2 token from slot 10
[2022-12-12 22:07:44] [SEVERE ] player 2 placing token on slot 6
[2022-12-12 22:07:44] [SEVERE ] player 2 placing token on slot 9
[2022-12-12 22:07:45] [SEVERE ] player 2 placing token on slot 11
[2022-12-12 22:07:45] [SEVERE ] removing player 2 token from slot 6
[2022-12-12 22:07:45] [SEVERE ] removing player 2 token from slot 9
[2022-12-12 22:07:45] [SEVERE ] removing player 2 token from slot 11
[2022-12-12 22:07:45] [SEVERE ] player 2 placing token on slot 10
[2022-12-12 22:07:45] [SEVERE ] player 2 placing token on slot 11
[2022-12-12 22:07:45] [SEVERE ] player 2 placing token on slot 9
[2022-12-12 22:07:45] [SEVERE ] removing player 2 token from slot 9
[2022-12-12 22:07:45] [SEVERE ] removing player 2 token from slot 10
[2022-12-12 22:07:45] [SEVERE ] removing player 2 token from slot 11
[2022-12-12 22:07:45] [SEVERE ] player 2 placing token on slot 1
[2022-12-12 22:07:45] [SEVERE ] player 2 placing token on slot 10
[2022-12-12 22:07:45] [SEVERE ] player 2 placing token on slot 3
[2022-12-12 22:07:45] [SEVERE ] removing player 2 token from slot 1
[2022-12-12 22:07:45] [SEVERE ] removing player 2 token from slot 3
[2022-12-12 22:07:45] [SEVERE ] removing player 2 token from slot 10
[2022-12-12 22:07:45] [SEVERE ] player 2 placing token on slot 9
[2022-12-12 22:07:45] [SEVERE ] player 2 placing token on slot 8
[2022-12-12 22:07:45] [SEVERE ] player 2 placing token on slot 0
[2022-12-12 22:07:45] [SEVERE ] removing player 2 token from slot 0
[2022-12-12 22:07:45] [SEVERE ] removing player 2 token from slot 8
[2022-12-12 22:07:45] [SEVERE ] removing player 2 token from slot 9
[2022-12-12 22:07:45] [SEVERE ] player 2 placing token on slot 1
[2022-12-12 22:07:45] [SEVERE ] player 2 placing token on slot 2
[2022-12-12 22:07:45] [SEVERE ] player 2 placing token on slot 3
[2022-12-12 22:07:45] [SEVERE ] removing player 2 token from slot 1
[2022-12-12 22:07:45] [SEVERE ] removing player 2 token from slot 2
[2022-12-12 22:07:45] [SEVERE ] removing player 2 token from slot 3
[2022-12-12 22:07:45] [SEVERE ] player 2 placing token on slot 8
[2022-12-12 22:07:45] [SEVERE ] player 2 placing token on slot 10
[2022-12-12 22:07:45] [SEVERE ] player 2 placing token on slot 2
[2022-12-12 22:07:45] [SEVERE ] removing player 2 token from slot 2
[2022-12-12 22:07:45] [SEVERE ] removing player 2 token from slot 8
[2022-12-12 22:07:45] [SEVERE ] removing player 2 token from slot 10
[2022-12-12 22:07:45] [SEVERE ] player 2 placing token on slot 1
[2022-12-12 22:07:45] [SEVERE ] player 2 placing token on slot 3
[2022-12-12 22:07:45] [SEVERE ] player 2 placing token on slot 2
[2022-12-12 22:07:45] [SEVERE ] removing player 2 token from slot 1
[2022-12-12 22:07:45] [SEVERE ] removing player 2 token from slot 2
[2022-12-12 22:07:45] [SEVERE ] removing player 2 token from slot 3
[2022-12-12 22:07:45] [SEVERE ] player 2 placing token on slot 2
[2022-12-12 22:07:45] [SEVERE ] player 2 placing token on slot 11
[2022-12-12 22:07:45] [SEVERE ] player 2 placing token on slot 7
[2022-12-12 22:07:45] [SEVERE ] removing player 2 token from slot 2
[2022-12-12 22:07:45] [SEVERE ] removing player 2 token from slot 7
[2022-12-12 22:07:45] [SEVERE ] removing player 2 token from slot 11
[2022-12-12 22:07:45] [SEVERE ] player 2 placing token on slot 0
[2022-12-12 22:07:45] [SEVERE ] player 2 placing token on slot 5
[2022-12-12 22:07:45] [SEVERE ] player 2 placing token on slot 4
[2022-12-12 22:07:45] [SEVERE ] removing player 2 token from slot 0
[2022-12-12 22:07:45] [SEVERE ] removing player 2 token from slot 4
[2022-12-12 22:07:45] [SEVERE ] removing player 2 token from slot 5
[2022-12-12 22:07:45] [SEVERE ] player 2 placing token on slot 10
[2022-12-12 22:07:45] [SEVERE ] player 2 placing token on slot 0
[2022-12-12 22:07:45] [SEVERE ] player 2 placing token on slot 5
[2022-12-12 22:07:45] [SEVERE ] removing player 2 token from slot 0
[2022-12-12 22:07:45] [SEVERE ] removing player 2 token from slot 5
[2022-12-12 22:07:45] [SEVERE ] removing player 2 token from slot 10
[2022-12-12 22:07:45] [SEVERE ] player 2 placing token on slot 1
[2022-12-12 22:07:45] [SEVERE ] player 2 placing token on slot 0
[2022-12-12 22:07:45] [SEVERE ] player 2 placing token on slot 6
[2022-12-12 22:07:45] [SEVERE ] removing player 2 token from slot 0
[2022-12-12 22:07:45] [SEVERE ] removing player 2 token from slot 1
[2022-12-12 22:07:45] [SEVERE ] removing player 2 token from slot 6
[2022-12-12 22:07:46] [SEVERE ] player 2 placing token on slot 10
[2022-12-12 22:07:46] [SEVERE ] player 2 placing token on slot 0
[2022-12-12 22:07:46] [SEVERE ] player 2 placing token on slot 9
[2022-12-12 22:07:46] [SEVERE ] removing player 2 token from slot 0
[2022-12-12 22:07:46] [SEVERE ] removing player 2 token from slot 9
[2022-12-12 22:07:46] [SEVERE ] removing player 2 token from slot 10
[2022-12-12 22:07:46] [SEVERE ] player 2 placing token on slot 5
[2022-12-12 22:07:46] [SEVERE ] player 2 placing token on slot 9
[2022-12-12 22:07:46] [SEVERE ] player 2 placing token on slot 8
[2022-12-12 22:07:46] [SEVERE ] removing player 2 token from slot 5
[2022-12-12 22:07:46] [SEVERE ] removing player 2 token from slot 8
[2022-12-12 22:07:46] [SEVERE ] removing player 2 token from slot 9
[2022-12-12 22:07:46] [SEVERE ] player 2 placing token on slot 9
[2022-12-12 22:07:46] [SEVERE ] player 2 placing token on slot 0
[2022-12-12 22:07:46] [SEVERE ] player 2 placing token on slot 8
[2022-12-12 22:07:46] [SEVERE ] removing player 2 token from slot 0
[2022-12-12 22:07:46] [SEVERE ] removing player 2 token from slot 8
[2022-12-12 22:07:46] [SEVERE ] removing player 2 token from slot 9
[2022-12-12 22:07:46] [SEVERE ] player 2 placing token on slot 3
[2022-12-12 22:07:46] [SEVERE ] player 2 placing token on slot 9
[2022-12-12 22:07:46] [SEVERE ] player 2 placing token on slot 4
[2022-12-12 22:07:46] [SEVERE ] removing player 2 token from slot 3
[2022-12-12 22:07:46] [SEVERE ] removing player 2 token from slot 4
[2022-12-12 22:07:46] [SEVERE ] removing player 2 token from slot 9
[2022-12-12 22:07:46] [SEVERE ] player 2 placing token on slot 6
[2022-12-12 22:07:46] [SEVERE ] player 2 placing token on slot 2
[2022-12-12 22:07:46] [SEVERE ] player 2 placing token on slot 7
[2022-12-12 22:07:46] [SEVERE ] removing player 2 token from slot 2
[2022-12-12 22:07:46] [SEVERE ] removing player 2 token from slot 6
[2022-12-12 22:07:46] [SEVERE ] removing player 2 token from slot 7
[2022-12-12 22:07:46] [SEVERE ] player 2 placing token on slot 3
[2022-12-12 22:07:46] [SEVERE ] player 2 placing token on slot 9
[2022-12-12 22:07:46] [SEVERE ] player 2 placing token on slot 10
[2022-12-12 22:07:46] [SEVERE ] removing player 2 token from slot 3
[2022-12-12 22:07:46] [SEVERE ] removing player 2 token from slot 9
[2022-12-12 22:07:46] [SEVERE ] removing player 2 token from slot 10
[2022-12-12 22:07:46] [SEVERE ] player 2 placing token on slot 5
[2022-12-12 22:07:46] [SEVERE ] player 2 placing token on slot 1
[2022-12-12 22:07:46] [SEVERE ] player 2 placing token on slot 8
[2022-12-12 22:07:46] [SEVERE ] removing player 2 token from slot 1
[2022-12-12 22:07:46] [SEVERE ] removing player 2 token from slot 5
[2022-12-12 22:07:46] [SEVERE ] removing player 2 token from slot 8
[2022-12-12 22:07:46] [SEVERE ] player 2 placing token on slot 1
[2022-12-12 22:07:46] [SEVERE ] player 2 placing token on slot 6
[2022-12-12 22:07:46] [SEVERE ] player 2 placing token on slot 10
[2022-12-12 22:07:46] [SEVERE ] removing player 2 token from slot 1
[2022-12-12 22:07:46] [SEVERE ] removing player 2 token from slot 6
[2022-12-12 22:07:46] [SEVERE ] removing player 2 token from slot 10
[2022-12-12 22:07:46] [SEVERE ] player 2 placing token on slot 9
[2022-12-12 22:07:46] [SEVERE ] player 2 placing token on slot 5
[2022-12-12 22:07:46] [SEVERE ] player 2 placing token on slot 0
[2022-12-12 22:07:46] [SEVERE ] removing player 2 token from slot 0
[2022-12-12 22:07:46] [SEVERE ] removing player 2 token from slot 5
[2022-12-12 22:07:46] [SEVERE ] removing player 2 token from slot 9
[2022-12-12 22:07:46] [SEVERE ] player 2 placing token on slot 1
[2022-12-12 22:07:46] [SEVERE ] player 2 placing token on slot 9
[2022-12-12 22:07:46] [SEVERE ] player 2 placing token on slot 8
[2022-12-12 22:07:46] [SEVERE ] removing player 2 token from slot 1
[2022-12-12 22:07:46] [SEVERE ] removing player 2 token from slot 8
[2022-12-12 22:07:46] [SEVERE ] removing player 2 token from slot 9
[2022-12-12 22:07:46] [SEVERE ] player 2 placing token on slot 9
[2022-12-12 22:07:46] [SEVERE ] player 2 placing token on slot 7
[2022-12-12 22:07:47] [SEVERE ] player 2 placing token on slot 4
[2022-12-12 22:07:47] [SEVERE ] removing player 2 token from slot 4
[2022-12-12 22:07:47] [SEVERE ] removing player 2 token from slot 7
[2022-12-12 22:07:47] [SEVERE ] removing player 2 token from slot 9
[2022-12-12 22:07:47] [SEVERE ] player 2 placing token on slot 11
[2022-12-12 22:07:47] [SEVERE ] player 2 placing token on slot 5
[2022-12-12 22:07:47] [SEVERE ] player 2 placing token on slot 10
[2022-12-12 22:07:47] [SEVERE ] removing player 2 token from slot 5
[2022-12-12 22:07:47] [SEVERE ] removing player 2 token from slot 10
[2022-12-12 22:07:47] [SEVERE ] removing player 2 token from slot 11
[2022-12-12 22:07:47] [SEVERE ] player 2 placing token on slot 4
[2022-12-12 22:07:47] [SEVERE ] player 2 placing token on slot 11
[2022-12-12 22:07:47] [SEVERE ] player 2 placing token on slot 1
[2022-12-12 22:07:47] [SEVERE ] removing player 2 token from slot 1
[2022-12-12 22:07:47] [SEVERE ] removing player 2 token from slot 4
[2022-12-12 22:07:47] [SEVERE ] removing player 2 token from slot 11
[2022-12-12 22:07:47] [SEVERE ] player 2 placing token on slot 4
[2022-12-12 22:07:47] [SEVERE ] player 2 placing token on slot 6
[2022-12-12 22:07:47] [SEVERE ] player 2 placing token on slot 0
[2022-12-12 22:07:47] [SEVERE ] removing player 2 token from slot 0
[2022-12-12 22:07:47] [SEVERE ] removing player 2 token from slot 4
[2022-12-12 22:07:47] [SEVERE ] removing player 2 token from slot 6
[2022-12-12 22:07:47] [SEVERE ] player 2 placing token on slot 11
[2022-12-12 22:07:47] [SEVERE ] player 2 placing token on slot 5
[2022-12-12 22:07:47] [SEVERE ] player 2 placing token on slot 1
[2022-12-12 22:07:47] [SEVERE ] removing player 2 token from slot 1
[2022-12-12 22:07:47] [SEVERE ] removing player 2 token from slot 5
[2022-12-12 22:07:47] [SEVERE ] removing player 2 token from slot 11
[2022-12-12 22:07:47] [SEVERE ] player 2 placing token on slot 4
[2022-12-12 22:07:47] [SEVERE ] player 2 placing token on slot 1
[2022-12-12 22:07:47] [SEVERE ] player 2 placing token on slot 10
[2022-12-12 22:07:47] [SEVERE ] removing player 2 token from slot 1
[2022-12-12 22:07:47] [SEVERE ] removing player 2 token from slot 4
[2022-12-12 22:07:47] [SEVERE ] removing player 2 token from slot 10
[2022-12-12 22:07:47] [SEVERE ] player 2 placing token on slot 9
[2022-12-12 22:07:47] [SEVERE ] player 2 placing token on slot 10
[2022-12-12 22:07:47] [SEVERE ] player 2 placing token on slot 4
[2022-12-12 22:07:47] [SEVERE ] removing player 2 token from slot 4
[2022-12-12 22:07:47] [SEVERE ] removing player 2 token from slot 9
[2022-12-12 22:07:47] [SEVERE ] removing player 2 token from slot 10
[2022-12-12 22:07:47] [SEVERE ] player 2 placing token on slot 5
[2022-12-12 22:07:47] [SEVERE ] player 2 placing token on slot 3
[2022-12-12 22:07:47] [SEVERE ] player 2 placing token on slot 1
[2022-12-12 22:07:47] [SEVERE ] removing player 2 token from slot 1
[2022-12-12 22:07:47] [SEVERE ] removing player 2 token from slot 3
[2022-12-12 22:07:47] [SEVERE ] removing player 2 token from slot 5
[2022-12-12 22:07:47] [SEVERE ] player 2 placing token on slot 3
[2022-12-12 22:07:47] [SEVERE ] player 2 placing token on slot 8
[2022-12-12 22:07:47] [SEVERE ] player 2 placing token on slot 7
[2022-12-12 22:07:47] [SEVERE ] removing player 2 token from slot 3
[2022-12-12 22:07:47] [SEVERE ] removing player 2 token from slot 7
[2022-12-12 22:07:47] [SEVERE ] removing player 2 token from slot 8
[2022-12-12 22:07:47] [SEVERE ] player 2 placing token on slot 9
[2022-12-12 22:07:47] [SEVERE ] player 2 placing token on slot 7
[2022-12-12 22:07:47] [SEVERE ] player 2 placing token on slot 4
[2022-12-12 22:07:47] [SEVERE ] removing player 2 token from slot 4
[2022-12-12 22:07:47] [SEVERE ] removing player 2 token from slot 7
[2022-12-12 22:07:47] [SEVERE ] removing player 2 token from slot 9
[2022-12-12 22:07:47] [SEVERE ] player 2 placing token on slot 10
[2022-12-12 22:07:47] [SEVERE ] player 2 placing token on slot 1
[2022-12-12 22:07:47] [SEVERE ] player 2 placing token on slot 9
[2022-12-12 22:07:47] [SEVERE ] removing player 2 token from slot 1
[2022-12-12 22:07:47] [SEVERE ] removing player 2 token from slot 9
[2022-12-12 22:07:47] [SEVERE ] removing player 2 token from slot 10
[2022-12-12 22:07:47] [SEVERE ] player 2 placing token on slot 2
[2022-12-12 22:07:48] [SEVERE ] player 2 placing token on slot 11
[2022-12-12 22:07:48] [SEVERE ] player 2 placing token on slot 7
[2022-12-12 22:07:48] [SEVERE ] removing player 2 token from slot 2
[2022-12-12 22:07:48] [SEVERE ] removing player 2 token from slot 7
[2022-12-12 22:07:48] [SEVERE ] removing player 2 token from slot 11
[2022-12-12 22:07:48] [SEVERE ] player 2 placing token on slot 2
[2022-12-12 22:07:48] [SEVERE ] player 2 placing token on slot 1
[2022-12-12 22:07:48] [SEVERE ] player 2 placing token on slot 3
[2022-12-12 22:07:48] [SEVERE ] removing player 2 token from slot 1
[2022-12-12 22:07:48] [SEVERE ] removing player 2 token from slot 2
[2022-12-12 22:07:48] [SEVERE ] removing player 2 token from slot 3
[2022-12-12 22:07:48] [SEVERE ] player 2 placing token on slot 0
[2022-12-12 22:07:48] [SEVERE ] player 2 placing token on slot 9
[2022-12-12 22:07:48] [SEVERE ] player 2 placing token on slot 8
[2022-12-12 22:07:48] [SEVERE ] removing player 2 token from slot 0
[2022-12-12 22:07:48] [SEVERE ] removing player 2 token from slot 8
[2022-12-12 22:07:48] [SEVERE ] removing player 2 token from slot 9
[2022-12-12 22:07:48] [SEVERE ] player 2 placing token on slot 1
[2022-12-12 22:07:48] [SEVERE ] player 2 placing token on slot 0
[2022-12-12 22:07:48] [SEVERE ] player 2 placing token on slot 8
[2022-12-12 22:07:48] [SEVERE ] removing player 2 token from slot 0
[2022-12-12 22:07:48] [SEVERE ] removing player 2 token from slot 1
[2022-12-12 22:07:48] [SEVERE ] removing player 2 token from slot 8
[2022-12-12 22:07:48] [SEVERE ] player 2 placing token on slot 9
[2022-12-12 22:07:48] [SEVERE ] player 2 placing token on slot 2
[2022-12-12 22:07:48] [SEVERE ] player 2 placing token on slot 10
[2022-12-12 22:07:48] [SEVERE ] removing player 2 token from slot 2
[2022-12-12 22:07:48] [SEVERE ] removing player 2 token from slot 9
[2022-12-12 22:07:48] [SEVERE ] removing player 2 token from slot 10
[2022-12-12 22:07:48] [SEVERE ] player 2 placing token on slot 3
[2022-12-12 22:07:48] [SEVERE ] player 2 placing token on slot 2
[2022-12-12 22:07:48] [SEVERE ] player 2 placing token on slot 8
[2022-12-12 22:07:48] [SEVERE ] removing player 2 token from slot 2
[2022-12-12 22:07:48] [SEVERE ] removing player 2 token from slot 3
[2022-12-12 22:07:48] [SEVERE ] removing player 2 token from slot 8
[2022-12-12 22:07:48] [SEVERE ] player 2 placing token on slot 3
[2022-12-12 22:07:48] [SEVERE ] player 2 placing token on slot 4
[2022-12-12 22:07:48] [SEVERE ] player 2 placing token on slot 5
[2022-12-12 22:07:48] [SEVERE ] removing player 2 token from slot 3
[2022-12-12 22:07:48] [SEVERE ] removing player 2 token from slot 4
[2022-12-12 22:07:48] [SEVERE ] removing player 2 token from slot 5
[2022-12-12 22:07:48] [SEVERE ] player 2 placing token on slot 11
[2022-12-12 22:07:48] [SEVERE ] player 2 placing token on slot 4
[2022-12-12 22:07:48] [SEVERE ] player 2 placing token on slot 7
[2022-12-12 22:07:48] [SEVERE ] removing player 2 token from slot 4
[2022-12-12 22:07:48] [SEVERE ] removing player 2 token from slot 7
[2022-12-12 22:07:48] [SEVERE ] removing player 2 token from slot 11
[2022-12-12 22:07:48] [SEVERE ] player 2 placing token on slot 2
[2022-12-12 22:07:48] [SEVERE ] player 2 placing token on slot 3
[2022-12-12 22:07:48] [SEVERE ] player 2 placing token on slot 11
[2022-12-12 22:07:48] [SEVERE ] removing player 2 token from slot 2
[2022-12-12 22:07:48] [SEVERE ] removing player 2 token from slot 3
[2022-12-12 22:07:48] [SEVERE ] removing player 2 token from slot 11
[2022-12-12 22:07:48] [SEVERE ] player 2 placing token on slot 11
[2022-12-12 22:07:48] [SEVERE ] player 2 placing token on slot 6
[2022-12-12 22:07:48] [SEVERE ] player 2 placing token on slot 4
[2022-12-12 22:07:48] [SEVERE ] removing player 2 token from slot 4
[2022-12-12 22:07:48] [SEVERE ] removing player 2 token from slot 6
[2022-12-12 22:07:48] [SEVERE ] removing player 2 token from slot 11
[2022-12-12 22:07:48] [SEVERE ] player 2 placing token on slot 1
[2022-12-12 22:07:48] [SEVERE ] player 2 placing token on slot 11
[2022-12-12 22:07:48] [SEVERE ] player 2 placing token on slot 0
[2022-12-12 22:07:48] [SEVERE ] removing player 2 token from slot 0
[2022-12-12 22:07:48] [SEVERE ] removing player 2 token from slot 1
[2022-12-12 22:07:48] [SEVERE ] removing player 2 token from slot 11
[2022-12-12 22:07:48] [SEVERE ] player 2 placing token on slot 2
[2022-12-12 22:07:49] [SEVERE ] player 2 placing token on slot 0
[2022-12-12 22:07:49] [SEVERE ] player 2 placing token on slot 3
[2022-12-12 22:07:49] [SEVERE ] removing player 2 token from slot 0
[2022-12-12 22:07:49] [SEVERE ] removing player 2 token from slot 2
[2022-12-12 22:07:49] [SEVERE ] removing player 2 token from slot 3
[2022-12-12 22:07:49] [SEVERE ] player 2 placing token on slot 6
[2022-12-12 22:07:49] [SEVERE ] player 2 placing token on slot 5
[2022-12-12 22:07:49] [SEVERE ] player 2 placing token on slot 3
[2022-12-12 22:07:49] [SEVERE ] removing player 2 token from slot 3
[2022-12-12 22:07:49] [SEVERE ] removing player 2 token from slot 5
[2022-12-12 22:07:49] [SEVERE ] removing player 2 token from slot 6
[2022-12-12 22:07:49] [SEVERE ] player 2 placing token on slot 3
[2022-12-12 22:07:49] [SEVERE ] player 2 placing token on slot 10
[2022-12-12 22:07:49] [SEVERE ] player 2 placing token on slot 4
[2022-12-12 22:07:49] [SEVERE ] removing player 2 token from slot 3
[2022-12-12 22:07:49] [SEVERE ] removing player 2 token from slot 4
[2022-12-12 22:07:49] [SEVERE ] removing player 2 token from slot 10
[2022-12-12 22:07:49] [SEVERE ] player 2 placing token on slot 5
[2022-12-12 22:07:49] [SEVERE ] player 2 placing token on slot 0
[2022-12-12 22:07:49] [SEVERE ] player 2 placing token on slot 8
[2022-12-12 22:07:49] [SEVERE ] removing player 2 token from slot 0
[2022-12-12 22:07:49] [SEVERE ] removing player 2 token from slot 5
[2022-12-12 22:07:49] [SEVERE ] removing player 2 token from slot 8
[2022-12-12 22:07:49] [SEVERE ] player 2 placing token on slot 1
[2022-12-12 22:07:49] [SEVERE ] player 2 placing token on slot 3
[2022-12-12 22:07:49] [SEVERE ] player 2 placing token on slot 8
[2022-12-12 22:07:49] [SEVERE ] removing player 2 token from slot 1
[2022-12-12 22:07:49] [SEVERE ] removing player 2 token from slot 3
[2022-12-12 22:07:49] [SEVERE ] removing player 2 token from slot 8
[2022-12-12 22:07:49] [SEVERE ] player 2 placing token on slot 10
[2022-12-12 22:07:49] [SEVERE ] player 2 placing token on slot 4
[2022-12-12 22:07:49] [SEVERE ] player 2 placing token on slot 1
[2022-12-12 22:07:49] [SEVERE ] removing player 2 token from slot 1
[2022-12-12 22:07:49] [SEVERE ] removing player 2 token from slot 4
[2022-12-12 22:07:49] [SEVERE ] removing player 2 token from slot 10
[2022-12-12 22:07:49] [SEVERE ] player 2 placing token on slot 9
[2022-12-12 22:07:49] [SEVERE ] player 2 placing token on slot 11
[2022-12-12 22:07:49] [SEVERE ] player 2 placing token on slot 2
[2022-12-12 22:07:49] [SEVERE ] removing player 2 token from slot 2
[2022-12-12 22:07:49] [SEVERE ] removing player 2 token from slot 9
[2022-12-12 22:07:49] [SEVERE ] removing player 2 token from slot 11
[2022-12-12 22:07:49] [SEVERE ] player 2 placing token on slot 5
[2022-12-12 22:07:49] [SEVERE ] player 2 placing token on slot 8
[2022-12-12 22:07:49] [SEVERE ] player 2 placing token on slot 0
[2022-12-12 22:07:49] [SEVERE ] removing player 2 token from slot 0
[2022-12-12 22:07:49] [SEVERE ] removing player 2 token from slot 5
[2022-12-12 22:07:49] [SEVERE ] removing player 2 token from slot 8
[2022-12-12 22:07:49] [SEVERE ] player 2 placing token on slot 1
[2022-12-12 22:07:49] [SEVERE ] player 2 placing token on slot 11
[2022-12-12 22:07:49] [SEVERE ] player 2 placing token on slot 9
[2022-12-12 22:07:49] [SEVERE ] removing player 2 token from slot 1
[2022-12-12 22:07:49] [SEVERE ] removing player 2 token from slot 9
[2022-12-12 22:07:49] [SEVERE ] removing player 2 token from slot 11
[2022-12-12 22:07:49] [SEVERE ] player 2 placing token on slot 8
[2022-12-12 22:07:49] [SEVERE ] player 2 placing token on slot 5
[2022-12-12 22:07:49] [SEVERE ] player 2 placing token on slot 6
[2022-12-12 22:07:49] [SEVERE ] removing player 2 token from slot 5
[2022-12-12 22:07:49] [SEVERE ] removing player 2 token from slot 6
[2022-12-12 22:07:49] [SEVERE ] removing player 2 token from slot 8
[2022-12-12 22:07:49] [SEVERE ] player 2 placing token on slot 3
[2022-12-12 22:07:49] [SEVERE ] player 2 placing token on slot 9
[2022-12-12 22:07:49] [SEVERE ] player 2 placing token on slot 6
[2022-12-12 22:07:49] [SEVERE ] removing player 2 token from slot 3
[2022-12-12 22:07:49] [SEVERE ] removing player 2 token from slot 6
[2022-12-12 22:07:49] [SEVERE ] removing player 2 token from slot 9
[2022-12-12 22:07:49] [SEVERE ] player 2 placing token on slot 8
[2022-12-12 22:07:49] [SEVERE ] player 2 placing token on slot 6
[2022-12-12 22:07:50] [SEVERE ] player 2 placing token on slot 5
[2022-12-12 22:07:50] [SEVERE ] removing player 2 token from slot 5
[2022-12-12 22:07:50] [SEVERE ] removing player 2 token from slot 6
[2022-12-12 22:07:50] [SEVERE ] removing player 2 token from slot 8
[2022-12-12 22:07:50] [SEVERE ] player 2 placing token on slot 1
[2022-12-12 22:07:50] [SEVERE ] player 2 placing token on slot 2
[2022-12-12 22:07:50] [SEVERE ] player 2 placing token on slot 10
[2022-12-12 22:07:50] [SEVERE ] removing player 2 token from slot 1
[2022-12-12 22:07:50] [SEVERE ] removing player 2 token from slot 2
[2022-12-12 22:07:50] [SEVERE ] removing player 2 token from slot 10
[2022-12-12 22:07:50] [SEVERE ] player 2 placing token on slot 6
[2022-12-12 22:07:50] [SEVERE ] player 2 placing token on slot 1
[2022-12-12 22:07:50] [SEVERE ] player 2 placing token on slot 4
[2022-12-12 22:07:50] [SEVERE ] removing player 2 token from slot 1
[2022-12-12 22:07:50] [SEVERE ] removing player 2 token from slot 4
[2022-12-12 22:07:50] [SEVERE ] removing player 2 token from slot 6
[2022-12-12 22:07:50] [SEVERE ] player 2 placing token on slot 10
[2022-12-12 22:07:50] [SEVERE ] player 2 placing token on slot 4
[2022-12-12 22:07:50] [SEVERE ] player 2 placing token on slot 3
[2022-12-12 22:07:50] [SEVERE ] removing player 2 token from slot 3
[2022-12-12 22:07:50] [SEVERE ] removing player 2 token from slot 4
[2022-12-12 22:07:50] [SEVERE ] removing player 2 token from slot 10
[2022-12-12 22:07:50] [SEVERE ] player 2 placing token on slot 0
[2022-12-12 22:07:50] [SEVERE ] player 2 placing token on slot 4
[2022-12-12 22:07:50] [SEVERE ] player 2 placing token on slot 10
[2022-12-12 22:07:50] [SEVERE ] removing player 2 token from slot 0
[2022-12-12 22:07:50] [SEVERE ] removing player 2 token from slot 4
[2022-12-12 22:07:50] [SEVERE ] removing player 2 token from slot 10
[2022-12-12 22:07:50] [SEVERE ] player 2 placing token on slot 7
[2022-12-12 22:07:50] [SEVERE ] player 2 placing token on slot 1
[2022-12-12 22:07:50] [SEVERE ] player 2 placing token on slot 10
[2022-12-12 22:07:50] [SEVERE ] removing player 2 token from slot 1
[2022-12-12 22:07:50] [SEVERE ] removing player 2 token from slot 7
[2022-12-12 22:07:50] [SEVERE ] removing player 2 token from slot 10
[2022-12-12 22:07:50] [SEVERE ] player 2 placing token on slot 6
[2022-12-12 22:07:50] [SEVERE ] player 2 placing token on slot 1
[2022-12-12 22:07:50] [SEVERE ] player 2 placing token on slot 10
[2022-12-12 22:07:50] [SEVERE ] removing player 2 token from slot 1
[2022-12-12 22:07:50] [SEVERE ] removing player 2 token from slot 6
[2022-12-12 22:07:50] [SEVERE ] removing player 2 token from slot 10
[2022-12-12 22:07:50] [SEVERE ] player 2 placing token on slot 9
[2022-12-12 22:07:50] [SEVERE ] player 2 placing token on slot 3
[2022-12-12 22:07:50] [SEVERE ] player 2 placing token on slot 4
[2022-12-12 22:07:50] [SEVERE ] removing player 2 token from slot 3
[2022-12-12 22:07:50] [SEVERE ] removing player 2 token from slot 4
[2022-12-12 22:07:50] [SEVERE ] removing player 2 token from slot 9
[2022-12-12 22:07:50] [SEVERE ] player 2 placing token on slot 2
[2022-12-12 22:07:50] [SEVERE ] player 2 placing token on slot 8
[2022-12-12 22:07:50] [SEVERE ] player 2 placing token on slot 9
[2022-12-12 22:07:50] [SEVERE ] removing player 2 token from slot 2
[2022-12-12 22:07:50] [SEVERE ] removing player 2 token from slot 8
[2022-12-12 22:07:50] [SEVERE ] removing player 2 token from slot 9
[2022-12-12 22:07:50] [SEVERE ] player 2 placing token on slot 0
[2022-12-12 22:07:50] [SEVERE ] player 2 placing token on slot 11
[2022-12-12 22:07:50] [SEVERE ] player 2 placing token on slot 9
[2022-12-12 22:07:50] [SEVERE ] removing player 2 token from slot 0
[2022-12-12 22:07:50] [SEVERE ] removing player 2 token from slot 9
[2022-12-12 22:07:50] [SEVERE ] removing player 2 token from slot 11
[2022-12-12 22:07:50] [SEVERE ] player 2 placing token on slot 1
[2022-12-12 22:07:50] [SEVERE ] player 2 placing token on slot 0
[2022-12-12 22:07:50] [SEVERE ] player 2 placing token on slot 5
[2022-12-12 22:07:50] [SEVERE ] removing player 2 token from slot 0
[2022-12-12 22:07:50] [SEVERE ] removing player 2 token from slot 1
[2022-12-12 22:07:50] [SEVERE ] removing player 2 token from slot 5
[2022-12-12 22:07:50] [SEVERE ] player 2 placing token on slot 2
[2022-12-12 22:07:51] [SEVERE ] player 2 placing token on slot 6
[2022-12-12 22:07:51] [SEVERE ] player 2 placing token on slot 0
[2022-12-12 22:07:51] [SEVERE ] removing player 2 token from slot 0
[2022-12-12 22:07:51] [SEVERE ] removing player 2 token from slot 2
[2022-12-12 22:07:51] [SEVERE ] removing player 2 token from slot 6
[2022-12-12 22:07:51] [SEVERE ] player 2 placing token on slot 4
[2022-12-12 22:07:51] [SEVERE ] player 2 placing token on slot 6
[2022-12-12 22:07:51] [SEVERE ] player 2 placing token on slot 10
[2022-12-12 22:07:51] [SEVERE ] removing player 2 token from slot 4
[2022-12-12 22:07:51] [SEVERE ] removing player 2 token from slot 6
[2022-12-12 22:07:51] [SEVERE ] removing player 2 token from slot 10
[2022-12-12 22:07:51] [SEVERE ] player 2 placing token on slot 10
[2022-12-12 22:07:51] [SEVERE ] player 2 placing token on slot 6
[2022-12-12 22:07:51] [SEVERE ] player 2 placing token on slot 8
[2022-12-12 22:07:51] [SEVERE ] removing player 2 token from slot 6
[2022-12-12 22:07:51] [SEVERE ] removing player 2 token from slot 8
[2022-12-12 22:07:51] [SEVERE ] removing player 2 token from slot 10
[2022-12-12 22:07:51] [SEVERE ] player 2 placing token on slot 2
[2022-12-12 22:07:51] [SEVERE ] player 2 placing token on slot 7
[2022-12-12 22:07:51] [SEVERE ] player 2 placing token on slot 9
[2022-12-12 22:07:51] [SEVERE ] removing player 2 token from slot 2
[2022-12-12 22:07:51] [SEVERE ] removing player 2 token from slot 7
[2022-12-12 22:07:51] [SEVERE ] removing player 2 token from slot 9
[2022-12-12 22:07:51] [SEVERE ] player 2 placing token on slot 5
[2022-12-12 22:07:51] [SEVERE ] player 2 placing token on slot 11
[2022-12-12 22:07:51] [SEVERE ] player 2 placing token on slot 10
[2022-12-12 22:07:51] [SEVERE ] removing player 2 token from slot 5
[2022-12-12 22:07:51] [SEVERE ] removing player 2 token from slot 10
[2022-12-12 22:07:51] [SEVERE ] removing player 2 token from slot 11
[2022-12-12 22:07:51] [SEVERE ] player 2 placing token on slot 0
[2022-12-12 22:07:51] [SEVERE ] player 2 placing token on slot 9
[2022-12-12 22:07:51] [SEVERE ] player 2 placing token on slot 1
[2022-12-12 22:07:51] [SEVERE ] removing player 2 token from slot 0
[2022-12-12 22:07:51] [SEVERE ] removing player 2 token from slot 1
[2022-12-12 22:07:51] [SEVERE ] removing player 2 token from slot 9
[2022-12-12 22:07:51] [SEVERE ] player 2 placing token on slot 11
[2022-12-12 22:07:51] [SEVERE ] player 2 placing token on slot 6
[2022-12-12 22:07:51] [SEVERE ] player 2 placing token on slot 7
[2022-12-12 22:07:51] [SEVERE ] removing player 2 token from slot 6
[2022-12-12 22:07:51] [SEVERE ] removing player 2 token from slot 7
[2022-12-12 22:07:51] [SEVERE ] removing player 2 token from slot 11
[2022-12-12 22:07:51] [SEVERE ] player 2 placing token on slot 6
[2022-12-12 22:07:51] [SEVERE ] player 2 placing token on slot 9
[2022-12-12 22:07:51] [SEVERE ] player 2 placing token on slot 3
[2022-12-12 22:07:51] [SEVERE ] removing player 2 token from slot 3
[2022-12-12 22:07:51] [SEVERE ] removing player 2 token from slot 6
[2022-12-12 22:07:51] [SEVERE ] removing player 2 token from slot 9
[2022-12-12 22:07:51] [SEVERE ] player 2 placing token on slot 1
[2022-12-12 22:07:51] [SEVERE ] player 2 placing token on slot 4
[2022-12-12 22:07:51] [SEVERE ] player 2 placing token on slot 2
[2022-12-12 22:07:51] [SEVERE ] removing player 2 token from slot 1
[2022-12-12 22:07:51] [SEVERE ] removing player 2 token from slot 2
[2022-12-12 22:07:51] [SEVERE ] removing player 2 token from slot 4
