[2022-12-10 11:41:47] [INFO   ] cannot read configuration file config.properties trying from resources.
[2022-12-10 11:41:47] [INFO   ] configuration file was loaded from resources directory.
[2022-12-10 11:41:48] [INFO   ] Thread dealer starting.
[2022-12-10 11:41:48] [INFO   ] Thread Thread-1starting.
[2022-12-10 11:41:48] [INFO   ] Thread Thread-0starting.
[2022-12-10 11:41:48] [SEVERE ] placing card 14 in slot 0
[2022-12-10 11:41:48] [SEVERE ] placing card 5 in slot 1
[2022-12-10 11:41:48] [SEVERE ] placing card 12 in slot 2
[2022-12-10 11:41:48] [SEVERE ] placing card 20 in slot 3
[2022-12-10 11:41:48] [SEVERE ] placing card 10 in slot 4
[2022-12-10 11:41:49] [SEVERE ] placing card 3 in slot 5
[2022-12-10 11:41:49] [SEVERE ] placing card 30 in slot 6
[2022-12-10 11:41:49] [SEVERE ] placing card 77 in slot 7
[2022-12-10 11:41:49] [SEVERE ] placing card 36 in slot 8
[2022-12-10 11:41:49] [SEVERE ] placing card 16 in slot 9
[2022-12-10 11:41:49] [SEVERE ] placing card 70 in slot 10
[2022-12-10 11:41:49] [SEVERE ] placing card 71 in slot 11
[2022-12-10 11:41:55] [SEVERE ] removing tokens from slot 0
[2022-12-10 11:41:55] [SEVERE ] removing card from slot 0
[2022-12-10 11:41:55] [SEVERE ] removing tokens from slot 1
[2022-12-10 11:41:55] [SEVERE ] removing card from slot 1
[2022-12-10 11:41:56] [SEVERE ] removing tokens from slot 2
[2022-12-10 11:41:56] [SEVERE ] removing card from slot 2
[2022-12-10 11:41:56] [SEVERE ] removing tokens from slot 3
[2022-12-10 11:41:56] [SEVERE ] removing card from slot 3
[2022-12-10 11:41:56] [SEVERE ] removing tokens from slot 4
[2022-12-10 11:41:56] [SEVERE ] removing card from slot 4
[2022-12-10 11:41:56] [SEVERE ] removing tokens from slot 5
[2022-12-10 11:41:56] [SEVERE ] removing card from slot 5
[2022-12-10 11:41:56] [SEVERE ] removing tokens from slot 6
[2022-12-10 11:41:56] [SEVERE ] removing card from slot 6
[2022-12-10 11:41:56] [SEVERE ] removing tokens from slot 7
[2022-12-10 11:41:56] [SEVERE ] removing card from slot 7
[2022-12-10 11:41:56] [SEVERE ] removing tokens from slot 8
[2022-12-10 11:41:56] [SEVERE ] removing card from slot 8
[2022-12-10 11:41:56] [SEVERE ] removing tokens from slot 9
[2022-12-10 11:41:56] [SEVERE ] removing card from slot 9
[2022-12-10 11:41:56] [SEVERE ] removing tokens from slot 10
[2022-12-10 11:41:56] [SEVERE ] removing card from slot 10
[2022-12-10 11:41:57] [SEVERE ] removing tokens from slot 11
[2022-12-10 11:41:57] [SEVERE ] removing card from slot 11
[2022-12-10 11:41:57] [SEVERE ] placing card 31 in slot 0
[2022-12-10 11:41:57] [SEVERE ] placing card 22 in slot 1
[2022-12-10 11:41:57] [SEVERE ] placing card 46 in slot 2
[2022-12-10 11:41:57] [SEVERE ] placing card 9 in slot 3
[2022-12-10 11:41:57] [SEVERE ] placing card 20 in slot 4
[2022-12-10 11:41:57] [SEVERE ] placing card 8 in slot 5
[2022-12-10 11:41:57] [SEVERE ] placing card 59 in slot 6
[2022-12-10 11:41:57] [SEVERE ] placing card 4 in slot 7
[2022-12-10 11:41:58] [SEVERE ] placing card 57 in slot 8
[2022-12-10 11:41:58] [SEVERE ] placing card 34 in slot 9
[2022-12-10 11:41:58] [SEVERE ] placing card 29 in slot 10
[2022-12-10 11:41:58] [SEVERE ] placing card 68 in slot 11
[2022-12-10 11:42:04] [SEVERE ] removing tokens from slot 0
[2022-12-10 11:42:04] [SEVERE ] removing card from slot 0
[2022-12-10 11:42:04] [SEVERE ] removing tokens from slot 1
[2022-12-10 11:42:04] [SEVERE ] removing card from slot 1
[2022-12-10 11:42:04] [SEVERE ] removing tokens from slot 2
[2022-12-10 11:42:04] [SEVERE ] removing card from slot 2
[2022-12-10 11:42:04] [SEVERE ] removing tokens from slot 3
[2022-12-10 11:42:04] [SEVERE ] removing card from slot 3
[2022-12-10 11:42:04] [SEVERE ] removing tokens from slot 4
[2022-12-10 11:42:04] [SEVERE ] removing card from slot 4
[2022-12-10 11:42:05] [SEVERE ] removing tokens from slot 5
[2022-12-10 11:42:05] [SEVERE ] removing card from slot 5
[2022-12-10 11:42:05] [SEVERE ] removing tokens from slot 6
[2022-12-10 11:42:05] [SEVERE ] removing card from slot 6
[2022-12-10 11:42:05] [SEVERE ] removing tokens from slot 7
[2022-12-10 11:42:05] [SEVERE ] removing card from slot 7
[2022-12-10 11:42:05] [SEVERE ] removing tokens from slot 8
[2022-12-10 11:42:05] [SEVERE ] removing card from slot 8
[2022-12-10 11:42:05] [SEVERE ] removing tokens from slot 9
[2022-12-10 11:42:05] [SEVERE ] removing card from slot 9
[2022-12-10 11:42:05] [SEVERE ] removing tokens from slot 10
[2022-12-10 11:42:05] [SEVERE ] removing card from slot 10
[2022-12-10 11:42:05] [SEVERE ] removing tokens from slot 11
[2022-12-10 11:42:05] [SEVERE ] removing card from slot 11
[2022-12-10 11:42:05] [SEVERE ] placing card 52 in slot 0
[2022-12-10 11:42:05] [SEVERE ] placing card 73 in slot 1
[2022-12-10 11:42:06] [SEVERE ] placing card 46 in slot 2
[2022-12-10 11:42:06] [SEVERE ] placing card 33 in slot 3
[2022-12-10 11:42:06] [SEVERE ] placing card 51 in slot 4
[2022-12-10 11:42:06] [SEVERE ] placing card 5 in slot 5
[2022-12-10 11:42:06] [SEVERE ] placing card 55 in slot 6
[2022-12-10 11:42:06] [SEVERE ] placing card 39 in slot 7
[2022-12-10 11:42:06] [SEVERE ] placing card 6 in slot 8
[2022-12-10 11:42:06] [SEVERE ] placing card 49 in slot 9
[2022-12-10 11:42:06] [SEVERE ] placing card 2 in slot 10
[2022-12-10 11:42:07] [SEVERE ] placing card 40 in slot 11
[2022-12-10 11:42:13] [SEVERE ] removing tokens from slot 0
[2022-12-10 11:42:13] [SEVERE ] removing card from slot 0
[2022-12-10 11:42:13] [SEVERE ] removing tokens from slot 1
[2022-12-10 11:42:13] [SEVERE ] removing card from slot 1
[2022-12-10 11:42:13] [SEVERE ] removing tokens from slot 2
[2022-12-10 11:42:13] [SEVERE ] removing card from slot 2
[2022-12-10 11:42:13] [SEVERE ] removing tokens from slot 3
[2022-12-10 11:42:13] [SEVERE ] removing card from slot 3
[2022-12-10 11:42:13] [SEVERE ] removing tokens from slot 4
[2022-12-10 11:42:13] [SEVERE ] removing card from slot 4
[2022-12-10 11:42:13] [SEVERE ] removing tokens from slot 5
[2022-12-10 11:42:13] [SEVERE ] removing card from slot 5
[2022-12-10 11:42:13] [SEVERE ] removing tokens from slot 6
[2022-12-10 11:42:13] [SEVERE ] removing card from slot 6
[2022-12-10 11:42:13] [SEVERE ] removing tokens from slot 7
[2022-12-10 11:42:13] [SEVERE ] removing card from slot 7
[2022-12-10 11:42:14] [SEVERE ] removing tokens from slot 8
[2022-12-10 11:42:14] [SEVERE ] removing card from slot 8
[2022-12-10 11:42:14] [SEVERE ] removing tokens from slot 9
[2022-12-10 11:42:14] [SEVERE ] removing card from slot 9
[2022-12-10 11:42:14] [SEVERE ] removing tokens from slot 10
[2022-12-10 11:42:14] [SEVERE ] removing card from slot 10
[2022-12-10 11:42:14] [SEVERE ] removing tokens from slot 11
[2022-12-10 11:42:14] [SEVERE ] removing card from slot 11
[2022-12-10 11:42:14] [SEVERE ] placing card 23 in slot 0
[2022-12-10 11:42:14] [SEVERE ] placing card 54 in slot 1
[2022-12-10 11:42:14] [SEVERE ] placing card 55 in slot 2
[2022-12-10 11:42:14] [SEVERE ] placing card 71 in slot 3
[2022-12-10 11:42:14] [SEVERE ] placing card 36 in slot 4
[2022-12-10 11:42:15] [SEVERE ] placing card 37 in slot 5
[2022-12-10 11:42:15] [SEVERE ] placing card 34 in slot 6
[2022-12-10 11:42:15] [SEVERE ] placing card 49 in slot 7
[2022-12-10 11:42:15] [SEVERE ] placing card 65 in slot 8
[2022-12-10 11:42:15] [SEVERE ] placing card 15 in slot 9
[2022-12-10 11:42:15] [SEVERE ] placing card 30 in slot 10
[2022-12-10 11:42:15] [SEVERE ] placing card 59 in slot 11
