[2022-12-10 13:47:52] [INFO   ] cannot read configuration file config.properties trying from resources.
[2022-12-10 13:47:52] [INFO   ] configuration file was loaded from resources directory.
[2022-12-10 13:47:53] [INFO   ] Thread Thread-0starting.
[2022-12-10 13:47:53] [INFO   ] Thread Thread-3starting.
[2022-12-10 13:47:53] [INFO   ] Thread dealer starting.
[2022-12-10 13:47:53] [INFO   ] Thread Thread-2starting.
[2022-12-10 13:47:53] [INFO   ] Thread Thread-1starting.
[2022-12-10 13:47:53] [INFO   ] Thread computer-3 starting.
[2022-12-10 13:47:53] [INFO   ] Thread computer-2 starting.
[2022-12-10 13:47:53] [SEVERE ] placing card 79 in slot 0
[2022-12-10 13:47:53] [SEVERE ] placing card 75 in slot 1
[2022-12-10 13:47:53] [SEVERE ] placing card 23 in slot 2
[2022-12-10 13:47:53] [SEVERE ] placing card 65 in slot 3
[2022-12-10 13:47:53] [SEVERE ] placing card 69 in slot 4
[2022-12-10 13:47:53] [SEVERE ] placing card 50 in slot 5
[2022-12-10 13:47:53] [SEVERE ] placing card 58 in slot 6
[2022-12-10 13:47:54] [SEVERE ] placing card 2 in slot 7
[2022-12-10 13:47:54] [SEVERE ] placing card 30 in slot 8
[2022-12-10 13:47:54] [SEVERE ] placing card 57 in slot 9
[2022-12-10 13:47:54] [SEVERE ] placing card 16 in slot 10
[2022-12-10 13:47:54] [SEVERE ] placing card 62 in slot 11
[2022-12-10 13:47:54] [SEVERE ] player 3 placing token on slot 4
[2022-12-10 13:47:54] [SEVERE ] player 2 placing token on slot 2
[2022-12-10 13:47:54] [SEVERE ] player 2 placing token on slot 5
[2022-12-10 13:47:54] [SEVERE ] player 3 placing token on slot 5
[2022-12-10 13:47:54] [SEVERE ] player 2 placing token on slot 3
[2022-12-10 13:47:54] [SEVERE ] removing player 2 token from slot 2
[2022-12-10 13:47:54] [SEVERE ] removing player 2 token from slot 3
[2022-12-10 13:47:54] [SEVERE ] removing player 2 token from slot 5
[2022-12-10 13:47:54] [SEVERE ] player 3 placing token on slot 3
[2022-12-10 13:47:54] [SEVERE ] removing player 3 token from slot 3
[2022-12-10 13:47:54] [SEVERE ] removing player 3 token from slot 4
[2022-12-10 13:47:54] [SEVERE ] removing player 3 token from slot 5
[2022-12-10 13:47:57] [SEVERE ] player 2 placing token on slot 3
[2022-12-10 13:47:57] [SEVERE ] player 3 placing token on slot 8
[2022-12-10 13:47:57] [SEVERE ] player 3 placing token on slot 2
[2022-12-10 13:47:57] [SEVERE ] player 2 placing token on slot 10
[2022-12-10 13:47:57] [SEVERE ] player 3 placing token on slot 4
[2022-12-10 13:47:57] [SEVERE ] removing player 3 token from slot 2
[2022-12-10 13:47:57] [SEVERE ] removing player 3 token from slot 4
[2022-12-10 13:47:57] [SEVERE ] removing player 3 token from slot 8
[2022-12-10 13:47:57] [SEVERE ] player 2 placing token on slot 11
[2022-12-10 13:47:57] [SEVERE ] removing player 2 token from slot 3
[2022-12-10 13:47:57] [SEVERE ] removing player 2 token from slot 10
[2022-12-10 13:47:57] [SEVERE ] removing player 2 token from slot 11
[2022-12-10 13:48:00] [SEVERE ] player 3 placing token on slot 6
[2022-12-10 13:48:00] [SEVERE ] player 2 placing token on slot 10
[2022-12-10 13:48:00] [SEVERE ] player 3 placing token on slot 4
[2022-12-10 13:48:00] [SEVERE ] player 2 placing token on slot 7
[2022-12-10 13:48:00] [SEVERE ] player 3 placing token on slot 1
[2022-12-10 13:48:00] [SEVERE ] removing player 3 token from slot 1
[2022-12-10 13:48:00] [SEVERE ] removing player 3 token from slot 4
[2022-12-10 13:48:00] [SEVERE ] removing player 3 token from slot 6
[2022-12-10 13:48:00] [SEVERE ] player 2 placing token on slot 5
[2022-12-10 13:48:00] [SEVERE ] removing player 2 token from slot 5
[2022-12-10 13:48:00] [SEVERE ] removing player 2 token from slot 7
[2022-12-10 13:48:00] [SEVERE ] removing player 2 token from slot 10
[2022-12-10 13:48:03] [SEVERE ] player 3 placing token on slot 10
[2022-12-10 13:48:03] [SEVERE ] player 2 placing token on slot 5
[2022-12-10 13:48:03] [SEVERE ] player 3 placing token on slot 11
[2022-12-10 13:48:03] [SEVERE ] player 2 placing token on slot 4
[2022-12-10 13:48:03] [SEVERE ] player 3 placing token on slot 9
[2022-12-10 13:48:03] [SEVERE ] removing player 3 token from slot 9
[2022-12-10 13:48:03] [SEVERE ] removing player 3 token from slot 10
[2022-12-10 13:48:03] [SEVERE ] removing player 3 token from slot 11
[2022-12-10 13:48:03] [SEVERE ] player 2 placing token on slot 10
[2022-12-10 13:48:03] [SEVERE ] removing player 2 token from slot 4
[2022-12-10 13:48:03] [SEVERE ] removing player 2 token from slot 5
[2022-12-10 13:48:03] [SEVERE ] removing player 2 token from slot 10
[2022-12-10 13:48:06] [SEVERE ] player 3 placing token on slot 3
[2022-12-10 13:48:06] [SEVERE ] player 2 placing token on slot 4
[2022-12-10 13:48:06] [SEVERE ] player 3 placing token on slot 8
[2022-12-10 13:48:06] [SEVERE ] player 2 placing token on slot 6
[2022-12-10 13:48:06] [SEVERE ] player 2 placing token on slot 11
[2022-12-10 13:48:06] [SEVERE ] removing player 2 token from slot 4
[2022-12-10 13:48:06] [SEVERE ] removing player 2 token from slot 6
[2022-12-10 13:48:06] [SEVERE ] removing player 2 token from slot 11
[2022-12-10 13:48:06] [SEVERE ] player 3 placing token on slot 2
[2022-12-10 13:48:06] [SEVERE ] removing player 3 token from slot 2
[2022-12-10 13:48:06] [SEVERE ] removing player 3 token from slot 3
[2022-12-10 13:48:06] [SEVERE ] removing player 3 token from slot 8
[2022-12-10 13:48:09] [SEVERE ] player 2 placing token on slot 4
[2022-12-10 13:48:09] [SEVERE ] player 3 placing token on slot 10
[2022-12-10 13:48:09] [SEVERE ] player 2 placing token on slot 11
[2022-12-10 13:48:09] [SEVERE ] player 3 placing token on slot 0
[2022-12-10 13:48:09] [SEVERE ] player 2 placing token on slot 10
[2022-12-10 13:48:09] [SEVERE ] removing player 2 token from slot 4
[2022-12-10 13:48:09] [SEVERE ] removing player 2 token from slot 10
[2022-12-10 13:48:09] [SEVERE ] removing player 2 token from slot 11
[2022-12-10 13:48:10] [SEVERE ] player 3 placing token on slot 2
[2022-12-10 13:48:10] [SEVERE ] removing player 3 token from slot 0
[2022-12-10 13:48:10] [SEVERE ] removing player 3 token from slot 2
[2022-12-10 13:48:10] [SEVERE ] removing player 3 token from slot 10
[2022-12-10 13:48:13] [SEVERE ] player 2 placing token on slot 4
[2022-12-10 13:48:13] [SEVERE ] player 3 placing token on slot 2
[2022-12-10 13:48:13] [SEVERE ] player 2 placing token on slot 9
[2022-12-10 13:48:13] [SEVERE ] player 3 placing token on slot 6
[2022-12-10 13:48:13] [SEVERE ] player 2 placing token on slot 2
[2022-12-10 13:48:13] [SEVERE ] removing player 2 token from slot 2
[2022-12-10 13:48:13] [SEVERE ] removing player 2 token from slot 4
[2022-12-10 13:48:13] [SEVERE ] removing player 2 token from slot 9
[2022-12-10 13:48:13] [SEVERE ] player 3 placing token on slot 9
[2022-12-10 13:48:13] [SEVERE ] removing player 3 token from slot 2
[2022-12-10 13:48:13] [SEVERE ] removing player 3 token from slot 6
[2022-12-10 13:48:13] [SEVERE ] removing player 3 token from slot 9
[2022-12-10 13:48:14] [SEVERE ] removing tokens from slot 0
[2022-12-10 13:48:14] [SEVERE ] removing card from slot 0
[2022-12-10 13:48:14] [SEVERE ] removing tokens from slot 1
[2022-12-10 13:48:14] [SEVERE ] removing card from slot 1
[2022-12-10 13:48:14] [SEVERE ] removing tokens from slot 2
[2022-12-10 13:48:14] [SEVERE ] removing card from slot 2
[2022-12-10 13:48:14] [SEVERE ] removing tokens from slot 3
[2022-12-10 13:48:14] [SEVERE ] removing card from slot 3
[2022-12-10 13:48:15] [SEVERE ] removing tokens from slot 4
[2022-12-10 13:48:15] [SEVERE ] removing card from slot 4
[2022-12-10 13:48:15] [SEVERE ] removing tokens from slot 5
[2022-12-10 13:48:15] [SEVERE ] removing card from slot 5
[2022-12-10 13:48:15] [SEVERE ] removing tokens from slot 6
[2022-12-10 13:48:15] [SEVERE ] removing card from slot 6
[2022-12-10 13:48:15] [SEVERE ] removing tokens from slot 7
[2022-12-10 13:48:15] [SEVERE ] removing card from slot 7
[2022-12-10 13:48:15] [SEVERE ] removing tokens from slot 8
[2022-12-10 13:48:15] [SEVERE ] removing card from slot 8
[2022-12-10 13:48:15] [SEVERE ] removing tokens from slot 9
[2022-12-10 13:48:15] [SEVERE ] removing card from slot 9
[2022-12-10 13:48:15] [SEVERE ] removing tokens from slot 10
[2022-12-10 13:48:15] [SEVERE ] removing card from slot 10
[2022-12-10 13:48:15] [SEVERE ] removing tokens from slot 11
[2022-12-10 13:48:15] [SEVERE ] removing card from slot 11
[2022-12-10 13:48:15] [SEVERE ] placing card 7 in slot 0
[2022-12-10 13:48:16] [SEVERE ] placing card 44 in slot 1
[2022-12-10 13:48:16] [SEVERE ] placing card 50 in slot 2
[2022-12-10 13:48:16] [SEVERE ] placing card 56 in slot 3
[2022-12-10 13:48:16] [SEVERE ] placing card 68 in slot 4
[2022-12-10 13:48:16] [SEVERE ] placing card 17 in slot 5
[2022-12-10 13:48:16] [SEVERE ] placing card 8 in slot 6
[2022-12-10 13:48:16] [SEVERE ] placing card 10 in slot 7
[2022-12-10 13:48:16] [SEVERE ] placing card 0 in slot 8
[2022-12-10 13:48:16] [SEVERE ] placing card 15 in slot 9
[2022-12-10 13:48:17] [SEVERE ] placing card 60 in slot 10
[2022-12-10 13:48:17] [SEVERE ] placing card 71 in slot 11
[2022-12-10 13:48:17] [SEVERE ] player 3 placing token on slot 5
[2022-12-10 13:48:17] [SEVERE ] player 2 placing token on slot 6
[2022-12-10 13:48:17] [SEVERE ] player 3 placing token on slot 6
[2022-12-10 13:48:17] [SEVERE ] player 2 placing token on slot 2
[2022-12-10 13:48:17] [SEVERE ] player 3 placing token on slot 2
[2022-12-10 13:48:17] [SEVERE ] removing player 3 token from slot 2
[2022-12-10 13:48:17] [SEVERE ] removing player 3 token from slot 5
[2022-12-10 13:48:17] [SEVERE ] removing player 3 token from slot 6
[2022-12-10 13:48:17] [SEVERE ] player 2 placing token on slot 3
[2022-12-10 13:48:17] [SEVERE ] removing player 2 token from slot 2
[2022-12-10 13:48:17] [SEVERE ] removing player 2 token from slot 3
[2022-12-10 13:48:17] [SEVERE ] removing player 2 token from slot 6
[2022-12-10 13:48:20] [SEVERE ] player 3 placing token on slot 9
[2022-12-10 13:48:20] [SEVERE ] player 2 placing token on slot 6
[2022-12-10 13:48:20] [SEVERE ] player 3 placing token on slot 10
[2022-12-10 13:48:20] [SEVERE ] player 2 placing token on slot 5
[2022-12-10 13:48:20] [SEVERE ] player 3 placing token on slot 2
[2022-12-10 13:48:20] [SEVERE ] removing player 3 token from slot 2
[2022-12-10 13:48:20] [SEVERE ] removing player 3 token from slot 9
[2022-12-10 13:48:20] [SEVERE ] removing player 3 token from slot 10
[2022-12-10 13:48:20] [SEVERE ] player 2 placing token on slot 0
[2022-12-10 13:48:20] [SEVERE ] removing player 2 token from slot 0
[2022-12-10 13:48:20] [SEVERE ] removing player 2 token from slot 5
[2022-12-10 13:48:20] [SEVERE ] removing player 2 token from slot 6
