[2022-12-12 21:46:59] [INFO   ] cannot read configuration file config.properties trying from resources.
[2022-12-12 21:46:59] [INFO   ] configuration file was loaded from resources directory.
[2022-12-12 21:46:59] [INFO   ] Thread Thread-0starting.
[2022-12-12 21:46:59] [INFO   ] Thread Thread-2starting.
[2022-12-12 21:46:59] [INFO   ] Thread dealer starting.
[2022-12-12 21:46:59] [INFO   ] Thread Thread-1starting.
[2022-12-12 21:46:59] [INFO   ] Thread computer-2 starting.
[2022-12-12 21:46:59] [SEVERE ] placing card 57 in slot 0
[2022-12-12 21:46:59] [SEVERE ] placing card 13 in slot 1
[2022-12-12 21:47:00] [SEVERE ] placing card 7 in slot 2
[2022-12-12 21:47:00] [SEVERE ] placing card 26 in slot 3
[2022-12-12 21:47:00] [SEVERE ] placing card 52 in slot 4
[2022-12-12 21:47:00] [SEVERE ] placing card 23 in slot 5
[2022-12-12 21:47:00] [SEVERE ] placing card 31 in slot 6
[2022-12-12 21:47:00] [SEVERE ] placing card 4 in slot 7
[2022-12-12 21:47:00] [SEVERE ] placing card 2 in slot 8
[2022-12-12 21:47:00] [SEVERE ] placing card 68 in slot 9
[2022-12-12 21:47:00] [SEVERE ] placing card 44 in slot 10
[2022-12-12 21:47:01] [SEVERE ] placing card 63 in slot 11
[2022-12-12 21:47:01] [SEVERE ] player 2 placing token on slot 5
[2022-12-12 21:47:01] [SEVERE ] player 2 placing token on slot 1
[2022-12-12 21:47:01] [SEVERE ] player 2 placing token on slot 8
[2022-12-12 21:47:01] [SEVERE ] removing player 2 token from slot 1
[2022-12-12 21:47:01] [SEVERE ] removing player 2 token from slot 5
[2022-12-12 21:47:01] [SEVERE ] removing player 2 token from slot 8
[2022-12-12 21:47:01] [SEVERE ] player 2 placing token on slot 7
[2022-12-12 21:47:01] [SEVERE ] player 2 placing token on slot 2
[2022-12-12 21:47:01] [SEVERE ] player 2 placing token on slot 11
[2022-12-12 21:47:01] [SEVERE ] removing player 2 token from slot 2
[2022-12-12 21:47:01] [SEVERE ] removing player 2 token from slot 7
[2022-12-12 21:47:01] [SEVERE ] removing player 2 token from slot 11
[2022-12-12 21:47:01] [SEVERE ] player 2 placing token on slot 4
[2022-12-12 21:47:01] [SEVERE ] player 2 placing token on slot 6
[2022-12-12 21:47:01] [SEVERE ] player 2 placing token on slot 9
[2022-12-12 21:47:01] [SEVERE ] removing player 2 token from slot 4
[2022-12-12 21:47:01] [SEVERE ] removing player 2 token from slot 6
[2022-12-12 21:47:01] [SEVERE ] removing player 2 token from slot 9
[2022-12-12 21:47:01] [SEVERE ] player 2 placing token on slot 5
[2022-12-12 21:47:01] [SEVERE ] player 2 placing token on slot 6
[2022-12-12 21:47:01] [SEVERE ] player 2 placing token on slot 2
[2022-12-12 21:47:01] [SEVERE ] removing player 2 token from slot 2
[2022-12-12 21:47:01] [SEVERE ] removing player 2 token from slot 5
[2022-12-12 21:47:01] [SEVERE ] removing player 2 token from slot 6
[2022-12-12 21:47:01] [SEVERE ] player 2 placing token on slot 11
[2022-12-12 21:47:01] [SEVERE ] player 2 placing token on slot 3
[2022-12-12 21:47:01] [SEVERE ] player 2 placing token on slot 5
[2022-12-12 21:47:01] [SEVERE ] removing player 2 token from slot 3
[2022-12-12 21:47:01] [SEVERE ] removing player 2 token from slot 5
[2022-12-12 21:47:01] [SEVERE ] removing player 2 token from slot 11
[2022-12-12 21:47:01] [SEVERE ] player 2 placing token on slot 8
[2022-12-12 21:47:01] [SEVERE ] player 2 placing token on slot 10
[2022-12-12 21:47:01] [SEVERE ] player 2 placing token on slot 11
[2022-12-12 21:47:01] [SEVERE ] removing player 2 token from slot 8
[2022-12-12 21:47:01] [SEVERE ] removing player 2 token from slot 10
[2022-12-12 21:47:01] [SEVERE ] removing player 2 token from slot 11
[2022-12-12 21:47:01] [SEVERE ] player 2 placing token on slot 11
[2022-12-12 21:47:01] [SEVERE ] player 2 placing token on slot 9
[2022-12-12 21:47:01] [SEVERE ] player 2 placing token on slot 3
[2022-12-12 21:47:01] [SEVERE ] removing player 2 token from slot 3
[2022-12-12 21:47:01] [SEVERE ] removing player 2 token from slot 9
[2022-12-12 21:47:01] [SEVERE ] removing player 2 token from slot 11
[2022-12-12 21:47:01] [SEVERE ] player 2 placing token on slot 1
[2022-12-12 21:47:01] [SEVERE ] player 2 placing token on slot 5
[2022-12-12 21:47:01] [SEVERE ] player 2 placing token on slot 8
[2022-12-12 21:47:01] [SEVERE ] removing player 2 token from slot 1
[2022-12-12 21:47:01] [SEVERE ] removing player 2 token from slot 5
[2022-12-12 21:47:01] [SEVERE ] removing player 2 token from slot 8
[2022-12-12 21:47:01] [SEVERE ] player 2 placing token on slot 3
[2022-12-12 21:47:01] [SEVERE ] player 2 placing token on slot 4
[2022-12-12 21:47:01] [SEVERE ] player 2 placing token on slot 5
[2022-12-12 21:47:01] [SEVERE ] removing player 2 token from slot 3
[2022-12-12 21:47:01] [SEVERE ] removing player 2 token from slot 4
[2022-12-12 21:47:01] [SEVERE ] removing player 2 token from slot 5
[2022-12-12 21:47:02] [SEVERE ] player 2 placing token on slot 11
[2022-12-12 21:47:02] [SEVERE ] player 2 placing token on slot 3
[2022-12-12 21:47:02] [SEVERE ] player 2 placing token on slot 2
[2022-12-12 21:47:02] [SEVERE ] removing player 2 token from slot 2
[2022-12-12 21:47:02] [SEVERE ] removing player 2 token from slot 3
[2022-12-12 21:47:02] [SEVERE ] removing player 2 token from slot 11
[2022-12-12 21:47:02] [SEVERE ] player 2 placing token on slot 8
[2022-12-12 21:47:02] [SEVERE ] player 2 placing token on slot 0
[2022-12-12 21:47:02] [SEVERE ] player 2 placing token on slot 2
[2022-12-12 21:47:02] [SEVERE ] removing player 2 token from slot 0
[2022-12-12 21:47:02] [SEVERE ] removing player 2 token from slot 2
[2022-12-12 21:47:02] [SEVERE ] removing player 2 token from slot 8
[2022-12-12 21:47:02] [SEVERE ] player 2 placing token on slot 7
[2022-12-12 21:47:02] [SEVERE ] player 2 placing token on slot 11
[2022-12-12 21:47:02] [SEVERE ] player 2 placing token on slot 8
[2022-12-12 21:47:02] [SEVERE ] removing player 2 token from slot 7
[2022-12-12 21:47:02] [SEVERE ] removing player 2 token from slot 8
[2022-12-12 21:47:02] [SEVERE ] removing player 2 token from slot 11
[2022-12-12 21:47:02] [SEVERE ] player 2 placing token on slot 1
[2022-12-12 21:47:02] [SEVERE ] player 2 placing token on slot 3
[2022-12-12 21:47:02] [SEVERE ] player 2 placing token on slot 5
[2022-12-12 21:47:02] [SEVERE ] removing player 2 token from slot 1
[2022-12-12 21:47:02] [SEVERE ] removing player 2 token from slot 3
[2022-12-12 21:47:02] [SEVERE ] removing player 2 token from slot 5
[2022-12-12 21:47:02] [SEVERE ] player 2 placing token on slot 2
[2022-12-12 21:47:02] [SEVERE ] player 2 placing token on slot 4
[2022-12-12 21:47:02] [SEVERE ] player 2 placing token on slot 6
[2022-12-12 21:47:02] [SEVERE ] removing player 2 token from slot 2
[2022-12-12 21:47:02] [SEVERE ] removing player 2 token from slot 4
[2022-12-12 21:47:02] [SEVERE ] removing player 2 token from slot 6
[2022-12-12 21:47:02] [SEVERE ] player 2 placing token on slot 9
[2022-12-12 21:47:02] [SEVERE ] player 2 placing token on slot 6
[2022-12-12 21:47:02] [SEVERE ] player 2 placing token on slot 10
[2022-12-12 21:47:02] [SEVERE ] removing player 2 token from slot 6
[2022-12-12 21:47:02] [SEVERE ] removing player 2 token from slot 9
[2022-12-12 21:47:02] [SEVERE ] removing player 2 token from slot 10
[2022-12-12 21:47:02] [SEVERE ] player 2 placing token on slot 1
[2022-12-12 21:47:02] [SEVERE ] player 2 placing token on slot 4
[2022-12-12 21:47:02] [SEVERE ] player 2 placing token on slot 11
[2022-12-12 21:47:02] [SEVERE ] removing player 2 token from slot 1
[2022-12-12 21:47:02] [SEVERE ] removing player 2 token from slot 4
[2022-12-12 21:47:02] [SEVERE ] removing player 2 token from slot 11
[2022-12-12 21:47:02] [SEVERE ] player 2 placing token on slot 10
[2022-12-12 21:47:02] [SEVERE ] player 2 placing token on slot 8
[2022-12-12 21:47:02] [SEVERE ] player 2 placing token on slot 11
[2022-12-12 21:47:02] [SEVERE ] removing player 2 token from slot 8
[2022-12-12 21:47:02] [SEVERE ] removing player 2 token from slot 10
[2022-12-12 21:47:02] [SEVERE ] removing player 2 token from slot 11
[2022-12-12 21:47:02] [SEVERE ] player 2 placing token on slot 6
[2022-12-12 21:47:02] [SEVERE ] player 2 placing token on slot 11
[2022-12-12 21:47:02] [SEVERE ] player 2 placing token on slot 2
[2022-12-12 21:47:02] [SEVERE ] removing player 2 token from slot 2
[2022-12-12 21:47:02] [SEVERE ] removing player 2 token from slot 6
[2022-12-12 21:47:02] [SEVERE ] removing player 2 token from slot 11
[2022-12-12 21:47:02] [SEVERE ] player 2 placing token on slot 7
[2022-12-12 21:47:02] [SEVERE ] player 2 placing token on slot 1
[2022-12-12 21:47:02] [SEVERE ] player 2 placing token on slot 8
[2022-12-12 21:47:02] [SEVERE ] removing player 2 token from slot 1
[2022-12-12 21:47:02] [SEVERE ] removing player 2 token from slot 7
[2022-12-12 21:47:02] [SEVERE ] removing player 2 token from slot 8
[2022-12-12 21:47:02] [SEVERE ] player 2 placing token on slot 2
[2022-12-12 21:47:02] [SEVERE ] player 2 placing token on slot 3
[2022-12-12 21:47:02] [SEVERE ] player 2 placing token on slot 8
[2022-12-12 21:47:02] [SEVERE ] removing player 2 token from slot 2
[2022-12-12 21:47:02] [SEVERE ] removing player 2 token from slot 3
[2022-12-12 21:47:02] [SEVERE ] removing player 2 token from slot 8
[2022-12-12 21:47:02] [SEVERE ] player 2 placing token on slot 6
[2022-12-12 21:47:02] [SEVERE ] player 2 placing token on slot 3
[2022-12-12 21:47:02] [SEVERE ] player 2 placing token on slot 2
[2022-12-12 21:47:02] [SEVERE ] removing player 2 token from slot 2
[2022-12-12 21:47:02] [SEVERE ] removing player 2 token from slot 3
[2022-12-12 21:47:02] [SEVERE ] removing player 2 token from slot 6
[2022-12-12 21:47:02] [SEVERE ] player 2 placing token on slot 4
[2022-12-12 21:47:03] [SEVERE ] player 2 placing token on slot 11
[2022-12-12 21:47:03] [SEVERE ] player 2 placing token on slot 1
[2022-12-12 21:47:03] [SEVERE ] removing player 2 token from slot 1
[2022-12-12 21:47:03] [SEVERE ] removing player 2 token from slot 4
[2022-12-12 21:47:03] [SEVERE ] removing player 2 token from slot 11
[2022-12-12 21:47:03] [SEVERE ] player 2 placing token on slot 1
[2022-12-12 21:47:03] [SEVERE ] player 2 placing token on slot 10
[2022-12-12 21:47:03] [SEVERE ] player 2 placing token on slot 0
[2022-12-12 21:47:03] [SEVERE ] removing player 2 token from slot 0
[2022-12-12 21:47:03] [SEVERE ] removing player 2 token from slot 1
[2022-12-12 21:47:03] [SEVERE ] removing player 2 token from slot 10
[2022-12-12 21:47:03] [SEVERE ] player 2 placing token on slot 8
[2022-12-12 21:47:03] [SEVERE ] player 2 placing token on slot 2
[2022-12-12 21:47:03] [SEVERE ] player 2 placing token on slot 7
[2022-12-12 21:47:03] [SEVERE ] removing player 2 token from slot 2
[2022-12-12 21:47:03] [SEVERE ] removing player 2 token from slot 7
[2022-12-12 21:47:03] [SEVERE ] removing player 2 token from slot 8
[2022-12-12 21:47:03] [SEVERE ] player 2 placing token on slot 11
[2022-12-12 21:47:03] [SEVERE ] player 2 placing token on slot 4
[2022-12-12 21:47:03] [SEVERE ] player 2 placing token on slot 10
[2022-12-12 21:47:03] [SEVERE ] removing player 2 token from slot 4
[2022-12-12 21:47:03] [SEVERE ] removing player 2 token from slot 10
[2022-12-12 21:47:03] [SEVERE ] removing player 2 token from slot 11
[2022-12-12 21:47:03] [SEVERE ] player 2 placing token on slot 1
[2022-12-12 21:47:03] [SEVERE ] player 2 placing token on slot 5
[2022-12-12 21:47:03] [SEVERE ] player 2 placing token on slot 8
[2022-12-12 21:47:03] [SEVERE ] removing player 2 token from slot 1
[2022-12-12 21:47:03] [SEVERE ] removing player 2 token from slot 5
[2022-12-12 21:47:03] [SEVERE ] removing player 2 token from slot 8
[2022-12-12 21:47:03] [SEVERE ] player 2 placing token on slot 4
[2022-12-12 21:47:03] [SEVERE ] player 2 placing token on slot 8
[2022-12-12 21:47:03] [SEVERE ] player 2 placing token on slot 5
[2022-12-12 21:47:03] [SEVERE ] removing player 2 token from slot 4
[2022-12-12 21:47:03] [SEVERE ] removing player 2 token from slot 5
[2022-12-12 21:47:03] [SEVERE ] removing player 2 token from slot 8
[2022-12-12 21:47:03] [SEVERE ] player 2 placing token on slot 2
[2022-12-12 21:47:03] [SEVERE ] player 2 placing token on slot 1
[2022-12-12 21:47:03] [SEVERE ] player 2 placing token on slot 7
[2022-12-12 21:47:03] [SEVERE ] removing player 2 token from slot 1
[2022-12-12 21:47:03] [SEVERE ] removing player 2 token from slot 2
[2022-12-12 21:47:03] [SEVERE ] removing player 2 token from slot 7
[2022-12-12 21:47:03] [SEVERE ] player 2 placing token on slot 10
[2022-12-12 21:47:03] [SEVERE ] player 2 placing token on slot 8
[2022-12-12 21:47:03] [SEVERE ] player 2 placing token on slot 6
[2022-12-12 21:47:03] [SEVERE ] removing player 2 token from slot 6
[2022-12-12 21:47:03] [SEVERE ] removing player 2 token from slot 8
[2022-12-12 21:47:03] [SEVERE ] removing player 2 token from slot 10
[2022-12-12 21:47:03] [SEVERE ] player 2 placing token on slot 11
[2022-12-12 21:47:03] [SEVERE ] player 2 placing token on slot 4
[2022-12-12 21:47:03] [SEVERE ] player 2 placing token on slot 10
[2022-12-12 21:47:03] [SEVERE ] removing player 2 token from slot 4
[2022-12-12 21:47:03] [SEVERE ] removing player 2 token from slot 10
[2022-12-12 21:47:03] [SEVERE ] removing player 2 token from slot 11
[2022-12-12 21:47:03] [SEVERE ] player 2 placing token on slot 3
[2022-12-12 21:47:03] [SEVERE ] player 2 placing token on slot 0
[2022-12-12 21:47:03] [SEVERE ] player 2 placing token on slot 11
[2022-12-12 21:47:03] [SEVERE ] removing player 2 token from slot 0
[2022-12-12 21:47:03] [SEVERE ] removing player 2 token from slot 3
[2022-12-12 21:47:03] [SEVERE ] removing player 2 token from slot 11
[2022-12-12 21:47:03] [SEVERE ] player 2 placing token on slot 11
[2022-12-12 21:47:03] [SEVERE ] player 2 placing token on slot 7
[2022-12-12 21:47:03] [SEVERE ] player 2 placing token on slot 2
[2022-12-12 21:47:03] [SEVERE ] removing player 2 token from slot 2
[2022-12-12 21:47:03] [SEVERE ] removing player 2 token from slot 7
[2022-12-12 21:47:03] [SEVERE ] removing player 2 token from slot 11
[2022-12-12 21:47:03] [SEVERE ] player 2 placing token on slot 10
[2022-12-12 21:47:03] [SEVERE ] player 2 placing token on slot 11
[2022-12-12 21:47:03] [SEVERE ] player 2 placing token on slot 6
[2022-12-12 21:47:03] [SEVERE ] removing player 2 token from slot 6
[2022-12-12 21:47:03] [SEVERE ] removing player 2 token from slot 10
[2022-12-12 21:47:03] [SEVERE ] removing player 2 token from slot 11
[2022-12-12 21:47:03] [SEVERE ] player 2 placing token on slot 7
[2022-12-12 21:47:04] [SEVERE ] player 2 placing token on slot 1
[2022-12-12 21:47:04] [SEVERE ] player 2 placing token on slot 11
[2022-12-12 21:47:04] [SEVERE ] removing player 2 token from slot 1
[2022-12-12 21:47:04] [SEVERE ] removing player 2 token from slot 7
[2022-12-12 21:47:04] [SEVERE ] removing player 2 token from slot 11
[2022-12-12 21:47:04] [SEVERE ] player 2 placing token on slot 6
[2022-12-12 21:47:04] [SEVERE ] player 2 placing token on slot 3
[2022-12-12 21:47:04] [SEVERE ] player 2 placing token on slot 0
[2022-12-12 21:47:04] [SEVERE ] removing player 2 token from slot 0
[2022-12-12 21:47:04] [SEVERE ] removing player 2 token from slot 3
[2022-12-12 21:47:04] [SEVERE ] removing player 2 token from slot 6
[2022-12-12 21:47:04] [SEVERE ] player 2 placing token on slot 1
[2022-12-12 21:47:04] [SEVERE ] player 2 placing token on slot 0
[2022-12-12 21:47:04] [SEVERE ] player 2 placing token on slot 11
[2022-12-12 21:47:04] [SEVERE ] removing player 2 token from slot 0
[2022-12-12 21:47:04] [SEVERE ] removing player 2 token from slot 1
[2022-12-12 21:47:04] [SEVERE ] removing player 2 token from slot 11
[2022-12-12 21:47:04] [SEVERE ] player 2 placing token on slot 0
[2022-12-12 21:47:04] [SEVERE ] player 2 placing token on slot 6
[2022-12-12 21:47:04] [SEVERE ] player 2 placing token on slot 8
[2022-12-12 21:47:04] [SEVERE ] removing player 2 token from slot 0
[2022-12-12 21:47:04] [SEVERE ] removing player 2 token from slot 6
[2022-12-12 21:47:04] [SEVERE ] removing player 2 token from slot 8
[2022-12-12 21:47:04] [SEVERE ] player 2 placing token on slot 5
[2022-12-12 21:47:04] [SEVERE ] player 2 placing token on slot 0
[2022-12-12 21:47:04] [SEVERE ] player 2 placing token on slot 7
[2022-12-12 21:47:04] [SEVERE ] removing player 2 token from slot 0
[2022-12-12 21:47:04] [SEVERE ] removing player 2 token from slot 5
[2022-12-12 21:47:04] [SEVERE ] removing player 2 token from slot 7
[2022-12-12 21:47:04] [SEVERE ] player 2 placing token on slot 5
[2022-12-12 21:47:04] [SEVERE ] player 2 placing token on slot 2
[2022-12-12 21:47:04] [SEVERE ] player 2 placing token on slot 7
[2022-12-12 21:47:04] [SEVERE ] removing player 2 token from slot 2
[2022-12-12 21:47:04] [SEVERE ] removing player 2 token from slot 5
[2022-12-12 21:47:04] [SEVERE ] removing player 2 token from slot 7
[2022-12-12 21:47:04] [SEVERE ] player 2 placing token on slot 7
[2022-12-12 21:47:04] [SEVERE ] player 2 placing token on slot 5
[2022-12-12 21:47:04] [SEVERE ] player 2 placing token on slot 3
[2022-12-12 21:47:04] [SEVERE ] removing player 2 token from slot 3
[2022-12-12 21:47:04] [SEVERE ] removing player 2 token from slot 5
[2022-12-12 21:47:04] [SEVERE ] removing player 2 token from slot 7
[2022-12-12 21:47:04] [SEVERE ] player 2 placing token on slot 0
[2022-12-12 21:47:04] [SEVERE ] player 2 placing token on slot 1
[2022-12-12 21:47:04] [SEVERE ] player 2 placing token on slot 7
[2022-12-12 21:47:04] [SEVERE ] removing player 2 token from slot 0
[2022-12-12 21:47:04] [SEVERE ] removing player 2 token from slot 1
[2022-12-12 21:47:04] [SEVERE ] removing player 2 token from slot 7
[2022-12-12 21:47:04] [SEVERE ] player 2 placing token on slot 7
[2022-12-12 21:47:04] [SEVERE ] player 2 placing token on slot 8
[2022-12-12 21:47:04] [SEVERE ] player 2 placing token on slot 0
[2022-12-12 21:47:04] [SEVERE ] removing player 2 token from slot 0
[2022-12-12 21:47:04] [SEVERE ] removing player 2 token from slot 7
[2022-12-12 21:47:04] [SEVERE ] removing player 2 token from slot 8
[2022-12-12 21:47:04] [SEVERE ] player 2 placing token on slot 8
[2022-12-12 21:47:04] [SEVERE ] player 2 placing token on slot 7
[2022-12-12 21:47:04] [SEVERE ] player 2 placing token on slot 6
[2022-12-12 21:47:04] [SEVERE ] removing player 2 token from slot 6
[2022-12-12 21:47:04] [SEVERE ] removing player 2 token from slot 7
[2022-12-12 21:47:04] [SEVERE ] removing player 2 token from slot 8
[2022-12-12 21:47:04] [SEVERE ] player 2 placing token on slot 2
[2022-12-12 21:47:04] [SEVERE ] player 2 placing token on slot 1
[2022-12-12 21:47:05] [SEVERE ] player 2 placing token on slot 9
[2022-12-12 21:47:05] [SEVERE ] removing player 2 token from slot 1
[2022-12-12 21:47:05] [SEVERE ] removing player 2 token from slot 2
[2022-12-12 21:47:05] [SEVERE ] removing player 2 token from slot 9
[2022-12-12 21:47:05] [SEVERE ] player 2 placing token on slot 0
[2022-12-12 21:47:05] [SEVERE ] player 2 placing token on slot 3
[2022-12-12 21:47:05] [SEVERE ] player 2 placing token on slot 11
[2022-12-12 21:47:05] [SEVERE ] removing player 2 token from slot 0
[2022-12-12 21:47:05] [SEVERE ] removing player 2 token from slot 3
[2022-12-12 21:47:05] [SEVERE ] removing player 2 token from slot 11
[2022-12-12 21:47:05] [SEVERE ] player 2 placing token on slot 1
[2022-12-12 21:47:05] [SEVERE ] player 2 placing token on slot 4
[2022-12-12 21:47:05] [SEVERE ] player 2 placing token on slot 10
[2022-12-12 21:47:05] [SEVERE ] removing player 2 token from slot 1
[2022-12-12 21:47:05] [SEVERE ] removing player 2 token from slot 4
[2022-12-12 21:47:05] [SEVERE ] removing player 2 token from slot 10
[2022-12-12 21:47:05] [SEVERE ] player 2 placing token on slot 9
[2022-12-12 21:47:05] [SEVERE ] player 2 placing token on slot 4
[2022-12-12 21:47:05] [SEVERE ] player 2 placing token on slot 1
[2022-12-12 21:47:05] [SEVERE ] removing player 2 token from slot 1
[2022-12-12 21:47:05] [SEVERE ] removing player 2 token from slot 4
[2022-12-12 21:47:05] [SEVERE ] removing player 2 token from slot 9
[2022-12-12 21:47:05] [SEVERE ] player 2 placing token on slot 0
[2022-12-12 21:47:05] [SEVERE ] player 2 placing token on slot 1
[2022-12-12 21:47:05] [SEVERE ] player 2 placing token on slot 10
[2022-12-12 21:47:05] [SEVERE ] removing player 2 token from slot 0
[2022-12-12 21:47:05] [SEVERE ] removing player 2 token from slot 1
[2022-12-12 21:47:05] [SEVERE ] removing player 2 token from slot 10
[2022-12-12 21:47:05] [SEVERE ] player 2 placing token on slot 0
[2022-12-12 21:47:05] [SEVERE ] player 2 placing token on slot 9
[2022-12-12 21:47:05] [SEVERE ] player 2 placing token on slot 11
[2022-12-12 21:47:05] [SEVERE ] removing player 2 token from slot 0
[2022-12-12 21:47:05] [SEVERE ] removing player 2 token from slot 9
[2022-12-12 21:47:05] [SEVERE ] removing player 2 token from slot 11
[2022-12-12 21:47:05] [SEVERE ] player 2 placing token on slot 5
[2022-12-12 21:47:05] [SEVERE ] player 2 placing token on slot 2
[2022-12-12 21:47:05] [SEVERE ] player 2 placing token on slot 6
[2022-12-12 21:47:05] [SEVERE ] removing player 2 token from slot 2
[2022-12-12 21:47:05] [SEVERE ] removing player 2 token from slot 5
[2022-12-12 21:47:05] [SEVERE ] removing player 2 token from slot 6
[2022-12-12 21:47:05] [SEVERE ] player 2 placing token on slot 2
[2022-12-12 21:47:05] [SEVERE ] player 2 placing token on slot 1
[2022-12-12 21:47:05] [SEVERE ] player 2 placing token on slot 11
[2022-12-12 21:47:05] [SEVERE ] removing player 2 token from slot 1
[2022-12-12 21:47:05] [SEVERE ] removing player 2 token from slot 2
[2022-12-12 21:47:05] [SEVERE ] removing player 2 token from slot 11
[2022-12-12 21:47:05] [SEVERE ] player 2 placing token on slot 7
[2022-12-12 21:47:05] [SEVERE ] player 2 placing token on slot 2
[2022-12-12 21:47:05] [SEVERE ] player 2 placing token on slot 1
[2022-12-12 21:47:05] [SEVERE ] removing player 2 token from slot 1
[2022-12-12 21:47:05] [SEVERE ] removing player 2 token from slot 2
[2022-12-12 21:47:05] [SEVERE ] removing player 2 token from slot 7
[2022-12-12 21:47:05] [SEVERE ] player 2 placing token on slot 5
[2022-12-12 21:47:05] [SEVERE ] player 2 placing token on slot 3
[2022-12-12 21:47:05] [SEVERE ] player 2 placing token on slot 10
[2022-12-12 21:47:05] [SEVERE ] removing player 2 token from slot 3
[2022-12-12 21:47:05] [SEVERE ] removing player 2 token from slot 5
[2022-12-12 21:47:05] [SEVERE ] removing player 2 token from slot 10
[2022-12-12 21:47:05] [SEVERE ] player 2 placing token on slot 7
[2022-12-12 21:47:05] [SEVERE ] player 2 placing token on slot 3
[2022-12-12 21:47:05] [SEVERE ] player 2 placing token on slot 2
[2022-12-12 21:47:05] [SEVERE ] removing player 2 token from slot 2
[2022-12-12 21:47:05] [SEVERE ] removing player 2 token from slot 3
[2022-12-12 21:47:05] [SEVERE ] removing player 2 token from slot 7
[2022-12-12 21:47:05] [SEVERE ] player 2 placing token on slot 8
[2022-12-12 21:47:05] [SEVERE ] player 2 placing token on slot 6
[2022-12-12 21:47:06] [SEVERE ] player 2 placing token on slot 7
[2022-12-12 21:47:06] [SEVERE ] removing player 2 token from slot 6
[2022-12-12 21:47:06] [SEVERE ] removing player 2 token from slot 7
[2022-12-12 21:47:06] [SEVERE ] removing player 2 token from slot 8
[2022-12-12 21:47:06] [SEVERE ] player 2 placing token on slot 5
[2022-12-12 21:47:06] [SEVERE ] player 2 placing token on slot 9
[2022-12-12 21:47:06] [SEVERE ] player 2 placing token on slot 0
[2022-12-12 21:47:06] [SEVERE ] removing player 2 token from slot 0
[2022-12-12 21:47:06] [SEVERE ] removing player 2 token from slot 5
[2022-12-12 21:47:06] [SEVERE ] removing player 2 token from slot 9
[2022-12-12 21:47:06] [SEVERE ] player 2 placing token on slot 10
[2022-12-12 21:47:06] [SEVERE ] player 2 placing token on slot 7
[2022-12-12 21:47:06] [SEVERE ] player 2 placing token on slot 1
[2022-12-12 21:47:06] [SEVERE ] removing player 2 token from slot 1
[2022-12-12 21:47:06] [SEVERE ] removing player 2 token from slot 7
[2022-12-12 21:47:06] [SEVERE ] removing player 2 token from slot 10
[2022-12-12 21:47:06] [SEVERE ] player 2 placing token on slot 4
[2022-12-12 21:47:06] [SEVERE ] player 2 placing token on slot 10
[2022-12-12 21:47:06] [SEVERE ] player 2 placing token on slot 6
[2022-12-12 21:47:06] [SEVERE ] removing player 2 token from slot 4
[2022-12-12 21:47:06] [SEVERE ] removing player 2 token from slot 6
[2022-12-12 21:47:06] [SEVERE ] removing player 2 token from slot 10
[2022-12-12 21:47:06] [SEVERE ] player 2 placing token on slot 6
[2022-12-12 21:47:06] [SEVERE ] player 2 placing token on slot 4
[2022-12-12 21:47:06] [SEVERE ] player 2 placing token on slot 11
[2022-12-12 21:47:06] [SEVERE ] removing player 2 token from slot 4
[2022-12-12 21:47:06] [SEVERE ] removing player 2 token from slot 6
[2022-12-12 21:47:06] [SEVERE ] removing player 2 token from slot 11
[2022-12-12 21:47:06] [SEVERE ] player 2 placing token on slot 0
[2022-12-12 21:47:06] [SEVERE ] player 2 placing token on slot 9
[2022-12-12 21:47:06] [SEVERE ] player 2 placing token on slot 2
[2022-12-12 21:47:06] [SEVERE ] removing player 2 token from slot 0
[2022-12-12 21:47:06] [SEVERE ] removing player 2 token from slot 2
[2022-12-12 21:47:06] [SEVERE ] removing player 2 token from slot 9
[2022-12-12 21:47:06] [SEVERE ] player 2 placing token on slot 11
[2022-12-12 21:47:06] [SEVERE ] player 2 placing token on slot 9
[2022-12-12 21:47:06] [SEVERE ] player 2 placing token on slot 7
[2022-12-12 21:47:06] [SEVERE ] removing player 2 token from slot 7
[2022-12-12 21:47:06] [SEVERE ] removing player 2 token from slot 9
[2022-12-12 21:47:06] [SEVERE ] removing player 2 token from slot 11
[2022-12-12 21:47:06] [SEVERE ] player 2 placing token on slot 2
[2022-12-12 21:47:06] [SEVERE ] player 2 placing token on slot 11
[2022-12-12 21:47:06] [SEVERE ] player 2 placing token on slot 4
[2022-12-12 21:47:06] [SEVERE ] removing player 2 token from slot 2
[2022-12-12 21:47:06] [SEVERE ] removing player 2 token from slot 4
[2022-12-12 21:47:06] [SEVERE ] removing player 2 token from slot 11
[2022-12-12 21:47:06] [SEVERE ] player 2 placing token on slot 7
[2022-12-12 21:47:06] [SEVERE ] player 2 placing token on slot 5
[2022-12-12 21:47:06] [SEVERE ] player 2 placing token on slot 4
[2022-12-12 21:47:06] [SEVERE ] removing player 2 token from slot 4
[2022-12-12 21:47:06] [SEVERE ] removing player 2 token from slot 5
[2022-12-12 21:47:06] [SEVERE ] removing player 2 token from slot 7
[2022-12-12 21:47:06] [SEVERE ] player 2 placing token on slot 8
[2022-12-12 21:47:06] [SEVERE ] player 2 placing token on slot 11
[2022-12-12 21:47:06] [SEVERE ] player 2 placing token on slot 5
[2022-12-12 21:47:06] [SEVERE ] removing player 2 token from slot 5
[2022-12-12 21:47:06] [SEVERE ] removing player 2 token from slot 8
[2022-12-12 21:47:06] [SEVERE ] removing player 2 token from slot 11
[2022-12-12 21:47:06] [SEVERE ] player 2 placing token on slot 6
[2022-12-12 21:47:06] [SEVERE ] player 2 placing token on slot 7
[2022-12-12 21:47:06] [SEVERE ] player 2 placing token on slot 11
[2022-12-12 21:47:06] [SEVERE ] removing player 2 token from slot 6
[2022-12-12 21:47:06] [SEVERE ] removing player 2 token from slot 7
[2022-12-12 21:47:06] [SEVERE ] removing player 2 token from slot 11
[2022-12-12 21:47:06] [SEVERE ] player 2 placing token on slot 1
[2022-12-12 21:47:06] [SEVERE ] player 2 placing token on slot 4
[2022-12-12 21:47:07] [SEVERE ] player 2 placing token on slot 6
[2022-12-12 21:47:07] [SEVERE ] removing player 2 token from slot 1
[2022-12-12 21:47:07] [SEVERE ] removing player 2 token from slot 4
[2022-12-12 21:47:07] [SEVERE ] removing player 2 token from slot 6
[2022-12-12 21:47:07] [SEVERE ] player 2 placing token on slot 0
[2022-12-12 21:47:07] [SEVERE ] player 2 placing token on slot 9
[2022-12-12 21:47:07] [SEVERE ] player 2 placing token on slot 6
[2022-12-12 21:47:07] [SEVERE ] removing player 2 token from slot 0
[2022-12-12 21:47:07] [SEVERE ] removing player 2 token from slot 6
[2022-12-12 21:47:07] [SEVERE ] removing player 2 token from slot 9
[2022-12-12 21:47:07] [SEVERE ] player 2 placing token on slot 3
[2022-12-12 21:47:07] [SEVERE ] player 2 placing token on slot 1
[2022-12-12 21:47:07] [SEVERE ] player 2 placing token on slot 7
[2022-12-12 21:47:07] [SEVERE ] removing player 2 token from slot 1
[2022-12-12 21:47:07] [SEVERE ] removing player 2 token from slot 3
[2022-12-12 21:47:07] [SEVERE ] removing player 2 token from slot 7
[2022-12-12 21:47:07] [SEVERE ] player 2 placing token on slot 6
[2022-12-12 21:47:07] [SEVERE ] player 2 placing token on slot 9
[2022-12-12 21:47:07] [SEVERE ] player 2 placing token on slot 3
[2022-12-12 21:47:07] [SEVERE ] removing player 2 token from slot 3
[2022-12-12 21:47:07] [SEVERE ] removing player 2 token from slot 6
[2022-12-12 21:47:07] [SEVERE ] removing player 2 token from slot 9
[2022-12-12 21:47:07] [SEVERE ] player 2 placing token on slot 5
[2022-12-12 21:47:07] [SEVERE ] player 2 placing token on slot 9
[2022-12-12 21:47:07] [SEVERE ] player 2 placing token on slot 1
[2022-12-12 21:47:07] [SEVERE ] removing player 2 token from slot 1
[2022-12-12 21:47:07] [SEVERE ] removing player 2 token from slot 5
[2022-12-12 21:47:07] [SEVERE ] removing player 2 token from slot 9
[2022-12-12 21:47:07] [SEVERE ] player 2 placing token on slot 5
[2022-12-12 21:47:07] [SEVERE ] player 2 placing token on slot 6
[2022-12-12 21:47:07] [SEVERE ] player 2 placing token on slot 0
[2022-12-12 21:47:07] [SEVERE ] removing player 2 token from slot 0
[2022-12-12 21:47:07] [SEVERE ] removing player 2 token from slot 5
[2022-12-12 21:47:07] [SEVERE ] removing player 2 token from slot 6
[2022-12-12 21:47:07] [SEVERE ] player 2 placing token on slot 8
[2022-12-12 21:47:07] [SEVERE ] player 2 placing token on slot 1
[2022-12-12 21:47:07] [SEVERE ] player 2 placing token on slot 0
[2022-12-12 21:47:07] [SEVERE ] removing player 2 token from slot 0
[2022-12-12 21:47:07] [SEVERE ] removing player 2 token from slot 1
[2022-12-12 21:47:07] [SEVERE ] removing player 2 token from slot 8
[2022-12-12 21:47:07] [SEVERE ] player 2 placing token on slot 5
[2022-12-12 21:47:07] [SEVERE ] player 2 placing token on slot 6
[2022-12-12 21:47:07] [SEVERE ] player 2 placing token on slot 4
[2022-12-12 21:47:07] [SEVERE ] removing player 2 token from slot 4
[2022-12-12 21:47:07] [SEVERE ] removing player 2 token from slot 5
[2022-12-12 21:47:07] [SEVERE ] removing player 2 token from slot 6
[2022-12-12 21:47:07] [SEVERE ] player 2 placing token on slot 8
[2022-12-12 21:47:07] [SEVERE ] player 2 placing token on slot 1
[2022-12-12 21:47:07] [SEVERE ] player 2 placing token on slot 2
[2022-12-12 21:47:07] [SEVERE ] removing player 2 token from slot 1
[2022-12-12 21:47:07] [SEVERE ] removing player 2 token from slot 2
[2022-12-12 21:47:07] [SEVERE ] removing player 2 token from slot 8
[2022-12-12 21:47:07] [SEVERE ] player 2 placing token on slot 3
[2022-12-12 21:47:07] [SEVERE ] player 2 placing token on slot 7
[2022-12-12 21:47:07] [SEVERE ] player 2 placing token on slot 0
[2022-12-12 21:47:07] [SEVERE ] removing player 2 token from slot 0
[2022-12-12 21:47:07] [SEVERE ] removing player 2 token from slot 3
[2022-12-12 21:47:07] [SEVERE ] removing player 2 token from slot 7
[2022-12-12 21:47:07] [SEVERE ] player 2 placing token on slot 5
[2022-12-12 21:47:07] [SEVERE ] player 2 placing token on slot 9
[2022-12-12 21:47:07] [SEVERE ] player 2 placing token on slot 4
[2022-12-12 21:47:07] [SEVERE ] removing player 2 token from slot 4
[2022-12-12 21:47:07] [SEVERE ] removing player 2 token from slot 5
[2022-12-12 21:47:07] [SEVERE ] removing player 2 token from slot 9
[2022-12-12 21:47:08] [SEVERE ] player 2 placing token on slot 8
[2022-12-12 21:47:08] [SEVERE ] player 2 placing token on slot 9
[2022-12-12 21:47:08] [SEVERE ] player 2 placing token on slot 0
[2022-12-12 21:47:08] [SEVERE ] removing player 2 token from slot 0
[2022-12-12 21:47:08] [SEVERE ] removing player 2 token from slot 8
[2022-12-12 21:47:08] [SEVERE ] removing player 2 token from slot 9
[2022-12-12 21:47:08] [SEVERE ] player 2 placing token on slot 5
[2022-12-12 21:47:08] [SEVERE ] player 2 placing token on slot 3
[2022-12-12 21:47:08] [SEVERE ] player 2 placing token on slot 9
[2022-12-12 21:47:08] [SEVERE ] removing player 2 token from slot 3
[2022-12-12 21:47:08] [SEVERE ] removing player 2 token from slot 5
[2022-12-12 21:47:08] [SEVERE ] removing player 2 token from slot 9
[2022-12-12 21:47:08] [SEVERE ] player 2 placing token on slot 4
[2022-12-12 21:47:08] [SEVERE ] player 2 placing token on slot 0
[2022-12-12 21:47:08] [SEVERE ] player 2 placing token on slot 7
[2022-12-12 21:47:08] [SEVERE ] removing player 2 token from slot 0
[2022-12-12 21:47:08] [SEVERE ] removing player 2 token from slot 4
[2022-12-12 21:47:08] [SEVERE ] removing player 2 token from slot 7
[2022-12-12 21:47:08] [SEVERE ] player 2 placing token on slot 4
[2022-12-12 21:47:08] [SEVERE ] player 2 placing token on slot 11
[2022-12-12 21:47:08] [SEVERE ] player 2 placing token on slot 5
[2022-12-12 21:47:08] [SEVERE ] removing player 2 token from slot 4
[2022-12-12 21:47:08] [SEVERE ] removing player 2 token from slot 5
[2022-12-12 21:47:08] [SEVERE ] removing player 2 token from slot 11
[2022-12-12 21:47:08] [SEVERE ] player 2 placing token on slot 8
[2022-12-12 21:47:08] [SEVERE ] player 2 placing token on slot 11
[2022-12-12 21:47:08] [SEVERE ] player 2 placing token on slot 6
[2022-12-12 21:47:08] [SEVERE ] removing player 2 token from slot 6
[2022-12-12 21:47:08] [SEVERE ] removing player 2 token from slot 8
[2022-12-12 21:47:08] [SEVERE ] removing player 2 token from slot 11
[2022-12-12 21:47:08] [SEVERE ] player 2 placing token on slot 10
[2022-12-12 21:47:08] [SEVERE ] player 2 placing token on slot 7
[2022-12-12 21:47:08] [SEVERE ] player 2 placing token on slot 2
[2022-12-12 21:47:08] [SEVERE ] removing player 2 token from slot 2
[2022-12-12 21:47:08] [SEVERE ] removing player 2 token from slot 7
[2022-12-12 21:47:08] [SEVERE ] removing player 2 token from slot 10
[2022-12-12 21:47:08] [SEVERE ] player 2 placing token on slot 5
[2022-12-12 21:47:08] [SEVERE ] player 2 placing token on slot 11
[2022-12-12 21:47:08] [SEVERE ] player 2 placing token on slot 2
[2022-12-12 21:47:08] [SEVERE ] removing player 2 token from slot 2
[2022-12-12 21:47:08] [SEVERE ] removing player 2 token from slot 5
[2022-12-12 21:47:08] [SEVERE ] removing player 2 token from slot 11
[2022-12-12 21:47:08] [SEVERE ] player 2 placing token on slot 10
[2022-12-12 21:47:08] [SEVERE ] player 2 placing token on slot 2
[2022-12-12 21:47:08] [SEVERE ] player 2 placing token on slot 7
[2022-12-12 21:47:08] [SEVERE ] removing player 2 token from slot 2
[2022-12-12 21:47:08] [SEVERE ] removing player 2 token from slot 7
[2022-12-12 21:47:08] [SEVERE ] removing player 2 token from slot 10
[2022-12-12 21:47:08] [SEVERE ] player 2 placing token on slot 3
[2022-12-12 21:47:08] [SEVERE ] player 2 placing token on slot 7
[2022-12-12 21:47:08] [SEVERE ] player 2 placing token on slot 1
[2022-12-12 21:47:08] [SEVERE ] removing player 2 token from slot 1
[2022-12-12 21:47:08] [SEVERE ] removing player 2 token from slot 3
[2022-12-12 21:47:08] [SEVERE ] removing player 2 token from slot 7
[2022-12-12 21:47:08] [SEVERE ] player 2 placing token on slot 9
[2022-12-12 21:47:08] [SEVERE ] player 2 placing token on slot 4
[2022-12-12 21:47:08] [SEVERE ] player 2 placing token on slot 0
[2022-12-12 21:47:08] [SEVERE ] removing player 2 token from slot 0
[2022-12-12 21:47:08] [SEVERE ] removing player 2 token from slot 4
[2022-12-12 21:47:08] [SEVERE ] removing player 2 token from slot 9
[2022-12-12 21:47:08] [SEVERE ] player 2 placing token on slot 10
[2022-12-12 21:47:08] [SEVERE ] player 2 placing token on slot 2
[2022-12-12 21:47:09] [SEVERE ] player 2 placing token on slot 11
[2022-12-12 21:47:09] [SEVERE ] removing player 2 token from slot 2
[2022-12-12 21:47:09] [SEVERE ] removing player 2 token from slot 10
[2022-12-12 21:47:09] [SEVERE ] removing player 2 token from slot 11
[2022-12-12 21:47:09] [SEVERE ] player 2 placing token on slot 0
[2022-12-12 21:47:09] [SEVERE ] player 2 placing token on slot 3
[2022-12-12 21:47:09] [SEVERE ] player 2 placing token on slot 4
[2022-12-12 21:47:09] [SEVERE ] removing player 2 token from slot 0
[2022-12-12 21:47:09] [SEVERE ] removing player 2 token from slot 3
[2022-12-12 21:47:09] [SEVERE ] removing player 2 token from slot 4
[2022-12-12 21:47:09] [SEVERE ] player 2 placing token on slot 9
[2022-12-12 21:47:09] [SEVERE ] player 2 placing token on slot 6
[2022-12-12 21:47:09] [SEVERE ] player 2 placing token on slot 3
[2022-12-12 21:47:09] [SEVERE ] removing player 2 token from slot 3
[2022-12-12 21:47:09] [SEVERE ] removing player 2 token from slot 6
[2022-12-12 21:47:09] [SEVERE ] removing player 2 token from slot 9
[2022-12-12 21:47:09] [SEVERE ] player 2 placing token on slot 5
[2022-12-12 21:47:09] [SEVERE ] player 2 placing token on slot 2
[2022-12-12 21:47:09] [SEVERE ] player 2 placing token on slot 11
[2022-12-12 21:47:09] [SEVERE ] removing player 2 token from slot 2
[2022-12-12 21:47:09] [SEVERE ] removing player 2 token from slot 5
[2022-12-12 21:47:09] [SEVERE ] removing player 2 token from slot 11
[2022-12-12 21:47:09] [SEVERE ] player 2 placing token on slot 10
[2022-12-12 21:47:09] [SEVERE ] player 2 placing token on slot 2
[2022-12-12 21:47:09] [SEVERE ] player 2 placing token on slot 8
[2022-12-12 21:47:09] [SEVERE ] removing player 2 token from slot 2
[2022-12-12 21:47:09] [SEVERE ] removing player 2 token from slot 8
[2022-12-12 21:47:09] [SEVERE ] removing player 2 token from slot 10
[2022-12-12 21:47:09] [SEVERE ] player 2 placing token on slot 11
[2022-12-12 21:47:09] [SEVERE ] player 2 placing token on slot 4
[2022-12-12 21:47:09] [SEVERE ] player 2 placing token on slot 0
[2022-12-12 21:47:09] [SEVERE ] removing player 2 token from slot 0
[2022-12-12 21:47:09] [SEVERE ] removing player 2 token from slot 4
[2022-12-12 21:47:09] [SEVERE ] removing player 2 token from slot 11
[2022-12-12 21:47:09] [SEVERE ] player 2 placing token on slot 3
[2022-12-12 21:47:09] [SEVERE ] player 2 placing token on slot 5
[2022-12-12 21:47:09] [SEVERE ] player 2 placing token on slot 7
[2022-12-12 21:47:09] [SEVERE ] removing player 2 token from slot 3
[2022-12-12 21:47:09] [SEVERE ] removing player 2 token from slot 5
[2022-12-12 21:47:09] [SEVERE ] removing player 2 token from slot 7
[2022-12-12 21:47:09] [SEVERE ] player 2 placing token on slot 4
[2022-12-12 21:47:09] [SEVERE ] player 2 placing token on slot 5
[2022-12-12 21:47:09] [SEVERE ] player 2 placing token on slot 3
[2022-12-12 21:47:09] [SEVERE ] removing player 2 token from slot 3
[2022-12-12 21:47:09] [SEVERE ] removing player 2 token from slot 4
[2022-12-12 21:47:09] [SEVERE ] removing player 2 token from slot 5
[2022-12-12 21:47:09] [SEVERE ] player 2 placing token on slot 6
[2022-12-12 21:47:09] [SEVERE ] player 2 placing token on slot 3
[2022-12-12 21:47:09] [SEVERE ] player 2 placing token on slot 10
[2022-12-12 21:47:09] [SEVERE ] removing player 2 token from slot 3
[2022-12-12 21:47:09] [SEVERE ] removing player 2 token from slot 6
[2022-12-12 21:47:09] [SEVERE ] removing player 2 token from slot 10
[2022-12-12 21:47:09] [SEVERE ] player 2 placing token on slot 5
[2022-12-12 21:47:09] [SEVERE ] player 2 placing token on slot 4
[2022-12-12 21:47:09] [SEVERE ] player 2 placing token on slot 7
[2022-12-12 21:47:09] [SEVERE ] removing player 2 token from slot 4
[2022-12-12 21:47:09] [SEVERE ] removing player 2 token from slot 5
[2022-12-12 21:47:09] [SEVERE ] removing player 2 token from slot 7
[2022-12-12 21:47:09] [SEVERE ] player 2 placing token on slot 8
[2022-12-12 21:47:09] [SEVERE ] player 2 placing token on slot 3
[2022-12-12 21:47:09] [SEVERE ] player 2 placing token on slot 5
[2022-12-12 21:47:09] [SEVERE ] removing player 2 token from slot 3
[2022-12-12 21:47:09] [SEVERE ] removing player 2 token from slot 5
[2022-12-12 21:47:09] [SEVERE ] removing player 2 token from slot 8
[2022-12-12 21:47:09] [SEVERE ] player 2 placing token on slot 10
[2022-12-12 21:47:10] [SEVERE ] player 2 placing token on slot 8
[2022-12-12 21:47:10] [SEVERE ] player 2 placing token on slot 0
[2022-12-12 21:47:10] [SEVERE ] removing player 2 token from slot 0
[2022-12-12 21:47:10] [SEVERE ] removing player 2 token from slot 8
[2022-12-12 21:47:10] [SEVERE ] removing player 2 token from slot 10
[2022-12-12 21:47:10] [SEVERE ] player 2 placing token on slot 11
[2022-12-12 21:47:10] [SEVERE ] player 2 placing token on slot 4
[2022-12-12 21:47:10] [SEVERE ] player 2 placing token on slot 7
[2022-12-12 21:47:10] [SEVERE ] removing player 2 token from slot 4
[2022-12-12 21:47:10] [SEVERE ] removing player 2 token from slot 7
[2022-12-12 21:47:10] [SEVERE ] removing player 2 token from slot 11
[2022-12-12 21:47:10] [SEVERE ] player 2 placing token on slot 8
[2022-12-12 21:47:10] [SEVERE ] player 2 placing token on slot 3
[2022-12-12 21:47:10] [SEVERE ] player 2 placing token on slot 4
[2022-12-12 21:47:10] [SEVERE ] removing player 2 token from slot 3
[2022-12-12 21:47:10] [SEVERE ] removing player 2 token from slot 4
[2022-12-12 21:47:10] [SEVERE ] removing player 2 token from slot 8
[2022-12-12 21:47:10] [SEVERE ] player 2 placing token on slot 3
[2022-12-12 21:47:10] [SEVERE ] player 2 placing token on slot 6
[2022-12-12 21:47:10] [SEVERE ] player 2 placing token on slot 9
[2022-12-12 21:47:10] [SEVERE ] removing player 2 token from slot 3
[2022-12-12 21:47:10] [SEVERE ] removing player 2 token from slot 6
[2022-12-12 21:47:10] [SEVERE ] removing player 2 token from slot 9
[2022-12-12 21:47:10] [SEVERE ] player 2 placing token on slot 0
[2022-12-12 21:47:10] [SEVERE ] player 2 placing token on slot 5
[2022-12-12 21:47:10] [SEVERE ] player 2 placing token on slot 3
[2022-12-12 21:47:10] [SEVERE ] removing player 2 token from slot 0
[2022-12-12 21:47:10] [SEVERE ] removing player 2 token from slot 3
[2022-12-12 21:47:10] [SEVERE ] removing player 2 token from slot 5
[2022-12-12 21:47:10] [SEVERE ] player 2 placing token on slot 1
[2022-12-12 21:47:10] [SEVERE ] player 2 placing token on slot 6
[2022-12-12 21:47:10] [SEVERE ] player 2 placing token on slot 2
[2022-12-12 21:47:10] [SEVERE ] removing player 2 token from slot 1
[2022-12-12 21:47:10] [SEVERE ] removing player 2 token from slot 2
[2022-12-12 21:47:10] [SEVERE ] removing player 2 token from slot 6
[2022-12-12 21:47:10] [SEVERE ] player 2 placing token on slot 10
[2022-12-12 21:47:10] [SEVERE ] player 2 placing token on slot 6
[2022-12-12 21:47:10] [SEVERE ] player 2 placing token on slot 9
[2022-12-12 21:47:10] [SEVERE ] removing player 2 token from slot 6
[2022-12-12 21:47:10] [SEVERE ] removing player 2 token from slot 9
[2022-12-12 21:47:10] [SEVERE ] removing player 2 token from slot 10
[2022-12-12 21:47:10] [SEVERE ] player 2 placing token on slot 3
[2022-12-12 21:47:10] [SEVERE ] player 2 placing token on slot 10
[2022-12-12 21:47:10] [SEVERE ] player 2 placing token on slot 7
[2022-12-12 21:47:10] [SEVERE ] removing player 2 token from slot 3
[2022-12-12 21:47:10] [SEVERE ] removing player 2 token from slot 7
[2022-12-12 21:47:10] [SEVERE ] removing player 2 token from slot 10
[2022-12-12 21:47:10] [SEVERE ] player 2 placing token on slot 6
[2022-12-12 21:47:10] [SEVERE ] player 2 placing token on slot 7
[2022-12-12 21:47:10] [SEVERE ] player 2 placing token on slot 9
[2022-12-12 21:47:10] [SEVERE ] removing player 2 token from slot 6
[2022-12-12 21:47:10] [SEVERE ] removing player 2 token from slot 7
[2022-12-12 21:47:10] [SEVERE ] removing player 2 token from slot 9
[2022-12-12 21:47:10] [SEVERE ] player 2 placing token on slot 4
[2022-12-12 21:47:10] [SEVERE ] player 2 placing token on slot 11
[2022-12-12 21:47:10] [SEVERE ] player 2 placing token on slot 9
[2022-12-12 21:47:10] [SEVERE ] removing player 2 token from slot 4
[2022-12-12 21:47:10] [SEVERE ] removing player 2 token from slot 9
[2022-12-12 21:47:10] [SEVERE ] removing player 2 token from slot 11
[2022-12-12 21:47:10] [SEVERE ] player 2 placing token on slot 1
[2022-12-12 21:47:10] [SEVERE ] player 2 placing token on slot 5
[2022-12-12 21:47:10] [SEVERE ] player 2 placing token on slot 2
[2022-12-12 21:47:10] [SEVERE ] removing player 2 token from slot 1
[2022-12-12 21:47:10] [SEVERE ] removing player 2 token from slot 2
[2022-12-12 21:47:10] [SEVERE ] removing player 2 token from slot 5
[2022-12-12 21:47:10] [SEVERE ] player 2 placing token on slot 4
[2022-12-12 21:47:11] [SEVERE ] player 2 placing token on slot 6
[2022-12-12 21:47:11] [SEVERE ] player 2 placing token on slot 2
[2022-12-12 21:47:11] [SEVERE ] removing player 2 token from slot 2
[2022-12-12 21:47:11] [SEVERE ] removing player 2 token from slot 4
[2022-12-12 21:47:11] [SEVERE ] removing player 2 token from slot 6
[2022-12-12 21:47:11] [SEVERE ] player 2 placing token on slot 0
[2022-12-12 21:47:11] [SEVERE ] player 2 placing token on slot 5
[2022-12-12 21:47:11] [SEVERE ] player 2 placing token on slot 9
[2022-12-12 21:47:11] [SEVERE ] removing player 2 token from slot 0
[2022-12-12 21:47:11] [SEVERE ] removing player 2 token from slot 5
[2022-12-12 21:47:11] [SEVERE ] removing player 2 token from slot 9
[2022-12-12 21:47:11] [SEVERE ] player 2 placing token on slot 11
[2022-12-12 21:47:11] [SEVERE ] player 2 placing token on slot 4
[2022-12-12 21:47:11] [SEVERE ] player 2 placing token on slot 2
[2022-12-12 21:47:11] [SEVERE ] removing player 2 token from slot 2
[2022-12-12 21:47:11] [SEVERE ] removing player 2 token from slot 4
[2022-12-12 21:47:11] [SEVERE ] removing player 2 token from slot 11
[2022-12-12 21:47:11] [SEVERE ] player 2 placing token on slot 7
[2022-12-12 21:47:11] [SEVERE ] player 2 placing token on slot 1
[2022-12-12 21:47:11] [SEVERE ] player 2 placing token on slot 6
[2022-12-12 21:47:11] [SEVERE ] removing player 2 token from slot 1
[2022-12-12 21:47:11] [SEVERE ] removing player 2 token from slot 6
[2022-12-12 21:47:11] [SEVERE ] removing player 2 token from slot 7
[2022-12-12 21:47:11] [SEVERE ] player 2 placing token on slot 0
[2022-12-12 21:47:11] [SEVERE ] player 2 placing token on slot 1
[2022-12-12 21:47:11] [SEVERE ] player 2 placing token on slot 10
[2022-12-12 21:47:11] [SEVERE ] removing player 2 token from slot 0
[2022-12-12 21:47:11] [SEVERE ] removing player 2 token from slot 1
[2022-12-12 21:47:11] [SEVERE ] removing player 2 token from slot 10
[2022-12-12 21:47:11] [SEVERE ] player 2 placing token on slot 7
[2022-12-12 21:47:11] [SEVERE ] player 2 placing token on slot 4
[2022-12-12 21:47:11] [SEVERE ] player 2 placing token on slot 2
[2022-12-12 21:47:11] [SEVERE ] removing player 2 token from slot 2
[2022-12-12 21:47:11] [SEVERE ] removing player 2 token from slot 4
[2022-12-12 21:47:11] [SEVERE ] removing player 2 token from slot 7
[2022-12-12 21:47:11] [SEVERE ] player 2 placing token on slot 6
[2022-12-12 21:47:11] [SEVERE ] player 2 placing token on slot 10
[2022-12-12 21:47:11] [SEVERE ] player 2 placing token on slot 9
[2022-12-12 21:47:11] [SEVERE ] removing player 2 token from slot 6
[2022-12-12 21:47:11] [SEVERE ] removing player 2 token from slot 9
[2022-12-12 21:47:11] [SEVERE ] removing player 2 token from slot 10
[2022-12-12 21:47:11] [SEVERE ] player 2 placing token on slot 5
[2022-12-12 21:47:11] [SEVERE ] player 2 placing token on slot 7
[2022-12-12 21:47:11] [SEVERE ] player 2 placing token on slot 4
[2022-12-12 21:47:11] [SEVERE ] removing player 2 token from slot 4
[2022-12-12 21:47:11] [SEVERE ] removing player 2 token from slot 5
[2022-12-12 21:47:11] [SEVERE ] removing player 2 token from slot 7
[2022-12-12 21:47:11] [SEVERE ] player 2 placing token on slot 5
[2022-12-12 21:47:11] [SEVERE ] player 2 placing token on slot 3
[2022-12-12 21:47:11] [SEVERE ] player 2 placing token on slot 8
[2022-12-12 21:47:11] [SEVERE ] removing player 2 token from slot 3
[2022-12-12 21:47:11] [SEVERE ] removing player 2 token from slot 5
[2022-12-12 21:47:11] [SEVERE ] removing player 2 token from slot 8
[2022-12-12 21:47:11] [SEVERE ] player 2 placing token on slot 1
[2022-12-12 21:47:11] [SEVERE ] player 2 placing token on slot 11
[2022-12-12 21:47:11] [SEVERE ] player 2 placing token on slot 2
[2022-12-12 21:47:11] [SEVERE ] removing player 2 token from slot 1
[2022-12-12 21:47:11] [SEVERE ] removing player 2 token from slot 2
[2022-12-12 21:47:11] [SEVERE ] removing player 2 token from slot 11
[2022-12-12 21:47:11] [SEVERE ] player 2 placing token on slot 5
[2022-12-12 21:47:11] [SEVERE ] player 2 placing token on slot 11
[2022-12-12 21:47:12] [SEVERE ] player 2 placing token on slot 7
[2022-12-12 21:47:12] [SEVERE ] removing player 2 token from slot 5
[2022-12-12 21:47:12] [SEVERE ] removing player 2 token from slot 7
[2022-12-12 21:47:12] [SEVERE ] removing player 2 token from slot 11
[2022-12-12 21:47:12] [SEVERE ] player 2 placing token on slot 8
[2022-12-12 21:47:12] [SEVERE ] player 2 placing token on slot 11
[2022-12-12 21:47:12] [SEVERE ] player 2 placing token on slot 7
[2022-12-12 21:47:12] [SEVERE ] removing player 2 token from slot 7
[2022-12-12 21:47:12] [SEVERE ] removing player 2 token from slot 8
[2022-12-12 21:47:12] [SEVERE ] removing player 2 token from slot 11
[2022-12-12 21:47:12] [SEVERE ] player 2 placing token on slot 10
[2022-12-12 21:47:12] [SEVERE ] player 2 placing token on slot 7
[2022-12-12 21:47:12] [SEVERE ] player 2 placing token on slot 6
[2022-12-12 21:47:12] [SEVERE ] removing player 2 token from slot 6
[2022-12-12 21:47:12] [SEVERE ] removing player 2 token from slot 7
[2022-12-12 21:47:12] [SEVERE ] removing player 2 token from slot 10
[2022-12-12 21:47:12] [SEVERE ] player 2 placing token on slot 5
[2022-12-12 21:47:12] [SEVERE ] player 2 placing token on slot 10
[2022-12-12 21:47:12] [SEVERE ] player 2 placing token on slot 0
[2022-12-12 21:47:12] [SEVERE ] removing player 2 token from slot 0
[2022-12-12 21:47:12] [SEVERE ] removing player 2 token from slot 5
[2022-12-12 21:47:12] [SEVERE ] removing player 2 token from slot 10
[2022-12-12 21:47:12] [SEVERE ] player 2 placing token on slot 2
[2022-12-12 21:47:12] [SEVERE ] player 2 placing token on slot 8
[2022-12-12 21:47:12] [SEVERE ] player 2 placing token on slot 9
[2022-12-12 21:47:12] [SEVERE ] removing player 2 token from slot 2
[2022-12-12 21:47:12] [SEVERE ] removing player 2 token from slot 8
[2022-12-12 21:47:12] [SEVERE ] removing player 2 token from slot 9
[2022-12-12 21:47:12] [SEVERE ] player 2 placing token on slot 9
[2022-12-12 21:47:12] [SEVERE ] player 2 placing token on slot 8
[2022-12-12 21:47:12] [SEVERE ] player 2 placing token on slot 0
[2022-12-12 21:47:12] [SEVERE ] removing player 2 token from slot 0
[2022-12-12 21:47:12] [SEVERE ] removing player 2 token from slot 8
[2022-12-12 21:47:12] [SEVERE ] removing player 2 token from slot 9
[2022-12-12 21:47:12] [SEVERE ] player 2 placing token on slot 11
[2022-12-12 21:47:12] [SEVERE ] player 2 placing token on slot 6
[2022-12-12 21:47:12] [SEVERE ] player 2 placing token on slot 9
[2022-12-12 21:47:12] [SEVERE ] removing player 2 token from slot 6
[2022-12-12 21:47:12] [SEVERE ] removing player 2 token from slot 9
[2022-12-12 21:47:12] [SEVERE ] removing player 2 token from slot 11
[2022-12-12 21:47:12] [SEVERE ] player 2 placing token on slot 4
[2022-12-12 21:47:12] [SEVERE ] player 2 placing token on slot 8
[2022-12-12 21:47:12] [SEVERE ] player 2 placing token on slot 2
[2022-12-12 21:47:12] [SEVERE ] removing player 2 token from slot 2
[2022-12-12 21:47:12] [SEVERE ] removing player 2 token from slot 4
[2022-12-12 21:47:12] [SEVERE ] removing player 2 token from slot 8
[2022-12-12 21:47:12] [SEVERE ] player 2 placing token on slot 11
[2022-12-12 21:47:12] [SEVERE ] player 2 placing token on slot 9
[2022-12-12 21:47:12] [SEVERE ] player 2 placing token on slot 6
[2022-12-12 21:47:12] [SEVERE ] removing player 2 token from slot 6
[2022-12-12 21:47:12] [SEVERE ] removing player 2 token from slot 9
[2022-12-12 21:47:12] [SEVERE ] removing player 2 token from slot 11
[2022-12-12 21:47:12] [SEVERE ] player 2 placing token on slot 6
[2022-12-12 21:47:12] [SEVERE ] player 2 placing token on slot 9
[2022-12-12 21:47:12] [SEVERE ] player 2 placing token on slot 0
[2022-12-12 21:47:12] [SEVERE ] removing player 2 token from slot 0
[2022-12-12 21:47:12] [SEVERE ] removing player 2 token from slot 6
[2022-12-12 21:47:12] [SEVERE ] removing player 2 token from slot 9
[2022-12-12 21:47:12] [SEVERE ] player 2 placing token on slot 3
[2022-12-12 21:47:12] [SEVERE ] player 2 placing token on slot 7
[2022-12-12 21:47:12] [SEVERE ] player 2 placing token on slot 1
[2022-12-12 21:47:12] [SEVERE ] removing player 2 token from slot 1
[2022-12-12 21:47:12] [SEVERE ] removing player 2 token from slot 3
[2022-12-12 21:47:12] [SEVERE ] removing player 2 token from slot 7
[2022-12-12 21:47:12] [SEVERE ] player 2 placing token on slot 11
[2022-12-12 21:47:12] [SEVERE ] player 2 placing token on slot 0
[2022-12-12 21:47:12] [SEVERE ] player 2 placing token on slot 8
[2022-12-12 21:47:12] [SEVERE ] removing player 2 token from slot 0
[2022-12-12 21:47:12] [SEVERE ] removing player 2 token from slot 8
[2022-12-12 21:47:12] [SEVERE ] removing player 2 token from slot 11
[2022-12-12 21:47:12] [SEVERE ] player 2 placing token on slot 2
[2022-12-12 21:47:13] [SEVERE ] player 2 placing token on slot 3
[2022-12-12 21:47:13] [SEVERE ] player 2 placing token on slot 6
[2022-12-12 21:47:13] [SEVERE ] removing player 2 token from slot 2
[2022-12-12 21:47:13] [SEVERE ] removing player 2 token from slot 3
[2022-12-12 21:47:13] [SEVERE ] removing player 2 token from slot 6
[2022-12-12 21:47:13] [SEVERE ] player 2 placing token on slot 11
[2022-12-12 21:47:13] [SEVERE ] player 2 placing token on slot 10
[2022-12-12 21:47:13] [SEVERE ] player 2 placing token on slot 7
[2022-12-12 21:47:13] [SEVERE ] removing player 2 token from slot 7
[2022-12-12 21:47:13] [SEVERE ] removing player 2 token from slot 10
[2022-12-12 21:47:13] [SEVERE ] removing player 2 token from slot 11
[2022-12-12 21:47:13] [SEVERE ] player 2 placing token on slot 7
[2022-12-12 21:47:13] [SEVERE ] player 2 placing token on slot 6
[2022-12-12 21:47:13] [SEVERE ] player 2 placing token on slot 3
[2022-12-12 21:47:13] [SEVERE ] removing player 2 token from slot 3
[2022-12-12 21:47:13] [SEVERE ] removing player 2 token from slot 6
[2022-12-12 21:47:13] [SEVERE ] removing player 2 token from slot 7
[2022-12-12 21:47:13] [SEVERE ] player 2 placing token on slot 4
[2022-12-12 21:47:13] [SEVERE ] player 2 placing token on slot 5
[2022-12-12 21:47:13] [SEVERE ] player 2 placing token on slot 8
[2022-12-12 21:47:13] [SEVERE ] removing player 2 token from slot 4
[2022-12-12 21:47:13] [SEVERE ] removing player 2 token from slot 5
[2022-12-12 21:47:13] [SEVERE ] removing player 2 token from slot 8
[2022-12-12 21:47:13] [SEVERE ] player 2 placing token on slot 2
[2022-12-12 21:47:13] [SEVERE ] player 2 placing token on slot 10
[2022-12-12 21:47:13] [SEVERE ] player 2 placing token on slot 4
[2022-12-12 21:47:13] [SEVERE ] removing player 2 token from slot 2
[2022-12-12 21:47:13] [SEVERE ] removing player 2 token from slot 4
[2022-12-12 21:47:13] [SEVERE ] removing player 2 token from slot 10
[2022-12-12 21:47:13] [SEVERE ] player 2 placing token on slot 1
[2022-12-12 21:47:13] [SEVERE ] player 2 placing token on slot 2
[2022-12-12 21:47:13] [SEVERE ] player 2 placing token on slot 7
[2022-12-12 21:47:13] [SEVERE ] removing player 2 token from slot 1
[2022-12-12 21:47:13] [SEVERE ] removing player 2 token from slot 2
[2022-12-12 21:47:13] [SEVERE ] removing player 2 token from slot 7
[2022-12-12 21:47:13] [SEVERE ] player 2 placing token on slot 10
[2022-12-12 21:47:13] [SEVERE ] player 2 placing token on slot 3
[2022-12-12 21:47:13] [SEVERE ] player 2 placing token on slot 11
[2022-12-12 21:47:13] [SEVERE ] removing player 2 token from slot 3
[2022-12-12 21:47:13] [SEVERE ] removing player 2 token from slot 10
[2022-12-12 21:47:13] [SEVERE ] removing player 2 token from slot 11
[2022-12-12 21:47:13] [SEVERE ] player 2 placing token on slot 6
[2022-12-12 21:47:13] [SEVERE ] player 2 placing token on slot 9
[2022-12-12 21:47:13] [SEVERE ] player 2 placing token on slot 0
[2022-12-12 21:47:13] [SEVERE ] removing player 2 token from slot 0
[2022-12-12 21:47:13] [SEVERE ] removing player 2 token from slot 6
[2022-12-12 21:47:13] [SEVERE ] removing player 2 token from slot 9
[2022-12-12 21:47:13] [SEVERE ] player 2 placing token on slot 5
[2022-12-12 21:47:13] [SEVERE ] player 2 placing token on slot 1
[2022-12-12 21:47:13] [SEVERE ] player 2 placing token on slot 10
[2022-12-12 21:47:13] [SEVERE ] removing player 2 token from slot 1
[2022-12-12 21:47:13] [SEVERE ] removing player 2 token from slot 5
[2022-12-12 21:47:13] [SEVERE ] removing player 2 token from slot 10
[2022-12-12 21:47:13] [SEVERE ] player 2 placing token on slot 11
[2022-12-12 21:47:13] [SEVERE ] player 2 placing token on slot 3
[2022-12-12 21:47:13] [SEVERE ] player 2 placing token on slot 9
[2022-12-12 21:47:13] [SEVERE ] removing player 2 token from slot 3
[2022-12-12 21:47:13] [SEVERE ] removing player 2 token from slot 9
[2022-12-12 21:47:13] [SEVERE ] removing player 2 token from slot 11
[2022-12-12 21:47:13] [SEVERE ] player 2 placing token on slot 4
[2022-12-12 21:47:13] [SEVERE ] player 2 placing token on slot 9
[2022-12-12 21:47:13] [SEVERE ] player 2 placing token on slot 7
[2022-12-12 21:47:13] [SEVERE ] removing player 2 token from slot 4
[2022-12-12 21:47:13] [SEVERE ] removing player 2 token from slot 7
[2022-12-12 21:47:13] [SEVERE ] removing player 2 token from slot 9
[2022-12-12 21:47:14] [SEVERE ] player 2 placing token on slot 0
[2022-12-12 21:47:14] [SEVERE ] player 2 placing token on slot 2
[2022-12-12 21:47:14] [SEVERE ] player 2 placing token on slot 5
[2022-12-12 21:47:14] [SEVERE ] removing player 2 token from slot 0
[2022-12-12 21:47:14] [SEVERE ] removing player 2 token from slot 2
[2022-12-12 21:47:14] [SEVERE ] removing player 2 token from slot 5
[2022-12-12 21:47:14] [SEVERE ] player 2 placing token on slot 11
[2022-12-12 21:47:14] [SEVERE ] player 2 placing token on slot 10
[2022-12-12 21:47:14] [SEVERE ] player 2 placing token on slot 5
[2022-12-12 21:47:14] [SEVERE ] removing player 2 token from slot 5
[2022-12-12 21:47:14] [SEVERE ] removing player 2 token from slot 10
[2022-12-12 21:47:14] [SEVERE ] removing player 2 token from slot 11
[2022-12-12 21:47:14] [SEVERE ] player 2 placing token on slot 0
[2022-12-12 21:47:14] [SEVERE ] player 2 placing token on slot 3
[2022-12-12 21:47:14] [SEVERE ] player 2 placing token on slot 1
[2022-12-12 21:47:14] [SEVERE ] removing player 2 token from slot 0
[2022-12-12 21:47:14] [SEVERE ] removing player 2 token from slot 1
[2022-12-12 21:47:14] [SEVERE ] removing player 2 token from slot 3
[2022-12-12 21:47:14] [SEVERE ] player 2 placing token on slot 10
[2022-12-12 21:47:14] [SEVERE ] player 2 placing token on slot 9
[2022-12-12 21:47:14] [SEVERE ] player 2 placing token on slot 8
[2022-12-12 21:47:14] [SEVERE ] removing player 2 token from slot 8
[2022-12-12 21:47:14] [SEVERE ] removing player 2 token from slot 9
[2022-12-12 21:47:14] [SEVERE ] removing player 2 token from slot 10
[2022-12-12 21:47:14] [SEVERE ] player 2 placing token on slot 7
[2022-12-12 21:47:14] [SEVERE ] player 2 placing token on slot 8
[2022-12-12 21:47:14] [SEVERE ] player 2 placing token on slot 0
[2022-12-12 21:47:14] [SEVERE ] removing player 2 token from slot 0
[2022-12-12 21:47:14] [SEVERE ] removing player 2 token from slot 7
[2022-12-12 21:47:14] [SEVERE ] removing player 2 token from slot 8
[2022-12-12 21:47:14] [SEVERE ] player 2 placing token on slot 7
[2022-12-12 21:47:14] [SEVERE ] player 2 placing token on slot 11
[2022-12-12 21:47:14] [SEVERE ] player 2 placing token on slot 10
[2022-12-12 21:47:14] [SEVERE ] removing player 2 token from slot 7
[2022-12-12 21:47:14] [SEVERE ] removing player 2 token from slot 10
[2022-12-12 21:47:14] [SEVERE ] removing player 2 token from slot 11
[2022-12-12 21:47:14] [SEVERE ] player 2 placing token on slot 5
[2022-12-12 21:47:14] [SEVERE ] player 2 placing token on slot 6
[2022-12-12 21:47:14] [SEVERE ] player 2 placing token on slot 3
[2022-12-12 21:47:14] [SEVERE ] removing player 2 token from slot 3
[2022-12-12 21:47:14] [SEVERE ] removing player 2 token from slot 5
[2022-12-12 21:47:14] [SEVERE ] removing player 2 token from slot 6
[2022-12-12 21:47:14] [SEVERE ] player 2 placing token on slot 2
[2022-12-12 21:47:14] [SEVERE ] player 2 placing token on slot 9
[2022-12-12 21:47:14] [SEVERE ] player 2 placing token on slot 4
[2022-12-12 21:47:14] [SEVERE ] removing player 2 token from slot 2
[2022-12-12 21:47:14] [SEVERE ] removing player 2 token from slot 4
[2022-12-12 21:47:14] [SEVERE ] removing player 2 token from slot 9
[2022-12-12 21:47:14] [SEVERE ] player 2 placing token on slot 10
[2022-12-12 21:47:14] [SEVERE ] player 2 placing token on slot 5
[2022-12-12 21:47:14] [SEVERE ] player 2 placing token on slot 2
[2022-12-12 21:47:14] [SEVERE ] removing player 2 token from slot 2
[2022-12-12 21:47:14] [SEVERE ] removing player 2 token from slot 5
[2022-12-12 21:47:14] [SEVERE ] removing player 2 token from slot 10
[2022-12-12 21:47:14] [SEVERE ] player 2 placing token on slot 5
[2022-12-12 21:47:14] [SEVERE ] player 2 placing token on slot 6
[2022-12-12 21:47:14] [SEVERE ] player 2 placing token on slot 4
[2022-12-12 21:47:14] [SEVERE ] removing player 2 token from slot 4
[2022-12-12 21:47:14] [SEVERE ] removing player 2 token from slot 5
[2022-12-12 21:47:14] [SEVERE ] removing player 2 token from slot 6
[2022-12-12 21:47:14] [SEVERE ] player 2 placing token on slot 6
[2022-12-12 21:47:15] [SEVERE ] player 2 placing token on slot 5
[2022-12-12 21:47:15] [SEVERE ] player 2 placing token on slot 3
[2022-12-12 21:47:15] [SEVERE ] removing player 2 token from slot 3
[2022-12-12 21:47:15] [SEVERE ] removing player 2 token from slot 5
[2022-12-12 21:47:15] [SEVERE ] removing player 2 token from slot 6
[2022-12-12 21:47:15] [SEVERE ] player 2 placing token on slot 7
[2022-12-12 21:47:15] [SEVERE ] player 2 placing token on slot 1
[2022-12-12 21:47:15] [SEVERE ] player 2 placing token on slot 9
[2022-12-12 21:47:15] [SEVERE ] removing player 2 token from slot 1
[2022-12-12 21:47:15] [SEVERE ] removing player 2 token from slot 7
[2022-12-12 21:47:15] [SEVERE ] removing player 2 token from slot 9
[2022-12-12 21:47:15] [SEVERE ] player 2 placing token on slot 4
[2022-12-12 21:47:15] [SEVERE ] player 2 placing token on slot 1
[2022-12-12 21:47:15] [SEVERE ] player 2 placing token on slot 11
[2022-12-12 21:47:15] [SEVERE ] removing player 2 token from slot 1
[2022-12-12 21:47:15] [SEVERE ] removing player 2 token from slot 4
[2022-12-12 21:47:15] [SEVERE ] removing player 2 token from slot 11
[2022-12-12 21:47:15] [SEVERE ] player 2 placing token on slot 3
[2022-12-12 21:47:15] [SEVERE ] player 2 placing token on slot 7
[2022-12-12 21:47:15] [SEVERE ] player 2 placing token on slot 4
[2022-12-12 21:47:15] [SEVERE ] removing player 2 token from slot 3
[2022-12-12 21:47:15] [SEVERE ] removing player 2 token from slot 4
[2022-12-12 21:47:15] [SEVERE ] removing player 2 token from slot 7
[2022-12-12 21:47:15] [SEVERE ] player 2 placing token on slot 1
[2022-12-12 21:47:15] [SEVERE ] player 2 placing token on slot 4
[2022-12-12 21:47:15] [SEVERE ] player 2 placing token on slot 2
[2022-12-12 21:47:15] [SEVERE ] removing player 2 token from slot 1
[2022-12-12 21:47:15] [SEVERE ] removing player 2 token from slot 2
[2022-12-12 21:47:15] [SEVERE ] removing player 2 token from slot 4
