[2022-12-12 21:14:30] [INFO   ] cannot read configuration file config.properties trying from resources.
[2022-12-12 21:14:30] [INFO   ] configuration file was loaded from resources directory.
[2022-12-12 21:14:30] [INFO   ] Thread Thread-0starting.
[2022-12-12 21:14:30] [INFO   ] Thread Thread-2starting.
[2022-12-12 21:14:30] [INFO   ] Thread Thread-1starting.
[2022-12-12 21:14:30] [INFO   ] Thread dealer starting.
[2022-12-12 21:14:30] [INFO   ] Thread computer-2 starting.
[2022-12-12 21:14:30] [SEVERE ] placing card 56 in slot 0
[2022-12-12 21:14:30] [SEVERE ] placing card 66 in slot 1
[2022-12-12 21:14:30] [SEVERE ] placing card 50 in slot 2
[2022-12-12 21:14:31] [SEVERE ] placing card 13 in slot 3
[2022-12-12 21:14:31] [SEVERE ] placing card 27 in slot 4
[2022-12-12 21:14:31] [SEVERE ] placing card 4 in slot 5
[2022-12-12 21:14:31] [SEVERE ] placing card 17 in slot 6
[2022-12-12 21:14:31] [SEVERE ] placing card 12 in slot 7
[2022-12-12 21:14:31] [SEVERE ] placing card 73 in slot 8
[2022-12-12 21:14:31] [SEVERE ] placing card 23 in slot 9
[2022-12-12 21:14:31] [SEVERE ] placing card 61 in slot 10
[2022-12-12 21:14:31] [SEVERE ] placing card 30 in slot 11
[2022-12-12 21:14:31] [SEVERE ] player 2 placing token on slot 4
[2022-12-12 21:14:32] [SEVERE ] player 2 placing token on slot 8
[2022-12-12 21:14:32] [SEVERE ] player 2 placing token on slot 9
