[2022-12-12 16:38:36] [INFO   ] cannot read configuration file config.properties trying from resources.
[2022-12-12 16:38:36] [INFO   ] configuration file was loaded from resources directory.
[2022-12-12 16:38:36] [INFO   ] Thread dealer starting.
[2022-12-12 16:38:36] [INFO   ] Thread Thread-0starting.
[2022-12-12 16:38:36] [INFO   ] Thread Thread-1starting.
[2022-12-12 16:38:36] [SEVERE ] placing card 40 in slot 0
[2022-12-12 16:38:36] [SEVERE ] placing card 49 in slot 1
[2022-12-12 16:38:36] [SEVERE ] placing card 6 in slot 2
[2022-12-12 16:38:37] [SEVERE ] placing card 45 in slot 3
[2022-12-12 16:38:37] [SEVERE ] placing card 73 in slot 4
[2022-12-12 16:38:37] [SEVERE ] placing card 2 in slot 5
[2022-12-12 16:38:37] [SEVERE ] placing card 3 in slot 6
[2022-12-12 16:38:37] [SEVERE ] placing card 75 in slot 7
[2022-12-12 16:38:37] [SEVERE ] placing card 24 in slot 8
[2022-12-12 16:38:37] [SEVERE ] placing card 78 in slot 9
[2022-12-12 16:38:37] [SEVERE ] placing card 65 in slot 10
[2022-12-12 16:38:37] [SEVERE ] placing card 62 in slot 11
[2022-12-12 16:38:43] [SEVERE ] Key 81 was pressed by player 0
[2022-12-12 16:38:43] [SEVERE ] player 0 placing token on slot 0
[2022-12-12 16:38:44] [SEVERE ] Key 87 was pressed by player 0
[2022-12-12 16:38:44] [SEVERE ] player 0 placing token on slot 1
[2022-12-12 16:38:44] [SEVERE ] Key 69 was pressed by player 0
[2022-12-12 16:38:44] [SEVERE ] player 0 placing token on slot 2
[2022-12-12 16:38:53] [SEVERE ] Exit button pressed
[2022-12-12 16:38:53] [SEVERE ] removing tokens from slot 0
[2022-12-12 16:38:53] [SEVERE ] removing card from slot 0
[2022-12-12 16:38:53] [SEVERE ] removing tokens from slot 1
[2022-12-12 16:38:53] [SEVERE ] removing card from slot 1
[2022-12-12 16:38:53] [SEVERE ] removing tokens from slot 2
[2022-12-12 16:38:53] [SEVERE ] removing card from slot 2
[2022-12-12 16:38:53] [SEVERE ] removing tokens from slot 3
[2022-12-12 16:38:53] [SEVERE ] removing card from slot 3
[2022-12-12 16:38:53] [SEVERE ] removing tokens from slot 4
[2022-12-12 16:38:53] [SEVERE ] removing card from slot 4
[2022-12-12 16:38:53] [SEVERE ] removing tokens from slot 5
[2022-12-12 16:38:53] [SEVERE ] removing card from slot 5
[2022-12-12 16:38:53] [SEVERE ] removing tokens from slot 6
[2022-12-12 16:38:53] [SEVERE ] removing card from slot 6
[2022-12-12 16:38:53] [SEVERE ] removing tokens from slot 7
[2022-12-12 16:38:53] [SEVERE ] removing card from slot 7
[2022-12-12 16:38:54] [SEVERE ] removing tokens from slot 8
[2022-12-12 16:38:54] [SEVERE ] removing card from slot 8
[2022-12-12 16:38:54] [SEVERE ] removing tokens from slot 9
[2022-12-12 16:38:54] [SEVERE ] removing card from slot 9
[2022-12-12 16:38:54] [SEVERE ] removing tokens from slot 10
[2022-12-12 16:38:54] [SEVERE ] removing card from slot 10
[2022-12-12 16:38:54] [SEVERE ] removing tokens from slot 11
[2022-12-12 16:38:54] [SEVERE ] removing card from slot 11
[2022-12-12 16:38:54] [SEVERE ] announcing winners: [0, 1]
[2022-12-12 16:38:54] [INFO   ] Thread dealer terminated.
[2022-12-12 16:38:54] [INFO   ] Thread main terminated.
