[2022-12-10 11:48:46] [INFO   ] cannot read configuration file config.properties trying from resources.
[2022-12-10 11:48:46] [INFO   ] configuration file was loaded from resources directory.
[2022-12-10 11:48:47] [INFO   ] Thread dealer starting.
[2022-12-10 11:48:47] [INFO   ] Thread Thread-1starting.
[2022-12-10 11:48:47] [INFO   ] Thread Thread-0starting.
[2022-12-10 11:48:47] [SEVERE ] placing card 62 in slot 0
[2022-12-10 11:48:47] [SEVERE ] placing card 57 in slot 1
[2022-12-10 11:48:47] [SEVERE ] placing card 37 in slot 2
[2022-12-10 11:48:47] [SEVERE ] placing card 9 in slot 3
[2022-12-10 11:48:47] [SEVERE ] placing card 3 in slot 4
[2022-12-10 11:48:47] [SEVERE ] placing card 36 in slot 5
[2022-12-10 11:48:47] [SEVERE ] placing card 4 in slot 6
[2022-12-10 11:48:47] [SEVERE ] placing card 72 in slot 7
[2022-12-10 11:48:48] [SEVERE ] placing card 41 in slot 8
[2022-12-10 11:48:48] [SEVERE ] placing card 22 in slot 9
[2022-12-10 11:48:48] [SEVERE ] placing card 69 in slot 10
[2022-12-10 11:48:48] [SEVERE ] placing card 1 in slot 11
[2022-12-10 11:48:54] [SEVERE ] removing tokens from slot 0
[2022-12-10 11:48:54] [SEVERE ] removing card from slot 0
[2022-12-10 11:48:54] [SEVERE ] removing tokens from slot 1
[2022-12-10 11:48:54] [SEVERE ] removing card from slot 1
[2022-12-10 11:48:54] [SEVERE ] removing tokens from slot 2
[2022-12-10 11:48:54] [SEVERE ] removing card from slot 2
[2022-12-10 11:48:54] [SEVERE ] removing tokens from slot 3
[2022-12-10 11:48:54] [SEVERE ] removing card from slot 3
[2022-12-10 11:48:54] [SEVERE ] removing tokens from slot 4
[2022-12-10 11:48:54] [SEVERE ] removing card from slot 4
[2022-12-10 11:48:55] [SEVERE ] removing tokens from slot 5
[2022-12-10 11:48:55] [SEVERE ] removing card from slot 5
[2022-12-10 11:48:55] [SEVERE ] removing tokens from slot 6
[2022-12-10 11:48:55] [SEVERE ] removing card from slot 6
[2022-12-10 11:48:55] [SEVERE ] removing tokens from slot 7
[2022-12-10 11:48:55] [SEVERE ] removing card from slot 7
[2022-12-10 11:48:55] [SEVERE ] removing tokens from slot 8
[2022-12-10 11:48:55] [SEVERE ] removing card from slot 8
[2022-12-10 11:48:55] [SEVERE ] removing tokens from slot 9
[2022-12-10 11:48:55] [SEVERE ] removing card from slot 9
[2022-12-10 11:48:55] [SEVERE ] removing tokens from slot 10
[2022-12-10 11:48:55] [SEVERE ] removing card from slot 10
[2022-12-10 11:48:55] [SEVERE ] removing tokens from slot 11
[2022-12-10 11:48:55] [SEVERE ] removing card from slot 11
[2022-12-10 11:48:55] [SEVERE ] placing card 36 in slot 0
[2022-12-10 11:48:55] [SEVERE ] placing card 50 in slot 1
[2022-12-10 11:48:56] [SEVERE ] placing card 45 in slot 2
[2022-12-10 11:48:56] [SEVERE ] placing card 76 in slot 3
[2022-12-10 11:48:56] [SEVERE ] placing card 6 in slot 4
[2022-12-10 11:48:56] [SEVERE ] placing card 10 in slot 5
[2022-12-10 11:48:56] [SEVERE ] placing card 31 in slot 6
[2022-12-10 11:48:56] [SEVERE ] placing card 38 in slot 7
[2022-12-10 11:48:56] [SEVERE ] placing card 25 in slot 8
[2022-12-10 11:48:56] [SEVERE ] placing card 47 in slot 9
[2022-12-10 11:48:56] [SEVERE ] placing card 66 in slot 10
[2022-12-10 11:48:57] [SEVERE ] placing card 11 in slot 11
[2022-12-10 11:49:03] [SEVERE ] removing tokens from slot 0
[2022-12-10 11:49:03] [SEVERE ] removing card from slot 0
[2022-12-10 11:49:03] [SEVERE ] removing tokens from slot 1
[2022-12-10 11:49:03] [SEVERE ] removing card from slot 1
[2022-12-10 11:49:03] [SEVERE ] removing tokens from slot 2
[2022-12-10 11:49:03] [SEVERE ] removing card from slot 2
[2022-12-10 11:49:03] [SEVERE ] removing tokens from slot 3
[2022-12-10 11:49:03] [SEVERE ] removing card from slot 3
[2022-12-10 11:49:03] [SEVERE ] removing tokens from slot 4
[2022-12-10 11:49:03] [SEVERE ] removing card from slot 4
[2022-12-10 11:49:03] [SEVERE ] removing tokens from slot 5
[2022-12-10 11:49:03] [SEVERE ] removing card from slot 5
[2022-12-10 11:49:03] [SEVERE ] removing tokens from slot 6
[2022-12-10 11:49:03] [SEVERE ] removing card from slot 6
[2022-12-10 11:49:03] [SEVERE ] removing tokens from slot 7
[2022-12-10 11:49:03] [SEVERE ] removing card from slot 7
[2022-12-10 11:49:04] [SEVERE ] removing tokens from slot 8
[2022-12-10 11:49:04] [SEVERE ] removing card from slot 8
[2022-12-10 11:49:04] [SEVERE ] removing tokens from slot 9
[2022-12-10 11:49:04] [SEVERE ] removing card from slot 9
[2022-12-10 11:49:04] [SEVERE ] removing tokens from slot 10
[2022-12-10 11:49:04] [SEVERE ] removing card from slot 10
[2022-12-10 11:49:04] [SEVERE ] removing tokens from slot 11
[2022-12-10 11:49:04] [SEVERE ] removing card from slot 11
[2022-12-10 11:49:04] [SEVERE ] placing card 14 in slot 0
[2022-12-10 11:49:04] [SEVERE ] placing card 70 in slot 1
[2022-12-10 11:49:04] [SEVERE ] placing card 72 in slot 2
[2022-12-10 11:49:04] [SEVERE ] placing card 59 in slot 3
[2022-12-10 11:49:04] [SEVERE ] placing card 45 in slot 4
[2022-12-10 11:49:05] [SEVERE ] placing card 64 in slot 5
[2022-12-10 11:49:05] [SEVERE ] placing card 47 in slot 6
[2022-12-10 11:49:05] [SEVERE ] placing card 62 in slot 7
[2022-12-10 11:49:05] [SEVERE ] placing card 77 in slot 8
[2022-12-10 11:49:05] [SEVERE ] placing card 7 in slot 9
[2022-12-10 11:49:05] [SEVERE ] placing card 51 in slot 10
[2022-12-10 11:49:05] [SEVERE ] placing card 0 in slot 11
[2022-12-10 11:49:11] [SEVERE ] removing tokens from slot 0
[2022-12-10 11:49:11] [SEVERE ] removing card from slot 0
[2022-12-10 11:49:11] [SEVERE ] removing tokens from slot 1
[2022-12-10 11:49:11] [SEVERE ] removing card from slot 1
[2022-12-10 11:49:12] [SEVERE ] removing tokens from slot 2
[2022-12-10 11:49:12] [SEVERE ] removing card from slot 2
[2022-12-10 11:49:12] [SEVERE ] removing tokens from slot 3
[2022-12-10 11:49:12] [SEVERE ] removing card from slot 3
[2022-12-10 11:49:12] [SEVERE ] removing tokens from slot 4
[2022-12-10 11:49:12] [SEVERE ] removing card from slot 4
[2022-12-10 11:49:12] [SEVERE ] removing tokens from slot 5
[2022-12-10 11:49:12] [SEVERE ] removing card from slot 5
[2022-12-10 11:49:12] [SEVERE ] removing tokens from slot 6
[2022-12-10 11:49:12] [SEVERE ] removing card from slot 6
[2022-12-10 11:49:12] [SEVERE ] removing tokens from slot 7
[2022-12-10 11:49:12] [SEVERE ] removing card from slot 7
[2022-12-10 11:49:12] [SEVERE ] removing tokens from slot 8
[2022-12-10 11:49:12] [SEVERE ] removing card from slot 8
[2022-12-10 11:49:12] [SEVERE ] removing tokens from slot 9
[2022-12-10 11:49:12] [SEVERE ] removing card from slot 9
[2022-12-10 11:49:12] [SEVERE ] removing tokens from slot 10
[2022-12-10 11:49:12] [SEVERE ] removing card from slot 10
[2022-12-10 11:49:13] [SEVERE ] removing tokens from slot 11
[2022-12-10 11:49:13] [SEVERE ] removing card from slot 11
[2022-12-10 11:49:13] [SEVERE ] placing card 15 in slot 0
[2022-12-10 11:49:13] [SEVERE ] placing card 57 in slot 1
[2022-12-10 11:49:13] [SEVERE ] placing card 39 in slot 2
[2022-12-10 11:49:13] [SEVERE ] placing card 20 in slot 3
[2022-12-10 11:49:13] [SEVERE ] placing card 71 in slot 4
[2022-12-10 11:49:13] [SEVERE ] placing card 25 in slot 5
[2022-12-10 11:49:13] [SEVERE ] placing card 66 in slot 6
[2022-12-10 11:49:13] [SEVERE ] placing card 67 in slot 7
[2022-12-10 11:49:14] [SEVERE ] placing card 60 in slot 8
[2022-12-10 11:49:14] [SEVERE ] placing card 52 in slot 9
[2022-12-10 11:49:14] [SEVERE ] placing card 9 in slot 10
[2022-12-10 11:49:14] [SEVERE ] placing card 76 in slot 11
[2022-12-10 11:49:20] [SEVERE ] removing tokens from slot 0
[2022-12-10 11:49:20] [SEVERE ] removing card from slot 0
[2022-12-10 11:49:20] [SEVERE ] removing tokens from slot 1
[2022-12-10 11:49:20] [SEVERE ] removing card from slot 1
[2022-12-10 11:49:20] [SEVERE ] removing tokens from slot 2
[2022-12-10 11:49:20] [SEVERE ] removing card from slot 2
[2022-12-10 11:49:20] [SEVERE ] removing tokens from slot 3
[2022-12-10 11:49:20] [SEVERE ] removing card from slot 3
[2022-12-10 11:49:20] [SEVERE ] removing tokens from slot 4
[2022-12-10 11:49:20] [SEVERE ] removing card from slot 4
[2022-12-10 11:49:21] [SEVERE ] removing tokens from slot 5
[2022-12-10 11:49:21] [SEVERE ] removing card from slot 5
[2022-12-10 11:49:21] [SEVERE ] removing tokens from slot 6
[2022-12-10 11:49:21] [SEVERE ] removing card from slot 6
[2022-12-10 11:49:21] [SEVERE ] removing tokens from slot 7
[2022-12-10 11:49:21] [SEVERE ] removing card from slot 7
[2022-12-10 11:49:21] [SEVERE ] removing tokens from slot 8
[2022-12-10 11:49:21] [SEVERE ] removing card from slot 8
[2022-12-10 11:49:21] [SEVERE ] removing tokens from slot 9
[2022-12-10 11:49:21] [SEVERE ] removing card from slot 9
[2022-12-10 11:49:21] [SEVERE ] removing tokens from slot 10
[2022-12-10 11:49:21] [SEVERE ] removing card from slot 10
[2022-12-10 11:49:21] [SEVERE ] removing tokens from slot 11
[2022-12-10 11:49:21] [SEVERE ] removing card from slot 11
[2022-12-10 11:49:21] [SEVERE ] placing card 78 in slot 0
[2022-12-10 11:49:21] [SEVERE ] placing card 65 in slot 1
[2022-12-10 11:49:22] [SEVERE ] placing card 1 in slot 2
[2022-12-10 11:49:22] [SEVERE ] placing card 61 in slot 3
[2022-12-10 11:49:22] [SEVERE ] placing card 17 in slot 4
[2022-12-10 11:49:22] [SEVERE ] placing card 55 in slot 5
[2022-12-10 11:49:22] [SEVERE ] placing card 73 in slot 6
[2022-12-10 11:49:22] [SEVERE ] placing card 11 in slot 7
[2022-12-10 11:49:22] [SEVERE ] placing card 41 in slot 8
[2022-12-10 11:49:22] [SEVERE ] placing card 18 in slot 9
[2022-12-10 11:49:22] [SEVERE ] placing card 58 in slot 10
[2022-12-10 11:49:23] [SEVERE ] placing card 72 in slot 11
[2022-12-10 11:49:29] [SEVERE ] removing tokens from slot 0
[2022-12-10 11:49:29] [SEVERE ] removing card from slot 0
[2022-12-10 11:49:29] [SEVERE ] removing tokens from slot 1
[2022-12-10 11:49:29] [SEVERE ] removing card from slot 1
[2022-12-10 11:49:29] [SEVERE ] removing tokens from slot 2
[2022-12-10 11:49:29] [SEVERE ] removing card from slot 2
[2022-12-10 11:49:29] [SEVERE ] removing tokens from slot 3
[2022-12-10 11:49:29] [SEVERE ] removing card from slot 3
[2022-12-10 11:49:29] [SEVERE ] removing tokens from slot 4
[2022-12-10 11:49:29] [SEVERE ] removing card from slot 4
[2022-12-10 11:49:29] [SEVERE ] removing tokens from slot 5
[2022-12-10 11:49:29] [SEVERE ] removing card from slot 5
[2022-12-10 11:49:29] [SEVERE ] removing tokens from slot 6
[2022-12-10 11:49:29] [SEVERE ] removing card from slot 6
[2022-12-10 11:49:29] [SEVERE ] removing tokens from slot 7
[2022-12-10 11:49:29] [SEVERE ] removing card from slot 7
[2022-12-10 11:49:30] [SEVERE ] removing tokens from slot 8
[2022-12-10 11:49:30] [SEVERE ] removing card from slot 8
[2022-12-10 11:49:30] [SEVERE ] removing tokens from slot 9
[2022-12-10 11:49:30] [SEVERE ] removing card from slot 9
[2022-12-10 11:49:30] [SEVERE ] removing tokens from slot 10
[2022-12-10 11:49:30] [SEVERE ] removing card from slot 10
[2022-12-10 11:49:30] [SEVERE ] removing tokens from slot 11
[2022-12-10 11:49:30] [SEVERE ] removing card from slot 11
[2022-12-10 11:49:30] [SEVERE ] placing card 41 in slot 0
[2022-12-10 11:49:30] [SEVERE ] placing card 79 in slot 1
[2022-12-10 11:49:30] [SEVERE ] placing card 45 in slot 2
[2022-12-10 11:49:30] [SEVERE ] placing card 12 in slot 3
[2022-12-10 11:49:30] [SEVERE ] placing card 31 in slot 4
[2022-12-10 11:49:31] [SEVERE ] placing card 66 in slot 5
[2022-12-10 11:49:31] [SEVERE ] placing card 67 in slot 6
[2022-12-10 11:49:31] [SEVERE ] placing card 3 in slot 7
[2022-12-10 11:49:31] [SEVERE ] placing card 26 in slot 8
[2022-12-10 11:49:31] [SEVERE ] placing card 29 in slot 9
[2022-12-10 11:49:31] [SEVERE ] placing card 80 in slot 10
[2022-12-10 11:49:31] [SEVERE ] placing card 55 in slot 11
