[2022-12-12 19:31:03] [INFO   ] cannot read configuration file config.properties trying from resources.
[2022-12-12 19:31:03] [INFO   ] configuration file was loaded from resources directory.
[2022-12-12 19:31:03] [INFO   ] Thread dealer starting.
[2022-12-12 19:31:03] [INFO   ] Thread Thread-1starting.
[2022-12-12 19:31:03] [INFO   ] Thread Thread-0starting.
[2022-12-12 19:31:03] [SEVERE ] placing card 32 in slot 0
[2022-12-12 19:31:03] [SEVERE ] placing card 0 in slot 1
[2022-12-12 19:31:03] [SEVERE ] placing card 66 in slot 2
[2022-12-12 19:31:03] [SEVERE ] placing card 4 in slot 3
[2022-12-12 19:31:04] [SEVERE ] placing card 5 in slot 4
[2022-12-12 19:31:04] [SEVERE ] placing card 44 in slot 5
[2022-12-12 19:31:04] [SEVERE ] placing card 39 in slot 6
[2022-12-12 19:31:04] [SEVERE ] placing card 79 in slot 7
[2022-12-12 19:31:04] [SEVERE ] placing card 52 in slot 8
[2022-12-12 19:31:04] [SEVERE ] placing card 57 in slot 9
[2022-12-12 19:31:04] [SEVERE ] placing card 21 in slot 10
[2022-12-12 19:31:04] [SEVERE ] placing card 48 in slot 11
[2022-12-12 19:31:05] [SEVERE ] Key 81 was pressed by player 0
[2022-12-12 19:31:05] [SEVERE ] player 0 placing token on slot 0
[2022-12-12 19:31:06] [SEVERE ] Key 87 was pressed by player 0
[2022-12-12 19:31:06] [SEVERE ] player 0 placing token on slot 1
[2022-12-12 19:31:09] [SEVERE ] Key 69 was pressed by player 0
[2022-12-12 19:31:09] [SEVERE ] player 0 placing token on slot 2
[2022-12-12 19:31:10] [SEVERE ] Key 81 was pressed by player 0
[2022-12-12 19:31:12] [SEVERE ] removing player 0 token from slot 0
