[2022-12-12 19:27:34] [INFO   ] cannot read configuration file config.properties trying from resources.
[2022-12-12 19:27:34] [INFO   ] configuration file was loaded from resources directory.
[2022-12-12 19:27:34] [INFO   ] Thread dealer starting.
[2022-12-12 19:27:34] [INFO   ] Thread Thread-1starting.
[2022-12-12 19:27:34] [INFO   ] Thread Thread-0starting.
[2022-12-12 19:27:34] [SEVERE ] placing card 54 in slot 0
[2022-12-12 19:27:35] [SEVERE ] placing card 41 in slot 1
[2022-12-12 19:27:35] [SEVERE ] placing card 24 in slot 2
[2022-12-12 19:27:35] [SEVERE ] placing card 30 in slot 3
[2022-12-12 19:27:35] [SEVERE ] placing card 0 in slot 4
[2022-12-12 19:27:35] [SEVERE ] placing card 53 in slot 5
[2022-12-12 19:27:35] [SEVERE ] placing card 58 in slot 6
[2022-12-12 19:27:35] [SEVERE ] placing card 55 in slot 7
[2022-12-12 19:27:35] [SEVERE ] placing card 17 in slot 8
[2022-12-12 19:27:35] [SEVERE ] placing card 43 in slot 9
[2022-12-12 19:27:36] [SEVERE ] placing card 29 in slot 10
[2022-12-12 19:27:36] [SEVERE ] placing card 7 in slot 11
[2022-12-12 19:27:37] [SEVERE ] Key 81 was pressed by player 0
[2022-12-12 19:27:37] [SEVERE ] player 0 placing token on slot 0
[2022-12-12 19:27:39] [SEVERE ] Key 87 was pressed by player 0
[2022-12-12 19:27:39] [SEVERE ] player 0 placing token on slot 1
[2022-12-12 19:27:39] [SEVERE ] Key 69 was pressed by player 0
[2022-12-12 19:27:39] [SEVERE ] player 0 placing token on slot 2
[2022-12-12 19:27:44] [SEVERE ] Key 69 was pressed by player 0
[2022-12-12 19:27:44] [SEVERE ] removing player 0 token from slot 2
