[2022-12-12 22:59:15] [INFO   ] cannot read configuration file config.properties trying from resources.
[2022-12-12 22:59:15] [INFO   ] configuration file was loaded from resources directory.
[2022-12-12 22:59:15] [INFO   ] Thread dealer starting.
[2022-12-12 22:59:15] [INFO   ] Thread Thread-2starting.
[2022-12-12 22:59:15] [INFO   ] Thread Thread-1starting.
[2022-12-12 22:59:15] [INFO   ] Thread Thread-0starting.
[2022-12-12 22:59:15] [INFO   ] Thread computer-2 starting.
[2022-12-12 22:59:15] [SEVERE ] placing card 43 in slot 0
[2022-12-12 22:59:15] [SEVERE ] placing card 64 in slot 1
[2022-12-12 22:59:15] [SEVERE ] placing card 77 in slot 2
[2022-12-12 22:59:15] [SEVERE ] placing card 5 in slot 3
[2022-12-12 22:59:16] [SEVERE ] placing card 69 in slot 4
[2022-12-12 22:59:16] [SEVERE ] placing card 76 in slot 5
[2022-12-12 22:59:16] [SEVERE ] placing card 10 in slot 6
[2022-12-12 22:59:16] [SEVERE ] placing card 70 in slot 7
[2022-12-12 22:59:16] [SEVERE ] placing card 32 in slot 8
[2022-12-12 22:59:16] [SEVERE ] placing card 44 in slot 9
[2022-12-12 22:59:16] [SEVERE ] placing card 30 in slot 10
[2022-12-12 22:59:16] [SEVERE ] placing card 35 in slot 11
[2022-12-12 22:59:16] [SEVERE ] player 2 placing token on slot 7
[2022-12-12 22:59:16] [SEVERE ] player 2 placing token on slot 8
[2022-12-12 22:59:16] [SEVERE ] player 2 placing token on slot 4
[2022-12-12 22:59:16] [SEVERE ] removing player 2 token from slot 4
[2022-12-12 22:59:16] [SEVERE ] removing player 2 token from slot 7
[2022-12-12 22:59:16] [SEVERE ] removing player 2 token from slot 8
[2022-12-12 22:59:16] [SEVERE ] player 2 placing token on slot 9
[2022-12-12 22:59:16] [SEVERE ] player 2 placing token on slot 1
[2022-12-12 22:59:16] [SEVERE ] player 2 placing token on slot 6
[2022-12-12 22:59:16] [SEVERE ] removing player 2 token from slot 1
[2022-12-12 22:59:16] [SEVERE ] removing player 2 token from slot 6
[2022-12-12 22:59:16] [SEVERE ] removing player 2 token from slot 9
[2022-12-12 22:59:17] [SEVERE ] player 2 placing token on slot 0
[2022-12-12 22:59:17] [SEVERE ] player 2 placing token on slot 9
[2022-12-12 22:59:17] [SEVERE ] player 2 placing token on slot 2
[2022-12-12 22:59:17] [SEVERE ] removing player 2 token from slot 0
[2022-12-12 22:59:17] [SEVERE ] removing player 2 token from slot 2
[2022-12-12 22:59:17] [SEVERE ] removing player 2 token from slot 9
[2022-12-12 22:59:17] [SEVERE ] player 2 placing token on slot 10
[2022-12-12 22:59:17] [SEVERE ] player 2 placing token on slot 8
[2022-12-12 22:59:17] [SEVERE ] player 2 placing token on slot 6
[2022-12-12 22:59:17] [SEVERE ] removing player 2 token from slot 6
[2022-12-12 22:59:17] [SEVERE ] removing player 2 token from slot 8
[2022-12-12 22:59:17] [SEVERE ] removing player 2 token from slot 10
[2022-12-12 22:59:17] [SEVERE ] player 2 placing token on slot 2
[2022-12-12 22:59:17] [SEVERE ] player 2 placing token on slot 1
[2022-12-12 22:59:17] [SEVERE ] player 2 placing token on slot 3
[2022-12-12 22:59:17] [SEVERE ] removing player 2 token from slot 1
[2022-12-12 22:59:17] [SEVERE ] removing player 2 token from slot 2
[2022-12-12 22:59:17] [SEVERE ] removing player 2 token from slot 3
[2022-12-12 22:59:17] [SEVERE ] player 2 placing token on slot 7
[2022-12-12 22:59:17] [SEVERE ] player 2 placing token on slot 1
[2022-12-12 22:59:17] [SEVERE ] player 2 placing token on slot 0
[2022-12-12 22:59:17] [SEVERE ] removing player 2 token from slot 0
[2022-12-12 22:59:17] [SEVERE ] removing player 2 token from slot 1
[2022-12-12 22:59:17] [SEVERE ] removing player 2 token from slot 7
[2022-12-12 22:59:17] [SEVERE ] player 2 placing token on slot 3
[2022-12-12 22:59:17] [SEVERE ] player 2 placing token on slot 7
[2022-12-12 22:59:17] [SEVERE ] player 2 placing token on slot 10
[2022-12-12 22:59:17] [SEVERE ] removing player 2 token from slot 3
[2022-12-12 22:59:17] [SEVERE ] removing player 2 token from slot 7
[2022-12-12 22:59:17] [SEVERE ] removing player 2 token from slot 10
[2022-12-12 22:59:17] [SEVERE ] player 2 placing token on slot 3
[2022-12-12 22:59:17] [SEVERE ] player 2 placing token on slot 4
[2022-12-12 22:59:17] [SEVERE ] player 2 placing token on slot 8
[2022-12-12 22:59:17] [SEVERE ] removing player 2 token from slot 3
[2022-12-12 22:59:17] [SEVERE ] removing player 2 token from slot 4
[2022-12-12 22:59:17] [SEVERE ] removing player 2 token from slot 8
[2022-12-12 22:59:17] [SEVERE ] player 2 placing token on slot 6
[2022-12-12 22:59:17] [SEVERE ] player 2 placing token on slot 9
[2022-12-12 22:59:17] [SEVERE ] player 2 placing token on slot 1
[2022-12-12 22:59:17] [SEVERE ] removing player 2 token from slot 1
[2022-12-12 22:59:17] [SEVERE ] removing player 2 token from slot 6
[2022-12-12 22:59:17] [SEVERE ] removing player 2 token from slot 9
[2022-12-12 22:59:17] [SEVERE ] player 2 placing token on slot 0
[2022-12-12 22:59:17] [SEVERE ] player 2 placing token on slot 6
[2022-12-12 22:59:17] [SEVERE ] player 2 placing token on slot 4
[2022-12-12 22:59:17] [SEVERE ] removing player 2 token from slot 0
[2022-12-12 22:59:17] [SEVERE ] removing player 2 token from slot 4
[2022-12-12 22:59:17] [SEVERE ] removing player 2 token from slot 6
[2022-12-12 22:59:17] [SEVERE ] player 2 placing token on slot 0
[2022-12-12 22:59:17] [SEVERE ] player 2 placing token on slot 3
[2022-12-12 22:59:17] [SEVERE ] player 2 placing token on slot 10
[2022-12-12 22:59:17] [SEVERE ] removing player 2 token from slot 0
[2022-12-12 22:59:17] [SEVERE ] removing player 2 token from slot 3
[2022-12-12 22:59:17] [SEVERE ] removing player 2 token from slot 10
[2022-12-12 22:59:17] [SEVERE ] player 2 placing token on slot 9
[2022-12-12 22:59:17] [SEVERE ] player 2 placing token on slot 1
[2022-12-12 22:59:17] [SEVERE ] player 2 placing token on slot 6
[2022-12-12 22:59:17] [SEVERE ] removing player 2 token from slot 1
[2022-12-12 22:59:17] [SEVERE ] removing player 2 token from slot 6
[2022-12-12 22:59:17] [SEVERE ] removing player 2 token from slot 9
[2022-12-12 22:59:17] [SEVERE ] player 2 placing token on slot 7
[2022-12-12 22:59:17] [SEVERE ] player 2 placing token on slot 9
[2022-12-12 22:59:17] [SEVERE ] player 2 placing token on slot 5
[2022-12-12 22:59:17] [SEVERE ] removing player 2 token from slot 5
[2022-12-12 22:59:17] [SEVERE ] removing player 2 token from slot 7
[2022-12-12 22:59:17] [SEVERE ] removing player 2 token from slot 9
[2022-12-12 22:59:18] [SEVERE ] player 2 placing token on slot 5
[2022-12-12 22:59:18] [SEVERE ] player 2 placing token on slot 6
[2022-12-12 22:59:18] [SEVERE ] player 2 placing token on slot 8
[2022-12-12 22:59:18] [SEVERE ] removing player 2 token from slot 5
[2022-12-12 22:59:18] [SEVERE ] removing player 2 token from slot 6
[2022-12-12 22:59:18] [SEVERE ] removing player 2 token from slot 8
[2022-12-12 22:59:18] [SEVERE ] player 2 placing token on slot 9
[2022-12-12 22:59:18] [SEVERE ] player 2 placing token on slot 0
[2022-12-12 22:59:18] [SEVERE ] player 2 placing token on slot 2
[2022-12-12 22:59:18] [SEVERE ] removing player 2 token from slot 0
[2022-12-12 22:59:18] [SEVERE ] removing player 2 token from slot 2
[2022-12-12 22:59:18] [SEVERE ] removing player 2 token from slot 9
[2022-12-12 22:59:18] [SEVERE ] player 2 placing token on slot 9
[2022-12-12 22:59:18] [SEVERE ] player 2 placing token on slot 10
[2022-12-12 22:59:18] [SEVERE ] player 2 placing token on slot 4
[2022-12-12 22:59:18] [SEVERE ] removing player 2 token from slot 4
[2022-12-12 22:59:18] [SEVERE ] removing player 2 token from slot 9
[2022-12-12 22:59:18] [SEVERE ] removing player 2 token from slot 10
[2022-12-12 22:59:18] [SEVERE ] player 2 placing token on slot 0
[2022-12-12 22:59:18] [SEVERE ] player 2 placing token on slot 11
[2022-12-12 22:59:18] [SEVERE ] player 2 placing token on slot 2
[2022-12-12 22:59:18] [SEVERE ] removing player 2 token from slot 0
[2022-12-12 22:59:18] [SEVERE ] removing player 2 token from slot 2
[2022-12-12 22:59:18] [SEVERE ] removing player 2 token from slot 11
[2022-12-12 22:59:18] [SEVERE ] player 2 placing token on slot 3
[2022-12-12 22:59:18] [SEVERE ] player 2 placing token on slot 4
[2022-12-12 22:59:18] [SEVERE ] player 2 placing token on slot 6
[2022-12-12 22:59:18] [SEVERE ] removing player 2 token from slot 3
[2022-12-12 22:59:18] [SEVERE ] removing player 2 token from slot 4
[2022-12-12 22:59:18] [SEVERE ] removing player 2 token from slot 6
[2022-12-12 22:59:18] [SEVERE ] player 2 placing token on slot 6
[2022-12-12 22:59:18] [SEVERE ] player 2 placing token on slot 4
[2022-12-12 22:59:18] [SEVERE ] player 2 placing token on slot 9
[2022-12-12 22:59:18] [SEVERE ] removing player 2 token from slot 4
[2022-12-12 22:59:18] [SEVERE ] removing player 2 token from slot 6
[2022-12-12 22:59:18] [SEVERE ] removing player 2 token from slot 9
[2022-12-12 22:59:18] [SEVERE ] player 2 placing token on slot 11
[2022-12-12 22:59:18] [SEVERE ] player 2 placing token on slot 2
[2022-12-12 22:59:18] [SEVERE ] player 2 placing token on slot 3
[2022-12-12 22:59:18] [SEVERE ] removing player 2 token from slot 2
[2022-12-12 22:59:18] [SEVERE ] removing player 2 token from slot 3
[2022-12-12 22:59:18] [SEVERE ] removing player 2 token from slot 11
[2022-12-12 22:59:18] [SEVERE ] player 2 placing token on slot 5
[2022-12-12 22:59:18] [SEVERE ] player 2 placing token on slot 2
[2022-12-12 22:59:18] [SEVERE ] player 2 placing token on slot 8
[2022-12-12 22:59:18] [SEVERE ] removing player 2 token from slot 2
[2022-12-12 22:59:18] [SEVERE ] removing player 2 token from slot 5
[2022-12-12 22:59:18] [SEVERE ] removing player 2 token from slot 8
[2022-12-12 22:59:18] [SEVERE ] player 2 placing token on slot 0
[2022-12-12 22:59:18] [SEVERE ] player 2 placing token on slot 11
[2022-12-12 22:59:18] [SEVERE ] player 2 placing token on slot 9
[2022-12-12 22:59:18] [SEVERE ] removing player 2 token from slot 0
[2022-12-12 22:59:18] [SEVERE ] removing player 2 token from slot 9
[2022-12-12 22:59:18] [SEVERE ] removing player 2 token from slot 11
[2022-12-12 22:59:18] [SEVERE ] player 2 placing token on slot 6
[2022-12-12 22:59:18] [SEVERE ] player 2 placing token on slot 4
[2022-12-12 22:59:18] [SEVERE ] player 2 placing token on slot 8
[2022-12-12 22:59:18] [SEVERE ] removing player 2 token from slot 4
[2022-12-12 22:59:18] [SEVERE ] removing player 2 token from slot 6
[2022-12-12 22:59:18] [SEVERE ] removing player 2 token from slot 8
[2022-12-12 22:59:18] [SEVERE ] player 2 placing token on slot 6
[2022-12-12 22:59:18] [SEVERE ] player 2 placing token on slot 2
[2022-12-12 22:59:19] [SEVERE ] player 2 placing token on slot 5
[2022-12-12 22:59:19] [SEVERE ] removing player 2 token from slot 2
[2022-12-12 22:59:19] [SEVERE ] removing player 2 token from slot 5
[2022-12-12 22:59:19] [SEVERE ] removing player 2 token from slot 6
[2022-12-12 22:59:19] [SEVERE ] player 2 placing token on slot 7
[2022-12-12 22:59:19] [SEVERE ] player 2 placing token on slot 1
[2022-12-12 22:59:19] [SEVERE ] player 2 placing token on slot 8
[2022-12-12 22:59:19] [SEVERE ] removing player 2 token from slot 1
[2022-12-12 22:59:19] [SEVERE ] removing player 2 token from slot 7
[2022-12-12 22:59:19] [SEVERE ] removing player 2 token from slot 8
[2022-12-12 22:59:19] [SEVERE ] player 2 placing token on slot 8
[2022-12-12 22:59:19] [SEVERE ] player 2 placing token on slot 0
[2022-12-12 22:59:19] [SEVERE ] player 2 placing token on slot 2
[2022-12-12 22:59:19] [SEVERE ] removing player 2 token from slot 0
[2022-12-12 22:59:19] [SEVERE ] removing player 2 token from slot 2
[2022-12-12 22:59:19] [SEVERE ] removing player 2 token from slot 8
[2022-12-12 22:59:19] [SEVERE ] player 2 placing token on slot 5
[2022-12-12 22:59:19] [SEVERE ] player 2 placing token on slot 4
[2022-12-12 22:59:19] [SEVERE ] player 2 placing token on slot 6
[2022-12-12 22:59:19] [SEVERE ] removing player 2 token from slot 4
[2022-12-12 22:59:19] [SEVERE ] removing player 2 token from slot 5
[2022-12-12 22:59:19] [SEVERE ] removing player 2 token from slot 6
[2022-12-12 22:59:19] [SEVERE ] player 2 placing token on slot 1
[2022-12-12 22:59:19] [SEVERE ] player 2 placing token on slot 8
[2022-12-12 22:59:19] [SEVERE ] player 2 placing token on slot 9
[2022-12-12 22:59:19] [SEVERE ] removing player 2 token from slot 1
[2022-12-12 22:59:19] [SEVERE ] removing player 2 token from slot 8
[2022-12-12 22:59:19] [SEVERE ] removing player 2 token from slot 9
[2022-12-12 22:59:19] [SEVERE ] player 2 placing token on slot 3
[2022-12-12 22:59:19] [SEVERE ] player 2 placing token on slot 0
[2022-12-12 22:59:19] [SEVERE ] player 2 placing token on slot 11
[2022-12-12 22:59:19] [SEVERE ] removing player 2 token from slot 0
[2022-12-12 22:59:19] [SEVERE ] removing player 2 token from slot 3
[2022-12-12 22:59:19] [SEVERE ] removing player 2 token from slot 11
[2022-12-12 22:59:19] [SEVERE ] player 2 placing token on slot 1
[2022-12-12 22:59:19] [SEVERE ] player 2 placing token on slot 8
[2022-12-12 22:59:19] [SEVERE ] player 2 placing token on slot 4
[2022-12-12 22:59:19] [SEVERE ] removing player 2 token from slot 1
[2022-12-12 22:59:19] [SEVERE ] removing player 2 token from slot 4
[2022-12-12 22:59:19] [SEVERE ] removing player 2 token from slot 8
[2022-12-12 22:59:19] [SEVERE ] player 2 placing token on slot 3
[2022-12-12 22:59:19] [SEVERE ] player 2 placing token on slot 6
[2022-12-12 22:59:19] [SEVERE ] player 2 placing token on slot 1
[2022-12-12 22:59:19] [SEVERE ] removing player 2 token from slot 1
[2022-12-12 22:59:19] [SEVERE ] removing player 2 token from slot 3
[2022-12-12 22:59:19] [SEVERE ] removing player 2 token from slot 6
[2022-12-12 22:59:19] [SEVERE ] player 2 placing token on slot 6
[2022-12-12 22:59:19] [SEVERE ] player 2 placing token on slot 1
[2022-12-12 22:59:19] [SEVERE ] player 2 placing token on slot 8
[2022-12-12 22:59:19] [SEVERE ] removing player 2 token from slot 1
[2022-12-12 22:59:19] [SEVERE ] removing player 2 token from slot 6
[2022-12-12 22:59:19] [SEVERE ] removing player 2 token from slot 8
[2022-12-12 22:59:19] [SEVERE ] player 2 placing token on slot 5
[2022-12-12 22:59:19] [SEVERE ] player 2 placing token on slot 2
[2022-12-12 22:59:19] [SEVERE ] player 2 placing token on slot 10
[2022-12-12 22:59:19] [SEVERE ] removing player 2 token from slot 2
[2022-12-12 22:59:19] [SEVERE ] removing player 2 token from slot 5
[2022-12-12 22:59:19] [SEVERE ] removing player 2 token from slot 10
[2022-12-12 22:59:19] [SEVERE ] player 2 placing token on slot 5
[2022-12-12 22:59:19] [SEVERE ] player 2 placing token on slot 10
[2022-12-12 22:59:19] [SEVERE ] player 2 placing token on slot 1
[2022-12-12 22:59:19] [SEVERE ] removing player 2 token from slot 1
[2022-12-12 22:59:19] [SEVERE ] removing player 2 token from slot 5
[2022-12-12 22:59:19] [SEVERE ] removing player 2 token from slot 10
[2022-12-12 22:59:19] [SEVERE ] player 2 placing token on slot 0
[2022-12-12 22:59:19] [SEVERE ] player 2 placing token on slot 9
[2022-12-12 22:59:19] [SEVERE ] player 2 placing token on slot 4
[2022-12-12 22:59:19] [SEVERE ] removing player 2 token from slot 0
[2022-12-12 22:59:19] [SEVERE ] removing player 2 token from slot 4
[2022-12-12 22:59:19] [SEVERE ] removing player 2 token from slot 9
[2022-12-12 22:59:19] [SEVERE ] player 2 placing token on slot 4
[2022-12-12 22:59:20] [SEVERE ] player 2 placing token on slot 8
[2022-12-12 22:59:20] [SEVERE ] player 2 placing token on slot 5
[2022-12-12 22:59:20] [SEVERE ] removing player 2 token from slot 4
[2022-12-12 22:59:20] [SEVERE ] removing player 2 token from slot 5
[2022-12-12 22:59:20] [SEVERE ] removing player 2 token from slot 8
[2022-12-12 22:59:20] [SEVERE ] player 2 placing token on slot 5
[2022-12-12 22:59:20] [SEVERE ] player 2 placing token on slot 8
[2022-12-12 22:59:20] [SEVERE ] player 2 placing token on slot 4
[2022-12-12 22:59:20] [SEVERE ] removing player 2 token from slot 4
[2022-12-12 22:59:20] [SEVERE ] removing player 2 token from slot 5
[2022-12-12 22:59:20] [SEVERE ] removing player 2 token from slot 8
[2022-12-12 22:59:20] [SEVERE ] player 2 placing token on slot 5
[2022-12-12 22:59:20] [SEVERE ] player 2 placing token on slot 7
[2022-12-12 22:59:20] [SEVERE ] player 2 placing token on slot 3
[2022-12-12 22:59:20] [SEVERE ] removing player 2 token from slot 3
[2022-12-12 22:59:20] [SEVERE ] removing player 2 token from slot 5
[2022-12-12 22:59:20] [SEVERE ] removing player 2 token from slot 7
[2022-12-12 22:59:20] [SEVERE ] player 2 placing token on slot 3
[2022-12-12 22:59:20] [SEVERE ] player 2 placing token on slot 10
[2022-12-12 22:59:20] [SEVERE ] player 2 placing token on slot 1
[2022-12-12 22:59:20] [SEVERE ] removing player 2 token from slot 1
[2022-12-12 22:59:20] [SEVERE ] removing player 2 token from slot 3
[2022-12-12 22:59:20] [SEVERE ] removing player 2 token from slot 10
[2022-12-12 22:59:20] [SEVERE ] player 2 placing token on slot 3
[2022-12-12 22:59:20] [SEVERE ] player 2 placing token on slot 11
[2022-12-12 22:59:20] [SEVERE ] player 2 placing token on slot 4
[2022-12-12 22:59:20] [SEVERE ] removing player 2 token from slot 3
[2022-12-12 22:59:20] [SEVERE ] removing player 2 token from slot 4
[2022-12-12 22:59:20] [SEVERE ] removing player 2 token from slot 11
[2022-12-12 22:59:20] [SEVERE ] player 2 placing token on slot 9
[2022-12-12 22:59:20] [SEVERE ] player 2 placing token on slot 1
[2022-12-12 22:59:20] [SEVERE ] player 2 placing token on slot 6
[2022-12-12 22:59:20] [SEVERE ] removing player 2 token from slot 1
[2022-12-12 22:59:20] [SEVERE ] removing player 2 token from slot 6
[2022-12-12 22:59:20] [SEVERE ] removing player 2 token from slot 9
[2022-12-12 22:59:20] [SEVERE ] player 2 placing token on slot 7
[2022-12-12 22:59:20] [SEVERE ] player 2 placing token on slot 9
[2022-12-12 22:59:20] [SEVERE ] player 2 placing token on slot 1
[2022-12-12 22:59:20] [SEVERE ] removing player 2 token from slot 1
[2022-12-12 22:59:20] [SEVERE ] removing player 2 token from slot 7
[2022-12-12 22:59:20] [SEVERE ] removing player 2 token from slot 9
[2022-12-12 22:59:20] [SEVERE ] player 2 placing token on slot 10
[2022-12-12 22:59:20] [SEVERE ] player 2 placing token on slot 5
[2022-12-12 22:59:20] [SEVERE ] player 2 placing token on slot 6
[2022-12-12 22:59:20] [SEVERE ] removing player 2 token from slot 5
[2022-12-12 22:59:20] [SEVERE ] removing player 2 token from slot 6
[2022-12-12 22:59:20] [SEVERE ] removing player 2 token from slot 10
[2022-12-12 22:59:20] [SEVERE ] player 2 placing token on slot 7
[2022-12-12 22:59:20] [SEVERE ] player 2 placing token on slot 3
[2022-12-12 22:59:20] [SEVERE ] player 2 placing token on slot 8
[2022-12-12 22:59:20] [SEVERE ] removing player 2 token from slot 3
[2022-12-12 22:59:20] [SEVERE ] removing player 2 token from slot 7
[2022-12-12 22:59:20] [SEVERE ] removing player 2 token from slot 8
[2022-12-12 22:59:20] [SEVERE ] player 2 placing token on slot 3
[2022-12-12 22:59:20] [SEVERE ] player 2 placing token on slot 9
[2022-12-12 22:59:20] [SEVERE ] player 2 placing token on slot 1
[2022-12-12 22:59:20] [SEVERE ] removing player 2 token from slot 1
[2022-12-12 22:59:20] [SEVERE ] removing player 2 token from slot 3
[2022-12-12 22:59:20] [SEVERE ] removing player 2 token from slot 9
[2022-12-12 22:59:20] [SEVERE ] player 2 placing token on slot 10
[2022-12-12 22:59:20] [SEVERE ] player 2 placing token on slot 8
[2022-12-12 22:59:20] [SEVERE ] player 2 placing token on slot 11
[2022-12-12 22:59:20] [SEVERE ] removing player 2 token from slot 8
[2022-12-12 22:59:20] [SEVERE ] removing player 2 token from slot 10
[2022-12-12 22:59:20] [SEVERE ] removing player 2 token from slot 11
[2022-12-12 22:59:20] [SEVERE ] player 2 placing token on slot 4
[2022-12-12 22:59:21] [SEVERE ] player 2 placing token on slot 11
[2022-12-12 22:59:21] [SEVERE ] player 2 placing token on slot 6
[2022-12-12 22:59:21] [SEVERE ] removing player 2 token from slot 4
[2022-12-12 22:59:21] [SEVERE ] removing player 2 token from slot 6
[2022-12-12 22:59:21] [SEVERE ] removing player 2 token from slot 11
[2022-12-12 22:59:21] [SEVERE ] player 2 placing token on slot 7
[2022-12-12 22:59:21] [SEVERE ] player 2 placing token on slot 6
[2022-12-12 22:59:21] [SEVERE ] player 2 placing token on slot 0
[2022-12-12 22:59:21] [SEVERE ] removing player 2 token from slot 0
[2022-12-12 22:59:21] [SEVERE ] removing player 2 token from slot 6
[2022-12-12 22:59:21] [SEVERE ] removing player 2 token from slot 7
[2022-12-12 22:59:21] [SEVERE ] player 2 placing token on slot 7
[2022-12-12 22:59:21] [SEVERE ] player 2 placing token on slot 4
[2022-12-12 22:59:21] [SEVERE ] player 2 placing token on slot 9
[2022-12-12 22:59:21] [SEVERE ] removing player 2 token from slot 4
[2022-12-12 22:59:21] [SEVERE ] removing player 2 token from slot 7
[2022-12-12 22:59:21] [SEVERE ] removing player 2 token from slot 9
[2022-12-12 22:59:21] [SEVERE ] player 2 placing token on slot 11
[2022-12-12 22:59:21] [SEVERE ] player 2 placing token on slot 0
[2022-12-12 22:59:21] [SEVERE ] player 2 placing token on slot 2
[2022-12-12 22:59:21] [SEVERE ] removing player 2 token from slot 0
[2022-12-12 22:59:21] [SEVERE ] removing player 2 token from slot 2
[2022-12-12 22:59:21] [SEVERE ] removing player 2 token from slot 11
[2022-12-12 22:59:21] [SEVERE ] player 2 placing token on slot 7
[2022-12-12 22:59:21] [SEVERE ] player 2 placing token on slot 6
[2022-12-12 22:59:21] [SEVERE ] player 2 placing token on slot 11
[2022-12-12 22:59:21] [SEVERE ] removing player 2 token from slot 6
[2022-12-12 22:59:21] [SEVERE ] removing player 2 token from slot 7
[2022-12-12 22:59:21] [SEVERE ] removing player 2 token from slot 11
[2022-12-12 22:59:21] [SEVERE ] player 2 placing token on slot 7
[2022-12-12 22:59:21] [SEVERE ] player 2 placing token on slot 11
[2022-12-12 22:59:21] [SEVERE ] player 2 placing token on slot 3
[2022-12-12 22:59:21] [SEVERE ] removing player 2 token from slot 3
[2022-12-12 22:59:21] [SEVERE ] removing player 2 token from slot 7
[2022-12-12 22:59:21] [SEVERE ] removing player 2 token from slot 11
[2022-12-12 22:59:21] [SEVERE ] player 2 placing token on slot 4
[2022-12-12 22:59:21] [SEVERE ] player 2 placing token on slot 11
[2022-12-12 22:59:21] [SEVERE ] player 2 placing token on slot 8
[2022-12-12 22:59:21] [SEVERE ] removing player 2 token from slot 4
[2022-12-12 22:59:21] [SEVERE ] removing player 2 token from slot 8
[2022-12-12 22:59:21] [SEVERE ] removing player 2 token from slot 11
[2022-12-12 22:59:21] [SEVERE ] player 2 placing token on slot 10
[2022-12-12 22:59:21] [SEVERE ] player 2 placing token on slot 3
[2022-12-12 22:59:21] [SEVERE ] player 2 placing token on slot 0
[2022-12-12 22:59:21] [SEVERE ] removing player 2 token from slot 0
[2022-12-12 22:59:21] [SEVERE ] removing player 2 token from slot 3
[2022-12-12 22:59:21] [SEVERE ] removing player 2 token from slot 10
[2022-12-12 22:59:21] [SEVERE ] player 2 placing token on slot 2
[2022-12-12 22:59:21] [SEVERE ] player 2 placing token on slot 10
[2022-12-12 22:59:21] [SEVERE ] player 2 placing token on slot 6
[2022-12-12 22:59:21] [SEVERE ] removing player 2 token from slot 2
[2022-12-12 22:59:21] [SEVERE ] removing player 2 token from slot 6
[2022-12-12 22:59:21] [SEVERE ] removing player 2 token from slot 10
[2022-12-12 22:59:21] [SEVERE ] player 2 placing token on slot 3
[2022-12-12 22:59:21] [SEVERE ] player 2 placing token on slot 7
[2022-12-12 22:59:21] [SEVERE ] player 2 placing token on slot 2
[2022-12-12 22:59:21] [SEVERE ] removing player 2 token from slot 2
[2022-12-12 22:59:21] [SEVERE ] removing player 2 token from slot 3
[2022-12-12 22:59:21] [SEVERE ] removing player 2 token from slot 7
[2022-12-12 22:59:21] [SEVERE ] player 2 placing token on slot 6
[2022-12-12 22:59:21] [SEVERE ] player 2 placing token on slot 10
[2022-12-12 22:59:22] [SEVERE ] player 2 placing token on slot 9
[2022-12-12 22:59:22] [SEVERE ] removing player 2 token from slot 6
[2022-12-12 22:59:22] [SEVERE ] removing player 2 token from slot 9
[2022-12-12 22:59:22] [SEVERE ] removing player 2 token from slot 10
[2022-12-12 22:59:22] [SEVERE ] player 2 placing token on slot 0
[2022-12-12 22:59:22] [SEVERE ] player 2 placing token on slot 10
[2022-12-12 22:59:22] [SEVERE ] player 2 placing token on slot 4
[2022-12-12 22:59:22] [SEVERE ] removing player 2 token from slot 0
[2022-12-12 22:59:22] [SEVERE ] removing player 2 token from slot 4
[2022-12-12 22:59:22] [SEVERE ] removing player 2 token from slot 10
[2022-12-12 22:59:22] [SEVERE ] player 2 placing token on slot 3
[2022-12-12 22:59:22] [SEVERE ] player 2 placing token on slot 0
[2022-12-12 22:59:22] [SEVERE ] player 2 placing token on slot 4
[2022-12-12 22:59:22] [SEVERE ] removing player 2 token from slot 0
[2022-12-12 22:59:22] [SEVERE ] removing player 2 token from slot 3
[2022-12-12 22:59:22] [SEVERE ] removing player 2 token from slot 4
[2022-12-12 22:59:22] [SEVERE ] player 2 placing token on slot 7
[2022-12-12 22:59:22] [SEVERE ] player 2 placing token on slot 6
[2022-12-12 22:59:22] [SEVERE ] player 2 placing token on slot 2
[2022-12-12 22:59:22] [SEVERE ] removing player 2 token from slot 2
[2022-12-12 22:59:22] [SEVERE ] removing player 2 token from slot 6
[2022-12-12 22:59:22] [SEVERE ] removing player 2 token from slot 7
[2022-12-12 22:59:22] [SEVERE ] player 2 placing token on slot 11
[2022-12-12 22:59:22] [SEVERE ] player 2 placing token on slot 9
[2022-12-12 22:59:22] [SEVERE ] player 2 placing token on slot 10
[2022-12-12 22:59:22] [SEVERE ] removing player 2 token from slot 9
[2022-12-12 22:59:22] [SEVERE ] removing player 2 token from slot 10
[2022-12-12 22:59:22] [SEVERE ] removing player 2 token from slot 11
[2022-12-12 22:59:22] [SEVERE ] player 2 placing token on slot 9
[2022-12-12 22:59:22] [SEVERE ] player 2 placing token on slot 3
[2022-12-12 22:59:22] [SEVERE ] player 2 placing token on slot 5
[2022-12-12 22:59:22] [SEVERE ] removing player 2 token from slot 3
[2022-12-12 22:59:22] [SEVERE ] removing player 2 token from slot 5
[2022-12-12 22:59:22] [SEVERE ] removing player 2 token from slot 9
[2022-12-12 22:59:22] [SEVERE ] player 2 placing token on slot 1
[2022-12-12 22:59:22] [SEVERE ] player 2 placing token on slot 8
[2022-12-12 22:59:22] [SEVERE ] player 2 placing token on slot 7
[2022-12-12 22:59:22] [SEVERE ] removing player 2 token from slot 1
[2022-12-12 22:59:22] [SEVERE ] removing player 2 token from slot 7
[2022-12-12 22:59:22] [SEVERE ] removing player 2 token from slot 8
[2022-12-12 22:59:22] [SEVERE ] player 2 placing token on slot 1
[2022-12-12 22:59:22] [SEVERE ] player 2 placing token on slot 3
[2022-12-12 22:59:22] [SEVERE ] player 2 placing token on slot 5
[2022-12-12 22:59:22] [SEVERE ] removing player 2 token from slot 1
[2022-12-12 22:59:22] [SEVERE ] removing player 2 token from slot 3
[2022-12-12 22:59:22] [SEVERE ] removing player 2 token from slot 5
[2022-12-12 22:59:22] [SEVERE ] player 2 placing token on slot 3
[2022-12-12 22:59:22] [SEVERE ] player 2 placing token on slot 8
[2022-12-12 22:59:22] [SEVERE ] player 2 placing token on slot 9
[2022-12-12 22:59:22] [SEVERE ] removing player 2 token from slot 3
[2022-12-12 22:59:22] [SEVERE ] removing player 2 token from slot 8
[2022-12-12 22:59:22] [SEVERE ] removing player 2 token from slot 9
[2022-12-12 22:59:22] [SEVERE ] player 2 placing token on slot 1
[2022-12-12 22:59:22] [SEVERE ] player 2 placing token on slot 3
[2022-12-12 22:59:22] [SEVERE ] player 2 placing token on slot 11
[2022-12-12 22:59:22] [SEVERE ] removing player 2 token from slot 1
[2022-12-12 22:59:22] [SEVERE ] removing player 2 token from slot 3
[2022-12-12 22:59:22] [SEVERE ] removing player 2 token from slot 11
[2022-12-12 22:59:22] [SEVERE ] player 2 placing token on slot 0
[2022-12-12 22:59:22] [SEVERE ] player 2 placing token on slot 3
[2022-12-12 22:59:22] [SEVERE ] player 2 placing token on slot 5
[2022-12-12 22:59:22] [SEVERE ] removing player 2 token from slot 0
[2022-12-12 22:59:22] [SEVERE ] removing player 2 token from slot 3
[2022-12-12 22:59:22] [SEVERE ] removing player 2 token from slot 5
[2022-12-12 22:59:22] [SEVERE ] player 2 placing token on slot 2
[2022-12-12 22:59:22] [SEVERE ] player 2 placing token on slot 4
[2022-12-12 22:59:23] [SEVERE ] player 2 placing token on slot 6
[2022-12-12 22:59:23] [SEVERE ] removing player 2 token from slot 2
[2022-12-12 22:59:23] [SEVERE ] removing player 2 token from slot 4
[2022-12-12 22:59:23] [SEVERE ] removing player 2 token from slot 6
[2022-12-12 22:59:23] [SEVERE ] player 2 placing token on slot 10
[2022-12-12 22:59:23] [SEVERE ] player 2 placing token on slot 0
[2022-12-12 22:59:23] [SEVERE ] player 2 placing token on slot 11
[2022-12-12 22:59:23] [SEVERE ] removing player 2 token from slot 0
[2022-12-12 22:59:23] [SEVERE ] removing player 2 token from slot 10
[2022-12-12 22:59:23] [SEVERE ] removing player 2 token from slot 11
[2022-12-12 22:59:23] [SEVERE ] player 2 placing token on slot 3
[2022-12-12 22:59:23] [SEVERE ] player 2 placing token on slot 0
[2022-12-12 22:59:23] [SEVERE ] player 2 placing token on slot 9
[2022-12-12 22:59:23] [SEVERE ] removing player 2 token from slot 0
[2022-12-12 22:59:23] [SEVERE ] removing player 2 token from slot 3
[2022-12-12 22:59:23] [SEVERE ] removing player 2 token from slot 9
[2022-12-12 22:59:23] [SEVERE ] player 2 placing token on slot 7
[2022-12-12 22:59:23] [SEVERE ] player 2 placing token on slot 0
[2022-12-12 22:59:23] [SEVERE ] player 2 placing token on slot 5
[2022-12-12 22:59:23] [SEVERE ] removing player 2 token from slot 0
[2022-12-12 22:59:23] [SEVERE ] removing player 2 token from slot 5
[2022-12-12 22:59:23] [SEVERE ] removing player 2 token from slot 7
[2022-12-12 22:59:23] [SEVERE ] player 2 placing token on slot 3
[2022-12-12 22:59:23] [SEVERE ] player 2 placing token on slot 9
[2022-12-12 22:59:23] [SEVERE ] player 2 placing token on slot 10
[2022-12-12 22:59:23] [SEVERE ] removing player 2 token from slot 3
[2022-12-12 22:59:23] [SEVERE ] removing player 2 token from slot 9
[2022-12-12 22:59:23] [SEVERE ] removing player 2 token from slot 10
[2022-12-12 22:59:23] [SEVERE ] player 2 placing token on slot 8
[2022-12-12 22:59:23] [SEVERE ] player 2 placing token on slot 7
[2022-12-12 22:59:23] [SEVERE ] player 2 placing token on slot 4
[2022-12-12 22:59:23] [SEVERE ] removing player 2 token from slot 4
[2022-12-12 22:59:23] [SEVERE ] removing player 2 token from slot 7
[2022-12-12 22:59:23] [SEVERE ] removing player 2 token from slot 8
[2022-12-12 22:59:23] [SEVERE ] player 2 placing token on slot 4
[2022-12-12 22:59:23] [SEVERE ] player 2 placing token on slot 5
[2022-12-12 22:59:23] [SEVERE ] player 2 placing token on slot 9
[2022-12-12 22:59:23] [SEVERE ] removing player 2 token from slot 4
[2022-12-12 22:59:23] [SEVERE ] removing player 2 token from slot 5
[2022-12-12 22:59:23] [SEVERE ] removing player 2 token from slot 9
[2022-12-12 22:59:23] [SEVERE ] player 2 placing token on slot 3
[2022-12-12 22:59:23] [SEVERE ] player 2 placing token on slot 6
[2022-12-12 22:59:23] [SEVERE ] player 2 placing token on slot 7
[2022-12-12 22:59:23] [SEVERE ] removing player 2 token from slot 3
[2022-12-12 22:59:23] [SEVERE ] removing player 2 token from slot 6
[2022-12-12 22:59:23] [SEVERE ] removing player 2 token from slot 7
[2022-12-12 22:59:23] [SEVERE ] player 2 placing token on slot 1
[2022-12-12 22:59:23] [SEVERE ] player 2 placing token on slot 0
[2022-12-12 22:59:23] [SEVERE ] player 2 placing token on slot 5
[2022-12-12 22:59:23] [SEVERE ] removing player 2 token from slot 0
[2022-12-12 22:59:23] [SEVERE ] removing player 2 token from slot 1
[2022-12-12 22:59:23] [SEVERE ] removing player 2 token from slot 5
[2022-12-12 22:59:23] [SEVERE ] player 2 placing token on slot 5
[2022-12-12 22:59:23] [SEVERE ] player 2 placing token on slot 8
[2022-12-12 22:59:23] [SEVERE ] player 2 placing token on slot 1
[2022-12-12 22:59:23] [SEVERE ] removing player 2 token from slot 1
[2022-12-12 22:59:23] [SEVERE ] removing player 2 token from slot 5
[2022-12-12 22:59:23] [SEVERE ] removing player 2 token from slot 8
[2022-12-12 22:59:23] [SEVERE ] player 2 placing token on slot 4
[2022-12-12 22:59:23] [SEVERE ] player 2 placing token on slot 8
[2022-12-12 22:59:23] [SEVERE ] player 2 placing token on slot 7
[2022-12-12 22:59:23] [SEVERE ] removing player 2 token from slot 4
[2022-12-12 22:59:23] [SEVERE ] removing player 2 token from slot 7
[2022-12-12 22:59:23] [SEVERE ] removing player 2 token from slot 8
[2022-12-12 22:59:23] [SEVERE ] player 2 placing token on slot 2
[2022-12-12 22:59:24] [SEVERE ] player 2 placing token on slot 7
[2022-12-12 22:59:24] [SEVERE ] player 2 placing token on slot 1
[2022-12-12 22:59:24] [SEVERE ] removing player 2 token from slot 1
[2022-12-12 22:59:24] [SEVERE ] removing player 2 token from slot 2
[2022-12-12 22:59:24] [SEVERE ] removing player 2 token from slot 7
[2022-12-12 22:59:24] [SEVERE ] player 2 placing token on slot 0
[2022-12-12 22:59:24] [SEVERE ] player 2 placing token on slot 2
[2022-12-12 22:59:24] [SEVERE ] player 2 placing token on slot 5
[2022-12-12 22:59:24] [SEVERE ] removing player 2 token from slot 0
[2022-12-12 22:59:24] [SEVERE ] removing player 2 token from slot 2
[2022-12-12 22:59:24] [SEVERE ] removing player 2 token from slot 5
[2022-12-12 22:59:24] [SEVERE ] player 2 placing token on slot 1
[2022-12-12 22:59:24] [SEVERE ] player 2 placing token on slot 0
[2022-12-12 22:59:24] [SEVERE ] player 2 placing token on slot 5
[2022-12-12 22:59:24] [SEVERE ] removing player 2 token from slot 0
[2022-12-12 22:59:24] [SEVERE ] removing player 2 token from slot 1
[2022-12-12 22:59:24] [SEVERE ] removing player 2 token from slot 5
[2022-12-12 22:59:24] [SEVERE ] player 2 placing token on slot 5
[2022-12-12 22:59:24] [SEVERE ] player 2 placing token on slot 7
[2022-12-12 22:59:24] [SEVERE ] player 2 placing token on slot 11
[2022-12-12 22:59:24] [SEVERE ] removing player 2 token from slot 5
[2022-12-12 22:59:24] [SEVERE ] removing player 2 token from slot 7
[2022-12-12 22:59:24] [SEVERE ] removing player 2 token from slot 11
[2022-12-12 22:59:24] [SEVERE ] player 2 placing token on slot 3
[2022-12-12 22:59:24] [SEVERE ] player 2 placing token on slot 10
[2022-12-12 22:59:24] [SEVERE ] player 2 placing token on slot 11
[2022-12-12 22:59:24] [SEVERE ] removing player 2 token from slot 3
[2022-12-12 22:59:24] [SEVERE ] removing player 2 token from slot 10
[2022-12-12 22:59:24] [SEVERE ] removing player 2 token from slot 11
[2022-12-12 22:59:24] [SEVERE ] player 2 placing token on slot 9
[2022-12-12 22:59:24] [SEVERE ] player 2 placing token on slot 5
[2022-12-12 22:59:24] [SEVERE ] player 2 placing token on slot 3
[2022-12-12 22:59:24] [SEVERE ] removing player 2 token from slot 3
[2022-12-12 22:59:24] [SEVERE ] removing player 2 token from slot 5
[2022-12-12 22:59:24] [SEVERE ] removing player 2 token from slot 9
[2022-12-12 22:59:24] [SEVERE ] player 2 placing token on slot 1
[2022-12-12 22:59:24] [SEVERE ] player 2 placing token on slot 3
[2022-12-12 22:59:24] [SEVERE ] player 2 placing token on slot 6
[2022-12-12 22:59:24] [SEVERE ] removing player 2 token from slot 1
[2022-12-12 22:59:24] [SEVERE ] removing player 2 token from slot 3
[2022-12-12 22:59:24] [SEVERE ] removing player 2 token from slot 6
[2022-12-12 22:59:24] [SEVERE ] player 2 placing token on slot 4
[2022-12-12 22:59:24] [SEVERE ] player 2 placing token on slot 6
[2022-12-12 22:59:24] [SEVERE ] player 2 placing token on slot 7
[2022-12-12 22:59:24] [SEVERE ] removing player 2 token from slot 4
[2022-12-12 22:59:24] [SEVERE ] removing player 2 token from slot 6
[2022-12-12 22:59:24] [SEVERE ] removing player 2 token from slot 7
[2022-12-12 22:59:24] [SEVERE ] player 2 placing token on slot 11
[2022-12-12 22:59:24] [SEVERE ] player 2 placing token on slot 1
[2022-12-12 22:59:24] [SEVERE ] player 2 placing token on slot 2
[2022-12-12 22:59:24] [SEVERE ] removing player 2 token from slot 1
[2022-12-12 22:59:24] [SEVERE ] removing player 2 token from slot 2
[2022-12-12 22:59:24] [SEVERE ] removing player 2 token from slot 11
[2022-12-12 22:59:24] [SEVERE ] player 2 placing token on slot 7
[2022-12-12 22:59:24] [SEVERE ] player 2 placing token on slot 5
[2022-12-12 22:59:24] [SEVERE ] player 2 placing token on slot 8
[2022-12-12 22:59:24] [SEVERE ] removing player 2 token from slot 5
[2022-12-12 22:59:24] [SEVERE ] removing player 2 token from slot 7
[2022-12-12 22:59:24] [SEVERE ] removing player 2 token from slot 8
[2022-12-12 22:59:24] [SEVERE ] player 2 placing token on slot 3
[2022-12-12 22:59:25] [SEVERE ] player 2 placing token on slot 8
[2022-12-12 22:59:25] [SEVERE ] player 2 placing token on slot 6
[2022-12-12 22:59:25] [SEVERE ] removing player 2 token from slot 3
[2022-12-12 22:59:25] [SEVERE ] removing player 2 token from slot 6
[2022-12-12 22:59:25] [SEVERE ] removing player 2 token from slot 8
[2022-12-12 22:59:25] [SEVERE ] player 2 placing token on slot 9
[2022-12-12 22:59:25] [SEVERE ] player 2 placing token on slot 10
[2022-12-12 22:59:25] [SEVERE ] player 2 placing token on slot 4
[2022-12-12 22:59:25] [SEVERE ] removing player 2 token from slot 4
[2022-12-12 22:59:25] [SEVERE ] removing player 2 token from slot 9
[2022-12-12 22:59:25] [SEVERE ] removing player 2 token from slot 10
[2022-12-12 22:59:25] [SEVERE ] player 2 placing token on slot 3
[2022-12-12 22:59:25] [SEVERE ] player 2 placing token on slot 2
[2022-12-12 22:59:25] [SEVERE ] player 2 placing token on slot 0
[2022-12-12 22:59:25] [SEVERE ] removing player 2 token from slot 0
[2022-12-12 22:59:25] [SEVERE ] removing player 2 token from slot 2
[2022-12-12 22:59:25] [SEVERE ] removing player 2 token from slot 3
[2022-12-12 22:59:25] [SEVERE ] player 2 placing token on slot 1
[2022-12-12 22:59:25] [SEVERE ] player 2 placing token on slot 5
[2022-12-12 22:59:25] [SEVERE ] player 2 placing token on slot 0
[2022-12-12 22:59:25] [SEVERE ] removing player 2 token from slot 0
[2022-12-12 22:59:25] [SEVERE ] removing player 2 token from slot 1
[2022-12-12 22:59:25] [SEVERE ] removing player 2 token from slot 5
[2022-12-12 22:59:25] [SEVERE ] player 2 placing token on slot 7
[2022-12-12 22:59:25] [SEVERE ] player 2 placing token on slot 2
[2022-12-12 22:59:25] [SEVERE ] player 2 placing token on slot 10
[2022-12-12 22:59:25] [SEVERE ] removing player 2 token from slot 2
[2022-12-12 22:59:25] [SEVERE ] removing player 2 token from slot 7
[2022-12-12 22:59:25] [SEVERE ] removing player 2 token from slot 10
[2022-12-12 22:59:25] [SEVERE ] player 2 placing token on slot 8
[2022-12-12 22:59:25] [SEVERE ] player 2 placing token on slot 10
[2022-12-12 22:59:25] [SEVERE ] player 2 placing token on slot 0
[2022-12-12 22:59:25] [SEVERE ] removing player 2 token from slot 0
[2022-12-12 22:59:25] [SEVERE ] removing player 2 token from slot 8
[2022-12-12 22:59:25] [SEVERE ] removing player 2 token from slot 10
[2022-12-12 22:59:25] [SEVERE ] player 2 placing token on slot 6
[2022-12-12 22:59:25] [SEVERE ] player 2 placing token on slot 9
[2022-12-12 22:59:25] [SEVERE ] player 2 placing token on slot 11
[2022-12-12 22:59:25] [SEVERE ] removing player 2 token from slot 6
[2022-12-12 22:59:25] [SEVERE ] removing player 2 token from slot 9
[2022-12-12 22:59:25] [SEVERE ] removing player 2 token from slot 11
[2022-12-12 22:59:25] [SEVERE ] player 2 placing token on slot 3
[2022-12-12 22:59:25] [SEVERE ] player 2 placing token on slot 9
[2022-12-12 22:59:25] [SEVERE ] player 2 placing token on slot 6
[2022-12-12 22:59:25] [SEVERE ] removing player 2 token from slot 3
[2022-12-12 22:59:25] [SEVERE ] removing player 2 token from slot 6
[2022-12-12 22:59:25] [SEVERE ] removing player 2 token from slot 9
[2022-12-12 22:59:25] [SEVERE ] player 2 placing token on slot 1
[2022-12-12 22:59:25] [SEVERE ] player 2 placing token on slot 8
[2022-12-12 22:59:25] [SEVERE ] player 2 placing token on slot 2
[2022-12-12 22:59:25] [SEVERE ] removing player 2 token from slot 1
[2022-12-12 22:59:25] [SEVERE ] removing player 2 token from slot 2
[2022-12-12 22:59:25] [SEVERE ] removing player 2 token from slot 8
[2022-12-12 22:59:25] [SEVERE ] player 2 placing token on slot 2
[2022-12-12 22:59:25] [SEVERE ] player 2 placing token on slot 11
[2022-12-12 22:59:25] [SEVERE ] player 2 placing token on slot 1
[2022-12-12 22:59:25] [SEVERE ] removing player 2 token from slot 1
[2022-12-12 22:59:25] [SEVERE ] removing player 2 token from slot 2
[2022-12-12 22:59:25] [SEVERE ] removing player 2 token from slot 11
[2022-12-12 22:59:25] [SEVERE ] player 2 placing token on slot 4
[2022-12-12 22:59:25] [SEVERE ] player 2 placing token on slot 2
[2022-12-12 22:59:25] [SEVERE ] player 2 placing token on slot 8
[2022-12-12 22:59:25] [SEVERE ] removing player 2 token from slot 2
[2022-12-12 22:59:25] [SEVERE ] removing player 2 token from slot 4
[2022-12-12 22:59:25] [SEVERE ] removing player 2 token from slot 8
[2022-12-12 22:59:25] [SEVERE ] player 2 placing token on slot 5
[2022-12-12 22:59:26] [SEVERE ] player 2 placing token on slot 8
[2022-12-12 22:59:26] [SEVERE ] player 2 placing token on slot 10
[2022-12-12 22:59:26] [SEVERE ] removing player 2 token from slot 5
[2022-12-12 22:59:26] [SEVERE ] removing player 2 token from slot 8
[2022-12-12 22:59:26] [SEVERE ] removing player 2 token from slot 10
[2022-12-12 22:59:26] [SEVERE ] player 2 placing token on slot 11
[2022-12-12 22:59:26] [SEVERE ] player 2 placing token on slot 10
[2022-12-12 22:59:26] [SEVERE ] player 2 placing token on slot 5
[2022-12-12 22:59:26] [SEVERE ] removing player 2 token from slot 5
[2022-12-12 22:59:26] [SEVERE ] removing player 2 token from slot 10
[2022-12-12 22:59:26] [SEVERE ] removing player 2 token from slot 11
[2022-12-12 22:59:26] [SEVERE ] player 2 placing token on slot 2
[2022-12-12 22:59:26] [SEVERE ] player 2 placing token on slot 6
[2022-12-12 22:59:26] [SEVERE ] player 2 placing token on slot 8
[2022-12-12 22:59:26] [SEVERE ] removing player 2 token from slot 2
[2022-12-12 22:59:26] [SEVERE ] removing player 2 token from slot 6
[2022-12-12 22:59:26] [SEVERE ] removing player 2 token from slot 8
[2022-12-12 22:59:26] [SEVERE ] player 2 placing token on slot 0
[2022-12-12 22:59:26] [SEVERE ] player 2 placing token on slot 10
[2022-12-12 22:59:26] [SEVERE ] player 2 placing token on slot 8
[2022-12-12 22:59:26] [SEVERE ] removing player 2 token from slot 0
[2022-12-12 22:59:26] [SEVERE ] removing player 2 token from slot 8
[2022-12-12 22:59:26] [SEVERE ] removing player 2 token from slot 10
[2022-12-12 22:59:26] [SEVERE ] player 2 placing token on slot 8
[2022-12-12 22:59:26] [SEVERE ] player 2 placing token on slot 4
[2022-12-12 22:59:26] [SEVERE ] player 2 placing token on slot 7
[2022-12-12 22:59:26] [SEVERE ] removing player 2 token from slot 4
[2022-12-12 22:59:26] [SEVERE ] removing player 2 token from slot 7
[2022-12-12 22:59:26] [SEVERE ] removing player 2 token from slot 8
[2022-12-12 22:59:26] [SEVERE ] player 2 placing token on slot 9
[2022-12-12 22:59:26] [SEVERE ] player 2 placing token on slot 2
[2022-12-12 22:59:26] [SEVERE ] player 2 placing token on slot 8
[2022-12-12 22:59:26] [SEVERE ] removing player 2 token from slot 2
[2022-12-12 22:59:26] [SEVERE ] removing player 2 token from slot 8
[2022-12-12 22:59:26] [SEVERE ] removing player 2 token from slot 9
[2022-12-12 22:59:26] [SEVERE ] player 2 placing token on slot 5
[2022-12-12 22:59:26] [SEVERE ] player 2 placing token on slot 0
[2022-12-12 22:59:26] [SEVERE ] player 2 placing token on slot 10
[2022-12-12 22:59:26] [SEVERE ] removing player 2 token from slot 0
[2022-12-12 22:59:26] [SEVERE ] removing player 2 token from slot 5
[2022-12-12 22:59:26] [SEVERE ] removing player 2 token from slot 10
[2022-12-12 22:59:26] [SEVERE ] player 2 placing token on slot 2
[2022-12-12 22:59:26] [SEVERE ] player 2 placing token on slot 8
[2022-12-12 22:59:26] [SEVERE ] player 2 placing token on slot 4
[2022-12-12 22:59:26] [SEVERE ] removing player 2 token from slot 2
[2022-12-12 22:59:26] [SEVERE ] removing player 2 token from slot 4
[2022-12-12 22:59:26] [SEVERE ] removing player 2 token from slot 8
[2022-12-12 22:59:26] [SEVERE ] player 2 placing token on slot 1
[2022-12-12 22:59:26] [SEVERE ] player 2 placing token on slot 2
[2022-12-12 22:59:26] [SEVERE ] player 2 placing token on slot 4
[2022-12-12 22:59:26] [SEVERE ] removing player 2 token from slot 1
[2022-12-12 22:59:26] [SEVERE ] removing player 2 token from slot 2
[2022-12-12 22:59:26] [SEVERE ] removing player 2 token from slot 4
[2022-12-12 22:59:26] [SEVERE ] player 2 placing token on slot 6
[2022-12-12 22:59:26] [SEVERE ] player 2 placing token on slot 8
[2022-12-12 22:59:26] [SEVERE ] player 2 placing token on slot 3
[2022-12-12 22:59:26] [SEVERE ] removing player 2 token from slot 3
[2022-12-12 22:59:26] [SEVERE ] removing player 2 token from slot 6
[2022-12-12 22:59:26] [SEVERE ] removing player 2 token from slot 8
[2022-12-12 22:59:26] [SEVERE ] player 2 placing token on slot 2
[2022-12-12 22:59:26] [SEVERE ] player 2 placing token on slot 7
[2022-12-12 22:59:27] [SEVERE ] player 2 placing token on slot 3
[2022-12-12 22:59:27] [SEVERE ] removing player 2 token from slot 2
[2022-12-12 22:59:27] [SEVERE ] removing player 2 token from slot 3
[2022-12-12 22:59:27] [SEVERE ] removing player 2 token from slot 7
[2022-12-12 22:59:27] [SEVERE ] player 2 placing token on slot 10
[2022-12-12 22:59:27] [SEVERE ] player 2 placing token on slot 8
[2022-12-12 22:59:27] [SEVERE ] player 2 placing token on slot 4
[2022-12-12 22:59:27] [SEVERE ] removing player 2 token from slot 4
[2022-12-12 22:59:27] [SEVERE ] removing player 2 token from slot 8
[2022-12-12 22:59:27] [SEVERE ] removing player 2 token from slot 10
[2022-12-12 22:59:27] [SEVERE ] player 2 placing token on slot 0
[2022-12-12 22:59:27] [SEVERE ] player 2 placing token on slot 6
[2022-12-12 22:59:27] [SEVERE ] player 2 placing token on slot 3
[2022-12-12 22:59:27] [SEVERE ] removing player 2 token from slot 0
[2022-12-12 22:59:27] [SEVERE ] removing player 2 token from slot 3
[2022-12-12 22:59:27] [SEVERE ] removing player 2 token from slot 6
[2022-12-12 22:59:27] [SEVERE ] player 2 placing token on slot 4
[2022-12-12 22:59:27] [SEVERE ] player 2 placing token on slot 6
[2022-12-12 22:59:27] [SEVERE ] player 2 placing token on slot 0
[2022-12-12 22:59:27] [SEVERE ] removing player 2 token from slot 0
[2022-12-12 22:59:27] [SEVERE ] removing player 2 token from slot 4
[2022-12-12 22:59:27] [SEVERE ] removing player 2 token from slot 6
[2022-12-12 22:59:27] [SEVERE ] player 2 placing token on slot 6
[2022-12-12 22:59:27] [SEVERE ] player 2 placing token on slot 7
[2022-12-12 22:59:27] [SEVERE ] player 2 placing token on slot 10
[2022-12-12 22:59:27] [SEVERE ] removing player 2 token from slot 6
[2022-12-12 22:59:27] [SEVERE ] removing player 2 token from slot 7
[2022-12-12 22:59:27] [SEVERE ] removing player 2 token from slot 10
[2022-12-12 22:59:27] [SEVERE ] player 2 placing token on slot 10
[2022-12-12 22:59:27] [SEVERE ] player 2 placing token on slot 8
[2022-12-12 22:59:27] [SEVERE ] player 2 placing token on slot 1
[2022-12-12 22:59:27] [SEVERE ] removing player 2 token from slot 1
[2022-12-12 22:59:27] [SEVERE ] removing player 2 token from slot 8
[2022-12-12 22:59:27] [SEVERE ] removing player 2 token from slot 10
[2022-12-12 22:59:27] [SEVERE ] player 2 placing token on slot 10
[2022-12-12 22:59:27] [SEVERE ] player 2 placing token on slot 3
[2022-12-12 22:59:27] [SEVERE ] player 2 placing token on slot 9
[2022-12-12 22:59:27] [SEVERE ] removing player 2 token from slot 3
[2022-12-12 22:59:27] [SEVERE ] removing player 2 token from slot 9
[2022-12-12 22:59:27] [SEVERE ] removing player 2 token from slot 10
[2022-12-12 22:59:27] [SEVERE ] player 2 placing token on slot 0
[2022-12-12 22:59:27] [SEVERE ] player 2 placing token on slot 11
[2022-12-12 22:59:27] [SEVERE ] player 2 placing token on slot 2
[2022-12-12 22:59:27] [SEVERE ] removing player 2 token from slot 0
[2022-12-12 22:59:27] [SEVERE ] removing player 2 token from slot 2
[2022-12-12 22:59:27] [SEVERE ] removing player 2 token from slot 11
[2022-12-12 22:59:27] [SEVERE ] player 2 placing token on slot 4
[2022-12-12 22:59:27] [SEVERE ] player 2 placing token on slot 9
[2022-12-12 22:59:27] [SEVERE ] player 2 placing token on slot 6
[2022-12-12 22:59:27] [SEVERE ] removing player 2 token from slot 4
[2022-12-12 22:59:27] [SEVERE ] removing player 2 token from slot 6
[2022-12-12 22:59:27] [SEVERE ] removing player 2 token from slot 9
[2022-12-12 22:59:27] [SEVERE ] player 2 placing token on slot 10
[2022-12-12 22:59:27] [SEVERE ] player 2 placing token on slot 2
[2022-12-12 22:59:27] [SEVERE ] player 2 placing token on slot 5
[2022-12-12 22:59:27] [SEVERE ] removing player 2 token from slot 2
[2022-12-12 22:59:27] [SEVERE ] removing player 2 token from slot 5
[2022-12-12 22:59:27] [SEVERE ] removing player 2 token from slot 10
[2022-12-12 22:59:27] [SEVERE ] player 2 placing token on slot 5
[2022-12-12 22:59:27] [SEVERE ] player 2 placing token on slot 4
[2022-12-12 22:59:27] [SEVERE ] player 2 placing token on slot 0
[2022-12-12 22:59:27] [SEVERE ] removing player 2 token from slot 0
[2022-12-12 22:59:27] [SEVERE ] removing player 2 token from slot 4
[2022-12-12 22:59:27] [SEVERE ] removing player 2 token from slot 5
[2022-12-12 22:59:27] [SEVERE ] player 2 placing token on slot 2
[2022-12-12 22:59:27] [SEVERE ] player 2 placing token on slot 7
[2022-12-12 22:59:28] [SEVERE ] player 2 placing token on slot 9
[2022-12-12 22:59:28] [SEVERE ] removing player 2 token from slot 2
[2022-12-12 22:59:28] [SEVERE ] removing player 2 token from slot 7
[2022-12-12 22:59:28] [SEVERE ] removing player 2 token from slot 9
[2022-12-12 22:59:28] [SEVERE ] player 2 placing token on slot 7
[2022-12-12 22:59:28] [SEVERE ] player 2 placing token on slot 6
[2022-12-12 22:59:28] [SEVERE ] player 2 placing token on slot 9
[2022-12-12 22:59:28] [SEVERE ] removing player 2 token from slot 6
[2022-12-12 22:59:28] [SEVERE ] removing player 2 token from slot 7
[2022-12-12 22:59:28] [SEVERE ] removing player 2 token from slot 9
[2022-12-12 22:59:28] [SEVERE ] player 2 placing token on slot 9
[2022-12-12 22:59:28] [SEVERE ] player 2 placing token on slot 7
[2022-12-12 22:59:28] [SEVERE ] player 2 placing token on slot 3
[2022-12-12 22:59:28] [SEVERE ] removing player 2 token from slot 3
[2022-12-12 22:59:28] [SEVERE ] removing player 2 token from slot 7
[2022-12-12 22:59:28] [SEVERE ] removing player 2 token from slot 9
[2022-12-12 22:59:28] [SEVERE ] player 2 placing token on slot 1
[2022-12-12 22:59:28] [SEVERE ] player 2 placing token on slot 8
[2022-12-12 22:59:28] [SEVERE ] player 2 placing token on slot 6
[2022-12-12 22:59:28] [SEVERE ] removing player 2 token from slot 1
[2022-12-12 22:59:28] [SEVERE ] removing player 2 token from slot 6
[2022-12-12 22:59:28] [SEVERE ] removing player 2 token from slot 8
[2022-12-12 22:59:28] [SEVERE ] player 2 placing token on slot 1
[2022-12-12 22:59:28] [SEVERE ] player 2 placing token on slot 5
[2022-12-12 22:59:28] [SEVERE ] player 2 placing token on slot 7
[2022-12-12 22:59:28] [SEVERE ] removing player 2 token from slot 1
[2022-12-12 22:59:28] [SEVERE ] removing player 2 token from slot 5
[2022-12-12 22:59:28] [SEVERE ] removing player 2 token from slot 7
[2022-12-12 22:59:28] [SEVERE ] player 2 placing token on slot 4
[2022-12-12 22:59:28] [SEVERE ] player 2 placing token on slot 8
[2022-12-12 22:59:28] [SEVERE ] player 2 placing token on slot 10
[2022-12-12 22:59:28] [SEVERE ] removing player 2 token from slot 4
[2022-12-12 22:59:28] [SEVERE ] removing player 2 token from slot 8
[2022-12-12 22:59:28] [SEVERE ] removing player 2 token from slot 10
[2022-12-12 22:59:28] [SEVERE ] player 2 placing token on slot 10
[2022-12-12 22:59:28] [SEVERE ] player 2 placing token on slot 1
[2022-12-12 22:59:28] [SEVERE ] player 2 placing token on slot 7
[2022-12-12 22:59:28] [SEVERE ] removing player 2 token from slot 1
[2022-12-12 22:59:28] [SEVERE ] removing player 2 token from slot 7
[2022-12-12 22:59:28] [SEVERE ] removing player 2 token from slot 10
[2022-12-12 22:59:28] [SEVERE ] player 2 placing token on slot 11
[2022-12-12 22:59:28] [SEVERE ] player 2 placing token on slot 8
[2022-12-12 22:59:28] [SEVERE ] player 2 placing token on slot 0
[2022-12-12 22:59:28] [SEVERE ] removing player 2 token from slot 0
[2022-12-12 22:59:28] [SEVERE ] removing player 2 token from slot 8
[2022-12-12 22:59:28] [SEVERE ] removing player 2 token from slot 11
[2022-12-12 22:59:28] [SEVERE ] player 2 placing token on slot 11
[2022-12-12 22:59:28] [SEVERE ] player 2 placing token on slot 4
[2022-12-12 22:59:28] [SEVERE ] player 2 placing token on slot 8
[2022-12-12 22:59:28] [SEVERE ] removing player 2 token from slot 4
[2022-12-12 22:59:28] [SEVERE ] removing player 2 token from slot 8
[2022-12-12 22:59:28] [SEVERE ] removing player 2 token from slot 11
[2022-12-12 22:59:28] [SEVERE ] player 2 placing token on slot 9
[2022-12-12 22:59:28] [SEVERE ] player 2 placing token on slot 8
[2022-12-12 22:59:28] [SEVERE ] player 2 placing token on slot 3
[2022-12-12 22:59:28] [SEVERE ] removing player 2 token from slot 3
[2022-12-12 22:59:28] [SEVERE ] removing player 2 token from slot 8
[2022-12-12 22:59:28] [SEVERE ] removing player 2 token from slot 9
[2022-12-12 22:59:28] [SEVERE ] player 2 placing token on slot 4
[2022-12-12 22:59:28] [SEVERE ] player 2 placing token on slot 8
[2022-12-12 22:59:29] [SEVERE ] player 2 placing token on slot 7
[2022-12-12 22:59:29] [SEVERE ] removing player 2 token from slot 4
[2022-12-12 22:59:29] [SEVERE ] removing player 2 token from slot 7
[2022-12-12 22:59:29] [SEVERE ] removing player 2 token from slot 8
[2022-12-12 22:59:29] [SEVERE ] player 2 placing token on slot 6
[2022-12-12 22:59:29] [SEVERE ] player 2 placing token on slot 3
[2022-12-12 22:59:29] [SEVERE ] player 2 placing token on slot 2
[2022-12-12 22:59:29] [SEVERE ] removing player 2 token from slot 2
[2022-12-12 22:59:29] [SEVERE ] removing player 2 token from slot 3
[2022-12-12 22:59:29] [SEVERE ] removing player 2 token from slot 6
[2022-12-12 22:59:29] [SEVERE ] player 2 placing token on slot 9
[2022-12-12 22:59:29] [SEVERE ] player 2 placing token on slot 5
[2022-12-12 22:59:29] [SEVERE ] player 2 placing token on slot 10
[2022-12-12 22:59:29] [SEVERE ] removing player 2 token from slot 5
[2022-12-12 22:59:29] [SEVERE ] removing player 2 token from slot 9
[2022-12-12 22:59:29] [SEVERE ] removing player 2 token from slot 10
[2022-12-12 22:59:29] [SEVERE ] player 2 placing token on slot 1
[2022-12-12 22:59:29] [SEVERE ] player 2 placing token on slot 11
[2022-12-12 22:59:29] [SEVERE ] player 2 placing token on slot 6
[2022-12-12 22:59:29] [SEVERE ] removing player 2 token from slot 1
[2022-12-12 22:59:29] [SEVERE ] removing player 2 token from slot 6
[2022-12-12 22:59:29] [SEVERE ] removing player 2 token from slot 11
[2022-12-12 22:59:29] [SEVERE ] player 2 placing token on slot 6
[2022-12-12 22:59:29] [SEVERE ] player 2 placing token on slot 5
[2022-12-12 22:59:29] [SEVERE ] player 2 placing token on slot 9
[2022-12-12 22:59:29] [SEVERE ] removing player 2 token from slot 5
[2022-12-12 22:59:29] [SEVERE ] removing player 2 token from slot 6
[2022-12-12 22:59:29] [SEVERE ] removing player 2 token from slot 9
[2022-12-12 22:59:29] [SEVERE ] player 2 placing token on slot 1
[2022-12-12 22:59:29] [SEVERE ] player 2 placing token on slot 0
[2022-12-12 22:59:29] [SEVERE ] player 2 placing token on slot 6
[2022-12-12 22:59:29] [SEVERE ] removing player 2 token from slot 0
[2022-12-12 22:59:29] [SEVERE ] removing player 2 token from slot 1
[2022-12-12 22:59:29] [SEVERE ] removing player 2 token from slot 6
[2022-12-12 22:59:29] [SEVERE ] player 2 placing token on slot 10
[2022-12-12 22:59:29] [SEVERE ] player 2 placing token on slot 7
[2022-12-12 22:59:29] [SEVERE ] player 2 placing token on slot 2
[2022-12-12 22:59:29] [SEVERE ] removing player 2 token from slot 2
[2022-12-12 22:59:29] [SEVERE ] removing player 2 token from slot 7
[2022-12-12 22:59:29] [SEVERE ] removing player 2 token from slot 10
[2022-12-12 22:59:29] [SEVERE ] player 2 placing token on slot 9
[2022-12-12 22:59:29] [SEVERE ] player 2 placing token on slot 4
[2022-12-12 22:59:29] [SEVERE ] player 2 placing token on slot 6
[2022-12-12 22:59:29] [SEVERE ] removing player 2 token from slot 4
[2022-12-12 22:59:29] [SEVERE ] removing player 2 token from slot 6
[2022-12-12 22:59:29] [SEVERE ] removing player 2 token from slot 9
[2022-12-12 22:59:29] [SEVERE ] player 2 placing token on slot 4
[2022-12-12 22:59:29] [SEVERE ] player 2 placing token on slot 9
[2022-12-12 22:59:29] [SEVERE ] player 2 placing token on slot 6
[2022-12-12 22:59:29] [SEVERE ] removing player 2 token from slot 4
[2022-12-12 22:59:29] [SEVERE ] removing player 2 token from slot 6
[2022-12-12 22:59:29] [SEVERE ] removing player 2 token from slot 9
[2022-12-12 22:59:29] [SEVERE ] player 2 placing token on slot 5
[2022-12-12 22:59:29] [SEVERE ] player 2 placing token on slot 3
[2022-12-12 22:59:29] [SEVERE ] player 2 placing token on slot 0
[2022-12-12 22:59:29] [SEVERE ] removing player 2 token from slot 0
[2022-12-12 22:59:29] [SEVERE ] removing player 2 token from slot 3
[2022-12-12 22:59:29] [SEVERE ] removing player 2 token from slot 5
[2022-12-12 22:59:29] [SEVERE ] player 2 placing token on slot 5
[2022-12-12 22:59:29] [SEVERE ] player 2 placing token on slot 11
[2022-12-12 22:59:29] [SEVERE ] player 2 placing token on slot 10
[2022-12-12 22:59:29] [SEVERE ] removing player 2 token from slot 5
[2022-12-12 22:59:29] [SEVERE ] removing player 2 token from slot 10
[2022-12-12 22:59:29] [SEVERE ] removing player 2 token from slot 11
[2022-12-12 22:59:29] [SEVERE ] player 2 placing token on slot 11
[2022-12-12 22:59:30] [SEVERE ] player 2 placing token on slot 2
[2022-12-12 22:59:30] [SEVERE ] player 2 placing token on slot 3
[2022-12-12 22:59:30] [SEVERE ] removing player 2 token from slot 2
[2022-12-12 22:59:30] [SEVERE ] removing player 2 token from slot 3
[2022-12-12 22:59:30] [SEVERE ] removing player 2 token from slot 11
[2022-12-12 22:59:30] [SEVERE ] player 2 placing token on slot 4
[2022-12-12 22:59:30] [SEVERE ] player 2 placing token on slot 10
[2022-12-12 22:59:30] [SEVERE ] player 2 placing token on slot 5
[2022-12-12 22:59:30] [SEVERE ] removing player 2 token from slot 4
[2022-12-12 22:59:30] [SEVERE ] removing player 2 token from slot 5
[2022-12-12 22:59:30] [SEVERE ] removing player 2 token from slot 10
[2022-12-12 22:59:30] [SEVERE ] player 2 placing token on slot 0
[2022-12-12 22:59:30] [SEVERE ] player 2 placing token on slot 3
[2022-12-12 22:59:30] [SEVERE ] player 2 placing token on slot 1
[2022-12-12 22:59:30] [SEVERE ] removing player 2 token from slot 0
[2022-12-12 22:59:30] [SEVERE ] removing player 2 token from slot 1
[2022-12-12 22:59:30] [SEVERE ] removing player 2 token from slot 3
[2022-12-12 22:59:30] [SEVERE ] player 2 placing token on slot 0
[2022-12-12 22:59:30] [SEVERE ] player 2 placing token on slot 10
[2022-12-12 22:59:30] [SEVERE ] player 2 placing token on slot 1
[2022-12-12 22:59:30] [SEVERE ] removing player 2 token from slot 0
[2022-12-12 22:59:30] [SEVERE ] removing player 2 token from slot 1
[2022-12-12 22:59:30] [SEVERE ] removing player 2 token from slot 10
[2022-12-12 22:59:30] [SEVERE ] player 2 placing token on slot 0
[2022-12-12 22:59:30] [SEVERE ] player 2 placing token on slot 9
[2022-12-12 22:59:30] [SEVERE ] player 2 placing token on slot 3
[2022-12-12 22:59:30] [SEVERE ] removing player 2 token from slot 0
[2022-12-12 22:59:30] [SEVERE ] removing player 2 token from slot 3
[2022-12-12 22:59:30] [SEVERE ] removing player 2 token from slot 9
[2022-12-12 22:59:30] [SEVERE ] player 2 placing token on slot 9
[2022-12-12 22:59:30] [SEVERE ] player 2 placing token on slot 1
[2022-12-12 22:59:30] [SEVERE ] player 2 placing token on slot 5
[2022-12-12 22:59:30] [SEVERE ] removing player 2 token from slot 1
[2022-12-12 22:59:30] [SEVERE ] removing player 2 token from slot 5
[2022-12-12 22:59:30] [SEVERE ] removing player 2 token from slot 9
[2022-12-12 22:59:30] [SEVERE ] player 2 placing token on slot 4
[2022-12-12 22:59:30] [SEVERE ] player 2 placing token on slot 6
[2022-12-12 22:59:30] [SEVERE ] player 2 placing token on slot 2
[2022-12-12 22:59:30] [SEVERE ] removing player 2 token from slot 2
[2022-12-12 22:59:30] [SEVERE ] removing player 2 token from slot 4
[2022-12-12 22:59:30] [SEVERE ] removing player 2 token from slot 6
[2022-12-12 22:59:30] [SEVERE ] player 2 placing token on slot 4
[2022-12-12 22:59:30] [SEVERE ] player 2 placing token on slot 2
[2022-12-12 22:59:30] [SEVERE ] player 2 placing token on slot 1
[2022-12-12 22:59:30] [SEVERE ] removing player 2 token from slot 1
[2022-12-12 22:59:30] [SEVERE ] removing player 2 token from slot 2
[2022-12-12 22:59:30] [SEVERE ] removing player 2 token from slot 4
[2022-12-12 22:59:30] [SEVERE ] player 2 placing token on slot 11
[2022-12-12 22:59:30] [SEVERE ] player 2 placing token on slot 2
[2022-12-12 22:59:30] [SEVERE ] player 2 placing token on slot 10
[2022-12-12 22:59:30] [SEVERE ] removing player 2 token from slot 2
[2022-12-12 22:59:30] [SEVERE ] removing player 2 token from slot 10
[2022-12-12 22:59:30] [SEVERE ] removing player 2 token from slot 11
[2022-12-12 22:59:30] [SEVERE ] player 2 placing token on slot 9
[2022-12-12 22:59:30] [SEVERE ] player 2 placing token on slot 10
[2022-12-12 22:59:30] [SEVERE ] player 2 placing token on slot 7
[2022-12-12 22:59:30] [SEVERE ] removing player 2 token from slot 7
[2022-12-12 22:59:30] [SEVERE ] removing player 2 token from slot 9
[2022-12-12 22:59:30] [SEVERE ] removing player 2 token from slot 10
[2022-12-12 22:59:30] [SEVERE ] player 2 placing token on slot 9
[2022-12-12 22:59:30] [SEVERE ] player 2 placing token on slot 7
[2022-12-12 22:59:30] [SEVERE ] player 2 placing token on slot 1
[2022-12-12 22:59:30] [SEVERE ] removing player 2 token from slot 1
[2022-12-12 22:59:30] [SEVERE ] removing player 2 token from slot 7
[2022-12-12 22:59:30] [SEVERE ] removing player 2 token from slot 9
[2022-12-12 22:59:30] [SEVERE ] player 2 placing token on slot 3
[2022-12-12 22:59:31] [SEVERE ] player 2 placing token on slot 2
[2022-12-12 22:59:31] [SEVERE ] player 2 placing token on slot 11
[2022-12-12 22:59:31] [SEVERE ] removing player 2 token from slot 2
[2022-12-12 22:59:31] [SEVERE ] removing player 2 token from slot 3
[2022-12-12 22:59:31] [SEVERE ] removing player 2 token from slot 11
[2022-12-12 22:59:31] [SEVERE ] player 2 placing token on slot 3
[2022-12-12 22:59:31] [SEVERE ] player 2 placing token on slot 7
[2022-12-12 22:59:31] [SEVERE ] player 2 placing token on slot 2
[2022-12-12 22:59:31] [SEVERE ] removing player 2 token from slot 2
[2022-12-12 22:59:31] [SEVERE ] removing player 2 token from slot 3
[2022-12-12 22:59:31] [SEVERE ] removing player 2 token from slot 7
[2022-12-12 22:59:31] [SEVERE ] player 2 placing token on slot 6
[2022-12-12 22:59:31] [SEVERE ] player 2 placing token on slot 7
[2022-12-12 22:59:31] [SEVERE ] player 2 placing token on slot 0
[2022-12-12 22:59:31] [SEVERE ] removing player 2 token from slot 0
[2022-12-12 22:59:31] [SEVERE ] removing player 2 token from slot 6
[2022-12-12 22:59:31] [SEVERE ] removing player 2 token from slot 7
[2022-12-12 22:59:31] [SEVERE ] player 2 placing token on slot 5
[2022-12-12 22:59:31] [SEVERE ] player 2 placing token on slot 0
[2022-12-12 22:59:31] [SEVERE ] player 2 placing token on slot 10
[2022-12-12 22:59:31] [SEVERE ] removing player 2 token from slot 0
[2022-12-12 22:59:31] [SEVERE ] removing player 2 token from slot 5
[2022-12-12 22:59:31] [SEVERE ] removing player 2 token from slot 10
[2022-12-12 22:59:31] [SEVERE ] player 2 placing token on slot 4
[2022-12-12 22:59:31] [SEVERE ] player 2 placing token on slot 9
[2022-12-12 22:59:31] [SEVERE ] player 2 placing token on slot 0
[2022-12-12 22:59:31] [SEVERE ] removing player 2 token from slot 0
[2022-12-12 22:59:31] [SEVERE ] removing player 2 token from slot 4
[2022-12-12 22:59:31] [SEVERE ] removing player 2 token from slot 9
[2022-12-12 22:59:31] [SEVERE ] player 2 placing token on slot 1
[2022-12-12 22:59:31] [SEVERE ] player 2 placing token on slot 5
[2022-12-12 22:59:31] [SEVERE ] player 2 placing token on slot 0
[2022-12-12 22:59:31] [SEVERE ] removing player 2 token from slot 0
[2022-12-12 22:59:31] [SEVERE ] removing player 2 token from slot 1
[2022-12-12 22:59:31] [SEVERE ] removing player 2 token from slot 5
[2022-12-12 22:59:31] [SEVERE ] player 2 placing token on slot 7
[2022-12-12 22:59:31] [SEVERE ] player 2 placing token on slot 5
[2022-12-12 22:59:31] [SEVERE ] player 2 placing token on slot 10
[2022-12-12 22:59:31] [SEVERE ] removing player 2 token from slot 5
[2022-12-12 22:59:31] [SEVERE ] removing player 2 token from slot 7
[2022-12-12 22:59:31] [SEVERE ] removing player 2 token from slot 10
[2022-12-12 22:59:31] [SEVERE ] player 2 placing token on slot 2
[2022-12-12 22:59:31] [SEVERE ] player 2 placing token on slot 4
[2022-12-12 22:59:31] [SEVERE ] player 2 placing token on slot 9
[2022-12-12 22:59:31] [SEVERE ] removing player 2 token from slot 2
[2022-12-12 22:59:31] [SEVERE ] removing player 2 token from slot 4
[2022-12-12 22:59:31] [SEVERE ] removing player 2 token from slot 9
[2022-12-12 22:59:31] [SEVERE ] player 2 placing token on slot 0
[2022-12-12 22:59:31] [SEVERE ] player 2 placing token on slot 11
[2022-12-12 22:59:31] [SEVERE ] player 2 placing token on slot 7
[2022-12-12 22:59:31] [SEVERE ] removing player 2 token from slot 0
[2022-12-12 22:59:31] [SEVERE ] removing player 2 token from slot 7
[2022-12-12 22:59:31] [SEVERE ] removing player 2 token from slot 11
[2022-12-12 22:59:31] [SEVERE ] player 2 placing token on slot 7
[2022-12-12 22:59:31] [SEVERE ] player 2 placing token on slot 11
[2022-12-12 22:59:31] [SEVERE ] player 2 placing token on slot 1
[2022-12-12 22:59:31] [SEVERE ] removing player 2 token from slot 1
[2022-12-12 22:59:31] [SEVERE ] removing player 2 token from slot 7
[2022-12-12 22:59:31] [SEVERE ] removing player 2 token from slot 11
[2022-12-12 22:59:31] [SEVERE ] player 2 placing token on slot 2
[2022-12-12 22:59:31] [SEVERE ] player 2 placing token on slot 11
[2022-12-12 22:59:31] [SEVERE ] player 2 placing token on slot 0
[2022-12-12 22:59:31] [SEVERE ] removing player 2 token from slot 0
[2022-12-12 22:59:31] [SEVERE ] removing player 2 token from slot 2
[2022-12-12 22:59:31] [SEVERE ] removing player 2 token from slot 11
[2022-12-12 22:59:31] [SEVERE ] player 2 placing token on slot 10
[2022-12-12 22:59:32] [SEVERE ] player 2 placing token on slot 0
[2022-12-12 22:59:32] [SEVERE ] player 2 placing token on slot 4
[2022-12-12 22:59:32] [SEVERE ] removing player 2 token from slot 0
[2022-12-12 22:59:32] [SEVERE ] removing player 2 token from slot 4
[2022-12-12 22:59:32] [SEVERE ] removing player 2 token from slot 10
[2022-12-12 22:59:32] [SEVERE ] player 2 placing token on slot 1
[2022-12-12 22:59:32] [SEVERE ] player 2 placing token on slot 8
[2022-12-12 22:59:32] [SEVERE ] player 2 placing token on slot 7
[2022-12-12 22:59:32] [SEVERE ] removing player 2 token from slot 1
[2022-12-12 22:59:32] [SEVERE ] removing player 2 token from slot 7
[2022-12-12 22:59:32] [SEVERE ] removing player 2 token from slot 8
[2022-12-12 22:59:32] [SEVERE ] player 2 placing token on slot 9
[2022-12-12 22:59:32] [SEVERE ] player 2 placing token on slot 5
[2022-12-12 22:59:32] [SEVERE ] player 2 placing token on slot 10
[2022-12-12 22:59:32] [SEVERE ] removing player 2 token from slot 5
[2022-12-12 22:59:32] [SEVERE ] removing player 2 token from slot 9
[2022-12-12 22:59:32] [SEVERE ] removing player 2 token from slot 10
[2022-12-12 22:59:32] [SEVERE ] player 2 placing token on slot 3
[2022-12-12 22:59:32] [SEVERE ] player 2 placing token on slot 11
[2022-12-12 22:59:32] [SEVERE ] player 2 placing token on slot 8
[2022-12-12 22:59:32] [SEVERE ] removing player 2 token from slot 3
[2022-12-12 22:59:32] [SEVERE ] removing player 2 token from slot 8
[2022-12-12 22:59:32] [SEVERE ] removing player 2 token from slot 11
[2022-12-12 22:59:32] [SEVERE ] player 2 placing token on slot 9
[2022-12-12 22:59:32] [SEVERE ] player 2 placing token on slot 10
[2022-12-12 22:59:32] [SEVERE ] player 2 placing token on slot 3
[2022-12-12 22:59:32] [SEVERE ] removing player 2 token from slot 3
[2022-12-12 22:59:32] [SEVERE ] removing player 2 token from slot 9
[2022-12-12 22:59:32] [SEVERE ] removing player 2 token from slot 10
[2022-12-12 22:59:32] [SEVERE ] player 2 placing token on slot 4
[2022-12-12 22:59:32] [SEVERE ] player 2 placing token on slot 8
[2022-12-12 22:59:32] [SEVERE ] player 2 placing token on slot 3
[2022-12-12 22:59:32] [SEVERE ] removing player 2 token from slot 3
[2022-12-12 22:59:32] [SEVERE ] removing player 2 token from slot 4
[2022-12-12 22:59:32] [SEVERE ] removing player 2 token from slot 8
[2022-12-12 22:59:32] [SEVERE ] player 2 placing token on slot 0
[2022-12-12 22:59:32] [SEVERE ] player 2 placing token on slot 5
[2022-12-12 22:59:32] [SEVERE ] player 2 placing token on slot 11
[2022-12-12 22:59:32] [SEVERE ] removing player 2 token from slot 0
[2022-12-12 22:59:32] [SEVERE ] removing player 2 token from slot 5
[2022-12-12 22:59:32] [SEVERE ] removing player 2 token from slot 11
[2022-12-12 22:59:32] [SEVERE ] player 2 placing token on slot 0
[2022-12-12 22:59:32] [SEVERE ] player 2 placing token on slot 6
