[2022-12-13 00:46:27] [INFO   ] cannot read configuration file config.properties trying from resources.
[2022-12-13 00:46:27] [INFO   ] configuration file was loaded from resources directory.
[2022-12-13 00:46:27] [INFO   ] Thread Thread-0starting.
[2022-12-13 00:46:27] [INFO   ] Thread Thread-3starting.
[2022-12-13 00:46:27] [INFO   ] Thread Thread-1starting.
[2022-12-13 00:46:27] [INFO   ] Thread Thread-2starting.
[2022-12-13 00:46:27] [INFO   ] Thread dealer starting.
[2022-12-13 00:46:27] [INFO   ] Thread computer-3 starting.
[2022-12-13 00:46:27] [INFO   ] Thread computer-2 starting.
[2022-12-13 00:46:27] [SEVERE ] placing card 70 in slot 0
[2022-12-13 00:46:27] [SEVERE ] placing card 30 in slot 1
[2022-12-13 00:46:28] [SEVERE ] placing card 45 in slot 2
[2022-12-13 00:46:28] [SEVERE ] placing card 32 in slot 3
[2022-12-13 00:46:28] [SEVERE ] placing card 50 in slot 4
[2022-12-13 00:46:28] [SEVERE ] placing card 75 in slot 5
[2022-12-13 00:46:28] [SEVERE ] placing card 0 in slot 6
[2022-12-13 00:46:28] [SEVERE ] placing card 76 in slot 7
[2022-12-13 00:46:28] [SEVERE ] placing card 64 in slot 8
[2022-12-13 00:46:28] [SEVERE ] placing card 77 in slot 9
[2022-12-13 00:46:28] [SEVERE ] placing card 36 in slot 10
[2022-12-13 00:46:29] [SEVERE ] placing card 52 in slot 11
[2022-12-13 00:46:29] [SEVERE ] player 3 placing token on slot 11
[2022-12-13 00:46:29] [SEVERE ] player 2 placing token on slot 5
[2022-12-13 00:46:29] [SEVERE ] player 3 placing token on slot 10
[2022-12-13 00:46:29] [SEVERE ] player 2 placing token on slot 4
[2022-12-13 00:46:29] [SEVERE ] player 3 placing token on slot 2
[2022-12-13 00:46:29] [SEVERE ] removing player 3 token from slot 2
[2022-12-13 00:46:29] [SEVERE ] removing player 3 token from slot 10
[2022-12-13 00:46:29] [SEVERE ] removing player 3 token from slot 11
[2022-12-13 00:46:29] [SEVERE ] player 2 placing token on slot 9
[2022-12-13 00:46:29] [SEVERE ] removing player 2 token from slot 4
[2022-12-13 00:46:29] [SEVERE ] removing player 2 token from slot 5
[2022-12-13 00:46:29] [SEVERE ] removing player 2 token from slot 9
[2022-12-13 00:46:29] [SEVERE ] player 2 placing token on slot 0
[2022-12-13 00:46:29] [SEVERE ] player 3 placing token on slot 2
[2022-12-13 00:46:29] [SEVERE ] player 2 placing token on slot 3
[2022-12-13 00:46:29] [SEVERE ] player 2 placing token on slot 2
[2022-12-13 00:46:29] [SEVERE ] player 3 placing token on slot 8
[2022-12-13 00:46:29] [SEVERE ] removing player 2 token from slot 0
[2022-12-13 00:46:29] [SEVERE ] removing player 2 token from slot 2
[2022-12-13 00:46:29] [SEVERE ] removing player 2 token from slot 3
[2022-12-13 00:46:29] [SEVERE ] player 2 placing token on slot 8
[2022-12-13 00:46:29] [SEVERE ] player 3 placing token on slot 3
[2022-12-13 00:46:29] [SEVERE ] removing player 3 token from slot 2
[2022-12-13 00:46:29] [SEVERE ] removing player 3 token from slot 3
[2022-12-13 00:46:29] [SEVERE ] removing player 3 token from slot 8
[2022-12-13 00:46:29] [SEVERE ] player 2 placing token on slot 9
[2022-12-13 00:46:29] [SEVERE ] player 3 placing token on slot 6
[2022-12-13 00:46:29] [SEVERE ] player 3 placing token on slot 3
[2022-12-13 00:46:29] [SEVERE ] player 2 placing token on slot 3
[2022-12-13 00:46:29] [SEVERE ] removing player 2 token from slot 3
[2022-12-13 00:46:29] [SEVERE ] removing player 2 token from slot 8
[2022-12-13 00:46:29] [SEVERE ] removing player 2 token from slot 9
[2022-12-13 00:46:29] [SEVERE ] player 3 placing token on slot 7
[2022-12-13 00:46:29] [SEVERE ] removing player 3 token from slot 3
[2022-12-13 00:46:29] [SEVERE ] removing player 3 token from slot 6
[2022-12-13 00:46:29] [SEVERE ] removing player 3 token from slot 7
[2022-12-13 00:46:29] [SEVERE ] player 2 placing token on slot 10
[2022-12-13 00:46:29] [SEVERE ] player 3 placing token on slot 7
[2022-12-13 00:46:29] [SEVERE ] player 2 placing token on slot 3
[2022-12-13 00:46:29] [SEVERE ] player 3 placing token on slot 1
[2022-12-13 00:46:29] [SEVERE ] player 2 placing token on slot 0
[2022-12-13 00:46:29] [SEVERE ] removing player 2 token from slot 0
[2022-12-13 00:46:29] [SEVERE ] removing player 2 token from slot 3
[2022-12-13 00:46:29] [SEVERE ] removing player 2 token from slot 10
[2022-12-13 00:46:29] [SEVERE ] player 3 placing token on slot 6
[2022-12-13 00:46:29] [SEVERE ] removing player 3 token from slot 1
[2022-12-13 00:46:29] [SEVERE ] removing player 3 token from slot 6
[2022-12-13 00:46:29] [SEVERE ] removing player 3 token from slot 7
[2022-12-13 00:46:29] [SEVERE ] player 2 placing token on slot 2
[2022-12-13 00:46:29] [SEVERE ] player 3 placing token on slot 4
[2022-12-13 00:46:29] [SEVERE ] player 2 placing token on slot 4
[2022-12-13 00:46:29] [SEVERE ] player 3 placing token on slot 1
[2022-12-13 00:46:29] [SEVERE ] player 3 placing token on slot 2
[2022-12-13 00:46:29] [SEVERE ] removing player 3 token from slot 1
[2022-12-13 00:46:29] [SEVERE ] removing player 3 token from slot 2
[2022-12-13 00:46:29] [SEVERE ] removing player 3 token from slot 4
[2022-12-13 00:46:29] [SEVERE ] player 2 placing token on slot 7
[2022-12-13 00:46:29] [SEVERE ] removing player 2 token from slot 2
[2022-12-13 00:46:29] [SEVERE ] removing player 2 token from slot 4
[2022-12-13 00:46:29] [SEVERE ] removing player 2 token from slot 7
[2022-12-13 00:46:29] [SEVERE ] player 2 placing token on slot 6
[2022-12-13 00:46:29] [SEVERE ] player 3 placing token on slot 0
[2022-12-13 00:46:29] [SEVERE ] player 2 placing token on slot 4
[2022-12-13 00:46:29] [SEVERE ] player 3 placing token on slot 3
[2022-12-13 00:46:29] [SEVERE ] player 2 placing token on slot 2
[2022-12-13 00:46:29] [SEVERE ] removing player 2 token from slot 2
[2022-12-13 00:46:29] [SEVERE ] removing player 2 token from slot 4
[2022-12-13 00:46:29] [SEVERE ] removing player 2 token from slot 6
[2022-12-13 00:46:29] [SEVERE ] player 3 placing token on slot 4
[2022-12-13 00:46:29] [SEVERE ] removing player 3 token from slot 0
[2022-12-13 00:46:29] [SEVERE ] removing player 3 token from slot 3
[2022-12-13 00:46:29] [SEVERE ] removing player 3 token from slot 4
[2022-12-13 00:46:29] [SEVERE ] player 2 placing token on slot 4
[2022-12-13 00:46:29] [SEVERE ] player 3 placing token on slot 5
[2022-12-13 00:46:29] [SEVERE ] player 2 placing token on slot 3
[2022-12-13 00:46:29] [SEVERE ] player 3 placing token on slot 1
[2022-12-13 00:46:29] [SEVERE ] player 2 placing token on slot 11
[2022-12-13 00:46:29] [SEVERE ] removing player 2 token from slot 3
[2022-12-13 00:46:29] [SEVERE ] removing player 2 token from slot 4
[2022-12-13 00:46:29] [SEVERE ] removing player 2 token from slot 11
[2022-12-13 00:46:29] [SEVERE ] player 3 placing token on slot 3
[2022-12-13 00:46:29] [SEVERE ] removing player 3 token from slot 1
[2022-12-13 00:46:29] [SEVERE ] removing player 3 token from slot 3
[2022-12-13 00:46:29] [SEVERE ] removing player 3 token from slot 5
[2022-12-13 00:46:29] [SEVERE ] player 2 placing token on slot 10
[2022-12-13 00:46:29] [SEVERE ] player 3 placing token on slot 9
[2022-12-13 00:46:29] [SEVERE ] player 2 placing token on slot 3
[2022-12-13 00:46:29] [SEVERE ] player 3 placing token on slot 2
[2022-12-13 00:46:29] [SEVERE ] player 2 placing token on slot 0
[2022-12-13 00:46:29] [SEVERE ] removing player 2 token from slot 0
[2022-12-13 00:46:29] [SEVERE ] removing player 2 token from slot 3
[2022-12-13 00:46:29] [SEVERE ] removing player 2 token from slot 10
[2022-12-13 00:46:29] [SEVERE ] player 3 placing token on slot 11
[2022-12-13 00:46:29] [SEVERE ] removing player 3 token from slot 2
[2022-12-13 00:46:29] [SEVERE ] removing player 3 token from slot 9
[2022-12-13 00:46:29] [SEVERE ] removing player 3 token from slot 11
[2022-12-13 00:46:29] [SEVERE ] player 2 placing token on slot 6
[2022-12-13 00:46:29] [SEVERE ] player 2 placing token on slot 8
[2022-12-13 00:46:29] [SEVERE ] player 3 placing token on slot 4
[2022-12-13 00:46:29] [SEVERE ] player 2 placing token on slot 4
[2022-12-13 00:46:29] [SEVERE ] removing player 2 token from slot 4
[2022-12-13 00:46:29] [SEVERE ] removing player 2 token from slot 6
[2022-12-13 00:46:29] [SEVERE ] removing player 2 token from slot 8
[2022-12-13 00:46:29] [SEVERE ] player 3 placing token on slot 10
[2022-12-13 00:46:29] [SEVERE ] player 2 placing token on slot 0
[2022-12-13 00:46:29] [SEVERE ] player 3 placing token on slot 11
[2022-12-13 00:46:29] [SEVERE ] removing player 3 token from slot 4
[2022-12-13 00:46:29] [SEVERE ] removing player 3 token from slot 10
[2022-12-13 00:46:29] [SEVERE ] removing player 3 token from slot 11
[2022-12-13 00:46:29] [SEVERE ] player 2 placing token on slot 4
[2022-12-13 00:46:29] [SEVERE ] player 3 placing token on slot 9
[2022-12-13 00:46:29] [SEVERE ] player 2 placing token on slot 5
[2022-12-13 00:46:29] [SEVERE ] removing player 2 token from slot 0
[2022-12-13 00:46:29] [SEVERE ] removing player 2 token from slot 4
[2022-12-13 00:46:29] [SEVERE ] removing player 2 token from slot 5
[2022-12-13 00:46:29] [SEVERE ] player 3 placing token on slot 5
[2022-12-13 00:46:29] [SEVERE ] player 2 placing token on slot 11
[2022-12-13 00:46:29] [SEVERE ] player 3 placing token on slot 2
[2022-12-13 00:46:29] [SEVERE ] removing player 3 token from slot 2
[2022-12-13 00:46:29] [SEVERE ] removing player 3 token from slot 5
[2022-12-13 00:46:29] [SEVERE ] removing player 3 token from slot 9
[2022-12-13 00:46:29] [SEVERE ] player 2 placing token on slot 0
[2022-12-13 00:46:29] [SEVERE ] player 3 placing token on slot 6
[2022-12-13 00:46:30] [SEVERE ] player 2 placing token on slot 7
[2022-12-13 00:46:30] [SEVERE ] removing player 2 token from slot 0
[2022-12-13 00:46:30] [SEVERE ] removing player 2 token from slot 7
[2022-12-13 00:46:30] [SEVERE ] removing player 2 token from slot 11
[2022-12-13 00:46:30] [SEVERE ] player 3 placing token on slot 2
[2022-12-13 00:46:30] [SEVERE ] player 2 placing token on slot 10
[2022-12-13 00:46:30] [SEVERE ] player 3 placing token on slot 7
[2022-12-13 00:46:30] [SEVERE ] removing player 3 token from slot 2
[2022-12-13 00:46:30] [SEVERE ] removing player 3 token from slot 6
[2022-12-13 00:46:30] [SEVERE ] removing player 3 token from slot 7
[2022-12-13 00:46:30] [SEVERE ] player 2 placing token on slot 3
[2022-12-13 00:46:30] [SEVERE ] player 2 placing token on slot 9
[2022-12-13 00:46:30] [SEVERE ] removing player 2 token from slot 3
[2022-12-13 00:46:30] [SEVERE ] removing player 2 token from slot 9
[2022-12-13 00:46:30] [SEVERE ] removing player 2 token from slot 10
[2022-12-13 00:46:30] [SEVERE ] player 3 placing token on slot 11
[2022-12-13 00:46:30] [SEVERE ] player 2 placing token on slot 11
[2022-12-13 00:46:30] [SEVERE ] player 3 placing token on slot 8
[2022-12-13 00:46:30] [SEVERE ] player 3 placing token on slot 7
[2022-12-13 00:46:30] [SEVERE ] removing player 3 token from slot 7
[2022-12-13 00:46:30] [SEVERE ] removing player 3 token from slot 8
[2022-12-13 00:46:30] [SEVERE ] removing player 3 token from slot 11
[2022-12-13 00:46:30] [SEVERE ] player 2 placing token on slot 4
[2022-12-13 00:46:30] [SEVERE ] player 3 placing token on slot 8
[2022-12-13 00:46:30] [SEVERE ] player 2 placing token on slot 5
[2022-12-13 00:46:30] [SEVERE ] removing player 2 token from slot 4
[2022-12-13 00:46:30] [SEVERE ] removing player 2 token from slot 5
[2022-12-13 00:46:30] [SEVERE ] removing player 2 token from slot 11
[2022-12-13 00:46:30] [SEVERE ] player 3 placing token on slot 0
[2022-12-13 00:46:30] [SEVERE ] player 2 placing token on slot 6
[2022-12-13 00:46:30] [SEVERE ] player 3 placing token on slot 4
[2022-12-13 00:46:30] [SEVERE ] removing player 3 token from slot 0
[2022-12-13 00:46:30] [SEVERE ] removing player 3 token from slot 4
[2022-12-13 00:46:30] [SEVERE ] removing player 3 token from slot 8
[2022-12-13 00:46:30] [SEVERE ] player 3 placing token on slot 9
[2022-12-13 00:46:30] [SEVERE ] player 2 placing token on slot 7
[2022-12-13 00:46:30] [SEVERE ] player 3 placing token on slot 0
[2022-12-13 00:46:30] [SEVERE ] player 2 placing token on slot 10
[2022-12-13 00:46:30] [SEVERE ] removing player 2 token from slot 6
[2022-12-13 00:46:30] [SEVERE ] removing player 2 token from slot 7
[2022-12-13 00:46:30] [SEVERE ] removing player 2 token from slot 10
[2022-12-13 00:46:30] [SEVERE ] player 3 placing token on slot 11
[2022-12-13 00:46:30] [SEVERE ] removing player 3 token from slot 0
[2022-12-13 00:46:30] [SEVERE ] removing player 3 token from slot 9
[2022-12-13 00:46:30] [SEVERE ] removing player 3 token from slot 11
[2022-12-13 00:46:30] [SEVERE ] player 2 placing token on slot 1
[2022-12-13 00:46:30] [SEVERE ] player 3 placing token on slot 6
[2022-12-13 00:46:30] [SEVERE ] player 2 placing token on slot 10
[2022-12-13 00:46:30] [SEVERE ] player 3 placing token on slot 7
[2022-12-13 00:46:30] [SEVERE ] player 2 placing token on slot 5
[2022-12-13 00:46:30] [SEVERE ] removing player 2 token from slot 1
[2022-12-13 00:46:30] [SEVERE ] removing player 2 token from slot 5
[2022-12-13 00:46:30] [SEVERE ] removing player 2 token from slot 10
[2022-12-13 00:46:30] [SEVERE ] player 3 placing token on slot 2
[2022-12-13 00:46:30] [SEVERE ] removing player 3 token from slot 2
[2022-12-13 00:46:30] [SEVERE ] removing player 3 token from slot 6
[2022-12-13 00:46:30] [SEVERE ] removing player 3 token from slot 7
[2022-12-13 00:46:30] [SEVERE ] player 2 placing token on slot 3
[2022-12-13 00:46:30] [SEVERE ] player 3 placing token on slot 5
[2022-12-13 00:46:30] [SEVERE ] player 2 placing token on slot 8
[2022-12-13 00:46:30] [SEVERE ] player 3 placing token on slot 4
[2022-12-13 00:46:30] [SEVERE ] player 2 placing token on slot 5
[2022-12-13 00:46:30] [SEVERE ] removing player 2 token from slot 3
[2022-12-13 00:46:30] [SEVERE ] removing player 2 token from slot 5
[2022-12-13 00:46:30] [SEVERE ] removing player 2 token from slot 8
[2022-12-13 00:46:30] [SEVERE ] player 3 placing token on slot 9
[2022-12-13 00:46:30] [SEVERE ] removing player 3 token from slot 4
[2022-12-13 00:46:30] [SEVERE ] removing player 3 token from slot 5
[2022-12-13 00:46:30] [SEVERE ] removing player 3 token from slot 9
[2022-12-13 00:46:30] [SEVERE ] player 2 placing token on slot 3
[2022-12-13 00:46:30] [SEVERE ] player 3 placing token on slot 9
[2022-12-13 00:46:30] [SEVERE ] player 2 placing token on slot 7
[2022-12-13 00:46:30] [SEVERE ] player 3 placing token on slot 0
[2022-12-13 00:46:30] [SEVERE ] player 3 placing token on slot 11
[2022-12-13 00:46:30] [SEVERE ] removing player 3 token from slot 0
[2022-12-13 00:46:30] [SEVERE ] removing player 3 token from slot 9
[2022-12-13 00:46:30] [SEVERE ] removing player 3 token from slot 11
[2022-12-13 00:46:30] [SEVERE ] player 2 placing token on slot 9
[2022-12-13 00:46:30] [SEVERE ] removing player 2 token from slot 3
[2022-12-13 00:46:30] [SEVERE ] removing player 2 token from slot 7
[2022-12-13 00:46:30] [SEVERE ] removing player 2 token from slot 9
[2022-12-13 00:46:30] [SEVERE ] player 3 placing token on slot 0
[2022-12-13 00:46:30] [SEVERE ] player 2 placing token on slot 3
[2022-12-13 00:46:30] [SEVERE ] player 3 placing token on slot 10
[2022-12-13 00:46:30] [SEVERE ] player 2 placing token on slot 5
[2022-12-13 00:46:30] [SEVERE ] player 3 placing token on slot 11
[2022-12-13 00:46:30] [SEVERE ] removing player 3 token from slot 0
[2022-12-13 00:46:30] [SEVERE ] removing player 3 token from slot 10
[2022-12-13 00:46:30] [SEVERE ] removing player 3 token from slot 11
[2022-12-13 00:46:30] [SEVERE ] player 2 placing token on slot 4
[2022-12-13 00:46:30] [SEVERE ] removing player 2 token from slot 3
[2022-12-13 00:46:30] [SEVERE ] removing player 2 token from slot 4
[2022-12-13 00:46:30] [SEVERE ] removing player 2 token from slot 5
[2022-12-13 00:46:30] [SEVERE ] player 3 placing token on slot 6
[2022-12-13 00:46:30] [SEVERE ] player 2 placing token on slot 7
[2022-12-13 00:46:30] [SEVERE ] player 3 placing token on slot 7
[2022-12-13 00:46:30] [SEVERE ] player 2 placing token on slot 1
[2022-12-13 00:46:30] [SEVERE ] player 2 placing token on slot 4
[2022-12-13 00:46:30] [SEVERE ] removing player 2 token from slot 1
[2022-12-13 00:46:30] [SEVERE ] removing player 2 token from slot 4
[2022-12-13 00:46:30] [SEVERE ] removing player 2 token from slot 7
[2022-12-13 00:46:30] [SEVERE ] player 3 placing token on slot 10
[2022-12-13 00:46:30] [SEVERE ] removing player 3 token from slot 6
[2022-12-13 00:46:30] [SEVERE ] removing player 3 token from slot 7
[2022-12-13 00:46:30] [SEVERE ] removing player 3 token from slot 10
[2022-12-13 00:46:30] [SEVERE ] player 3 placing token on slot 2
[2022-12-13 00:46:30] [SEVERE ] player 2 placing token on slot 0
[2022-12-13 00:46:30] [SEVERE ] player 3 placing token on slot 0
[2022-12-13 00:46:30] [SEVERE ] player 2 placing token on slot 8
[2022-12-13 00:46:30] [SEVERE ] player 3 placing token on slot 4
[2022-12-13 00:46:30] [SEVERE ] removing player 3 token from slot 0
[2022-12-13 00:46:30] [SEVERE ] removing player 3 token from slot 2
[2022-12-13 00:46:30] [SEVERE ] removing player 3 token from slot 4
[2022-12-13 00:46:30] [SEVERE ] player 2 placing token on slot 7
[2022-12-13 00:46:30] [SEVERE ] removing player 2 token from slot 0
[2022-12-13 00:46:30] [SEVERE ] removing player 2 token from slot 7
[2022-12-13 00:46:30] [SEVERE ] removing player 2 token from slot 8
[2022-12-13 00:46:30] [SEVERE ] player 3 placing token on slot 3
[2022-12-13 00:46:30] [SEVERE ] player 2 placing token on slot 9
[2022-12-13 00:46:30] [SEVERE ] player 3 placing token on slot 6
[2022-12-13 00:46:30] [SEVERE ] player 2 placing token on slot 5
[2022-12-13 00:46:30] [SEVERE ] player 3 placing token on slot 7
[2022-12-13 00:46:30] [SEVERE ] removing player 3 token from slot 3
[2022-12-13 00:46:30] [SEVERE ] removing player 3 token from slot 6
[2022-12-13 00:46:30] [SEVERE ] removing player 3 token from slot 7
[2022-12-13 00:46:30] [SEVERE ] player 2 placing token on slot 2
[2022-12-13 00:46:30] [SEVERE ] removing player 2 token from slot 2
[2022-12-13 00:46:30] [SEVERE ] removing player 2 token from slot 5
[2022-12-13 00:46:30] [SEVERE ] removing player 2 token from slot 9
[2022-12-13 00:46:30] [SEVERE ] player 3 placing token on slot 10
[2022-12-13 00:46:30] [SEVERE ] player 3 placing token on slot 9
[2022-12-13 00:46:30] [SEVERE ] player 2 placing token on slot 0
[2022-12-13 00:46:31] [SEVERE ] player 3 placing token on slot 3
[2022-12-13 00:46:31] [SEVERE ] removing player 3 token from slot 3
[2022-12-13 00:46:31] [SEVERE ] removing player 3 token from slot 9
[2022-12-13 00:46:31] [SEVERE ] removing player 3 token from slot 10
[2022-12-13 00:46:31] [SEVERE ] player 2 placing token on slot 6
[2022-12-13 00:46:31] [SEVERE ] player 3 placing token on slot 6
[2022-12-13 00:46:31] [SEVERE ] player 2 placing token on slot 8
[2022-12-13 00:46:31] [SEVERE ] removing player 2 token from slot 0
[2022-12-13 00:46:31] [SEVERE ] removing player 2 token from slot 6
[2022-12-13 00:46:31] [SEVERE ] removing player 2 token from slot 8
[2022-12-13 00:46:31] [SEVERE ] player 3 placing token on slot 10
[2022-12-13 00:46:31] [SEVERE ] player 3 placing token on slot 8
[2022-12-13 00:46:31] [SEVERE ] removing player 3 token from slot 6
[2022-12-13 00:46:31] [SEVERE ] removing player 3 token from slot 8
[2022-12-13 00:46:31] [SEVERE ] removing player 3 token from slot 10
[2022-12-13 00:46:31] [SEVERE ] player 2 placing token on slot 0
[2022-12-13 00:46:31] [SEVERE ] player 3 placing token on slot 1
[2022-12-13 00:46:31] [SEVERE ] player 2 placing token on slot 8
[2022-12-13 00:46:31] [SEVERE ] player 3 placing token on slot 5
[2022-12-13 00:46:31] [SEVERE ] player 2 placing token on slot 4
[2022-12-13 00:46:31] [SEVERE ] removing player 2 token from slot 0
[2022-12-13 00:46:31] [SEVERE ] removing player 2 token from slot 4
[2022-12-13 00:46:31] [SEVERE ] removing player 2 token from slot 8
[2022-12-13 00:46:31] [SEVERE ] player 3 placing token on slot 11
[2022-12-13 00:46:31] [SEVERE ] removing player 3 token from slot 1
[2022-12-13 00:46:31] [SEVERE ] removing player 3 token from slot 5
[2022-12-13 00:46:31] [SEVERE ] removing player 3 token from slot 11
[2022-12-13 00:46:31] [SEVERE ] player 3 placing token on slot 10
[2022-12-13 00:46:31] [SEVERE ] player 2 placing token on slot 9
[2022-12-13 00:46:31] [SEVERE ] player 3 placing token on slot 8
[2022-12-13 00:46:31] [SEVERE ] player 2 placing token on slot 7
[2022-12-13 00:46:31] [SEVERE ] player 3 placing token on slot 3
[2022-12-13 00:46:31] [SEVERE ] removing player 3 token from slot 3
[2022-12-13 00:46:31] [SEVERE ] removing player 3 token from slot 8
[2022-12-13 00:46:31] [SEVERE ] removing player 3 token from slot 10
[2022-12-13 00:46:31] [SEVERE ] player 2 placing token on slot 0
[2022-12-13 00:46:31] [SEVERE ] removing player 2 token from slot 0
[2022-12-13 00:46:31] [SEVERE ] removing player 2 token from slot 7
[2022-12-13 00:46:31] [SEVERE ] removing player 2 token from slot 9
[2022-12-13 00:46:31] [SEVERE ] player 3 placing token on slot 5
[2022-12-13 00:46:31] [SEVERE ] player 2 placing token on slot 4
[2022-12-13 00:46:31] [SEVERE ] player 3 placing token on slot 2
[2022-12-13 00:46:31] [SEVERE ] player 2 placing token on slot 2
[2022-12-13 00:46:31] [SEVERE ] player 3 placing token on slot 4
[2022-12-13 00:46:31] [SEVERE ] removing player 3 token from slot 2
[2022-12-13 00:46:31] [SEVERE ] removing player 3 token from slot 4
[2022-12-13 00:46:31] [SEVERE ] removing player 3 token from slot 5
[2022-12-13 00:46:31] [SEVERE ] player 2 placing token on slot 7
[2022-12-13 00:46:31] [SEVERE ] removing player 2 token from slot 2
[2022-12-13 00:46:31] [SEVERE ] removing player 2 token from slot 4
[2022-12-13 00:46:31] [SEVERE ] removing player 2 token from slot 7
[2022-12-13 00:46:31] [SEVERE ] player 3 placing token on slot 6
[2022-12-13 00:46:31] [SEVERE ] player 2 placing token on slot 9
[2022-12-13 00:46:31] [SEVERE ] player 3 placing token on slot 5
[2022-12-13 00:46:31] [SEVERE ] player 2 placing token on slot 2
[2022-12-13 00:46:31] [SEVERE ] player 3 placing token on slot 11
[2022-12-13 00:46:31] [SEVERE ] removing player 3 token from slot 5
[2022-12-13 00:46:31] [SEVERE ] removing player 3 token from slot 6
[2022-12-13 00:46:31] [SEVERE ] removing player 3 token from slot 11
[2022-12-13 00:46:31] [SEVERE ] player 2 placing token on slot 10
[2022-12-13 00:46:31] [SEVERE ] removing player 2 token from slot 2
[2022-12-13 00:46:31] [SEVERE ] removing player 2 token from slot 9
[2022-12-13 00:46:31] [SEVERE ] removing player 2 token from slot 10
[2022-12-13 00:46:31] [SEVERE ] player 2 placing token on slot 6
[2022-12-13 00:46:31] [SEVERE ] player 3 placing token on slot 11
[2022-12-13 00:46:31] [SEVERE ] player 2 placing token on slot 5
[2022-12-13 00:46:31] [SEVERE ] player 3 placing token on slot 8
[2022-12-13 00:46:31] [SEVERE ] player 2 placing token on slot 9
[2022-12-13 00:46:31] [SEVERE ] removing player 2 token from slot 5
[2022-12-13 00:46:31] [SEVERE ] removing player 2 token from slot 6
[2022-12-13 00:46:31] [SEVERE ] removing player 2 token from slot 9
[2022-12-13 00:46:31] [SEVERE ] player 3 placing token on slot 9
[2022-12-13 00:46:31] [SEVERE ] removing player 3 token from slot 8
[2022-12-13 00:46:31] [SEVERE ] removing player 3 token from slot 9
[2022-12-13 00:46:31] [SEVERE ] removing player 3 token from slot 11
[2022-12-13 00:46:31] [SEVERE ] player 2 placing token on slot 2
[2022-12-13 00:46:31] [SEVERE ] player 3 placing token on slot 6
[2022-12-13 00:46:31] [SEVERE ] player 2 placing token on slot 1
[2022-12-13 00:46:31] [SEVERE ] player 3 placing token on slot 8
[2022-12-13 00:46:31] [SEVERE ] player 2 placing token on slot 3
[2022-12-13 00:46:31] [SEVERE ] removing player 2 token from slot 1
[2022-12-13 00:46:31] [SEVERE ] removing player 2 token from slot 2
[2022-12-13 00:46:31] [SEVERE ] removing player 2 token from slot 3
[2022-12-13 00:46:31] [SEVERE ] player 3 placing token on slot 1
[2022-12-13 00:46:31] [SEVERE ] removing player 3 token from slot 1
[2022-12-13 00:46:31] [SEVERE ] removing player 3 token from slot 6
[2022-12-13 00:46:31] [SEVERE ] removing player 3 token from slot 8
[2022-12-13 00:46:31] [SEVERE ] player 2 placing token on slot 6
[2022-12-13 00:46:31] [SEVERE ] player 3 placing token on slot 10
[2022-12-13 00:46:31] [SEVERE ] player 2 placing token on slot 4
[2022-12-13 00:46:31] [SEVERE ] player 3 placing token on slot 3
[2022-12-13 00:46:31] [SEVERE ] player 2 placing token on slot 0
[2022-12-13 00:46:31] [SEVERE ] player 3 placing token on slot 1
[2022-12-13 00:46:31] [SEVERE ] removing tokens from slot 0
[2022-12-13 00:46:31] [SEVERE ] removing card from slot 0
[2022-12-13 00:46:31] [SEVERE ] removing tokens from slot 4
[2022-12-13 00:46:31] [SEVERE ] removing card from slot 4
[2022-12-13 00:46:32] [SEVERE ] removing tokens from slot 6
[2022-12-13 00:46:32] [SEVERE ] removing card from slot 6
[2022-12-13 00:46:32] [SEVERE ] placing card 73 in slot 0
[2022-12-13 00:46:32] [SEVERE ] placing card 16 in slot 4
[2022-12-13 00:46:32] [SEVERE ] placing card 42 in slot 6
[2022-12-13 00:46:32] [SEVERE ] setting player 2 score to 1
[2022-12-13 00:46:32] [SEVERE ] removing player 3 token from slot 1
[2022-12-13 00:46:32] [SEVERE ] removing player 3 token from slot 3
[2022-12-13 00:46:32] [SEVERE ] removing player 3 token from slot 10
[2022-12-13 00:46:32] [SEVERE ] player 3 placing token on slot 5
[2022-12-13 00:46:32] [SEVERE ] player 2 placing token on slot 11
[2022-12-13 00:46:32] [SEVERE ] player 2 placing token on slot 10
[2022-12-13 00:46:32] [SEVERE ] player 3 placing token on slot 4
[2022-12-13 00:46:32] [SEVERE ] player 2 placing token on slot 6
[2022-12-13 00:46:32] [SEVERE ] removing player 2 token from slot 6
[2022-12-13 00:46:32] [SEVERE ] removing player 2 token from slot 10
[2022-12-13 00:46:32] [SEVERE ] removing player 2 token from slot 11
[2022-12-13 00:46:32] [SEVERE ] player 3 placing token on slot 2
[2022-12-13 00:46:32] [SEVERE ] removing player 3 token from slot 2
[2022-12-13 00:46:32] [SEVERE ] removing player 3 token from slot 4
[2022-12-13 00:46:32] [SEVERE ] removing player 3 token from slot 5
[2022-12-13 00:46:32] [SEVERE ] player 2 placing token on slot 2
[2022-12-13 00:46:32] [SEVERE ] player 3 placing token on slot 3
[2022-12-13 00:46:32] [SEVERE ] player 2 placing token on slot 6
[2022-12-13 00:46:32] [SEVERE ] player 3 placing token on slot 10
[2022-12-13 00:46:32] [SEVERE ] player 3 placing token on slot 2
[2022-12-13 00:46:32] [SEVERE ] removing player 3 token from slot 2
[2022-12-13 00:46:32] [SEVERE ] removing player 3 token from slot 3
[2022-12-13 00:46:32] [SEVERE ] removing player 3 token from slot 10
[2022-12-13 00:46:32] [SEVERE ] player 2 placing token on slot 0
[2022-12-13 00:46:32] [SEVERE ] removing player 2 token from slot 0
[2022-12-13 00:46:32] [SEVERE ] removing player 2 token from slot 2
[2022-12-13 00:46:32] [SEVERE ] removing player 2 token from slot 6
[2022-12-13 00:46:32] [SEVERE ] player 3 placing token on slot 5
[2022-12-13 00:46:32] [SEVERE ] player 2 placing token on slot 5
[2022-12-13 00:46:32] [SEVERE ] player 2 placing token on slot 1
[2022-12-13 00:46:32] [SEVERE ] player 3 placing token on slot 3
[2022-12-13 00:46:32] [SEVERE ] player 2 placing token on slot 11
[2022-12-13 00:46:32] [SEVERE ] removing player 2 token from slot 1
[2022-12-13 00:46:32] [SEVERE ] removing player 2 token from slot 5
[2022-12-13 00:46:32] [SEVERE ] removing player 2 token from slot 11
[2022-12-13 00:46:32] [SEVERE ] player 3 placing token on slot 9
[2022-12-13 00:46:32] [SEVERE ] removing player 3 token from slot 3
[2022-12-13 00:46:32] [SEVERE ] removing player 3 token from slot 5
[2022-12-13 00:46:32] [SEVERE ] removing player 3 token from slot 9
[2022-12-13 00:46:32] [SEVERE ] player 2 placing token on slot 4
[2022-12-13 00:46:32] [SEVERE ] player 3 placing token on slot 1
[2022-12-13 00:46:32] [SEVERE ] player 2 placing token on slot 0
[2022-12-13 00:46:32] [SEVERE ] player 3 placing token on slot 9
[2022-12-13 00:46:32] [SEVERE ] player 2 placing token on slot 3
[2022-12-13 00:46:32] [SEVERE ] removing player 2 token from slot 0
[2022-12-13 00:46:32] [SEVERE ] removing player 2 token from slot 3
[2022-12-13 00:46:32] [SEVERE ] removing player 2 token from slot 4
[2022-12-13 00:46:32] [SEVERE ] player 3 placing token on slot 5
[2022-12-13 00:46:32] [SEVERE ] removing player 3 token from slot 1
[2022-12-13 00:46:32] [SEVERE ] removing player 3 token from slot 5
[2022-12-13 00:46:32] [SEVERE ] removing player 3 token from slot 9
[2022-12-13 00:46:32] [SEVERE ] player 2 placing token on slot 10
[2022-12-13 00:46:32] [SEVERE ] player 2 placing token on slot 6
[2022-12-13 00:46:32] [SEVERE ] player 3 placing token on slot 0
[2022-12-13 00:46:32] [SEVERE ] player 2 placing token on slot 5
[2022-12-13 00:46:32] [SEVERE ] removing player 2 token from slot 5
[2022-12-13 00:46:32] [SEVERE ] removing player 2 token from slot 6
[2022-12-13 00:46:32] [SEVERE ] removing player 2 token from slot 10
[2022-12-13 00:46:32] [SEVERE ] player 3 placing token on slot 11
[2022-12-13 00:46:32] [SEVERE ] player 3 placing token on slot 5
[2022-12-13 00:46:32] [SEVERE ] removing player 3 token from slot 0
[2022-12-13 00:46:32] [SEVERE ] removing player 3 token from slot 5
[2022-12-13 00:46:32] [SEVERE ] removing player 3 token from slot 11
[2022-12-13 00:46:32] [SEVERE ] player 2 placing token on slot 1
[2022-12-13 00:46:32] [SEVERE ] player 3 placing token on slot 7
[2022-12-13 00:46:32] [SEVERE ] player 2 placing token on slot 4
[2022-12-13 00:46:32] [SEVERE ] player 3 placing token on slot 11
[2022-12-13 00:46:32] [SEVERE ] player 3 placing token on slot 9
[2022-12-13 00:46:32] [SEVERE ] removing player 3 token from slot 7
[2022-12-13 00:46:32] [SEVERE ] removing player 3 token from slot 9
[2022-12-13 00:46:32] [SEVERE ] removing player 3 token from slot 11
[2022-12-13 00:46:32] [SEVERE ] player 2 placing token on slot 5
[2022-12-13 00:46:32] [SEVERE ] removing player 2 token from slot 1
[2022-12-13 00:46:32] [SEVERE ] removing player 2 token from slot 4
[2022-12-13 00:46:32] [SEVERE ] removing player 2 token from slot 5
[2022-12-13 00:46:32] [SEVERE ] player 3 placing token on slot 5
[2022-12-13 00:46:32] [SEVERE ] player 2 placing token on slot 0
[2022-12-13 00:46:32] [SEVERE ] player 3 placing token on slot 0
[2022-12-13 00:46:32] [SEVERE ] player 2 placing token on slot 10
[2022-12-13 00:46:32] [SEVERE ] player 3 placing token on slot 1
[2022-12-13 00:46:32] [SEVERE ] removing player 3 token from slot 0
[2022-12-13 00:46:32] [SEVERE ] removing player 3 token from slot 1
[2022-12-13 00:46:32] [SEVERE ] removing player 3 token from slot 5
[2022-12-13 00:46:32] [SEVERE ] player 3 placing token on slot 7
[2022-12-13 00:46:32] [SEVERE ] player 2 placing token on slot 9
[2022-12-13 00:46:32] [SEVERE ] removing player 2 token from slot 0
[2022-12-13 00:46:32] [SEVERE ] removing player 2 token from slot 9
[2022-12-13 00:46:32] [SEVERE ] removing player 2 token from slot 10
[2022-12-13 00:46:32] [SEVERE ] player 3 placing token on slot 0
[2022-12-13 00:46:32] [SEVERE ] player 2 placing token on slot 3
[2022-12-13 00:46:33] [SEVERE ] player 2 placing token on slot 6
[2022-12-13 00:46:33] [SEVERE ] player 3 placing token on slot 3
[2022-12-13 00:46:33] [SEVERE ] removing player 3 token from slot 0
[2022-12-13 00:46:33] [SEVERE ] removing player 3 token from slot 3
[2022-12-13 00:46:33] [SEVERE ] removing player 3 token from slot 7
[2022-12-13 00:46:33] [SEVERE ] player 2 placing token on slot 5
[2022-12-13 00:46:33] [SEVERE ] removing player 2 token from slot 3
[2022-12-13 00:46:33] [SEVERE ] removing player 2 token from slot 5
[2022-12-13 00:46:33] [SEVERE ] removing player 2 token from slot 6
[2022-12-13 00:46:33] [SEVERE ] player 3 placing token on slot 4
[2022-12-13 00:46:33] [SEVERE ] player 3 placing token on slot 9
[2022-12-13 00:46:33] [SEVERE ] player 2 placing token on slot 11
[2022-12-13 00:46:33] [SEVERE ] player 3 placing token on slot 2
[2022-12-13 00:46:33] [SEVERE ] removing player 3 token from slot 2
[2022-12-13 00:46:33] [SEVERE ] removing player 3 token from slot 4
[2022-12-13 00:46:33] [SEVERE ] removing player 3 token from slot 9
[2022-12-13 00:46:33] [SEVERE ] player 2 placing token on slot 5
[2022-12-13 00:46:33] [SEVERE ] player 3 placing token on slot 2
[2022-12-13 00:46:33] [SEVERE ] player 2 placing token on slot 6
[2022-12-13 00:46:33] [SEVERE ] removing player 2 token from slot 5
[2022-12-13 00:46:33] [SEVERE ] removing player 2 token from slot 6
[2022-12-13 00:46:33] [SEVERE ] removing player 2 token from slot 11
[2022-12-13 00:46:33] [SEVERE ] player 3 placing token on slot 0
[2022-12-13 00:46:33] [SEVERE ] player 2 placing token on slot 7
[2022-12-13 00:46:33] [SEVERE ] player 3 placing token on slot 10
[2022-12-13 00:46:33] [SEVERE ] removing player 3 token from slot 0
[2022-12-13 00:46:33] [SEVERE ] removing player 3 token from slot 2
[2022-12-13 00:46:33] [SEVERE ] removing player 3 token from slot 10
[2022-12-13 00:46:33] [SEVERE ] player 2 placing token on slot 2
[2022-12-13 00:46:33] [SEVERE ] player 3 placing token on slot 0
[2022-12-13 00:46:33] [SEVERE ] player 2 placing token on slot 8
[2022-12-13 00:46:33] [SEVERE ] removing player 2 token from slot 2
[2022-12-13 00:46:33] [SEVERE ] removing player 2 token from slot 7
[2022-12-13 00:46:33] [SEVERE ] removing player 2 token from slot 8
[2022-12-13 00:46:33] [SEVERE ] player 3 placing token on slot 4
[2022-12-13 00:46:33] [SEVERE ] player 2 placing token on slot 7
[2022-12-13 00:46:33] [SEVERE ] player 3 placing token on slot 6
[2022-12-13 00:46:33] [SEVERE ] removing player 3 token from slot 0
[2022-12-13 00:46:33] [SEVERE ] removing player 3 token from slot 4
[2022-12-13 00:46:33] [SEVERE ] removing player 3 token from slot 6
[2022-12-13 00:46:33] [SEVERE ] player 2 placing token on slot 1
[2022-12-13 00:46:33] [SEVERE ] player 3 placing token on slot 2
[2022-12-13 00:46:33] [SEVERE ] player 2 placing token on slot 4
[2022-12-13 00:46:33] [SEVERE ] removing player 2 token from slot 1
[2022-12-13 00:46:33] [SEVERE ] removing player 2 token from slot 4
[2022-12-13 00:46:33] [SEVERE ] removing player 2 token from slot 7
[2022-12-13 00:46:33] [SEVERE ] player 3 placing token on slot 6
[2022-12-13 00:46:33] [SEVERE ] player 2 placing token on slot 7
[2022-12-13 00:46:33] [SEVERE ] player 2 placing token on slot 3
[2022-12-13 00:46:33] [SEVERE ] player 3 placing token on slot 1
[2022-12-13 00:46:33] [SEVERE ] player 2 placing token on slot 2
[2022-12-13 00:46:33] [SEVERE ] removing tokens from slot 1
[2022-12-13 00:46:33] [SEVERE ] removing card from slot 1
[2022-12-13 00:46:33] [SEVERE ] removing tokens from slot 2
[2022-12-13 00:46:33] [SEVERE ] removing card from slot 2
[2022-12-13 00:46:33] [SEVERE ] removing tokens from slot 6
[2022-12-13 00:46:33] [SEVERE ] removing card from slot 6
[2022-12-13 00:46:33] [SEVERE ] placing card 67 in slot 1
[2022-12-13 00:46:33] [SEVERE ] placing card 49 in slot 2
[2022-12-13 00:46:33] [SEVERE ] placing card 38 in slot 6
[2022-12-13 00:46:33] [SEVERE ] setting player 3 score to 1
[2022-12-13 00:46:33] [SEVERE ] player 3 placing token on slot 6
[2022-12-13 00:46:34] [SEVERE ] player 3 placing token on slot 2
[2022-12-13 00:46:34] [SEVERE ] player 3 placing token on slot 5
[2022-12-13 00:46:34] [SEVERE ] removing player 3 token from slot 2
[2022-12-13 00:46:34] [SEVERE ] removing player 3 token from slot 5
[2022-12-13 00:46:34] [SEVERE ] removing player 3 token from slot 6
[2022-12-13 00:46:34] [SEVERE ] player 3 placing token on slot 1
[2022-12-13 00:46:34] [SEVERE ] player 3 placing token on slot 0
[2022-12-13 00:46:34] [SEVERE ] player 3 placing token on slot 5
[2022-12-13 00:46:34] [SEVERE ] removing player 3 token from slot 0
[2022-12-13 00:46:34] [SEVERE ] removing player 3 token from slot 1
[2022-12-13 00:46:34] [SEVERE ] removing player 3 token from slot 5
[2022-12-13 00:46:34] [SEVERE ] player 3 placing token on slot 11
[2022-12-13 00:46:34] [SEVERE ] player 3 placing token on slot 4
[2022-12-13 00:46:34] [SEVERE ] player 3 placing token on slot 9
[2022-12-13 00:46:34] [SEVERE ] removing player 3 token from slot 4
[2022-12-13 00:46:34] [SEVERE ] removing player 3 token from slot 9
[2022-12-13 00:46:34] [SEVERE ] removing player 3 token from slot 11
[2022-12-13 00:46:34] [SEVERE ] player 3 placing token on slot 4
[2022-12-13 00:46:34] [SEVERE ] player 3 placing token on slot 8
[2022-12-13 00:46:34] [SEVERE ] player 3 placing token on slot 7
[2022-12-13 00:46:34] [SEVERE ] removing player 3 token from slot 4
[2022-12-13 00:46:34] [SEVERE ] removing player 3 token from slot 7
[2022-12-13 00:46:34] [SEVERE ] removing player 3 token from slot 8
[2022-12-13 00:46:34] [SEVERE ] player 3 placing token on slot 5
[2022-12-13 00:46:34] [SEVERE ] player 3 placing token on slot 4
[2022-12-13 00:46:34] [SEVERE ] player 3 placing token on slot 6
[2022-12-13 00:46:34] [SEVERE ] removing player 3 token from slot 4
[2022-12-13 00:46:34] [SEVERE ] removing player 3 token from slot 5
[2022-12-13 00:46:34] [SEVERE ] removing player 3 token from slot 6
[2022-12-13 00:46:34] [SEVERE ] player 3 placing token on slot 3
[2022-12-13 00:46:34] [SEVERE ] player 3 placing token on slot 0
[2022-12-13 00:46:34] [SEVERE ] player 3 placing token on slot 9
[2022-12-13 00:46:34] [SEVERE ] removing player 3 token from slot 0
[2022-12-13 00:46:34] [SEVERE ] removing player 3 token from slot 3
[2022-12-13 00:46:34] [SEVERE ] removing player 3 token from slot 9
[2022-12-13 00:46:34] [SEVERE ] player 3 placing token on slot 11
[2022-12-13 00:46:34] [SEVERE ] player 3 placing token on slot 9
[2022-12-13 00:46:34] [SEVERE ] player 3 placing token on slot 4
[2022-12-13 00:46:34] [SEVERE ] removing player 3 token from slot 4
[2022-12-13 00:46:34] [SEVERE ] removing player 3 token from slot 9
[2022-12-13 00:46:34] [SEVERE ] removing player 3 token from slot 11
[2022-12-13 00:46:34] [SEVERE ] player 3 placing token on slot 4
[2022-12-13 00:46:34] [SEVERE ] player 3 placing token on slot 9
[2022-12-13 00:46:34] [SEVERE ] player 3 placing token on slot 10
[2022-12-13 00:46:34] [SEVERE ] removing player 3 token from slot 4
[2022-12-13 00:46:34] [SEVERE ] removing player 3 token from slot 9
[2022-12-13 00:46:34] [SEVERE ] removing player 3 token from slot 10
[2022-12-13 00:46:34] [SEVERE ] player 3 placing token on slot 9
[2022-12-13 00:46:34] [SEVERE ] player 3 placing token on slot 0
[2022-12-13 00:46:34] [SEVERE ] player 3 placing token on slot 5
[2022-12-13 00:46:34] [SEVERE ] removing player 3 token from slot 0
[2022-12-13 00:46:34] [SEVERE ] removing player 3 token from slot 5
[2022-12-13 00:46:34] [SEVERE ] removing player 3 token from slot 9
[2022-12-13 00:46:34] [SEVERE ] player 3 placing token on slot 5
[2022-12-13 00:46:34] [SEVERE ] player 3 placing token on slot 3
[2022-12-13 00:46:34] [SEVERE ] player 3 placing token on slot 10
[2022-12-13 00:46:34] [SEVERE ] removing player 3 token from slot 3
[2022-12-13 00:46:34] [SEVERE ] removing player 3 token from slot 5
[2022-12-13 00:46:34] [SEVERE ] removing player 3 token from slot 10
[2022-12-13 00:46:34] [SEVERE ] player 3 placing token on slot 8
[2022-12-13 00:46:34] [SEVERE ] player 3 placing token on slot 6
[2022-12-13 00:46:34] [SEVERE ] player 3 placing token on slot 2
[2022-12-13 00:46:34] [SEVERE ] removing player 3 token from slot 2
[2022-12-13 00:46:34] [SEVERE ] removing player 3 token from slot 6
[2022-12-13 00:46:34] [SEVERE ] removing player 3 token from slot 8
[2022-12-13 00:46:35] [SEVERE ] player 3 placing token on slot 9
[2022-12-13 00:46:35] [SEVERE ] player 3 placing token on slot 1
[2022-12-13 00:46:35] [SEVERE ] player 3 placing token on slot 7
[2022-12-13 00:46:35] [SEVERE ] removing player 3 token from slot 1
[2022-12-13 00:46:35] [SEVERE ] removing player 3 token from slot 7
[2022-12-13 00:46:35] [SEVERE ] removing player 3 token from slot 9
[2022-12-13 00:46:35] [SEVERE ] player 3 placing token on slot 10
[2022-12-13 00:46:35] [SEVERE ] player 3 placing token on slot 3
[2022-12-13 00:46:35] [SEVERE ] player 3 placing token on slot 2
[2022-12-13 00:46:35] [SEVERE ] removing player 3 token from slot 2
[2022-12-13 00:46:35] [SEVERE ] removing player 3 token from slot 3
[2022-12-13 00:46:35] [SEVERE ] removing player 3 token from slot 10
[2022-12-13 00:46:35] [SEVERE ] player 3 placing token on slot 8
[2022-12-13 00:46:35] [SEVERE ] player 3 placing token on slot 5
[2022-12-13 00:46:35] [SEVERE ] player 3 placing token on slot 6
[2022-12-13 00:46:35] [SEVERE ] removing player 3 token from slot 5
[2022-12-13 00:46:35] [SEVERE ] removing player 3 token from slot 6
[2022-12-13 00:46:35] [SEVERE ] removing player 3 token from slot 8
[2022-12-13 00:46:35] [SEVERE ] player 3 placing token on slot 2
[2022-12-13 00:46:35] [SEVERE ] player 3 placing token on slot 6
[2022-12-13 00:46:35] [SEVERE ] player 3 placing token on slot 0
[2022-12-13 00:46:35] [SEVERE ] removing player 3 token from slot 0
[2022-12-13 00:46:35] [SEVERE ] removing player 3 token from slot 2
[2022-12-13 00:46:35] [SEVERE ] removing player 3 token from slot 6
[2022-12-13 00:46:35] [SEVERE ] player 3 placing token on slot 5
[2022-12-13 00:46:35] [SEVERE ] player 3 placing token on slot 2
[2022-12-13 00:46:35] [SEVERE ] player 3 placing token on slot 6
[2022-12-13 00:46:35] [SEVERE ] removing player 3 token from slot 2
[2022-12-13 00:46:35] [SEVERE ] removing player 3 token from slot 5
[2022-12-13 00:46:35] [SEVERE ] removing player 3 token from slot 6
[2022-12-13 00:46:35] [SEVERE ] player 3 placing token on slot 8
[2022-12-13 00:46:35] [SEVERE ] player 3 placing token on slot 9
[2022-12-13 00:46:35] [SEVERE ] player 3 placing token on slot 7
[2022-12-13 00:46:35] [SEVERE ] removing player 3 token from slot 7
[2022-12-13 00:46:35] [SEVERE ] removing player 3 token from slot 8
[2022-12-13 00:46:35] [SEVERE ] removing player 3 token from slot 9
[2022-12-13 00:46:35] [SEVERE ] player 3 placing token on slot 11
[2022-12-13 00:46:35] [SEVERE ] player 3 placing token on slot 2
[2022-12-13 00:46:35] [SEVERE ] player 3 placing token on slot 9
[2022-12-13 00:46:35] [SEVERE ] removing player 3 token from slot 2
[2022-12-13 00:46:35] [SEVERE ] removing player 3 token from slot 9
[2022-12-13 00:46:35] [SEVERE ] removing player 3 token from slot 11
[2022-12-13 00:46:35] [SEVERE ] player 3 placing token on slot 1
[2022-12-13 00:46:35] [SEVERE ] player 3 placing token on slot 9
[2022-12-13 00:46:35] [SEVERE ] player 3 placing token on slot 0
[2022-12-13 00:46:35] [SEVERE ] removing player 3 token from slot 0
[2022-12-13 00:46:35] [SEVERE ] removing player 3 token from slot 1
[2022-12-13 00:46:35] [SEVERE ] removing player 3 token from slot 9
[2022-12-13 00:46:35] [SEVERE ] player 3 placing token on slot 10
[2022-12-13 00:46:35] [SEVERE ] player 3 placing token on slot 1
[2022-12-13 00:46:35] [SEVERE ] player 3 placing token on slot 11
[2022-12-13 00:46:35] [SEVERE ] removing player 3 token from slot 1
[2022-12-13 00:46:35] [SEVERE ] removing player 3 token from slot 10
[2022-12-13 00:46:35] [SEVERE ] removing player 3 token from slot 11
[2022-12-13 00:46:35] [SEVERE ] player 3 placing token on slot 0
[2022-12-13 00:46:35] [SEVERE ] player 3 placing token on slot 4
[2022-12-13 00:46:35] [SEVERE ] player 3 placing token on slot 3
[2022-12-13 00:46:35] [SEVERE ] removing player 3 token from slot 0
[2022-12-13 00:46:35] [SEVERE ] removing player 3 token from slot 3
[2022-12-13 00:46:35] [SEVERE ] removing player 3 token from slot 4
[2022-12-13 00:46:35] [SEVERE ] player 3 placing token on slot 6
[2022-12-13 00:46:35] [SEVERE ] player 3 placing token on slot 7
[2022-12-13 00:46:35] [SEVERE ] player 3 placing token on slot 5
[2022-12-13 00:46:35] [SEVERE ] removing player 3 token from slot 5
[2022-12-13 00:46:35] [SEVERE ] removing player 3 token from slot 6
[2022-12-13 00:46:35] [SEVERE ] removing player 3 token from slot 7
[2022-12-13 00:46:35] [SEVERE ] player 3 placing token on slot 8
[2022-12-13 00:46:36] [SEVERE ] player 3 placing token on slot 0
[2022-12-13 00:46:36] [SEVERE ] player 3 placing token on slot 1
[2022-12-13 00:46:36] [SEVERE ] removing player 3 token from slot 0
[2022-12-13 00:46:36] [SEVERE ] removing player 3 token from slot 1
[2022-12-13 00:46:36] [SEVERE ] removing player 3 token from slot 8
[2022-12-13 00:46:36] [SEVERE ] player 3 placing token on slot 4
[2022-12-13 00:46:36] [SEVERE ] player 3 placing token on slot 3
[2022-12-13 00:46:36] [SEVERE ] player 3 placing token on slot 5
[2022-12-13 00:46:36] [SEVERE ] removing player 3 token from slot 3
[2022-12-13 00:46:36] [SEVERE ] removing player 3 token from slot 4
[2022-12-13 00:46:36] [SEVERE ] removing player 3 token from slot 5
[2022-12-13 00:46:36] [SEVERE ] player 3 placing token on slot 9
[2022-12-13 00:46:36] [SEVERE ] player 3 placing token on slot 7
[2022-12-13 00:46:36] [SEVERE ] player 3 placing token on slot 11
[2022-12-13 00:46:36] [SEVERE ] removing player 3 token from slot 7
[2022-12-13 00:46:36] [SEVERE ] removing player 3 token from slot 9
[2022-12-13 00:46:36] [SEVERE ] removing player 3 token from slot 11
[2022-12-13 00:46:36] [SEVERE ] player 3 placing token on slot 10
[2022-12-13 00:46:36] [SEVERE ] player 3 placing token on slot 2
[2022-12-13 00:46:36] [SEVERE ] player 3 placing token on slot 7
[2022-12-13 00:46:36] [SEVERE ] removing player 3 token from slot 2
[2022-12-13 00:46:36] [SEVERE ] removing player 3 token from slot 7
[2022-12-13 00:46:36] [SEVERE ] removing player 3 token from slot 10
[2022-12-13 00:46:36] [SEVERE ] player 3 placing token on slot 7
[2022-12-13 00:46:36] [SEVERE ] player 3 placing token on slot 3
[2022-12-13 00:46:36] [SEVERE ] player 3 placing token on slot 9
[2022-12-13 00:46:36] [SEVERE ] removing player 3 token from slot 3
[2022-12-13 00:46:36] [SEVERE ] removing player 3 token from slot 7
[2022-12-13 00:46:36] [SEVERE ] removing player 3 token from slot 9
[2022-12-13 00:46:36] [SEVERE ] player 3 placing token on slot 5
[2022-12-13 00:46:36] [SEVERE ] player 3 placing token on slot 4
[2022-12-13 00:46:36] [SEVERE ] player 3 placing token on slot 0
[2022-12-13 00:46:36] [SEVERE ] removing player 3 token from slot 0
[2022-12-13 00:46:36] [SEVERE ] removing player 3 token from slot 4
[2022-12-13 00:46:36] [SEVERE ] removing player 3 token from slot 5
[2022-12-13 00:46:36] [SEVERE ] player 3 placing token on slot 0
[2022-12-13 00:46:36] [SEVERE ] player 3 placing token on slot 6
[2022-12-13 00:46:36] [SEVERE ] player 3 placing token on slot 5
[2022-12-13 00:46:36] [SEVERE ] removing player 3 token from slot 0
[2022-12-13 00:46:36] [SEVERE ] removing player 3 token from slot 5
[2022-12-13 00:46:36] [SEVERE ] removing player 3 token from slot 6
[2022-12-13 00:46:36] [SEVERE ] player 3 placing token on slot 6
[2022-12-13 00:46:36] [SEVERE ] player 3 placing token on slot 0
[2022-12-13 00:46:36] [SEVERE ] player 3 placing token on slot 8
[2022-12-13 00:46:36] [SEVERE ] removing player 3 token from slot 0
[2022-12-13 00:46:36] [SEVERE ] removing player 3 token from slot 6
[2022-12-13 00:46:36] [SEVERE ] removing player 3 token from slot 8
[2022-12-13 00:46:36] [SEVERE ] player 3 placing token on slot 2
[2022-12-13 00:46:36] [SEVERE ] player 3 placing token on slot 1
[2022-12-13 00:46:36] [SEVERE ] player 3 placing token on slot 0
[2022-12-13 00:46:36] [SEVERE ] removing player 3 token from slot 0
[2022-12-13 00:46:36] [SEVERE ] removing player 3 token from slot 1
[2022-12-13 00:46:36] [SEVERE ] removing player 3 token from slot 2
[2022-12-13 00:46:36] [SEVERE ] player 3 placing token on slot 5
[2022-12-13 00:46:36] [SEVERE ] player 3 placing token on slot 11
[2022-12-13 00:46:36] [SEVERE ] player 3 placing token on slot 3
[2022-12-13 00:46:36] [SEVERE ] removing player 3 token from slot 3
[2022-12-13 00:46:36] [SEVERE ] removing player 3 token from slot 5
[2022-12-13 00:46:36] [SEVERE ] removing player 3 token from slot 11
[2022-12-13 00:46:36] [SEVERE ] player 3 placing token on slot 9
[2022-12-13 00:46:36] [SEVERE ] player 3 placing token on slot 11
[2022-12-13 00:46:36] [SEVERE ] player 3 placing token on slot 4
[2022-12-13 00:46:36] [SEVERE ] removing player 3 token from slot 4
[2022-12-13 00:46:36] [SEVERE ] removing player 3 token from slot 9
[2022-12-13 00:46:36] [SEVERE ] removing player 3 token from slot 11
[2022-12-13 00:46:36] [SEVERE ] player 3 placing token on slot 0
[2022-12-13 00:46:36] [SEVERE ] player 3 placing token on slot 11
[2022-12-13 00:46:36] [SEVERE ] player 3 placing token on slot 7
[2022-12-13 00:46:36] [SEVERE ] removing player 3 token from slot 0
[2022-12-13 00:46:36] [SEVERE ] removing player 3 token from slot 7
[2022-12-13 00:46:36] [SEVERE ] removing player 3 token from slot 11
[2022-12-13 00:46:36] [SEVERE ] player 3 placing token on slot 10
[2022-12-13 00:46:36] [SEVERE ] player 3 placing token on slot 5
[2022-12-13 00:46:37] [SEVERE ] player 3 placing token on slot 1
[2022-12-13 00:46:37] [SEVERE ] removing player 3 token from slot 1
[2022-12-13 00:46:37] [SEVERE ] removing player 3 token from slot 5
[2022-12-13 00:46:37] [SEVERE ] removing player 3 token from slot 10
[2022-12-13 00:46:37] [SEVERE ] player 3 placing token on slot 3
[2022-12-13 00:46:37] [SEVERE ] player 3 placing token on slot 6
[2022-12-13 00:46:37] [SEVERE ] player 3 placing token on slot 10
[2022-12-13 00:46:37] [SEVERE ] removing player 3 token from slot 3
[2022-12-13 00:46:37] [SEVERE ] removing player 3 token from slot 6
[2022-12-13 00:46:37] [SEVERE ] removing player 3 token from slot 10
[2022-12-13 00:46:37] [SEVERE ] player 3 placing token on slot 3
[2022-12-13 00:46:37] [SEVERE ] player 3 placing token on slot 2
[2022-12-13 00:46:37] [SEVERE ] player 3 placing token on slot 5
[2022-12-13 00:46:37] [SEVERE ] removing player 3 token from slot 2
[2022-12-13 00:46:37] [SEVERE ] removing player 3 token from slot 3
[2022-12-13 00:46:37] [SEVERE ] removing player 3 token from slot 5
[2022-12-13 00:46:37] [SEVERE ] player 3 placing token on slot 4
[2022-12-13 00:46:37] [SEVERE ] player 3 placing token on slot 5
[2022-12-13 00:46:37] [SEVERE ] player 3 placing token on slot 1
[2022-12-13 00:46:37] [SEVERE ] removing player 3 token from slot 1
[2022-12-13 00:46:37] [SEVERE ] removing player 3 token from slot 4
[2022-12-13 00:46:37] [SEVERE ] removing player 3 token from slot 5
[2022-12-13 00:46:37] [SEVERE ] player 3 placing token on slot 6
[2022-12-13 00:46:37] [SEVERE ] player 3 placing token on slot 7
[2022-12-13 00:46:37] [SEVERE ] player 3 placing token on slot 11
[2022-12-13 00:46:37] [SEVERE ] removing player 3 token from slot 6
[2022-12-13 00:46:37] [SEVERE ] removing player 3 token from slot 7
[2022-12-13 00:46:37] [SEVERE ] removing player 3 token from slot 11
[2022-12-13 00:46:37] [SEVERE ] player 3 placing token on slot 10
[2022-12-13 00:46:37] [SEVERE ] player 3 placing token on slot 4
[2022-12-13 00:46:37] [SEVERE ] player 3 placing token on slot 3
[2022-12-13 00:46:37] [SEVERE ] removing player 3 token from slot 3
[2022-12-13 00:46:37] [SEVERE ] removing player 3 token from slot 4
[2022-12-13 00:46:37] [SEVERE ] removing player 3 token from slot 10
[2022-12-13 00:46:37] [SEVERE ] player 3 placing token on slot 1
[2022-12-13 00:46:37] [SEVERE ] player 3 placing token on slot 5
[2022-12-13 00:46:37] [SEVERE ] player 3 placing token on slot 2
[2022-12-13 00:46:37] [SEVERE ] removing player 3 token from slot 1
[2022-12-13 00:46:37] [SEVERE ] removing player 3 token from slot 2
[2022-12-13 00:46:37] [SEVERE ] removing player 3 token from slot 5
[2022-12-13 00:46:37] [SEVERE ] player 3 placing token on slot 2
[2022-12-13 00:46:37] [SEVERE ] player 3 placing token on slot 9
[2022-12-13 00:46:37] [SEVERE ] player 3 placing token on slot 10
[2022-12-13 00:46:37] [SEVERE ] removing player 3 token from slot 2
[2022-12-13 00:46:37] [SEVERE ] removing player 3 token from slot 9
[2022-12-13 00:46:37] [SEVERE ] removing player 3 token from slot 10
[2022-12-13 00:46:37] [SEVERE ] player 3 placing token on slot 9
[2022-12-13 00:46:37] [SEVERE ] player 3 placing token on slot 6
[2022-12-13 00:46:37] [SEVERE ] player 3 placing token on slot 0
[2022-12-13 00:46:37] [SEVERE ] removing player 3 token from slot 0
[2022-12-13 00:46:37] [SEVERE ] removing player 3 token from slot 6
[2022-12-13 00:46:37] [SEVERE ] removing player 3 token from slot 9
[2022-12-13 00:46:37] [SEVERE ] player 3 placing token on slot 10
[2022-12-13 00:46:37] [SEVERE ] player 3 placing token on slot 8
[2022-12-13 00:46:37] [SEVERE ] player 3 placing token on slot 4
[2022-12-13 00:46:37] [SEVERE ] removing player 3 token from slot 4
[2022-12-13 00:46:37] [SEVERE ] removing player 3 token from slot 8
[2022-12-13 00:46:37] [SEVERE ] removing player 3 token from slot 10
[2022-12-13 00:46:37] [SEVERE ] player 3 placing token on slot 3
[2022-12-13 00:46:37] [SEVERE ] player 3 placing token on slot 5
[2022-12-13 00:46:37] [SEVERE ] player 3 placing token on slot 6
[2022-12-13 00:46:37] [SEVERE ] removing player 3 token from slot 3
[2022-12-13 00:46:37] [SEVERE ] removing player 3 token from slot 5
[2022-12-13 00:46:37] [SEVERE ] removing player 3 token from slot 6
[2022-12-13 00:46:37] [SEVERE ] player 3 placing token on slot 0
[2022-12-13 00:46:37] [SEVERE ] player 3 placing token on slot 9
[2022-12-13 00:46:38] [SEVERE ] player 3 placing token on slot 4
[2022-12-13 00:46:38] [SEVERE ] removing player 3 token from slot 0
[2022-12-13 00:46:38] [SEVERE ] removing player 3 token from slot 4
[2022-12-13 00:46:38] [SEVERE ] removing player 3 token from slot 9
[2022-12-13 00:46:38] [SEVERE ] player 3 placing token on slot 8
[2022-12-13 00:46:38] [SEVERE ] player 3 placing token on slot 9
[2022-12-13 00:46:38] [SEVERE ] player 3 placing token on slot 7
[2022-12-13 00:46:38] [SEVERE ] removing player 3 token from slot 7
[2022-12-13 00:46:38] [SEVERE ] removing player 3 token from slot 8
[2022-12-13 00:46:38] [SEVERE ] removing player 3 token from slot 9
[2022-12-13 00:46:38] [SEVERE ] player 3 placing token on slot 9
[2022-12-13 00:46:38] [SEVERE ] player 3 placing token on slot 10
[2022-12-13 00:46:38] [SEVERE ] player 3 placing token on slot 6
[2022-12-13 00:46:38] [SEVERE ] removing player 3 token from slot 6
[2022-12-13 00:46:38] [SEVERE ] removing player 3 token from slot 9
[2022-12-13 00:46:38] [SEVERE ] removing player 3 token from slot 10
[2022-12-13 00:46:38] [SEVERE ] player 3 placing token on slot 9
[2022-12-13 00:46:38] [SEVERE ] player 3 placing token on slot 4
[2022-12-13 00:46:38] [SEVERE ] player 3 placing token on slot 2
[2022-12-13 00:46:38] [SEVERE ] removing player 3 token from slot 2
[2022-12-13 00:46:38] [SEVERE ] removing player 3 token from slot 4
[2022-12-13 00:46:38] [SEVERE ] removing player 3 token from slot 9
[2022-12-13 00:46:38] [SEVERE ] player 3 placing token on slot 6
[2022-12-13 00:46:38] [SEVERE ] player 3 placing token on slot 1
[2022-12-13 00:46:38] [SEVERE ] player 3 placing token on slot 8
[2022-12-13 00:46:38] [SEVERE ] removing player 3 token from slot 1
[2022-12-13 00:46:38] [SEVERE ] removing player 3 token from slot 6
[2022-12-13 00:46:38] [SEVERE ] removing player 3 token from slot 8
[2022-12-13 00:46:38] [SEVERE ] player 3 placing token on slot 0
[2022-12-13 00:46:38] [SEVERE ] player 3 placing token on slot 1
[2022-12-13 00:46:38] [SEVERE ] player 3 placing token on slot 6
[2022-12-13 00:46:38] [SEVERE ] removing player 3 token from slot 0
[2022-12-13 00:46:38] [SEVERE ] removing player 3 token from slot 1
[2022-12-13 00:46:38] [SEVERE ] removing player 3 token from slot 6
[2022-12-13 00:46:38] [SEVERE ] player 3 placing token on slot 11
[2022-12-13 00:46:38] [SEVERE ] player 3 placing token on slot 0
[2022-12-13 00:46:38] [SEVERE ] player 3 placing token on slot 6
[2022-12-13 00:46:38] [SEVERE ] removing player 3 token from slot 0
[2022-12-13 00:46:38] [SEVERE ] removing player 3 token from slot 6
[2022-12-13 00:46:38] [SEVERE ] removing player 3 token from slot 11
[2022-12-13 00:46:38] [SEVERE ] player 3 placing token on slot 9
[2022-12-13 00:46:38] [SEVERE ] player 3 placing token on slot 7
[2022-12-13 00:46:38] [SEVERE ] player 3 placing token on slot 11
[2022-12-13 00:46:38] [SEVERE ] removing player 3 token from slot 7
[2022-12-13 00:46:38] [SEVERE ] removing player 3 token from slot 9
[2022-12-13 00:46:38] [SEVERE ] removing player 3 token from slot 11
[2022-12-13 00:46:38] [SEVERE ] player 3 placing token on slot 9
[2022-12-13 00:46:38] [SEVERE ] player 3 placing token on slot 4
[2022-12-13 00:46:38] [SEVERE ] player 3 placing token on slot 10
[2022-12-13 00:46:38] [SEVERE ] removing player 3 token from slot 4
[2022-12-13 00:46:38] [SEVERE ] removing player 3 token from slot 9
[2022-12-13 00:46:38] [SEVERE ] removing player 3 token from slot 10
[2022-12-13 00:46:38] [SEVERE ] player 3 placing token on slot 10
[2022-12-13 00:46:38] [SEVERE ] player 3 placing token on slot 3
[2022-12-13 00:46:38] [SEVERE ] player 3 placing token on slot 1
[2022-12-13 00:46:38] [SEVERE ] removing player 3 token from slot 1
[2022-12-13 00:46:38] [SEVERE ] removing player 3 token from slot 3
[2022-12-13 00:46:38] [SEVERE ] removing player 3 token from slot 10
[2022-12-13 00:46:38] [SEVERE ] player 3 placing token on slot 0
[2022-12-13 00:46:38] [SEVERE ] player 3 placing token on slot 10
[2022-12-13 00:46:38] [SEVERE ] player 3 placing token on slot 8
[2022-12-13 00:46:38] [SEVERE ] removing player 3 token from slot 0
[2022-12-13 00:46:38] [SEVERE ] removing player 3 token from slot 8
[2022-12-13 00:46:38] [SEVERE ] removing player 3 token from slot 10
[2022-12-13 00:46:38] [SEVERE ] player 3 placing token on slot 0
[2022-12-13 00:46:38] [SEVERE ] player 3 placing token on slot 1
[2022-12-13 00:46:38] [SEVERE ] player 3 placing token on slot 10
[2022-12-13 00:46:38] [SEVERE ] removing player 3 token from slot 0
[2022-12-13 00:46:38] [SEVERE ] removing player 3 token from slot 1
[2022-12-13 00:46:38] [SEVERE ] removing player 3 token from slot 10
[2022-12-13 00:46:39] [SEVERE ] player 3 placing token on slot 6
[2022-12-13 00:46:39] [SEVERE ] player 3 placing token on slot 9
[2022-12-13 00:46:39] [SEVERE ] player 3 placing token on slot 4
[2022-12-13 00:46:39] [SEVERE ] removing player 3 token from slot 4
[2022-12-13 00:46:39] [SEVERE ] removing player 3 token from slot 6
[2022-12-13 00:46:39] [SEVERE ] removing player 3 token from slot 9
[2022-12-13 00:46:39] [SEVERE ] player 3 placing token on slot 0
[2022-12-13 00:46:39] [SEVERE ] player 3 placing token on slot 5
[2022-12-13 00:46:39] [SEVERE ] player 3 placing token on slot 9
[2022-12-13 00:46:39] [SEVERE ] removing player 3 token from slot 0
[2022-12-13 00:46:39] [SEVERE ] removing player 3 token from slot 5
[2022-12-13 00:46:39] [SEVERE ] removing player 3 token from slot 9
[2022-12-13 00:46:39] [SEVERE ] player 3 placing token on slot 10
[2022-12-13 00:46:39] [SEVERE ] player 3 placing token on slot 7
[2022-12-13 00:46:39] [SEVERE ] player 3 placing token on slot 11
[2022-12-13 00:46:39] [SEVERE ] removing player 3 token from slot 7
[2022-12-13 00:46:39] [SEVERE ] removing player 3 token from slot 10
[2022-12-13 00:46:39] [SEVERE ] removing player 3 token from slot 11
[2022-12-13 00:46:39] [SEVERE ] player 3 placing token on slot 0
[2022-12-13 00:46:39] [SEVERE ] player 3 placing token on slot 1
[2022-12-13 00:46:39] [SEVERE ] player 3 placing token on slot 6
[2022-12-13 00:46:39] [SEVERE ] removing player 3 token from slot 0
[2022-12-13 00:46:39] [SEVERE ] removing player 3 token from slot 1
[2022-12-13 00:46:39] [SEVERE ] removing player 3 token from slot 6
[2022-12-13 00:46:39] [SEVERE ] player 3 placing token on slot 8
[2022-12-13 00:46:39] [SEVERE ] player 3 placing token on slot 11
[2022-12-13 00:46:39] [SEVERE ] player 3 placing token on slot 2
[2022-12-13 00:46:39] [SEVERE ] removing player 3 token from slot 2
[2022-12-13 00:46:39] [SEVERE ] removing player 3 token from slot 8
[2022-12-13 00:46:39] [SEVERE ] removing player 3 token from slot 11
[2022-12-13 00:46:39] [SEVERE ] player 3 placing token on slot 6
[2022-12-13 00:46:39] [SEVERE ] player 3 placing token on slot 11
[2022-12-13 00:46:39] [SEVERE ] player 3 placing token on slot 0
[2022-12-13 00:46:39] [SEVERE ] removing player 3 token from slot 0
[2022-12-13 00:46:39] [SEVERE ] removing player 3 token from slot 6
[2022-12-13 00:46:39] [SEVERE ] removing player 3 token from slot 11
[2022-12-13 00:46:39] [SEVERE ] player 3 placing token on slot 0
[2022-12-13 00:46:39] [SEVERE ] player 3 placing token on slot 7
[2022-12-13 00:46:39] [SEVERE ] player 3 placing token on slot 2
[2022-12-13 00:46:39] [SEVERE ] removing player 3 token from slot 0
[2022-12-13 00:46:39] [SEVERE ] removing player 3 token from slot 2
[2022-12-13 00:46:39] [SEVERE ] removing player 3 token from slot 7
[2022-12-13 00:46:39] [SEVERE ] player 3 placing token on slot 1
[2022-12-13 00:46:39] [SEVERE ] player 3 placing token on slot 8
[2022-12-13 00:46:39] [SEVERE ] player 3 placing token on slot 4
[2022-12-13 00:46:39] [SEVERE ] removing player 3 token from slot 1
[2022-12-13 00:46:39] [SEVERE ] removing player 3 token from slot 4
[2022-12-13 00:46:39] [SEVERE ] removing player 3 token from slot 8
[2022-12-13 00:46:39] [SEVERE ] player 3 placing token on slot 4
[2022-12-13 00:46:39] [SEVERE ] player 3 placing token on slot 9
[2022-12-13 00:46:39] [SEVERE ] player 3 placing token on slot 7
[2022-12-13 00:46:39] [SEVERE ] removing player 3 token from slot 4
[2022-12-13 00:46:39] [SEVERE ] removing player 3 token from slot 7
[2022-12-13 00:46:39] [SEVERE ] removing player 3 token from slot 9
[2022-12-13 00:46:39] [SEVERE ] player 3 placing token on slot 1
[2022-12-13 00:46:39] [SEVERE ] player 3 placing token on slot 9
[2022-12-13 00:46:39] [SEVERE ] player 3 placing token on slot 7
[2022-12-13 00:46:39] [SEVERE ] removing player 3 token from slot 1
[2022-12-13 00:46:39] [SEVERE ] removing player 3 token from slot 7
[2022-12-13 00:46:39] [SEVERE ] removing player 3 token from slot 9
[2022-12-13 00:46:39] [SEVERE ] player 3 placing token on slot 4
[2022-12-13 00:46:39] [SEVERE ] player 3 placing token on slot 11
[2022-12-13 00:46:39] [SEVERE ] player 3 placing token on slot 6
[2022-12-13 00:46:39] [SEVERE ] removing player 3 token from slot 4
[2022-12-13 00:46:39] [SEVERE ] removing player 3 token from slot 6
[2022-12-13 00:46:39] [SEVERE ] removing player 3 token from slot 11
[2022-12-13 00:46:40] [SEVERE ] player 3 placing token on slot 3
[2022-12-13 00:46:40] [SEVERE ] player 3 placing token on slot 1
[2022-12-13 00:46:40] [SEVERE ] player 3 placing token on slot 5
[2022-12-13 00:46:40] [SEVERE ] removing player 3 token from slot 1
[2022-12-13 00:46:40] [SEVERE ] removing player 3 token from slot 3
[2022-12-13 00:46:40] [SEVERE ] removing player 3 token from slot 5
[2022-12-13 00:46:40] [SEVERE ] player 3 placing token on slot 5
[2022-12-13 00:46:40] [SEVERE ] player 3 placing token on slot 2
[2022-12-13 00:46:40] [SEVERE ] player 3 placing token on slot 4
[2022-12-13 00:46:40] [SEVERE ] removing player 3 token from slot 2
[2022-12-13 00:46:40] [SEVERE ] removing player 3 token from slot 4
[2022-12-13 00:46:40] [SEVERE ] removing player 3 token from slot 5
[2022-12-13 00:46:40] [SEVERE ] player 3 placing token on slot 5
[2022-12-13 00:46:40] [SEVERE ] player 3 placing token on slot 6
[2022-12-13 00:46:40] [SEVERE ] player 3 placing token on slot 11
[2022-12-13 00:46:40] [SEVERE ] removing player 3 token from slot 5
[2022-12-13 00:46:40] [SEVERE ] removing player 3 token from slot 6
[2022-12-13 00:46:40] [SEVERE ] removing player 3 token from slot 11
[2022-12-13 00:46:40] [SEVERE ] player 3 placing token on slot 4
[2022-12-13 00:46:40] [SEVERE ] player 3 placing token on slot 0
[2022-12-13 00:46:40] [SEVERE ] player 3 placing token on slot 2
[2022-12-13 00:46:40] [SEVERE ] removing player 3 token from slot 0
[2022-12-13 00:46:40] [SEVERE ] removing player 3 token from slot 2
[2022-12-13 00:46:40] [SEVERE ] removing player 3 token from slot 4
[2022-12-13 00:46:40] [SEVERE ] player 3 placing token on slot 4
[2022-12-13 00:46:40] [SEVERE ] player 3 placing token on slot 2
[2022-12-13 00:46:40] [SEVERE ] player 3 placing token on slot 0
[2022-12-13 00:46:40] [SEVERE ] removing player 3 token from slot 0
[2022-12-13 00:46:40] [SEVERE ] removing player 3 token from slot 2
[2022-12-13 00:46:40] [SEVERE ] removing player 3 token from slot 4
[2022-12-13 00:46:40] [SEVERE ] player 3 placing token on slot 4
[2022-12-13 00:46:40] [SEVERE ] player 3 placing token on slot 3
[2022-12-13 00:46:40] [SEVERE ] player 3 placing token on slot 8
[2022-12-13 00:46:40] [SEVERE ] removing player 3 token from slot 3
[2022-12-13 00:46:40] [SEVERE ] removing player 3 token from slot 4
[2022-12-13 00:46:40] [SEVERE ] removing player 3 token from slot 8
[2022-12-13 00:46:40] [SEVERE ] player 3 placing token on slot 3
[2022-12-13 00:46:40] [SEVERE ] player 3 placing token on slot 8
[2022-12-13 00:46:40] [SEVERE ] player 3 placing token on slot 4
[2022-12-13 00:46:40] [SEVERE ] removing player 3 token from slot 3
[2022-12-13 00:46:40] [SEVERE ] removing player 3 token from slot 4
[2022-12-13 00:46:40] [SEVERE ] removing player 3 token from slot 8
[2022-12-13 00:46:40] [SEVERE ] player 3 placing token on slot 6
[2022-12-13 00:46:40] [SEVERE ] player 3 placing token on slot 4
[2022-12-13 00:46:40] [SEVERE ] player 3 placing token on slot 5
[2022-12-13 00:46:40] [SEVERE ] removing player 3 token from slot 4
[2022-12-13 00:46:40] [SEVERE ] removing player 3 token from slot 5
[2022-12-13 00:46:40] [SEVERE ] removing player 3 token from slot 6
[2022-12-13 00:46:40] [SEVERE ] player 3 placing token on slot 2
[2022-12-13 00:46:40] [SEVERE ] player 3 placing token on slot 5
[2022-12-13 00:46:40] [SEVERE ] player 3 placing token on slot 8
[2022-12-13 00:46:40] [SEVERE ] removing player 3 token from slot 2
[2022-12-13 00:46:40] [SEVERE ] removing player 3 token from slot 5
[2022-12-13 00:46:40] [SEVERE ] removing player 3 token from slot 8
[2022-12-13 00:46:40] [SEVERE ] player 3 placing token on slot 2
[2022-12-13 00:46:40] [SEVERE ] player 3 placing token on slot 10
[2022-12-13 00:46:40] [SEVERE ] player 3 placing token on slot 3
[2022-12-13 00:46:40] [SEVERE ] removing player 3 token from slot 2
[2022-12-13 00:46:40] [SEVERE ] removing player 3 token from slot 3
[2022-12-13 00:46:40] [SEVERE ] removing player 3 token from slot 10
[2022-12-13 00:46:40] [SEVERE ] player 3 placing token on slot 1
[2022-12-13 00:46:40] [SEVERE ] player 3 placing token on slot 4
[2022-12-13 00:46:40] [SEVERE ] player 3 placing token on slot 5
[2022-12-13 00:46:40] [SEVERE ] removing player 3 token from slot 1
[2022-12-13 00:46:40] [SEVERE ] removing player 3 token from slot 4
[2022-12-13 00:46:40] [SEVERE ] removing player 3 token from slot 5
[2022-12-13 00:46:40] [SEVERE ] player 3 placing token on slot 4
[2022-12-13 00:46:40] [SEVERE ] player 3 placing token on slot 10
[2022-12-13 00:46:41] [SEVERE ] player 3 placing token on slot 6
[2022-12-13 00:46:41] [SEVERE ] removing player 3 token from slot 4
[2022-12-13 00:46:41] [SEVERE ] removing player 3 token from slot 6
[2022-12-13 00:46:41] [SEVERE ] removing player 3 token from slot 10
[2022-12-13 00:46:41] [SEVERE ] player 3 placing token on slot 0
[2022-12-13 00:46:41] [SEVERE ] player 3 placing token on slot 6
[2022-12-13 00:46:41] [SEVERE ] player 3 placing token on slot 7
[2022-12-13 00:46:41] [SEVERE ] removing player 3 token from slot 0
[2022-12-13 00:46:41] [SEVERE ] removing player 3 token from slot 6
[2022-12-13 00:46:41] [SEVERE ] removing player 3 token from slot 7
[2022-12-13 00:46:41] [SEVERE ] player 3 placing token on slot 6
[2022-12-13 00:46:41] [SEVERE ] player 3 placing token on slot 1
[2022-12-13 00:46:41] [SEVERE ] player 3 placing token on slot 4
[2022-12-13 00:46:41] [SEVERE ] removing player 3 token from slot 1
[2022-12-13 00:46:41] [SEVERE ] removing player 3 token from slot 4
[2022-12-13 00:46:41] [SEVERE ] removing player 3 token from slot 6
[2022-12-13 00:46:41] [SEVERE ] player 3 placing token on slot 4
[2022-12-13 00:46:41] [SEVERE ] player 3 placing token on slot 3
[2022-12-13 00:46:41] [SEVERE ] player 3 placing token on slot 11
[2022-12-13 00:46:41] [SEVERE ] removing player 3 token from slot 3
[2022-12-13 00:46:41] [SEVERE ] removing player 3 token from slot 4
[2022-12-13 00:46:41] [SEVERE ] removing player 3 token from slot 11
[2022-12-13 00:46:41] [SEVERE ] player 3 placing token on slot 8
[2022-12-13 00:46:41] [SEVERE ] player 3 placing token on slot 1
[2022-12-13 00:46:41] [SEVERE ] player 3 placing token on slot 9
[2022-12-13 00:46:41] [SEVERE ] removing player 3 token from slot 1
[2022-12-13 00:46:41] [SEVERE ] removing player 3 token from slot 8
[2022-12-13 00:46:41] [SEVERE ] removing player 3 token from slot 9
[2022-12-13 00:46:41] [SEVERE ] player 3 placing token on slot 10
[2022-12-13 00:46:41] [SEVERE ] player 3 placing token on slot 8
[2022-12-13 00:46:41] [SEVERE ] player 3 placing token on slot 2
[2022-12-13 00:46:41] [SEVERE ] removing player 3 token from slot 2
[2022-12-13 00:46:41] [SEVERE ] removing player 3 token from slot 8
[2022-12-13 00:46:41] [SEVERE ] removing player 3 token from slot 10
[2022-12-13 00:46:41] [SEVERE ] player 3 placing token on slot 1
[2022-12-13 00:46:41] [SEVERE ] player 3 placing token on slot 5
[2022-12-13 00:46:41] [SEVERE ] player 3 placing token on slot 7
[2022-12-13 00:46:41] [SEVERE ] removing player 3 token from slot 1
[2022-12-13 00:46:41] [SEVERE ] removing player 3 token from slot 5
[2022-12-13 00:46:41] [SEVERE ] removing player 3 token from slot 7
[2022-12-13 00:46:41] [SEVERE ] player 3 placing token on slot 2
[2022-12-13 00:46:41] [SEVERE ] player 3 placing token on slot 11
[2022-12-13 00:46:41] [SEVERE ] player 3 placing token on slot 0
[2022-12-13 00:46:41] [SEVERE ] removing player 3 token from slot 0
[2022-12-13 00:46:41] [SEVERE ] removing player 3 token from slot 2
[2022-12-13 00:46:41] [SEVERE ] removing player 3 token from slot 11
[2022-12-13 00:46:41] [SEVERE ] player 3 placing token on slot 6
[2022-12-13 00:46:41] [SEVERE ] player 3 placing token on slot 3
[2022-12-13 00:46:41] [SEVERE ] player 3 placing token on slot 7
[2022-12-13 00:46:41] [SEVERE ] removing player 3 token from slot 3
[2022-12-13 00:46:41] [SEVERE ] removing player 3 token from slot 6
[2022-12-13 00:46:41] [SEVERE ] removing player 3 token from slot 7
[2022-12-13 00:46:41] [SEVERE ] player 3 placing token on slot 5
[2022-12-13 00:46:41] [SEVERE ] player 3 placing token on slot 11
[2022-12-13 00:46:41] [SEVERE ] player 3 placing token on slot 7
[2022-12-13 00:46:41] [SEVERE ] removing player 3 token from slot 5
[2022-12-13 00:46:41] [SEVERE ] removing player 3 token from slot 7
[2022-12-13 00:46:41] [SEVERE ] removing player 3 token from slot 11
[2022-12-13 00:46:41] [SEVERE ] player 3 placing token on slot 7
[2022-12-13 00:46:41] [SEVERE ] player 3 placing token on slot 6
[2022-12-13 00:46:41] [SEVERE ] player 3 placing token on slot 8
[2022-12-13 00:46:41] [SEVERE ] removing player 3 token from slot 6
[2022-12-13 00:46:41] [SEVERE ] removing player 3 token from slot 7
[2022-12-13 00:46:41] [SEVERE ] removing player 3 token from slot 8
[2022-12-13 00:46:42] [SEVERE ] player 3 placing token on slot 9
[2022-12-13 00:46:42] [SEVERE ] player 3 placing token on slot 5
[2022-12-13 00:46:42] [SEVERE ] player 3 placing token on slot 7
[2022-12-13 00:46:42] [SEVERE ] removing tokens from slot 5
[2022-12-13 00:46:42] [SEVERE ] removing card from slot 5
[2022-12-13 00:46:42] [SEVERE ] removing tokens from slot 7
[2022-12-13 00:46:42] [SEVERE ] removing card from slot 7
[2022-12-13 00:46:42] [SEVERE ] removing tokens from slot 9
[2022-12-13 00:46:42] [SEVERE ] removing card from slot 9
[2022-12-13 00:46:42] [SEVERE ] placing card 44 in slot 5
[2022-12-13 00:46:42] [SEVERE ] placing card 34 in slot 7
[2022-12-13 00:46:42] [SEVERE ] placing card 78 in slot 9
[2022-12-13 00:46:42] [SEVERE ] setting player 3 score to 2
[2022-12-13 00:46:42] [SEVERE ] player 3 placing token on slot 0
[2022-12-13 00:46:42] [SEVERE ] player 3 placing token on slot 6
[2022-12-13 00:46:42] [SEVERE ] player 3 placing token on slot 11
[2022-12-13 00:46:42] [SEVERE ] removing player 3 token from slot 0
[2022-12-13 00:46:42] [SEVERE ] removing player 3 token from slot 6
[2022-12-13 00:46:42] [SEVERE ] removing player 3 token from slot 11
[2022-12-13 00:46:42] [SEVERE ] player 3 placing token on slot 6
[2022-12-13 00:46:42] [SEVERE ] player 3 placing token on slot 2
[2022-12-13 00:46:42] [SEVERE ] player 3 placing token on slot 4
[2022-12-13 00:46:42] [SEVERE ] removing player 3 token from slot 2
[2022-12-13 00:46:42] [SEVERE ] removing player 3 token from slot 4
[2022-12-13 00:46:42] [SEVERE ] removing player 3 token from slot 6
[2022-12-13 00:46:42] [SEVERE ] player 3 placing token on slot 7
[2022-12-13 00:46:42] [SEVERE ] player 3 placing token on slot 6
[2022-12-13 00:46:42] [SEVERE ] player 3 placing token on slot 0
[2022-12-13 00:46:42] [SEVERE ] removing player 3 token from slot 0
[2022-12-13 00:46:42] [SEVERE ] removing player 3 token from slot 6
[2022-12-13 00:46:42] [SEVERE ] removing player 3 token from slot 7
[2022-12-13 00:46:42] [SEVERE ] player 3 placing token on slot 6
[2022-12-13 00:46:43] [SEVERE ] player 3 placing token on slot 1
[2022-12-13 00:46:43] [SEVERE ] player 3 placing token on slot 9
[2022-12-13 00:46:43] [SEVERE ] removing player 3 token from slot 1
[2022-12-13 00:46:43] [SEVERE ] removing player 3 token from slot 6
[2022-12-13 00:46:43] [SEVERE ] removing player 3 token from slot 9
[2022-12-13 00:46:43] [SEVERE ] player 3 placing token on slot 2
[2022-12-13 00:46:43] [SEVERE ] player 3 placing token on slot 10
[2022-12-13 00:46:43] [SEVERE ] player 3 placing token on slot 4
[2022-12-13 00:46:43] [SEVERE ] removing player 3 token from slot 2
[2022-12-13 00:46:43] [SEVERE ] removing player 3 token from slot 4
[2022-12-13 00:46:43] [SEVERE ] removing player 3 token from slot 10
[2022-12-13 00:46:43] [SEVERE ] player 3 placing token on slot 11
[2022-12-13 00:46:43] [SEVERE ] player 3 placing token on slot 4
[2022-12-13 00:46:43] [SEVERE ] player 3 placing token on slot 0
[2022-12-13 00:46:43] [SEVERE ] removing player 3 token from slot 0
[2022-12-13 00:46:43] [SEVERE ] removing player 3 token from slot 4
[2022-12-13 00:46:43] [SEVERE ] removing player 3 token from slot 11
[2022-12-13 00:46:43] [SEVERE ] player 3 placing token on slot 1
[2022-12-13 00:46:43] [SEVERE ] player 3 placing token on slot 8
[2022-12-13 00:46:43] [SEVERE ] player 3 placing token on slot 0
[2022-12-13 00:46:43] [SEVERE ] removing player 3 token from slot 0
[2022-12-13 00:46:43] [SEVERE ] removing player 3 token from slot 1
[2022-12-13 00:46:43] [SEVERE ] removing player 3 token from slot 8
[2022-12-13 00:46:43] [SEVERE ] player 3 placing token on slot 5
[2022-12-13 00:46:43] [SEVERE ] player 3 placing token on slot 6
[2022-12-13 00:46:43] [SEVERE ] player 3 placing token on slot 8
[2022-12-13 00:46:43] [SEVERE ] removing player 3 token from slot 5
[2022-12-13 00:46:43] [SEVERE ] removing player 3 token from slot 6
[2022-12-13 00:46:43] [SEVERE ] removing player 3 token from slot 8
[2022-12-13 00:46:43] [SEVERE ] player 3 placing token on slot 1
[2022-12-13 00:46:43] [SEVERE ] player 3 placing token on slot 3
[2022-12-13 00:46:43] [SEVERE ] player 3 placing token on slot 2
[2022-12-13 00:46:43] [SEVERE ] removing player 3 token from slot 1
[2022-12-13 00:46:43] [SEVERE ] removing player 3 token from slot 2
[2022-12-13 00:46:43] [SEVERE ] removing player 3 token from slot 3
[2022-12-13 00:46:43] [SEVERE ] player 3 placing token on slot 1
[2022-12-13 00:46:43] [SEVERE ] player 3 placing token on slot 7
[2022-12-13 00:46:43] [SEVERE ] player 3 placing token on slot 6
[2022-12-13 00:46:43] [SEVERE ] removing player 3 token from slot 1
[2022-12-13 00:46:43] [SEVERE ] removing player 3 token from slot 6
[2022-12-13 00:46:43] [SEVERE ] removing player 3 token from slot 7
[2022-12-13 00:46:43] [SEVERE ] player 3 placing token on slot 6
[2022-12-13 00:46:43] [SEVERE ] player 3 placing token on slot 5
[2022-12-13 00:46:43] [SEVERE ] player 3 placing token on slot 3
[2022-12-13 00:46:43] [SEVERE ] removing player 3 token from slot 3
[2022-12-13 00:46:43] [SEVERE ] removing player 3 token from slot 5
[2022-12-13 00:46:43] [SEVERE ] removing player 3 token from slot 6
[2022-12-13 00:46:43] [SEVERE ] player 3 placing token on slot 9
[2022-12-13 00:46:43] [SEVERE ] player 3 placing token on slot 5
[2022-12-13 00:46:43] [SEVERE ] player 3 placing token on slot 0
[2022-12-13 00:46:43] [SEVERE ] removing player 3 token from slot 0
[2022-12-13 00:46:43] [SEVERE ] removing player 3 token from slot 5
[2022-12-13 00:46:43] [SEVERE ] removing player 3 token from slot 9
[2022-12-13 00:46:43] [SEVERE ] player 3 placing token on slot 1
[2022-12-13 00:46:43] [SEVERE ] player 3 placing token on slot 5
[2022-12-13 00:46:43] [SEVERE ] player 3 placing token on slot 4
[2022-12-13 00:46:43] [SEVERE ] removing player 3 token from slot 1
[2022-12-13 00:46:43] [SEVERE ] removing player 3 token from slot 4
[2022-12-13 00:46:43] [SEVERE ] removing player 3 token from slot 5
[2022-12-13 00:46:43] [SEVERE ] player 3 placing token on slot 0
[2022-12-13 00:46:43] [SEVERE ] player 3 placing token on slot 11
[2022-12-13 00:46:43] [SEVERE ] player 3 placing token on slot 1
[2022-12-13 00:46:43] [SEVERE ] removing player 3 token from slot 0
[2022-12-13 00:46:43] [SEVERE ] removing player 3 token from slot 1
[2022-12-13 00:46:43] [SEVERE ] removing player 3 token from slot 11
[2022-12-13 00:46:43] [SEVERE ] player 3 placing token on slot 4
[2022-12-13 00:46:44] [SEVERE ] player 3 placing token on slot 11
[2022-12-13 00:46:44] [SEVERE ] player 3 placing token on slot 2
[2022-12-13 00:46:44] [SEVERE ] removing player 3 token from slot 2
[2022-12-13 00:46:44] [SEVERE ] removing player 3 token from slot 4
[2022-12-13 00:46:44] [SEVERE ] removing player 3 token from slot 11
[2022-12-13 00:46:44] [SEVERE ] player 3 placing token on slot 11
[2022-12-13 00:46:44] [SEVERE ] player 3 placing token on slot 1
[2022-12-13 00:46:44] [SEVERE ] player 3 placing token on slot 2
[2022-12-13 00:46:44] [SEVERE ] removing player 3 token from slot 1
[2022-12-13 00:46:44] [SEVERE ] removing player 3 token from slot 2
[2022-12-13 00:46:44] [SEVERE ] removing player 3 token from slot 11
[2022-12-13 00:46:44] [SEVERE ] player 3 placing token on slot 11
[2022-12-13 00:46:44] [SEVERE ] player 3 placing token on slot 0
[2022-12-13 00:46:44] [SEVERE ] player 3 placing token on slot 2
[2022-12-13 00:46:44] [SEVERE ] removing player 3 token from slot 0
[2022-12-13 00:46:44] [SEVERE ] removing player 3 token from slot 2
[2022-12-13 00:46:44] [SEVERE ] removing player 3 token from slot 11
[2022-12-13 00:46:44] [SEVERE ] player 3 placing token on slot 7
[2022-12-13 00:46:44] [SEVERE ] player 3 placing token on slot 4
[2022-12-13 00:46:44] [SEVERE ] player 3 placing token on slot 10
[2022-12-13 00:46:44] [SEVERE ] removing player 3 token from slot 4
[2022-12-13 00:46:44] [SEVERE ] removing player 3 token from slot 7
[2022-12-13 00:46:44] [SEVERE ] removing player 3 token from slot 10
[2022-12-13 00:46:44] [SEVERE ] player 3 placing token on slot 6
[2022-12-13 00:46:44] [SEVERE ] player 3 placing token on slot 8
[2022-12-13 00:46:44] [SEVERE ] player 3 placing token on slot 11
[2022-12-13 00:46:44] [SEVERE ] removing player 3 token from slot 6
[2022-12-13 00:46:44] [SEVERE ] removing player 3 token from slot 8
[2022-12-13 00:46:44] [SEVERE ] removing player 3 token from slot 11
[2022-12-13 00:46:44] [SEVERE ] player 3 placing token on slot 7
[2022-12-13 00:46:44] [SEVERE ] player 3 placing token on slot 4
[2022-12-13 00:46:44] [SEVERE ] player 3 placing token on slot 8
[2022-12-13 00:46:44] [SEVERE ] removing player 3 token from slot 4
[2022-12-13 00:46:44] [SEVERE ] removing player 3 token from slot 7
[2022-12-13 00:46:44] [SEVERE ] removing player 3 token from slot 8
[2022-12-13 00:46:44] [SEVERE ] player 3 placing token on slot 0
[2022-12-13 00:46:44] [SEVERE ] player 3 placing token on slot 7
[2022-12-13 00:46:44] [SEVERE ] player 3 placing token on slot 6
[2022-12-13 00:46:44] [SEVERE ] removing player 3 token from slot 0
[2022-12-13 00:46:44] [SEVERE ] removing player 3 token from slot 6
[2022-12-13 00:46:44] [SEVERE ] removing player 3 token from slot 7
[2022-12-13 00:46:44] [SEVERE ] player 3 placing token on slot 6
[2022-12-13 00:46:44] [SEVERE ] player 3 placing token on slot 3
[2022-12-13 00:46:44] [SEVERE ] player 3 placing token on slot 10
[2022-12-13 00:46:44] [SEVERE ] removing player 3 token from slot 3
[2022-12-13 00:46:44] [SEVERE ] removing player 3 token from slot 6
[2022-12-13 00:46:44] [SEVERE ] removing player 3 token from slot 10
[2022-12-13 00:46:44] [SEVERE ] player 3 placing token on slot 9
[2022-12-13 00:46:44] [SEVERE ] player 3 placing token on slot 10
[2022-12-13 00:46:44] [SEVERE ] player 3 placing token on slot 11
[2022-12-13 00:46:44] [SEVERE ] removing player 3 token from slot 9
[2022-12-13 00:46:44] [SEVERE ] removing player 3 token from slot 10
[2022-12-13 00:46:44] [SEVERE ] removing player 3 token from slot 11
[2022-12-13 00:46:44] [SEVERE ] player 3 placing token on slot 1
[2022-12-13 00:46:44] [SEVERE ] player 3 placing token on slot 5
[2022-12-13 00:46:44] [SEVERE ] player 3 placing token on slot 9
[2022-12-13 00:46:44] [SEVERE ] removing player 3 token from slot 1
[2022-12-13 00:46:44] [SEVERE ] removing player 3 token from slot 5
[2022-12-13 00:46:44] [SEVERE ] removing player 3 token from slot 9
[2022-12-13 00:46:44] [SEVERE ] player 3 placing token on slot 0
[2022-12-13 00:46:44] [SEVERE ] player 3 placing token on slot 9
[2022-12-13 00:46:44] [SEVERE ] player 3 placing token on slot 6
[2022-12-13 00:46:44] [SEVERE ] removing player 3 token from slot 0
[2022-12-13 00:46:44] [SEVERE ] removing player 3 token from slot 6
[2022-12-13 00:46:44] [SEVERE ] removing player 3 token from slot 9
[2022-12-13 00:46:44] [SEVERE ] player 3 placing token on slot 8
[2022-12-13 00:46:44] [SEVERE ] player 3 placing token on slot 4
[2022-12-13 00:46:44] [SEVERE ] player 3 placing token on slot 1
[2022-12-13 00:46:44] [SEVERE ] removing player 3 token from slot 1
[2022-12-13 00:46:44] [SEVERE ] removing player 3 token from slot 4
[2022-12-13 00:46:44] [SEVERE ] removing player 3 token from slot 8
[2022-12-13 00:46:45] [SEVERE ] player 3 placing token on slot 1
[2022-12-13 00:46:45] [SEVERE ] player 3 placing token on slot 11
[2022-12-13 00:46:45] [SEVERE ] player 3 placing token on slot 7
[2022-12-13 00:46:45] [SEVERE ] removing player 3 token from slot 1
[2022-12-13 00:46:45] [SEVERE ] removing player 3 token from slot 7
[2022-12-13 00:46:45] [SEVERE ] removing player 3 token from slot 11
[2022-12-13 00:46:45] [SEVERE ] player 3 placing token on slot 5
[2022-12-13 00:46:45] [SEVERE ] player 3 placing token on slot 1
[2022-12-13 00:46:45] [SEVERE ] player 3 placing token on slot 3
[2022-12-13 00:46:45] [SEVERE ] removing player 3 token from slot 1
[2022-12-13 00:46:45] [SEVERE ] removing player 3 token from slot 3
[2022-12-13 00:46:45] [SEVERE ] removing player 3 token from slot 5
[2022-12-13 00:46:45] [SEVERE ] player 3 placing token on slot 3
[2022-12-13 00:46:45] [SEVERE ] player 3 placing token on slot 0
[2022-12-13 00:46:45] [SEVERE ] player 3 placing token on slot 1
[2022-12-13 00:46:45] [SEVERE ] removing player 3 token from slot 0
[2022-12-13 00:46:45] [SEVERE ] removing player 3 token from slot 1
[2022-12-13 00:46:45] [SEVERE ] removing player 3 token from slot 3
[2022-12-13 00:46:45] [SEVERE ] player 3 placing token on slot 9
[2022-12-13 00:46:45] [SEVERE ] player 3 placing token on slot 10
[2022-12-13 00:46:45] [SEVERE ] player 3 placing token on slot 7
[2022-12-13 00:46:45] [SEVERE ] removing player 3 token from slot 7
[2022-12-13 00:46:45] [SEVERE ] removing player 3 token from slot 9
[2022-12-13 00:46:45] [SEVERE ] removing player 3 token from slot 10
[2022-12-13 00:46:45] [SEVERE ] player 3 placing token on slot 5
[2022-12-13 00:46:45] [SEVERE ] player 3 placing token on slot 11
[2022-12-13 00:46:45] [SEVERE ] player 3 placing token on slot 3
[2022-12-13 00:46:45] [SEVERE ] removing player 3 token from slot 3
[2022-12-13 00:46:45] [SEVERE ] removing player 3 token from slot 5
[2022-12-13 00:46:45] [SEVERE ] removing player 3 token from slot 11
[2022-12-13 00:46:45] [SEVERE ] player 3 placing token on slot 3
[2022-12-13 00:46:45] [SEVERE ] player 3 placing token on slot 11
[2022-12-13 00:46:45] [SEVERE ] player 3 placing token on slot 0
[2022-12-13 00:46:45] [SEVERE ] removing player 3 token from slot 0
[2022-12-13 00:46:45] [SEVERE ] removing player 3 token from slot 3
[2022-12-13 00:46:45] [SEVERE ] removing player 3 token from slot 11
[2022-12-13 00:46:45] [SEVERE ] player 3 placing token on slot 3
[2022-12-13 00:46:45] [SEVERE ] player 3 placing token on slot 5
[2022-12-13 00:46:45] [SEVERE ] player 3 placing token on slot 4
[2022-12-13 00:46:45] [SEVERE ] removing player 3 token from slot 3
[2022-12-13 00:46:45] [SEVERE ] removing player 3 token from slot 4
[2022-12-13 00:46:45] [SEVERE ] removing player 3 token from slot 5
[2022-12-13 00:46:45] [SEVERE ] player 3 placing token on slot 0
[2022-12-13 00:46:45] [SEVERE ] player 3 placing token on slot 8
[2022-12-13 00:46:45] [SEVERE ] player 3 placing token on slot 9
[2022-12-13 00:46:45] [SEVERE ] removing player 3 token from slot 0
[2022-12-13 00:46:45] [SEVERE ] removing player 3 token from slot 8
[2022-12-13 00:46:45] [SEVERE ] removing player 3 token from slot 9
[2022-12-13 00:46:45] [SEVERE ] player 3 placing token on slot 0
[2022-12-13 00:46:45] [SEVERE ] player 3 placing token on slot 6
[2022-12-13 00:46:45] [SEVERE ] player 3 placing token on slot 2
[2022-12-13 00:46:45] [SEVERE ] removing player 3 token from slot 0
[2022-12-13 00:46:45] [SEVERE ] removing player 3 token from slot 2
[2022-12-13 00:46:45] [SEVERE ] removing player 3 token from slot 6
[2022-12-13 00:46:45] [SEVERE ] player 3 placing token on slot 11
[2022-12-13 00:46:45] [SEVERE ] player 3 placing token on slot 3
[2022-12-13 00:46:45] [SEVERE ] player 3 placing token on slot 0
[2022-12-13 00:46:45] [SEVERE ] removing player 3 token from slot 0
[2022-12-13 00:46:45] [SEVERE ] removing player 3 token from slot 3
[2022-12-13 00:46:45] [SEVERE ] removing player 3 token from slot 11
