[2022-12-12 16:54:24] [INFO   ] cannot read configuration file config.properties trying from resources.
[2022-12-12 16:54:24] [INFO   ] configuration file was loaded from resources directory.
[2022-12-12 16:54:24] [INFO   ] Thread Thread-0starting.
[2022-12-12 16:54:24] [INFO   ] Thread Thread-1starting.
[2022-12-12 16:54:24] [INFO   ] Thread dealer starting.
[2022-12-12 16:54:24] [SEVERE ] placing card 80 in slot 0
[2022-12-12 16:54:25] [SEVERE ] placing card 14 in slot 1
[2022-12-12 16:54:25] [SEVERE ] placing card 19 in slot 2
[2022-12-12 16:54:25] [SEVERE ] placing card 59 in slot 3
[2022-12-12 16:54:25] [SEVERE ] placing card 65 in slot 4
[2022-12-12 16:54:25] [SEVERE ] placing card 57 in slot 5
[2022-12-12 16:54:25] [SEVERE ] placing card 78 in slot 6
[2022-12-12 16:54:25] [SEVERE ] placing card 8 in slot 7
[2022-12-12 16:54:25] [SEVERE ] placing card 5 in slot 8
[2022-12-12 16:54:25] [SEVERE ] placing card 60 in slot 9
[2022-12-12 16:54:26] [SEVERE ] placing card 56 in slot 10
[2022-12-12 16:54:26] [SEVERE ] placing card 27 in slot 11
[2022-12-12 16:54:29] [SEVERE ] Key 81 was pressed by player 0
[2022-12-12 16:54:29] [SEVERE ] player 0 placing token on slot 0
[2022-12-12 16:54:29] [SEVERE ] Key 87 was pressed by player 0
[2022-12-12 16:54:29] [SEVERE ] player 0 placing token on slot 1
[2022-12-12 16:54:29] [SEVERE ] Key 69 was pressed by player 0
[2022-12-12 16:54:29] [SEVERE ] player 0 placing token on slot 2
[2022-12-12 16:54:30] [SEVERE ] Key 81 was pressed by player 0
[2022-12-12 16:54:30] [SEVERE ] Key 87 was pressed by player 0
[2022-12-12 16:54:33] [SEVERE ] removing player 0 token from slot 1
[2022-12-12 16:54:33] [SEVERE ] Key 69 was pressed by player 0
[2022-12-12 16:54:33] [SEVERE ] removing player 0 token from slot 2
[2022-12-12 16:54:33] [SEVERE ] Key 81 was pressed by player 0
[2022-12-12 16:54:33] [SEVERE ] removing player 0 token from slot 0
[2022-12-12 16:54:33] [SEVERE ] Key 87 was pressed by player 0
[2022-12-12 16:54:33] [SEVERE ] player 0 placing token on slot 1
[2022-12-12 16:54:33] [SEVERE ] Key 69 was pressed by player 0
[2022-12-12 16:54:33] [SEVERE ] player 0 placing token on slot 2
[2022-12-12 16:54:33] [SEVERE ] Key 81 was pressed by player 0
[2022-12-12 16:54:33] [SEVERE ] player 0 placing token on slot 0
[2022-12-12 16:54:33] [SEVERE ] Key 87 was pressed by player 0
[2022-12-12 16:54:33] [SEVERE ] Key 69 was pressed by player 0
[2022-12-12 16:54:36] [SEVERE ] removing player 0 token from slot 2
[2022-12-12 16:54:36] [SEVERE ] Key 81 was pressed by player 0
[2022-12-12 16:54:36] [SEVERE ] removing player 0 token from slot 0
[2022-12-12 16:54:36] [SEVERE ] Key 87 was pressed by player 0
[2022-12-12 16:54:36] [SEVERE ] removing player 0 token from slot 1
[2022-12-12 16:54:36] [SEVERE ] Key 69 was pressed by player 0
[2022-12-12 16:54:36] [SEVERE ] player 0 placing token on slot 2
[2022-12-12 16:54:36] [SEVERE ] Key 81 was pressed by player 0
[2022-12-12 16:54:36] [SEVERE ] player 0 placing token on slot 0
[2022-12-12 16:54:36] [SEVERE ] Key 87 was pressed by player 0
[2022-12-12 16:54:36] [SEVERE ] player 0 placing token on slot 1
[2022-12-12 16:54:36] [SEVERE ] Key 69 was pressed by player 0
[2022-12-12 16:54:36] [SEVERE ] Key 81 was pressed by player 0
[2022-12-12 16:54:39] [SEVERE ] removing player 0 token from slot 0
[2022-12-12 16:54:39] [SEVERE ] Key 87 was pressed by player 0
[2022-12-12 16:54:39] [SEVERE ] removing player 0 token from slot 1
[2022-12-12 16:54:39] [SEVERE ] Key 69 was pressed by player 0
[2022-12-12 16:54:39] [SEVERE ] removing player 0 token from slot 2
[2022-12-12 16:54:39] [SEVERE ] Key 81 was pressed by player 0
[2022-12-12 16:54:39] [SEVERE ] player 0 placing token on slot 0
[2022-12-12 16:54:39] [SEVERE ] Key 87 was pressed by player 0
[2022-12-12 16:54:39] [SEVERE ] player 0 placing token on slot 1
[2022-12-12 16:54:39] [SEVERE ] Key 69 was pressed by player 0
[2022-12-12 16:54:39] [SEVERE ] player 0 placing token on slot 2
[2022-12-12 16:54:39] [SEVERE ] Key 81 was pressed by player 0
[2022-12-12 16:54:39] [SEVERE ] Key 87 was pressed by player 0
[2022-12-12 16:54:42] [SEVERE ] removing player 0 token from slot 1
[2022-12-12 16:54:42] [SEVERE ] Key 69 was pressed by player 0
[2022-12-12 16:54:42] [SEVERE ] removing player 0 token from slot 2
[2022-12-12 16:54:42] [SEVERE ] Key 81 was pressed by player 0
[2022-12-12 16:54:42] [SEVERE ] removing player 0 token from slot 0
[2022-12-12 16:54:42] [SEVERE ] Key 87 was pressed by player 0
[2022-12-12 16:54:42] [SEVERE ] player 0 placing token on slot 1
[2022-12-12 16:54:42] [SEVERE ] Key 69 was pressed by player 0
[2022-12-12 16:54:42] [SEVERE ] player 0 placing token on slot 2
[2022-12-12 16:54:42] [SEVERE ] Key 81 was pressed by player 0
[2022-12-12 16:54:42] [SEVERE ] player 0 placing token on slot 0
[2022-12-12 16:54:42] [SEVERE ] Key 87 was pressed by player 0
[2022-12-12 16:54:42] [SEVERE ] Key 69 was pressed by player 0
[2022-12-12 16:54:45] [SEVERE ] removing player 0 token from slot 2
[2022-12-12 16:54:45] [SEVERE ] Key 81 was pressed by player 0
[2022-12-12 16:54:45] [SEVERE ] removing player 0 token from slot 0
[2022-12-12 16:54:45] [SEVERE ] Key 87 was pressed by player 0
[2022-12-12 16:54:45] [SEVERE ] removing player 0 token from slot 1
[2022-12-12 16:54:45] [SEVERE ] Key 69 was pressed by player 0
[2022-12-12 16:54:45] [SEVERE ] player 0 placing token on slot 2
[2022-12-12 16:54:45] [SEVERE ] Key 81 was pressed by player 0
[2022-12-12 16:54:45] [SEVERE ] player 0 placing token on slot 0
[2022-12-12 16:54:45] [SEVERE ] Key 87 was pressed by player 0
[2022-12-12 16:54:45] [SEVERE ] player 0 placing token on slot 1
[2022-12-12 16:54:45] [SEVERE ] Key 69 was pressed by player 0
