[2022-12-12 19:20:17] [INFO   ] cannot read configuration file config.properties trying from resources.
[2022-12-12 19:20:17] [INFO   ] configuration file was loaded from resources directory.
[2022-12-12 19:20:18] [INFO   ] Thread dealer starting.
[2022-12-12 19:20:18] [INFO   ] Thread Thread-1starting.
[2022-12-12 19:20:18] [INFO   ] Thread Thread-0starting.
[2022-12-12 19:20:18] [SEVERE ] placing card 55 in slot 0
[2022-12-12 19:20:18] [SEVERE ] placing card 29 in slot 1
[2022-12-12 19:20:18] [SEVERE ] placing card 16 in slot 2
[2022-12-12 19:20:18] [SEVERE ] placing card 42 in slot 3
[2022-12-12 19:20:18] [SEVERE ] placing card 56 in slot 4
[2022-12-12 19:20:18] [SEVERE ] placing card 21 in slot 5
[2022-12-12 19:20:18] [SEVERE ] placing card 30 in slot 6
[2022-12-12 19:20:19] [SEVERE ] placing card 64 in slot 7
[2022-12-12 19:20:19] [SEVERE ] placing card 46 in slot 8
[2022-12-12 19:20:19] [SEVERE ] placing card 23 in slot 9
[2022-12-12 19:20:19] [SEVERE ] placing card 13 in slot 10
[2022-12-12 19:20:19] [SEVERE ] placing card 24 in slot 11
[2022-12-12 19:20:20] [SEVERE ] Key 81 was pressed by player 0
[2022-12-12 19:20:20] [SEVERE ] player 0 placing token on slot 0
[2022-12-12 19:20:21] [SEVERE ] Key 87 was pressed by player 0
[2022-12-12 19:20:21] [SEVERE ] player 0 placing token on slot 1
[2022-12-12 19:20:22] [SEVERE ] Key 69 was pressed by player 0
[2022-12-12 19:20:22] [SEVERE ] player 0 placing token on slot 2
[2022-12-12 19:20:22] [INFO   ] Thread main terminated.
