[2022-12-12 14:19:04] [INFO   ] cannot read configuration file config.properties trying from resources.
[2022-12-12 14:19:04] [INFO   ] configuration file was loaded from resources directory.
[2022-12-12 14:19:05] [INFO   ] Thread dealer starting.
[2022-12-12 14:19:05] [INFO   ] Thread Thread-1starting.
[2022-12-12 14:19:05] [INFO   ] Thread Thread-2starting.
[2022-12-12 14:19:05] [INFO   ] Thread Thread-5starting.
[2022-12-12 14:19:05] [INFO   ] Thread Thread-4starting.
[2022-12-12 14:19:05] [INFO   ] Thread Thread-3starting.
[2022-12-12 14:19:05] [INFO   ] Thread Thread-0starting.
[2022-12-12 14:19:05] [INFO   ] Thread computer-4 starting.
[2022-12-12 14:19:05] [INFO   ] Thread computer-5 starting.
[2022-12-12 14:19:05] [INFO   ] Thread computer-2 starting.
[2022-12-12 14:19:05] [INFO   ] Thread computer-3 starting.
[2022-12-12 14:19:05] [SEVERE ] placing card 15 in slot 0
[2022-12-12 14:19:05] [SEVERE ] placing card 13 in slot 1
[2022-12-12 14:19:05] [SEVERE ] placing card 46 in slot 2
[2022-12-12 14:19:05] [SEVERE ] placing card 29 in slot 3
[2022-12-12 14:19:05] [SEVERE ] placing card 53 in slot 4
[2022-12-12 14:19:05] [SEVERE ] placing card 9 in slot 5
[2022-12-12 14:19:05] [SEVERE ] placing card 50 in slot 6
[2022-12-12 14:19:06] [SEVERE ] placing card 10 in slot 7
[2022-12-12 14:19:06] [SEVERE ] placing card 35 in slot 8
[2022-12-12 14:19:06] [SEVERE ] placing card 63 in slot 9
[2022-12-12 14:19:06] [SEVERE ] placing card 11 in slot 10
[2022-12-12 14:19:06] [SEVERE ] placing card 32 in slot 11
[2022-12-12 14:19:07] [SEVERE ] player 5 placing token on slot 0
[2022-12-12 14:19:07] [SEVERE ] player 4 placing token on slot 4
[2022-12-12 14:19:07] [SEVERE ] player 3 placing token on slot 1
[2022-12-12 14:19:07] [SEVERE ] player 2 placing token on slot 9
[2022-12-12 14:19:07] [SEVERE ] player 5 placing token on slot 4
[2022-12-12 14:19:07] [SEVERE ] player 4 placing token on slot 10
[2022-12-12 14:19:08] [SEVERE ] player 3 placing token on slot 11
[2022-12-12 14:19:08] [SEVERE ] player 2 placing token on slot 6
[2022-12-12 14:19:08] [SEVERE ] player 4 placing token on slot 9
[2022-12-12 14:19:08] [SEVERE ] removing player 4 token from slot 4
[2022-12-12 14:19:08] [SEVERE ] removing player 4 token from slot 9
[2022-12-12 14:19:08] [SEVERE ] removing player 4 token from slot 10
[2022-12-12 14:19:08] [SEVERE ] player 5 placing token on slot 11
[2022-12-12 14:19:08] [SEVERE ] removing player 5 token from slot 0
[2022-12-12 14:19:08] [SEVERE ] removing player 5 token from slot 4
[2022-12-12 14:19:08] [SEVERE ] removing player 5 token from slot 11
[2022-12-12 14:19:09] [SEVERE ] player 3 placing token on slot 8
[2022-12-12 14:19:09] [SEVERE ] removing player 3 token from slot 1
[2022-12-12 14:19:09] [SEVERE ] removing player 3 token from slot 8
[2022-12-12 14:19:09] [SEVERE ] removing player 3 token from slot 11
[2022-12-12 14:19:09] [SEVERE ] player 4 placing token on slot 8
[2022-12-12 14:19:09] [SEVERE ] player 5 placing token on slot 10
[2022-12-12 14:19:09] [SEVERE ] player 2 placing token on slot 10
[2022-12-12 14:19:09] [SEVERE ] removing player 2 token from slot 6
[2022-12-12 14:19:09] [SEVERE ] removing player 2 token from slot 9
[2022-12-12 14:19:09] [SEVERE ] removing player 2 token from slot 10
[2022-12-12 14:19:09] [SEVERE ] player 3 placing token on slot 4
[2022-12-12 14:19:09] [SEVERE ] player 4 placing token on slot 1
[2022-12-12 14:19:09] [SEVERE ] player 2 placing token on slot 5
[2022-12-12 14:19:10] [SEVERE ] player 5 placing token on slot 2
[2022-12-12 14:19:10] [SEVERE ] player 3 placing token on slot 1
[2022-12-12 14:19:10] [SEVERE ] player 4 placing token on slot 2
[2022-12-12 14:19:10] [SEVERE ] removing player 4 token from slot 1
[2022-12-12 14:19:10] [SEVERE ] removing player 4 token from slot 2
[2022-12-12 14:19:10] [SEVERE ] removing player 4 token from slot 8
[2022-12-12 14:19:10] [SEVERE ] player 2 placing token on slot 0
[2022-12-12 14:19:10] [SEVERE ] player 5 placing token on slot 11
[2022-12-12 14:19:10] [SEVERE ] removing player 5 token from slot 2
[2022-12-12 14:19:10] [SEVERE ] removing player 5 token from slot 10
[2022-12-12 14:19:10] [SEVERE ] removing player 5 token from slot 11
[2022-12-12 14:19:11] [SEVERE ] player 4 placing token on slot 9
[2022-12-12 14:19:11] [SEVERE ] player 3 placing token on slot 2
[2022-12-12 14:19:11] [SEVERE ] removing player 3 token from slot 1
[2022-12-12 14:19:11] [SEVERE ] removing player 3 token from slot 2
[2022-12-12 14:19:11] [SEVERE ] removing player 3 token from slot 4
[2022-12-12 14:19:11] [SEVERE ] player 2 placing token on slot 7
[2022-12-12 14:19:11] [SEVERE ] removing player 2 token from slot 0
[2022-12-12 14:19:11] [SEVERE ] removing player 2 token from slot 5
[2022-12-12 14:19:11] [SEVERE ] removing player 2 token from slot 7
[2022-12-12 14:19:11] [SEVERE ] player 3 placing token on slot 9
[2022-12-12 14:19:11] [SEVERE ] player 4 placing token on slot 11
[2022-12-12 14:19:11] [SEVERE ] player 5 placing token on slot 3
[2022-12-12 14:19:12] [SEVERE ] player 2 placing token on slot 8
[2022-12-12 14:19:12] [SEVERE ] player 3 placing token on slot 11
[2022-12-12 14:19:12] [SEVERE ] player 4 placing token on slot 6
[2022-12-12 14:19:12] [SEVERE ] removing player 4 token from slot 6
[2022-12-12 14:19:12] [SEVERE ] removing player 4 token from slot 9
[2022-12-12 14:19:12] [SEVERE ] removing player 4 token from slot 11
[2022-12-12 14:19:12] [SEVERE ] player 5 placing token on slot 4
[2022-12-12 14:19:12] [SEVERE ] player 2 placing token on slot 4
[2022-12-12 14:19:12] [SEVERE ] player 3 placing token on slot 0
[2022-12-12 14:19:12] [SEVERE ] removing player 3 token from slot 0
[2022-12-12 14:19:12] [SEVERE ] removing player 3 token from slot 9
[2022-12-12 14:19:12] [SEVERE ] removing player 3 token from slot 11
[2022-12-12 14:19:13] [SEVERE ] player 4 placing token on slot 3
[2022-12-12 14:19:13] [SEVERE ] player 5 placing token on slot 1
[2022-12-12 14:19:13] [SEVERE ] removing player 5 token from slot 1
[2022-12-12 14:19:13] [SEVERE ] removing player 5 token from slot 3
[2022-12-12 14:19:13] [SEVERE ] removing player 5 token from slot 4
[2022-12-12 14:19:13] [SEVERE ] player 3 placing token on slot 6
[2022-12-12 14:19:13] [SEVERE ] player 2 placing token on slot 1
[2022-12-12 14:19:13] [SEVERE ] removing player 2 token from slot 1
[2022-12-12 14:19:13] [SEVERE ] removing player 2 token from slot 4
[2022-12-12 14:19:13] [SEVERE ] removing player 2 token from slot 8
[2022-12-12 14:19:13] [SEVERE ] player 4 placing token on slot 9
[2022-12-12 14:19:14] [SEVERE ] player 3 placing token on slot 2
[2022-12-12 14:19:14] [SEVERE ] player 5 placing token on slot 0
[2022-12-12 14:19:14] [SEVERE ] player 4 placing token on slot 10
[2022-12-12 14:19:14] [SEVERE ] removing player 4 token from slot 3
[2022-12-12 14:19:14] [SEVERE ] removing player 4 token from slot 9
[2022-12-12 14:19:14] [SEVERE ] removing player 4 token from slot 10
[2022-12-12 14:19:14] [SEVERE ] player 2 placing token on slot 7
[2022-12-12 14:19:14] [SEVERE ] player 5 placing token on slot 9
[2022-12-12 14:19:15] [SEVERE ] player 3 placing token on slot 5
[2022-12-12 14:19:15] [SEVERE ] removing player 3 token from slot 2
[2022-12-12 14:19:15] [SEVERE ] removing player 3 token from slot 5
[2022-12-12 14:19:15] [SEVERE ] removing player 3 token from slot 6
[2022-12-12 14:19:15] [SEVERE ] player 2 placing token on slot 2
[2022-12-12 14:19:15] [SEVERE ] player 4 placing token on slot 3
[2022-12-12 14:19:15] [SEVERE ] player 5 placing token on slot 10
[2022-12-12 14:19:15] [SEVERE ] removing player 5 token from slot 0
[2022-12-12 14:19:15] [SEVERE ] removing player 5 token from slot 9
[2022-12-12 14:19:15] [SEVERE ] removing player 5 token from slot 10
[2022-12-12 14:19:15] [SEVERE ] player 3 placing token on slot 3
[2022-12-12 14:19:15] [SEVERE ] player 2 placing token on slot 0
[2022-12-12 14:19:15] [SEVERE ] removing player 2 token from slot 0
[2022-12-12 14:19:15] [SEVERE ] removing player 2 token from slot 2
[2022-12-12 14:19:15] [SEVERE ] removing player 2 token from slot 7
[2022-12-12 14:19:16] [SEVERE ] player 4 placing token on slot 6
[2022-12-12 14:19:16] [SEVERE ] player 5 placing token on slot 0
[2022-12-12 14:19:16] [SEVERE ] player 2 placing token on slot 11
[2022-12-12 14:19:16] [SEVERE ] player 4 placing token on slot 5
[2022-12-12 14:19:16] [SEVERE ] removing player 4 token from slot 3
[2022-12-12 14:19:16] [SEVERE ] removing player 4 token from slot 5
[2022-12-12 14:19:16] [SEVERE ] removing player 4 token from slot 6
[2022-12-12 14:19:16] [SEVERE ] player 5 placing token on slot 4
[2022-12-12 14:19:16] [SEVERE ] player 3 placing token on slot 9
[2022-12-12 14:19:17] [SEVERE ] player 3 placing token on slot 0
[2022-12-12 14:19:17] [SEVERE ] removing player 3 token from slot 0
[2022-12-12 14:19:17] [SEVERE ] removing player 3 token from slot 3
[2022-12-12 14:19:17] [SEVERE ] removing player 3 token from slot 9
[2022-12-12 14:19:17] [SEVERE ] player 2 placing token on slot 3
[2022-12-12 14:19:17] [SEVERE ] player 5 placing token on slot 9
[2022-12-12 14:19:17] [SEVERE ] removing player 5 token from slot 0
[2022-12-12 14:19:17] [SEVERE ] removing player 5 token from slot 4
[2022-12-12 14:19:17] [SEVERE ] removing player 5 token from slot 9
[2022-12-12 14:19:17] [SEVERE ] player 4 placing token on slot 7
[2022-12-12 14:19:18] [SEVERE ] player 3 placing token on slot 3
[2022-12-12 14:19:18] [SEVERE ] player 5 placing token on slot 10
[2022-12-12 14:19:18] [SEVERE ] player 2 placing token on slot 6
[2022-12-12 14:19:18] [SEVERE ] removing player 2 token from slot 3
[2022-12-12 14:19:18] [SEVERE ] removing player 2 token from slot 6
[2022-12-12 14:19:18] [SEVERE ] removing player 2 token from slot 11
[2022-12-12 14:19:18] [SEVERE ] player 4 placing token on slot 0
[2022-12-12 14:19:18] [SEVERE ] player 5 placing token on slot 2
[2022-12-12 14:19:18] [SEVERE ] player 3 placing token on slot 8
[2022-12-12 14:19:18] [SEVERE ] player 2 placing token on slot 5
[2022-12-12 14:19:19] [SEVERE ] player 4 placing token on slot 6
[2022-12-12 14:19:19] [SEVERE ] removing player 4 token from slot 0
[2022-12-12 14:19:19] [SEVERE ] removing player 4 token from slot 6
[2022-12-12 14:19:19] [SEVERE ] removing player 4 token from slot 7
[2022-12-12 14:19:19] [SEVERE ] player 5 placing token on slot 5
[2022-12-12 14:19:19] [SEVERE ] removing player 5 token from slot 2
[2022-12-12 14:19:19] [SEVERE ] removing player 5 token from slot 5
[2022-12-12 14:19:19] [SEVERE ] removing player 5 token from slot 10
[2022-12-12 14:19:19] [SEVERE ] player 3 placing token on slot 5
[2022-12-12 14:19:19] [SEVERE ] removing player 3 token from slot 3
[2022-12-12 14:19:19] [SEVERE ] removing player 3 token from slot 5
[2022-12-12 14:19:19] [SEVERE ] removing player 3 token from slot 8
[2022-12-12 14:19:19] [SEVERE ] player 2 placing token on slot 0
[2022-12-12 14:19:20] [SEVERE ] player 5 placing token on slot 3
[2022-12-12 14:19:20] [SEVERE ] player 4 placing token on slot 6
[2022-12-12 14:19:20] [SEVERE ] player 2 placing token on slot 9
[2022-12-12 14:19:20] [SEVERE ] removing player 2 token from slot 0
[2022-12-12 14:19:20] [SEVERE ] removing player 2 token from slot 5
[2022-12-12 14:19:20] [SEVERE ] removing player 2 token from slot 9
[2022-12-12 14:19:20] [SEVERE ] player 3 placing token on slot 3
[2022-12-12 14:19:20] [SEVERE ] player 5 placing token on slot 4
[2022-12-12 14:19:21] [SEVERE ] player 2 placing token on slot 2
[2022-12-12 14:19:21] [SEVERE ] player 4 placing token on slot 11
[2022-12-12 14:19:21] [SEVERE ] player 3 placing token on slot 8
[2022-12-12 14:19:21] [SEVERE ] player 5 placing token on slot 5
[2022-12-12 14:19:21] [SEVERE ] removing player 5 token from slot 3
[2022-12-12 14:19:21] [SEVERE ] removing player 5 token from slot 4
[2022-12-12 14:19:21] [SEVERE ] removing player 5 token from slot 5
[2022-12-12 14:19:22] [SEVERE ] player 4 placing token on slot 7
[2022-12-12 14:19:22] [SEVERE ] removing player 4 token from slot 6
[2022-12-12 14:19:22] [SEVERE ] removing player 4 token from slot 7
[2022-12-12 14:19:22] [SEVERE ] removing player 4 token from slot 11
[2022-12-12 14:19:22] [SEVERE ] player 2 placing token on slot 6
[2022-12-12 14:19:22] [SEVERE ] player 3 placing token on slot 5
[2022-12-12 14:19:22] [SEVERE ] removing player 3 token from slot 3
[2022-12-12 14:19:22] [SEVERE ] removing player 3 token from slot 5
[2022-12-12 14:19:22] [SEVERE ] removing player 3 token from slot 8
[2022-12-12 14:19:22] [SEVERE ] player 5 placing token on slot 5
[2022-12-12 14:19:22] [SEVERE ] player 5 placing token on slot 7
[2022-12-12 14:19:22] [SEVERE ] player 3 placing token on slot 0
[2022-12-12 14:19:22] [SEVERE ] player 2 placing token on slot 5
[2022-12-12 14:19:22] [SEVERE ] removing player 2 token from slot 2
[2022-12-12 14:19:22] [SEVERE ] removing player 2 token from slot 5
[2022-12-12 14:19:23] [SEVERE ] removing player 2 token from slot 6
[2022-12-12 14:19:23] [SEVERE ] player 4 placing token on slot 10
[2022-12-12 14:19:23] [SEVERE ] player 3 placing token on slot 6
[2022-12-12 14:19:23] [SEVERE ] player 5 placing token on slot 0
[2022-12-12 14:19:23] [SEVERE ] removing player 5 token from slot 0
[2022-12-12 14:19:23] [SEVERE ] removing player 5 token from slot 5
[2022-12-12 14:19:23] [SEVERE ] removing player 5 token from slot 7
[2022-12-12 14:19:23] [SEVERE ] player 2 placing token on slot 6
[2022-12-12 14:19:24] [SEVERE ] player 4 placing token on slot 7
[2022-12-12 14:19:24] [SEVERE ] player 3 placing token on slot 1
[2022-12-12 14:19:24] [SEVERE ] removing player 3 token from slot 0
[2022-12-12 14:19:24] [SEVERE ] removing player 3 token from slot 1
[2022-12-12 14:19:24] [SEVERE ] removing player 3 token from slot 6
[2022-12-12 14:19:24] [SEVERE ] player 2 placing token on slot 1
[2022-12-12 14:19:24] [SEVERE ] player 5 placing token on slot 8
[2022-12-12 14:19:24] [SEVERE ] player 4 placing token on slot 9
[2022-12-12 14:19:24] [SEVERE ] removing player 4 token from slot 7
[2022-12-12 14:19:24] [SEVERE ] removing player 4 token from slot 9
[2022-12-12 14:19:24] [SEVERE ] removing player 4 token from slot 10
[2022-12-12 14:19:25] [SEVERE ] player 2 placing token on slot 10
[2022-12-12 14:19:25] [SEVERE ] removing player 2 token from slot 1
[2022-12-12 14:19:25] [SEVERE ] removing player 2 token from slot 6
[2022-12-12 14:19:25] [SEVERE ] removing player 2 token from slot 10
[2022-12-12 14:19:25] [SEVERE ] player 3 placing token on slot 8
[2022-12-12 14:19:25] [SEVERE ] player 4 placing token on slot 4
[2022-12-12 14:19:25] [SEVERE ] player 5 placing token on slot 3
[2022-12-12 14:19:25] [SEVERE ] player 2 placing token on slot 8
[2022-12-12 14:19:26] [SEVERE ] player 5 placing token on slot 5
[2022-12-12 14:19:26] [SEVERE ] removing player 5 token from slot 3
[2022-12-12 14:19:26] [SEVERE ] removing player 5 token from slot 5
[2022-12-12 14:19:26] [SEVERE ] removing player 5 token from slot 8
[2022-12-12 14:19:26] [SEVERE ] player 3 placing token on slot 1
[2022-12-12 14:19:26] [SEVERE ] player 2 placing token on slot 4
[2022-12-12 14:19:26] [SEVERE ] player 4 placing token on slot 6
[2022-12-12 14:19:26] [SEVERE ] player 2 placing token on slot 3
[2022-12-12 14:19:26] [SEVERE ] removing player 2 token from slot 3
[2022-12-12 14:19:26] [SEVERE ] removing player 2 token from slot 4
[2022-12-12 14:19:26] [SEVERE ] removing player 2 token from slot 8
[2022-12-12 14:19:27] [SEVERE ] player 3 placing token on slot 2
[2022-12-12 14:19:27] [SEVERE ] removing player 3 token from slot 1
[2022-12-12 14:19:27] [SEVERE ] removing player 3 token from slot 2
[2022-12-12 14:19:27] [SEVERE ] removing player 3 token from slot 8
[2022-12-12 14:19:27] [SEVERE ] player 5 placing token on slot 0
[2022-12-12 14:19:27] [SEVERE ] player 2 placing token on slot 6
[2022-12-12 14:19:27] [SEVERE ] player 4 placing token on slot 11
[2022-12-12 14:19:27] [SEVERE ] removing player 4 token from slot 4
[2022-12-12 14:19:27] [SEVERE ] removing player 4 token from slot 6
[2022-12-12 14:19:27] [SEVERE ] removing player 4 token from slot 11
[2022-12-12 14:19:27] [SEVERE ] player 3 placing token on slot 6
[2022-12-12 14:19:28] [SEVERE ] player 5 placing token on slot 4
[2022-12-12 14:19:28] [SEVERE ] player 4 placing token on slot 5
[2022-12-12 14:19:28] [SEVERE ] player 2 placing token on slot 4
[2022-12-12 14:19:28] [SEVERE ] player 3 placing token on slot 2
[2022-12-12 14:19:29] [SEVERE ] player 5 placing token on slot 2
[2022-12-12 14:19:29] [SEVERE ] removing player 5 token from slot 0
[2022-12-12 14:19:29] [SEVERE ] removing player 5 token from slot 2
[2022-12-12 14:19:29] [SEVERE ] removing player 5 token from slot 4
[2022-12-12 14:19:29] [SEVERE ] player 4 placing token on slot 10
[2022-12-12 14:19:29] [SEVERE ] player 2 placing token on slot 8
[2022-12-12 14:19:29] [SEVERE ] removing player 2 token from slot 4
[2022-12-12 14:19:29] [SEVERE ] removing player 2 token from slot 6
[2022-12-12 14:19:29] [SEVERE ] removing player 2 token from slot 8
[2022-12-12 14:19:29] [SEVERE ] player 3 placing token on slot 4
[2022-12-12 14:19:29] [SEVERE ] removing player 3 token from slot 2
[2022-12-12 14:19:29] [SEVERE ] removing player 3 token from slot 4
[2022-12-12 14:19:29] [SEVERE ] removing player 3 token from slot 6
[2022-12-12 14:19:29] [SEVERE ] player 5 placing token on slot 8
[2022-12-12 14:19:29] [SEVERE ] player 4 placing token on slot 6
[2022-12-12 14:19:29] [SEVERE ] removing player 4 token from slot 5
[2022-12-12 14:19:29] [SEVERE ] removing player 4 token from slot 6
[2022-12-12 14:19:29] [SEVERE ] removing player 4 token from slot 10
[2022-12-12 14:19:30] [SEVERE ] player 2 placing token on slot 11
[2022-12-12 14:19:30] [SEVERE ] player 3 placing token on slot 0
[2022-12-12 14:19:30] [SEVERE ] player 4 placing token on slot 10
[2022-12-12 14:19:30] [SEVERE ] player 5 placing token on slot 3
[2022-12-12 14:19:30] [SEVERE ] player 2 placing token on slot 8
[2022-12-12 14:19:31] [SEVERE ] player 5 placing token on slot 4
[2022-12-12 14:19:31] [SEVERE ] removing player 5 token from slot 3
[2022-12-12 14:19:31] [SEVERE ] removing player 5 token from slot 4
[2022-12-12 14:19:31] [SEVERE ] removing player 5 token from slot 8
[2022-12-12 14:19:31] [SEVERE ] player 4 placing token on slot 1
[2022-12-12 14:19:31] [SEVERE ] player 3 placing token on slot 10
[2022-12-12 14:19:31] [SEVERE ] player 2 placing token on slot 0
[2022-12-12 14:19:31] [SEVERE ] removing player 2 token from slot 0
[2022-12-12 14:19:31] [SEVERE ] removing player 2 token from slot 8
[2022-12-12 14:19:31] [SEVERE ] removing player 2 token from slot 11
[2022-12-12 14:19:32] [SEVERE ] player 4 placing token on slot 8
[2022-12-12 14:19:32] [SEVERE ] removing player 4 token from slot 1
[2022-12-12 14:19:32] [SEVERE ] removing player 4 token from slot 8
[2022-12-12 14:19:32] [SEVERE ] removing player 4 token from slot 10
[2022-12-12 14:19:32] [SEVERE ] player 5 placing token on slot 2
[2022-12-12 14:19:32] [SEVERE ] player 3 placing token on slot 7
[2022-12-12 14:19:32] [SEVERE ] removing player 3 token from slot 0
[2022-12-12 14:19:32] [SEVERE ] removing player 3 token from slot 7
[2022-12-12 14:19:32] [SEVERE ] removing player 3 token from slot 10
[2022-12-12 14:19:32] [SEVERE ] player 2 placing token on slot 9
[2022-12-12 14:19:32] [SEVERE ] player 5 placing token on slot 10
[2022-12-12 14:19:32] [SEVERE ] player 3 placing token on slot 0
[2022-12-12 14:19:33] [SEVERE ] player 4 placing token on slot 5
[2022-12-12 14:19:33] [SEVERE ] player 2 placing token on slot 2
[2022-12-12 14:19:33] [SEVERE ] player 5 placing token on slot 11
[2022-12-12 14:19:33] [SEVERE ] removing player 5 token from slot 2
[2022-12-12 14:19:33] [SEVERE ] removing player 5 token from slot 10
[2022-12-12 14:19:33] [SEVERE ] removing player 5 token from slot 11
[2022-12-12 14:19:33] [SEVERE ] player 3 placing token on slot 10
[2022-12-12 14:19:33] [SEVERE ] player 2 placing token on slot 1
[2022-12-12 14:19:33] [SEVERE ] removing player 2 token from slot 1
[2022-12-12 14:19:33] [SEVERE ] removing player 2 token from slot 2
[2022-12-12 14:19:33] [SEVERE ] removing player 2 token from slot 9
[2022-12-12 14:19:33] [SEVERE ] player 5 placing token on slot 7
[2022-12-12 14:19:33] [SEVERE ] player 4 placing token on slot 2
[2022-12-12 14:19:34] [SEVERE ] player 5 placing token on slot 6
[2022-12-12 14:19:34] [SEVERE ] player 3 placing token on slot 11
[2022-12-12 14:19:34] [SEVERE ] removing player 3 token from slot 0
[2022-12-12 14:19:34] [SEVERE ] removing player 3 token from slot 10
[2022-12-12 14:19:34] [SEVERE ] removing player 3 token from slot 11
[2022-12-12 14:19:34] [SEVERE ] player 4 placing token on slot 8
[2022-12-12 14:19:34] [SEVERE ] removing player 4 token from slot 2
[2022-12-12 14:19:34] [SEVERE ] removing player 4 token from slot 5
[2022-12-12 14:19:34] [SEVERE ] removing player 4 token from slot 8
[2022-12-12 14:19:34] [SEVERE ] player 2 placing token on slot 9
[2022-12-12 14:19:35] [SEVERE ] player 3 placing token on slot 0
[2022-12-12 14:19:35] [SEVERE ] player 4 placing token on slot 9
[2022-12-12 14:19:35] [SEVERE ] player 2 placing token on slot 6
[2022-12-12 14:19:35] [SEVERE ] player 5 placing token on slot 9
[2022-12-12 14:19:35] [SEVERE ] removing player 5 token from slot 6
[2022-12-12 14:19:35] [SEVERE ] removing player 5 token from slot 7
[2022-12-12 14:19:35] [SEVERE ] removing player 5 token from slot 9
[2022-12-12 14:19:35] [SEVERE ] player 3 placing token on slot 3
[2022-12-12 14:19:36] [SEVERE ] player 4 placing token on slot 11
[2022-12-12 14:19:36] [SEVERE ] player 2 placing token on slot 0
[2022-12-12 14:19:36] [SEVERE ] removing player 2 token from slot 0
[2022-12-12 14:19:36] [SEVERE ] removing player 2 token from slot 6
[2022-12-12 14:19:36] [SEVERE ] removing player 2 token from slot 9
[2022-12-12 14:19:36] [SEVERE ] player 5 placing token on slot 1
[2022-12-12 14:19:36] [SEVERE ] player 3 placing token on slot 2
[2022-12-12 14:19:36] [SEVERE ] removing player 3 token from slot 0
[2022-12-12 14:19:36] [SEVERE ] removing player 3 token from slot 2
[2022-12-12 14:19:36] [SEVERE ] removing player 3 token from slot 3
[2022-12-12 14:19:36] [SEVERE ] player 4 placing token on slot 2
[2022-12-12 14:19:36] [SEVERE ] removing player 4 token from slot 2
[2022-12-12 14:19:36] [SEVERE ] removing player 4 token from slot 9
[2022-12-12 14:19:36] [SEVERE ] removing player 4 token from slot 11
[2022-12-12 14:19:37] [SEVERE ] player 2 placing token on slot 3
[2022-12-12 14:19:37] [SEVERE ] player 5 placing token on slot 4
[2022-12-12 14:19:37] [SEVERE ] player 3 placing token on slot 3
[2022-12-12 14:19:37] [SEVERE ] player 4 placing token on slot 11
[2022-12-12 14:19:37] [SEVERE ] player 2 placing token on slot 9
[2022-12-12 14:19:37] [SEVERE ] player 5 placing token on slot 3
[2022-12-12 14:19:37] [SEVERE ] removing player 5 token from slot 1
[2022-12-12 14:19:37] [SEVERE ] removing player 5 token from slot 3
[2022-12-12 14:19:37] [SEVERE ] removing player 5 token from slot 4
[2022-12-12 14:19:38] [SEVERE ] player 4 placing token on slot 6
[2022-12-12 14:19:38] [SEVERE ] player 3 placing token on slot 4
[2022-12-12 14:19:38] [SEVERE ] player 5 placing token on slot 5
[2022-12-12 14:19:38] [SEVERE ] player 2 placing token on slot 0
[2022-12-12 14:19:38] [SEVERE ] removing player 2 token from slot 0
[2022-12-12 14:19:38] [SEVERE ] removing player 2 token from slot 3
[2022-12-12 14:19:38] [SEVERE ] removing player 2 token from slot 9
[2022-12-12 14:19:39] [SEVERE ] player 4 placing token on slot 0
[2022-12-12 14:19:39] [SEVERE ] removing player 4 token from slot 0
[2022-12-12 14:19:39] [SEVERE ] removing player 4 token from slot 6
[2022-12-12 14:19:39] [SEVERE ] removing player 4 token from slot 11
[2022-12-12 14:19:39] [SEVERE ] player 3 placing token on slot 9
[2022-12-12 14:19:39] [SEVERE ] removing player 3 token from slot 3
[2022-12-12 14:19:39] [SEVERE ] removing player 3 token from slot 4
[2022-12-12 14:19:39] [SEVERE ] removing player 3 token from slot 9
[2022-12-12 14:19:39] [SEVERE ] player 2 placing token on slot 1
[2022-12-12 14:19:39] [SEVERE ] player 5 placing token on slot 3
[2022-12-12 14:19:39] [SEVERE ] player 4 placing token on slot 0
[2022-12-12 14:19:39] [SEVERE ] player 2 placing token on slot 2
[2022-12-12 14:19:40] [SEVERE ] player 5 placing token on slot 6
[2022-12-12 14:19:40] [SEVERE ] removing player 5 token from slot 3
[2022-12-12 14:19:40] [SEVERE ] removing player 5 token from slot 5
[2022-12-12 14:19:40] [SEVERE ] removing player 5 token from slot 6
[2022-12-12 14:19:40] [SEVERE ] player 3 placing token on slot 6
[2022-12-12 14:19:40] [SEVERE ] player 4 placing token on slot 10
[2022-12-12 14:19:40] [SEVERE ] player 3 placing token on slot 10
[2022-12-12 14:19:40] [SEVERE ] player 2 placing token on slot 7
[2022-12-12 14:19:40] [SEVERE ] removing player 2 token from slot 1
[2022-12-12 14:19:40] [SEVERE ] removing player 2 token from slot 2
[2022-12-12 14:19:40] [SEVERE ] removing player 2 token from slot 7
[2022-12-12 14:19:40] [SEVERE ] player 5 placing token on slot 11
[2022-12-12 14:19:41] [SEVERE ] player 4 placing token on slot 9
[2022-12-12 14:19:41] [SEVERE ] removing player 4 token from slot 0
[2022-12-12 14:19:41] [SEVERE ] removing player 4 token from slot 9
[2022-12-12 14:19:41] [SEVERE ] removing player 4 token from slot 10
[2022-12-12 14:19:41] [SEVERE ] player 5 placing token on slot 7
[2022-12-12 14:19:41] [SEVERE ] player 3 placing token on slot 3
[2022-12-12 14:19:41] [SEVERE ] removing player 3 token from slot 3
[2022-12-12 14:19:41] [SEVERE ] removing player 3 token from slot 6
[2022-12-12 14:19:41] [SEVERE ] removing player 3 token from slot 10
[2022-12-12 14:19:41] [SEVERE ] player 2 placing token on slot 9
[2022-12-12 14:19:41] [SEVERE ] player 4 placing token on slot 6
[2022-12-12 14:19:42] [SEVERE ] player 5 placing token on slot 4
[2022-12-12 14:19:42] [SEVERE ] removing player 5 token from slot 4
[2022-12-12 14:19:42] [SEVERE ] removing player 5 token from slot 7
[2022-12-12 14:19:42] [SEVERE ] removing player 5 token from slot 11
[2022-12-12 14:19:42] [SEVERE ] player 4 placing token on slot 4
[2022-12-12 14:19:42] [SEVERE ] player 3 placing token on slot 1
[2022-12-12 14:19:42] [SEVERE ] player 2 placing token on slot 11
[2022-12-12 14:19:42] [SEVERE ] player 5 placing token on slot 10
[2022-12-12 14:19:43] [SEVERE ] player 4 placing token on slot 8
[2022-12-12 14:19:43] [SEVERE ] removing player 4 token from slot 4
[2022-12-12 14:19:43] [SEVERE ] removing player 4 token from slot 6
[2022-12-12 14:19:43] [SEVERE ] removing player 4 token from slot 8
[2022-12-12 14:19:43] [SEVERE ] player 3 placing token on slot 0
[2022-12-12 14:19:43] [SEVERE ] player 5 placing token on slot 11
[2022-12-12 14:19:43] [SEVERE ] player 2 placing token on slot 3
[2022-12-12 14:19:43] [SEVERE ] removing player 2 token from slot 3
[2022-12-12 14:19:43] [SEVERE ] removing player 2 token from slot 9
[2022-12-12 14:19:43] [SEVERE ] removing player 2 token from slot 11
[2022-12-12 14:19:43] [SEVERE ] player 4 placing token on slot 0
[2022-12-12 14:19:43] [SEVERE ] player 3 placing token on slot 11
[2022-12-12 14:19:43] [SEVERE ] removing player 3 token from slot 0
[2022-12-12 14:19:43] [SEVERE ] removing player 3 token from slot 1
[2022-12-12 14:19:43] [SEVERE ] removing player 3 token from slot 11
[2022-12-12 14:19:44] [SEVERE ] player 2 placing token on slot 10
[2022-12-12 14:19:44] [SEVERE ] player 5 placing token on slot 6
[2022-12-12 14:19:44] [SEVERE ] removing player 5 token from slot 6
[2022-12-12 14:19:44] [SEVERE ] removing player 5 token from slot 10
[2022-12-12 14:19:44] [SEVERE ] removing player 5 token from slot 11
[2022-12-12 14:19:44] [SEVERE ] player 4 placing token on slot 11
[2022-12-12 14:19:44] [SEVERE ] player 3 placing token on slot 10
[2022-12-12 14:19:45] [SEVERE ] player 5 placing token on slot 11
[2022-12-12 14:19:45] [SEVERE ] player 4 placing token on slot 1
[2022-12-12 14:19:45] [SEVERE ] removing player 4 token from slot 0
[2022-12-12 14:19:45] [SEVERE ] removing player 4 token from slot 1
[2022-12-12 14:19:45] [SEVERE ] removing player 4 token from slot 11
[2022-12-12 14:19:45] [SEVERE ] player 2 placing token on slot 5
[2022-12-12 14:19:45] [SEVERE ] player 3 placing token on slot 3
[2022-12-12 14:19:45] [SEVERE ] player 5 placing token on slot 9
[2022-12-12 14:19:46] [SEVERE ] player 4 placing token on slot 0
[2022-12-12 14:19:46] [SEVERE ] player 3 placing token on slot 4
[2022-12-12 14:19:46] [SEVERE ] removing player 3 token from slot 3
[2022-12-12 14:19:46] [SEVERE ] removing player 3 token from slot 4
[2022-12-12 14:19:46] [SEVERE ] removing player 3 token from slot 10
[2022-12-12 14:19:46] [SEVERE ] player 2 placing token on slot 9
[2022-12-12 14:19:46] [SEVERE ] removing player 2 token from slot 5
[2022-12-12 14:19:46] [SEVERE ] removing player 2 token from slot 9
[2022-12-12 14:19:46] [SEVERE ] removing player 2 token from slot 10
[2022-12-12 14:19:46] [SEVERE ] player 5 placing token on slot 8
[2022-12-12 14:19:46] [SEVERE ] removing player 5 token from slot 8
[2022-12-12 14:19:46] [SEVERE ] removing player 5 token from slot 9
[2022-12-12 14:19:46] [SEVERE ] removing player 5 token from slot 11
[2022-12-12 14:19:46] [SEVERE ] player 3 placing token on slot 2
[2022-12-12 14:19:46] [SEVERE ] player 4 placing token on slot 5
[2022-12-12 14:19:47] [SEVERE ] player 5 placing token on slot 1
[2022-12-12 14:19:47] [SEVERE ] player 2 placing token on slot 5
[2022-12-12 14:19:47] [SEVERE ] player 4 placing token on slot 4
[2022-12-12 14:19:47] [SEVERE ] removing player 4 token from slot 0
[2022-12-12 14:19:47] [SEVERE ] removing player 4 token from slot 4
[2022-12-12 14:19:47] [SEVERE ] removing player 4 token from slot 5
[2022-12-12 14:19:47] [SEVERE ] player 3 placing token on slot 1
[2022-12-12 14:19:47] [SEVERE ] player 5 placing token on slot 11
[2022-12-12 14:19:47] [SEVERE ] player 2 placing token on slot 9
[2022-12-12 14:19:47] [SEVERE ] player 4 placing token on slot 11
[2022-12-12 14:19:48] [SEVERE ] player 3 placing token on slot 0
[2022-12-12 14:19:48] [SEVERE ] removing player 3 token from slot 0
[2022-12-12 14:19:48] [SEVERE ] removing player 3 token from slot 1
[2022-12-12 14:19:48] [SEVERE ] removing player 3 token from slot 2
[2022-12-12 14:19:48] [SEVERE ] player 2 placing token on slot 10
[2022-12-12 14:19:48] [SEVERE ] removing player 2 token from slot 5
[2022-12-12 14:19:48] [SEVERE ] removing player 2 token from slot 9
[2022-12-12 14:19:48] [SEVERE ] removing player 2 token from slot 10
[2022-12-12 14:19:48] [SEVERE ] player 4 placing token on slot 4
[2022-12-12 14:19:48] [SEVERE ] player 5 placing token on slot 0
[2022-12-12 14:19:48] [SEVERE ] removing player 5 token from slot 0
[2022-12-12 14:19:48] [SEVERE ] removing player 5 token from slot 1
[2022-12-12 14:19:48] [SEVERE ] removing player 5 token from slot 11
[2022-12-12 14:19:48] [SEVERE ] player 2 placing token on slot 3
[2022-12-12 14:19:49] [SEVERE ] player 3 placing token on slot 3
[2022-12-12 14:19:49] [SEVERE ] player 4 placing token on slot 7
[2022-12-12 14:19:49] [SEVERE ] removing player 4 token from slot 4
[2022-12-12 14:19:49] [SEVERE ] removing player 4 token from slot 7
[2022-12-12 14:19:49] [SEVERE ] removing player 4 token from slot 11
[2022-12-12 14:19:49] [SEVERE ] player 5 placing token on slot 8
[2022-12-12 14:19:49] [SEVERE ] player 3 placing token on slot 5
[2022-12-12 14:19:49] [SEVERE ] player 2 placing token on slot 1
[2022-12-12 14:19:50] [SEVERE ] player 4 placing token on slot 9
[2022-12-12 14:19:50] [SEVERE ] player 5 placing token on slot 10
[2022-12-12 14:19:50] [SEVERE ] player 3 placing token on slot 7
[2022-12-12 14:19:50] [SEVERE ] player 2 placing token on slot 0
[2022-12-12 14:19:50] [SEVERE ] removing player 3 token from slot 3
[2022-12-12 14:19:50] [SEVERE ] removing player 3 token from slot 5
[2022-12-12 14:19:50] [SEVERE ] removing player 3 token from slot 7
[2022-12-12 14:19:50] [SEVERE ] removing player 2 token from slot 0
[2022-12-12 14:19:50] [SEVERE ] removing player 2 token from slot 1
[2022-12-12 14:19:50] [SEVERE ] removing player 2 token from slot 3
[2022-12-12 14:19:50] [SEVERE ] player 4 placing token on slot 5
[2022-12-12 14:19:50] [SEVERE ] player 5 placing token on slot 9
[2022-12-12 14:19:50] [SEVERE ] removing player 5 token from slot 8
[2022-12-12 14:19:50] [SEVERE ] removing player 5 token from slot 9
[2022-12-12 14:19:50] [SEVERE ] removing player 5 token from slot 10
[2022-12-12 14:19:51] [SEVERE ] player 3 placing token on slot 8
[2022-12-12 14:19:51] [SEVERE ] player 2 placing token on slot 4
[2022-12-12 14:19:51] [SEVERE ] player 4 placing token on slot 3
[2022-12-12 14:19:51] [SEVERE ] removing player 4 token from slot 3
[2022-12-12 14:19:51] [SEVERE ] removing player 4 token from slot 5
[2022-12-12 14:19:51] [SEVERE ] removing player 4 token from slot 9
[2022-12-12 14:19:51] [SEVERE ] player 5 placing token on slot 11
[2022-12-12 14:19:51] [SEVERE ] player 3 placing token on slot 3
[2022-12-12 14:19:51] [SEVERE ] player 2 placing token on slot 7
[2022-12-12 14:19:52] [SEVERE ] player 4 placing token on slot 4
[2022-12-12 14:19:52] [SEVERE ] player 3 placing token on slot 0
[2022-12-12 14:19:52] [SEVERE ] removing player 3 token from slot 0
[2022-12-12 14:19:52] [SEVERE ] removing player 3 token from slot 3
[2022-12-12 14:19:52] [SEVERE ] removing player 3 token from slot 8
[2022-12-12 14:19:52] [SEVERE ] player 5 placing token on slot 6
[2022-12-12 14:19:52] [SEVERE ] player 2 placing token on slot 5
[2022-12-12 14:19:52] [SEVERE ] removing player 2 token from slot 4
[2022-12-12 14:19:52] [SEVERE ] removing player 2 token from slot 5
[2022-12-12 14:19:52] [SEVERE ] removing player 2 token from slot 7
[2022-12-12 14:19:52] [SEVERE ] player 3 placing token on slot 7
[2022-12-12 14:19:53] [SEVERE ] player 2 placing token on slot 8
[2022-12-12 14:19:53] [SEVERE ] player 5 placing token on slot 8
[2022-12-12 14:19:53] [SEVERE ] removing player 5 token from slot 6
[2022-12-12 14:19:53] [SEVERE ] removing player 5 token from slot 8
[2022-12-12 14:19:53] [SEVERE ] removing player 5 token from slot 11
[2022-12-12 14:19:53] [SEVERE ] player 4 placing token on slot 2
[2022-12-12 14:19:53] [SEVERE ] player 3 placing token on slot 1
[2022-12-12 14:19:53] [SEVERE ] player 2 placing token on slot 4
[2022-12-12 14:19:54] [SEVERE ] player 5 placing token on slot 6
[2022-12-12 14:19:54] [SEVERE ] player 4 placing token on slot 1
[2022-12-12 14:19:54] [SEVERE ] removing player 4 token from slot 1
[2022-12-12 14:19:54] [SEVERE ] removing player 4 token from slot 2
[2022-12-12 14:19:54] [SEVERE ] removing player 4 token from slot 4
[2022-12-12 14:19:54] [SEVERE ] player 2 placing token on slot 1
[2022-12-12 14:19:54] [SEVERE ] removing player 2 token from slot 1
[2022-12-12 14:19:54] [SEVERE ] removing player 2 token from slot 4
[2022-12-12 14:19:54] [SEVERE ] removing player 2 token from slot 8
[2022-12-12 14:19:54] [SEVERE ] player 3 placing token on slot 10
[2022-12-12 14:19:54] [SEVERE ] removing player 3 token from slot 1
[2022-12-12 14:19:54] [SEVERE ] removing player 3 token from slot 7
[2022-12-12 14:19:54] [SEVERE ] removing player 3 token from slot 10
[2022-12-12 14:19:54] [SEVERE ] player 5 placing token on slot 2
[2022-12-12 14:19:55] [SEVERE ] player 2 placing token on slot 0
[2022-12-12 14:19:55] [SEVERE ] player 3 placing token on slot 3
[2022-12-12 14:19:55] [SEVERE ] player 4 placing token on slot 3
[2022-12-12 14:19:55] [SEVERE ] player 5 placing token on slot 10
[2022-12-12 14:19:55] [SEVERE ] removing player 5 token from slot 2
[2022-12-12 14:19:55] [SEVERE ] removing player 5 token from slot 6
[2022-12-12 14:19:55] [SEVERE ] removing player 5 token from slot 10
[2022-12-12 14:19:55] [SEVERE ] player 4 placing token on slot 7
[2022-12-12 14:19:55] [SEVERE ] player 3 placing token on slot 8
[2022-12-12 14:19:56] [SEVERE ] player 2 placing token on slot 6
[2022-12-12 14:19:56] [SEVERE ] player 5 placing token on slot 5
[2022-12-12 14:19:56] [SEVERE ] player 4 placing token on slot 11
[2022-12-12 14:19:56] [SEVERE ] removing player 4 token from slot 3
[2022-12-12 14:19:56] [SEVERE ] removing player 4 token from slot 7
[2022-12-12 14:19:56] [SEVERE ] removing player 4 token from slot 11
[2022-12-12 14:19:56] [SEVERE ] player 3 placing token on slot 10
[2022-12-12 14:19:56] [SEVERE ] removing player 3 token from slot 3
[2022-12-12 14:19:56] [SEVERE ] removing player 3 token from slot 8
[2022-12-12 14:19:56] [SEVERE ] removing player 3 token from slot 10
[2022-12-12 14:19:56] [SEVERE ] player 2 placing token on slot 11
[2022-12-12 14:19:56] [SEVERE ] removing player 2 token from slot 0
[2022-12-12 14:19:56] [SEVERE ] removing player 2 token from slot 6
[2022-12-12 14:19:56] [SEVERE ] removing player 2 token from slot 11
[2022-12-12 14:19:57] [SEVERE ] player 5 placing token on slot 0
[2022-12-12 14:19:57] [SEVERE ] player 4 placing token on slot 9
[2022-12-12 14:19:57] [SEVERE ] player 5 placing token on slot 8
[2022-12-12 14:19:57] [SEVERE ] removing player 5 token from slot 0
[2022-12-12 14:19:57] [SEVERE ] removing player 5 token from slot 5
[2022-12-12 14:19:57] [SEVERE ] removing player 5 token from slot 8
[2022-12-12 14:19:57] [SEVERE ] player 3 placing token on slot 11
[2022-12-12 14:19:57] [SEVERE ] player 2 placing token on slot 6
[2022-12-12 14:19:58] [SEVERE ] player 5 placing token on slot 3
[2022-12-12 14:19:58] [SEVERE ] player 4 placing token on slot 10
[2022-12-12 14:19:58] [SEVERE ] player 3 placing token on slot 3
[2022-12-12 14:19:58] [SEVERE ] player 2 placing token on slot 2
[2022-12-12 14:19:58] [SEVERE ] player 5 placing token on slot 6
[2022-12-12 14:19:58] [SEVERE ] Key 81 was pressed by player 0
[2022-12-12 14:19:58] [SEVERE ] player 0 placing token on slot 0
[2022-12-12 14:19:58] [SEVERE ] player 3 placing token on slot 2
[2022-12-12 14:19:58] [SEVERE ] removing player 3 token from slot 2
[2022-12-12 14:19:58] [SEVERE ] removing player 3 token from slot 3
[2022-12-12 14:19:58] [SEVERE ] removing player 3 token from slot 11
[2022-12-12 14:19:58] [SEVERE ] Key 87 was pressed by player 0
[2022-12-12 14:19:58] [SEVERE ] player 0 placing token on slot 1
[2022-12-12 14:19:59] [SEVERE ] player 4 placing token on slot 3
[2022-12-12 14:19:59] [SEVERE ] removing player 4 token from slot 3
[2022-12-12 14:19:59] [SEVERE ] removing player 4 token from slot 9
[2022-12-12 14:19:59] [SEVERE ] removing player 4 token from slot 10
[2022-12-12 14:19:59] [SEVERE ] player 2 placing token on slot 5
[2022-12-12 14:19:59] [SEVERE ] removing player 2 token from slot 2
[2022-12-12 14:19:59] [SEVERE ] removing player 2 token from slot 5
[2022-12-12 14:19:59] [SEVERE ] removing player 2 token from slot 6
[2022-12-12 14:19:59] [SEVERE ] player 5 placing token on slot 1
[2022-12-12 14:19:59] [SEVERE ] removing player 5 token from slot 1
[2022-12-12 14:19:59] [SEVERE ] removing player 5 token from slot 3
[2022-12-12 14:19:59] [SEVERE ] removing player 5 token from slot 6
[2022-12-12 14:19:59] [SEVERE ] Key 68 was pressed by player 0
[2022-12-12 14:19:59] [SEVERE ] player 0 placing token on slot 6
[2022-12-12 14:19:59] [SEVERE ] removing player 0 token from slot 0
[2022-12-12 14:19:59] [SEVERE ] removing player 0 token from slot 1
[2022-12-12 14:19:59] [SEVERE ] removing player 0 token from slot 6
[2022-12-12 14:19:59] [SEVERE ] player 4 placing token on slot 1
[2022-12-12 14:19:59] [SEVERE ] player 3 placing token on slot 5
[2022-12-12 14:19:59] [SEVERE ] player 2 placing token on slot 4
[2022-12-12 14:20:00] [SEVERE ] player 5 placing token on slot 5
[2022-12-12 14:20:00] [SEVERE ] player 3 placing token on slot 8
[2022-12-12 14:20:00] [SEVERE ] player 4 placing token on slot 2
[2022-12-12 14:20:00] [SEVERE ] player 2 placing token on slot 8
[2022-12-12 14:20:00] [SEVERE ] Key 81 was pressed by player 0
[2022-12-12 14:20:00] [SEVERE ] player 0 placing token on slot 0
[2022-12-12 14:20:01] [SEVERE ] player 3 placing token on slot 7
[2022-12-12 14:20:01] [SEVERE ] removing player 3 token from slot 5
[2022-12-12 14:20:01] [SEVERE ] removing player 3 token from slot 7
[2022-12-12 14:20:01] [SEVERE ] removing player 3 token from slot 8
[2022-12-12 14:20:01] [SEVERE ] player 5 placing token on slot 10
[2022-12-12 14:20:01] [SEVERE ] player 4 placing token on slot 5
[2022-12-12 14:20:01] [SEVERE ] removing player 4 token from slot 1
[2022-12-12 14:20:01] [SEVERE ] removing player 4 token from slot 2
[2022-12-12 14:20:01] [SEVERE ] removing player 4 token from slot 5
[2022-12-12 14:20:01] [SEVERE ] player 2 placing token on slot 5
[2022-12-12 14:20:01] [SEVERE ] removing player 2 token from slot 4
[2022-12-12 14:20:01] [SEVERE ] removing player 2 token from slot 5
[2022-12-12 14:20:01] [SEVERE ] removing player 2 token from slot 8
[2022-12-12 14:20:01] [SEVERE ] Key 87 was pressed by player 0
[2022-12-12 14:20:01] [SEVERE ] player 0 placing token on slot 1
[2022-12-12 14:20:01] [SEVERE ] player 5 placing token on slot 3
[2022-12-12 14:20:01] [SEVERE ] removing player 5 token from slot 3
[2022-12-12 14:20:01] [SEVERE ] removing player 5 token from slot 5
[2022-12-12 14:20:01] [SEVERE ] removing player 5 token from slot 10
[2022-12-12 14:20:01] [SEVERE ] Key 68 was pressed by player 0
[2022-12-12 14:20:01] [SEVERE ] player 0 placing token on slot 6
[2022-12-12 14:20:01] [SEVERE ] removing player 0 token from slot 0
[2022-12-12 14:20:01] [SEVERE ] removing player 0 token from slot 1
[2022-12-12 14:20:01] [SEVERE ] removing player 0 token from slot 6
[2022-12-12 14:20:02] [SEVERE ] player 3 placing token on slot 0
[2022-12-12 14:20:02] [SEVERE ] player 4 placing token on slot 5
[2022-12-12 14:20:02] [SEVERE ] player 2 placing token on slot 4
[2022-12-12 14:20:02] [SEVERE ] player 5 placing token on slot 7
[2022-12-12 14:20:02] [SEVERE ] player 2 placing token on slot 6
[2022-12-12 14:20:02] [SEVERE ] player 3 placing token on slot 10
[2022-12-12 14:20:03] [SEVERE ] player 4 placing token on slot 1
[2022-12-12 14:20:03] [SEVERE ] player 5 placing token on slot 11
[2022-12-12 14:20:03] [SEVERE ] Key 81 was pressed by player 0
[2022-12-12 14:20:03] [SEVERE ] player 0 placing token on slot 0
[2022-12-12 14:20:03] [SEVERE ] player 4 placing token on slot 7
[2022-12-12 14:20:03] [SEVERE ] removing player 4 token from slot 1
[2022-12-12 14:20:03] [SEVERE ] removing player 4 token from slot 5
[2022-12-12 14:20:03] [SEVERE ] removing player 4 token from slot 7
[2022-12-12 14:20:03] [SEVERE ] player 2 placing token on slot 8
[2022-12-12 14:20:03] [SEVERE ] removing player 2 token from slot 4
[2022-12-12 14:20:03] [SEVERE ] removing player 2 token from slot 6
[2022-12-12 14:20:03] [SEVERE ] removing player 2 token from slot 8
[2022-12-12 14:20:03] [SEVERE ] player 3 placing token on slot 2
[2022-12-12 14:20:03] [SEVERE ] removing player 3 token from slot 0
[2022-12-12 14:20:03] [SEVERE ] removing player 3 token from slot 2
[2022-12-12 14:20:03] [SEVERE ] removing player 3 token from slot 10
[2022-12-12 14:20:03] [SEVERE ] Key 87 was pressed by player 0
[2022-12-12 14:20:03] [SEVERE ] player 0 placing token on slot 1
[2022-12-12 14:20:04] [SEVERE ] player 5 placing token on slot 2
[2022-12-12 14:20:04] [SEVERE ] removing player 5 token from slot 2
[2022-12-12 14:20:04] [SEVERE ] removing player 5 token from slot 7
[2022-12-12 14:20:04] [SEVERE ] removing player 5 token from slot 11
[2022-12-12 14:20:04] [SEVERE ] Key 67 was pressed by player 0
[2022-12-12 14:20:04] [SEVERE ] player 0 placing token on slot 10
[2022-12-12 14:20:04] [SEVERE ] player 2 placing token on slot 8
[2022-12-12 14:20:04] [SEVERE ] removing tokens from slot 0
[2022-12-12 14:20:04] [SEVERE ] removing card from slot 0
[2022-12-12 14:20:04] [SEVERE ] removing tokens from slot 1
[2022-12-12 14:20:04] [SEVERE ] removing card from slot 1
[2022-12-12 14:20:04] [SEVERE ] player 3 placing token on slot 6
[2022-12-12 14:20:04] [SEVERE ] removing tokens from slot 10
[2022-12-12 14:20:04] [SEVERE ] removing card from slot 10
[2022-12-12 14:20:04] [SEVERE ] setting player 0 score to 1
[2022-12-12 14:20:04] [SEVERE ] placing card 72 in slot 0
[2022-12-12 14:20:04] [SEVERE ] placing card 16 in slot 1
[2022-12-12 14:20:05] [SEVERE ] placing card 17 in slot 10
[2022-12-12 14:20:05] [SEVERE ] player 5 placing token on slot 5
[2022-12-12 14:20:05] [SEVERE ] player 2 placing token on slot 5
[2022-12-12 14:20:05] [SEVERE ] player 3 placing token on slot 5
[2022-12-12 14:20:05] [SEVERE ] player 4 placing token on slot 2
[2022-12-12 14:20:05] [SEVERE ] player 2 placing token on slot 10
[2022-12-12 14:20:05] [SEVERE ] removing player 2 token from slot 5
[2022-12-12 14:20:05] [SEVERE ] removing player 2 token from slot 8
[2022-12-12 14:20:05] [SEVERE ] removing player 2 token from slot 10
[2022-12-12 14:20:06] [SEVERE ] player 5 placing token on slot 2
[2022-12-12 14:20:06] [SEVERE ] player 4 placing token on slot 9
[2022-12-12 14:20:06] [SEVERE ] player 3 placing token on slot 9
[2022-12-12 14:20:06] [SEVERE ] removing player 3 token from slot 5
[2022-12-12 14:20:06] [SEVERE ] removing player 3 token from slot 6
[2022-12-12 14:20:06] [SEVERE ] removing player 3 token from slot 9
[2022-12-12 14:20:06] [SEVERE ] player 2 placing token on slot 3
[2022-12-12 14:20:07] [SEVERE ] player 5 placing token on slot 8
[2022-12-12 14:20:07] [SEVERE ] removing player 5 token from slot 2
[2022-12-12 14:20:07] [SEVERE ] removing player 5 token from slot 5
[2022-12-12 14:20:07] [SEVERE ] removing player 5 token from slot 8
[2022-12-12 14:20:07] [SEVERE ] player 3 placing token on slot 9
[2022-12-12 14:20:07] [SEVERE ] player 4 placing token on slot 8
[2022-12-12 14:20:07] [SEVERE ] removing player 4 token from slot 2
[2022-12-12 14:20:07] [SEVERE ] removing player 4 token from slot 8
[2022-12-12 14:20:07] [SEVERE ] removing player 4 token from slot 9
[2022-12-12 14:20:07] [SEVERE ] player 2 placing token on slot 0
[2022-12-12 14:20:07] [SEVERE ] player 3 placing token on slot 7
[2022-12-12 14:20:07] [SEVERE ] player 5 placing token on slot 6
[2022-12-12 14:20:07] [SEVERE ] player 2 placing token on slot 11
[2022-12-12 14:20:07] [SEVERE ] removing player 2 token from slot 0
[2022-12-12 14:20:07] [SEVERE ] removing player 2 token from slot 3
[2022-12-12 14:20:07] [SEVERE ] removing player 2 token from slot 11
[2022-12-12 14:20:07] [SEVERE ] player 4 placing token on slot 2
[2022-12-12 14:20:08] [SEVERE ] player 3 placing token on slot 3
[2022-12-12 14:20:08] [SEVERE ] removing player 3 token from slot 3
[2022-12-12 14:20:08] [SEVERE ] removing player 3 token from slot 7
[2022-12-12 14:20:08] [SEVERE ] removing player 3 token from slot 9
[2022-12-12 14:20:08] [SEVERE ] player 5 placing token on slot 1
[2022-12-12 14:20:08] [SEVERE ] player 2 placing token on slot 5
[2022-12-12 14:20:08] [SEVERE ] player 3 placing token on slot 6
[2022-12-12 14:20:08] [SEVERE ] player 4 placing token on slot 7
[2022-12-12 14:20:09] [SEVERE ] player 5 placing token on slot 2
[2022-12-12 14:20:09] [SEVERE ] removing player 5 token from slot 1
[2022-12-12 14:20:09] [SEVERE ] removing player 5 token from slot 2
[2022-12-12 14:20:09] [SEVERE ] removing player 5 token from slot 6
[2022-12-12 14:20:09] [SEVERE ] player 3 placing token on slot 10
[2022-12-12 14:20:09] [SEVERE ] player 2 placing token on slot 4
[2022-12-12 14:20:09] [SEVERE ] player 4 placing token on slot 0
[2022-12-12 14:20:09] [SEVERE ] removing player 4 token from slot 0
[2022-12-12 14:20:09] [SEVERE ] removing player 4 token from slot 2
[2022-12-12 14:20:09] [SEVERE ] removing player 4 token from slot 7
[2022-12-12 14:20:09] [SEVERE ] player 5 placing token on slot 7
[2022-12-12 14:20:10] [SEVERE ] player 3 placing token on slot 0
[2022-12-12 14:20:10] [SEVERE ] removing player 3 token from slot 0
[2022-12-12 14:20:10] [SEVERE ] removing player 3 token from slot 6
[2022-12-12 14:20:10] [SEVERE ] removing player 3 token from slot 10
[2022-12-12 14:20:10] [SEVERE ] player 2 placing token on slot 2
[2022-12-12 14:20:10] [SEVERE ] removing player 2 token from slot 2
[2022-12-12 14:20:10] [SEVERE ] removing player 2 token from slot 4
[2022-12-12 14:20:10] [SEVERE ] removing player 2 token from slot 5
[2022-12-12 14:20:10] [SEVERE ] player 4 placing token on slot 6
[2022-12-12 14:20:10] [SEVERE ] player 5 placing token on slot 6
[2022-12-12 14:20:10] [SEVERE ] player 2 placing token on slot 4
[2022-12-12 14:20:10] [SEVERE ] player 3 placing token on slot 1
[2022-12-12 14:20:11] [SEVERE ] player 4 placing token on slot 10
[2022-12-12 14:20:11] [SEVERE ] player 5 placing token on slot 10
[2022-12-12 14:20:11] [SEVERE ] removing player 5 token from slot 6
[2022-12-12 14:20:11] [SEVERE ] removing player 5 token from slot 7
[2022-12-12 14:20:11] [SEVERE ] removing player 5 token from slot 10
[2022-12-12 14:20:11] [SEVERE ] player 2 placing token on slot 2
[2022-12-12 14:20:11] [SEVERE ] player 3 placing token on slot 4
[2022-12-12 14:20:11] [SEVERE ] player 5 placing token on slot 6
[2022-12-12 14:20:12] [SEVERE ] player 4 placing token on slot 7
[2022-12-12 14:20:12] [SEVERE ] removing player 4 token from slot 6
[2022-12-12 14:20:12] [SEVERE ] removing player 4 token from slot 7
[2022-12-12 14:20:12] [SEVERE ] removing player 4 token from slot 10
[2022-12-12 14:20:12] [SEVERE ] player 2 placing token on slot 1
[2022-12-12 14:20:12] [SEVERE ] removing player 2 token from slot 1
[2022-12-12 14:20:12] [SEVERE ] removing player 2 token from slot 2
[2022-12-12 14:20:12] [SEVERE ] removing player 2 token from slot 4
[2022-12-12 14:20:12] [SEVERE ] player 3 placing token on slot 2
[2022-12-12 14:20:12] [SEVERE ] removing player 3 token from slot 1
[2022-12-12 14:20:12] [SEVERE ] removing player 3 token from slot 2
[2022-12-12 14:20:12] [SEVERE ] removing player 3 token from slot 4
[2022-12-12 14:20:12] [SEVERE ] player 5 placing token on slot 7
[2022-12-12 14:20:13] [SEVERE ] player 4 placing token on slot 8
[2022-12-12 14:20:13] [SEVERE ] player 5 placing token on slot 9
[2022-12-12 14:20:13] [SEVERE ] removing player 5 token from slot 6
[2022-12-12 14:20:13] [SEVERE ] removing player 5 token from slot 7
[2022-12-12 14:20:13] [SEVERE ] removing player 5 token from slot 9
[2022-12-12 14:20:13] [SEVERE ] player 3 placing token on slot 8
[2022-12-12 14:20:13] [SEVERE ] player 2 placing token on slot 3
[2022-12-12 14:20:13] [SEVERE ] player 4 placing token on slot 7
[2022-12-12 14:20:13] [SEVERE ] player 5 placing token on slot 5
[2022-12-12 14:20:14] [SEVERE ] player 3 placing token on slot 9
[2022-12-12 14:20:14] [SEVERE ] player 2 placing token on slot 2
[2022-12-12 14:20:14] [SEVERE ] player 4 placing token on slot 9
[2022-12-12 14:20:14] [SEVERE ] removing player 4 token from slot 7
[2022-12-12 14:20:14] [SEVERE ] removing player 4 token from slot 8
[2022-12-12 14:20:14] [SEVERE ] removing player 4 token from slot 9
[2022-12-12 14:20:14] [SEVERE ] player 3 placing token on slot 0
[2022-12-12 14:20:14] [SEVERE ] removing player 3 token from slot 0
[2022-12-12 14:20:14] [SEVERE ] removing player 3 token from slot 8
[2022-12-12 14:20:14] [SEVERE ] removing player 3 token from slot 9
[2022-12-12 14:20:14] [SEVERE ] player 5 placing token on slot 4
[2022-12-12 14:20:15] [SEVERE ] player 2 placing token on slot 0
[2022-12-12 14:20:15] [SEVERE ] removing player 2 token from slot 0
[2022-12-12 14:20:15] [SEVERE ] removing player 2 token from slot 2
[2022-12-12 14:20:15] [SEVERE ] removing player 2 token from slot 3
[2022-12-12 14:20:15] [SEVERE ] player 4 placing token on slot 6
[2022-12-12 14:20:15] [SEVERE ] player 3 placing token on slot 5
[2022-12-12 14:20:15] [SEVERE ] player 4 placing token on slot 0
[2022-12-12 14:20:15] [SEVERE ] player 5 placing token on slot 8
[2022-12-12 14:20:15] [SEVERE ] removing player 5 token from slot 4
[2022-12-12 14:20:15] [SEVERE ] removing player 5 token from slot 5
[2022-12-12 14:20:15] [SEVERE ] removing player 5 token from slot 8
[2022-12-12 14:20:16] [SEVERE ] player 3 placing token on slot 6
[2022-12-12 14:20:16] [SEVERE ] player 2 placing token on slot 3
[2022-12-12 14:20:16] [SEVERE ] player 4 placing token on slot 3
[2022-12-12 14:20:16] [SEVERE ] removing player 4 token from slot 0
[2022-12-12 14:20:16] [SEVERE ] removing player 4 token from slot 3
[2022-12-12 14:20:16] [SEVERE ] removing player 4 token from slot 6
[2022-12-12 14:20:16] [SEVERE ] player 5 placing token on slot 0
[2022-12-12 14:20:16] [SEVERE ] player 3 placing token on slot 11
[2022-12-12 14:20:16] [SEVERE ] removing player 3 token from slot 5
[2022-12-12 14:20:16] [SEVERE ] removing player 3 token from slot 6
[2022-12-12 14:20:16] [SEVERE ] removing player 3 token from slot 11
[2022-12-12 14:20:16] [SEVERE ] player 2 placing token on slot 6
[2022-12-12 14:20:17] [SEVERE ] player 4 placing token on slot 2
[2022-12-12 14:20:17] [SEVERE ] player 5 placing token on slot 7
[2022-12-12 14:20:17] [SEVERE ] player 2 placing token on slot 9
[2022-12-12 14:20:17] [SEVERE ] removing player 2 token from slot 3
[2022-12-12 14:20:17] [SEVERE ] removing player 2 token from slot 6
[2022-12-12 14:20:17] [SEVERE ] removing player 2 token from slot 9
[2022-12-12 14:20:17] [SEVERE ] player 3 placing token on slot 6
[2022-12-12 14:20:17] [SEVERE ] Key 90 was pressed by player 0
[2022-12-12 14:20:17] [SEVERE ] player 0 placing token on slot 8
[2022-12-12 14:20:17] [SEVERE ] player 4 placing token on slot 7
[2022-12-12 14:20:18] [SEVERE ] player 5 placing token on slot 9
[2022-12-12 14:20:18] [SEVERE ] removing player 5 token from slot 0
[2022-12-12 14:20:18] [SEVERE ] removing player 5 token from slot 7
[2022-12-12 14:20:18] [SEVERE ] removing player 5 token from slot 9
[2022-12-12 14:20:18] [SEVERE ] player 2 placing token on slot 7
[2022-12-12 14:20:18] [SEVERE ] player 3 placing token on slot 1
[2022-12-12 14:20:18] [SEVERE ] Key 86 was pressed by player 0
[2022-12-12 14:20:18] [SEVERE ] player 0 placing token on slot 11
[2022-12-12 14:20:18] [SEVERE ] player 5 placing token on slot 7
[2022-12-12 14:20:18] [SEVERE ] player 4 placing token on slot 9
[2022-12-12 14:20:18] [SEVERE ] removing player 4 token from slot 2
[2022-12-12 14:20:18] [SEVERE ] removing player 4 token from slot 7
[2022-12-12 14:20:18] [SEVERE ] removing player 4 token from slot 9
[2022-12-12 14:20:18] [SEVERE ] player 2 placing token on slot 0
[2022-12-12 14:20:18] [SEVERE ] player 3 placing token on slot 2
[2022-12-12 14:20:18] [SEVERE ] removing player 3 token from slot 1
[2022-12-12 14:20:18] [SEVERE ] removing player 3 token from slot 2
[2022-12-12 14:20:18] [SEVERE ] removing player 3 token from slot 6
[2022-12-12 14:20:19] [SEVERE ] Key 82 was pressed by player 0
[2022-12-12 14:20:19] [SEVERE ] player 0 placing token on slot 3
[2022-12-12 14:20:19] [SEVERE ] removing tokens from slot 3
[2022-12-12 14:20:19] [SEVERE ] removing card from slot 3
[2022-12-12 14:20:19] [SEVERE ] removing tokens from slot 8
[2022-12-12 14:20:19] [SEVERE ] removing card from slot 8
[2022-12-12 14:20:19] [SEVERE ] removing tokens from slot 11
[2022-12-12 14:20:19] [SEVERE ] removing card from slot 11
[2022-12-12 14:20:19] [SEVERE ] setting player 0 score to 2
[2022-12-12 14:20:19] [SEVERE ] player 5 placing token on slot 10
[2022-12-12 14:20:19] [SEVERE ] placing card 37 in slot 3
[2022-12-12 14:20:19] [SEVERE ] placing card 65 in slot 8
[2022-12-12 14:20:19] [SEVERE ] placing card 0 in slot 11
[2022-12-12 14:20:19] [SEVERE ] player 3 placing token on slot 6
[2022-12-12 14:20:19] [SEVERE ] player 2 placing token on slot 10
[2022-12-12 14:20:19] [SEVERE ] removing player 2 token from slot 0
[2022-12-12 14:20:19] [SEVERE ] removing player 2 token from slot 7
[2022-12-12 14:20:19] [SEVERE ] removing player 2 token from slot 10
[2022-12-12 14:20:19] [SEVERE ] player 4 placing token on slot 11
[2022-12-12 14:20:20] [SEVERE ] player 5 placing token on slot 2
[2022-12-12 14:20:20] [SEVERE ] removing player 5 token from slot 2
[2022-12-12 14:20:20] [SEVERE ] removing player 5 token from slot 7
[2022-12-12 14:20:20] [SEVERE ] removing player 5 token from slot 10
[2022-12-12 14:20:20] [SEVERE ] player 3 placing token on slot 1
[2022-12-12 14:20:20] [SEVERE ] player 2 placing token on slot 9
[2022-12-12 14:20:20] [SEVERE ] player 4 placing token on slot 7
[2022-12-12 14:20:20] [SEVERE ] player 5 placing token on slot 7
[2022-12-12 14:20:21] [SEVERE ] player 3 placing token on slot 5
[2022-12-12 14:20:21] [SEVERE ] removing player 3 token from slot 1
[2022-12-12 14:20:21] [SEVERE ] removing player 3 token from slot 5
[2022-12-12 14:20:21] [SEVERE ] removing player 3 token from slot 6
[2022-12-12 14:20:21] [SEVERE ] player 4 placing token on slot 2
[2022-12-12 14:20:21] [SEVERE ] removing player 4 token from slot 2
[2022-12-12 14:20:21] [SEVERE ] removing player 4 token from slot 7
[2022-12-12 14:20:21] [SEVERE ] removing player 4 token from slot 11
[2022-12-12 14:20:21] [SEVERE ] player 5 placing token on slot 9
[2022-12-12 14:20:21] [SEVERE ] player 2 placing token on slot 5
[2022-12-12 14:20:21] [SEVERE ] player 3 placing token on slot 3
[2022-12-12 14:20:22] [SEVERE ] player 5 placing token on slot 1
[2022-12-12 14:20:22] [SEVERE ] removing player 5 token from slot 1
[2022-12-12 14:20:22] [SEVERE ] removing player 5 token from slot 7
[2022-12-12 14:20:22] [SEVERE ] removing player 5 token from slot 9
[2022-12-12 14:20:22] [SEVERE ] player 4 placing token on slot 1
[2022-12-12 14:20:22] [SEVERE ] player 2 placing token on slot 10
[2022-12-12 14:20:22] [SEVERE ] removing player 2 token from slot 5
[2022-12-12 14:20:22] [SEVERE ] removing player 2 token from slot 9
[2022-12-12 14:20:22] [SEVERE ] removing player 2 token from slot 10
[2022-12-12 14:20:22] [SEVERE ] player 3 placing token on slot 10
[2022-12-12 14:20:22] [SEVERE ] player 4 placing token on slot 6
[2022-12-12 14:20:23] [SEVERE ] player 5 placing token on slot 1
[2022-12-12 14:20:23] [SEVERE ] player 3 placing token on slot 6
[2022-12-12 14:20:23] [SEVERE ] removing player 3 token from slot 3
[2022-12-12 14:20:23] [SEVERE ] removing player 3 token from slot 6
[2022-12-12 14:20:23] [SEVERE ] removing player 3 token from slot 10
[2022-12-12 14:20:23] [SEVERE ] player 2 placing token on slot 7
[2022-12-12 14:20:23] [SEVERE ] player 4 placing token on slot 0
[2022-12-12 14:20:23] [SEVERE ] removing player 4 token from slot 0
[2022-12-12 14:20:23] [SEVERE ] removing player 4 token from slot 1
[2022-12-12 14:20:23] [SEVERE ] removing player 4 token from slot 6
[2022-12-12 14:20:23] [SEVERE ] player 5 placing token on slot 8
[2022-12-12 14:20:23] [SEVERE ] player 3 placing token on slot 5
[2022-12-12 14:20:24] [SEVERE ] player 2 placing token on slot 0
[2022-12-12 14:20:24] [SEVERE ] player 5 placing token on slot 5
[2022-12-12 14:20:24] [SEVERE ] removing player 5 token from slot 1
[2022-12-12 14:20:24] [SEVERE ] removing player 5 token from slot 5
[2022-12-12 14:20:24] [SEVERE ] removing player 5 token from slot 8
[2022-12-12 14:20:24] [SEVERE ] player 3 placing token on slot 6
[2022-12-12 14:20:24] [SEVERE ] player 4 placing token on slot 6
[2022-12-12 14:20:24] [SEVERE ] player 2 placing token on slot 1
[2022-12-12 14:20:24] [SEVERE ] removing player 2 token from slot 0
[2022-12-12 14:20:24] [SEVERE ] removing player 2 token from slot 1
[2022-12-12 14:20:24] [SEVERE ] removing player 2 token from slot 7
[2022-12-12 14:20:24] [SEVERE ] player 5 placing token on slot 5
[2022-12-12 14:20:25] [SEVERE ] player 3 placing token on slot 4
[2022-12-12 14:20:25] [SEVERE ] removing player 3 token from slot 4
[2022-12-12 14:20:25] [SEVERE ] removing player 3 token from slot 5
[2022-12-12 14:20:25] [SEVERE ] removing player 3 token from slot 6
[2022-12-12 14:20:25] [SEVERE ] player 4 placing token on slot 5
[2022-12-12 14:20:25] [SEVERE ] player 5 placing token on slot 1
[2022-12-12 14:20:25] [SEVERE ] player 2 placing token on slot 0
[2022-12-12 14:20:26] [SEVERE ] player 4 placing token on slot 3
[2022-12-12 14:20:26] [SEVERE ] removing player 4 token from slot 3
[2022-12-12 14:20:26] [SEVERE ] removing player 4 token from slot 5
[2022-12-12 14:20:26] [SEVERE ] removing player 4 token from slot 6
[2022-12-12 14:20:26] [SEVERE ] player 3 placing token on slot 1
[2022-12-12 14:20:26] [SEVERE ] player 5 placing token on slot 8
[2022-12-12 14:20:26] [SEVERE ] removing player 5 token from slot 1
[2022-12-12 14:20:26] [SEVERE ] removing player 5 token from slot 5
[2022-12-12 14:20:26] [SEVERE ] removing player 5 token from slot 8
[2022-12-12 14:20:26] [SEVERE ] player 2 placing token on slot 5
[2022-12-12 14:20:26] [SEVERE ] player 4 placing token on slot 3
[2022-12-12 14:20:26] [SEVERE ] player 3 placing token on slot 9
[2022-12-12 14:20:27] [SEVERE ] player 5 placing token on slot 11
[2022-12-12 14:20:27] [SEVERE ] player 2 placing token on slot 9
[2022-12-12 14:20:27] [SEVERE ] removing player 2 token from slot 0
[2022-12-12 14:20:27] [SEVERE ] removing player 2 token from slot 5
[2022-12-12 14:20:27] [SEVERE ] removing player 2 token from slot 9
[2022-12-12 14:20:27] [SEVERE ] player 3 placing token on slot 2
[2022-12-12 14:20:27] [SEVERE ] removing player 3 token from slot 1
[2022-12-12 14:20:27] [SEVERE ] removing player 3 token from slot 2
[2022-12-12 14:20:27] [SEVERE ] removing player 3 token from slot 9
[2022-12-12 14:20:27] [SEVERE ] player 4 placing token on slot 0
[2022-12-12 14:20:28] [SEVERE ] player 3 placing token on slot 2
[2022-12-12 14:20:28] [SEVERE ] player 2 placing token on slot 3
[2022-12-12 14:20:28] [SEVERE ] player 5 placing token on slot 1
[2022-12-12 14:20:28] [SEVERE ] player 4 placing token on slot 2
[2022-12-12 14:20:28] [SEVERE ] removing player 4 token from slot 0
[2022-12-12 14:20:28] [SEVERE ] removing player 4 token from slot 2
[2022-12-12 14:20:28] [SEVERE ] removing player 4 token from slot 3
[2022-12-12 14:20:28] [SEVERE ] player 3 placing token on slot 5
[2022-12-12 14:20:28] [SEVERE ] player 2 placing token on slot 6
[2022-12-12 14:20:28] [SEVERE ] player 5 placing token on slot 0
[2022-12-12 14:20:28] [SEVERE ] removing player 5 token from slot 0
[2022-12-12 14:20:28] [SEVERE ] removing player 5 token from slot 1
[2022-12-12 14:20:28] [SEVERE ] removing player 5 token from slot 11
[2022-12-12 14:20:29] [SEVERE ] player 4 placing token on slot 8
[2022-12-12 14:20:29] [SEVERE ] player 2 placing token on slot 10
[2022-12-12 14:20:29] [SEVERE ] removing player 2 token from slot 3
[2022-12-12 14:20:29] [SEVERE ] removing player 2 token from slot 6
[2022-12-12 14:20:29] [SEVERE ] removing player 2 token from slot 10
[2022-12-12 14:20:29] [SEVERE ] player 3 placing token on slot 7
[2022-12-12 14:20:29] [SEVERE ] removing player 3 token from slot 2
[2022-12-12 14:20:29] [SEVERE ] removing player 3 token from slot 5
[2022-12-12 14:20:29] [SEVERE ] removing player 3 token from slot 7
[2022-12-12 14:20:29] [SEVERE ] player 5 placing token on slot 3
[2022-12-12 14:20:29] [SEVERE ] player 4 placing token on slot 2
[2022-12-12 14:20:30] [SEVERE ] player 5 placing token on slot 11
[2022-12-12 14:20:30] [SEVERE ] player 4 placing token on slot 10
[2022-12-12 14:20:30] [SEVERE ] removing player 4 token from slot 2
[2022-12-12 14:20:30] [SEVERE ] removing player 4 token from slot 8
[2022-12-12 14:20:30] [SEVERE ] removing player 4 token from slot 10
[2022-12-12 14:20:30] [SEVERE ] player 2 placing token on slot 11
[2022-12-12 14:20:30] [SEVERE ] player 3 placing token on slot 6
[2022-12-12 14:20:30] [SEVERE ] player 5 placing token on slot 6
[2022-12-12 14:20:30] [SEVERE ] removing player 5 token from slot 3
[2022-12-12 14:20:30] [SEVERE ] removing player 5 token from slot 6
[2022-12-12 14:20:30] [SEVERE ] removing player 5 token from slot 11
[2022-12-12 14:20:31] [SEVERE ] player 2 placing token on slot 8
[2022-12-12 14:20:31] [SEVERE ] player 4 placing token on slot 5
[2022-12-12 14:20:31] [SEVERE ] player 3 placing token on slot 1
[2022-12-12 14:20:31] [SEVERE ] player 5 placing token on slot 8
[2022-12-12 14:20:31] [SEVERE ] player 4 placing token on slot 3
[2022-12-12 14:20:31] [SEVERE ] player 2 placing token on slot 9
[2022-12-12 14:20:31] [SEVERE ] removing player 2 token from slot 8
[2022-12-12 14:20:31] [SEVERE ] removing player 2 token from slot 9
[2022-12-12 14:20:31] [SEVERE ] removing player 2 token from slot 11
[2022-12-12 14:20:32] [SEVERE ] player 3 placing token on slot 4
[2022-12-12 14:20:32] [SEVERE ] removing player 3 token from slot 1
[2022-12-12 14:20:32] [SEVERE ] removing player 3 token from slot 4
[2022-12-12 14:20:32] [SEVERE ] removing player 3 token from slot 6
[2022-12-12 14:20:32] [SEVERE ] player 5 placing token on slot 7
[2022-12-12 14:20:32] [SEVERE ] player 4 placing token on slot 9
[2022-12-12 14:20:32] [SEVERE ] removing player 4 token from slot 3
[2022-12-12 14:20:32] [SEVERE ] removing player 4 token from slot 5
[2022-12-12 14:20:32] [SEVERE ] removing player 4 token from slot 9
[2022-12-12 14:20:32] [SEVERE ] player 2 placing token on slot 0
[2022-12-12 14:20:33] [SEVERE ] player 3 placing token on slot 1
[2022-12-12 14:20:33] [SEVERE ] player 5 placing token on slot 6
[2022-12-12 14:20:33] [SEVERE ] removing player 5 token from slot 6
[2022-12-12 14:20:33] [SEVERE ] removing player 5 token from slot 7
[2022-12-12 14:20:33] [SEVERE ] removing player 5 token from slot 8
[2022-12-12 14:20:33] [SEVERE ] player 4 placing token on slot 7
[2022-12-12 14:20:33] [SEVERE ] player 2 placing token on slot 2
[2022-12-12 14:20:33] [SEVERE ] player 3 placing token on slot 6
[2022-12-12 14:20:33] [SEVERE ] player 4 placing token on slot 8
[2022-12-12 14:20:33] [SEVERE ] player 5 placing token on slot 10
[2022-12-12 14:20:34] [SEVERE ] player 3 placing token on slot 4
[2022-12-12 14:20:34] [SEVERE ] removing player 3 token from slot 1
[2022-12-12 14:20:34] [SEVERE ] removing player 3 token from slot 4
[2022-12-12 14:20:34] [SEVERE ] removing player 3 token from slot 6
[2022-12-12 14:20:34] [SEVERE ] player 5 placing token on slot 1
[2022-12-12 14:20:34] [SEVERE ] player 2 placing token on slot 9
[2022-12-12 14:20:34] [SEVERE ] removing player 2 token from slot 0
[2022-12-12 14:20:34] [SEVERE ] removing player 2 token from slot 2
[2022-12-12 14:20:34] [SEVERE ] removing player 2 token from slot 9
[2022-12-12 14:20:34] [SEVERE ] player 4 placing token on slot 6
[2022-12-12 14:20:34] [SEVERE ] removing player 4 token from slot 6
[2022-12-12 14:20:34] [SEVERE ] removing player 4 token from slot 7
[2022-12-12 14:20:34] [SEVERE ] removing player 4 token from slot 8
[2022-12-12 14:20:34] [SEVERE ] player 3 placing token on slot 2
[2022-12-12 14:20:34] [SEVERE ] player 2 placing token on slot 11
[2022-12-12 14:20:35] [SEVERE ] player 5 placing token on slot 9
[2022-12-12 14:20:35] [SEVERE ] removing player 5 token from slot 1
[2022-12-12 14:20:35] [SEVERE ] removing player 5 token from slot 9
[2022-12-12 14:20:35] [SEVERE ] removing player 5 token from slot 10
[2022-12-12 14:20:35] [SEVERE ] player 4 placing token on slot 3
[2022-12-12 14:20:35] [SEVERE ] player 3 placing token on slot 4
[2022-12-12 14:20:35] [SEVERE ] player 2 placing token on slot 0
[2022-12-12 14:20:35] [SEVERE ] player 4 placing token on slot 6
[2022-12-12 14:20:35] [SEVERE ] player 5 placing token on slot 1
[2022-12-12 14:20:36] [SEVERE ] player 2 placing token on slot 4
[2022-12-12 14:20:36] [SEVERE ] removing player 2 token from slot 0
[2022-12-12 14:20:36] [SEVERE ] removing player 2 token from slot 4
[2022-12-12 14:20:36] [SEVERE ] removing player 2 token from slot 11
[2022-12-12 14:20:36] [SEVERE ] player 3 placing token on slot 11
[2022-12-12 14:20:36] [SEVERE ] removing player 3 token from slot 2
[2022-12-12 14:20:36] [SEVERE ] removing player 3 token from slot 4
[2022-12-12 14:20:36] [SEVERE ] removing player 3 token from slot 11
[2022-12-12 14:20:36] [SEVERE ] player 5 placing token on slot 4
[2022-12-12 14:20:36] [SEVERE ] player 4 placing token on slot 7
[2022-12-12 14:20:36] [SEVERE ] removing player 4 token from slot 3
[2022-12-12 14:20:36] [SEVERE ] removing player 4 token from slot 6
[2022-12-12 14:20:36] [SEVERE ] removing player 4 token from slot 7
[2022-12-12 14:20:36] [SEVERE ] player 2 placing token on slot 7
[2022-12-12 14:20:37] [SEVERE ] player 3 placing token on slot 4
