[2022-12-10 11:53:45] [INFO   ] cannot read configuration file config.properties trying from resources.
[2022-12-10 11:53:45] [INFO   ] configuration file was loaded from resources directory.
[2022-12-10 11:53:45] [INFO   ] Thread dealer starting.
[2022-12-10 11:53:45] [INFO   ] Thread Thread-1starting.
[2022-12-10 11:53:45] [INFO   ] Thread Thread-0starting.
[2022-12-10 11:53:45] [SEVERE ] placing card 28 in slot 0
[2022-12-10 11:53:45] [SEVERE ] placing card 18 in slot 1
[2022-12-10 11:53:46] [SEVERE ] placing card 50 in slot 2
[2022-12-10 11:53:46] [SEVERE ] placing card 74 in slot 3
[2022-12-10 11:53:46] [SEVERE ] placing card 11 in slot 4
[2022-12-10 11:53:46] [SEVERE ] placing card 47 in slot 5
[2022-12-10 11:53:46] [SEVERE ] placing card 79 in slot 6
[2022-12-10 11:53:46] [SEVERE ] placing card 63 in slot 7
[2022-12-10 11:53:46] [SEVERE ] placing card 24 in slot 8
[2022-12-10 11:53:46] [SEVERE ] placing card 33 in slot 9
[2022-12-10 11:53:46] [SEVERE ] placing card 44 in slot 10
[2022-12-10 11:53:47] [SEVERE ] placing card 59 in slot 11
[2022-12-10 11:53:51] [SEVERE ] removing tokens from slot 0
[2022-12-10 11:53:51] [SEVERE ] removing card from slot 0
[2022-12-10 11:53:51] [SEVERE ] removing tokens from slot 1
[2022-12-10 11:53:51] [SEVERE ] removing card from slot 1
[2022-12-10 11:53:52] [SEVERE ] removing tokens from slot 2
[2022-12-10 11:53:52] [SEVERE ] removing card from slot 2
[2022-12-10 11:53:52] [SEVERE ] removing tokens from slot 3
[2022-12-10 11:53:52] [SEVERE ] removing card from slot 3
[2022-12-10 11:53:52] [SEVERE ] removing tokens from slot 4
[2022-12-10 11:53:52] [SEVERE ] removing card from slot 4
[2022-12-10 11:53:52] [SEVERE ] removing tokens from slot 5
[2022-12-10 11:53:52] [SEVERE ] removing card from slot 5
[2022-12-10 11:53:52] [SEVERE ] removing tokens from slot 6
[2022-12-10 11:53:52] [SEVERE ] removing card from slot 6
[2022-12-10 11:53:52] [SEVERE ] removing tokens from slot 7
[2022-12-10 11:53:52] [SEVERE ] removing card from slot 7
[2022-12-10 11:53:52] [SEVERE ] removing tokens from slot 8
[2022-12-10 11:53:52] [SEVERE ] removing card from slot 8
[2022-12-10 11:53:52] [SEVERE ] removing tokens from slot 9
[2022-12-10 11:53:52] [SEVERE ] removing card from slot 9
[2022-12-10 11:53:52] [SEVERE ] removing tokens from slot 10
[2022-12-10 11:53:52] [SEVERE ] removing card from slot 10
[2022-12-10 11:53:53] [SEVERE ] removing tokens from slot 11
[2022-12-10 11:53:53] [SEVERE ] removing card from slot 11
[2022-12-10 11:53:53] [SEVERE ] placing card 26 in slot 0
[2022-12-10 11:53:53] [SEVERE ] placing card 3 in slot 1
[2022-12-10 11:53:53] [SEVERE ] placing card 37 in slot 2
[2022-12-10 11:53:53] [SEVERE ] placing card 33 in slot 3
[2022-12-10 11:53:53] [SEVERE ] placing card 43 in slot 4
[2022-12-10 11:53:53] [SEVERE ] placing card 45 in slot 5
[2022-12-10 11:53:53] [SEVERE ] placing card 10 in slot 6
[2022-12-10 11:53:53] [SEVERE ] placing card 18 in slot 7
[2022-12-10 11:53:54] [SEVERE ] placing card 56 in slot 8
[2022-12-10 11:53:54] [SEVERE ] placing card 1 in slot 9
[2022-12-10 11:53:54] [SEVERE ] placing card 67 in slot 10
[2022-12-10 11:53:54] [SEVERE ] placing card 40 in slot 11
[2022-12-10 11:53:57] [SEVERE ] removing tokens from slot 0
[2022-12-10 11:53:57] [SEVERE ] removing card from slot 0
[2022-12-10 11:53:57] [SEVERE ] removing tokens from slot 1
[2022-12-10 11:53:57] [SEVERE ] removing card from slot 1
[2022-12-10 11:53:58] [SEVERE ] removing tokens from slot 2
[2022-12-10 11:53:58] [SEVERE ] removing card from slot 2
[2022-12-10 11:53:58] [SEVERE ] removing tokens from slot 3
[2022-12-10 11:53:58] [SEVERE ] removing card from slot 3
[2022-12-10 11:53:58] [SEVERE ] removing tokens from slot 4
[2022-12-10 11:53:58] [SEVERE ] removing card from slot 4
[2022-12-10 11:53:58] [SEVERE ] removing tokens from slot 5
[2022-12-10 11:53:58] [SEVERE ] removing card from slot 5
[2022-12-10 11:53:58] [SEVERE ] removing tokens from slot 6
[2022-12-10 11:53:58] [SEVERE ] removing card from slot 6
[2022-12-10 11:53:58] [SEVERE ] removing tokens from slot 7
[2022-12-10 11:53:58] [SEVERE ] removing card from slot 7
[2022-12-10 11:53:58] [SEVERE ] removing tokens from slot 8
[2022-12-10 11:53:58] [SEVERE ] removing card from slot 8
[2022-12-10 11:53:58] [SEVERE ] removing tokens from slot 9
[2022-12-10 11:53:58] [SEVERE ] removing card from slot 9
[2022-12-10 11:53:58] [SEVERE ] removing tokens from slot 10
[2022-12-10 11:53:58] [SEVERE ] removing card from slot 10
[2022-12-10 11:53:59] [SEVERE ] removing tokens from slot 11
[2022-12-10 11:53:59] [SEVERE ] removing card from slot 11
[2022-12-10 11:53:59] [SEVERE ] placing card 15 in slot 0
[2022-12-10 11:53:59] [SEVERE ] placing card 44 in slot 1
[2022-12-10 11:53:59] [SEVERE ] placing card 56 in slot 2
[2022-12-10 11:53:59] [SEVERE ] placing card 33 in slot 3
[2022-12-10 11:53:59] [SEVERE ] placing card 55 in slot 4
[2022-12-10 11:53:59] [SEVERE ] placing card 59 in slot 5
[2022-12-10 11:53:59] [SEVERE ] placing card 46 in slot 6
[2022-12-10 11:53:59] [SEVERE ] placing card 58 in slot 7
[2022-12-10 11:54:00] [SEVERE ] placing card 25 in slot 8
[2022-12-10 11:54:00] [SEVERE ] placing card 29 in slot 9
[2022-12-10 11:54:00] [SEVERE ] placing card 30 in slot 10
[2022-12-10 11:54:00] [SEVERE ] placing card 34 in slot 11
[2022-12-10 11:54:03] [SEVERE ] removing tokens from slot 0
[2022-12-10 11:54:03] [SEVERE ] removing card from slot 0
[2022-12-10 11:54:03] [SEVERE ] removing tokens from slot 1
[2022-12-10 11:54:03] [SEVERE ] removing card from slot 1
[2022-12-10 11:54:04] [SEVERE ] removing tokens from slot 2
[2022-12-10 11:54:04] [SEVERE ] removing card from slot 2
[2022-12-10 11:54:04] [SEVERE ] removing tokens from slot 3
[2022-12-10 11:54:04] [SEVERE ] removing card from slot 3
[2022-12-10 11:54:04] [SEVERE ] removing tokens from slot 4
[2022-12-10 11:54:04] [SEVERE ] removing card from slot 4
[2022-12-10 11:54:04] [SEVERE ] removing tokens from slot 5
[2022-12-10 11:54:04] [SEVERE ] removing card from slot 5
[2022-12-10 11:54:04] [SEVERE ] removing tokens from slot 6
[2022-12-10 11:54:04] [SEVERE ] removing card from slot 6
[2022-12-10 11:54:04] [SEVERE ] removing tokens from slot 7
[2022-12-10 11:54:04] [SEVERE ] removing card from slot 7
[2022-12-10 11:54:04] [SEVERE ] removing tokens from slot 8
[2022-12-10 11:54:04] [SEVERE ] removing card from slot 8
[2022-12-10 11:54:04] [SEVERE ] removing tokens from slot 9
[2022-12-10 11:54:04] [SEVERE ] removing card from slot 9
[2022-12-10 11:54:04] [SEVERE ] removing tokens from slot 10
[2022-12-10 11:54:04] [SEVERE ] removing card from slot 10
[2022-12-10 11:54:05] [SEVERE ] removing tokens from slot 11
[2022-12-10 11:54:05] [SEVERE ] removing card from slot 11
[2022-12-10 11:54:05] [SEVERE ] placing card 4 in slot 0
[2022-12-10 11:54:05] [SEVERE ] placing card 57 in slot 1
[2022-12-10 11:54:05] [SEVERE ] placing card 72 in slot 2
[2022-12-10 11:54:05] [SEVERE ] placing card 64 in slot 3
[2022-12-10 11:54:05] [SEVERE ] placing card 46 in slot 4
[2022-12-10 11:54:05] [SEVERE ] placing card 19 in slot 5
[2022-12-10 11:54:05] [SEVERE ] placing card 56 in slot 6
[2022-12-10 11:54:05] [SEVERE ] placing card 17 in slot 7
[2022-12-10 11:54:06] [SEVERE ] placing card 69 in slot 8
[2022-12-10 11:54:06] [SEVERE ] placing card 8 in slot 9
[2022-12-10 11:54:06] [SEVERE ] placing card 74 in slot 10
[2022-12-10 11:54:06] [SEVERE ] placing card 29 in slot 11
[2022-12-10 11:54:09] [SEVERE ] removing tokens from slot 0
[2022-12-10 11:54:09] [SEVERE ] removing card from slot 0
[2022-12-10 11:54:09] [SEVERE ] removing tokens from slot 1
[2022-12-10 11:54:09] [SEVERE ] removing card from slot 1
[2022-12-10 11:54:10] [SEVERE ] removing tokens from slot 2
[2022-12-10 11:54:10] [SEVERE ] removing card from slot 2
[2022-12-10 11:54:10] [SEVERE ] removing tokens from slot 3
[2022-12-10 11:54:10] [SEVERE ] removing card from slot 3
[2022-12-10 11:54:10] [SEVERE ] removing tokens from slot 4
[2022-12-10 11:54:10] [SEVERE ] removing card from slot 4
[2022-12-10 11:54:10] [SEVERE ] removing tokens from slot 5
[2022-12-10 11:54:10] [SEVERE ] removing card from slot 5
[2022-12-10 11:54:10] [SEVERE ] removing tokens from slot 6
[2022-12-10 11:54:10] [SEVERE ] removing card from slot 6
[2022-12-10 11:54:10] [SEVERE ] removing tokens from slot 7
[2022-12-10 11:54:10] [SEVERE ] removing card from slot 7
[2022-12-10 11:54:10] [SEVERE ] removing tokens from slot 8
[2022-12-10 11:54:10] [SEVERE ] removing card from slot 8
[2022-12-10 11:54:10] [SEVERE ] removing tokens from slot 9
[2022-12-10 11:54:10] [SEVERE ] removing card from slot 9
[2022-12-10 11:54:10] [SEVERE ] removing tokens from slot 10
[2022-12-10 11:54:10] [SEVERE ] removing card from slot 10
[2022-12-10 11:54:11] [SEVERE ] removing tokens from slot 11
[2022-12-10 11:54:11] [SEVERE ] removing card from slot 11
[2022-12-10 11:54:11] [SEVERE ] placing card 43 in slot 0
[2022-12-10 11:54:11] [SEVERE ] placing card 4 in slot 1
[2022-12-10 11:54:11] [SEVERE ] placing card 22 in slot 2
[2022-12-10 11:54:11] [SEVERE ] placing card 68 in slot 3
[2022-12-10 11:54:11] [SEVERE ] placing card 72 in slot 4
[2022-12-10 11:54:11] [SEVERE ] placing card 21 in slot 5
[2022-12-10 11:54:11] [SEVERE ] placing card 2 in slot 6
[2022-12-10 11:54:11] [SEVERE ] placing card 47 in slot 7
[2022-12-10 11:54:12] [SEVERE ] placing card 63 in slot 8
[2022-12-10 11:54:12] [SEVERE ] placing card 25 in slot 9
[2022-12-10 11:54:12] [SEVERE ] placing card 34 in slot 10
[2022-12-10 11:54:12] [SEVERE ] placing card 42 in slot 11
[2022-12-10 11:54:15] [SEVERE ] removing tokens from slot 0
[2022-12-10 11:54:15] [SEVERE ] removing card from slot 0
[2022-12-10 11:54:15] [SEVERE ] removing tokens from slot 1
[2022-12-10 11:54:15] [SEVERE ] removing card from slot 1
[2022-12-10 11:54:16] [SEVERE ] removing tokens from slot 2
[2022-12-10 11:54:16] [SEVERE ] removing card from slot 2
[2022-12-10 11:54:16] [SEVERE ] removing tokens from slot 3
[2022-12-10 11:54:16] [SEVERE ] removing card from slot 3
[2022-12-10 11:54:16] [SEVERE ] removing tokens from slot 4
[2022-12-10 11:54:16] [SEVERE ] removing card from slot 4
[2022-12-10 11:54:16] [SEVERE ] removing tokens from slot 5
[2022-12-10 11:54:16] [SEVERE ] removing card from slot 5
[2022-12-10 11:54:16] [SEVERE ] removing tokens from slot 6
[2022-12-10 11:54:16] [SEVERE ] removing card from slot 6
[2022-12-10 11:54:16] [SEVERE ] removing tokens from slot 7
[2022-12-10 11:54:16] [SEVERE ] removing card from slot 7
[2022-12-10 11:54:16] [SEVERE ] removing tokens from slot 8
[2022-12-10 11:54:16] [SEVERE ] removing card from slot 8
[2022-12-10 11:54:16] [SEVERE ] removing tokens from slot 9
[2022-12-10 11:54:16] [SEVERE ] removing card from slot 9
[2022-12-10 11:54:16] [SEVERE ] removing tokens from slot 10
[2022-12-10 11:54:16] [SEVERE ] removing card from slot 10
[2022-12-10 11:54:17] [SEVERE ] removing tokens from slot 11
[2022-12-10 11:54:17] [SEVERE ] removing card from slot 11
[2022-12-10 11:54:17] [SEVERE ] placing card 57 in slot 0
[2022-12-10 11:54:17] [SEVERE ] placing card 22 in slot 1
[2022-12-10 11:54:17] [SEVERE ] placing card 15 in slot 2
[2022-12-10 11:54:17] [SEVERE ] placing card 74 in slot 3
[2022-12-10 11:54:17] [SEVERE ] placing card 11 in slot 4
[2022-12-10 11:54:17] [SEVERE ] placing card 0 in slot 5
[2022-12-10 11:54:17] [SEVERE ] placing card 79 in slot 6
[2022-12-10 11:54:17] [SEVERE ] placing card 18 in slot 7
[2022-12-10 11:54:18] [SEVERE ] placing card 41 in slot 8
[2022-12-10 11:54:18] [SEVERE ] placing card 43 in slot 9
[2022-12-10 11:54:18] [SEVERE ] placing card 21 in slot 10
[2022-12-10 11:54:18] [SEVERE ] placing card 8 in slot 11
[2022-12-10 11:54:21] [SEVERE ] removing tokens from slot 0
[2022-12-10 11:54:21] [SEVERE ] removing card from slot 0
[2022-12-10 11:54:21] [SEVERE ] removing tokens from slot 1
[2022-12-10 11:54:21] [SEVERE ] removing card from slot 1
[2022-12-10 11:54:22] [SEVERE ] removing tokens from slot 2
[2022-12-10 11:54:22] [SEVERE ] removing card from slot 2
[2022-12-10 11:54:22] [SEVERE ] removing tokens from slot 3
[2022-12-10 11:54:22] [SEVERE ] removing card from slot 3
[2022-12-10 11:54:22] [SEVERE ] removing tokens from slot 4
[2022-12-10 11:54:22] [SEVERE ] removing card from slot 4
[2022-12-10 11:54:22] [SEVERE ] removing tokens from slot 5
[2022-12-10 11:54:22] [SEVERE ] removing card from slot 5
[2022-12-10 11:54:22] [SEVERE ] removing tokens from slot 6
[2022-12-10 11:54:22] [SEVERE ] removing card from slot 6
[2022-12-10 11:54:22] [SEVERE ] removing tokens from slot 7
[2022-12-10 11:54:22] [SEVERE ] removing card from slot 7
[2022-12-10 11:54:22] [SEVERE ] removing tokens from slot 8
[2022-12-10 11:54:22] [SEVERE ] removing card from slot 8
[2022-12-10 11:54:22] [SEVERE ] removing tokens from slot 9
[2022-12-10 11:54:22] [SEVERE ] removing card from slot 9
[2022-12-10 11:54:22] [SEVERE ] removing tokens from slot 10
[2022-12-10 11:54:22] [SEVERE ] removing card from slot 10
[2022-12-10 11:54:23] [SEVERE ] removing tokens from slot 11
[2022-12-10 11:54:23] [SEVERE ] removing card from slot 11
[2022-12-10 11:54:23] [SEVERE ] placing card 41 in slot 0
[2022-12-10 11:54:23] [SEVERE ] placing card 13 in slot 1
[2022-12-10 11:54:23] [SEVERE ] placing card 23 in slot 2
[2022-12-10 11:54:23] [SEVERE ] placing card 42 in slot 3
[2022-12-10 11:54:23] [SEVERE ] placing card 10 in slot 4
[2022-12-10 11:54:23] [SEVERE ] placing card 22 in slot 5
[2022-12-10 11:54:23] [SEVERE ] placing card 0 in slot 6
[2022-12-10 11:54:23] [SEVERE ] placing card 48 in slot 7
[2022-12-10 11:54:24] [SEVERE ] placing card 27 in slot 8
[2022-12-10 11:54:24] [SEVERE ] placing card 43 in slot 9
[2022-12-10 11:54:24] [SEVERE ] placing card 52 in slot 10
[2022-12-10 11:54:24] [SEVERE ] placing card 51 in slot 11
[2022-12-10 11:54:27] [SEVERE ] removing tokens from slot 0
[2022-12-10 11:54:27] [SEVERE ] removing card from slot 0
[2022-12-10 11:54:27] [SEVERE ] removing tokens from slot 1
[2022-12-10 11:54:27] [SEVERE ] removing card from slot 1
[2022-12-10 11:54:28] [SEVERE ] removing tokens from slot 2
[2022-12-10 11:54:28] [SEVERE ] removing card from slot 2
[2022-12-10 11:54:28] [SEVERE ] removing tokens from slot 3
[2022-12-10 11:54:28] [SEVERE ] removing card from slot 3
[2022-12-10 11:54:28] [SEVERE ] removing tokens from slot 4
[2022-12-10 11:54:28] [SEVERE ] removing card from slot 4
[2022-12-10 11:54:28] [SEVERE ] removing tokens from slot 5
[2022-12-10 11:54:28] [SEVERE ] removing card from slot 5
[2022-12-10 11:54:28] [SEVERE ] removing tokens from slot 6
[2022-12-10 11:54:28] [SEVERE ] removing card from slot 6
[2022-12-10 11:54:28] [SEVERE ] removing tokens from slot 7
[2022-12-10 11:54:28] [SEVERE ] removing card from slot 7
[2022-12-10 11:54:28] [SEVERE ] removing tokens from slot 8
[2022-12-10 11:54:28] [SEVERE ] removing card from slot 8
[2022-12-10 11:54:28] [SEVERE ] removing tokens from slot 9
[2022-12-10 11:54:28] [SEVERE ] removing card from slot 9
[2022-12-10 11:54:28] [SEVERE ] removing tokens from slot 10
[2022-12-10 11:54:28] [SEVERE ] removing card from slot 10
[2022-12-10 11:54:29] [SEVERE ] removing tokens from slot 11
[2022-12-10 11:54:29] [SEVERE ] removing card from slot 11
[2022-12-10 11:54:29] [SEVERE ] placing card 16 in slot 0
[2022-12-10 11:54:29] [SEVERE ] placing card 4 in slot 1
[2022-12-10 11:54:29] [SEVERE ] placing card 55 in slot 2
[2022-12-10 11:54:29] [SEVERE ] placing card 62 in slot 3
[2022-12-10 11:54:29] [SEVERE ] placing card 80 in slot 4
[2022-12-10 11:54:29] [SEVERE ] placing card 25 in slot 5
[2022-12-10 11:54:29] [SEVERE ] placing card 21 in slot 6
[2022-12-10 11:54:29] [SEVERE ] placing card 30 in slot 7
[2022-12-10 11:54:30] [SEVERE ] placing card 70 in slot 8
[2022-12-10 11:54:30] [SEVERE ] placing card 36 in slot 9
[2022-12-10 11:54:30] [SEVERE ] placing card 51 in slot 10
[2022-12-10 11:54:30] [SEVERE ] placing card 39 in slot 11
[2022-12-10 11:54:33] [SEVERE ] removing tokens from slot 0
[2022-12-10 11:54:33] [SEVERE ] removing card from slot 0
[2022-12-10 11:54:33] [SEVERE ] removing tokens from slot 1
[2022-12-10 11:54:33] [SEVERE ] removing card from slot 1
[2022-12-10 11:54:34] [SEVERE ] removing tokens from slot 2
[2022-12-10 11:54:34] [SEVERE ] removing card from slot 2
[2022-12-10 11:54:34] [SEVERE ] removing tokens from slot 3
[2022-12-10 11:54:34] [SEVERE ] removing card from slot 3
[2022-12-10 11:54:34] [SEVERE ] removing tokens from slot 4
[2022-12-10 11:54:34] [SEVERE ] removing card from slot 4
[2022-12-10 11:54:34] [SEVERE ] removing tokens from slot 5
[2022-12-10 11:54:34] [SEVERE ] removing card from slot 5
[2022-12-10 11:54:34] [SEVERE ] removing tokens from slot 6
[2022-12-10 11:54:34] [SEVERE ] removing card from slot 6
[2022-12-10 11:54:34] [SEVERE ] removing tokens from slot 7
[2022-12-10 11:54:34] [SEVERE ] removing card from slot 7
[2022-12-10 11:54:34] [SEVERE ] removing tokens from slot 8
[2022-12-10 11:54:34] [SEVERE ] removing card from slot 8
[2022-12-10 11:54:34] [SEVERE ] removing tokens from slot 9
[2022-12-10 11:54:34] [SEVERE ] removing card from slot 9
[2022-12-10 11:54:34] [SEVERE ] removing tokens from slot 10
[2022-12-10 11:54:34] [SEVERE ] removing card from slot 10
[2022-12-10 11:54:35] [SEVERE ] removing tokens from slot 11
[2022-12-10 11:54:35] [SEVERE ] removing card from slot 11
[2022-12-10 11:54:35] [SEVERE ] placing card 47 in slot 0
[2022-12-10 11:54:35] [SEVERE ] placing card 57 in slot 1
[2022-12-10 11:54:35] [SEVERE ] placing card 52 in slot 2
[2022-12-10 11:54:35] [SEVERE ] placing card 48 in slot 3
[2022-12-10 11:54:35] [SEVERE ] placing card 13 in slot 4
[2022-12-10 11:54:35] [SEVERE ] placing card 75 in slot 5
[2022-12-10 11:54:35] [SEVERE ] placing card 51 in slot 6
[2022-12-10 11:54:35] [SEVERE ] placing card 38 in slot 7
[2022-12-10 11:54:36] [SEVERE ] placing card 59 in slot 8
[2022-12-10 11:54:36] [SEVERE ] placing card 27 in slot 9
[2022-12-10 11:54:36] [SEVERE ] placing card 42 in slot 10
[2022-12-10 11:54:36] [SEVERE ] placing card 74 in slot 11
[2022-12-10 11:54:39] [SEVERE ] removing tokens from slot 0
[2022-12-10 11:54:39] [SEVERE ] removing card from slot 0
[2022-12-10 11:54:39] [SEVERE ] removing tokens from slot 1
[2022-12-10 11:54:39] [SEVERE ] removing card from slot 1
[2022-12-10 11:54:40] [SEVERE ] removing tokens from slot 2
[2022-12-10 11:54:40] [SEVERE ] removing card from slot 2
[2022-12-10 11:54:40] [SEVERE ] removing tokens from slot 3
[2022-12-10 11:54:40] [SEVERE ] removing card from slot 3
[2022-12-10 11:54:40] [SEVERE ] removing tokens from slot 4
[2022-12-10 11:54:40] [SEVERE ] removing card from slot 4
[2022-12-10 11:54:40] [SEVERE ] removing tokens from slot 5
[2022-12-10 11:54:40] [SEVERE ] removing card from slot 5
[2022-12-10 11:54:40] [SEVERE ] removing tokens from slot 6
[2022-12-10 11:54:40] [SEVERE ] removing card from slot 6
[2022-12-10 11:54:40] [SEVERE ] removing tokens from slot 7
[2022-12-10 11:54:40] [SEVERE ] removing card from slot 7
[2022-12-10 11:54:40] [SEVERE ] removing tokens from slot 8
[2022-12-10 11:54:40] [SEVERE ] removing card from slot 8
[2022-12-10 11:54:40] [SEVERE ] removing tokens from slot 9
[2022-12-10 11:54:40] [SEVERE ] removing card from slot 9
[2022-12-10 11:54:40] [SEVERE ] removing tokens from slot 10
[2022-12-10 11:54:40] [SEVERE ] removing card from slot 10
[2022-12-10 11:54:41] [SEVERE ] removing tokens from slot 11
[2022-12-10 11:54:41] [SEVERE ] removing card from slot 11
[2022-12-10 11:54:41] [SEVERE ] placing card 52 in slot 0
[2022-12-10 11:54:41] [SEVERE ] placing card 26 in slot 1
[2022-12-10 11:54:41] [SEVERE ] placing card 0 in slot 2
[2022-12-10 11:54:41] [SEVERE ] placing card 19 in slot 3
[2022-12-10 11:54:41] [SEVERE ] placing card 13 in slot 4
[2022-12-10 11:54:41] [SEVERE ] placing card 37 in slot 5
[2022-12-10 11:54:41] [SEVERE ] placing card 71 in slot 6
[2022-12-10 11:54:41] [SEVERE ] placing card 15 in slot 7
[2022-12-10 11:54:42] [SEVERE ] placing card 11 in slot 8
[2022-12-10 11:54:42] [SEVERE ] placing card 33 in slot 9
[2022-12-10 11:54:42] [SEVERE ] placing card 67 in slot 10
[2022-12-10 11:54:42] [SEVERE ] placing card 27 in slot 11
[2022-12-10 11:54:45] [SEVERE ] removing tokens from slot 0
[2022-12-10 11:54:45] [SEVERE ] removing card from slot 0
[2022-12-10 11:54:45] [SEVERE ] removing tokens from slot 1
[2022-12-10 11:54:45] [SEVERE ] removing card from slot 1
[2022-12-10 11:54:46] [SEVERE ] removing tokens from slot 2
[2022-12-10 11:54:46] [SEVERE ] removing card from slot 2
[2022-12-10 11:54:46] [SEVERE ] removing tokens from slot 3
[2022-12-10 11:54:46] [SEVERE ] removing card from slot 3
[2022-12-10 11:54:46] [SEVERE ] removing tokens from slot 4
[2022-12-10 11:54:46] [SEVERE ] removing card from slot 4
[2022-12-10 11:54:46] [SEVERE ] removing tokens from slot 5
[2022-12-10 11:54:46] [SEVERE ] removing card from slot 5
[2022-12-10 11:54:46] [SEVERE ] removing tokens from slot 6
[2022-12-10 11:54:46] [SEVERE ] removing card from slot 6
[2022-12-10 11:54:46] [SEVERE ] removing tokens from slot 7
[2022-12-10 11:54:46] [SEVERE ] removing card from slot 7
[2022-12-10 11:54:46] [SEVERE ] removing tokens from slot 8
[2022-12-10 11:54:46] [SEVERE ] removing card from slot 8
[2022-12-10 11:54:46] [SEVERE ] removing tokens from slot 9
[2022-12-10 11:54:46] [SEVERE ] removing card from slot 9
[2022-12-10 11:54:46] [SEVERE ] removing tokens from slot 10
[2022-12-10 11:54:46] [SEVERE ] removing card from slot 10
[2022-12-10 11:54:47] [SEVERE ] removing tokens from slot 11
[2022-12-10 11:54:47] [SEVERE ] removing card from slot 11
[2022-12-10 11:54:47] [SEVERE ] placing card 42 in slot 0
[2022-12-10 11:54:47] [SEVERE ] placing card 2 in slot 1
[2022-12-10 11:54:47] [SEVERE ] placing card 12 in slot 2
[2022-12-10 11:54:47] [SEVERE ] placing card 11 in slot 3
[2022-12-10 11:54:47] [SEVERE ] placing card 63 in slot 4
[2022-12-10 11:54:47] [SEVERE ] placing card 34 in slot 5
[2022-12-10 11:54:47] [SEVERE ] placing card 8 in slot 6
[2022-12-10 11:54:47] [SEVERE ] placing card 65 in slot 7
[2022-12-10 11:54:48] [SEVERE ] placing card 61 in slot 8
[2022-12-10 11:54:48] [SEVERE ] placing card 54 in slot 9
[2022-12-10 11:54:48] [SEVERE ] placing card 3 in slot 10
[2022-12-10 11:54:48] [SEVERE ] placing card 17 in slot 11
[2022-12-10 11:54:51] [SEVERE ] removing tokens from slot 0
[2022-12-10 11:54:51] [SEVERE ] removing card from slot 0
[2022-12-10 11:54:51] [SEVERE ] removing tokens from slot 1
[2022-12-10 11:54:51] [SEVERE ] removing card from slot 1
[2022-12-10 11:54:52] [SEVERE ] removing tokens from slot 2
[2022-12-10 11:54:52] [SEVERE ] removing card from slot 2
[2022-12-10 11:54:52] [SEVERE ] removing tokens from slot 3
[2022-12-10 11:54:52] [SEVERE ] removing card from slot 3
[2022-12-10 11:54:52] [SEVERE ] removing tokens from slot 4
[2022-12-10 11:54:52] [SEVERE ] removing card from slot 4
[2022-12-10 11:54:52] [SEVERE ] removing tokens from slot 5
[2022-12-10 11:54:52] [SEVERE ] removing card from slot 5
[2022-12-10 11:54:52] [SEVERE ] removing tokens from slot 6
[2022-12-10 11:54:52] [SEVERE ] removing card from slot 6
[2022-12-10 11:54:52] [SEVERE ] removing tokens from slot 7
[2022-12-10 11:54:52] [SEVERE ] removing card from slot 7
[2022-12-10 11:54:52] [SEVERE ] removing tokens from slot 8
[2022-12-10 11:54:52] [SEVERE ] removing card from slot 8
[2022-12-10 11:54:52] [SEVERE ] removing tokens from slot 9
[2022-12-10 11:54:52] [SEVERE ] removing card from slot 9
[2022-12-10 11:54:52] [SEVERE ] removing tokens from slot 10
[2022-12-10 11:54:52] [SEVERE ] removing card from slot 10
[2022-12-10 11:54:53] [SEVERE ] removing tokens from slot 11
[2022-12-10 11:54:53] [SEVERE ] removing card from slot 11
[2022-12-10 11:54:53] [SEVERE ] placing card 0 in slot 0
[2022-12-10 11:54:53] [SEVERE ] placing card 18 in slot 1
[2022-12-10 11:54:53] [SEVERE ] placing card 29 in slot 2
[2022-12-10 11:54:53] [SEVERE ] placing card 26 in slot 3
[2022-12-10 11:54:53] [SEVERE ] placing card 42 in slot 4
[2022-12-10 11:54:53] [SEVERE ] placing card 7 in slot 5
[2022-12-10 11:54:53] [SEVERE ] placing card 20 in slot 6
[2022-12-10 11:54:53] [SEVERE ] placing card 19 in slot 7
[2022-12-10 11:54:54] [SEVERE ] placing card 51 in slot 8
[2022-12-10 11:54:54] [SEVERE ] placing card 57 in slot 9
[2022-12-10 11:54:54] [SEVERE ] placing card 76 in slot 10
[2022-12-10 11:54:54] [SEVERE ] placing card 5 in slot 11
[2022-12-10 11:54:57] [SEVERE ] removing tokens from slot 0
[2022-12-10 11:54:57] [SEVERE ] removing card from slot 0
[2022-12-10 11:54:57] [SEVERE ] removing tokens from slot 1
[2022-12-10 11:54:57] [SEVERE ] removing card from slot 1
[2022-12-10 11:54:58] [SEVERE ] removing tokens from slot 2
[2022-12-10 11:54:58] [SEVERE ] removing card from slot 2
[2022-12-10 11:54:58] [SEVERE ] removing tokens from slot 3
[2022-12-10 11:54:58] [SEVERE ] removing card from slot 3
[2022-12-10 11:54:58] [SEVERE ] removing tokens from slot 4
[2022-12-10 11:54:58] [SEVERE ] removing card from slot 4
[2022-12-10 11:54:58] [SEVERE ] removing tokens from slot 5
[2022-12-10 11:54:58] [SEVERE ] removing card from slot 5
[2022-12-10 11:54:58] [SEVERE ] removing tokens from slot 6
[2022-12-10 11:54:58] [SEVERE ] removing card from slot 6
[2022-12-10 11:54:58] [SEVERE ] removing tokens from slot 7
[2022-12-10 11:54:58] [SEVERE ] removing card from slot 7
[2022-12-10 11:54:58] [SEVERE ] removing tokens from slot 8
[2022-12-10 11:54:58] [SEVERE ] removing card from slot 8
[2022-12-10 11:54:58] [SEVERE ] removing tokens from slot 9
[2022-12-10 11:54:58] [SEVERE ] removing card from slot 9
[2022-12-10 11:54:58] [SEVERE ] removing tokens from slot 10
[2022-12-10 11:54:58] [SEVERE ] removing card from slot 10
[2022-12-10 11:54:59] [SEVERE ] removing tokens from slot 11
[2022-12-10 11:54:59] [SEVERE ] removing card from slot 11
[2022-12-10 11:54:59] [SEVERE ] placing card 44 in slot 0
[2022-12-10 11:54:59] [SEVERE ] placing card 22 in slot 1
[2022-12-10 11:54:59] [SEVERE ] placing card 31 in slot 2
[2022-12-10 11:54:59] [SEVERE ] placing card 36 in slot 3
[2022-12-10 11:54:59] [SEVERE ] placing card 4 in slot 4
[2022-12-10 11:54:59] [SEVERE ] placing card 13 in slot 5
[2022-12-10 11:54:59] [SEVERE ] placing card 63 in slot 6
[2022-12-10 11:54:59] [SEVERE ] placing card 61 in slot 7
[2022-12-10 11:55:00] [SEVERE ] placing card 57 in slot 8
[2022-12-10 11:55:00] [SEVERE ] placing card 8 in slot 9
[2022-12-10 11:55:00] [SEVERE ] placing card 52 in slot 10
[2022-12-10 11:55:00] [SEVERE ] placing card 65 in slot 11
