[2022-12-12 14:12:11] [INFO   ] cannot read configuration file config.properties trying from resources.
[2022-12-12 14:12:11] [INFO   ] configuration file was loaded from resources directory.
[2022-12-12 14:12:12] [INFO   ] Thread Thread-0starting.
[2022-12-12 14:12:12] [INFO   ] Thread dealer starting.
[2022-12-12 14:12:12] [INFO   ] Thread Thread-2starting.
[2022-12-12 14:12:12] [INFO   ] Thread Thread-1starting.
[2022-12-12 14:12:12] [INFO   ] Thread Thread-3starting.
[2022-12-12 14:12:12] [INFO   ] Thread Thread-5starting.
[2022-12-12 14:12:12] [INFO   ] Thread Thread-4starting.
[2022-12-12 14:12:12] [INFO   ] Thread computer-3 starting.
[2022-12-12 14:12:12] [INFO   ] Thread computer-5 starting.
[2022-12-12 14:12:12] [INFO   ] Thread computer-2 starting.
[2022-12-12 14:12:12] [INFO   ] Thread computer-4 starting.
[2022-12-12 14:12:12] [SEVERE ] placing card 73 in slot 0
[2022-12-12 14:12:12] [SEVERE ] placing card 52 in slot 1
[2022-12-12 14:12:12] [SEVERE ] placing card 51 in slot 2
[2022-12-12 14:12:12] [SEVERE ] placing card 62 in slot 3
[2022-12-12 14:12:12] [SEVERE ] placing card 42 in slot 4
[2022-12-12 14:12:12] [SEVERE ] placing card 64 in slot 5
[2022-12-12 14:12:12] [SEVERE ] placing card 71 in slot 6
[2022-12-12 14:12:13] [SEVERE ] placing card 15 in slot 7
[2022-12-12 14:12:13] [SEVERE ] placing card 27 in slot 8
[2022-12-12 14:12:13] [SEVERE ] placing card 39 in slot 9
[2022-12-12 14:12:13] [SEVERE ] placing card 33 in slot 10
[2022-12-12 14:12:13] [SEVERE ] placing card 59 in slot 11
[2022-12-12 14:12:14] [SEVERE ] player 4 placing token on slot 4
[2022-12-12 14:12:14] [SEVERE ] player 5 placing token on slot 6
[2022-12-12 14:12:14] [SEVERE ] player 2 placing token on slot 1
[2022-12-12 14:12:14] [SEVERE ] player 3 placing token on slot 5
[2022-12-12 14:12:14] [SEVERE ] player 4 placing token on slot 10
[2022-12-12 14:12:14] [SEVERE ] player 2 placing token on slot 0
[2022-12-12 14:12:15] [SEVERE ] player 3 placing token on slot 3
[2022-12-12 14:12:15] [SEVERE ] player 5 placing token on slot 5
[2022-12-12 14:12:15] [SEVERE ] player 4 placing token on slot 5
[2022-12-12 14:12:15] [SEVERE ] removing player 4 token from slot 4
[2022-12-12 14:12:15] [SEVERE ] removing player 4 token from slot 5
[2022-12-12 14:12:15] [SEVERE ] removing player 4 token from slot 10
[2022-12-12 14:12:15] [SEVERE ] player 3 placing token on slot 4
[2022-12-12 14:12:15] [SEVERE ] removing player 3 token from slot 3
[2022-12-12 14:12:15] [SEVERE ] removing player 3 token from slot 4
[2022-12-12 14:12:15] [SEVERE ] removing player 3 token from slot 5
[2022-12-12 14:12:15] [SEVERE ] player 2 placing token on slot 8
[2022-12-12 14:12:15] [SEVERE ] removing player 2 token from slot 0
[2022-12-12 14:12:15] [SEVERE ] removing player 2 token from slot 1
[2022-12-12 14:12:15] [SEVERE ] removing player 2 token from slot 8
[2022-12-12 14:12:16] [SEVERE ] player 5 placing token on slot 0
[2022-12-12 14:12:16] [SEVERE ] removing player 5 token from slot 0
[2022-12-12 14:12:16] [SEVERE ] removing player 5 token from slot 5
[2022-12-12 14:12:16] [SEVERE ] removing player 5 token from slot 6
[2022-12-12 14:12:16] [SEVERE ] player 5 placing token on slot 6
[2022-12-12 14:12:16] [SEVERE ] player 2 placing token on slot 2
[2022-12-12 14:12:16] [SEVERE ] player 3 placing token on slot 1
[2022-12-12 14:12:16] [SEVERE ] player 4 placing token on slot 3
[2022-12-12 14:12:17] [SEVERE ] player 5 placing token on slot 4
[2022-12-12 14:12:17] [SEVERE ] player 3 placing token on slot 2
[2022-12-12 14:12:17] [SEVERE ] player 2 placing token on slot 7
[2022-12-12 14:12:17] [SEVERE ] player 4 placing token on slot 10
[2022-12-12 14:12:18] [SEVERE ] player 5 placing token on slot 11
[2022-12-12 14:12:18] [SEVERE ] removing player 5 token from slot 4
[2022-12-12 14:12:18] [SEVERE ] removing player 5 token from slot 6
[2022-12-12 14:12:18] [SEVERE ] removing player 5 token from slot 11
[2022-12-12 14:12:18] [SEVERE ] player 2 placing token on slot 6
[2022-12-12 14:12:18] [SEVERE ] removing player 2 token from slot 2
[2022-12-12 14:12:18] [SEVERE ] removing player 2 token from slot 6
[2022-12-12 14:12:18] [SEVERE ] removing player 2 token from slot 7
[2022-12-12 14:12:18] [SEVERE ] player 3 placing token on slot 5
[2022-12-12 14:12:18] [SEVERE ] removing player 3 token from slot 1
[2022-12-12 14:12:18] [SEVERE ] removing player 3 token from slot 2
[2022-12-12 14:12:18] [SEVERE ] removing player 3 token from slot 5
[2022-12-12 14:12:18] [SEVERE ] player 4 placing token on slot 0
[2022-12-12 14:12:18] [SEVERE ] removing player 4 token from slot 0
[2022-12-12 14:12:18] [SEVERE ] removing player 4 token from slot 3
[2022-12-12 14:12:18] [SEVERE ] removing player 4 token from slot 10
[2022-12-12 14:12:18] [SEVERE ] player 5 placing token on slot 7
[2022-12-12 14:12:19] [SEVERE ] player 3 placing token on slot 3
[2022-12-12 14:12:19] [SEVERE ] player 2 placing token on slot 7
[2022-12-12 14:12:19] [SEVERE ] player 4 placing token on slot 1
[2022-12-12 14:12:19] [SEVERE ] player 5 placing token on slot 1
[2022-12-12 14:12:19] [SEVERE ] player 2 placing token on slot 8
[2022-12-12 14:12:19] [SEVERE ] player 3 placing token on slot 5
[2022-12-12 14:12:20] [SEVERE ] player 4 placing token on slot 6
[2022-12-12 14:12:20] [SEVERE ] player 2 placing token on slot 1
[2022-12-12 14:12:20] [SEVERE ] removing player 2 token from slot 1
[2022-12-12 14:12:20] [SEVERE ] removing player 2 token from slot 7
[2022-12-12 14:12:20] [SEVERE ] removing player 2 token from slot 8
[2022-12-12 14:12:20] [SEVERE ] player 3 placing token on slot 8
[2022-12-12 14:12:20] [SEVERE ] removing player 3 token from slot 3
[2022-12-12 14:12:20] [SEVERE ] removing player 3 token from slot 5
[2022-12-12 14:12:20] [SEVERE ] removing player 3 token from slot 8
[2022-12-12 14:12:20] [SEVERE ] player 5 placing token on slot 3
[2022-12-12 14:12:20] [SEVERE ] removing tokens from slot 1
[2022-12-12 14:12:20] [SEVERE ] player 4 placing token on slot 9
[2022-12-12 14:12:20] [SEVERE ] removing card from slot 1
[2022-12-12 14:12:20] [SEVERE ] removing tokens from slot 3
[2022-12-12 14:12:20] [SEVERE ] removing card from slot 3
[2022-12-12 14:12:20] [SEVERE ] removing tokens from slot 7
[2022-12-12 14:12:20] [SEVERE ] removing card from slot 7
[2022-12-12 14:12:20] [SEVERE ] setting player 5 score to 1
[2022-12-12 14:12:20] [SEVERE ] player 2 placing token on slot 2
[2022-12-12 14:12:20] [SEVERE ] player 3 placing token on slot 9
[2022-12-12 14:12:20] [SEVERE ] placing card 60 in slot 1
[2022-12-12 14:12:21] [SEVERE ] placing card 35 in slot 3
[2022-12-12 14:12:21] [SEVERE ] placing card 10 in slot 7
[2022-12-12 14:12:21] [SEVERE ] player 5 placing token on slot 11
[2022-12-12 14:12:21] [SEVERE ] player 3 placing token on slot 5
[2022-12-12 14:12:21] [SEVERE ] player 2 placing token on slot 11
[2022-12-12 14:12:22] [SEVERE ] player 5 placing token on slot 4
[2022-12-12 14:12:22] [SEVERE ] player 3 placing token on slot 7
[2022-12-12 14:12:22] [SEVERE ] removing player 3 token from slot 5
[2022-12-12 14:12:22] [SEVERE ] removing player 3 token from slot 7
[2022-12-12 14:12:22] [SEVERE ] removing player 3 token from slot 9
[2022-12-12 14:12:22] [SEVERE ] player 2 placing token on slot 8
[2022-12-12 14:12:22] [SEVERE ] removing player 2 token from slot 2
[2022-12-12 14:12:22] [SEVERE ] removing player 2 token from slot 8
[2022-12-12 14:12:22] [SEVERE ] removing player 2 token from slot 11
[2022-12-12 14:12:22] [SEVERE ] player 5 placing token on slot 7
[2022-12-12 14:12:22] [SEVERE ] removing player 5 token from slot 4
[2022-12-12 14:12:22] [SEVERE ] removing player 5 token from slot 7
[2022-12-12 14:12:22] [SEVERE ] removing player 5 token from slot 11
[2022-12-12 14:12:23] [SEVERE ] player 3 placing token on slot 10
[2022-12-12 14:12:23] [SEVERE ] player 2 placing token on slot 7
[2022-12-12 14:12:23] [SEVERE ] player 5 placing token on slot 0
[2022-12-12 14:12:24] [SEVERE ] player 3 placing token on slot 2
[2022-12-12 14:12:24] [SEVERE ] player 5 placing token on slot 7
[2022-12-12 14:12:24] [SEVERE ] player 2 placing token on slot 6
[2022-12-12 14:12:25] [SEVERE ] player 3 placing token on slot 4
[2022-12-12 14:12:25] [SEVERE ] player 5 placing token on slot 6
[2022-12-12 14:12:25] [SEVERE ] removing tokens from slot 2
[2022-12-12 14:12:25] [SEVERE ] removing card from slot 2
[2022-12-12 14:12:25] [SEVERE ] player 2 placing token on slot 3
[2022-12-12 14:12:25] [SEVERE ] removing tokens from slot 4
[2022-12-12 14:12:25] [SEVERE ] removing card from slot 4
[2022-12-12 14:12:25] [SEVERE ] removing tokens from slot 10
[2022-12-12 14:12:25] [SEVERE ] removing card from slot 10
[2022-12-12 14:12:25] [SEVERE ] setting player 3 score to 1
[2022-12-12 14:12:25] [SEVERE ] removing player 5 token from slot 0
[2022-12-12 14:12:25] [SEVERE ] removing player 5 token from slot 6
[2022-12-12 14:12:25] [SEVERE ] removing player 5 token from slot 7
[2022-12-12 14:12:25] [SEVERE ] placing card 67 in slot 2
[2022-12-12 14:12:25] [SEVERE ] player 3 placing token on slot 6
[2022-12-12 14:12:25] [SEVERE ] placing card 34 in slot 4
[2022-12-12 14:12:25] [SEVERE ] placing card 9 in slot 10
[2022-12-12 14:12:25] [SEVERE ] removing player 2 token from slot 3
[2022-12-12 14:12:25] [SEVERE ] removing player 2 token from slot 6
[2022-12-12 14:12:25] [SEVERE ] removing player 2 token from slot 7
[2022-12-12 14:12:25] [SEVERE ] player 5 placing token on slot 4
[2022-12-12 14:12:26] [SEVERE ] player 2 placing token on slot 9
[2022-12-12 14:12:26] [SEVERE ] player 5 placing token on slot 11
[2022-12-12 14:12:26] [SEVERE ] player 3 placing token on slot 10
[2022-12-12 14:12:26] [SEVERE ] player 2 placing token on slot 3
[2022-12-12 14:12:27] [SEVERE ] player 5 placing token on slot 1
[2022-12-12 14:12:27] [SEVERE ] removing player 5 token from slot 1
[2022-12-12 14:12:27] [SEVERE ] removing player 5 token from slot 4
[2022-12-12 14:12:27] [SEVERE ] removing player 5 token from slot 11
[2022-12-12 14:12:27] [SEVERE ] player 3 placing token on slot 1
[2022-12-12 14:12:27] [SEVERE ] removing player 3 token from slot 1
[2022-12-12 14:12:27] [SEVERE ] removing player 3 token from slot 6
[2022-12-12 14:12:27] [SEVERE ] removing player 3 token from slot 10
[2022-12-12 14:12:27] [SEVERE ] player 2 placing token on slot 5
[2022-12-12 14:12:27] [SEVERE ] removing player 2 token from slot 3
[2022-12-12 14:12:27] [SEVERE ] removing player 2 token from slot 5
[2022-12-12 14:12:27] [SEVERE ] removing player 2 token from slot 9
[2022-12-12 14:12:28] [SEVERE ] player 5 placing token on slot 2
[2022-12-12 14:12:28] [SEVERE ] player 3 placing token on slot 2
[2022-12-12 14:12:28] [SEVERE ] player 2 placing token on slot 4
[2022-12-12 14:12:28] [SEVERE ] player 5 placing token on slot 5
[2022-12-12 14:12:29] [SEVERE ] player 2 placing token on slot 9
[2022-12-12 14:12:29] [SEVERE ] player 3 placing token on slot 8
[2022-12-12 14:12:29] [SEVERE ] player 5 placing token on slot 0
[2022-12-12 14:12:29] [SEVERE ] removing player 5 token from slot 0
[2022-12-12 14:12:29] [SEVERE ] removing player 5 token from slot 2
[2022-12-12 14:12:29] [SEVERE ] removing player 5 token from slot 5
[2022-12-12 14:12:29] [SEVERE ] player 3 placing token on slot 5
[2022-12-12 14:12:29] [SEVERE ] removing player 3 token from slot 2
[2022-12-12 14:12:29] [SEVERE ] removing player 3 token from slot 5
[2022-12-12 14:12:29] [SEVERE ] removing player 3 token from slot 8
[2022-12-12 14:12:30] [SEVERE ] player 2 placing token on slot 11
[2022-12-12 14:12:30] [SEVERE ] removing player 2 token from slot 4
[2022-12-12 14:12:30] [SEVERE ] removing player 2 token from slot 9
[2022-12-12 14:12:30] [SEVERE ] removing player 2 token from slot 11
[2022-12-12 14:12:30] [SEVERE ] player 3 placing token on slot 3
[2022-12-12 14:12:30] [SEVERE ] player 5 placing token on slot 11
[2022-12-12 14:12:30] [SEVERE ] player 2 placing token on slot 0
[2022-12-12 14:12:31] [SEVERE ] player 3 placing token on slot 11
[2022-12-12 14:12:31] [SEVERE ] player 2 placing token on slot 3
[2022-12-12 14:12:31] [SEVERE ] player 5 placing token on slot 4
[2022-12-12 14:12:31] [SEVERE ] player 2 placing token on slot 4
[2022-12-12 14:12:31] [SEVERE ] removing player 2 token from slot 0
[2022-12-12 14:12:31] [SEVERE ] removing player 2 token from slot 3
[2022-12-12 14:12:31] [SEVERE ] removing player 2 token from slot 4
[2022-12-12 14:12:31] [SEVERE ] player 5 placing token on slot 7
[2022-12-12 14:12:31] [SEVERE ] removing player 5 token from slot 4
[2022-12-12 14:12:31] [SEVERE ] removing player 5 token from slot 7
[2022-12-12 14:12:31] [SEVERE ] removing player 5 token from slot 11
[2022-12-12 14:12:31] [SEVERE ] player 3 placing token on slot 6
[2022-12-12 14:12:31] [SEVERE ] removing player 3 token from slot 3
[2022-12-12 14:12:31] [SEVERE ] removing player 3 token from slot 6
[2022-12-12 14:12:31] [SEVERE ] removing player 3 token from slot 11
[2022-12-12 14:12:32] [SEVERE ] player 2 placing token on slot 1
[2022-12-12 14:12:32] [SEVERE ] player 5 placing token on slot 7
[2022-12-12 14:12:32] [SEVERE ] player 3 placing token on slot 4
[2022-12-12 14:12:33] [SEVERE ] player 2 placing token on slot 11
[2022-12-12 14:12:33] [SEVERE ] player 5 placing token on slot 0
[2022-12-12 14:12:33] [SEVERE ] player 3 placing token on slot 10
[2022-12-12 14:12:33] [SEVERE ] player 3 placing token on slot 3
[2022-12-12 14:12:33] [SEVERE ] removing player 3 token from slot 3
[2022-12-12 14:12:33] [SEVERE ] removing player 3 token from slot 4
[2022-12-12 14:12:33] [SEVERE ] removing player 3 token from slot 10
[2022-12-12 14:12:34] [SEVERE ] player 2 placing token on slot 7
[2022-12-12 14:12:34] [SEVERE ] removing player 2 token from slot 1
[2022-12-12 14:12:34] [SEVERE ] removing player 2 token from slot 7
[2022-12-12 14:12:34] [SEVERE ] removing player 2 token from slot 11
[2022-12-12 14:12:34] [SEVERE ] player 5 placing token on slot 5
[2022-12-12 14:12:34] [SEVERE ] removing player 5 token from slot 0
[2022-12-12 14:12:34] [SEVERE ] removing player 5 token from slot 5
[2022-12-12 14:12:34] [SEVERE ] removing player 5 token from slot 7
[2022-12-12 14:12:34] [SEVERE ] player 3 placing token on slot 8
[2022-12-12 14:12:35] [SEVERE ] player 5 placing token on slot 0
[2022-12-12 14:12:35] [SEVERE ] player 2 placing token on slot 0
[2022-12-12 14:12:35] [SEVERE ] player 3 placing token on slot 6
[2022-12-12 14:12:35] [SEVERE ] player 5 placing token on slot 4
[2022-12-12 14:12:35] [SEVERE ] player 3 placing token on slot 7
[2022-12-12 14:12:35] [SEVERE ] removing player 3 token from slot 6
[2022-12-12 14:12:35] [SEVERE ] removing player 3 token from slot 7
[2022-12-12 14:12:35] [SEVERE ] removing player 3 token from slot 8
[2022-12-12 14:12:35] [SEVERE ] player 2 placing token on slot 1
