[2022-12-12 12:48:08] [INFO   ] cannot read configuration file config.properties trying from resources.
[2022-12-12 12:48:08] [INFO   ] configuration file was loaded from resources directory.
[2022-12-12 12:48:08] [INFO   ] Thread dealer starting.
[2022-12-12 12:48:08] [INFO   ] Thread Thread-2starting.
[2022-12-12 12:48:08] [INFO   ] Thread Thread-1starting.
[2022-12-12 12:48:08] [INFO   ] Thread Thread-0starting.
[2022-12-12 12:48:08] [INFO   ] Thread computer-2 starting.
[2022-12-12 12:48:09] [SEVERE ] placing card 16 in slot 0
[2022-12-12 12:48:09] [SEVERE ] placing card 5 in slot 1
[2022-12-12 12:48:09] [SEVERE ] placing card 39 in slot 2
[2022-12-12 12:48:09] [SEVERE ] placing card 57 in slot 3
[2022-12-12 12:48:09] [SEVERE ] placing card 29 in slot 4
[2022-12-12 12:48:09] [SEVERE ] placing card 51 in slot 5
[2022-12-12 12:48:09] [SEVERE ] placing card 2 in slot 6
[2022-12-12 12:48:09] [SEVERE ] placing card 3 in slot 7
[2022-12-12 12:48:09] [SEVERE ] placing card 30 in slot 8
[2022-12-12 12:48:10] [SEVERE ] placing card 18 in slot 9
[2022-12-12 12:48:10] [SEVERE ] placing card 55 in slot 10
[2022-12-12 12:48:10] [SEVERE ] placing card 59 in slot 11
[2022-12-12 12:48:10] [SEVERE ] player 2 placing token on slot 9
[2022-12-12 12:48:10] [SEVERE ] player 2 placing token on slot 7
[2022-12-12 12:48:10] [SEVERE ] player 2 placing token on slot 11
[2022-12-12 12:48:10] [SEVERE ] removing player 2 token from slot 7
[2022-12-12 12:48:10] [SEVERE ] removing player 2 token from slot 9
[2022-12-12 12:48:10] [SEVERE ] removing player 2 token from slot 11
[2022-12-12 12:48:10] [SEVERE ] player 2 placing token on slot 0
[2022-12-12 12:48:10] [SEVERE ] player 2 placing token on slot 8
[2022-12-12 12:48:10] [SEVERE ] player 2 placing token on slot 2
[2022-12-12 12:48:10] [SEVERE ] removing player 2 token from slot 0
[2022-12-12 12:48:10] [SEVERE ] removing player 2 token from slot 2
[2022-12-12 12:48:10] [SEVERE ] removing player 2 token from slot 8
[2022-12-12 12:48:10] [SEVERE ] player 2 placing token on slot 8
[2022-12-12 12:48:10] [SEVERE ] player 2 placing token on slot 4
[2022-12-12 12:48:10] [SEVERE ] player 2 placing token on slot 11
[2022-12-12 12:48:10] [SEVERE ] removing player 2 token from slot 4
[2022-12-12 12:48:10] [SEVERE ] removing player 2 token from slot 8
[2022-12-12 12:48:10] [SEVERE ] removing player 2 token from slot 11
[2022-12-12 12:48:10] [SEVERE ] player 2 placing token on slot 8
[2022-12-12 12:48:10] [SEVERE ] player 2 placing token on slot 6
[2022-12-12 12:48:10] [SEVERE ] player 2 placing token on slot 3
[2022-12-12 12:48:10] [SEVERE ] removing player 2 token from slot 3
[2022-12-12 12:48:10] [SEVERE ] removing player 2 token from slot 6
[2022-12-12 12:48:10] [SEVERE ] removing player 2 token from slot 8
[2022-12-12 12:48:10] [SEVERE ] player 2 placing token on slot 8
[2022-12-12 12:48:10] [SEVERE ] player 2 placing token on slot 7
[2022-12-12 12:48:10] [SEVERE ] player 2 placing token on slot 1
[2022-12-12 12:48:10] [SEVERE ] removing player 2 token from slot 1
[2022-12-12 12:48:10] [SEVERE ] removing player 2 token from slot 7
[2022-12-12 12:48:10] [SEVERE ] removing player 2 token from slot 8
[2022-12-12 12:48:10] [SEVERE ] player 2 placing token on slot 5
[2022-12-12 12:48:10] [SEVERE ] player 2 placing token on slot 2
[2022-12-12 12:48:10] [SEVERE ] player 2 placing token on slot 7
[2022-12-12 12:48:10] [SEVERE ] removing player 2 token from slot 2
[2022-12-12 12:48:10] [SEVERE ] removing player 2 token from slot 5
[2022-12-12 12:48:10] [SEVERE ] removing player 2 token from slot 7
[2022-12-12 12:48:10] [SEVERE ] player 2 placing token on slot 5
[2022-12-12 12:48:10] [SEVERE ] player 2 placing token on slot 10
[2022-12-12 12:48:10] [SEVERE ] player 2 placing token on slot 8
[2022-12-12 12:48:10] [SEVERE ] removing player 2 token from slot 5
[2022-12-12 12:48:10] [SEVERE ] removing player 2 token from slot 8
[2022-12-12 12:48:10] [SEVERE ] removing player 2 token from slot 10
[2022-12-12 12:48:10] [SEVERE ] player 2 placing token on slot 1
[2022-12-12 12:48:10] [SEVERE ] player 2 placing token on slot 2
[2022-12-12 12:48:11] [SEVERE ] player 2 placing token on slot 8
[2022-12-12 12:48:11] [SEVERE ] removing player 2 token from slot 1
[2022-12-12 12:48:11] [SEVERE ] removing player 2 token from slot 2
[2022-12-12 12:48:11] [SEVERE ] removing player 2 token from slot 8
[2022-12-12 12:48:11] [SEVERE ] player 2 placing token on slot 7
[2022-12-12 12:48:11] [SEVERE ] player 2 placing token on slot 6
[2022-12-12 12:48:11] [SEVERE ] player 2 placing token on slot 10
[2022-12-12 12:48:11] [SEVERE ] removing player 2 token from slot 6
[2022-12-12 12:48:11] [SEVERE ] removing player 2 token from slot 7
[2022-12-12 12:48:11] [SEVERE ] removing player 2 token from slot 10
[2022-12-12 12:48:11] [SEVERE ] player 2 placing token on slot 7
[2022-12-12 12:48:11] [SEVERE ] player 2 placing token on slot 1
[2022-12-12 12:48:11] [SEVERE ] player 2 placing token on slot 11
[2022-12-12 12:48:11] [SEVERE ] removing player 2 token from slot 1
[2022-12-12 12:48:11] [SEVERE ] removing player 2 token from slot 7
[2022-12-12 12:48:11] [SEVERE ] removing player 2 token from slot 11
[2022-12-12 12:48:11] [SEVERE ] player 2 placing token on slot 6
[2022-12-12 12:48:11] [SEVERE ] player 2 placing token on slot 9
[2022-12-12 12:48:11] [SEVERE ] player 2 placing token on slot 8
[2022-12-12 12:48:11] [SEVERE ] removing player 2 token from slot 6
[2022-12-12 12:48:11] [SEVERE ] removing player 2 token from slot 8
[2022-12-12 12:48:11] [SEVERE ] removing player 2 token from slot 9
[2022-12-12 12:48:11] [SEVERE ] player 2 placing token on slot 10
[2022-12-12 12:48:11] [SEVERE ] player 2 placing token on slot 11
[2022-12-12 12:48:11] [SEVERE ] player 2 placing token on slot 1
[2022-12-12 12:48:11] [SEVERE ] removing player 2 token from slot 1
[2022-12-12 12:48:11] [SEVERE ] removing player 2 token from slot 10
[2022-12-12 12:48:11] [SEVERE ] removing player 2 token from slot 11
[2022-12-12 12:48:11] [SEVERE ] player 2 placing token on slot 10
[2022-12-12 12:48:11] [SEVERE ] player 2 placing token on slot 5
[2022-12-12 12:48:11] [SEVERE ] player 2 placing token on slot 11
[2022-12-12 12:48:11] [SEVERE ] removing player 2 token from slot 5
[2022-12-12 12:48:11] [SEVERE ] removing player 2 token from slot 10
[2022-12-12 12:48:11] [SEVERE ] removing player 2 token from slot 11
[2022-12-12 12:48:11] [SEVERE ] player 2 placing token on slot 9
[2022-12-12 12:48:11] [SEVERE ] player 2 placing token on slot 2
[2022-12-12 12:48:11] [SEVERE ] player 2 placing token on slot 0
[2022-12-12 12:48:11] [SEVERE ] removing player 2 token from slot 0
[2022-12-12 12:48:11] [SEVERE ] removing player 2 token from slot 2
[2022-12-12 12:48:11] [SEVERE ] removing player 2 token from slot 9
[2022-12-12 12:48:11] [SEVERE ] player 2 placing token on slot 0
[2022-12-12 12:48:11] [SEVERE ] player 2 placing token on slot 9
[2022-12-12 12:48:11] [SEVERE ] player 2 placing token on slot 2
[2022-12-12 12:48:11] [SEVERE ] removing player 2 token from slot 0
[2022-12-12 12:48:11] [SEVERE ] removing player 2 token from slot 2
[2022-12-12 12:48:11] [SEVERE ] removing player 2 token from slot 9
[2022-12-12 12:48:11] [SEVERE ] player 2 placing token on slot 4
[2022-12-12 12:48:11] [SEVERE ] player 2 placing token on slot 8
[2022-12-12 12:48:11] [SEVERE ] player 2 placing token on slot 2
[2022-12-12 12:48:11] [SEVERE ] removing player 2 token from slot 2
[2022-12-12 12:48:11] [SEVERE ] removing player 2 token from slot 4
[2022-12-12 12:48:11] [SEVERE ] removing player 2 token from slot 8
[2022-12-12 12:48:11] [SEVERE ] player 2 placing token on slot 2
[2022-12-12 12:48:11] [SEVERE ] player 2 placing token on slot 3
[2022-12-12 12:48:11] [SEVERE ] player 2 placing token on slot 4
[2022-12-12 12:48:11] [SEVERE ] removing player 2 token from slot 2
[2022-12-12 12:48:11] [SEVERE ] removing player 2 token from slot 3
[2022-12-12 12:48:11] [SEVERE ] removing player 2 token from slot 4
[2022-12-12 12:48:11] [SEVERE ] player 2 placing token on slot 10
[2022-12-12 12:48:11] [SEVERE ] player 2 placing token on slot 9
[2022-12-12 12:48:11] [SEVERE ] player 2 placing token on slot 7
[2022-12-12 12:48:11] [SEVERE ] removing player 2 token from slot 7
[2022-12-12 12:48:11] [SEVERE ] removing player 2 token from slot 9
[2022-12-12 12:48:11] [SEVERE ] removing player 2 token from slot 10
[2022-12-12 12:48:11] [SEVERE ] player 2 placing token on slot 1
[2022-12-12 12:48:12] [SEVERE ] player 2 placing token on slot 8
[2022-12-12 12:48:12] [SEVERE ] player 2 placing token on slot 0
[2022-12-12 12:48:12] [SEVERE ] removing player 2 token from slot 0
[2022-12-12 12:48:12] [SEVERE ] removing player 2 token from slot 1
[2022-12-12 12:48:12] [SEVERE ] removing player 2 token from slot 8
[2022-12-12 12:48:12] [SEVERE ] player 2 placing token on slot 0
[2022-12-12 12:48:12] [SEVERE ] player 2 placing token on slot 3
[2022-12-12 12:48:12] [SEVERE ] player 2 placing token on slot 2
[2022-12-12 12:48:12] [SEVERE ] removing player 2 token from slot 0
[2022-12-12 12:48:12] [SEVERE ] removing player 2 token from slot 2
[2022-12-12 12:48:12] [SEVERE ] removing player 2 token from slot 3
[2022-12-12 12:48:12] [SEVERE ] player 2 placing token on slot 0
[2022-12-12 12:48:12] [SEVERE ] player 2 placing token on slot 6
[2022-12-12 12:48:12] [SEVERE ] player 2 placing token on slot 9
[2022-12-12 12:48:12] [SEVERE ] removing player 2 token from slot 0
[2022-12-12 12:48:12] [SEVERE ] removing player 2 token from slot 6
[2022-12-12 12:48:12] [SEVERE ] removing player 2 token from slot 9
[2022-12-12 12:48:12] [SEVERE ] player 2 placing token on slot 10
[2022-12-12 12:48:12] [SEVERE ] player 2 placing token on slot 11
[2022-12-12 12:48:12] [SEVERE ] player 2 placing token on slot 4
[2022-12-12 12:48:12] [SEVERE ] removing player 2 token from slot 4
[2022-12-12 12:48:12] [SEVERE ] removing player 2 token from slot 10
[2022-12-12 12:48:12] [SEVERE ] removing player 2 token from slot 11
[2022-12-12 12:48:12] [SEVERE ] player 2 placing token on slot 4
[2022-12-12 12:48:12] [SEVERE ] player 2 placing token on slot 2
[2022-12-12 12:48:12] [SEVERE ] player 2 placing token on slot 6
[2022-12-12 12:48:12] [SEVERE ] removing player 2 token from slot 2
[2022-12-12 12:48:12] [SEVERE ] removing player 2 token from slot 4
[2022-12-12 12:48:12] [SEVERE ] removing player 2 token from slot 6
[2022-12-12 12:48:12] [SEVERE ] player 2 placing token on slot 8
[2022-12-12 12:48:12] [SEVERE ] player 2 placing token on slot 4
[2022-12-12 12:48:12] [SEVERE ] player 2 placing token on slot 0
[2022-12-12 12:48:12] [SEVERE ] removing player 2 token from slot 0
[2022-12-12 12:48:12] [SEVERE ] removing player 2 token from slot 4
[2022-12-12 12:48:12] [SEVERE ] removing player 2 token from slot 8
[2022-12-12 12:48:12] [SEVERE ] player 2 placing token on slot 10
[2022-12-12 12:48:12] [SEVERE ] player 2 placing token on slot 6
[2022-12-12 12:48:12] [SEVERE ] player 2 placing token on slot 11
[2022-12-12 12:48:12] [SEVERE ] removing player 2 token from slot 6
[2022-12-12 12:48:12] [SEVERE ] removing player 2 token from slot 10
[2022-12-12 12:48:12] [SEVERE ] removing player 2 token from slot 11
[2022-12-12 12:48:12] [SEVERE ] player 2 placing token on slot 9
[2022-12-12 12:48:12] [SEVERE ] player 2 placing token on slot 3
[2022-12-12 12:48:12] [SEVERE ] player 2 placing token on slot 11
[2022-12-12 12:48:12] [SEVERE ] removing player 2 token from slot 3
[2022-12-12 12:48:12] [SEVERE ] removing player 2 token from slot 9
[2022-12-12 12:48:12] [SEVERE ] removing player 2 token from slot 11
[2022-12-12 12:48:12] [SEVERE ] player 2 placing token on slot 9
[2022-12-12 12:48:12] [SEVERE ] player 2 placing token on slot 5
[2022-12-12 12:48:12] [SEVERE ] player 2 placing token on slot 0
[2022-12-12 12:48:12] [SEVERE ] removing player 2 token from slot 0
[2022-12-12 12:48:12] [SEVERE ] removing player 2 token from slot 5
[2022-12-12 12:48:12] [SEVERE ] removing player 2 token from slot 9
[2022-12-12 12:48:12] [SEVERE ] player 2 placing token on slot 11
[2022-12-12 12:48:12] [SEVERE ] player 2 placing token on slot 2
[2022-12-12 12:48:12] [SEVERE ] player 2 placing token on slot 10
[2022-12-12 12:48:12] [SEVERE ] removing player 2 token from slot 2
[2022-12-12 12:48:12] [SEVERE ] removing player 2 token from slot 10
[2022-12-12 12:48:12] [SEVERE ] removing player 2 token from slot 11
[2022-12-12 12:48:12] [SEVERE ] player 2 placing token on slot 6
[2022-12-12 12:48:12] [SEVERE ] player 2 placing token on slot 4
[2022-12-12 12:48:12] [SEVERE ] player 2 placing token on slot 11
[2022-12-12 12:48:12] [SEVERE ] removing player 2 token from slot 4
[2022-12-12 12:48:12] [SEVERE ] removing player 2 token from slot 6
[2022-12-12 12:48:12] [SEVERE ] removing player 2 token from slot 11
[2022-12-12 12:48:12] [SEVERE ] player 2 placing token on slot 6
[2022-12-12 12:48:13] [SEVERE ] player 2 placing token on slot 9
[2022-12-12 12:48:13] [SEVERE ] player 2 placing token on slot 7
[2022-12-12 12:48:13] [SEVERE ] removing player 2 token from slot 6
[2022-12-12 12:48:13] [SEVERE ] removing player 2 token from slot 7
[2022-12-12 12:48:13] [SEVERE ] removing player 2 token from slot 9
[2022-12-12 12:48:13] [SEVERE ] player 2 placing token on slot 1
[2022-12-12 12:48:13] [SEVERE ] player 2 placing token on slot 2
[2022-12-12 12:48:13] [SEVERE ] player 2 placing token on slot 10
[2022-12-12 12:48:13] [SEVERE ] removing player 2 token from slot 1
[2022-12-12 12:48:13] [SEVERE ] removing player 2 token from slot 2
[2022-12-12 12:48:13] [SEVERE ] removing player 2 token from slot 10
[2022-12-12 12:48:13] [SEVERE ] player 2 placing token on slot 11
[2022-12-12 12:48:13] [SEVERE ] player 2 placing token on slot 5
[2022-12-12 12:48:13] [SEVERE ] player 2 placing token on slot 2
[2022-12-12 12:48:13] [SEVERE ] removing player 2 token from slot 2
[2022-12-12 12:48:13] [SEVERE ] removing player 2 token from slot 5
[2022-12-12 12:48:13] [SEVERE ] removing player 2 token from slot 11
[2022-12-12 12:48:13] [SEVERE ] player 2 placing token on slot 9
[2022-12-12 12:48:13] [SEVERE ] player 2 placing token on slot 1
[2022-12-12 12:48:13] [SEVERE ] player 2 placing token on slot 2
[2022-12-12 12:48:13] [SEVERE ] removing player 2 token from slot 1
[2022-12-12 12:48:13] [SEVERE ] removing player 2 token from slot 2
[2022-12-12 12:48:13] [SEVERE ] removing player 2 token from slot 9
[2022-12-12 12:48:13] [SEVERE ] player 2 placing token on slot 9
[2022-12-12 12:48:13] [SEVERE ] player 2 placing token on slot 1
[2022-12-12 12:48:13] [SEVERE ] player 2 placing token on slot 2
[2022-12-12 12:48:13] [SEVERE ] removing player 2 token from slot 1
[2022-12-12 12:48:13] [SEVERE ] removing player 2 token from slot 2
[2022-12-12 12:48:13] [SEVERE ] removing player 2 token from slot 9
[2022-12-12 12:48:13] [SEVERE ] player 2 placing token on slot 2
[2022-12-12 12:48:13] [SEVERE ] player 2 placing token on slot 8
[2022-12-12 12:48:13] [SEVERE ] player 2 placing token on slot 3
[2022-12-12 12:48:13] [SEVERE ] removing player 2 token from slot 2
[2022-12-12 12:48:13] [SEVERE ] removing player 2 token from slot 3
[2022-12-12 12:48:13] [SEVERE ] removing player 2 token from slot 8
[2022-12-12 12:48:13] [SEVERE ] player 2 placing token on slot 7
[2022-12-12 12:48:13] [SEVERE ] player 2 placing token on slot 2
[2022-12-12 12:48:13] [SEVERE ] player 2 placing token on slot 9
[2022-12-12 12:48:13] [SEVERE ] removing player 2 token from slot 2
[2022-12-12 12:48:13] [SEVERE ] removing player 2 token from slot 7
[2022-12-12 12:48:13] [SEVERE ] removing player 2 token from slot 9
[2022-12-12 12:48:13] [SEVERE ] player 2 placing token on slot 10
[2022-12-12 12:48:13] [SEVERE ] player 2 placing token on slot 7
[2022-12-12 12:48:13] [SEVERE ] player 2 placing token on slot 2
[2022-12-12 12:48:13] [SEVERE ] removing player 2 token from slot 2
[2022-12-12 12:48:13] [SEVERE ] removing player 2 token from slot 7
[2022-12-12 12:48:13] [SEVERE ] removing player 2 token from slot 10
[2022-12-12 12:48:13] [SEVERE ] player 2 placing token on slot 4
[2022-12-12 12:48:13] [SEVERE ] player 2 placing token on slot 0
[2022-12-12 12:48:13] [SEVERE ] player 2 placing token on slot 11
[2022-12-12 12:48:13] [SEVERE ] removing player 2 token from slot 0
[2022-12-12 12:48:13] [SEVERE ] removing player 2 token from slot 4
[2022-12-12 12:48:13] [SEVERE ] removing player 2 token from slot 11
[2022-12-12 12:48:13] [SEVERE ] player 2 placing token on slot 7
[2022-12-12 12:48:13] [SEVERE ] player 2 placing token on slot 0
[2022-12-12 12:48:13] [SEVERE ] player 2 placing token on slot 5
[2022-12-12 12:48:13] [SEVERE ] removing player 2 token from slot 0
[2022-12-12 12:48:13] [SEVERE ] removing player 2 token from slot 5
[2022-12-12 12:48:13] [SEVERE ] removing player 2 token from slot 7
[2022-12-12 12:48:13] [SEVERE ] player 2 placing token on slot 5
[2022-12-12 12:48:13] [SEVERE ] player 2 placing token on slot 0
[2022-12-12 12:48:13] [SEVERE ] player 2 placing token on slot 3
[2022-12-12 12:48:13] [SEVERE ] removing player 2 token from slot 0
[2022-12-12 12:48:13] [SEVERE ] removing player 2 token from slot 3
[2022-12-12 12:48:13] [SEVERE ] removing player 2 token from slot 5
[2022-12-12 12:48:13] [SEVERE ] player 2 placing token on slot 3
[2022-12-12 12:48:14] [SEVERE ] player 2 placing token on slot 11
[2022-12-12 12:48:14] [SEVERE ] player 2 placing token on slot 2
[2022-12-12 12:48:14] [SEVERE ] removing player 2 token from slot 2
[2022-12-12 12:48:14] [SEVERE ] removing player 2 token from slot 3
[2022-12-12 12:48:14] [SEVERE ] removing player 2 token from slot 11
[2022-12-12 12:48:14] [SEVERE ] player 2 placing token on slot 4
[2022-12-12 12:48:14] [SEVERE ] player 2 placing token on slot 6
[2022-12-12 12:48:14] [SEVERE ] player 2 placing token on slot 11
[2022-12-12 12:48:14] [SEVERE ] removing player 2 token from slot 4
[2022-12-12 12:48:14] [SEVERE ] removing player 2 token from slot 6
[2022-12-12 12:48:14] [SEVERE ] removing player 2 token from slot 11
[2022-12-12 12:48:14] [SEVERE ] player 2 placing token on slot 8
[2022-12-12 12:48:14] [SEVERE ] player 2 placing token on slot 0
[2022-12-12 12:48:14] [SEVERE ] player 2 placing token on slot 1
[2022-12-12 12:48:14] [SEVERE ] removing player 2 token from slot 0
[2022-12-12 12:48:14] [SEVERE ] removing player 2 token from slot 1
[2022-12-12 12:48:14] [SEVERE ] removing player 2 token from slot 8
[2022-12-12 12:48:14] [SEVERE ] player 2 placing token on slot 3
[2022-12-12 12:48:14] [SEVERE ] player 2 placing token on slot 6
[2022-12-12 12:48:14] [SEVERE ] player 2 placing token on slot 7
[2022-12-12 12:48:14] [SEVERE ] removing player 2 token from slot 3
[2022-12-12 12:48:14] [SEVERE ] removing player 2 token from slot 6
[2022-12-12 12:48:14] [SEVERE ] removing player 2 token from slot 7
[2022-12-12 12:48:14] [SEVERE ] player 2 placing token on slot 4
[2022-12-12 12:48:14] [SEVERE ] player 2 placing token on slot 5
[2022-12-12 12:48:14] [SEVERE ] player 2 placing token on slot 1
[2022-12-12 12:48:14] [SEVERE ] removing player 2 token from slot 1
[2022-12-12 12:48:14] [SEVERE ] removing player 2 token from slot 4
[2022-12-12 12:48:14] [SEVERE ] removing player 2 token from slot 5
[2022-12-12 12:48:14] [SEVERE ] player 2 placing token on slot 11
[2022-12-12 12:48:14] [SEVERE ] player 2 placing token on slot 8
[2022-12-12 12:48:14] [SEVERE ] player 2 placing token on slot 2
[2022-12-12 12:48:14] [SEVERE ] removing player 2 token from slot 2
[2022-12-12 12:48:14] [SEVERE ] removing player 2 token from slot 8
[2022-12-12 12:48:14] [SEVERE ] removing player 2 token from slot 11
[2022-12-12 12:48:14] [SEVERE ] player 2 placing token on slot 7
[2022-12-12 12:48:14] [SEVERE ] player 2 placing token on slot 0
[2022-12-12 12:48:14] [SEVERE ] player 2 placing token on slot 11
[2022-12-12 12:48:14] [SEVERE ] removing player 2 token from slot 0
[2022-12-12 12:48:14] [SEVERE ] removing player 2 token from slot 7
[2022-12-12 12:48:14] [SEVERE ] removing player 2 token from slot 11
[2022-12-12 12:48:14] [SEVERE ] player 2 placing token on slot 6
[2022-12-12 12:48:14] [SEVERE ] player 2 placing token on slot 1
[2022-12-12 12:48:14] [SEVERE ] player 2 placing token on slot 0
[2022-12-12 12:48:14] [SEVERE ] removing player 2 token from slot 0
[2022-12-12 12:48:14] [SEVERE ] removing player 2 token from slot 1
[2022-12-12 12:48:14] [SEVERE ] removing player 2 token from slot 6
[2022-12-12 12:48:14] [SEVERE ] player 2 placing token on slot 7
[2022-12-12 12:48:14] [SEVERE ] player 2 placing token on slot 10
[2022-12-12 12:48:14] [SEVERE ] player 2 placing token on slot 3
[2022-12-12 12:48:14] [SEVERE ] removing player 2 token from slot 3
[2022-12-12 12:48:14] [SEVERE ] removing player 2 token from slot 7
[2022-12-12 12:48:14] [SEVERE ] removing player 2 token from slot 10
[2022-12-12 12:48:14] [SEVERE ] player 2 placing token on slot 9
[2022-12-12 12:48:14] [SEVERE ] player 2 placing token on slot 11
[2022-12-12 12:48:14] [SEVERE ] player 2 placing token on slot 2
[2022-12-12 12:48:14] [SEVERE ] removing player 2 token from slot 2
[2022-12-12 12:48:14] [SEVERE ] removing player 2 token from slot 9
[2022-12-12 12:48:14] [SEVERE ] removing player 2 token from slot 11
[2022-12-12 12:48:14] [SEVERE ] player 2 placing token on slot 2
[2022-12-12 12:48:14] [SEVERE ] player 2 placing token on slot 1
[2022-12-12 12:48:14] [SEVERE ] player 2 placing token on slot 6
[2022-12-12 12:48:14] [SEVERE ] removing player 2 token from slot 1
[2022-12-12 12:48:14] [SEVERE ] removing player 2 token from slot 2
[2022-12-12 12:48:14] [SEVERE ] removing player 2 token from slot 6
[2022-12-12 12:48:14] [SEVERE ] player 2 placing token on slot 1
[2022-12-12 12:48:15] [SEVERE ] player 2 placing token on slot 11
[2022-12-12 12:48:15] [SEVERE ] player 2 placing token on slot 3
[2022-12-12 12:48:15] [SEVERE ] removing player 2 token from slot 1
[2022-12-12 12:48:15] [SEVERE ] removing player 2 token from slot 3
[2022-12-12 12:48:15] [SEVERE ] removing player 2 token from slot 11
[2022-12-12 12:48:15] [SEVERE ] player 2 placing token on slot 7
[2022-12-12 12:48:15] [SEVERE ] player 2 placing token on slot 4
[2022-12-12 12:48:15] [SEVERE ] player 2 placing token on slot 5
[2022-12-12 12:48:15] [SEVERE ] removing player 2 token from slot 4
[2022-12-12 12:48:15] [SEVERE ] removing player 2 token from slot 5
[2022-12-12 12:48:15] [SEVERE ] removing player 2 token from slot 7
[2022-12-12 12:48:15] [SEVERE ] player 2 placing token on slot 7
[2022-12-12 12:48:15] [SEVERE ] player 2 placing token on slot 2
[2022-12-12 12:48:15] [SEVERE ] player 2 placing token on slot 10
[2022-12-12 12:48:15] [SEVERE ] removing player 2 token from slot 2
[2022-12-12 12:48:15] [SEVERE ] removing player 2 token from slot 7
[2022-12-12 12:48:15] [SEVERE ] removing player 2 token from slot 10
[2022-12-12 12:48:15] [SEVERE ] player 2 placing token on slot 4
[2022-12-12 12:48:15] [SEVERE ] player 2 placing token on slot 7
[2022-12-12 12:48:15] [SEVERE ] player 2 placing token on slot 2
[2022-12-12 12:48:15] [SEVERE ] removing player 2 token from slot 2
[2022-12-12 12:48:15] [SEVERE ] removing player 2 token from slot 4
[2022-12-12 12:48:15] [SEVERE ] removing player 2 token from slot 7
[2022-12-12 12:48:15] [SEVERE ] player 2 placing token on slot 2
[2022-12-12 12:48:15] [SEVERE ] player 2 placing token on slot 3
[2022-12-12 12:48:15] [SEVERE ] player 2 placing token on slot 10
[2022-12-12 12:48:15] [SEVERE ] removing player 2 token from slot 2
[2022-12-12 12:48:15] [SEVERE ] removing player 2 token from slot 3
[2022-12-12 12:48:15] [SEVERE ] removing player 2 token from slot 10
[2022-12-12 12:48:15] [SEVERE ] player 2 placing token on slot 3
[2022-12-12 12:48:15] [SEVERE ] player 2 placing token on slot 7
[2022-12-12 12:48:15] [SEVERE ] player 2 placing token on slot 10
[2022-12-12 12:48:15] [SEVERE ] removing player 2 token from slot 3
[2022-12-12 12:48:15] [SEVERE ] removing player 2 token from slot 7
[2022-12-12 12:48:15] [SEVERE ] removing player 2 token from slot 10
[2022-12-12 12:48:15] [SEVERE ] player 2 placing token on slot 5
[2022-12-12 12:48:15] [SEVERE ] player 2 placing token on slot 2
[2022-12-12 12:48:15] [SEVERE ] player 2 placing token on slot 11
[2022-12-12 12:48:15] [SEVERE ] removing player 2 token from slot 2
[2022-12-12 12:48:15] [SEVERE ] removing player 2 token from slot 5
[2022-12-12 12:48:15] [SEVERE ] removing player 2 token from slot 11
[2022-12-12 12:48:15] [SEVERE ] player 2 placing token on slot 3
[2022-12-12 12:48:15] [SEVERE ] player 2 placing token on slot 7
[2022-12-12 12:48:15] [SEVERE ] player 2 placing token on slot 1
[2022-12-12 12:48:15] [SEVERE ] removing player 2 token from slot 1
[2022-12-12 12:48:15] [SEVERE ] removing player 2 token from slot 3
[2022-12-12 12:48:15] [SEVERE ] removing player 2 token from slot 7
[2022-12-12 12:48:15] [SEVERE ] player 2 placing token on slot 6
[2022-12-12 12:48:15] [SEVERE ] player 2 placing token on slot 1
[2022-12-12 12:48:15] [SEVERE ] player 2 placing token on slot 11
[2022-12-12 12:48:15] [SEVERE ] removing player 2 token from slot 1
[2022-12-12 12:48:15] [SEVERE ] removing player 2 token from slot 6
[2022-12-12 12:48:15] [SEVERE ] removing player 2 token from slot 11
[2022-12-12 12:48:15] [SEVERE ] player 2 placing token on slot 7
[2022-12-12 12:48:15] [SEVERE ] player 2 placing token on slot 9
[2022-12-12 12:48:15] [SEVERE ] player 2 placing token on slot 3
[2022-12-12 12:48:15] [SEVERE ] removing player 2 token from slot 3
[2022-12-12 12:48:15] [SEVERE ] removing player 2 token from slot 7
[2022-12-12 12:48:15] [SEVERE ] removing player 2 token from slot 9
[2022-12-12 12:48:15] [SEVERE ] player 2 placing token on slot 5
[2022-12-12 12:48:15] [SEVERE ] player 2 placing token on slot 3
[2022-12-12 12:48:15] [SEVERE ] player 2 placing token on slot 7
[2022-12-12 12:48:15] [SEVERE ] removing player 2 token from slot 3
[2022-12-12 12:48:15] [SEVERE ] removing player 2 token from slot 5
[2022-12-12 12:48:15] [SEVERE ] removing player 2 token from slot 7
[2022-12-12 12:48:15] [SEVERE ] player 2 placing token on slot 0
[2022-12-12 12:48:16] [SEVERE ] player 2 placing token on slot 7
[2022-12-12 12:48:16] [SEVERE ] player 2 placing token on slot 1
[2022-12-12 12:48:16] [SEVERE ] removing player 2 token from slot 0
[2022-12-12 12:48:16] [SEVERE ] removing player 2 token from slot 1
[2022-12-12 12:48:16] [SEVERE ] removing player 2 token from slot 7
[2022-12-12 12:48:16] [SEVERE ] player 2 placing token on slot 1
[2022-12-12 12:48:16] [SEVERE ] player 2 placing token on slot 10
[2022-12-12 12:48:16] [SEVERE ] player 2 placing token on slot 7
[2022-12-12 12:48:16] [SEVERE ] removing player 2 token from slot 1
[2022-12-12 12:48:16] [SEVERE ] removing player 2 token from slot 7
[2022-12-12 12:48:16] [SEVERE ] removing player 2 token from slot 10
[2022-12-12 12:48:16] [SEVERE ] player 2 placing token on slot 1
[2022-12-12 12:48:16] [SEVERE ] player 2 placing token on slot 11
[2022-12-12 12:48:16] [SEVERE ] player 2 placing token on slot 7
[2022-12-12 12:48:16] [SEVERE ] removing player 2 token from slot 1
[2022-12-12 12:48:16] [SEVERE ] removing player 2 token from slot 7
[2022-12-12 12:48:16] [SEVERE ] removing player 2 token from slot 11
[2022-12-12 12:48:16] [SEVERE ] player 2 placing token on slot 4
[2022-12-12 12:48:16] [SEVERE ] player 2 placing token on slot 9
[2022-12-12 12:48:16] [SEVERE ] player 2 placing token on slot 10
[2022-12-12 12:48:16] [SEVERE ] removing player 2 token from slot 4
[2022-12-12 12:48:16] [SEVERE ] removing player 2 token from slot 9
[2022-12-12 12:48:16] [SEVERE ] removing player 2 token from slot 10
[2022-12-12 12:48:16] [SEVERE ] player 2 placing token on slot 4
[2022-12-12 12:48:16] [SEVERE ] player 2 placing token on slot 11
[2022-12-12 12:48:16] [SEVERE ] player 2 placing token on slot 0
[2022-12-12 12:48:16] [SEVERE ] removing player 2 token from slot 0
[2022-12-12 12:48:16] [SEVERE ] removing player 2 token from slot 4
[2022-12-12 12:48:16] [SEVERE ] removing player 2 token from slot 11
[2022-12-12 12:48:16] [SEVERE ] player 2 placing token on slot 3
[2022-12-12 12:48:16] [SEVERE ] player 2 placing token on slot 1
[2022-12-12 12:48:16] [SEVERE ] player 2 placing token on slot 10
[2022-12-12 12:48:16] [SEVERE ] removing player 2 token from slot 1
[2022-12-12 12:48:16] [SEVERE ] removing player 2 token from slot 3
[2022-12-12 12:48:16] [SEVERE ] removing player 2 token from slot 10
[2022-12-12 12:48:16] [SEVERE ] player 2 placing token on slot 7
[2022-12-12 12:48:16] [SEVERE ] player 2 placing token on slot 8
[2022-12-12 12:48:16] [SEVERE ] player 2 placing token on slot 4
[2022-12-12 12:48:16] [SEVERE ] removing player 2 token from slot 4
[2022-12-12 12:48:16] [SEVERE ] removing player 2 token from slot 7
[2022-12-12 12:48:16] [SEVERE ] removing player 2 token from slot 8
[2022-12-12 12:48:16] [SEVERE ] player 2 placing token on slot 5
[2022-12-12 12:48:16] [SEVERE ] player 2 placing token on slot 1
[2022-12-12 12:48:16] [SEVERE ] player 2 placing token on slot 3
[2022-12-12 12:48:16] [SEVERE ] removing player 2 token from slot 1
[2022-12-12 12:48:16] [SEVERE ] removing player 2 token from slot 3
[2022-12-12 12:48:16] [SEVERE ] removing player 2 token from slot 5
[2022-12-12 12:48:16] [SEVERE ] player 2 placing token on slot 1
[2022-12-12 12:48:16] [SEVERE ] player 2 placing token on slot 6
[2022-12-12 12:48:16] [SEVERE ] player 2 placing token on slot 4
[2022-12-12 12:48:16] [SEVERE ] removing player 2 token from slot 1
[2022-12-12 12:48:16] [SEVERE ] removing player 2 token from slot 4
[2022-12-12 12:48:16] [SEVERE ] removing player 2 token from slot 6
[2022-12-12 12:48:16] [SEVERE ] player 2 placing token on slot 6
[2022-12-12 12:48:16] [SEVERE ] player 2 placing token on slot 7
[2022-12-12 12:48:16] [SEVERE ] player 2 placing token on slot 10
[2022-12-12 12:48:16] [SEVERE ] removing player 2 token from slot 6
[2022-12-12 12:48:16] [SEVERE ] removing player 2 token from slot 7
[2022-12-12 12:48:16] [SEVERE ] removing player 2 token from slot 10
[2022-12-12 12:48:16] [SEVERE ] player 2 placing token on slot 3
[2022-12-12 12:48:16] [SEVERE ] player 2 placing token on slot 7
[2022-12-12 12:48:17] [SEVERE ] player 2 placing token on slot 4
[2022-12-12 12:48:17] [SEVERE ] removing player 2 token from slot 3
[2022-12-12 12:48:17] [SEVERE ] removing player 2 token from slot 4
[2022-12-12 12:48:17] [SEVERE ] removing player 2 token from slot 7
[2022-12-12 12:48:17] [SEVERE ] player 2 placing token on slot 4
[2022-12-12 12:48:17] [SEVERE ] player 2 placing token on slot 5
[2022-12-12 12:48:17] [SEVERE ] player 2 placing token on slot 3
[2022-12-12 12:48:17] [SEVERE ] removing player 2 token from slot 3
[2022-12-12 12:48:17] [SEVERE ] removing player 2 token from slot 4
[2022-12-12 12:48:17] [SEVERE ] removing player 2 token from slot 5
[2022-12-12 12:48:17] [SEVERE ] player 2 placing token on slot 4
[2022-12-12 12:48:17] [SEVERE ] player 2 placing token on slot 6
[2022-12-12 12:48:17] [SEVERE ] player 2 placing token on slot 7
[2022-12-12 12:48:17] [SEVERE ] removing player 2 token from slot 4
[2022-12-12 12:48:17] [SEVERE ] removing player 2 token from slot 6
[2022-12-12 12:48:17] [SEVERE ] removing player 2 token from slot 7
[2022-12-12 12:48:17] [SEVERE ] player 2 placing token on slot 7
[2022-12-12 12:48:17] [SEVERE ] player 2 placing token on slot 3
[2022-12-12 12:48:17] [SEVERE ] player 2 placing token on slot 6
[2022-12-12 12:48:17] [SEVERE ] removing player 2 token from slot 3
[2022-12-12 12:48:17] [SEVERE ] removing player 2 token from slot 6
[2022-12-12 12:48:17] [SEVERE ] removing player 2 token from slot 7
[2022-12-12 12:48:17] [SEVERE ] player 2 placing token on slot 6
[2022-12-12 12:48:17] [SEVERE ] player 2 placing token on slot 8
[2022-12-12 12:48:17] [SEVERE ] player 2 placing token on slot 4
[2022-12-12 12:48:17] [SEVERE ] removing player 2 token from slot 4
[2022-12-12 12:48:17] [SEVERE ] removing player 2 token from slot 6
[2022-12-12 12:48:17] [SEVERE ] removing player 2 token from slot 8
[2022-12-12 12:48:17] [SEVERE ] player 2 placing token on slot 6
[2022-12-12 12:48:17] [SEVERE ] player 2 placing token on slot 3
[2022-12-12 12:48:17] [SEVERE ] player 2 placing token on slot 9
[2022-12-12 12:48:17] [SEVERE ] removing player 2 token from slot 3
[2022-12-12 12:48:17] [SEVERE ] removing player 2 token from slot 6
[2022-12-12 12:48:17] [SEVERE ] removing player 2 token from slot 9
[2022-12-12 12:48:17] [SEVERE ] player 2 placing token on slot 5
[2022-12-12 12:48:17] [SEVERE ] player 2 placing token on slot 7
[2022-12-12 12:48:17] [SEVERE ] player 2 placing token on slot 9
[2022-12-12 12:48:17] [SEVERE ] removing player 2 token from slot 5
[2022-12-12 12:48:17] [SEVERE ] removing player 2 token from slot 7
[2022-12-12 12:48:17] [SEVERE ] removing player 2 token from slot 9
[2022-12-12 12:48:17] [SEVERE ] player 2 placing token on slot 6
[2022-12-12 12:48:17] [SEVERE ] player 2 placing token on slot 8
[2022-12-12 12:48:17] [SEVERE ] player 2 placing token on slot 5
[2022-12-12 12:48:17] [SEVERE ] removing player 2 token from slot 5
[2022-12-12 12:48:17] [SEVERE ] removing player 2 token from slot 6
[2022-12-12 12:48:17] [SEVERE ] removing player 2 token from slot 8
[2022-12-12 12:48:17] [SEVERE ] player 2 placing token on slot 2
[2022-12-12 12:48:17] [SEVERE ] player 2 placing token on slot 8
[2022-12-12 12:48:17] [SEVERE ] player 2 placing token on slot 3
[2022-12-12 12:48:17] [SEVERE ] removing player 2 token from slot 2
[2022-12-12 12:48:17] [SEVERE ] removing player 2 token from slot 3
[2022-12-12 12:48:17] [SEVERE ] removing player 2 token from slot 8
[2022-12-12 12:48:17] [SEVERE ] player 2 placing token on slot 11
[2022-12-12 12:48:17] [SEVERE ] player 2 placing token on slot 6
[2022-12-12 12:48:17] [SEVERE ] player 2 placing token on slot 9
[2022-12-12 12:48:17] [SEVERE ] removing player 2 token from slot 6
[2022-12-12 12:48:17] [SEVERE ] removing player 2 token from slot 9
[2022-12-12 12:48:17] [SEVERE ] removing player 2 token from slot 11
[2022-12-12 12:48:17] [SEVERE ] player 2 placing token on slot 11
[2022-12-12 12:48:17] [SEVERE ] player 2 placing token on slot 6
[2022-12-12 12:48:17] [SEVERE ] player 2 placing token on slot 4
[2022-12-12 12:48:17] [SEVERE ] removing player 2 token from slot 4
[2022-12-12 12:48:17] [SEVERE ] removing player 2 token from slot 6
[2022-12-12 12:48:17] [SEVERE ] removing player 2 token from slot 11
[2022-12-12 12:48:17] [SEVERE ] player 2 placing token on slot 2
[2022-12-12 12:48:17] [SEVERE ] player 2 placing token on slot 0
[2022-12-12 12:48:17] [SEVERE ] player 2 placing token on slot 4
[2022-12-12 12:48:17] [SEVERE ] removing player 2 token from slot 0
[2022-12-12 12:48:17] [SEVERE ] removing player 2 token from slot 2
[2022-12-12 12:48:17] [SEVERE ] removing player 2 token from slot 4
[2022-12-12 12:48:18] [SEVERE ] player 2 placing token on slot 1
[2022-12-12 12:48:18] [SEVERE ] player 2 placing token on slot 2
[2022-12-12 12:48:18] [SEVERE ] player 2 placing token on slot 5
[2022-12-12 12:48:18] [SEVERE ] removing player 2 token from slot 1
[2022-12-12 12:48:18] [SEVERE ] removing player 2 token from slot 2
[2022-12-12 12:48:18] [SEVERE ] removing player 2 token from slot 5
[2022-12-12 12:48:18] [SEVERE ] player 2 placing token on slot 2
[2022-12-12 12:48:18] [SEVERE ] player 2 placing token on slot 5
[2022-12-12 12:48:18] [SEVERE ] player 2 placing token on slot 0
[2022-12-12 12:48:18] [SEVERE ] removing player 2 token from slot 0
[2022-12-12 12:48:18] [SEVERE ] removing player 2 token from slot 2
[2022-12-12 12:48:18] [SEVERE ] removing player 2 token from slot 5
[2022-12-12 12:48:18] [SEVERE ] player 2 placing token on slot 8
[2022-12-12 12:48:18] [SEVERE ] player 2 placing token on slot 3
[2022-12-12 12:48:18] [SEVERE ] player 2 placing token on slot 11
[2022-12-12 12:48:18] [SEVERE ] removing player 2 token from slot 3
[2022-12-12 12:48:18] [SEVERE ] removing player 2 token from slot 8
[2022-12-12 12:48:18] [SEVERE ] removing player 2 token from slot 11
[2022-12-12 12:48:18] [SEVERE ] player 2 placing token on slot 8
[2022-12-12 12:48:18] [SEVERE ] player 2 placing token on slot 6
[2022-12-12 12:48:18] [SEVERE ] player 2 placing token on slot 9
[2022-12-12 12:48:18] [SEVERE ] removing player 2 token from slot 6
[2022-12-12 12:48:18] [SEVERE ] removing player 2 token from slot 8
[2022-12-12 12:48:18] [SEVERE ] removing player 2 token from slot 9
[2022-12-12 12:48:18] [SEVERE ] player 2 placing token on slot 3
[2022-12-12 12:48:18] [SEVERE ] player 2 placing token on slot 1
[2022-12-12 12:48:18] [SEVERE ] player 2 placing token on slot 2
[2022-12-12 12:48:18] [SEVERE ] removing player 2 token from slot 1
[2022-12-12 12:48:18] [SEVERE ] removing player 2 token from slot 2
[2022-12-12 12:48:18] [SEVERE ] removing player 2 token from slot 3
[2022-12-12 12:48:18] [SEVERE ] player 2 placing token on slot 4
[2022-12-12 12:48:18] [SEVERE ] player 2 placing token on slot 6
[2022-12-12 12:48:18] [SEVERE ] player 2 placing token on slot 5
[2022-12-12 12:48:18] [SEVERE ] removing player 2 token from slot 4
[2022-12-12 12:48:18] [SEVERE ] removing player 2 token from slot 5
[2022-12-12 12:48:18] [SEVERE ] removing player 2 token from slot 6
[2022-12-12 12:48:18] [SEVERE ] player 2 placing token on slot 0
[2022-12-12 12:48:18] [SEVERE ] player 2 placing token on slot 11
[2022-12-12 12:48:18] [SEVERE ] player 2 placing token on slot 4
[2022-12-12 12:48:18] [SEVERE ] removing player 2 token from slot 0
[2022-12-12 12:48:18] [SEVERE ] removing player 2 token from slot 4
[2022-12-12 12:48:18] [SEVERE ] removing player 2 token from slot 11
[2022-12-12 12:48:18] [SEVERE ] player 2 placing token on slot 5
[2022-12-12 12:48:18] [SEVERE ] player 2 placing token on slot 0
[2022-12-12 12:48:18] [SEVERE ] player 2 placing token on slot 4
[2022-12-12 12:48:18] [SEVERE ] removing player 2 token from slot 0
[2022-12-12 12:48:18] [SEVERE ] removing player 2 token from slot 4
[2022-12-12 12:48:18] [SEVERE ] removing player 2 token from slot 5
[2022-12-12 12:48:18] [SEVERE ] player 2 placing token on slot 11
[2022-12-12 12:48:18] [SEVERE ] player 2 placing token on slot 1
[2022-12-12 12:48:18] [SEVERE ] player 2 placing token on slot 5
[2022-12-12 12:48:18] [SEVERE ] removing player 2 token from slot 1
[2022-12-12 12:48:18] [SEVERE ] removing player 2 token from slot 5
[2022-12-12 12:48:18] [SEVERE ] removing player 2 token from slot 11
[2022-12-12 12:48:18] [SEVERE ] player 2 placing token on slot 6
[2022-12-12 12:48:18] [SEVERE ] player 2 placing token on slot 5
[2022-12-12 12:48:18] [SEVERE ] player 2 placing token on slot 8
[2022-12-12 12:48:18] [SEVERE ] removing player 2 token from slot 5
[2022-12-12 12:48:18] [SEVERE ] removing player 2 token from slot 6
[2022-12-12 12:48:18] [SEVERE ] removing player 2 token from slot 8
[2022-12-12 12:48:18] [SEVERE ] player 2 placing token on slot 4
[2022-12-12 12:48:18] [SEVERE ] player 2 placing token on slot 2
[2022-12-12 12:48:19] [SEVERE ] player 2 placing token on slot 8
[2022-12-12 12:48:19] [SEVERE ] removing player 2 token from slot 2
[2022-12-12 12:48:19] [SEVERE ] removing player 2 token from slot 4
[2022-12-12 12:48:19] [SEVERE ] removing player 2 token from slot 8
[2022-12-12 12:48:19] [SEVERE ] player 2 placing token on slot 3
[2022-12-12 12:48:19] [SEVERE ] player 2 placing token on slot 7
[2022-12-12 12:48:19] [SEVERE ] player 2 placing token on slot 0
[2022-12-12 12:48:19] [SEVERE ] removing player 2 token from slot 0
[2022-12-12 12:48:19] [SEVERE ] removing player 2 token from slot 3
[2022-12-12 12:48:19] [SEVERE ] removing player 2 token from slot 7
[2022-12-12 12:48:19] [SEVERE ] player 2 placing token on slot 10
[2022-12-12 12:48:19] [SEVERE ] player 2 placing token on slot 2
[2022-12-12 12:48:19] [SEVERE ] player 2 placing token on slot 6
[2022-12-12 12:48:19] [SEVERE ] removing player 2 token from slot 2
[2022-12-12 12:48:19] [SEVERE ] removing player 2 token from slot 6
[2022-12-12 12:48:19] [SEVERE ] removing player 2 token from slot 10
[2022-12-12 12:48:19] [SEVERE ] player 2 placing token on slot 10
[2022-12-12 12:48:19] [SEVERE ] player 2 placing token on slot 9
[2022-12-12 12:48:19] [SEVERE ] player 2 placing token on slot 3
[2022-12-12 12:48:19] [SEVERE ] removing player 2 token from slot 3
[2022-12-12 12:48:19] [SEVERE ] removing player 2 token from slot 9
[2022-12-12 12:48:19] [SEVERE ] removing player 2 token from slot 10
[2022-12-12 12:48:19] [SEVERE ] player 2 placing token on slot 1
[2022-12-12 12:48:19] [SEVERE ] player 2 placing token on slot 5
[2022-12-12 12:48:19] [SEVERE ] player 2 placing token on slot 9
[2022-12-12 12:48:19] [SEVERE ] removing player 2 token from slot 1
[2022-12-12 12:48:19] [SEVERE ] removing player 2 token from slot 5
[2022-12-12 12:48:19] [SEVERE ] removing player 2 token from slot 9
[2022-12-12 12:48:19] [SEVERE ] player 2 placing token on slot 1
[2022-12-12 12:48:19] [SEVERE ] player 2 placing token on slot 6
[2022-12-12 12:48:19] [SEVERE ] player 2 placing token on slot 10
[2022-12-12 12:48:19] [SEVERE ] removing player 2 token from slot 1
[2022-12-12 12:48:19] [SEVERE ] removing player 2 token from slot 6
[2022-12-12 12:48:19] [SEVERE ] removing player 2 token from slot 10
[2022-12-12 12:48:19] [SEVERE ] player 2 placing token on slot 7
[2022-12-12 12:48:19] [SEVERE ] player 2 placing token on slot 5
[2022-12-12 12:48:19] [SEVERE ] player 2 placing token on slot 3
[2022-12-12 12:48:19] [SEVERE ] removing player 2 token from slot 3
[2022-12-12 12:48:19] [SEVERE ] removing player 2 token from slot 5
[2022-12-12 12:48:19] [SEVERE ] removing player 2 token from slot 7
[2022-12-12 12:48:19] [SEVERE ] player 2 placing token on slot 5
[2022-12-12 12:48:19] [SEVERE ] player 2 placing token on slot 0
[2022-12-12 12:48:19] [SEVERE ] player 2 placing token on slot 9
[2022-12-12 12:48:19] [SEVERE ] removing player 2 token from slot 0
[2022-12-12 12:48:19] [SEVERE ] removing player 2 token from slot 5
[2022-12-12 12:48:19] [SEVERE ] removing player 2 token from slot 9
[2022-12-12 12:48:19] [SEVERE ] player 2 placing token on slot 11
[2022-12-12 12:48:19] [SEVERE ] player 2 placing token on slot 8
[2022-12-12 12:48:19] [SEVERE ] player 2 placing token on slot 3
[2022-12-12 12:48:19] [SEVERE ] removing player 2 token from slot 3
[2022-12-12 12:48:19] [SEVERE ] removing player 2 token from slot 8
[2022-12-12 12:48:19] [SEVERE ] removing player 2 token from slot 11
[2022-12-12 12:48:19] [SEVERE ] player 2 placing token on slot 0
[2022-12-12 12:48:19] [SEVERE ] player 2 placing token on slot 7
[2022-12-12 12:48:19] [SEVERE ] player 2 placing token on slot 4
[2022-12-12 12:48:19] [SEVERE ] removing player 2 token from slot 0
[2022-12-12 12:48:19] [SEVERE ] removing player 2 token from slot 4
[2022-12-12 12:48:19] [SEVERE ] removing player 2 token from slot 7
[2022-12-12 12:48:19] [SEVERE ] player 2 placing token on slot 11
[2022-12-12 12:48:19] [SEVERE ] player 2 placing token on slot 10
[2022-12-12 12:48:19] [SEVERE ] player 2 placing token on slot 8
[2022-12-12 12:48:19] [SEVERE ] removing player 2 token from slot 8
[2022-12-12 12:48:19] [SEVERE ] removing player 2 token from slot 10
[2022-12-12 12:48:19] [SEVERE ] removing player 2 token from slot 11
[2022-12-12 12:48:19] [SEVERE ] player 2 placing token on slot 2
[2022-12-12 12:48:19] [SEVERE ] player 2 placing token on slot 5
[2022-12-12 12:48:20] [SEVERE ] player 2 placing token on slot 0
[2022-12-12 12:48:20] [SEVERE ] removing player 2 token from slot 0
[2022-12-12 12:48:20] [SEVERE ] removing player 2 token from slot 2
[2022-12-12 12:48:20] [SEVERE ] removing player 2 token from slot 5
[2022-12-12 12:48:20] [SEVERE ] player 2 placing token on slot 4
[2022-12-12 12:48:20] [SEVERE ] player 2 placing token on slot 5
[2022-12-12 12:48:20] [SEVERE ] player 2 placing token on slot 0
[2022-12-12 12:48:20] [SEVERE ] removing player 2 token from slot 0
[2022-12-12 12:48:20] [SEVERE ] removing player 2 token from slot 4
[2022-12-12 12:48:20] [SEVERE ] removing player 2 token from slot 5
[2022-12-12 12:48:20] [SEVERE ] player 2 placing token on slot 0
[2022-12-12 12:48:20] [SEVERE ] player 2 placing token on slot 3
[2022-12-12 12:48:20] [SEVERE ] player 2 placing token on slot 2
[2022-12-12 12:48:20] [SEVERE ] removing player 2 token from slot 0
[2022-12-12 12:48:20] [SEVERE ] removing player 2 token from slot 2
[2022-12-12 12:48:20] [SEVERE ] removing player 2 token from slot 3
[2022-12-12 12:48:20] [SEVERE ] player 2 placing token on slot 1
[2022-12-12 12:48:20] [SEVERE ] player 2 placing token on slot 9
[2022-12-12 12:48:20] [SEVERE ] player 2 placing token on slot 6
[2022-12-12 12:48:20] [SEVERE ] removing player 2 token from slot 1
[2022-12-12 12:48:20] [SEVERE ] removing player 2 token from slot 6
[2022-12-12 12:48:20] [SEVERE ] removing player 2 token from slot 9
[2022-12-12 12:48:20] [SEVERE ] player 2 placing token on slot 6
[2022-12-12 12:48:20] [SEVERE ] player 2 placing token on slot 9
[2022-12-12 12:48:20] [SEVERE ] player 2 placing token on slot 7
[2022-12-12 12:48:20] [SEVERE ] removing player 2 token from slot 6
[2022-12-12 12:48:20] [SEVERE ] removing player 2 token from slot 7
[2022-12-12 12:48:20] [SEVERE ] removing player 2 token from slot 9
[2022-12-12 12:48:20] [SEVERE ] player 2 placing token on slot 9
[2022-12-12 12:48:20] [SEVERE ] player 2 placing token on slot 7
[2022-12-12 12:48:20] [SEVERE ] player 2 placing token on slot 4
[2022-12-12 12:48:20] [SEVERE ] removing player 2 token from slot 4
[2022-12-12 12:48:20] [SEVERE ] removing player 2 token from slot 7
[2022-12-12 12:48:20] [SEVERE ] removing player 2 token from slot 9
[2022-12-12 12:48:20] [SEVERE ] player 2 placing token on slot 6
[2022-12-12 12:48:20] [SEVERE ] player 2 placing token on slot 9
[2022-12-12 12:48:20] [SEVERE ] player 2 placing token on slot 1
[2022-12-12 12:48:20] [SEVERE ] removing player 2 token from slot 1
[2022-12-12 12:48:20] [SEVERE ] removing player 2 token from slot 6
[2022-12-12 12:48:20] [SEVERE ] removing player 2 token from slot 9
[2022-12-12 12:48:20] [SEVERE ] player 2 placing token on slot 9
[2022-12-12 12:48:20] [SEVERE ] player 2 placing token on slot 0
[2022-12-12 12:48:20] [SEVERE ] player 2 placing token on slot 2
[2022-12-12 12:48:20] [SEVERE ] removing player 2 token from slot 0
[2022-12-12 12:48:20] [SEVERE ] removing player 2 token from slot 2
[2022-12-12 12:48:20] [SEVERE ] removing player 2 token from slot 9
[2022-12-12 12:48:20] [SEVERE ] player 2 placing token on slot 3
[2022-12-12 12:48:20] [SEVERE ] player 2 placing token on slot 1
[2022-12-12 12:48:20] [SEVERE ] player 2 placing token on slot 0
[2022-12-12 12:48:20] [SEVERE ] removing player 2 token from slot 0
[2022-12-12 12:48:20] [SEVERE ] removing player 2 token from slot 1
[2022-12-12 12:48:20] [SEVERE ] removing player 2 token from slot 3
[2022-12-12 12:48:20] [SEVERE ] player 2 placing token on slot 9
[2022-12-12 12:48:20] [SEVERE ] player 2 placing token on slot 3
[2022-12-12 12:48:20] [SEVERE ] player 2 placing token on slot 2
[2022-12-12 12:48:20] [SEVERE ] removing player 2 token from slot 2
[2022-12-12 12:48:20] [SEVERE ] removing player 2 token from slot 3
[2022-12-12 12:48:20] [SEVERE ] removing player 2 token from slot 9
[2022-12-12 12:48:20] [SEVERE ] player 2 placing token on slot 5
[2022-12-12 12:48:20] [SEVERE ] player 2 placing token on slot 8
[2022-12-12 12:48:20] [SEVERE ] player 2 placing token on slot 0
[2022-12-12 12:48:20] [SEVERE ] removing player 2 token from slot 0
[2022-12-12 12:48:20] [SEVERE ] removing player 2 token from slot 5
[2022-12-12 12:48:20] [SEVERE ] removing player 2 token from slot 8
[2022-12-12 12:48:20] [SEVERE ] player 2 placing token on slot 3
[2022-12-12 12:48:21] [SEVERE ] player 2 placing token on slot 9
[2022-12-12 12:48:21] [SEVERE ] player 2 placing token on slot 4
[2022-12-12 12:48:21] [SEVERE ] removing player 2 token from slot 3
[2022-12-12 12:48:21] [SEVERE ] removing player 2 token from slot 4
[2022-12-12 12:48:21] [SEVERE ] removing player 2 token from slot 9
[2022-12-12 12:48:21] [SEVERE ] player 2 placing token on slot 5
[2022-12-12 12:48:21] [SEVERE ] player 2 placing token on slot 8
[2022-12-12 12:48:21] [SEVERE ] player 2 placing token on slot 2
[2022-12-12 12:48:21] [SEVERE ] removing player 2 token from slot 2
[2022-12-12 12:48:21] [SEVERE ] removing player 2 token from slot 5
[2022-12-12 12:48:21] [SEVERE ] removing player 2 token from slot 8
[2022-12-12 12:48:21] [SEVERE ] player 2 placing token on slot 10
[2022-12-12 12:48:21] [SEVERE ] player 2 placing token on slot 8
[2022-12-12 12:48:21] [SEVERE ] player 2 placing token on slot 2
[2022-12-12 12:48:21] [SEVERE ] removing player 2 token from slot 2
[2022-12-12 12:48:21] [SEVERE ] removing player 2 token from slot 8
[2022-12-12 12:48:21] [SEVERE ] removing player 2 token from slot 10
[2022-12-12 12:48:21] [SEVERE ] player 2 placing token on slot 7
[2022-12-12 12:48:21] [SEVERE ] player 2 placing token on slot 5
[2022-12-12 12:48:21] [SEVERE ] player 2 placing token on slot 2
[2022-12-12 12:48:21] [SEVERE ] removing player 2 token from slot 2
[2022-12-12 12:48:21] [SEVERE ] removing player 2 token from slot 5
[2022-12-12 12:48:21] [SEVERE ] removing player 2 token from slot 7
[2022-12-12 12:48:21] [SEVERE ] player 2 placing token on slot 9
[2022-12-12 12:48:21] [SEVERE ] player 2 placing token on slot 6
[2022-12-12 12:48:21] [SEVERE ] player 2 placing token on slot 10
[2022-12-12 12:48:21] [SEVERE ] removing player 2 token from slot 6
[2022-12-12 12:48:21] [SEVERE ] removing player 2 token from slot 9
[2022-12-12 12:48:21] [SEVERE ] removing player 2 token from slot 10
[2022-12-12 12:48:21] [SEVERE ] player 2 placing token on slot 0
[2022-12-12 12:48:21] [SEVERE ] player 2 placing token on slot 4
[2022-12-12 12:48:21] [SEVERE ] player 2 placing token on slot 7
[2022-12-12 12:48:21] [SEVERE ] removing player 2 token from slot 0
[2022-12-12 12:48:21] [SEVERE ] removing player 2 token from slot 4
[2022-12-12 12:48:21] [SEVERE ] removing player 2 token from slot 7
[2022-12-12 12:48:21] [SEVERE ] player 2 placing token on slot 6
[2022-12-12 12:48:21] [SEVERE ] player 2 placing token on slot 8
[2022-12-12 12:48:21] [SEVERE ] player 2 placing token on slot 2
[2022-12-12 12:48:21] [SEVERE ] removing player 2 token from slot 2
[2022-12-12 12:48:21] [SEVERE ] removing player 2 token from slot 6
[2022-12-12 12:48:21] [SEVERE ] removing player 2 token from slot 8
[2022-12-12 12:48:21] [SEVERE ] player 2 placing token on slot 6
[2022-12-12 12:48:21] [SEVERE ] player 2 placing token on slot 1
[2022-12-12 12:48:21] [SEVERE ] player 2 placing token on slot 10
[2022-12-12 12:48:21] [SEVERE ] removing player 2 token from slot 1
[2022-12-12 12:48:21] [SEVERE ] removing player 2 token from slot 6
[2022-12-12 12:48:21] [SEVERE ] removing player 2 token from slot 10
[2022-12-12 12:48:21] [SEVERE ] player 2 placing token on slot 0
[2022-12-12 12:48:21] [SEVERE ] player 2 placing token on slot 2
[2022-12-12 12:48:21] [SEVERE ] player 2 placing token on slot 9
[2022-12-12 12:48:21] [SEVERE ] removing player 2 token from slot 0
[2022-12-12 12:48:21] [SEVERE ] removing player 2 token from slot 2
[2022-12-12 12:48:21] [SEVERE ] removing player 2 token from slot 9
[2022-12-12 12:48:21] [SEVERE ] player 2 placing token on slot 6
[2022-12-12 12:48:21] [SEVERE ] player 2 placing token on slot 5
[2022-12-12 12:48:21] [SEVERE ] player 2 placing token on slot 1
[2022-12-12 12:48:21] [SEVERE ] removing player 2 token from slot 1
[2022-12-12 12:48:21] [SEVERE ] removing player 2 token from slot 5
[2022-12-12 12:48:21] [SEVERE ] removing player 2 token from slot 6
[2022-12-12 12:48:21] [SEVERE ] player 2 placing token on slot 11
[2022-12-12 12:48:21] [SEVERE ] player 2 placing token on slot 5
[2022-12-12 12:48:21] [SEVERE ] player 2 placing token on slot 7
[2022-12-12 12:48:21] [SEVERE ] removing player 2 token from slot 5
[2022-12-12 12:48:21] [SEVERE ] removing player 2 token from slot 7
[2022-12-12 12:48:21] [SEVERE ] removing player 2 token from slot 11
[2022-12-12 12:48:21] [SEVERE ] player 2 placing token on slot 8
[2022-12-12 12:48:22] [SEVERE ] player 2 placing token on slot 11
[2022-12-12 12:48:22] [SEVERE ] player 2 placing token on slot 1
[2022-12-12 12:48:22] [SEVERE ] removing player 2 token from slot 1
[2022-12-12 12:48:22] [SEVERE ] removing player 2 token from slot 8
[2022-12-12 12:48:22] [SEVERE ] removing player 2 token from slot 11
[2022-12-12 12:48:22] [SEVERE ] player 2 placing token on slot 4
[2022-12-12 12:48:22] [SEVERE ] player 2 placing token on slot 11
[2022-12-12 12:48:22] [SEVERE ] player 2 placing token on slot 10
[2022-12-12 12:48:22] [SEVERE ] removing player 2 token from slot 4
[2022-12-12 12:48:22] [SEVERE ] removing player 2 token from slot 10
[2022-12-12 12:48:22] [SEVERE ] removing player 2 token from slot 11
[2022-12-12 12:48:22] [SEVERE ] player 2 placing token on slot 7
[2022-12-12 12:48:22] [SEVERE ] player 2 placing token on slot 6
[2022-12-12 12:48:22] [SEVERE ] player 2 placing token on slot 4
[2022-12-12 12:48:22] [SEVERE ] removing player 2 token from slot 4
[2022-12-12 12:48:22] [SEVERE ] removing player 2 token from slot 6
[2022-12-12 12:48:22] [SEVERE ] removing player 2 token from slot 7
[2022-12-12 12:48:22] [SEVERE ] player 2 placing token on slot 5
[2022-12-12 12:48:22] [SEVERE ] player 2 placing token on slot 0
[2022-12-12 12:48:22] [SEVERE ] player 2 placing token on slot 3
[2022-12-12 12:48:22] [SEVERE ] removing player 2 token from slot 0
[2022-12-12 12:48:22] [SEVERE ] removing player 2 token from slot 3
[2022-12-12 12:48:22] [SEVERE ] removing player 2 token from slot 5
[2022-12-12 12:48:22] [SEVERE ] player 2 placing token on slot 11
[2022-12-12 12:48:22] [SEVERE ] player 2 placing token on slot 8
[2022-12-12 12:48:22] [SEVERE ] player 2 placing token on slot 9
[2022-12-12 12:48:22] [SEVERE ] removing player 2 token from slot 8
[2022-12-12 12:48:22] [SEVERE ] removing player 2 token from slot 9
[2022-12-12 12:48:22] [SEVERE ] removing player 2 token from slot 11
[2022-12-12 12:48:22] [SEVERE ] player 2 placing token on slot 11
[2022-12-12 12:48:22] [SEVERE ] player 2 placing token on slot 6
[2022-12-12 12:48:22] [SEVERE ] player 2 placing token on slot 1
[2022-12-12 12:48:22] [SEVERE ] removing player 2 token from slot 1
[2022-12-12 12:48:22] [SEVERE ] removing player 2 token from slot 6
[2022-12-12 12:48:22] [SEVERE ] removing player 2 token from slot 11
[2022-12-12 12:48:22] [SEVERE ] player 2 placing token on slot 10
[2022-12-12 12:48:22] [SEVERE ] player 2 placing token on slot 3
[2022-12-12 12:48:22] [SEVERE ] player 2 placing token on slot 7
[2022-12-12 12:48:22] [SEVERE ] removing player 2 token from slot 3
[2022-12-12 12:48:22] [SEVERE ] removing player 2 token from slot 7
[2022-12-12 12:48:22] [SEVERE ] removing player 2 token from slot 10
[2022-12-12 12:48:22] [SEVERE ] player 2 placing token on slot 5
[2022-12-12 12:48:22] [SEVERE ] player 2 placing token on slot 2
[2022-12-12 12:48:22] [SEVERE ] player 2 placing token on slot 7
[2022-12-12 12:48:22] [SEVERE ] removing player 2 token from slot 2
[2022-12-12 12:48:22] [SEVERE ] removing player 2 token from slot 5
[2022-12-12 12:48:22] [SEVERE ] removing player 2 token from slot 7
[2022-12-12 12:48:22] [SEVERE ] player 2 placing token on slot 1
[2022-12-12 12:48:22] [SEVERE ] player 2 placing token on slot 7
[2022-12-12 12:48:22] [SEVERE ] player 2 placing token on slot 9
[2022-12-12 12:48:22] [SEVERE ] removing player 2 token from slot 1
[2022-12-12 12:48:22] [SEVERE ] removing player 2 token from slot 7
[2022-12-12 12:48:22] [SEVERE ] removing player 2 token from slot 9
[2022-12-12 12:48:22] [SEVERE ] player 2 placing token on slot 6
[2022-12-12 12:48:22] [SEVERE ] player 2 placing token on slot 8
[2022-12-12 12:48:22] [SEVERE ] player 2 placing token on slot 1
[2022-12-12 12:48:22] [SEVERE ] removing player 2 token from slot 1
[2022-12-12 12:48:22] [SEVERE ] removing player 2 token from slot 6
[2022-12-12 12:48:22] [SEVERE ] removing player 2 token from slot 8
[2022-12-12 12:48:22] [SEVERE ] player 2 placing token on slot 6
[2022-12-12 12:48:22] [SEVERE ] player 2 placing token on slot 5
[2022-12-12 12:48:22] [SEVERE ] player 2 placing token on slot 2
[2022-12-12 12:48:22] [SEVERE ] removing player 2 token from slot 2
[2022-12-12 12:48:22] [SEVERE ] removing player 2 token from slot 5
[2022-12-12 12:48:22] [SEVERE ] removing player 2 token from slot 6
[2022-12-12 12:48:23] [SEVERE ] player 2 placing token on slot 8
[2022-12-12 12:48:23] [SEVERE ] player 2 placing token on slot 2
[2022-12-12 12:48:23] [SEVERE ] player 2 placing token on slot 10
[2022-12-12 12:48:23] [SEVERE ] removing player 2 token from slot 2
[2022-12-12 12:48:23] [SEVERE ] removing player 2 token from slot 8
[2022-12-12 12:48:23] [SEVERE ] removing player 2 token from slot 10
[2022-12-12 12:48:23] [SEVERE ] player 2 placing token on slot 10
[2022-12-12 12:48:23] [SEVERE ] player 2 placing token on slot 3
[2022-12-12 12:48:23] [SEVERE ] player 2 placing token on slot 0
[2022-12-12 12:48:23] [SEVERE ] removing player 2 token from slot 0
[2022-12-12 12:48:23] [SEVERE ] removing player 2 token from slot 3
[2022-12-12 12:48:23] [SEVERE ] removing player 2 token from slot 10
[2022-12-12 12:48:23] [SEVERE ] player 2 placing token on slot 8
[2022-12-12 12:48:23] [SEVERE ] player 2 placing token on slot 7
[2022-12-12 12:48:23] [SEVERE ] player 2 placing token on slot 3
[2022-12-12 12:48:23] [SEVERE ] setting player 2 score to 1
[2022-12-12 12:48:23] [SEVERE ] player 2 placing token on slot 4
[2022-12-12 12:48:23] [SEVERE ] player 2 placing token on slot 7
[2022-12-12 12:48:23] [SEVERE ] player 2 placing token on slot 1
[2022-12-12 12:48:23] [SEVERE ] removing tokens from slot 3
[2022-12-12 12:48:23] [SEVERE ] removing card from slot 3
[2022-12-12 12:48:23] [SEVERE ] removing tokens from slot 7
[2022-12-12 12:48:23] [SEVERE ] removing card from slot 7
[2022-12-12 12:48:23] [SEVERE ] removing tokens from slot 8
[2022-12-12 12:48:23] [SEVERE ] removing card from slot 8
[2022-12-12 12:48:23] [SEVERE ] placing card 77 in slot 3
[2022-12-12 12:48:23] [SEVERE ] placing card 31 in slot 7
[2022-12-12 12:48:23] [SEVERE ] placing card 58 in slot 8
