[2022-12-12 22:10:47] [INFO   ] cannot read configuration file config.properties trying from resources.
[2022-12-12 22:10:47] [INFO   ] configuration file was loaded from resources directory.
[2022-12-12 22:10:47] [INFO   ] Thread Thread-0starting.
[2022-12-12 22:10:47] [INFO   ] Thread Thread-2starting.
[2022-12-12 22:10:47] [INFO   ] Thread Thread-1starting.
[2022-12-12 22:10:47] [INFO   ] Thread dealer starting.
[2022-12-12 22:10:47] [INFO   ] Thread computer-2 starting.
[2022-12-12 22:10:47] [SEVERE ] placing card 21 in slot 0
[2022-12-12 22:10:48] [SEVERE ] placing card 65 in slot 1
[2022-12-12 22:10:48] [SEVERE ] placing card 16 in slot 2
[2022-12-12 22:10:48] [SEVERE ] placing card 15 in slot 3
[2022-12-12 22:10:48] [SEVERE ] placing card 43 in slot 4
[2022-12-12 22:10:48] [SEVERE ] placing card 56 in slot 5
[2022-12-12 22:10:48] [SEVERE ] placing card 59 in slot 6
[2022-12-12 22:10:48] [SEVERE ] placing card 72 in slot 7
[2022-12-12 22:10:48] [SEVERE ] placing card 63 in slot 8
[2022-12-12 22:10:48] [SEVERE ] placing card 75 in slot 9
[2022-12-12 22:10:49] [SEVERE ] placing card 14 in slot 10
[2022-12-12 22:10:49] [SEVERE ] placing card 50 in slot 11
[2022-12-12 22:10:49] [SEVERE ] player 2 placing token on slot 6
[2022-12-12 22:10:49] [SEVERE ] player 2 placing token on slot 7
[2022-12-12 22:10:49] [SEVERE ] player 2 placing token on slot 4
[2022-12-12 22:10:49] [SEVERE ] removing player 2 token from slot 4
[2022-12-12 22:10:49] [SEVERE ] removing player 2 token from slot 6
[2022-12-12 22:10:49] [SEVERE ] removing player 2 token from slot 7
[2022-12-12 22:10:49] [SEVERE ] player 2 placing token on slot 2
[2022-12-12 22:10:49] [SEVERE ] player 2 placing token on slot 11
[2022-12-12 22:10:49] [SEVERE ] player 2 placing token on slot 7
[2022-12-12 22:10:49] [SEVERE ] removing player 2 token from slot 2
[2022-12-12 22:10:49] [SEVERE ] removing player 2 token from slot 7
[2022-12-12 22:10:49] [SEVERE ] removing player 2 token from slot 11
[2022-12-12 22:10:49] [SEVERE ] player 2 placing token on slot 9
[2022-12-12 22:10:49] [SEVERE ] player 2 placing token on slot 1
[2022-12-12 22:10:49] [SEVERE ] player 2 placing token on slot 4
[2022-12-12 22:10:49] [SEVERE ] removing player 2 token from slot 1
[2022-12-12 22:10:49] [SEVERE ] removing player 2 token from slot 4
[2022-12-12 22:10:49] [SEVERE ] removing player 2 token from slot 9
[2022-12-12 22:10:49] [SEVERE ] player 2 placing token on slot 11
[2022-12-12 22:10:49] [SEVERE ] player 2 placing token on slot 8
[2022-12-12 22:10:49] [SEVERE ] player 2 placing token on slot 0
[2022-12-12 22:10:49] [SEVERE ] removing player 2 token from slot 0
[2022-12-12 22:10:49] [SEVERE ] removing player 2 token from slot 8
[2022-12-12 22:10:49] [SEVERE ] removing player 2 token from slot 11
[2022-12-12 22:10:49] [SEVERE ] player 2 placing token on slot 9
[2022-12-12 22:10:49] [SEVERE ] player 2 placing token on slot 0
[2022-12-12 22:10:49] [SEVERE ] player 2 placing token on slot 7
[2022-12-12 22:10:49] [SEVERE ] removing player 2 token from slot 0
[2022-12-12 22:10:49] [SEVERE ] removing player 2 token from slot 7
[2022-12-12 22:10:49] [SEVERE ] removing player 2 token from slot 9
[2022-12-12 22:10:49] [SEVERE ] player 2 placing token on slot 4
[2022-12-12 22:10:49] [SEVERE ] player 2 placing token on slot 11
[2022-12-12 22:10:49] [SEVERE ] player 2 placing token on slot 6
[2022-12-12 22:10:49] [SEVERE ] removing player 2 token from slot 4
[2022-12-12 22:10:49] [SEVERE ] removing player 2 token from slot 6
[2022-12-12 22:10:49] [SEVERE ] removing player 2 token from slot 11
[2022-12-12 22:10:49] [SEVERE ] player 2 placing token on slot 1
[2022-12-12 22:10:49] [SEVERE ] player 2 placing token on slot 0
[2022-12-12 22:10:49] [SEVERE ] player 2 placing token on slot 6
[2022-12-12 22:10:49] [SEVERE ] removing player 2 token from slot 0
[2022-12-12 22:10:49] [SEVERE ] removing player 2 token from slot 1
[2022-12-12 22:10:49] [SEVERE ] removing player 2 token from slot 6
[2022-12-12 22:10:49] [SEVERE ] player 2 placing token on slot 11
[2022-12-12 22:10:49] [SEVERE ] player 2 placing token on slot 7
[2022-12-12 22:10:49] [SEVERE ] player 2 placing token on slot 4
[2022-12-12 22:10:49] [SEVERE ] removing player 2 token from slot 4
[2022-12-12 22:10:49] [SEVERE ] removing player 2 token from slot 7
[2022-12-12 22:10:49] [SEVERE ] removing player 2 token from slot 11
[2022-12-12 22:10:49] [SEVERE ] player 2 placing token on slot 1
[2022-12-12 22:10:49] [SEVERE ] player 2 placing token on slot 0
[2022-12-12 22:10:49] [SEVERE ] player 2 placing token on slot 10
[2022-12-12 22:10:49] [SEVERE ] removing player 2 token from slot 0
[2022-12-12 22:10:49] [SEVERE ] removing player 2 token from slot 1
[2022-12-12 22:10:49] [SEVERE ] removing player 2 token from slot 10
[2022-12-12 22:10:49] [SEVERE ] player 2 placing token on slot 5
[2022-12-12 22:10:49] [SEVERE ] player 2 placing token on slot 7
[2022-12-12 22:10:50] [SEVERE ] player 2 placing token on slot 0
[2022-12-12 22:10:50] [SEVERE ] removing player 2 token from slot 0
[2022-12-12 22:10:50] [SEVERE ] removing player 2 token from slot 5
[2022-12-12 22:10:50] [SEVERE ] removing player 2 token from slot 7
[2022-12-12 22:10:50] [SEVERE ] player 2 placing token on slot 9
[2022-12-12 22:10:50] [SEVERE ] player 2 placing token on slot 6
[2022-12-12 22:10:50] [SEVERE ] player 2 placing token on slot 8
[2022-12-12 22:10:50] [SEVERE ] removing player 2 token from slot 6
[2022-12-12 22:10:50] [SEVERE ] removing player 2 token from slot 8
[2022-12-12 22:10:50] [SEVERE ] removing player 2 token from slot 9
[2022-12-12 22:10:50] [SEVERE ] player 2 placing token on slot 4
[2022-12-12 22:10:50] [SEVERE ] player 2 placing token on slot 0
[2022-12-12 22:10:50] [SEVERE ] player 2 placing token on slot 10
[2022-12-12 22:10:50] [SEVERE ] removing player 2 token from slot 0
[2022-12-12 22:10:50] [SEVERE ] removing player 2 token from slot 4
[2022-12-12 22:10:50] [SEVERE ] removing player 2 token from slot 10
[2022-12-12 22:10:50] [SEVERE ] player 2 placing token on slot 9
[2022-12-12 22:10:50] [SEVERE ] player 2 placing token on slot 11
[2022-12-12 22:10:50] [SEVERE ] player 2 placing token on slot 4
[2022-12-12 22:10:50] [SEVERE ] removing player 2 token from slot 4
[2022-12-12 22:10:50] [SEVERE ] removing player 2 token from slot 9
[2022-12-12 22:10:50] [SEVERE ] removing player 2 token from slot 11
[2022-12-12 22:10:50] [SEVERE ] player 2 placing token on slot 0
[2022-12-12 22:10:50] [SEVERE ] player 2 placing token on slot 10
[2022-12-12 22:10:50] [SEVERE ] player 2 placing token on slot 11
[2022-12-12 22:10:50] [SEVERE ] removing player 2 token from slot 0
[2022-12-12 22:10:50] [SEVERE ] removing player 2 token from slot 10
[2022-12-12 22:10:50] [SEVERE ] removing player 2 token from slot 11
[2022-12-12 22:10:50] [SEVERE ] player 2 placing token on slot 11
[2022-12-12 22:10:50] [SEVERE ] player 2 placing token on slot 1
[2022-12-12 22:10:50] [SEVERE ] player 2 placing token on slot 0
[2022-12-12 22:10:50] [SEVERE ] removing player 2 token from slot 0
[2022-12-12 22:10:50] [SEVERE ] removing player 2 token from slot 1
[2022-12-12 22:10:50] [SEVERE ] removing player 2 token from slot 11
[2022-12-12 22:10:50] [SEVERE ] player 2 placing token on slot 9
[2022-12-12 22:10:50] [SEVERE ] player 2 placing token on slot 3
[2022-12-12 22:10:50] [SEVERE ] player 2 placing token on slot 1
[2022-12-12 22:10:50] [SEVERE ] removing player 2 token from slot 1
[2022-12-12 22:10:50] [SEVERE ] removing player 2 token from slot 3
[2022-12-12 22:10:50] [SEVERE ] removing player 2 token from slot 9
[2022-12-12 22:10:50] [SEVERE ] player 2 placing token on slot 11
[2022-12-12 22:10:50] [SEVERE ] player 2 placing token on slot 3
[2022-12-12 22:10:50] [SEVERE ] player 2 placing token on slot 9
[2022-12-12 22:10:50] [SEVERE ] removing player 2 token from slot 3
[2022-12-12 22:10:50] [SEVERE ] removing player 2 token from slot 9
[2022-12-12 22:10:50] [SEVERE ] removing player 2 token from slot 11
[2022-12-12 22:10:50] [SEVERE ] player 2 placing token on slot 1
[2022-12-12 22:10:50] [SEVERE ] player 2 placing token on slot 5
[2022-12-12 22:10:50] [SEVERE ] player 2 placing token on slot 2
[2022-12-12 22:10:50] [SEVERE ] removing player 2 token from slot 1
[2022-12-12 22:10:50] [SEVERE ] removing player 2 token from slot 2
[2022-12-12 22:10:50] [SEVERE ] removing player 2 token from slot 5
[2022-12-12 22:10:50] [SEVERE ] player 2 placing token on slot 9
[2022-12-12 22:10:50] [SEVERE ] player 2 placing token on slot 11
[2022-12-12 22:10:50] [SEVERE ] player 2 placing token on slot 6
[2022-12-12 22:10:50] [SEVERE ] removing player 2 token from slot 6
[2022-12-12 22:10:50] [SEVERE ] removing player 2 token from slot 9
[2022-12-12 22:10:50] [SEVERE ] removing player 2 token from slot 11
[2022-12-12 22:10:50] [SEVERE ] player 2 placing token on slot 0
[2022-12-12 22:10:50] [SEVERE ] player 2 placing token on slot 2
[2022-12-12 22:10:50] [SEVERE ] player 2 placing token on slot 11
[2022-12-12 22:10:50] [SEVERE ] removing player 2 token from slot 0
[2022-12-12 22:10:50] [SEVERE ] removing player 2 token from slot 2
[2022-12-12 22:10:50] [SEVERE ] removing player 2 token from slot 11
[2022-12-12 22:10:50] [SEVERE ] player 2 placing token on slot 5
[2022-12-12 22:10:50] [SEVERE ] player 2 placing token on slot 8
[2022-12-12 22:10:50] [SEVERE ] player 2 placing token on slot 11
[2022-12-12 22:10:50] [SEVERE ] removing player 2 token from slot 5
[2022-12-12 22:10:50] [SEVERE ] removing player 2 token from slot 8
[2022-12-12 22:10:50] [SEVERE ] removing player 2 token from slot 11
[2022-12-12 22:10:50] [SEVERE ] player 2 placing token on slot 6
[2022-12-12 22:10:51] [SEVERE ] player 2 placing token on slot 0
[2022-12-12 22:10:51] [SEVERE ] player 2 placing token on slot 2
[2022-12-12 22:10:51] [SEVERE ] removing player 2 token from slot 0
[2022-12-12 22:10:51] [SEVERE ] removing player 2 token from slot 2
[2022-12-12 22:10:51] [SEVERE ] removing player 2 token from slot 6
[2022-12-12 22:10:51] [SEVERE ] player 2 placing token on slot 11
[2022-12-12 22:10:51] [SEVERE ] player 2 placing token on slot 1
[2022-12-12 22:10:51] [SEVERE ] player 2 placing token on slot 6
[2022-12-12 22:10:51] [SEVERE ] removing player 2 token from slot 1
[2022-12-12 22:10:51] [SEVERE ] removing player 2 token from slot 6
[2022-12-12 22:10:51] [SEVERE ] removing player 2 token from slot 11
[2022-12-12 22:10:51] [SEVERE ] player 2 placing token on slot 2
[2022-12-12 22:10:51] [SEVERE ] player 2 placing token on slot 4
[2022-12-12 22:10:51] [SEVERE ] player 2 placing token on slot 9
[2022-12-12 22:10:51] [SEVERE ] removing player 2 token from slot 2
[2022-12-12 22:10:51] [SEVERE ] removing player 2 token from slot 4
[2022-12-12 22:10:51] [SEVERE ] removing player 2 token from slot 9
[2022-12-12 22:10:51] [SEVERE ] player 2 placing token on slot 0
[2022-12-12 22:10:51] [SEVERE ] player 2 placing token on slot 3
[2022-12-12 22:10:51] [SEVERE ] player 2 placing token on slot 5
[2022-12-12 22:10:51] [SEVERE ] removing player 2 token from slot 0
[2022-12-12 22:10:51] [SEVERE ] removing player 2 token from slot 3
[2022-12-12 22:10:51] [SEVERE ] removing player 2 token from slot 5
[2022-12-12 22:10:51] [SEVERE ] player 2 placing token on slot 11
[2022-12-12 22:10:51] [SEVERE ] player 2 placing token on slot 10
[2022-12-12 22:10:51] [SEVERE ] player 2 placing token on slot 7
[2022-12-12 22:10:51] [SEVERE ] removing player 2 token from slot 7
[2022-12-12 22:10:51] [SEVERE ] removing player 2 token from slot 10
[2022-12-12 22:10:51] [SEVERE ] removing player 2 token from slot 11
[2022-12-12 22:10:51] [SEVERE ] player 2 placing token on slot 3
[2022-12-12 22:10:51] [SEVERE ] player 2 placing token on slot 2
[2022-12-12 22:10:51] [SEVERE ] player 2 placing token on slot 4
[2022-12-12 22:10:51] [SEVERE ] removing player 2 token from slot 2
[2022-12-12 22:10:51] [SEVERE ] removing player 2 token from slot 3
[2022-12-12 22:10:51] [SEVERE ] removing player 2 token from slot 4
[2022-12-12 22:10:51] [SEVERE ] player 2 placing token on slot 1
[2022-12-12 22:10:51] [SEVERE ] player 2 placing token on slot 8
[2022-12-12 22:10:51] [SEVERE ] player 2 placing token on slot 0
[2022-12-12 22:10:51] [SEVERE ] removing player 2 token from slot 0
[2022-12-12 22:10:51] [SEVERE ] removing player 2 token from slot 1
[2022-12-12 22:10:51] [SEVERE ] removing player 2 token from slot 8
[2022-12-12 22:10:51] [SEVERE ] player 2 placing token on slot 6
[2022-12-12 22:10:51] [SEVERE ] player 2 placing token on slot 3
[2022-12-12 22:10:51] [SEVERE ] player 2 placing token on slot 7
[2022-12-12 22:10:51] [SEVERE ] removing player 2 token from slot 3
[2022-12-12 22:10:51] [SEVERE ] removing player 2 token from slot 6
[2022-12-12 22:10:51] [SEVERE ] removing player 2 token from slot 7
[2022-12-12 22:10:51] [SEVERE ] player 2 placing token on slot 9
[2022-12-12 22:10:51] [SEVERE ] player 2 placing token on slot 10
[2022-12-12 22:10:51] [SEVERE ] player 2 placing token on slot 5
[2022-12-12 22:10:51] [SEVERE ] removing player 2 token from slot 5
[2022-12-12 22:10:51] [SEVERE ] removing player 2 token from slot 9
[2022-12-12 22:10:51] [SEVERE ] removing player 2 token from slot 10
[2022-12-12 22:10:51] [SEVERE ] player 2 placing token on slot 3
[2022-12-12 22:10:51] [SEVERE ] player 2 placing token on slot 7
[2022-12-12 22:10:51] [SEVERE ] player 2 placing token on slot 6
[2022-12-12 22:10:51] [SEVERE ] removing player 2 token from slot 3
[2022-12-12 22:10:51] [SEVERE ] removing player 2 token from slot 6
[2022-12-12 22:10:51] [SEVERE ] removing player 2 token from slot 7
[2022-12-12 22:10:51] [SEVERE ] player 2 placing token on slot 4
[2022-12-12 22:10:51] [SEVERE ] player 2 placing token on slot 2
[2022-12-12 22:10:51] [SEVERE ] player 2 placing token on slot 7
[2022-12-12 22:10:51] [SEVERE ] removing player 2 token from slot 2
[2022-12-12 22:10:51] [SEVERE ] removing player 2 token from slot 4
[2022-12-12 22:10:51] [SEVERE ] removing player 2 token from slot 7
[2022-12-12 22:10:51] [SEVERE ] player 2 placing token on slot 6
[2022-12-12 22:10:51] [SEVERE ] player 2 placing token on slot 11
[2022-12-12 22:10:51] [SEVERE ] player 2 placing token on slot 8
[2022-12-12 22:10:51] [SEVERE ] removing player 2 token from slot 6
[2022-12-12 22:10:51] [SEVERE ] removing player 2 token from slot 8
[2022-12-12 22:10:51] [SEVERE ] removing player 2 token from slot 11
[2022-12-12 22:10:51] [SEVERE ] player 2 placing token on slot 10
[2022-12-12 22:10:52] [SEVERE ] player 2 placing token on slot 5
[2022-12-12 22:10:52] [SEVERE ] player 2 placing token on slot 7
[2022-12-12 22:10:52] [SEVERE ] removing player 2 token from slot 5
[2022-12-12 22:10:52] [SEVERE ] removing player 2 token from slot 7
[2022-12-12 22:10:52] [SEVERE ] removing player 2 token from slot 10
[2022-12-12 22:10:52] [SEVERE ] player 2 placing token on slot 11
[2022-12-12 22:10:52] [SEVERE ] player 2 placing token on slot 5
[2022-12-12 22:10:52] [SEVERE ] player 2 placing token on slot 6
[2022-12-12 22:10:52] [SEVERE ] removing player 2 token from slot 5
[2022-12-12 22:10:52] [SEVERE ] removing player 2 token from slot 6
[2022-12-12 22:10:52] [SEVERE ] removing player 2 token from slot 11
[2022-12-12 22:10:52] [SEVERE ] player 2 placing token on slot 3
[2022-12-12 22:10:52] [SEVERE ] player 2 placing token on slot 5
[2022-12-12 22:10:52] [SEVERE ] player 2 placing token on slot 2
[2022-12-12 22:10:52] [SEVERE ] removing player 2 token from slot 2
[2022-12-12 22:10:52] [SEVERE ] removing player 2 token from slot 3
[2022-12-12 22:10:52] [SEVERE ] removing player 2 token from slot 5
[2022-12-12 22:10:52] [SEVERE ] player 2 placing token on slot 5
[2022-12-12 22:10:52] [SEVERE ] player 2 placing token on slot 6
[2022-12-12 22:10:52] [SEVERE ] player 2 placing token on slot 8
[2022-12-12 22:10:52] [SEVERE ] removing player 2 token from slot 5
[2022-12-12 22:10:52] [SEVERE ] removing player 2 token from slot 6
[2022-12-12 22:10:52] [SEVERE ] removing player 2 token from slot 8
[2022-12-12 22:10:52] [SEVERE ] player 2 placing token on slot 10
[2022-12-12 22:10:52] [SEVERE ] player 2 placing token on slot 4
[2022-12-12 22:10:52] [SEVERE ] player 2 placing token on slot 2
[2022-12-12 22:10:52] [SEVERE ] removing player 2 token from slot 2
[2022-12-12 22:10:52] [SEVERE ] removing player 2 token from slot 4
[2022-12-12 22:10:52] [SEVERE ] removing player 2 token from slot 10
[2022-12-12 22:10:52] [SEVERE ] player 2 placing token on slot 10
[2022-12-12 22:10:52] [SEVERE ] player 2 placing token on slot 3
[2022-12-12 22:10:52] [SEVERE ] player 2 placing token on slot 4
[2022-12-12 22:10:52] [SEVERE ] removing player 2 token from slot 3
[2022-12-12 22:10:52] [SEVERE ] removing player 2 token from slot 4
[2022-12-12 22:10:52] [SEVERE ] removing player 2 token from slot 10
[2022-12-12 22:10:52] [SEVERE ] player 2 placing token on slot 9
[2022-12-12 22:10:52] [SEVERE ] player 2 placing token on slot 7
[2022-12-12 22:10:52] [SEVERE ] player 2 placing token on slot 6
[2022-12-12 22:10:52] [SEVERE ] removing player 2 token from slot 6
[2022-12-12 22:10:52] [SEVERE ] removing player 2 token from slot 7
[2022-12-12 22:10:52] [SEVERE ] removing player 2 token from slot 9
[2022-12-12 22:10:52] [SEVERE ] player 2 placing token on slot 11
[2022-12-12 22:10:52] [SEVERE ] player 2 placing token on slot 2
[2022-12-12 22:10:52] [SEVERE ] player 2 placing token on slot 10
[2022-12-12 22:10:52] [SEVERE ] removing player 2 token from slot 2
[2022-12-12 22:10:52] [SEVERE ] removing player 2 token from slot 10
[2022-12-12 22:10:52] [SEVERE ] removing player 2 token from slot 11
[2022-12-12 22:10:52] [SEVERE ] player 2 placing token on slot 3
[2022-12-12 22:10:52] [SEVERE ] player 2 placing token on slot 11
[2022-12-12 22:10:52] [SEVERE ] player 2 placing token on slot 8
[2022-12-12 22:10:52] [SEVERE ] removing player 2 token from slot 3
[2022-12-12 22:10:52] [SEVERE ] removing player 2 token from slot 8
[2022-12-12 22:10:52] [SEVERE ] removing player 2 token from slot 11
[2022-12-12 22:10:52] [SEVERE ] player 2 placing token on slot 6
[2022-12-12 22:10:52] [SEVERE ] player 2 placing token on slot 9
[2022-12-12 22:10:52] [SEVERE ] player 2 placing token on slot 3
[2022-12-12 22:10:52] [SEVERE ] removing player 2 token from slot 3
[2022-12-12 22:10:52] [SEVERE ] removing player 2 token from slot 6
[2022-12-12 22:10:52] [SEVERE ] removing player 2 token from slot 9
[2022-12-12 22:10:52] [SEVERE ] player 2 placing token on slot 2
[2022-12-12 22:10:52] [SEVERE ] player 2 placing token on slot 5
[2022-12-12 22:10:52] [SEVERE ] player 2 placing token on slot 3
[2022-12-12 22:10:52] [SEVERE ] removing player 2 token from slot 2
[2022-12-12 22:10:52] [SEVERE ] removing player 2 token from slot 3
[2022-12-12 22:10:52] [SEVERE ] removing player 2 token from slot 5
[2022-12-12 22:10:52] [SEVERE ] player 2 placing token on slot 4
[2022-12-12 22:10:52] [SEVERE ] player 2 placing token on slot 2
[2022-12-12 22:10:53] [SEVERE ] player 2 placing token on slot 8
[2022-12-12 22:10:53] [SEVERE ] removing player 2 token from slot 2
[2022-12-12 22:10:53] [SEVERE ] removing player 2 token from slot 4
[2022-12-12 22:10:53] [SEVERE ] removing player 2 token from slot 8
[2022-12-12 22:10:53] [SEVERE ] player 2 placing token on slot 6
[2022-12-12 22:10:53] [SEVERE ] player 2 placing token on slot 9
[2022-12-12 22:10:53] [SEVERE ] player 2 placing token on slot 7
[2022-12-12 22:10:53] [SEVERE ] removing player 2 token from slot 6
[2022-12-12 22:10:53] [SEVERE ] removing player 2 token from slot 7
[2022-12-12 22:10:53] [SEVERE ] removing player 2 token from slot 9
[2022-12-12 22:10:53] [SEVERE ] player 2 placing token on slot 11
[2022-12-12 22:10:53] [SEVERE ] player 2 placing token on slot 2
[2022-12-12 22:10:53] [SEVERE ] player 2 placing token on slot 1
[2022-12-12 22:10:53] [SEVERE ] removing player 2 token from slot 1
[2022-12-12 22:10:53] [SEVERE ] removing player 2 token from slot 2
[2022-12-12 22:10:53] [SEVERE ] removing player 2 token from slot 11
[2022-12-12 22:10:53] [SEVERE ] player 2 placing token on slot 11
[2022-12-12 22:10:53] [SEVERE ] player 2 placing token on slot 6
[2022-12-12 22:10:53] [SEVERE ] player 2 placing token on slot 9
[2022-12-12 22:10:53] [SEVERE ] removing player 2 token from slot 6
[2022-12-12 22:10:53] [SEVERE ] removing player 2 token from slot 9
[2022-12-12 22:10:53] [SEVERE ] removing player 2 token from slot 11
[2022-12-12 22:10:53] [SEVERE ] player 2 placing token on slot 3
[2022-12-12 22:10:53] [SEVERE ] player 2 placing token on slot 11
[2022-12-12 22:10:53] [SEVERE ] player 2 placing token on slot 9
[2022-12-12 22:10:53] [SEVERE ] removing player 2 token from slot 3
[2022-12-12 22:10:53] [SEVERE ] removing player 2 token from slot 9
[2022-12-12 22:10:53] [SEVERE ] removing player 2 token from slot 11
[2022-12-12 22:10:53] [SEVERE ] player 2 placing token on slot 10
[2022-12-12 22:10:53] [SEVERE ] player 2 placing token on slot 0
[2022-12-12 22:10:53] [SEVERE ] player 2 placing token on slot 6
[2022-12-12 22:10:53] [SEVERE ] removing player 2 token from slot 0
[2022-12-12 22:10:53] [SEVERE ] removing player 2 token from slot 6
[2022-12-12 22:10:53] [SEVERE ] removing player 2 token from slot 10
[2022-12-12 22:10:53] [SEVERE ] player 2 placing token on slot 0
[2022-12-12 22:10:53] [SEVERE ] player 2 placing token on slot 6
[2022-12-12 22:10:53] [SEVERE ] player 2 placing token on slot 8
[2022-12-12 22:10:53] [SEVERE ] removing player 2 token from slot 0
[2022-12-12 22:10:53] [SEVERE ] removing player 2 token from slot 6
[2022-12-12 22:10:53] [SEVERE ] removing player 2 token from slot 8
[2022-12-12 22:10:53] [SEVERE ] player 2 placing token on slot 10
[2022-12-12 22:10:53] [SEVERE ] player 2 placing token on slot 7
[2022-12-12 22:10:53] [SEVERE ] player 2 placing token on slot 0
[2022-12-12 22:10:53] [SEVERE ] removing player 2 token from slot 0
[2022-12-12 22:10:53] [SEVERE ] removing player 2 token from slot 7
[2022-12-12 22:10:53] [SEVERE ] removing player 2 token from slot 10
[2022-12-12 22:10:53] [SEVERE ] player 2 placing token on slot 10
[2022-12-12 22:10:53] [SEVERE ] player 2 placing token on slot 4
[2022-12-12 22:10:53] [SEVERE ] player 2 placing token on slot 5
[2022-12-12 22:10:53] [SEVERE ] removing player 2 token from slot 4
[2022-12-12 22:10:53] [SEVERE ] removing player 2 token from slot 5
[2022-12-12 22:10:53] [SEVERE ] removing player 2 token from slot 10
[2022-12-12 22:10:53] [SEVERE ] player 2 placing token on slot 2
[2022-12-12 22:10:53] [SEVERE ] player 2 placing token on slot 8
[2022-12-12 22:10:53] [SEVERE ] player 2 placing token on slot 11
[2022-12-12 22:10:53] [SEVERE ] removing player 2 token from slot 2
[2022-12-12 22:10:53] [SEVERE ] removing player 2 token from slot 8
[2022-12-12 22:10:53] [SEVERE ] removing player 2 token from slot 11
[2022-12-12 22:10:53] [SEVERE ] player 2 placing token on slot 8
[2022-12-12 22:10:53] [SEVERE ] player 2 placing token on slot 10
[2022-12-12 22:10:53] [SEVERE ] player 2 placing token on slot 4
[2022-12-12 22:10:54] [SEVERE ] removing tokens from slot 4
[2022-12-12 22:10:54] [SEVERE ] removing card from slot 4
[2022-12-12 22:10:54] [SEVERE ] removing tokens from slot 8
[2022-12-12 22:10:54] [SEVERE ] removing card from slot 8
[2022-12-12 22:10:54] [SEVERE ] removing tokens from slot 10
[2022-12-12 22:10:54] [SEVERE ] removing card from slot 10
[2022-12-12 22:10:54] [SEVERE ] setting player 2 score to 1
[2022-12-12 22:10:54] [SEVERE ] player 2 placing token on slot 11
[2022-12-12 22:10:54] [SEVERE ] player 2 placing token on slot 7
[2022-12-12 22:10:54] [SEVERE ] placing card 71 in slot 4
[2022-12-12 22:10:54] [SEVERE ] player 2 placing token on slot 5
[2022-12-12 22:10:54] [SEVERE ] placing card 0 in slot 8
[2022-12-12 22:10:54] [SEVERE ] placing card 41 in slot 10
