[2022-12-13 00:38:59] [INFO   ] cannot read configuration file config.properties trying from resources.
[2022-12-13 00:38:59] [INFO   ] configuration file was loaded from resources directory.
[2022-12-13 00:38:59] [INFO   ] Thread Thread-0starting.
[2022-12-13 00:38:59] [INFO   ] Thread Thread-3starting.
[2022-12-13 00:38:59] [INFO   ] Thread Thread-2starting.
[2022-12-13 00:38:59] [INFO   ] Thread dealer starting.
[2022-12-13 00:38:59] [INFO   ] Thread Thread-1starting.
[2022-12-13 00:38:59] [INFO   ] Thread computer-3 starting.
[2022-12-13 00:38:59] [INFO   ] Thread computer-2 starting.
[2022-12-13 00:38:59] [SEVERE ] placing card 75 in slot 0
[2022-12-13 00:38:59] [SEVERE ] placing card 79 in slot 1
[2022-12-13 00:39:00] [SEVERE ] placing card 39 in slot 2
[2022-12-13 00:39:00] [SEVERE ] placing card 23 in slot 3
[2022-12-13 00:39:00] [SEVERE ] placing card 73 in slot 4
[2022-12-13 00:39:00] [SEVERE ] placing card 36 in slot 5
[2022-12-13 00:39:00] [SEVERE ] placing card 18 in slot 6
[2022-12-13 00:39:00] [SEVERE ] placing card 58 in slot 7
[2022-12-13 00:39:00] [SEVERE ] placing card 66 in slot 8
[2022-12-13 00:39:00] [SEVERE ] placing card 63 in slot 9
[2022-12-13 00:39:00] [SEVERE ] placing card 0 in slot 10
[2022-12-13 00:39:01] [SEVERE ] placing card 78 in slot 11
[2022-12-13 00:39:01] [SEVERE ] player 2 placing token on slot 2
[2022-12-13 00:39:01] [SEVERE ] player 3 placing token on slot 4
[2022-12-13 00:39:01] [SEVERE ] player 3 placing token on slot 5
[2022-12-13 00:39:01] [SEVERE ] player 2 placing token on slot 9
[2022-12-13 00:39:01] [SEVERE ] player 2 placing token on slot 7
[2022-12-13 00:39:01] [SEVERE ] removing player 2 token from slot 2
[2022-12-13 00:39:01] [SEVERE ] removing player 2 token from slot 7
[2022-12-13 00:39:01] [SEVERE ] removing player 2 token from slot 9
[2022-12-13 00:39:01] [SEVERE ] player 3 placing token on slot 0
[2022-12-13 00:39:01] [SEVERE ] removing player 3 token from slot 0
[2022-12-13 00:39:01] [SEVERE ] removing player 3 token from slot 4
[2022-12-13 00:39:01] [SEVERE ] removing player 3 token from slot 5
[2022-12-13 00:39:01] [SEVERE ] player 3 placing token on slot 0
[2022-12-13 00:39:01] [SEVERE ] player 2 placing token on slot 3
[2022-12-13 00:39:01] [SEVERE ] player 3 placing token on slot 8
[2022-12-13 00:39:01] [SEVERE ] player 2 placing token on slot 6
[2022-12-13 00:39:01] [SEVERE ] player 2 placing token on slot 0
[2022-12-13 00:39:01] [SEVERE ] removing player 2 token from slot 0
[2022-12-13 00:39:01] [SEVERE ] removing player 2 token from slot 3
[2022-12-13 00:39:01] [SEVERE ] removing player 2 token from slot 6
[2022-12-13 00:39:01] [SEVERE ] player 3 placing token on slot 2
[2022-12-13 00:39:01] [SEVERE ] removing player 3 token from slot 0
[2022-12-13 00:39:01] [SEVERE ] removing player 3 token from slot 2
[2022-12-13 00:39:01] [SEVERE ] removing player 3 token from slot 8
[2022-12-13 00:39:01] [SEVERE ] player 2 placing token on slot 1
[2022-12-13 00:39:01] [SEVERE ] player 3 placing token on slot 11
[2022-12-13 00:39:01] [SEVERE ] player 2 placing token on slot 4
[2022-12-13 00:39:01] [SEVERE ] player 3 placing token on slot 4
[2022-12-13 00:39:01] [SEVERE ] player 2 placing token on slot 6
[2022-12-13 00:39:01] [SEVERE ] removing player 2 token from slot 1
[2022-12-13 00:39:01] [SEVERE ] removing player 2 token from slot 4
[2022-12-13 00:39:01] [SEVERE ] removing player 2 token from slot 6
[2022-12-13 00:39:01] [SEVERE ] player 3 placing token on slot 2
[2022-12-13 00:39:01] [SEVERE ] removing player 3 token from slot 2
[2022-12-13 00:39:01] [SEVERE ] removing player 3 token from slot 4
[2022-12-13 00:39:01] [SEVERE ] removing player 3 token from slot 11
[2022-12-13 00:39:01] [SEVERE ] player 2 placing token on slot 9
[2022-12-13 00:39:01] [SEVERE ] player 3 placing token on slot 7
[2022-12-13 00:39:01] [SEVERE ] player 2 placing token on slot 7
[2022-12-13 00:39:01] [SEVERE ] player 3 placing token on slot 6
[2022-12-13 00:39:01] [SEVERE ] player 2 placing token on slot 4
[2022-12-13 00:39:01] [SEVERE ] removing player 2 token from slot 4
[2022-12-13 00:39:01] [SEVERE ] removing player 2 token from slot 7
[2022-12-13 00:39:01] [SEVERE ] removing player 2 token from slot 9
[2022-12-13 00:39:01] [SEVERE ] player 2 placing token on slot 1
[2022-12-13 00:39:01] [SEVERE ] player 3 placing token on slot 3
[2022-12-13 00:39:01] [SEVERE ] removing player 3 token from slot 3
[2022-12-13 00:39:01] [SEVERE ] removing player 3 token from slot 6
[2022-12-13 00:39:01] [SEVERE ] removing player 3 token from slot 7
[2022-12-13 00:39:01] [SEVERE ] player 2 placing token on slot 5
[2022-12-13 00:39:01] [SEVERE ] player 3 placing token on slot 9
[2022-12-13 00:39:01] [SEVERE ] player 2 placing token on slot 0
[2022-12-13 00:39:01] [SEVERE ] removing player 2 token from slot 0
[2022-12-13 00:39:01] [SEVERE ] removing player 2 token from slot 1
[2022-12-13 00:39:01] [SEVERE ] removing player 2 token from slot 5
[2022-12-13 00:39:01] [SEVERE ] player 3 placing token on slot 5
[2022-12-13 00:39:01] [SEVERE ] player 2 placing token on slot 1
[2022-12-13 00:39:01] [SEVERE ] player 3 placing token on slot 2
[2022-12-13 00:39:01] [SEVERE ] removing player 3 token from slot 2
[2022-12-13 00:39:01] [SEVERE ] removing player 3 token from slot 5
[2022-12-13 00:39:01] [SEVERE ] removing player 3 token from slot 9
[2022-12-13 00:39:01] [SEVERE ] player 3 placing token on slot 7
[2022-12-13 00:39:01] [SEVERE ] player 2 placing token on slot 10
[2022-12-13 00:39:01] [SEVERE ] player 2 placing token on slot 3
[2022-12-13 00:39:01] [SEVERE ] removing player 2 token from slot 1
[2022-12-13 00:39:01] [SEVERE ] removing player 2 token from slot 3
[2022-12-13 00:39:01] [SEVERE ] removing player 2 token from slot 10
[2022-12-13 00:39:01] [SEVERE ] player 3 placing token on slot 6
[2022-12-13 00:39:01] [SEVERE ] player 2 placing token on slot 8
[2022-12-13 00:39:01] [SEVERE ] player 3 placing token on slot 10
[2022-12-13 00:39:01] [SEVERE ] removing player 3 token from slot 6
[2022-12-13 00:39:01] [SEVERE ] removing player 3 token from slot 7
[2022-12-13 00:39:01] [SEVERE ] removing player 3 token from slot 10
[2022-12-13 00:39:01] [SEVERE ] player 2 placing token on slot 9
[2022-12-13 00:39:01] [SEVERE ] player 2 placing token on slot 7
[2022-12-13 00:39:01] [SEVERE ] removing player 2 token from slot 7
[2022-12-13 00:39:01] [SEVERE ] removing player 2 token from slot 8
[2022-12-13 00:39:01] [SEVERE ] removing player 2 token from slot 9
[2022-12-13 00:39:01] [SEVERE ] player 3 placing token on slot 4
[2022-12-13 00:39:01] [SEVERE ] player 2 placing token on slot 1
[2022-12-13 00:39:01] [SEVERE ] player 3 placing token on slot 10
[2022-12-13 00:39:01] [SEVERE ] player 2 placing token on slot 11
[2022-12-13 00:39:01] [SEVERE ] player 2 placing token on slot 9
[2022-12-13 00:39:01] [SEVERE ] player 3 placing token on slot 3
[2022-12-13 00:39:01] [SEVERE ] removing player 2 token from slot 1
[2022-12-13 00:39:01] [SEVERE ] removing player 2 token from slot 9
[2022-12-13 00:39:01] [SEVERE ] removing player 2 token from slot 11
[2022-12-13 00:39:01] [SEVERE ] removing player 3 token from slot 3
[2022-12-13 00:39:01] [SEVERE ] removing player 3 token from slot 4
[2022-12-13 00:39:01] [SEVERE ] removing player 3 token from slot 10
[2022-12-13 00:39:01] [SEVERE ] player 3 placing token on slot 9
[2022-12-13 00:39:01] [SEVERE ] player 2 placing token on slot 7
[2022-12-13 00:39:01] [SEVERE ] player 3 placing token on slot 2
[2022-12-13 00:39:01] [SEVERE ] player 2 placing token on slot 1
[2022-12-13 00:39:01] [SEVERE ] player 3 placing token on slot 6
[2022-12-13 00:39:01] [SEVERE ] removing player 3 token from slot 2
[2022-12-13 00:39:01] [SEVERE ] removing player 3 token from slot 6
[2022-12-13 00:39:01] [SEVERE ] removing player 3 token from slot 9
[2022-12-13 00:39:01] [SEVERE ] player 2 placing token on slot 4
[2022-12-13 00:39:01] [SEVERE ] removing player 2 token from slot 1
[2022-12-13 00:39:01] [SEVERE ] removing player 2 token from slot 4
[2022-12-13 00:39:01] [SEVERE ] removing player 2 token from slot 7
[2022-12-13 00:39:01] [SEVERE ] player 3 placing token on slot 1
[2022-12-13 00:39:01] [SEVERE ] player 2 placing token on slot 10
[2022-12-13 00:39:01] [SEVERE ] player 3 placing token on slot 5
[2022-12-13 00:39:01] [SEVERE ] player 2 placing token on slot 11
[2022-12-13 00:39:01] [SEVERE ] player 3 placing token on slot 6
[2022-12-13 00:39:01] [SEVERE ] removing player 3 token from slot 1
[2022-12-13 00:39:01] [SEVERE ] removing player 3 token from slot 5
[2022-12-13 00:39:01] [SEVERE ] removing player 3 token from slot 6
[2022-12-13 00:39:01] [SEVERE ] player 2 placing token on slot 6
[2022-12-13 00:39:01] [SEVERE ] removing player 2 token from slot 6
[2022-12-13 00:39:01] [SEVERE ] removing player 2 token from slot 10
[2022-12-13 00:39:01] [SEVERE ] removing player 2 token from slot 11
[2022-12-13 00:39:01] [SEVERE ] player 3 placing token on slot 11
[2022-12-13 00:39:02] [SEVERE ] player 2 placing token on slot 7
[2022-12-13 00:39:02] [SEVERE ] player 3 placing token on slot 6
[2022-12-13 00:39:02] [SEVERE ] player 2 placing token on slot 0
[2022-12-13 00:39:02] [SEVERE ] player 3 placing token on slot 5
[2022-12-13 00:39:02] [SEVERE ] removing player 3 token from slot 5
[2022-12-13 00:39:02] [SEVERE ] removing player 3 token from slot 6
[2022-12-13 00:39:02] [SEVERE ] removing player 3 token from slot 11
[2022-12-13 00:39:02] [SEVERE ] player 2 placing token on slot 6
[2022-12-13 00:39:02] [SEVERE ] removing player 2 token from slot 0
[2022-12-13 00:39:02] [SEVERE ] removing player 2 token from slot 6
[2022-12-13 00:39:02] [SEVERE ] removing player 2 token from slot 7
[2022-12-13 00:39:02] [SEVERE ] player 3 placing token on slot 6
[2022-12-13 00:39:02] [SEVERE ] player 2 placing token on slot 1
[2022-12-13 00:39:02] [SEVERE ] player 3 placing token on slot 2
[2022-12-13 00:39:02] [SEVERE ] player 2 placing token on slot 3
[2022-12-13 00:39:02] [SEVERE ] player 3 placing token on slot 8
[2022-12-13 00:39:02] [SEVERE ] removing player 3 token from slot 2
[2022-12-13 00:39:02] [SEVERE ] removing player 3 token from slot 6
[2022-12-13 00:39:02] [SEVERE ] removing player 3 token from slot 8
[2022-12-13 00:39:02] [SEVERE ] player 3 placing token on slot 1
[2022-12-13 00:39:02] [SEVERE ] player 2 placing token on slot 0
[2022-12-13 00:39:02] [SEVERE ] removing player 2 token from slot 0
[2022-12-13 00:39:02] [SEVERE ] removing player 2 token from slot 1
[2022-12-13 00:39:02] [SEVERE ] removing player 2 token from slot 3
[2022-12-13 00:39:02] [SEVERE ] player 3 placing token on slot 2
[2022-12-13 00:39:02] [SEVERE ] player 2 placing token on slot 2
[2022-12-13 00:39:02] [SEVERE ] player 3 placing token on slot 7
[2022-12-13 00:39:02] [SEVERE ] removing player 3 token from slot 1
[2022-12-13 00:39:02] [SEVERE ] removing player 3 token from slot 2
[2022-12-13 00:39:02] [SEVERE ] removing player 3 token from slot 7
[2022-12-13 00:39:02] [SEVERE ] player 2 placing token on slot 11
[2022-12-13 00:39:02] [SEVERE ] player 3 placing token on slot 1
[2022-12-13 00:39:02] [SEVERE ] player 3 placing token on slot 0
[2022-12-13 00:39:02] [SEVERE ] player 2 placing token on slot 10
[2022-12-13 00:39:02] [SEVERE ] player 3 placing token on slot 6
[2022-12-13 00:39:02] [SEVERE ] removing tokens from slot 2
[2022-12-13 00:39:02] [SEVERE ] removing card from slot 2
[2022-12-13 00:39:02] [SEVERE ] removing tokens from slot 10
[2022-12-13 00:39:02] [SEVERE ] removing card from slot 10
[2022-12-13 00:39:02] [SEVERE ] removing tokens from slot 11
[2022-12-13 00:39:02] [SEVERE ] removing card from slot 11
[2022-12-13 00:39:02] [SEVERE ] placing card 2 in slot 2
[2022-12-13 00:39:02] [SEVERE ] placing card 7 in slot 10
[2022-12-13 00:39:02] [SEVERE ] placing card 80 in slot 11
[2022-12-13 00:39:02] [SEVERE ] setting player 3 score to 1
[2022-12-13 00:39:02] [SEVERE ] removing player 3 token from slot 0
[2022-12-13 00:39:02] [SEVERE ] removing player 3 token from slot 1
[2022-12-13 00:39:02] [SEVERE ] removing player 3 token from slot 6
[2022-12-13 00:39:02] [SEVERE ] player 3 placing token on slot 2
[2022-12-13 00:39:02] [SEVERE ] player 3 placing token on slot 0
[2022-12-13 00:39:02] [SEVERE ] player 3 placing token on slot 10
[2022-12-13 00:39:02] [SEVERE ] removing player 3 token from slot 0
[2022-12-13 00:39:02] [SEVERE ] removing player 3 token from slot 2
[2022-12-13 00:39:02] [SEVERE ] removing player 3 token from slot 10
[2022-12-13 00:39:02] [SEVERE ] player 3 placing token on slot 5
[2022-12-13 00:39:03] [SEVERE ] player 3 placing token on slot 6
[2022-12-13 00:39:03] [SEVERE ] player 3 placing token on slot 7
[2022-12-13 00:39:03] [SEVERE ] removing player 3 token from slot 5
[2022-12-13 00:39:03] [SEVERE ] removing player 3 token from slot 6
[2022-12-13 00:39:03] [SEVERE ] removing player 3 token from slot 7
[2022-12-13 00:39:03] [SEVERE ] player 3 placing token on slot 4
[2022-12-13 00:39:03] [SEVERE ] player 3 placing token on slot 3
[2022-12-13 00:39:03] [SEVERE ] player 3 placing token on slot 7
[2022-12-13 00:39:03] [SEVERE ] removing player 3 token from slot 3
[2022-12-13 00:39:03] [SEVERE ] removing player 3 token from slot 4
[2022-12-13 00:39:03] [SEVERE ] removing player 3 token from slot 7
[2022-12-13 00:39:03] [SEVERE ] player 3 placing token on slot 8
[2022-12-13 00:39:03] [SEVERE ] player 3 placing token on slot 3
[2022-12-13 00:39:03] [SEVERE ] player 3 placing token on slot 2
[2022-12-13 00:39:03] [SEVERE ] removing player 3 token from slot 2
[2022-12-13 00:39:03] [SEVERE ] removing player 3 token from slot 3
[2022-12-13 00:39:03] [SEVERE ] removing player 3 token from slot 8
[2022-12-13 00:39:03] [SEVERE ] player 3 placing token on slot 4
[2022-12-13 00:39:03] [SEVERE ] player 3 placing token on slot 8
[2022-12-13 00:39:03] [SEVERE ] player 3 placing token on slot 11
[2022-12-13 00:39:03] [SEVERE ] removing player 3 token from slot 4
[2022-12-13 00:39:03] [SEVERE ] removing player 3 token from slot 8
[2022-12-13 00:39:03] [SEVERE ] removing player 3 token from slot 11
[2022-12-13 00:39:03] [SEVERE ] player 3 placing token on slot 2
[2022-12-13 00:39:03] [SEVERE ] player 3 placing token on slot 11
[2022-12-13 00:39:03] [SEVERE ] player 3 placing token on slot 6
[2022-12-13 00:39:03] [SEVERE ] removing player 3 token from slot 2
[2022-12-13 00:39:03] [SEVERE ] removing player 3 token from slot 6
[2022-12-13 00:39:03] [SEVERE ] removing player 3 token from slot 11
[2022-12-13 00:39:03] [SEVERE ] player 3 placing token on slot 6
[2022-12-13 00:39:03] [SEVERE ] player 3 placing token on slot 3
[2022-12-13 00:39:03] [SEVERE ] player 3 placing token on slot 5
[2022-12-13 00:39:03] [SEVERE ] removing player 3 token from slot 3
[2022-12-13 00:39:03] [SEVERE ] removing player 3 token from slot 5
[2022-12-13 00:39:03] [SEVERE ] removing player 3 token from slot 6
[2022-12-13 00:39:03] [SEVERE ] player 3 placing token on slot 1
[2022-12-13 00:39:03] [SEVERE ] player 3 placing token on slot 3
[2022-12-13 00:39:03] [SEVERE ] player 3 placing token on slot 8
[2022-12-13 00:39:03] [SEVERE ] removing player 3 token from slot 1
[2022-12-13 00:39:03] [SEVERE ] removing player 3 token from slot 3
[2022-12-13 00:39:03] [SEVERE ] removing player 3 token from slot 8
[2022-12-13 00:39:03] [SEVERE ] player 3 placing token on slot 8
[2022-12-13 00:39:03] [SEVERE ] player 3 placing token on slot 0
[2022-12-13 00:39:03] [SEVERE ] player 3 placing token on slot 2
[2022-12-13 00:39:03] [SEVERE ] removing player 3 token from slot 0
[2022-12-13 00:39:03] [SEVERE ] removing player 3 token from slot 2
[2022-12-13 00:39:03] [SEVERE ] removing player 3 token from slot 8
[2022-12-13 00:39:03] [SEVERE ] player 3 placing token on slot 1
[2022-12-13 00:39:03] [SEVERE ] player 3 placing token on slot 2
[2022-12-13 00:39:03] [SEVERE ] player 3 placing token on slot 4
[2022-12-13 00:39:03] [SEVERE ] removing player 3 token from slot 1
[2022-12-13 00:39:03] [SEVERE ] removing player 3 token from slot 2
[2022-12-13 00:39:03] [SEVERE ] removing player 3 token from slot 4
[2022-12-13 00:39:03] [SEVERE ] player 3 placing token on slot 8
[2022-12-13 00:39:03] [SEVERE ] player 3 placing token on slot 10
[2022-12-13 00:39:03] [SEVERE ] player 3 placing token on slot 1
[2022-12-13 00:39:03] [SEVERE ] removing player 3 token from slot 1
[2022-12-13 00:39:03] [SEVERE ] removing player 3 token from slot 8
[2022-12-13 00:39:03] [SEVERE ] removing player 3 token from slot 10
[2022-12-13 00:39:03] [SEVERE ] player 3 placing token on slot 3
[2022-12-13 00:39:03] [SEVERE ] player 3 placing token on slot 4
[2022-12-13 00:39:03] [SEVERE ] player 3 placing token on slot 2
[2022-12-13 00:39:03] [SEVERE ] removing player 3 token from slot 2
[2022-12-13 00:39:03] [SEVERE ] removing player 3 token from slot 3
[2022-12-13 00:39:03] [SEVERE ] removing player 3 token from slot 4
[2022-12-13 00:39:03] [SEVERE ] player 3 placing token on slot 11
[2022-12-13 00:39:04] [SEVERE ] player 3 placing token on slot 7
[2022-12-13 00:39:04] [SEVERE ] player 3 placing token on slot 9
[2022-12-13 00:39:04] [SEVERE ] removing tokens from slot 7
[2022-12-13 00:39:04] [SEVERE ] removing card from slot 7
[2022-12-13 00:39:04] [SEVERE ] removing tokens from slot 9
[2022-12-13 00:39:04] [SEVERE ] removing card from slot 9
[2022-12-13 00:39:04] [SEVERE ] removing tokens from slot 11
[2022-12-13 00:39:04] [SEVERE ] removing card from slot 11
[2022-12-13 00:39:04] [SEVERE ] placing card 14 in slot 7
[2022-12-13 00:39:04] [SEVERE ] placing card 3 in slot 9
[2022-12-13 00:39:04] [SEVERE ] placing card 46 in slot 11
[2022-12-13 00:39:04] [SEVERE ] setting player 3 score to 2
[2022-12-13 00:39:04] [SEVERE ] player 3 placing token on slot 9
[2022-12-13 00:39:04] [SEVERE ] player 3 placing token on slot 1
[2022-12-13 00:39:04] [SEVERE ] player 3 placing token on slot 3
[2022-12-13 00:39:04] [SEVERE ] removing player 3 token from slot 1
[2022-12-13 00:39:04] [SEVERE ] removing player 3 token from slot 3
[2022-12-13 00:39:04] [SEVERE ] removing player 3 token from slot 9
[2022-12-13 00:39:04] [SEVERE ] player 3 placing token on slot 11
[2022-12-13 00:39:04] [SEVERE ] player 3 placing token on slot 2
[2022-12-13 00:39:04] [SEVERE ] player 3 placing token on slot 8
[2022-12-13 00:39:04] [SEVERE ] removing player 3 token from slot 2
[2022-12-13 00:39:04] [SEVERE ] removing player 3 token from slot 8
[2022-12-13 00:39:04] [SEVERE ] removing player 3 token from slot 11
[2022-12-13 00:39:04] [SEVERE ] player 3 placing token on slot 6
[2022-12-13 00:39:04] [SEVERE ] player 3 placing token on slot 9
[2022-12-13 00:39:04] [SEVERE ] player 3 placing token on slot 1
[2022-12-13 00:39:04] [SEVERE ] removing player 3 token from slot 1
[2022-12-13 00:39:04] [SEVERE ] removing player 3 token from slot 6
[2022-12-13 00:39:04] [SEVERE ] removing player 3 token from slot 9
[2022-12-13 00:39:04] [SEVERE ] player 3 placing token on slot 10
[2022-12-13 00:39:04] [SEVERE ] player 3 placing token on slot 9
[2022-12-13 00:39:05] [SEVERE ] player 3 placing token on slot 7
[2022-12-13 00:39:05] [SEVERE ] removing player 3 token from slot 7
[2022-12-13 00:39:05] [SEVERE ] removing player 3 token from slot 9
[2022-12-13 00:39:05] [SEVERE ] removing player 3 token from slot 10
[2022-12-13 00:39:05] [SEVERE ] player 3 placing token on slot 10
[2022-12-13 00:39:05] [SEVERE ] player 3 placing token on slot 8
[2022-12-13 00:39:05] [SEVERE ] player 3 placing token on slot 11
[2022-12-13 00:39:05] [SEVERE ] removing player 3 token from slot 8
[2022-12-13 00:39:05] [SEVERE ] removing player 3 token from slot 10
[2022-12-13 00:39:05] [SEVERE ] removing player 3 token from slot 11
[2022-12-13 00:39:05] [SEVERE ] player 3 placing token on slot 0
[2022-12-13 00:39:05] [SEVERE ] player 3 placing token on slot 5
[2022-12-13 00:39:05] [SEVERE ] player 3 placing token on slot 6
[2022-12-13 00:39:05] [SEVERE ] removing player 3 token from slot 0
[2022-12-13 00:39:05] [SEVERE ] removing player 3 token from slot 5
[2022-12-13 00:39:05] [SEVERE ] removing player 3 token from slot 6
[2022-12-13 00:39:05] [SEVERE ] player 3 placing token on slot 10
[2022-12-13 00:39:05] [SEVERE ] player 3 placing token on slot 7
[2022-12-13 00:39:05] [SEVERE ] player 3 placing token on slot 2
[2022-12-13 00:39:05] [SEVERE ] removing player 3 token from slot 2
[2022-12-13 00:39:05] [SEVERE ] removing player 3 token from slot 7
[2022-12-13 00:39:05] [SEVERE ] removing player 3 token from slot 10
[2022-12-13 00:39:05] [SEVERE ] player 3 placing token on slot 5
[2022-12-13 00:39:05] [SEVERE ] player 3 placing token on slot 2
[2022-12-13 00:39:05] [SEVERE ] player 3 placing token on slot 9
[2022-12-13 00:39:05] [SEVERE ] removing player 3 token from slot 2
[2022-12-13 00:39:05] [SEVERE ] removing player 3 token from slot 5
[2022-12-13 00:39:05] [SEVERE ] removing player 3 token from slot 9
[2022-12-13 00:39:05] [SEVERE ] player 3 placing token on slot 7
[2022-12-13 00:39:05] [SEVERE ] player 3 placing token on slot 4
[2022-12-13 00:39:05] [SEVERE ] player 3 placing token on slot 0
[2022-12-13 00:39:05] [SEVERE ] removing player 3 token from slot 0
[2022-12-13 00:39:05] [SEVERE ] removing player 3 token from slot 4
[2022-12-13 00:39:05] [SEVERE ] removing player 3 token from slot 7
[2022-12-13 00:39:05] [SEVERE ] player 3 placing token on slot 0
[2022-12-13 00:39:05] [SEVERE ] player 3 placing token on slot 9
[2022-12-13 00:39:05] [SEVERE ] player 3 placing token on slot 4
[2022-12-13 00:39:05] [SEVERE ] removing player 3 token from slot 0
[2022-12-13 00:39:05] [SEVERE ] removing player 3 token from slot 4
[2022-12-13 00:39:05] [SEVERE ] removing player 3 token from slot 9
[2022-12-13 00:39:05] [SEVERE ] player 3 placing token on slot 2
[2022-12-13 00:39:05] [SEVERE ] player 3 placing token on slot 5
[2022-12-13 00:39:05] [SEVERE ] player 3 placing token on slot 9
[2022-12-13 00:39:05] [SEVERE ] removing player 3 token from slot 2
[2022-12-13 00:39:05] [SEVERE ] removing player 3 token from slot 5
[2022-12-13 00:39:05] [SEVERE ] removing player 3 token from slot 9
[2022-12-13 00:39:05] [SEVERE ] player 3 placing token on slot 5
[2022-12-13 00:39:05] [SEVERE ] player 3 placing token on slot 1
[2022-12-13 00:39:05] [SEVERE ] player 3 placing token on slot 7
[2022-12-13 00:39:05] [SEVERE ] removing player 3 token from slot 1
[2022-12-13 00:39:05] [SEVERE ] removing player 3 token from slot 5
[2022-12-13 00:39:05] [SEVERE ] removing player 3 token from slot 7
[2022-12-13 00:39:05] [SEVERE ] player 3 placing token on slot 5
[2022-12-13 00:39:05] [SEVERE ] player 3 placing token on slot 4
[2022-12-13 00:39:05] [SEVERE ] player 3 placing token on slot 1
[2022-12-13 00:39:05] [SEVERE ] removing player 3 token from slot 1
[2022-12-13 00:39:05] [SEVERE ] removing player 3 token from slot 4
[2022-12-13 00:39:05] [SEVERE ] removing player 3 token from slot 5
[2022-12-13 00:39:05] [SEVERE ] player 3 placing token on slot 1
[2022-12-13 00:39:05] [SEVERE ] player 3 placing token on slot 10
[2022-12-13 00:39:05] [SEVERE ] player 3 placing token on slot 0
[2022-12-13 00:39:05] [SEVERE ] removing player 3 token from slot 0
[2022-12-13 00:39:05] [SEVERE ] removing player 3 token from slot 1
[2022-12-13 00:39:05] [SEVERE ] removing player 3 token from slot 10
[2022-12-13 00:39:05] [SEVERE ] player 3 placing token on slot 11
[2022-12-13 00:39:05] [SEVERE ] player 3 placing token on slot 9
[2022-12-13 00:39:06] [SEVERE ] player 3 placing token on slot 0
[2022-12-13 00:39:06] [SEVERE ] removing player 3 token from slot 0
[2022-12-13 00:39:06] [SEVERE ] removing player 3 token from slot 9
[2022-12-13 00:39:06] [SEVERE ] removing player 3 token from slot 11
[2022-12-13 00:39:06] [SEVERE ] player 3 placing token on slot 8
[2022-12-13 00:39:06] [SEVERE ] player 3 placing token on slot 7
[2022-12-13 00:39:06] [SEVERE ] player 3 placing token on slot 9
[2022-12-13 00:39:06] [SEVERE ] removing player 3 token from slot 7
[2022-12-13 00:39:06] [SEVERE ] removing player 3 token from slot 8
[2022-12-13 00:39:06] [SEVERE ] removing player 3 token from slot 9
[2022-12-13 00:39:06] [SEVERE ] player 3 placing token on slot 0
[2022-12-13 00:39:06] [SEVERE ] player 3 placing token on slot 2
[2022-12-13 00:39:06] [SEVERE ] player 3 placing token on slot 8
[2022-12-13 00:39:06] [SEVERE ] removing player 3 token from slot 0
[2022-12-13 00:39:06] [SEVERE ] removing player 3 token from slot 2
[2022-12-13 00:39:06] [SEVERE ] removing player 3 token from slot 8
[2022-12-13 00:39:06] [SEVERE ] player 3 placing token on slot 0
[2022-12-13 00:39:06] [SEVERE ] player 3 placing token on slot 2
[2022-12-13 00:39:06] [SEVERE ] player 3 placing token on slot 4
[2022-12-13 00:39:06] [SEVERE ] removing player 3 token from slot 0
[2022-12-13 00:39:06] [SEVERE ] removing player 3 token from slot 2
[2022-12-13 00:39:06] [SEVERE ] removing player 3 token from slot 4
[2022-12-13 00:39:06] [SEVERE ] player 3 placing token on slot 5
[2022-12-13 00:39:06] [SEVERE ] player 3 placing token on slot 3
[2022-12-13 00:39:06] [SEVERE ] player 3 placing token on slot 11
[2022-12-13 00:39:06] [SEVERE ] removing player 3 token from slot 3
[2022-12-13 00:39:06] [SEVERE ] removing player 3 token from slot 5
[2022-12-13 00:39:06] [SEVERE ] removing player 3 token from slot 11
[2022-12-13 00:39:06] [SEVERE ] player 3 placing token on slot 4
[2022-12-13 00:39:06] [SEVERE ] player 3 placing token on slot 7
