[2022-12-10 11:07:59] [INFO   ] cannot read configuration file config.properties trying from resources.
[2022-12-10 11:07:59] [INFO   ] configuration file was loaded from resources directory.
[2022-12-10 11:08:00] [INFO   ] Thread dealer starting.
[2022-12-10 11:08:00] [INFO   ] Thread Thread-2starting.
[2022-12-10 11:08:00] [INFO   ] Thread Thread-1starting.
[2022-12-10 11:08:00] [INFO   ] Thread Thread-0starting.
[2022-12-10 11:08:00] [INFO   ] Thread computer-2 starting.
[2022-12-10 11:08:00] [SEVERE ] placing card 71 in slot 0
[2022-12-10 11:08:00] [SEVERE ] placing card 39 in slot 1
[2022-12-10 11:08:00] [SEVERE ] placing card 13 in slot 2
[2022-12-10 11:08:00] [SEVERE ] placing card 11 in slot 3
[2022-12-10 11:08:00] [SEVERE ] placing card 56 in slot 4
[2022-12-10 11:08:00] [SEVERE ] placing card 61 in slot 5
[2022-12-10 11:08:01] [SEVERE ] placing card 40 in slot 6
[2022-12-10 11:08:01] [SEVERE ] placing card 18 in slot 7
[2022-12-10 11:08:01] [SEVERE ] placing card 50 in slot 8
[2022-12-10 11:08:01] [SEVERE ] placing card 62 in slot 9
[2022-12-10 11:08:01] [SEVERE ] placing card 28 in slot 10
[2022-12-10 11:08:01] [SEVERE ] placing card 8 in slot 11
[2022-12-10 11:09:01] [SEVERE ] removing tokens from slot 0
[2022-12-10 11:09:01] [SEVERE ] removing card from slot 0
[2022-12-10 11:09:01] [SEVERE ] removing tokens from slot 1
[2022-12-10 11:09:01] [SEVERE ] removing card from slot 1
[2022-12-10 11:09:01] [SEVERE ] removing tokens from slot 2
[2022-12-10 11:09:01] [SEVERE ] removing card from slot 2
[2022-12-10 11:09:02] [SEVERE ] removing tokens from slot 3
[2022-12-10 11:09:02] [SEVERE ] removing card from slot 3
[2022-12-10 11:09:02] [SEVERE ] removing tokens from slot 4
[2022-12-10 11:09:02] [SEVERE ] removing card from slot 4
[2022-12-10 11:09:02] [SEVERE ] removing tokens from slot 5
[2022-12-10 11:09:02] [SEVERE ] removing card from slot 5
[2022-12-10 11:09:02] [SEVERE ] removing tokens from slot 6
[2022-12-10 11:09:02] [SEVERE ] removing card from slot 6
[2022-12-10 11:09:02] [SEVERE ] removing tokens from slot 7
[2022-12-10 11:09:02] [SEVERE ] removing card from slot 7
[2022-12-10 11:09:02] [SEVERE ] removing tokens from slot 8
[2022-12-10 11:09:02] [SEVERE ] removing card from slot 8
[2022-12-10 11:09:02] [SEVERE ] removing tokens from slot 9
[2022-12-10 11:09:02] [SEVERE ] removing card from slot 9
[2022-12-10 11:09:02] [SEVERE ] removing tokens from slot 10
[2022-12-10 11:09:02] [SEVERE ] removing card from slot 10
[2022-12-10 11:09:02] [SEVERE ] removing tokens from slot 11
[2022-12-10 11:09:02] [SEVERE ] removing card from slot 11
[2022-12-10 11:09:02] [SEVERE ] placing card 27 in slot 0
[2022-12-10 11:09:03] [SEVERE ] placing card 73 in slot 1
[2022-12-10 11:09:03] [SEVERE ] placing card 18 in slot 2
[2022-12-10 11:09:03] [SEVERE ] placing card 47 in slot 3
[2022-12-10 11:09:03] [SEVERE ] placing card 79 in slot 4
[2022-12-10 11:09:03] [SEVERE ] placing card 61 in slot 5
[2022-12-10 11:09:03] [SEVERE ] placing card 44 in slot 6
[2022-12-10 11:09:03] [SEVERE ] placing card 6 in slot 7
[2022-12-10 11:09:03] [SEVERE ] placing card 17 in slot 8
[2022-12-10 11:09:03] [SEVERE ] placing card 28 in slot 9
[2022-12-10 11:09:04] [SEVERE ] placing card 36 in slot 10
[2022-12-10 11:09:04] [SEVERE ] placing card 11 in slot 11
[2022-12-10 11:10:04] [SEVERE ] removing tokens from slot 0
[2022-12-10 11:10:04] [SEVERE ] removing card from slot 0
[2022-12-10 11:10:04] [SEVERE ] removing tokens from slot 1
[2022-12-10 11:10:04] [SEVERE ] removing card from slot 1
[2022-12-10 11:10:04] [SEVERE ] removing tokens from slot 2
[2022-12-10 11:10:04] [SEVERE ] removing card from slot 2
[2022-12-10 11:10:04] [SEVERE ] removing tokens from slot 3
[2022-12-10 11:10:04] [SEVERE ] removing card from slot 3
[2022-12-10 11:10:04] [SEVERE ] removing tokens from slot 4
[2022-12-10 11:10:04] [SEVERE ] removing card from slot 4
[2022-12-10 11:10:04] [SEVERE ] removing tokens from slot 5
[2022-12-10 11:10:04] [SEVERE ] removing card from slot 5
[2022-12-10 11:10:04] [SEVERE ] removing tokens from slot 6
[2022-12-10 11:10:04] [SEVERE ] removing card from slot 6
[2022-12-10 11:10:05] [SEVERE ] removing tokens from slot 7
[2022-12-10 11:10:05] [SEVERE ] removing card from slot 7
[2022-12-10 11:10:05] [SEVERE ] removing tokens from slot 8
[2022-12-10 11:10:05] [SEVERE ] removing card from slot 8
[2022-12-10 11:10:05] [SEVERE ] removing tokens from slot 9
[2022-12-10 11:10:05] [SEVERE ] removing card from slot 9
[2022-12-10 11:10:05] [SEVERE ] removing tokens from slot 10
[2022-12-10 11:10:05] [SEVERE ] removing card from slot 10
[2022-12-10 11:10:05] [SEVERE ] removing tokens from slot 11
[2022-12-10 11:10:05] [SEVERE ] removing card from slot 11
[2022-12-10 11:10:05] [SEVERE ] placing card 25 in slot 0
[2022-12-10 11:10:05] [SEVERE ] placing card 27 in slot 1
[2022-12-10 11:10:05] [SEVERE ] placing card 75 in slot 2
[2022-12-10 11:10:05] [SEVERE ] placing card 15 in slot 3
[2022-12-10 11:10:06] [SEVERE ] placing card 72 in slot 4
[2022-12-10 11:10:06] [SEVERE ] placing card 48 in slot 5
[2022-12-10 11:10:06] [SEVERE ] placing card 79 in slot 6
[2022-12-10 11:10:06] [SEVERE ] placing card 22 in slot 7
[2022-12-10 11:10:06] [SEVERE ] placing card 3 in slot 8
[2022-12-10 11:10:06] [SEVERE ] placing card 26 in slot 9
[2022-12-10 11:10:06] [SEVERE ] placing card 67 in slot 10
[2022-12-10 11:10:06] [SEVERE ] placing card 57 in slot 11
[2022-12-10 11:11:06] [SEVERE ] removing tokens from slot 0
[2022-12-10 11:11:06] [SEVERE ] removing card from slot 0
[2022-12-10 11:11:07] [SEVERE ] removing tokens from slot 1
[2022-12-10 11:11:07] [SEVERE ] removing card from slot 1
[2022-12-10 11:11:07] [SEVERE ] removing tokens from slot 2
[2022-12-10 11:11:07] [SEVERE ] removing card from slot 2
[2022-12-10 11:11:07] [SEVERE ] removing tokens from slot 3
[2022-12-10 11:11:07] [SEVERE ] removing card from slot 3
[2022-12-10 11:11:07] [SEVERE ] removing tokens from slot 4
[2022-12-10 11:11:07] [SEVERE ] removing card from slot 4
[2022-12-10 11:11:07] [SEVERE ] removing tokens from slot 5
[2022-12-10 11:11:07] [SEVERE ] removing card from slot 5
[2022-12-10 11:11:07] [SEVERE ] removing tokens from slot 6
[2022-12-10 11:11:07] [SEVERE ] removing card from slot 6
[2022-12-10 11:11:07] [SEVERE ] removing tokens from slot 7
[2022-12-10 11:11:07] [SEVERE ] removing card from slot 7
[2022-12-10 11:11:07] [SEVERE ] removing tokens from slot 8
[2022-12-10 11:11:07] [SEVERE ] removing card from slot 8
[2022-12-10 11:11:07] [SEVERE ] removing tokens from slot 9
[2022-12-10 11:11:07] [SEVERE ] removing card from slot 9
[2022-12-10 11:11:08] [SEVERE ] removing tokens from slot 10
[2022-12-10 11:11:08] [SEVERE ] removing card from slot 10
[2022-12-10 11:11:08] [SEVERE ] removing tokens from slot 11
[2022-12-10 11:11:08] [SEVERE ] removing card from slot 11
[2022-12-10 11:11:08] [SEVERE ] placing card 43 in slot 0
[2022-12-10 11:11:08] [SEVERE ] placing card 27 in slot 1
[2022-12-10 11:11:08] [SEVERE ] placing card 22 in slot 2
[2022-12-10 11:11:08] [SEVERE ] placing card 65 in slot 3
[2022-12-10 11:11:08] [SEVERE ] placing card 34 in slot 4
[2022-12-10 11:11:08] [SEVERE ] placing card 23 in slot 5
[2022-12-10 11:11:08] [SEVERE ] placing card 7 in slot 6
[2022-12-10 11:11:09] [SEVERE ] placing card 39 in slot 7
[2022-12-10 11:11:09] [SEVERE ] placing card 74 in slot 8
[2022-12-10 11:11:09] [SEVERE ] placing card 18 in slot 9
[2022-12-10 11:11:09] [SEVERE ] placing card 5 in slot 10
[2022-12-10 11:11:09] [SEVERE ] placing card 76 in slot 11
