[2022-12-12 20:21:06] [INFO   ] cannot read configuration file config.properties trying from resources.
[2022-12-12 20:21:06] [INFO   ] configuration file was loaded from resources directory.
[2022-12-12 20:21:06] [INFO   ] Thread dealer starting.
[2022-12-12 20:21:06] [INFO   ] Thread Thread-1starting.
[2022-12-12 20:21:06] [INFO   ] Thread Thread-0starting.
[2022-12-12 20:21:06] [SEVERE ] placing card 32 in slot 0
[2022-12-12 20:21:06] [SEVERE ] placing card 69 in slot 1
[2022-12-12 20:21:07] [SEVERE ] placing card 64 in slot 2
[2022-12-12 20:21:07] [SEVERE ] placing card 14 in slot 3
[2022-12-12 20:21:07] [SEVERE ] placing card 22 in slot 4
[2022-12-12 20:21:07] [SEVERE ] placing card 5 in slot 5
[2022-12-12 20:21:07] [SEVERE ] placing card 7 in slot 6
[2022-12-12 20:21:07] [SEVERE ] placing card 48 in slot 7
[2022-12-12 20:21:07] [SEVERE ] placing card 10 in slot 8
[2022-12-12 20:21:07] [SEVERE ] placing card 23 in slot 9
[2022-12-12 20:21:07] [SEVERE ] placing card 6 in slot 10
[2022-12-12 20:21:08] [SEVERE ] placing card 29 in slot 11
[2022-12-12 20:21:09] [SEVERE ] Key 81 was pressed by player 0
[2022-12-12 20:21:09] [SEVERE ] player 0 placing token on slot 0
[2022-12-12 20:21:09] [SEVERE ] Key 87 was pressed by player 0
[2022-12-12 20:21:09] [SEVERE ] player 0 placing token on slot 1
[2022-12-12 20:21:13] [SEVERE ] Key 69 was pressed by player 0
[2022-12-12 20:21:13] [SEVERE ] player 0 placing token on slot 2
[2022-12-12 20:21:13] [SEVERE ] Key 81 was pressed by player 0
[2022-12-12 20:21:14] [SEVERE ] Key 87 was pressed by player 0
[2022-12-12 20:21:14] [SEVERE ] Key 81 was pressed by player 0
[2022-12-12 20:21:20] [SEVERE ] Key 81 was pressed by player 0
[2022-12-12 20:21:20] [SEVERE ] removing player 0 token from slot 0
[2022-12-12 20:21:21] [SEVERE ] Key 87 was pressed by player 0
[2022-12-12 20:21:21] [SEVERE ] removing player 0 token from slot 1
[2022-12-12 20:21:21] [SEVERE ] Key 69 was pressed by player 0
[2022-12-12 20:21:21] [SEVERE ] removing player 0 token from slot 2
[2022-12-12 20:21:39] [SEVERE ] Key 82 was pressed by player 0
[2022-12-12 20:21:39] [SEVERE ] player 0 placing token on slot 3
[2022-12-12 20:21:40] [SEVERE ] Key 83 was pressed by player 0
[2022-12-12 20:21:40] [SEVERE ] player 0 placing token on slot 5
[2022-12-12 20:21:41] [SEVERE ] Key 88 was pressed by player 0
[2022-12-12 20:21:41] [SEVERE ] player 0 placing token on slot 9
[2022-12-12 20:21:42] [SEVERE ] removing tokens from slot 3
[2022-12-12 20:21:42] [SEVERE ] removing card from slot 3
[2022-12-12 20:21:42] [SEVERE ] removing tokens from slot 5
[2022-12-12 20:21:42] [SEVERE ] removing card from slot 5
[2022-12-12 20:21:42] [SEVERE ] removing tokens from slot 9
[2022-12-12 20:21:42] [SEVERE ] removing card from slot 9
[2022-12-12 20:21:42] [SEVERE ] setting player 0 score to 1
[2022-12-12 20:21:42] [SEVERE ] placing card 51 in slot 3
[2022-12-12 20:21:42] [SEVERE ] placing card 21 in slot 5
[2022-12-12 20:21:42] [SEVERE ] placing card 52 in slot 9
[2022-12-12 20:21:43] [SEVERE ] Key 81 was pressed by player 0
[2022-12-12 20:21:44] [SEVERE ] Key 87 was pressed by player 0
[2022-12-12 20:21:45] [SEVERE ] Key 69 was pressed by player 0
[2022-12-12 20:21:45] [SEVERE ] Key 81 was pressed by player 0
[2022-12-12 20:21:49] [SEVERE ] Key 81 was pressed by player 0
[2022-12-12 20:21:49] [SEVERE ] player 0 placing token on slot 0
[2022-12-12 20:21:50] [SEVERE ] Key 87 was pressed by player 0
[2022-12-12 20:21:50] [SEVERE ] player 0 placing token on slot 1
[2022-12-12 20:21:50] [SEVERE ] Key 69 was pressed by player 0
[2022-12-12 20:21:50] [SEVERE ] player 0 placing token on slot 2
