[2022-12-10 13:05:17] [INFO   ] cannot read configuration file config.properties trying from resources.
[2022-12-10 13:05:17] [INFO   ] configuration file was loaded from resources directory.
[2022-12-10 13:05:17] [INFO   ] Thread Thread-0starting.
[2022-12-10 13:05:17] [INFO   ] Thread Thread-2starting.
[2022-12-10 13:05:17] [INFO   ] Thread Thread-1starting.
[2022-12-10 13:05:17] [INFO   ] Thread dealer starting.
[2022-12-10 13:05:17] [INFO   ] Thread computer-2 starting.
[2022-12-10 13:05:17] [SEVERE ] placing card 55 in slot 0
[2022-12-10 13:05:17] [SEVERE ] placing card 19 in slot 1
[2022-12-10 13:05:18] [SEVERE ] placing card 13 in slot 2
[2022-12-10 13:05:18] [SEVERE ] placing card 33 in slot 3
[2022-12-10 13:05:18] [SEVERE ] placing card 58 in slot 4
[2022-12-10 13:05:18] [SEVERE ] placing card 35 in slot 5
[2022-12-10 13:05:18] [SEVERE ] placing card 71 in slot 6
[2022-12-10 13:05:18] [SEVERE ] placing card 29 in slot 7
[2022-12-10 13:05:18] [SEVERE ] placing card 38 in slot 8
[2022-12-10 13:05:18] [SEVERE ] placing card 17 in slot 9
[2022-12-10 13:05:18] [SEVERE ] placing card 28 in slot 10
[2022-12-10 13:05:19] [SEVERE ] placing card 53 in slot 11
[2022-12-10 13:05:19] [SEVERE ] player 2 placing token on slot 9
[2022-12-10 13:05:19] [SEVERE ] player 2 placing token on slot 1
[2022-12-10 13:05:19] [SEVERE ] player 2 placing token on slot 7
[2022-12-10 13:05:19] [SEVERE ] removing player 2 token from slot 1
[2022-12-10 13:05:19] [SEVERE ] removing player 2 token from slot 7
[2022-12-10 13:05:19] [SEVERE ] removing player 2 token from slot 9
[2022-12-10 13:05:19] [SEVERE ] player 2 placing token on slot 6
[2022-12-10 13:05:19] [SEVERE ] player 2 placing token on slot 3
[2022-12-10 13:05:19] [SEVERE ] player 2 placing token on slot 0
[2022-12-10 13:05:19] [SEVERE ] removing player 2 token from slot 0
[2022-12-10 13:05:19] [SEVERE ] removing player 2 token from slot 3
[2022-12-10 13:05:19] [SEVERE ] removing player 2 token from slot 6
[2022-12-10 13:05:19] [SEVERE ] player 2 placing token on slot 2
[2022-12-10 13:05:19] [SEVERE ] player 2 placing token on slot 8
[2022-12-10 13:05:19] [SEVERE ] player 2 placing token on slot 9
[2022-12-10 13:05:19] [SEVERE ] removing player 2 token from slot 2
[2022-12-10 13:05:19] [SEVERE ] removing player 2 token from slot 8
[2022-12-10 13:05:19] [SEVERE ] removing player 2 token from slot 9
[2022-12-10 13:05:19] [SEVERE ] player 2 placing token on slot 4
[2022-12-10 13:05:19] [SEVERE ] player 2 placing token on slot 8
[2022-12-10 13:05:19] [SEVERE ] player 2 placing token on slot 2
[2022-12-10 13:05:19] [SEVERE ] removing player 2 token from slot 2
[2022-12-10 13:05:19] [SEVERE ] removing player 2 token from slot 4
[2022-12-10 13:05:19] [SEVERE ] removing player 2 token from slot 8
[2022-12-10 13:05:19] [SEVERE ] player 2 placing token on slot 2
[2022-12-10 13:05:19] [SEVERE ] player 2 placing token on slot 10
[2022-12-10 13:05:19] [SEVERE ] player 2 placing token on slot 11
[2022-12-10 13:05:19] [SEVERE ] removing player 2 token from slot 2
[2022-12-10 13:05:19] [SEVERE ] removing player 2 token from slot 10
[2022-12-10 13:05:19] [SEVERE ] removing player 2 token from slot 11
[2022-12-10 13:05:19] [SEVERE ] player 2 placing token on slot 6
[2022-12-10 13:05:19] [SEVERE ] player 2 placing token on slot 1
[2022-12-10 13:05:19] [SEVERE ] player 2 placing token on slot 10
[2022-12-10 13:05:19] [SEVERE ] removing player 2 token from slot 1
[2022-12-10 13:05:19] [SEVERE ] removing player 2 token from slot 6
[2022-12-10 13:05:19] [SEVERE ] removing player 2 token from slot 10
[2022-12-10 13:05:19] [SEVERE ] player 2 placing token on slot 4
[2022-12-10 13:05:19] [SEVERE ] player 2 placing token on slot 3
[2022-12-10 13:05:19] [SEVERE ] player 2 placing token on slot 11
[2022-12-10 13:05:19] [SEVERE ] removing player 2 token from slot 3
[2022-12-10 13:05:19] [SEVERE ] removing player 2 token from slot 4
[2022-12-10 13:05:19] [SEVERE ] removing player 2 token from slot 11
[2022-12-10 13:05:19] [SEVERE ] player 2 placing token on slot 4
[2022-12-10 13:05:19] [SEVERE ] player 2 placing token on slot 11
[2022-12-10 13:05:19] [SEVERE ] player 2 placing token on slot 6
[2022-12-10 13:05:19] [SEVERE ] removing player 2 token from slot 4
[2022-12-10 13:05:19] [SEVERE ] removing player 2 token from slot 6
[2022-12-10 13:05:19] [SEVERE ] removing player 2 token from slot 11
[2022-12-10 13:05:19] [SEVERE ] player 2 placing token on slot 9
[2022-12-10 13:05:19] [SEVERE ] player 2 placing token on slot 10
[2022-12-10 13:05:19] [SEVERE ] player 2 placing token on slot 5
[2022-12-10 13:05:19] [SEVERE ] removing player 2 token from slot 5
[2022-12-10 13:05:19] [SEVERE ] removing player 2 token from slot 9
[2022-12-10 13:05:19] [SEVERE ] removing player 2 token from slot 10
[2022-12-10 13:05:19] [SEVERE ] player 2 placing token on slot 3
[2022-12-10 13:05:19] [SEVERE ] player 2 placing token on slot 10
[2022-12-10 13:05:19] [SEVERE ] player 2 placing token on slot 0
[2022-12-10 13:05:19] [SEVERE ] removing player 2 token from slot 0
[2022-12-10 13:05:19] [SEVERE ] removing player 2 token from slot 3
[2022-12-10 13:05:19] [SEVERE ] removing player 2 token from slot 10
[2022-12-10 13:05:19] [SEVERE ] player 2 placing token on slot 5
[2022-12-10 13:05:19] [SEVERE ] player 2 placing token on slot 10
[2022-12-10 13:05:20] [SEVERE ] player 2 placing token on slot 6
[2022-12-10 13:05:20] [SEVERE ] removing player 2 token from slot 5
[2022-12-10 13:05:20] [SEVERE ] removing player 2 token from slot 6
[2022-12-10 13:05:20] [SEVERE ] removing player 2 token from slot 10
[2022-12-10 13:05:20] [SEVERE ] player 2 placing token on slot 5
[2022-12-10 13:05:20] [SEVERE ] player 2 placing token on slot 2
[2022-12-10 13:05:20] [SEVERE ] player 2 placing token on slot 4
[2022-12-10 13:05:20] [SEVERE ] removing player 2 token from slot 2
[2022-12-10 13:05:20] [SEVERE ] removing player 2 token from slot 4
[2022-12-10 13:05:20] [SEVERE ] removing player 2 token from slot 5
[2022-12-10 13:05:20] [SEVERE ] player 2 placing token on slot 3
[2022-12-10 13:05:20] [SEVERE ] player 2 placing token on slot 6
[2022-12-10 13:05:20] [SEVERE ] player 2 placing token on slot 4
[2022-12-10 13:05:20] [SEVERE ] removing player 2 token from slot 3
[2022-12-10 13:05:20] [SEVERE ] removing player 2 token from slot 4
[2022-12-10 13:05:20] [SEVERE ] removing player 2 token from slot 6
[2022-12-10 13:05:20] [SEVERE ] player 2 placing token on slot 10
[2022-12-10 13:05:20] [SEVERE ] player 2 placing token on slot 2
[2022-12-10 13:05:20] [SEVERE ] player 2 placing token on slot 4
[2022-12-10 13:05:20] [SEVERE ] removing player 2 token from slot 2
[2022-12-10 13:05:20] [SEVERE ] removing player 2 token from slot 4
[2022-12-10 13:05:20] [SEVERE ] removing player 2 token from slot 10
[2022-12-10 13:05:20] [SEVERE ] player 2 placing token on slot 11
[2022-12-10 13:05:20] [SEVERE ] player 2 placing token on slot 7
[2022-12-10 13:05:20] [SEVERE ] player 2 placing token on slot 1
[2022-12-10 13:05:20] [SEVERE ] removing player 2 token from slot 1
[2022-12-10 13:05:20] [SEVERE ] removing player 2 token from slot 7
[2022-12-10 13:05:20] [SEVERE ] removing player 2 token from slot 11
[2022-12-10 13:05:20] [SEVERE ] player 2 placing token on slot 5
[2022-12-10 13:05:20] [SEVERE ] player 2 placing token on slot 3
[2022-12-10 13:05:20] [SEVERE ] player 2 placing token on slot 1
[2022-12-10 13:05:20] [SEVERE ] removing player 2 token from slot 1
[2022-12-10 13:05:20] [SEVERE ] removing player 2 token from slot 3
[2022-12-10 13:05:20] [SEVERE ] removing player 2 token from slot 5
[2022-12-10 13:05:20] [SEVERE ] player 2 placing token on slot 5
[2022-12-10 13:05:20] [SEVERE ] player 2 placing token on slot 8
[2022-12-10 13:05:20] [SEVERE ] player 2 placing token on slot 0
[2022-12-10 13:05:20] [SEVERE ] removing player 2 token from slot 0
[2022-12-10 13:05:20] [SEVERE ] removing player 2 token from slot 5
[2022-12-10 13:05:20] [SEVERE ] removing player 2 token from slot 8
[2022-12-10 13:05:20] [SEVERE ] player 2 placing token on slot 5
[2022-12-10 13:05:20] [SEVERE ] player 2 placing token on slot 10
[2022-12-10 13:05:20] [SEVERE ] player 2 placing token on slot 9
[2022-12-10 13:05:20] [SEVERE ] removing player 2 token from slot 5
[2022-12-10 13:05:20] [SEVERE ] removing player 2 token from slot 9
[2022-12-10 13:05:20] [SEVERE ] removing player 2 token from slot 10
[2022-12-10 13:05:20] [SEVERE ] player 2 placing token on slot 9
[2022-12-10 13:05:20] [SEVERE ] player 2 placing token on slot 8
[2022-12-10 13:05:20] [SEVERE ] player 2 placing token on slot 0
[2022-12-10 13:05:20] [SEVERE ] removing player 2 token from slot 0
[2022-12-10 13:05:20] [SEVERE ] removing player 2 token from slot 8
[2022-12-10 13:05:20] [SEVERE ] removing player 2 token from slot 9
[2022-12-10 13:05:20] [SEVERE ] player 2 placing token on slot 10
[2022-12-10 13:05:20] [SEVERE ] player 2 placing token on slot 8
[2022-12-10 13:05:20] [SEVERE ] player 2 placing token on slot 11
[2022-12-10 13:05:20] [SEVERE ] removing player 2 token from slot 8
[2022-12-10 13:05:20] [SEVERE ] removing player 2 token from slot 10
[2022-12-10 13:05:20] [SEVERE ] removing player 2 token from slot 11
[2022-12-10 13:05:20] [SEVERE ] player 2 placing token on slot 7
[2022-12-10 13:05:20] [SEVERE ] player 2 placing token on slot 10
[2022-12-10 13:05:20] [SEVERE ] player 2 placing token on slot 0
[2022-12-10 13:05:20] [SEVERE ] removing player 2 token from slot 0
[2022-12-10 13:05:20] [SEVERE ] removing player 2 token from slot 7
[2022-12-10 13:05:20] [SEVERE ] removing player 2 token from slot 10
[2022-12-10 13:05:21] [SEVERE ] player 2 placing token on slot 10
[2022-12-10 13:05:21] [SEVERE ] player 2 placing token on slot 5
[2022-12-10 13:05:21] [SEVERE ] player 2 placing token on slot 8
[2022-12-10 13:05:21] [SEVERE ] removing player 2 token from slot 5
[2022-12-10 13:05:21] [SEVERE ] removing player 2 token from slot 8
[2022-12-10 13:05:21] [SEVERE ] removing player 2 token from slot 10
[2022-12-10 13:05:21] [SEVERE ] player 2 placing token on slot 0
[2022-12-10 13:05:21] [SEVERE ] player 2 placing token on slot 3
[2022-12-10 13:05:21] [SEVERE ] player 2 placing token on slot 8
[2022-12-10 13:05:21] [SEVERE ] removing player 2 token from slot 0
[2022-12-10 13:05:21] [SEVERE ] removing player 2 token from slot 3
[2022-12-10 13:05:21] [SEVERE ] removing player 2 token from slot 8
[2022-12-10 13:05:21] [SEVERE ] player 2 placing token on slot 8
[2022-12-10 13:05:21] [SEVERE ] player 2 placing token on slot 3
[2022-12-10 13:05:21] [SEVERE ] player 2 placing token on slot 0
[2022-12-10 13:05:21] [SEVERE ] removing player 2 token from slot 0
[2022-12-10 13:05:21] [SEVERE ] removing player 2 token from slot 3
[2022-12-10 13:05:21] [SEVERE ] removing player 2 token from slot 8
[2022-12-10 13:05:21] [SEVERE ] player 2 placing token on slot 3
[2022-12-10 13:05:21] [SEVERE ] player 2 placing token on slot 2
[2022-12-10 13:05:21] [SEVERE ] player 2 placing token on slot 10
[2022-12-10 13:05:21] [SEVERE ] removing player 2 token from slot 2
[2022-12-10 13:05:21] [SEVERE ] removing player 2 token from slot 3
[2022-12-10 13:05:21] [SEVERE ] removing player 2 token from slot 10
[2022-12-10 13:05:21] [SEVERE ] player 2 placing token on slot 8
[2022-12-10 13:05:21] [SEVERE ] player 2 placing token on slot 0
[2022-12-10 13:05:21] [SEVERE ] player 2 placing token on slot 11
[2022-12-10 13:05:21] [SEVERE ] removing player 2 token from slot 0
[2022-12-10 13:05:21] [SEVERE ] removing player 2 token from slot 8
[2022-12-10 13:05:21] [SEVERE ] removing player 2 token from slot 11
[2022-12-10 13:05:21] [SEVERE ] player 2 placing token on slot 5
[2022-12-10 13:05:21] [SEVERE ] player 2 placing token on slot 10
[2022-12-10 13:05:21] [SEVERE ] player 2 placing token on slot 1
[2022-12-10 13:05:21] [SEVERE ] removing player 2 token from slot 1
[2022-12-10 13:05:21] [SEVERE ] removing player 2 token from slot 5
[2022-12-10 13:05:21] [SEVERE ] removing player 2 token from slot 10
[2022-12-10 13:05:21] [SEVERE ] player 2 placing token on slot 0
[2022-12-10 13:05:21] [SEVERE ] player 2 placing token on slot 1
[2022-12-10 13:05:21] [SEVERE ] player 2 placing token on slot 11
[2022-12-10 13:05:21] [SEVERE ] removing player 2 token from slot 0
[2022-12-10 13:05:21] [SEVERE ] removing player 2 token from slot 1
[2022-12-10 13:05:21] [SEVERE ] removing player 2 token from slot 11
[2022-12-10 13:05:21] [SEVERE ] player 2 placing token on slot 2
[2022-12-10 13:05:21] [SEVERE ] player 2 placing token on slot 10
[2022-12-10 13:05:21] [SEVERE ] player 2 placing token on slot 5
[2022-12-10 13:05:21] [SEVERE ] removing player 2 token from slot 2
[2022-12-10 13:05:21] [SEVERE ] removing player 2 token from slot 5
[2022-12-10 13:05:21] [SEVERE ] removing player 2 token from slot 10
[2022-12-10 13:05:21] [SEVERE ] player 2 placing token on slot 5
[2022-12-10 13:05:21] [SEVERE ] player 2 placing token on slot 6
[2022-12-10 13:05:21] [SEVERE ] player 2 placing token on slot 4
[2022-12-10 13:05:21] [SEVERE ] removing player 2 token from slot 4
[2022-12-10 13:05:21] [SEVERE ] removing player 2 token from slot 5
[2022-12-10 13:05:21] [SEVERE ] removing player 2 token from slot 6
[2022-12-10 13:05:21] [SEVERE ] player 2 placing token on slot 2
[2022-12-10 13:05:21] [SEVERE ] player 2 placing token on slot 11
[2022-12-10 13:05:21] [SEVERE ] player 2 placing token on slot 9
[2022-12-10 13:05:21] [SEVERE ] removing player 2 token from slot 2
[2022-12-10 13:05:21] [SEVERE ] removing player 2 token from slot 9
[2022-12-10 13:05:21] [SEVERE ] removing player 2 token from slot 11
[2022-12-10 13:05:21] [SEVERE ] player 2 placing token on slot 7
[2022-12-10 13:05:21] [SEVERE ] player 2 placing token on slot 2
[2022-12-10 13:05:22] [SEVERE ] player 2 placing token on slot 9
[2022-12-10 13:05:22] [SEVERE ] removing player 2 token from slot 2
[2022-12-10 13:05:22] [SEVERE ] removing player 2 token from slot 7
[2022-12-10 13:05:22] [SEVERE ] removing player 2 token from slot 9
[2022-12-10 13:05:22] [SEVERE ] player 2 placing token on slot 6
[2022-12-10 13:05:22] [SEVERE ] player 2 placing token on slot 9
[2022-12-10 13:05:22] [SEVERE ] player 2 placing token on slot 11
[2022-12-10 13:05:22] [SEVERE ] removing player 2 token from slot 6
[2022-12-10 13:05:22] [SEVERE ] removing player 2 token from slot 9
[2022-12-10 13:05:22] [SEVERE ] removing player 2 token from slot 11
[2022-12-10 13:05:22] [SEVERE ] player 2 placing token on slot 4
[2022-12-10 13:05:22] [SEVERE ] player 2 placing token on slot 10
[2022-12-10 13:05:22] [SEVERE ] player 2 placing token on slot 9
[2022-12-10 13:05:22] [SEVERE ] removing player 2 token from slot 4
[2022-12-10 13:05:22] [SEVERE ] removing player 2 token from slot 9
[2022-12-10 13:05:22] [SEVERE ] removing player 2 token from slot 10
[2022-12-10 13:05:22] [SEVERE ] player 2 placing token on slot 5
[2022-12-10 13:05:22] [SEVERE ] player 2 placing token on slot 8
[2022-12-10 13:05:22] [SEVERE ] player 2 placing token on slot 4
[2022-12-10 13:05:22] [SEVERE ] removing player 2 token from slot 4
[2022-12-10 13:05:22] [SEVERE ] removing player 2 token from slot 5
[2022-12-10 13:05:22] [SEVERE ] removing player 2 token from slot 8
[2022-12-10 13:05:22] [SEVERE ] player 2 placing token on slot 4
[2022-12-10 13:05:22] [SEVERE ] player 2 placing token on slot 9
[2022-12-10 13:05:22] [SEVERE ] player 2 placing token on slot 3
[2022-12-10 13:05:22] [SEVERE ] removing player 2 token from slot 3
[2022-12-10 13:05:22] [SEVERE ] removing player 2 token from slot 4
[2022-12-10 13:05:22] [SEVERE ] removing player 2 token from slot 9
[2022-12-10 13:05:22] [SEVERE ] player 2 placing token on slot 5
[2022-12-10 13:05:22] [SEVERE ] player 2 placing token on slot 2
[2022-12-10 13:05:22] [SEVERE ] player 2 placing token on slot 4
[2022-12-10 13:05:22] [SEVERE ] removing player 2 token from slot 2
[2022-12-10 13:05:22] [SEVERE ] removing player 2 token from slot 4
[2022-12-10 13:05:22] [SEVERE ] removing player 2 token from slot 5
[2022-12-10 13:05:22] [SEVERE ] player 2 placing token on slot 8
[2022-12-10 13:05:22] [SEVERE ] player 2 placing token on slot 7
[2022-12-10 13:05:22] [SEVERE ] player 2 placing token on slot 5
[2022-12-10 13:05:22] [SEVERE ] removing player 2 token from slot 5
[2022-12-10 13:05:22] [SEVERE ] removing player 2 token from slot 7
[2022-12-10 13:05:22] [SEVERE ] removing player 2 token from slot 8
[2022-12-10 13:05:22] [SEVERE ] player 2 placing token on slot 0
[2022-12-10 13:05:22] [SEVERE ] player 2 placing token on slot 3
[2022-12-10 13:05:22] [SEVERE ] player 2 placing token on slot 10
[2022-12-10 13:05:22] [SEVERE ] removing player 2 token from slot 0
[2022-12-10 13:05:22] [SEVERE ] removing player 2 token from slot 3
[2022-12-10 13:05:22] [SEVERE ] removing player 2 token from slot 10
[2022-12-10 13:05:22] [SEVERE ] player 2 placing token on slot 9
[2022-12-10 13:05:22] [SEVERE ] player 2 placing token on slot 0
[2022-12-10 13:05:22] [SEVERE ] player 2 placing token on slot 1
[2022-12-10 13:05:22] [SEVERE ] removing player 2 token from slot 0
[2022-12-10 13:05:22] [SEVERE ] removing player 2 token from slot 1
[2022-12-10 13:05:22] [SEVERE ] removing player 2 token from slot 9
[2022-12-10 13:05:22] [SEVERE ] player 2 placing token on slot 10
[2022-12-10 13:05:22] [SEVERE ] player 2 placing token on slot 1
[2022-12-10 13:05:22] [SEVERE ] player 2 placing token on slot 5
[2022-12-10 13:05:22] [SEVERE ] removing player 2 token from slot 1
[2022-12-10 13:05:22] [SEVERE ] removing player 2 token from slot 5
[2022-12-10 13:05:22] [SEVERE ] removing player 2 token from slot 10
[2022-12-10 13:05:22] [SEVERE ] player 2 placing token on slot 4
[2022-12-10 13:05:22] [SEVERE ] player 2 placing token on slot 10
[2022-12-10 13:05:22] [SEVERE ] player 2 placing token on slot 5
[2022-12-10 13:05:22] [SEVERE ] removing player 2 token from slot 4
[2022-12-10 13:05:22] [SEVERE ] removing player 2 token from slot 5
[2022-12-10 13:05:22] [SEVERE ] removing player 2 token from slot 10
[2022-12-10 13:05:22] [SEVERE ] player 2 placing token on slot 3
[2022-12-10 13:05:22] [SEVERE ] player 2 placing token on slot 11
[2022-12-10 13:05:22] [SEVERE ] player 2 placing token on slot 10
[2022-12-10 13:05:22] [SEVERE ] removing player 2 token from slot 3
[2022-12-10 13:05:22] [SEVERE ] removing player 2 token from slot 10
[2022-12-10 13:05:22] [SEVERE ] removing player 2 token from slot 11
[2022-12-10 13:05:23] [SEVERE ] player 2 placing token on slot 4
[2022-12-10 13:05:23] [SEVERE ] player 2 placing token on slot 3
[2022-12-10 13:05:23] [SEVERE ] player 2 placing token on slot 2
[2022-12-10 13:05:23] [SEVERE ] removing player 2 token from slot 2
[2022-12-10 13:05:23] [SEVERE ] removing player 2 token from slot 3
[2022-12-10 13:05:23] [SEVERE ] removing player 2 token from slot 4
[2022-12-10 13:05:23] [SEVERE ] player 2 placing token on slot 5
[2022-12-10 13:05:23] [SEVERE ] player 2 placing token on slot 4
[2022-12-10 13:05:23] [SEVERE ] player 2 placing token on slot 2
[2022-12-10 13:05:23] [SEVERE ] removing player 2 token from slot 2
[2022-12-10 13:05:23] [SEVERE ] removing player 2 token from slot 4
[2022-12-10 13:05:23] [SEVERE ] removing player 2 token from slot 5
[2022-12-10 13:05:23] [SEVERE ] player 2 placing token on slot 5
[2022-12-10 13:05:23] [SEVERE ] player 2 placing token on slot 10
[2022-12-10 13:05:23] [SEVERE ] player 2 placing token on slot 3
[2022-12-10 13:05:23] [SEVERE ] removing player 2 token from slot 3
[2022-12-10 13:05:23] [SEVERE ] removing player 2 token from slot 5
[2022-12-10 13:05:23] [SEVERE ] removing player 2 token from slot 10
[2022-12-10 13:05:23] [SEVERE ] player 2 placing token on slot 11
[2022-12-10 13:05:23] [SEVERE ] player 2 placing token on slot 10
[2022-12-10 13:05:23] [SEVERE ] player 2 placing token on slot 2
[2022-12-10 13:05:23] [SEVERE ] removing player 2 token from slot 2
[2022-12-10 13:05:23] [SEVERE ] removing player 2 token from slot 10
[2022-12-10 13:05:23] [SEVERE ] removing player 2 token from slot 11
[2022-12-10 13:05:23] [SEVERE ] player 2 placing token on slot 5
[2022-12-10 13:05:23] [SEVERE ] player 2 placing token on slot 10
[2022-12-10 13:05:23] [SEVERE ] player 2 placing token on slot 11
[2022-12-10 13:05:23] [SEVERE ] removing player 2 token from slot 5
[2022-12-10 13:05:23] [SEVERE ] removing player 2 token from slot 10
[2022-12-10 13:05:23] [SEVERE ] removing player 2 token from slot 11
[2022-12-10 13:05:23] [SEVERE ] player 2 placing token on slot 0
[2022-12-10 13:05:23] [SEVERE ] player 2 placing token on slot 5
[2022-12-10 13:05:23] [SEVERE ] player 2 placing token on slot 4
[2022-12-10 13:05:23] [SEVERE ] removing player 2 token from slot 0
[2022-12-10 13:05:23] [SEVERE ] removing player 2 token from slot 4
[2022-12-10 13:05:23] [SEVERE ] removing player 2 token from slot 5
[2022-12-10 13:05:23] [SEVERE ] player 2 placing token on slot 5
[2022-12-10 13:05:23] [SEVERE ] player 2 placing token on slot 8
[2022-12-10 13:05:23] [SEVERE ] player 2 placing token on slot 0
[2022-12-10 13:05:23] [SEVERE ] removing player 2 token from slot 0
[2022-12-10 13:05:23] [SEVERE ] removing player 2 token from slot 5
[2022-12-10 13:05:23] [SEVERE ] removing player 2 token from slot 8
[2022-12-10 13:05:23] [SEVERE ] player 2 placing token on slot 4
[2022-12-10 13:05:23] [SEVERE ] player 2 placing token on slot 1
[2022-12-10 13:05:23] [SEVERE ] player 2 placing token on slot 0
[2022-12-10 13:05:23] [SEVERE ] removing player 2 token from slot 0
[2022-12-10 13:05:23] [SEVERE ] removing player 2 token from slot 1
[2022-12-10 13:05:23] [SEVERE ] removing player 2 token from slot 4
[2022-12-10 13:05:23] [SEVERE ] player 2 placing token on slot 7
[2022-12-10 13:05:23] [SEVERE ] player 2 placing token on slot 1
[2022-12-10 13:05:23] [SEVERE ] player 2 placing token on slot 6
[2022-12-10 13:05:23] [SEVERE ] removing player 2 token from slot 1
[2022-12-10 13:05:23] [SEVERE ] removing player 2 token from slot 6
[2022-12-10 13:05:23] [SEVERE ] removing player 2 token from slot 7
[2022-12-10 13:05:23] [SEVERE ] player 2 placing token on slot 7
[2022-12-10 13:05:23] [SEVERE ] player 2 placing token on slot 6
[2022-12-10 13:05:23] [SEVERE ] player 2 placing token on slot 5
[2022-12-10 13:05:23] [SEVERE ] removing player 2 token from slot 5
[2022-12-10 13:05:23] [SEVERE ] removing player 2 token from slot 6
[2022-12-10 13:05:23] [SEVERE ] removing player 2 token from slot 7
[2022-12-10 13:05:23] [SEVERE ] player 2 placing token on slot 4
[2022-12-10 13:05:23] [SEVERE ] player 2 placing token on slot 7
[2022-12-10 13:05:23] [SEVERE ] player 2 placing token on slot 0
[2022-12-10 13:05:23] [SEVERE ] removing player 2 token from slot 0
[2022-12-10 13:05:23] [SEVERE ] removing player 2 token from slot 4
[2022-12-10 13:05:23] [SEVERE ] removing player 2 token from slot 7
[2022-12-10 13:05:23] [SEVERE ] player 2 placing token on slot 5
[2022-12-10 13:05:24] [SEVERE ] player 2 placing token on slot 9
[2022-12-10 13:05:24] [SEVERE ] player 2 placing token on slot 8
[2022-12-10 13:05:24] [SEVERE ] removing player 2 token from slot 5
[2022-12-10 13:05:24] [SEVERE ] removing player 2 token from slot 8
[2022-12-10 13:05:24] [SEVERE ] removing player 2 token from slot 9
[2022-12-10 13:05:24] [SEVERE ] player 2 placing token on slot 10
[2022-12-10 13:05:24] [SEVERE ] player 2 placing token on slot 1
[2022-12-10 13:05:24] [SEVERE ] player 2 placing token on slot 9
[2022-12-10 13:05:24] [SEVERE ] removing player 2 token from slot 1
[2022-12-10 13:05:24] [SEVERE ] removing player 2 token from slot 9
[2022-12-10 13:05:24] [SEVERE ] removing player 2 token from slot 10
[2022-12-10 13:05:24] [SEVERE ] player 2 placing token on slot 5
[2022-12-10 13:05:24] [SEVERE ] player 2 placing token on slot 1
[2022-12-10 13:05:24] [SEVERE ] player 2 placing token on slot 11
[2022-12-10 13:05:24] [SEVERE ] removing player 2 token from slot 1
[2022-12-10 13:05:24] [SEVERE ] removing player 2 token from slot 5
[2022-12-10 13:05:24] [SEVERE ] removing player 2 token from slot 11
[2022-12-10 13:05:24] [SEVERE ] player 2 placing token on slot 7
[2022-12-10 13:05:24] [SEVERE ] player 2 placing token on slot 8
[2022-12-10 13:05:24] [SEVERE ] player 2 placing token on slot 0
[2022-12-10 13:05:24] [SEVERE ] removing player 2 token from slot 0
[2022-12-10 13:05:24] [SEVERE ] removing player 2 token from slot 7
[2022-12-10 13:05:24] [SEVERE ] removing player 2 token from slot 8
[2022-12-10 13:05:24] [SEVERE ] player 2 placing token on slot 11
[2022-12-10 13:05:24] [SEVERE ] player 2 placing token on slot 1
[2022-12-10 13:05:24] [SEVERE ] player 2 placing token on slot 8
[2022-12-10 13:05:24] [SEVERE ] removing player 2 token from slot 1
[2022-12-10 13:05:24] [SEVERE ] removing player 2 token from slot 8
[2022-12-10 13:05:24] [SEVERE ] removing player 2 token from slot 11
[2022-12-10 13:05:24] [SEVERE ] player 2 placing token on slot 11
[2022-12-10 13:05:24] [SEVERE ] player 2 placing token on slot 8
[2022-12-10 13:05:24] [SEVERE ] player 2 placing token on slot 3
[2022-12-10 13:05:24] [SEVERE ] removing player 2 token from slot 3
[2022-12-10 13:05:24] [SEVERE ] removing player 2 token from slot 8
[2022-12-10 13:05:24] [SEVERE ] removing player 2 token from slot 11
[2022-12-10 13:05:24] [SEVERE ] player 2 placing token on slot 10
[2022-12-10 13:05:24] [SEVERE ] player 2 placing token on slot 8
[2022-12-10 13:05:24] [SEVERE ] player 2 placing token on slot 7
[2022-12-10 13:05:24] [SEVERE ] removing player 2 token from slot 7
[2022-12-10 13:05:24] [SEVERE ] removing player 2 token from slot 8
[2022-12-10 13:05:24] [SEVERE ] removing player 2 token from slot 10
[2022-12-10 13:05:24] [SEVERE ] player 2 placing token on slot 6
[2022-12-10 13:05:24] [SEVERE ] player 2 placing token on slot 0
[2022-12-10 13:05:24] [SEVERE ] player 2 placing token on slot 11
[2022-12-10 13:05:24] [SEVERE ] removing player 2 token from slot 0
[2022-12-10 13:05:24] [SEVERE ] removing player 2 token from slot 6
[2022-12-10 13:05:24] [SEVERE ] removing player 2 token from slot 11
[2022-12-10 13:05:24] [SEVERE ] player 2 placing token on slot 6
[2022-12-10 13:05:24] [SEVERE ] player 2 placing token on slot 0
[2022-12-10 13:05:24] [SEVERE ] player 2 placing token on slot 9
[2022-12-10 13:05:24] [SEVERE ] removing player 2 token from slot 0
[2022-12-10 13:05:24] [SEVERE ] removing player 2 token from slot 6
[2022-12-10 13:05:24] [SEVERE ] removing player 2 token from slot 9
[2022-12-10 13:05:24] [SEVERE ] player 2 placing token on slot 1
[2022-12-10 13:05:24] [SEVERE ] player 2 placing token on slot 7
[2022-12-10 13:05:24] [SEVERE ] player 2 placing token on slot 8
[2022-12-10 13:05:24] [SEVERE ] removing player 2 token from slot 1
[2022-12-10 13:05:24] [SEVERE ] removing player 2 token from slot 7
[2022-12-10 13:05:24] [SEVERE ] removing player 2 token from slot 8
[2022-12-10 13:05:24] [SEVERE ] player 2 placing token on slot 5
[2022-12-10 13:05:24] [SEVERE ] player 2 placing token on slot 3
[2022-12-10 13:05:24] [SEVERE ] player 2 placing token on slot 11
[2022-12-10 13:05:24] [SEVERE ] removing player 2 token from slot 3
[2022-12-10 13:05:24] [SEVERE ] removing player 2 token from slot 5
[2022-12-10 13:05:24] [SEVERE ] removing player 2 token from slot 11
[2022-12-10 13:05:24] [SEVERE ] player 2 placing token on slot 5
[2022-12-10 13:05:24] [SEVERE ] player 2 placing token on slot 6
[2022-12-10 13:05:25] [SEVERE ] player 2 placing token on slot 11
[2022-12-10 13:05:25] [SEVERE ] removing player 2 token from slot 5
[2022-12-10 13:05:25] [SEVERE ] removing player 2 token from slot 6
[2022-12-10 13:05:25] [SEVERE ] removing player 2 token from slot 11
[2022-12-10 13:05:25] [SEVERE ] player 2 placing token on slot 3
[2022-12-10 13:05:25] [SEVERE ] player 2 placing token on slot 6
[2022-12-10 13:05:25] [SEVERE ] player 2 placing token on slot 10
[2022-12-10 13:05:25] [SEVERE ] removing player 2 token from slot 3
[2022-12-10 13:05:25] [SEVERE ] removing player 2 token from slot 6
[2022-12-10 13:05:25] [SEVERE ] removing player 2 token from slot 10
[2022-12-10 13:05:25] [SEVERE ] player 2 placing token on slot 2
[2022-12-10 13:05:25] [SEVERE ] player 2 placing token on slot 5
[2022-12-10 13:05:25] [SEVERE ] player 2 placing token on slot 0
[2022-12-10 13:05:25] [SEVERE ] removing player 2 token from slot 0
[2022-12-10 13:05:25] [SEVERE ] removing player 2 token from slot 2
[2022-12-10 13:05:25] [SEVERE ] removing player 2 token from slot 5
[2022-12-10 13:05:25] [SEVERE ] player 2 placing token on slot 1
[2022-12-10 13:05:25] [SEVERE ] player 2 placing token on slot 2
[2022-12-10 13:05:25] [SEVERE ] player 2 placing token on slot 11
[2022-12-10 13:05:25] [SEVERE ] removing player 2 token from slot 1
[2022-12-10 13:05:25] [SEVERE ] removing player 2 token from slot 2
[2022-12-10 13:05:25] [SEVERE ] removing player 2 token from slot 11
[2022-12-10 13:05:25] [SEVERE ] player 2 placing token on slot 1
[2022-12-10 13:05:25] [SEVERE ] player 2 placing token on slot 0
[2022-12-10 13:05:25] [SEVERE ] player 2 placing token on slot 4
[2022-12-10 13:05:25] [SEVERE ] removing player 2 token from slot 0
[2022-12-10 13:05:25] [SEVERE ] removing player 2 token from slot 1
[2022-12-10 13:05:25] [SEVERE ] removing player 2 token from slot 4
[2022-12-10 13:05:25] [SEVERE ] player 2 placing token on slot 4
[2022-12-10 13:05:25] [SEVERE ] player 2 placing token on slot 1
[2022-12-10 13:05:25] [SEVERE ] player 2 placing token on slot 0
[2022-12-10 13:05:25] [SEVERE ] removing player 2 token from slot 0
[2022-12-10 13:05:25] [SEVERE ] removing player 2 token from slot 1
[2022-12-10 13:05:25] [SEVERE ] removing player 2 token from slot 4
[2022-12-10 13:05:25] [SEVERE ] player 2 placing token on slot 10
[2022-12-10 13:05:25] [SEVERE ] player 2 placing token on slot 4
[2022-12-10 13:05:25] [SEVERE ] player 2 placing token on slot 6
[2022-12-10 13:05:25] [SEVERE ] removing player 2 token from slot 4
[2022-12-10 13:05:25] [SEVERE ] removing player 2 token from slot 6
[2022-12-10 13:05:25] [SEVERE ] removing player 2 token from slot 10
[2022-12-10 13:05:25] [SEVERE ] player 2 placing token on slot 0
[2022-12-10 13:05:25] [SEVERE ] player 2 placing token on slot 7
[2022-12-10 13:05:25] [SEVERE ] player 2 placing token on slot 2
[2022-12-10 13:05:25] [SEVERE ] removing player 2 token from slot 0
[2022-12-10 13:05:25] [SEVERE ] removing player 2 token from slot 2
[2022-12-10 13:05:25] [SEVERE ] removing player 2 token from slot 7
[2022-12-10 13:05:25] [SEVERE ] player 2 placing token on slot 1
[2022-12-10 13:05:25] [SEVERE ] player 2 placing token on slot 10
[2022-12-10 13:05:25] [SEVERE ] player 2 placing token on slot 4
[2022-12-10 13:05:25] [SEVERE ] removing player 2 token from slot 1
[2022-12-10 13:05:25] [SEVERE ] removing player 2 token from slot 4
[2022-12-10 13:05:25] [SEVERE ] removing player 2 token from slot 10
[2022-12-10 13:05:25] [SEVERE ] player 2 placing token on slot 11
[2022-12-10 13:05:25] [SEVERE ] player 2 placing token on slot 2
[2022-12-10 13:05:25] [SEVERE ] player 2 placing token on slot 4
[2022-12-10 13:05:25] [SEVERE ] removing player 2 token from slot 2
[2022-12-10 13:05:25] [SEVERE ] removing player 2 token from slot 4
[2022-12-10 13:05:25] [SEVERE ] removing player 2 token from slot 11
[2022-12-10 13:05:25] [SEVERE ] player 2 placing token on slot 8
[2022-12-10 13:05:25] [SEVERE ] player 2 placing token on slot 6
[2022-12-10 13:05:25] [SEVERE ] player 2 placing token on slot 11
[2022-12-10 13:05:25] [SEVERE ] removing player 2 token from slot 6
[2022-12-10 13:05:25] [SEVERE ] removing player 2 token from slot 8
[2022-12-10 13:05:25] [SEVERE ] removing player 2 token from slot 11
[2022-12-10 13:05:26] [SEVERE ] player 2 placing token on slot 9
[2022-12-10 13:05:26] [SEVERE ] player 2 placing token on slot 6
[2022-12-10 13:05:26] [SEVERE ] player 2 placing token on slot 2
[2022-12-10 13:05:26] [SEVERE ] removing player 2 token from slot 2
[2022-12-10 13:05:26] [SEVERE ] removing player 2 token from slot 6
[2022-12-10 13:05:26] [SEVERE ] removing player 2 token from slot 9
[2022-12-10 13:05:26] [SEVERE ] player 2 placing token on slot 3
[2022-12-10 13:05:26] [SEVERE ] player 2 placing token on slot 4
[2022-12-10 13:05:26] [SEVERE ] player 2 placing token on slot 8
[2022-12-10 13:05:26] [SEVERE ] removing player 2 token from slot 3
[2022-12-10 13:05:26] [SEVERE ] removing player 2 token from slot 4
[2022-12-10 13:05:26] [SEVERE ] removing player 2 token from slot 8
[2022-12-10 13:05:26] [SEVERE ] player 2 placing token on slot 6
[2022-12-10 13:05:26] [SEVERE ] player 2 placing token on slot 9
[2022-12-10 13:05:26] [SEVERE ] player 2 placing token on slot 4
[2022-12-10 13:05:26] [SEVERE ] removing player 2 token from slot 4
[2022-12-10 13:05:26] [SEVERE ] removing player 2 token from slot 6
[2022-12-10 13:05:26] [SEVERE ] removing player 2 token from slot 9
[2022-12-10 13:05:26] [SEVERE ] player 2 placing token on slot 0
[2022-12-10 13:05:26] [SEVERE ] player 2 placing token on slot 1
[2022-12-10 13:05:26] [SEVERE ] player 2 placing token on slot 7
[2022-12-10 13:05:26] [SEVERE ] removing player 2 token from slot 0
[2022-12-10 13:05:26] [SEVERE ] removing player 2 token from slot 1
[2022-12-10 13:05:26] [SEVERE ] removing player 2 token from slot 7
[2022-12-10 13:05:26] [SEVERE ] player 2 placing token on slot 7
[2022-12-10 13:05:26] [SEVERE ] player 2 placing token on slot 0
[2022-12-10 13:05:26] [SEVERE ] player 2 placing token on slot 8
[2022-12-10 13:05:26] [SEVERE ] removing player 2 token from slot 0
[2022-12-10 13:05:26] [SEVERE ] removing player 2 token from slot 7
[2022-12-10 13:05:26] [SEVERE ] removing player 2 token from slot 8
[2022-12-10 13:05:26] [SEVERE ] player 2 placing token on slot 0
[2022-12-10 13:05:26] [SEVERE ] player 2 placing token on slot 8
[2022-12-10 13:05:26] [SEVERE ] player 2 placing token on slot 4
[2022-12-10 13:05:26] [SEVERE ] removing player 2 token from slot 0
[2022-12-10 13:05:26] [SEVERE ] removing player 2 token from slot 4
[2022-12-10 13:05:26] [SEVERE ] removing player 2 token from slot 8
[2022-12-10 13:05:26] [SEVERE ] player 2 placing token on slot 8
[2022-12-10 13:05:26] [SEVERE ] player 2 placing token on slot 10
[2022-12-10 13:05:26] [SEVERE ] player 2 placing token on slot 0
[2022-12-10 13:05:26] [SEVERE ] removing player 2 token from slot 0
[2022-12-10 13:05:26] [SEVERE ] removing player 2 token from slot 8
[2022-12-10 13:05:26] [SEVERE ] removing player 2 token from slot 10
[2022-12-10 13:05:26] [SEVERE ] player 2 placing token on slot 3
[2022-12-10 13:05:26] [SEVERE ] player 2 placing token on slot 9
[2022-12-10 13:05:26] [SEVERE ] player 2 placing token on slot 7
[2022-12-10 13:05:26] [SEVERE ] removing player 2 token from slot 3
[2022-12-10 13:05:26] [SEVERE ] removing player 2 token from slot 7
[2022-12-10 13:05:26] [SEVERE ] removing player 2 token from slot 9
[2022-12-10 13:05:26] [SEVERE ] player 2 placing token on slot 0
[2022-12-10 13:05:26] [SEVERE ] player 2 placing token on slot 8
[2022-12-10 13:05:26] [SEVERE ] player 2 placing token on slot 4
[2022-12-10 13:05:26] [SEVERE ] removing player 2 token from slot 0
[2022-12-10 13:05:26] [SEVERE ] removing player 2 token from slot 4
[2022-12-10 13:05:26] [SEVERE ] removing player 2 token from slot 8
[2022-12-10 13:05:26] [SEVERE ] player 2 placing token on slot 0
[2022-12-10 13:05:26] [SEVERE ] player 2 placing token on slot 10
[2022-12-10 13:05:26] [SEVERE ] player 2 placing token on slot 8
[2022-12-10 13:05:26] [SEVERE ] removing player 2 token from slot 0
[2022-12-10 13:05:26] [SEVERE ] removing player 2 token from slot 8
[2022-12-10 13:05:26] [SEVERE ] removing player 2 token from slot 10
[2022-12-10 13:05:26] [SEVERE ] player 2 placing token on slot 7
[2022-12-10 13:05:26] [SEVERE ] player 2 placing token on slot 2
[2022-12-10 13:05:26] [SEVERE ] player 2 placing token on slot 11
[2022-12-10 13:05:26] [SEVERE ] removing player 2 token from slot 2
[2022-12-10 13:05:26] [SEVERE ] removing player 2 token from slot 7
[2022-12-10 13:05:26] [SEVERE ] removing player 2 token from slot 11
[2022-12-10 13:05:27] [SEVERE ] player 2 placing token on slot 2
[2022-12-10 13:05:27] [SEVERE ] player 2 placing token on slot 11
[2022-12-10 13:05:27] [SEVERE ] player 2 placing token on slot 4
[2022-12-10 13:05:27] [SEVERE ] removing player 2 token from slot 2
[2022-12-10 13:05:27] [SEVERE ] removing player 2 token from slot 4
[2022-12-10 13:05:27] [SEVERE ] removing player 2 token from slot 11
[2022-12-10 13:05:27] [SEVERE ] player 2 placing token on slot 0
[2022-12-10 13:05:27] [SEVERE ] player 2 placing token on slot 4
[2022-12-10 13:05:27] [SEVERE ] player 2 placing token on slot 2
[2022-12-10 13:05:27] [SEVERE ] removing player 2 token from slot 0
[2022-12-10 13:05:27] [SEVERE ] removing player 2 token from slot 2
[2022-12-10 13:05:27] [SEVERE ] removing player 2 token from slot 4
[2022-12-10 13:05:27] [SEVERE ] player 2 placing token on slot 7
[2022-12-10 13:05:27] [SEVERE ] player 2 placing token on slot 1
[2022-12-10 13:05:27] [SEVERE ] player 2 placing token on slot 10
[2022-12-10 13:05:27] [SEVERE ] removing player 2 token from slot 1
[2022-12-10 13:05:27] [SEVERE ] removing player 2 token from slot 7
[2022-12-10 13:05:27] [SEVERE ] removing player 2 token from slot 10
[2022-12-10 13:05:27] [SEVERE ] player 2 placing token on slot 10
[2022-12-10 13:05:27] [SEVERE ] player 2 placing token on slot 5
[2022-12-10 13:05:27] [SEVERE ] player 2 placing token on slot 9
[2022-12-10 13:05:27] [SEVERE ] removing player 2 token from slot 5
[2022-12-10 13:05:27] [SEVERE ] removing player 2 token from slot 9
[2022-12-10 13:05:27] [SEVERE ] removing player 2 token from slot 10
[2022-12-10 13:05:27] [SEVERE ] player 2 placing token on slot 9
[2022-12-10 13:05:27] [SEVERE ] player 2 placing token on slot 8
[2022-12-10 13:05:27] [SEVERE ] player 2 placing token on slot 10
[2022-12-10 13:05:27] [SEVERE ] removing player 2 token from slot 8
[2022-12-10 13:05:27] [SEVERE ] removing player 2 token from slot 9
[2022-12-10 13:05:27] [SEVERE ] removing player 2 token from slot 10
[2022-12-10 13:05:27] [SEVERE ] player 2 placing token on slot 2
[2022-12-10 13:05:27] [SEVERE ] player 2 placing token on slot 9
[2022-12-10 13:05:27] [SEVERE ] player 2 placing token on slot 6
[2022-12-10 13:05:27] [SEVERE ] removing player 2 token from slot 2
[2022-12-10 13:05:27] [SEVERE ] removing player 2 token from slot 6
[2022-12-10 13:05:27] [SEVERE ] removing player 2 token from slot 9
[2022-12-10 13:05:27] [SEVERE ] player 2 placing token on slot 9
[2022-12-10 13:05:27] [SEVERE ] player 2 placing token on slot 4
[2022-12-10 13:05:27] [SEVERE ] player 2 placing token on slot 2
[2022-12-10 13:05:27] [SEVERE ] removing player 2 token from slot 2
[2022-12-10 13:05:27] [SEVERE ] removing player 2 token from slot 4
[2022-12-10 13:05:27] [SEVERE ] removing player 2 token from slot 9
[2022-12-10 13:05:27] [SEVERE ] player 2 placing token on slot 8
[2022-12-10 13:05:27] [SEVERE ] player 2 placing token on slot 9
[2022-12-10 13:05:27] [SEVERE ] player 2 placing token on slot 1
[2022-12-10 13:05:27] [SEVERE ] removing player 2 token from slot 1
[2022-12-10 13:05:27] [SEVERE ] removing player 2 token from slot 8
[2022-12-10 13:05:27] [SEVERE ] removing player 2 token from slot 9
[2022-12-10 13:05:27] [SEVERE ] player 2 placing token on slot 5
[2022-12-10 13:05:27] [SEVERE ] player 2 placing token on slot 9
[2022-12-10 13:05:27] [SEVERE ] player 2 placing token on slot 8
[2022-12-10 13:05:27] [SEVERE ] removing player 2 token from slot 5
[2022-12-10 13:05:27] [SEVERE ] removing player 2 token from slot 8
[2022-12-10 13:05:27] [SEVERE ] removing player 2 token from slot 9
[2022-12-10 13:05:27] [SEVERE ] player 2 placing token on slot 8
[2022-12-10 13:05:27] [SEVERE ] player 2 placing token on slot 11
[2022-12-10 13:05:27] [SEVERE ] player 2 placing token on slot 4
[2022-12-10 13:05:27] [SEVERE ] removing player 2 token from slot 4
[2022-12-10 13:05:27] [SEVERE ] removing player 2 token from slot 8
[2022-12-10 13:05:27] [SEVERE ] removing player 2 token from slot 11
[2022-12-10 13:05:27] [SEVERE ] player 2 placing token on slot 3
[2022-12-10 13:05:27] [SEVERE ] player 2 placing token on slot 10
[2022-12-10 13:05:28] [SEVERE ] player 2 placing token on slot 1
[2022-12-10 13:05:28] [SEVERE ] removing player 2 token from slot 1
[2022-12-10 13:05:28] [SEVERE ] removing player 2 token from slot 3
[2022-12-10 13:05:28] [SEVERE ] removing player 2 token from slot 10
[2022-12-10 13:05:28] [SEVERE ] player 2 placing token on slot 11
[2022-12-10 13:05:28] [SEVERE ] player 2 placing token on slot 7
[2022-12-10 13:05:28] [SEVERE ] player 2 placing token on slot 5
[2022-12-10 13:05:28] [SEVERE ] removing player 2 token from slot 5
[2022-12-10 13:05:28] [SEVERE ] removing player 2 token from slot 7
[2022-12-10 13:05:28] [SEVERE ] removing player 2 token from slot 11
[2022-12-10 13:05:28] [SEVERE ] player 2 placing token on slot 0
[2022-12-10 13:05:28] [SEVERE ] player 2 placing token on slot 6
[2022-12-10 13:05:28] [SEVERE ] player 2 placing token on slot 8
[2022-12-10 13:05:28] [SEVERE ] removing player 2 token from slot 0
[2022-12-10 13:05:28] [SEVERE ] removing player 2 token from slot 6
[2022-12-10 13:05:28] [SEVERE ] removing player 2 token from slot 8
[2022-12-10 13:05:28] [SEVERE ] player 2 placing token on slot 11
[2022-12-10 13:05:28] [SEVERE ] player 2 placing token on slot 9
[2022-12-10 13:05:28] [SEVERE ] player 2 placing token on slot 2
[2022-12-10 13:05:28] [SEVERE ] removing player 2 token from slot 2
[2022-12-10 13:05:28] [SEVERE ] removing player 2 token from slot 9
[2022-12-10 13:05:28] [SEVERE ] removing player 2 token from slot 11
[2022-12-10 13:05:28] [SEVERE ] player 2 placing token on slot 8
[2022-12-10 13:05:28] [SEVERE ] player 2 placing token on slot 11
[2022-12-10 13:05:28] [SEVERE ] player 2 placing token on slot 0
[2022-12-10 13:05:28] [SEVERE ] removing player 2 token from slot 0
[2022-12-10 13:05:28] [SEVERE ] removing player 2 token from slot 8
[2022-12-10 13:05:28] [SEVERE ] removing player 2 token from slot 11
[2022-12-10 13:05:28] [SEVERE ] player 2 placing token on slot 1
[2022-12-10 13:05:28] [SEVERE ] player 2 placing token on slot 4
[2022-12-10 13:05:28] [SEVERE ] player 2 placing token on slot 7
[2022-12-10 13:05:28] [SEVERE ] removing player 2 token from slot 1
[2022-12-10 13:05:28] [SEVERE ] removing player 2 token from slot 4
[2022-12-10 13:05:28] [SEVERE ] removing player 2 token from slot 7
[2022-12-10 13:05:28] [SEVERE ] player 2 placing token on slot 7
[2022-12-10 13:05:28] [SEVERE ] player 2 placing token on slot 1
[2022-12-10 13:05:28] [SEVERE ] player 2 placing token on slot 5
[2022-12-10 13:05:28] [SEVERE ] removing player 2 token from slot 1
[2022-12-10 13:05:28] [SEVERE ] removing player 2 token from slot 5
[2022-12-10 13:05:28] [SEVERE ] removing player 2 token from slot 7
[2022-12-10 13:05:28] [SEVERE ] player 2 placing token on slot 2
[2022-12-10 13:05:28] [SEVERE ] player 2 placing token on slot 10
[2022-12-10 13:05:28] [SEVERE ] player 2 placing token on slot 9
[2022-12-10 13:05:28] [SEVERE ] removing player 2 token from slot 2
[2022-12-10 13:05:28] [SEVERE ] removing player 2 token from slot 9
[2022-12-10 13:05:28] [SEVERE ] removing player 2 token from slot 10
[2022-12-10 13:05:28] [SEVERE ] player 2 placing token on slot 5
[2022-12-10 13:05:28] [SEVERE ] player 2 placing token on slot 0
[2022-12-10 13:05:28] [SEVERE ] player 2 placing token on slot 1
[2022-12-10 13:05:28] [SEVERE ] removing player 2 token from slot 0
[2022-12-10 13:05:28] [SEVERE ] removing player 2 token from slot 1
[2022-12-10 13:05:28] [SEVERE ] removing player 2 token from slot 5
[2022-12-10 13:05:28] [SEVERE ] player 2 placing token on slot 6
[2022-12-10 13:05:28] [SEVERE ] player 2 placing token on slot 8
[2022-12-10 13:05:28] [SEVERE ] player 2 placing token on slot 4
[2022-12-10 13:05:28] [SEVERE ] removing player 2 token from slot 4
[2022-12-10 13:05:28] [SEVERE ] removing player 2 token from slot 6
[2022-12-10 13:05:28] [SEVERE ] removing player 2 token from slot 8
[2022-12-10 13:05:28] [SEVERE ] player 2 placing token on slot 5
[2022-12-10 13:05:28] [SEVERE ] player 2 placing token on slot 6
[2022-12-10 13:05:28] [SEVERE ] player 2 placing token on slot 8
[2022-12-10 13:05:28] [SEVERE ] removing player 2 token from slot 5
[2022-12-10 13:05:28] [SEVERE ] removing player 2 token from slot 6
[2022-12-10 13:05:28] [SEVERE ] removing player 2 token from slot 8
[2022-12-10 13:05:28] [SEVERE ] player 2 placing token on slot 11
[2022-12-10 13:05:28] [SEVERE ] player 2 placing token on slot 3
[2022-12-10 13:05:29] [SEVERE ] player 2 placing token on slot 5
[2022-12-10 13:05:29] [SEVERE ] removing player 2 token from slot 3
[2022-12-10 13:05:29] [SEVERE ] removing player 2 token from slot 5
[2022-12-10 13:05:29] [SEVERE ] removing player 2 token from slot 11
[2022-12-10 13:05:29] [SEVERE ] player 2 placing token on slot 6
[2022-12-10 13:05:29] [SEVERE ] player 2 placing token on slot 2
[2022-12-10 13:05:29] [SEVERE ] player 2 placing token on slot 10
[2022-12-10 13:05:29] [SEVERE ] removing player 2 token from slot 2
[2022-12-10 13:05:29] [SEVERE ] removing player 2 token from slot 6
[2022-12-10 13:05:29] [SEVERE ] removing player 2 token from slot 10
[2022-12-10 13:05:29] [SEVERE ] player 2 placing token on slot 10
[2022-12-10 13:05:29] [SEVERE ] player 2 placing token on slot 1
[2022-12-10 13:05:29] [SEVERE ] player 2 placing token on slot 11
[2022-12-10 13:05:29] [SEVERE ] removing player 2 token from slot 1
[2022-12-10 13:05:29] [SEVERE ] removing player 2 token from slot 10
[2022-12-10 13:05:29] [SEVERE ] removing player 2 token from slot 11
[2022-12-10 13:05:29] [SEVERE ] player 2 placing token on slot 4
[2022-12-10 13:05:29] [SEVERE ] player 2 placing token on slot 6
[2022-12-10 13:05:29] [SEVERE ] player 2 placing token on slot 10
[2022-12-10 13:05:29] [SEVERE ] removing player 2 token from slot 4
[2022-12-10 13:05:29] [SEVERE ] removing player 2 token from slot 6
[2022-12-10 13:05:29] [SEVERE ] removing player 2 token from slot 10
[2022-12-10 13:05:29] [SEVERE ] player 2 placing token on slot 11
[2022-12-10 13:05:29] [SEVERE ] player 2 placing token on slot 10
[2022-12-10 13:05:29] [SEVERE ] player 2 placing token on slot 2
[2022-12-10 13:05:29] [SEVERE ] removing player 2 token from slot 2
[2022-12-10 13:05:29] [SEVERE ] removing player 2 token from slot 10
[2022-12-10 13:05:29] [SEVERE ] removing player 2 token from slot 11
[2022-12-10 13:05:29] [SEVERE ] player 2 placing token on slot 9
[2022-12-10 13:05:29] [SEVERE ] player 2 placing token on slot 8
[2022-12-10 13:05:29] [SEVERE ] player 2 placing token on slot 11
[2022-12-10 13:05:29] [SEVERE ] removing player 2 token from slot 8
[2022-12-10 13:05:29] [SEVERE ] removing player 2 token from slot 9
[2022-12-10 13:05:29] [SEVERE ] removing player 2 token from slot 11
[2022-12-10 13:05:29] [SEVERE ] player 2 placing token on slot 8
[2022-12-10 13:05:29] [SEVERE ] player 2 placing token on slot 11
[2022-12-10 13:05:29] [SEVERE ] player 2 placing token on slot 1
[2022-12-10 13:05:29] [SEVERE ] removing player 2 token from slot 1
[2022-12-10 13:05:29] [SEVERE ] removing player 2 token from slot 8
[2022-12-10 13:05:29] [SEVERE ] removing player 2 token from slot 11
[2022-12-10 13:05:29] [SEVERE ] player 2 placing token on slot 2
[2022-12-10 13:05:29] [SEVERE ] player 2 placing token on slot 9
[2022-12-10 13:05:29] [SEVERE ] player 2 placing token on slot 11
[2022-12-10 13:05:29] [SEVERE ] removing player 2 token from slot 2
[2022-12-10 13:05:29] [SEVERE ] removing player 2 token from slot 9
[2022-12-10 13:05:29] [SEVERE ] removing player 2 token from slot 11
[2022-12-10 13:05:29] [SEVERE ] player 2 placing token on slot 0
[2022-12-10 13:05:29] [SEVERE ] player 2 placing token on slot 2
[2022-12-10 13:05:29] [SEVERE ] player 2 placing token on slot 9
[2022-12-10 13:05:29] [SEVERE ] removing player 2 token from slot 0
[2022-12-10 13:05:29] [SEVERE ] removing player 2 token from slot 2
[2022-12-10 13:05:29] [SEVERE ] removing player 2 token from slot 9
[2022-12-10 13:05:29] [SEVERE ] player 2 placing token on slot 7
[2022-12-10 13:05:29] [SEVERE ] player 2 placing token on slot 11
[2022-12-10 13:05:29] [SEVERE ] player 2 placing token on slot 5
[2022-12-10 13:05:29] [SEVERE ] removing player 2 token from slot 5
[2022-12-10 13:05:29] [SEVERE ] removing player 2 token from slot 7
[2022-12-10 13:05:29] [SEVERE ] removing player 2 token from slot 11
[2022-12-10 13:05:29] [SEVERE ] player 2 placing token on slot 4
[2022-12-10 13:05:29] [SEVERE ] player 2 placing token on slot 6
[2022-12-10 13:05:29] [SEVERE ] player 2 placing token on slot 7
[2022-12-10 13:05:29] [SEVERE ] removing player 2 token from slot 4
[2022-12-10 13:05:29] [SEVERE ] removing player 2 token from slot 6
[2022-12-10 13:05:29] [SEVERE ] removing player 2 token from slot 7
[2022-12-10 13:05:29] [SEVERE ] player 2 placing token on slot 11
[2022-12-10 13:05:29] [SEVERE ] player 2 placing token on slot 6
[2022-12-10 13:05:30] [SEVERE ] player 2 placing token on slot 2
[2022-12-10 13:05:30] [SEVERE ] removing player 2 token from slot 2
[2022-12-10 13:05:30] [SEVERE ] removing player 2 token from slot 6
[2022-12-10 13:05:30] [SEVERE ] removing player 2 token from slot 11
[2022-12-10 13:05:30] [SEVERE ] player 2 placing token on slot 6
[2022-12-10 13:05:30] [SEVERE ] player 2 placing token on slot 0
[2022-12-10 13:05:30] [SEVERE ] player 2 placing token on slot 2
[2022-12-10 13:05:30] [SEVERE ] removing player 2 token from slot 0
[2022-12-10 13:05:30] [SEVERE ] removing player 2 token from slot 2
[2022-12-10 13:05:30] [SEVERE ] removing player 2 token from slot 6
[2022-12-10 13:05:30] [SEVERE ] player 2 placing token on slot 9
[2022-12-10 13:05:30] [SEVERE ] player 2 placing token on slot 7
[2022-12-10 13:05:30] [SEVERE ] player 2 placing token on slot 5
[2022-12-10 13:05:30] [SEVERE ] removing player 2 token from slot 5
[2022-12-10 13:05:30] [SEVERE ] removing player 2 token from slot 7
[2022-12-10 13:05:30] [SEVERE ] removing player 2 token from slot 9
[2022-12-10 13:05:30] [SEVERE ] player 2 placing token on slot 3
[2022-12-10 13:05:30] [SEVERE ] player 2 placing token on slot 1
[2022-12-10 13:05:30] [SEVERE ] player 2 placing token on slot 11
[2022-12-10 13:05:30] [SEVERE ] removing player 2 token from slot 1
[2022-12-10 13:05:30] [SEVERE ] removing player 2 token from slot 3
[2022-12-10 13:05:30] [SEVERE ] removing player 2 token from slot 11
[2022-12-10 13:05:30] [SEVERE ] player 2 placing token on slot 11
[2022-12-10 13:05:30] [SEVERE ] player 2 placing token on slot 5
[2022-12-10 13:05:30] [SEVERE ] player 2 placing token on slot 2
[2022-12-10 13:05:30] [SEVERE ] removing player 2 token from slot 2
[2022-12-10 13:05:30] [SEVERE ] removing player 2 token from slot 5
[2022-12-10 13:05:30] [SEVERE ] removing player 2 token from slot 11
[2022-12-10 13:05:30] [SEVERE ] player 2 placing token on slot 1
[2022-12-10 13:05:30] [SEVERE ] player 2 placing token on slot 0
[2022-12-10 13:05:30] [SEVERE ] player 2 placing token on slot 11
[2022-12-10 13:05:30] [SEVERE ] removing player 2 token from slot 0
[2022-12-10 13:05:30] [SEVERE ] removing player 2 token from slot 1
[2022-12-10 13:05:30] [SEVERE ] removing player 2 token from slot 11
[2022-12-10 13:05:30] [SEVERE ] player 2 placing token on slot 7
[2022-12-10 13:05:30] [SEVERE ] player 2 placing token on slot 5
[2022-12-10 13:05:30] [SEVERE ] player 2 placing token on slot 2
[2022-12-10 13:05:30] [SEVERE ] removing player 2 token from slot 2
[2022-12-10 13:05:30] [SEVERE ] removing player 2 token from slot 5
[2022-12-10 13:05:30] [SEVERE ] removing player 2 token from slot 7
[2022-12-10 13:05:30] [SEVERE ] player 2 placing token on slot 3
[2022-12-10 13:05:30] [SEVERE ] player 2 placing token on slot 1
[2022-12-10 13:05:30] [SEVERE ] player 2 placing token on slot 5
[2022-12-10 13:05:30] [SEVERE ] removing player 2 token from slot 1
[2022-12-10 13:05:30] [SEVERE ] removing player 2 token from slot 3
[2022-12-10 13:05:30] [SEVERE ] removing player 2 token from slot 5
[2022-12-10 13:05:30] [SEVERE ] player 2 placing token on slot 1
[2022-12-10 13:05:30] [SEVERE ] player 2 placing token on slot 6
[2022-12-10 13:05:30] [SEVERE ] player 2 placing token on slot 9
[2022-12-10 13:05:30] [SEVERE ] removing player 2 token from slot 1
[2022-12-10 13:05:30] [SEVERE ] removing player 2 token from slot 6
[2022-12-10 13:05:30] [SEVERE ] removing player 2 token from slot 9
[2022-12-10 13:05:30] [SEVERE ] player 2 placing token on slot 6
[2022-12-10 13:05:30] [SEVERE ] player 2 placing token on slot 1
[2022-12-10 13:05:30] [SEVERE ] player 2 placing token on slot 9
[2022-12-10 13:05:30] [SEVERE ] removing player 2 token from slot 1
[2022-12-10 13:05:30] [SEVERE ] removing player 2 token from slot 6
[2022-12-10 13:05:30] [SEVERE ] removing player 2 token from slot 9
[2022-12-10 13:05:30] [SEVERE ] player 2 placing token on slot 11
[2022-12-10 13:05:30] [SEVERE ] player 2 placing token on slot 1
[2022-12-10 13:05:30] [SEVERE ] player 2 placing token on slot 6
[2022-12-10 13:05:30] [SEVERE ] removing player 2 token from slot 1
[2022-12-10 13:05:30] [SEVERE ] removing player 2 token from slot 6
[2022-12-10 13:05:30] [SEVERE ] removing player 2 token from slot 11
[2022-12-10 13:05:30] [SEVERE ] player 2 placing token on slot 0
[2022-12-10 13:05:30] [SEVERE ] player 2 placing token on slot 9
[2022-12-10 13:05:31] [SEVERE ] player 2 placing token on slot 6
[2022-12-10 13:05:31] [SEVERE ] removing player 2 token from slot 0
[2022-12-10 13:05:31] [SEVERE ] removing player 2 token from slot 6
[2022-12-10 13:05:31] [SEVERE ] removing player 2 token from slot 9
[2022-12-10 13:05:31] [SEVERE ] player 2 placing token on slot 11
[2022-12-10 13:05:31] [SEVERE ] player 2 placing token on slot 8
[2022-12-10 13:05:31] [SEVERE ] player 2 placing token on slot 2
[2022-12-10 13:05:31] [SEVERE ] removing player 2 token from slot 2
[2022-12-10 13:05:31] [SEVERE ] removing player 2 token from slot 8
[2022-12-10 13:05:31] [SEVERE ] removing player 2 token from slot 11
[2022-12-10 13:05:31] [SEVERE ] player 2 placing token on slot 3
[2022-12-10 13:05:31] [SEVERE ] player 2 placing token on slot 9
[2022-12-10 13:05:31] [SEVERE ] player 2 placing token on slot 8
[2022-12-10 13:05:31] [SEVERE ] removing player 2 token from slot 3
[2022-12-10 13:05:31] [SEVERE ] removing player 2 token from slot 8
[2022-12-10 13:05:31] [SEVERE ] removing player 2 token from slot 9
[2022-12-10 13:05:31] [SEVERE ] player 2 placing token on slot 6
[2022-12-10 13:05:31] [SEVERE ] player 2 placing token on slot 11
[2022-12-10 13:05:31] [SEVERE ] player 2 placing token on slot 10
[2022-12-10 13:05:31] [SEVERE ] removing player 2 token from slot 6
[2022-12-10 13:05:31] [SEVERE ] removing player 2 token from slot 10
[2022-12-10 13:05:31] [SEVERE ] removing player 2 token from slot 11
[2022-12-10 13:05:31] [SEVERE ] player 2 placing token on slot 2
[2022-12-10 13:05:31] [SEVERE ] player 2 placing token on slot 5
[2022-12-10 13:05:31] [SEVERE ] player 2 placing token on slot 7
[2022-12-10 13:05:31] [SEVERE ] removing player 2 token from slot 2
[2022-12-10 13:05:31] [SEVERE ] removing player 2 token from slot 5
[2022-12-10 13:05:31] [SEVERE ] removing player 2 token from slot 7
[2022-12-10 13:05:31] [SEVERE ] player 2 placing token on slot 6
[2022-12-10 13:05:31] [SEVERE ] player 2 placing token on slot 8
[2022-12-10 13:05:31] [SEVERE ] player 2 placing token on slot 2
[2022-12-10 13:05:31] [SEVERE ] removing player 2 token from slot 2
[2022-12-10 13:05:31] [SEVERE ] removing player 2 token from slot 6
[2022-12-10 13:05:31] [SEVERE ] removing player 2 token from slot 8
[2022-12-10 13:05:31] [SEVERE ] player 2 placing token on slot 4
[2022-12-10 13:05:31] [SEVERE ] player 2 placing token on slot 3
[2022-12-10 13:05:31] [SEVERE ] player 2 placing token on slot 2
[2022-12-10 13:05:31] [SEVERE ] removing player 2 token from slot 2
[2022-12-10 13:05:31] [SEVERE ] removing player 2 token from slot 3
[2022-12-10 13:05:31] [SEVERE ] removing player 2 token from slot 4
[2022-12-10 13:05:31] [SEVERE ] player 2 placing token on slot 1
[2022-12-10 13:05:31] [SEVERE ] player 2 placing token on slot 11
[2022-12-10 13:05:31] [SEVERE ] player 2 placing token on slot 0
[2022-12-10 13:05:31] [SEVERE ] removing player 2 token from slot 0
[2022-12-10 13:05:31] [SEVERE ] removing player 2 token from slot 1
[2022-12-10 13:05:31] [SEVERE ] removing player 2 token from slot 11
[2022-12-10 13:05:31] [SEVERE ] player 2 placing token on slot 7
[2022-12-10 13:05:31] [SEVERE ] player 2 placing token on slot 3
[2022-12-10 13:05:31] [SEVERE ] player 2 placing token on slot 2
[2022-12-10 13:05:31] [SEVERE ] removing player 2 token from slot 2
[2022-12-10 13:05:31] [SEVERE ] removing player 2 token from slot 3
[2022-12-10 13:05:31] [SEVERE ] removing player 2 token from slot 7
[2022-12-10 13:05:31] [SEVERE ] player 2 placing token on slot 2
[2022-12-10 13:05:31] [SEVERE ] player 2 placing token on slot 11
[2022-12-10 13:05:31] [SEVERE ] player 2 placing token on slot 9
[2022-12-10 13:05:31] [SEVERE ] removing player 2 token from slot 2
[2022-12-10 13:05:31] [SEVERE ] removing player 2 token from slot 9
[2022-12-10 13:05:31] [SEVERE ] removing player 2 token from slot 11
[2022-12-10 13:05:31] [SEVERE ] player 2 placing token on slot 10
[2022-12-10 13:05:31] [SEVERE ] player 2 placing token on slot 8
[2022-12-10 13:05:31] [SEVERE ] player 2 placing token on slot 6
[2022-12-10 13:05:31] [SEVERE ] removing player 2 token from slot 6
[2022-12-10 13:05:31] [SEVERE ] removing player 2 token from slot 8
[2022-12-10 13:05:31] [SEVERE ] removing player 2 token from slot 10
[2022-12-10 13:05:31] [SEVERE ] player 2 placing token on slot 4
[2022-12-10 13:05:32] [SEVERE ] player 2 placing token on slot 0
[2022-12-10 13:05:32] [SEVERE ] player 2 placing token on slot 8
[2022-12-10 13:05:32] [SEVERE ] removing player 2 token from slot 0
[2022-12-10 13:05:32] [SEVERE ] removing player 2 token from slot 4
[2022-12-10 13:05:32] [SEVERE ] removing player 2 token from slot 8
[2022-12-10 13:05:32] [SEVERE ] player 2 placing token on slot 5
[2022-12-10 13:05:32] [SEVERE ] player 2 placing token on slot 9
[2022-12-10 13:05:32] [SEVERE ] player 2 placing token on slot 1
[2022-12-10 13:05:32] [SEVERE ] removing player 2 token from slot 1
[2022-12-10 13:05:32] [SEVERE ] removing player 2 token from slot 5
[2022-12-10 13:05:32] [SEVERE ] removing player 2 token from slot 9
[2022-12-10 13:05:32] [SEVERE ] player 2 placing token on slot 5
[2022-12-10 13:05:32] [SEVERE ] player 2 placing token on slot 0
[2022-12-10 13:05:32] [SEVERE ] player 2 placing token on slot 9
[2022-12-10 13:05:32] [SEVERE ] removing player 2 token from slot 0
[2022-12-10 13:05:32] [SEVERE ] removing player 2 token from slot 5
[2022-12-10 13:05:32] [SEVERE ] removing player 2 token from slot 9
[2022-12-10 13:05:32] [SEVERE ] player 2 placing token on slot 5
[2022-12-10 13:05:32] [SEVERE ] player 2 placing token on slot 11
[2022-12-10 13:05:32] [SEVERE ] player 2 placing token on slot 4
[2022-12-10 13:05:32] [SEVERE ] removing player 2 token from slot 4
[2022-12-10 13:05:32] [SEVERE ] removing player 2 token from slot 5
[2022-12-10 13:05:32] [SEVERE ] removing player 2 token from slot 11
[2022-12-10 13:05:32] [SEVERE ] player 2 placing token on slot 3
[2022-12-10 13:05:32] [SEVERE ] player 2 placing token on slot 11
[2022-12-10 13:05:32] [SEVERE ] player 2 placing token on slot 10
[2022-12-10 13:05:32] [SEVERE ] removing player 2 token from slot 3
[2022-12-10 13:05:32] [SEVERE ] removing player 2 token from slot 10
[2022-12-10 13:05:32] [SEVERE ] removing player 2 token from slot 11
[2022-12-10 13:05:32] [SEVERE ] player 2 placing token on slot 1
[2022-12-10 13:05:32] [SEVERE ] player 2 placing token on slot 8
[2022-12-10 13:05:32] [SEVERE ] player 2 placing token on slot 9
[2022-12-10 13:05:32] [SEVERE ] removing player 2 token from slot 1
[2022-12-10 13:05:32] [SEVERE ] removing player 2 token from slot 8
[2022-12-10 13:05:32] [SEVERE ] removing player 2 token from slot 9
[2022-12-10 13:05:32] [SEVERE ] player 2 placing token on slot 0
[2022-12-10 13:05:32] [SEVERE ] player 2 placing token on slot 5
[2022-12-10 13:05:32] [SEVERE ] player 2 placing token on slot 8
[2022-12-10 13:05:32] [SEVERE ] removing player 2 token from slot 0
[2022-12-10 13:05:32] [SEVERE ] removing player 2 token from slot 5
[2022-12-10 13:05:32] [SEVERE ] removing player 2 token from slot 8
[2022-12-10 13:05:32] [SEVERE ] player 2 placing token on slot 0
[2022-12-10 13:05:32] [SEVERE ] player 2 placing token on slot 9
[2022-12-10 13:05:32] [SEVERE ] player 2 placing token on slot 7
[2022-12-10 13:05:32] [SEVERE ] removing player 2 token from slot 0
[2022-12-10 13:05:32] [SEVERE ] removing player 2 token from slot 7
[2022-12-10 13:05:32] [SEVERE ] removing player 2 token from slot 9
[2022-12-10 13:05:32] [SEVERE ] player 2 placing token on slot 3
[2022-12-10 13:05:32] [SEVERE ] player 2 placing token on slot 7
[2022-12-10 13:05:32] [SEVERE ] player 2 placing token on slot 11
[2022-12-10 13:05:32] [SEVERE ] removing player 2 token from slot 3
[2022-12-10 13:05:32] [SEVERE ] removing player 2 token from slot 7
[2022-12-10 13:05:32] [SEVERE ] removing player 2 token from slot 11
[2022-12-10 13:05:32] [SEVERE ] player 2 placing token on slot 8
[2022-12-10 13:05:32] [SEVERE ] player 2 placing token on slot 1
[2022-12-10 13:05:32] [SEVERE ] player 2 placing token on slot 6
[2022-12-10 13:05:32] [SEVERE ] removing player 2 token from slot 1
[2022-12-10 13:05:32] [SEVERE ] removing player 2 token from slot 6
[2022-12-10 13:05:32] [SEVERE ] removing player 2 token from slot 8
[2022-12-10 13:05:32] [SEVERE ] player 2 placing token on slot 8
[2022-12-10 13:05:32] [SEVERE ] player 2 placing token on slot 2
[2022-12-10 13:05:33] [SEVERE ] player 2 placing token on slot 5
[2022-12-10 13:05:33] [SEVERE ] removing player 2 token from slot 2
[2022-12-10 13:05:33] [SEVERE ] removing player 2 token from slot 5
[2022-12-10 13:05:33] [SEVERE ] removing player 2 token from slot 8
[2022-12-10 13:05:33] [SEVERE ] player 2 placing token on slot 10
[2022-12-10 13:05:33] [SEVERE ] player 2 placing token on slot 4
[2022-12-10 13:05:33] [SEVERE ] player 2 placing token on slot 6
[2022-12-10 13:05:33] [SEVERE ] removing player 2 token from slot 4
[2022-12-10 13:05:33] [SEVERE ] removing player 2 token from slot 6
[2022-12-10 13:05:33] [SEVERE ] removing player 2 token from slot 10
[2022-12-10 13:05:33] [SEVERE ] player 2 placing token on slot 0
[2022-12-10 13:05:33] [SEVERE ] player 2 placing token on slot 10
[2022-12-10 13:05:33] [SEVERE ] player 2 placing token on slot 6
[2022-12-10 13:05:33] [SEVERE ] removing player 2 token from slot 0
[2022-12-10 13:05:33] [SEVERE ] removing player 2 token from slot 6
[2022-12-10 13:05:33] [SEVERE ] removing player 2 token from slot 10
[2022-12-10 13:05:33] [SEVERE ] player 2 placing token on slot 8
[2022-12-10 13:05:33] [SEVERE ] player 2 placing token on slot 10
[2022-12-10 13:05:33] [SEVERE ] player 2 placing token on slot 3
[2022-12-10 13:05:33] [SEVERE ] removing player 2 token from slot 3
[2022-12-10 13:05:33] [SEVERE ] removing player 2 token from slot 8
[2022-12-10 13:05:33] [SEVERE ] removing player 2 token from slot 10
[2022-12-10 13:05:33] [SEVERE ] player 2 placing token on slot 7
[2022-12-10 13:05:33] [SEVERE ] player 2 placing token on slot 3
[2022-12-10 13:05:33] [SEVERE ] player 2 placing token on slot 9
[2022-12-10 13:05:33] [SEVERE ] removing player 2 token from slot 3
[2022-12-10 13:05:33] [SEVERE ] removing player 2 token from slot 7
[2022-12-10 13:05:33] [SEVERE ] removing player 2 token from slot 9
[2022-12-10 13:05:33] [SEVERE ] player 2 placing token on slot 0
[2022-12-10 13:05:33] [SEVERE ] player 2 placing token on slot 1
[2022-12-10 13:05:33] [SEVERE ] player 2 placing token on slot 11
[2022-12-10 13:05:33] [SEVERE ] removing player 2 token from slot 0
[2022-12-10 13:05:33] [SEVERE ] removing player 2 token from slot 1
[2022-12-10 13:05:33] [SEVERE ] removing player 2 token from slot 11
[2022-12-10 13:05:33] [SEVERE ] player 2 placing token on slot 11
[2022-12-10 13:05:33] [SEVERE ] player 2 placing token on slot 4
[2022-12-10 13:05:33] [SEVERE ] player 2 placing token on slot 0
[2022-12-10 13:05:33] [SEVERE ] removing player 2 token from slot 0
[2022-12-10 13:05:33] [SEVERE ] removing player 2 token from slot 4
[2022-12-10 13:05:33] [SEVERE ] removing player 2 token from slot 11
[2022-12-10 13:05:33] [SEVERE ] player 2 placing token on slot 11
[2022-12-10 13:05:33] [SEVERE ] player 2 placing token on slot 3
[2022-12-10 13:05:33] [SEVERE ] player 2 placing token on slot 0
[2022-12-10 13:05:33] [SEVERE ] removing player 2 token from slot 0
[2022-12-10 13:05:33] [SEVERE ] removing player 2 token from slot 3
[2022-12-10 13:05:33] [SEVERE ] removing player 2 token from slot 11
[2022-12-10 13:05:33] [SEVERE ] player 2 placing token on slot 3
[2022-12-10 13:05:33] [SEVERE ] player 2 placing token on slot 11
[2022-12-10 13:05:33] [SEVERE ] player 2 placing token on slot 10
[2022-12-10 13:05:33] [SEVERE ] removing player 2 token from slot 3
[2022-12-10 13:05:33] [SEVERE ] removing player 2 token from slot 10
[2022-12-10 13:05:33] [SEVERE ] removing player 2 token from slot 11
[2022-12-10 13:05:33] [SEVERE ] player 2 placing token on slot 3
[2022-12-10 13:05:33] [SEVERE ] player 2 placing token on slot 2
[2022-12-10 13:05:33] [SEVERE ] player 2 placing token on slot 1
[2022-12-10 13:05:33] [SEVERE ] removing player 2 token from slot 1
[2022-12-10 13:05:33] [SEVERE ] removing player 2 token from slot 2
[2022-12-10 13:05:33] [SEVERE ] removing player 2 token from slot 3
[2022-12-10 13:05:33] [SEVERE ] player 2 placing token on slot 10
[2022-12-10 13:05:33] [SEVERE ] player 2 placing token on slot 1
[2022-12-10 13:05:33] [SEVERE ] player 2 placing token on slot 5
[2022-12-10 13:05:33] [SEVERE ] removing player 2 token from slot 1
[2022-12-10 13:05:33] [SEVERE ] removing player 2 token from slot 5
[2022-12-10 13:05:33] [SEVERE ] removing player 2 token from slot 10
[2022-12-10 13:05:33] [SEVERE ] player 2 placing token on slot 5
[2022-12-10 13:05:33] [SEVERE ] player 2 placing token on slot 0
[2022-12-10 13:05:33] [SEVERE ] player 2 placing token on slot 1
[2022-12-10 13:05:33] [SEVERE ] removing player 2 token from slot 0
[2022-12-10 13:05:33] [SEVERE ] removing player 2 token from slot 1
[2022-12-10 13:05:33] [SEVERE ] removing player 2 token from slot 5
[2022-12-10 13:05:34] [SEVERE ] player 2 placing token on slot 1
[2022-12-10 13:05:34] [SEVERE ] player 2 placing token on slot 7
[2022-12-10 13:05:34] [SEVERE ] player 2 placing token on slot 0
[2022-12-10 13:05:34] [SEVERE ] removing player 2 token from slot 0
[2022-12-10 13:05:34] [SEVERE ] removing player 2 token from slot 1
[2022-12-10 13:05:34] [SEVERE ] removing player 2 token from slot 7
[2022-12-10 13:05:34] [SEVERE ] player 2 placing token on slot 6
[2022-12-10 13:05:34] [SEVERE ] player 2 placing token on slot 7
[2022-12-10 13:05:34] [SEVERE ] player 2 placing token on slot 9
[2022-12-10 13:05:34] [SEVERE ] removing player 2 token from slot 6
[2022-12-10 13:05:34] [SEVERE ] removing player 2 token from slot 7
[2022-12-10 13:05:34] [SEVERE ] removing player 2 token from slot 9
[2022-12-10 13:05:34] [SEVERE ] player 2 placing token on slot 1
[2022-12-10 13:05:34] [SEVERE ] player 2 placing token on slot 7
[2022-12-10 13:05:34] [SEVERE ] player 2 placing token on slot 6
[2022-12-10 13:05:34] [SEVERE ] removing player 2 token from slot 1
[2022-12-10 13:05:34] [SEVERE ] removing player 2 token from slot 6
[2022-12-10 13:05:34] [SEVERE ] removing player 2 token from slot 7
[2022-12-10 13:05:34] [SEVERE ] player 2 placing token on slot 0
[2022-12-10 13:05:34] [SEVERE ] player 2 placing token on slot 11
[2022-12-10 13:05:34] [SEVERE ] player 2 placing token on slot 2
[2022-12-10 13:05:34] [SEVERE ] removing player 2 token from slot 0
[2022-12-10 13:05:34] [SEVERE ] removing player 2 token from slot 2
[2022-12-10 13:05:34] [SEVERE ] removing player 2 token from slot 11
[2022-12-10 13:05:34] [SEVERE ] player 2 placing token on slot 0
[2022-12-10 13:05:34] [SEVERE ] player 2 placing token on slot 7
[2022-12-10 13:05:34] [SEVERE ] player 2 placing token on slot 8
[2022-12-10 13:05:34] [SEVERE ] removing player 2 token from slot 0
[2022-12-10 13:05:34] [SEVERE ] removing player 2 token from slot 7
[2022-12-10 13:05:34] [SEVERE ] removing player 2 token from slot 8
[2022-12-10 13:05:34] [SEVERE ] player 2 placing token on slot 5
[2022-12-10 13:05:34] [SEVERE ] player 2 placing token on slot 2
[2022-12-10 13:05:34] [SEVERE ] player 2 placing token on slot 8
[2022-12-10 13:05:34] [SEVERE ] removing player 2 token from slot 2
[2022-12-10 13:05:34] [SEVERE ] removing player 2 token from slot 5
[2022-12-10 13:05:34] [SEVERE ] removing player 2 token from slot 8
[2022-12-10 13:05:34] [SEVERE ] player 2 placing token on slot 4
[2022-12-10 13:05:34] [SEVERE ] player 2 placing token on slot 10
[2022-12-10 13:05:34] [SEVERE ] player 2 placing token on slot 3
[2022-12-10 13:05:34] [SEVERE ] removing player 2 token from slot 3
[2022-12-10 13:05:34] [SEVERE ] removing player 2 token from slot 4
[2022-12-10 13:05:34] [SEVERE ] removing player 2 token from slot 10
[2022-12-10 13:05:34] [SEVERE ] player 2 placing token on slot 2
[2022-12-10 13:05:34] [SEVERE ] player 2 placing token on slot 6
[2022-12-10 13:05:34] [SEVERE ] player 2 placing token on slot 10
[2022-12-10 13:05:34] [SEVERE ] removing player 2 token from slot 2
[2022-12-10 13:05:34] [SEVERE ] removing player 2 token from slot 6
[2022-12-10 13:05:34] [SEVERE ] removing player 2 token from slot 10
[2022-12-10 13:05:34] [SEVERE ] player 2 placing token on slot 1
[2022-12-10 13:05:34] [SEVERE ] player 2 placing token on slot 0
[2022-12-10 13:05:34] [SEVERE ] player 2 placing token on slot 11
[2022-12-10 13:05:34] [SEVERE ] removing player 2 token from slot 0
[2022-12-10 13:05:34] [SEVERE ] removing player 2 token from slot 1
[2022-12-10 13:05:34] [SEVERE ] removing player 2 token from slot 11
[2022-12-10 13:05:34] [SEVERE ] player 2 placing token on slot 0
[2022-12-10 13:05:34] [SEVERE ] player 2 placing token on slot 10
[2022-12-10 13:05:34] [SEVERE ] player 2 placing token on slot 2
[2022-12-10 13:05:34] [SEVERE ] removing player 2 token from slot 0
[2022-12-10 13:05:34] [SEVERE ] removing player 2 token from slot 2
[2022-12-10 13:05:34] [SEVERE ] removing player 2 token from slot 10
[2022-12-10 13:05:34] [SEVERE ] player 2 placing token on slot 3
[2022-12-10 13:05:34] [SEVERE ] player 2 placing token on slot 7
[2022-12-10 13:05:35] [SEVERE ] player 2 placing token on slot 9
[2022-12-10 13:05:35] [SEVERE ] removing player 2 token from slot 3
[2022-12-10 13:05:35] [SEVERE ] removing player 2 token from slot 7
[2022-12-10 13:05:35] [SEVERE ] removing player 2 token from slot 9
[2022-12-10 13:05:35] [SEVERE ] player 2 placing token on slot 10
[2022-12-10 13:05:35] [SEVERE ] player 2 placing token on slot 9
[2022-12-10 13:05:35] [SEVERE ] player 2 placing token on slot 8
[2022-12-10 13:05:35] [SEVERE ] removing player 2 token from slot 8
[2022-12-10 13:05:35] [SEVERE ] removing player 2 token from slot 9
[2022-12-10 13:05:35] [SEVERE ] removing player 2 token from slot 10
[2022-12-10 13:05:35] [SEVERE ] player 2 placing token on slot 11
[2022-12-10 13:05:35] [SEVERE ] player 2 placing token on slot 1
[2022-12-10 13:05:35] [SEVERE ] player 2 placing token on slot 5
[2022-12-10 13:05:35] [SEVERE ] removing player 2 token from slot 1
[2022-12-10 13:05:35] [SEVERE ] removing player 2 token from slot 5
[2022-12-10 13:05:35] [SEVERE ] removing player 2 token from slot 11
[2022-12-10 13:05:35] [SEVERE ] player 2 placing token on slot 1
[2022-12-10 13:05:35] [SEVERE ] player 2 placing token on slot 8
[2022-12-10 13:05:35] [SEVERE ] player 2 placing token on slot 0
[2022-12-10 13:05:35] [SEVERE ] removing player 2 token from slot 0
[2022-12-10 13:05:35] [SEVERE ] removing player 2 token from slot 1
[2022-12-10 13:05:35] [SEVERE ] removing player 2 token from slot 8
[2022-12-10 13:05:35] [SEVERE ] player 2 placing token on slot 6
[2022-12-10 13:05:35] [SEVERE ] player 2 placing token on slot 10
[2022-12-10 13:05:35] [SEVERE ] player 2 placing token on slot 7
[2022-12-10 13:05:35] [SEVERE ] removing player 2 token from slot 6
[2022-12-10 13:05:35] [SEVERE ] removing player 2 token from slot 7
[2022-12-10 13:05:35] [SEVERE ] removing player 2 token from slot 10
[2022-12-10 13:05:35] [SEVERE ] player 2 placing token on slot 7
[2022-12-10 13:05:35] [SEVERE ] player 2 placing token on slot 2
[2022-12-10 13:05:35] [SEVERE ] player 2 placing token on slot 3
[2022-12-10 13:05:35] [SEVERE ] removing player 2 token from slot 2
[2022-12-10 13:05:35] [SEVERE ] removing player 2 token from slot 3
[2022-12-10 13:05:35] [SEVERE ] removing player 2 token from slot 7
[2022-12-10 13:05:35] [SEVERE ] player 2 placing token on slot 0
[2022-12-10 13:05:35] [SEVERE ] player 2 placing token on slot 1
[2022-12-10 13:05:35] [SEVERE ] player 2 placing token on slot 2
[2022-12-10 13:05:35] [SEVERE ] removing player 2 token from slot 0
[2022-12-10 13:05:35] [SEVERE ] removing player 2 token from slot 1
[2022-12-10 13:05:35] [SEVERE ] removing player 2 token from slot 2
[2022-12-10 13:05:35] [SEVERE ] player 2 placing token on slot 0
[2022-12-10 13:05:35] [SEVERE ] player 2 placing token on slot 5
[2022-12-10 13:05:35] [SEVERE ] player 2 placing token on slot 6
[2022-12-10 13:05:35] [SEVERE ] removing player 2 token from slot 0
[2022-12-10 13:05:35] [SEVERE ] removing player 2 token from slot 5
[2022-12-10 13:05:35] [SEVERE ] removing player 2 token from slot 6
[2022-12-10 13:05:35] [SEVERE ] player 2 placing token on slot 7
[2022-12-10 13:05:35] [SEVERE ] player 2 placing token on slot 8
[2022-12-10 13:05:35] [SEVERE ] player 2 placing token on slot 5
[2022-12-10 13:05:35] [SEVERE ] removing player 2 token from slot 5
[2022-12-10 13:05:35] [SEVERE ] removing player 2 token from slot 7
[2022-12-10 13:05:35] [SEVERE ] removing player 2 token from slot 8
[2022-12-10 13:05:35] [SEVERE ] player 2 placing token on slot 2
[2022-12-10 13:05:35] [SEVERE ] player 2 placing token on slot 11
[2022-12-10 13:05:35] [SEVERE ] player 2 placing token on slot 5
[2022-12-10 13:05:35] [SEVERE ] removing player 2 token from slot 2
[2022-12-10 13:05:35] [SEVERE ] removing player 2 token from slot 5
[2022-12-10 13:05:35] [SEVERE ] removing player 2 token from slot 11
[2022-12-10 13:05:35] [SEVERE ] player 2 placing token on slot 0
[2022-12-10 13:05:35] [SEVERE ] player 2 placing token on slot 9
[2022-12-10 13:05:35] [SEVERE ] player 2 placing token on slot 7
[2022-12-10 13:05:35] [SEVERE ] removing player 2 token from slot 0
[2022-12-10 13:05:35] [SEVERE ] removing player 2 token from slot 7
[2022-12-10 13:05:35] [SEVERE ] removing player 2 token from slot 9
[2022-12-10 13:05:35] [SEVERE ] player 2 placing token on slot 1
[2022-12-10 13:05:36] [SEVERE ] player 2 placing token on slot 4
[2022-12-10 13:05:36] [SEVERE ] player 2 placing token on slot 2
[2022-12-10 13:05:36] [SEVERE ] removing player 2 token from slot 1
[2022-12-10 13:05:36] [SEVERE ] removing player 2 token from slot 2
[2022-12-10 13:05:36] [SEVERE ] removing player 2 token from slot 4
[2022-12-10 13:05:36] [SEVERE ] player 2 placing token on slot 8
[2022-12-10 13:05:36] [SEVERE ] player 2 placing token on slot 3
[2022-12-10 13:05:36] [SEVERE ] player 2 placing token on slot 2
[2022-12-10 13:05:36] [SEVERE ] removing player 2 token from slot 2
[2022-12-10 13:05:36] [SEVERE ] removing player 2 token from slot 3
[2022-12-10 13:05:36] [SEVERE ] removing player 2 token from slot 8
[2022-12-10 13:05:36] [SEVERE ] player 2 placing token on slot 3
[2022-12-10 13:05:36] [SEVERE ] player 2 placing token on slot 0
[2022-12-10 13:05:36] [SEVERE ] player 2 placing token on slot 6
[2022-12-10 13:05:36] [SEVERE ] removing player 2 token from slot 0
[2022-12-10 13:05:36] [SEVERE ] removing player 2 token from slot 3
[2022-12-10 13:05:36] [SEVERE ] removing player 2 token from slot 6
[2022-12-10 13:05:36] [SEVERE ] player 2 placing token on slot 6
[2022-12-10 13:05:36] [SEVERE ] player 2 placing token on slot 8
[2022-12-10 13:05:36] [SEVERE ] player 2 placing token on slot 11
[2022-12-10 13:05:36] [SEVERE ] removing player 2 token from slot 6
[2022-12-10 13:05:36] [SEVERE ] removing player 2 token from slot 8
[2022-12-10 13:05:36] [SEVERE ] removing player 2 token from slot 11
[2022-12-10 13:05:36] [SEVERE ] player 2 placing token on slot 5
[2022-12-10 13:05:36] [SEVERE ] player 2 placing token on slot 6
[2022-12-10 13:05:36] [SEVERE ] player 2 placing token on slot 2
[2022-12-10 13:05:36] [SEVERE ] removing player 2 token from slot 2
[2022-12-10 13:05:36] [SEVERE ] removing player 2 token from slot 5
[2022-12-10 13:05:36] [SEVERE ] removing player 2 token from slot 6
[2022-12-10 13:05:36] [SEVERE ] player 2 placing token on slot 8
[2022-12-10 13:05:36] [SEVERE ] player 2 placing token on slot 3
[2022-12-10 13:05:36] [SEVERE ] player 2 placing token on slot 1
[2022-12-10 13:05:36] [SEVERE ] removing player 2 token from slot 1
[2022-12-10 13:05:36] [SEVERE ] removing player 2 token from slot 3
[2022-12-10 13:05:36] [SEVERE ] removing player 2 token from slot 8
[2022-12-10 13:05:36] [SEVERE ] player 2 placing token on slot 5
[2022-12-10 13:05:36] [SEVERE ] player 2 placing token on slot 4
[2022-12-10 13:05:36] [SEVERE ] player 2 placing token on slot 0
[2022-12-10 13:05:36] [SEVERE ] removing player 2 token from slot 0
[2022-12-10 13:05:36] [SEVERE ] removing player 2 token from slot 4
[2022-12-10 13:05:36] [SEVERE ] removing player 2 token from slot 5
[2022-12-10 13:05:36] [SEVERE ] player 2 placing token on slot 10
[2022-12-10 13:05:36] [SEVERE ] player 2 placing token on slot 2
[2022-12-10 13:05:36] [SEVERE ] player 2 placing token on slot 3
[2022-12-10 13:05:36] [SEVERE ] removing player 2 token from slot 2
[2022-12-10 13:05:36] [SEVERE ] removing player 2 token from slot 3
[2022-12-10 13:05:36] [SEVERE ] removing player 2 token from slot 10
[2022-12-10 13:05:36] [SEVERE ] player 2 placing token on slot 1
[2022-12-10 13:05:36] [SEVERE ] player 2 placing token on slot 3
[2022-12-10 13:05:36] [SEVERE ] player 2 placing token on slot 6
[2022-12-10 13:05:36] [SEVERE ] removing player 2 token from slot 1
[2022-12-10 13:05:36] [SEVERE ] removing player 2 token from slot 3
[2022-12-10 13:05:36] [SEVERE ] removing player 2 token from slot 6
[2022-12-10 13:05:36] [SEVERE ] player 2 placing token on slot 6
[2022-12-10 13:05:36] [SEVERE ] player 2 placing token on slot 11
[2022-12-10 13:05:36] [SEVERE ] player 2 placing token on slot 3
[2022-12-10 13:05:36] [SEVERE ] removing player 2 token from slot 3
[2022-12-10 13:05:36] [SEVERE ] removing player 2 token from slot 6
[2022-12-10 13:05:36] [SEVERE ] removing player 2 token from slot 11
[2022-12-10 13:05:36] [SEVERE ] player 2 placing token on slot 7
[2022-12-10 13:05:36] [SEVERE ] player 2 placing token on slot 5
[2022-12-10 13:05:36] [SEVERE ] player 2 placing token on slot 3
[2022-12-10 13:05:36] [SEVERE ] removing player 2 token from slot 3
[2022-12-10 13:05:36] [SEVERE ] removing player 2 token from slot 5
[2022-12-10 13:05:36] [SEVERE ] removing player 2 token from slot 7
[2022-12-10 13:05:36] [SEVERE ] player 2 placing token on slot 3
[2022-12-10 13:05:37] [SEVERE ] player 2 placing token on slot 11
[2022-12-10 13:05:37] [SEVERE ] player 2 placing token on slot 10
[2022-12-10 13:05:37] [SEVERE ] removing player 2 token from slot 3
[2022-12-10 13:05:37] [SEVERE ] removing player 2 token from slot 10
[2022-12-10 13:05:37] [SEVERE ] removing player 2 token from slot 11
[2022-12-10 13:05:37] [SEVERE ] player 2 placing token on slot 5
[2022-12-10 13:05:37] [SEVERE ] player 2 placing token on slot 8
[2022-12-10 13:05:37] [SEVERE ] player 2 placing token on slot 4
[2022-12-10 13:05:37] [SEVERE ] removing player 2 token from slot 4
[2022-12-10 13:05:37] [SEVERE ] removing player 2 token from slot 5
[2022-12-10 13:05:37] [SEVERE ] removing player 2 token from slot 8
[2022-12-10 13:05:37] [SEVERE ] player 2 placing token on slot 8
[2022-12-10 13:05:37] [SEVERE ] player 2 placing token on slot 6
[2022-12-10 13:05:37] [SEVERE ] player 2 placing token on slot 11
[2022-12-10 13:05:37] [SEVERE ] removing player 2 token from slot 6
[2022-12-10 13:05:37] [SEVERE ] removing player 2 token from slot 8
[2022-12-10 13:05:37] [SEVERE ] removing player 2 token from slot 11
[2022-12-10 13:05:37] [SEVERE ] player 2 placing token on slot 6
[2022-12-10 13:05:37] [SEVERE ] player 2 placing token on slot 3
[2022-12-10 13:05:37] [SEVERE ] player 2 placing token on slot 7
[2022-12-10 13:05:37] [SEVERE ] removing player 2 token from slot 3
[2022-12-10 13:05:37] [SEVERE ] removing player 2 token from slot 6
[2022-12-10 13:05:37] [SEVERE ] removing player 2 token from slot 7
[2022-12-10 13:05:37] [SEVERE ] player 2 placing token on slot 8
[2022-12-10 13:05:37] [SEVERE ] player 2 placing token on slot 3
[2022-12-10 13:05:37] [SEVERE ] player 2 placing token on slot 1
[2022-12-10 13:05:37] [SEVERE ] removing player 2 token from slot 1
[2022-12-10 13:05:37] [SEVERE ] removing player 2 token from slot 3
[2022-12-10 13:05:37] [SEVERE ] removing player 2 token from slot 8
[2022-12-10 13:05:37] [SEVERE ] player 2 placing token on slot 5
[2022-12-10 13:05:37] [SEVERE ] player 2 placing token on slot 1
[2022-12-10 13:05:37] [SEVERE ] player 2 placing token on slot 0
[2022-12-10 13:05:37] [SEVERE ] removing player 2 token from slot 0
[2022-12-10 13:05:37] [SEVERE ] removing player 2 token from slot 1
[2022-12-10 13:05:37] [SEVERE ] removing player 2 token from slot 5
[2022-12-10 13:05:37] [SEVERE ] player 2 placing token on slot 4
[2022-12-10 13:05:37] [SEVERE ] player 2 placing token on slot 2
[2022-12-10 13:05:37] [SEVERE ] player 2 placing token on slot 8
[2022-12-10 13:05:37] [SEVERE ] removing player 2 token from slot 2
[2022-12-10 13:05:37] [SEVERE ] removing player 2 token from slot 4
[2022-12-10 13:05:37] [SEVERE ] removing player 2 token from slot 8
[2022-12-10 13:05:37] [SEVERE ] player 2 placing token on slot 9
[2022-12-10 13:05:37] [SEVERE ] player 2 placing token on slot 11
[2022-12-10 13:05:37] [SEVERE ] player 2 placing token on slot 6
[2022-12-10 13:05:37] [SEVERE ] removing player 2 token from slot 6
[2022-12-10 13:05:37] [SEVERE ] removing player 2 token from slot 9
[2022-12-10 13:05:37] [SEVERE ] removing player 2 token from slot 11
[2022-12-10 13:05:37] [SEVERE ] player 2 placing token on slot 11
[2022-12-10 13:05:37] [SEVERE ] player 2 placing token on slot 3
[2022-12-10 13:05:37] [SEVERE ] player 2 placing token on slot 4
[2022-12-10 13:05:37] [SEVERE ] removing player 2 token from slot 3
[2022-12-10 13:05:37] [SEVERE ] removing player 2 token from slot 4
[2022-12-10 13:05:37] [SEVERE ] removing player 2 token from slot 11
[2022-12-10 13:05:37] [SEVERE ] player 2 placing token on slot 10
[2022-12-10 13:05:37] [SEVERE ] player 2 placing token on slot 3
[2022-12-10 13:05:37] [SEVERE ] player 2 placing token on slot 2
[2022-12-10 13:05:37] [SEVERE ] removing player 2 token from slot 2
[2022-12-10 13:05:37] [SEVERE ] removing player 2 token from slot 3
[2022-12-10 13:05:37] [SEVERE ] removing player 2 token from slot 10
[2022-12-10 13:05:37] [SEVERE ] player 2 placing token on slot 1
[2022-12-10 13:05:37] [SEVERE ] player 2 placing token on slot 5
[2022-12-10 13:05:37] [SEVERE ] player 2 placing token on slot 11
[2022-12-10 13:05:37] [SEVERE ] removing player 2 token from slot 1
[2022-12-10 13:05:37] [SEVERE ] removing player 2 token from slot 5
[2022-12-10 13:05:37] [SEVERE ] removing player 2 token from slot 11
[2022-12-10 13:05:37] [SEVERE ] player 2 placing token on slot 5
[2022-12-10 13:05:38] [SEVERE ] player 2 placing token on slot 3
[2022-12-10 13:05:38] [SEVERE ] player 2 placing token on slot 4
[2022-12-10 13:05:38] [SEVERE ] removing player 2 token from slot 3
[2022-12-10 13:05:38] [SEVERE ] removing player 2 token from slot 4
[2022-12-10 13:05:38] [SEVERE ] removing player 2 token from slot 5
[2022-12-10 13:05:38] [SEVERE ] player 2 placing token on slot 2
[2022-12-10 13:05:38] [SEVERE ] player 2 placing token on slot 10
[2022-12-10 13:05:38] [SEVERE ] player 2 placing token on slot 7
[2022-12-10 13:05:38] [SEVERE ] removing player 2 token from slot 2
[2022-12-10 13:05:38] [SEVERE ] removing player 2 token from slot 7
[2022-12-10 13:05:38] [SEVERE ] removing player 2 token from slot 10
[2022-12-10 13:05:38] [SEVERE ] player 2 placing token on slot 6
[2022-12-10 13:05:38] [SEVERE ] player 2 placing token on slot 11
[2022-12-10 13:05:38] [SEVERE ] player 2 placing token on slot 8
[2022-12-10 13:05:38] [SEVERE ] removing player 2 token from slot 6
[2022-12-10 13:05:38] [SEVERE ] removing player 2 token from slot 8
[2022-12-10 13:05:38] [SEVERE ] removing player 2 token from slot 11
[2022-12-10 13:05:38] [SEVERE ] player 2 placing token on slot 0
[2022-12-10 13:05:38] [SEVERE ] player 2 placing token on slot 9
[2022-12-10 13:05:38] [SEVERE ] player 2 placing token on slot 2
[2022-12-10 13:05:38] [SEVERE ] removing player 2 token from slot 0
[2022-12-10 13:05:38] [SEVERE ] removing player 2 token from slot 2
[2022-12-10 13:05:38] [SEVERE ] removing player 2 token from slot 9
[2022-12-10 13:05:38] [SEVERE ] player 2 placing token on slot 2
[2022-12-10 13:05:38] [SEVERE ] player 2 placing token on slot 7
[2022-12-10 13:05:38] [SEVERE ] player 2 placing token on slot 8
[2022-12-10 13:05:38] [SEVERE ] removing player 2 token from slot 2
[2022-12-10 13:05:38] [SEVERE ] removing player 2 token from slot 7
[2022-12-10 13:05:38] [SEVERE ] removing player 2 token from slot 8
[2022-12-10 13:05:38] [SEVERE ] player 2 placing token on slot 1
[2022-12-10 13:05:38] [SEVERE ] player 2 placing token on slot 7
[2022-12-10 13:05:38] [SEVERE ] player 2 placing token on slot 3
[2022-12-10 13:05:38] [SEVERE ] removing player 2 token from slot 1
[2022-12-10 13:05:38] [SEVERE ] removing player 2 token from slot 3
[2022-12-10 13:05:38] [SEVERE ] removing player 2 token from slot 7
[2022-12-10 13:05:38] [SEVERE ] player 2 placing token on slot 10
[2022-12-10 13:05:38] [SEVERE ] player 2 placing token on slot 1
[2022-12-10 13:05:38] [SEVERE ] player 2 placing token on slot 9
[2022-12-10 13:05:38] [SEVERE ] removing player 2 token from slot 1
[2022-12-10 13:05:38] [SEVERE ] removing player 2 token from slot 9
[2022-12-10 13:05:38] [SEVERE ] removing player 2 token from slot 10
[2022-12-10 13:05:38] [SEVERE ] player 2 placing token on slot 5
[2022-12-10 13:05:38] [SEVERE ] player 2 placing token on slot 0
[2022-12-10 13:05:38] [SEVERE ] player 2 placing token on slot 8
[2022-12-10 13:05:38] [SEVERE ] removing player 2 token from slot 0
[2022-12-10 13:05:38] [SEVERE ] removing player 2 token from slot 5
[2022-12-10 13:05:38] [SEVERE ] removing player 2 token from slot 8
[2022-12-10 13:05:38] [SEVERE ] player 2 placing token on slot 3
[2022-12-10 13:05:38] [SEVERE ] player 2 placing token on slot 11
[2022-12-10 13:05:38] [SEVERE ] player 2 placing token on slot 8
[2022-12-10 13:05:38] [SEVERE ] removing player 2 token from slot 3
[2022-12-10 13:05:38] [SEVERE ] removing player 2 token from slot 8
[2022-12-10 13:05:38] [SEVERE ] removing player 2 token from slot 11
[2022-12-10 13:05:38] [SEVERE ] player 2 placing token on slot 2
[2022-12-10 13:05:38] [SEVERE ] player 2 placing token on slot 5
[2022-12-10 13:05:38] [SEVERE ] player 2 placing token on slot 11
[2022-12-10 13:05:38] [SEVERE ] removing player 2 token from slot 2
[2022-12-10 13:05:38] [SEVERE ] removing player 2 token from slot 5
[2022-12-10 13:05:38] [SEVERE ] removing player 2 token from slot 11
[2022-12-10 13:05:38] [SEVERE ] player 2 placing token on slot 3
[2022-12-10 13:05:38] [SEVERE ] player 2 placing token on slot 11
[2022-12-10 13:05:39] [SEVERE ] player 2 placing token on slot 4
[2022-12-10 13:05:39] [SEVERE ] removing player 2 token from slot 3
[2022-12-10 13:05:39] [SEVERE ] removing player 2 token from slot 4
[2022-12-10 13:05:39] [SEVERE ] removing player 2 token from slot 11
[2022-12-10 13:05:39] [SEVERE ] player 2 placing token on slot 11
[2022-12-10 13:05:39] [SEVERE ] removing tokens from slot 0
[2022-12-10 13:05:39] [SEVERE ] removing card from slot 0
[2022-12-10 13:05:39] [SEVERE ] removing tokens from slot 1
[2022-12-10 13:05:39] [SEVERE ] removing card from slot 1
[2022-12-10 13:05:39] [SEVERE ] removing tokens from slot 2
[2022-12-10 13:05:39] [SEVERE ] removing card from slot 2
[2022-12-10 13:05:39] [SEVERE ] removing tokens from slot 3
[2022-12-10 13:05:39] [SEVERE ] removing card from slot 3
[2022-12-10 13:05:39] [SEVERE ] removing tokens from slot 4
[2022-12-10 13:05:39] [SEVERE ] removing card from slot 4
[2022-12-10 13:05:39] [SEVERE ] removing tokens from slot 5
[2022-12-10 13:05:39] [SEVERE ] removing card from slot 5
[2022-12-10 13:05:39] [SEVERE ] removing tokens from slot 6
[2022-12-10 13:05:39] [SEVERE ] removing card from slot 6
[2022-12-10 13:05:39] [SEVERE ] removing tokens from slot 7
[2022-12-10 13:05:39] [SEVERE ] removing card from slot 7
[2022-12-10 13:05:40] [SEVERE ] removing tokens from slot 8
[2022-12-10 13:05:40] [SEVERE ] removing card from slot 8
[2022-12-10 13:05:40] [SEVERE ] removing tokens from slot 9
[2022-12-10 13:05:40] [SEVERE ] removing card from slot 9
[2022-12-10 13:05:40] [SEVERE ] removing tokens from slot 10
[2022-12-10 13:05:40] [SEVERE ] removing card from slot 10
[2022-12-10 13:05:40] [SEVERE ] removing tokens from slot 11
[2022-12-10 13:05:40] [SEVERE ] removing card from slot 11
[2022-12-10 13:05:40] [SEVERE ] placing card 52 in slot 0
[2022-12-10 13:05:40] [SEVERE ] placing card 77 in slot 1
[2022-12-10 13:05:40] [SEVERE ] placing card 18 in slot 2
[2022-12-10 13:05:40] [SEVERE ] placing card 26 in slot 3
[2022-12-10 13:05:40] [SEVERE ] placing card 38 in slot 4
[2022-12-10 13:05:41] [SEVERE ] placing card 68 in slot 5
[2022-12-10 13:05:41] [SEVERE ] placing card 10 in slot 6
[2022-12-10 13:05:41] [SEVERE ] placing card 8 in slot 7
[2022-12-10 13:05:41] [SEVERE ] placing card 75 in slot 8
[2022-12-10 13:05:41] [SEVERE ] placing card 54 in slot 9
[2022-12-10 13:05:41] [SEVERE ] placing card 66 in slot 10
[2022-12-10 13:05:41] [SEVERE ] placing card 17 in slot 11
[2022-12-10 13:05:41] [SEVERE ] player 2 placing token on slot 5
[2022-12-10 13:05:41] [SEVERE ] player 2 placing token on slot 3
[2022-12-10 13:06:01] [SEVERE ] removing tokens from slot 0
[2022-12-10 13:06:01] [SEVERE ] removing card from slot 0
[2022-12-10 13:06:01] [SEVERE ] removing tokens from slot 1
[2022-12-10 13:06:01] [SEVERE ] removing card from slot 1
[2022-12-10 13:06:02] [SEVERE ] removing tokens from slot 2
[2022-12-10 13:06:02] [SEVERE ] removing card from slot 2
[2022-12-10 13:06:02] [SEVERE ] removing tokens from slot 3
[2022-12-10 13:06:02] [SEVERE ] removing card from slot 3
[2022-12-10 13:06:02] [SEVERE ] removing tokens from slot 4
[2022-12-10 13:06:02] [SEVERE ] removing card from slot 4
[2022-12-10 13:06:02] [SEVERE ] removing tokens from slot 5
[2022-12-10 13:06:02] [SEVERE ] removing card from slot 5
[2022-12-10 13:06:02] [SEVERE ] removing tokens from slot 6
[2022-12-10 13:06:02] [SEVERE ] removing card from slot 6
[2022-12-10 13:06:02] [SEVERE ] removing tokens from slot 7
[2022-12-10 13:06:02] [SEVERE ] removing card from slot 7
[2022-12-10 13:06:02] [SEVERE ] removing tokens from slot 8
[2022-12-10 13:06:02] [SEVERE ] removing card from slot 8
[2022-12-10 13:06:02] [SEVERE ] removing tokens from slot 9
[2022-12-10 13:06:02] [SEVERE ] removing card from slot 9
[2022-12-10 13:06:02] [SEVERE ] removing tokens from slot 10
[2022-12-10 13:06:02] [SEVERE ] removing card from slot 10
[2022-12-10 13:06:03] [SEVERE ] removing tokens from slot 11
[2022-12-10 13:06:03] [SEVERE ] removing card from slot 11
[2022-12-10 13:06:03] [SEVERE ] placing card 29 in slot 0
[2022-12-10 13:06:03] [SEVERE ] placing card 15 in slot 1
[2022-12-10 13:06:03] [SEVERE ] placing card 38 in slot 2
[2022-12-10 13:06:03] [SEVERE ] placing card 55 in slot 3
[2022-12-10 13:06:03] [SEVERE ] placing card 63 in slot 4
[2022-12-10 13:06:03] [SEVERE ] placing card 22 in slot 5
[2022-12-10 13:06:03] [SEVERE ] placing card 79 in slot 6
[2022-12-10 13:06:03] [SEVERE ] placing card 42 in slot 7
[2022-12-10 13:06:04] [SEVERE ] placing card 77 in slot 8
[2022-12-10 13:06:04] [SEVERE ] placing card 19 in slot 9
[2022-12-10 13:06:04] [SEVERE ] placing card 39 in slot 10
[2022-12-10 13:06:04] [SEVERE ] placing card 13 in slot 11
