[2022-12-12 21:01:34] [INFO   ] cannot read configuration file config.properties trying from resources.
[2022-12-12 21:01:34] [INFO   ] configuration file was loaded from resources directory.
[2022-12-12 21:01:34] [INFO   ] Thread dealer starting.
[2022-12-12 21:01:34] [INFO   ] Thread Thread-2starting.
[2022-12-12 21:01:34] [INFO   ] Thread Thread-0starting.
[2022-12-12 21:01:34] [INFO   ] Thread Thread-1starting.
[2022-12-12 21:01:34] [INFO   ] Thread computer-2 starting.
[2022-12-12 21:01:34] [SEVERE ] placing card 29 in slot 0
[2022-12-12 21:01:34] [SEVERE ] placing card 34 in slot 1
[2022-12-12 21:01:35] [SEVERE ] placing card 74 in slot 2
[2022-12-12 21:01:35] [SEVERE ] placing card 48 in slot 3
[2022-12-12 21:01:35] [SEVERE ] placing card 79 in slot 4
[2022-12-12 21:01:35] [SEVERE ] placing card 36 in slot 5
[2022-12-12 21:01:35] [SEVERE ] placing card 32 in slot 6
[2022-12-12 21:01:35] [SEVERE ] placing card 21 in slot 7
[2022-12-12 21:01:35] [SEVERE ] placing card 72 in slot 8
[2022-12-12 21:01:35] [SEVERE ] placing card 2 in slot 9
[2022-12-12 21:01:35] [SEVERE ] placing card 60 in slot 10
[2022-12-12 21:01:36] [SEVERE ] placing card 14 in slot 11
[2022-12-12 21:01:36] [SEVERE ] player 2 placing token on slot 6
[2022-12-12 21:01:36] [SEVERE ] player 2 placing token on slot 11
[2022-12-12 21:01:36] [SEVERE ] player 2 placing token on slot 0
