[2022-12-10 11:58:50] [INFO   ] cannot read configuration file config.properties trying from resources.
[2022-12-10 11:58:50] [INFO   ] configuration file was loaded from resources directory.
[2022-12-10 11:58:50] [INFO   ] Thread dealer starting.
[2022-12-10 11:58:50] [INFO   ] Thread Thread-1starting.
[2022-12-10 11:58:50] [INFO   ] Thread Thread-0starting.
[2022-12-10 11:58:50] [SEVERE ] placing card 65 in slot 0
[2022-12-10 11:58:50] [SEVERE ] placing card 26 in slot 1
[2022-12-10 11:58:50] [SEVERE ] placing card 33 in slot 2
[2022-12-10 11:58:51] [SEVERE ] placing card 0 in slot 3
[2022-12-10 11:58:51] [SEVERE ] placing card 39 in slot 4
[2022-12-10 11:58:51] [SEVERE ] placing card 56 in slot 5
[2022-12-10 11:58:51] [SEVERE ] placing card 13 in slot 6
[2022-12-10 11:58:51] [SEVERE ] placing card 25 in slot 7
[2022-12-10 11:58:51] [SEVERE ] placing card 6 in slot 8
[2022-12-10 11:58:51] [SEVERE ] placing card 40 in slot 9
[2022-12-10 11:58:51] [SEVERE ] placing card 64 in slot 10
[2022-12-10 11:58:51] [SEVERE ] placing card 59 in slot 11
[2022-12-10 11:58:58] [SEVERE ] removing tokens from slot 0
[2022-12-10 11:58:58] [SEVERE ] removing card from slot 0
[2022-12-10 11:58:58] [SEVERE ] removing tokens from slot 1
[2022-12-10 11:58:58] [SEVERE ] removing card from slot 1
[2022-12-10 11:58:58] [SEVERE ] removing tokens from slot 2
[2022-12-10 11:58:58] [SEVERE ] removing card from slot 2
[2022-12-10 11:58:58] [SEVERE ] removing tokens from slot 3
[2022-12-10 11:58:58] [SEVERE ] removing card from slot 3
[2022-12-10 11:58:58] [SEVERE ] removing tokens from slot 4
[2022-12-10 11:58:58] [SEVERE ] removing card from slot 4
[2022-12-10 11:58:58] [SEVERE ] removing tokens from slot 5
[2022-12-10 11:58:58] [SEVERE ] removing card from slot 5
[2022-12-10 11:58:58] [SEVERE ] removing tokens from slot 6
[2022-12-10 11:58:58] [SEVERE ] removing card from slot 6
[2022-12-10 11:58:58] [SEVERE ] removing tokens from slot 7
[2022-12-10 11:58:58] [SEVERE ] removing card from slot 7
[2022-12-10 11:58:59] [SEVERE ] removing tokens from slot 8
[2022-12-10 11:58:59] [SEVERE ] removing card from slot 8
[2022-12-10 11:58:59] [SEVERE ] removing tokens from slot 9
[2022-12-10 11:58:59] [SEVERE ] removing card from slot 9
[2022-12-10 11:58:59] [SEVERE ] removing tokens from slot 10
[2022-12-10 11:58:59] [SEVERE ] removing card from slot 10
[2022-12-10 11:58:59] [SEVERE ] removing tokens from slot 11
[2022-12-10 11:58:59] [SEVERE ] removing card from slot 11
[2022-12-10 11:58:59] [SEVERE ] placing card 35 in slot 0
[2022-12-10 11:58:59] [SEVERE ] placing card 5 in slot 1
[2022-12-10 11:58:59] [SEVERE ] placing card 8 in slot 2
[2022-12-10 11:58:59] [SEVERE ] placing card 50 in slot 3
[2022-12-10 11:58:59] [SEVERE ] placing card 25 in slot 4
[2022-12-10 11:59:00] [SEVERE ] placing card 66 in slot 5
[2022-12-10 11:59:00] [SEVERE ] placing card 59 in slot 6
[2022-12-10 11:59:00] [SEVERE ] placing card 22 in slot 7
[2022-12-10 11:59:00] [SEVERE ] placing card 36 in slot 8
[2022-12-10 11:59:00] [SEVERE ] placing card 46 in slot 9
[2022-12-10 11:59:00] [SEVERE ] placing card 32 in slot 10
[2022-12-10 11:59:00] [SEVERE ] placing card 37 in slot 11
[2022-12-10 11:59:06] [SEVERE ] removing tokens from slot 0
[2022-12-10 11:59:06] [SEVERE ] removing card from slot 0
[2022-12-10 11:59:06] [SEVERE ] removing tokens from slot 1
[2022-12-10 11:59:06] [SEVERE ] removing card from slot 1
[2022-12-10 11:59:07] [SEVERE ] removing tokens from slot 2
[2022-12-10 11:59:07] [SEVERE ] removing card from slot 2
[2022-12-10 11:59:07] [SEVERE ] removing tokens from slot 3
[2022-12-10 11:59:07] [SEVERE ] removing card from slot 3
[2022-12-10 11:59:07] [SEVERE ] removing tokens from slot 4
[2022-12-10 11:59:07] [SEVERE ] removing card from slot 4
[2022-12-10 11:59:07] [SEVERE ] removing tokens from slot 5
[2022-12-10 11:59:07] [SEVERE ] removing card from slot 5
[2022-12-10 11:59:07] [SEVERE ] removing tokens from slot 6
[2022-12-10 11:59:07] [SEVERE ] removing card from slot 6
[2022-12-10 11:59:07] [SEVERE ] removing tokens from slot 7
[2022-12-10 11:59:07] [SEVERE ] removing card from slot 7
[2022-12-10 11:59:07] [SEVERE ] removing tokens from slot 8
[2022-12-10 11:59:07] [SEVERE ] removing card from slot 8
[2022-12-10 11:59:07] [SEVERE ] removing tokens from slot 9
[2022-12-10 11:59:07] [SEVERE ] removing card from slot 9
[2022-12-10 11:59:07] [SEVERE ] removing tokens from slot 10
[2022-12-10 11:59:07] [SEVERE ] removing card from slot 10
[2022-12-10 11:59:08] [SEVERE ] removing tokens from slot 11
[2022-12-10 11:59:08] [SEVERE ] removing card from slot 11
[2022-12-10 11:59:08] [SEVERE ] placing card 78 in slot 0
[2022-12-10 11:59:08] [SEVERE ] placing card 79 in slot 1
[2022-12-10 11:59:08] [SEVERE ] placing card 38 in slot 2
[2022-12-10 11:59:08] [SEVERE ] placing card 62 in slot 3
[2022-12-10 11:59:08] [SEVERE ] placing card 14 in slot 4
[2022-12-10 11:59:08] [SEVERE ] placing card 37 in slot 5
[2022-12-10 11:59:08] [SEVERE ] placing card 80 in slot 6
[2022-12-10 11:59:08] [SEVERE ] placing card 47 in slot 7
[2022-12-10 11:59:09] [SEVERE ] placing card 3 in slot 8
[2022-12-10 11:59:09] [SEVERE ] placing card 4 in slot 9
[2022-12-10 11:59:09] [SEVERE ] placing card 7 in slot 10
[2022-12-10 11:59:09] [SEVERE ] placing card 68 in slot 11
[2022-12-10 11:59:15] [SEVERE ] removing tokens from slot 0
[2022-12-10 11:59:15] [SEVERE ] removing card from slot 0
[2022-12-10 11:59:15] [SEVERE ] removing tokens from slot 1
[2022-12-10 11:59:15] [SEVERE ] removing card from slot 1
[2022-12-10 11:59:15] [SEVERE ] removing tokens from slot 2
[2022-12-10 11:59:15] [SEVERE ] removing card from slot 2
[2022-12-10 11:59:15] [SEVERE ] removing tokens from slot 3
[2022-12-10 11:59:15] [SEVERE ] removing card from slot 3
[2022-12-10 11:59:15] [SEVERE ] removing tokens from slot 4
[2022-12-10 11:59:15] [SEVERE ] removing card from slot 4
[2022-12-10 11:59:16] [SEVERE ] removing tokens from slot 5
[2022-12-10 11:59:16] [SEVERE ] removing card from slot 5
[2022-12-10 11:59:16] [SEVERE ] removing tokens from slot 6
[2022-12-10 11:59:16] [SEVERE ] removing card from slot 6
[2022-12-10 11:59:16] [SEVERE ] removing tokens from slot 7
[2022-12-10 11:59:16] [SEVERE ] removing card from slot 7
[2022-12-10 11:59:16] [SEVERE ] removing tokens from slot 8
[2022-12-10 11:59:16] [SEVERE ] removing card from slot 8
[2022-12-10 11:59:16] [SEVERE ] removing tokens from slot 9
[2022-12-10 11:59:16] [SEVERE ] removing card from slot 9
[2022-12-10 11:59:16] [SEVERE ] removing tokens from slot 10
[2022-12-10 11:59:16] [SEVERE ] removing card from slot 10
[2022-12-10 11:59:16] [SEVERE ] removing tokens from slot 11
[2022-12-10 11:59:16] [SEVERE ] removing card from slot 11
[2022-12-10 11:59:16] [SEVERE ] placing card 65 in slot 0
[2022-12-10 11:59:16] [SEVERE ] placing card 69 in slot 1
[2022-12-10 11:59:17] [SEVERE ] placing card 51 in slot 2
[2022-12-10 11:59:17] [SEVERE ] placing card 22 in slot 3
[2022-12-10 11:59:17] [SEVERE ] placing card 9 in slot 4
[2022-12-10 11:59:17] [SEVERE ] placing card 60 in slot 5
[2022-12-10 11:59:17] [SEVERE ] placing card 14 in slot 6
[2022-12-10 11:59:17] [SEVERE ] placing card 62 in slot 7
