[2022-12-12 13:21:03] [INFO   ] cannot read configuration file config.properties trying from resources.
[2022-12-12 13:21:03] [INFO   ] configuration file was loaded from resources directory.
[2022-12-12 13:21:04] [INFO   ] Thread dealer starting.
[2022-12-12 13:21:04] [INFO   ] Thread Thread-2starting.
[2022-12-12 13:21:04] [INFO   ] Thread Thread-1starting.
[2022-12-12 13:21:04] [INFO   ] Thread Thread-0starting.
[2022-12-12 13:21:04] [INFO   ] Thread computer-2 starting.
[2022-12-12 13:21:04] [SEVERE ] placing card 53 in slot 0
[2022-12-12 13:21:04] [SEVERE ] placing card 28 in slot 1
[2022-12-12 13:21:04] [SEVERE ] placing card 29 in slot 2
[2022-12-12 13:21:04] [SEVERE ] placing card 71 in slot 3
[2022-12-12 13:21:04] [SEVERE ] placing card 59 in slot 4
[2022-12-12 13:21:04] [SEVERE ] placing card 8 in slot 5
[2022-12-12 13:21:04] [SEVERE ] placing card 9 in slot 6
[2022-12-12 13:21:05] [SEVERE ] placing card 21 in slot 7
[2022-12-12 13:21:05] [SEVERE ] placing card 80 in slot 8
[2022-12-12 13:21:05] [SEVERE ] placing card 69 in slot 9
[2022-12-12 13:21:05] [SEVERE ] placing card 5 in slot 10
[2022-12-12 13:21:05] [SEVERE ] placing card 77 in slot 11
[2022-12-12 13:21:05] [SEVERE ] player 2 placing token on slot 2
[2022-12-12 13:21:05] [SEVERE ] player 2 placing token on slot 8
[2022-12-12 13:21:05] [SEVERE ] player 2 placing token on slot 9
[2022-12-12 13:21:05] [SEVERE ] removing player 2 token from slot 2
[2022-12-12 13:21:05] [SEVERE ] removing player 2 token from slot 8
[2022-12-12 13:21:05] [SEVERE ] removing player 2 token from slot 9
[2022-12-12 13:21:05] [SEVERE ] player 2 placing token on slot 4
[2022-12-12 13:21:05] [SEVERE ] player 2 placing token on slot 6
[2022-12-12 13:21:05] [SEVERE ] player 2 placing token on slot 0
[2022-12-12 13:21:05] [SEVERE ] removing player 2 token from slot 0
[2022-12-12 13:21:05] [SEVERE ] removing player 2 token from slot 4
[2022-12-12 13:21:05] [SEVERE ] removing player 2 token from slot 6
[2022-12-12 13:21:05] [SEVERE ] player 2 placing token on slot 5
[2022-12-12 13:21:05] [SEVERE ] player 2 placing token on slot 8
[2022-12-12 13:21:05] [SEVERE ] player 2 placing token on slot 4
[2022-12-12 13:21:05] [SEVERE ] removing player 2 token from slot 4
[2022-12-12 13:21:05] [SEVERE ] removing player 2 token from slot 5
[2022-12-12 13:21:05] [SEVERE ] removing player 2 token from slot 8
[2022-12-12 13:21:05] [SEVERE ] player 2 placing token on slot 1
[2022-12-12 13:21:05] [SEVERE ] player 2 placing token on slot 8
[2022-12-12 13:21:05] [SEVERE ] player 2 placing token on slot 7
[2022-12-12 13:21:05] [SEVERE ] removing player 2 token from slot 1
[2022-12-12 13:21:05] [SEVERE ] removing player 2 token from slot 7
[2022-12-12 13:21:05] [SEVERE ] removing player 2 token from slot 8
[2022-12-12 13:21:05] [SEVERE ] player 2 placing token on slot 2
[2022-12-12 13:21:05] [SEVERE ] player 2 placing token on slot 7
[2022-12-12 13:21:05] [SEVERE ] player 2 placing token on slot 9
[2022-12-12 13:21:05] [SEVERE ] removing player 2 token from slot 2
[2022-12-12 13:21:05] [SEVERE ] removing player 2 token from slot 7
[2022-12-12 13:21:05] [SEVERE ] removing player 2 token from slot 9
[2022-12-12 13:21:06] [SEVERE ] player 2 placing token on slot 8
[2022-12-12 13:21:06] [SEVERE ] player 2 placing token on slot 0
[2022-12-12 13:21:06] [SEVERE ] player 2 placing token on slot 9
[2022-12-12 13:21:06] [SEVERE ] removing player 2 token from slot 0
[2022-12-12 13:21:06] [SEVERE ] removing player 2 token from slot 8
[2022-12-12 13:21:06] [SEVERE ] removing player 2 token from slot 9
[2022-12-12 13:21:06] [SEVERE ] player 2 placing token on slot 5
[2022-12-12 13:21:06] [SEVERE ] player 2 placing token on slot 2
[2022-12-12 13:21:06] [SEVERE ] player 2 placing token on slot 6
[2022-12-12 13:21:06] [SEVERE ] removing player 2 token from slot 2
[2022-12-12 13:21:06] [SEVERE ] removing player 2 token from slot 5
[2022-12-12 13:21:06] [SEVERE ] removing player 2 token from slot 6
[2022-12-12 13:21:06] [SEVERE ] player 2 placing token on slot 3
[2022-12-12 13:21:06] [SEVERE ] player 2 placing token on slot 9
[2022-12-12 13:21:06] [SEVERE ] player 2 placing token on slot 6
[2022-12-12 13:21:06] [SEVERE ] removing player 2 token from slot 3
[2022-12-12 13:21:06] [SEVERE ] removing player 2 token from slot 6
[2022-12-12 13:21:06] [SEVERE ] removing player 2 token from slot 9
[2022-12-12 13:21:06] [SEVERE ] player 2 placing token on slot 10
[2022-12-12 13:21:06] [SEVERE ] player 2 placing token on slot 9
[2022-12-12 13:21:06] [SEVERE ] player 2 placing token on slot 3
[2022-12-12 13:21:06] [SEVERE ] removing player 2 token from slot 3
[2022-12-12 13:21:06] [SEVERE ] removing player 2 token from slot 9
[2022-12-12 13:21:06] [SEVERE ] removing player 2 token from slot 10
[2022-12-12 13:21:06] [SEVERE ] player 2 placing token on slot 1
[2022-12-12 13:21:06] [SEVERE ] player 2 placing token on slot 3
[2022-12-12 13:21:06] [SEVERE ] player 2 placing token on slot 7
[2022-12-12 13:21:06] [SEVERE ] setting player 2 score to 1
[2022-12-12 13:21:06] [SEVERE ] player 2 placing token on slot 1
[2022-12-12 13:21:06] [SEVERE ] player 2 placing token on slot 3
[2022-12-12 13:21:06] [SEVERE ] player 2 placing token on slot 9
[2022-12-12 13:21:06] [SEVERE ] removing tokens from slot 1
[2022-12-12 13:21:06] [SEVERE ] removing card from slot 1
[2022-12-12 13:21:06] [SEVERE ] removing tokens from slot 3
[2022-12-12 13:21:06] [SEVERE ] removing card from slot 3
[2022-12-12 13:21:06] [SEVERE ] removing tokens from slot 7
[2022-12-12 13:21:06] [SEVERE ] removing card from slot 7
[2022-12-12 13:21:06] [SEVERE ] placing card 42 in slot 1
[2022-12-12 13:21:06] [SEVERE ] placing card 40 in slot 3
[2022-12-12 13:21:07] [SEVERE ] placing card 34 in slot 7
