[2022-12-12 13:43:35] [INFO   ] cannot read configuration file config.properties trying from resources.
[2022-12-12 13:43:35] [INFO   ] configuration file was loaded from resources directory.
[2022-12-12 13:43:35] [INFO   ] Thread Thread-0starting.
[2022-12-12 13:43:35] [INFO   ] Thread Thread-2starting.
[2022-12-12 13:43:35] [INFO   ] Thread Thread-1starting.
[2022-12-12 13:43:35] [INFO   ] Thread dealer starting.
[2022-12-12 13:43:35] [INFO   ] Thread computer-2 starting.
[2022-12-12 13:43:36] [SEVERE ] placing card 54 in slot 0
[2022-12-12 13:43:36] [SEVERE ] placing card 52 in slot 1
[2022-12-12 13:43:36] [SEVERE ] placing card 2 in slot 2
[2022-12-12 13:43:36] [SEVERE ] placing card 17 in slot 3
[2022-12-12 13:43:36] [SEVERE ] placing card 28 in slot 4
[2022-12-12 13:43:36] [SEVERE ] placing card 26 in slot 5
[2022-12-12 13:43:36] [SEVERE ] placing card 30 in slot 6
[2022-12-12 13:43:36] [SEVERE ] placing card 58 in slot 7
[2022-12-12 13:43:36] [SEVERE ] placing card 21 in slot 8
[2022-12-12 13:43:37] [SEVERE ] placing card 71 in slot 9
[2022-12-12 13:43:37] [SEVERE ] placing card 0 in slot 10
[2022-12-12 13:43:37] [SEVERE ] placing card 19 in slot 11
[2022-12-12 13:43:37] [SEVERE ] player 2 placing token on slot 9
[2022-12-12 13:43:37] [SEVERE ] player 2 placing token on slot 11
[2022-12-12 13:43:37] [SEVERE ] player 2 placing token on slot 6
[2022-12-12 13:43:37] [SEVERE ] setting player 2 score to 1
[2022-12-12 13:43:37] [SEVERE ] player 2 placing token on slot 7
[2022-12-12 13:43:37] [SEVERE ] player 2 placing token on slot 9
[2022-12-12 13:43:37] [SEVERE ] player 2 placing token on slot 4
[2022-12-12 13:43:37] [SEVERE ] removing tokens from slot 6
[2022-12-12 13:43:37] [SEVERE ] removing card from slot 6
[2022-12-12 13:43:37] [SEVERE ] removing tokens from slot 9
[2022-12-12 13:43:37] [SEVERE ] removing card from slot 9
[2022-12-12 13:43:37] [SEVERE ] removing tokens from slot 11
[2022-12-12 13:43:37] [SEVERE ] removing card from slot 11
[2022-12-12 13:43:37] [SEVERE ] placing card 20 in slot 6
[2022-12-12 13:43:37] [SEVERE ] placing card 41 in slot 9
[2022-12-12 13:43:38] [SEVERE ] placing card 22 in slot 11
