[2022-12-12 19:59:25] [INFO   ] cannot read configuration file config.properties trying from resources.
[2022-12-12 19:59:25] [INFO   ] configuration file was loaded from resources directory.
[2022-12-12 19:59:25] [INFO   ] Thread Thread-1starting.
[2022-12-12 19:59:25] [INFO   ] Thread Thread-5starting.
[2022-12-12 19:59:25] [INFO   ] Thread dealer starting.
[2022-12-12 19:59:25] [INFO   ] Thread Thread-4starting.
[2022-12-12 19:59:25] [INFO   ] Thread Thread-3starting.
[2022-12-12 19:59:25] [INFO   ] Thread Thread-2starting.
[2022-12-12 19:59:25] [INFO   ] Thread Thread-0starting.
[2022-12-12 19:59:25] [INFO   ] Thread computer-2 starting.
[2022-12-12 19:59:25] [INFO   ] Thread computer-3 starting.
[2022-12-12 19:59:25] [INFO   ] Thread computer-4 starting.
[2022-12-12 19:59:25] [INFO   ] Thread computer-5 starting.
[2022-12-12 19:59:25] [SEVERE ] placing card 73 in slot 0
[2022-12-12 19:59:25] [SEVERE ] placing card 20 in slot 1
[2022-12-12 19:59:25] [SEVERE ] placing card 64 in slot 2
[2022-12-12 19:59:25] [SEVERE ] placing card 33 in slot 3
[2022-12-12 19:59:26] [SEVERE ] placing card 78 in slot 4
[2022-12-12 19:59:26] [SEVERE ] placing card 29 in slot 5
[2022-12-12 19:59:26] [SEVERE ] placing card 30 in slot 6
[2022-12-12 19:59:26] [SEVERE ] placing card 80 in slot 7
[2022-12-12 19:59:26] [SEVERE ] placing card 5 in slot 8
[2022-12-12 19:59:26] [SEVERE ] placing card 22 in slot 9
[2022-12-12 19:59:26] [SEVERE ] placing card 24 in slot 10
[2022-12-12 19:59:26] [SEVERE ] placing card 58 in slot 11
[2022-12-12 19:59:26] [SEVERE ] player 5 placing token on slot 1
[2022-12-12 19:59:26] [SEVERE ] player 4 placing token on slot 1
[2022-12-12 19:59:26] [SEVERE ] player 2 placing token on slot 10
[2022-12-12 19:59:26] [SEVERE ] player 3 placing token on slot 10
[2022-12-12 19:59:26] [SEVERE ] player 5 placing token on slot 3
[2022-12-12 19:59:26] [SEVERE ] player 4 placing token on slot 2
[2022-12-12 19:59:26] [SEVERE ] player 3 placing token on slot 4
[2022-12-12 19:59:26] [SEVERE ] player 2 placing token on slot 0
[2022-12-12 19:59:26] [SEVERE ] player 5 placing token on slot 7
[2022-12-12 19:59:26] [SEVERE ] player 4 placing token on slot 0
[2022-12-12 19:59:26] [SEVERE ] player 2 placing token on slot 8
[2022-12-12 19:59:26] [SEVERE ] player 3 placing token on slot 3
[2022-12-12 19:59:29] [SEVERE ] removing player 5 token from slot 1
[2022-12-12 19:59:29] [SEVERE ] removing player 5 token from slot 3
[2022-12-12 19:59:29] [SEVERE ] removing player 5 token from slot 7
[2022-12-12 19:59:29] [SEVERE ] removing player 4 token from slot 0
[2022-12-12 19:59:29] [SEVERE ] removing player 4 token from slot 1
[2022-12-12 19:59:29] [SEVERE ] removing player 4 token from slot 2
[2022-12-12 19:59:29] [SEVERE ] player 5 placing token on slot 4
[2022-12-12 19:59:29] [SEVERE ] player 4 placing token on slot 1
[2022-12-12 19:59:29] [SEVERE ] removing player 2 token from slot 0
[2022-12-12 19:59:29] [SEVERE ] removing player 2 token from slot 8
[2022-12-12 19:59:29] [SEVERE ] removing player 2 token from slot 10
[2022-12-12 19:59:29] [SEVERE ] player 2 placing token on slot 5
[2022-12-12 19:59:29] [SEVERE ] removing player 3 token from slot 3
[2022-12-12 19:59:29] [SEVERE ] removing player 3 token from slot 4
[2022-12-12 19:59:29] [SEVERE ] removing player 3 token from slot 10
[2022-12-12 19:59:29] [SEVERE ] player 4 placing token on slot 4
[2022-12-12 19:59:29] [SEVERE ] player 5 placing token on slot 11
[2022-12-12 19:59:29] [SEVERE ] player 3 placing token on slot 6
[2022-12-12 19:59:29] [SEVERE ] player 2 placing token on slot 6
[2022-12-12 19:59:29] [SEVERE ] player 3 placing token on slot 2
[2022-12-12 19:59:29] [SEVERE ] player 5 placing token on slot 7
[2022-12-12 19:59:29] [SEVERE ] player 2 placing token on slot 3
[2022-12-12 19:59:29] [SEVERE ] player 4 placing token on slot 3
[2022-12-12 19:59:30] [SEVERE ] player 3 placing token on slot 11
[2022-12-12 19:59:32] [SEVERE ] removing player 5 token from slot 4
[2022-12-12 19:59:32] [SEVERE ] removing player 5 token from slot 7
[2022-12-12 19:59:32] [SEVERE ] removing player 5 token from slot 11
[2022-12-12 19:59:32] [SEVERE ] removing player 2 token from slot 3
[2022-12-12 19:59:32] [SEVERE ] removing player 2 token from slot 5
[2022-12-12 19:59:32] [SEVERE ] removing player 2 token from slot 6
[2022-12-12 19:59:32] [SEVERE ] player 2 placing token on slot 11
[2022-12-12 19:59:33] [SEVERE ] player 2 placing token on slot 7
[2022-12-12 19:59:33] [SEVERE ] player 5 placing token on slot 4
[2022-12-12 19:59:33] [SEVERE ] removing player 3 token from slot 2
[2022-12-12 19:59:33] [SEVERE ] removing player 3 token from slot 6
[2022-12-12 19:59:33] [SEVERE ] removing player 3 token from slot 11
[2022-12-12 19:59:33] [SEVERE ] removing player 4 token from slot 1
[2022-12-12 19:59:33] [SEVERE ] removing player 4 token from slot 3
[2022-12-12 19:59:33] [SEVERE ] removing player 4 token from slot 4
[2022-12-12 19:59:33] [SEVERE ] player 4 placing token on slot 10
[2022-12-12 19:59:33] [SEVERE ] player 3 placing token on slot 3
[2022-12-12 19:59:33] [SEVERE ] player 2 placing token on slot 2
[2022-12-12 19:59:33] [SEVERE ] player 5 placing token on slot 9
[2022-12-12 19:59:33] [SEVERE ] player 4 placing token on slot 0
[2022-12-12 19:59:33] [SEVERE ] player 3 placing token on slot 5
[2022-12-12 19:59:33] [SEVERE ] player 3 placing token on slot 11
[2022-12-12 19:59:33] [SEVERE ] player 5 placing token on slot 7
[2022-12-12 19:59:33] [SEVERE ] player 4 placing token on slot 5
[2022-12-12 19:59:36] [SEVERE ] removing player 2 token from slot 2
[2022-12-12 19:59:36] [SEVERE ] removing player 2 token from slot 7
[2022-12-12 19:59:36] [SEVERE ] removing player 2 token from slot 11
[2022-12-12 19:59:36] [SEVERE ] player 2 placing token on slot 7
[2022-12-12 19:59:36] [SEVERE ] removing player 3 token from slot 3
[2022-12-12 19:59:36] [SEVERE ] removing player 3 token from slot 5
[2022-12-12 19:59:36] [SEVERE ] removing player 3 token from slot 11
[2022-12-12 19:59:36] [SEVERE ] removing player 5 token from slot 4
[2022-12-12 19:59:36] [SEVERE ] removing player 5 token from slot 7
[2022-12-12 19:59:36] [SEVERE ] removing player 5 token from slot 9
[2022-12-12 19:59:36] [SEVERE ] player 2 placing token on slot 11
[2022-12-12 19:59:36] [SEVERE ] player 5 placing token on slot 4
[2022-12-12 19:59:36] [SEVERE ] player 3 placing token on slot 9
[2022-12-12 19:59:36] [SEVERE ] player 2 placing token on slot 4
[2022-12-12 19:59:36] [SEVERE ] player 5 placing token on slot 8
[2022-12-12 19:59:36] [SEVERE ] player 3 placing token on slot 4
[2022-12-12 19:59:36] [SEVERE ] player 5 placing token on slot 9
[2022-12-12 19:59:36] [SEVERE ] player 3 placing token on slot 11
[2022-12-12 19:59:39] [SEVERE ] removing player 4 token from slot 0
[2022-12-12 19:59:39] [SEVERE ] removing player 4 token from slot 5
[2022-12-12 19:59:39] [SEVERE ] removing player 4 token from slot 10
[2022-12-12 19:59:39] [SEVERE ] removing player 2 token from slot 4
[2022-12-12 19:59:39] [SEVERE ] removing player 2 token from slot 7
[2022-12-12 19:59:39] [SEVERE ] removing player 2 token from slot 11
[2022-12-12 19:59:39] [SEVERE ] player 4 placing token on slot 4
[2022-12-12 19:59:39] [SEVERE ] player 2 placing token on slot 4
[2022-12-12 19:59:39] [SEVERE ] removing player 5 token from slot 4
[2022-12-12 19:59:39] [SEVERE ] removing player 5 token from slot 8
[2022-12-12 19:59:39] [SEVERE ] removing player 5 token from slot 9
[2022-12-12 19:59:39] [SEVERE ] player 4 placing token on slot 9
[2022-12-12 19:59:39] [SEVERE ] player 5 placing token on slot 1
[2022-12-12 19:59:39] [SEVERE ] removing player 3 token from slot 4
[2022-12-12 19:59:39] [SEVERE ] removing player 3 token from slot 9
[2022-12-12 19:59:39] [SEVERE ] removing player 3 token from slot 11
[2022-12-12 19:59:39] [SEVERE ] player 2 placing token on slot 2
[2022-12-12 19:59:39] [SEVERE ] player 4 placing token on slot 8
[2022-12-12 19:59:39] [SEVERE ] player 5 placing token on slot 4
[2022-12-12 19:59:39] [SEVERE ] player 3 placing token on slot 10
[2022-12-12 19:59:39] [SEVERE ] player 2 placing token on slot 11
[2022-12-12 19:59:39] [SEVERE ] player 3 placing token on slot 0
[2022-12-12 19:59:39] [SEVERE ] player 5 placing token on slot 6
[2022-12-12 19:59:39] [SEVERE ] player 3 placing token on slot 1
[2022-12-12 19:59:42] [SEVERE ] removing player 4 token from slot 4
[2022-12-12 19:59:42] [SEVERE ] removing player 4 token from slot 8
[2022-12-12 19:59:42] [SEVERE ] removing player 4 token from slot 9
[2022-12-12 19:59:42] [SEVERE ] player 4 placing token on slot 4
[2022-12-12 19:59:42] [SEVERE ] removing player 2 token from slot 2
[2022-12-12 19:59:42] [SEVERE ] removing player 2 token from slot 4
[2022-12-12 19:59:42] [SEVERE ] removing player 2 token from slot 11
[2022-12-12 19:59:42] [SEVERE ] player 2 placing token on slot 11
[2022-12-12 19:59:42] [SEVERE ] player 4 placing token on slot 9
[2022-12-12 19:59:42] [SEVERE ] removing player 5 token from slot 1
[2022-12-12 19:59:42] [SEVERE ] removing player 5 token from slot 4
[2022-12-12 19:59:42] [SEVERE ] removing player 5 token from slot 6
[2022-12-12 19:59:42] [SEVERE ] player 5 placing token on slot 5
[2022-12-12 19:59:42] [SEVERE ] player 2 placing token on slot 9
[2022-12-12 19:59:42] [SEVERE ] player 4 placing token on slot 1
[2022-12-12 19:59:42] [SEVERE ] removing player 3 token from slot 0
[2022-12-12 19:59:42] [SEVERE ] removing player 3 token from slot 1
[2022-12-12 19:59:42] [SEVERE ] removing player 3 token from slot 10
[2022-12-12 19:59:42] [SEVERE ] player 5 placing token on slot 11
[2022-12-12 19:59:42] [SEVERE ] player 3 placing token on slot 8
[2022-12-12 19:59:42] [SEVERE ] player 2 placing token on slot 8
[2022-12-12 19:59:42] [SEVERE ] player 3 placing token on slot 0
[2022-12-12 19:59:42] [SEVERE ] player 5 placing token on slot 2
[2022-12-12 19:59:42] [SEVERE ] player 3 placing token on slot 10
[2022-12-12 19:59:45] [SEVERE ] removing player 4 token from slot 1
[2022-12-12 19:59:45] [SEVERE ] removing player 4 token from slot 4
[2022-12-12 19:59:45] [SEVERE ] removing player 4 token from slot 9
[2022-12-12 19:59:45] [SEVERE ] player 4 placing token on slot 11
[2022-12-12 19:59:45] [SEVERE ] player 4 placing token on slot 6
[2022-12-12 19:59:45] [SEVERE ] removing player 2 token from slot 8
[2022-12-12 19:59:45] [SEVERE ] removing player 2 token from slot 9
[2022-12-12 19:59:45] [SEVERE ] removing player 2 token from slot 11
[2022-12-12 19:59:45] [SEVERE ] removing player 5 token from slot 2
[2022-12-12 19:59:45] [SEVERE ] removing player 5 token from slot 5
[2022-12-12 19:59:45] [SEVERE ] removing player 5 token from slot 11
[2022-12-12 19:59:45] [SEVERE ] player 2 placing token on slot 0
[2022-12-12 19:59:45] [SEVERE ] player 5 placing token on slot 9
[2022-12-12 19:59:45] [SEVERE ] player 4 placing token on slot 0
[2022-12-12 19:59:45] [SEVERE ] player 2 placing token on slot 10
[2022-12-12 19:59:45] [SEVERE ] removing player 3 token from slot 0
[2022-12-12 19:59:45] [SEVERE ] removing player 3 token from slot 8
[2022-12-12 19:59:45] [SEVERE ] removing player 3 token from slot 10
[2022-12-12 19:59:45] [SEVERE ] player 3 placing token on slot 10
[2022-12-12 19:59:45] [SEVERE ] player 5 placing token on slot 1
[2022-12-12 19:59:45] [SEVERE ] player 2 placing token on slot 1
[2022-12-12 19:59:45] [SEVERE ] player 3 placing token on slot 2
[2022-12-12 19:59:45] [SEVERE ] player 5 placing token on slot 5
[2022-12-12 19:59:45] [SEVERE ] player 3 placing token on slot 5
[2022-12-12 19:59:48] [SEVERE ] removing player 4 token from slot 0
[2022-12-12 19:59:48] [SEVERE ] removing player 4 token from slot 6
[2022-12-12 19:59:48] [SEVERE ] removing player 4 token from slot 11
[2022-12-12 19:59:48] [SEVERE ] player 4 placing token on slot 2
[2022-12-12 19:59:48] [SEVERE ] removing player 2 token from slot 0
[2022-12-12 19:59:48] [SEVERE ] removing player 2 token from slot 1
[2022-12-12 19:59:48] [SEVERE ] removing player 2 token from slot 10
[2022-12-12 19:59:48] [SEVERE ] player 2 placing token on slot 3
[2022-12-12 19:59:48] [SEVERE ] player 4 placing token on slot 6
[2022-12-12 19:59:48] [SEVERE ] removing player 5 token from slot 1
[2022-12-12 19:59:48] [SEVERE ] removing player 5 token from slot 5
[2022-12-12 19:59:48] [SEVERE ] removing player 5 token from slot 9
[2022-12-12 19:59:48] [SEVERE ] player 5 placing token on slot 8
[2022-12-12 19:59:48] [SEVERE ] player 2 placing token on slot 4
[2022-12-12 19:59:48] [SEVERE ] player 4 placing token on slot 7
[2022-12-12 19:59:48] [SEVERE ] removing player 3 token from slot 2
[2022-12-12 19:59:48] [SEVERE ] removing player 3 token from slot 5
[2022-12-12 19:59:48] [SEVERE ] removing player 3 token from slot 10
[2022-12-12 19:59:48] [SEVERE ] player 3 placing token on slot 0
[2022-12-12 19:59:48] [SEVERE ] player 5 placing token on slot 11
[2022-12-12 19:59:48] [SEVERE ] player 3 placing token on slot 4
[2022-12-12 19:59:48] [SEVERE ] player 2 placing token on slot 10
[2022-12-12 19:59:48] [SEVERE ] player 5 placing token on slot 0
[2022-12-12 19:59:48] [SEVERE ] player 3 placing token on slot 11
[2022-12-12 19:59:51] [SEVERE ] removing player 4 token from slot 2
[2022-12-12 19:59:51] [SEVERE ] removing player 4 token from slot 6
[2022-12-12 19:59:51] [SEVERE ] removing player 4 token from slot 7
[2022-12-12 19:59:51] [SEVERE ] player 4 placing token on slot 1
[2022-12-12 19:59:51] [SEVERE ] removing player 2 token from slot 3
[2022-12-12 19:59:51] [SEVERE ] removing player 2 token from slot 4
[2022-12-12 19:59:51] [SEVERE ] removing player 2 token from slot 10
[2022-12-12 19:59:51] [SEVERE ] player 4 placing token on slot 7
[2022-12-12 19:59:51] [SEVERE ] removing player 5 token from slot 0
[2022-12-12 19:59:51] [SEVERE ] removing player 5 token from slot 8
[2022-12-12 19:59:51] [SEVERE ] removing player 5 token from slot 11
[2022-12-12 19:59:51] [SEVERE ] player 2 placing token on slot 7
[2022-12-12 19:59:51] [SEVERE ] player 5 placing token on slot 2
[2022-12-12 19:59:51] [SEVERE ] removing player 3 token from slot 0
[2022-12-12 19:59:51] [SEVERE ] removing player 3 token from slot 4
[2022-12-12 19:59:51] [SEVERE ] removing player 3 token from slot 11
[2022-12-12 19:59:51] [SEVERE ] player 4 placing token on slot 2
[2022-12-12 19:59:51] [SEVERE ] player 2 placing token on slot 5
[2022-12-12 19:59:51] [SEVERE ] player 3 placing token on slot 10
[2022-12-12 19:59:51] [SEVERE ] player 5 placing token on slot 10
[2022-12-12 19:59:51] [SEVERE ] player 2 placing token on slot 2
[2022-12-12 19:59:51] [SEVERE ] player 5 placing token on slot 0
[2022-12-12 19:59:51] [SEVERE ] player 3 placing token on slot 1
[2022-12-12 19:59:51] [SEVERE ] player 3 placing token on slot 6
[2022-12-12 19:59:54] [SEVERE ] removing player 4 token from slot 1
[2022-12-12 19:59:54] [SEVERE ] removing player 4 token from slot 2
[2022-12-12 19:59:54] [SEVERE ] removing player 4 token from slot 7
[2022-12-12 19:59:54] [SEVERE ] player 4 placing token on slot 4
[2022-12-12 19:59:54] [SEVERE ] removing player 2 token from slot 2
[2022-12-12 19:59:54] [SEVERE ] removing player 2 token from slot 5
[2022-12-12 19:59:54] [SEVERE ] removing player 2 token from slot 7
[2022-12-12 19:59:54] [SEVERE ] removing player 5 token from slot 0
[2022-12-12 19:59:54] [SEVERE ] removing player 5 token from slot 2
[2022-12-12 19:59:54] [SEVERE ] removing player 5 token from slot 10
[2022-12-12 19:59:54] [SEVERE ] player 2 placing token on slot 2
[2022-12-12 19:59:54] [SEVERE ] player 4 placing token on slot 9
[2022-12-12 19:59:54] [SEVERE ] removing player 3 token from slot 1
[2022-12-12 19:59:54] [SEVERE ] removing player 3 token from slot 6
[2022-12-12 19:59:54] [SEVERE ] removing player 3 token from slot 10
[2022-12-12 19:59:54] [SEVERE ] player 5 placing token on slot 9
[2022-12-12 19:59:54] [SEVERE ] player 3 placing token on slot 2
[2022-12-12 19:59:54] [SEVERE ] player 2 placing token on slot 7
[2022-12-12 19:59:54] [SEVERE ] player 4 placing token on slot 0
[2022-12-12 19:59:54] [SEVERE ] player 5 placing token on slot 11
[2022-12-12 19:59:54] [SEVERE ] player 3 placing token on slot 9
[2022-12-12 19:59:54] [SEVERE ] player 2 placing token on slot 1
[2022-12-12 19:59:54] [SEVERE ] player 5 placing token on slot 1
[2022-12-12 19:59:54] [SEVERE ] player 3 placing token on slot 0
[2022-12-12 19:59:57] [SEVERE ] removing player 4 token from slot 0
[2022-12-12 19:59:57] [SEVERE ] removing player 4 token from slot 4
[2022-12-12 19:59:57] [SEVERE ] removing player 4 token from slot 9
[2022-12-12 19:59:57] [SEVERE ] player 4 placing token on slot 7
[2022-12-12 19:59:57] [SEVERE ] removing player 2 token from slot 1
[2022-12-12 19:59:57] [SEVERE ] removing player 2 token from slot 2
[2022-12-12 19:59:57] [SEVERE ] removing player 2 token from slot 7
[2022-12-12 19:59:57] [SEVERE ] removing player 5 token from slot 1
[2022-12-12 19:59:57] [SEVERE ] removing player 5 token from slot 9
[2022-12-12 19:59:57] [SEVERE ] removing player 5 token from slot 11
[2022-12-12 19:59:57] [SEVERE ] player 2 placing token on slot 2
[2022-12-12 19:59:57] [SEVERE ] removing player 3 token from slot 0
[2022-12-12 19:59:57] [SEVERE ] removing player 3 token from slot 2
[2022-12-12 19:59:57] [SEVERE ] removing player 3 token from slot 9
[2022-12-12 19:59:57] [SEVERE ] player 5 placing token on slot 9
[2022-12-12 19:59:57] [SEVERE ] player 4 placing token on slot 4
[2022-12-12 19:59:57] [SEVERE ] player 3 placing token on slot 8
[2022-12-12 19:59:57] [SEVERE ] player 5 placing token on slot 10
[2022-12-12 19:59:57] [SEVERE ] player 4 placing token on slot 6
[2022-12-12 19:59:57] [SEVERE ] player 2 placing token on slot 11
[2022-12-12 19:59:57] [SEVERE ] player 5 placing token on slot 3
[2022-12-12 19:59:57] [SEVERE ] player 3 placing token on slot 6
[2022-12-12 19:59:57] [SEVERE ] player 2 placing token on slot 7
[2022-12-12 19:59:57] [SEVERE ] player 3 placing token on slot 9
[2022-12-12 20:00:00] [SEVERE ] removing player 4 token from slot 4
[2022-12-12 20:00:00] [SEVERE ] removing player 4 token from slot 6
[2022-12-12 20:00:00] [SEVERE ] removing player 4 token from slot 7
[2022-12-12 20:00:00] [SEVERE ] player 4 placing token on slot 9
[2022-12-12 20:00:00] [SEVERE ] removing player 5 token from slot 3
[2022-12-12 20:00:00] [SEVERE ] removing player 5 token from slot 9
[2022-12-12 20:00:00] [SEVERE ] removing player 5 token from slot 10
[2022-12-12 20:00:00] [SEVERE ] removing player 2 token from slot 2
[2022-12-12 20:00:00] [SEVERE ] removing player 2 token from slot 7
[2022-12-12 20:00:00] [SEVERE ] removing player 2 token from slot 11
[2022-12-12 20:00:00] [SEVERE ] player 4 placing token on slot 6
[2022-12-12 20:00:00] [SEVERE ] removing player 3 token from slot 6
[2022-12-12 20:00:00] [SEVERE ] removing player 3 token from slot 8
[2022-12-12 20:00:00] [SEVERE ] removing player 3 token from slot 9
[2022-12-12 20:00:00] [SEVERE ] player 5 placing token on slot 3
[2022-12-12 20:00:00] [SEVERE ] player 2 placing token on slot 2
[2022-12-12 20:00:00] [SEVERE ] player 3 placing token on slot 6
[2022-12-12 20:00:00] [SEVERE ] player 4 placing token on slot 8
[2022-12-12 20:00:00] [SEVERE ] player 2 placing token on slot 0
[2022-12-12 20:00:00] [SEVERE ] player 5 placing token on slot 7
[2022-12-12 20:00:00] [SEVERE ] player 3 placing token on slot 2
[2022-12-12 20:00:00] [SEVERE ] player 2 placing token on slot 6
[2022-12-12 20:00:00] [SEVERE ] player 3 placing token on slot 1
[2022-12-12 20:00:00] [SEVERE ] player 5 placing token on slot 1
[2022-12-12 20:00:03] [SEVERE ] removing player 4 token from slot 6
[2022-12-12 20:00:03] [SEVERE ] removing player 4 token from slot 8
[2022-12-12 20:00:03] [SEVERE ] removing player 4 token from slot 9
[2022-12-12 20:00:03] [SEVERE ] player 4 placing token on slot 11
[2022-12-12 20:00:03] [SEVERE ] player 4 placing token on slot 10
[2022-12-12 20:00:03] [SEVERE ] removing player 2 token from slot 0
[2022-12-12 20:00:03] [SEVERE ] removing player 2 token from slot 2
[2022-12-12 20:00:03] [SEVERE ] removing player 2 token from slot 6
[2022-12-12 20:00:03] [SEVERE ] removing player 3 token from slot 1
[2022-12-12 20:00:03] [SEVERE ] removing player 3 token from slot 2
[2022-12-12 20:00:03] [SEVERE ] removing player 3 token from slot 6
[2022-12-12 20:00:03] [SEVERE ] player 3 placing token on slot 5
[2022-12-12 20:00:03] [SEVERE ] player 4 placing token on slot 2
[2022-12-12 20:00:03] [SEVERE ] player 2 placing token on slot 8
[2022-12-12 20:00:03] [SEVERE ] player 3 placing token on slot 7
[2022-12-12 20:00:03] [SEVERE ] player 2 placing token on slot 4
[2022-12-12 20:00:03] [SEVERE ] player 3 placing token on slot 9
[2022-12-12 20:00:03] [SEVERE ] player 2 placing token on slot 5
[2022-12-12 20:00:06] [SEVERE ] removing player 4 token from slot 2
[2022-12-12 20:00:06] [SEVERE ] removing player 4 token from slot 10
[2022-12-12 20:00:06] [SEVERE ] removing player 4 token from slot 11
[2022-12-12 20:00:06] [SEVERE ] player 4 placing token on slot 5
[2022-12-12 20:00:06] [SEVERE ] removing player 5 token from slot 1
[2022-12-12 20:00:06] [SEVERE ] removing player 5 token from slot 3
[2022-12-12 20:00:06] [SEVERE ] removing player 5 token from slot 7
[2022-12-12 20:00:06] [SEVERE ] player 5 placing token on slot 7
[2022-12-12 20:00:06] [SEVERE ] player 4 placing token on slot 9
[2022-12-12 20:00:06] [SEVERE ] player 5 placing token on slot 2
[2022-12-12 20:00:06] [SEVERE ] removing player 3 token from slot 5
[2022-12-12 20:00:06] [SEVERE ] removing player 3 token from slot 7
[2022-12-12 20:00:06] [SEVERE ] removing player 3 token from slot 9
[2022-12-12 20:00:06] [SEVERE ] player 4 placing token on slot 10
[2022-12-12 20:00:06] [SEVERE ] removing player 2 token from slot 4
[2022-12-12 20:00:06] [SEVERE ] removing player 2 token from slot 5
[2022-12-12 20:00:06] [SEVERE ] removing player 2 token from slot 8
[2022-12-12 20:00:06] [SEVERE ] player 5 placing token on slot 5
[2022-12-12 20:00:06] [SEVERE ] player 3 placing token on slot 11
[2022-12-12 20:00:06] [SEVERE ] player 2 placing token on slot 1
[2022-12-12 20:00:06] [SEVERE ] player 3 placing token on slot 9
[2022-12-12 20:00:06] [SEVERE ] player 2 placing token on slot 10
[2022-12-12 20:00:06] [SEVERE ] player 3 placing token on slot 3
[2022-12-12 20:00:06] [SEVERE ] player 2 placing token on slot 11
[2022-12-12 20:00:09] [SEVERE ] removing player 4 token from slot 5
[2022-12-12 20:00:09] [SEVERE ] removing player 4 token from slot 9
[2022-12-12 20:00:09] [SEVERE ] removing player 4 token from slot 10
[2022-12-12 20:00:09] [SEVERE ] player 4 placing token on slot 0
[2022-12-12 20:00:09] [SEVERE ] removing player 5 token from slot 2
[2022-12-12 20:00:09] [SEVERE ] removing player 5 token from slot 5
[2022-12-12 20:00:09] [SEVERE ] removing player 5 token from slot 7
[2022-12-12 20:00:09] [SEVERE ] player 5 placing token on slot 3
[2022-12-12 20:00:09] [SEVERE ] player 4 placing token on slot 4
[2022-12-12 20:00:09] [SEVERE ] player 5 placing token on slot 4
[2022-12-12 20:00:09] [SEVERE ] player 4 placing token on slot 11
[2022-12-12 20:00:09] [SEVERE ] removing player 3 token from slot 3
[2022-12-12 20:00:09] [SEVERE ] removing player 3 token from slot 9
[2022-12-12 20:00:09] [SEVERE ] removing player 3 token from slot 11
[2022-12-12 20:00:09] [SEVERE ] player 3 placing token on slot 2
[2022-12-12 20:00:09] [SEVERE ] player 5 placing token on slot 8
[2022-12-12 20:00:09] [SEVERE ] player 3 placing token on slot 5
[2022-12-12 20:00:09] [SEVERE ] removing player 2 token from slot 1
[2022-12-12 20:00:09] [SEVERE ] removing player 2 token from slot 10
[2022-12-12 20:00:09] [SEVERE ] removing player 2 token from slot 11
[2022-12-12 20:00:09] [SEVERE ] player 2 placing token on slot 10
[2022-12-12 20:00:09] [SEVERE ] player 3 placing token on slot 6
[2022-12-12 20:00:09] [SEVERE ] player 2 placing token on slot 6
[2022-12-12 20:00:09] [SEVERE ] player 2 placing token on slot 4
[2022-12-12 20:00:12] [SEVERE ] removing player 4 token from slot 0
[2022-12-12 20:00:12] [SEVERE ] removing player 4 token from slot 4
[2022-12-12 20:00:12] [SEVERE ] removing player 4 token from slot 11
[2022-12-12 20:00:12] [SEVERE ] removing player 5 token from slot 3
[2022-12-12 20:00:12] [SEVERE ] removing player 5 token from slot 4
[2022-12-12 20:00:12] [SEVERE ] removing player 5 token from slot 8
[2022-12-12 20:00:12] [SEVERE ] player 4 placing token on slot 1
[2022-12-12 20:00:12] [SEVERE ] player 5 placing token on slot 1
[2022-12-12 20:00:12] [SEVERE ] player 5 placing token on slot 2
[2022-12-12 20:00:12] [SEVERE ] player 4 placing token on slot 8
[2022-12-12 20:00:12] [SEVERE ] removing player 3 token from slot 2
[2022-12-12 20:00:12] [SEVERE ] removing player 3 token from slot 5
[2022-12-12 20:00:12] [SEVERE ] removing player 3 token from slot 6
[2022-12-12 20:00:12] [SEVERE ] player 4 placing token on slot 3
[2022-12-12 20:00:12] [SEVERE ] player 5 placing token on slot 9
[2022-12-12 20:00:12] [SEVERE ] player 3 placing token on slot 6
[2022-12-12 20:00:12] [SEVERE ] player 3 placing token on slot 5
[2022-12-12 20:00:12] [SEVERE ] removing player 2 token from slot 4
[2022-12-12 20:00:12] [SEVERE ] removing player 2 token from slot 6
[2022-12-12 20:00:12] [SEVERE ] removing player 2 token from slot 10
[2022-12-12 20:00:12] [SEVERE ] player 2 placing token on slot 8
[2022-12-12 20:00:13] [SEVERE ] player 3 placing token on slot 2
[2022-12-12 20:00:13] [SEVERE ] player 2 placing token on slot 10
[2022-12-12 20:00:13] [SEVERE ] player 2 placing token on slot 7
[2022-12-12 20:00:15] [SEVERE ] removing player 4 token from slot 1
[2022-12-12 20:00:15] [SEVERE ] removing player 4 token from slot 3
[2022-12-12 20:00:15] [SEVERE ] removing player 4 token from slot 8
[2022-12-12 20:00:15] [SEVERE ] removing player 5 token from slot 1
[2022-12-12 20:00:15] [SEVERE ] removing player 5 token from slot 2
[2022-12-12 20:00:15] [SEVERE ] removing player 5 token from slot 9
[2022-12-12 20:00:15] [SEVERE ] player 5 placing token on slot 4
[2022-12-12 20:00:15] [SEVERE ] player 4 placing token on slot 11
[2022-12-12 20:00:16] [SEVERE ] player 5 placing token on slot 10
[2022-12-12 20:00:16] [SEVERE ] removing player 3 token from slot 2
[2022-12-12 20:00:16] [SEVERE ] removing player 3 token from slot 5
[2022-12-12 20:00:16] [SEVERE ] removing player 3 token from slot 6
[2022-12-12 20:00:16] [SEVERE ] player 5 placing token on slot 1
[2022-12-12 20:00:16] [SEVERE ] player 4 placing token on slot 7
[2022-12-12 20:00:16] [SEVERE ] player 3 placing token on slot 7
[2022-12-12 20:00:16] [SEVERE ] player 4 placing token on slot 2
[2022-12-12 20:00:16] [SEVERE ] removing player 2 token from slot 7
[2022-12-12 20:00:16] [SEVERE ] removing player 2 token from slot 8
[2022-12-12 20:00:16] [SEVERE ] removing player 2 token from slot 10
[2022-12-12 20:00:16] [SEVERE ] player 3 placing token on slot 1
[2022-12-12 20:00:16] [SEVERE ] player 2 placing token on slot 10
[2022-12-12 20:00:16] [SEVERE ] player 3 placing token on slot 8
[2022-12-12 20:00:16] [SEVERE ] player 2 placing token on slot 2
[2022-12-12 20:00:16] [SEVERE ] player 2 placing token on slot 11
[2022-12-12 20:00:19] [SEVERE ] removing player 5 token from slot 1
[2022-12-12 20:00:19] [SEVERE ] removing player 5 token from slot 4
[2022-12-12 20:00:19] [SEVERE ] removing player 5 token from slot 10
[2022-12-12 20:00:19] [SEVERE ] removing player 4 token from slot 2
[2022-12-12 20:00:19] [SEVERE ] removing player 4 token from slot 7
[2022-12-12 20:00:19] [SEVERE ] removing player 4 token from slot 11
[2022-12-12 20:00:19] [SEVERE ] player 4 placing token on slot 6
[2022-12-12 20:00:19] [SEVERE ] player 5 placing token on slot 5
[2022-12-12 20:00:19] [SEVERE ] player 5 placing token on slot 6
[2022-12-12 20:00:19] [SEVERE ] player 4 placing token on slot 5
[2022-12-12 20:00:19] [SEVERE ] removing player 3 token from slot 1
[2022-12-12 20:00:19] [SEVERE ] removing player 3 token from slot 7
[2022-12-12 20:00:19] [SEVERE ] removing player 3 token from slot 8
[2022-12-12 20:00:19] [SEVERE ] player 4 placing token on slot 4
[2022-12-12 20:00:19] [SEVERE ] player 5 placing token on slot 9
[2022-12-12 20:00:19] [SEVERE ] player 3 placing token on slot 6
[2022-12-12 20:00:19] [SEVERE ] removing player 2 token from slot 2
[2022-12-12 20:00:19] [SEVERE ] removing player 2 token from slot 10
[2022-12-12 20:00:19] [SEVERE ] removing player 2 token from slot 11
[2022-12-12 20:00:19] [SEVERE ] player 2 placing token on slot 0
[2022-12-12 20:00:19] [SEVERE ] player 3 placing token on slot 0
[2022-12-12 20:00:19] [SEVERE ] player 2 placing token on slot 5
[2022-12-12 20:00:19] [SEVERE ] player 3 placing token on slot 9
[2022-12-12 20:00:19] [SEVERE ] player 2 placing token on slot 6
[2022-12-12 20:00:22] [SEVERE ] removing player 4 token from slot 4
[2022-12-12 20:00:22] [SEVERE ] removing player 4 token from slot 5
[2022-12-12 20:00:22] [SEVERE ] removing player 4 token from slot 6
[2022-12-12 20:00:22] [SEVERE ] removing player 5 token from slot 5
[2022-12-12 20:00:22] [SEVERE ] removing player 5 token from slot 6
[2022-12-12 20:00:22] [SEVERE ] removing player 5 token from slot 9
[2022-12-12 20:00:22] [SEVERE ] player 4 placing token on slot 8
[2022-12-12 20:00:22] [SEVERE ] player 5 placing token on slot 5
[2022-12-12 20:00:22] [SEVERE ] player 5 placing token on slot 6
[2022-12-12 20:00:22] [SEVERE ] player 4 placing token on slot 11
[2022-12-12 20:00:22] [SEVERE ] player 5 placing token on slot 2
[2022-12-12 20:00:22] [SEVERE ] removing player 3 token from slot 0
[2022-12-12 20:00:22] [SEVERE ] removing player 3 token from slot 6
[2022-12-12 20:00:22] [SEVERE ] removing player 3 token from slot 9
[2022-12-12 20:00:22] [SEVERE ] player 4 placing token on slot 9
[2022-12-12 20:00:22] [SEVERE ] player 3 placing token on slot 5
[2022-12-12 20:00:22] [SEVERE ] removing player 2 token from slot 0
[2022-12-12 20:00:22] [SEVERE ] removing player 2 token from slot 5
[2022-12-12 20:00:22] [SEVERE ] removing player 2 token from slot 6
[2022-12-12 20:00:22] [SEVERE ] player 2 placing token on slot 11
[2022-12-12 20:00:22] [SEVERE ] player 3 placing token on slot 0
[2022-12-12 20:00:22] [SEVERE ] player 3 placing token on slot 11
[2022-12-12 20:00:22] [SEVERE ] player 2 placing token on slot 2
[2022-12-12 20:00:22] [SEVERE ] player 2 placing token on slot 8
[2022-12-12 20:00:25] [SEVERE ] removing player 5 token from slot 2
[2022-12-12 20:00:25] [SEVERE ] removing player 5 token from slot 5
[2022-12-12 20:00:25] [SEVERE ] removing player 5 token from slot 6
[2022-12-12 20:00:25] [SEVERE ] player 5 placing token on slot 9
[2022-12-12 20:00:25] [SEVERE ] removing player 4 token from slot 8
[2022-12-12 20:00:25] [SEVERE ] removing player 4 token from slot 9
[2022-12-12 20:00:25] [SEVERE ] removing player 4 token from slot 11
[2022-12-12 20:00:25] [SEVERE ] player 4 placing token on slot 10
[2022-12-12 20:00:25] [SEVERE ] player 5 placing token on slot 4
[2022-12-12 20:00:25] [SEVERE ] player 4 placing token on slot 4
[2022-12-12 20:00:25] [SEVERE ] removing player 3 token from slot 0
[2022-12-12 20:00:25] [SEVERE ] removing player 3 token from slot 5
[2022-12-12 20:00:25] [SEVERE ] removing player 3 token from slot 11
[2022-12-12 20:00:25] [SEVERE ] player 3 placing token on slot 10
[2022-12-12 20:00:25] [SEVERE ] player 5 placing token on slot 11
[2022-12-12 20:00:25] [SEVERE ] player 4 placing token on slot 2
[2022-12-12 20:00:25] [SEVERE ] removing player 2 token from slot 2
[2022-12-12 20:00:25] [SEVERE ] removing player 2 token from slot 8
[2022-12-12 20:00:25] [SEVERE ] removing player 2 token from slot 11
[2022-12-12 20:00:25] [SEVERE ] player 3 placing token on slot 11
[2022-12-12 20:00:25] [SEVERE ] player 2 placing token on slot 4
[2022-12-12 20:00:25] [SEVERE ] player 3 placing token on slot 1
[2022-12-12 20:00:25] [SEVERE ] player 2 placing token on slot 1
[2022-12-12 20:00:25] [SEVERE ] player 2 placing token on slot 8
