[2022-12-12 15:25:42] [INFO   ] cannot read configuration file config.properties trying from resources.
[2022-12-12 15:25:42] [INFO   ] configuration file was loaded from resources directory.
[2022-12-12 15:25:42] [INFO   ] Thread Thread-0starting.
[2022-12-12 15:25:42] [INFO   ] Thread Thread-5starting.
[2022-12-12 15:25:42] [INFO   ] Thread Thread-4starting.
[2022-12-12 15:25:42] [INFO   ] Thread dealer starting.
[2022-12-12 15:25:42] [INFO   ] Thread Thread-3starting.
[2022-12-12 15:25:42] [INFO   ] Thread Thread-2starting.
[2022-12-12 15:25:42] [INFO   ] Thread Thread-1starting.
[2022-12-12 15:25:42] [INFO   ] Thread computer-5 starting.
[2022-12-12 15:25:42] [INFO   ] Thread computer-4 starting.
[2022-12-12 15:25:42] [INFO   ] Thread computer-2 starting.
[2022-12-12 15:25:42] [INFO   ] Thread computer-3 starting.
[2022-12-12 15:25:43] [SEVERE ] placing card 13 in slot 0
[2022-12-12 15:25:43] [SEVERE ] placing card 26 in slot 1
[2022-12-12 15:25:43] [SEVERE ] placing card 25 in slot 2
[2022-12-12 15:25:43] [SEVERE ] placing card 34 in slot 3
[2022-12-12 15:25:43] [SEVERE ] placing card 53 in slot 4
[2022-12-12 15:25:43] [SEVERE ] placing card 72 in slot 5
[2022-12-12 15:25:43] [SEVERE ] placing card 80 in slot 6
[2022-12-12 15:25:43] [SEVERE ] placing card 76 in slot 7
[2022-12-12 15:25:44] [SEVERE ] placing card 51 in slot 8
[2022-12-12 15:25:44] [SEVERE ] placing card 12 in slot 9
[2022-12-12 15:25:44] [SEVERE ] placing card 30 in slot 10
[2022-12-12 15:25:44] [SEVERE ] placing card 64 in slot 11
[2022-12-12 15:25:44] [SEVERE ] player 5 placing token on slot 6
[2022-12-12 15:25:44] [SEVERE ] player 3 placing token on slot 8
[2022-12-12 15:25:44] [SEVERE ] player 2 placing token on slot 9
[2022-12-12 15:25:44] [SEVERE ] player 4 placing token on slot 8
[2022-12-12 15:25:44] [SEVERE ] player 3 placing token on slot 1
[2022-12-12 15:25:44] [SEVERE ] player 5 placing token on slot 0
[2022-12-12 15:25:44] [SEVERE ] player 3 placing token on slot 9
[2022-12-12 15:25:44] [SEVERE ] player 4 placing token on slot 0
[2022-12-12 15:25:44] [SEVERE ] player 2 placing token on slot 1
[2022-12-12 15:25:44] [SEVERE ] removing player 3 token from slot 1
[2022-12-12 15:25:44] [SEVERE ] removing player 3 token from slot 8
[2022-12-12 15:25:44] [SEVERE ] removing player 3 token from slot 9
[2022-12-12 15:25:44] [SEVERE ] player 3 placing token on slot 11
[2022-12-12 15:25:44] [SEVERE ] player 5 placing token on slot 2
[2022-12-12 15:25:44] [SEVERE ] removing player 5 token from slot 0
[2022-12-12 15:25:44] [SEVERE ] removing player 5 token from slot 2
[2022-12-12 15:25:44] [SEVERE ] removing player 5 token from slot 6
[2022-12-12 15:25:44] [SEVERE ] player 2 placing token on slot 3
[2022-12-12 15:25:44] [SEVERE ] removing player 2 token from slot 1
[2022-12-12 15:25:44] [SEVERE ] removing player 2 token from slot 3
[2022-12-12 15:25:44] [SEVERE ] removing player 2 token from slot 9
[2022-12-12 15:25:44] [SEVERE ] player 3 placing token on slot 9
[2022-12-12 15:25:44] [SEVERE ] player 5 placing token on slot 4
[2022-12-12 15:25:44] [SEVERE ] player 4 placing token on slot 9
[2022-12-12 15:25:44] [SEVERE ] removing player 4 token from slot 0
[2022-12-12 15:25:44] [SEVERE ] removing player 4 token from slot 8
[2022-12-12 15:25:44] [SEVERE ] removing player 4 token from slot 9
[2022-12-12 15:25:44] [SEVERE ] player 2 placing token on slot 8
[2022-12-12 15:25:44] [SEVERE ] player 2 placing token on slot 3
[2022-12-12 15:25:44] [SEVERE ] player 5 placing token on slot 2
[2022-12-12 15:25:44] [SEVERE ] player 3 placing token on slot 4
[2022-12-12 15:25:44] [SEVERE ] player 4 placing token on slot 10
[2022-12-12 15:25:44] [SEVERE ] removing player 3 token from slot 4
[2022-12-12 15:25:44] [SEVERE ] removing player 3 token from slot 9
[2022-12-12 15:25:44] [SEVERE ] removing player 3 token from slot 11
[2022-12-12 15:25:44] [SEVERE ] player 3 placing token on slot 6
[2022-12-12 15:25:44] [SEVERE ] player 2 placing token on slot 9
[2022-12-12 15:25:44] [SEVERE ] removing player 2 token from slot 3
[2022-12-12 15:25:44] [SEVERE ] removing player 2 token from slot 8
[2022-12-12 15:25:44] [SEVERE ] removing player 2 token from slot 9
[2022-12-12 15:25:44] [SEVERE ] player 5 placing token on slot 11
[2022-12-12 15:25:44] [SEVERE ] player 4 placing token on slot 9
[2022-12-12 15:25:44] [SEVERE ] removing player 5 token from slot 2
[2022-12-12 15:25:44] [SEVERE ] removing player 5 token from slot 4
[2022-12-12 15:25:44] [SEVERE ] removing player 5 token from slot 11
[2022-12-12 15:25:44] [SEVERE ] player 5 placing token on slot 8
[2022-12-12 15:25:44] [SEVERE ] player 3 placing token on slot 7
[2022-12-12 15:25:44] [SEVERE ] player 4 placing token on slot 0
[2022-12-12 15:25:44] [SEVERE ] removing player 4 token from slot 0
[2022-12-12 15:25:44] [SEVERE ] player 2 placing token on slot 7
[2022-12-12 15:25:44] [SEVERE ] removing player 4 token from slot 9
[2022-12-12 15:25:44] [SEVERE ] removing player 4 token from slot 10
[2022-12-12 15:25:44] [SEVERE ] player 3 placing token on slot 2
[2022-12-12 15:25:44] [SEVERE ] removing player 3 token from slot 2
[2022-12-12 15:25:44] [SEVERE ] removing player 3 token from slot 6
[2022-12-12 15:25:44] [SEVERE ] player 5 placing token on slot 6
[2022-12-12 15:25:44] [SEVERE ] removing player 3 token from slot 7
[2022-12-12 15:25:44] [SEVERE ] player 3 placing token on slot 1
[2022-12-12 15:25:44] [SEVERE ] player 2 placing token on slot 8
[2022-12-12 15:25:44] [SEVERE ] player 4 placing token on slot 0
[2022-12-12 15:25:44] [SEVERE ] player 5 placing token on slot 11
[2022-12-12 15:25:44] [SEVERE ] removing player 5 token from slot 6
[2022-12-12 15:25:44] [SEVERE ] removing player 5 token from slot 8
[2022-12-12 15:25:44] [SEVERE ] removing player 5 token from slot 11
[2022-12-12 15:25:44] [SEVERE ] player 3 placing token on slot 2
[2022-12-12 15:25:44] [SEVERE ] player 5 placing token on slot 1
[2022-12-12 15:25:44] [SEVERE ] player 4 placing token on slot 10
[2022-12-12 15:25:44] [SEVERE ] player 2 placing token on slot 0
[2022-12-12 15:25:44] [SEVERE ] removing player 2 token from slot 0
[2022-12-12 15:25:44] [SEVERE ] removing player 2 token from slot 7
[2022-12-12 15:25:44] [SEVERE ] removing player 2 token from slot 8
[2022-12-12 15:25:44] [SEVERE ] player 4 placing token on slot 11
[2022-12-12 15:25:44] [SEVERE ] removing player 4 token from slot 0
[2022-12-12 15:25:44] [SEVERE ] removing player 4 token from slot 10
[2022-12-12 15:25:44] [SEVERE ] removing player 4 token from slot 11
[2022-12-12 15:25:44] [SEVERE ] player 3 placing token on slot 6
[2022-12-12 15:25:44] [SEVERE ] removing player 3 token from slot 1
[2022-12-12 15:25:44] [SEVERE ] player 5 placing token on slot 8
[2022-12-12 15:25:44] [SEVERE ] removing player 3 token from slot 2
[2022-12-12 15:25:44] [SEVERE ] removing player 3 token from slot 6
[2022-12-12 15:25:44] [SEVERE ] player 2 placing token on slot 8
[2022-12-12 15:25:44] [SEVERE ] player 4 placing token on slot 5
[2022-12-12 15:25:44] [SEVERE ] player 3 placing token on slot 10
[2022-12-12 15:25:44] [SEVERE ] player 5 placing token on slot 11
[2022-12-12 15:25:44] [SEVERE ] removing player 5 token from slot 1
[2022-12-12 15:25:44] [SEVERE ] removing player 5 token from slot 8
[2022-12-12 15:25:44] [SEVERE ] removing player 5 token from slot 11
[2022-12-12 15:25:44] [SEVERE ] player 2 placing token on slot 9
[2022-12-12 15:25:44] [SEVERE ] player 3 placing token on slot 7
[2022-12-12 15:25:44] [SEVERE ] player 4 placing token on slot 2
[2022-12-12 15:25:44] [SEVERE ] player 5 placing token on slot 11
[2022-12-12 15:25:44] [SEVERE ] player 3 placing token on slot 6
[2022-12-12 15:25:44] [SEVERE ] removing player 3 token from slot 6
[2022-12-12 15:25:44] [SEVERE ] removing player 3 token from slot 7
[2022-12-12 15:25:44] [SEVERE ] removing player 3 token from slot 10
[2022-12-12 15:25:44] [SEVERE ] player 2 placing token on slot 1
[2022-12-12 15:25:44] [SEVERE ] removing player 2 token from slot 1
[2022-12-12 15:25:44] [SEVERE ] removing player 2 token from slot 8
[2022-12-12 15:25:44] [SEVERE ] removing player 2 token from slot 9
[2022-12-12 15:25:44] [SEVERE ] player 4 placing token on slot 9
[2022-12-12 15:25:44] [SEVERE ] removing player 4 token from slot 2
[2022-12-12 15:25:44] [SEVERE ] removing player 4 token from slot 5
[2022-12-12 15:25:44] [SEVERE ] removing player 4 token from slot 9
[2022-12-12 15:25:44] [SEVERE ] player 3 placing token on slot 1
[2022-12-12 15:25:44] [SEVERE ] player 4 placing token on slot 0
[2022-12-12 15:25:44] [SEVERE ] player 2 placing token on slot 4
[2022-12-12 15:25:44] [SEVERE ] player 5 placing token on slot 4
[2022-12-12 15:25:44] [SEVERE ] player 3 placing token on slot 9
[2022-12-12 15:25:44] [SEVERE ] player 5 placing token on slot 9
[2022-12-12 15:25:44] [SEVERE ] removing player 5 token from slot 4
[2022-12-12 15:25:44] [SEVERE ] removing player 5 token from slot 9
[2022-12-12 15:25:44] [SEVERE ] player 4 placing token on slot 8
[2022-12-12 15:25:44] [SEVERE ] removing player 5 token from slot 11
[2022-12-12 15:25:45] [SEVERE ] player 2 placing token on slot 0
[2022-12-12 15:25:45] [SEVERE ] player 3 placing token on slot 4
[2022-12-12 15:25:45] [SEVERE ] removing player 3 token from slot 1
[2022-12-12 15:25:45] [SEVERE ] removing player 3 token from slot 4
[2022-12-12 15:25:45] [SEVERE ] removing player 3 token from slot 9
[2022-12-12 15:25:45] [SEVERE ] player 5 placing token on slot 4
[2022-12-12 15:25:45] [SEVERE ] player 4 placing token on slot 2
[2022-12-12 15:25:45] [SEVERE ] removing player 4 token from slot 0
[2022-12-12 15:25:45] [SEVERE ] removing player 4 token from slot 2
[2022-12-12 15:25:45] [SEVERE ] removing player 4 token from slot 8
[2022-12-12 15:25:45] [SEVERE ] player 2 placing token on slot 9
[2022-12-12 15:25:45] [SEVERE ] removing player 2 token from slot 0
[2022-12-12 15:25:45] [SEVERE ] removing player 2 token from slot 4
[2022-12-12 15:25:45] [SEVERE ] removing player 2 token from slot 9
[2022-12-12 15:25:45] [SEVERE ] player 3 placing token on slot 3
[2022-12-12 15:25:45] [SEVERE ] player 5 placing token on slot 1
[2022-12-12 15:25:45] [SEVERE ] player 3 placing token on slot 1
[2022-12-12 15:25:45] [SEVERE ] player 4 placing token on slot 0
[2022-12-12 15:25:45] [SEVERE ] player 2 placing token on slot 9
[2022-12-12 15:25:45] [SEVERE ] player 4 placing token on slot 5
[2022-12-12 15:25:45] [SEVERE ] player 5 placing token on slot 5
[2022-12-12 15:25:45] [SEVERE ] removing player 5 token from slot 1
[2022-12-12 15:25:45] [SEVERE ] removing player 5 token from slot 4
[2022-12-12 15:25:45] [SEVERE ] removing player 5 token from slot 5
[2022-12-12 15:25:45] [SEVERE ] player 2 placing token on slot 1
[2022-12-12 15:25:45] [SEVERE ] player 3 placing token on slot 11
[2022-12-12 15:25:45] [SEVERE ] removing player 3 token from slot 1
[2022-12-12 15:25:45] [SEVERE ] removing player 3 token from slot 3
[2022-12-12 15:25:45] [SEVERE ] removing player 3 token from slot 11
[2022-12-12 15:25:45] [SEVERE ] player 4 placing token on slot 11
[2022-12-12 15:25:45] [SEVERE ] removing player 4 token from slot 0
[2022-12-12 15:25:45] [SEVERE ] removing player 4 token from slot 5
[2022-12-12 15:25:45] [SEVERE ] removing player 4 token from slot 11
[2022-12-12 15:25:45] [SEVERE ] player 5 placing token on slot 11
[2022-12-12 15:25:45] [SEVERE ] player 2 placing token on slot 10
[2022-12-12 15:25:45] [SEVERE ] removing player 2 token from slot 1
[2022-12-12 15:25:45] [SEVERE ] removing player 2 token from slot 9
[2022-12-12 15:25:45] [SEVERE ] removing player 2 token from slot 10
[2022-12-12 15:25:45] [SEVERE ] player 3 placing token on slot 2
[2022-12-12 15:25:45] [SEVERE ] player 4 placing token on slot 9
[2022-12-12 15:25:45] [SEVERE ] player 5 placing token on slot 8
[2022-12-12 15:25:45] [SEVERE ] player 2 placing token on slot 3
[2022-12-12 15:25:45] [SEVERE ] player 3 placing token on slot 10
[2022-12-12 15:25:45] [SEVERE ] player 4 placing token on slot 7
[2022-12-12 15:25:45] [SEVERE ] player 5 placing token on slot 5
[2022-12-12 15:25:45] [SEVERE ] removing player 5 token from slot 5
[2022-12-12 15:25:45] [SEVERE ] player 4 placing token on slot 1
[2022-12-12 15:25:45] [SEVERE ] player 3 placing token on slot 7
[2022-12-12 15:25:45] [SEVERE ] player 2 placing token on slot 9
[2022-12-12 15:25:45] [SEVERE ] removing player 5 token from slot 8
[2022-12-12 15:25:45] [SEVERE ] removing player 5 token from slot 11
[2022-12-12 15:25:45] [SEVERE ] removing player 3 token from slot 2
[2022-12-12 15:25:45] [SEVERE ] removing player 3 token from slot 7
[2022-12-12 15:25:45] [SEVERE ] removing player 3 token from slot 10
[2022-12-12 15:25:45] [SEVERE ] removing player 4 token from slot 1
[2022-12-12 15:25:45] [SEVERE ] removing player 4 token from slot 7
[2022-12-12 15:25:45] [SEVERE ] removing player 4 token from slot 9
[2022-12-12 15:25:45] [SEVERE ] player 4 placing token on slot 8
[2022-12-12 15:25:45] [SEVERE ] player 2 placing token on slot 11
[2022-12-12 15:25:45] [SEVERE ] removing player 2 token from slot 3
[2022-12-12 15:25:45] [SEVERE ] removing player 2 token from slot 9
[2022-12-12 15:25:45] [SEVERE ] removing player 2 token from slot 11
[2022-12-12 15:25:45] [SEVERE ] player 5 placing token on slot 1
[2022-12-12 15:25:45] [SEVERE ] player 3 placing token on slot 11
[2022-12-12 15:25:45] [SEVERE ] player 5 placing token on slot 11
[2022-12-12 15:25:45] [SEVERE ] player 2 placing token on slot 5
[2022-12-12 15:25:45] [SEVERE ] player 4 placing token on slot 6
[2022-12-12 15:25:45] [SEVERE ] player 3 placing token on slot 2
[2022-12-12 15:25:45] [SEVERE ] player 2 placing token on slot 0
[2022-12-12 15:25:45] [SEVERE ] player 4 placing token on slot 4
[2022-12-12 15:25:45] [SEVERE ] player 5 placing token on slot 2
[2022-12-12 15:25:45] [SEVERE ] removing player 4 token from slot 4
[2022-12-12 15:25:45] [SEVERE ] removing player 4 token from slot 6
[2022-12-12 15:25:45] [SEVERE ] removing player 4 token from slot 8
[2022-12-12 15:25:45] [SEVERE ] removing player 5 token from slot 1
[2022-12-12 15:25:45] [SEVERE ] removing player 5 token from slot 2
[2022-12-12 15:25:45] [SEVERE ] removing player 5 token from slot 11
[2022-12-12 15:25:45] [SEVERE ] player 3 placing token on slot 3
[2022-12-12 15:25:45] [SEVERE ] player 4 placing token on slot 4
[2022-12-12 15:25:45] [SEVERE ] player 2 placing token on slot 10
[2022-12-12 15:25:45] [SEVERE ] player 5 placing token on slot 1
[2022-12-12 15:25:45] [SEVERE ] removing player 3 token from slot 2
[2022-12-12 15:25:45] [SEVERE ] removing player 3 token from slot 3
[2022-12-12 15:25:45] [SEVERE ] removing player 3 token from slot 11
[2022-12-12 15:25:45] [SEVERE ] player 5 placing token on slot 2
[2022-12-12 15:25:45] [SEVERE ] removing player 2 token from slot 0
[2022-12-12 15:25:45] [SEVERE ] removing player 2 token from slot 5
[2022-12-12 15:25:45] [SEVERE ] removing player 2 token from slot 10
[2022-12-12 15:25:45] [SEVERE ] player 4 placing token on slot 7
[2022-12-12 15:25:45] [SEVERE ] player 3 placing token on slot 10
[2022-12-12 15:25:45] [SEVERE ] player 2 placing token on slot 11
[2022-12-12 15:25:45] [SEVERE ] player 4 placing token on slot 0
[2022-12-12 15:25:45] [SEVERE ] removing player 4 token from slot 0
[2022-12-12 15:25:45] [SEVERE ] removing player 4 token from slot 4
[2022-12-12 15:25:45] [SEVERE ] removing player 4 token from slot 7
[2022-12-12 15:25:45] [SEVERE ] player 5 placing token on slot 8
[2022-12-12 15:25:45] [SEVERE ] removing player 5 token from slot 1
[2022-12-12 15:25:45] [SEVERE ] removing player 5 token from slot 2
[2022-12-12 15:25:45] [SEVERE ] removing player 5 token from slot 8
[2022-12-12 15:25:45] [SEVERE ] player 3 placing token on slot 7
[2022-12-12 15:25:45] [SEVERE ] player 4 placing token on slot 3
[2022-12-12 15:25:45] [SEVERE ] player 5 placing token on slot 3
[2022-12-12 15:25:45] [SEVERE ] player 2 placing token on slot 7
[2022-12-12 15:25:45] [SEVERE ] player 2 placing token on slot 8
[2022-12-12 15:25:45] [SEVERE ] removing player 2 token from slot 7
[2022-12-12 15:25:45] [SEVERE ] removing player 2 token from slot 8
[2022-12-12 15:25:45] [SEVERE ] removing player 2 token from slot 11
[2022-12-12 15:25:45] [SEVERE ] player 4 placing token on slot 1
[2022-12-12 15:25:45] [SEVERE ] player 5 placing token on slot 1
[2022-12-12 15:25:45] [SEVERE ] player 3 placing token on slot 1
[2022-12-12 15:25:45] [SEVERE ] removing player 3 token from slot 1
[2022-12-12 15:25:45] [SEVERE ] removing player 3 token from slot 7
[2022-12-12 15:25:45] [SEVERE ] removing player 3 token from slot 10
[2022-12-12 15:25:45] [SEVERE ] player 4 placing token on slot 10
[2022-12-12 15:25:45] [SEVERE ] player 3 placing token on slot 5
[2022-12-12 15:25:45] [SEVERE ] player 2 placing token on slot 11
[2022-12-12 15:25:45] [SEVERE ] removing player 4 token from slot 1
[2022-12-12 15:25:45] [SEVERE ] removing player 4 token from slot 3
[2022-12-12 15:25:45] [SEVERE ] removing player 4 token from slot 10
[2022-12-12 15:25:45] [SEVERE ] player 5 placing token on slot 6
[2022-12-12 15:25:45] [SEVERE ] removing player 5 token from slot 1
[2022-12-12 15:25:45] [SEVERE ] removing player 5 token from slot 3
[2022-12-12 15:25:45] [SEVERE ] removing player 5 token from slot 6
[2022-12-12 15:25:45] [SEVERE ] player 3 placing token on slot 8
[2022-12-12 15:25:45] [SEVERE ] player 2 placing token on slot 8
[2022-12-12 15:25:45] [SEVERE ] player 4 placing token on slot 11
[2022-12-12 15:25:45] [SEVERE ] player 3 placing token on slot 11
[2022-12-12 15:25:45] [SEVERE ] removing player 3 token from slot 5
[2022-12-12 15:25:45] [SEVERE ] removing player 3 token from slot 8
[2022-12-12 15:25:45] [SEVERE ] removing player 3 token from slot 11
[2022-12-12 15:25:45] [SEVERE ] player 5 placing token on slot 5
[2022-12-12 15:25:45] [SEVERE ] player 4 placing token on slot 9
[2022-12-12 15:25:45] [SEVERE ] player 2 placing token on slot 4
[2022-12-12 15:25:45] [SEVERE ] removing player 2 token from slot 4
[2022-12-12 15:25:45] [SEVERE ] removing player 2 token from slot 8
[2022-12-12 15:25:45] [SEVERE ] removing player 2 token from slot 11
[2022-12-12 15:25:45] [SEVERE ] player 5 placing token on slot 0
[2022-12-12 15:25:45] [SEVERE ] player 4 placing token on slot 6
[2022-12-12 15:25:45] [SEVERE ] removing player 4 token from slot 6
[2022-12-12 15:25:45] [SEVERE ] removing player 4 token from slot 9
[2022-12-12 15:25:45] [SEVERE ] removing player 4 token from slot 11
[2022-12-12 15:25:45] [SEVERE ] player 3 placing token on slot 10
[2022-12-12 15:25:45] [SEVERE ] player 2 placing token on slot 6
[2022-12-12 15:25:45] [SEVERE ] player 5 placing token on slot 3
[2022-12-12 15:25:45] [SEVERE ] removing player 5 token from slot 0
[2022-12-12 15:25:45] [SEVERE ] removing player 5 token from slot 3
[2022-12-12 15:25:45] [SEVERE ] removing player 5 token from slot 5
[2022-12-12 15:25:45] [SEVERE ] player 2 placing token on slot 1
[2022-12-12 15:25:45] [SEVERE ] player 3 placing token on slot 11
[2022-12-12 15:25:45] [SEVERE ] player 4 placing token on slot 11
[2022-12-12 15:25:45] [SEVERE ] player 3 placing token on slot 5
[2022-12-12 15:25:45] [SEVERE ] player 2 placing token on slot 9
[2022-12-12 15:25:45] [SEVERE ] removing player 2 token from slot 1
[2022-12-12 15:25:45] [SEVERE ] removing player 2 token from slot 6
[2022-12-12 15:25:45] [SEVERE ] removing player 2 token from slot 9
[2022-12-12 15:25:45] [SEVERE ] removing player 3 token from slot 5
[2022-12-12 15:25:45] [SEVERE ] removing player 3 token from slot 10
[2022-12-12 15:25:45] [SEVERE ] removing player 3 token from slot 11
[2022-12-12 15:25:45] [SEVERE ] player 5 placing token on slot 6
[2022-12-12 15:25:45] [SEVERE ] player 4 placing token on slot 2
[2022-12-12 15:25:45] [SEVERE ] player 4 placing token on slot 8
[2022-12-12 15:25:45] [SEVERE ] player 3 placing token on slot 0
[2022-12-12 15:25:45] [SEVERE ] removing player 4 token from slot 2
[2022-12-12 15:25:45] [SEVERE ] removing player 4 token from slot 8
[2022-12-12 15:25:45] [SEVERE ] removing player 4 token from slot 11
[2022-12-12 15:25:45] [SEVERE ] player 3 placing token on slot 11
[2022-12-12 15:25:45] [SEVERE ] player 5 placing token on slot 3
[2022-12-12 15:25:45] [SEVERE ] player 2 placing token on slot 9
[2022-12-12 15:25:45] [SEVERE ] player 3 placing token on slot 1
[2022-12-12 15:25:45] [SEVERE ] removing player 3 token from slot 0
[2022-12-12 15:25:45] [SEVERE ] removing player 3 token from slot 1
[2022-12-12 15:25:45] [SEVERE ] removing player 3 token from slot 11
[2022-12-12 15:25:45] [SEVERE ] player 4 placing token on slot 4
[2022-12-12 15:25:46] [SEVERE ] player 2 placing token on slot 1
[2022-12-12 15:25:46] [SEVERE ] player 5 placing token on slot 4
[2022-12-12 15:25:46] [SEVERE ] player 2 placing token on slot 3
[2022-12-12 15:25:46] [SEVERE ] player 3 placing token on slot 2
[2022-12-12 15:25:46] [SEVERE ] player 4 placing token on slot 6
[2022-12-12 15:25:46] [SEVERE ] removing player 5 token from slot 3
[2022-12-12 15:25:46] [SEVERE ] removing player 5 token from slot 4
[2022-12-12 15:25:46] [SEVERE ] removing player 5 token from slot 6
[2022-12-12 15:25:46] [SEVERE ] removing player 2 token from slot 1
[2022-12-12 15:25:46] [SEVERE ] removing player 2 token from slot 3
[2022-12-12 15:25:46] [SEVERE ] removing player 2 token from slot 9
[2022-12-12 15:25:46] [SEVERE ] player 5 placing token on slot 1
[2022-12-12 15:25:46] [SEVERE ] player 4 placing token on slot 8
[2022-12-12 15:25:46] [SEVERE ] removing player 4 token from slot 4
[2022-12-12 15:25:46] [SEVERE ] removing player 4 token from slot 6
[2022-12-12 15:25:46] [SEVERE ] removing player 4 token from slot 8
[2022-12-12 15:25:46] [SEVERE ] player 3 placing token on slot 4
[2022-12-12 15:25:46] [SEVERE ] player 3 placing token on slot 7
[2022-12-12 15:25:46] [SEVERE ] player 2 placing token on slot 4
[2022-12-12 15:25:46] [SEVERE ] player 5 placing token on slot 11
[2022-12-12 15:25:46] [SEVERE ] player 4 placing token on slot 4
[2022-12-12 15:25:46] [SEVERE ] removing player 3 token from slot 2
[2022-12-12 15:25:46] [SEVERE ] removing player 3 token from slot 4
[2022-12-12 15:25:46] [SEVERE ] removing player 3 token from slot 7
[2022-12-12 15:25:46] [SEVERE ] player 2 placing token on slot 1
[2022-12-12 15:25:46] [SEVERE ] player 4 placing token on slot 7
[2022-12-12 15:25:46] [SEVERE ] player 5 placing token on slot 2
[2022-12-12 15:25:46] [SEVERE ] removing player 5 token from slot 1
[2022-12-12 15:25:46] [SEVERE ] removing player 5 token from slot 2
[2022-12-12 15:25:46] [SEVERE ] removing player 5 token from slot 11
[2022-12-12 15:25:46] [SEVERE ] player 2 placing token on slot 11
[2022-12-12 15:25:46] [SEVERE ] removing player 2 token from slot 1
[2022-12-12 15:25:46] [SEVERE ] removing player 2 token from slot 4
[2022-12-12 15:25:46] [SEVERE ] removing player 2 token from slot 11
[2022-12-12 15:25:46] [SEVERE ] player 5 placing token on slot 6
[2022-12-12 15:25:46] [SEVERE ] player 3 placing token on slot 10
[2022-12-12 15:25:46] [SEVERE ] player 4 placing token on slot 10
[2022-12-12 15:25:46] [SEVERE ] removing player 4 token from slot 4
[2022-12-12 15:25:46] [SEVERE ] removing player 4 token from slot 7
[2022-12-12 15:25:46] [SEVERE ] removing player 4 token from slot 10
[2022-12-12 15:25:46] [SEVERE ] player 5 placing token on slot 5
[2022-12-12 15:25:46] [SEVERE ] player 3 placing token on slot 6
[2022-12-12 15:25:46] [SEVERE ] player 2 placing token on slot 9
[2022-12-12 15:25:46] [SEVERE ] player 5 placing token on slot 1
[2022-12-12 15:25:46] [SEVERE ] removing player 5 token from slot 1
[2022-12-12 15:25:46] [SEVERE ] removing player 5 token from slot 5
[2022-12-12 15:25:46] [SEVERE ] removing player 5 token from slot 6
[2022-12-12 15:25:46] [SEVERE ] player 3 placing token on slot 1
[2022-12-12 15:25:46] [SEVERE ] removing player 3 token from slot 1
[2022-12-12 15:25:46] [SEVERE ] removing player 3 token from slot 6
[2022-12-12 15:25:46] [SEVERE ] removing player 3 token from slot 10
[2022-12-12 15:25:46] [SEVERE ] player 5 placing token on slot 11
[2022-12-12 15:25:46] [SEVERE ] player 4 placing token on slot 6
[2022-12-12 15:25:46] [SEVERE ] player 2 placing token on slot 4
[2022-12-12 15:25:46] [SEVERE ] player 4 placing token on slot 5
[2022-12-12 15:25:46] [SEVERE ] player 2 placing token on slot 6
[2022-12-12 15:25:46] [SEVERE ] removing player 2 token from slot 4
[2022-12-12 15:25:46] [SEVERE ] removing player 2 token from slot 6
[2022-12-12 15:25:46] [SEVERE ] removing player 2 token from slot 9
[2022-12-12 15:25:46] [SEVERE ] player 5 placing token on slot 10
[2022-12-12 15:25:46] [SEVERE ] player 3 placing token on slot 2
[2022-12-12 15:25:46] [SEVERE ] player 2 placing token on slot 4
[2022-12-12 15:25:46] [SEVERE ] player 5 placing token on slot 9
[2022-12-12 15:25:46] [SEVERE ] removing player 5 token from slot 9
[2022-12-12 15:25:46] [SEVERE ] removing player 5 token from slot 10
[2022-12-12 15:25:46] [SEVERE ] removing player 5 token from slot 11
[2022-12-12 15:25:46] [SEVERE ] player 2 placing token on slot 0
[2022-12-12 15:25:46] [SEVERE ] player 3 placing token on slot 4
[2022-12-12 15:25:46] [SEVERE ] player 4 placing token on slot 4
[2022-12-12 15:25:46] [SEVERE ] removing player 4 token from slot 4
[2022-12-12 15:25:46] [SEVERE ] removing player 4 token from slot 5
[2022-12-12 15:25:46] [SEVERE ] removing player 4 token from slot 6
[2022-12-12 15:25:46] [SEVERE ] player 5 placing token on slot 11
[2022-12-12 15:25:46] [SEVERE ] player 3 placing token on slot 8
[2022-12-12 15:25:46] [SEVERE ] player 2 placing token on slot 2
[2022-12-12 15:25:46] [SEVERE ] player 4 placing token on slot 3
[2022-12-12 15:25:46] [SEVERE ] removing player 2 token from slot 0
[2022-12-12 15:25:46] [SEVERE ] removing player 2 token from slot 2
[2022-12-12 15:25:46] [SEVERE ] removing player 2 token from slot 4
[2022-12-12 15:25:46] [SEVERE ] removing player 3 token from slot 2
[2022-12-12 15:25:46] [SEVERE ] player 4 placing token on slot 2
[2022-12-12 15:25:46] [SEVERE ] player 2 placing token on slot 9
[2022-12-12 15:25:46] [SEVERE ] player 5 placing token on slot 2
[2022-12-12 15:25:46] [SEVERE ] removing player 3 token from slot 4
[2022-12-12 15:25:46] [SEVERE ] removing player 3 token from slot 8
[2022-12-12 15:25:46] [SEVERE ] player 4 placing token on slot 4
[2022-12-12 15:25:46] [SEVERE ] removing player 4 token from slot 2
[2022-12-12 15:25:46] [SEVERE ] removing player 4 token from slot 3
[2022-12-12 15:25:46] [SEVERE ] removing player 4 token from slot 4
[2022-12-12 15:25:46] [SEVERE ] player 2 placing token on slot 10
[2022-12-12 15:25:46] [SEVERE ] player 5 placing token on slot 4
[2022-12-12 15:25:46] [SEVERE ] removing player 5 token from slot 2
[2022-12-12 15:25:46] [SEVERE ] removing player 5 token from slot 4
[2022-12-12 15:25:46] [SEVERE ] removing player 5 token from slot 11
[2022-12-12 15:25:46] [SEVERE ] player 4 placing token on slot 10
[2022-12-12 15:25:46] [SEVERE ] player 5 placing token on slot 2
[2022-12-12 15:25:46] [SEVERE ] player 2 placing token on slot 0
[2022-12-12 15:25:46] [SEVERE ] player 3 placing token on slot 8
[2022-12-12 15:25:46] [SEVERE ] removing player 2 token from slot 0
[2022-12-12 15:25:46] [SEVERE ] removing player 2 token from slot 9
[2022-12-12 15:25:46] [SEVERE ] removing player 2 token from slot 10
[2022-12-12 15:25:46] [SEVERE ] player 2 placing token on slot 4
[2022-12-12 15:25:46] [SEVERE ] player 3 placing token on slot 2
[2022-12-12 15:25:46] [SEVERE ] player 5 placing token on slot 10
[2022-12-12 15:25:46] [SEVERE ] player 4 placing token on slot 6
[2022-12-12 15:25:46] [SEVERE ] player 3 placing token on slot 1
[2022-12-12 15:25:46] [SEVERE ] removing player 3 token from slot 1
[2022-12-12 15:25:46] [SEVERE ] removing player 3 token from slot 2
[2022-12-12 15:25:46] [SEVERE ] removing player 3 token from slot 8
[2022-12-12 15:25:46] [SEVERE ] player 2 placing token on slot 1
[2022-12-12 15:25:46] [SEVERE ] player 5 placing token on slot 8
[2022-12-12 15:25:46] [SEVERE ] player 4 placing token on slot 11
[2022-12-12 15:25:46] [SEVERE ] removing player 4 token from slot 6
[2022-12-12 15:25:46] [SEVERE ] removing player 4 token from slot 10
[2022-12-12 15:25:46] [SEVERE ] removing player 4 token from slot 11
[2022-12-12 15:25:46] [SEVERE ] removing player 5 token from slot 2
[2022-12-12 15:25:46] [SEVERE ] removing player 5 token from slot 8
[2022-12-12 15:25:46] [SEVERE ] removing player 5 token from slot 10
[2022-12-12 15:25:46] [SEVERE ] player 3 placing token on slot 2
[2022-12-12 15:25:46] [SEVERE ] player 4 placing token on slot 11
[2022-12-12 15:25:46] [SEVERE ] player 2 placing token on slot 7
[2022-12-12 15:25:46] [SEVERE ] removing player 2 token from slot 1
[2022-12-12 15:25:46] [SEVERE ] removing player 2 token from slot 4
[2022-12-12 15:25:46] [SEVERE ] removing player 2 token from slot 7
[2022-12-12 15:25:46] [SEVERE ] player 3 placing token on slot 4
[2022-12-12 15:25:46] [SEVERE ] player 5 placing token on slot 2
[2022-12-12 15:25:46] [SEVERE ] player 2 placing token on slot 5
[2022-12-12 15:25:46] [SEVERE ] player 4 placing token on slot 1
[2022-12-12 15:25:46] [SEVERE ] player 5 placing token on slot 3
[2022-12-12 15:25:46] [SEVERE ] player 3 placing token on slot 9
[2022-12-12 15:25:46] [SEVERE ] removing player 3 token from slot 2
[2022-12-12 15:25:46] [SEVERE ] removing player 3 token from slot 4
[2022-12-12 15:25:46] [SEVERE ] removing player 3 token from slot 9
[2022-12-12 15:25:46] [SEVERE ] player 4 placing token on slot 5
[2022-12-12 15:25:46] [SEVERE ] player 2 placing token on slot 1
[2022-12-12 15:25:46] [SEVERE ] removing player 4 token from slot 1
[2022-12-12 15:25:46] [SEVERE ] removing player 4 token from slot 5
[2022-12-12 15:25:46] [SEVERE ] removing player 4 token from slot 11
[2022-12-12 15:25:46] [SEVERE ] player 5 placing token on slot 4
[2022-12-12 15:25:46] [SEVERE ] removing player 5 token from slot 2
[2022-12-12 15:25:46] [SEVERE ] player 4 placing token on slot 9
[2022-12-12 15:25:46] [SEVERE ] removing player 5 token from slot 3
[2022-12-12 15:25:46] [SEVERE ] removing player 5 token from slot 4
[2022-12-12 15:25:46] [SEVERE ] player 2 placing token on slot 7
[2022-12-12 15:25:46] [SEVERE ] player 3 placing token on slot 2
[2022-12-12 15:25:46] [SEVERE ] removing player 2 token from slot 1
[2022-12-12 15:25:46] [SEVERE ] removing player 2 token from slot 5
[2022-12-12 15:25:46] [SEVERE ] removing player 2 token from slot 7
[2022-12-12 15:25:46] [SEVERE ] player 4 placing token on slot 3
[2022-12-12 15:25:46] [SEVERE ] player 5 placing token on slot 9
[2022-12-12 15:25:46] [SEVERE ] player 3 placing token on slot 11
[2022-12-12 15:25:46] [SEVERE ] player 4 placing token on slot 2
[2022-12-12 15:25:46] [SEVERE ] removing player 4 token from slot 2
[2022-12-12 15:25:46] [SEVERE ] removing player 4 token from slot 3
[2022-12-12 15:25:46] [SEVERE ] removing player 4 token from slot 9
[2022-12-12 15:25:47] [SEVERE ] player 2 placing token on slot 7
[2022-12-12 15:25:47] [SEVERE ] player 5 placing token on slot 10
[2022-12-12 15:25:47] [SEVERE ] player 3 placing token on slot 5
[2022-12-12 15:25:47] [SEVERE ] removing player 3 token from slot 2
[2022-12-12 15:25:47] [SEVERE ] removing player 3 token from slot 5
[2022-12-12 15:25:47] [SEVERE ] removing player 3 token from slot 11
[2022-12-12 15:25:47] [SEVERE ] player 4 placing token on slot 2
[2022-12-12 15:25:47] [SEVERE ] player 2 placing token on slot 11
[2022-12-12 15:25:47] [SEVERE ] player 3 placing token on slot 6
[2022-12-12 15:25:47] [SEVERE ] player 5 placing token on slot 3
[2022-12-12 15:25:47] [SEVERE ] removing player 5 token from slot 3
[2022-12-12 15:25:47] [SEVERE ] removing player 5 token from slot 9
[2022-12-12 15:25:47] [SEVERE ] removing player 5 token from slot 10
[2022-12-12 15:25:47] [SEVERE ] player 4 placing token on slot 4
[2022-12-12 15:25:47] [SEVERE ] player 3 placing token on slot 10
[2022-12-12 15:25:47] [SEVERE ] player 2 placing token on slot 4
[2022-12-12 15:25:47] [SEVERE ] player 5 placing token on slot 7
[2022-12-12 15:25:47] [SEVERE ] removing player 2 token from slot 4
[2022-12-12 15:25:47] [SEVERE ] removing player 2 token from slot 7
[2022-12-12 15:25:47] [SEVERE ] removing player 2 token from slot 11
[2022-12-12 15:25:47] [SEVERE ] player 4 placing token on slot 9
[2022-12-12 15:25:47] [SEVERE ] removing player 4 token from slot 2
[2022-12-12 15:25:47] [SEVERE ] removing player 4 token from slot 4
[2022-12-12 15:25:47] [SEVERE ] removing player 4 token from slot 9
[2022-12-12 15:25:47] [SEVERE ] player 3 placing token on slot 8
[2022-12-12 15:25:47] [SEVERE ] removing player 3 token from slot 6
[2022-12-12 15:25:47] [SEVERE ] removing player 3 token from slot 8
[2022-12-12 15:25:47] [SEVERE ] removing player 3 token from slot 10
[2022-12-12 15:25:47] [SEVERE ] player 2 placing token on slot 3
[2022-12-12 15:25:47] [SEVERE ] player 5 placing token on slot 3
[2022-12-12 15:25:47] [SEVERE ] player 3 placing token on slot 7
[2022-12-12 15:25:47] [SEVERE ] player 5 placing token on slot 0
[2022-12-12 15:25:47] [SEVERE ] player 4 placing token on slot 9
[2022-12-12 15:25:47] [SEVERE ] removing player 5 token from slot 0
[2022-12-12 15:25:47] [SEVERE ] removing player 5 token from slot 3
[2022-12-12 15:25:47] [SEVERE ] removing player 5 token from slot 7
[2022-12-12 15:25:47] [SEVERE ] player 2 placing token on slot 2
[2022-12-12 15:25:47] [SEVERE ] player 2 placing token on slot 0
[2022-12-12 15:25:47] [SEVERE ] removing player 2 token from slot 0
[2022-12-12 15:25:47] [SEVERE ] removing player 2 token from slot 2
[2022-12-12 15:25:47] [SEVERE ] removing player 2 token from slot 3
[2022-12-12 15:25:47] [SEVERE ] player 5 placing token on slot 4
[2022-12-12 15:25:47] [SEVERE ] player 3 placing token on slot 3
[2022-12-12 15:25:47] [SEVERE ] player 4 placing token on slot 5
[2022-12-12 15:25:47] [SEVERE ] player 5 placing token on slot 9
[2022-12-12 15:25:47] [SEVERE ] player 2 placing token on slot 10
[2022-12-12 15:25:47] [SEVERE ] player 4 placing token on slot 8
[2022-12-12 15:25:47] [SEVERE ] removing player 4 token from slot 5
[2022-12-12 15:25:47] [SEVERE ] removing player 4 token from slot 8
[2022-12-12 15:25:47] [SEVERE ] removing player 4 token from slot 9
[2022-12-12 15:25:47] [SEVERE ] player 3 placing token on slot 1
[2022-12-12 15:25:47] [SEVERE ] removing player 3 token from slot 1
[2022-12-12 15:25:47] [SEVERE ] removing player 3 token from slot 3
[2022-12-12 15:25:47] [SEVERE ] removing player 3 token from slot 7
[2022-12-12 15:25:47] [SEVERE ] player 5 placing token on slot 8
[2022-12-12 15:25:47] [SEVERE ] removing player 5 token from slot 4
[2022-12-12 15:25:47] [SEVERE ] removing player 5 token from slot 8
[2022-12-12 15:25:47] [SEVERE ] removing player 5 token from slot 9
[2022-12-12 15:25:47] [SEVERE ] player 3 placing token on slot 6
[2022-12-12 15:25:47] [SEVERE ] player 2 placing token on slot 5
[2022-12-12 15:25:47] [SEVERE ] player 4 placing token on slot 6
[2022-12-12 15:25:47] [SEVERE ] player 5 placing token on slot 7
[2022-12-12 15:25:47] [SEVERE ] player 3 placing token on slot 1
[2022-12-12 15:25:47] [SEVERE ] player 2 placing token on slot 6
[2022-12-12 15:25:47] [SEVERE ] player 4 placing token on slot 11
[2022-12-12 15:25:47] [SEVERE ] removing player 2 token from slot 5
[2022-12-12 15:25:47] [SEVERE ] removing player 2 token from slot 6
[2022-12-12 15:25:47] [SEVERE ] removing player 2 token from slot 10
[2022-12-12 15:25:47] [SEVERE ] player 5 placing token on slot 9
[2022-12-12 15:25:47] [SEVERE ] player 3 placing token on slot 2
[2022-12-12 15:25:47] [SEVERE ] removing player 3 token from slot 1
[2022-12-12 15:25:47] [SEVERE ] removing player 3 token from slot 2
[2022-12-12 15:25:47] [SEVERE ] removing player 3 token from slot 6
[2022-12-12 15:25:47] [SEVERE ] player 2 placing token on slot 0
[2022-12-12 15:25:47] [SEVERE ] player 5 placing token on slot 2
[2022-12-12 15:25:47] [SEVERE ] removing player 5 token from slot 2
[2022-12-12 15:25:47] [SEVERE ] removing player 5 token from slot 7
[2022-12-12 15:25:47] [SEVERE ] removing player 5 token from slot 9
[2022-12-12 15:25:47] [SEVERE ] player 4 placing token on slot 2
[2022-12-12 15:25:47] [SEVERE ] removing player 4 token from slot 2
[2022-12-12 15:25:47] [SEVERE ] removing player 4 token from slot 6
[2022-12-12 15:25:47] [SEVERE ] removing player 4 token from slot 11
[2022-12-12 15:25:47] [SEVERE ] player 5 placing token on slot 5
[2022-12-12 15:25:47] [SEVERE ] player 4 placing token on slot 0
[2022-12-12 15:25:47] [SEVERE ] player 3 placing token on slot 9
[2022-12-12 15:25:47] [SEVERE ] player 2 placing token on slot 8
[2022-12-12 15:25:47] [SEVERE ] player 5 placing token on slot 11
[2022-12-12 15:25:47] [SEVERE ] player 4 placing token on slot 8
[2022-12-12 15:25:47] [SEVERE ] player 3 placing token on slot 5
[2022-12-12 15:25:47] [SEVERE ] player 2 placing token on slot 2
[2022-12-12 15:25:47] [SEVERE ] removing player 2 token from slot 0
[2022-12-12 15:25:47] [SEVERE ] removing player 2 token from slot 2
[2022-12-12 15:25:47] [SEVERE ] removing player 2 token from slot 8
[2022-12-12 15:25:47] [SEVERE ] player 5 placing token on slot 8
[2022-12-12 15:25:47] [SEVERE ] removing player 5 token from slot 5
[2022-12-12 15:25:47] [SEVERE ] removing player 5 token from slot 8
[2022-12-12 15:25:47] [SEVERE ] removing player 5 token from slot 11
[2022-12-12 15:25:47] [SEVERE ] player 3 placing token on slot 3
[2022-12-12 15:25:47] [SEVERE ] removing player 3 token from slot 3
[2022-12-12 15:25:47] [SEVERE ] removing player 3 token from slot 5
[2022-12-12 15:25:47] [SEVERE ] removing player 3 token from slot 9
[2022-12-12 15:25:47] [SEVERE ] player 4 placing token on slot 11
[2022-12-12 15:25:47] [SEVERE ] removing player 4 token from slot 0
[2022-12-12 15:25:47] [SEVERE ] removing player 4 token from slot 8
[2022-12-12 15:25:47] [SEVERE ] removing player 4 token from slot 11
[2022-12-12 15:25:47] [SEVERE ] player 2 placing token on slot 1
[2022-12-12 15:25:47] [SEVERE ] player 5 placing token on slot 7
[2022-12-12 15:25:47] [SEVERE ] player 3 placing token on slot 4
[2022-12-12 15:25:47] [SEVERE ] player 4 placing token on slot 6
[2022-12-12 15:25:47] [SEVERE ] player 2 placing token on slot 4
[2022-12-12 15:25:47] [SEVERE ] player 3 placing token on slot 2
[2022-12-12 15:25:47] [SEVERE ] player 5 placing token on slot 3
[2022-12-12 15:25:47] [SEVERE ] player 2 placing token on slot 0
[2022-12-12 15:25:47] [SEVERE ] removing player 2 token from slot 0
[2022-12-12 15:25:47] [SEVERE ] removing player 2 token from slot 1
[2022-12-12 15:25:47] [SEVERE ] removing player 2 token from slot 4
[2022-12-12 15:25:47] [SEVERE ] player 4 placing token on slot 11
[2022-12-12 15:25:47] [SEVERE ] player 5 placing token on slot 0
[2022-12-12 15:25:47] [SEVERE ] removing player 5 token from slot 0
[2022-12-12 15:25:47] [SEVERE ] removing player 5 token from slot 3
[2022-12-12 15:25:47] [SEVERE ] removing player 5 token from slot 7
[2022-12-12 15:25:47] [SEVERE ] player 3 placing token on slot 9
[2022-12-12 15:25:47] [SEVERE ] removing player 3 token from slot 2
[2022-12-12 15:25:47] [SEVERE ] removing player 3 token from slot 4
[2022-12-12 15:25:47] [SEVERE ] removing player 3 token from slot 9
[2022-12-12 15:25:47] [SEVERE ] player 2 placing token on slot 4
[2022-12-12 15:25:47] [SEVERE ] player 4 placing token on slot 9
[2022-12-12 15:25:47] [SEVERE ] removing player 4 token from slot 6
[2022-12-12 15:25:47] [SEVERE ] removing player 4 token from slot 9
[2022-12-12 15:25:47] [SEVERE ] removing player 4 token from slot 11
[2022-12-12 15:25:47] [SEVERE ] player 5 placing token on slot 6
[2022-12-12 15:25:47] [SEVERE ] player 3 placing token on slot 11
[2022-12-12 15:25:47] [SEVERE ] player 2 placing token on slot 3
[2022-12-12 15:25:47] [SEVERE ] player 4 placing token on slot 3
[2022-12-12 15:25:47] [SEVERE ] player 5 placing token on slot 2
[2022-12-12 15:25:47] [SEVERE ] player 2 placing token on slot 0
[2022-12-12 15:25:47] [SEVERE ] removing player 2 token from slot 0
[2022-12-12 15:25:47] [SEVERE ] removing player 2 token from slot 3
[2022-12-12 15:25:47] [SEVERE ] removing player 2 token from slot 4
[2022-12-12 15:25:47] [SEVERE ] player 3 placing token on slot 6
[2022-12-12 15:25:47] [SEVERE ] player 4 placing token on slot 10
[2022-12-12 15:25:47] [SEVERE ] player 3 placing token on slot 4
[2022-12-12 15:25:47] [SEVERE ] removing player 3 token from slot 4
[2022-12-12 15:25:47] [SEVERE ] removing player 3 token from slot 6
[2022-12-12 15:25:47] [SEVERE ] removing player 3 token from slot 11
[2022-12-12 15:25:47] [SEVERE ] player 5 placing token on slot 3
[2022-12-12 15:25:47] [SEVERE ] removing player 5 token from slot 2
[2022-12-12 15:25:47] [SEVERE ] removing player 5 token from slot 3
[2022-12-12 15:25:47] [SEVERE ] removing player 5 token from slot 6
[2022-12-12 15:25:47] [SEVERE ] player 2 placing token on slot 10
[2022-12-12 15:25:47] [SEVERE ] player 4 placing token on slot 6
[2022-12-12 15:25:47] [SEVERE ] removing player 4 token from slot 3
[2022-12-12 15:25:47] [SEVERE ] removing player 4 token from slot 6
[2022-12-12 15:25:47] [SEVERE ] removing player 4 token from slot 10
[2022-12-12 15:25:47] [SEVERE ] player 5 placing token on slot 5
[2022-12-12 15:25:47] [SEVERE ] player 3 placing token on slot 4
[2022-12-12 15:25:47] [SEVERE ] player 4 placing token on slot 7
[2022-12-12 15:25:47] [SEVERE ] player 2 placing token on slot 1
[2022-12-12 15:25:47] [SEVERE ] player 2 placing token on slot 9
[2022-12-12 15:25:47] [SEVERE ] removing player 2 token from slot 1
[2022-12-12 15:25:47] [SEVERE ] removing player 2 token from slot 9
[2022-12-12 15:25:47] [SEVERE ] removing player 2 token from slot 10
[2022-12-12 15:25:47] [SEVERE ] player 5 placing token on slot 3
[2022-12-12 15:25:47] [SEVERE ] player 4 placing token on slot 5
[2022-12-12 15:25:47] [SEVERE ] player 3 placing token on slot 9
[2022-12-12 15:25:47] [SEVERE ] player 4 placing token on slot 9
[2022-12-12 15:25:47] [SEVERE ] removing player 4 token from slot 5
[2022-12-12 15:25:47] [SEVERE ] removing player 4 token from slot 7
[2022-12-12 15:25:47] [SEVERE ] removing player 4 token from slot 9
[2022-12-12 15:25:47] [SEVERE ] player 5 placing token on slot 10
[2022-12-12 15:25:47] [SEVERE ] removing player 5 token from slot 3
[2022-12-12 15:25:47] [SEVERE ] removing player 5 token from slot 5
[2022-12-12 15:25:47] [SEVERE ] removing player 5 token from slot 10
[2022-12-12 15:25:47] [SEVERE ] player 2 placing token on slot 0
[2022-12-12 15:25:47] [SEVERE ] player 3 placing token on slot 6
[2022-12-12 15:25:47] [SEVERE ] removing player 3 token from slot 4
[2022-12-12 15:25:47] [SEVERE ] removing player 3 token from slot 6
[2022-12-12 15:25:47] [SEVERE ] removing player 3 token from slot 9
[2022-12-12 15:25:47] [SEVERE ] player 4 placing token on slot 10
[2022-12-12 15:25:47] [SEVERE ] player 5 placing token on slot 2
[2022-12-12 15:25:47] [SEVERE ] player 2 placing token on slot 8
[2022-12-12 15:25:47] [SEVERE ] player 3 placing token on slot 1
[2022-12-12 15:25:47] [SEVERE ] player 5 placing token on slot 8
[2022-12-12 15:25:47] [SEVERE ] player 4 placing token on slot 6
[2022-12-12 15:25:47] [SEVERE ] player 2 placing token on slot 10
[2022-12-12 15:25:47] [SEVERE ] removing player 2 token from slot 0
[2022-12-12 15:25:47] [SEVERE ] removing player 2 token from slot 8
[2022-12-12 15:25:47] [SEVERE ] removing player 2 token from slot 10
[2022-12-12 15:25:47] [SEVERE ] player 3 placing token on slot 6
[2022-12-12 15:25:47] [SEVERE ] player 5 placing token on slot 1
[2022-12-12 15:25:47] [SEVERE ] removing player 5 token from slot 1
[2022-12-12 15:25:47] [SEVERE ] removing player 5 token from slot 2
[2022-12-12 15:25:47] [SEVERE ] removing player 5 token from slot 8
[2022-12-12 15:25:47] [SEVERE ] player 4 placing token on slot 8
[2022-12-12 15:25:47] [SEVERE ] removing player 4 token from slot 6
[2022-12-12 15:25:47] [SEVERE ] removing player 4 token from slot 8
[2022-12-12 15:25:47] [SEVERE ] removing player 4 token from slot 10
[2022-12-12 15:25:47] [SEVERE ] player 2 placing token on slot 8
[2022-12-12 15:25:47] [SEVERE ] player 3 placing token on slot 7
[2022-12-12 15:25:47] [SEVERE ] removing player 3 token from slot 1
[2022-12-12 15:25:47] [SEVERE ] removing player 3 token from slot 6
[2022-12-12 15:25:47] [SEVERE ] removing player 3 token from slot 7
[2022-12-12 15:25:47] [SEVERE ] player 5 placing token on slot 7
[2022-12-12 15:25:47] [SEVERE ] player 4 placing token on slot 8
[2022-12-12 15:25:47] [SEVERE ] player 2 placing token on slot 0
[2022-12-12 15:25:47] [SEVERE ] player 3 placing token on slot 3
[2022-12-12 15:25:47] [SEVERE ] player 4 placing token on slot 5
[2022-12-12 15:25:47] [SEVERE ] player 2 placing token on slot 10
[2022-12-12 15:25:47] [SEVERE ] player 5 placing token on slot 0
[2022-12-12 15:25:47] [SEVERE ] removing player 2 token from slot 0
[2022-12-12 15:25:47] [SEVERE ] removing player 2 token from slot 8
[2022-12-12 15:25:47] [SEVERE ] removing player 2 token from slot 10
[2022-12-12 15:25:47] [SEVERE ] player 3 placing token on slot 5
[2022-12-12 15:25:47] [SEVERE ] player 4 placing token on slot 10
[2022-12-12 15:25:47] [SEVERE ] removing player 4 token from slot 5
[2022-12-12 15:25:47] [SEVERE ] removing player 4 token from slot 8
[2022-12-12 15:25:47] [SEVERE ] removing player 4 token from slot 10
[2022-12-12 15:25:47] [SEVERE ] player 5 placing token on slot 9
[2022-12-12 15:25:47] [SEVERE ] player 3 placing token on slot 7
[2022-12-12 15:25:47] [SEVERE ] player 4 placing token on slot 11
[2022-12-12 15:25:47] [SEVERE ] removing player 3 token from slot 3
[2022-12-12 15:25:47] [SEVERE ] removing player 3 token from slot 5
[2022-12-12 15:25:47] [SEVERE ] removing player 3 token from slot 7
[2022-12-12 15:25:47] [SEVERE ] player 2 placing token on slot 1
[2022-12-12 15:25:47] [SEVERE ] removing player 5 token from slot 0
[2022-12-12 15:25:47] [SEVERE ] removing player 5 token from slot 7
[2022-12-12 15:25:47] [SEVERE ] removing player 5 token from slot 9
[2022-12-12 15:25:47] [SEVERE ] player 5 placing token on slot 4
[2022-12-12 15:25:47] [SEVERE ] player 4 placing token on slot 9
[2022-12-12 15:25:47] [SEVERE ] player 3 placing token on slot 11
[2022-12-12 15:25:47] [SEVERE ] player 2 placing token on slot 6
[2022-12-12 15:25:47] [SEVERE ] player 4 placing token on slot 2
[2022-12-12 15:25:47] [SEVERE ] removing player 4 token from slot 2
[2022-12-12 15:25:47] [SEVERE ] removing player 4 token from slot 9
[2022-12-12 15:25:47] [SEVERE ] removing player 4 token from slot 11
[2022-12-12 15:25:47] [SEVERE ] player 5 placing token on slot 11
[2022-12-12 15:25:47] [SEVERE ] player 3 placing token on slot 7
[2022-12-12 15:25:47] [SEVERE ] player 2 placing token on slot 7
[2022-12-12 15:25:47] [SEVERE ] removing player 2 token from slot 1
[2022-12-12 15:25:47] [SEVERE ] removing player 2 token from slot 6
[2022-12-12 15:25:47] [SEVERE ] removing player 2 token from slot 7
[2022-12-12 15:25:47] [SEVERE ] player 4 placing token on slot 4
[2022-12-12 15:25:47] [SEVERE ] player 5 placing token on slot 5
[2022-12-12 15:25:47] [SEVERE ] removing player 5 token from slot 4
[2022-12-12 15:25:47] [SEVERE ] removing player 5 token from slot 5
[2022-12-12 15:25:47] [SEVERE ] removing player 5 token from slot 11
[2022-12-12 15:25:48] [SEVERE ] player 3 placing token on slot 3
[2022-12-12 15:25:48] [SEVERE ] removing player 3 token from slot 3
[2022-12-12 15:25:48] [SEVERE ] removing player 3 token from slot 7
[2022-12-12 15:25:48] [SEVERE ] removing player 3 token from slot 11
[2022-12-12 15:25:48] [SEVERE ] player 2 placing token on slot 5
[2022-12-12 15:25:48] [SEVERE ] player 4 placing token on slot 6
[2022-12-12 15:25:48] [SEVERE ] player 5 placing token on slot 0
[2022-12-12 15:25:48] [SEVERE ] player 3 placing token on slot 4
[2022-12-12 15:25:48] [SEVERE ] player 4 placing token on slot 7
[2022-12-12 15:25:48] [SEVERE ] removing player 4 token from slot 4
[2022-12-12 15:25:48] [SEVERE ] removing player 4 token from slot 6
[2022-12-12 15:25:48] [SEVERE ] removing player 4 token from slot 7
[2022-12-12 15:25:48] [SEVERE ] player 5 placing token on slot 6
[2022-12-12 15:25:48] [SEVERE ] player 2 placing token on slot 0
[2022-12-12 15:25:48] [SEVERE ] player 3 placing token on slot 5
[2022-12-12 15:25:48] [SEVERE ] player 4 placing token on slot 9
[2022-12-12 15:25:48] [SEVERE ] player 2 placing token on slot 3
[2022-12-12 15:25:48] [SEVERE ] removing player 2 token from slot 0
[2022-12-12 15:25:48] [SEVERE ] removing player 2 token from slot 3
[2022-12-12 15:25:48] [SEVERE ] removing player 2 token from slot 5
[2022-12-12 15:25:48] [SEVERE ] player 5 placing token on slot 5
[2022-12-12 15:25:48] [SEVERE ] removing player 5 token from slot 0
[2022-12-12 15:25:48] [SEVERE ] removing player 5 token from slot 5
[2022-12-12 15:25:48] [SEVERE ] removing player 5 token from slot 6
[2022-12-12 15:25:48] [SEVERE ] player 4 placing token on slot 10
[2022-12-12 15:25:48] [SEVERE ] player 3 placing token on slot 10
[2022-12-12 15:25:48] [SEVERE ] removing player 3 token from slot 4
[2022-12-12 15:25:48] [SEVERE ] removing player 3 token from slot 5
[2022-12-12 15:25:48] [SEVERE ] removing player 3 token from slot 10
[2022-12-12 15:25:48] [SEVERE ] player 2 placing token on slot 11
[2022-12-12 15:25:48] [SEVERE ] player 5 placing token on slot 2
[2022-12-12 15:25:48] [SEVERE ] player 3 placing token on slot 4
[2022-12-12 15:25:48] [SEVERE ] player 2 placing token on slot 0
[2022-12-12 15:25:48] [SEVERE ] player 5 placing token on slot 7
[2022-12-12 15:25:48] [SEVERE ] player 4 placing token on slot 0
[2022-12-12 15:25:48] [SEVERE ] removing player 4 token from slot 0
[2022-12-12 15:25:48] [SEVERE ] removing player 4 token from slot 9
[2022-12-12 15:25:48] [SEVERE ] removing player 4 token from slot 10
[2022-12-12 15:25:48] [SEVERE ] player 3 placing token on slot 9
[2022-12-12 15:25:48] [SEVERE ] player 5 placing token on slot 10
[2022-12-12 15:25:48] [SEVERE ] removing player 5 token from slot 2
[2022-12-12 15:25:48] [SEVERE ] removing player 5 token from slot 7
[2022-12-12 15:25:48] [SEVERE ] removing player 5 token from slot 10
[2022-12-12 15:25:48] [SEVERE ] player 4 placing token on slot 1
[2022-12-12 15:25:48] [SEVERE ] player 2 placing token on slot 3
[2022-12-12 15:25:48] [SEVERE ] removing player 2 token from slot 0
[2022-12-12 15:25:48] [SEVERE ] removing player 2 token from slot 3
[2022-12-12 15:25:48] [SEVERE ] removing player 2 token from slot 11
[2022-12-12 15:25:48] [SEVERE ] player 3 placing token on slot 1
[2022-12-12 15:25:48] [SEVERE ] player 2 placing token on slot 5
[2022-12-12 15:25:48] [SEVERE ] removing player 3 token from slot 1
[2022-12-12 15:25:48] [SEVERE ] removing player 3 token from slot 4
[2022-12-12 15:25:48] [SEVERE ] removing player 3 token from slot 9
[2022-12-12 15:25:48] [SEVERE ] player 5 placing token on slot 0
[2022-12-12 15:25:48] [SEVERE ] player 4 placing token on slot 4
[2022-12-12 15:25:48] [SEVERE ] player 3 placing token on slot 7
[2022-12-12 15:25:48] [SEVERE ] player 5 placing token on slot 8
[2022-12-12 15:25:48] [SEVERE ] player 2 placing token on slot 4
[2022-12-12 15:25:48] [SEVERE ] player 4 placing token on slot 0
[2022-12-12 15:25:48] [SEVERE ] removing player 4 token from slot 0
[2022-12-12 15:25:48] [SEVERE ] removing player 4 token from slot 1
[2022-12-12 15:25:48] [SEVERE ] removing player 4 token from slot 4
[2022-12-12 15:25:48] [SEVERE ] player 3 placing token on slot 0
[2022-12-12 15:25:48] [SEVERE ] player 2 placing token on slot 1
[2022-12-12 15:25:48] [SEVERE ] removing player 2 token from slot 1
[2022-12-12 15:25:48] [SEVERE ] removing player 2 token from slot 4
[2022-12-12 15:25:48] [SEVERE ] removing player 2 token from slot 5
[2022-12-12 15:25:48] [SEVERE ] player 5 placing token on slot 10
[2022-12-12 15:25:48] [SEVERE ] removing player 5 token from slot 0
[2022-12-12 15:25:48] [SEVERE ] removing player 5 token from slot 8
[2022-12-12 15:25:48] [SEVERE ] removing player 5 token from slot 10
[2022-12-12 15:25:48] [SEVERE ] player 4 placing token on slot 0
[2022-12-12 15:25:48] [SEVERE ] player 5 placing token on slot 8
[2022-12-12 15:25:48] [SEVERE ] player 3 placing token on slot 8
[2022-12-12 15:25:48] [SEVERE ] removing player 3 token from slot 0
[2022-12-12 15:25:48] [SEVERE ] removing player 3 token from slot 7
[2022-12-12 15:25:48] [SEVERE ] removing player 3 token from slot 8
[2022-12-12 15:25:48] [SEVERE ] player 2 placing token on slot 3
[2022-12-12 15:25:48] [SEVERE ] player 4 placing token on slot 6
[2022-12-12 15:25:48] [SEVERE ] player 5 placing token on slot 11
[2022-12-12 15:25:48] [SEVERE ] player 3 placing token on slot 6
[2022-12-12 15:25:48] [SEVERE ] player 2 placing token on slot 2
[2022-12-12 15:25:48] [SEVERE ] player 5 placing token on slot 0
[2022-12-12 15:25:48] [SEVERE ] removing player 5 token from slot 0
[2022-12-12 15:25:48] [SEVERE ] removing player 5 token from slot 8
[2022-12-12 15:25:48] [SEVERE ] removing player 5 token from slot 11
[2022-12-12 15:25:48] [SEVERE ] player 4 placing token on slot 5
[2022-12-12 15:25:48] [SEVERE ] removing player 4 token from slot 0
[2022-12-12 15:25:48] [SEVERE ] removing player 4 token from slot 5
[2022-12-12 15:25:48] [SEVERE ] removing player 4 token from slot 6
[2022-12-12 15:25:48] [SEVERE ] player 3 placing token on slot 2
[2022-12-12 15:25:48] [SEVERE ] player 2 placing token on slot 5
[2022-12-12 15:25:48] [SEVERE ] removing player 2 token from slot 2
[2022-12-12 15:25:48] [SEVERE ] removing player 2 token from slot 3
[2022-12-12 15:25:48] [SEVERE ] removing player 2 token from slot 5
[2022-12-12 15:25:48] [SEVERE ] player 5 placing token on slot 6
[2022-12-12 15:25:48] [SEVERE ] player 4 placing token on slot 11
[2022-12-12 15:25:48] [SEVERE ] player 3 placing token on slot 9
[2022-12-12 15:25:48] [SEVERE ] player 5 placing token on slot 3
[2022-12-12 15:25:48] [SEVERE ] removing player 3 token from slot 2
[2022-12-12 15:25:48] [SEVERE ] removing player 3 token from slot 6
[2022-12-12 15:25:48] [SEVERE ] removing player 3 token from slot 9
[2022-12-12 15:25:48] [SEVERE ] player 2 placing token on slot 3
[2022-12-12 15:25:48] [SEVERE ] player 4 placing token on slot 5
[2022-12-12 15:25:48] [SEVERE ] player 2 placing token on slot 5
[2022-12-12 15:25:48] [SEVERE ] player 3 placing token on slot 8
[2022-12-12 15:25:48] [SEVERE ] player 5 placing token on slot 7
[2022-12-12 15:25:48] [SEVERE ] removing player 5 token from slot 3
[2022-12-12 15:25:48] [SEVERE ] removing player 5 token from slot 6
[2022-12-12 15:25:48] [SEVERE ] removing player 5 token from slot 7
[2022-12-12 15:25:48] [SEVERE ] player 3 placing token on slot 10
[2022-12-12 15:25:48] [SEVERE ] player 4 placing token on slot 9
[2022-12-12 15:25:48] [SEVERE ] removing player 4 token from slot 5
[2022-12-12 15:25:48] [SEVERE ] removing player 4 token from slot 9
[2022-12-12 15:25:48] [SEVERE ] removing player 4 token from slot 11
[2022-12-12 15:25:48] [SEVERE ] player 2 placing token on slot 9
[2022-12-12 15:25:48] [SEVERE ] removing player 2 token from slot 3
[2022-12-12 15:25:48] [SEVERE ] removing player 2 token from slot 5
[2022-12-12 15:25:48] [SEVERE ] removing player 2 token from slot 9
[2022-12-12 15:25:48] [SEVERE ] player 3 placing token on slot 4
[2022-12-12 15:25:48] [SEVERE ] removing player 3 token from slot 4
[2022-12-12 15:25:48] [SEVERE ] removing player 3 token from slot 8
[2022-12-12 15:25:48] [SEVERE ] removing player 3 token from slot 10
[2022-12-12 15:25:48] [SEVERE ] player 5 placing token on slot 10
[2022-12-12 15:25:48] [SEVERE ] player 4 placing token on slot 0
[2022-12-12 15:25:48] [SEVERE ] player 2 placing token on slot 9
[2022-12-12 15:25:48] [SEVERE ] player 3 placing token on slot 2
[2022-12-12 15:25:48] [SEVERE ] player 5 placing token on slot 4
[2022-12-12 15:25:48] [SEVERE ] player 2 placing token on slot 7
[2022-12-12 15:25:48] [SEVERE ] player 4 placing token on slot 7
[2022-12-12 15:25:48] [SEVERE ] player 3 placing token on slot 6
[2022-12-12 15:25:48] [SEVERE ] player 5 placing token on slot 1
[2022-12-12 15:25:48] [SEVERE ] removing player 5 token from slot 1
[2022-12-12 15:25:48] [SEVERE ] removing player 5 token from slot 4
[2022-12-12 15:25:48] [SEVERE ] removing player 5 token from slot 10
[2022-12-12 15:25:48] [SEVERE ] player 2 placing token on slot 4
[2022-12-12 15:25:48] [SEVERE ] removing player 2 token from slot 4
[2022-12-12 15:25:48] [SEVERE ] removing player 2 token from slot 7
[2022-12-12 15:25:48] [SEVERE ] removing player 2 token from slot 9
[2022-12-12 15:25:48] [SEVERE ] player 4 placing token on slot 4
[2022-12-12 15:25:48] [SEVERE ] removing player 4 token from slot 0
[2022-12-12 15:25:48] [SEVERE ] removing player 4 token from slot 4
[2022-12-12 15:25:48] [SEVERE ] removing player 4 token from slot 7
[2022-12-12 15:25:48] [SEVERE ] player 5 placing token on slot 6
[2022-12-12 15:25:48] [SEVERE ] player 4 placing token on slot 6
[2022-12-12 15:25:48] [SEVERE ] player 3 placing token on slot 0
[2022-12-12 15:25:48] [SEVERE ] removing player 3 token from slot 0
[2022-12-12 15:25:48] [SEVERE ] removing player 3 token from slot 2
[2022-12-12 15:25:48] [SEVERE ] removing player 3 token from slot 6
[2022-12-12 15:25:48] [SEVERE ] player 2 placing token on slot 5
[2022-12-12 15:25:48] [SEVERE ] player 4 placing token on slot 10
[2022-12-12 15:25:48] [SEVERE ] player 3 placing token on slot 7
[2022-12-12 15:25:48] [SEVERE ] player 5 placing token on slot 4
[2022-12-12 15:25:48] [SEVERE ] player 2 placing token on slot 8
[2022-12-12 15:25:48] [SEVERE ] player 4 placing token on slot 5
[2022-12-12 15:25:48] [SEVERE ] removing player 4 token from slot 5
[2022-12-12 15:25:48] [SEVERE ] removing player 4 token from slot 6
[2022-12-12 15:25:48] [SEVERE ] removing player 4 token from slot 10
[2022-12-12 15:25:48] [SEVERE ] player 2 placing token on slot 6
[2022-12-12 15:25:48] [SEVERE ] removing player 2 token from slot 5
[2022-12-12 15:25:48] [SEVERE ] removing player 2 token from slot 6
[2022-12-12 15:25:48] [SEVERE ] removing player 2 token from slot 8
[2022-12-12 15:25:48] [SEVERE ] player 3 placing token on slot 9
[2022-12-12 15:25:48] [SEVERE ] player 5 placing token on slot 0
[2022-12-12 15:25:48] [SEVERE ] removing player 5 token from slot 0
[2022-12-12 15:25:48] [SEVERE ] removing player 5 token from slot 4
[2022-12-12 15:25:48] [SEVERE ] removing player 5 token from slot 6
[2022-12-12 15:25:48] [SEVERE ] player 3 placing token on slot 11
[2022-12-12 15:25:48] [SEVERE ] removing player 3 token from slot 7
[2022-12-12 15:25:48] [SEVERE ] removing player 3 token from slot 9
[2022-12-12 15:25:48] [SEVERE ] removing player 3 token from slot 11
[2022-12-12 15:25:48] [SEVERE ] player 4 placing token on slot 5
[2022-12-12 15:25:48] [SEVERE ] player 2 placing token on slot 7
[2022-12-12 15:25:48] [SEVERE ] player 5 placing token on slot 11
[2022-12-12 15:25:48] [SEVERE ] player 4 placing token on slot 6
[2022-12-12 15:25:48] [SEVERE ] player 3 placing token on slot 1
[2022-12-12 15:25:48] [SEVERE ] player 5 placing token on slot 1
[2022-12-12 15:25:48] [SEVERE ] player 2 placing token on slot 9
[2022-12-12 15:25:48] [SEVERE ] player 4 placing token on slot 10
[2022-12-12 15:25:48] [SEVERE ] removing player 4 token from slot 5
[2022-12-12 15:25:48] [SEVERE ] removing player 4 token from slot 6
[2022-12-12 15:25:48] [SEVERE ] removing player 4 token from slot 10
[2022-12-12 15:25:48] [SEVERE ] player 3 placing token on slot 2
[2022-12-12 15:25:48] [SEVERE ] player 5 placing token on slot 2
[2022-12-12 15:25:48] [SEVERE ] removing player 5 token from slot 1
[2022-12-12 15:25:48] [SEVERE ] removing player 5 token from slot 2
[2022-12-12 15:25:48] [SEVERE ] removing player 5 token from slot 11
[2022-12-12 15:25:48] [SEVERE ] player 2 placing token on slot 3
[2022-12-12 15:25:48] [SEVERE ] removing player 2 token from slot 3
[2022-12-12 15:25:48] [SEVERE ] removing player 2 token from slot 7
[2022-12-12 15:25:48] [SEVERE ] removing player 2 token from slot 9
[2022-12-12 15:25:48] [SEVERE ] player 3 placing token on slot 7
[2022-12-12 15:25:48] [SEVERE ] player 4 placing token on slot 7
[2022-12-12 15:25:48] [SEVERE ] removing player 3 token from slot 1
[2022-12-12 15:25:48] [SEVERE ] removing player 3 token from slot 2
[2022-12-12 15:25:48] [SEVERE ] removing player 3 token from slot 7
[2022-12-12 15:25:48] [SEVERE ] player 2 placing token on slot 6
[2022-12-12 15:25:48] [SEVERE ] player 5 placing token on slot 9
[2022-12-12 15:25:48] [SEVERE ] player 3 placing token on slot 10
[2022-12-12 15:25:48] [SEVERE ] player 4 placing token on slot 3
[2022-12-12 15:25:48] [SEVERE ] player 5 placing token on slot 5
[2022-12-12 15:25:48] [SEVERE ] player 2 placing token on slot 11
[2022-12-12 15:25:48] [SEVERE ] player 4 placing token on slot 9
[2022-12-12 15:25:48] [SEVERE ] removing player 4 token from slot 3
[2022-12-12 15:25:48] [SEVERE ] removing player 4 token from slot 7
[2022-12-12 15:25:48] [SEVERE ] removing player 4 token from slot 9
[2022-12-12 15:25:48] [SEVERE ] player 3 placing token on slot 7
[2022-12-12 15:25:48] [SEVERE ] player 5 placing token on slot 8
[2022-12-12 15:25:48] [SEVERE ] removing player 5 token from slot 5
[2022-12-12 15:25:48] [SEVERE ] removing player 5 token from slot 8
[2022-12-12 15:25:48] [SEVERE ] removing player 5 token from slot 9
[2022-12-12 15:25:48] [SEVERE ] player 2 placing token on slot 2
[2022-12-12 15:25:48] [SEVERE ] removing player 2 token from slot 2
[2022-12-12 15:25:48] [SEVERE ] removing player 2 token from slot 6
[2022-12-12 15:25:48] [SEVERE ] removing player 2 token from slot 11
[2022-12-12 15:25:48] [SEVERE ] player 4 placing token on slot 1
[2022-12-12 15:25:48] [SEVERE ] player 3 placing token on slot 1
[2022-12-12 15:25:48] [SEVERE ] removing player 3 token from slot 1
[2022-12-12 15:25:48] [SEVERE ] removing player 3 token from slot 7
[2022-12-12 15:25:48] [SEVERE ] removing player 3 token from slot 10
[2022-12-12 15:25:48] [SEVERE ] player 2 placing token on slot 6
[2022-12-12 15:25:48] [SEVERE ] player 5 placing token on slot 7
[2022-12-12 15:25:48] [SEVERE ] player 4 placing token on slot 7
[2022-12-12 15:25:48] [SEVERE ] player 5 placing token on slot 11
[2022-12-12 15:25:48] [SEVERE ] player 3 placing token on slot 2
[2022-12-12 15:25:48] [SEVERE ] player 2 placing token on slot 11
[2022-12-12 15:25:48] [SEVERE ] player 5 placing token on slot 9
[2022-12-12 15:25:48] [SEVERE ] removing player 5 token from slot 7
[2022-12-12 15:25:48] [SEVERE ] removing player 5 token from slot 9
[2022-12-12 15:25:48] [SEVERE ] removing player 5 token from slot 11
[2022-12-12 15:25:48] [SEVERE ] player 4 placing token on slot 2
[2022-12-12 15:25:48] [SEVERE ] removing player 4 token from slot 1
[2022-12-12 15:25:48] [SEVERE ] removing player 4 token from slot 2
[2022-12-12 15:25:48] [SEVERE ] removing player 4 token from slot 7
[2022-12-12 15:25:48] [SEVERE ] player 3 placing token on slot 6
[2022-12-12 15:25:48] [SEVERE ] player 2 placing token on slot 8
[2022-12-12 15:25:48] [SEVERE ] removing player 2 token from slot 6
[2022-12-12 15:25:48] [SEVERE ] removing player 2 token from slot 8
[2022-12-12 15:25:48] [SEVERE ] removing player 2 token from slot 11
[2022-12-12 15:25:48] [SEVERE ] player 5 placing token on slot 4
[2022-12-12 15:25:48] [SEVERE ] player 3 placing token on slot 4
[2022-12-12 15:25:48] [SEVERE ] removing player 3 token from slot 2
[2022-12-12 15:25:48] [SEVERE ] removing player 3 token from slot 4
[2022-12-12 15:25:48] [SEVERE ] removing player 3 token from slot 6
[2022-12-12 15:25:48] [SEVERE ] player 4 placing token on slot 11
[2022-12-12 15:25:48] [SEVERE ] player 2 placing token on slot 8
[2022-12-12 15:25:48] [SEVERE ] player 5 placing token on slot 7
[2022-12-12 15:25:48] [SEVERE ] player 2 placing token on slot 7
[2022-12-12 15:25:48] [SEVERE ] player 4 placing token on slot 7
[2022-12-12 15:25:48] [SEVERE ] player 3 placing token on slot 2
[2022-12-12 15:25:48] [SEVERE ] player 2 placing token on slot 2
[2022-12-12 15:25:48] [SEVERE ] removing player 2 token from slot 2
[2022-12-12 15:25:48] [SEVERE ] removing player 2 token from slot 7
[2022-12-12 15:25:48] [SEVERE ] removing player 2 token from slot 8
[2022-12-12 15:25:48] [SEVERE ] player 3 placing token on slot 8
[2022-12-12 15:25:48] [SEVERE ] player 4 placing token on slot 2
[2022-12-12 15:25:48] [SEVERE ] removing player 4 token from slot 2
[2022-12-12 15:25:48] [SEVERE ] removing player 4 token from slot 7
[2022-12-12 15:25:48] [SEVERE ] removing player 4 token from slot 11
[2022-12-12 15:25:48] [SEVERE ] player 5 placing token on slot 2
[2022-12-12 15:25:48] [SEVERE ] removing player 5 token from slot 2
[2022-12-12 15:25:48] [SEVERE ] removing player 5 token from slot 4
[2022-12-12 15:25:48] [SEVERE ] removing player 5 token from slot 7
[2022-12-12 15:25:48] [SEVERE ] player 2 placing token on slot 3
[2022-12-12 15:25:48] [SEVERE ] player 3 placing token on slot 1
[2022-12-12 15:25:48] [SEVERE ] removing player 3 token from slot 1
[2022-12-12 15:25:48] [SEVERE ] removing player 3 token from slot 2
[2022-12-12 15:25:48] [SEVERE ] removing player 3 token from slot 8
[2022-12-12 15:25:49] [SEVERE ] player 4 placing token on slot 10
[2022-12-12 15:25:49] [SEVERE ] player 5 placing token on slot 4
[2022-12-12 15:25:49] [SEVERE ] player 3 placing token on slot 0
[2022-12-12 15:25:49] [SEVERE ] player 2 placing token on slot 1
[2022-12-12 15:25:49] [SEVERE ] player 4 placing token on slot 1
[2022-12-12 15:25:49] [SEVERE ] player 3 placing token on slot 8
[2022-12-12 15:25:49] [SEVERE ] player 5 placing token on slot 2
[2022-12-12 15:25:49] [SEVERE ] player 2 placing token on slot 11
[2022-12-12 15:25:49] [SEVERE ] removing player 2 token from slot 1
[2022-12-12 15:25:49] [SEVERE ] removing player 2 token from slot 3
[2022-12-12 15:25:49] [SEVERE ] removing player 2 token from slot 11
[2022-12-12 15:25:49] [SEVERE ] player 4 placing token on slot 5
[2022-12-12 15:25:49] [SEVERE ] player 3 placing token on slot 9
[2022-12-12 15:25:49] [SEVERE ] removing player 4 token from slot 1
[2022-12-12 15:25:49] [SEVERE ] removing player 4 token from slot 5
[2022-12-12 15:25:49] [SEVERE ] removing player 4 token from slot 10
[2022-12-12 15:25:49] [SEVERE ] removing player 3 token from slot 0
[2022-12-12 15:25:49] [SEVERE ] removing player 3 token from slot 8
[2022-12-12 15:25:49] [SEVERE ] removing player 3 token from slot 9
[2022-12-12 15:25:49] [SEVERE ] player 5 placing token on slot 6
[2022-12-12 15:25:49] [SEVERE ] removing player 5 token from slot 2
[2022-12-12 15:25:49] [SEVERE ] removing player 5 token from slot 4
[2022-12-12 15:25:49] [SEVERE ] removing player 5 token from slot 6
[2022-12-12 15:25:49] [SEVERE ] player 2 placing token on slot 1
[2022-12-12 15:25:49] [SEVERE ] player 3 placing token on slot 2
[2022-12-12 15:25:49] [SEVERE ] player 4 placing token on slot 11
[2022-12-12 15:25:49] [SEVERE ] player 5 placing token on slot 1
[2022-12-12 15:25:49] [SEVERE ] player 2 placing token on slot 0
[2022-12-12 15:25:49] [SEVERE ] player 4 placing token on slot 4
[2022-12-12 15:25:49] [SEVERE ] player 3 placing token on slot 6
[2022-12-12 15:25:49] [SEVERE ] player 5 placing token on slot 2
[2022-12-12 15:25:49] [SEVERE ] player 4 placing token on slot 7
[2022-12-12 15:25:49] [SEVERE ] removing player 4 token from slot 4
[2022-12-12 15:25:49] [SEVERE ] removing player 4 token from slot 7
[2022-12-12 15:25:49] [SEVERE ] removing player 4 token from slot 11
[2022-12-12 15:25:49] [SEVERE ] player 2 placing token on slot 6
[2022-12-12 15:25:49] [SEVERE ] removing player 2 token from slot 0
[2022-12-12 15:25:49] [SEVERE ] removing player 2 token from slot 1
[2022-12-12 15:25:49] [SEVERE ] removing player 2 token from slot 6
[2022-12-12 15:25:49] [SEVERE ] player 3 placing token on slot 0
[2022-12-12 15:25:49] [SEVERE ] removing player 3 token from slot 0
[2022-12-12 15:25:49] [SEVERE ] removing player 3 token from slot 2
[2022-12-12 15:25:49] [SEVERE ] removing player 3 token from slot 6
[2022-12-12 15:25:49] [SEVERE ] player 2 placing token on slot 10
[2022-12-12 15:25:49] [SEVERE ] player 5 placing token on slot 6
[2022-12-12 15:25:49] [SEVERE ] removing player 5 token from slot 1
[2022-12-12 15:25:49] [SEVERE ] removing player 5 token from slot 2
[2022-12-12 15:25:49] [SEVERE ] removing player 5 token from slot 6
[2022-12-12 15:25:49] [SEVERE ] player 4 placing token on slot 7
[2022-12-12 15:25:49] [SEVERE ] player 3 placing token on slot 7
[2022-12-12 15:25:49] [SEVERE ] player 5 placing token on slot 9
[2022-12-12 15:25:49] [SEVERE ] player 2 placing token on slot 2
[2022-12-12 15:25:49] [SEVERE ] player 4 placing token on slot 3
[2022-12-12 15:25:49] [SEVERE ] player 3 placing token on slot 2
[2022-12-12 15:25:49] [SEVERE ] player 2 placing token on slot 1
[2022-12-12 15:25:49] [SEVERE ] removing player 2 token from slot 1
[2022-12-12 15:25:49] [SEVERE ] removing player 2 token from slot 2
[2022-12-12 15:25:49] [SEVERE ] removing player 2 token from slot 10
[2022-12-12 15:25:49] [SEVERE ] player 5 placing token on slot 1
[2022-12-12 15:25:49] [SEVERE ] player 4 placing token on slot 10
[2022-12-12 15:25:49] [SEVERE ] removing player 4 token from slot 3
[2022-12-12 15:25:49] [SEVERE ] removing player 4 token from slot 7
[2022-12-12 15:25:49] [SEVERE ] removing player 4 token from slot 10
[2022-12-12 15:25:49] [SEVERE ] player 3 placing token on slot 1
[2022-12-12 15:25:49] [SEVERE ] removing player 3 token from slot 1
[2022-12-12 15:25:49] [SEVERE ] removing player 3 token from slot 2
[2022-12-12 15:25:49] [SEVERE ] removing player 3 token from slot 7
[2022-12-12 15:25:49] [SEVERE ] player 2 placing token on slot 11
[2022-12-12 15:25:49] [SEVERE ] player 4 placing token on slot 0
[2022-12-12 15:25:49] [SEVERE ] player 5 placing token on slot 3
[2022-12-12 15:25:49] [SEVERE ] removing player 5 token from slot 1
[2022-12-12 15:25:49] [SEVERE ] removing player 5 token from slot 3
[2022-12-12 15:25:49] [SEVERE ] removing player 5 token from slot 9
[2022-12-12 15:25:49] [SEVERE ] player 3 placing token on slot 0
[2022-12-12 15:25:49] [SEVERE ] player 2 placing token on slot 2
[2022-12-12 15:25:49] [SEVERE ] player 5 placing token on slot 10
[2022-12-12 15:25:49] [SEVERE ] player 3 placing token on slot 11
[2022-12-12 15:25:49] [SEVERE ] player 4 placing token on slot 1
[2022-12-12 15:25:49] [SEVERE ] player 5 placing token on slot 1
[2022-12-12 15:25:49] [SEVERE ] player 2 placing token on slot 3
[2022-12-12 15:25:49] [SEVERE ] removing player 2 token from slot 2
[2022-12-12 15:25:49] [SEVERE ] removing player 2 token from slot 3
[2022-12-12 15:25:49] [SEVERE ] removing player 2 token from slot 11
[2022-12-12 15:25:49] [SEVERE ] player 4 placing token on slot 7
[2022-12-12 15:25:49] [SEVERE ] removing player 4 token from slot 0
[2022-12-12 15:25:49] [SEVERE ] removing player 4 token from slot 1
[2022-12-12 15:25:49] [SEVERE ] removing player 4 token from slot 7
[2022-12-12 15:25:49] [SEVERE ] player 3 placing token on slot 8
[2022-12-12 15:25:49] [SEVERE ] removing player 3 token from slot 0
[2022-12-12 15:25:49] [SEVERE ] removing player 3 token from slot 8
[2022-12-12 15:25:49] [SEVERE ] removing player 3 token from slot 11
[2022-12-12 15:25:49] [SEVERE ] player 5 placing token on slot 8
[2022-12-12 15:25:49] [SEVERE ] removing player 5 token from slot 1
[2022-12-12 15:25:49] [SEVERE ] removing player 5 token from slot 8
[2022-12-12 15:25:49] [SEVERE ] removing player 5 token from slot 10
[2022-12-12 15:25:49] [SEVERE ] player 2 placing token on slot 9
[2022-12-12 15:25:49] [SEVERE ] player 3 placing token on slot 5
[2022-12-12 15:25:49] [SEVERE ] player 4 placing token on slot 10
[2022-12-12 15:25:49] [SEVERE ] player 5 placing token on slot 7
[2022-12-12 15:25:49] [SEVERE ] player 2 placing token on slot 2
[2022-12-12 15:25:49] [SEVERE ] player 3 placing token on slot 7
[2022-12-12 15:25:49] [SEVERE ] player 4 placing token on slot 4
[2022-12-12 15:25:49] [SEVERE ] player 5 placing token on slot 2
[2022-12-12 15:25:49] [SEVERE ] player 2 placing token on slot 11
[2022-12-12 15:25:49] [SEVERE ] removing player 2 token from slot 2
[2022-12-12 15:25:49] [SEVERE ] removing player 2 token from slot 9
[2022-12-12 15:25:49] [SEVERE ] removing player 2 token from slot 11
[2022-12-12 15:25:49] [SEVERE ] player 3 placing token on slot 8
[2022-12-12 15:25:49] [SEVERE ] removing player 3 token from slot 5
[2022-12-12 15:25:49] [SEVERE ] removing player 3 token from slot 7
[2022-12-12 15:25:49] [SEVERE ] removing player 3 token from slot 8
[2022-12-12 15:25:49] [SEVERE ] player 5 placing token on slot 4
[2022-12-12 15:25:49] [SEVERE ] removing player 5 token from slot 2
[2022-12-12 15:25:49] [SEVERE ] removing player 5 token from slot 4
[2022-12-12 15:25:49] [SEVERE ] removing player 5 token from slot 7
[2022-12-12 15:25:49] [SEVERE ] player 4 placing token on slot 8
[2022-12-12 15:25:49] [SEVERE ] removing player 4 token from slot 4
[2022-12-12 15:25:49] [SEVERE ] removing player 4 token from slot 8
[2022-12-12 15:25:49] [SEVERE ] removing player 4 token from slot 10
[2022-12-12 15:25:49] [SEVERE ] player 2 placing token on slot 8
[2022-12-12 15:25:49] [SEVERE ] player 4 placing token on slot 3
[2022-12-12 15:25:49] [SEVERE ] player 5 placing token on slot 2
[2022-12-12 15:25:49] [SEVERE ] player 3 placing token on slot 6
[2022-12-12 15:25:49] [SEVERE ] player 2 placing token on slot 3
[2022-12-12 15:25:49] [SEVERE ] player 4 placing token on slot 2
[2022-12-12 15:25:49] [SEVERE ] player 5 placing token on slot 8
[2022-12-12 15:25:49] [SEVERE ] player 3 placing token on slot 7
[2022-12-12 15:25:49] [SEVERE ] player 2 placing token on slot 6
[2022-12-12 15:25:49] [SEVERE ] removing player 2 token from slot 3
[2022-12-12 15:25:49] [SEVERE ] removing player 2 token from slot 6
[2022-12-12 15:25:49] [SEVERE ] removing player 2 token from slot 8
[2022-12-12 15:25:49] [SEVERE ] player 4 placing token on slot 9
[2022-12-12 15:25:49] [SEVERE ] removing player 4 token from slot 2
[2022-12-12 15:25:49] [SEVERE ] removing player 4 token from slot 3
[2022-12-12 15:25:49] [SEVERE ] removing player 4 token from slot 9
[2022-12-12 15:25:49] [SEVERE ] player 5 placing token on slot 5
[2022-12-12 15:25:49] [SEVERE ] removing player 5 token from slot 2
[2022-12-12 15:25:49] [SEVERE ] removing player 5 token from slot 5
[2022-12-12 15:25:49] [SEVERE ] removing player 5 token from slot 8
[2022-12-12 15:25:49] [SEVERE ] player 3 placing token on slot 11
[2022-12-12 15:25:49] [SEVERE ] removing player 3 token from slot 6
[2022-12-12 15:25:49] [SEVERE ] removing player 3 token from slot 7
[2022-12-12 15:25:49] [SEVERE ] removing player 3 token from slot 11
[2022-12-12 15:25:49] [SEVERE ] player 2 placing token on slot 1
[2022-12-12 15:25:49] [SEVERE ] player 4 placing token on slot 0
[2022-12-12 15:25:49] [SEVERE ] player 5 placing token on slot 10
[2022-12-12 15:25:49] [SEVERE ] player 3 placing token on slot 5
[2022-12-12 15:25:49] [SEVERE ] player 2 placing token on slot 3
[2022-12-12 15:25:49] [SEVERE ] player 4 placing token on slot 1
[2022-12-12 15:25:49] [SEVERE ] player 3 placing token on slot 3
[2022-12-12 15:25:49] [SEVERE ] player 5 placing token on slot 1
[2022-12-12 15:25:49] [SEVERE ] player 2 placing token on slot 8
[2022-12-12 15:25:49] [SEVERE ] removing player 2 token from slot 1
[2022-12-12 15:25:49] [SEVERE ] removing player 2 token from slot 3
[2022-12-12 15:25:49] [SEVERE ] removing player 2 token from slot 8
[2022-12-12 15:25:49] [SEVERE ] player 4 placing token on slot 9
[2022-12-12 15:25:49] [SEVERE ] removing player 4 token from slot 0
[2022-12-12 15:25:49] [SEVERE ] removing player 4 token from slot 1
[2022-12-12 15:25:49] [SEVERE ] removing player 4 token from slot 9
[2022-12-12 15:25:49] [SEVERE ] player 3 placing token on slot 4
[2022-12-12 15:25:49] [SEVERE ] removing player 3 token from slot 3
[2022-12-12 15:25:49] [SEVERE ] removing player 3 token from slot 4
[2022-12-12 15:25:49] [SEVERE ] removing player 3 token from slot 5
[2022-12-12 15:25:49] [SEVERE ] player 2 placing token on slot 5
[2022-12-12 15:25:49] [SEVERE ] player 5 placing token on slot 3
[2022-12-12 15:25:49] [SEVERE ] removing player 5 token from slot 1
[2022-12-12 15:25:49] [SEVERE ] removing player 5 token from slot 3
[2022-12-12 15:25:49] [SEVERE ] removing player 5 token from slot 10
[2022-12-12 15:25:49] [SEVERE ] player 3 placing token on slot 7
[2022-12-12 15:25:49] [SEVERE ] player 4 placing token on slot 2
[2022-12-12 15:25:49] [SEVERE ] player 2 placing token on slot 9
[2022-12-12 15:25:49] [SEVERE ] player 5 placing token on slot 10
[2022-12-12 15:25:49] [SEVERE ] player 3 placing token on slot 0
[2022-12-12 15:25:49] [SEVERE ] player 4 placing token on slot 1
[2022-12-12 15:25:49] [SEVERE ] player 5 placing token on slot 11
[2022-12-12 15:25:49] [SEVERE ] player 3 placing token on slot 11
[2022-12-12 15:25:49] [SEVERE ] removing player 3 token from slot 0
[2022-12-12 15:25:49] [SEVERE ] removing player 3 token from slot 7
[2022-12-12 15:25:49] [SEVERE ] removing player 3 token from slot 11
[2022-12-12 15:25:49] [SEVERE ] player 2 placing token on slot 10
[2022-12-12 15:25:49] [SEVERE ] removing player 2 token from slot 5
[2022-12-12 15:25:49] [SEVERE ] removing player 2 token from slot 9
[2022-12-12 15:25:49] [SEVERE ] removing player 2 token from slot 10
[2022-12-12 15:25:49] [SEVERE ] player 4 placing token on slot 11
[2022-12-12 15:25:49] [SEVERE ] removing player 4 token from slot 1
[2022-12-12 15:25:49] [SEVERE ] removing player 4 token from slot 2
[2022-12-12 15:25:49] [SEVERE ] removing player 4 token from slot 11
[2022-12-12 15:25:49] [SEVERE ] player 5 placing token on slot 3
[2022-12-12 15:25:49] [SEVERE ] removing player 5 token from slot 3
[2022-12-12 15:25:49] [SEVERE ] removing player 5 token from slot 10
[2022-12-12 15:25:49] [SEVERE ] removing player 5 token from slot 11
[2022-12-12 15:25:49] [SEVERE ] player 3 placing token on slot 10
[2022-12-12 15:25:49] [SEVERE ] player 2 placing token on slot 11
[2022-12-12 15:25:49] [SEVERE ] player 4 placing token on slot 5
[2022-12-12 15:25:49] [SEVERE ] player 3 placing token on slot 7
[2022-12-12 15:25:49] [SEVERE ] player 2 placing token on slot 0
[2022-12-12 15:25:49] [SEVERE ] player 5 placing token on slot 11
[2022-12-12 15:25:49] [SEVERE ] player 3 placing token on slot 5
[2022-12-12 15:25:49] [SEVERE ] removing player 3 token from slot 5
[2022-12-12 15:25:49] [SEVERE ] removing player 3 token from slot 7
[2022-12-12 15:25:49] [SEVERE ] removing player 3 token from slot 10
[2022-12-12 15:25:49] [SEVERE ] player 2 placing token on slot 7
[2022-12-12 15:25:49] [SEVERE ] removing player 2 token from slot 0
[2022-12-12 15:25:49] [SEVERE ] removing player 2 token from slot 7
[2022-12-12 15:25:49] [SEVERE ] removing player 2 token from slot 11
[2022-12-12 15:25:49] [SEVERE ] player 5 placing token on slot 0
[2022-12-12 15:25:49] [SEVERE ] player 4 placing token on slot 1
[2022-12-12 15:25:49] [SEVERE ] player 2 placing token on slot 8
[2022-12-12 15:25:49] [SEVERE ] player 3 placing token on slot 8
[2022-12-12 15:25:49] [SEVERE ] player 4 placing token on slot 10
[2022-12-12 15:25:49] [SEVERE ] player 5 placing token on slot 2
[2022-12-12 15:25:49] [SEVERE ] removing player 4 token from slot 1
[2022-12-12 15:25:49] [SEVERE ] removing player 4 token from slot 5
[2022-12-12 15:25:49] [SEVERE ] removing player 4 token from slot 10
[2022-12-12 15:25:49] [SEVERE ] removing player 5 token from slot 0
[2022-12-12 15:25:49] [SEVERE ] removing player 5 token from slot 2
[2022-12-12 15:25:49] [SEVERE ] removing player 5 token from slot 11
[2022-12-12 15:25:49] [SEVERE ] player 2 placing token on slot 5
[2022-12-12 15:25:49] [SEVERE ] player 3 placing token on slot 6
[2022-12-12 15:25:49] [SEVERE ] player 5 placing token on slot 9
[2022-12-12 15:25:49] [SEVERE ] player 4 placing token on slot 1
[2022-12-12 15:25:49] [SEVERE ] player 5 placing token on slot 6
[2022-12-12 15:25:49] [SEVERE ] player 2 placing token on slot 11
[2022-12-12 15:25:49] [SEVERE ] removing player 2 token from slot 5
[2022-12-12 15:25:49] [SEVERE ] removing player 2 token from slot 8
[2022-12-12 15:25:49] [SEVERE ] removing player 2 token from slot 11
[2022-12-12 15:25:49] [SEVERE ] player 4 placing token on slot 8
[2022-12-12 15:25:49] [SEVERE ] player 3 placing token on slot 9
[2022-12-12 15:25:49] [SEVERE ] removing player 3 token from slot 6
[2022-12-12 15:25:49] [SEVERE ] removing player 3 token from slot 8
[2022-12-12 15:25:49] [SEVERE ] removing player 3 token from slot 9
[2022-12-12 15:25:49] [SEVERE ] player 4 placing token on slot 10
[2022-12-12 15:25:49] [SEVERE ] removing player 4 token from slot 1
[2022-12-12 15:25:49] [SEVERE ] removing player 4 token from slot 8
[2022-12-12 15:25:49] [SEVERE ] removing player 4 token from slot 10
[2022-12-12 15:25:49] [SEVERE ] player 5 placing token on slot 11
[2022-12-12 15:25:49] [SEVERE ] removing player 5 token from slot 6
[2022-12-12 15:25:49] [SEVERE ] removing player 5 token from slot 9
[2022-12-12 15:25:49] [SEVERE ] removing player 5 token from slot 11
[2022-12-12 15:25:49] [SEVERE ] player 3 placing token on slot 0
[2022-12-12 15:25:49] [SEVERE ] player 2 placing token on slot 11
[2022-12-12 15:25:49] [SEVERE ] player 5 placing token on slot 10
[2022-12-12 15:25:49] [SEVERE ] player 2 placing token on slot 5
[2022-12-12 15:25:49] [SEVERE ] player 3 placing token on slot 4
[2022-12-12 15:25:49] [SEVERE ] player 4 placing token on slot 6
[2022-12-12 15:25:49] [SEVERE ] player 3 placing token on slot 5
[2022-12-12 15:25:49] [SEVERE ] removing player 3 token from slot 0
[2022-12-12 15:25:49] [SEVERE ] removing player 3 token from slot 4
[2022-12-12 15:25:49] [SEVERE ] removing player 3 token from slot 5
[2022-12-12 15:25:49] [SEVERE ] player 2 placing token on slot 0
[2022-12-12 15:25:49] [SEVERE ] removing player 2 token from slot 0
[2022-12-12 15:25:49] [SEVERE ] removing player 2 token from slot 5
[2022-12-12 15:25:49] [SEVERE ] removing player 2 token from slot 11
[2022-12-12 15:25:49] [SEVERE ] player 5 placing token on slot 11
[2022-12-12 15:25:49] [SEVERE ] player 4 placing token on slot 1
[2022-12-12 15:25:49] [SEVERE ] player 3 placing token on slot 3
[2022-12-12 15:25:49] [SEVERE ] player 2 placing token on slot 9
[2022-12-12 15:25:49] [SEVERE ] player 5 placing token on slot 4
[2022-12-12 15:25:49] [SEVERE ] removing player 5 token from slot 4
[2022-12-12 15:25:49] [SEVERE ] removing player 5 token from slot 10
[2022-12-12 15:25:49] [SEVERE ] removing player 5 token from slot 11
[2022-12-12 15:25:49] [SEVERE ] player 3 placing token on slot 7
[2022-12-12 15:25:49] [SEVERE ] player 4 placing token on slot 0
[2022-12-12 15:25:49] [SEVERE ] removing player 4 token from slot 0
[2022-12-12 15:25:49] [SEVERE ] removing player 4 token from slot 1
[2022-12-12 15:25:49] [SEVERE ] removing player 4 token from slot 6
[2022-12-12 15:25:50] [SEVERE ] player 2 placing token on slot 1
[2022-12-12 15:25:50] [SEVERE ] player 5 placing token on slot 9
[2022-12-12 15:25:50] [SEVERE ] player 4 placing token on slot 2
[2022-12-12 15:25:50] [SEVERE ] player 3 placing token on slot 8
[2022-12-12 15:25:50] [SEVERE ] removing player 3 token from slot 3
[2022-12-12 15:25:50] [SEVERE ] removing player 3 token from slot 7
[2022-12-12 15:25:50] [SEVERE ] removing player 3 token from slot 8
[2022-12-12 15:25:50] [SEVERE ] player 2 placing token on slot 5
[2022-12-12 15:25:50] [SEVERE ] removing player 2 token from slot 1
[2022-12-12 15:25:50] [SEVERE ] removing player 2 token from slot 5
[2022-12-12 15:25:50] [SEVERE ] removing player 2 token from slot 9
[2022-12-12 15:25:50] [SEVERE ] player 5 placing token on slot 3
[2022-12-12 15:25:50] [SEVERE ] player 4 placing token on slot 8
[2022-12-12 15:25:50] [SEVERE ] player 3 placing token on slot 8
[2022-12-12 15:25:50] [SEVERE ] player 2 placing token on slot 1
[2022-12-12 15:25:50] [SEVERE ] player 5 placing token on slot 5
[2022-12-12 15:25:50] [SEVERE ] removing player 5 token from slot 3
[2022-12-12 15:25:50] [SEVERE ] removing player 5 token from slot 5
[2022-12-12 15:25:50] [SEVERE ] removing player 5 token from slot 9
[2022-12-12 15:25:50] [SEVERE ] player 3 placing token on slot 10
[2022-12-12 15:25:50] [SEVERE ] player 4 placing token on slot 5
[2022-12-12 15:25:50] [SEVERE ] removing player 4 token from slot 2
[2022-12-12 15:25:50] [SEVERE ] removing player 4 token from slot 5
[2022-12-12 15:25:50] [SEVERE ] removing player 4 token from slot 8
[2022-12-12 15:25:50] [SEVERE ] player 5 placing token on slot 2
[2022-12-12 15:25:50] [SEVERE ] player 2 placing token on slot 11
[2022-12-12 15:25:50] [SEVERE ] player 3 placing token on slot 7
[2022-12-12 15:25:50] [SEVERE ] removing player 3 token from slot 7
[2022-12-12 15:25:50] [SEVERE ] removing player 3 token from slot 8
[2022-12-12 15:25:50] [SEVERE ] removing player 3 token from slot 10
[2022-12-12 15:25:50] [SEVERE ] player 4 placing token on slot 7
[2022-12-12 15:25:50] [SEVERE ] player 5 placing token on slot 11
[2022-12-12 15:25:50] [SEVERE ] player 3 placing token on slot 5
[2022-12-12 15:25:50] [SEVERE ] player 4 placing token on slot 4
[2022-12-12 15:25:50] [SEVERE ] player 2 placing token on slot 6
[2022-12-12 15:25:50] [SEVERE ] removing player 2 token from slot 1
[2022-12-12 15:25:50] [SEVERE ] removing player 2 token from slot 6
[2022-12-12 15:25:50] [SEVERE ] removing player 2 token from slot 11
[2022-12-12 15:25:50] [SEVERE ] player 5 placing token on slot 3
[2022-12-12 15:25:50] [SEVERE ] removing player 5 token from slot 2
[2022-12-12 15:25:50] [SEVERE ] removing player 5 token from slot 3
[2022-12-12 15:25:50] [SEVERE ] removing player 5 token from slot 11
[2022-12-12 15:25:50] [SEVERE ] player 3 placing token on slot 2
[2022-12-12 15:25:50] [SEVERE ] player 2 placing token on slot 8
[2022-12-12 15:25:50] [SEVERE ] player 5 placing token on slot 7
[2022-12-12 15:25:50] [SEVERE ] player 4 placing token on slot 2
[2022-12-12 15:25:50] [SEVERE ] removing player 4 token from slot 2
[2022-12-12 15:25:50] [SEVERE ] removing player 4 token from slot 4
[2022-12-12 15:25:50] [SEVERE ] removing player 4 token from slot 7
[2022-12-12 15:25:50] [SEVERE ] player 3 placing token on slot 9
[2022-12-12 15:25:50] [SEVERE ] removing player 3 token from slot 2
[2022-12-12 15:25:50] [SEVERE ] removing player 3 token from slot 5
[2022-12-12 15:25:50] [SEVERE ] removing player 3 token from slot 9
[2022-12-12 15:25:50] [SEVERE ] player 2 placing token on slot 9
[2022-12-12 15:25:50] [SEVERE ] player 4 placing token on slot 5
[2022-12-12 15:25:50] [SEVERE ] player 5 placing token on slot 0
[2022-12-12 15:25:50] [SEVERE ] player 3 placing token on slot 11
[2022-12-12 15:25:50] [SEVERE ] player 5 placing token on slot 6
[2022-12-12 15:25:50] [SEVERE ] removing player 5 token from slot 0
[2022-12-12 15:25:50] [SEVERE ] removing player 5 token from slot 6
[2022-12-12 15:25:50] [SEVERE ] removing player 5 token from slot 7
[2022-12-12 15:25:50] [SEVERE ] player 2 placing token on slot 2
[2022-12-12 15:25:50] [SEVERE ] removing player 2 token from slot 2
[2022-12-12 15:25:50] [SEVERE ] removing player 2 token from slot 8
[2022-12-12 15:25:50] [SEVERE ] removing player 2 token from slot 9
[2022-12-12 15:25:50] [SEVERE ] player 4 placing token on slot 9
[2022-12-12 15:25:50] [SEVERE ] player 3 placing token on slot 2
[2022-12-12 15:25:50] [SEVERE ] player 5 placing token on slot 5
[2022-12-12 15:25:50] [SEVERE ] player 2 placing token on slot 3
[2022-12-12 15:25:50] [SEVERE ] player 4 placing token on slot 7
[2022-12-12 15:25:50] [SEVERE ] removing player 4 token from slot 5
[2022-12-12 15:25:50] [SEVERE ] removing player 4 token from slot 7
[2022-12-12 15:25:50] [SEVERE ] removing player 4 token from slot 9
[2022-12-12 15:25:50] [SEVERE ] player 3 placing token on slot 8
[2022-12-12 15:25:50] [SEVERE ] removing player 3 token from slot 2
[2022-12-12 15:25:50] [SEVERE ] removing player 3 token from slot 8
[2022-12-12 15:25:50] [SEVERE ] removing player 3 token from slot 11
[2022-12-12 15:25:50] [SEVERE ] player 2 placing token on slot 5
[2022-12-12 15:25:50] [SEVERE ] player 4 placing token on slot 9
[2022-12-12 15:25:50] [SEVERE ] player 5 placing token on slot 2
[2022-12-12 15:25:50] [SEVERE ] player 2 placing token on slot 8
[2022-12-12 15:25:50] [SEVERE ] removing player 2 token from slot 3
[2022-12-12 15:25:50] [SEVERE ] removing player 2 token from slot 5
[2022-12-12 15:25:50] [SEVERE ] removing player 2 token from slot 8
[2022-12-12 15:25:50] [SEVERE ] player 3 placing token on slot 10
[2022-12-12 15:25:50] [SEVERE ] player 5 placing token on slot 1
[2022-12-12 15:25:50] [SEVERE ] removing player 5 token from slot 1
[2022-12-12 15:25:50] [SEVERE ] removing player 5 token from slot 2
[2022-12-12 15:25:50] [SEVERE ] removing player 5 token from slot 5
[2022-12-12 15:25:50] [SEVERE ] player 4 placing token on slot 8
[2022-12-12 15:25:50] [SEVERE ] player 2 placing token on slot 1
[2022-12-12 15:25:50] [SEVERE ] player 5 placing token on slot 3
[2022-12-12 15:25:50] [SEVERE ] player 3 placing token on slot 5
[2022-12-12 15:25:50] [SEVERE ] player 4 placing token on slot 4
[2022-12-12 15:25:50] [SEVERE ] removing player 4 token from slot 4
[2022-12-12 15:25:50] [SEVERE ] removing player 4 token from slot 8
[2022-12-12 15:25:50] [SEVERE ] removing player 4 token from slot 9
[2022-12-12 15:25:50] [SEVERE ] player 2 placing token on slot 7
[2022-12-12 15:25:50] [SEVERE ] player 5 placing token on slot 6
[2022-12-12 15:25:50] [SEVERE ] player 4 placing token on slot 1
[2022-12-12 15:25:50] [SEVERE ] player 3 placing token on slot 3
[2022-12-12 15:25:50] [SEVERE ] removing player 3 token from slot 3
[2022-12-12 15:25:50] [SEVERE ] removing player 3 token from slot 5
[2022-12-12 15:25:50] [SEVERE ] removing player 3 token from slot 10
[2022-12-12 15:25:50] [SEVERE ] player 5 placing token on slot 1
[2022-12-12 15:25:50] [SEVERE ] removing player 5 token from slot 1
[2022-12-12 15:25:50] [SEVERE ] removing player 5 token from slot 3
[2022-12-12 15:25:50] [SEVERE ] removing player 5 token from slot 6
[2022-12-12 15:25:50] [SEVERE ] player 2 placing token on slot 6
[2022-12-12 15:25:50] [SEVERE ] removing player 2 token from slot 1
[2022-12-12 15:25:50] [SEVERE ] removing player 2 token from slot 6
[2022-12-12 15:25:50] [SEVERE ] removing player 2 token from slot 7
[2022-12-12 15:25:50] [SEVERE ] player 4 placing token on slot 0
[2022-12-12 15:25:50] [SEVERE ] player 3 placing token on slot 0
[2022-12-12 15:25:50] [SEVERE ] player 5 placing token on slot 5
[2022-12-12 15:25:50] [SEVERE ] player 2 placing token on slot 3
[2022-12-12 15:25:50] [SEVERE ] player 4 placing token on slot 5
[2022-12-12 15:25:50] [SEVERE ] removing player 4 token from slot 0
[2022-12-12 15:25:50] [SEVERE ] removing player 4 token from slot 1
[2022-12-12 15:25:50] [SEVERE ] removing player 4 token from slot 5
[2022-12-12 15:25:50] [SEVERE ] player 5 placing token on slot 10
[2022-12-12 15:25:50] [SEVERE ] player 3 placing token on slot 3
[2022-12-12 15:25:50] [SEVERE ] player 2 placing token on slot 9
[2022-12-12 15:25:50] [SEVERE ] player 3 placing token on slot 5
[2022-12-12 15:25:50] [SEVERE ] removing player 3 token from slot 0
[2022-12-12 15:25:50] [SEVERE ] removing player 3 token from slot 3
[2022-12-12 15:25:50] [SEVERE ] player 4 placing token on slot 10
[2022-12-12 15:25:50] [SEVERE ] removing player 3 token from slot 5
[2022-12-12 15:25:50] [SEVERE ] player 2 placing token on slot 11
[2022-12-12 15:25:50] [SEVERE ] player 5 placing token on slot 2
[2022-12-12 15:25:50] [SEVERE ] removing player 2 token from slot 3
[2022-12-12 15:25:50] [SEVERE ] removing player 2 token from slot 9
[2022-12-12 15:25:50] [SEVERE ] removing player 2 token from slot 11
[2022-12-12 15:25:50] [SEVERE ] removing player 5 token from slot 2
[2022-12-12 15:25:50] [SEVERE ] removing player 5 token from slot 5
[2022-12-12 15:25:50] [SEVERE ] removing player 5 token from slot 10
[2022-12-12 15:25:50] [SEVERE ] player 4 placing token on slot 4
[2022-12-12 15:25:50] [SEVERE ] player 3 placing token on slot 5
[2022-12-12 15:25:50] [SEVERE ] player 2 placing token on slot 6
[2022-12-12 15:25:50] [SEVERE ] player 5 placing token on slot 9
[2022-12-12 15:25:50] [SEVERE ] player 3 placing token on slot 4
[2022-12-12 15:25:50] [SEVERE ] player 4 placing token on slot 9
[2022-12-12 15:25:50] [SEVERE ] removing player 4 token from slot 4
[2022-12-12 15:25:50] [SEVERE ] removing player 4 token from slot 9
[2022-12-12 15:25:50] [SEVERE ] removing player 4 token from slot 10
[2022-12-12 15:25:50] [SEVERE ] player 2 placing token on slot 11
[2022-12-12 15:25:50] [SEVERE ] player 5 placing token on slot 5
[2022-12-12 15:25:50] [SEVERE ] player 3 placing token on slot 11
[2022-12-12 15:25:50] [SEVERE ] removing player 3 token from slot 4
[2022-12-12 15:25:50] [SEVERE ] removing player 3 token from slot 5
[2022-12-12 15:25:50] [SEVERE ] removing player 3 token from slot 11
[2022-12-12 15:25:50] [SEVERE ] player 4 placing token on slot 4
[2022-12-12 15:25:50] [SEVERE ] player 2 placing token on slot 2
[2022-12-12 15:25:50] [SEVERE ] removing player 2 token from slot 2
[2022-12-12 15:25:50] [SEVERE ] removing player 2 token from slot 6
[2022-12-12 15:25:50] [SEVERE ] removing player 2 token from slot 11
[2022-12-12 15:25:50] [SEVERE ] player 5 placing token on slot 7
[2022-12-12 15:25:50] [SEVERE ] removing player 5 token from slot 5
[2022-12-12 15:25:50] [SEVERE ] removing player 5 token from slot 7
[2022-12-12 15:25:50] [SEVERE ] removing player 5 token from slot 9
[2022-12-12 15:25:50] [SEVERE ] player 3 placing token on slot 2
[2022-12-12 15:25:50] [SEVERE ] player 4 placing token on slot 1
[2022-12-12 15:25:50] [SEVERE ] player 2 placing token on slot 7
[2022-12-12 15:25:50] [SEVERE ] player 3 placing token on slot 11
[2022-12-12 15:25:50] [SEVERE ] player 5 placing token on slot 11
[2022-12-12 15:25:50] [SEVERE ] player 2 placing token on slot 11
[2022-12-12 15:25:50] [SEVERE ] player 3 placing token on slot 1
[2022-12-12 15:25:50] [SEVERE ] removing player 3 token from slot 1
[2022-12-12 15:25:50] [SEVERE ] removing player 3 token from slot 2
[2022-12-12 15:25:50] [SEVERE ] removing player 3 token from slot 11
[2022-12-12 15:25:50] [SEVERE ] player 4 placing token on slot 6
[2022-12-12 15:25:50] [SEVERE ] player 5 placing token on slot 6
[2022-12-12 15:25:50] [SEVERE ] player 2 placing token on slot 1
[2022-12-12 15:25:50] [SEVERE ] player 4 placing token on slot 3
[2022-12-12 15:25:50] [SEVERE ] player 3 placing token on slot 9
[2022-12-12 15:25:50] [SEVERE ] player 5 placing token on slot 10
[2022-12-12 15:25:50] [SEVERE ] player 3 placing token on slot 4
[2022-12-12 15:25:50] [SEVERE ] player 3 placing token on slot 6
[2022-12-12 15:25:50] [SEVERE ] removing tokens from slot 1
[2022-12-12 15:25:50] [SEVERE ] removing card from slot 1
[2022-12-12 15:25:50] [SEVERE ] player 4 placing token on slot 10
[2022-12-12 15:25:50] [SEVERE ] player 3 placing token on slot 5
[2022-12-12 15:25:50] [SEVERE ] removing tokens from slot 4
[2022-12-12 15:25:50] [SEVERE ] removing card from slot 4
[2022-12-12 15:25:50] [SEVERE ] player 4 placing token on slot 9
[2022-12-12 15:25:50] [SEVERE ] player 5 placing token on slot 7
[2022-12-12 15:25:50] [SEVERE ] player 3 placing token on slot 2
[2022-12-12 15:25:50] [SEVERE ] removing tokens from slot 6
[2022-12-12 15:25:50] [SEVERE ] removing card from slot 6
[2022-12-12 15:25:50] [SEVERE ] setting player 4 score to 1
[2022-12-12 15:25:50] [SEVERE ] removing player 5 token from slot 7
[2022-12-12 15:25:50] [SEVERE ] removing player 5 token from slot 10
[2022-12-12 15:25:50] [SEVERE ] removing player 5 token from slot 11
[2022-12-12 15:25:50] [SEVERE ] player 5 placing token on slot 7
[2022-12-12 15:25:50] [SEVERE ] player 4 placing token on slot 9
[2022-12-12 15:25:50] [SEVERE ] player 5 placing token on slot 0
[2022-12-12 15:25:51] [SEVERE ] player 4 placing token on slot 5
[2022-12-12 15:25:51] [SEVERE ] player 5 placing token on slot 8
[2022-12-12 15:25:51] [SEVERE ] player 4 placing token on slot 10
[2022-12-12 15:25:51] [SEVERE ] placing card 10 in slot 1
[2022-12-12 15:25:51] [SEVERE ] placing card 48 in slot 4
[2022-12-12 15:25:51] [SEVERE ] placing card 68 in slot 6
[2022-12-12 15:25:51] [SEVERE ] removing player 3 token from slot 2
[2022-12-12 15:25:51] [SEVERE ] removing player 3 token from slot 5
[2022-12-12 15:25:51] [SEVERE ] removing player 3 token from slot 9
[2022-12-12 15:25:51] [INFO   ] Thread main terminated.
