[2022-12-13 03:22:55] [INFO   ] cannot read configuration file config.properties trying from resources.
[2022-12-13 03:22:55] [INFO   ] configuration file was loaded from resources directory.
[2022-12-13 03:22:56] [INFO   ] Thread Thread-0starting.
[2022-12-13 03:22:56] [INFO   ] Thread Thread-5starting.
[2022-12-13 03:22:56] [INFO   ] Thread dealer starting.
[2022-12-13 03:22:56] [INFO   ] Thread Thread-4starting.
[2022-12-13 03:22:56] [INFO   ] Thread Thread-3starting.
[2022-12-13 03:22:56] [INFO   ] Thread Thread-2starting.
[2022-12-13 03:22:56] [INFO   ] Thread Thread-1starting.
[2022-12-13 03:22:56] [INFO   ] Thread computer-2 starting.
[2022-12-13 03:22:56] [INFO   ] Thread computer-3 starting.
[2022-12-13 03:22:56] [INFO   ] Thread computer-4 starting.
[2022-12-13 03:22:56] [INFO   ] Thread computer-5 starting.
[2022-12-13 03:22:56] [SEVERE ] placing card 44 in slot 0
[2022-12-13 03:22:56] [SEVERE ] placing card 0 in slot 1
[2022-12-13 03:22:56] [SEVERE ] placing card 80 in slot 2
[2022-12-13 03:22:56] [SEVERE ] placing card 52 in slot 3
[2022-12-13 03:22:56] [SEVERE ] placing card 61 in slot 4
[2022-12-13 03:22:56] [SEVERE ] placing card 21 in slot 5
[2022-12-13 03:22:57] [SEVERE ] placing card 26 in slot 6
[2022-12-13 03:22:57] [SEVERE ] placing card 1 in slot 7
[2022-12-13 03:22:57] [SEVERE ] placing card 74 in slot 8
[2022-12-13 03:22:57] [SEVERE ] placing card 66 in slot 9
[2022-12-13 03:22:57] [SEVERE ] placing card 63 in slot 10
[2022-12-13 03:22:57] [SEVERE ] placing card 13 in slot 11
[2022-12-13 03:22:57] [SEVERE ] player 4 placing token on slot 1
[2022-12-13 03:22:57] [SEVERE ] player 5 placing token on slot 9
[2022-12-13 03:22:57] [SEVERE ] player 2 placing token on slot 8
[2022-12-13 03:22:57] [SEVERE ] player 3 placing token on slot 1
[2022-12-13 03:22:57] [SEVERE ] player 4 placing token on slot 0
[2022-12-13 03:22:57] [SEVERE ] player 3 placing token on slot 11
[2022-12-13 03:22:57] [SEVERE ] player 5 placing token on slot 4
[2022-12-13 03:22:57] [SEVERE ] player 2 placing token on slot 1
[2022-12-13 03:22:57] [SEVERE ] player 3 placing token on slot 6
[2022-12-13 03:22:57] [SEVERE ] player 2 placing token on slot 9
[2022-12-13 03:22:57] [SEVERE ] player 4 placing token on slot 9
[2022-12-13 03:22:57] [SEVERE ] player 5 placing token on slot 5
[2022-12-13 03:22:57] [SEVERE ] player 2 placing token on slot 11
[2022-12-13 03:22:57] [SEVERE ] player 4 placing token on slot 5
[2022-12-13 03:22:57] [SEVERE ] removing tokens from slot 1
[2022-12-13 03:22:57] [SEVERE ] removing card from slot 1
[2022-12-13 03:22:57] [SEVERE ] removing tokens from slot 6
[2022-12-13 03:22:57] [SEVERE ] removing card from slot 6
[2022-12-13 03:22:57] [SEVERE ] removing tokens from slot 11
[2022-12-13 03:22:57] [SEVERE ] removing card from slot 11
[2022-12-13 03:22:58] [SEVERE ] placing card 68 in slot 1
[2022-12-13 03:22:58] [SEVERE ] placing card 72 in slot 6
[2022-12-13 03:22:58] [SEVERE ] placing card 24 in slot 11
[2022-12-13 03:22:58] [SEVERE ] setting player 3 score to 1
[2022-12-13 03:22:58] [SEVERE ] removing player 5 token from slot 4
[2022-12-13 03:22:58] [SEVERE ] removing player 5 token from slot 5
[2022-12-13 03:22:58] [SEVERE ] removing player 5 token from slot 9
[2022-12-13 03:22:58] [SEVERE ] player 5 placing token on slot 0
[2022-12-13 03:22:58] [SEVERE ] removing player 4 token from slot 0
[2022-12-13 03:22:58] [SEVERE ] removing player 4 token from slot 5
[2022-12-13 03:22:58] [SEVERE ] removing player 4 token from slot 9
[2022-12-13 03:22:58] [SEVERE ] player 4 placing token on slot 1
[2022-12-13 03:22:58] [SEVERE ] player 2 placing token on slot 10
[2022-12-13 03:22:58] [SEVERE ] removing player 2 token from slot 8
[2022-12-13 03:22:58] [SEVERE ] removing player 2 token from slot 9
[2022-12-13 03:22:58] [SEVERE ] removing player 2 token from slot 10
[2022-12-13 03:22:58] [SEVERE ] player 4 placing token on slot 2
[2022-12-13 03:22:58] [SEVERE ] player 3 placing token on slot 4
[2022-12-13 03:22:58] [SEVERE ] player 5 placing token on slot 4
[2022-12-13 03:22:58] [SEVERE ] player 2 placing token on slot 1
[2022-12-13 03:22:58] [SEVERE ] player 3 placing token on slot 6
[2022-12-13 03:22:58] [SEVERE ] player 4 placing token on slot 3
[2022-12-13 03:22:58] [SEVERE ] removing player 4 token from slot 1
[2022-12-13 03:22:58] [SEVERE ] removing player 4 token from slot 2
[2022-12-13 03:22:58] [SEVERE ] removing player 4 token from slot 3
[2022-12-13 03:22:58] [SEVERE ] player 2 placing token on slot 8
[2022-12-13 03:22:58] [SEVERE ] player 5 placing token on slot 5
[2022-12-13 03:22:58] [SEVERE ] removing player 5 token from slot 0
[2022-12-13 03:22:58] [SEVERE ] removing player 5 token from slot 4
[2022-12-13 03:22:58] [SEVERE ] removing player 5 token from slot 5
[2022-12-13 03:22:58] [SEVERE ] player 3 placing token on slot 11
[2022-12-13 03:22:58] [SEVERE ] removing player 3 token from slot 4
[2022-12-13 03:22:58] [SEVERE ] removing player 3 token from slot 6
[2022-12-13 03:22:58] [SEVERE ] removing player 3 token from slot 11
[2022-12-13 03:22:58] [SEVERE ] player 4 placing token on slot 11
[2022-12-13 03:22:58] [SEVERE ] player 2 placing token on slot 4
[2022-12-13 03:22:58] [SEVERE ] removing player 2 token from slot 1
[2022-12-13 03:22:58] [SEVERE ] removing player 2 token from slot 4
[2022-12-13 03:22:58] [SEVERE ] removing player 2 token from slot 8
[2022-12-13 03:22:58] [SEVERE ] player 2 placing token on slot 5
[2022-12-13 03:22:58] [SEVERE ] player 5 placing token on slot 11
[2022-12-13 03:22:58] [SEVERE ] player 3 placing token on slot 6
[2022-12-13 03:22:58] [SEVERE ] player 2 placing token on slot 3
[2022-12-13 03:22:58] [SEVERE ] player 4 placing token on slot 1
[2022-12-13 03:22:58] [SEVERE ] player 3 placing token on slot 9
[2022-12-13 03:22:58] [SEVERE ] player 5 placing token on slot 7
[2022-12-13 03:22:58] [SEVERE ] player 2 placing token on slot 4
[2022-12-13 03:22:58] [SEVERE ] removing player 2 token from slot 3
[2022-12-13 03:22:58] [SEVERE ] removing player 2 token from slot 4
[2022-12-13 03:22:58] [SEVERE ] removing player 2 token from slot 5
[2022-12-13 03:22:58] [SEVERE ] player 4 placing token on slot 9
[2022-12-13 03:22:58] [SEVERE ] removing player 4 token from slot 1
[2022-12-13 03:22:58] [SEVERE ] removing player 4 token from slot 9
[2022-12-13 03:22:58] [SEVERE ] removing player 4 token from slot 11
[2022-12-13 03:22:58] [SEVERE ] player 3 placing token on slot 0
[2022-12-13 03:22:58] [SEVERE ] player 4 placing token on slot 4
[2022-12-13 03:22:58] [SEVERE ] removing player 3 token from slot 0
[2022-12-13 03:22:58] [SEVERE ] removing player 3 token from slot 6
[2022-12-13 03:22:58] [SEVERE ] removing player 3 token from slot 9
[2022-12-13 03:22:58] [SEVERE ] player 5 placing token on slot 0
[2022-12-13 03:22:58] [SEVERE ] removing player 5 token from slot 0
[2022-12-13 03:22:58] [SEVERE ] removing player 5 token from slot 7
[2022-12-13 03:22:58] [SEVERE ] removing player 5 token from slot 11
[2022-12-13 03:22:58] [SEVERE ] player 2 placing token on slot 2
[2022-12-13 03:22:58] [SEVERE ] player 3 placing token on slot 4
[2022-12-13 03:22:58] [SEVERE ] player 4 placing token on slot 5
[2022-12-13 03:22:58] [SEVERE ] player 5 placing token on slot 6
[2022-12-13 03:22:58] [SEVERE ] player 2 placing token on slot 7
[2022-12-13 03:22:58] [SEVERE ] player 4 placing token on slot 6
[2022-12-13 03:22:58] [SEVERE ] removing player 4 token from slot 4
[2022-12-13 03:22:58] [SEVERE ] removing player 4 token from slot 5
[2022-12-13 03:22:58] [SEVERE ] removing player 4 token from slot 6
[2022-12-13 03:22:58] [SEVERE ] player 2 placing token on slot 3
[2022-12-13 03:22:58] [SEVERE ] removing player 2 token from slot 2
[2022-12-13 03:22:58] [SEVERE ] removing player 2 token from slot 3
[2022-12-13 03:22:58] [SEVERE ] removing player 2 token from slot 7
[2022-12-13 03:22:58] [SEVERE ] player 3 placing token on slot 2
[2022-12-13 03:22:58] [SEVERE ] player 5 placing token on slot 5
[2022-12-13 03:22:58] [SEVERE ] player 4 placing token on slot 8
[2022-12-13 03:22:58] [SEVERE ] player 2 placing token on slot 7
[2022-12-13 03:22:58] [SEVERE ] player 3 placing token on slot 8
[2022-12-13 03:22:58] [SEVERE ] removing player 3 token from slot 2
[2022-12-13 03:22:58] [SEVERE ] removing player 3 token from slot 4
[2022-12-13 03:22:58] [SEVERE ] removing player 3 token from slot 8
[2022-12-13 03:22:58] [SEVERE ] player 4 placing token on slot 0
[2022-12-13 03:22:58] [SEVERE ] player 5 placing token on slot 0
[2022-12-13 03:22:58] [SEVERE ] removing player 5 token from slot 0
[2022-12-13 03:22:58] [SEVERE ] removing player 5 token from slot 5
[2022-12-13 03:22:58] [SEVERE ] removing player 5 token from slot 6
[2022-12-13 03:22:58] [SEVERE ] player 2 placing token on slot 11
[2022-12-13 03:22:58] [SEVERE ] player 3 placing token on slot 6
[2022-12-13 03:22:58] [SEVERE ] player 5 placing token on slot 5
[2022-12-13 03:22:58] [SEVERE ] player 4 placing token on slot 10
[2022-12-13 03:22:58] [SEVERE ] removing player 4 token from slot 0
[2022-12-13 03:22:58] [SEVERE ] removing player 4 token from slot 8
[2022-12-13 03:22:58] [SEVERE ] removing player 4 token from slot 10
[2022-12-13 03:22:58] [SEVERE ] player 2 placing token on slot 0
[2022-12-13 03:22:58] [SEVERE ] removing player 2 token from slot 0
[2022-12-13 03:22:58] [SEVERE ] removing player 2 token from slot 7
[2022-12-13 03:22:58] [SEVERE ] removing player 2 token from slot 11
[2022-12-13 03:22:58] [SEVERE ] player 3 placing token on slot 11
[2022-12-13 03:22:58] [SEVERE ] player 5 placing token on slot 1
[2022-12-13 03:22:58] [SEVERE ] player 4 placing token on slot 5
[2022-12-13 03:22:58] [SEVERE ] player 2 placing token on slot 6
[2022-12-13 03:22:58] [SEVERE ] player 5 placing token on slot 9
[2022-12-13 03:22:58] [SEVERE ] removing player 5 token from slot 1
[2022-12-13 03:22:58] [SEVERE ] removing player 5 token from slot 5
[2022-12-13 03:22:58] [SEVERE ] removing player 5 token from slot 9
[2022-12-13 03:22:58] [SEVERE ] player 3 placing token on slot 4
[2022-12-13 03:22:58] [SEVERE ] removing player 3 token from slot 4
[2022-12-13 03:22:58] [SEVERE ] removing player 3 token from slot 6
[2022-12-13 03:22:58] [SEVERE ] removing player 3 token from slot 11
[2022-12-13 03:22:58] [SEVERE ] player 2 placing token on slot 9
[2022-12-13 03:22:58] [SEVERE ] player 4 placing token on slot 11
[2022-12-13 03:22:58] [SEVERE ] player 5 placing token on slot 3
[2022-12-13 03:22:58] [SEVERE ] player 2 placing token on slot 11
[2022-12-13 03:22:58] [SEVERE ] removing player 2 token from slot 6
[2022-12-13 03:22:58] [SEVERE ] removing player 2 token from slot 9
[2022-12-13 03:22:58] [SEVERE ] removing player 2 token from slot 11
[2022-12-13 03:22:58] [SEVERE ] player 3 placing token on slot 11
[2022-12-13 03:22:58] [SEVERE ] player 4 placing token on slot 2
[2022-12-13 03:22:58] [SEVERE ] removing player 4 token from slot 2
[2022-12-13 03:22:58] [SEVERE ] removing player 4 token from slot 5
[2022-12-13 03:22:58] [SEVERE ] removing player 4 token from slot 11
[2022-12-13 03:22:58] [SEVERE ] player 5 placing token on slot 8
[2022-12-13 03:22:58] [SEVERE ] player 3 placing token on slot 9
[2022-12-13 03:22:58] [SEVERE ] player 2 placing token on slot 3
[2022-12-13 03:22:58] [SEVERE ] player 5 placing token on slot 4
[2022-12-13 03:22:58] [SEVERE ] removing player 5 token from slot 3
[2022-12-13 03:22:58] [SEVERE ] removing player 5 token from slot 4
[2022-12-13 03:22:58] [SEVERE ] removing player 5 token from slot 8
[2022-12-13 03:22:58] [SEVERE ] player 3 placing token on slot 5
[2022-12-13 03:22:58] [SEVERE ] removing player 3 token from slot 5
[2022-12-13 03:22:58] [SEVERE ] removing player 3 token from slot 9
[2022-12-13 03:22:58] [SEVERE ] removing player 3 token from slot 11
[2022-12-13 03:22:58] [SEVERE ] player 4 placing token on slot 11
[2022-12-13 03:22:58] [SEVERE ] player 2 placing token on slot 10
[2022-12-13 03:22:58] [SEVERE ] player 4 placing token on slot 2
[2022-12-13 03:22:58] [SEVERE ] player 5 placing token on slot 6
[2022-12-13 03:22:58] [SEVERE ] player 3 placing token on slot 11
[2022-12-13 03:22:58] [SEVERE ] player 2 placing token on slot 4
[2022-12-13 03:22:58] [SEVERE ] removing player 2 token from slot 3
[2022-12-13 03:22:58] [SEVERE ] removing player 2 token from slot 4
[2022-12-13 03:22:58] [SEVERE ] removing player 2 token from slot 10
[2022-12-13 03:22:58] [SEVERE ] player 4 placing token on slot 6
[2022-12-13 03:22:58] [SEVERE ] removing player 4 token from slot 2
[2022-12-13 03:22:58] [SEVERE ] removing player 4 token from slot 6
[2022-12-13 03:22:58] [SEVERE ] removing player 4 token from slot 11
[2022-12-13 03:22:58] [SEVERE ] player 5 placing token on slot 4
[2022-12-13 03:22:58] [SEVERE ] player 3 placing token on slot 4
[2022-12-13 03:22:58] [SEVERE ] player 2 placing token on slot 7
[2022-12-13 03:22:58] [SEVERE ] player 4 placing token on slot 4
[2022-12-13 03:22:58] [SEVERE ] player 5 placing token on slot 1
[2022-12-13 03:22:58] [SEVERE ] player 2 placing token on slot 6
[2022-12-13 03:22:58] [SEVERE ] player 4 placing token on slot 9
[2022-12-13 03:22:58] [SEVERE ] player 3 placing token on slot 6
[2022-12-13 03:22:58] [SEVERE ] player 2 placing token on slot 11
[2022-12-13 03:22:58] [SEVERE ] removing tokens from slot 1
[2022-12-13 03:22:58] [SEVERE ] removing card from slot 1
[2022-12-13 03:22:59] [SEVERE ] removing tokens from slot 4
[2022-12-13 03:22:59] [SEVERE ] removing card from slot 4
[2022-12-13 03:22:59] [SEVERE ] player 4 placing token on slot 10
[2022-12-13 03:22:59] [SEVERE ] player 4 placing token on slot 0
[2022-12-13 03:22:59] [SEVERE ] removing tokens from slot 6
[2022-12-13 03:22:59] [SEVERE ] removing card from slot 6
[2022-12-13 03:22:59] [SEVERE ] placing card 4 in slot 1
[2022-12-13 03:22:59] [SEVERE ] placing card 79 in slot 4
[2022-12-13 03:22:59] [SEVERE ] placing card 77 in slot 6
[2022-12-13 03:22:59] [SEVERE ] setting player 5 score to 1
[2022-12-13 03:22:59] [SEVERE ] removing player 4 token from slot 0
[2022-12-13 03:22:59] [SEVERE ] removing player 4 token from slot 9
[2022-12-13 03:22:59] [SEVERE ] removing player 4 token from slot 10
[2022-12-13 03:22:59] [SEVERE ] player 4 placing token on slot 7
[2022-12-13 03:22:59] [SEVERE ] player 3 placing token on slot 3
[2022-12-13 03:22:59] [SEVERE ] player 5 placing token on slot 7
[2022-12-13 03:22:59] [SEVERE ] player 2 placing token on slot 8
[2022-12-13 03:22:59] [SEVERE ] removing player 2 token from slot 7
[2022-12-13 03:22:59] [SEVERE ] removing player 2 token from slot 8
[2022-12-13 03:22:59] [SEVERE ] removing player 2 token from slot 11
[2022-12-13 03:22:59] [SEVERE ] player 4 placing token on slot 1
[2022-12-13 03:22:59] [SEVERE ] player 3 placing token on slot 6
[2022-12-13 03:22:59] [SEVERE ] removing player 3 token from slot 3
[2022-12-13 03:22:59] [SEVERE ] removing player 3 token from slot 6
[2022-12-13 03:22:59] [SEVERE ] player 5 placing token on slot 0
[2022-12-13 03:22:59] [SEVERE ] removing player 3 token from slot 11
[2022-12-13 03:22:59] [SEVERE ] player 2 placing token on slot 10
[2022-12-13 03:22:59] [SEVERE ] player 4 placing token on slot 10
[2022-12-13 03:22:59] [SEVERE ] removing player 4 token from slot 1
[2022-12-13 03:22:59] [SEVERE ] removing player 4 token from slot 7
[2022-12-13 03:22:59] [SEVERE ] removing player 4 token from slot 10
[2022-12-13 03:22:59] [SEVERE ] player 5 placing token on slot 1
[2022-12-13 03:22:59] [SEVERE ] removing player 5 token from slot 0
[2022-12-13 03:22:59] [SEVERE ] removing player 5 token from slot 1
[2022-12-13 03:22:59] [SEVERE ] removing player 5 token from slot 7
[2022-12-13 03:22:59] [SEVERE ] player 3 placing token on slot 10
[2022-12-13 03:22:59] [SEVERE ] player 2 placing token on slot 9
[2022-12-13 03:22:59] [SEVERE ] player 4 placing token on slot 0
[2022-12-13 03:22:59] [SEVERE ] player 5 placing token on slot 3
[2022-12-13 03:22:59] [SEVERE ] player 4 placing token on slot 8
[2022-12-13 03:22:59] [SEVERE ] player 3 placing token on slot 8
[2022-12-13 03:22:59] [SEVERE ] player 2 placing token on slot 0
[2022-12-13 03:22:59] [SEVERE ] removing player 2 token from slot 0
[2022-12-13 03:22:59] [SEVERE ] removing player 2 token from slot 9
[2022-12-13 03:22:59] [SEVERE ] removing player 2 token from slot 10
[2022-12-13 03:22:59] [SEVERE ] player 4 placing token on slot 6
[2022-12-13 03:22:59] [SEVERE ] removing player 4 token from slot 0
[2022-12-13 03:22:59] [SEVERE ] removing player 4 token from slot 6
[2022-12-13 03:22:59] [SEVERE ] removing player 4 token from slot 8
[2022-12-13 03:22:59] [SEVERE ] player 5 placing token on slot 9
[2022-12-13 03:22:59] [SEVERE ] player 3 placing token on slot 11
[2022-12-13 03:22:59] [SEVERE ] removing player 3 token from slot 8
[2022-12-13 03:22:59] [SEVERE ] removing player 3 token from slot 10
[2022-12-13 03:22:59] [SEVERE ] removing player 3 token from slot 11
[2022-12-13 03:22:59] [SEVERE ] player 2 placing token on slot 9
[2022-12-13 03:22:59] [SEVERE ] player 4 placing token on slot 6
[2022-12-13 03:22:59] [SEVERE ] player 5 placing token on slot 5
[2022-12-13 03:22:59] [SEVERE ] removing player 5 token from slot 3
[2022-12-13 03:22:59] [SEVERE ] removing player 5 token from slot 5
[2022-12-13 03:22:59] [SEVERE ] removing player 5 token from slot 9
[2022-12-13 03:22:59] [SEVERE ] player 3 placing token on slot 9
[2022-12-13 03:22:59] [SEVERE ] player 5 placing token on slot 5
[2022-12-13 03:22:59] [SEVERE ] player 2 placing token on slot 3
[2022-12-13 03:22:59] [SEVERE ] player 4 placing token on slot 0
[2022-12-13 03:22:59] [SEVERE ] player 3 placing token on slot 11
[2022-12-13 03:22:59] [SEVERE ] player 5 placing token on slot 8
[2022-12-13 03:22:59] [SEVERE ] player 4 placing token on slot 11
[2022-12-13 03:22:59] [SEVERE ] removing player 4 token from slot 0
[2022-12-13 03:22:59] [SEVERE ] removing player 4 token from slot 6
[2022-12-13 03:22:59] [SEVERE ] removing player 4 token from slot 11
[2022-12-13 03:22:59] [SEVERE ] player 2 placing token on slot 2
[2022-12-13 03:22:59] [SEVERE ] removing player 2 token from slot 2
[2022-12-13 03:22:59] [SEVERE ] removing player 2 token from slot 3
[2022-12-13 03:22:59] [SEVERE ] removing player 2 token from slot 9
[2022-12-13 03:22:59] [SEVERE ] player 3 placing token on slot 4
[2022-12-13 03:22:59] [SEVERE ] player 5 placing token on slot 7
[2022-12-13 03:22:59] [SEVERE ] removing player 3 token from slot 4
[2022-12-13 03:22:59] [SEVERE ] removing player 3 token from slot 9
[2022-12-13 03:22:59] [SEVERE ] removing player 3 token from slot 11
[2022-12-13 03:22:59] [SEVERE ] removing player 5 token from slot 5
[2022-12-13 03:22:59] [SEVERE ] removing player 5 token from slot 7
[2022-12-13 03:22:59] [SEVERE ] removing player 5 token from slot 8
[2022-12-13 03:22:59] [SEVERE ] player 2 placing token on slot 7
[2022-12-13 03:22:59] [SEVERE ] player 4 placing token on slot 3
[2022-12-13 03:22:59] [SEVERE ] player 3 placing token on slot 0
[2022-12-13 03:22:59] [SEVERE ] player 2 placing token on slot 5
[2022-12-13 03:22:59] [SEVERE ] player 5 placing token on slot 0
[2022-12-13 03:22:59] [SEVERE ] player 4 placing token on slot 10
[2022-12-13 03:22:59] [SEVERE ] player 3 placing token on slot 4
[2022-12-13 03:22:59] [SEVERE ] player 2 placing token on slot 4
[2022-12-13 03:22:59] [SEVERE ] removing player 2 token from slot 4
[2022-12-13 03:22:59] [SEVERE ] removing player 2 token from slot 5
[2022-12-13 03:22:59] [SEVERE ] removing player 2 token from slot 7
[2022-12-13 03:22:59] [SEVERE ] player 5 placing token on slot 11
[2022-12-13 03:22:59] [SEVERE ] player 4 placing token on slot 6
[2022-12-13 03:22:59] [SEVERE ] removing player 4 token from slot 3
[2022-12-13 03:22:59] [SEVERE ] removing player 4 token from slot 6
[2022-12-13 03:22:59] [SEVERE ] removing player 4 token from slot 10
[2022-12-13 03:22:59] [SEVERE ] player 3 placing token on slot 3
[2022-12-13 03:22:59] [SEVERE ] removing player 3 token from slot 0
[2022-12-13 03:22:59] [SEVERE ] removing player 3 token from slot 3
[2022-12-13 03:22:59] [SEVERE ] removing player 3 token from slot 4
[2022-12-13 03:22:59] [SEVERE ] player 2 placing token on slot 0
[2022-12-13 03:22:59] [SEVERE ] player 5 placing token on slot 2
[2022-12-13 03:22:59] [SEVERE ] removing player 5 token from slot 0
[2022-12-13 03:22:59] [SEVERE ] removing player 5 token from slot 2
[2022-12-13 03:22:59] [SEVERE ] removing player 5 token from slot 11
[2022-12-13 03:22:59] [SEVERE ] player 4 placing token on slot 5
[2022-12-13 03:22:59] [SEVERE ] player 3 placing token on slot 3
[2022-12-13 03:22:59] [SEVERE ] player 2 placing token on slot 7
[2022-12-13 03:22:59] [SEVERE ] player 4 placing token on slot 6
[2022-12-13 03:22:59] [SEVERE ] player 5 placing token on slot 3
[2022-12-13 03:22:59] [SEVERE ] player 2 placing token on slot 1
[2022-12-13 03:22:59] [SEVERE ] removing player 2 token from slot 0
[2022-12-13 03:22:59] [SEVERE ] removing player 2 token from slot 1
[2022-12-13 03:22:59] [SEVERE ] removing player 2 token from slot 7
[2022-12-13 03:22:59] [SEVERE ] player 3 placing token on slot 10
[2022-12-13 03:22:59] [SEVERE ] player 4 placing token on slot 1
[2022-12-13 03:22:59] [SEVERE ] removing player 4 token from slot 1
[2022-12-13 03:22:59] [SEVERE ] removing player 4 token from slot 5
[2022-12-13 03:22:59] [SEVERE ] removing player 4 token from slot 6
[2022-12-13 03:22:59] [SEVERE ] player 5 placing token on slot 10
[2022-12-13 03:22:59] [SEVERE ] player 2 placing token on slot 5
[2022-12-13 03:22:59] [SEVERE ] player 3 placing token on slot 5
[2022-12-13 03:22:59] [SEVERE ] removing player 3 token from slot 3
[2022-12-13 03:22:59] [SEVERE ] removing player 3 token from slot 5
[2022-12-13 03:22:59] [SEVERE ] removing player 3 token from slot 10
[2022-12-13 03:22:59] [SEVERE ] player 4 placing token on slot 1
[2022-12-13 03:22:59] [SEVERE ] player 5 placing token on slot 5
[2022-12-13 03:22:59] [SEVERE ] removing player 5 token from slot 3
[2022-12-13 03:22:59] [SEVERE ] removing player 5 token from slot 5
[2022-12-13 03:22:59] [SEVERE ] removing player 5 token from slot 10
[2022-12-13 03:22:59] [SEVERE ] player 3 placing token on slot 9
[2022-12-13 03:22:59] [SEVERE ] player 4 placing token on slot 7
[2022-12-13 03:22:59] [SEVERE ] player 2 placing token on slot 9
[2022-12-13 03:22:59] [SEVERE ] player 5 placing token on slot 2
[2022-12-13 03:22:59] [SEVERE ] player 3 placing token on slot 3
[2022-12-13 03:22:59] [SEVERE ] player 4 placing token on slot 3
[2022-12-13 03:22:59] [SEVERE ] removing player 4 token from slot 1
[2022-12-13 03:22:59] [SEVERE ] removing player 4 token from slot 3
[2022-12-13 03:22:59] [SEVERE ] removing player 4 token from slot 7
[2022-12-13 03:22:59] [SEVERE ] player 2 placing token on slot 4
[2022-12-13 03:22:59] [SEVERE ] removing player 2 token from slot 4
[2022-12-13 03:22:59] [SEVERE ] removing player 2 token from slot 5
[2022-12-13 03:22:59] [SEVERE ] removing player 2 token from slot 9
[2022-12-13 03:22:59] [SEVERE ] player 5 placing token on slot 4
[2022-12-13 03:22:59] [SEVERE ] player 4 placing token on slot 0
[2022-12-13 03:22:59] [SEVERE ] player 2 placing token on slot 0
[2022-12-13 03:22:59] [SEVERE ] player 3 placing token on slot 5
[2022-12-13 03:22:59] [SEVERE ] removing player 3 token from slot 3
[2022-12-13 03:22:59] [SEVERE ] removing player 3 token from slot 5
[2022-12-13 03:22:59] [SEVERE ] removing player 3 token from slot 9
[2022-12-13 03:22:59] [SEVERE ] player 4 placing token on slot 2
[2022-12-13 03:22:59] [SEVERE ] player 5 placing token on slot 5
[2022-12-13 03:22:59] [SEVERE ] removing player 5 token from slot 2
[2022-12-13 03:22:59] [SEVERE ] removing player 5 token from slot 4
[2022-12-13 03:22:59] [SEVERE ] removing player 5 token from slot 5
[2022-12-13 03:22:59] [SEVERE ] player 2 placing token on slot 5
[2022-12-13 03:23:00] [SEVERE ] player 4 placing token on slot 10
[2022-12-13 03:23:00] [SEVERE ] removing player 4 token from slot 0
[2022-12-13 03:23:00] [SEVERE ] removing player 4 token from slot 2
[2022-12-13 03:23:00] [SEVERE ] removing player 4 token from slot 10
[2022-12-13 03:23:00] [SEVERE ] player 3 placing token on slot 0
[2022-12-13 03:23:00] [SEVERE ] player 5 placing token on slot 8
[2022-12-13 03:23:00] [SEVERE ] player 2 placing token on slot 9
[2022-12-13 03:23:00] [SEVERE ] removing player 2 token from slot 0
[2022-12-13 03:23:00] [SEVERE ] removing player 2 token from slot 5
[2022-12-13 03:23:00] [SEVERE ] removing player 2 token from slot 9
[2022-12-13 03:23:00] [SEVERE ] player 4 placing token on slot 6
[2022-12-13 03:23:00] [SEVERE ] player 3 placing token on slot 6
[2022-12-13 03:23:00] [SEVERE ] player 5 placing token on slot 7
[2022-12-13 03:23:00] [SEVERE ] player 2 placing token on slot 2
[2022-12-13 03:23:00] [SEVERE ] player 3 placing token on slot 7
[2022-12-13 03:23:00] [SEVERE ] removing player 3 token from slot 0
[2022-12-13 03:23:00] [SEVERE ] removing player 3 token from slot 6
[2022-12-13 03:23:00] [SEVERE ] removing player 3 token from slot 7
[2022-12-13 03:23:00] [SEVERE ] player 5 placing token on slot 2
[2022-12-13 03:23:00] [SEVERE ] removing player 5 token from slot 2
[2022-12-13 03:23:00] [SEVERE ] removing player 5 token from slot 7
[2022-12-13 03:23:00] [SEVERE ] removing player 5 token from slot 8
[2022-12-13 03:23:00] [SEVERE ] player 4 placing token on slot 10
[2022-12-13 03:23:00] [SEVERE ] player 2 placing token on slot 0
[2022-12-13 03:23:00] [SEVERE ] player 3 placing token on slot 7
[2022-12-13 03:23:00] [SEVERE ] player 5 placing token on slot 0
[2022-12-13 03:23:00] [SEVERE ] player 4 placing token on slot 4
[2022-12-13 03:23:00] [SEVERE ] removing player 4 token from slot 4
[2022-12-13 03:23:00] [SEVERE ] removing player 4 token from slot 6
[2022-12-13 03:23:00] [SEVERE ] removing player 4 token from slot 10
[2022-12-13 03:23:00] [SEVERE ] player 2 placing token on slot 8
[2022-12-13 03:23:00] [SEVERE ] removing player 2 token from slot 0
[2022-12-13 03:23:00] [SEVERE ] removing player 2 token from slot 2
[2022-12-13 03:23:00] [SEVERE ] removing player 2 token from slot 8
[2022-12-13 03:23:00] [SEVERE ] player 3 placing token on slot 0
[2022-12-13 03:23:00] [SEVERE ] player 4 placing token on slot 5
[2022-12-13 03:23:00] [SEVERE ] player 5 placing token on slot 4
[2022-12-13 03:23:00] [SEVERE ] player 3 placing token on slot 10
[2022-12-13 03:23:00] [SEVERE ] removing player 3 token from slot 0
[2022-12-13 03:23:00] [SEVERE ] removing player 3 token from slot 7
[2022-12-13 03:23:00] [SEVERE ] removing player 3 token from slot 10
[2022-12-13 03:23:00] [SEVERE ] player 4 placing token on slot 7
[2022-12-13 03:23:00] [SEVERE ] player 2 placing token on slot 2
[2022-12-13 03:23:00] [SEVERE ] player 5 placing token on slot 9
[2022-12-13 03:23:00] [SEVERE ] removing player 5 token from slot 0
[2022-12-13 03:23:00] [SEVERE ] removing player 5 token from slot 4
[2022-12-13 03:23:00] [SEVERE ] removing player 5 token from slot 9
[2022-12-13 03:23:00] [SEVERE ] player 3 placing token on slot 4
[2022-12-13 03:23:00] [SEVERE ] player 4 placing token on slot 6
[2022-12-13 03:23:00] [SEVERE ] removing player 4 token from slot 5
[2022-12-13 03:23:00] [SEVERE ] removing player 4 token from slot 6
[2022-12-13 03:23:00] [SEVERE ] removing player 4 token from slot 7
[2022-12-13 03:23:00] [SEVERE ] player 2 placing token on slot 10
[2022-12-13 03:23:00] [SEVERE ] player 4 placing token on slot 7
[2022-12-13 03:23:00] [SEVERE ] player 5 placing token on slot 2
[2022-12-13 03:23:00] [SEVERE ] player 3 placing token on slot 10
[2022-12-13 03:23:00] [SEVERE ] player 2 placing token on slot 7
[2022-12-13 03:23:00] [SEVERE ] removing player 2 token from slot 2
[2022-12-13 03:23:00] [SEVERE ] removing player 2 token from slot 7
[2022-12-13 03:23:00] [SEVERE ] removing player 2 token from slot 10
[2022-12-13 03:23:00] [SEVERE ] player 5 placing token on slot 6
[2022-12-13 03:23:00] [SEVERE ] player 4 placing token on slot 3
[2022-12-13 03:23:00] [SEVERE ] player 3 placing token on slot 2
[2022-12-13 03:23:00] [SEVERE ] removing player 3 token from slot 2
[2022-12-13 03:23:00] [SEVERE ] removing player 3 token from slot 4
[2022-12-13 03:23:00] [SEVERE ] removing player 3 token from slot 10
[2022-12-13 03:23:00] [SEVERE ] player 5 placing token on slot 8
[2022-12-13 03:23:00] [SEVERE ] player 4 placing token on slot 6
[2022-12-13 03:23:00] [SEVERE ] player 2 placing token on slot 0
[2022-12-13 03:23:00] [SEVERE ] player 3 placing token on slot 9
[2022-12-13 03:23:00] [SEVERE ] player 2 placing token on slot 10
[2022-12-13 03:23:00] [SEVERE ] player 3 placing token on slot 8
[2022-12-13 03:23:00] [SEVERE ] player 2 placing token on slot 6
[2022-12-13 03:23:00] [SEVERE ] player 3 placing token on slot 4
[2022-12-13 03:23:00] [SEVERE ] removing tokens from slot 2
[2022-12-13 03:23:00] [SEVERE ] removing card from slot 2
[2022-12-13 03:23:00] [SEVERE ] removing tokens from slot 6
[2022-12-13 03:23:00] [SEVERE ] removing card from slot 6
[2022-12-13 03:23:00] [SEVERE ] removing tokens from slot 8
[2022-12-13 03:23:00] [SEVERE ] removing card from slot 8
[2022-12-13 03:23:00] [SEVERE ] placing card 27 in slot 2
[2022-12-13 03:23:00] [SEVERE ] placing card 8 in slot 6
[2022-12-13 03:23:00] [SEVERE ] placing card 5 in slot 8
[2022-12-13 03:23:00] [SEVERE ] setting player 5 score to 2
[2022-12-13 03:23:00] [SEVERE ] player 4 placing token on slot 2
[2022-12-13 03:23:00] [SEVERE ] removing player 4 token from slot 2
[2022-12-13 03:23:00] [SEVERE ] removing player 4 token from slot 3
[2022-12-13 03:23:00] [SEVERE ] removing player 4 token from slot 7
[2022-12-13 03:23:00] [SEVERE ] player 3 placing token on slot 7
[2022-12-13 03:23:00] [SEVERE ] removing player 3 token from slot 4
[2022-12-13 03:23:00] [SEVERE ] removing player 3 token from slot 7
[2022-12-13 03:23:00] [SEVERE ] removing player 3 token from slot 9
[2022-12-13 03:23:00] [SEVERE ] player 5 placing token on slot 5
[2022-12-13 03:23:00] [SEVERE ] player 4 placing token on slot 11
[2022-12-13 03:23:00] [SEVERE ] player 3 placing token on slot 6
[2022-12-13 03:23:00] [SEVERE ] player 5 placing token on slot 11
[2022-12-13 03:23:00] [SEVERE ] player 4 placing token on slot 6
[2022-12-13 03:23:00] [SEVERE ] player 3 placing token on slot 8
[2022-12-13 03:23:00] [SEVERE ] player 5 placing token on slot 3
[2022-12-13 03:23:00] [SEVERE ] removing player 5 token from slot 3
[2022-12-13 03:23:00] [SEVERE ] removing player 5 token from slot 5
[2022-12-13 03:23:00] [SEVERE ] removing player 5 token from slot 11
[2022-12-13 03:23:00] [SEVERE ] player 4 placing token on slot 3
[2022-12-13 03:23:00] [SEVERE ] removing player 4 token from slot 3
[2022-12-13 03:23:00] [SEVERE ] removing player 4 token from slot 6
[2022-12-13 03:23:00] [SEVERE ] removing player 4 token from slot 11
[2022-12-13 03:23:00] [SEVERE ] player 5 placing token on slot 5
[2022-12-13 03:23:00] [SEVERE ] player 4 placing token on slot 1
[2022-12-13 03:23:00] [SEVERE ] player 3 placing token on slot 4
[2022-12-13 03:23:00] [SEVERE ] removing player 3 token from slot 4
[2022-12-13 03:23:00] [SEVERE ] removing player 3 token from slot 6
[2022-12-13 03:23:00] [SEVERE ] removing player 3 token from slot 8
[2022-12-13 03:23:00] [SEVERE ] player 5 placing token on slot 10
[2022-12-13 03:23:01] [SEVERE ] player 3 placing token on slot 4
[2022-12-13 03:23:01] [SEVERE ] player 4 placing token on slot 3
[2022-12-13 03:23:01] [SEVERE ] player 3 placing token on slot 9
[2022-12-13 03:23:01] [SEVERE ] player 5 placing token on slot 0
[2022-12-13 03:23:01] [SEVERE ] removing player 5 token from slot 0
[2022-12-13 03:23:01] [SEVERE ] removing player 5 token from slot 5
[2022-12-13 03:23:01] [SEVERE ] removing player 5 token from slot 10
[2022-12-13 03:23:01] [SEVERE ] player 4 placing token on slot 0
[2022-12-13 03:23:01] [SEVERE ] removing player 4 token from slot 0
[2022-12-13 03:23:01] [SEVERE ] removing player 4 token from slot 1
[2022-12-13 03:23:01] [SEVERE ] removing player 4 token from slot 3
[2022-12-13 03:23:01] [SEVERE ] player 5 placing token on slot 10
[2022-12-13 03:23:01] [SEVERE ] player 3 placing token on slot 10
[2022-12-13 03:23:01] [SEVERE ] removing player 3 token from slot 4
[2022-12-13 03:23:01] [SEVERE ] removing player 3 token from slot 9
[2022-12-13 03:23:01] [SEVERE ] removing player 3 token from slot 10
[2022-12-13 03:23:01] [SEVERE ] player 4 placing token on slot 10
[2022-12-13 03:23:01] [SEVERE ] player 3 placing token on slot 8
[2022-12-13 03:23:01] [SEVERE ] player 5 placing token on slot 8
[2022-12-13 03:23:01] [SEVERE ] player 4 placing token on slot 1
[2022-12-13 03:23:01] [SEVERE ] player 3 placing token on slot 10
[2022-12-13 03:23:01] [SEVERE ] player 5 placing token on slot 9
[2022-12-13 03:23:01] [SEVERE ] removing player 5 token from slot 8
[2022-12-13 03:23:01] [SEVERE ] removing player 5 token from slot 9
[2022-12-13 03:23:01] [SEVERE ] removing player 5 token from slot 10
[2022-12-13 03:23:01] [SEVERE ] player 5 placing token on slot 5
[2022-12-13 03:23:01] [SEVERE ] player 4 placing token on slot 5
[2022-12-13 03:23:01] [SEVERE ] removing player 4 token from slot 1
[2022-12-13 03:23:01] [SEVERE ] removing player 4 token from slot 5
[2022-12-13 03:23:01] [SEVERE ] removing player 4 token from slot 10
[2022-12-13 03:23:01] [SEVERE ] player 3 placing token on slot 6
[2022-12-13 03:23:01] [SEVERE ] removing player 3 token from slot 6
[2022-12-13 03:23:01] [SEVERE ] removing player 3 token from slot 8
[2022-12-13 03:23:01] [SEVERE ] removing player 3 token from slot 10
[2022-12-13 03:23:01] [SEVERE ] player 4 placing token on slot 8
[2022-12-13 03:23:01] [SEVERE ] player 5 placing token on slot 0
[2022-12-13 03:23:01] [SEVERE ] player 3 placing token on slot 4
[2022-12-13 03:23:01] [SEVERE ] player 4 placing token on slot 7
[2022-12-13 03:23:01] [SEVERE ] player 3 placing token on slot 6
[2022-12-13 03:23:01] [SEVERE ] player 5 placing token on slot 2
[2022-12-13 03:23:01] [SEVERE ] removing player 5 token from slot 0
[2022-12-13 03:23:01] [SEVERE ] removing player 5 token from slot 2
[2022-12-13 03:23:01] [SEVERE ] removing player 5 token from slot 5
[2022-12-13 03:23:01] [SEVERE ] player 4 placing token on slot 1
[2022-12-13 03:23:01] [SEVERE ] removing player 4 token from slot 1
[2022-12-13 03:23:01] [SEVERE ] removing player 4 token from slot 7
[2022-12-13 03:23:01] [SEVERE ] removing player 4 token from slot 8
[2022-12-13 03:23:01] [SEVERE ] player 3 placing token on slot 1
[2022-12-13 03:23:01] [SEVERE ] removing player 3 token from slot 1
[2022-12-13 03:23:01] [SEVERE ] removing player 3 token from slot 4
[2022-12-13 03:23:01] [SEVERE ] removing player 3 token from slot 6
[2022-12-13 03:23:01] [SEVERE ] player 5 placing token on slot 2
[2022-12-13 03:23:01] [SEVERE ] player 3 placing token on slot 9
[2022-12-13 03:23:01] [SEVERE ] player 4 placing token on slot 1
[2022-12-13 03:23:01] [SEVERE ] player 5 placing token on slot 7
[2022-12-13 03:23:01] [SEVERE ] player 3 placing token on slot 7
[2022-12-13 03:23:01] [SEVERE ] player 4 placing token on slot 10
[2022-12-13 03:23:01] [SEVERE ] player 5 placing token on slot 3
[2022-12-13 03:23:01] [SEVERE ] removing player 5 token from slot 2
[2022-12-13 03:23:01] [SEVERE ] removing player 5 token from slot 3
[2022-12-13 03:23:01] [SEVERE ] removing player 5 token from slot 7
[2022-12-13 03:23:01] [SEVERE ] player 3 placing token on slot 11
[2022-12-13 03:23:01] [SEVERE ] removing player 3 token from slot 7
[2022-12-13 03:23:01] [SEVERE ] removing player 3 token from slot 9
[2022-12-13 03:23:01] [SEVERE ] removing player 3 token from slot 11
[2022-12-13 03:23:01] [SEVERE ] player 4 placing token on slot 3
[2022-12-13 03:23:01] [SEVERE ] removing player 4 token from slot 1
[2022-12-13 03:23:01] [SEVERE ] removing player 4 token from slot 3
[2022-12-13 03:23:01] [SEVERE ] removing player 4 token from slot 10
[2022-12-13 03:23:01] [SEVERE ] player 5 placing token on slot 10
[2022-12-13 03:23:01] [SEVERE ] player 3 placing token on slot 8
[2022-12-13 03:23:01] [SEVERE ] player 4 placing token on slot 10
[2022-12-13 03:23:01] [SEVERE ] player 5 placing token on slot 8
[2022-12-13 03:23:01] [SEVERE ] player 3 placing token on slot 5
[2022-12-13 03:23:01] [SEVERE ] player 4 placing token on slot 7
[2022-12-13 03:23:01] [SEVERE ] player 5 placing token on slot 11
[2022-12-13 03:23:01] [SEVERE ] player 3 placing token on slot 7
[2022-12-13 03:23:01] [SEVERE ] removing player 5 token from slot 8
[2022-12-13 03:23:01] [SEVERE ] removing player 5 token from slot 10
[2022-12-13 03:23:01] [SEVERE ] removing player 5 token from slot 11
[2022-12-13 03:23:01] [SEVERE ] removing player 3 token from slot 5
[2022-12-13 03:23:01] [SEVERE ] removing player 3 token from slot 7
[2022-12-13 03:23:01] [SEVERE ] removing player 3 token from slot 8
[2022-12-13 03:23:01] [SEVERE ] player 4 placing token on slot 3
[2022-12-13 03:23:01] [SEVERE ] removing player 4 token from slot 3
[2022-12-13 03:23:01] [SEVERE ] removing player 4 token from slot 7
[2022-12-13 03:23:01] [SEVERE ] removing player 4 token from slot 10
[2022-12-13 03:23:01] [SEVERE ] player 5 placing token on slot 5
[2022-12-13 03:23:01] [SEVERE ] player 3 placing token on slot 0
[2022-12-13 03:23:01] [SEVERE ] player 4 placing token on slot 7
[2022-12-13 03:23:01] [SEVERE ] player 5 placing token on slot 1
[2022-12-13 03:23:01] [SEVERE ] player 3 placing token on slot 9
[2022-12-13 03:23:01] [SEVERE ] player 4 placing token on slot 6
[2022-12-13 03:23:01] [SEVERE ] player 5 placing token on slot 4
[2022-12-13 03:23:01] [SEVERE ] removing player 5 token from slot 1
[2022-12-13 03:23:01] [SEVERE ] removing player 5 token from slot 4
[2022-12-13 03:23:01] [SEVERE ] removing player 5 token from slot 5
[2022-12-13 03:23:01] [SEVERE ] player 4 placing token on slot 11
[2022-12-13 03:23:01] [SEVERE ] removing player 4 token from slot 6
[2022-12-13 03:23:01] [SEVERE ] removing player 4 token from slot 7
[2022-12-13 03:23:01] [SEVERE ] removing player 4 token from slot 11
[2022-12-13 03:23:01] [SEVERE ] player 3 placing token on slot 7
[2022-12-13 03:23:01] [SEVERE ] removing player 3 token from slot 0
[2022-12-13 03:23:01] [SEVERE ] removing player 3 token from slot 7
[2022-12-13 03:23:01] [SEVERE ] removing player 3 token from slot 9
[2022-12-13 03:23:01] [SEVERE ] player 5 placing token on slot 1
[2022-12-13 03:23:01] [SEVERE ] player 4 placing token on slot 5
[2022-12-13 03:23:01] [SEVERE ] player 3 placing token on slot 1
[2022-12-13 03:23:01] [SEVERE ] player 5 placing token on slot 7
[2022-12-13 03:23:01] [SEVERE ] player 4 placing token on slot 9
[2022-12-13 03:23:01] [SEVERE ] player 3 placing token on slot 9
[2022-12-13 03:23:01] [SEVERE ] player 5 placing token on slot 10
[2022-12-13 03:23:01] [SEVERE ] removing player 5 token from slot 1
[2022-12-13 03:23:01] [SEVERE ] removing player 5 token from slot 7
[2022-12-13 03:23:01] [SEVERE ] removing player 5 token from slot 10
[2022-12-13 03:23:01] [SEVERE ] player 4 placing token on slot 10
[2022-12-13 03:23:01] [SEVERE ] removing player 4 token from slot 5
[2022-12-13 03:23:01] [SEVERE ] removing player 4 token from slot 9
[2022-12-13 03:23:01] [SEVERE ] removing player 4 token from slot 10
[2022-12-13 03:23:01] [SEVERE ] player 5 placing token on slot 4
[2022-12-13 03:23:01] [SEVERE ] player 3 placing token on slot 5
[2022-12-13 03:23:01] [SEVERE ] removing player 3 token from slot 1
[2022-12-13 03:23:01] [SEVERE ] removing player 3 token from slot 5
[2022-12-13 03:23:01] [SEVERE ] removing player 3 token from slot 9
[2022-12-13 03:23:01] [SEVERE ] player 4 placing token on slot 6
[2022-12-13 03:23:01] [SEVERE ] player 5 placing token on slot 6
[2022-12-13 03:23:01] [SEVERE ] player 3 placing token on slot 10
[2022-12-13 03:23:01] [SEVERE ] player 4 placing token on slot 4
[2022-12-13 03:23:01] [SEVERE ] player 5 placing token on slot 2
[2022-12-13 03:23:01] [SEVERE ] removing player 5 token from slot 2
[2022-12-13 03:23:01] [SEVERE ] removing player 5 token from slot 4
[2022-12-13 03:23:01] [SEVERE ] removing player 5 token from slot 6
[2022-12-13 03:23:01] [SEVERE ] player 3 placing token on slot 1
[2022-12-13 03:23:01] [SEVERE ] player 4 placing token on slot 3
[2022-12-13 03:23:01] [SEVERE ] removing player 4 token from slot 3
[2022-12-13 03:23:01] [SEVERE ] removing player 4 token from slot 4
[2022-12-13 03:23:01] [SEVERE ] removing player 4 token from slot 6
[2022-12-13 03:23:01] [SEVERE ] player 3 placing token on slot 3
[2022-12-13 03:23:01] [SEVERE ] removing player 3 token from slot 1
[2022-12-13 03:23:01] [SEVERE ] removing player 3 token from slot 3
[2022-12-13 03:23:01] [SEVERE ] removing player 3 token from slot 10
[2022-12-13 03:23:01] [SEVERE ] player 5 placing token on slot 10
[2022-12-13 03:23:01] [SEVERE ] player 4 placing token on slot 11
[2022-12-13 03:23:01] [SEVERE ] player 3 placing token on slot 9
[2022-12-13 03:23:01] [SEVERE ] player 5 placing token on slot 11
[2022-12-13 03:23:01] [SEVERE ] player 5 placing token on slot 9
[2022-12-13 03:23:01] [SEVERE ] removing player 5 token from slot 9
[2022-12-13 03:23:01] [SEVERE ] removing player 5 token from slot 10
[2022-12-13 03:23:01] [SEVERE ] removing player 5 token from slot 11
[2022-12-13 03:23:01] [SEVERE ] player 4 placing token on slot 1
[2022-12-13 03:23:01] [SEVERE ] player 3 placing token on slot 8
[2022-12-13 03:23:01] [SEVERE ] player 5 placing token on slot 5
[2022-12-13 03:23:01] [SEVERE ] player 4 placing token on slot 6
[2022-12-13 03:23:01] [SEVERE ] removing player 4 token from slot 1
[2022-12-13 03:23:01] [SEVERE ] removing player 4 token from slot 6
[2022-12-13 03:23:01] [SEVERE ] removing player 4 token from slot 11
[2022-12-13 03:23:01] [SEVERE ] player 3 placing token on slot 2
[2022-12-13 03:23:01] [SEVERE ] removing player 3 token from slot 2
[2022-12-13 03:23:01] [SEVERE ] removing player 3 token from slot 8
[2022-12-13 03:23:01] [SEVERE ] removing player 3 token from slot 9
[2022-12-13 03:23:01] [SEVERE ] player 5 placing token on slot 3
[2022-12-13 03:23:01] [SEVERE ] player 4 placing token on slot 6
[2022-12-13 03:23:01] [SEVERE ] player 5 placing token on slot 11
[2022-12-13 03:23:01] [SEVERE ] removing player 5 token from slot 3
[2022-12-13 03:23:01] [SEVERE ] removing player 5 token from slot 5
[2022-12-13 03:23:01] [SEVERE ] removing player 5 token from slot 11
[2022-12-13 03:23:01] [SEVERE ] player 3 placing token on slot 3
[2022-12-13 03:23:01] [SEVERE ] player 4 placing token on slot 10
[2022-12-13 03:23:01] [SEVERE ] player 5 placing token on slot 4
[2022-12-13 03:23:01] [SEVERE ] player 3 placing token on slot 10
[2022-12-13 03:23:01] [SEVERE ] player 4 placing token on slot 5
[2022-12-13 03:23:01] [SEVERE ] removing player 4 token from slot 5
[2022-12-13 03:23:01] [SEVERE ] removing player 4 token from slot 6
[2022-12-13 03:23:01] [SEVERE ] removing player 4 token from slot 10
[2022-12-13 03:23:01] [SEVERE ] player 3 placing token on slot 2
[2022-12-13 03:23:01] [SEVERE ] removing player 3 token from slot 2
[2022-12-13 03:23:01] [SEVERE ] removing player 3 token from slot 3
[2022-12-13 03:23:01] [SEVERE ] removing player 3 token from slot 10
[2022-12-13 03:23:01] [SEVERE ] player 5 placing token on slot 5
[2022-12-13 03:23:01] [SEVERE ] player 4 placing token on slot 10
[2022-12-13 03:23:01] [SEVERE ] player 3 placing token on slot 4
[2022-12-13 03:23:01] [SEVERE ] player 5 placing token on slot 6
[2022-12-13 03:23:01] [SEVERE ] removing player 5 token from slot 4
[2022-12-13 03:23:01] [SEVERE ] removing player 5 token from slot 5
[2022-12-13 03:23:01] [SEVERE ] removing player 5 token from slot 6
[2022-12-13 03:23:01] [SEVERE ] player 4 placing token on slot 6
[2022-12-13 03:23:01] [SEVERE ] player 3 placing token on slot 0
[2022-12-13 03:23:01] [SEVERE ] player 5 placing token on slot 10
[2022-12-13 03:23:01] [SEVERE ] player 4 placing token on slot 9
[2022-12-13 03:23:01] [SEVERE ] removing player 4 token from slot 6
[2022-12-13 03:23:01] [SEVERE ] removing player 4 token from slot 9
[2022-12-13 03:23:01] [SEVERE ] removing player 4 token from slot 10
[2022-12-13 03:23:01] [SEVERE ] player 3 placing token on slot 7
[2022-12-13 03:23:01] [SEVERE ] removing player 3 token from slot 0
[2022-12-13 03:23:01] [SEVERE ] removing player 3 token from slot 4
[2022-12-13 03:23:01] [SEVERE ] removing player 3 token from slot 7
[2022-12-13 03:23:01] [SEVERE ] player 5 placing token on slot 2
[2022-12-13 03:23:01] [SEVERE ] player 4 placing token on slot 7
[2022-12-13 03:23:02] [SEVERE ] player 5 placing token on slot 6
[2022-12-13 03:23:02] [SEVERE ] removing player 5 token from slot 2
[2022-12-13 03:23:02] [SEVERE ] removing player 5 token from slot 6
[2022-12-13 03:23:02] [SEVERE ] removing player 5 token from slot 10
[2022-12-13 03:23:02] [SEVERE ] player 3 placing token on slot 0
[2022-12-13 03:23:02] [SEVERE ] player 4 placing token on slot 1
[2022-12-13 03:23:02] [SEVERE ] player 3 placing token on slot 3
[2022-12-13 03:23:02] [SEVERE ] player 5 placing token on slot 10
[2022-12-13 03:23:02] [SEVERE ] player 4 placing token on slot 2
[2022-12-13 03:23:02] [SEVERE ] removing player 4 token from slot 1
[2022-12-13 03:23:02] [SEVERE ] removing player 4 token from slot 2
[2022-12-13 03:23:02] [SEVERE ] removing player 4 token from slot 7
[2022-12-13 03:23:02] [SEVERE ] player 3 placing token on slot 7
[2022-12-13 03:23:02] [SEVERE ] removing player 3 token from slot 0
[2022-12-13 03:23:02] [SEVERE ] removing player 3 token from slot 3
[2022-12-13 03:23:02] [SEVERE ] removing player 3 token from slot 7
[2022-12-13 03:23:02] [SEVERE ] player 4 placing token on slot 5
[2022-12-13 03:23:02] [SEVERE ] player 5 placing token on slot 11
[2022-12-13 03:23:02] [SEVERE ] player 3 placing token on slot 5
[2022-12-13 03:23:02] [SEVERE ] player 5 placing token on slot 8
[2022-12-13 03:23:02] [SEVERE ] removing player 5 token from slot 8
[2022-12-13 03:23:02] [SEVERE ] removing player 5 token from slot 10
[2022-12-13 03:23:02] [SEVERE ] removing player 5 token from slot 11
[2022-12-13 03:23:02] [SEVERE ] player 4 placing token on slot 1
[2022-12-13 03:23:02] [SEVERE ] player 3 placing token on slot 11
[2022-12-13 03:23:02] [SEVERE ] player 5 placing token on slot 5
[2022-12-13 03:23:02] [SEVERE ] player 4 placing token on slot 11
[2022-12-13 03:23:02] [SEVERE ] removing player 4 token from slot 1
[2022-12-13 03:23:02] [SEVERE ] removing player 4 token from slot 5
[2022-12-13 03:23:02] [SEVERE ] removing player 4 token from slot 11
[2022-12-13 03:23:02] [SEVERE ] player 3 placing token on slot 8
[2022-12-13 03:23:02] [SEVERE ] removing player 3 token from slot 5
[2022-12-13 03:23:02] [SEVERE ] removing player 3 token from slot 8
[2022-12-13 03:23:02] [SEVERE ] removing player 3 token from slot 11
[2022-12-13 03:23:02] [SEVERE ] player 5 placing token on slot 6
[2022-12-13 03:23:02] [SEVERE ] player 4 placing token on slot 11
[2022-12-13 03:23:02] [SEVERE ] player 3 placing token on slot 8
[2022-12-13 03:23:02] [SEVERE ] player 5 placing token on slot 3
[2022-12-13 03:23:02] [SEVERE ] removing player 5 token from slot 3
[2022-12-13 03:23:02] [SEVERE ] removing player 5 token from slot 5
[2022-12-13 03:23:02] [SEVERE ] removing player 5 token from slot 6
[2022-12-13 03:23:02] [SEVERE ] player 4 placing token on slot 8
[2022-12-13 03:23:02] [SEVERE ] player 3 placing token on slot 4
[2022-12-13 03:23:02] [SEVERE ] player 4 placing token on slot 2
[2022-12-13 03:23:02] [SEVERE ] removing player 4 token from slot 2
[2022-12-13 03:23:02] [SEVERE ] removing player 4 token from slot 8
[2022-12-13 03:23:02] [SEVERE ] removing player 4 token from slot 11
[2022-12-13 03:23:02] [SEVERE ] player 5 placing token on slot 1
[2022-12-13 03:23:02] [SEVERE ] player 3 placing token on slot 2
[2022-12-13 03:23:02] [SEVERE ] removing player 3 token from slot 2
[2022-12-13 03:23:02] [SEVERE ] removing player 3 token from slot 4
[2022-12-13 03:23:02] [SEVERE ] removing player 3 token from slot 8
[2022-12-13 03:23:02] [SEVERE ] player 4 placing token on slot 9
[2022-12-13 03:23:02] [SEVERE ] player 5 placing token on slot 3
[2022-12-13 03:23:02] [SEVERE ] player 3 placing token on slot 3
[2022-12-13 03:23:02] [SEVERE ] player 5 placing token on slot 11
[2022-12-13 03:23:02] [SEVERE ] removing player 5 token from slot 1
[2022-12-13 03:23:02] [SEVERE ] removing player 5 token from slot 3
[2022-12-13 03:23:02] [SEVERE ] removing player 5 token from slot 11
[2022-12-13 03:23:02] [SEVERE ] player 4 placing token on slot 11
[2022-12-13 03:23:02] [SEVERE ] player 3 placing token on slot 8
[2022-12-13 03:23:02] [SEVERE ] player 5 placing token on slot 3
[2022-12-13 03:23:02] [SEVERE ] player 4 placing token on slot 8
[2022-12-13 03:23:02] [SEVERE ] removing player 4 token from slot 8
[2022-12-13 03:23:02] [SEVERE ] removing player 4 token from slot 9
[2022-12-13 03:23:02] [SEVERE ] removing player 4 token from slot 11
[2022-12-13 03:23:02] [SEVERE ] player 5 placing token on slot 11
[2022-12-13 03:23:02] [SEVERE ] player 3 placing token on slot 5
[2022-12-13 03:23:02] [SEVERE ] removing player 3 token from slot 3
[2022-12-13 03:23:02] [SEVERE ] removing player 3 token from slot 5
[2022-12-13 03:23:02] [SEVERE ] removing player 3 token from slot 8
[2022-12-13 03:23:02] [SEVERE ] player 4 placing token on slot 6
[2022-12-13 03:23:02] [SEVERE ] player 5 placing token on slot 7
[2022-12-13 03:23:02] [SEVERE ] removing player 5 token from slot 3
[2022-12-13 03:23:02] [SEVERE ] removing player 5 token from slot 7
[2022-12-13 03:23:02] [SEVERE ] removing player 5 token from slot 11
[2022-12-13 03:23:02] [SEVERE ] player 3 placing token on slot 3
[2022-12-13 03:23:02] [SEVERE ] player 4 placing token on slot 7
[2022-12-13 03:23:02] [SEVERE ] player 3 placing token on slot 4
[2022-12-13 03:23:02] [SEVERE ] player 5 placing token on slot 7
[2022-12-13 03:23:02] [SEVERE ] player 4 placing token on slot 4
[2022-12-13 03:23:02] [SEVERE ] removing player 4 token from slot 4
[2022-12-13 03:23:02] [SEVERE ] removing player 4 token from slot 6
[2022-12-13 03:23:02] [SEVERE ] removing player 4 token from slot 7
[2022-12-13 03:23:02] [SEVERE ] player 5 placing token on slot 4
[2022-12-13 03:23:02] [SEVERE ] player 3 placing token on slot 9
[2022-12-13 03:23:02] [SEVERE ] removing player 3 token from slot 3
[2022-12-13 03:23:02] [SEVERE ] removing player 3 token from slot 4
[2022-12-13 03:23:02] [SEVERE ] removing player 3 token from slot 9
[2022-12-13 03:23:02] [SEVERE ] player 4 placing token on slot 4
[2022-12-13 03:23:02] [SEVERE ] player 3 placing token on slot 2
[2022-12-13 03:23:02] [SEVERE ] player 5 placing token on slot 8
[2022-12-13 03:23:02] [SEVERE ] removing player 5 token from slot 4
[2022-12-13 03:23:02] [SEVERE ] removing player 5 token from slot 7
[2022-12-13 03:23:02] [SEVERE ] removing player 5 token from slot 8
[2022-12-13 03:23:02] [SEVERE ] player 4 placing token on slot 0
[2022-12-13 03:23:02] [SEVERE ] player 3 placing token on slot 7
[2022-12-13 03:23:02] [SEVERE ] player 5 placing token on slot 10
[2022-12-13 03:23:02] [SEVERE ] player 4 placing token on slot 7
[2022-12-13 03:23:02] [SEVERE ] removing player 4 token from slot 0
[2022-12-13 03:23:02] [SEVERE ] removing player 4 token from slot 4
[2022-12-13 03:23:02] [SEVERE ] removing player 4 token from slot 7
[2022-12-13 03:23:02] [SEVERE ] player 4 placing token on slot 8
[2022-12-13 03:23:02] [SEVERE ] player 3 placing token on slot 6
[2022-12-13 03:23:02] [SEVERE ] removing player 3 token from slot 2
[2022-12-13 03:23:02] [SEVERE ] removing player 3 token from slot 6
[2022-12-13 03:23:02] [SEVERE ] removing player 3 token from slot 7
[2022-12-13 03:23:02] [SEVERE ] player 5 placing token on slot 11
[2022-12-13 03:23:02] [SEVERE ] player 4 placing token on slot 11
[2022-12-13 03:23:02] [SEVERE ] player 3 placing token on slot 11
[2022-12-13 03:23:02] [SEVERE ] player 4 placing token on slot 5
[2022-12-13 03:23:02] [SEVERE ] removing player 4 token from slot 5
[2022-12-13 03:23:02] [SEVERE ] removing player 4 token from slot 8
[2022-12-13 03:23:02] [SEVERE ] removing player 4 token from slot 11
[2022-12-13 03:23:02] [SEVERE ] player 5 placing token on slot 6
[2022-12-13 03:23:02] [SEVERE ] removing player 5 token from slot 6
[2022-12-13 03:23:02] [SEVERE ] removing player 5 token from slot 10
[2022-12-13 03:23:02] [SEVERE ] removing player 5 token from slot 11
[2022-12-13 03:23:02] [SEVERE ] player 3 placing token on slot 6
[2022-12-13 03:23:02] [SEVERE ] player 5 placing token on slot 0
[2022-12-13 03:23:02] [SEVERE ] player 4 placing token on slot 5
[2022-12-13 03:23:02] [SEVERE ] player 3 placing token on slot 3
[2022-12-13 03:23:02] [SEVERE ] removing player 3 token from slot 3
[2022-12-13 03:23:02] [SEVERE ] removing player 3 token from slot 6
[2022-12-13 03:23:02] [SEVERE ] removing player 3 token from slot 11
[2022-12-13 03:23:02] [SEVERE ] player 4 placing token on slot 8
[2022-12-13 03:23:02] [SEVERE ] player 5 placing token on slot 3
[2022-12-13 03:23:02] [SEVERE ] player 3 placing token on slot 1
[2022-12-13 03:23:02] [SEVERE ] player 4 placing token on slot 0
[2022-12-13 03:23:02] [SEVERE ] removing player 4 token from slot 0
[2022-12-13 03:23:02] [SEVERE ] removing player 4 token from slot 5
[2022-12-13 03:23:02] [SEVERE ] removing player 4 token from slot 8
[2022-12-13 03:23:02] [SEVERE ] player 5 placing token on slot 7
[2022-12-13 03:23:02] [SEVERE ] removing player 5 token from slot 0
[2022-12-13 03:23:02] [SEVERE ] removing player 5 token from slot 3
[2022-12-13 03:23:02] [SEVERE ] removing player 5 token from slot 7
[2022-12-13 03:23:02] [SEVERE ] player 4 placing token on slot 3
[2022-12-13 03:23:02] [SEVERE ] player 3 placing token on slot 8
[2022-12-13 03:23:02] [SEVERE ] player 5 placing token on slot 2
[2022-12-13 03:23:02] [SEVERE ] player 4 placing token on slot 6
[2022-12-13 03:23:02] [SEVERE ] player 3 placing token on slot 2
[2022-12-13 03:23:02] [SEVERE ] removing player 3 token from slot 1
[2022-12-13 03:23:02] [SEVERE ] removing player 3 token from slot 2
[2022-12-13 03:23:02] [SEVERE ] removing player 3 token from slot 8
[2022-12-13 03:23:02] [SEVERE ] player 5 placing token on slot 0
[2022-12-13 03:23:02] [SEVERE ] player 4 placing token on slot 9
[2022-12-13 03:23:02] [SEVERE ] removing player 4 token from slot 3
[2022-12-13 03:23:02] [SEVERE ] removing player 4 token from slot 6
[2022-12-13 03:23:02] [SEVERE ] removing player 4 token from slot 9
[2022-12-13 03:23:02] [SEVERE ] player 3 placing token on slot 11
[2022-12-13 03:23:02] [SEVERE ] player 5 placing token on slot 9
[2022-12-13 03:23:02] [SEVERE ] removing player 5 token from slot 0
[2022-12-13 03:23:02] [SEVERE ] removing player 5 token from slot 2
[2022-12-13 03:23:02] [SEVERE ] removing player 5 token from slot 9
[2022-12-13 03:23:02] [SEVERE ] player 4 placing token on slot 9
[2022-12-13 03:23:02] [SEVERE ] player 3 placing token on slot 10
[2022-12-13 03:23:02] [SEVERE ] player 5 placing token on slot 1
[2022-12-13 03:23:02] [SEVERE ] player 4 placing token on slot 0
[2022-12-13 03:23:02] [SEVERE ] player 3 placing token on slot 5
[2022-12-13 03:23:02] [SEVERE ] removing player 3 token from slot 5
[2022-12-13 03:23:02] [SEVERE ] removing player 3 token from slot 10
[2022-12-13 03:23:02] [SEVERE ] removing player 3 token from slot 11
[2022-12-13 03:23:02] [SEVERE ] player 5 placing token on slot 9
[2022-12-13 03:23:02] [SEVERE ] player 3 placing token on slot 11
[2022-12-13 03:23:02] [SEVERE ] player 4 placing token on slot 4
[2022-12-13 03:23:02] [SEVERE ] removing player 4 token from slot 0
[2022-12-13 03:23:02] [SEVERE ] removing player 4 token from slot 4
[2022-12-13 03:23:02] [SEVERE ] removing player 4 token from slot 9
[2022-12-13 03:23:02] [SEVERE ] player 3 placing token on slot 5
[2022-12-13 03:23:02] [SEVERE ] player 4 placing token on slot 5
[2022-12-13 03:23:02] [SEVERE ] player 5 placing token on slot 10
[2022-12-13 03:23:02] [SEVERE ] removing player 5 token from slot 1
[2022-12-13 03:23:02] [SEVERE ] removing player 5 token from slot 9
[2022-12-13 03:23:02] [SEVERE ] removing player 5 token from slot 10
[2022-12-13 03:23:02] [SEVERE ] player 4 placing token on slot 11
[2022-12-13 03:23:02] [SEVERE ] player 3 placing token on slot 0
[2022-12-13 03:23:02] [SEVERE ] removing player 3 token from slot 0
[2022-12-13 03:23:02] [SEVERE ] removing player 3 token from slot 5
[2022-12-13 03:23:02] [SEVERE ] removing player 3 token from slot 11
[2022-12-13 03:23:02] [SEVERE ] player 5 placing token on slot 0
[2022-12-13 03:23:02] [SEVERE ] player 5 placing token on slot 1
[2022-12-13 03:23:02] [SEVERE ] player 4 placing token on slot 4
[2022-12-13 03:23:02] [SEVERE ] removing player 4 token from slot 4
[2022-12-13 03:23:02] [SEVERE ] removing player 4 token from slot 5
[2022-12-13 03:23:02] [SEVERE ] removing player 4 token from slot 11
[2022-12-13 03:23:02] [SEVERE ] player 3 placing token on slot 2
[2022-12-13 03:23:02] [SEVERE ] player 5 placing token on slot 9
[2022-12-13 03:23:02] [SEVERE ] removing player 5 token from slot 0
[2022-12-13 03:23:02] [SEVERE ] removing player 5 token from slot 1
[2022-12-13 03:23:02] [SEVERE ] removing player 5 token from slot 9
[2022-12-13 03:23:02] [SEVERE ] player 3 placing token on slot 7
[2022-12-13 03:23:02] [SEVERE ] player 4 placing token on slot 10
[2022-12-13 03:23:02] [SEVERE ] player 5 placing token on slot 8
[2022-12-13 03:23:02] [SEVERE ] player 3 placing token on slot 4
[2022-12-13 03:23:02] [SEVERE ] removing player 3 token from slot 2
[2022-12-13 03:23:02] [SEVERE ] removing player 3 token from slot 4
[2022-12-13 03:23:02] [SEVERE ] removing player 3 token from slot 7
[2022-12-13 03:23:02] [SEVERE ] player 5 placing token on slot 7
[2022-12-13 03:23:02] [SEVERE ] player 4 placing token on slot 0
[2022-12-13 03:23:02] [SEVERE ] player 3 placing token on slot 11
[2022-12-13 03:23:02] [SEVERE ] player 4 placing token on slot 9
[2022-12-13 03:23:02] [SEVERE ] removing player 4 token from slot 0
[2022-12-13 03:23:02] [SEVERE ] removing player 4 token from slot 9
[2022-12-13 03:23:02] [SEVERE ] removing player 4 token from slot 10
[2022-12-13 03:23:02] [SEVERE ] player 5 placing token on slot 11
[2022-12-13 03:23:02] [SEVERE ] removing player 5 token from slot 7
[2022-12-13 03:23:02] [SEVERE ] removing player 5 token from slot 8
[2022-12-13 03:23:02] [SEVERE ] removing player 5 token from slot 11
[2022-12-13 03:23:03] [SEVERE ] player 3 placing token on slot 6
[2022-12-13 03:23:03] [SEVERE ] player 4 placing token on slot 10
[2022-12-13 03:23:03] [SEVERE ] player 5 placing token on slot 2
[2022-12-13 03:23:03] [SEVERE ] player 3 placing token on slot 1
[2022-12-13 03:23:03] [SEVERE ] removing player 3 token from slot 1
[2022-12-13 03:23:03] [SEVERE ] removing player 3 token from slot 6
[2022-12-13 03:23:03] [SEVERE ] removing player 3 token from slot 11
[2022-12-13 03:23:03] [SEVERE ] player 4 placing token on slot 6
[2022-12-13 03:23:03] [SEVERE ] player 5 placing token on slot 9
[2022-12-13 03:23:03] [SEVERE ] player 3 placing token on slot 2
[2022-12-13 03:23:03] [SEVERE ] player 5 placing token on slot 7
[2022-12-13 03:23:03] [SEVERE ] player 4 placing token on slot 1
[2022-12-13 03:23:03] [SEVERE ] removing player 5 token from slot 2
[2022-12-13 03:23:03] [SEVERE ] removing player 5 token from slot 7
[2022-12-13 03:23:03] [SEVERE ] removing player 5 token from slot 9
[2022-12-13 03:23:03] [SEVERE ] removing player 4 token from slot 1
[2022-12-13 03:23:03] [SEVERE ] removing player 4 token from slot 6
[2022-12-13 03:23:03] [SEVERE ] removing player 4 token from slot 10
[2022-12-13 03:23:03] [SEVERE ] player 3 placing token on slot 4
[2022-12-13 03:23:03] [SEVERE ] player 5 placing token on slot 9
[2022-12-13 03:23:03] [SEVERE ] player 3 placing token on slot 7
[2022-12-13 03:23:03] [SEVERE ] removing player 3 token from slot 2
[2022-12-13 03:23:03] [SEVERE ] removing player 3 token from slot 4
[2022-12-13 03:23:03] [SEVERE ] removing player 3 token from slot 7
[2022-12-13 03:23:03] [SEVERE ] player 4 placing token on slot 11
[2022-12-13 03:23:03] [SEVERE ] player 5 placing token on slot 2
[2022-12-13 03:23:03] [SEVERE ] player 4 placing token on slot 3
[2022-12-13 03:23:03] [SEVERE ] player 3 placing token on slot 3
[2022-12-13 03:23:03] [SEVERE ] player 5 placing token on slot 3
[2022-12-13 03:23:03] [SEVERE ] removing player 5 token from slot 2
[2022-12-13 03:23:03] [SEVERE ] removing player 5 token from slot 3
[2022-12-13 03:23:03] [SEVERE ] removing player 5 token from slot 9
[2022-12-13 03:23:03] [SEVERE ] player 4 placing token on slot 5
[2022-12-13 03:23:03] [SEVERE ] removing player 4 token from slot 3
[2022-12-13 03:23:03] [SEVERE ] removing player 4 token from slot 5
[2022-12-13 03:23:03] [SEVERE ] removing player 4 token from slot 11
[2022-12-13 03:23:03] [SEVERE ] player 3 placing token on slot 1
[2022-12-13 03:23:03] [SEVERE ] player 5 placing token on slot 2
[2022-12-13 03:23:03] [SEVERE ] player 4 placing token on slot 6
[2022-12-13 03:23:03] [SEVERE ] player 5 placing token on slot 9
[2022-12-13 03:23:03] [SEVERE ] player 3 placing token on slot 0
[2022-12-13 03:23:03] [SEVERE ] removing player 3 token from slot 0
[2022-12-13 03:23:03] [SEVERE ] removing player 3 token from slot 1
[2022-12-13 03:23:03] [SEVERE ] removing player 3 token from slot 3
[2022-12-13 03:23:03] [SEVERE ] player 4 placing token on slot 1
[2022-12-13 03:23:03] [SEVERE ] player 3 placing token on slot 8
[2022-12-13 03:23:03] [SEVERE ] player 5 placing token on slot 4
[2022-12-13 03:23:03] [SEVERE ] removing player 5 token from slot 2
[2022-12-13 03:23:03] [SEVERE ] removing player 5 token from slot 4
[2022-12-13 03:23:03] [SEVERE ] removing player 5 token from slot 9
[2022-12-13 03:23:03] [SEVERE ] player 4 placing token on slot 9
[2022-12-13 03:23:03] [SEVERE ] removing player 4 token from slot 1
[2022-12-13 03:23:03] [SEVERE ] removing player 4 token from slot 6
[2022-12-13 03:23:03] [SEVERE ] removing player 4 token from slot 9
[2022-12-13 03:23:03] [SEVERE ] player 3 placing token on slot 10
[2022-12-13 03:23:03] [SEVERE ] player 5 placing token on slot 10
[2022-12-13 03:23:03] [SEVERE ] player 5 placing token on slot 3
[2022-12-13 03:23:03] [SEVERE ] player 4 placing token on slot 10
[2022-12-13 03:23:03] [SEVERE ] player 3 placing token on slot 11
[2022-12-13 03:23:03] [SEVERE ] removing player 3 token from slot 8
[2022-12-13 03:23:03] [SEVERE ] removing player 3 token from slot 10
[2022-12-13 03:23:03] [SEVERE ] removing player 3 token from slot 11
[2022-12-13 03:23:03] [SEVERE ] player 5 placing token on slot 2
[2022-12-13 03:23:03] [SEVERE ] removing player 5 token from slot 2
[2022-12-13 03:23:03] [SEVERE ] removing player 5 token from slot 3
[2022-12-13 03:23:03] [SEVERE ] removing player 5 token from slot 10
[2022-12-13 03:23:03] [SEVERE ] player 4 placing token on slot 9
[2022-12-13 03:23:03] [SEVERE ] player 3 placing token on slot 11
[2022-12-13 03:23:03] [SEVERE ] player 5 placing token on slot 3
[2022-12-13 03:23:03] [SEVERE ] player 3 placing token on slot 5
[2022-12-13 03:23:03] [SEVERE ] player 4 placing token on slot 1
[2022-12-13 03:23:03] [SEVERE ] removing player 4 token from slot 1
[2022-12-13 03:23:03] [SEVERE ] removing player 4 token from slot 9
[2022-12-13 03:23:03] [SEVERE ] removing player 4 token from slot 10
[2022-12-13 03:23:03] [SEVERE ] player 5 placing token on slot 0
[2022-12-13 03:23:03] [SEVERE ] player 3 placing token on slot 0
[2022-12-13 03:23:03] [SEVERE ] removing player 3 token from slot 0
[2022-12-13 03:23:03] [SEVERE ] removing player 3 token from slot 5
[2022-12-13 03:23:03] [SEVERE ] removing player 3 token from slot 11
[2022-12-13 03:23:03] [SEVERE ] player 5 placing token on slot 5
[2022-12-13 03:23:03] [SEVERE ] removing player 5 token from slot 0
[2022-12-13 03:23:03] [SEVERE ] removing player 5 token from slot 3
[2022-12-13 03:23:03] [SEVERE ] removing player 5 token from slot 5
[2022-12-13 03:23:03] [SEVERE ] player 4 placing token on slot 4
[2022-12-13 03:23:03] [SEVERE ] player 3 placing token on slot 7
[2022-12-13 03:23:03] [SEVERE ] player 4 placing token on slot 0
[2022-12-13 03:23:03] [SEVERE ] player 5 placing token on slot 5
[2022-12-13 03:23:03] [SEVERE ] player 4 placing token on slot 3
[2022-12-13 03:23:03] [SEVERE ] removing player 4 token from slot 0
[2022-12-13 03:23:03] [SEVERE ] removing player 4 token from slot 3
[2022-12-13 03:23:03] [SEVERE ] removing player 4 token from slot 4
[2022-12-13 03:23:03] [SEVERE ] player 3 placing token on slot 5
[2022-12-13 03:23:03] [SEVERE ] player 5 placing token on slot 2
[2022-12-13 03:23:03] [SEVERE ] player 4 placing token on slot 5
[2022-12-13 03:23:03] [SEVERE ] player 3 placing token on slot 3
[2022-12-13 03:23:03] [SEVERE ] removing player 3 token from slot 3
[2022-12-13 03:23:03] [SEVERE ] removing player 3 token from slot 5
[2022-12-13 03:23:03] [SEVERE ] removing player 3 token from slot 7
[2022-12-13 03:23:03] [SEVERE ] player 5 placing token on slot 8
[2022-12-13 03:23:03] [SEVERE ] removing player 5 token from slot 2
[2022-12-13 03:23:03] [SEVERE ] removing player 5 token from slot 5
[2022-12-13 03:23:03] [SEVERE ] removing player 5 token from slot 8
[2022-12-13 03:23:03] [SEVERE ] player 5 placing token on slot 6
[2022-12-13 03:23:03] [SEVERE ] player 4 placing token on slot 3
[2022-12-13 03:23:03] [SEVERE ] player 3 placing token on slot 11
[2022-12-13 03:23:03] [SEVERE ] player 4 placing token on slot 11
[2022-12-13 03:23:03] [SEVERE ] removing player 4 token from slot 3
[2022-12-13 03:23:03] [SEVERE ] removing player 4 token from slot 5
[2022-12-13 03:23:03] [SEVERE ] removing player 4 token from slot 11
[2022-12-13 03:23:03] [SEVERE ] player 5 placing token on slot 8
[2022-12-13 03:23:03] [SEVERE ] player 3 placing token on slot 3
[2022-12-13 03:23:03] [SEVERE ] player 4 placing token on slot 10
[2022-12-13 03:23:03] [SEVERE ] player 5 placing token on slot 5
[2022-12-13 03:23:03] [SEVERE ] removing player 5 token from slot 5
[2022-12-13 03:23:03] [SEVERE ] removing player 5 token from slot 6
[2022-12-13 03:23:03] [SEVERE ] removing player 5 token from slot 8
[2022-12-13 03:23:03] [SEVERE ] player 3 placing token on slot 6
[2022-12-13 03:23:03] [SEVERE ] removing player 3 token from slot 3
[2022-12-13 03:23:03] [SEVERE ] removing player 3 token from slot 6
[2022-12-13 03:23:03] [SEVERE ] removing player 3 token from slot 11
[2022-12-13 03:23:03] [SEVERE ] player 4 placing token on slot 6
[2022-12-13 03:23:03] [SEVERE ] player 5 placing token on slot 2
[2022-12-13 03:23:03] [SEVERE ] player 3 placing token on slot 9
[2022-12-13 03:23:03] [SEVERE ] player 4 placing token on slot 5
[2022-12-13 03:23:03] [SEVERE ] removing player 4 token from slot 5
[2022-12-13 03:23:03] [SEVERE ] removing player 4 token from slot 6
[2022-12-13 03:23:03] [SEVERE ] removing player 4 token from slot 10
[2022-12-13 03:23:03] [SEVERE ] player 5 placing token on slot 10
[2022-12-13 03:23:03] [SEVERE ] player 3 placing token on slot 5
[2022-12-13 03:23:03] [SEVERE ] player 4 placing token on slot 4
[2022-12-13 03:23:03] [SEVERE ] player 5 placing token on slot 8
[2022-12-13 03:23:03] [SEVERE ] removing player 5 token from slot 2
[2022-12-13 03:23:03] [SEVERE ] removing player 5 token from slot 8
[2022-12-13 03:23:03] [SEVERE ] removing player 5 token from slot 10
[2022-12-13 03:23:03] [SEVERE ] player 3 placing token on slot 11
[2022-12-13 03:23:03] [SEVERE ] removing player 3 token from slot 5
[2022-12-13 03:23:03] [SEVERE ] removing player 3 token from slot 9
[2022-12-13 03:23:03] [SEVERE ] removing player 3 token from slot 11
[2022-12-13 03:23:03] [SEVERE ] player 4 placing token on slot 2
[2022-12-13 03:23:03] [SEVERE ] player 5 placing token on slot 10
[2022-12-13 03:23:03] [SEVERE ] player 3 placing token on slot 7
[2022-12-13 03:23:03] [SEVERE ] player 4 placing token on slot 1
[2022-12-13 03:23:03] [SEVERE ] removing player 4 token from slot 1
[2022-12-13 03:23:03] [SEVERE ] removing player 4 token from slot 2
[2022-12-13 03:23:03] [SEVERE ] removing player 4 token from slot 4
[2022-12-13 03:23:03] [SEVERE ] player 5 placing token on slot 7
[2022-12-13 03:23:03] [SEVERE ] player 3 placing token on slot 2
[2022-12-13 03:23:03] [SEVERE ] player 4 placing token on slot 6
[2022-12-13 03:23:03] [SEVERE ] player 5 placing token on slot 0
[2022-12-13 03:23:03] [SEVERE ] removing player 5 token from slot 0
[2022-12-13 03:23:03] [SEVERE ] removing player 5 token from slot 7
[2022-12-13 03:23:03] [SEVERE ] removing player 5 token from slot 10
[2022-12-13 03:23:03] [SEVERE ] player 3 placing token on slot 4
[2022-12-13 03:23:03] [SEVERE ] removing player 3 token from slot 2
[2022-12-13 03:23:03] [SEVERE ] removing player 3 token from slot 4
[2022-12-13 03:23:03] [SEVERE ] removing player 3 token from slot 7
[2022-12-13 03:23:03] [SEVERE ] player 4 placing token on slot 11
[2022-12-13 03:23:03] [SEVERE ] player 3 placing token on slot 4
[2022-12-13 03:23:03] [SEVERE ] player 5 placing token on slot 9
[2022-12-13 03:23:03] [SEVERE ] player 4 placing token on slot 10
[2022-12-13 03:23:03] [SEVERE ] removing player 4 token from slot 6
[2022-12-13 03:23:03] [SEVERE ] removing player 4 token from slot 10
[2022-12-13 03:23:03] [SEVERE ] removing player 4 token from slot 11
[2022-12-13 03:23:03] [SEVERE ] player 3 placing token on slot 7
[2022-12-13 03:23:03] [SEVERE ] player 5 placing token on slot 6
[2022-12-13 03:23:03] [SEVERE ] player 4 placing token on slot 2
[2022-12-13 03:23:03] [SEVERE ] player 5 placing token on slot 8
[2022-12-13 03:23:03] [SEVERE ] removing player 5 token from slot 6
[2022-12-13 03:23:03] [SEVERE ] removing player 5 token from slot 8
[2022-12-13 03:23:03] [SEVERE ] removing player 5 token from slot 9
[2022-12-13 03:23:03] [SEVERE ] player 3 placing token on slot 0
[2022-12-13 03:23:03] [SEVERE ] removing player 3 token from slot 0
[2022-12-13 03:23:03] [SEVERE ] removing player 3 token from slot 4
[2022-12-13 03:23:03] [SEVERE ] removing player 3 token from slot 7
[2022-12-13 03:23:03] [SEVERE ] player 4 placing token on slot 9
[2022-12-13 03:23:03] [SEVERE ] player 5 placing token on slot 2
[2022-12-13 03:23:03] [SEVERE ] player 3 placing token on slot 3
[2022-12-13 03:23:03] [SEVERE ] player 3 placing token on slot 4
[2022-12-13 03:23:03] [SEVERE ] player 4 placing token on slot 10
[2022-12-13 03:23:03] [SEVERE ] removing player 4 token from slot 2
[2022-12-13 03:23:03] [SEVERE ] removing player 4 token from slot 9
[2022-12-13 03:23:03] [SEVERE ] removing player 4 token from slot 10
[2022-12-13 03:23:03] [SEVERE ] player 5 placing token on slot 4
[2022-12-13 03:23:03] [SEVERE ] player 3 placing token on slot 6
[2022-12-13 03:23:03] [SEVERE ] removing player 3 token from slot 3
[2022-12-13 03:23:03] [SEVERE ] removing player 3 token from slot 4
[2022-12-13 03:23:03] [SEVERE ] removing player 3 token from slot 6
[2022-12-13 03:23:03] [SEVERE ] player 5 placing token on slot 7
[2022-12-13 03:23:03] [SEVERE ] removing player 5 token from slot 2
[2022-12-13 03:23:03] [SEVERE ] removing player 5 token from slot 4
[2022-12-13 03:23:03] [SEVERE ] removing player 5 token from slot 7
[2022-12-13 03:23:03] [SEVERE ] player 4 placing token on slot 7
[2022-12-13 03:23:03] [SEVERE ] player 3 placing token on slot 7
[2022-12-13 03:23:03] [SEVERE ] player 5 placing token on slot 9
[2022-12-13 03:23:04] [SEVERE ] player 4 placing token on slot 3
[2022-12-13 03:23:04] [SEVERE ] player 3 placing token on slot 8
[2022-12-13 03:23:04] [SEVERE ] player 5 placing token on slot 10
[2022-12-13 03:23:04] [SEVERE ] player 4 placing token on slot 9
[2022-12-13 03:23:04] [SEVERE ] removing player 4 token from slot 3
[2022-12-13 03:23:04] [SEVERE ] removing player 4 token from slot 7
[2022-12-13 03:23:04] [SEVERE ] removing player 4 token from slot 9
[2022-12-13 03:23:04] [SEVERE ] player 3 placing token on slot 4
[2022-12-13 03:23:04] [SEVERE ] removing player 3 token from slot 4
[2022-12-13 03:23:04] [SEVERE ] removing player 3 token from slot 7
[2022-12-13 03:23:04] [SEVERE ] removing player 3 token from slot 8
[2022-12-13 03:23:04] [SEVERE ] player 5 placing token on slot 2
[2022-12-13 03:23:04] [SEVERE ] removing player 5 token from slot 2
[2022-12-13 03:23:04] [SEVERE ] removing player 5 token from slot 9
[2022-12-13 03:23:04] [SEVERE ] removing player 5 token from slot 10
[2022-12-13 03:23:04] [SEVERE ] player 4 placing token on slot 0
[2022-12-13 03:23:04] [SEVERE ] player 3 placing token on slot 1
[2022-12-13 03:23:04] [SEVERE ] player 5 placing token on slot 11
[2022-12-13 03:23:04] [SEVERE ] player 4 placing token on slot 8
[2022-12-13 03:23:04] [SEVERE ] player 3 placing token on slot 11
[2022-12-13 03:23:04] [SEVERE ] player 5 placing token on slot 4
[2022-12-13 03:23:04] [SEVERE ] player 4 placing token on slot 2
[2022-12-13 03:23:04] [SEVERE ] removing player 4 token from slot 0
[2022-12-13 03:23:04] [SEVERE ] removing player 4 token from slot 2
[2022-12-13 03:23:04] [SEVERE ] removing player 4 token from slot 8
[2022-12-13 03:23:04] [SEVERE ] player 5 placing token on slot 2
[2022-12-13 03:23:04] [SEVERE ] removing player 5 token from slot 2
[2022-12-13 03:23:04] [SEVERE ] removing player 5 token from slot 4
[2022-12-13 03:23:04] [SEVERE ] removing player 5 token from slot 11
[2022-12-13 03:23:04] [SEVERE ] player 3 placing token on slot 4
[2022-12-13 03:23:04] [SEVERE ] removing player 3 token from slot 1
[2022-12-13 03:23:04] [SEVERE ] removing player 3 token from slot 4
[2022-12-13 03:23:04] [SEVERE ] removing player 3 token from slot 11
[2022-12-13 03:23:04] [SEVERE ] player 4 placing token on slot 3
[2022-12-13 03:23:04] [SEVERE ] player 5 placing token on slot 3
[2022-12-13 03:23:04] [SEVERE ] player 4 placing token on slot 10
[2022-12-13 03:23:04] [SEVERE ] player 3 placing token on slot 11
[2022-12-13 03:23:04] [SEVERE ] player 5 placing token on slot 0
[2022-12-13 03:23:04] [SEVERE ] player 4 placing token on slot 5
[2022-12-13 03:23:04] [SEVERE ] removing player 4 token from slot 3
[2022-12-13 03:23:04] [SEVERE ] removing player 4 token from slot 5
[2022-12-13 03:23:04] [SEVERE ] removing player 4 token from slot 10
[2022-12-13 03:23:04] [SEVERE ] player 3 placing token on slot 0
[2022-12-13 03:23:04] [SEVERE ] player 4 placing token on slot 2
[2022-12-13 03:23:04] [SEVERE ] player 5 placing token on slot 6
[2022-12-13 03:23:04] [SEVERE ] removing player 5 token from slot 0
[2022-12-13 03:23:04] [SEVERE ] removing player 5 token from slot 3
[2022-12-13 03:23:04] [SEVERE ] removing player 5 token from slot 6
[2022-12-13 03:23:04] [SEVERE ] player 3 placing token on slot 2
[2022-12-13 03:23:04] [SEVERE ] removing player 3 token from slot 0
[2022-12-13 03:23:04] [SEVERE ] removing player 3 token from slot 2
[2022-12-13 03:23:04] [SEVERE ] removing player 3 token from slot 11
[2022-12-13 03:23:04] [SEVERE ] player 5 placing token on slot 6
[2022-12-13 03:23:04] [SEVERE ] player 4 placing token on slot 5
[2022-12-13 03:23:04] [SEVERE ] player 3 placing token on slot 5
[2022-12-13 03:23:04] [SEVERE ] player 5 placing token on slot 4
[2022-12-13 03:23:04] [SEVERE ] player 4 placing token on slot 7
[2022-12-13 03:23:04] [SEVERE ] removing player 4 token from slot 2
[2022-12-13 03:23:04] [SEVERE ] removing player 4 token from slot 5
[2022-12-13 03:23:04] [SEVERE ] removing player 4 token from slot 7
[2022-12-13 03:23:04] [SEVERE ] player 3 placing token on slot 4
[2022-12-13 03:23:04] [SEVERE ] player 5 placing token on slot 2
[2022-12-13 03:23:04] [SEVERE ] removing player 5 token from slot 2
[2022-12-13 03:23:04] [SEVERE ] removing player 5 token from slot 4
[2022-12-13 03:23:04] [SEVERE ] removing player 5 token from slot 6
[2022-12-13 03:23:04] [SEVERE ] player 4 placing token on slot 10
[2022-12-13 03:23:04] [SEVERE ] player 5 placing token on slot 5
[2022-12-13 03:23:04] [SEVERE ] player 3 placing token on slot 8
[2022-12-13 03:23:04] [SEVERE ] removing player 3 token from slot 4
[2022-12-13 03:23:04] [SEVERE ] removing player 3 token from slot 5
[2022-12-13 03:23:04] [SEVERE ] removing player 3 token from slot 8
[2022-12-13 03:23:04] [SEVERE ] player 4 placing token on slot 1
[2022-12-13 03:23:04] [SEVERE ] player 5 placing token on slot 8
[2022-12-13 03:23:04] [SEVERE ] player 4 placing token on slot 3
[2022-12-13 03:23:04] [SEVERE ] removing player 4 token from slot 1
[2022-12-13 03:23:04] [SEVERE ] removing player 4 token from slot 3
[2022-12-13 03:23:04] [SEVERE ] removing player 4 token from slot 10
[2022-12-13 03:23:04] [SEVERE ] player 3 placing token on slot 2
[2022-12-13 03:23:04] [SEVERE ] player 4 placing token on slot 4
[2022-12-13 03:23:04] [SEVERE ] player 5 placing token on slot 11
[2022-12-13 03:23:04] [SEVERE ] removing player 5 token from slot 5
[2022-12-13 03:23:04] [SEVERE ] removing player 5 token from slot 8
[2022-12-13 03:23:04] [SEVERE ] removing player 5 token from slot 11
[2022-12-13 03:23:04] [SEVERE ] player 3 placing token on slot 6
[2022-12-13 03:23:04] [SEVERE ] player 4 placing token on slot 7
[2022-12-13 03:23:04] [SEVERE ] player 5 placing token on slot 4
[2022-12-13 03:23:04] [SEVERE ] player 3 placing token on slot 10
[2022-12-13 03:23:04] [SEVERE ] removing player 3 token from slot 2
[2022-12-13 03:23:04] [SEVERE ] removing player 3 token from slot 6
[2022-12-13 03:23:04] [SEVERE ] removing player 3 token from slot 10
[2022-12-13 03:23:04] [SEVERE ] player 4 placing token on slot 1
[2022-12-13 03:23:04] [SEVERE ] removing player 4 token from slot 1
[2022-12-13 03:23:04] [SEVERE ] removing player 4 token from slot 4
[2022-12-13 03:23:04] [SEVERE ] removing player 4 token from slot 7
[2022-12-13 03:23:04] [SEVERE ] player 5 placing token on slot 2
[2022-12-13 03:23:04] [SEVERE ] player 3 placing token on slot 5
[2022-12-13 03:23:04] [SEVERE ] player 4 placing token on slot 6
[2022-12-13 03:23:04] [SEVERE ] player 3 placing token on slot 4
[2022-12-13 03:23:04] [SEVERE ] player 5 placing token on slot 8
[2022-12-13 03:23:04] [SEVERE ] removing player 5 token from slot 2
[2022-12-13 03:23:04] [SEVERE ] removing player 5 token from slot 4
[2022-12-13 03:23:04] [SEVERE ] removing player 5 token from slot 8
[2022-12-13 03:23:04] [SEVERE ] player 4 placing token on slot 1
[2022-12-13 03:23:04] [SEVERE ] player 3 placing token on slot 3
[2022-12-13 03:23:04] [SEVERE ] removing player 3 token from slot 3
[2022-12-13 03:23:04] [SEVERE ] removing player 3 token from slot 4
[2022-12-13 03:23:04] [SEVERE ] removing player 3 token from slot 5
[2022-12-13 03:23:04] [SEVERE ] player 5 placing token on slot 0
[2022-12-13 03:23:04] [SEVERE ] player 4 placing token on slot 3
[2022-12-13 03:23:04] [SEVERE ] removing player 4 token from slot 1
[2022-12-13 03:23:04] [SEVERE ] removing player 4 token from slot 3
[2022-12-13 03:23:04] [SEVERE ] removing player 4 token from slot 6
[2022-12-13 03:23:04] [SEVERE ] player 5 placing token on slot 4
[2022-12-13 03:23:04] [SEVERE ] player 3 placing token on slot 2
[2022-12-13 03:23:04] [SEVERE ] player 4 placing token on slot 8
[2022-12-13 03:23:04] [SEVERE ] player 5 placing token on slot 10
[2022-12-13 03:23:04] [SEVERE ] removing player 5 token from slot 0
[2022-12-13 03:23:04] [SEVERE ] removing player 5 token from slot 4
[2022-12-13 03:23:04] [SEVERE ] removing player 5 token from slot 10
[2022-12-13 03:23:04] [SEVERE ] player 3 placing token on slot 9
[2022-12-13 03:23:04] [SEVERE ] player 5 placing token on slot 4
[2022-12-13 03:23:04] [SEVERE ] player 4 placing token on slot 5
[2022-12-13 03:23:04] [SEVERE ] player 3 placing token on slot 7
[2022-12-13 03:23:04] [SEVERE ] removing player 3 token from slot 2
[2022-12-13 03:23:04] [SEVERE ] removing player 3 token from slot 7
[2022-12-13 03:23:04] [SEVERE ] removing player 3 token from slot 9
[2022-12-13 03:23:04] [SEVERE ] player 4 placing token on slot 4
[2022-12-13 03:23:04] [SEVERE ] removing player 4 token from slot 4
[2022-12-13 03:23:04] [SEVERE ] removing player 4 token from slot 5
[2022-12-13 03:23:04] [SEVERE ] removing player 4 token from slot 8
[2022-12-13 03:23:04] [SEVERE ] player 5 placing token on slot 11
[2022-12-13 03:23:04] [SEVERE ] player 3 placing token on slot 11
[2022-12-13 03:23:04] [SEVERE ] player 4 placing token on slot 7
[2022-12-13 03:23:04] [SEVERE ] player 5 placing token on slot 8
[2022-12-13 03:23:04] [SEVERE ] removing player 5 token from slot 4
[2022-12-13 03:23:04] [SEVERE ] removing player 5 token from slot 8
[2022-12-13 03:23:04] [SEVERE ] removing player 5 token from slot 11
[2022-12-13 03:23:04] [SEVERE ] player 3 placing token on slot 10
[2022-12-13 03:23:04] [SEVERE ] player 4 placing token on slot 1
[2022-12-13 03:23:04] [SEVERE ] player 5 placing token on slot 5
[2022-12-13 03:23:04] [SEVERE ] player 3 placing token on slot 6
[2022-12-13 03:23:04] [SEVERE ] removing player 3 token from slot 6
[2022-12-13 03:23:04] [SEVERE ] removing player 3 token from slot 10
[2022-12-13 03:23:04] [SEVERE ] removing player 3 token from slot 11
[2022-12-13 03:23:04] [SEVERE ] player 4 placing token on slot 6
[2022-12-13 03:23:04] [SEVERE ] removing player 4 token from slot 1
[2022-12-13 03:23:04] [SEVERE ] removing player 4 token from slot 6
[2022-12-13 03:23:04] [SEVERE ] removing player 4 token from slot 7
[2022-12-13 03:23:04] [SEVERE ] player 3 placing token on slot 11
[2022-12-13 03:23:04] [SEVERE ] player 5 placing token on slot 9
[2022-12-13 03:23:04] [SEVERE ] player 4 placing token on slot 10
[2022-12-13 03:23:04] [SEVERE ] player 3 placing token on slot 10
[2022-12-13 03:23:04] [SEVERE ] player 5 placing token on slot 11
[2022-12-13 03:23:04] [SEVERE ] removing player 5 token from slot 5
[2022-12-13 03:23:04] [SEVERE ] removing player 5 token from slot 9
[2022-12-13 03:23:04] [SEVERE ] removing player 5 token from slot 11
[2022-12-13 03:23:04] [SEVERE ] player 4 placing token on slot 4
[2022-12-13 03:23:04] [SEVERE ] player 3 placing token on slot 1
[2022-12-13 03:23:04] [SEVERE ] removing player 3 token from slot 1
[2022-12-13 03:23:04] [SEVERE ] removing player 3 token from slot 10
[2022-12-13 03:23:04] [SEVERE ] removing player 3 token from slot 11
[2022-12-13 03:23:04] [SEVERE ] player 5 placing token on slot 0
[2022-12-13 03:23:04] [SEVERE ] player 4 placing token on slot 11
[2022-12-13 03:23:04] [SEVERE ] removing player 4 token from slot 4
[2022-12-13 03:23:04] [SEVERE ] removing player 4 token from slot 10
[2022-12-13 03:23:04] [SEVERE ] removing player 4 token from slot 11
[2022-12-13 03:23:04] [SEVERE ] player 3 placing token on slot 4
[2022-12-13 03:23:04] [SEVERE ] player 5 placing token on slot 8
[2022-12-13 03:23:04] [SEVERE ] player 4 placing token on slot 0
[2022-12-13 03:23:04] [SEVERE ] player 3 placing token on slot 3
[2022-12-13 03:23:04] [SEVERE ] player 5 placing token on slot 5
[2022-12-13 03:23:04] [SEVERE ] removing player 5 token from slot 0
[2022-12-13 03:23:04] [SEVERE ] removing player 5 token from slot 5
[2022-12-13 03:23:04] [SEVERE ] removing player 5 token from slot 8
[2022-12-13 03:23:04] [SEVERE ] player 4 placing token on slot 5
[2022-12-13 03:23:04] [SEVERE ] player 3 placing token on slot 5
[2022-12-13 03:23:04] [SEVERE ] removing player 3 token from slot 3
[2022-12-13 03:23:04] [SEVERE ] removing player 3 token from slot 4
[2022-12-13 03:23:04] [SEVERE ] removing player 3 token from slot 5
[2022-12-13 03:23:04] [SEVERE ] player 5 placing token on slot 9
[2022-12-13 03:23:04] [SEVERE ] player 4 placing token on slot 9
[2022-12-13 03:23:04] [SEVERE ] removing player 4 token from slot 0
[2022-12-13 03:23:04] [SEVERE ] removing player 4 token from slot 5
[2022-12-13 03:23:04] [SEVERE ] removing player 4 token from slot 9
[2022-12-13 03:23:04] [SEVERE ] player 3 placing token on slot 10
[2022-12-13 03:23:04] [SEVERE ] player 4 placing token on slot 10
[2022-12-13 03:23:04] [SEVERE ] player 5 placing token on slot 7
[2022-12-13 03:23:04] [SEVERE ] player 3 placing token on slot 0
[2022-12-13 03:23:04] [SEVERE ] player 4 placing token on slot 2
[2022-12-13 03:23:04] [SEVERE ] player 5 placing token on slot 6
[2022-12-13 03:23:04] [SEVERE ] player 4 placing token on slot 1
[2022-12-13 03:23:04] [SEVERE ] player 3 placing token on slot 7
[2022-12-13 03:23:04] [SEVERE ] removing player 5 token from slot 6
[2022-12-13 03:23:04] [SEVERE ] removing player 5 token from slot 7
[2022-12-13 03:23:04] [SEVERE ] removing player 5 token from slot 9
[2022-12-13 03:23:04] [SEVERE ] removing player 4 token from slot 1
[2022-12-13 03:23:04] [SEVERE ] removing player 4 token from slot 2
[2022-12-13 03:23:04] [SEVERE ] removing player 4 token from slot 10
[2022-12-13 03:23:04] [SEVERE ] removing player 3 token from slot 0
[2022-12-13 03:23:04] [SEVERE ] removing player 3 token from slot 7
[2022-12-13 03:23:04] [SEVERE ] removing player 3 token from slot 10
[2022-12-13 03:23:04] [SEVERE ] player 3 placing token on slot 6
[2022-12-13 03:23:04] [SEVERE ] player 4 placing token on slot 8
[2022-12-13 03:23:04] [SEVERE ] player 5 placing token on slot 5
[2022-12-13 03:23:05] [SEVERE ] player 3 placing token on slot 8
[2022-12-13 03:23:05] [SEVERE ] player 5 placing token on slot 4
[2022-12-13 03:23:05] [SEVERE ] player 4 placing token on slot 0
[2022-12-13 03:23:05] [SEVERE ] player 3 placing token on slot 9
[2022-12-13 03:23:05] [SEVERE ] removing player 3 token from slot 6
[2022-12-13 03:23:05] [SEVERE ] removing player 3 token from slot 8
[2022-12-13 03:23:05] [SEVERE ] removing player 3 token from slot 9
[2022-12-13 03:23:05] [SEVERE ] player 4 placing token on slot 5
[2022-12-13 03:23:05] [SEVERE ] removing player 4 token from slot 0
[2022-12-13 03:23:05] [SEVERE ] removing player 4 token from slot 5
[2022-12-13 03:23:05] [SEVERE ] removing player 4 token from slot 8
[2022-12-13 03:23:05] [SEVERE ] player 5 placing token on slot 8
[2022-12-13 03:23:05] [SEVERE ] removing player 5 token from slot 4
[2022-12-13 03:23:05] [SEVERE ] removing player 5 token from slot 5
[2022-12-13 03:23:05] [SEVERE ] removing player 5 token from slot 8
[2022-12-13 03:23:05] [SEVERE ] player 4 placing token on slot 6
[2022-12-13 03:23:05] [SEVERE ] player 3 placing token on slot 5
[2022-12-13 03:23:05] [SEVERE ] player 5 placing token on slot 6
[2022-12-13 03:23:05] [SEVERE ] player 4 placing token on slot 7
[2022-12-13 03:23:05] [SEVERE ] player 3 placing token on slot 8
[2022-12-13 03:23:05] [SEVERE ] player 5 placing token on slot 11
[2022-12-13 03:23:05] [SEVERE ] player 4 placing token on slot 0
[2022-12-13 03:23:05] [SEVERE ] removing player 4 token from slot 0
[2022-12-13 03:23:05] [SEVERE ] removing player 4 token from slot 6
[2022-12-13 03:23:05] [SEVERE ] removing player 4 token from slot 7
[2022-12-13 03:23:05] [SEVERE ] player 3 placing token on slot 1
[2022-12-13 03:23:05] [SEVERE ] removing player 3 token from slot 1
[2022-12-13 03:23:05] [SEVERE ] removing player 3 token from slot 5
[2022-12-13 03:23:05] [SEVERE ] removing player 3 token from slot 8
[2022-12-13 03:23:05] [SEVERE ] player 5 placing token on slot 0
[2022-12-13 03:23:05] [SEVERE ] removing player 5 token from slot 0
[2022-12-13 03:23:05] [SEVERE ] removing player 5 token from slot 6
[2022-12-13 03:23:05] [SEVERE ] removing player 5 token from slot 11
[2022-12-13 03:23:05] [SEVERE ] player 4 placing token on slot 9
[2022-12-13 03:23:05] [SEVERE ] player 3 placing token on slot 9
[2022-12-13 03:23:05] [SEVERE ] player 5 placing token on slot 3
[2022-12-13 03:23:05] [SEVERE ] player 4 placing token on slot 1
[2022-12-13 03:23:05] [SEVERE ] player 3 placing token on slot 2
[2022-12-13 03:23:05] [SEVERE ] player 5 placing token on slot 0
[2022-12-13 03:23:05] [SEVERE ] player 4 placing token on slot 3
[2022-12-13 03:23:05] [SEVERE ] player 3 placing token on slot 1
[2022-12-13 03:23:05] [SEVERE ] removing player 4 token from slot 1
[2022-12-13 03:23:05] [SEVERE ] removing player 4 token from slot 3
[2022-12-13 03:23:05] [SEVERE ] removing player 3 token from slot 1
[2022-12-13 03:23:05] [SEVERE ] removing player 3 token from slot 2
[2022-12-13 03:23:05] [SEVERE ] removing player 3 token from slot 9
[2022-12-13 03:23:05] [SEVERE ] removing player 4 token from slot 9
[2022-12-13 03:23:05] [SEVERE ] player 5 placing token on slot 4
[2022-12-13 03:23:05] [SEVERE ] removing player 5 token from slot 0
[2022-12-13 03:23:05] [SEVERE ] removing player 5 token from slot 3
[2022-12-13 03:23:05] [SEVERE ] removing player 5 token from slot 4
[2022-12-13 03:23:05] [SEVERE ] player 3 placing token on slot 11
[2022-12-13 03:23:05] [SEVERE ] player 4 placing token on slot 8
[2022-12-13 03:23:05] [SEVERE ] player 5 placing token on slot 1
[2022-12-13 03:23:05] [SEVERE ] player 4 placing token on slot 3
[2022-12-13 03:23:05] [SEVERE ] player 3 placing token on slot 1
[2022-12-13 03:23:05] [SEVERE ] player 4 placing token on slot 6
[2022-12-13 03:23:05] [SEVERE ] removing player 4 token from slot 3
[2022-12-13 03:23:05] [SEVERE ] removing player 4 token from slot 6
[2022-12-13 03:23:05] [SEVERE ] removing player 4 token from slot 8
[2022-12-13 03:23:05] [SEVERE ] player 5 placing token on slot 7
[2022-12-13 03:23:05] [SEVERE ] player 3 placing token on slot 9
[2022-12-13 03:23:05] [SEVERE ] removing player 3 token from slot 1
[2022-12-13 03:23:05] [SEVERE ] removing player 3 token from slot 9
[2022-12-13 03:23:05] [SEVERE ] removing player 3 token from slot 11
[2022-12-13 03:23:05] [SEVERE ] player 4 placing token on slot 8
[2022-12-13 03:23:05] [SEVERE ] player 5 placing token on slot 2
[2022-12-13 03:23:05] [SEVERE ] removing player 5 token from slot 1
[2022-12-13 03:23:05] [SEVERE ] removing player 5 token from slot 2
[2022-12-13 03:23:05] [SEVERE ] removing player 5 token from slot 7
[2022-12-13 03:23:05] [SEVERE ] player 3 placing token on slot 9
[2022-12-13 03:23:05] [SEVERE ] player 3 placing token on slot 7
[2022-12-13 03:23:05] [SEVERE ] player 5 placing token on slot 4
[2022-12-13 03:23:05] [SEVERE ] player 4 placing token on slot 1
[2022-12-13 03:23:05] [SEVERE ] player 4 placing token on slot 9
[2022-12-13 03:23:05] [SEVERE ] removing player 4 token from slot 1
[2022-12-13 03:23:05] [SEVERE ] removing player 4 token from slot 8
[2022-12-13 03:23:05] [SEVERE ] removing player 4 token from slot 9
[2022-12-13 03:23:05] [SEVERE ] player 5 placing token on slot 1
[2022-12-13 03:23:05] [SEVERE ] player 3 placing token on slot 3
[2022-12-13 03:23:05] [SEVERE ] removing player 3 token from slot 3
[2022-12-13 03:23:05] [SEVERE ] removing player 3 token from slot 7
[2022-12-13 03:23:05] [SEVERE ] removing player 3 token from slot 9
[2022-12-13 03:23:05] [SEVERE ] player 3 placing token on slot 9
[2022-12-13 03:23:05] [SEVERE ] player 4 placing token on slot 3
[2022-12-13 03:23:05] [SEVERE ] player 5 placing token on slot 2
[2022-12-13 03:23:05] [SEVERE ] removing player 5 token from slot 1
[2022-12-13 03:23:05] [SEVERE ] removing player 5 token from slot 2
[2022-12-13 03:23:05] [SEVERE ] removing player 5 token from slot 4
[2022-12-13 03:23:05] [SEVERE ] player 3 placing token on slot 10
[2022-12-13 03:23:05] [SEVERE ] player 4 placing token on slot 5
[2022-12-13 03:23:05] [SEVERE ] player 5 placing token on slot 6
[2022-12-13 03:23:05] [SEVERE ] player 3 placing token on slot 0
[2022-12-13 03:23:05] [SEVERE ] removing player 3 token from slot 0
[2022-12-13 03:23:05] [SEVERE ] removing player 3 token from slot 9
[2022-12-13 03:23:05] [SEVERE ] removing player 3 token from slot 10
[2022-12-13 03:23:05] [SEVERE ] player 3 placing token on slot 6
[2022-12-13 03:23:05] [SEVERE ] player 4 placing token on slot 8
[2022-12-13 03:23:05] [SEVERE ] removing player 4 token from slot 3
[2022-12-13 03:23:05] [SEVERE ] removing player 4 token from slot 5
[2022-12-13 03:23:05] [SEVERE ] removing player 4 token from slot 8
[2022-12-13 03:23:05] [SEVERE ] player 5 placing token on slot 11
[2022-12-13 03:23:05] [SEVERE ] player 3 placing token on slot 11
[2022-12-13 03:23:05] [SEVERE ] player 4 placing token on slot 11
[2022-12-13 03:23:05] [SEVERE ] player 5 placing token on slot 7
[2022-12-13 03:23:05] [SEVERE ] removing player 5 token from slot 6
[2022-12-13 03:23:05] [SEVERE ] removing player 5 token from slot 7
[2022-12-13 03:23:05] [SEVERE ] removing player 5 token from slot 11
[2022-12-13 03:23:05] [SEVERE ] player 4 placing token on slot 7
[2022-12-13 03:23:05] [SEVERE ] player 3 placing token on slot 5
[2022-12-13 03:23:05] [SEVERE ] removing player 3 token from slot 5
[2022-12-13 03:23:05] [SEVERE ] removing player 3 token from slot 6
[2022-12-13 03:23:05] [SEVERE ] removing player 3 token from slot 11
[2022-12-13 03:23:05] [SEVERE ] player 5 placing token on slot 10
[2022-12-13 03:23:05] [SEVERE ] player 3 placing token on slot 2
[2022-12-13 03:23:05] [SEVERE ] player 4 placing token on slot 1
[2022-12-13 03:23:05] [SEVERE ] removing player 4 token from slot 1
[2022-12-13 03:23:05] [SEVERE ] removing player 4 token from slot 7
[2022-12-13 03:23:05] [SEVERE ] removing player 4 token from slot 11
[2022-12-13 03:23:05] [SEVERE ] player 5 placing token on slot 8
[2022-12-13 03:23:05] [SEVERE ] player 3 placing token on slot 4
[2022-12-13 03:23:05] [SEVERE ] player 4 placing token on slot 7
[2022-12-13 03:23:05] [SEVERE ] player 5 placing token on slot 11
[2022-12-13 03:23:05] [SEVERE ] removing player 5 token from slot 8
[2022-12-13 03:23:05] [SEVERE ] removing player 5 token from slot 10
[2022-12-13 03:23:05] [SEVERE ] removing player 5 token from slot 11
[2022-12-13 03:23:05] [SEVERE ] player 3 placing token on slot 6
[2022-12-13 03:23:05] [SEVERE ] removing player 3 token from slot 2
[2022-12-13 03:23:05] [SEVERE ] removing player 3 token from slot 4
[2022-12-13 03:23:05] [SEVERE ] removing player 3 token from slot 6
[2022-12-13 03:23:05] [SEVERE ] player 5 placing token on slot 0
[2022-12-13 03:23:05] [SEVERE ] player 4 placing token on slot 6
[2022-12-13 03:23:05] [SEVERE ] player 3 placing token on slot 7
[2022-12-13 03:23:05] [SEVERE ] player 5 placing token on slot 8
[2022-12-13 03:23:05] [SEVERE ] player 3 placing token on slot 4
[2022-12-13 03:23:05] [SEVERE ] player 4 placing token on slot 10
[2022-12-13 03:23:05] [SEVERE ] removing player 4 token from slot 6
[2022-12-13 03:23:05] [SEVERE ] removing player 4 token from slot 7
[2022-12-13 03:23:05] [SEVERE ] removing player 4 token from slot 10
[2022-12-13 03:23:05] [SEVERE ] player 5 placing token on slot 9
[2022-12-13 03:23:05] [SEVERE ] removing player 5 token from slot 0
[2022-12-13 03:23:05] [SEVERE ] removing player 5 token from slot 8
[2022-12-13 03:23:05] [SEVERE ] removing player 5 token from slot 9
[2022-12-13 03:23:05] [SEVERE ] player 3 placing token on slot 6
[2022-12-13 03:23:05] [SEVERE ] removing player 3 token from slot 4
[2022-12-13 03:23:05] [SEVERE ] removing player 3 token from slot 6
[2022-12-13 03:23:05] [SEVERE ] removing player 3 token from slot 7
[2022-12-13 03:23:05] [SEVERE ] player 4 placing token on slot 9
[2022-12-13 03:23:05] [SEVERE ] player 5 placing token on slot 6
[2022-12-13 03:23:05] [SEVERE ] player 3 placing token on slot 11
[2022-12-13 03:23:05] [SEVERE ] player 5 placing token on slot 10
[2022-12-13 03:23:05] [SEVERE ] player 4 placing token on slot 4
[2022-12-13 03:23:05] [SEVERE ] player 3 placing token on slot 9
[2022-12-13 03:23:05] [SEVERE ] player 5 placing token on slot 3
[2022-12-13 03:23:05] [SEVERE ] removing player 5 token from slot 3
[2022-12-13 03:23:05] [SEVERE ] removing player 5 token from slot 6
[2022-12-13 03:23:05] [SEVERE ] removing player 5 token from slot 10
[2022-12-13 03:23:05] [SEVERE ] player 4 placing token on slot 2
[2022-12-13 03:23:05] [SEVERE ] removing player 4 token from slot 2
[2022-12-13 03:23:05] [SEVERE ] removing player 4 token from slot 4
[2022-12-13 03:23:05] [SEVERE ] removing player 4 token from slot 9
[2022-12-13 03:23:05] [SEVERE ] player 3 placing token on slot 4
[2022-12-13 03:23:05] [SEVERE ] removing player 3 token from slot 4
[2022-12-13 03:23:05] [SEVERE ] removing player 3 token from slot 9
[2022-12-13 03:23:05] [SEVERE ] removing player 3 token from slot 11
[2022-12-13 03:23:05] [SEVERE ] player 5 placing token on slot 6
[2022-12-13 03:23:05] [SEVERE ] player 4 placing token on slot 9
[2022-12-13 03:23:05] [SEVERE ] player 5 placing token on slot 3
[2022-12-13 03:23:05] [SEVERE ] player 3 placing token on slot 6
[2022-12-13 03:23:05] [SEVERE ] player 4 placing token on slot 4
[2022-12-13 03:23:05] [SEVERE ] player 5 placing token on slot 11
[2022-12-13 03:23:05] [SEVERE ] removing player 5 token from slot 3
[2022-12-13 03:23:05] [SEVERE ] removing player 5 token from slot 6
[2022-12-13 03:23:05] [SEVERE ] removing player 5 token from slot 11
[2022-12-13 03:23:05] [SEVERE ] player 3 placing token on slot 4
[2022-12-13 03:23:05] [SEVERE ] player 4 placing token on slot 5
[2022-12-13 03:23:05] [SEVERE ] removing player 4 token from slot 4
[2022-12-13 03:23:05] [SEVERE ] removing player 4 token from slot 5
[2022-12-13 03:23:05] [SEVERE ] removing player 4 token from slot 9
[2022-12-13 03:23:05] [SEVERE ] player 5 placing token on slot 3
[2022-12-13 03:23:05] [SEVERE ] player 3 placing token on slot 0
[2022-12-13 03:23:05] [SEVERE ] removing player 3 token from slot 0
[2022-12-13 03:23:05] [SEVERE ] removing player 3 token from slot 4
[2022-12-13 03:23:05] [SEVERE ] removing player 3 token from slot 6
[2022-12-13 03:23:05] [SEVERE ] player 3 placing token on slot 6
[2022-12-13 03:23:05] [SEVERE ] player 3 placing token on slot 4
[2022-12-13 03:23:05] [SEVERE ] player 4 placing token on slot 9
[2022-12-13 03:23:05] [SEVERE ] player 5 placing token on slot 7
[2022-12-13 03:23:05] [SEVERE ] player 4 placing token on slot 7
[2022-12-13 03:23:05] [SEVERE ] player 3 placing token on slot 11
[2022-12-13 03:23:05] [SEVERE ] removing player 3 token from slot 4
[2022-12-13 03:23:05] [SEVERE ] removing player 3 token from slot 6
[2022-12-13 03:23:05] [SEVERE ] removing player 3 token from slot 11
[2022-12-13 03:23:05] [SEVERE ] player 5 placing token on slot 0
[2022-12-13 03:23:05] [SEVERE ] removing player 5 token from slot 0
[2022-12-13 03:23:05] [SEVERE ] removing player 5 token from slot 3
[2022-12-13 03:23:05] [SEVERE ] removing player 5 token from slot 7
[2022-12-13 03:23:05] [SEVERE ] player 5 placing token on slot 5
[2022-12-13 03:23:05] [SEVERE ] player 4 placing token on slot 10
[2022-12-13 03:23:05] [SEVERE ] removing player 4 token from slot 7
[2022-12-13 03:23:05] [SEVERE ] removing player 4 token from slot 9
[2022-12-13 03:23:05] [SEVERE ] removing player 4 token from slot 10
[2022-12-13 03:23:06] [SEVERE ] player 3 placing token on slot 4
[2022-12-13 03:23:06] [SEVERE ] player 5 placing token on slot 0
[2022-12-13 03:23:06] [SEVERE ] player 4 placing token on slot 9
