[2022-12-10 15:03:49] [INFO   ] cannot read configuration file config.properties trying from resources.
[2022-12-10 15:03:49] [INFO   ] configuration file was loaded from resources directory.
[2022-12-10 15:03:49] [INFO   ] Thread dealer starting.
[2022-12-10 15:03:49] [INFO   ] Thread Thread-0starting.
[2022-12-10 15:03:49] [INFO   ] Thread Thread-2starting.
[2022-12-10 15:03:49] [INFO   ] Thread Thread-5starting.
[2022-12-10 15:03:49] [INFO   ] Thread Thread-4starting.
[2022-12-10 15:03:49] [INFO   ] Thread Thread-3starting.
[2022-12-10 15:03:49] [INFO   ] Thread Thread-1starting.
[2022-12-10 15:03:49] [INFO   ] Thread computer-4 starting.
[2022-12-10 15:03:50] [INFO   ] Thread computer-2 starting.
[2022-12-10 15:03:50] [INFO   ] Thread computer-3 starting.
[2022-12-10 15:03:49] [INFO   ] Thread computer-5 starting.
[2022-12-10 15:03:50] [SEVERE ] placing card 0 in slot 0
[2022-12-10 15:03:50] [SEVERE ] placing card 43 in slot 1
[2022-12-10 15:03:50] [SEVERE ] placing card 12 in slot 2
[2022-12-10 15:03:50] [SEVERE ] placing card 11 in slot 3
[2022-12-10 15:03:50] [SEVERE ] placing card 75 in slot 4
[2022-12-10 15:03:50] [SEVERE ] placing card 42 in slot 5
[2022-12-10 15:03:51] [SEVERE ] placing card 59 in slot 6
[2022-12-10 15:03:51] [SEVERE ] placing card 5 in slot 7
[2022-12-10 15:03:51] [SEVERE ] placing card 50 in slot 8
[2022-12-10 15:03:51] [SEVERE ] placing card 31 in slot 9
[2022-12-10 15:03:51] [SEVERE ] placing card 34 in slot 10
[2022-12-10 15:03:51] [SEVERE ] placing card 17 in slot 11
[2022-12-10 15:03:52] [SEVERE ] player 3 placing token on slot 4
[2022-12-10 15:03:52] [SEVERE ] player 5 placing token on slot 0
[2022-12-10 15:03:53] [SEVERE ] player 2 placing token on slot 3
[2022-12-10 15:03:54] [SEVERE ] player 4 placing token on slot 6
[2022-12-10 15:03:55] [SEVERE ] player 3 placing token on slot 11
[2022-12-10 15:03:55] [SEVERE ] player 5 placing token on slot 4
[2022-12-10 15:03:56] [SEVERE ] player 2 placing token on slot 1
[2022-12-10 15:03:56] [SEVERE ] player 5 placing token on slot 11
[2022-12-10 15:03:56] [SEVERE ] removing player 5 token from slot 0
[2022-12-10 15:03:56] [SEVERE ] removing player 5 token from slot 4
[2022-12-10 15:03:56] [SEVERE ] removing player 5 token from slot 11
[2022-12-10 15:03:57] [SEVERE ] player 4 placing token on slot 10
[2022-12-10 15:03:57] [SEVERE ] player 3 placing token on slot 1
[2022-12-10 15:03:57] [SEVERE ] removing tokens from slot 0
[2022-12-10 15:03:57] [SEVERE ] removing card from slot 0
[2022-12-10 15:03:57] [SEVERE ] removing tokens from slot 1
[2022-12-10 15:03:57] [SEVERE ] removing card from slot 1
[2022-12-10 15:03:58] [SEVERE ] removing tokens from slot 2
[2022-12-10 15:03:58] [SEVERE ] removing card from slot 2
[2022-12-10 15:03:58] [SEVERE ] removing tokens from slot 3
[2022-12-10 15:03:58] [SEVERE ] removing card from slot 3
[2022-12-10 15:03:58] [SEVERE ] player 4 placing token on slot 5
[2022-12-10 15:03:58] [SEVERE ] removing tokens from slot 4
[2022-12-10 15:03:58] [SEVERE ] removing card from slot 4
[2022-12-10 15:03:58] [SEVERE ] removing tokens from slot 5
[2022-12-10 15:03:58] [SEVERE ] removing card from slot 5
[2022-12-10 15:03:58] [SEVERE ] player 5 placing token on slot 9
[2022-12-10 15:03:58] [SEVERE ] removing tokens from slot 6
[2022-12-10 15:03:58] [SEVERE ] removing card from slot 6
[2022-12-10 15:03:58] [SEVERE ] player 2 placing token on slot 7
[2022-12-10 15:03:58] [SEVERE ] removing tokens from slot 7
[2022-12-10 15:03:58] [SEVERE ] removing card from slot 7
[2022-12-10 15:03:58] [SEVERE ] removing tokens from slot 8
[2022-12-10 15:03:58] [SEVERE ] removing card from slot 8
[2022-12-10 15:03:58] [SEVERE ] removing tokens from slot 9
[2022-12-10 15:03:58] [SEVERE ] removing card from slot 9
[2022-12-10 15:03:58] [SEVERE ] removing tokens from slot 10
[2022-12-10 15:03:58] [SEVERE ] removing card from slot 10
[2022-12-10 15:03:58] [SEVERE ] removing tokens from slot 11
[2022-12-10 15:03:58] [SEVERE ] removing card from slot 11
[2022-12-10 15:03:59] [SEVERE ] placing card 51 in slot 0
[2022-12-10 15:03:59] [SEVERE ] placing card 42 in slot 1
[2022-12-10 15:03:59] [SEVERE ] placing card 37 in slot 2
[2022-12-10 15:03:59] [SEVERE ] placing card 78 in slot 3
[2022-12-10 15:03:59] [SEVERE ] placing card 66 in slot 4
[2022-12-10 15:03:59] [SEVERE ] placing card 3 in slot 5
[2022-12-10 15:03:59] [SEVERE ] placing card 4 in slot 6
[2022-12-10 15:03:59] [SEVERE ] placing card 55 in slot 7
[2022-12-10 15:04:00] [SEVERE ] placing card 14 in slot 8
[2022-12-10 15:04:00] [SEVERE ] placing card 52 in slot 9
[2022-12-10 15:04:00] [SEVERE ] placing card 15 in slot 10
[2022-12-10 15:04:00] [SEVERE ] placing card 75 in slot 11
[2022-12-10 15:04:01] [SEVERE ] player 5 placing token on slot 8
[2022-12-10 15:04:02] [SEVERE ] player 4 placing token on slot 4
[2022-12-10 15:04:02] [SEVERE ] player 2 placing token on slot 8
[2022-12-10 15:04:02] [SEVERE ] player 3 placing token on slot 0
[2022-12-10 15:04:02] [SEVERE ] player 5 placing token on slot 7
[2022-12-10 15:04:02] [SEVERE ] player 2 placing token on slot 3
[2022-12-10 15:04:02] [SEVERE ] removing player 2 token from slot 3
[2022-12-10 15:04:02] [SEVERE ] removing player 2 token from slot 7
[2022-12-10 15:04:02] [SEVERE ] removing player 2 token from slot 8
[2022-12-10 15:04:03] [SEVERE ] player 2 placing token on slot 7
[2022-12-10 15:04:04] [SEVERE ] player 3 placing token on slot 5
[2022-12-10 15:04:04] [SEVERE ] player 2 placing token on slot 1
[2022-12-10 15:04:04] [SEVERE ] player 4 placing token on slot 11
[2022-12-10 15:04:05] [SEVERE ] player 5 placing token on slot 3
[2022-12-10 15:04:05] [SEVERE ] removing player 5 token from slot 3
[2022-12-10 15:04:05] [SEVERE ] removing player 5 token from slot 7
[2022-12-10 15:04:05] [SEVERE ] removing player 5 token from slot 8
[2022-12-10 15:04:05] [SEVERE ] player 4 placing token on slot 10
[2022-12-10 15:04:05] [SEVERE ] removing player 4 token from slot 4
[2022-12-10 15:04:05] [SEVERE ] removing player 4 token from slot 10
[2022-12-10 15:04:05] [SEVERE ] removing player 4 token from slot 11
[2022-12-10 15:04:06] [SEVERE ] removing tokens from slot 0
[2022-12-10 15:04:06] [SEVERE ] removing card from slot 0
[2022-12-10 15:04:06] [SEVERE ] player 3 placing token on slot 11
[2022-12-10 15:04:06] [SEVERE ] removing tokens from slot 1
[2022-12-10 15:04:06] [SEVERE ] removing card from slot 1
[2022-12-10 15:04:06] [SEVERE ] player 5 placing token on slot 11
[2022-12-10 15:04:06] [SEVERE ] removing tokens from slot 2
[2022-12-10 15:04:06] [SEVERE ] removing card from slot 2
[2022-12-10 15:04:06] [SEVERE ] removing tokens from slot 3
[2022-12-10 15:04:06] [SEVERE ] removing card from slot 3
[2022-12-10 15:04:06] [SEVERE ] removing tokens from slot 4
[2022-12-10 15:04:06] [SEVERE ] removing card from slot 4
[2022-12-10 15:04:06] [SEVERE ] player 4 placing token on slot 10
[2022-12-10 15:04:07] [SEVERE ] removing tokens from slot 5
[2022-12-10 15:04:07] [SEVERE ] removing card from slot 5
[2022-12-10 15:04:07] [SEVERE ] removing tokens from slot 6
[2022-12-10 15:04:07] [SEVERE ] removing card from slot 6
[2022-12-10 15:04:07] [SEVERE ] removing tokens from slot 7
[2022-12-10 15:04:07] [SEVERE ] removing card from slot 7
[2022-12-10 15:04:07] [SEVERE ] removing tokens from slot 8
[2022-12-10 15:04:07] [SEVERE ] removing card from slot 8
[2022-12-10 15:04:07] [SEVERE ] removing tokens from slot 9
[2022-12-10 15:04:07] [SEVERE ] removing card from slot 9
[2022-12-10 15:04:07] [SEVERE ] removing tokens from slot 10
[2022-12-10 15:04:07] [SEVERE ] removing card from slot 10
[2022-12-10 15:04:07] [SEVERE ] removing tokens from slot 11
[2022-12-10 15:04:07] [SEVERE ] removing card from slot 11
[2022-12-10 15:04:07] [SEVERE ] placing card 73 in slot 0
[2022-12-10 15:04:08] [SEVERE ] placing card 6 in slot 1
[2022-12-10 15:04:08] [SEVERE ] placing card 28 in slot 2
[2022-12-10 15:04:08] [SEVERE ] placing card 20 in slot 3
[2022-12-10 15:04:08] [SEVERE ] placing card 58 in slot 4
[2022-12-10 15:04:08] [SEVERE ] placing card 18 in slot 5
[2022-12-10 15:04:08] [SEVERE ] placing card 72 in slot 6
[2022-12-10 15:04:08] [SEVERE ] placing card 27 in slot 7
[2022-12-10 15:04:08] [SEVERE ] placing card 70 in slot 8
[2022-12-10 15:04:08] [SEVERE ] placing card 54 in slot 9
[2022-12-10 15:04:09] [SEVERE ] placing card 36 in slot 10
[2022-12-10 15:04:09] [SEVERE ] placing card 15 in slot 11
[2022-12-10 15:04:10] [SEVERE ] player 4 placing token on slot 1
[2022-12-10 15:04:10] [SEVERE ] player 5 placing token on slot 5
[2022-12-10 15:04:10] [SEVERE ] player 2 placing token on slot 11
[2022-12-10 15:04:11] [SEVERE ] player 3 placing token on slot 5
[2022-12-10 15:04:12] [SEVERE ] player 2 placing token on slot 9
[2022-12-10 15:04:12] [SEVERE ] player 5 placing token on slot 3
[2022-12-10 15:04:12] [SEVERE ] player 4 placing token on slot 7
[2022-12-10 15:04:14] [SEVERE ] player 3 placing token on slot 1
[2022-12-10 15:04:14] [SEVERE ] player 5 placing token on slot 0
[2022-12-10 15:04:14] [SEVERE ] removing player 5 token from slot 0
[2022-12-10 15:04:14] [SEVERE ] removing player 5 token from slot 3
[2022-12-10 15:04:14] [SEVERE ] removing player 5 token from slot 5
[2022-12-10 15:04:14] [SEVERE ] player 4 placing token on slot 3
[2022-12-10 15:04:14] [SEVERE ] removing player 4 token from slot 1
[2022-12-10 15:04:14] [SEVERE ] removing player 4 token from slot 3
[2022-12-10 15:04:14] [SEVERE ] removing player 4 token from slot 7
[2022-12-10 15:04:14] [SEVERE ] player 2 placing token on slot 8
[2022-12-10 15:04:14] [SEVERE ] removing player 2 token from slot 8
[2022-12-10 15:04:14] [SEVERE ] removing player 2 token from slot 9
[2022-12-10 15:04:14] [SEVERE ] removing player 2 token from slot 11
[2022-12-10 15:04:15] [SEVERE ] removing tokens from slot 0
[2022-12-10 15:04:15] [SEVERE ] removing card from slot 0
[2022-12-10 15:04:15] [SEVERE ] removing tokens from slot 1
[2022-12-10 15:04:15] [SEVERE ] removing card from slot 1
[2022-12-10 15:04:15] [SEVERE ] removing tokens from slot 2
[2022-12-10 15:04:15] [SEVERE ] removing card from slot 2
[2022-12-10 15:04:15] [SEVERE ] player 3 placing token on slot 4
[2022-12-10 15:04:15] [SEVERE ] removing tokens from slot 3
[2022-12-10 15:04:15] [SEVERE ] removing card from slot 3
[2022-12-10 15:04:15] [SEVERE ] removing tokens from slot 4
[2022-12-10 15:04:15] [SEVERE ] removing card from slot 4
[2022-12-10 15:04:15] [SEVERE ] removing tokens from slot 5
[2022-12-10 15:04:15] [SEVERE ] removing card from slot 5
[2022-12-10 15:04:15] [SEVERE ] removing tokens from slot 6
[2022-12-10 15:04:15] [SEVERE ] removing card from slot 6
[2022-12-10 15:04:15] [SEVERE ] removing tokens from slot 7
[2022-12-10 15:04:15] [SEVERE ] removing card from slot 7
[2022-12-10 15:04:16] [SEVERE ] player 4 placing token on slot 11
[2022-12-10 15:04:16] [SEVERE ] removing tokens from slot 8
[2022-12-10 15:04:16] [SEVERE ] removing card from slot 8
[2022-12-10 15:04:16] [SEVERE ] removing tokens from slot 9
[2022-12-10 15:04:16] [SEVERE ] removing card from slot 9
[2022-12-10 15:04:16] [SEVERE ] removing tokens from slot 10
[2022-12-10 15:04:16] [SEVERE ] removing card from slot 10
[2022-12-10 15:04:16] [SEVERE ] removing tokens from slot 11
[2022-12-10 15:04:16] [SEVERE ] removing card from slot 11
[2022-12-10 15:04:16] [SEVERE ] placing card 22 in slot 0
[2022-12-10 15:04:16] [SEVERE ] placing card 35 in slot 1
[2022-12-10 15:04:16] [SEVERE ] placing card 36 in slot 2
[2022-12-10 15:04:16] [SEVERE ] placing card 40 in slot 3
[2022-12-10 15:04:16] [SEVERE ] placing card 11 in slot 4
[2022-12-10 15:04:16] [SEVERE ] placing card 51 in slot 5
[2022-12-10 15:04:17] [SEVERE ] placing card 80 in slot 6
[2022-12-10 15:04:17] [SEVERE ] placing card 24 in slot 7
[2022-12-10 15:04:17] [SEVERE ] placing card 41 in slot 8
[2022-12-10 15:04:17] [SEVERE ] placing card 54 in slot 9
[2022-12-10 15:04:17] [SEVERE ] placing card 32 in slot 10
[2022-12-10 15:04:17] [SEVERE ] placing card 64 in slot 11
[2022-12-10 15:04:18] [SEVERE ] player 3 placing token on slot 3
[2022-12-10 15:04:18] [SEVERE ] player 2 placing token on slot 4
[2022-12-10 15:04:19] [SEVERE ] player 4 placing token on slot 0
[2022-12-10 15:04:19] [SEVERE ] player 3 placing token on slot 8
[2022-12-10 15:04:20] [SEVERE ] player 4 placing token on slot 10
[2022-12-10 15:04:20] [SEVERE ] player 5 placing token on slot 5
[2022-12-10 15:04:20] [SEVERE ] player 5 placing token on slot 6
[2022-12-10 15:04:21] [SEVERE ] player 3 placing token on slot 10
[2022-12-10 15:04:21] [SEVERE ] removing player 3 token from slot 3
[2022-12-10 15:04:21] [SEVERE ] removing player 3 token from slot 8
[2022-12-10 15:04:21] [SEVERE ] removing player 3 token from slot 10
[2022-12-10 15:04:21] [SEVERE ] player 4 placing token on slot 6
[2022-12-10 15:04:21] [SEVERE ] removing player 4 token from slot 0
[2022-12-10 15:04:21] [SEVERE ] removing player 4 token from slot 6
[2022-12-10 15:04:21] [SEVERE ] removing player 4 token from slot 10
[2022-12-10 15:04:21] [SEVERE ] player 2 placing token on slot 5
[2022-12-10 15:04:22] [SEVERE ] player 3 placing token on slot 0
[2022-12-10 15:04:23] [SEVERE ] player 5 placing token on slot 7
[2022-12-10 15:04:23] [SEVERE ] removing tokens from slot 0
[2022-12-10 15:04:23] [SEVERE ] removing card from slot 0
[2022-12-10 15:04:23] [SEVERE ] removing tokens from slot 1
[2022-12-10 15:04:23] [SEVERE ] removing card from slot 1
[2022-12-10 15:04:23] [SEVERE ] removing tokens from slot 2
[2022-12-10 15:04:23] [SEVERE ] removing card from slot 2
[2022-12-10 15:04:24] [SEVERE ] removing tokens from slot 3
[2022-12-10 15:04:24] [SEVERE ] removing card from slot 3
[2022-12-10 15:04:24] [SEVERE ] removing tokens from slot 4
[2022-12-10 15:04:24] [SEVERE ] removing card from slot 4
[2022-12-10 15:04:24] [SEVERE ] removing tokens from slot 5
[2022-12-10 15:04:24] [SEVERE ] removing card from slot 5
[2022-12-10 15:04:24] [SEVERE ] removing tokens from slot 6
[2022-12-10 15:04:24] [SEVERE ] removing card from slot 6
[2022-12-10 15:04:24] [SEVERE ] removing tokens from slot 7
[2022-12-10 15:04:24] [SEVERE ] removing card from slot 7
[2022-12-10 15:04:24] [SEVERE ] removing tokens from slot 8
[2022-12-10 15:04:24] [SEVERE ] removing card from slot 8
[2022-12-10 15:04:24] [SEVERE ] removing tokens from slot 9
[2022-12-10 15:04:24] [SEVERE ] removing card from slot 9
[2022-12-10 15:04:24] [SEVERE ] removing tokens from slot 10
[2022-12-10 15:04:24] [SEVERE ] removing card from slot 10
[2022-12-10 15:04:24] [SEVERE ] removing tokens from slot 11
[2022-12-10 15:04:24] [SEVERE ] removing card from slot 11
[2022-12-10 15:04:25] [SEVERE ] placing card 25 in slot 0
[2022-12-10 15:04:25] [SEVERE ] placing card 30 in slot 1
[2022-12-10 15:04:25] [SEVERE ] placing card 20 in slot 2
[2022-12-10 15:04:25] [SEVERE ] placing card 38 in slot 3
[2022-12-10 15:04:25] [SEVERE ] placing card 9 in slot 4
[2022-12-10 15:04:25] [SEVERE ] placing card 37 in slot 5
[2022-12-10 15:04:25] [SEVERE ] placing card 19 in slot 6
[2022-12-10 15:04:25] [SEVERE ] placing card 33 in slot 7
[2022-12-10 15:04:25] [SEVERE ] placing card 75 in slot 8
[2022-12-10 15:04:25] [SEVERE ] placing card 4 in slot 9
[2022-12-10 15:04:26] [SEVERE ] placing card 15 in slot 10
[2022-12-10 15:04:26] [SEVERE ] placing card 63 in slot 11
[2022-12-10 15:04:26] [SEVERE ] player 3 placing token on slot 1
[2022-12-10 15:04:27] [SEVERE ] player 4 placing token on slot 2
[2022-12-10 15:04:27] [SEVERE ] player 3 placing token on slot 7
[2022-12-10 15:04:28] [SEVERE ] player 2 placing token on slot 0
[2022-12-10 15:04:28] [SEVERE ] player 5 placing token on slot 2
[2022-12-10 15:04:28] [SEVERE ] player 4 placing token on slot 7
[2022-12-10 15:04:29] [SEVERE ] player 3 placing token on slot 6
[2022-12-10 15:04:29] [SEVERE ] removing player 3 token from slot 1
[2022-12-10 15:04:29] [SEVERE ] removing player 3 token from slot 6
[2022-12-10 15:04:29] [SEVERE ] removing player 3 token from slot 7
[2022-12-10 15:04:30] [SEVERE ] player 3 placing token on slot 1
[2022-12-10 15:04:31] [SEVERE ] player 2 placing token on slot 2
[2022-12-10 15:04:31] [SEVERE ] player 5 placing token on slot 5
[2022-12-10 15:04:31] [SEVERE ] player 4 placing token on slot 5
[2022-12-10 15:04:31] [SEVERE ] removing player 4 token from slot 2
[2022-12-10 15:04:31] [SEVERE ] removing player 4 token from slot 5
[2022-12-10 15:04:31] [SEVERE ] removing player 4 token from slot 7
[2022-12-10 15:04:31] [SEVERE ] player 5 placing token on slot 6
[2022-12-10 15:04:31] [SEVERE ] removing player 5 token from slot 2
[2022-12-10 15:04:31] [SEVERE ] removing player 5 token from slot 5
[2022-12-10 15:04:31] [SEVERE ] removing player 5 token from slot 6
[2022-12-10 15:04:32] [SEVERE ] removing tokens from slot 0
[2022-12-10 15:04:32] [SEVERE ] removing card from slot 0
[2022-12-10 15:04:32] [SEVERE ] removing tokens from slot 1
[2022-12-10 15:04:32] [SEVERE ] removing card from slot 1
[2022-12-10 15:04:32] [SEVERE ] player 2 placing token on slot 10
[2022-12-10 15:04:32] [SEVERE ] removing tokens from slot 2
[2022-12-10 15:04:32] [SEVERE ] removing card from slot 2
[2022-12-10 15:04:32] [SEVERE ] removing tokens from slot 3
[2022-12-10 15:04:32] [SEVERE ] removing card from slot 3
[2022-12-10 15:04:32] [SEVERE ] removing tokens from slot 4
[2022-12-10 15:04:32] [SEVERE ] removing card from slot 4
[2022-12-10 15:04:32] [SEVERE ] removing tokens from slot 5
[2022-12-10 15:04:32] [SEVERE ] removing card from slot 5
[2022-12-10 15:04:32] [SEVERE ] removing tokens from slot 6
[2022-12-10 15:04:32] [SEVERE ] removing card from slot 6
[2022-12-10 15:04:33] [SEVERE ] removing tokens from slot 7
[2022-12-10 15:04:33] [SEVERE ] removing card from slot 7
[2022-12-10 15:04:33] [SEVERE ] removing tokens from slot 8
[2022-12-10 15:04:33] [SEVERE ] removing card from slot 8
[2022-12-10 15:04:33] [SEVERE ] removing tokens from slot 9
[2022-12-10 15:04:33] [SEVERE ] removing card from slot 9
[2022-12-10 15:04:33] [SEVERE ] removing tokens from slot 10
[2022-12-10 15:04:33] [SEVERE ] removing card from slot 10
[2022-12-10 15:04:33] [SEVERE ] removing tokens from slot 11
[2022-12-10 15:04:33] [SEVERE ] removing card from slot 11
[2022-12-10 15:04:33] [SEVERE ] placing card 22 in slot 0
[2022-12-10 15:04:33] [SEVERE ] placing card 31 in slot 1
[2022-12-10 15:04:33] [SEVERE ] placing card 50 in slot 2
[2022-12-10 15:04:33] [SEVERE ] placing card 9 in slot 3
[2022-12-10 15:04:33] [SEVERE ] placing card 73 in slot 4
[2022-12-10 15:04:34] [SEVERE ] placing card 78 in slot 5
[2022-12-10 15:04:34] [SEVERE ] placing card 18 in slot 6
[2022-12-10 15:04:34] [SEVERE ] placing card 72 in slot 7
[2022-12-10 15:04:34] [SEVERE ] placing card 33 in slot 8
[2022-12-10 15:04:34] [SEVERE ] placing card 74 in slot 9
[2022-12-10 15:04:34] [SEVERE ] placing card 68 in slot 10
[2022-12-10 15:04:34] [SEVERE ] placing card 17 in slot 11
[2022-12-10 15:04:36] [SEVERE ] player 4 placing token on slot 1
[2022-12-10 15:04:37] [SEVERE ] player 5 placing token on slot 11
[2022-12-10 15:04:37] [SEVERE ] player 2 placing token on slot 7
[2022-12-10 15:04:37] [SEVERE ] player 3 placing token on slot 11
[2022-12-10 15:04:38] [SEVERE ] player 5 placing token on slot 0
[2022-12-10 15:04:39] [SEVERE ] player 4 placing token on slot 4
[2022-12-10 15:04:39] [SEVERE ] player 2 placing token on slot 2
[2022-12-10 15:04:39] [SEVERE ] player 5 placing token on slot 10
[2022-12-10 15:04:39] [SEVERE ] removing player 5 token from slot 0
[2022-12-10 15:04:39] [SEVERE ] removing player 5 token from slot 10
[2022-12-10 15:04:39] [SEVERE ] removing player 5 token from slot 11
[2022-12-10 15:04:40] [SEVERE ] player 3 placing token on slot 3
[2022-12-10 15:04:40] [SEVERE ] player 4 placing token on slot 7
[2022-12-10 15:04:40] [SEVERE ] removing player 4 token from slot 1
[2022-12-10 15:04:40] [SEVERE ] removing player 4 token from slot 4
[2022-12-10 15:04:40] [SEVERE ] removing player 4 token from slot 7
[2022-12-10 15:04:40] [SEVERE ] player 3 placing token on slot 7
[2022-12-10 15:04:40] [SEVERE ] removing player 3 token from slot 3
[2022-12-10 15:04:40] [SEVERE ] removing player 3 token from slot 7
[2022-12-10 15:04:40] [SEVERE ] removing player 3 token from slot 11
[2022-12-10 15:04:40] [SEVERE ] player 5 placing token on slot 5
[2022-12-10 15:04:40] [SEVERE ] player 2 placing token on slot 10
[2022-12-10 15:04:40] [SEVERE ] removing player 2 token from slot 2
[2022-12-10 15:04:40] [SEVERE ] removing player 2 token from slot 7
[2022-12-10 15:04:40] [SEVERE ] removing player 2 token from slot 10
[2022-12-10 15:04:40] [SEVERE ] removing tokens from slot 0
[2022-12-10 15:04:40] [SEVERE ] removing card from slot 0
[2022-12-10 15:04:40] [SEVERE ] removing tokens from slot 1
[2022-12-10 15:04:40] [SEVERE ] removing card from slot 1
[2022-12-10 15:04:41] [SEVERE ] removing tokens from slot 2
[2022-12-10 15:04:41] [SEVERE ] removing card from slot 2
[2022-12-10 15:04:41] [SEVERE ] removing tokens from slot 3
[2022-12-10 15:04:41] [SEVERE ] removing card from slot 3
[2022-12-10 15:04:41] [SEVERE ] removing tokens from slot 4
[2022-12-10 15:04:41] [SEVERE ] removing card from slot 4
[2022-12-10 15:04:41] [SEVERE ] removing tokens from slot 5
[2022-12-10 15:04:41] [SEVERE ] removing card from slot 5
[2022-12-10 15:04:41] [SEVERE ] removing tokens from slot 6
[2022-12-10 15:04:41] [SEVERE ] removing card from slot 6
[2022-12-10 15:04:41] [SEVERE ] removing tokens from slot 7
[2022-12-10 15:04:41] [SEVERE ] removing card from slot 7
[2022-12-10 15:04:41] [SEVERE ] removing tokens from slot 8
[2022-12-10 15:04:41] [SEVERE ] removing card from slot 8
[2022-12-10 15:04:41] [SEVERE ] removing tokens from slot 9
[2022-12-10 15:04:41] [SEVERE ] removing card from slot 9
[2022-12-10 15:04:41] [SEVERE ] removing tokens from slot 10
[2022-12-10 15:04:41] [SEVERE ] removing card from slot 10
[2022-12-10 15:04:41] [SEVERE ] removing tokens from slot 11
[2022-12-10 15:04:41] [SEVERE ] removing card from slot 11
[2022-12-10 15:04:42] [SEVERE ] placing card 66 in slot 0
[2022-12-10 15:04:42] [SEVERE ] placing card 47 in slot 1
[2022-12-10 15:04:42] [SEVERE ] placing card 45 in slot 2
[2022-12-10 15:04:42] [SEVERE ] placing card 43 in slot 3
[2022-12-10 15:04:42] [SEVERE ] placing card 57 in slot 4
[2022-12-10 15:04:42] [SEVERE ] placing card 71 in slot 5
[2022-12-10 15:04:42] [SEVERE ] placing card 15 in slot 6
[2022-12-10 15:04:42] [SEVERE ] placing card 4 in slot 7
[2022-12-10 15:04:42] [SEVERE ] placing card 18 in slot 8
[2022-12-10 15:04:43] [SEVERE ] placing card 28 in slot 9
[2022-12-10 15:04:43] [SEVERE ] placing card 32 in slot 10
[2022-12-10 15:04:43] [SEVERE ] placing card 5 in slot 11
[2022-12-10 15:04:43] [SEVERE ] player 5 placing token on slot 4
[2022-12-10 15:04:45] [SEVERE ] player 2 placing token on slot 9
[2022-12-10 15:04:45] [SEVERE ] player 4 placing token on slot 0
[2022-12-10 15:04:45] [SEVERE ] player 5 placing token on slot 6
[2022-12-10 15:04:45] [SEVERE ] player 3 placing token on slot 10
