[2022-12-12 14:16:07] [INFO   ] cannot read configuration file config.properties trying from resources.
[2022-12-12 14:16:07] [INFO   ] configuration file was loaded from resources directory.
[2022-12-12 14:16:08] [INFO   ] Thread Thread-0starting.
[2022-12-12 14:16:08] [INFO   ] Thread Thread-5starting.
[2022-12-12 14:16:08] [INFO   ] Thread Thread-4starting.
[2022-12-12 14:16:08] [INFO   ] Thread dealer starting.
[2022-12-12 14:16:08] [INFO   ] Thread Thread-3starting.
[2022-12-12 14:16:08] [INFO   ] Thread Thread-2starting.
[2022-12-12 14:16:08] [INFO   ] Thread Thread-1starting.
[2022-12-12 14:16:08] [INFO   ] Thread computer-4 starting.
[2022-12-12 14:16:08] [INFO   ] Thread computer-3 starting.
[2022-12-12 14:16:08] [INFO   ] Thread computer-5 starting.
[2022-12-12 14:16:08] [INFO   ] Thread computer-2 starting.
[2022-12-12 14:16:08] [SEVERE ] placing card 54 in slot 0
[2022-12-12 14:16:08] [SEVERE ] placing card 37 in slot 1
[2022-12-12 14:16:08] [SEVERE ] placing card 41 in slot 2
[2022-12-12 14:16:08] [SEVERE ] placing card 44 in slot 3
[2022-12-12 14:16:08] [SEVERE ] placing card 79 in slot 4
[2022-12-12 14:16:09] [SEVERE ] placing card 40 in slot 5
[2022-12-12 14:16:09] [SEVERE ] placing card 50 in slot 6
[2022-12-12 14:16:09] [SEVERE ] placing card 5 in slot 7
[2022-12-12 14:16:09] [SEVERE ] placing card 14 in slot 8
[2022-12-12 14:16:09] [SEVERE ] placing card 24 in slot 9
[2022-12-12 14:16:09] [SEVERE ] placing card 66 in slot 10
[2022-12-12 14:16:09] [SEVERE ] placing card 22 in slot 11
[2022-12-12 14:16:10] [SEVERE ] player 2 placing token on slot 5
[2022-12-12 14:16:10] [SEVERE ] player 3 placing token on slot 5
[2022-12-12 14:16:10] [SEVERE ] player 4 placing token on slot 1
[2022-12-12 14:16:10] [SEVERE ] player 5 placing token on slot 11
[2022-12-12 14:16:10] [SEVERE ] player 2 placing token on slot 8
[2022-12-12 14:16:11] [SEVERE ] player 5 placing token on slot 6
[2022-12-12 14:16:11] [SEVERE ] player 4 placing token on slot 3
[2022-12-12 14:16:11] [SEVERE ] player 3 placing token on slot 8
[2022-12-12 14:16:11] [SEVERE ] player 2 placing token on slot 10
[2022-12-12 14:16:11] [SEVERE ] removing tokens from slot 5
[2022-12-12 14:16:11] [SEVERE ] removing card from slot 5
[2022-12-12 14:16:11] [SEVERE ] removing tokens from slot 8
[2022-12-12 14:16:11] [SEVERE ] removing card from slot 8
[2022-12-12 14:16:11] [SEVERE ] removing tokens from slot 10
[2022-12-12 14:16:11] [SEVERE ] removing card from slot 10
[2022-12-12 14:16:11] [SEVERE ] setting player 2 score to 1
[2022-12-12 14:16:11] [SEVERE ] player 4 placing token on slot 6
[2022-12-12 14:16:11] [SEVERE ] placing card 53 in slot 5
[2022-12-12 14:16:11] [SEVERE ] player 3 placing token on slot 7
[2022-12-12 14:16:11] [SEVERE ] placing card 6 in slot 8
[2022-12-12 14:16:11] [SEVERE ] player 5 placing token on slot 8
[2022-12-12 14:16:12] [SEVERE ] player 2 placing token on slot 3
[2022-12-12 14:16:12] [SEVERE ] placing card 78 in slot 10
[2022-12-12 14:16:12] [SEVERE ] removing player 4 token from slot 1
[2022-12-12 14:16:12] [SEVERE ] removing player 4 token from slot 3
[2022-12-12 14:16:12] [SEVERE ] removing player 4 token from slot 6
[2022-12-12 14:16:12] [SEVERE ] removing player 5 token from slot 6
[2022-12-12 14:16:12] [SEVERE ] removing player 5 token from slot 8
[2022-12-12 14:16:12] [SEVERE ] removing player 5 token from slot 11
[2022-12-12 14:16:12] [SEVERE ] player 4 placing token on slot 2
[2022-12-12 14:16:12] [SEVERE ] player 5 placing token on slot 4
[2022-12-12 14:16:12] [SEVERE ] player 2 placing token on slot 7
[2022-12-12 14:16:13] [SEVERE ] player 4 placing token on slot 10
[2022-12-12 14:16:13] [SEVERE ] player 5 placing token on slot 3
[2022-12-12 14:16:13] [SEVERE ] player 2 placing token on slot 8
[2022-12-12 14:16:13] [SEVERE ] removing player 2 token from slot 3
[2022-12-12 14:16:13] [SEVERE ] removing player 2 token from slot 7
[2022-12-12 14:16:13] [SEVERE ] removing player 2 token from slot 8
[2022-12-12 14:16:13] [SEVERE ] player 4 placing token on slot 11
[2022-12-12 14:16:13] [SEVERE ] removing player 4 token from slot 2
[2022-12-12 14:16:13] [SEVERE ] removing player 4 token from slot 10
[2022-12-12 14:16:13] [SEVERE ] removing player 4 token from slot 11
[2022-12-12 14:16:14] [SEVERE ] player 5 placing token on slot 7
[2022-12-12 14:16:14] [SEVERE ] removing player 5 token from slot 3
[2022-12-12 14:16:14] [SEVERE ] removing player 5 token from slot 4
[2022-12-12 14:16:14] [SEVERE ] removing player 5 token from slot 7
[2022-12-12 14:16:14] [SEVERE ] player 2 placing token on slot 3
[2022-12-12 14:16:14] [SEVERE ] player 4 placing token on slot 1
[2022-12-12 14:16:14] [SEVERE ] player 5 placing token on slot 6
[2022-12-12 14:16:15] [SEVERE ] player 2 placing token on slot 10
[2022-12-12 14:16:15] [SEVERE ] player 4 placing token on slot 7
[2022-12-12 14:16:15] [SEVERE ] player 5 placing token on slot 5
[2022-12-12 14:16:15] [SEVERE ] player 4 placing token on slot 3
[2022-12-12 14:16:15] [SEVERE ] removing player 4 token from slot 1
[2022-12-12 14:16:15] [SEVERE ] removing player 4 token from slot 3
[2022-12-12 14:16:15] [SEVERE ] removing player 4 token from slot 7
[2022-12-12 14:16:15] [SEVERE ] player 2 placing token on slot 0
[2022-12-12 14:16:15] [SEVERE ] removing player 2 token from slot 0
[2022-12-12 14:16:15] [SEVERE ] removing player 2 token from slot 3
[2022-12-12 14:16:15] [SEVERE ] removing player 2 token from slot 10
[2022-12-12 14:16:16] [SEVERE ] player 5 placing token on slot 1
[2022-12-12 14:16:16] [SEVERE ] removing player 5 token from slot 1
[2022-12-12 14:16:16] [SEVERE ] removing player 5 token from slot 5
[2022-12-12 14:16:16] [SEVERE ] removing player 5 token from slot 6
[2022-12-12 14:16:16] [SEVERE ] player 4 placing token on slot 7
[2022-12-12 14:16:16] [SEVERE ] player 2 placing token on slot 2
[2022-12-12 14:16:17] [SEVERE ] player 5 placing token on slot 7
[2022-12-12 14:16:17] [SEVERE ] player 4 placing token on slot 1
[2022-12-12 14:16:17] [SEVERE ] player 2 placing token on slot 5
[2022-12-12 14:16:17] [SEVERE ] player 5 placing token on slot 11
[2022-12-12 14:16:18] [SEVERE ] player 4 placing token on slot 10
[2022-12-12 14:16:18] [SEVERE ] removing tokens from slot 1
[2022-12-12 14:16:18] [SEVERE ] removing card from slot 1
[2022-12-12 14:16:18] [SEVERE ] player 2 placing token on slot 7
[2022-12-12 14:16:18] [SEVERE ] player 5 placing token on slot 3
[2022-12-12 14:16:18] [SEVERE ] removing tokens from slot 7
[2022-12-12 14:16:18] [SEVERE ] removing card from slot 7
[2022-12-12 14:16:18] [SEVERE ] removing tokens from slot 10
[2022-12-12 14:16:18] [SEVERE ] removing card from slot 10
[2022-12-12 14:16:18] [SEVERE ] setting player 4 score to 1
[2022-12-12 14:16:18] [SEVERE ] placing card 75 in slot 1
[2022-12-12 14:16:18] [SEVERE ] placing card 76 in slot 7
[2022-12-12 14:16:18] [SEVERE ] placing card 7 in slot 10
[2022-12-12 14:16:19] [SEVERE ] player 4 placing token on slot 4
[2022-12-12 14:16:19] [SEVERE ] player 4 placing token on slot 2
[2022-12-12 14:16:20] [SEVERE ] player 4 placing token on slot 0
[2022-12-12 14:16:20] [SEVERE ] removing player 4 token from slot 0
[2022-12-12 14:16:20] [SEVERE ] removing player 4 token from slot 2
[2022-12-12 14:16:20] [SEVERE ] removing player 4 token from slot 4
[2022-12-12 14:16:21] [SEVERE ] player 4 placing token on slot 6
[2022-12-12 14:16:21] [SEVERE ] player 4 placing token on slot 11
[2022-12-12 14:16:22] [SEVERE ] player 4 placing token on slot 9
[2022-12-12 14:16:22] [SEVERE ] removing player 4 token from slot 6
[2022-12-12 14:16:22] [SEVERE ] removing player 4 token from slot 9
[2022-12-12 14:16:22] [SEVERE ] removing player 4 token from slot 11
