[2022-12-12 19:25:33] [INFO   ] cannot read configuration file config.properties trying from resources.
[2022-12-12 19:25:33] [INFO   ] configuration file was loaded from resources directory.
[2022-12-12 19:25:33] [INFO   ] Thread dealer starting.
[2022-12-12 19:25:33] [INFO   ] Thread Thread-1starting.
[2022-12-12 19:25:33] [INFO   ] Thread Thread-0starting.
[2022-12-12 19:25:33] [SEVERE ] placing card 60 in slot 0
[2022-12-12 19:25:33] [SEVERE ] placing card 46 in slot 1
[2022-12-12 19:25:33] [SEVERE ] placing card 11 in slot 2
[2022-12-12 19:25:34] [SEVERE ] placing card 5 in slot 3
[2022-12-12 19:25:34] [SEVERE ] placing card 12 in slot 4
[2022-12-12 19:25:34] [SEVERE ] placing card 59 in slot 5
[2022-12-12 19:25:34] [SEVERE ] placing card 50 in slot 6
[2022-12-12 19:25:34] [SEVERE ] placing card 33 in slot 7
[2022-12-12 19:25:34] [SEVERE ] placing card 18 in slot 8
[2022-12-12 19:25:34] [SEVERE ] placing card 32 in slot 9
[2022-12-12 19:25:34] [SEVERE ] placing card 7 in slot 10
[2022-12-12 19:25:34] [SEVERE ] placing card 43 in slot 11
[2022-12-12 19:25:37] [SEVERE ] Key 81 was pressed by player 0
[2022-12-12 19:25:37] [SEVERE ] player 0 placing token on slot 0
[2022-12-12 19:25:38] [SEVERE ] Key 87 was pressed by player 0
[2022-12-12 19:25:38] [SEVERE ] player 0 placing token on slot 1
[2022-12-12 19:25:40] [SEVERE ] Key 69 was pressed by player 0
[2022-12-12 19:25:40] [SEVERE ] player 0 placing token on slot 2
[2022-12-12 19:25:41] [SEVERE ] Key 81 was pressed by player 0
[2022-12-12 19:25:43] [SEVERE ] removing player 0 token from slot 0
[2022-12-12 19:25:43] [SEVERE ] Key 87 was pressed by player 0
[2022-12-12 19:25:43] [SEVERE ] removing player 0 token from slot 1
