[2022-12-12 21:19:01] [INFO   ] cannot read configuration file config.properties trying from resources.
[2022-12-12 21:19:01] [INFO   ] configuration file was loaded from resources directory.
[2022-12-12 21:19:01] [INFO   ] Thread Thread-0starting.
[2022-12-12 21:19:01] [INFO   ] Thread Thread-2starting.
[2022-12-12 21:19:01] [INFO   ] Thread Thread-1starting.
[2022-12-12 21:19:01] [INFO   ] Thread dealer starting.
[2022-12-12 21:19:01] [INFO   ] Thread computer-2 starting.
[2022-12-12 21:19:01] [SEVERE ] placing card 55 in slot 0
[2022-12-12 21:19:01] [SEVERE ] placing card 17 in slot 1
[2022-12-12 21:19:01] [SEVERE ] placing card 39 in slot 2
[2022-12-12 21:19:01] [SEVERE ] placing card 49 in slot 3
[2022-12-12 21:19:02] [SEVERE ] placing card 1 in slot 4
[2022-12-12 21:19:02] [SEVERE ] placing card 26 in slot 5
[2022-12-12 21:19:02] [SEVERE ] placing card 40 in slot 6
[2022-12-12 21:19:02] [SEVERE ] placing card 61 in slot 7
[2022-12-12 21:19:02] [SEVERE ] placing card 45 in slot 8
[2022-12-12 21:19:02] [SEVERE ] placing card 7 in slot 9
[2022-12-12 21:19:02] [SEVERE ] placing card 54 in slot 10
[2022-12-12 21:19:02] [SEVERE ] placing card 69 in slot 11
[2022-12-12 21:19:02] [SEVERE ] player 2 placing token on slot 3
[2022-12-12 21:19:02] [SEVERE ] player 2 placing token on slot 11
[2022-12-12 21:19:02] [SEVERE ] player 2 placing token on slot 7
[2022-12-12 21:19:02] [SEVERE ] removing player 2 token from slot 3
[2022-12-12 21:19:02] [SEVERE ] removing player 2 token from slot 7
[2022-12-12 21:19:02] [SEVERE ] removing player 2 token from slot 11
[2022-12-12 21:19:02] [SEVERE ] player 2 placing token on slot 4
[2022-12-12 21:19:02] [SEVERE ] player 2 placing token on slot 9
[2022-12-12 21:19:02] [SEVERE ] player 2 placing token on slot 8
[2022-12-12 21:19:02] [SEVERE ] removing player 2 token from slot 4
[2022-12-12 21:19:02] [SEVERE ] removing player 2 token from slot 8
[2022-12-12 21:19:02] [SEVERE ] removing player 2 token from slot 9
[2022-12-12 21:19:02] [SEVERE ] player 2 placing token on slot 5
[2022-12-12 21:19:02] [SEVERE ] player 2 placing token on slot 4
[2022-12-12 21:19:03] [SEVERE ] player 2 placing token on slot 9
[2022-12-12 21:19:03] [SEVERE ] removing player 2 token from slot 4
[2022-12-12 21:19:03] [SEVERE ] removing player 2 token from slot 5
[2022-12-12 21:19:03] [SEVERE ] removing player 2 token from slot 9
[2022-12-12 21:19:03] [SEVERE ] player 2 placing token on slot 0
[2022-12-12 21:19:03] [SEVERE ] player 2 placing token on slot 7
[2022-12-12 21:19:03] [SEVERE ] player 2 placing token on slot 5
[2022-12-12 21:19:03] [SEVERE ] removing player 2 token from slot 0
[2022-12-12 21:19:03] [SEVERE ] removing player 2 token from slot 5
[2022-12-12 21:19:03] [SEVERE ] removing player 2 token from slot 7
[2022-12-12 21:19:03] [SEVERE ] player 2 placing token on slot 10
[2022-12-12 21:19:03] [SEVERE ] player 2 placing token on slot 1
[2022-12-12 21:19:03] [SEVERE ] player 2 placing token on slot 11
[2022-12-12 21:19:03] [SEVERE ] removing player 2 token from slot 1
[2022-12-12 21:19:03] [SEVERE ] removing player 2 token from slot 10
[2022-12-12 21:19:03] [SEVERE ] removing player 2 token from slot 11
[2022-12-12 21:19:03] [SEVERE ] player 2 placing token on slot 2
[2022-12-12 21:19:03] [SEVERE ] player 2 placing token on slot 6
[2022-12-12 21:19:03] [SEVERE ] player 2 placing token on slot 4
[2022-12-12 21:19:03] [SEVERE ] removing player 2 token from slot 2
[2022-12-12 21:19:03] [SEVERE ] removing player 2 token from slot 4
[2022-12-12 21:19:03] [SEVERE ] removing player 2 token from slot 6
[2022-12-12 21:19:03] [SEVERE ] player 2 placing token on slot 1
[2022-12-12 21:19:03] [SEVERE ] player 2 placing token on slot 10
[2022-12-12 21:19:03] [SEVERE ] player 2 placing token on slot 2
[2022-12-12 21:19:03] [SEVERE ] removing player 2 token from slot 1
[2022-12-12 21:19:03] [SEVERE ] removing player 2 token from slot 2
[2022-12-12 21:19:03] [SEVERE ] removing player 2 token from slot 10
[2022-12-12 21:19:03] [SEVERE ] player 2 placing token on slot 3
[2022-12-12 21:19:03] [SEVERE ] player 2 placing token on slot 7
[2022-12-12 21:19:03] [SEVERE ] player 2 placing token on slot 0
[2022-12-12 21:19:03] [SEVERE ] removing player 2 token from slot 0
[2022-12-12 21:19:03] [SEVERE ] removing player 2 token from slot 3
[2022-12-12 21:19:03] [SEVERE ] removing player 2 token from slot 7
[2022-12-12 21:19:03] [SEVERE ] player 2 placing token on slot 4
[2022-12-12 21:19:03] [SEVERE ] player 2 placing token on slot 6
[2022-12-12 21:19:03] [SEVERE ] player 2 placing token on slot 11
[2022-12-12 21:19:03] [SEVERE ] removing player 2 token from slot 4
[2022-12-12 21:19:03] [SEVERE ] removing player 2 token from slot 6
[2022-12-12 21:19:03] [SEVERE ] removing player 2 token from slot 11
[2022-12-12 21:19:03] [SEVERE ] player 2 placing token on slot 2
[2022-12-12 21:19:03] [SEVERE ] player 2 placing token on slot 8
[2022-12-12 21:19:03] [SEVERE ] player 2 placing token on slot 5
[2022-12-12 21:19:03] [SEVERE ] removing player 2 token from slot 2
[2022-12-12 21:19:03] [SEVERE ] removing player 2 token from slot 5
[2022-12-12 21:19:03] [SEVERE ] removing player 2 token from slot 8
[2022-12-12 21:19:03] [SEVERE ] player 2 placing token on slot 7
[2022-12-12 21:19:03] [SEVERE ] player 2 placing token on slot 8
[2022-12-12 21:19:03] [SEVERE ] player 2 placing token on slot 4
[2022-12-12 21:19:03] [SEVERE ] removing player 2 token from slot 4
[2022-12-12 21:19:03] [SEVERE ] removing player 2 token from slot 7
[2022-12-12 21:19:03] [SEVERE ] removing player 2 token from slot 8
[2022-12-12 21:19:03] [SEVERE ] player 2 placing token on slot 9
[2022-12-12 21:19:03] [SEVERE ] player 2 placing token on slot 5
[2022-12-12 21:19:03] [SEVERE ] player 2 placing token on slot 10
[2022-12-12 21:19:03] [SEVERE ] removing player 2 token from slot 5
[2022-12-12 21:19:03] [SEVERE ] removing player 2 token from slot 9
[2022-12-12 21:19:03] [SEVERE ] removing player 2 token from slot 10
[2022-12-12 21:19:03] [SEVERE ] player 2 placing token on slot 0
[2022-12-12 21:19:03] [SEVERE ] player 2 placing token on slot 1
[2022-12-12 21:19:03] [SEVERE ] player 2 placing token on slot 5
[2022-12-12 21:19:03] [SEVERE ] removing player 2 token from slot 0
[2022-12-12 21:19:03] [SEVERE ] removing player 2 token from slot 1
[2022-12-12 21:19:03] [SEVERE ] removing player 2 token from slot 5
[2022-12-12 21:19:03] [SEVERE ] player 2 placing token on slot 9
[2022-12-12 21:19:03] [SEVERE ] player 2 placing token on slot 2
[2022-12-12 21:19:03] [SEVERE ] player 2 placing token on slot 1
[2022-12-12 21:19:03] [SEVERE ] removing player 2 token from slot 1
[2022-12-12 21:19:03] [SEVERE ] removing player 2 token from slot 2
[2022-12-12 21:19:03] [SEVERE ] removing player 2 token from slot 9
[2022-12-12 21:19:03] [SEVERE ] player 2 placing token on slot 5
[2022-12-12 21:19:03] [SEVERE ] player 2 placing token on slot 7
[2022-12-12 21:19:04] [SEVERE ] player 2 placing token on slot 8
[2022-12-12 21:19:04] [SEVERE ] removing player 2 token from slot 5
[2022-12-12 21:19:04] [SEVERE ] removing player 2 token from slot 7
[2022-12-12 21:19:04] [SEVERE ] removing player 2 token from slot 8
[2022-12-12 21:19:04] [SEVERE ] player 2 placing token on slot 6
[2022-12-12 21:19:04] [SEVERE ] player 2 placing token on slot 9
[2022-12-12 21:19:04] [SEVERE ] player 2 placing token on slot 10
[2022-12-12 21:19:04] [SEVERE ] removing player 2 token from slot 6
[2022-12-12 21:19:04] [SEVERE ] removing player 2 token from slot 9
[2022-12-12 21:19:04] [SEVERE ] removing player 2 token from slot 10
[2022-12-12 21:19:04] [SEVERE ] player 2 placing token on slot 4
[2022-12-12 21:19:04] [SEVERE ] player 2 placing token on slot 9
[2022-12-12 21:19:04] [SEVERE ] player 2 placing token on slot 5
[2022-12-12 21:19:04] [SEVERE ] removing player 2 token from slot 4
[2022-12-12 21:19:04] [SEVERE ] removing player 2 token from slot 5
[2022-12-12 21:19:04] [SEVERE ] removing player 2 token from slot 9
[2022-12-12 21:19:04] [SEVERE ] player 2 placing token on slot 6
[2022-12-12 21:19:04] [SEVERE ] player 2 placing token on slot 5
[2022-12-12 21:19:04] [SEVERE ] player 2 placing token on slot 11
[2022-12-12 21:19:04] [SEVERE ] removing player 2 token from slot 5
[2022-12-12 21:19:04] [SEVERE ] removing player 2 token from slot 6
[2022-12-12 21:19:04] [SEVERE ] removing player 2 token from slot 11
[2022-12-12 21:19:04] [SEVERE ] player 2 placing token on slot 2
[2022-12-12 21:19:04] [SEVERE ] player 2 placing token on slot 10
[2022-12-12 21:19:04] [SEVERE ] player 2 placing token on slot 9
[2022-12-12 21:19:04] [SEVERE ] removing player 2 token from slot 2
[2022-12-12 21:19:04] [SEVERE ] removing player 2 token from slot 9
[2022-12-12 21:19:04] [SEVERE ] removing player 2 token from slot 10
[2022-12-12 21:19:04] [SEVERE ] player 2 placing token on slot 1
[2022-12-12 21:19:04] [SEVERE ] player 2 placing token on slot 6
[2022-12-12 21:19:04] [SEVERE ] player 2 placing token on slot 4
[2022-12-12 21:19:04] [SEVERE ] removing player 2 token from slot 1
[2022-12-12 21:19:04] [SEVERE ] removing player 2 token from slot 4
[2022-12-12 21:19:04] [SEVERE ] removing player 2 token from slot 6
[2022-12-12 21:19:04] [SEVERE ] player 2 placing token on slot 7
[2022-12-12 21:19:04] [SEVERE ] player 2 placing token on slot 11
[2022-12-12 21:19:04] [SEVERE ] player 2 placing token on slot 1
[2022-12-12 21:19:04] [SEVERE ] removing player 2 token from slot 1
[2022-12-12 21:19:04] [SEVERE ] removing player 2 token from slot 7
[2022-12-12 21:19:04] [SEVERE ] removing player 2 token from slot 11
[2022-12-12 21:19:04] [SEVERE ] player 2 placing token on slot 0
[2022-12-12 21:19:04] [SEVERE ] player 2 placing token on slot 7
[2022-12-12 21:19:04] [SEVERE ] player 2 placing token on slot 6
[2022-12-12 21:19:04] [SEVERE ] removing player 2 token from slot 0
[2022-12-12 21:19:04] [SEVERE ] removing player 2 token from slot 6
[2022-12-12 21:19:04] [SEVERE ] removing player 2 token from slot 7
[2022-12-12 21:19:04] [SEVERE ] player 2 placing token on slot 6
[2022-12-12 21:19:04] [SEVERE ] player 2 placing token on slot 10
[2022-12-12 21:19:04] [SEVERE ] player 2 placing token on slot 4
[2022-12-12 21:19:04] [SEVERE ] removing player 2 token from slot 4
[2022-12-12 21:19:04] [SEVERE ] removing player 2 token from slot 6
[2022-12-12 21:19:04] [SEVERE ] removing player 2 token from slot 10
[2022-12-12 21:19:04] [SEVERE ] player 2 placing token on slot 4
[2022-12-12 21:19:04] [SEVERE ] player 2 placing token on slot 11
[2022-12-12 21:19:04] [SEVERE ] player 2 placing token on slot 9
[2022-12-12 21:19:04] [SEVERE ] removing player 2 token from slot 4
[2022-12-12 21:19:04] [SEVERE ] removing player 2 token from slot 9
[2022-12-12 21:19:04] [SEVERE ] removing player 2 token from slot 11
[2022-12-12 21:19:04] [SEVERE ] player 2 placing token on slot 6
[2022-12-12 21:19:04] [SEVERE ] player 2 placing token on slot 7
[2022-12-12 21:19:04] [SEVERE ] player 2 placing token on slot 11
[2022-12-12 21:19:04] [SEVERE ] removing player 2 token from slot 6
[2022-12-12 21:19:04] [SEVERE ] removing player 2 token from slot 7
[2022-12-12 21:19:04] [SEVERE ] removing player 2 token from slot 11
[2022-12-12 21:19:04] [SEVERE ] player 2 placing token on slot 6
[2022-12-12 21:19:04] [SEVERE ] player 2 placing token on slot 10
[2022-12-12 21:19:05] [SEVERE ] player 2 placing token on slot 9
[2022-12-12 21:19:05] [SEVERE ] removing player 2 token from slot 6
[2022-12-12 21:19:05] [SEVERE ] removing player 2 token from slot 9
[2022-12-12 21:19:05] [SEVERE ] removing player 2 token from slot 10
[2022-12-12 21:19:05] [SEVERE ] player 2 placing token on slot 5
[2022-12-12 21:19:05] [SEVERE ] player 2 placing token on slot 1
[2022-12-12 21:19:05] [SEVERE ] player 2 placing token on slot 10
[2022-12-12 21:19:05] [SEVERE ] removing player 2 token from slot 1
[2022-12-12 21:19:05] [SEVERE ] removing player 2 token from slot 5
[2022-12-12 21:19:05] [SEVERE ] removing player 2 token from slot 10
[2022-12-12 21:19:05] [SEVERE ] player 2 placing token on slot 3
[2022-12-12 21:19:05] [SEVERE ] player 2 placing token on slot 0
[2022-12-12 21:19:05] [SEVERE ] player 2 placing token on slot 9
[2022-12-12 21:19:05] [SEVERE ] removing player 2 token from slot 0
[2022-12-12 21:19:05] [SEVERE ] removing player 2 token from slot 3
[2022-12-12 21:19:05] [SEVERE ] removing player 2 token from slot 9
[2022-12-12 21:19:05] [SEVERE ] player 2 placing token on slot 5
[2022-12-12 21:19:05] [SEVERE ] player 2 placing token on slot 0
[2022-12-12 21:19:05] [SEVERE ] player 2 placing token on slot 6
[2022-12-12 21:19:05] [SEVERE ] removing player 2 token from slot 0
[2022-12-12 21:19:05] [SEVERE ] removing player 2 token from slot 5
[2022-12-12 21:19:05] [SEVERE ] removing player 2 token from slot 6
[2022-12-12 21:19:05] [SEVERE ] player 2 placing token on slot 9
[2022-12-12 21:19:05] [SEVERE ] player 2 placing token on slot 0
[2022-12-12 21:19:05] [SEVERE ] player 2 placing token on slot 8
[2022-12-12 21:19:05] [SEVERE ] removing player 2 token from slot 0
[2022-12-12 21:19:05] [SEVERE ] removing player 2 token from slot 8
[2022-12-12 21:19:05] [SEVERE ] removing player 2 token from slot 9
[2022-12-12 21:19:05] [SEVERE ] player 2 placing token on slot 9
[2022-12-12 21:19:05] [SEVERE ] player 2 placing token on slot 5
[2022-12-12 21:19:05] [SEVERE ] player 2 placing token on slot 10
[2022-12-12 21:19:05] [SEVERE ] removing player 2 token from slot 5
[2022-12-12 21:19:05] [SEVERE ] removing player 2 token from slot 9
[2022-12-12 21:19:05] [SEVERE ] removing player 2 token from slot 10
[2022-12-12 21:19:05] [SEVERE ] player 2 placing token on slot 9
[2022-12-12 21:19:05] [SEVERE ] player 2 placing token on slot 1
[2022-12-12 21:19:05] [SEVERE ] player 2 placing token on slot 6
[2022-12-12 21:19:05] [SEVERE ] removing player 2 token from slot 1
[2022-12-12 21:19:05] [SEVERE ] removing player 2 token from slot 6
[2022-12-12 21:19:05] [SEVERE ] removing player 2 token from slot 9
[2022-12-12 21:19:05] [SEVERE ] player 2 placing token on slot 8
[2022-12-12 21:19:05] [SEVERE ] player 2 placing token on slot 9
[2022-12-12 21:19:05] [SEVERE ] player 2 placing token on slot 0
[2022-12-12 21:19:05] [SEVERE ] removing player 2 token from slot 0
[2022-12-12 21:19:05] [SEVERE ] removing player 2 token from slot 8
[2022-12-12 21:19:05] [SEVERE ] removing player 2 token from slot 9
[2022-12-12 21:19:05] [SEVERE ] player 2 placing token on slot 10
[2022-12-12 21:19:05] [SEVERE ] player 2 placing token on slot 3
[2022-12-12 21:19:05] [SEVERE ] player 2 placing token on slot 6
[2022-12-12 21:19:05] [SEVERE ] removing player 2 token from slot 3
[2022-12-12 21:19:05] [SEVERE ] removing player 2 token from slot 6
[2022-12-12 21:19:05] [SEVERE ] removing player 2 token from slot 10
[2022-12-12 21:19:05] [SEVERE ] player 2 placing token on slot 3
[2022-12-12 21:19:05] [SEVERE ] player 2 placing token on slot 9
[2022-12-12 21:19:05] [SEVERE ] player 2 placing token on slot 4
[2022-12-12 21:19:05] [SEVERE ] removing player 2 token from slot 3
[2022-12-12 21:19:05] [SEVERE ] removing player 2 token from slot 4
[2022-12-12 21:19:05] [SEVERE ] removing player 2 token from slot 9
[2022-12-12 21:19:05] [SEVERE ] player 2 placing token on slot 2
[2022-12-12 21:19:05] [SEVERE ] player 2 placing token on slot 7
[2022-12-12 21:19:05] [SEVERE ] player 2 placing token on slot 3
[2022-12-12 21:19:05] [SEVERE ] removing player 2 token from slot 2
[2022-12-12 21:19:05] [SEVERE ] removing player 2 token from slot 3
[2022-12-12 21:19:05] [SEVERE ] removing player 2 token from slot 7
[2022-12-12 21:19:05] [SEVERE ] player 2 placing token on slot 8
[2022-12-12 21:19:05] [SEVERE ] player 2 placing token on slot 7
[2022-12-12 21:19:06] [SEVERE ] player 2 placing token on slot 5
[2022-12-12 21:19:06] [SEVERE ] removing player 2 token from slot 5
[2022-12-12 21:19:06] [SEVERE ] removing player 2 token from slot 7
[2022-12-12 21:19:06] [SEVERE ] removing player 2 token from slot 8
[2022-12-12 21:19:06] [SEVERE ] player 2 placing token on slot 8
[2022-12-12 21:19:06] [SEVERE ] player 2 placing token on slot 9
[2022-12-12 21:19:06] [SEVERE ] player 2 placing token on slot 10
[2022-12-12 21:19:06] [SEVERE ] removing player 2 token from slot 8
[2022-12-12 21:19:06] [SEVERE ] removing player 2 token from slot 9
[2022-12-12 21:19:06] [SEVERE ] removing player 2 token from slot 10
[2022-12-12 21:19:06] [SEVERE ] player 2 placing token on slot 10
[2022-12-12 21:19:06] [SEVERE ] player 2 placing token on slot 9
[2022-12-12 21:19:06] [SEVERE ] player 2 placing token on slot 1
[2022-12-12 21:19:06] [SEVERE ] removing player 2 token from slot 1
[2022-12-12 21:19:06] [SEVERE ] removing player 2 token from slot 9
[2022-12-12 21:19:06] [SEVERE ] removing player 2 token from slot 10
[2022-12-12 21:19:06] [SEVERE ] player 2 placing token on slot 5
[2022-12-12 21:19:06] [SEVERE ] player 2 placing token on slot 7
[2022-12-12 21:19:06] [SEVERE ] player 2 placing token on slot 6
[2022-12-12 21:19:06] [SEVERE ] removing player 2 token from slot 5
[2022-12-12 21:19:06] [SEVERE ] removing player 2 token from slot 6
[2022-12-12 21:19:06] [SEVERE ] removing player 2 token from slot 7
[2022-12-12 21:19:06] [SEVERE ] player 2 placing token on slot 11
[2022-12-12 21:19:06] [SEVERE ] player 2 placing token on slot 3
[2022-12-12 21:19:06] [SEVERE ] player 2 placing token on slot 8
[2022-12-12 21:19:06] [SEVERE ] removing player 2 token from slot 3
[2022-12-12 21:19:06] [SEVERE ] removing player 2 token from slot 8
[2022-12-12 21:19:06] [SEVERE ] removing player 2 token from slot 11
[2022-12-12 21:19:06] [SEVERE ] player 2 placing token on slot 1
[2022-12-12 21:19:06] [SEVERE ] player 2 placing token on slot 3
[2022-12-12 21:19:06] [SEVERE ] player 2 placing token on slot 2
[2022-12-12 21:19:06] [SEVERE ] removing player 2 token from slot 1
[2022-12-12 21:19:06] [SEVERE ] removing player 2 token from slot 2
[2022-12-12 21:19:06] [SEVERE ] removing player 2 token from slot 3
[2022-12-12 21:19:06] [SEVERE ] player 2 placing token on slot 6
[2022-12-12 21:19:06] [SEVERE ] player 2 placing token on slot 8
[2022-12-12 21:19:06] [SEVERE ] player 2 placing token on slot 2
[2022-12-12 21:19:06] [SEVERE ] removing player 2 token from slot 2
[2022-12-12 21:19:06] [SEVERE ] removing player 2 token from slot 6
[2022-12-12 21:19:06] [SEVERE ] removing player 2 token from slot 8
[2022-12-12 21:19:06] [SEVERE ] player 2 placing token on slot 2
[2022-12-12 21:19:06] [SEVERE ] player 2 placing token on slot 10
[2022-12-12 21:19:06] [SEVERE ] player 2 placing token on slot 6
[2022-12-12 21:19:06] [SEVERE ] removing player 2 token from slot 2
[2022-12-12 21:19:06] [SEVERE ] removing player 2 token from slot 6
[2022-12-12 21:19:06] [SEVERE ] removing player 2 token from slot 10
[2022-12-12 21:19:06] [SEVERE ] player 2 placing token on slot 11
[2022-12-12 21:19:06] [SEVERE ] player 2 placing token on slot 10
[2022-12-12 21:19:06] [SEVERE ] player 2 placing token on slot 0
[2022-12-12 21:19:06] [SEVERE ] removing player 2 token from slot 0
[2022-12-12 21:19:06] [SEVERE ] removing player 2 token from slot 10
[2022-12-12 21:19:06] [SEVERE ] removing player 2 token from slot 11
[2022-12-12 21:19:06] [SEVERE ] player 2 placing token on slot 8
[2022-12-12 21:19:06] [SEVERE ] player 2 placing token on slot 5
[2022-12-12 21:19:06] [SEVERE ] player 2 placing token on slot 10
[2022-12-12 21:19:06] [SEVERE ] removing player 2 token from slot 5
[2022-12-12 21:19:06] [SEVERE ] removing player 2 token from slot 8
[2022-12-12 21:19:06] [SEVERE ] removing player 2 token from slot 10
[2022-12-12 21:19:06] [SEVERE ] player 2 placing token on slot 8
[2022-12-12 21:19:06] [SEVERE ] player 2 placing token on slot 11
[2022-12-12 21:19:06] [SEVERE ] player 2 placing token on slot 4
[2022-12-12 21:19:06] [SEVERE ] removing player 2 token from slot 4
[2022-12-12 21:19:06] [SEVERE ] removing player 2 token from slot 8
[2022-12-12 21:19:06] [SEVERE ] removing player 2 token from slot 11
[2022-12-12 21:19:06] [SEVERE ] player 2 placing token on slot 3
[2022-12-12 21:19:07] [SEVERE ] player 2 placing token on slot 0
[2022-12-12 21:19:07] [SEVERE ] player 2 placing token on slot 7
[2022-12-12 21:19:07] [SEVERE ] removing player 2 token from slot 0
[2022-12-12 21:19:07] [SEVERE ] removing player 2 token from slot 3
[2022-12-12 21:19:07] [SEVERE ] removing player 2 token from slot 7
[2022-12-12 21:19:07] [SEVERE ] player 2 placing token on slot 0
[2022-12-12 21:19:07] [SEVERE ] player 2 placing token on slot 5
[2022-12-12 21:19:07] [SEVERE ] player 2 placing token on slot 1
[2022-12-12 21:19:07] [SEVERE ] removing player 2 token from slot 0
[2022-12-12 21:19:07] [SEVERE ] removing player 2 token from slot 1
[2022-12-12 21:19:07] [SEVERE ] removing player 2 token from slot 5
[2022-12-12 21:19:07] [SEVERE ] player 2 placing token on slot 6
[2022-12-12 21:19:07] [SEVERE ] player 2 placing token on slot 1
[2022-12-12 21:19:07] [SEVERE ] player 2 placing token on slot 2
[2022-12-12 21:19:07] [SEVERE ] removing player 2 token from slot 1
[2022-12-12 21:19:07] [SEVERE ] removing player 2 token from slot 2
[2022-12-12 21:19:07] [SEVERE ] removing player 2 token from slot 6
[2022-12-12 21:19:07] [SEVERE ] player 2 placing token on slot 4
[2022-12-12 21:19:07] [SEVERE ] player 2 placing token on slot 2
[2022-12-12 21:19:07] [SEVERE ] player 2 placing token on slot 5
[2022-12-12 21:19:07] [SEVERE ] removing player 2 token from slot 2
[2022-12-12 21:19:07] [SEVERE ] removing player 2 token from slot 4
[2022-12-12 21:19:07] [SEVERE ] removing player 2 token from slot 5
[2022-12-12 21:19:07] [SEVERE ] player 2 placing token on slot 2
[2022-12-12 21:19:07] [SEVERE ] player 2 placing token on slot 0
[2022-12-12 21:19:07] [SEVERE ] player 2 placing token on slot 5
[2022-12-12 21:19:07] [SEVERE ] removing tokens from slot 0
[2022-12-12 21:19:07] [SEVERE ] removing card from slot 0
[2022-12-12 21:19:07] [SEVERE ] removing tokens from slot 2
[2022-12-12 21:19:07] [SEVERE ] removing card from slot 2
[2022-12-12 21:19:07] [SEVERE ] removing tokens from slot 5
[2022-12-12 21:19:07] [SEVERE ] removing card from slot 5
[2022-12-12 21:19:07] [SEVERE ] setting player 2 score to 1
[2022-12-12 21:19:07] [SEVERE ] player 2 placing token on slot 11
[2022-12-12 21:19:07] [SEVERE ] player 2 placing token on slot 8
[2022-12-12 21:19:07] [SEVERE ] placing card 37 in slot 0
[2022-12-12 21:19:07] [SEVERE ] player 2 placing token on slot 1
[2022-12-12 21:19:07] [SEVERE ] placing card 3 in slot 2
[2022-12-12 21:19:08] [SEVERE ] placing card 5 in slot 5
