[2022-12-10 12:22:55] [INFO   ] cannot read configuration file config.properties trying from resources.
[2022-12-10 12:22:55] [INFO   ] configuration file was loaded from resources directory.
[2022-12-10 12:22:55] [INFO   ] Thread Thread-0starting.
[2022-12-10 12:22:55] [INFO   ] Thread Thread-3starting.
[2022-12-10 12:22:55] [INFO   ] Thread Thread-2starting.
[2022-12-10 12:22:55] [INFO   ] Thread dealer starting.
[2022-12-10 12:22:55] [INFO   ] Thread Thread-1starting.
[2022-12-10 12:22:55] [INFO   ] Thread computer-2 starting.
[2022-12-10 12:22:55] [INFO   ] Thread computer-3 starting.
[2022-12-10 12:22:55] [SEVERE ] player 2 placing token on slot 10
[2022-12-10 12:22:55] [SEVERE ] player 3 placing token on slot 10
[2022-12-10 12:22:55] [SEVERE ] placing card 72 in slot 0
[2022-12-10 12:22:55] [SEVERE ] placing card 52 in slot 1
[2022-12-10 12:22:55] [SEVERE ] placing card 18 in slot 2
[2022-12-10 12:22:56] [SEVERE ] Key 86 was pressed by player 0
[2022-12-10 12:22:56] [SEVERE ] player 0 placing token on slot 11
[2022-12-10 12:22:56] [SEVERE ] placing card 40 in slot 3
[2022-12-10 12:22:56] [SEVERE ] placing card 31 in slot 4
[2022-12-10 12:22:56] [SEVERE ] placing card 49 in slot 5
[2022-12-10 12:22:56] [SEVERE ] Key 86 was pressed by player 0
[2022-12-10 12:22:56] [SEVERE ] player 0 placing token on slot 11
[2022-12-10 12:22:56] [SEVERE ] placing card 62 in slot 6
[2022-12-10 12:22:56] [SEVERE ] Key 86 was pressed by player 0
[2022-12-10 12:22:56] [SEVERE ] player 0 placing token on slot 11
[2022-12-10 12:22:56] [SEVERE ] placing card 19 in slot 7
[2022-12-10 12:22:56] [SEVERE ] placing card 6 in slot 8
[2022-12-10 12:22:56] [SEVERE ] placing card 80 in slot 9
[2022-12-10 12:22:56] [SEVERE ] placing card 77 in slot 10
[2022-12-10 12:22:56] [SEVERE ] placing card 17 in slot 11
