[2022-12-12 13:11:19] [INFO   ] cannot read configuration file config.properties trying from resources.
[2022-12-12 13:11:19] [INFO   ] configuration file was loaded from resources directory.
[2022-12-12 13:11:19] [INFO   ] Thread dealer starting.
[2022-12-12 13:11:19] [INFO   ] Thread Thread-2starting.
[2022-12-12 13:11:19] [INFO   ] Thread Thread-1starting.
[2022-12-12 13:11:19] [INFO   ] Thread Thread-0starting.
[2022-12-12 13:11:19] [INFO   ] Thread computer-2 starting.
[2022-12-12 13:11:19] [SEVERE ] placing card 49 in slot 0
[2022-12-12 13:11:19] [SEVERE ] placing card 52 in slot 1
[2022-12-12 13:11:19] [SEVERE ] placing card 1 in slot 2
[2022-12-12 13:11:20] [SEVERE ] placing card 47 in slot 3
[2022-12-12 13:11:20] [SEVERE ] placing card 68 in slot 4
[2022-12-12 13:11:20] [SEVERE ] placing card 44 in slot 5
[2022-12-12 13:11:20] [SEVERE ] placing card 60 in slot 6
[2022-12-12 13:11:20] [SEVERE ] placing card 19 in slot 7
[2022-12-12 13:11:20] [SEVERE ] placing card 78 in slot 8
[2022-12-12 13:11:20] [SEVERE ] placing card 17 in slot 9
[2022-12-12 13:11:20] [SEVERE ] placing card 58 in slot 10
[2022-12-12 13:11:20] [SEVERE ] placing card 42 in slot 11
[2022-12-12 13:11:20] [SEVERE ] player 2 placing token on slot 10
[2022-12-12 13:11:21] [SEVERE ] player 2 placing token on slot 11
[2022-12-12 13:11:21] [SEVERE ] player 2 placing token on slot 9
[2022-12-12 13:11:21] [SEVERE ] removing player 2 token from slot 9
[2022-12-12 13:11:21] [SEVERE ] removing player 2 token from slot 10
[2022-12-12 13:11:21] [SEVERE ] removing player 2 token from slot 11
[2022-12-12 13:11:21] [SEVERE ] player 2 placing token on slot 9
[2022-12-12 13:11:21] [SEVERE ] player 2 placing token on slot 8
[2022-12-12 13:11:21] [SEVERE ] player 2 placing token on slot 3
[2022-12-12 13:11:21] [SEVERE ] removing player 2 token from slot 3
[2022-12-12 13:11:21] [SEVERE ] removing player 2 token from slot 8
[2022-12-12 13:11:21] [SEVERE ] removing player 2 token from slot 9
[2022-12-12 13:11:21] [SEVERE ] player 2 placing token on slot 11
[2022-12-12 13:11:21] [SEVERE ] player 2 placing token on slot 5
[2022-12-12 13:11:21] [SEVERE ] player 2 placing token on slot 4
[2022-12-12 13:11:21] [SEVERE ] removing player 2 token from slot 4
[2022-12-12 13:11:21] [SEVERE ] removing player 2 token from slot 5
[2022-12-12 13:11:21] [SEVERE ] removing player 2 token from slot 11
[2022-12-12 13:11:21] [SEVERE ] player 2 placing token on slot 5
[2022-12-12 13:11:21] [SEVERE ] player 2 placing token on slot 1
[2022-12-12 13:11:21] [SEVERE ] player 2 placing token on slot 10
[2022-12-12 13:11:21] [SEVERE ] removing player 2 token from slot 1
[2022-12-12 13:11:21] [SEVERE ] removing player 2 token from slot 5
[2022-12-12 13:11:21] [SEVERE ] removing player 2 token from slot 10
[2022-12-12 13:11:21] [SEVERE ] player 2 placing token on slot 6
[2022-12-12 13:11:21] [SEVERE ] player 2 placing token on slot 1
[2022-12-12 13:11:21] [SEVERE ] player 2 placing token on slot 2
[2022-12-12 13:11:21] [SEVERE ] removing player 2 token from slot 1
[2022-12-12 13:11:21] [SEVERE ] removing player 2 token from slot 2
[2022-12-12 13:11:21] [SEVERE ] removing player 2 token from slot 6
[2022-12-12 13:11:21] [SEVERE ] player 2 placing token on slot 3
[2022-12-12 13:11:21] [SEVERE ] player 2 placing token on slot 2
[2022-12-12 13:11:21] [SEVERE ] player 2 placing token on slot 7
[2022-12-12 13:11:21] [SEVERE ] removing player 2 token from slot 2
[2022-12-12 13:11:21] [SEVERE ] removing player 2 token from slot 3
[2022-12-12 13:11:21] [SEVERE ] removing player 2 token from slot 7
[2022-12-12 13:11:21] [SEVERE ] player 2 placing token on slot 9
[2022-12-12 13:11:21] [SEVERE ] player 2 placing token on slot 4
[2022-12-12 13:11:21] [SEVERE ] player 2 placing token on slot 8
[2022-12-12 13:11:21] [SEVERE ] removing player 2 token from slot 4
[2022-12-12 13:11:21] [SEVERE ] removing player 2 token from slot 8
[2022-12-12 13:11:21] [SEVERE ] removing player 2 token from slot 9
[2022-12-12 13:11:21] [SEVERE ] player 2 placing token on slot 6
[2022-12-12 13:11:21] [SEVERE ] player 2 placing token on slot 0
[2022-12-12 13:11:21] [SEVERE ] player 2 placing token on slot 3
[2022-12-12 13:11:21] [SEVERE ] removing player 2 token from slot 0
[2022-12-12 13:11:21] [SEVERE ] removing player 2 token from slot 3
[2022-12-12 13:11:21] [SEVERE ] removing player 2 token from slot 6
[2022-12-12 13:11:21] [SEVERE ] player 2 placing token on slot 0
[2022-12-12 13:11:21] [SEVERE ] player 2 placing token on slot 11
[2022-12-12 13:11:21] [SEVERE ] player 2 placing token on slot 6
[2022-12-12 13:11:21] [SEVERE ] removing player 2 token from slot 0
[2022-12-12 13:11:21] [SEVERE ] removing player 2 token from slot 6
[2022-12-12 13:11:21] [SEVERE ] removing player 2 token from slot 11
[2022-12-12 13:11:21] [SEVERE ] player 2 placing token on slot 7
[2022-12-12 13:11:21] [SEVERE ] player 2 placing token on slot 11
[2022-12-12 13:11:21] [SEVERE ] player 2 placing token on slot 6
[2022-12-12 13:11:21] [SEVERE ] removing player 2 token from slot 6
[2022-12-12 13:11:21] [SEVERE ] removing player 2 token from slot 7
[2022-12-12 13:11:21] [SEVERE ] removing player 2 token from slot 11
[2022-12-12 13:11:21] [SEVERE ] player 2 placing token on slot 11
[2022-12-12 13:11:21] [SEVERE ] player 2 placing token on slot 10
[2022-12-12 13:11:21] [SEVERE ] player 2 placing token on slot 7
[2022-12-12 13:11:21] [SEVERE ] removing player 2 token from slot 7
[2022-12-12 13:11:21] [SEVERE ] removing player 2 token from slot 10
[2022-12-12 13:11:21] [SEVERE ] removing player 2 token from slot 11
[2022-12-12 13:11:21] [SEVERE ] player 2 placing token on slot 0
[2022-12-12 13:11:21] [SEVERE ] player 2 placing token on slot 8
[2022-12-12 13:11:22] [SEVERE ] player 2 placing token on slot 2
[2022-12-12 13:11:22] [SEVERE ] removing player 2 token from slot 0
[2022-12-12 13:11:22] [SEVERE ] removing player 2 token from slot 2
[2022-12-12 13:11:22] [SEVERE ] removing player 2 token from slot 8
[2022-12-12 13:11:22] [SEVERE ] player 2 placing token on slot 11
[2022-12-12 13:11:22] [SEVERE ] player 2 placing token on slot 3
[2022-12-12 13:11:22] [SEVERE ] player 2 placing token on slot 0
[2022-12-12 13:11:22] [SEVERE ] removing player 2 token from slot 0
[2022-12-12 13:11:22] [SEVERE ] removing player 2 token from slot 3
[2022-12-12 13:11:22] [SEVERE ] removing player 2 token from slot 11
[2022-12-12 13:11:22] [SEVERE ] player 2 placing token on slot 1
[2022-12-12 13:11:22] [SEVERE ] player 2 placing token on slot 4
[2022-12-12 13:11:22] [SEVERE ] player 2 placing token on slot 2
[2022-12-12 13:11:22] [SEVERE ] removing player 2 token from slot 1
[2022-12-12 13:11:22] [SEVERE ] removing player 2 token from slot 2
[2022-12-12 13:11:22] [SEVERE ] removing player 2 token from slot 4
[2022-12-12 13:11:22] [SEVERE ] player 2 placing token on slot 9
[2022-12-12 13:11:22] [SEVERE ] player 2 placing token on slot 11
[2022-12-12 13:11:22] [SEVERE ] player 2 placing token on slot 4
[2022-12-12 13:11:22] [SEVERE ] removing player 2 token from slot 4
[2022-12-12 13:11:22] [SEVERE ] removing player 2 token from slot 9
[2022-12-12 13:11:22] [SEVERE ] removing player 2 token from slot 11
[2022-12-12 13:11:22] [SEVERE ] player 2 placing token on slot 7
[2022-12-12 13:11:22] [SEVERE ] player 2 placing token on slot 0
[2022-12-12 13:11:22] [SEVERE ] player 2 placing token on slot 5
[2022-12-12 13:11:22] [SEVERE ] removing player 2 token from slot 0
[2022-12-12 13:11:22] [SEVERE ] removing player 2 token from slot 5
[2022-12-12 13:11:22] [SEVERE ] removing player 2 token from slot 7
[2022-12-12 13:11:22] [SEVERE ] player 2 placing token on slot 5
[2022-12-12 13:11:22] [SEVERE ] player 2 placing token on slot 1
[2022-12-12 13:11:22] [SEVERE ] player 2 placing token on slot 9
[2022-12-12 13:11:22] [SEVERE ] removing player 2 token from slot 1
[2022-12-12 13:11:22] [SEVERE ] removing player 2 token from slot 5
[2022-12-12 13:11:22] [SEVERE ] removing player 2 token from slot 9
[2022-12-12 13:11:22] [SEVERE ] player 2 placing token on slot 1
[2022-12-12 13:11:22] [SEVERE ] player 2 placing token on slot 6
[2022-12-12 13:11:22] [SEVERE ] player 2 placing token on slot 0
[2022-12-12 13:11:22] [SEVERE ] removing player 2 token from slot 0
[2022-12-12 13:11:22] [SEVERE ] removing player 2 token from slot 1
[2022-12-12 13:11:22] [SEVERE ] removing player 2 token from slot 6
[2022-12-12 13:11:22] [SEVERE ] player 2 placing token on slot 3
[2022-12-12 13:11:22] [SEVERE ] player 2 placing token on slot 2
[2022-12-12 13:11:22] [SEVERE ] player 2 placing token on slot 0
[2022-12-12 13:11:22] [SEVERE ] removing player 2 token from slot 0
[2022-12-12 13:11:22] [SEVERE ] removing player 2 token from slot 2
[2022-12-12 13:11:22] [SEVERE ] removing player 2 token from slot 3
[2022-12-12 13:11:22] [SEVERE ] player 2 placing token on slot 6
[2022-12-12 13:11:22] [SEVERE ] player 2 placing token on slot 7
[2022-12-12 13:11:22] [SEVERE ] player 2 placing token on slot 2
[2022-12-12 13:11:22] [SEVERE ] removing player 2 token from slot 2
[2022-12-12 13:11:22] [SEVERE ] removing player 2 token from slot 6
[2022-12-12 13:11:22] [SEVERE ] removing player 2 token from slot 7
[2022-12-12 13:11:22] [SEVERE ] player 2 placing token on slot 0
[2022-12-12 13:11:22] [SEVERE ] player 2 placing token on slot 2
[2022-12-12 13:11:22] [SEVERE ] player 2 placing token on slot 11
[2022-12-12 13:11:22] [SEVERE ] removing player 2 token from slot 0
[2022-12-12 13:11:22] [SEVERE ] removing player 2 token from slot 2
[2022-12-12 13:11:22] [SEVERE ] removing player 2 token from slot 11
[2022-12-12 13:11:22] [SEVERE ] player 2 placing token on slot 8
[2022-12-12 13:11:22] [SEVERE ] player 2 placing token on slot 3
[2022-12-12 13:11:22] [SEVERE ] player 2 placing token on slot 4
[2022-12-12 13:11:22] [SEVERE ] removing player 2 token from slot 3
[2022-12-12 13:11:22] [SEVERE ] removing player 2 token from slot 4
[2022-12-12 13:11:22] [SEVERE ] removing player 2 token from slot 8
[2022-12-12 13:11:22] [SEVERE ] player 2 placing token on slot 8
[2022-12-12 13:11:23] [SEVERE ] player 2 placing token on slot 2
[2022-12-12 13:11:23] [SEVERE ] player 2 placing token on slot 11
[2022-12-12 13:11:23] [SEVERE ] removing player 2 token from slot 2
[2022-12-12 13:11:23] [SEVERE ] removing player 2 token from slot 8
[2022-12-12 13:11:23] [SEVERE ] removing player 2 token from slot 11
[2022-12-12 13:11:23] [SEVERE ] player 2 placing token on slot 1
[2022-12-12 13:11:23] [SEVERE ] player 2 placing token on slot 8
[2022-12-12 13:11:23] [SEVERE ] player 2 placing token on slot 4
[2022-12-12 13:11:23] [SEVERE ] removing player 2 token from slot 1
[2022-12-12 13:11:23] [SEVERE ] removing player 2 token from slot 4
[2022-12-12 13:11:23] [SEVERE ] removing player 2 token from slot 8
[2022-12-12 13:11:23] [SEVERE ] player 2 placing token on slot 1
[2022-12-12 13:11:23] [SEVERE ] player 2 placing token on slot 5
[2022-12-12 13:11:23] [SEVERE ] player 2 placing token on slot 11
[2022-12-12 13:11:23] [SEVERE ] removing player 2 token from slot 1
[2022-12-12 13:11:23] [SEVERE ] removing player 2 token from slot 5
[2022-12-12 13:11:23] [SEVERE ] removing player 2 token from slot 11
[2022-12-12 13:11:23] [SEVERE ] player 2 placing token on slot 8
[2022-12-12 13:11:23] [SEVERE ] player 2 placing token on slot 0
[2022-12-12 13:11:23] [SEVERE ] player 2 placing token on slot 7
[2022-12-12 13:11:23] [SEVERE ] removing player 2 token from slot 0
[2022-12-12 13:11:23] [SEVERE ] removing player 2 token from slot 7
[2022-12-12 13:11:23] [SEVERE ] removing player 2 token from slot 8
[2022-12-12 13:11:23] [SEVERE ] player 2 placing token on slot 7
[2022-12-12 13:11:23] [SEVERE ] player 2 placing token on slot 9
[2022-12-12 13:11:23] [SEVERE ] player 2 placing token on slot 2
[2022-12-12 13:11:23] [SEVERE ] removing player 2 token from slot 2
[2022-12-12 13:11:23] [SEVERE ] removing player 2 token from slot 7
[2022-12-12 13:11:23] [SEVERE ] removing player 2 token from slot 9
[2022-12-12 13:11:23] [SEVERE ] player 2 placing token on slot 1
[2022-12-12 13:11:23] [SEVERE ] player 2 placing token on slot 7
[2022-12-12 13:11:23] [SEVERE ] player 2 placing token on slot 5
[2022-12-12 13:11:23] [SEVERE ] removing player 2 token from slot 1
[2022-12-12 13:11:23] [SEVERE ] removing player 2 token from slot 5
[2022-12-12 13:11:23] [SEVERE ] removing player 2 token from slot 7
[2022-12-12 13:11:23] [SEVERE ] player 2 placing token on slot 9
[2022-12-12 13:11:23] [SEVERE ] player 2 placing token on slot 1
[2022-12-12 13:11:23] [SEVERE ] player 2 placing token on slot 0
[2022-12-12 13:11:23] [SEVERE ] removing player 2 token from slot 0
[2022-12-12 13:11:23] [SEVERE ] removing player 2 token from slot 1
[2022-12-12 13:11:23] [SEVERE ] removing player 2 token from slot 9
[2022-12-12 13:11:23] [SEVERE ] player 2 placing token on slot 7
[2022-12-12 13:11:23] [SEVERE ] player 2 placing token on slot 10
[2022-12-12 13:11:23] [SEVERE ] player 2 placing token on slot 9
[2022-12-12 13:11:23] [SEVERE ] removing player 2 token from slot 7
[2022-12-12 13:11:23] [SEVERE ] removing player 2 token from slot 9
[2022-12-12 13:11:23] [SEVERE ] removing player 2 token from slot 10
[2022-12-12 13:11:23] [SEVERE ] player 2 placing token on slot 9
[2022-12-12 13:11:23] [SEVERE ] player 2 placing token on slot 10
[2022-12-12 13:11:23] [SEVERE ] player 2 placing token on slot 0
[2022-12-12 13:11:23] [SEVERE ] removing player 2 token from slot 0
[2022-12-12 13:11:23] [SEVERE ] removing player 2 token from slot 9
[2022-12-12 13:11:23] [SEVERE ] removing player 2 token from slot 10
[2022-12-12 13:11:23] [SEVERE ] player 2 placing token on slot 2
[2022-12-12 13:11:23] [SEVERE ] player 2 placing token on slot 4
[2022-12-12 13:11:23] [SEVERE ] player 2 placing token on slot 5
[2022-12-12 13:11:23] [SEVERE ] removing player 2 token from slot 2
[2022-12-12 13:11:23] [SEVERE ] removing player 2 token from slot 4
[2022-12-12 13:11:23] [SEVERE ] removing player 2 token from slot 5
[2022-12-12 13:11:23] [SEVERE ] player 2 placing token on slot 5
[2022-12-12 13:11:23] [SEVERE ] player 2 placing token on slot 2
[2022-12-12 13:11:23] [SEVERE ] player 2 placing token on slot 10
[2022-12-12 13:11:23] [SEVERE ] removing player 2 token from slot 2
[2022-12-12 13:11:23] [SEVERE ] removing player 2 token from slot 5
[2022-12-12 13:11:23] [SEVERE ] removing player 2 token from slot 10
[2022-12-12 13:11:23] [SEVERE ] player 2 placing token on slot 9
[2022-12-12 13:11:24] [SEVERE ] player 2 placing token on slot 3
[2022-12-12 13:11:24] [SEVERE ] player 2 placing token on slot 6
[2022-12-12 13:11:24] [SEVERE ] removing player 2 token from slot 3
[2022-12-12 13:11:24] [SEVERE ] removing player 2 token from slot 6
[2022-12-12 13:11:24] [SEVERE ] removing player 2 token from slot 9
[2022-12-12 13:11:24] [SEVERE ] player 2 placing token on slot 1
[2022-12-12 13:11:24] [SEVERE ] player 2 placing token on slot 7
[2022-12-12 13:11:24] [SEVERE ] player 2 placing token on slot 2
[2022-12-12 13:11:24] [SEVERE ] removing player 2 token from slot 1
[2022-12-12 13:11:24] [SEVERE ] removing player 2 token from slot 2
[2022-12-12 13:11:24] [SEVERE ] removing player 2 token from slot 7
[2022-12-12 13:11:24] [SEVERE ] player 2 placing token on slot 11
[2022-12-12 13:11:24] [SEVERE ] player 2 placing token on slot 7
[2022-12-12 13:11:24] [SEVERE ] player 2 placing token on slot 3
[2022-12-12 13:11:24] [SEVERE ] removing player 2 token from slot 3
[2022-12-12 13:11:24] [SEVERE ] removing player 2 token from slot 7
[2022-12-12 13:11:24] [SEVERE ] removing player 2 token from slot 11
[2022-12-12 13:11:24] [SEVERE ] player 2 placing token on slot 8
[2022-12-12 13:11:24] [SEVERE ] player 2 placing token on slot 9
[2022-12-12 13:11:24] [SEVERE ] player 2 placing token on slot 1
[2022-12-12 13:11:24] [SEVERE ] removing player 2 token from slot 1
[2022-12-12 13:11:24] [SEVERE ] removing player 2 token from slot 8
[2022-12-12 13:11:24] [SEVERE ] removing player 2 token from slot 9
[2022-12-12 13:11:24] [SEVERE ] player 2 placing token on slot 10
[2022-12-12 13:11:24] [SEVERE ] player 2 placing token on slot 6
[2022-12-12 13:11:24] [SEVERE ] player 2 placing token on slot 8
[2022-12-12 13:11:24] [SEVERE ] removing player 2 token from slot 6
[2022-12-12 13:11:24] [SEVERE ] removing player 2 token from slot 8
[2022-12-12 13:11:24] [SEVERE ] removing player 2 token from slot 10
[2022-12-12 13:11:24] [SEVERE ] player 2 placing token on slot 0
[2022-12-12 13:11:24] [SEVERE ] player 2 placing token on slot 10
[2022-12-12 13:11:24] [SEVERE ] player 2 placing token on slot 11
[2022-12-12 13:11:24] [SEVERE ] removing player 2 token from slot 0
[2022-12-12 13:11:24] [SEVERE ] removing player 2 token from slot 10
[2022-12-12 13:11:24] [SEVERE ] removing player 2 token from slot 11
[2022-12-12 13:11:24] [SEVERE ] player 2 placing token on slot 0
[2022-12-12 13:11:24] [SEVERE ] player 2 placing token on slot 4
[2022-12-12 13:11:24] [SEVERE ] player 2 placing token on slot 10
[2022-12-12 13:11:24] [SEVERE ] removing player 2 token from slot 0
[2022-12-12 13:11:24] [SEVERE ] removing player 2 token from slot 4
[2022-12-12 13:11:24] [SEVERE ] removing player 2 token from slot 10
[2022-12-12 13:11:24] [SEVERE ] player 2 placing token on slot 2
[2022-12-12 13:11:24] [SEVERE ] player 2 placing token on slot 6
[2022-12-12 13:11:24] [SEVERE ] player 2 placing token on slot 3
[2022-12-12 13:11:24] [SEVERE ] removing player 2 token from slot 2
[2022-12-12 13:11:24] [SEVERE ] removing player 2 token from slot 3
[2022-12-12 13:11:24] [SEVERE ] removing player 2 token from slot 6
[2022-12-12 13:11:24] [SEVERE ] player 2 placing token on slot 8
[2022-12-12 13:11:24] [SEVERE ] player 2 placing token on slot 4
[2022-12-12 13:11:24] [SEVERE ] player 2 placing token on slot 2
[2022-12-12 13:11:24] [SEVERE ] removing player 2 token from slot 2
[2022-12-12 13:11:24] [SEVERE ] removing player 2 token from slot 4
[2022-12-12 13:11:24] [SEVERE ] removing player 2 token from slot 8
[2022-12-12 13:11:24] [SEVERE ] player 2 placing token on slot 11
[2022-12-12 13:11:24] [SEVERE ] player 2 placing token on slot 5
[2022-12-12 13:11:24] [SEVERE ] player 2 placing token on slot 2
[2022-12-12 13:11:24] [SEVERE ] removing player 2 token from slot 2
[2022-12-12 13:11:24] [SEVERE ] removing player 2 token from slot 5
[2022-12-12 13:11:24] [SEVERE ] removing player 2 token from slot 11
[2022-12-12 13:11:24] [SEVERE ] player 2 placing token on slot 2
[2022-12-12 13:11:24] [SEVERE ] player 2 placing token on slot 10
[2022-12-12 13:11:24] [SEVERE ] player 2 placing token on slot 7
[2022-12-12 13:11:24] [SEVERE ] removing player 2 token from slot 2
[2022-12-12 13:11:24] [SEVERE ] removing player 2 token from slot 7
[2022-12-12 13:11:24] [SEVERE ] removing player 2 token from slot 10
[2022-12-12 13:11:24] [SEVERE ] player 2 placing token on slot 5
[2022-12-12 13:11:24] [SEVERE ] player 2 placing token on slot 4
[2022-12-12 13:11:25] [SEVERE ] player 2 placing token on slot 10
[2022-12-12 13:11:25] [SEVERE ] removing player 2 token from slot 4
[2022-12-12 13:11:25] [SEVERE ] removing player 2 token from slot 5
[2022-12-12 13:11:25] [SEVERE ] removing player 2 token from slot 10
[2022-12-12 13:11:25] [SEVERE ] player 2 placing token on slot 6
[2022-12-12 13:11:25] [SEVERE ] player 2 placing token on slot 2
[2022-12-12 13:11:25] [SEVERE ] player 2 placing token on slot 0
[2022-12-12 13:11:25] [SEVERE ] removing player 2 token from slot 0
[2022-12-12 13:11:25] [SEVERE ] removing player 2 token from slot 2
[2022-12-12 13:11:25] [SEVERE ] removing player 2 token from slot 6
[2022-12-12 13:11:25] [SEVERE ] player 2 placing token on slot 8
[2022-12-12 13:11:25] [SEVERE ] player 2 placing token on slot 9
[2022-12-12 13:11:25] [SEVERE ] player 2 placing token on slot 6
[2022-12-12 13:11:25] [SEVERE ] removing player 2 token from slot 6
[2022-12-12 13:11:25] [SEVERE ] removing player 2 token from slot 8
[2022-12-12 13:11:25] [SEVERE ] removing player 2 token from slot 9
[2022-12-12 13:11:25] [SEVERE ] player 2 placing token on slot 2
[2022-12-12 13:11:25] [SEVERE ] player 2 placing token on slot 0
[2022-12-12 13:11:25] [SEVERE ] player 2 placing token on slot 7
[2022-12-12 13:11:25] [SEVERE ] removing player 2 token from slot 0
[2022-12-12 13:11:25] [SEVERE ] removing player 2 token from slot 2
[2022-12-12 13:11:25] [SEVERE ] removing player 2 token from slot 7
[2022-12-12 13:11:25] [SEVERE ] player 2 placing token on slot 5
[2022-12-12 13:11:25] [SEVERE ] player 2 placing token on slot 10
[2022-12-12 13:11:25] [SEVERE ] player 2 placing token on slot 11
[2022-12-12 13:11:25] [SEVERE ] removing player 2 token from slot 5
[2022-12-12 13:11:25] [SEVERE ] removing player 2 token from slot 10
[2022-12-12 13:11:25] [SEVERE ] removing player 2 token from slot 11
[2022-12-12 13:11:25] [SEVERE ] player 2 placing token on slot 10
[2022-12-12 13:11:25] [SEVERE ] player 2 placing token on slot 9
[2022-12-12 13:11:25] [SEVERE ] player 2 placing token on slot 7
[2022-12-12 13:11:25] [SEVERE ] removing player 2 token from slot 7
[2022-12-12 13:11:25] [SEVERE ] removing player 2 token from slot 9
[2022-12-12 13:11:25] [SEVERE ] removing player 2 token from slot 10
[2022-12-12 13:11:25] [SEVERE ] player 2 placing token on slot 2
[2022-12-12 13:11:25] [SEVERE ] player 2 placing token on slot 3
[2022-12-12 13:11:25] [SEVERE ] player 2 placing token on slot 0
[2022-12-12 13:11:25] [SEVERE ] removing player 2 token from slot 0
[2022-12-12 13:11:25] [SEVERE ] removing player 2 token from slot 2
[2022-12-12 13:11:25] [SEVERE ] removing player 2 token from slot 3
[2022-12-12 13:11:25] [SEVERE ] player 2 placing token on slot 1
[2022-12-12 13:11:25] [SEVERE ] player 2 placing token on slot 9
[2022-12-12 13:11:25] [SEVERE ] player 2 placing token on slot 8
[2022-12-12 13:11:25] [SEVERE ] removing player 2 token from slot 1
[2022-12-12 13:11:25] [SEVERE ] removing player 2 token from slot 8
[2022-12-12 13:11:25] [SEVERE ] removing player 2 token from slot 9
[2022-12-12 13:11:25] [SEVERE ] player 2 placing token on slot 8
[2022-12-12 13:11:25] [SEVERE ] player 2 placing token on slot 4
[2022-12-12 13:11:25] [SEVERE ] player 2 placing token on slot 10
[2022-12-12 13:11:25] [SEVERE ] removing player 2 token from slot 4
[2022-12-12 13:11:25] [SEVERE ] removing player 2 token from slot 8
[2022-12-12 13:11:25] [SEVERE ] removing player 2 token from slot 10
[2022-12-12 13:11:25] [SEVERE ] player 2 placing token on slot 4
[2022-12-12 13:11:25] [SEVERE ] player 2 placing token on slot 10
[2022-12-12 13:11:25] [SEVERE ] player 2 placing token on slot 6
[2022-12-12 13:11:25] [SEVERE ] removing player 2 token from slot 4
[2022-12-12 13:11:25] [SEVERE ] removing player 2 token from slot 6
[2022-12-12 13:11:25] [SEVERE ] removing player 2 token from slot 10
[2022-12-12 13:11:25] [SEVERE ] player 2 placing token on slot 5
[2022-12-12 13:11:25] [SEVERE ] player 2 placing token on slot 2
[2022-12-12 13:11:25] [SEVERE ] player 2 placing token on slot 6
[2022-12-12 13:11:25] [SEVERE ] removing player 2 token from slot 2
[2022-12-12 13:11:25] [SEVERE ] removing player 2 token from slot 5
[2022-12-12 13:11:25] [SEVERE ] removing player 2 token from slot 6
[2022-12-12 13:11:25] [SEVERE ] player 2 placing token on slot 3
[2022-12-12 13:11:26] [SEVERE ] player 2 placing token on slot 2
[2022-12-12 13:11:26] [SEVERE ] player 2 placing token on slot 0
[2022-12-12 13:11:26] [SEVERE ] removing player 2 token from slot 0
[2022-12-12 13:11:26] [SEVERE ] removing player 2 token from slot 2
[2022-12-12 13:11:26] [SEVERE ] removing player 2 token from slot 3
[2022-12-12 13:11:26] [SEVERE ] player 2 placing token on slot 3
[2022-12-12 13:11:26] [SEVERE ] player 2 placing token on slot 6
[2022-12-12 13:11:26] [SEVERE ] player 2 placing token on slot 0
[2022-12-12 13:11:26] [SEVERE ] removing player 2 token from slot 0
[2022-12-12 13:11:26] [SEVERE ] removing player 2 token from slot 3
[2022-12-12 13:11:26] [SEVERE ] removing player 2 token from slot 6
[2022-12-12 13:11:26] [SEVERE ] player 2 placing token on slot 9
[2022-12-12 13:11:26] [SEVERE ] player 2 placing token on slot 4
[2022-12-12 13:11:26] [SEVERE ] player 2 placing token on slot 6
[2022-12-12 13:11:26] [SEVERE ] removing player 2 token from slot 4
[2022-12-12 13:11:26] [SEVERE ] removing player 2 token from slot 6
[2022-12-12 13:11:26] [SEVERE ] removing player 2 token from slot 9
[2022-12-12 13:11:26] [SEVERE ] player 2 placing token on slot 10
[2022-12-12 13:11:26] [SEVERE ] player 2 placing token on slot 11
[2022-12-12 13:11:26] [SEVERE ] player 2 placing token on slot 5
[2022-12-12 13:11:26] [SEVERE ] removing player 2 token from slot 5
[2022-12-12 13:11:26] [SEVERE ] removing player 2 token from slot 10
[2022-12-12 13:11:26] [SEVERE ] removing player 2 token from slot 11
[2022-12-12 13:11:26] [SEVERE ] player 2 placing token on slot 2
[2022-12-12 13:11:26] [SEVERE ] player 2 placing token on slot 1
[2022-12-12 13:11:26] [SEVERE ] player 2 placing token on slot 8
[2022-12-12 13:11:26] [SEVERE ] removing player 2 token from slot 1
[2022-12-12 13:11:26] [SEVERE ] removing player 2 token from slot 2
[2022-12-12 13:11:26] [SEVERE ] removing player 2 token from slot 8
[2022-12-12 13:11:26] [SEVERE ] player 2 placing token on slot 8
[2022-12-12 13:11:26] [SEVERE ] player 2 placing token on slot 2
[2022-12-12 13:11:26] [SEVERE ] player 2 placing token on slot 10
[2022-12-12 13:11:26] [SEVERE ] removing player 2 token from slot 2
[2022-12-12 13:11:26] [SEVERE ] removing player 2 token from slot 8
[2022-12-12 13:11:26] [SEVERE ] removing player 2 token from slot 10
[2022-12-12 13:11:26] [SEVERE ] player 2 placing token on slot 2
[2022-12-12 13:11:26] [SEVERE ] player 2 placing token on slot 9
[2022-12-12 13:11:26] [SEVERE ] player 2 placing token on slot 1
[2022-12-12 13:11:26] [SEVERE ] removing player 2 token from slot 1
[2022-12-12 13:11:26] [SEVERE ] removing player 2 token from slot 2
[2022-12-12 13:11:26] [SEVERE ] removing player 2 token from slot 9
[2022-12-12 13:11:26] [SEVERE ] player 2 placing token on slot 7
[2022-12-12 13:11:26] [SEVERE ] player 2 placing token on slot 3
[2022-12-12 13:11:26] [SEVERE ] player 2 placing token on slot 5
[2022-12-12 13:11:26] [SEVERE ] removing player 2 token from slot 3
[2022-12-12 13:11:26] [SEVERE ] removing player 2 token from slot 5
[2022-12-12 13:11:26] [SEVERE ] removing player 2 token from slot 7
[2022-12-12 13:11:26] [SEVERE ] player 2 placing token on slot 6
[2022-12-12 13:11:26] [SEVERE ] player 2 placing token on slot 10
[2022-12-12 13:11:26] [SEVERE ] player 2 placing token on slot 4
[2022-12-12 13:11:26] [SEVERE ] removing player 2 token from slot 4
[2022-12-12 13:11:26] [SEVERE ] removing player 2 token from slot 6
[2022-12-12 13:11:26] [SEVERE ] removing player 2 token from slot 10
[2022-12-12 13:11:26] [SEVERE ] player 2 placing token on slot 9
[2022-12-12 13:11:26] [SEVERE ] player 2 placing token on slot 0
[2022-12-12 13:11:26] [SEVERE ] player 2 placing token on slot 4
[2022-12-12 13:11:26] [SEVERE ] removing player 2 token from slot 0
[2022-12-12 13:11:26] [SEVERE ] removing player 2 token from slot 4
[2022-12-12 13:11:26] [SEVERE ] removing player 2 token from slot 9
[2022-12-12 13:11:26] [SEVERE ] player 2 placing token on slot 3
[2022-12-12 13:11:26] [SEVERE ] player 2 placing token on slot 9
[2022-12-12 13:11:26] [SEVERE ] player 2 placing token on slot 10
[2022-12-12 13:11:26] [SEVERE ] removing player 2 token from slot 3
[2022-12-12 13:11:26] [SEVERE ] removing player 2 token from slot 9
[2022-12-12 13:11:26] [SEVERE ] removing player 2 token from slot 10
[2022-12-12 13:11:26] [SEVERE ] player 2 placing token on slot 5
[2022-12-12 13:11:27] [SEVERE ] player 2 placing token on slot 9
[2022-12-12 13:11:27] [SEVERE ] player 2 placing token on slot 10
[2022-12-12 13:11:27] [SEVERE ] removing player 2 token from slot 5
[2022-12-12 13:11:27] [SEVERE ] removing player 2 token from slot 9
[2022-12-12 13:11:27] [SEVERE ] removing player 2 token from slot 10
[2022-12-12 13:11:27] [SEVERE ] player 2 placing token on slot 4
[2022-12-12 13:11:27] [SEVERE ] player 2 placing token on slot 8
[2022-12-12 13:11:27] [SEVERE ] player 2 placing token on slot 5
[2022-12-12 13:11:27] [SEVERE ] removing player 2 token from slot 4
[2022-12-12 13:11:27] [SEVERE ] removing player 2 token from slot 5
[2022-12-12 13:11:27] [SEVERE ] removing player 2 token from slot 8
[2022-12-12 13:11:27] [SEVERE ] player 2 placing token on slot 0
[2022-12-12 13:11:27] [SEVERE ] player 2 placing token on slot 10
[2022-12-12 13:11:27] [SEVERE ] player 2 placing token on slot 6
[2022-12-12 13:11:27] [SEVERE ] removing player 2 token from slot 0
[2022-12-12 13:11:27] [SEVERE ] removing player 2 token from slot 6
[2022-12-12 13:11:27] [SEVERE ] removing player 2 token from slot 10
[2022-12-12 13:11:27] [SEVERE ] player 2 placing token on slot 7
[2022-12-12 13:11:27] [SEVERE ] player 2 placing token on slot 4
[2022-12-12 13:11:27] [SEVERE ] player 2 placing token on slot 0
[2022-12-12 13:11:27] [SEVERE ] removing player 2 token from slot 0
[2022-12-12 13:11:27] [SEVERE ] removing player 2 token from slot 4
[2022-12-12 13:11:27] [SEVERE ] removing player 2 token from slot 7
[2022-12-12 13:11:27] [SEVERE ] player 2 placing token on slot 5
[2022-12-12 13:11:27] [SEVERE ] player 2 placing token on slot 8
[2022-12-12 13:11:27] [SEVERE ] player 2 placing token on slot 0
[2022-12-12 13:11:27] [SEVERE ] removing player 2 token from slot 0
[2022-12-12 13:11:27] [SEVERE ] removing player 2 token from slot 5
[2022-12-12 13:11:27] [SEVERE ] removing player 2 token from slot 8
[2022-12-12 13:11:27] [SEVERE ] player 2 placing token on slot 10
[2022-12-12 13:11:27] [SEVERE ] player 2 placing token on slot 1
[2022-12-12 13:11:27] [SEVERE ] player 2 placing token on slot 6
[2022-12-12 13:11:27] [SEVERE ] removing player 2 token from slot 1
[2022-12-12 13:11:27] [SEVERE ] removing player 2 token from slot 6
[2022-12-12 13:11:27] [SEVERE ] removing player 2 token from slot 10
[2022-12-12 13:11:27] [SEVERE ] player 2 placing token on slot 8
[2022-12-12 13:11:27] [SEVERE ] player 2 placing token on slot 9
[2022-12-12 13:11:27] [SEVERE ] player 2 placing token on slot 6
[2022-12-12 13:11:27] [SEVERE ] removing player 2 token from slot 6
[2022-12-12 13:11:27] [SEVERE ] removing player 2 token from slot 8
[2022-12-12 13:11:27] [SEVERE ] removing player 2 token from slot 9
[2022-12-12 13:11:27] [SEVERE ] player 2 placing token on slot 7
[2022-12-12 13:11:27] [SEVERE ] player 2 placing token on slot 6
[2022-12-12 13:11:27] [SEVERE ] player 2 placing token on slot 10
[2022-12-12 13:11:27] [SEVERE ] removing player 2 token from slot 6
[2022-12-12 13:11:27] [SEVERE ] removing player 2 token from slot 7
[2022-12-12 13:11:27] [SEVERE ] removing player 2 token from slot 10
[2022-12-12 13:11:27] [SEVERE ] player 2 placing token on slot 0
[2022-12-12 13:11:27] [SEVERE ] player 2 placing token on slot 9
[2022-12-12 13:11:27] [SEVERE ] player 2 placing token on slot 5
[2022-12-12 13:11:27] [SEVERE ] removing player 2 token from slot 0
[2022-12-12 13:11:27] [SEVERE ] removing player 2 token from slot 5
[2022-12-12 13:11:27] [SEVERE ] removing player 2 token from slot 9
[2022-12-12 13:11:27] [SEVERE ] player 2 placing token on slot 8
[2022-12-12 13:11:27] [SEVERE ] player 2 placing token on slot 6
[2022-12-12 13:11:27] [SEVERE ] player 2 placing token on slot 4
[2022-12-12 13:11:27] [SEVERE ] removing player 2 token from slot 4
[2022-12-12 13:11:27] [SEVERE ] removing player 2 token from slot 6
[2022-12-12 13:11:27] [SEVERE ] removing player 2 token from slot 8
[2022-12-12 13:11:27] [SEVERE ] player 2 placing token on slot 5
[2022-12-12 13:11:27] [SEVERE ] player 2 placing token on slot 2
[2022-12-12 13:11:27] [SEVERE ] player 2 placing token on slot 0
[2022-12-12 13:11:27] [SEVERE ] removing player 2 token from slot 0
[2022-12-12 13:11:27] [SEVERE ] removing player 2 token from slot 2
[2022-12-12 13:11:27] [SEVERE ] removing player 2 token from slot 5
[2022-12-12 13:11:27] [SEVERE ] player 2 placing token on slot 4
[2022-12-12 13:11:27] [SEVERE ] player 2 placing token on slot 1
[2022-12-12 13:11:28] [SEVERE ] player 2 placing token on slot 3
[2022-12-12 13:11:28] [SEVERE ] removing player 2 token from slot 1
[2022-12-12 13:11:28] [SEVERE ] removing player 2 token from slot 3
[2022-12-12 13:11:28] [SEVERE ] removing player 2 token from slot 4
[2022-12-12 13:11:28] [SEVERE ] player 2 placing token on slot 0
[2022-12-12 13:11:28] [SEVERE ] player 2 placing token on slot 10
[2022-12-12 13:11:28] [SEVERE ] player 2 placing token on slot 11
[2022-12-12 13:11:28] [SEVERE ] removing player 2 token from slot 0
[2022-12-12 13:11:28] [SEVERE ] removing player 2 token from slot 10
[2022-12-12 13:11:28] [SEVERE ] removing player 2 token from slot 11
[2022-12-12 13:11:28] [SEVERE ] player 2 placing token on slot 6
[2022-12-12 13:11:28] [SEVERE ] player 2 placing token on slot 8
[2022-12-12 13:11:28] [SEVERE ] player 2 placing token on slot 10
[2022-12-12 13:11:28] [SEVERE ] removing player 2 token from slot 6
[2022-12-12 13:11:28] [SEVERE ] removing player 2 token from slot 8
[2022-12-12 13:11:28] [SEVERE ] removing player 2 token from slot 10
[2022-12-12 13:11:28] [SEVERE ] player 2 placing token on slot 0
[2022-12-12 13:11:28] [SEVERE ] player 2 placing token on slot 1
[2022-12-12 13:11:28] [SEVERE ] player 2 placing token on slot 6
[2022-12-12 13:11:28] [SEVERE ] removing player 2 token from slot 0
[2022-12-12 13:11:28] [SEVERE ] removing player 2 token from slot 1
[2022-12-12 13:11:28] [SEVERE ] removing player 2 token from slot 6
[2022-12-12 13:11:28] [SEVERE ] player 2 placing token on slot 8
[2022-12-12 13:11:28] [SEVERE ] player 2 placing token on slot 1
[2022-12-12 13:11:28] [SEVERE ] player 2 placing token on slot 0
[2022-12-12 13:11:28] [SEVERE ] removing player 2 token from slot 0
[2022-12-12 13:11:28] [SEVERE ] removing player 2 token from slot 1
[2022-12-12 13:11:28] [SEVERE ] removing player 2 token from slot 8
[2022-12-12 13:11:28] [SEVERE ] player 2 placing token on slot 8
[2022-12-12 13:11:28] [SEVERE ] player 2 placing token on slot 3
[2022-12-12 13:11:28] [SEVERE ] player 2 placing token on slot 0
[2022-12-12 13:11:28] [SEVERE ] removing player 2 token from slot 0
[2022-12-12 13:11:28] [SEVERE ] removing player 2 token from slot 3
[2022-12-12 13:11:28] [SEVERE ] removing player 2 token from slot 8
[2022-12-12 13:11:28] [SEVERE ] player 2 placing token on slot 10
[2022-12-12 13:11:28] [SEVERE ] player 2 placing token on slot 4
[2022-12-12 13:11:28] [SEVERE ] player 2 placing token on slot 11
[2022-12-12 13:11:28] [SEVERE ] removing player 2 token from slot 4
[2022-12-12 13:11:28] [SEVERE ] removing player 2 token from slot 10
[2022-12-12 13:11:28] [SEVERE ] removing player 2 token from slot 11
[2022-12-12 13:11:28] [SEVERE ] player 2 placing token on slot 7
[2022-12-12 13:11:28] [SEVERE ] player 2 placing token on slot 3
[2022-12-12 13:11:28] [SEVERE ] player 2 placing token on slot 10
[2022-12-12 13:11:28] [SEVERE ] removing player 2 token from slot 3
[2022-12-12 13:11:28] [SEVERE ] removing player 2 token from slot 7
[2022-12-12 13:11:28] [SEVERE ] removing player 2 token from slot 10
[2022-12-12 13:11:28] [SEVERE ] player 2 placing token on slot 8
[2022-12-12 13:11:28] [SEVERE ] player 2 placing token on slot 4
[2022-12-12 13:11:28] [SEVERE ] player 2 placing token on slot 9
[2022-12-12 13:11:28] [SEVERE ] removing player 2 token from slot 4
[2022-12-12 13:11:28] [SEVERE ] removing player 2 token from slot 8
[2022-12-12 13:11:28] [SEVERE ] removing player 2 token from slot 9
[2022-12-12 13:11:28] [SEVERE ] player 2 placing token on slot 9
[2022-12-12 13:11:28] [SEVERE ] player 2 placing token on slot 8
[2022-12-12 13:11:28] [SEVERE ] player 2 placing token on slot 0
[2022-12-12 13:11:28] [SEVERE ] removing player 2 token from slot 0
[2022-12-12 13:11:28] [SEVERE ] removing player 2 token from slot 8
[2022-12-12 13:11:28] [SEVERE ] removing player 2 token from slot 9
[2022-12-12 13:11:28] [SEVERE ] player 2 placing token on slot 2
[2022-12-12 13:11:28] [SEVERE ] player 2 placing token on slot 11
[2022-12-12 13:11:28] [SEVERE ] player 2 placing token on slot 0
[2022-12-12 13:11:28] [SEVERE ] removing player 2 token from slot 0
[2022-12-12 13:11:28] [SEVERE ] removing player 2 token from slot 2
[2022-12-12 13:11:28] [SEVERE ] removing player 2 token from slot 11
[2022-12-12 13:11:28] [SEVERE ] player 2 placing token on slot 9
[2022-12-12 13:11:28] [SEVERE ] player 2 placing token on slot 1
[2022-12-12 13:11:29] [SEVERE ] player 2 placing token on slot 6
[2022-12-12 13:11:29] [SEVERE ] setting player 2 score to 1
[2022-12-12 13:11:29] [SEVERE ] player 2 placing token on slot 2
[2022-12-12 13:11:29] [SEVERE ] player 2 placing token on slot 7
[2022-12-12 13:11:29] [SEVERE ] player 2 placing token on slot 5
[2022-12-12 13:11:29] [SEVERE ] removing tokens from slot 1
[2022-12-12 13:11:29] [SEVERE ] removing card from slot 1
[2022-12-12 13:11:29] [SEVERE ] removing tokens from slot 6
[2022-12-12 13:11:29] [SEVERE ] removing card from slot 6
[2022-12-12 13:11:29] [SEVERE ] removing tokens from slot 9
[2022-12-12 13:11:29] [SEVERE ] removing card from slot 9
[2022-12-12 13:11:29] [SEVERE ] placing card 62 in slot 1
[2022-12-12 13:11:29] [SEVERE ] placing card 27 in slot 6
[2022-12-12 13:11:29] [SEVERE ] placing card 22 in slot 9
[2022-12-12 13:11:29] [SEVERE ] removing player 2 token from slot 2
[2022-12-12 13:11:29] [SEVERE ] removing player 2 token from slot 5
[2022-12-12 13:11:29] [SEVERE ] removing player 2 token from slot 7
[2022-12-12 13:11:29] [SEVERE ] player 2 placing token on slot 8
[2022-12-12 13:11:29] [SEVERE ] player 2 placing token on slot 3
[2022-12-12 13:11:29] [SEVERE ] player 2 placing token on slot 7
[2022-12-12 13:11:29] [SEVERE ] removing player 2 token from slot 3
[2022-12-12 13:11:29] [SEVERE ] removing player 2 token from slot 7
[2022-12-12 13:11:29] [SEVERE ] removing player 2 token from slot 8
[2022-12-12 13:11:29] [SEVERE ] player 2 placing token on slot 6
[2022-12-12 13:11:29] [SEVERE ] player 2 placing token on slot 0
[2022-12-12 13:11:29] [SEVERE ] player 2 placing token on slot 2
[2022-12-12 13:11:29] [SEVERE ] removing player 2 token from slot 0
[2022-12-12 13:11:29] [SEVERE ] removing player 2 token from slot 2
[2022-12-12 13:11:29] [SEVERE ] removing player 2 token from slot 6
[2022-12-12 13:11:29] [SEVERE ] player 2 placing token on slot 3
[2022-12-12 13:11:29] [SEVERE ] player 2 placing token on slot 2
[2022-12-12 13:11:29] [SEVERE ] player 2 placing token on slot 1
[2022-12-12 13:11:29] [SEVERE ] removing player 2 token from slot 1
[2022-12-12 13:11:29] [SEVERE ] removing player 2 token from slot 2
[2022-12-12 13:11:29] [SEVERE ] removing player 2 token from slot 3
[2022-12-12 13:11:29] [SEVERE ] player 2 placing token on slot 11
[2022-12-12 13:11:29] [SEVERE ] player 2 placing token on slot 8
[2022-12-12 13:11:30] [SEVERE ] player 2 placing token on slot 10
[2022-12-12 13:11:30] [SEVERE ] removing player 2 token from slot 8
[2022-12-12 13:11:30] [SEVERE ] removing player 2 token from slot 10
[2022-12-12 13:11:30] [SEVERE ] removing player 2 token from slot 11
[2022-12-12 13:11:30] [SEVERE ] player 2 placing token on slot 0
[2022-12-12 13:11:30] [SEVERE ] player 2 placing token on slot 7
[2022-12-12 13:11:30] [SEVERE ] player 2 placing token on slot 11
[2022-12-12 13:11:30] [SEVERE ] removing player 2 token from slot 0
[2022-12-12 13:11:30] [SEVERE ] removing player 2 token from slot 7
[2022-12-12 13:11:30] [SEVERE ] removing player 2 token from slot 11
[2022-12-12 13:11:30] [SEVERE ] player 2 placing token on slot 9
[2022-12-12 13:11:30] [SEVERE ] player 2 placing token on slot 0
[2022-12-12 13:11:30] [SEVERE ] player 2 placing token on slot 1
[2022-12-12 13:11:30] [SEVERE ] removing player 2 token from slot 0
[2022-12-12 13:11:30] [SEVERE ] removing player 2 token from slot 1
[2022-12-12 13:11:30] [SEVERE ] removing player 2 token from slot 9
[2022-12-12 13:11:30] [SEVERE ] player 2 placing token on slot 7
[2022-12-12 13:11:30] [SEVERE ] player 2 placing token on slot 2
[2022-12-12 13:11:30] [SEVERE ] player 2 placing token on slot 8
[2022-12-12 13:11:30] [SEVERE ] removing player 2 token from slot 2
[2022-12-12 13:11:30] [SEVERE ] removing player 2 token from slot 7
[2022-12-12 13:11:30] [SEVERE ] removing player 2 token from slot 8
[2022-12-12 13:11:30] [SEVERE ] player 2 placing token on slot 8
[2022-12-12 13:11:30] [SEVERE ] player 2 placing token on slot 1
[2022-12-12 13:11:30] [SEVERE ] player 2 placing token on slot 9
[2022-12-12 13:11:30] [SEVERE ] removing player 2 token from slot 1
[2022-12-12 13:11:30] [SEVERE ] removing player 2 token from slot 8
[2022-12-12 13:11:30] [SEVERE ] removing player 2 token from slot 9
[2022-12-12 13:11:30] [SEVERE ] player 2 placing token on slot 1
[2022-12-12 13:11:30] [SEVERE ] player 2 placing token on slot 3
[2022-12-12 13:11:30] [SEVERE ] player 2 placing token on slot 0
[2022-12-12 13:11:30] [SEVERE ] removing player 2 token from slot 0
[2022-12-12 13:11:30] [SEVERE ] removing player 2 token from slot 1
[2022-12-12 13:11:30] [SEVERE ] removing player 2 token from slot 3
[2022-12-12 13:11:30] [SEVERE ] player 2 placing token on slot 9
[2022-12-12 13:11:30] [SEVERE ] player 2 placing token on slot 1
[2022-12-12 13:11:30] [SEVERE ] player 2 placing token on slot 7
[2022-12-12 13:11:30] [SEVERE ] removing player 2 token from slot 1
[2022-12-12 13:11:30] [SEVERE ] removing player 2 token from slot 7
[2022-12-12 13:11:30] [SEVERE ] removing player 2 token from slot 9
[2022-12-12 13:11:30] [SEVERE ] player 2 placing token on slot 7
[2022-12-12 13:11:30] [SEVERE ] player 2 placing token on slot 6
[2022-12-12 13:11:30] [SEVERE ] player 2 placing token on slot 4
[2022-12-12 13:11:30] [SEVERE ] removing player 2 token from slot 4
[2022-12-12 13:11:30] [SEVERE ] removing player 2 token from slot 6
[2022-12-12 13:11:30] [SEVERE ] removing player 2 token from slot 7
[2022-12-12 13:11:30] [SEVERE ] player 2 placing token on slot 4
[2022-12-12 13:11:30] [SEVERE ] player 2 placing token on slot 5
[2022-12-12 13:11:30] [SEVERE ] player 2 placing token on slot 2
[2022-12-12 13:11:30] [SEVERE ] removing player 2 token from slot 2
[2022-12-12 13:11:30] [SEVERE ] removing player 2 token from slot 4
[2022-12-12 13:11:30] [SEVERE ] removing player 2 token from slot 5
[2022-12-12 13:11:30] [SEVERE ] player 2 placing token on slot 0
[2022-12-12 13:11:30] [SEVERE ] player 2 placing token on slot 9
[2022-12-12 13:11:30] [SEVERE ] player 2 placing token on slot 11
[2022-12-12 13:11:30] [SEVERE ] removing player 2 token from slot 0
[2022-12-12 13:11:30] [SEVERE ] removing player 2 token from slot 9
[2022-12-12 13:11:30] [SEVERE ] removing player 2 token from slot 11
[2022-12-12 13:11:30] [SEVERE ] player 2 placing token on slot 1
[2022-12-12 13:11:30] [SEVERE ] player 2 placing token on slot 3
[2022-12-12 13:11:30] [SEVERE ] player 2 placing token on slot 4
[2022-12-12 13:11:30] [SEVERE ] removing player 2 token from slot 1
[2022-12-12 13:11:30] [SEVERE ] removing player 2 token from slot 3
[2022-12-12 13:11:30] [SEVERE ] removing player 2 token from slot 4
[2022-12-12 13:11:30] [SEVERE ] player 2 placing token on slot 9
[2022-12-12 13:11:31] [SEVERE ] player 2 placing token on slot 5
[2022-12-12 13:11:31] [SEVERE ] player 2 placing token on slot 0
[2022-12-12 13:11:31] [SEVERE ] removing player 2 token from slot 0
[2022-12-12 13:11:31] [SEVERE ] removing player 2 token from slot 5
[2022-12-12 13:11:31] [SEVERE ] removing player 2 token from slot 9
[2022-12-12 13:11:31] [SEVERE ] player 2 placing token on slot 6
[2022-12-12 13:11:31] [SEVERE ] player 2 placing token on slot 8
[2022-12-12 13:11:31] [SEVERE ] player 2 placing token on slot 3
[2022-12-12 13:11:31] [SEVERE ] removing player 2 token from slot 3
[2022-12-12 13:11:31] [SEVERE ] removing player 2 token from slot 6
[2022-12-12 13:11:31] [SEVERE ] removing player 2 token from slot 8
[2022-12-12 13:11:31] [SEVERE ] player 2 placing token on slot 3
[2022-12-12 13:11:31] [SEVERE ] player 2 placing token on slot 2
[2022-12-12 13:11:31] [SEVERE ] player 2 placing token on slot 6
[2022-12-12 13:11:31] [SEVERE ] removing player 2 token from slot 2
[2022-12-12 13:11:31] [SEVERE ] removing player 2 token from slot 3
[2022-12-12 13:11:31] [SEVERE ] removing player 2 token from slot 6
[2022-12-12 13:11:31] [SEVERE ] player 2 placing token on slot 9
[2022-12-12 13:11:31] [SEVERE ] player 2 placing token on slot 6
[2022-12-12 13:11:31] [SEVERE ] player 2 placing token on slot 0
[2022-12-12 13:11:31] [SEVERE ] removing player 2 token from slot 0
[2022-12-12 13:11:31] [SEVERE ] removing player 2 token from slot 6
[2022-12-12 13:11:31] [SEVERE ] removing player 2 token from slot 9
[2022-12-12 13:11:31] [SEVERE ] player 2 placing token on slot 4
[2022-12-12 13:11:31] [SEVERE ] player 2 placing token on slot 7
[2022-12-12 13:11:31] [SEVERE ] player 2 placing token on slot 5
[2022-12-12 13:11:31] [SEVERE ] removing player 2 token from slot 4
[2022-12-12 13:11:31] [SEVERE ] removing player 2 token from slot 5
[2022-12-12 13:11:31] [SEVERE ] removing player 2 token from slot 7
[2022-12-12 13:11:31] [SEVERE ] player 2 placing token on slot 8
[2022-12-12 13:11:31] [SEVERE ] player 2 placing token on slot 11
[2022-12-12 13:11:31] [SEVERE ] player 2 placing token on slot 7
[2022-12-12 13:11:31] [SEVERE ] removing player 2 token from slot 7
[2022-12-12 13:11:31] [SEVERE ] removing player 2 token from slot 8
[2022-12-12 13:11:31] [SEVERE ] removing player 2 token from slot 11
[2022-12-12 13:11:31] [SEVERE ] player 2 placing token on slot 1
[2022-12-12 13:11:31] [SEVERE ] player 2 placing token on slot 3
[2022-12-12 13:11:31] [SEVERE ] player 2 placing token on slot 7
[2022-12-12 13:11:31] [SEVERE ] removing player 2 token from slot 1
[2022-12-12 13:11:31] [SEVERE ] removing player 2 token from slot 3
[2022-12-12 13:11:31] [SEVERE ] removing player 2 token from slot 7
[2022-12-12 13:11:31] [SEVERE ] player 2 placing token on slot 1
[2022-12-12 13:11:31] [SEVERE ] player 2 placing token on slot 3
[2022-12-12 13:11:31] [SEVERE ] player 2 placing token on slot 11
[2022-12-12 13:11:31] [SEVERE ] removing player 2 token from slot 1
[2022-12-12 13:11:31] [SEVERE ] removing player 2 token from slot 3
[2022-12-12 13:11:31] [SEVERE ] removing player 2 token from slot 11
[2022-12-12 13:11:31] [SEVERE ] player 2 placing token on slot 9
[2022-12-12 13:11:31] [SEVERE ] player 2 placing token on slot 3
[2022-12-12 13:11:31] [SEVERE ] player 2 placing token on slot 10
[2022-12-12 13:11:31] [SEVERE ] removing player 2 token from slot 3
[2022-12-12 13:11:31] [SEVERE ] removing player 2 token from slot 9
[2022-12-12 13:11:31] [SEVERE ] removing player 2 token from slot 10
[2022-12-12 13:11:31] [SEVERE ] player 2 placing token on slot 11
[2022-12-12 13:11:31] [SEVERE ] player 2 placing token on slot 3
[2022-12-12 13:11:31] [SEVERE ] player 2 placing token on slot 10
[2022-12-12 13:11:31] [SEVERE ] removing player 2 token from slot 3
[2022-12-12 13:11:31] [SEVERE ] removing player 2 token from slot 10
[2022-12-12 13:11:31] [SEVERE ] removing player 2 token from slot 11
[2022-12-12 13:11:31] [SEVERE ] player 2 placing token on slot 7
[2022-12-12 13:11:31] [SEVERE ] player 2 placing token on slot 2
[2022-12-12 13:11:31] [SEVERE ] player 2 placing token on slot 9
[2022-12-12 13:11:31] [SEVERE ] removing player 2 token from slot 2
[2022-12-12 13:11:31] [SEVERE ] removing player 2 token from slot 7
[2022-12-12 13:11:31] [SEVERE ] removing player 2 token from slot 9
[2022-12-12 13:11:31] [SEVERE ] player 2 placing token on slot 5
[2022-12-12 13:11:32] [SEVERE ] player 2 placing token on slot 11
[2022-12-12 13:11:32] [SEVERE ] player 2 placing token on slot 7
[2022-12-12 13:11:32] [SEVERE ] removing player 2 token from slot 5
[2022-12-12 13:11:32] [SEVERE ] removing player 2 token from slot 7
[2022-12-12 13:11:32] [SEVERE ] removing player 2 token from slot 11
[2022-12-12 13:11:32] [SEVERE ] player 2 placing token on slot 7
[2022-12-12 13:11:32] [SEVERE ] player 2 placing token on slot 1
[2022-12-12 13:11:32] [SEVERE ] player 2 placing token on slot 4
[2022-12-12 13:11:32] [SEVERE ] removing player 2 token from slot 1
[2022-12-12 13:11:32] [SEVERE ] removing player 2 token from slot 4
[2022-12-12 13:11:32] [SEVERE ] removing player 2 token from slot 7
[2022-12-12 13:11:32] [SEVERE ] player 2 placing token on slot 7
[2022-12-12 13:11:32] [SEVERE ] player 2 placing token on slot 5
[2022-12-12 13:11:32] [SEVERE ] player 2 placing token on slot 8
[2022-12-12 13:11:32] [SEVERE ] removing player 2 token from slot 5
[2022-12-12 13:11:32] [SEVERE ] removing player 2 token from slot 7
[2022-12-12 13:11:32] [SEVERE ] removing player 2 token from slot 8
[2022-12-12 13:11:32] [SEVERE ] player 2 placing token on slot 8
[2022-12-12 13:11:32] [SEVERE ] player 2 placing token on slot 9
[2022-12-12 13:11:32] [SEVERE ] player 2 placing token on slot 3
[2022-12-12 13:11:32] [SEVERE ] setting player 2 score to 2
[2022-12-12 13:11:32] [SEVERE ] player 2 placing token on slot 1
[2022-12-12 13:11:32] [SEVERE ] player 2 placing token on slot 7
[2022-12-12 13:11:32] [SEVERE ] player 2 placing token on slot 4
[2022-12-12 13:11:32] [SEVERE ] removing tokens from slot 3
[2022-12-12 13:11:32] [SEVERE ] removing card from slot 3
[2022-12-12 13:11:32] [SEVERE ] removing tokens from slot 8
[2022-12-12 13:11:32] [SEVERE ] removing card from slot 8
[2022-12-12 13:11:32] [SEVERE ] removing tokens from slot 9
[2022-12-12 13:11:32] [SEVERE ] removing card from slot 9
[2022-12-12 13:11:32] [SEVERE ] placing card 10 in slot 3
[2022-12-12 13:11:32] [SEVERE ] placing card 9 in slot 8
[2022-12-12 13:11:32] [SEVERE ] placing card 40 in slot 9
[2022-12-12 13:11:32] [SEVERE ] removing player 2 token from slot 1
[2022-12-12 13:11:32] [SEVERE ] removing player 2 token from slot 4
[2022-12-12 13:11:32] [SEVERE ] removing player 2 token from slot 7
[2022-12-12 13:11:33] [SEVERE ] player 2 placing token on slot 6
[2022-12-12 13:11:33] [SEVERE ] player 2 placing token on slot 2
[2022-12-12 13:11:33] [SEVERE ] player 2 placing token on slot 1
[2022-12-12 13:11:33] [SEVERE ] removing player 2 token from slot 1
[2022-12-12 13:11:33] [SEVERE ] removing player 2 token from slot 2
[2022-12-12 13:11:33] [SEVERE ] removing player 2 token from slot 6
[2022-12-12 13:11:33] [SEVERE ] player 2 placing token on slot 1
[2022-12-12 13:11:33] [SEVERE ] player 2 placing token on slot 11
[2022-12-12 13:11:33] [SEVERE ] player 2 placing token on slot 6
[2022-12-12 13:11:33] [SEVERE ] removing player 2 token from slot 1
[2022-12-12 13:11:33] [SEVERE ] removing player 2 token from slot 6
[2022-12-12 13:11:33] [SEVERE ] removing player 2 token from slot 11
[2022-12-12 13:11:33] [SEVERE ] player 2 placing token on slot 1
[2022-12-12 13:11:33] [SEVERE ] player 2 placing token on slot 9
[2022-12-12 13:11:33] [SEVERE ] player 2 placing token on slot 11
[2022-12-12 13:11:33] [SEVERE ] removing player 2 token from slot 1
[2022-12-12 13:11:33] [SEVERE ] removing player 2 token from slot 9
[2022-12-12 13:11:33] [SEVERE ] removing player 2 token from slot 11
[2022-12-12 13:11:33] [SEVERE ] player 2 placing token on slot 9
[2022-12-12 13:11:33] [SEVERE ] player 2 placing token on slot 10
[2022-12-12 13:11:33] [SEVERE ] player 2 placing token on slot 4
[2022-12-12 13:11:33] [SEVERE ] removing player 2 token from slot 4
[2022-12-12 13:11:33] [SEVERE ] removing player 2 token from slot 9
[2022-12-12 13:11:33] [SEVERE ] removing player 2 token from slot 10
[2022-12-12 13:11:33] [SEVERE ] player 2 placing token on slot 1
[2022-12-12 13:11:33] [SEVERE ] player 2 placing token on slot 9
[2022-12-12 13:11:33] [SEVERE ] player 2 placing token on slot 11
[2022-12-12 13:11:33] [SEVERE ] removing player 2 token from slot 1
[2022-12-12 13:11:33] [SEVERE ] removing player 2 token from slot 9
[2022-12-12 13:11:33] [SEVERE ] removing player 2 token from slot 11
[2022-12-12 13:11:33] [SEVERE ] player 2 placing token on slot 4
[2022-12-12 13:11:33] [SEVERE ] player 2 placing token on slot 0
[2022-12-12 13:11:33] [SEVERE ] player 2 placing token on slot 8
[2022-12-12 13:11:33] [SEVERE ] removing player 2 token from slot 0
[2022-12-12 13:11:33] [SEVERE ] removing player 2 token from slot 4
[2022-12-12 13:11:33] [SEVERE ] removing player 2 token from slot 8
[2022-12-12 13:11:33] [SEVERE ] player 2 placing token on slot 7
[2022-12-12 13:11:33] [SEVERE ] player 2 placing token on slot 11
[2022-12-12 13:11:33] [SEVERE ] player 2 placing token on slot 5
[2022-12-12 13:11:33] [SEVERE ] removing player 2 token from slot 5
[2022-12-12 13:11:33] [SEVERE ] removing player 2 token from slot 7
[2022-12-12 13:11:33] [SEVERE ] removing player 2 token from slot 11
[2022-12-12 13:11:33] [SEVERE ] player 2 placing token on slot 10
[2022-12-12 13:11:33] [SEVERE ] player 2 placing token on slot 2
[2022-12-12 13:11:33] [SEVERE ] player 2 placing token on slot 5
[2022-12-12 13:11:33] [SEVERE ] removing player 2 token from slot 2
[2022-12-12 13:11:33] [SEVERE ] removing player 2 token from slot 5
[2022-12-12 13:11:33] [SEVERE ] removing player 2 token from slot 10
[2022-12-12 13:11:33] [SEVERE ] player 2 placing token on slot 2
[2022-12-12 13:11:33] [SEVERE ] player 2 placing token on slot 11
[2022-12-12 13:11:33] [SEVERE ] player 2 placing token on slot 9
[2022-12-12 13:11:33] [SEVERE ] removing player 2 token from slot 2
[2022-12-12 13:11:33] [SEVERE ] removing player 2 token from slot 9
[2022-12-12 13:11:33] [SEVERE ] removing player 2 token from slot 11
[2022-12-12 13:11:33] [SEVERE ] player 2 placing token on slot 3
[2022-12-12 13:11:33] [SEVERE ] player 2 placing token on slot 5
[2022-12-12 13:11:33] [SEVERE ] player 2 placing token on slot 11
[2022-12-12 13:11:33] [SEVERE ] removing player 2 token from slot 3
[2022-12-12 13:11:33] [SEVERE ] removing player 2 token from slot 5
[2022-12-12 13:11:33] [SEVERE ] removing player 2 token from slot 11
[2022-12-12 13:11:33] [SEVERE ] player 2 placing token on slot 8
[2022-12-12 13:11:33] [SEVERE ] player 2 placing token on slot 6
[2022-12-12 13:11:34] [SEVERE ] player 2 placing token on slot 1
[2022-12-12 13:11:34] [SEVERE ] removing player 2 token from slot 1
[2022-12-12 13:11:34] [SEVERE ] removing player 2 token from slot 6
[2022-12-12 13:11:34] [SEVERE ] removing player 2 token from slot 8
[2022-12-12 13:11:34] [SEVERE ] player 2 placing token on slot 9
[2022-12-12 13:11:34] [SEVERE ] player 2 placing token on slot 7
[2022-12-12 13:11:34] [SEVERE ] player 2 placing token on slot 1
[2022-12-12 13:11:34] [SEVERE ] removing player 2 token from slot 1
[2022-12-12 13:11:34] [SEVERE ] removing player 2 token from slot 7
[2022-12-12 13:11:34] [SEVERE ] removing player 2 token from slot 9
[2022-12-12 13:11:34] [SEVERE ] player 2 placing token on slot 7
[2022-12-12 13:11:34] [SEVERE ] player 2 placing token on slot 10
[2022-12-12 13:11:34] [SEVERE ] player 2 placing token on slot 0
[2022-12-12 13:11:34] [SEVERE ] removing player 2 token from slot 0
[2022-12-12 13:11:34] [SEVERE ] removing player 2 token from slot 7
[2022-12-12 13:11:34] [SEVERE ] removing player 2 token from slot 10
[2022-12-12 13:11:34] [SEVERE ] player 2 placing token on slot 2
[2022-12-12 13:11:34] [SEVERE ] player 2 placing token on slot 5
[2022-12-12 13:11:34] [SEVERE ] player 2 placing token on slot 0
[2022-12-12 13:11:34] [SEVERE ] removing player 2 token from slot 0
[2022-12-12 13:11:34] [SEVERE ] removing player 2 token from slot 2
[2022-12-12 13:11:34] [SEVERE ] removing player 2 token from slot 5
[2022-12-12 13:11:34] [SEVERE ] player 2 placing token on slot 7
[2022-12-12 13:11:34] [SEVERE ] player 2 placing token on slot 0
[2022-12-12 13:11:34] [SEVERE ] player 2 placing token on slot 11
[2022-12-12 13:11:34] [SEVERE ] removing player 2 token from slot 0
[2022-12-12 13:11:34] [SEVERE ] removing player 2 token from slot 7
[2022-12-12 13:11:34] [SEVERE ] removing player 2 token from slot 11
[2022-12-12 13:11:34] [SEVERE ] player 2 placing token on slot 7
[2022-12-12 13:11:34] [SEVERE ] player 2 placing token on slot 8
[2022-12-12 13:11:34] [SEVERE ] player 2 placing token on slot 4
[2022-12-12 13:11:34] [SEVERE ] removing player 2 token from slot 4
[2022-12-12 13:11:34] [SEVERE ] removing player 2 token from slot 7
[2022-12-12 13:11:34] [SEVERE ] removing player 2 token from slot 8
[2022-12-12 13:11:34] [SEVERE ] player 2 placing token on slot 7
[2022-12-12 13:11:34] [SEVERE ] player 2 placing token on slot 0
[2022-12-12 13:11:34] [SEVERE ] player 2 placing token on slot 5
[2022-12-12 13:11:34] [SEVERE ] removing player 2 token from slot 0
[2022-12-12 13:11:34] [SEVERE ] removing player 2 token from slot 5
[2022-12-12 13:11:34] [SEVERE ] removing player 2 token from slot 7
[2022-12-12 13:11:34] [SEVERE ] player 2 placing token on slot 2
[2022-12-12 13:11:34] [SEVERE ] player 2 placing token on slot 0
[2022-12-12 13:11:34] [SEVERE ] player 2 placing token on slot 4
[2022-12-12 13:11:34] [SEVERE ] removing player 2 token from slot 0
[2022-12-12 13:11:34] [SEVERE ] removing player 2 token from slot 2
[2022-12-12 13:11:34] [SEVERE ] removing player 2 token from slot 4
[2022-12-12 13:11:34] [SEVERE ] player 2 placing token on slot 2
[2022-12-12 13:11:34] [SEVERE ] player 2 placing token on slot 1
[2022-12-12 13:11:34] [SEVERE ] player 2 placing token on slot 8
[2022-12-12 13:11:34] [SEVERE ] removing player 2 token from slot 1
[2022-12-12 13:11:34] [SEVERE ] removing player 2 token from slot 2
[2022-12-12 13:11:34] [SEVERE ] removing player 2 token from slot 8
[2022-12-12 13:11:34] [SEVERE ] player 2 placing token on slot 2
[2022-12-12 13:11:34] [SEVERE ] player 2 placing token on slot 0
[2022-12-12 13:11:34] [SEVERE ] player 2 placing token on slot 7
[2022-12-12 13:11:34] [SEVERE ] removing player 2 token from slot 0
[2022-12-12 13:11:34] [SEVERE ] removing player 2 token from slot 2
[2022-12-12 13:11:34] [SEVERE ] removing player 2 token from slot 7
[2022-12-12 13:11:34] [SEVERE ] player 2 placing token on slot 7
[2022-12-12 13:11:34] [SEVERE ] player 2 placing token on slot 11
[2022-12-12 13:11:34] [SEVERE ] player 2 placing token on slot 1
[2022-12-12 13:11:34] [SEVERE ] removing player 2 token from slot 1
[2022-12-12 13:11:34] [SEVERE ] removing player 2 token from slot 7
[2022-12-12 13:11:34] [SEVERE ] removing player 2 token from slot 11
[2022-12-12 13:11:34] [SEVERE ] player 2 placing token on slot 5
[2022-12-12 13:11:34] [SEVERE ] player 2 placing token on slot 1
[2022-12-12 13:11:34] [SEVERE ] player 2 placing token on slot 2
[2022-12-12 13:11:34] [SEVERE ] removing player 2 token from slot 1
[2022-12-12 13:11:34] [SEVERE ] removing player 2 token from slot 2
[2022-12-12 13:11:34] [SEVERE ] removing player 2 token from slot 5
[2022-12-12 13:11:35] [SEVERE ] player 2 placing token on slot 10
[2022-12-12 13:11:35] [SEVERE ] player 2 placing token on slot 1
[2022-12-12 13:11:35] [SEVERE ] player 2 placing token on slot 6
[2022-12-12 13:11:35] [SEVERE ] removing player 2 token from slot 1
[2022-12-12 13:11:35] [SEVERE ] removing player 2 token from slot 6
[2022-12-12 13:11:35] [SEVERE ] removing player 2 token from slot 10
[2022-12-12 13:11:35] [SEVERE ] player 2 placing token on slot 6
[2022-12-12 13:11:35] [SEVERE ] player 2 placing token on slot 10
[2022-12-12 13:11:35] [SEVERE ] player 2 placing token on slot 11
[2022-12-12 13:11:35] [SEVERE ] removing player 2 token from slot 6
[2022-12-12 13:11:35] [SEVERE ] removing player 2 token from slot 10
[2022-12-12 13:11:35] [SEVERE ] removing player 2 token from slot 11
[2022-12-12 13:11:35] [SEVERE ] player 2 placing token on slot 0
[2022-12-12 13:11:35] [SEVERE ] player 2 placing token on slot 1
[2022-12-12 13:11:35] [SEVERE ] player 2 placing token on slot 9
[2022-12-12 13:11:35] [SEVERE ] removing player 2 token from slot 0
[2022-12-12 13:11:35] [SEVERE ] removing player 2 token from slot 1
[2022-12-12 13:11:35] [SEVERE ] removing player 2 token from slot 9
[2022-12-12 13:11:35] [SEVERE ] player 2 placing token on slot 8
[2022-12-12 13:11:35] [SEVERE ] player 2 placing token on slot 11
[2022-12-12 13:11:35] [SEVERE ] player 2 placing token on slot 6
[2022-12-12 13:11:35] [SEVERE ] removing player 2 token from slot 6
[2022-12-12 13:11:35] [SEVERE ] removing player 2 token from slot 8
[2022-12-12 13:11:35] [SEVERE ] removing player 2 token from slot 11
[2022-12-12 13:11:35] [SEVERE ] player 2 placing token on slot 2
[2022-12-12 13:11:35] [SEVERE ] player 2 placing token on slot 9
[2022-12-12 13:11:35] [SEVERE ] player 2 placing token on slot 3
[2022-12-12 13:11:35] [SEVERE ] removing player 2 token from slot 2
[2022-12-12 13:11:35] [SEVERE ] removing player 2 token from slot 3
[2022-12-12 13:11:35] [SEVERE ] removing player 2 token from slot 9
[2022-12-12 13:11:35] [SEVERE ] player 2 placing token on slot 4
[2022-12-12 13:11:35] [SEVERE ] player 2 placing token on slot 3
[2022-12-12 13:11:35] [SEVERE ] player 2 placing token on slot 8
[2022-12-12 13:11:35] [SEVERE ] removing player 2 token from slot 3
[2022-12-12 13:11:35] [SEVERE ] removing player 2 token from slot 4
[2022-12-12 13:11:35] [SEVERE ] removing player 2 token from slot 8
[2022-12-12 13:11:35] [SEVERE ] player 2 placing token on slot 1
[2022-12-12 13:11:35] [SEVERE ] player 2 placing token on slot 6
[2022-12-12 13:11:35] [SEVERE ] player 2 placing token on slot 8
[2022-12-12 13:11:35] [SEVERE ] removing player 2 token from slot 1
[2022-12-12 13:11:35] [SEVERE ] removing player 2 token from slot 6
[2022-12-12 13:11:35] [SEVERE ] removing player 2 token from slot 8
[2022-12-12 13:11:35] [SEVERE ] player 2 placing token on slot 6
[2022-12-12 13:11:35] [SEVERE ] player 2 placing token on slot 11
[2022-12-12 13:11:35] [SEVERE ] player 2 placing token on slot 2
[2022-12-12 13:11:35] [SEVERE ] removing player 2 token from slot 2
[2022-12-12 13:11:35] [SEVERE ] removing player 2 token from slot 6
[2022-12-12 13:11:35] [SEVERE ] removing player 2 token from slot 11
[2022-12-12 13:11:35] [SEVERE ] player 2 placing token on slot 5
[2022-12-12 13:11:35] [SEVERE ] player 2 placing token on slot 3
[2022-12-12 13:11:35] [SEVERE ] player 2 placing token on slot 7
[2022-12-12 13:11:35] [SEVERE ] removing player 2 token from slot 3
[2022-12-12 13:11:35] [SEVERE ] removing player 2 token from slot 5
[2022-12-12 13:11:35] [SEVERE ] removing player 2 token from slot 7
[2022-12-12 13:11:35] [SEVERE ] player 2 placing token on slot 10
[2022-12-12 13:11:35] [SEVERE ] player 2 placing token on slot 0
[2022-12-12 13:11:35] [SEVERE ] player 2 placing token on slot 8
[2022-12-12 13:11:35] [SEVERE ] removing player 2 token from slot 0
[2022-12-12 13:11:35] [SEVERE ] removing player 2 token from slot 8
[2022-12-12 13:11:35] [SEVERE ] removing player 2 token from slot 10
[2022-12-12 13:11:35] [SEVERE ] player 2 placing token on slot 6
[2022-12-12 13:11:36] [SEVERE ] player 2 placing token on slot 2
[2022-12-12 13:11:36] [SEVERE ] player 2 placing token on slot 8
[2022-12-12 13:11:36] [SEVERE ] removing player 2 token from slot 2
[2022-12-12 13:11:36] [SEVERE ] removing player 2 token from slot 6
[2022-12-12 13:11:36] [SEVERE ] removing player 2 token from slot 8
[2022-12-12 13:11:36] [SEVERE ] player 2 placing token on slot 4
[2022-12-12 13:11:36] [SEVERE ] player 2 placing token on slot 9
[2022-12-12 13:11:36] [SEVERE ] player 2 placing token on slot 6
[2022-12-12 13:11:36] [SEVERE ] removing player 2 token from slot 4
[2022-12-12 13:11:36] [SEVERE ] removing player 2 token from slot 6
[2022-12-12 13:11:36] [SEVERE ] removing player 2 token from slot 9
[2022-12-12 13:11:36] [SEVERE ] player 2 placing token on slot 7
[2022-12-12 13:11:36] [SEVERE ] player 2 placing token on slot 3
[2022-12-12 13:11:36] [SEVERE ] player 2 placing token on slot 5
[2022-12-12 13:11:36] [SEVERE ] removing player 2 token from slot 3
[2022-12-12 13:11:36] [SEVERE ] removing player 2 token from slot 5
[2022-12-12 13:11:36] [SEVERE ] removing player 2 token from slot 7
[2022-12-12 13:11:36] [SEVERE ] player 2 placing token on slot 11
[2022-12-12 13:11:36] [SEVERE ] player 2 placing token on slot 7
[2022-12-12 13:11:36] [SEVERE ] player 2 placing token on slot 8
[2022-12-12 13:11:36] [SEVERE ] removing player 2 token from slot 7
[2022-12-12 13:11:36] [SEVERE ] removing player 2 token from slot 8
[2022-12-12 13:11:36] [SEVERE ] removing player 2 token from slot 11
[2022-12-12 13:11:36] [SEVERE ] player 2 placing token on slot 10
[2022-12-12 13:11:36] [SEVERE ] player 2 placing token on slot 9
[2022-12-12 13:11:36] [SEVERE ] player 2 placing token on slot 4
[2022-12-12 13:11:36] [SEVERE ] removing player 2 token from slot 4
[2022-12-12 13:11:36] [SEVERE ] removing player 2 token from slot 9
[2022-12-12 13:11:36] [SEVERE ] removing player 2 token from slot 10
[2022-12-12 13:11:36] [SEVERE ] player 2 placing token on slot 3
[2022-12-12 13:11:36] [SEVERE ] player 2 placing token on slot 11
[2022-12-12 13:11:36] [SEVERE ] player 2 placing token on slot 4
[2022-12-12 13:11:36] [SEVERE ] setting player 2 score to 3
[2022-12-12 13:11:36] [SEVERE ] player 2 placing token on slot 3
[2022-12-12 13:11:36] [SEVERE ] player 2 placing token on slot 1
[2022-12-12 13:11:36] [SEVERE ] player 2 placing token on slot 7
[2022-12-12 13:11:36] [SEVERE ] removing tokens from slot 3
[2022-12-12 13:11:36] [SEVERE ] removing card from slot 3
[2022-12-12 13:11:36] [SEVERE ] removing tokens from slot 4
[2022-12-12 13:11:36] [SEVERE ] removing card from slot 4
[2022-12-12 13:11:36] [SEVERE ] removing tokens from slot 11
[2022-12-12 13:11:36] [SEVERE ] removing card from slot 11
[2022-12-12 13:11:36] [SEVERE ] placing card 55 in slot 3
[2022-12-12 13:11:37] [SEVERE ] placing card 53 in slot 4
[2022-12-12 13:11:37] [SEVERE ] placing card 15 in slot 11
