[2022-12-10 12:04:06] [INFO   ] cannot read configuration file config.properties trying from resources.
[2022-12-10 12:04:06] [INFO   ] configuration file was loaded from resources directory.
[2022-12-10 12:04:07] [INFO   ] Thread dealer starting.
[2022-12-10 12:04:07] [INFO   ] Thread Thread-1starting.
[2022-12-10 12:04:07] [INFO   ] Thread Thread-5starting.
[2022-12-10 12:04:07] [INFO   ] Thread Thread-4starting.
[2022-12-10 12:04:07] [INFO   ] Thread Thread-3starting.
[2022-12-10 12:04:07] [INFO   ] Thread Thread-2starting.
[2022-12-10 12:04:07] [INFO   ] Thread Thread-0starting.
[2022-12-10 12:04:07] [INFO   ] Thread computer-5 starting.
[2022-12-10 12:04:07] [INFO   ] Thread computer-2 starting.
[2022-12-10 12:04:07] [INFO   ] Thread computer-3 starting.
[2022-12-10 12:04:07] [INFO   ] Thread computer-4 starting.
[2022-12-10 12:04:07] [SEVERE ] placing card 59 in slot 0
[2022-12-10 12:04:07] [SEVERE ] placing card 44 in slot 1
[2022-12-10 12:04:07] [SEVERE ] placing card 38 in slot 2
[2022-12-10 12:04:07] [SEVERE ] placing card 65 in slot 3
[2022-12-10 12:04:08] [SEVERE ] placing card 74 in slot 4
[2022-12-10 12:04:08] [SEVERE ] placing card 76 in slot 5
[2022-12-10 12:04:08] [SEVERE ] placing card 14 in slot 6
[2022-12-10 12:04:08] [SEVERE ] placing card 33 in slot 7
[2022-12-10 12:04:08] [SEVERE ] placing card 37 in slot 8
[2022-12-10 12:04:08] [SEVERE ] placing card 29 in slot 9
[2022-12-10 12:04:08] [SEVERE ] placing card 42 in slot 10
[2022-12-10 12:04:08] [SEVERE ] placing card 16 in slot 11
[2022-12-10 12:04:14] [SEVERE ] removing tokens from slot 0
[2022-12-10 12:04:14] [SEVERE ] removing card from slot 0
[2022-12-10 12:04:15] [SEVERE ] removing tokens from slot 1
[2022-12-10 12:04:15] [SEVERE ] removing card from slot 1
[2022-12-10 12:04:15] [SEVERE ] removing tokens from slot 2
[2022-12-10 12:04:15] [SEVERE ] removing card from slot 2
[2022-12-10 12:04:15] [SEVERE ] removing tokens from slot 3
[2022-12-10 12:04:15] [SEVERE ] removing card from slot 3
[2022-12-10 12:04:15] [SEVERE ] removing tokens from slot 4
[2022-12-10 12:04:15] [SEVERE ] removing card from slot 4
[2022-12-10 12:04:15] [SEVERE ] removing tokens from slot 5
[2022-12-10 12:04:15] [SEVERE ] removing card from slot 5
[2022-12-10 12:04:15] [SEVERE ] removing tokens from slot 6
[2022-12-10 12:04:15] [SEVERE ] removing card from slot 6
[2022-12-10 12:04:15] [SEVERE ] removing tokens from slot 7
[2022-12-10 12:04:15] [SEVERE ] removing card from slot 7
[2022-12-10 12:04:15] [SEVERE ] removing tokens from slot 8
[2022-12-10 12:04:15] [SEVERE ] removing card from slot 8
[2022-12-10 12:04:15] [SEVERE ] removing tokens from slot 9
[2022-12-10 12:04:15] [SEVERE ] removing card from slot 9
[2022-12-10 12:04:16] [SEVERE ] removing tokens from slot 10
[2022-12-10 12:04:16] [SEVERE ] removing card from slot 10
[2022-12-10 12:04:16] [SEVERE ] removing tokens from slot 11
[2022-12-10 12:04:16] [SEVERE ] removing card from slot 11
[2022-12-10 12:04:16] [SEVERE ] placing card 30 in slot 0
[2022-12-10 12:04:16] [SEVERE ] placing card 11 in slot 1
[2022-12-10 12:04:16] [SEVERE ] placing card 12 in slot 2
[2022-12-10 12:04:16] [SEVERE ] placing card 26 in slot 3
[2022-12-10 12:04:16] [SEVERE ] placing card 59 in slot 4
[2022-12-10 12:04:16] [SEVERE ] placing card 67 in slot 5
[2022-12-10 12:04:16] [SEVERE ] placing card 45 in slot 6
[2022-12-10 12:04:17] [SEVERE ] placing card 16 in slot 7
[2022-12-10 12:04:17] [SEVERE ] placing card 51 in slot 8
[2022-12-10 12:04:17] [SEVERE ] placing card 39 in slot 9
[2022-12-10 12:04:17] [SEVERE ] placing card 43 in slot 10
[2022-12-10 12:04:17] [SEVERE ] placing card 50 in slot 11
[2022-12-10 12:04:23] [SEVERE ] removing tokens from slot 0
[2022-12-10 12:04:23] [SEVERE ] removing card from slot 0
[2022-12-10 12:04:23] [SEVERE ] removing tokens from slot 1
[2022-12-10 12:04:23] [SEVERE ] removing card from slot 1
[2022-12-10 12:04:23] [SEVERE ] removing tokens from slot 2
[2022-12-10 12:04:23] [SEVERE ] removing card from slot 2
[2022-12-10 12:04:23] [SEVERE ] removing tokens from slot 3
[2022-12-10 12:04:23] [SEVERE ] removing card from slot 3
[2022-12-10 12:04:24] [SEVERE ] removing tokens from slot 4
[2022-12-10 12:04:24] [SEVERE ] removing card from slot 4
[2022-12-10 12:04:24] [SEVERE ] removing tokens from slot 5
[2022-12-10 12:04:24] [SEVERE ] removing card from slot 5
[2022-12-10 12:04:24] [SEVERE ] removing tokens from slot 6
[2022-12-10 12:04:24] [SEVERE ] removing card from slot 6
[2022-12-10 12:04:24] [SEVERE ] removing tokens from slot 7
[2022-12-10 12:04:24] [SEVERE ] removing card from slot 7
[2022-12-10 12:04:24] [SEVERE ] removing tokens from slot 8
[2022-12-10 12:04:24] [SEVERE ] removing card from slot 8
[2022-12-10 12:04:24] [SEVERE ] removing tokens from slot 9
[2022-12-10 12:04:24] [SEVERE ] removing card from slot 9
[2022-12-10 12:04:24] [SEVERE ] removing tokens from slot 10
[2022-12-10 12:04:24] [SEVERE ] removing card from slot 10
[2022-12-10 12:04:24] [SEVERE ] removing tokens from slot 11
[2022-12-10 12:04:24] [SEVERE ] removing card from slot 11
[2022-12-10 12:04:24] [SEVERE ] placing card 56 in slot 0
[2022-12-10 12:04:25] [SEVERE ] placing card 2 in slot 1
[2022-12-10 12:04:25] [SEVERE ] placing card 42 in slot 2
[2022-12-10 12:04:25] [SEVERE ] placing card 51 in slot 3
[2022-12-10 12:04:25] [SEVERE ] placing card 5 in slot 4
[2022-12-10 12:04:25] [SEVERE ] placing card 76 in slot 5
[2022-12-10 12:04:25] [SEVERE ] placing card 64 in slot 6
[2022-12-10 12:04:25] [SEVERE ] placing card 37 in slot 7
[2022-12-10 12:04:25] [SEVERE ] placing card 55 in slot 8
[2022-12-10 12:04:25] [SEVERE ] placing card 50 in slot 9
[2022-12-10 12:04:26] [SEVERE ] placing card 74 in slot 10
[2022-12-10 12:04:26] [SEVERE ] placing card 16 in slot 11
