[2022-12-12 22:19:19] [INFO   ] cannot read configuration file config.properties trying from resources.
[2022-12-12 22:19:19] [INFO   ] configuration file was loaded from resources directory.
[2022-12-12 22:19:19] [INFO   ] Thread Thread-0starting.
[2022-12-12 22:19:19] [INFO   ] Thread Thread-2starting.
[2022-12-12 22:19:19] [INFO   ] Thread dealer starting.
[2022-12-12 22:19:19] [INFO   ] Thread Thread-1starting.
[2022-12-12 22:19:19] [INFO   ] Thread computer-2 starting.
[2022-12-12 22:19:19] [SEVERE ] placing card 5 in slot 0
[2022-12-12 22:19:20] [SEVERE ] placing card 41 in slot 1
[2022-12-12 22:19:20] [SEVERE ] placing card 31 in slot 2
[2022-12-12 22:19:20] [SEVERE ] placing card 17 in slot 3
[2022-12-12 22:19:20] [SEVERE ] placing card 38 in slot 4
[2022-12-12 22:19:20] [SEVERE ] placing card 72 in slot 5
[2022-12-12 22:19:20] [SEVERE ] placing card 43 in slot 6
[2022-12-12 22:19:20] [SEVERE ] placing card 65 in slot 7
[2022-12-12 22:19:20] [SEVERE ] placing card 80 in slot 8
[2022-12-12 22:19:20] [SEVERE ] placing card 29 in slot 9
[2022-12-12 22:19:21] [SEVERE ] placing card 60 in slot 10
[2022-12-12 22:19:21] [SEVERE ] placing card 49 in slot 11
[2022-12-12 22:19:21] [SEVERE ] player 2 placing token on slot 1
[2022-12-12 22:19:21] [SEVERE ] player 2 placing token on slot 2
[2022-12-12 22:19:21] [SEVERE ] player 2 placing token on slot 9
[2022-12-12 22:19:21] [SEVERE ] removing player 2 token from slot 1
[2022-12-12 22:19:21] [SEVERE ] removing player 2 token from slot 2
[2022-12-12 22:19:21] [SEVERE ] removing player 2 token from slot 9
[2022-12-12 22:19:21] [SEVERE ] player 2 placing token on slot 7
[2022-12-12 22:19:21] [SEVERE ] player 2 placing token on slot 5
[2022-12-12 22:19:21] [SEVERE ] player 2 placing token on slot 2
[2022-12-12 22:19:21] [SEVERE ] removing player 2 token from slot 2
[2022-12-12 22:19:21] [SEVERE ] removing player 2 token from slot 5
[2022-12-12 22:19:21] [SEVERE ] removing player 2 token from slot 7
[2022-12-12 22:19:21] [SEVERE ] player 2 placing token on slot 4
[2022-12-12 22:19:21] [SEVERE ] player 2 placing token on slot 6
[2022-12-12 22:19:21] [SEVERE ] player 2 placing token on slot 9
[2022-12-12 22:19:21] [SEVERE ] removing player 2 token from slot 4
[2022-12-12 22:19:21] [SEVERE ] removing player 2 token from slot 6
[2022-12-12 22:19:21] [SEVERE ] removing player 2 token from slot 9
[2022-12-12 22:19:21] [SEVERE ] player 2 placing token on slot 5
[2022-12-12 22:19:21] [SEVERE ] player 2 placing token on slot 7
[2022-12-12 22:19:21] [SEVERE ] player 2 placing token on slot 0
[2022-12-12 22:19:21] [SEVERE ] removing player 2 token from slot 0
[2022-12-12 22:19:21] [SEVERE ] removing player 2 token from slot 5
[2022-12-12 22:19:21] [SEVERE ] removing player 2 token from slot 7
[2022-12-12 22:19:21] [SEVERE ] player 2 placing token on slot 9
[2022-12-12 22:19:21] [SEVERE ] player 2 placing token on slot 8
[2022-12-12 22:19:21] [SEVERE ] player 2 placing token on slot 11
[2022-12-12 22:19:21] [SEVERE ] removing player 2 token from slot 8
[2022-12-12 22:19:21] [SEVERE ] removing player 2 token from slot 9
[2022-12-12 22:19:21] [SEVERE ] removing player 2 token from slot 11
[2022-12-12 22:19:21] [SEVERE ] player 2 placing token on slot 2
[2022-12-12 22:19:21] [SEVERE ] player 2 placing token on slot 7
[2022-12-12 22:19:21] [SEVERE ] player 2 placing token on slot 11
[2022-12-12 22:19:21] [SEVERE ] removing player 2 token from slot 2
[2022-12-12 22:19:21] [SEVERE ] removing player 2 token from slot 7
[2022-12-12 22:19:21] [SEVERE ] removing player 2 token from slot 11
[2022-12-12 22:19:21] [SEVERE ] player 2 placing token on slot 7
[2022-12-12 22:19:21] [SEVERE ] player 2 placing token on slot 11
[2022-12-12 22:19:21] [SEVERE ] player 2 placing token on slot 10
[2022-12-12 22:19:21] [SEVERE ] removing player 2 token from slot 7
[2022-12-12 22:19:21] [SEVERE ] removing player 2 token from slot 10
[2022-12-12 22:19:21] [SEVERE ] removing player 2 token from slot 11
[2022-12-12 22:19:21] [SEVERE ] player 2 placing token on slot 3
[2022-12-12 22:19:21] [SEVERE ] player 2 placing token on slot 8
[2022-12-12 22:19:21] [SEVERE ] player 2 placing token on slot 5
[2022-12-12 22:19:21] [SEVERE ] removing player 2 token from slot 3
[2022-12-12 22:19:21] [SEVERE ] removing player 2 token from slot 5
[2022-12-12 22:19:21] [SEVERE ] removing player 2 token from slot 8
[2022-12-12 22:19:21] [SEVERE ] player 2 placing token on slot 7
[2022-12-12 22:19:21] [SEVERE ] player 2 placing token on slot 3
[2022-12-12 22:19:22] [SEVERE ] player 2 placing token on slot 11
[2022-12-12 22:19:22] [SEVERE ] removing player 2 token from slot 3
[2022-12-12 22:19:22] [SEVERE ] removing player 2 token from slot 7
[2022-12-12 22:19:22] [SEVERE ] removing player 2 token from slot 11
[2022-12-12 22:19:22] [SEVERE ] player 2 placing token on slot 1
[2022-12-12 22:19:22] [SEVERE ] player 2 placing token on slot 8
[2022-12-12 22:19:22] [SEVERE ] player 2 placing token on slot 5
[2022-12-12 22:19:22] [SEVERE ] removing player 2 token from slot 1
[2022-12-12 22:19:22] [SEVERE ] removing player 2 token from slot 5
[2022-12-12 22:19:22] [SEVERE ] removing player 2 token from slot 8
[2022-12-12 22:19:22] [SEVERE ] player 2 placing token on slot 6
[2022-12-12 22:19:22] [SEVERE ] player 2 placing token on slot 5
[2022-12-12 22:19:22] [SEVERE ] player 2 placing token on slot 2
[2022-12-12 22:19:22] [SEVERE ] removing player 2 token from slot 2
[2022-12-12 22:19:22] [SEVERE ] removing player 2 token from slot 5
[2022-12-12 22:19:22] [SEVERE ] removing player 2 token from slot 6
[2022-12-12 22:19:22] [SEVERE ] player 2 placing token on slot 0
[2022-12-12 22:19:22] [SEVERE ] player 2 placing token on slot 5
[2022-12-12 22:19:22] [SEVERE ] player 2 placing token on slot 2
[2022-12-12 22:19:22] [SEVERE ] removing player 2 token from slot 0
[2022-12-12 22:19:22] [SEVERE ] removing player 2 token from slot 2
[2022-12-12 22:19:22] [SEVERE ] removing player 2 token from slot 5
[2022-12-12 22:19:22] [SEVERE ] player 2 placing token on slot 5
[2022-12-12 22:19:22] [SEVERE ] player 2 placing token on slot 3
[2022-12-12 22:19:22] [SEVERE ] player 2 placing token on slot 9
[2022-12-12 22:19:22] [SEVERE ] removing player 2 token from slot 3
[2022-12-12 22:19:22] [SEVERE ] removing player 2 token from slot 5
[2022-12-12 22:19:22] [SEVERE ] removing player 2 token from slot 9
[2022-12-12 22:19:22] [SEVERE ] player 2 placing token on slot 0
[2022-12-12 22:19:22] [SEVERE ] player 2 placing token on slot 9
[2022-12-12 22:19:22] [SEVERE ] player 2 placing token on slot 5
[2022-12-12 22:19:22] [SEVERE ] removing player 2 token from slot 0
[2022-12-12 22:19:22] [SEVERE ] removing player 2 token from slot 5
[2022-12-12 22:19:22] [SEVERE ] removing player 2 token from slot 9
[2022-12-12 22:19:22] [SEVERE ] player 2 placing token on slot 9
[2022-12-12 22:19:22] [SEVERE ] player 2 placing token on slot 10
[2022-12-12 22:19:22] [SEVERE ] player 2 placing token on slot 5
[2022-12-12 22:19:22] [SEVERE ] removing player 2 token from slot 5
[2022-12-12 22:19:22] [SEVERE ] removing player 2 token from slot 9
[2022-12-12 22:19:22] [SEVERE ] removing player 2 token from slot 10
[2022-12-12 22:19:22] [SEVERE ] player 2 placing token on slot 1
[2022-12-12 22:19:22] [SEVERE ] player 2 placing token on slot 6
[2022-12-12 22:19:22] [SEVERE ] player 2 placing token on slot 7
[2022-12-12 22:19:22] [SEVERE ] removing player 2 token from slot 1
[2022-12-12 22:19:22] [SEVERE ] removing player 2 token from slot 6
[2022-12-12 22:19:22] [SEVERE ] removing player 2 token from slot 7
[2022-12-12 22:19:22] [SEVERE ] player 2 placing token on slot 0
[2022-12-12 22:19:22] [SEVERE ] player 2 placing token on slot 8
[2022-12-12 22:19:22] [SEVERE ] player 2 placing token on slot 10
[2022-12-12 22:19:22] [SEVERE ] removing player 2 token from slot 0
[2022-12-12 22:19:22] [SEVERE ] removing player 2 token from slot 8
[2022-12-12 22:19:22] [SEVERE ] removing player 2 token from slot 10
[2022-12-12 22:19:22] [SEVERE ] player 2 placing token on slot 3
[2022-12-12 22:19:22] [SEVERE ] player 2 placing token on slot 11
[2022-12-12 22:19:22] [SEVERE ] player 2 placing token on slot 8
[2022-12-12 22:19:22] [SEVERE ] removing player 2 token from slot 3
[2022-12-12 22:19:22] [SEVERE ] removing player 2 token from slot 8
[2022-12-12 22:19:22] [SEVERE ] removing player 2 token from slot 11
[2022-12-12 22:19:22] [SEVERE ] player 2 placing token on slot 3
[2022-12-12 22:19:22] [SEVERE ] player 2 placing token on slot 4
[2022-12-12 22:19:22] [SEVERE ] player 2 placing token on slot 0
[2022-12-12 22:19:22] [SEVERE ] removing player 2 token from slot 0
[2022-12-12 22:19:22] [SEVERE ] removing player 2 token from slot 3
[2022-12-12 22:19:22] [SEVERE ] removing player 2 token from slot 4
[2022-12-12 22:19:22] [SEVERE ] player 2 placing token on slot 2
[2022-12-12 22:19:22] [SEVERE ] player 2 placing token on slot 3
[2022-12-12 22:19:23] [SEVERE ] player 2 placing token on slot 8
[2022-12-12 22:19:23] [SEVERE ] removing player 2 token from slot 2
[2022-12-12 22:19:23] [SEVERE ] removing player 2 token from slot 3
[2022-12-12 22:19:23] [SEVERE ] removing player 2 token from slot 8
[2022-12-12 22:19:23] [SEVERE ] player 2 placing token on slot 0
[2022-12-12 22:19:23] [SEVERE ] player 2 placing token on slot 7
[2022-12-12 22:19:23] [SEVERE ] player 2 placing token on slot 11
[2022-12-12 22:19:23] [SEVERE ] removing player 2 token from slot 0
[2022-12-12 22:19:23] [SEVERE ] removing player 2 token from slot 7
[2022-12-12 22:19:23] [SEVERE ] removing player 2 token from slot 11
[2022-12-12 22:19:23] [SEVERE ] player 2 placing token on slot 3
[2022-12-12 22:19:23] [SEVERE ] player 2 placing token on slot 6
[2022-12-12 22:19:23] [SEVERE ] player 2 placing token on slot 4
[2022-12-12 22:19:23] [SEVERE ] removing player 2 token from slot 3
[2022-12-12 22:19:23] [SEVERE ] removing player 2 token from slot 4
[2022-12-12 22:19:23] [SEVERE ] removing player 2 token from slot 6
[2022-12-12 22:19:23] [SEVERE ] player 2 placing token on slot 1
[2022-12-12 22:19:23] [SEVERE ] player 2 placing token on slot 8
[2022-12-12 22:19:23] [SEVERE ] player 2 placing token on slot 0
[2022-12-12 22:19:23] [SEVERE ] removing player 2 token from slot 0
[2022-12-12 22:19:23] [SEVERE ] removing player 2 token from slot 1
[2022-12-12 22:19:23] [SEVERE ] removing player 2 token from slot 8
[2022-12-12 22:19:23] [SEVERE ] player 2 placing token on slot 2
[2022-12-12 22:19:23] [SEVERE ] player 2 placing token on slot 0
[2022-12-12 22:19:23] [SEVERE ] player 2 placing token on slot 8
[2022-12-12 22:19:23] [SEVERE ] removing player 2 token from slot 0
[2022-12-12 22:19:23] [SEVERE ] removing player 2 token from slot 2
[2022-12-12 22:19:23] [SEVERE ] removing player 2 token from slot 8
[2022-12-12 22:19:23] [SEVERE ] player 2 placing token on slot 10
[2022-12-12 22:19:23] [SEVERE ] player 2 placing token on slot 6
[2022-12-12 22:19:23] [SEVERE ] player 2 placing token on slot 9
[2022-12-12 22:19:23] [SEVERE ] removing player 2 token from slot 6
[2022-12-12 22:19:23] [SEVERE ] removing player 2 token from slot 9
[2022-12-12 22:19:23] [SEVERE ] removing player 2 token from slot 10
[2022-12-12 22:19:23] [SEVERE ] player 2 placing token on slot 4
[2022-12-12 22:19:23] [SEVERE ] player 2 placing token on slot 11
[2022-12-12 22:19:23] [SEVERE ] player 2 placing token on slot 0
[2022-12-12 22:19:23] [SEVERE ] removing player 2 token from slot 0
[2022-12-12 22:19:23] [SEVERE ] removing player 2 token from slot 4
[2022-12-12 22:19:23] [SEVERE ] removing player 2 token from slot 11
[2022-12-12 22:19:23] [SEVERE ] player 2 placing token on slot 10
[2022-12-12 22:19:23] [SEVERE ] player 2 placing token on slot 7
[2022-12-12 22:19:23] [SEVERE ] player 2 placing token on slot 3
[2022-12-12 22:19:23] [SEVERE ] removing player 2 token from slot 3
[2022-12-12 22:19:23] [SEVERE ] removing player 2 token from slot 7
[2022-12-12 22:19:23] [SEVERE ] removing player 2 token from slot 10
[2022-12-12 22:19:23] [SEVERE ] player 2 placing token on slot 7
[2022-12-12 22:19:23] [SEVERE ] player 2 placing token on slot 0
[2022-12-12 22:19:23] [SEVERE ] player 2 placing token on slot 3
[2022-12-12 22:19:23] [SEVERE ] removing player 2 token from slot 0
[2022-12-12 22:19:23] [SEVERE ] removing player 2 token from slot 3
[2022-12-12 22:19:23] [SEVERE ] removing player 2 token from slot 7
[2022-12-12 22:19:23] [SEVERE ] player 2 placing token on slot 1
[2022-12-12 22:19:23] [SEVERE ] player 2 placing token on slot 4
[2022-12-12 22:19:23] [SEVERE ] player 2 placing token on slot 11
[2022-12-12 22:19:23] [SEVERE ] removing player 2 token from slot 1
[2022-12-12 22:19:23] [SEVERE ] removing player 2 token from slot 4
[2022-12-12 22:19:23] [SEVERE ] removing player 2 token from slot 11
[2022-12-12 22:19:23] [SEVERE ] player 2 placing token on slot 4
[2022-12-12 22:19:23] [SEVERE ] player 2 placing token on slot 9
[2022-12-12 22:19:23] [SEVERE ] player 2 placing token on slot 3
[2022-12-12 22:19:23] [SEVERE ] removing player 2 token from slot 3
[2022-12-12 22:19:23] [SEVERE ] removing player 2 token from slot 4
[2022-12-12 22:19:23] [SEVERE ] removing player 2 token from slot 9
[2022-12-12 22:19:23] [SEVERE ] player 2 placing token on slot 4
[2022-12-12 22:19:23] [SEVERE ] player 2 placing token on slot 3
[2022-12-12 22:19:23] [SEVERE ] player 2 placing token on slot 0
[2022-12-12 22:19:23] [SEVERE ] removing player 2 token from slot 0
[2022-12-12 22:19:23] [SEVERE ] removing player 2 token from slot 3
[2022-12-12 22:19:23] [SEVERE ] removing player 2 token from slot 4
[2022-12-12 22:19:23] [SEVERE ] player 2 placing token on slot 2
[2022-12-12 22:19:23] [SEVERE ] player 2 placing token on slot 5
[2022-12-12 22:19:24] [SEVERE ] player 2 placing token on slot 3
[2022-12-12 22:19:24] [SEVERE ] removing tokens from slot 2
[2022-12-12 22:19:24] [SEVERE ] removing card from slot 2
[2022-12-12 22:19:24] [SEVERE ] removing tokens from slot 3
[2022-12-12 22:19:24] [SEVERE ] removing card from slot 3
[2022-12-12 22:19:24] [SEVERE ] removing tokens from slot 5
[2022-12-12 22:19:24] [SEVERE ] removing card from slot 5
[2022-12-12 22:19:24] [SEVERE ] setting player 2 score to 1
[2022-12-12 22:19:24] [SEVERE ] player 2 placing token on slot 9
[2022-12-12 22:19:24] [SEVERE ] player 2 placing token on slot 8
[2022-12-12 22:19:24] [SEVERE ] placing card 61 in slot 2
[2022-12-12 22:19:24] [SEVERE ] player 2 placing token on slot 2
[2022-12-12 22:19:24] [SEVERE ] placing card 75 in slot 3
[2022-12-12 22:19:24] [SEVERE ] placing card 79 in slot 5
