[2022-12-12 14:49:29] [INFO   ] cannot read configuration file config.properties trying from resources.
[2022-12-12 14:49:29] [INFO   ] configuration file was loaded from resources directory.
[2022-12-12 14:49:29] [INFO   ] Thread Thread-0starting.
[2022-12-12 14:49:29] [INFO   ] Thread Thread-5starting.
[2022-12-12 14:49:29] [INFO   ] Thread Thread-4starting.
[2022-12-12 14:49:29] [INFO   ] Thread dealer starting.
[2022-12-12 14:49:29] [INFO   ] Thread Thread-1starting.
[2022-12-12 14:49:29] [INFO   ] Thread Thread-3starting.
[2022-12-12 14:49:29] [INFO   ] Thread Thread-2starting.
[2022-12-12 14:49:29] [INFO   ] Thread computer-4 starting.
[2022-12-12 14:49:29] [INFO   ] Thread computer-5 starting.
[2022-12-12 14:49:29] [INFO   ] Thread computer-3 starting.
[2022-12-12 14:49:29] [INFO   ] Thread computer-2 starting.
[2022-12-12 14:49:30] [SEVERE ] placing card 72 in slot 0
[2022-12-12 14:49:30] [SEVERE ] placing card 45 in slot 1
[2022-12-12 14:49:30] [SEVERE ] placing card 48 in slot 2
[2022-12-12 14:49:30] [SEVERE ] placing card 36 in slot 3
[2022-12-12 14:49:30] [SEVERE ] placing card 54 in slot 4
[2022-12-12 14:49:30] [SEVERE ] placing card 80 in slot 5
[2022-12-12 14:49:30] [SEVERE ] placing card 50 in slot 6
[2022-12-12 14:49:30] [SEVERE ] placing card 24 in slot 7
[2022-12-12 14:49:30] [SEVERE ] placing card 23 in slot 8
[2022-12-12 14:49:31] [SEVERE ] placing card 21 in slot 9
[2022-12-12 14:49:31] [SEVERE ] placing card 70 in slot 10
[2022-12-12 14:49:31] [SEVERE ] placing card 67 in slot 11
[2022-12-12 14:49:31] [SEVERE ] player 3 placing token on slot 3
[2022-12-12 14:49:31] [SEVERE ] player 3 placing token on slot 6
[2022-12-12 14:49:31] [SEVERE ] player 2 placing token on slot 1
[2022-12-12 14:49:31] [SEVERE ] player 5 placing token on slot 2
[2022-12-12 14:49:31] [SEVERE ] player 3 placing token on slot 9
[2022-12-12 14:49:31] [SEVERE ] removing player 3 token from slot 3
[2022-12-12 14:49:31] [SEVERE ] removing player 3 token from slot 6
[2022-12-12 14:49:31] [SEVERE ] removing player 3 token from slot 9
[2022-12-12 14:49:31] [SEVERE ] player 4 placing token on slot 7
[2022-12-12 14:49:31] [SEVERE ] player 5 placing token on slot 9
[2022-12-12 14:49:31] [SEVERE ] player 2 placing token on slot 9
[2022-12-12 14:49:31] [SEVERE ] player 5 placing token on slot 11
[2022-12-12 14:49:31] [SEVERE ] removing player 5 token from slot 2
[2022-12-12 14:49:31] [SEVERE ] removing player 5 token from slot 9
[2022-12-12 14:49:31] [SEVERE ] removing player 5 token from slot 11
[2022-12-12 14:49:32] [SEVERE ] player 4 placing token on slot 10
[2022-12-12 14:49:32] [SEVERE ] player 2 placing token on slot 6
[2022-12-12 14:49:32] [SEVERE ] removing player 2 token from slot 1
[2022-12-12 14:49:32] [SEVERE ] removing player 2 token from slot 6
[2022-12-12 14:49:32] [SEVERE ] removing player 2 token from slot 9
[2022-12-12 14:49:32] [SEVERE ] player 2 placing token on slot 5
[2022-12-12 14:49:32] [SEVERE ] player 3 placing token on slot 11
[2022-12-12 14:49:32] [SEVERE ] player 4 placing token on slot 0
[2022-12-12 14:49:32] [SEVERE ] removing player 4 token from slot 0
[2022-12-12 14:49:32] [SEVERE ] removing player 4 token from slot 7
[2022-12-12 14:49:32] [SEVERE ] removing player 4 token from slot 10
[2022-12-12 14:49:32] [SEVERE ] player 5 placing token on slot 11
[2022-12-12 14:49:32] [SEVERE ] player 2 placing token on slot 2
[2022-12-12 14:49:32] [SEVERE ] player 3 placing token on slot 9
[2022-12-12 14:49:32] [SEVERE ] player 4 placing token on slot 8
[2022-12-12 14:49:32] [SEVERE ] player 4 placing token on slot 0
[2022-12-12 14:49:32] [SEVERE ] player 3 placing token on slot 1
[2022-12-12 14:49:32] [SEVERE ] removing player 3 token from slot 1
[2022-12-12 14:49:32] [SEVERE ] removing player 3 token from slot 9
[2022-12-12 14:49:32] [SEVERE ] removing player 3 token from slot 11
[2022-12-12 14:49:32] [SEVERE ] player 2 placing token on slot 1
[2022-12-12 14:49:32] [SEVERE ] removing player 2 token from slot 1
[2022-12-12 14:49:32] [SEVERE ] removing player 2 token from slot 2
[2022-12-12 14:49:32] [SEVERE ] removing player 2 token from slot 5
[2022-12-12 14:49:32] [SEVERE ] player 5 placing token on slot 8
[2022-12-12 14:49:32] [SEVERE ] player 3 placing token on slot 3
[2022-12-12 14:49:32] [SEVERE ] player 2 placing token on slot 7
[2022-12-12 14:49:32] [SEVERE ] player 3 placing token on slot 11
[2022-12-12 14:49:32] [SEVERE ] player 4 placing token on slot 1
[2022-12-12 14:49:32] [SEVERE ] removing player 4 token from slot 0
[2022-12-12 14:49:32] [SEVERE ] removing player 4 token from slot 1
[2022-12-12 14:49:32] [SEVERE ] removing player 4 token from slot 8
[2022-12-12 14:49:33] [SEVERE ] player 3 placing token on slot 10
[2022-12-12 14:49:33] [SEVERE ] removing player 3 token from slot 3
[2022-12-12 14:49:33] [SEVERE ] removing player 3 token from slot 10
[2022-12-12 14:49:33] [SEVERE ] removing player 3 token from slot 11
[2022-12-12 14:49:33] [SEVERE ] player 2 placing token on slot 2
[2022-12-12 14:49:33] [SEVERE ] player 4 placing token on slot 2
[2022-12-12 14:49:33] [SEVERE ] player 2 placing token on slot 11
[2022-12-12 14:49:33] [SEVERE ] removing player 2 token from slot 2
[2022-12-12 14:49:33] [SEVERE ] removing player 2 token from slot 7
[2022-12-12 14:49:33] [SEVERE ] removing player 2 token from slot 11
[2022-12-12 14:49:33] [SEVERE ] player 5 placing token on slot 6
[2022-12-12 14:49:33] [SEVERE ] removing player 5 token from slot 6
[2022-12-12 14:49:33] [SEVERE ] removing player 5 token from slot 8
[2022-12-12 14:49:33] [SEVERE ] removing player 5 token from slot 11
[2022-12-12 14:49:33] [SEVERE ] player 3 placing token on slot 7
[2022-12-12 14:49:33] [SEVERE ] player 5 placing token on slot 7
[2022-12-12 14:49:33] [SEVERE ] player 2 placing token on slot 4
[2022-12-12 14:49:33] [SEVERE ] player 4 placing token on slot 9
[2022-12-12 14:49:33] [SEVERE ] player 3 placing token on slot 0
[2022-12-12 14:49:33] [SEVERE ] player 4 placing token on slot 10
[2022-12-12 14:49:33] [SEVERE ] removing player 4 token from slot 2
[2022-12-12 14:49:33] [SEVERE ] removing player 4 token from slot 9
[2022-12-12 14:49:33] [SEVERE ] removing player 4 token from slot 10
[2022-12-12 14:49:33] [SEVERE ] player 5 placing token on slot 4
[2022-12-12 14:49:33] [SEVERE ] player 2 placing token on slot 5
[2022-12-12 14:49:34] [SEVERE ] player 3 placing token on slot 8
[2022-12-12 14:49:34] [SEVERE ] removing player 3 token from slot 0
[2022-12-12 14:49:34] [SEVERE ] removing player 3 token from slot 7
[2022-12-12 14:49:34] [SEVERE ] removing player 3 token from slot 8
[2022-12-12 14:49:34] [SEVERE ] player 2 placing token on slot 7
[2022-12-12 14:49:34] [SEVERE ] removing player 2 token from slot 4
[2022-12-12 14:49:34] [SEVERE ] removing player 2 token from slot 5
[2022-12-12 14:49:34] [SEVERE ] removing player 2 token from slot 7
[2022-12-12 14:49:34] [SEVERE ] player 4 placing token on slot 1
[2022-12-12 14:49:34] [SEVERE ] player 5 placing token on slot 2
[2022-12-12 14:49:34] [SEVERE ] removing player 5 token from slot 2
[2022-12-12 14:49:34] [SEVERE ] removing player 5 token from slot 4
[2022-12-12 14:49:34] [SEVERE ] removing player 5 token from slot 7
[2022-12-12 14:49:34] [SEVERE ] player 3 placing token on slot 7
[2022-12-12 14:49:34] [SEVERE ] player 4 placing token on slot 7
[2022-12-12 14:49:34] [SEVERE ] player 5 placing token on slot 4
[2022-12-12 14:49:34] [SEVERE ] player 3 placing token on slot 2
[2022-12-12 14:49:34] [SEVERE ] player 2 placing token on slot 4
[2022-12-12 14:49:34] [SEVERE ] player 5 placing token on slot 9
[2022-12-12 14:49:34] [SEVERE ] player 4 placing token on slot 11
[2022-12-12 14:49:34] [SEVERE ] removing player 4 token from slot 1
[2022-12-12 14:49:34] [SEVERE ] removing player 4 token from slot 7
[2022-12-12 14:49:34] [SEVERE ] removing player 4 token from slot 11
[2022-12-12 14:49:34] [SEVERE ] player 5 placing token on slot 2
[2022-12-12 14:49:34] [SEVERE ] removing player 5 token from slot 2
[2022-12-12 14:49:34] [SEVERE ] removing player 5 token from slot 4
[2022-12-12 14:49:34] [SEVERE ] removing player 5 token from slot 9
[2022-12-12 14:49:34] [SEVERE ] player 2 placing token on slot 1
[2022-12-12 14:49:35] [SEVERE ] player 3 placing token on slot 3
[2022-12-12 14:49:35] [SEVERE ] removing player 3 token from slot 2
[2022-12-12 14:49:35] [SEVERE ] removing player 3 token from slot 3
[2022-12-12 14:49:35] [SEVERE ] removing player 3 token from slot 7
[2022-12-12 14:49:35] [SEVERE ] player 5 placing token on slot 9
[2022-12-12 14:49:35] [SEVERE ] player 4 placing token on slot 0
[2022-12-12 14:49:35] [SEVERE ] player 2 placing token on slot 7
[2022-12-12 14:49:35] [SEVERE ] removing player 2 token from slot 1
[2022-12-12 14:49:35] [SEVERE ] removing player 2 token from slot 4
[2022-12-12 14:49:35] [SEVERE ] removing player 2 token from slot 7
[2022-12-12 14:49:35] [SEVERE ] player 3 placing token on slot 10
[2022-12-12 14:49:35] [SEVERE ] player 4 placing token on slot 3
[2022-12-12 14:49:35] [SEVERE ] player 5 placing token on slot 8
[2022-12-12 14:49:35] [SEVERE ] player 2 placing token on slot 9
[2022-12-12 14:49:35] [SEVERE ] player 4 placing token on slot 1
[2022-12-12 14:49:35] [SEVERE ] removing player 4 token from slot 0
[2022-12-12 14:49:35] [SEVERE ] removing player 4 token from slot 1
[2022-12-12 14:49:35] [SEVERE ] removing player 4 token from slot 3
[2022-12-12 14:49:35] [SEVERE ] player 3 placing token on slot 1
[2022-12-12 14:49:35] [SEVERE ] player 3 placing token on slot 9
[2022-12-12 14:49:35] [SEVERE ] removing player 3 token from slot 1
[2022-12-12 14:49:35] [SEVERE ] removing player 3 token from slot 9
[2022-12-12 14:49:35] [SEVERE ] removing player 3 token from slot 10
[2022-12-12 14:49:35] [SEVERE ] player 5 placing token on slot 7
[2022-12-12 14:49:35] [SEVERE ] removing player 5 token from slot 7
[2022-12-12 14:49:35] [SEVERE ] removing player 5 token from slot 8
[2022-12-12 14:49:35] [SEVERE ] removing player 5 token from slot 9
[2022-12-12 14:49:36] [SEVERE ] player 2 placing token on slot 7
[2022-12-12 14:49:36] [SEVERE ] player 5 placing token on slot 2
[2022-12-12 14:49:36] [SEVERE ] player 4 placing token on slot 1
[2022-12-12 14:49:36] [SEVERE ] player 2 placing token on slot 10
[2022-12-12 14:49:36] [SEVERE ] removing player 2 token from slot 7
[2022-12-12 14:49:36] [SEVERE ] removing player 2 token from slot 9
[2022-12-12 14:49:36] [SEVERE ] removing player 2 token from slot 10
[2022-12-12 14:49:36] [SEVERE ] player 5 placing token on slot 5
[2022-12-12 14:49:36] [SEVERE ] player 3 placing token on slot 10
[2022-12-12 14:49:36] [SEVERE ] player 4 placing token on slot 10
[2022-12-12 14:49:36] [SEVERE ] player 5 placing token on slot 1
[2022-12-12 14:49:36] [SEVERE ] removing player 5 token from slot 1
[2022-12-12 14:49:36] [SEVERE ] removing player 5 token from slot 2
[2022-12-12 14:49:36] [SEVERE ] removing player 5 token from slot 5
[2022-12-12 14:49:36] [SEVERE ] player 2 placing token on slot 3
[2022-12-12 14:49:36] [SEVERE ] player 5 placing token on slot 2
[2022-12-12 14:49:36] [SEVERE ] player 4 placing token on slot 11
[2022-12-12 14:49:36] [SEVERE ] removing player 4 token from slot 1
[2022-12-12 14:49:36] [SEVERE ] removing player 4 token from slot 10
[2022-12-12 14:49:36] [SEVERE ] removing player 4 token from slot 11
[2022-12-12 14:49:36] [SEVERE ] player 3 placing token on slot 7
[2022-12-12 14:49:36] [SEVERE ] player 2 placing token on slot 11
[2022-12-12 14:49:36] [SEVERE ] player 2 placing token on slot 5
[2022-12-12 14:49:36] [SEVERE ] removing player 2 token from slot 3
[2022-12-12 14:49:36] [SEVERE ] removing player 2 token from slot 5
[2022-12-12 14:49:36] [SEVERE ] removing player 2 token from slot 11
[2022-12-12 14:49:37] [SEVERE ] player 5 placing token on slot 7
[2022-12-12 14:49:37] [SEVERE ] player 3 placing token on slot 3
[2022-12-12 14:49:37] [SEVERE ] removing player 3 token from slot 3
[2022-12-12 14:49:37] [SEVERE ] removing player 3 token from slot 7
[2022-12-12 14:49:37] [SEVERE ] removing player 3 token from slot 10
[2022-12-12 14:49:37] [SEVERE ] player 2 placing token on slot 3
[2022-12-12 14:49:37] [SEVERE ] player 4 placing token on slot 5
[2022-12-12 14:49:37] [SEVERE ] player 5 placing token on slot 1
[2022-12-12 14:49:37] [SEVERE ] removing player 5 token from slot 1
[2022-12-12 14:49:37] [SEVERE ] removing player 5 token from slot 2
[2022-12-12 14:49:37] [SEVERE ] removing player 5 token from slot 7
[2022-12-12 14:49:37] [SEVERE ] player 3 placing token on slot 8
[2022-12-12 14:49:37] [SEVERE ] player 2 placing token on slot 9
[2022-12-12 14:49:37] [SEVERE ] player 3 placing token on slot 9
[2022-12-12 14:49:37] [SEVERE ] player 4 placing token on slot 8
[2022-12-12 14:49:37] [SEVERE ] player 5 placing token on slot 1
[2022-12-12 14:49:37] [SEVERE ] player 5 placing token on slot 5
[2022-12-12 14:49:37] [SEVERE ] player 3 placing token on slot 7
[2022-12-12 14:49:37] [SEVERE ] removing player 3 token from slot 7
[2022-12-12 14:49:37] [SEVERE ] removing player 3 token from slot 8
[2022-12-12 14:49:37] [SEVERE ] removing player 3 token from slot 9
[2022-12-12 14:49:38] [SEVERE ] player 2 placing token on slot 7
[2022-12-12 14:49:38] [SEVERE ] removing player 2 token from slot 3
[2022-12-12 14:49:38] [SEVERE ] removing player 2 token from slot 7
[2022-12-12 14:49:38] [SEVERE ] removing player 2 token from slot 9
[2022-12-12 14:49:38] [SEVERE ] player 3 placing token on slot 11
[2022-12-12 14:49:38] [SEVERE ] player 4 placing token on slot 2
[2022-12-12 14:49:38] [SEVERE ] removing player 4 token from slot 2
[2022-12-12 14:49:38] [SEVERE ] removing player 4 token from slot 5
[2022-12-12 14:49:38] [SEVERE ] removing player 4 token from slot 8
[2022-12-12 14:49:38] [SEVERE ] player 5 placing token on slot 11
[2022-12-12 14:49:38] [SEVERE ] removing player 5 token from slot 1
[2022-12-12 14:49:38] [SEVERE ] removing player 5 token from slot 5
[2022-12-12 14:49:38] [SEVERE ] removing player 5 token from slot 11
[2022-12-12 14:49:38] [SEVERE ] player 3 placing token on slot 6
[2022-12-12 14:49:38] [SEVERE ] player 4 placing token on slot 9
[2022-12-12 14:49:38] [SEVERE ] player 2 placing token on slot 3
[2022-12-12 14:49:38] [SEVERE ] player 4 placing token on slot 5
[2022-12-12 14:49:38] [SEVERE ] player 3 placing token on slot 4
[2022-12-12 14:49:38] [SEVERE ] removing player 3 token from slot 4
[2022-12-12 14:49:38] [SEVERE ] removing player 3 token from slot 6
[2022-12-12 14:49:38] [SEVERE ] removing player 3 token from slot 11
[2022-12-12 14:49:38] [SEVERE ] player 5 placing token on slot 6
[2022-12-12 14:49:38] [SEVERE ] player 5 placing token on slot 10
[2022-12-12 14:49:38] [SEVERE ] player 4 placing token on slot 8
[2022-12-12 14:49:38] [SEVERE ] removing player 4 token from slot 5
[2022-12-12 14:49:38] [SEVERE ] removing player 4 token from slot 8
[2022-12-12 14:49:38] [SEVERE ] removing player 4 token from slot 9
[2022-12-12 14:49:38] [SEVERE ] player 2 placing token on slot 9
[2022-12-12 14:49:39] [SEVERE ] player 3 placing token on slot 11
[2022-12-12 14:49:39] [SEVERE ] player 4 placing token on slot 7
[2022-12-12 14:49:39] [SEVERE ] player 5 placing token on slot 11
[2022-12-12 14:49:39] [SEVERE ] removing player 5 token from slot 6
[2022-12-12 14:49:39] [SEVERE ] removing player 5 token from slot 10
[2022-12-12 14:49:39] [SEVERE ] removing player 5 token from slot 11
[2022-12-12 14:49:39] [SEVERE ] player 4 placing token on slot 0
[2022-12-12 14:49:39] [SEVERE ] player 2 placing token on slot 1
[2022-12-12 14:49:39] [SEVERE ] removing player 2 token from slot 1
[2022-12-12 14:49:39] [SEVERE ] removing player 2 token from slot 3
[2022-12-12 14:49:39] [SEVERE ] removing player 2 token from slot 9
[2022-12-12 14:49:39] [SEVERE ] player 3 placing token on slot 10
[2022-12-12 14:49:39] [SEVERE ] player 5 placing token on slot 3
[2022-12-12 14:49:39] [SEVERE ] player 2 placing token on slot 4
[2022-12-12 14:49:39] [SEVERE ] player 2 placing token on slot 11
[2022-12-12 14:49:39] [SEVERE ] player 3 placing token on slot 7
[2022-12-12 14:49:39] [SEVERE ] removing player 3 token from slot 7
[2022-12-12 14:49:39] [SEVERE ] removing player 3 token from slot 10
[2022-12-12 14:49:39] [SEVERE ] removing player 3 token from slot 11
[2022-12-12 14:49:39] [SEVERE ] player 4 placing token on slot 8
[2022-12-12 14:49:39] [SEVERE ] removing player 4 token from slot 0
[2022-12-12 14:49:39] [SEVERE ] removing player 4 token from slot 7
[2022-12-12 14:49:39] [SEVERE ] removing player 4 token from slot 8
[2022-12-12 14:49:39] [SEVERE ] player 5 placing token on slot 8
[2022-12-12 14:49:39] [SEVERE ] player 2 placing token on slot 10
[2022-12-12 14:49:39] [SEVERE ] removing player 2 token from slot 4
[2022-12-12 14:49:39] [SEVERE ] removing player 2 token from slot 10
[2022-12-12 14:49:39] [SEVERE ] removing player 2 token from slot 11
[2022-12-12 14:49:39] [SEVERE ] player 3 placing token on slot 5
[2022-12-12 14:49:40] [SEVERE ] player 4 placing token on slot 11
[2022-12-12 14:49:40] [SEVERE ] player 5 placing token on slot 10
[2022-12-12 14:49:40] [SEVERE ] removing player 5 token from slot 3
[2022-12-12 14:49:40] [SEVERE ] removing player 5 token from slot 8
[2022-12-12 14:49:40] [SEVERE ] removing player 5 token from slot 10
[2022-12-12 14:49:40] [SEVERE ] player 3 placing token on slot 4
[2022-12-12 14:49:40] [SEVERE ] player 4 placing token on slot 6
[2022-12-12 14:49:40] [SEVERE ] player 2 placing token on slot 10
[2022-12-12 14:49:40] [SEVERE ] player 3 placing token on slot 8
[2022-12-12 14:49:40] [SEVERE ] removing player 3 token from slot 4
[2022-12-12 14:49:40] [SEVERE ] removing player 3 token from slot 5
[2022-12-12 14:49:40] [SEVERE ] removing player 3 token from slot 8
[2022-12-12 14:49:40] [SEVERE ] player 5 placing token on slot 6
[2022-12-12 14:49:40] [SEVERE ] player 2 placing token on slot 4
[2022-12-12 14:49:40] [SEVERE ] player 5 placing token on slot 10
[2022-12-12 14:49:40] [SEVERE ] player 2 placing token on slot 5
[2022-12-12 14:49:40] [SEVERE ] removing player 2 token from slot 4
[2022-12-12 14:49:40] [SEVERE ] removing player 2 token from slot 5
[2022-12-12 14:49:40] [SEVERE ] removing player 2 token from slot 10
[2022-12-12 14:49:40] [SEVERE ] player 3 placing token on slot 4
[2022-12-12 14:49:40] [SEVERE ] player 4 placing token on slot 3
[2022-12-12 14:49:40] [SEVERE ] removing player 4 token from slot 3
[2022-12-12 14:49:40] [SEVERE ] removing player 4 token from slot 6
[2022-12-12 14:49:40] [SEVERE ] removing player 4 token from slot 11
[2022-12-12 14:49:40] [SEVERE ] player 3 placing token on slot 6
[2022-12-12 14:49:40] [SEVERE ] player 4 placing token on slot 3
[2022-12-12 14:49:40] [SEVERE ] player 2 placing token on slot 5
[2022-12-12 14:49:40] [SEVERE ] player 2 placing token on slot 7
[2022-12-12 14:49:40] [SEVERE ] player 3 placing token on slot 8
[2022-12-12 14:49:40] [SEVERE ] removing player 3 token from slot 4
[2022-12-12 14:49:40] [SEVERE ] removing player 3 token from slot 6
[2022-12-12 14:49:40] [SEVERE ] removing player 3 token from slot 8
[2022-12-12 14:49:40] [SEVERE ] player 5 placing token on slot 4
[2022-12-12 14:49:40] [SEVERE ] removing player 5 token from slot 4
[2022-12-12 14:49:40] [SEVERE ] removing player 5 token from slot 6
[2022-12-12 14:49:40] [SEVERE ] removing player 5 token from slot 10
[2022-12-12 14:49:41] [SEVERE ] player 4 placing token on slot 8
[2022-12-12 14:49:41] [SEVERE ] player 4 placing token on slot 11
[2022-12-12 14:49:41] [SEVERE ] removing player 4 token from slot 3
[2022-12-12 14:49:41] [SEVERE ] removing player 4 token from slot 8
[2022-12-12 14:49:41] [SEVERE ] removing player 4 token from slot 11
[2022-12-12 14:49:41] [SEVERE ] player 5 placing token on slot 6
[2022-12-12 14:49:41] [SEVERE ] player 3 placing token on slot 10
[2022-12-12 14:49:41] [SEVERE ] player 2 placing token on slot 8
[2022-12-12 14:49:41] [SEVERE ] removing player 2 token from slot 5
[2022-12-12 14:49:41] [SEVERE ] removing player 2 token from slot 7
[2022-12-12 14:49:41] [SEVERE ] removing player 2 token from slot 8
[2022-12-12 14:49:41] [SEVERE ] player 2 placing token on slot 8
[2022-12-12 14:49:41] [SEVERE ] player 4 placing token on slot 2
[2022-12-12 14:49:41] [SEVERE ] player 2 placing token on slot 3
[2022-12-12 14:49:41] [SEVERE ] player 3 placing token on slot 8
[2022-12-12 14:49:41] [SEVERE ] player 5 placing token on slot 11
[2022-12-12 14:49:41] [SEVERE ] player 4 placing token on slot 8
[2022-12-12 14:49:41] [SEVERE ] player 2 placing token on slot 7
[2022-12-12 14:49:41] [SEVERE ] removing player 2 token from slot 3
[2022-12-12 14:49:41] [SEVERE ] removing player 2 token from slot 7
[2022-12-12 14:49:41] [SEVERE ] removing player 2 token from slot 8
[2022-12-12 14:49:42] [SEVERE ] player 3 placing token on slot 6
[2022-12-12 14:49:42] [SEVERE ] removing player 3 token from slot 6
[2022-12-12 14:49:42] [SEVERE ] removing player 3 token from slot 8
[2022-12-12 14:49:42] [SEVERE ] removing player 3 token from slot 10
[2022-12-12 14:49:42] [SEVERE ] player 2 placing token on slot 0
[2022-12-12 14:49:42] [SEVERE ] player 5 placing token on slot 1
[2022-12-12 14:49:42] [SEVERE ] removing player 5 token from slot 1
[2022-12-12 14:49:42] [SEVERE ] removing player 5 token from slot 6
[2022-12-12 14:49:42] [SEVERE ] removing player 5 token from slot 11
[2022-12-12 14:49:42] [SEVERE ] player 3 placing token on slot 7
[2022-12-12 14:49:42] [SEVERE ] player 4 placing token on slot 1
[2022-12-12 14:49:42] [SEVERE ] removing player 4 token from slot 1
[2022-12-12 14:49:42] [SEVERE ] removing player 4 token from slot 2
[2022-12-12 14:49:42] [SEVERE ] removing player 4 token from slot 8
[2022-12-12 14:49:42] [SEVERE ] player 5 placing token on slot 1
[2022-12-12 14:49:42] [SEVERE ] player 5 placing token on slot 6
[2022-12-12 14:49:42] [SEVERE ] player 2 placing token on slot 6
[2022-12-12 14:49:42] [SEVERE ] player 4 placing token on slot 9
[2022-12-12 14:49:42] [SEVERE ] player 3 placing token on slot 10
[2022-12-12 14:49:42] [SEVERE ] player 2 placing token on slot 1
[2022-12-12 14:49:42] [SEVERE ] removing player 2 token from slot 0
[2022-12-12 14:49:42] [SEVERE ] removing player 2 token from slot 1
[2022-12-12 14:49:42] [SEVERE ] removing player 2 token from slot 6
[2022-12-12 14:49:42] [SEVERE ] player 5 placing token on slot 9
[2022-12-12 14:49:42] [SEVERE ] removing player 5 token from slot 1
[2022-12-12 14:49:42] [SEVERE ] removing player 5 token from slot 6
[2022-12-12 14:49:42] [SEVERE ] removing player 5 token from slot 9
[2022-12-12 14:49:42] [SEVERE ] player 4 placing token on slot 7
[2022-12-12 14:49:42] [SEVERE ] player 5 placing token on slot 9
[2022-12-12 14:49:43] [SEVERE ] player 2 placing token on slot 10
[2022-12-12 14:49:43] [SEVERE ] player 3 placing token on slot 6
[2022-12-12 14:49:43] [SEVERE ] removing player 3 token from slot 6
[2022-12-12 14:49:43] [SEVERE ] removing player 3 token from slot 7
[2022-12-12 14:49:43] [SEVERE ] removing player 3 token from slot 10
[2022-12-12 14:49:43] [SEVERE ] player 5 placing token on slot 5
[2022-12-12 14:49:43] [SEVERE ] player 4 placing token on slot 2
[2022-12-12 14:49:43] [SEVERE ] removing player 4 token from slot 2
[2022-12-12 14:49:43] [SEVERE ] removing player 4 token from slot 7
[2022-12-12 14:49:43] [SEVERE ] removing player 4 token from slot 9
[2022-12-12 14:49:43] [SEVERE ] player 4 placing token on slot 6
[2022-12-12 14:49:43] [SEVERE ] player 3 placing token on slot 5
[2022-12-12 14:49:43] [SEVERE ] player 2 placing token on slot 1
[2022-12-12 14:49:43] [SEVERE ] player 2 placing token on slot 11
[2022-12-12 14:49:43] [SEVERE ] removing player 2 token from slot 1
[2022-12-12 14:49:43] [SEVERE ] removing player 2 token from slot 10
[2022-12-12 14:49:43] [SEVERE ] removing player 2 token from slot 11
[2022-12-12 14:49:43] [SEVERE ] player 5 placing token on slot 11
[2022-12-12 14:49:43] [SEVERE ] removing player 5 token from slot 5
[2022-12-12 14:49:43] [SEVERE ] removing player 5 token from slot 9
[2022-12-12 14:49:43] [SEVERE ] removing player 5 token from slot 11
[2022-12-12 14:49:43] [SEVERE ] player 3 placing token on slot 11
[2022-12-12 14:49:43] [SEVERE ] player 4 placing token on slot 0
[2022-12-12 14:49:43] [SEVERE ] player 5 placing token on slot 10
[2022-12-12 14:49:43] [SEVERE ] player 5 placing token on slot 2
[2022-12-12 14:49:43] [SEVERE ] player 3 placing token on slot 10
[2022-12-12 14:49:43] [SEVERE ] removing player 3 token from slot 5
[2022-12-12 14:49:43] [SEVERE ] removing player 3 token from slot 10
[2022-12-12 14:49:43] [SEVERE ] removing player 3 token from slot 11
[2022-12-12 14:49:44] [SEVERE ] player 5 placing token on slot 4
[2022-12-12 14:49:44] [SEVERE ] removing player 5 token from slot 2
[2022-12-12 14:49:44] [SEVERE ] removing player 5 token from slot 4
[2022-12-12 14:49:44] [SEVERE ] removing player 5 token from slot 10
[2022-12-12 14:49:44] [SEVERE ] player 4 placing token on slot 3
[2022-12-12 14:49:44] [SEVERE ] removing player 4 token from slot 0
[2022-12-12 14:49:44] [SEVERE ] removing player 4 token from slot 3
[2022-12-12 14:49:44] [SEVERE ] removing player 4 token from slot 6
[2022-12-12 14:49:44] [SEVERE ] player 3 placing token on slot 9
[2022-12-12 14:49:44] [SEVERE ] player 2 placing token on slot 10
[2022-12-12 14:49:44] [SEVERE ] player 5 placing token on slot 7
[2022-12-12 14:49:44] [SEVERE ] player 4 placing token on slot 8
[2022-12-12 14:49:44] [SEVERE ] player 3 placing token on slot 4
[2022-12-12 14:49:44] [SEVERE ] player 2 placing token on slot 9
[2022-12-12 14:49:44] [SEVERE ] player 3 placing token on slot 10
[2022-12-12 14:49:44] [SEVERE ] removing player 3 token from slot 4
[2022-12-12 14:49:44] [SEVERE ] removing player 3 token from slot 9
[2022-12-12 14:49:44] [SEVERE ] removing player 3 token from slot 10
[2022-12-12 14:49:44] [SEVERE ] player 2 placing token on slot 1
[2022-12-12 14:49:44] [SEVERE ] removing player 2 token from slot 1
[2022-12-12 14:49:44] [SEVERE ] removing player 2 token from slot 9
[2022-12-12 14:49:44] [SEVERE ] removing player 2 token from slot 10
[2022-12-12 14:49:44] [SEVERE ] player 4 placing token on slot 6
[2022-12-12 14:49:44] [SEVERE ] player 5 placing token on slot 0
[2022-12-12 14:49:44] [SEVERE ] player 3 placing token on slot 11
[2022-12-12 14:49:44] [SEVERE ] player 4 placing token on slot 9
[2022-12-12 14:49:44] [SEVERE ] removing player 4 token from slot 6
[2022-12-12 14:49:44] [SEVERE ] removing player 4 token from slot 8
[2022-12-12 14:49:44] [SEVERE ] removing player 4 token from slot 9
[2022-12-12 14:49:44] [SEVERE ] player 4 placing token on slot 1
[2022-12-12 14:49:44] [SEVERE ] player 5 placing token on slot 8
[2022-12-12 14:49:44] [SEVERE ] removing player 5 token from slot 0
[2022-12-12 14:49:44] [SEVERE ] removing player 5 token from slot 7
[2022-12-12 14:49:44] [SEVERE ] removing player 5 token from slot 8
[2022-12-12 14:49:45] [SEVERE ] player 5 placing token on slot 8
[2022-12-12 14:49:45] [SEVERE ] player 2 placing token on slot 1
[2022-12-12 14:49:45] [SEVERE ] player 3 placing token on slot 7
[2022-12-12 14:49:45] [SEVERE ] player 4 placing token on slot 9
[2022-12-12 14:49:45] [SEVERE ] player 2 placing token on slot 2
[2022-12-12 14:49:45] [SEVERE ] player 3 placing token on slot 0
[2022-12-12 14:49:45] [SEVERE ] removing player 3 token from slot 0
[2022-12-12 14:49:45] [SEVERE ] removing player 3 token from slot 7
[2022-12-12 14:49:45] [SEVERE ] removing player 3 token from slot 11
[2022-12-12 14:49:45] [SEVERE ] player 5 placing token on slot 0
[2022-12-12 14:49:45] [SEVERE ] player 5 placing token on slot 4
[2022-12-12 14:49:45] [SEVERE ] removing player 5 token from slot 0
[2022-12-12 14:49:45] [SEVERE ] removing player 5 token from slot 4
[2022-12-12 14:49:45] [SEVERE ] removing player 5 token from slot 8
[2022-12-12 14:49:45] [SEVERE ] player 2 placing token on slot 6
[2022-12-12 14:49:45] [SEVERE ] removing player 2 token from slot 1
[2022-12-12 14:49:45] [SEVERE ] removing player 2 token from slot 2
[2022-12-12 14:49:45] [SEVERE ] removing player 2 token from slot 6
[2022-12-12 14:49:45] [SEVERE ] player 4 placing token on slot 7
[2022-12-12 14:49:45] [SEVERE ] removing player 4 token from slot 1
[2022-12-12 14:49:45] [SEVERE ] removing player 4 token from slot 7
[2022-12-12 14:49:45] [SEVERE ] removing player 4 token from slot 9
[2022-12-12 14:49:45] [SEVERE ] player 3 placing token on slot 4
[2022-12-12 14:49:45] [SEVERE ] player 5 placing token on slot 2
[2022-12-12 14:49:45] [SEVERE ] player 4 placing token on slot 3
[2022-12-12 14:49:46] [SEVERE ] player 2 placing token on slot 1
[2022-12-12 14:49:46] [SEVERE ] player 4 placing token on slot 1
[2022-12-12 14:49:46] [SEVERE ] player 3 placing token on slot 10
[2022-12-12 14:49:46] [SEVERE ] player 2 placing token on slot 10
[2022-12-12 14:49:46] [SEVERE ] player 4 placing token on slot 9
[2022-12-12 14:49:46] [SEVERE ] removing player 4 token from slot 1
[2022-12-12 14:49:46] [SEVERE ] removing player 4 token from slot 3
[2022-12-12 14:49:46] [SEVERE ] removing player 4 token from slot 9
[2022-12-12 14:49:46] [SEVERE ] player 5 placing token on slot 7
[2022-12-12 14:49:46] [SEVERE ] player 5 placing token on slot 3
[2022-12-12 14:49:46] [SEVERE ] removing player 5 token from slot 2
[2022-12-12 14:49:46] [SEVERE ] removing player 5 token from slot 3
[2022-12-12 14:49:46] [SEVERE ] removing player 5 token from slot 7
[2022-12-12 14:49:46] [SEVERE ] player 3 placing token on slot 6
[2022-12-12 14:49:46] [SEVERE ] removing player 3 token from slot 4
[2022-12-12 14:49:46] [SEVERE ] removing player 3 token from slot 6
[2022-12-12 14:49:46] [SEVERE ] removing player 3 token from slot 10
[2022-12-12 14:49:46] [SEVERE ] player 4 placing token on slot 9
[2022-12-12 14:49:46] [SEVERE ] player 5 placing token on slot 1
[2022-12-12 14:49:46] [SEVERE ] player 2 placing token on slot 9
[2022-12-12 14:49:46] [SEVERE ] removing player 2 token from slot 1
[2022-12-12 14:49:46] [SEVERE ] removing player 2 token from slot 9
[2022-12-12 14:49:46] [SEVERE ] removing player 2 token from slot 10
[2022-12-12 14:49:46] [SEVERE ] player 4 placing token on slot 1
[2022-12-12 14:49:46] [SEVERE ] player 5 placing token on slot 11
[2022-12-12 14:49:46] [SEVERE ] player 3 placing token on slot 6
[2022-12-12 14:49:46] [SEVERE ] player 4 placing token on slot 3
[2022-12-12 14:49:46] [SEVERE ] removing player 4 token from slot 1
[2022-12-12 14:49:46] [SEVERE ] removing player 4 token from slot 3
[2022-12-12 14:49:46] [SEVERE ] removing player 4 token from slot 9
[2022-12-12 14:49:47] [SEVERE ] player 3 placing token on slot 4
[2022-12-12 14:49:47] [SEVERE ] player 2 placing token on slot 7
[2022-12-12 14:49:47] [SEVERE ] player 3 placing token on slot 5
[2022-12-12 14:49:47] [SEVERE ] removing player 3 token from slot 4
[2022-12-12 14:49:47] [SEVERE ] removing player 3 token from slot 5
[2022-12-12 14:49:47] [SEVERE ] removing player 3 token from slot 6
[2022-12-12 14:49:47] [SEVERE ] player 5 placing token on slot 4
[2022-12-12 14:49:47] [SEVERE ] removing player 5 token from slot 1
[2022-12-12 14:49:47] [SEVERE ] removing player 5 token from slot 4
[2022-12-12 14:49:47] [SEVERE ] removing player 5 token from slot 11
[2022-12-12 14:49:47] [SEVERE ] player 4 placing token on slot 7
[2022-12-12 14:49:47] [SEVERE ] player 5 placing token on slot 7
[2022-12-12 14:49:47] [SEVERE ] player 2 placing token on slot 1
[2022-12-12 14:49:47] [SEVERE ] player 5 placing token on slot 0
[2022-12-12 14:49:47] [SEVERE ] player 3 placing token on slot 11
[2022-12-12 14:49:47] [SEVERE ] player 4 placing token on slot 3
[2022-12-12 14:49:47] [SEVERE ] player 3 placing token on slot 7
[2022-12-12 14:49:47] [SEVERE ] player 5 placing token on slot 10
[2022-12-12 14:49:47] [SEVERE ] removing player 5 token from slot 0
[2022-12-12 14:49:47] [SEVERE ] removing player 5 token from slot 7
[2022-12-12 14:49:47] [SEVERE ] removing player 5 token from slot 10
[2022-12-12 14:49:47] [SEVERE ] player 2 placing token on slot 10
[2022-12-12 14:49:47] [SEVERE ] removing player 2 token from slot 1
[2022-12-12 14:49:47] [SEVERE ] removing player 2 token from slot 7
[2022-12-12 14:49:47] [SEVERE ] removing player 2 token from slot 10
[2022-12-12 14:49:47] [SEVERE ] player 4 placing token on slot 1
[2022-12-12 14:49:47] [SEVERE ] removing player 4 token from slot 1
[2022-12-12 14:49:47] [SEVERE ] removing player 4 token from slot 3
[2022-12-12 14:49:47] [SEVERE ] removing player 4 token from slot 7
[2022-12-12 14:49:48] [SEVERE ] player 2 placing token on slot 0
[2022-12-12 14:49:48] [SEVERE ] player 5 placing token on slot 2
[2022-12-12 14:49:48] [SEVERE ] player 4 placing token on slot 9
[2022-12-12 14:49:48] [SEVERE ] player 2 placing token on slot 9
[2022-12-12 14:49:48] [SEVERE ] player 3 placing token on slot 0
[2022-12-12 14:49:48] [SEVERE ] removing player 3 token from slot 0
[2022-12-12 14:49:48] [SEVERE ] removing player 3 token from slot 7
[2022-12-12 14:49:48] [SEVERE ] removing player 3 token from slot 11
[2022-12-12 14:49:48] [SEVERE ] player 5 placing token on slot 6
[2022-12-12 14:49:48] [SEVERE ] player 2 placing token on slot 6
[2022-12-12 14:49:48] [SEVERE ] removing player 2 token from slot 0
[2022-12-12 14:49:48] [SEVERE ] removing player 2 token from slot 6
[2022-12-12 14:49:48] [SEVERE ] removing player 2 token from slot 9
[2022-12-12 14:49:48] [SEVERE ] player 4 placing token on slot 11
[2022-12-12 14:49:48] [SEVERE ] player 2 placing token on slot 10
[2022-12-12 14:49:48] [SEVERE ] player 5 placing token on slot 4
[2022-12-12 14:49:48] [SEVERE ] removing player 5 token from slot 2
[2022-12-12 14:49:48] [SEVERE ] removing player 5 token from slot 4
[2022-12-12 14:49:48] [SEVERE ] removing player 5 token from slot 6
[2022-12-12 14:49:48] [SEVERE ] player 3 placing token on slot 9
[2022-12-12 14:49:48] [SEVERE ] player 2 placing token on slot 11
[2022-12-12 14:49:48] [SEVERE ] player 3 placing token on slot 10
[2022-12-12 14:49:49] [SEVERE ] player 5 placing token on slot 11
[2022-12-12 14:49:49] [SEVERE ] player 3 placing token on slot 1
[2022-12-12 14:49:49] [SEVERE ] removing player 3 token from slot 1
[2022-12-12 14:49:49] [SEVERE ] removing player 3 token from slot 9
[2022-12-12 14:49:49] [SEVERE ] removing player 3 token from slot 10
[2022-12-12 14:49:49] [SEVERE ] player 4 placing token on slot 10
[2022-12-12 14:49:49] [SEVERE ] removing player 4 token from slot 9
[2022-12-12 14:49:49] [SEVERE ] removing player 4 token from slot 10
[2022-12-12 14:49:49] [SEVERE ] removing player 4 token from slot 11
[2022-12-12 14:49:49] [SEVERE ] player 3 placing token on slot 3
[2022-12-12 14:49:49] [SEVERE ] player 5 placing token on slot 4
[2022-12-12 14:49:49] [SEVERE ] player 2 placing token on slot 6
[2022-12-12 14:49:49] [SEVERE ] removing player 2 token from slot 6
[2022-12-12 14:49:49] [SEVERE ] removing player 2 token from slot 10
[2022-12-12 14:49:49] [SEVERE ] removing player 2 token from slot 11
[2022-12-12 14:49:49] [SEVERE ] player 3 placing token on slot 5
[2022-12-12 14:49:49] [SEVERE ] player 4 placing token on slot 9
[2022-12-12 14:49:49] [SEVERE ] player 5 placing token on slot 1
[2022-12-12 14:49:49] [SEVERE ] removing player 5 token from slot 1
[2022-12-12 14:49:49] [SEVERE ] removing player 5 token from slot 4
[2022-12-12 14:49:49] [SEVERE ] removing player 5 token from slot 11
[2022-12-12 14:49:49] [SEVERE ] player 2 placing token on slot 9
[2022-12-12 14:49:49] [SEVERE ] player 3 placing token on slot 11
[2022-12-12 14:49:49] [SEVERE ] removing player 3 token from slot 3
[2022-12-12 14:49:49] [SEVERE ] removing player 3 token from slot 5
[2022-12-12 14:49:49] [SEVERE ] removing player 3 token from slot 11
[2022-12-12 14:49:50] [SEVERE ] player 4 placing token on slot 7
[2022-12-12 14:49:50] [SEVERE ] player 2 placing token on slot 11
[2022-12-12 14:49:50] [SEVERE ] player 5 placing token on slot 2
[2022-12-12 14:49:50] [SEVERE ] player 4 placing token on slot 3
[2022-12-12 14:49:50] [SEVERE ] removing player 4 token from slot 3
[2022-12-12 14:49:50] [SEVERE ] removing player 4 token from slot 7
[2022-12-12 14:49:50] [SEVERE ] removing player 4 token from slot 9
[2022-12-12 14:49:50] [SEVERE ] player 3 placing token on slot 10
[2022-12-12 14:49:50] [SEVERE ] player 5 placing token on slot 0
[2022-12-12 14:49:50] [SEVERE ] player 2 placing token on slot 7
[2022-12-12 14:49:50] [SEVERE ] removing player 2 token from slot 7
[2022-12-12 14:49:50] [SEVERE ] removing player 2 token from slot 9
[2022-12-12 14:49:50] [SEVERE ] removing player 2 token from slot 11
[2022-12-12 14:49:50] [SEVERE ] player 4 placing token on slot 9
[2022-12-12 14:49:50] [SEVERE ] player 2 placing token on slot 11
[2022-12-12 14:49:50] [SEVERE ] player 3 placing token on slot 1
[2022-12-12 14:49:50] [SEVERE ] player 5 placing token on slot 4
[2022-12-12 14:49:50] [SEVERE ] removing player 5 token from slot 0
[2022-12-12 14:49:50] [SEVERE ] removing player 5 token from slot 2
[2022-12-12 14:49:50] [SEVERE ] removing player 5 token from slot 4
[2022-12-12 14:49:50] [SEVERE ] player 4 placing token on slot 0
[2022-12-12 14:49:50] [SEVERE ] player 4 placing token on slot 7
[2022-12-12 14:49:50] [SEVERE ] removing player 4 token from slot 0
[2022-12-12 14:49:50] [SEVERE ] removing player 4 token from slot 7
[2022-12-12 14:49:50] [SEVERE ] removing player 4 token from slot 9
[2022-12-12 14:49:50] [SEVERE ] player 2 placing token on slot 3
[2022-12-12 14:49:51] [SEVERE ] player 3 placing token on slot 0
[2022-12-12 14:49:51] [SEVERE ] removing player 3 token from slot 0
[2022-12-12 14:49:51] [SEVERE ] removing player 3 token from slot 1
[2022-12-12 14:49:51] [SEVERE ] removing player 3 token from slot 10
[2022-12-12 14:49:51] [SEVERE ] player 5 placing token on slot 10
[2022-12-12 14:49:51] [SEVERE ] player 2 placing token on slot 7
[2022-12-12 14:49:51] [SEVERE ] removing player 2 token from slot 3
[2022-12-12 14:49:51] [SEVERE ] removing player 2 token from slot 7
[2022-12-12 14:49:51] [SEVERE ] removing player 2 token from slot 11
[2022-12-12 14:49:51] [SEVERE ] player 4 placing token on slot 9
[2022-12-12 14:49:51] [SEVERE ] player 3 placing token on slot 9
[2022-12-12 14:49:51] [SEVERE ] player 3 placing token on slot 0
[2022-12-12 14:49:51] [SEVERE ] player 2 placing token on slot 4
[2022-12-12 14:49:51] [SEVERE ] player 5 placing token on slot 5
[2022-12-12 14:49:51] [SEVERE ] player 3 placing token on slot 2
[2022-12-12 14:49:51] [SEVERE ] removing player 3 token from slot 0
[2022-12-12 14:49:51] [SEVERE ] removing player 3 token from slot 2
[2022-12-12 14:49:51] [SEVERE ] removing player 3 token from slot 9
[2022-12-12 14:49:51] [SEVERE ] player 4 placing token on slot 5
[2022-12-12 14:49:51] [SEVERE ] player 2 placing token on slot 10
[2022-12-12 14:49:51] [SEVERE ] player 4 placing token on slot 11
[2022-12-12 14:49:51] [SEVERE ] removing player 4 token from slot 5
[2022-12-12 14:49:51] [SEVERE ] removing player 4 token from slot 9
[2022-12-12 14:49:51] [SEVERE ] removing player 4 token from slot 11
[2022-12-12 14:49:51] [SEVERE ] player 3 placing token on slot 1
[2022-12-12 14:49:51] [SEVERE ] player 2 placing token on slot 5
[2022-12-12 14:49:51] [SEVERE ] removing player 2 token from slot 4
[2022-12-12 14:49:51] [SEVERE ] removing player 2 token from slot 5
[2022-12-12 14:49:51] [SEVERE ] removing player 2 token from slot 10
[2022-12-12 14:49:51] [SEVERE ] player 4 placing token on slot 5
[2022-12-12 14:49:52] [SEVERE ] player 5 placing token on slot 7
[2022-12-12 14:49:52] [SEVERE ] removing player 5 token from slot 5
[2022-12-12 14:49:52] [SEVERE ] removing player 5 token from slot 7
[2022-12-12 14:49:52] [SEVERE ] removing player 5 token from slot 10
[2022-12-12 14:49:52] [SEVERE ] player 4 placing token on slot 7
[2022-12-12 14:49:52] [SEVERE ] player 3 placing token on slot 11
[2022-12-12 14:49:52] [SEVERE ] player 4 placing token on slot 4
[2022-12-12 14:49:52] [SEVERE ] removing player 4 token from slot 4
[2022-12-12 14:49:52] [SEVERE ] removing player 4 token from slot 5
[2022-12-12 14:49:52] [SEVERE ] removing player 4 token from slot 7
[2022-12-12 14:49:52] [SEVERE ] player 3 placing token on slot 3
[2022-12-12 14:49:52] [SEVERE ] removing player 3 token from slot 1
[2022-12-12 14:49:52] [SEVERE ] removing player 3 token from slot 3
[2022-12-12 14:49:52] [SEVERE ] removing player 3 token from slot 11
[2022-12-12 14:49:52] [SEVERE ] player 4 placing token on slot 11
[2022-12-12 14:49:52] [SEVERE ] player 2 placing token on slot 7
[2022-12-12 14:49:52] [SEVERE ] player 4 placing token on slot 8
[2022-12-12 14:49:52] [SEVERE ] player 5 placing token on slot 5
[2022-12-12 14:49:52] [SEVERE ] player 3 placing token on slot 7
[2022-12-12 14:49:52] [SEVERE ] player 5 placing token on slot 6
[2022-12-12 14:49:52] [SEVERE ] player 4 placing token on slot 0
[2022-12-12 14:49:52] [SEVERE ] removing player 4 token from slot 0
[2022-12-12 14:49:52] [SEVERE ] removing player 4 token from slot 8
[2022-12-12 14:49:52] [SEVERE ] removing player 4 token from slot 11
[2022-12-12 14:49:52] [SEVERE ] player 2 placing token on slot 4
[2022-12-12 14:49:52] [SEVERE ] player 4 placing token on slot 9
[2022-12-12 14:49:52] [SEVERE ] player 5 placing token on slot 3
[2022-12-12 14:49:52] [SEVERE ] removing player 5 token from slot 3
[2022-12-12 14:49:52] [SEVERE ] removing player 5 token from slot 5
[2022-12-12 14:49:52] [SEVERE ] removing player 5 token from slot 6
[2022-12-12 14:49:53] [SEVERE ] player 3 placing token on slot 2
[2022-12-12 14:49:53] [SEVERE ] player 4 placing token on slot 3
[2022-12-12 14:49:53] [SEVERE ] player 4 placing token on slot 0
[2022-12-12 14:49:53] [SEVERE ] removing player 4 token from slot 0
[2022-12-12 14:49:53] [SEVERE ] removing player 4 token from slot 3
[2022-12-12 14:49:53] [SEVERE ] removing player 4 token from slot 9
[2022-12-12 14:49:53] [SEVERE ] player 2 placing token on slot 5
[2022-12-12 14:49:53] [SEVERE ] removing player 2 token from slot 4
[2022-12-12 14:49:53] [SEVERE ] removing player 2 token from slot 5
[2022-12-12 14:49:53] [SEVERE ] removing player 2 token from slot 7
[2022-12-12 14:49:53] [SEVERE ] player 5 placing token on slot 4
[2022-12-12 14:49:53] [SEVERE ] player 3 placing token on slot 6
[2022-12-12 14:49:53] [SEVERE ] removing player 3 token from slot 2
[2022-12-12 14:49:53] [SEVERE ] removing player 3 token from slot 6
[2022-12-12 14:49:53] [SEVERE ] removing player 3 token from slot 7
[2022-12-12 14:49:53] [SEVERE ] player 4 placing token on slot 10
[2022-12-12 14:49:53] [SEVERE ] player 3 placing token on slot 3
[2022-12-12 14:49:53] [SEVERE ] player 2 placing token on slot 6
[2022-12-12 14:49:53] [SEVERE ] player 2 placing token on slot 7
[2022-12-12 14:49:53] [SEVERE ] player 3 placing token on slot 7
[2022-12-12 14:49:53] [SEVERE ] player 5 placing token on slot 7
[2022-12-12 14:49:53] [SEVERE ] player 3 placing token on slot 9
[2022-12-12 14:49:53] [SEVERE ] removing player 3 token from slot 3
[2022-12-12 14:49:53] [SEVERE ] removing player 3 token from slot 7
[2022-12-12 14:49:53] [SEVERE ] removing player 3 token from slot 9
[2022-12-12 14:49:53] [SEVERE ] player 4 placing token on slot 11
[2022-12-12 14:49:53] [SEVERE ] player 3 placing token on slot 7
[2022-12-12 14:49:53] [SEVERE ] player 2 placing token on slot 5
[2022-12-12 14:49:53] [SEVERE ] removing player 2 token from slot 5
[2022-12-12 14:49:53] [SEVERE ] removing player 2 token from slot 6
[2022-12-12 14:49:53] [SEVERE ] removing player 2 token from slot 7
[2022-12-12 14:49:54] [SEVERE ] player 5 placing token on slot 1
[2022-12-12 14:49:54] [SEVERE ] removing player 5 token from slot 1
[2022-12-12 14:49:54] [SEVERE ] removing player 5 token from slot 4
[2022-12-12 14:49:54] [SEVERE ] removing player 5 token from slot 7
[2022-12-12 14:49:54] [SEVERE ] player 2 placing token on slot 0
[2022-12-12 14:49:54] [SEVERE ] player 5 placing token on slot 5
[2022-12-12 14:49:54] [SEVERE ] player 3 placing token on slot 3
[2022-12-12 14:49:54] [SEVERE ] player 2 placing token on slot 1
[2022-12-12 14:49:54] [SEVERE ] player 4 placing token on slot 2
[2022-12-12 14:49:54] [SEVERE ] removing player 4 token from slot 2
[2022-12-12 14:49:54] [SEVERE ] removing player 4 token from slot 10
[2022-12-12 14:49:54] [SEVERE ] removing player 4 token from slot 11
[2022-12-12 14:49:54] [SEVERE ] player 5 placing token on slot 8
[2022-12-12 14:49:54] [SEVERE ] player 2 placing token on slot 4
[2022-12-12 14:49:54] [SEVERE ] removing player 2 token from slot 0
[2022-12-12 14:49:54] [SEVERE ] removing player 2 token from slot 1
[2022-12-12 14:49:54] [SEVERE ] removing player 2 token from slot 4
[2022-12-12 14:49:54] [SEVERE ] player 3 placing token on slot 4
[2022-12-12 14:49:54] [SEVERE ] removing player 3 token from slot 3
[2022-12-12 14:49:54] [SEVERE ] removing player 3 token from slot 4
[2022-12-12 14:49:54] [SEVERE ] removing player 3 token from slot 7
[2022-12-12 14:49:54] [SEVERE ] player 4 placing token on slot 11
[2022-12-12 14:49:54] [SEVERE ] player 3 placing token on slot 4
[2022-12-12 14:49:54] [SEVERE ] player 5 placing token on slot 2
[2022-12-12 14:49:54] [SEVERE ] removing player 5 token from slot 2
[2022-12-12 14:49:54] [SEVERE ] removing player 5 token from slot 5
[2022-12-12 14:49:54] [SEVERE ] removing player 5 token from slot 8
[2022-12-12 14:49:55] [SEVERE ] player 5 placing token on slot 4
[2022-12-12 14:49:55] [SEVERE ] player 4 placing token on slot 7
[2022-12-12 14:49:55] [SEVERE ] player 3 placing token on slot 6
[2022-12-12 14:49:55] [SEVERE ] player 2 placing token on slot 9
[2022-12-12 14:49:55] [SEVERE ] player 5 placing token on slot 11
[2022-12-12 14:49:55] [SEVERE ] player 3 placing token on slot 10
[2022-12-12 14:49:55] [SEVERE ] removing player 3 token from slot 4
[2022-12-12 14:49:55] [SEVERE ] removing player 3 token from slot 6
[2022-12-12 14:49:55] [SEVERE ] removing player 3 token from slot 10
[2022-12-12 14:49:55] [SEVERE ] player 4 placing token on slot 6
[2022-12-12 14:49:55] [SEVERE ] removing player 4 token from slot 6
[2022-12-12 14:49:55] [SEVERE ] removing player 4 token from slot 7
[2022-12-12 14:49:55] [SEVERE ] removing player 4 token from slot 11
[2022-12-12 14:49:55] [SEVERE ] player 5 placing token on slot 0
[2022-12-12 14:49:55] [SEVERE ] removing player 5 token from slot 0
[2022-12-12 14:49:55] [SEVERE ] removing player 5 token from slot 4
[2022-12-12 14:49:55] [SEVERE ] removing player 5 token from slot 11
[2022-12-12 14:49:55] [SEVERE ] player 2 placing token on slot 10
[2022-12-12 14:49:55] [SEVERE ] player 3 placing token on slot 6
[2022-12-12 14:49:55] [SEVERE ] player 4 placing token on slot 8
[2022-12-12 14:49:55] [SEVERE ] player 4 placing token on slot 6
[2022-12-12 14:49:55] [SEVERE ] player 2 placing token on slot 11
[2022-12-12 14:49:55] [SEVERE ] removing player 2 token from slot 9
[2022-12-12 14:49:55] [SEVERE ] removing player 2 token from slot 10
[2022-12-12 14:49:55] [SEVERE ] removing player 2 token from slot 11
[2022-12-12 14:49:55] [SEVERE ] player 2 placing token on slot 2
[2022-12-12 14:49:55] [SEVERE ] player 5 placing token on slot 0
[2022-12-12 14:49:55] [SEVERE ] player 4 placing token on slot 9
[2022-12-12 14:49:55] [SEVERE ] removing player 4 token from slot 6
[2022-12-12 14:49:55] [SEVERE ] removing player 4 token from slot 8
[2022-12-12 14:49:55] [SEVERE ] removing player 4 token from slot 9
[2022-12-12 14:49:55] [SEVERE ] player 3 placing token on slot 10
[2022-12-12 14:49:55] [SEVERE ] player 5 placing token on slot 11
[2022-12-12 14:49:55] [SEVERE ] player 5 placing token on slot 3
[2022-12-12 14:49:55] [SEVERE ] removing player 5 token from slot 0
[2022-12-12 14:49:55] [SEVERE ] removing player 5 token from slot 3
[2022-12-12 14:49:55] [SEVERE ] removing player 5 token from slot 11
[2022-12-12 14:49:55] [SEVERE ] player 3 placing token on slot 1
[2022-12-12 14:49:55] [SEVERE ] removing player 3 token from slot 1
[2022-12-12 14:49:55] [SEVERE ] removing player 3 token from slot 6
[2022-12-12 14:49:55] [SEVERE ] removing player 3 token from slot 10
[2022-12-12 14:49:56] [SEVERE ] player 2 placing token on slot 9
[2022-12-12 14:49:56] [SEVERE ] player 4 placing token on slot 5
[2022-12-12 14:49:56] [SEVERE ] player 5 placing token on slot 7
[2022-12-12 14:49:56] [SEVERE ] player 2 placing token on slot 7
[2022-12-12 14:49:56] [SEVERE ] removing player 2 token from slot 2
[2022-12-12 14:49:56] [SEVERE ] removing player 2 token from slot 7
[2022-12-12 14:49:56] [SEVERE ] removing player 2 token from slot 9
[2022-12-12 14:49:56] [SEVERE ] player 2 placing token on slot 0
[2022-12-12 14:49:56] [SEVERE ] player 4 placing token on slot 9
[2022-12-12 14:49:56] [SEVERE ] player 3 placing token on slot 6
[2022-12-12 14:49:56] [SEVERE ] player 5 placing token on slot 1
[2022-12-12 14:49:56] [SEVERE ] player 4 placing token on slot 0
[2022-12-12 14:49:56] [SEVERE ] removing player 4 token from slot 0
[2022-12-12 14:49:56] [SEVERE ] removing player 4 token from slot 5
[2022-12-12 14:49:56] [SEVERE ] removing player 4 token from slot 9
[2022-12-12 14:49:56] [SEVERE ] player 5 placing token on slot 8
[2022-12-12 14:49:56] [SEVERE ] removing player 5 token from slot 1
[2022-12-12 14:49:56] [SEVERE ] removing player 5 token from slot 7
[2022-12-12 14:49:56] [SEVERE ] removing player 5 token from slot 8
[2022-12-12 14:49:56] [SEVERE ] player 2 placing token on slot 7
[2022-12-12 14:49:56] [SEVERE ] player 3 placing token on slot 9
[2022-12-12 14:49:56] [SEVERE ] player 4 placing token on slot 1
[2022-12-12 14:49:56] [SEVERE ] player 5 placing token on slot 4
[2022-12-12 14:49:56] [SEVERE ] player 2 placing token on slot 3
[2022-12-12 14:49:56] [SEVERE ] removing player 2 token from slot 0
[2022-12-12 14:49:56] [SEVERE ] removing player 2 token from slot 3
[2022-12-12 14:49:56] [SEVERE ] removing player 2 token from slot 7
[2022-12-12 14:49:57] [SEVERE ] player 4 placing token on slot 2
[2022-12-12 14:49:57] [SEVERE ] player 2 placing token on slot 2
[2022-12-12 14:49:57] [SEVERE ] player 5 placing token on slot 9
[2022-12-12 14:49:57] [SEVERE ] player 4 placing token on slot 10
[2022-12-12 14:49:57] [SEVERE ] removing player 4 token from slot 1
[2022-12-12 14:49:57] [SEVERE ] removing player 4 token from slot 2
[2022-12-12 14:49:57] [SEVERE ] removing player 4 token from slot 10
[2022-12-12 14:49:57] [SEVERE ] player 3 placing token on slot 5
[2022-12-12 14:49:57] [SEVERE ] removing player 3 token from slot 5
[2022-12-12 14:49:57] [SEVERE ] removing player 3 token from slot 6
[2022-12-12 14:49:57] [SEVERE ] removing player 3 token from slot 9
[2022-12-12 14:49:57] [SEVERE ] player 4 placing token on slot 1
[2022-12-12 14:49:57] [SEVERE ] player 3 placing token on slot 3
[2022-12-12 14:49:57] [SEVERE ] player 3 placing token on slot 4
[2022-12-12 14:49:57] [SEVERE ] player 2 placing token on slot 11
[2022-12-12 14:49:57] [SEVERE ] player 5 placing token on slot 1
[2022-12-12 14:49:57] [SEVERE ] removing player 5 token from slot 1
[2022-12-12 14:49:57] [SEVERE ] removing player 5 token from slot 4
[2022-12-12 14:49:57] [SEVERE ] removing player 5 token from slot 9
[2022-12-12 14:49:57] [SEVERE ] player 3 placing token on slot 11
[2022-12-12 14:49:57] [SEVERE ] removing player 3 token from slot 3
[2022-12-12 14:49:57] [SEVERE ] removing player 3 token from slot 4
[2022-12-12 14:49:57] [SEVERE ] removing player 3 token from slot 11
[2022-12-12 14:49:57] [SEVERE ] player 2 placing token on slot 9
[2022-12-12 14:49:57] [SEVERE ] removing player 2 token from slot 2
[2022-12-12 14:49:57] [SEVERE ] removing player 2 token from slot 9
[2022-12-12 14:49:57] [SEVERE ] removing player 2 token from slot 11
[2022-12-12 14:49:57] [SEVERE ] player 3 placing token on slot 0
[2022-12-12 14:49:57] [SEVERE ] player 4 placing token on slot 10
[2022-12-12 14:49:57] [SEVERE ] player 5 placing token on slot 8
[2022-12-12 14:49:57] [SEVERE ] player 3 placing token on slot 9
[2022-12-12 14:49:57] [SEVERE ] player 3 placing token on slot 8
[2022-12-12 14:49:57] [SEVERE ] removing player 3 token from slot 0
[2022-12-12 14:49:57] [SEVERE ] removing player 3 token from slot 8
[2022-12-12 14:49:57] [SEVERE ] removing player 3 token from slot 9
[2022-12-12 14:49:58] [SEVERE ] player 5 placing token on slot 0
[2022-12-12 14:49:58] [SEVERE ] player 2 placing token on slot 0
[2022-12-12 14:49:58] [SEVERE ] player 4 placing token on slot 2
[2022-12-12 14:49:58] [SEVERE ] removing player 4 token from slot 1
[2022-12-12 14:49:58] [SEVERE ] removing player 4 token from slot 2
[2022-12-12 14:49:58] [SEVERE ] removing player 4 token from slot 10
[2022-12-12 14:49:58] [SEVERE ] player 3 placing token on slot 9
[2022-12-12 14:49:58] [SEVERE ] player 3 placing token on slot 3
[2022-12-12 14:49:58] [SEVERE ] player 2 placing token on slot 11
[2022-12-12 14:49:58] [SEVERE ] player 2 placing token on slot 10
[2022-12-12 14:49:58] [SEVERE ] removing player 2 token from slot 0
[2022-12-12 14:49:58] [SEVERE ] removing player 2 token from slot 10
[2022-12-12 14:49:58] [SEVERE ] removing player 2 token from slot 11
[2022-12-12 14:49:58] [SEVERE ] player 5 placing token on slot 5
[2022-12-12 14:49:58] [SEVERE ] removing player 5 token from slot 0
[2022-12-12 14:49:58] [SEVERE ] removing player 5 token from slot 5
[2022-12-12 14:49:58] [SEVERE ] removing player 5 token from slot 8
[2022-12-12 14:49:58] [SEVERE ] player 4 placing token on slot 4
[2022-12-12 14:49:58] [SEVERE ] player 2 placing token on slot 9
[2022-12-12 14:49:58] [SEVERE ] player 3 placing token on slot 10
[2022-12-12 14:49:58] [SEVERE ] removing player 3 token from slot 3
[2022-12-12 14:49:58] [SEVERE ] removing player 3 token from slot 9
[2022-12-12 14:49:58] [SEVERE ] removing player 3 token from slot 10
[2022-12-12 14:49:58] [SEVERE ] player 5 placing token on slot 0
[2022-12-12 14:49:58] [SEVERE ] player 3 placing token on slot 9
[2022-12-12 14:49:58] [SEVERE ] player 4 placing token on slot 10
[2022-12-12 14:49:59] [SEVERE ] player 2 placing token on slot 5
[2022-12-12 14:49:59] [SEVERE ] player 4 placing token on slot 2
[2022-12-12 14:49:59] [SEVERE ] removing player 4 token from slot 2
[2022-12-12 14:49:59] [SEVERE ] removing player 4 token from slot 4
[2022-12-12 14:49:59] [SEVERE ] removing player 4 token from slot 10
[2022-12-12 14:49:59] [SEVERE ] player 3 placing token on slot 6
[2022-12-12 14:49:59] [SEVERE ] player 5 placing token on slot 9
[2022-12-12 14:49:59] [SEVERE ] player 2 placing token on slot 8
[2022-12-12 14:49:59] [SEVERE ] removing player 2 token from slot 5
[2022-12-12 14:49:59] [SEVERE ] removing player 2 token from slot 8
[2022-12-12 14:49:59] [SEVERE ] removing player 2 token from slot 9
[2022-12-12 14:49:59] [SEVERE ] player 2 placing token on slot 0
[2022-12-12 14:49:59] [SEVERE ] player 4 placing token on slot 9
[2022-12-12 14:49:59] [SEVERE ] player 3 placing token on slot 3
[2022-12-12 14:49:59] [SEVERE ] removing player 3 token from slot 3
[2022-12-12 14:49:59] [SEVERE ] removing player 3 token from slot 6
[2022-12-12 14:49:59] [SEVERE ] removing player 3 token from slot 9
[2022-12-12 14:49:59] [SEVERE ] player 3 placing token on slot 5
[2022-12-12 14:49:59] [SEVERE ] player 2 placing token on slot 2
[2022-12-12 14:49:59] [SEVERE ] player 4 placing token on slot 4
[2022-12-12 14:49:59] [SEVERE ] player 5 placing token on slot 1
[2022-12-12 14:49:59] [SEVERE ] removing player 5 token from slot 0
[2022-12-12 14:49:59] [SEVERE ] removing player 5 token from slot 1
[2022-12-12 14:49:59] [SEVERE ] removing player 5 token from slot 9
[2022-12-12 14:49:59] [SEVERE ] player 3 placing token on slot 9
[2022-12-12 14:49:59] [SEVERE ] player 5 placing token on slot 1
[2022-12-12 14:49:59] [SEVERE ] player 2 placing token on slot 4
[2022-12-12 14:49:59] [SEVERE ] removing player 2 token from slot 0
[2022-12-12 14:49:59] [SEVERE ] removing player 2 token from slot 2
[2022-12-12 14:49:59] [SEVERE ] removing player 2 token from slot 4
[2022-12-12 14:49:59] [SEVERE ] player 3 placing token on slot 4
[2022-12-12 14:49:59] [SEVERE ] removing player 3 token from slot 4
[2022-12-12 14:49:59] [SEVERE ] removing player 3 token from slot 5
[2022-12-12 14:49:59] [SEVERE ] removing player 3 token from slot 9
[2022-12-12 14:50:00] [SEVERE ] player 2 placing token on slot 10
[2022-12-12 14:50:00] [SEVERE ] player 4 placing token on slot 7
[2022-12-12 14:50:00] [SEVERE ] removing player 4 token from slot 4
[2022-12-12 14:50:00] [SEVERE ] removing player 4 token from slot 7
[2022-12-12 14:50:00] [SEVERE ] removing player 4 token from slot 9
[2022-12-12 14:50:00] [SEVERE ] player 5 placing token on slot 6
[2022-12-12 14:50:00] [SEVERE ] player 2 placing token on slot 8
[2022-12-12 14:50:00] [SEVERE ] player 5 placing token on slot 7
[2022-12-12 14:50:00] [SEVERE ] removing player 5 token from slot 1
[2022-12-12 14:50:00] [SEVERE ] removing player 5 token from slot 6
[2022-12-12 14:50:00] [SEVERE ] removing player 5 token from slot 7
[2022-12-12 14:50:00] [SEVERE ] player 4 placing token on slot 6
[2022-12-12 14:50:00] [SEVERE ] player 2 placing token on slot 7
[2022-12-12 14:50:00] [SEVERE ] removing player 2 token from slot 7
[2022-12-12 14:50:00] [SEVERE ] removing player 2 token from slot 8
[2022-12-12 14:50:00] [SEVERE ] removing player 2 token from slot 10
[2022-12-12 14:50:00] [SEVERE ] player 5 placing token on slot 1
[2022-12-12 14:50:00] [SEVERE ] player 4 placing token on slot 1
[2022-12-12 14:50:00] [SEVERE ] player 3 placing token on slot 10
[2022-12-12 14:50:00] [SEVERE ] player 3 placing token on slot 11
[2022-12-12 14:50:00] [SEVERE ] player 3 placing token on slot 9
[2022-12-12 14:50:00] [SEVERE ] removing player 3 token from slot 9
[2022-12-12 14:50:00] [SEVERE ] removing player 3 token from slot 10
[2022-12-12 14:50:00] [SEVERE ] removing player 3 token from slot 11
[2022-12-12 14:50:00] [SEVERE ] player 2 placing token on slot 4
[2022-12-12 14:50:00] [SEVERE ] player 4 placing token on slot 4
[2022-12-12 14:50:00] [SEVERE ] removing player 4 token from slot 1
[2022-12-12 14:50:00] [SEVERE ] removing player 4 token from slot 4
[2022-12-12 14:50:00] [SEVERE ] removing player 4 token from slot 6
[2022-12-12 14:50:00] [SEVERE ] player 5 placing token on slot 9
[2022-12-12 14:50:00] [SEVERE ] player 5 placing token on slot 0
[2022-12-12 14:50:00] [SEVERE ] removing player 5 token from slot 0
[2022-12-12 14:50:00] [SEVERE ] removing player 5 token from slot 1
[2022-12-12 14:50:00] [SEVERE ] removing player 5 token from slot 9
[2022-12-12 14:50:00] [SEVERE ] player 2 placing token on slot 8
[2022-12-12 14:50:01] [SEVERE ] player 5 placing token on slot 8
[2022-12-12 14:50:01] [SEVERE ] player 3 placing token on slot 8
[2022-12-12 14:50:01] [SEVERE ] player 4 placing token on slot 5
[2022-12-12 14:50:01] [SEVERE ] player 5 placing token on slot 5
[2022-12-12 14:50:01] [SEVERE ] player 2 placing token on slot 2
[2022-12-12 14:50:01] [SEVERE ] removing player 2 token from slot 2
[2022-12-12 14:50:01] [SEVERE ] removing player 2 token from slot 4
[2022-12-12 14:50:01] [SEVERE ] removing player 2 token from slot 8
[2022-12-12 14:50:01] [SEVERE ] player 4 placing token on slot 9
[2022-12-12 14:50:01] [SEVERE ] player 2 placing token on slot 4
[2022-12-12 14:50:01] [SEVERE ] player 4 placing token on slot 3
[2022-12-12 14:50:01] [SEVERE ] removing player 4 token from slot 3
[2022-12-12 14:50:01] [SEVERE ] removing player 4 token from slot 5
[2022-12-12 14:50:01] [SEVERE ] removing player 4 token from slot 9
[2022-12-12 14:50:01] [SEVERE ] player 5 placing token on slot 2
[2022-12-12 14:50:01] [SEVERE ] removing player 5 token from slot 2
[2022-12-12 14:50:01] [SEVERE ] removing player 5 token from slot 5
[2022-12-12 14:50:01] [SEVERE ] removing player 5 token from slot 8
[2022-12-12 14:50:01] [SEVERE ] player 2 placing token on slot 10
[2022-12-12 14:50:01] [SEVERE ] player 3 placing token on slot 4
[2022-12-12 14:50:01] [SEVERE ] player 3 placing token on slot 0
[2022-12-12 14:50:01] [SEVERE ] removing player 3 token from slot 0
[2022-12-12 14:50:01] [SEVERE ] removing player 3 token from slot 4
[2022-12-12 14:50:01] [SEVERE ] removing player 3 token from slot 8
[2022-12-12 14:50:01] [SEVERE ] player 4 placing token on slot 9
[2022-12-12 14:50:01] [SEVERE ] player 5 placing token on slot 2
[2022-12-12 14:50:01] [SEVERE ] player 3 placing token on slot 0
[2022-12-12 14:50:02] [SEVERE ] player 2 placing token on slot 3
[2022-12-12 14:50:02] [SEVERE ] removing player 2 token from slot 3
[2022-12-12 14:50:02] [SEVERE ] removing player 2 token from slot 4
[2022-12-12 14:50:02] [SEVERE ] removing player 2 token from slot 10
[2022-12-12 14:50:02] [SEVERE ] player 4 placing token on slot 8
[2022-12-12 14:50:02] [SEVERE ] player 3 placing token on slot 5
[2022-12-12 14:50:02] [SEVERE ] player 5 placing token on slot 11
[2022-12-12 14:50:02] [SEVERE ] player 5 placing token on slot 1
[2022-12-12 14:50:02] [SEVERE ] removing player 5 token from slot 1
[2022-12-12 14:50:02] [SEVERE ] removing player 5 token from slot 2
[2022-12-12 14:50:02] [SEVERE ] removing player 5 token from slot 11
[2022-12-12 14:50:02] [SEVERE ] player 4 placing token on slot 10
[2022-12-12 14:50:02] [SEVERE ] removing player 4 token from slot 8
[2022-12-12 14:50:02] [SEVERE ] removing player 4 token from slot 9
[2022-12-12 14:50:02] [SEVERE ] removing player 4 token from slot 10
[2022-12-12 14:50:02] [SEVERE ] player 5 placing token on slot 3
[2022-12-12 14:50:02] [SEVERE ] player 2 placing token on slot 3
[2022-12-12 14:50:02] [SEVERE ] player 3 placing token on slot 1
[2022-12-12 14:50:02] [SEVERE ] removing player 3 token from slot 0
[2022-12-12 14:50:02] [SEVERE ] removing player 3 token from slot 1
[2022-12-12 14:50:02] [SEVERE ] removing player 3 token from slot 5
[2022-12-12 14:50:02] [SEVERE ] player 4 placing token on slot 7
[2022-12-12 14:50:02] [SEVERE ] player 4 placing token on slot 1
[2022-12-12 14:50:02] [SEVERE ] player 3 placing token on slot 8
[2022-12-12 14:50:02] [SEVERE ] player 2 placing token on slot 7
[2022-12-12 14:50:02] [SEVERE ] player 4 placing token on slot 3
[2022-12-12 14:50:02] [SEVERE ] removing player 4 token from slot 1
[2022-12-12 14:50:02] [SEVERE ] removing player 4 token from slot 3
[2022-12-12 14:50:02] [SEVERE ] removing player 4 token from slot 7
[2022-12-12 14:50:02] [SEVERE ] player 5 placing token on slot 2
[2022-12-12 14:50:02] [SEVERE ] player 2 placing token on slot 0
[2022-12-12 14:50:02] [SEVERE ] removing player 2 token from slot 0
[2022-12-12 14:50:02] [SEVERE ] removing player 2 token from slot 3
[2022-12-12 14:50:02] [SEVERE ] removing player 2 token from slot 7
[2022-12-12 14:50:02] [SEVERE ] player 5 placing token on slot 10
[2022-12-12 14:50:02] [SEVERE ] removing player 5 token from slot 2
[2022-12-12 14:50:02] [SEVERE ] removing player 5 token from slot 3
[2022-12-12 14:50:02] [SEVERE ] removing player 5 token from slot 10
[2022-12-12 14:50:02] [SEVERE ] player 4 placing token on slot 11
[2022-12-12 14:50:03] [SEVERE ] player 3 placing token on slot 5
[2022-12-12 14:50:03] [SEVERE ] player 4 placing token on slot 1
[2022-12-12 14:50:03] [SEVERE ] player 3 placing token on slot 10
[2022-12-12 14:50:03] [SEVERE ] removing player 3 token from slot 5
[2022-12-12 14:50:03] [SEVERE ] removing player 3 token from slot 8
[2022-12-12 14:50:03] [SEVERE ] removing player 3 token from slot 10
[2022-12-12 14:50:03] [SEVERE ] player 2 placing token on slot 3
[2022-12-12 14:50:03] [SEVERE ] player 5 placing token on slot 2
[2022-12-12 14:50:03] [SEVERE ] player 3 placing token on slot 2
[2022-12-12 14:50:03] [SEVERE ] player 3 placing token on slot 7
[2022-12-12 14:50:03] [SEVERE ] player 4 placing token on slot 10
[2022-12-12 14:50:03] [SEVERE ] removing player 4 token from slot 1
[2022-12-12 14:50:03] [SEVERE ] removing player 4 token from slot 10
[2022-12-12 14:50:03] [SEVERE ] removing player 4 token from slot 11
[2022-12-12 14:50:03] [SEVERE ] player 5 placing token on slot 1
[2022-12-12 14:50:03] [SEVERE ] player 2 placing token on slot 4
[2022-12-12 14:50:03] [SEVERE ] player 4 placing token on slot 5
[2022-12-12 14:50:03] [SEVERE ] player 5 placing token on slot 5
[2022-12-12 14:50:03] [SEVERE ] removing player 5 token from slot 1
[2022-12-12 14:50:03] [SEVERE ] removing player 5 token from slot 2
[2022-12-12 14:50:03] [SEVERE ] removing player 5 token from slot 5
[2022-12-12 14:50:03] [SEVERE ] player 2 placing token on slot 1
[2022-12-12 14:50:03] [SEVERE ] removing player 2 token from slot 1
[2022-12-12 14:50:03] [SEVERE ] removing player 2 token from slot 3
[2022-12-12 14:50:03] [SEVERE ] removing player 2 token from slot 4
[2022-12-12 14:50:03] [SEVERE ] player 3 placing token on slot 5
[2022-12-12 14:50:03] [SEVERE ] removing player 3 token from slot 2
[2022-12-12 14:50:03] [SEVERE ] removing player 3 token from slot 5
[2022-12-12 14:50:03] [SEVERE ] removing player 3 token from slot 7
[2022-12-12 14:50:03] [SEVERE ] player 4 placing token on slot 7
[2022-12-12 14:50:03] [SEVERE ] player 5 placing token on slot 9
[2022-12-12 14:50:03] [SEVERE ] player 2 placing token on slot 5
[2022-12-12 14:50:04] [SEVERE ] player 4 placing token on slot 1
[2022-12-12 14:50:04] [SEVERE ] removing player 4 token from slot 1
[2022-12-12 14:50:04] [SEVERE ] removing player 4 token from slot 5
[2022-12-12 14:50:04] [SEVERE ] removing player 4 token from slot 7
[2022-12-12 14:50:04] [SEVERE ] player 5 placing token on slot 10
[2022-12-12 14:50:04] [SEVERE ] player 4 placing token on slot 11
[2022-12-12 14:50:04] [SEVERE ] player 3 placing token on slot 5
[2022-12-12 14:50:04] [SEVERE ] player 2 placing token on slot 4
[2022-12-12 14:50:04] [SEVERE ] player 5 placing token on slot 7
[2022-12-12 14:50:04] [SEVERE ] removing player 5 token from slot 7
[2022-12-12 14:50:04] [SEVERE ] removing player 5 token from slot 9
[2022-12-12 14:50:04] [SEVERE ] removing player 5 token from slot 10
[2022-12-12 14:50:04] [SEVERE ] player 4 placing token on slot 4
[2022-12-12 14:50:04] [SEVERE ] player 2 placing token on slot 9
[2022-12-12 14:50:04] [SEVERE ] removing player 2 token from slot 4
[2022-12-12 14:50:04] [SEVERE ] removing player 2 token from slot 5
[2022-12-12 14:50:04] [SEVERE ] removing player 2 token from slot 9
[2022-12-12 14:50:04] [SEVERE ] player 5 placing token on slot 6
[2022-12-12 14:50:04] [SEVERE ] player 3 placing token on slot 11
[2022-12-12 14:50:04] [SEVERE ] player 5 placing token on slot 0
[2022-12-12 14:50:04] [SEVERE ] player 4 placing token on slot 10
[2022-12-12 14:50:04] [SEVERE ] removing player 4 token from slot 4
[2022-12-12 14:50:04] [SEVERE ] removing player 4 token from slot 10
[2022-12-12 14:50:04] [SEVERE ] removing player 4 token from slot 11
[2022-12-12 14:50:04] [SEVERE ] player 2 placing token on slot 7
[2022-12-12 14:50:04] [SEVERE ] player 3 placing token on slot 9
[2022-12-12 14:50:04] [SEVERE ] removing player 3 token from slot 5
[2022-12-12 14:50:04] [SEVERE ] removing player 3 token from slot 9
[2022-12-12 14:50:04] [SEVERE ] removing player 3 token from slot 11
[2022-12-12 14:50:05] [SEVERE ] player 5 placing token on slot 1
[2022-12-12 14:50:05] [SEVERE ] removing player 5 token from slot 0
[2022-12-12 14:50:05] [SEVERE ] removing player 5 token from slot 1
[2022-12-12 14:50:05] [SEVERE ] removing player 5 token from slot 6
[2022-12-12 14:50:05] [SEVERE ] player 2 placing token on slot 1
[2022-12-12 14:50:05] [SEVERE ] player 4 placing token on slot 4
[2022-12-12 14:50:05] [SEVERE ] player 2 placing token on slot 3
[2022-12-12 14:50:05] [SEVERE ] removing player 2 token from slot 1
[2022-12-12 14:50:05] [SEVERE ] removing player 2 token from slot 3
[2022-12-12 14:50:05] [SEVERE ] removing player 2 token from slot 7
[2022-12-12 14:50:05] [SEVERE ] player 3 placing token on slot 8
[2022-12-12 14:50:05] [SEVERE ] player 5 placing token on slot 2
[2022-12-12 14:50:05] [SEVERE ] player 2 placing token on slot 6
[2022-12-12 14:50:05] [SEVERE ] player 4 placing token on slot 7
[2022-12-12 14:50:05] [SEVERE ] player 2 placing token on slot 4
[2022-12-12 14:50:05] [SEVERE ] player 4 placing token on slot 3
[2022-12-12 14:50:05] [SEVERE ] removing player 4 token from slot 3
[2022-12-12 14:50:05] [SEVERE ] removing player 4 token from slot 4
[2022-12-12 14:50:05] [SEVERE ] removing player 4 token from slot 7
[2022-12-12 14:50:05] [SEVERE ] player 3 placing token on slot 4
[2022-12-12 14:50:06] [SEVERE ] player 2 placing token on slot 1
[2022-12-12 14:50:06] [SEVERE ] removing player 2 token from slot 1
[2022-12-12 14:50:06] [SEVERE ] removing player 2 token from slot 4
[2022-12-12 14:50:06] [SEVERE ] removing player 2 token from slot 6
[2022-12-12 14:50:06] [SEVERE ] player 5 placing token on slot 11
[2022-12-12 14:50:06] [SEVERE ] player 5 placing token on slot 9
[2022-12-12 14:50:06] [SEVERE ] removing player 5 token from slot 2
[2022-12-12 14:50:06] [SEVERE ] removing player 5 token from slot 9
[2022-12-12 14:50:06] [SEVERE ] removing player 5 token from slot 11
[2022-12-12 14:50:06] [SEVERE ] player 4 placing token on slot 6
[2022-12-12 14:50:06] [SEVERE ] player 3 placing token on slot 1
[2022-12-12 14:50:06] [SEVERE ] removing player 3 token from slot 1
[2022-12-12 14:50:06] [SEVERE ] removing player 3 token from slot 4
[2022-12-12 14:50:06] [SEVERE ] removing player 3 token from slot 8
[2022-12-12 14:50:06] [SEVERE ] player 3 placing token on slot 6
[2022-12-12 14:50:06] [SEVERE ] player 5 placing token on slot 11
[2022-12-12 14:50:06] [SEVERE ] player 3 placing token on slot 1
[2022-12-12 14:50:06] [SEVERE ] player 2 placing token on slot 2
[2022-12-12 14:50:06] [SEVERE ] player 4 placing token on slot 7
[2022-12-12 14:50:06] [SEVERE ] player 4 placing token on slot 1
[2022-12-12 14:50:06] [SEVERE ] removing player 4 token from slot 1
[2022-12-12 14:50:06] [SEVERE ] removing player 4 token from slot 6
[2022-12-12 14:50:06] [SEVERE ] removing player 4 token from slot 7
[2022-12-12 14:50:06] [SEVERE ] player 5 placing token on slot 6
[2022-12-12 14:50:06] [SEVERE ] player 3 placing token on slot 11
[2022-12-12 14:50:06] [SEVERE ] removing player 3 token from slot 1
[2022-12-12 14:50:06] [SEVERE ] removing player 3 token from slot 6
[2022-12-12 14:50:06] [SEVERE ] removing player 3 token from slot 11
[2022-12-12 14:50:06] [SEVERE ] player 4 placing token on slot 11
[2022-12-12 14:50:06] [SEVERE ] player 2 placing token on slot 9
[2022-12-12 14:50:07] [SEVERE ] player 2 placing token on slot 0
[2022-12-12 14:50:07] [SEVERE ] removing player 2 token from slot 0
[2022-12-12 14:50:07] [SEVERE ] removing player 2 token from slot 2
[2022-12-12 14:50:07] [SEVERE ] removing player 2 token from slot 9
[2022-12-12 14:50:07] [SEVERE ] player 3 placing token on slot 3
[2022-12-12 14:50:07] [SEVERE ] player 5 placing token on slot 4
[2022-12-12 14:50:07] [SEVERE ] removing player 5 token from slot 4
[2022-12-12 14:50:07] [SEVERE ] removing player 5 token from slot 6
[2022-12-12 14:50:07] [SEVERE ] removing player 5 token from slot 11
[2022-12-12 14:50:07] [SEVERE ] player 4 placing token on slot 10
[2022-12-12 14:50:07] [SEVERE ] player 2 placing token on slot 5
[2022-12-12 14:50:07] [SEVERE ] player 3 placing token on slot 11
[2022-12-12 14:50:07] [SEVERE ] player 2 placing token on slot 10
[2022-12-12 14:50:07] [SEVERE ] player 4 placing token on slot 8
[2022-12-12 14:50:07] [SEVERE ] removing player 4 token from slot 8
[2022-12-12 14:50:07] [SEVERE ] removing player 4 token from slot 10
[2022-12-12 14:50:07] [SEVERE ] removing player 4 token from slot 11
[2022-12-12 14:50:07] [SEVERE ] player 5 placing token on slot 7
[2022-12-12 14:50:07] [SEVERE ] player 2 placing token on slot 11
[2022-12-12 14:50:07] [SEVERE ] removing player 2 token from slot 5
[2022-12-12 14:50:07] [SEVERE ] removing player 2 token from slot 10
[2022-12-12 14:50:07] [SEVERE ] removing player 2 token from slot 11
[2022-12-12 14:50:07] [SEVERE ] player 4 placing token on slot 5
[2022-12-12 14:50:07] [SEVERE ] player 2 placing token on slot 10
[2022-12-12 14:50:07] [SEVERE ] player 4 placing token on slot 6
[2022-12-12 14:50:07] [SEVERE ] player 3 placing token on slot 10
[2022-12-12 14:50:07] [SEVERE ] removing player 3 token from slot 3
[2022-12-12 14:50:07] [SEVERE ] removing player 3 token from slot 10
[2022-12-12 14:50:07] [SEVERE ] removing player 3 token from slot 11
[2022-12-12 14:50:07] [SEVERE ] player 5 placing token on slot 11
[2022-12-12 14:50:08] [SEVERE ] player 4 placing token on slot 2
[2022-12-12 14:50:08] [SEVERE ] removing player 4 token from slot 2
[2022-12-12 14:50:08] [SEVERE ] removing player 4 token from slot 5
[2022-12-12 14:50:08] [SEVERE ] removing player 4 token from slot 6
[2022-12-12 14:50:08] [SEVERE ] player 5 placing token on slot 9
[2022-12-12 14:50:08] [SEVERE ] removing player 5 token from slot 7
[2022-12-12 14:50:08] [SEVERE ] removing player 5 token from slot 9
[2022-12-12 14:50:08] [SEVERE ] removing player 5 token from slot 11
[2022-12-12 14:50:08] [SEVERE ] player 2 placing token on slot 9
[2022-12-12 14:50:08] [SEVERE ] player 3 placing token on slot 8
[2022-12-12 14:50:08] [SEVERE ] player 4 placing token on slot 2
[2022-12-12 14:50:08] [SEVERE ] player 2 placing token on slot 3
[2022-12-12 14:50:08] [SEVERE ] removing player 2 token from slot 3
[2022-12-12 14:50:08] [SEVERE ] removing player 2 token from slot 9
[2022-12-12 14:50:08] [SEVERE ] removing player 2 token from slot 10
[2022-12-12 14:50:08] [SEVERE ] player 3 placing token on slot 6
[2022-12-12 14:50:08] [SEVERE ] player 3 placing token on slot 11
[2022-12-12 14:50:08] [SEVERE ] removing player 3 token from slot 6
[2022-12-12 14:50:08] [SEVERE ] removing player 3 token from slot 8
[2022-12-12 14:50:08] [SEVERE ] removing player 3 token from slot 11
[2022-12-12 14:50:08] [SEVERE ] player 5 placing token on slot 3
[2022-12-12 14:50:08] [SEVERE ] player 2 placing token on slot 0
