[2022-12-12 19:35:22] [INFO   ] cannot read configuration file config.properties trying from resources.
[2022-12-12 19:35:22] [INFO   ] configuration file was loaded from resources directory.
[2022-12-12 19:35:23] [INFO   ] Thread dealer starting.
[2022-12-12 19:35:23] [INFO   ] Thread Thread-1starting.
[2022-12-12 19:35:23] [INFO   ] Thread Thread-0starting.
[2022-12-12 19:35:23] [SEVERE ] placing card 37 in slot 0
[2022-12-12 19:35:23] [SEVERE ] placing card 47 in slot 1
[2022-12-12 19:35:23] [SEVERE ] placing card 10 in slot 2
[2022-12-12 19:35:23] [SEVERE ] placing card 5 in slot 3
[2022-12-12 19:35:23] [SEVERE ] placing card 51 in slot 4
[2022-12-12 19:35:23] [SEVERE ] placing card 33 in slot 5
[2022-12-12 19:35:24] [SEVERE ] placing card 76 in slot 6
[2022-12-12 19:35:24] [SEVERE ] placing card 23 in slot 7
[2022-12-12 19:35:24] [SEVERE ] placing card 61 in slot 8
[2022-12-12 19:35:24] [SEVERE ] placing card 13 in slot 9
[2022-12-12 19:35:24] [SEVERE ] placing card 29 in slot 10
[2022-12-12 19:35:24] [SEVERE ] placing card 59 in slot 11
[2022-12-12 19:35:25] [SEVERE ] Key 81 was pressed by player 0
[2022-12-12 19:35:25] [SEVERE ] player 0 placing token on slot 0
[2022-12-12 19:35:27] [SEVERE ] Key 87 was pressed by player 0
[2022-12-12 19:35:27] [SEVERE ] player 0 placing token on slot 1
[2022-12-12 19:35:29] [SEVERE ] Key 69 was pressed by player 0
[2022-12-12 19:35:29] [SEVERE ] player 0 placing token on slot 2
[2022-12-12 19:35:30] [SEVERE ] Key 81 was pressed by player 0
[2022-12-12 19:35:32] [SEVERE ] removing player 0 token from slot 0
[2022-12-12 19:35:32] [SEVERE ] Key 87 was pressed by player 0
[2022-12-12 19:35:32] [SEVERE ] removing player 0 token from slot 1
