[2022-12-12 13:04:13] [INFO   ] cannot read configuration file config.properties trying from resources.
[2022-12-12 13:04:13] [INFO   ] configuration file was loaded from resources directory.
[2022-12-12 13:04:13] [INFO   ] Thread dealer starting.
[2022-12-12 13:04:13] [INFO   ] Thread Thread-2starting.
[2022-12-12 13:04:13] [INFO   ] Thread Thread-0starting.
[2022-12-12 13:04:13] [INFO   ] Thread Thread-1starting.
[2022-12-12 13:04:13] [INFO   ] Thread computer-2 starting.
[2022-12-12 13:04:13] [SEVERE ] placing card 70 in slot 0
[2022-12-12 13:04:13] [SEVERE ] placing card 12 in slot 1
[2022-12-12 13:04:13] [SEVERE ] placing card 11 in slot 2
[2022-12-12 13:04:13] [SEVERE ] placing card 42 in slot 3
[2022-12-12 13:04:14] [SEVERE ] placing card 5 in slot 4
[2022-12-12 13:04:14] [SEVERE ] placing card 53 in slot 5
[2022-12-12 13:04:14] [SEVERE ] placing card 80 in slot 6
[2022-12-12 13:04:14] [SEVERE ] placing card 71 in slot 7
[2022-12-12 13:04:14] [SEVERE ] placing card 13 in slot 8
[2022-12-12 13:04:14] [SEVERE ] placing card 74 in slot 9
[2022-12-12 13:04:14] [SEVERE ] placing card 28 in slot 10
[2022-12-12 13:04:14] [SEVERE ] placing card 20 in slot 11
[2022-12-12 13:04:14] [SEVERE ] player 2 placing token on slot 9
[2022-12-12 13:04:14] [SEVERE ] player 2 placing token on slot 2
[2022-12-12 13:04:14] [SEVERE ] player 2 placing token on slot 5
[2022-12-12 13:04:14] [SEVERE ] removing player 2 token from slot 2
[2022-12-12 13:04:14] [SEVERE ] removing player 2 token from slot 5
[2022-12-12 13:04:14] [SEVERE ] removing player 2 token from slot 9
[2022-12-12 13:04:14] [SEVERE ] player 2 placing token on slot 2
[2022-12-12 13:04:15] [SEVERE ] player 2 placing token on slot 3
[2022-12-12 13:04:15] [SEVERE ] player 2 placing token on slot 4
[2022-12-12 13:04:15] [SEVERE ] removing player 2 token from slot 2
[2022-12-12 13:04:15] [SEVERE ] removing player 2 token from slot 3
[2022-12-12 13:04:15] [SEVERE ] removing player 2 token from slot 4
[2022-12-12 13:04:15] [SEVERE ] player 2 placing token on slot 5
[2022-12-12 13:04:15] [SEVERE ] player 2 placing token on slot 10
[2022-12-12 13:04:15] [SEVERE ] player 2 placing token on slot 11
[2022-12-12 13:04:15] [SEVERE ] removing player 2 token from slot 5
[2022-12-12 13:04:15] [SEVERE ] removing player 2 token from slot 10
[2022-12-12 13:04:15] [SEVERE ] removing player 2 token from slot 11
[2022-12-12 13:04:15] [SEVERE ] player 2 placing token on slot 2
[2022-12-12 13:04:15] [SEVERE ] player 2 placing token on slot 7
[2022-12-12 13:04:15] [SEVERE ] player 2 placing token on slot 4
[2022-12-12 13:04:15] [SEVERE ] removing player 2 token from slot 2
[2022-12-12 13:04:15] [SEVERE ] removing player 2 token from slot 4
[2022-12-12 13:04:15] [SEVERE ] removing player 2 token from slot 7
[2022-12-12 13:04:15] [SEVERE ] player 2 placing token on slot 7
[2022-12-12 13:04:15] [SEVERE ] player 2 placing token on slot 5
[2022-12-12 13:04:15] [SEVERE ] player 2 placing token on slot 11
[2022-12-12 13:04:15] [SEVERE ] removing player 2 token from slot 5
[2022-12-12 13:04:15] [SEVERE ] removing player 2 token from slot 7
[2022-12-12 13:04:15] [SEVERE ] removing player 2 token from slot 11
[2022-12-12 13:04:15] [SEVERE ] player 2 placing token on slot 0
[2022-12-12 13:04:15] [SEVERE ] player 2 placing token on slot 10
[2022-12-12 13:04:15] [SEVERE ] player 2 placing token on slot 6
[2022-12-12 13:04:15] [SEVERE ] removing player 2 token from slot 0
[2022-12-12 13:04:15] [SEVERE ] removing player 2 token from slot 6
[2022-12-12 13:04:15] [SEVERE ] removing player 2 token from slot 10
[2022-12-12 13:04:15] [SEVERE ] player 2 placing token on slot 3
[2022-12-12 13:04:15] [SEVERE ] player 2 placing token on slot 8
[2022-12-12 13:04:15] [SEVERE ] player 2 placing token on slot 9
[2022-12-12 13:04:15] [SEVERE ] removing player 2 token from slot 3
[2022-12-12 13:04:15] [SEVERE ] removing player 2 token from slot 8
[2022-12-12 13:04:15] [SEVERE ] removing player 2 token from slot 9
[2022-12-12 13:04:15] [SEVERE ] player 2 placing token on slot 10
[2022-12-12 13:04:15] [SEVERE ] player 2 placing token on slot 6
[2022-12-12 13:04:15] [SEVERE ] player 2 placing token on slot 8
[2022-12-12 13:04:15] [SEVERE ] removing player 2 token from slot 6
[2022-12-12 13:04:15] [SEVERE ] removing player 2 token from slot 8
[2022-12-12 13:04:15] [SEVERE ] removing player 2 token from slot 10
[2022-12-12 13:04:15] [SEVERE ] player 2 placing token on slot 5
[2022-12-12 13:04:15] [SEVERE ] player 2 placing token on slot 9
[2022-12-12 13:04:15] [SEVERE ] player 2 placing token on slot 0
[2022-12-12 13:04:15] [SEVERE ] removing player 2 token from slot 0
[2022-12-12 13:04:15] [SEVERE ] removing player 2 token from slot 5
[2022-12-12 13:04:15] [SEVERE ] removing player 2 token from slot 9
[2022-12-12 13:04:15] [SEVERE ] player 2 placing token on slot 1
[2022-12-12 13:04:15] [SEVERE ] player 2 placing token on slot 9
[2022-12-12 13:04:15] [SEVERE ] player 2 placing token on slot 5
[2022-12-12 13:04:15] [SEVERE ] removing player 2 token from slot 1
[2022-12-12 13:04:15] [SEVERE ] removing player 2 token from slot 5
[2022-12-12 13:04:15] [SEVERE ] removing player 2 token from slot 9
[2022-12-12 13:04:15] [SEVERE ] player 2 placing token on slot 9
[2022-12-12 13:04:15] [SEVERE ] player 2 placing token on slot 0
[2022-12-12 13:04:15] [SEVERE ] player 2 placing token on slot 4
[2022-12-12 13:04:15] [SEVERE ] removing player 2 token from slot 0
[2022-12-12 13:04:15] [SEVERE ] removing player 2 token from slot 4
[2022-12-12 13:04:15] [SEVERE ] removing player 2 token from slot 9
[2022-12-12 13:04:15] [SEVERE ] player 2 placing token on slot 3
[2022-12-12 13:04:15] [SEVERE ] player 2 placing token on slot 5
[2022-12-12 13:04:15] [SEVERE ] player 2 placing token on slot 1
[2022-12-12 13:04:15] [SEVERE ] removing player 2 token from slot 1
[2022-12-12 13:04:15] [SEVERE ] removing player 2 token from slot 3
[2022-12-12 13:04:15] [SEVERE ] removing player 2 token from slot 5
[2022-12-12 13:04:16] [SEVERE ] player 2 placing token on slot 11
[2022-12-12 13:04:16] [SEVERE ] player 2 placing token on slot 0
[2022-12-12 13:04:16] [SEVERE ] player 2 placing token on slot 6
[2022-12-12 13:04:16] [SEVERE ] removing player 2 token from slot 0
[2022-12-12 13:04:16] [SEVERE ] removing player 2 token from slot 6
[2022-12-12 13:04:16] [SEVERE ] removing player 2 token from slot 11
[2022-12-12 13:04:16] [SEVERE ] player 2 placing token on slot 11
[2022-12-12 13:04:16] [SEVERE ] player 2 placing token on slot 6
[2022-12-12 13:04:16] [SEVERE ] player 2 placing token on slot 5
[2022-12-12 13:04:16] [SEVERE ] removing player 2 token from slot 5
[2022-12-12 13:04:16] [SEVERE ] removing player 2 token from slot 6
[2022-12-12 13:04:16] [SEVERE ] removing player 2 token from slot 11
[2022-12-12 13:04:16] [SEVERE ] player 2 placing token on slot 0
[2022-12-12 13:04:16] [SEVERE ] player 2 placing token on slot 2
[2022-12-12 13:04:16] [SEVERE ] player 2 placing token on slot 5
[2022-12-12 13:04:16] [SEVERE ] removing player 2 token from slot 0
[2022-12-12 13:04:16] [SEVERE ] removing player 2 token from slot 2
[2022-12-12 13:04:16] [SEVERE ] removing player 2 token from slot 5
[2022-12-12 13:04:16] [SEVERE ] player 2 placing token on slot 6
[2022-12-12 13:04:16] [SEVERE ] player 2 placing token on slot 1
[2022-12-12 13:04:16] [SEVERE ] player 2 placing token on slot 0
[2022-12-12 13:04:16] [SEVERE ] removing player 2 token from slot 0
[2022-12-12 13:04:16] [SEVERE ] removing player 2 token from slot 1
[2022-12-12 13:04:16] [SEVERE ] removing player 2 token from slot 6
[2022-12-12 13:04:16] [SEVERE ] player 2 placing token on slot 0
[2022-12-12 13:04:16] [SEVERE ] player 2 placing token on slot 3
[2022-12-12 13:04:16] [SEVERE ] player 2 placing token on slot 8
[2022-12-12 13:04:16] [SEVERE ] removing player 2 token from slot 0
[2022-12-12 13:04:16] [SEVERE ] removing player 2 token from slot 3
[2022-12-12 13:04:16] [SEVERE ] removing player 2 token from slot 8
[2022-12-12 13:04:16] [SEVERE ] player 2 placing token on slot 2
[2022-12-12 13:04:16] [SEVERE ] player 2 placing token on slot 10
[2022-12-12 13:04:16] [SEVERE ] player 2 placing token on slot 11
[2022-12-12 13:04:16] [SEVERE ] removing player 2 token from slot 2
[2022-12-12 13:04:16] [SEVERE ] removing player 2 token from slot 10
[2022-12-12 13:04:16] [SEVERE ] removing player 2 token from slot 11
[2022-12-12 13:04:16] [SEVERE ] player 2 placing token on slot 4
[2022-12-12 13:04:16] [SEVERE ] player 2 placing token on slot 9
[2022-12-12 13:04:16] [SEVERE ] player 2 placing token on slot 0
[2022-12-12 13:04:16] [SEVERE ] removing player 2 token from slot 0
[2022-12-12 13:04:16] [SEVERE ] removing player 2 token from slot 4
[2022-12-12 13:04:16] [SEVERE ] removing player 2 token from slot 9
[2022-12-12 13:04:16] [SEVERE ] player 2 placing token on slot 9
[2022-12-12 13:04:16] [SEVERE ] player 2 placing token on slot 11
[2022-12-12 13:04:16] [SEVERE ] player 2 placing token on slot 7
[2022-12-12 13:04:16] [SEVERE ] removing player 2 token from slot 7
[2022-12-12 13:04:16] [SEVERE ] removing player 2 token from slot 9
[2022-12-12 13:04:16] [SEVERE ] removing player 2 token from slot 11
[2022-12-12 13:04:16] [SEVERE ] player 2 placing token on slot 1
[2022-12-12 13:04:16] [SEVERE ] player 2 placing token on slot 9
[2022-12-12 13:04:16] [SEVERE ] player 2 placing token on slot 2
[2022-12-12 13:04:16] [SEVERE ] removing player 2 token from slot 1
[2022-12-12 13:04:16] [SEVERE ] removing player 2 token from slot 2
[2022-12-12 13:04:16] [SEVERE ] removing player 2 token from slot 9
[2022-12-12 13:04:16] [SEVERE ] player 2 placing token on slot 9
[2022-12-12 13:04:16] [SEVERE ] player 2 placing token on slot 4
[2022-12-12 13:04:16] [SEVERE ] player 2 placing token on slot 7
[2022-12-12 13:04:16] [SEVERE ] removing player 2 token from slot 4
[2022-12-12 13:04:16] [SEVERE ] removing player 2 token from slot 7
[2022-12-12 13:04:16] [SEVERE ] removing player 2 token from slot 9
[2022-12-12 13:04:16] [SEVERE ] player 2 placing token on slot 5
[2022-12-12 13:04:16] [SEVERE ] player 2 placing token on slot 8
[2022-12-12 13:04:17] [SEVERE ] player 2 placing token on slot 3
[2022-12-12 13:04:17] [SEVERE ] removing player 2 token from slot 3
[2022-12-12 13:04:17] [SEVERE ] removing player 2 token from slot 5
[2022-12-12 13:04:17] [SEVERE ] removing player 2 token from slot 8
[2022-12-12 13:04:17] [SEVERE ] player 2 placing token on slot 9
[2022-12-12 13:04:17] [SEVERE ] player 2 placing token on slot 5
[2022-12-12 13:04:17] [SEVERE ] player 2 placing token on slot 1
[2022-12-12 13:04:17] [SEVERE ] removing player 2 token from slot 1
[2022-12-12 13:04:17] [SEVERE ] removing player 2 token from slot 5
[2022-12-12 13:04:17] [SEVERE ] removing player 2 token from slot 9
[2022-12-12 13:04:17] [SEVERE ] player 2 placing token on slot 10
[2022-12-12 13:04:17] [SEVERE ] player 2 placing token on slot 11
[2022-12-12 13:04:17] [SEVERE ] player 2 placing token on slot 9
[2022-12-12 13:04:17] [SEVERE ] removing player 2 token from slot 9
[2022-12-12 13:04:17] [SEVERE ] removing player 2 token from slot 10
[2022-12-12 13:04:17] [SEVERE ] removing player 2 token from slot 11
[2022-12-12 13:04:17] [SEVERE ] player 2 placing token on slot 8
[2022-12-12 13:04:17] [SEVERE ] player 2 placing token on slot 3
[2022-12-12 13:04:17] [SEVERE ] player 2 placing token on slot 11
[2022-12-12 13:04:17] [SEVERE ] removing player 2 token from slot 3
[2022-12-12 13:04:17] [SEVERE ] removing player 2 token from slot 8
[2022-12-12 13:04:17] [SEVERE ] removing player 2 token from slot 11
[2022-12-12 13:04:17] [SEVERE ] player 2 placing token on slot 10
[2022-12-12 13:04:17] [SEVERE ] player 2 placing token on slot 6
[2022-12-12 13:04:17] [SEVERE ] player 2 placing token on slot 1
[2022-12-12 13:04:17] [SEVERE ] setting player 2 score to 1
[2022-12-12 13:04:17] [SEVERE ] player 2 placing token on slot 10
[2022-12-12 13:04:17] [SEVERE ] player 2 placing token on slot 4
[2022-12-12 13:04:17] [SEVERE ] player 2 placing token on slot 5
[2022-12-12 13:04:17] [SEVERE ] removing tokens from slot 1
[2022-12-12 13:04:17] [SEVERE ] removing card from slot 1
[2022-12-12 13:04:17] [SEVERE ] removing tokens from slot 6
[2022-12-12 13:04:17] [SEVERE ] removing card from slot 6
[2022-12-12 13:04:17] [SEVERE ] removing tokens from slot 10
[2022-12-12 13:04:17] [SEVERE ] removing card from slot 10
[2022-12-12 13:04:17] [SEVERE ] placing card 15 in slot 1
[2022-12-12 13:04:17] [SEVERE ] placing card 75 in slot 6
[2022-12-12 13:04:17] [SEVERE ] placing card 17 in slot 10
