[2022-12-10 11:18:28] [INFO   ] cannot read configuration file config.properties trying from resources.
[2022-12-10 11:18:28] [INFO   ] configuration file was loaded from resources directory.
[2022-12-10 11:18:29] [INFO   ] Thread dealer starting.
[2022-12-10 11:18:29] [INFO   ] Thread Thread-2starting.
[2022-12-10 11:18:29] [INFO   ] Thread Thread-1starting.
[2022-12-10 11:18:29] [INFO   ] Thread Thread-0starting.
[2022-12-10 11:18:29] [INFO   ] Thread computer-2 starting.
[2022-12-10 11:18:29] [SEVERE ] placing card 14 in slot 0
[2022-12-10 11:18:29] [SEVERE ] placing card 26 in slot 1
[2022-12-10 11:18:29] [SEVERE ] placing card 65 in slot 2
[2022-12-10 11:18:29] [SEVERE ] placing card 67 in slot 3
[2022-12-10 11:18:29] [SEVERE ] placing card 22 in slot 4
[2022-12-10 11:18:30] [SEVERE ] placing card 33 in slot 5
[2022-12-10 11:18:30] [SEVERE ] placing card 29 in slot 6
[2022-12-10 11:18:30] [SEVERE ] placing card 66 in slot 7
[2022-12-10 11:18:30] [SEVERE ] placing card 17 in slot 8
[2022-12-10 11:18:30] [SEVERE ] placing card 13 in slot 9
[2022-12-10 11:18:30] [SEVERE ] placing card 23 in slot 10
[2022-12-10 11:18:30] [SEVERE ] placing card 28 in slot 11
[2022-12-10 11:18:35] [SEVERE ] Key 83 was pressed by player 0
[2022-12-10 11:18:35] [SEVERE ] player 0 placing token on slot 5
[2022-12-10 11:19:30] [SEVERE ] removing tokens from slot 0
[2022-12-10 11:19:30] [SEVERE ] removing card from slot 0
[2022-12-10 11:19:30] [SEVERE ] removing tokens from slot 1
[2022-12-10 11:19:30] [SEVERE ] removing card from slot 1
[2022-12-10 11:19:31] [SEVERE ] removing tokens from slot 2
[2022-12-10 11:19:31] [SEVERE ] removing card from slot 2
[2022-12-10 11:19:31] [SEVERE ] removing tokens from slot 3
[2022-12-10 11:19:31] [SEVERE ] removing card from slot 3
[2022-12-10 11:19:31] [SEVERE ] removing tokens from slot 4
[2022-12-10 11:19:31] [SEVERE ] removing card from slot 4
[2022-12-10 11:19:31] [SEVERE ] removing tokens from slot 5
[2022-12-10 11:19:31] [SEVERE ] removing card from slot 5
[2022-12-10 11:19:31] [SEVERE ] removing tokens from slot 6
[2022-12-10 11:19:31] [SEVERE ] removing card from slot 6
[2022-12-10 11:19:31] [SEVERE ] removing tokens from slot 7
[2022-12-10 11:19:31] [SEVERE ] removing card from slot 7
[2022-12-10 11:19:31] [SEVERE ] removing tokens from slot 8
[2022-12-10 11:19:31] [SEVERE ] removing card from slot 8
[2022-12-10 11:19:31] [SEVERE ] removing tokens from slot 9
[2022-12-10 11:19:31] [SEVERE ] removing card from slot 9
[2022-12-10 11:19:31] [SEVERE ] removing tokens from slot 10
[2022-12-10 11:19:31] [SEVERE ] removing card from slot 10
[2022-12-10 11:19:32] [SEVERE ] removing tokens from slot 11
[2022-12-10 11:19:32] [SEVERE ] removing card from slot 11
[2022-12-10 11:19:32] [SEVERE ] placing card 36 in slot 0
[2022-12-10 11:19:32] [SEVERE ] placing card 16 in slot 1
[2022-12-10 11:19:32] [SEVERE ] placing card 45 in slot 2
[2022-12-10 11:19:32] [SEVERE ] placing card 23 in slot 3
[2022-12-10 11:19:32] [SEVERE ] placing card 38 in slot 4
[2022-12-10 11:19:32] [SEVERE ] placing card 42 in slot 5
[2022-12-10 11:19:32] [SEVERE ] placing card 73 in slot 6
[2022-12-10 11:19:32] [SEVERE ] placing card 26 in slot 7
[2022-12-10 11:19:33] [SEVERE ] placing card 76 in slot 8
[2022-12-10 11:19:33] [SEVERE ] placing card 9 in slot 9
[2022-12-10 11:19:33] [SEVERE ] placing card 19 in slot 10
[2022-12-10 11:19:33] [SEVERE ] placing card 75 in slot 11
