[2022-12-12 21:18:53] [INFO   ] cannot read configuration file config.properties trying from resources.
[2022-12-12 21:18:53] [INFO   ] configuration file was loaded from resources directory.
[2022-12-12 21:18:54] [INFO   ] Thread dealer starting.
[2022-12-12 21:18:54] [INFO   ] Thread Thread-2starting.
[2022-12-12 21:18:54] [INFO   ] Thread Thread-1starting.
[2022-12-12 21:18:54] [INFO   ] Thread Thread-0starting.
[2022-12-12 21:18:54] [INFO   ] Thread computer-2 starting.
[2022-12-12 21:18:54] [SEVERE ] placing card 4 in slot 0
[2022-12-12 21:18:54] [SEVERE ] placing card 79 in slot 1
[2022-12-12 21:18:54] [SEVERE ] placing card 34 in slot 2
[2022-12-12 21:18:54] [SEVERE ] placing card 0 in slot 3
[2022-12-12 21:18:54] [SEVERE ] placing card 22 in slot 4
[2022-12-12 21:18:55] [SEVERE ] placing card 64 in slot 5
[2022-12-12 21:18:55] [SEVERE ] placing card 9 in slot 6
[2022-12-12 21:18:55] [SEVERE ] placing card 56 in slot 7
[2022-12-12 21:18:55] [SEVERE ] placing card 66 in slot 8
[2022-12-12 21:18:55] [SEVERE ] placing card 21 in slot 9
[2022-12-12 21:18:55] [SEVERE ] placing card 29 in slot 10
[2022-12-12 21:18:55] [SEVERE ] placing card 72 in slot 11
[2022-12-12 21:18:55] [SEVERE ] player 2 placing token on slot 6
[2022-12-12 21:18:55] [SEVERE ] player 2 placing token on slot 7
[2022-12-12 21:18:55] [SEVERE ] player 2 placing token on slot 3
[2022-12-12 21:18:55] [SEVERE ] removing player 2 token from slot 3
[2022-12-12 21:18:55] [SEVERE ] removing player 2 token from slot 6
[2022-12-12 21:18:55] [SEVERE ] removing player 2 token from slot 7
[2022-12-12 21:18:55] [SEVERE ] player 2 placing token on slot 1
[2022-12-12 21:18:55] [SEVERE ] player 2 placing token on slot 3
[2022-12-12 21:18:55] [SEVERE ] player 2 placing token on slot 4
[2022-12-12 21:18:55] [SEVERE ] removing player 2 token from slot 1
[2022-12-12 21:18:55] [SEVERE ] removing player 2 token from slot 3
[2022-12-12 21:18:55] [SEVERE ] removing player 2 token from slot 4
[2022-12-12 21:18:55] [SEVERE ] player 2 placing token on slot 1
[2022-12-12 21:18:55] [SEVERE ] player 2 placing token on slot 10
[2022-12-12 21:18:55] [SEVERE ] player 2 placing token on slot 2
[2022-12-12 21:18:55] [SEVERE ] removing player 2 token from slot 1
[2022-12-12 21:18:55] [SEVERE ] removing player 2 token from slot 2
[2022-12-12 21:18:55] [SEVERE ] removing player 2 token from slot 10
[2022-12-12 21:18:55] [SEVERE ] player 2 placing token on slot 8
[2022-12-12 21:18:56] [SEVERE ] player 2 placing token on slot 2
[2022-12-12 21:18:56] [SEVERE ] player 2 placing token on slot 3
[2022-12-12 21:18:56] [SEVERE ] removing player 2 token from slot 2
[2022-12-12 21:18:56] [SEVERE ] removing player 2 token from slot 3
[2022-12-12 21:18:56] [SEVERE ] removing player 2 token from slot 8
[2022-12-12 21:18:56] [SEVERE ] player 2 placing token on slot 4
[2022-12-12 21:18:56] [SEVERE ] player 2 placing token on slot 10
[2022-12-12 21:18:56] [SEVERE ] player 2 placing token on slot 8
[2022-12-12 21:18:56] [SEVERE ] removing player 2 token from slot 4
[2022-12-12 21:18:56] [SEVERE ] removing player 2 token from slot 8
[2022-12-12 21:18:56] [SEVERE ] removing player 2 token from slot 10
[2022-12-12 21:18:56] [SEVERE ] player 2 placing token on slot 1
[2022-12-12 21:18:56] [SEVERE ] player 2 placing token on slot 2
[2022-12-12 21:18:56] [SEVERE ] player 2 placing token on slot 4
[2022-12-12 21:18:56] [SEVERE ] removing player 2 token from slot 1
[2022-12-12 21:18:56] [SEVERE ] removing player 2 token from slot 2
[2022-12-12 21:18:56] [SEVERE ] removing player 2 token from slot 4
[2022-12-12 21:18:56] [SEVERE ] player 2 placing token on slot 1
[2022-12-12 21:18:56] [SEVERE ] player 2 placing token on slot 11
[2022-12-12 21:18:56] [SEVERE ] player 2 placing token on slot 8
[2022-12-12 21:18:56] [SEVERE ] removing player 2 token from slot 1
[2022-12-12 21:18:56] [SEVERE ] removing player 2 token from slot 8
[2022-12-12 21:18:56] [SEVERE ] removing player 2 token from slot 11
[2022-12-12 21:18:56] [SEVERE ] player 2 placing token on slot 1
[2022-12-12 21:18:56] [SEVERE ] player 2 placing token on slot 10
[2022-12-12 21:18:56] [SEVERE ] player 2 placing token on slot 0
[2022-12-12 21:18:56] [SEVERE ] removing player 2 token from slot 0
[2022-12-12 21:18:56] [SEVERE ] removing player 2 token from slot 1
[2022-12-12 21:18:56] [SEVERE ] removing player 2 token from slot 10
[2022-12-12 21:18:56] [SEVERE ] player 2 placing token on slot 9
[2022-12-12 21:18:56] [SEVERE ] player 2 placing token on slot 4
[2022-12-12 21:18:56] [SEVERE ] player 2 placing token on slot 10
[2022-12-12 21:18:56] [SEVERE ] removing player 2 token from slot 4
[2022-12-12 21:18:56] [SEVERE ] removing player 2 token from slot 9
[2022-12-12 21:18:56] [SEVERE ] removing player 2 token from slot 10
[2022-12-12 21:18:56] [SEVERE ] player 2 placing token on slot 11
[2022-12-12 21:18:56] [SEVERE ] player 2 placing token on slot 5
[2022-12-12 21:18:56] [SEVERE ] player 2 placing token on slot 8
[2022-12-12 21:18:56] [SEVERE ] removing player 2 token from slot 5
[2022-12-12 21:18:56] [SEVERE ] removing player 2 token from slot 8
[2022-12-12 21:18:56] [SEVERE ] removing player 2 token from slot 11
[2022-12-12 21:18:56] [SEVERE ] player 2 placing token on slot 3
[2022-12-12 21:18:56] [SEVERE ] player 2 placing token on slot 1
[2022-12-12 21:18:56] [SEVERE ] player 2 placing token on slot 9
[2022-12-12 21:18:56] [SEVERE ] removing player 2 token from slot 1
[2022-12-12 21:18:56] [SEVERE ] removing player 2 token from slot 3
[2022-12-12 21:18:56] [SEVERE ] removing player 2 token from slot 9
[2022-12-12 21:18:56] [SEVERE ] player 2 placing token on slot 7
[2022-12-12 21:18:56] [SEVERE ] player 2 placing token on slot 8
[2022-12-12 21:18:56] [SEVERE ] player 2 placing token on slot 2
[2022-12-12 21:18:56] [SEVERE ] removing player 2 token from slot 2
[2022-12-12 21:18:56] [SEVERE ] removing player 2 token from slot 7
[2022-12-12 21:18:56] [SEVERE ] removing player 2 token from slot 8
[2022-12-12 21:18:56] [SEVERE ] player 2 placing token on slot 4
[2022-12-12 21:18:56] [SEVERE ] player 2 placing token on slot 11
[2022-12-12 21:18:56] [SEVERE ] player 2 placing token on slot 8
[2022-12-12 21:18:56] [SEVERE ] removing player 2 token from slot 4
[2022-12-12 21:18:56] [SEVERE ] removing player 2 token from slot 8
[2022-12-12 21:18:56] [SEVERE ] removing player 2 token from slot 11
[2022-12-12 21:18:56] [SEVERE ] player 2 placing token on slot 6
[2022-12-12 21:18:56] [SEVERE ] player 2 placing token on slot 10
[2022-12-12 21:18:56] [SEVERE ] player 2 placing token on slot 0
[2022-12-12 21:18:56] [SEVERE ] removing player 2 token from slot 0
[2022-12-12 21:18:56] [SEVERE ] removing player 2 token from slot 6
[2022-12-12 21:18:56] [SEVERE ] removing player 2 token from slot 10
[2022-12-12 21:18:57] [SEVERE ] player 2 placing token on slot 5
[2022-12-12 21:18:57] [SEVERE ] player 2 placing token on slot 2
[2022-12-12 21:18:57] [SEVERE ] player 2 placing token on slot 10
[2022-12-12 21:18:57] [SEVERE ] removing player 2 token from slot 2
[2022-12-12 21:18:57] [SEVERE ] removing player 2 token from slot 5
[2022-12-12 21:18:57] [SEVERE ] removing player 2 token from slot 10
[2022-12-12 21:18:57] [SEVERE ] player 2 placing token on slot 3
[2022-12-12 21:18:57] [SEVERE ] player 2 placing token on slot 0
[2022-12-12 21:18:57] [SEVERE ] player 2 placing token on slot 7
[2022-12-12 21:18:57] [SEVERE ] removing player 2 token from slot 0
[2022-12-12 21:18:57] [SEVERE ] removing player 2 token from slot 3
[2022-12-12 21:18:57] [SEVERE ] removing player 2 token from slot 7
[2022-12-12 21:18:57] [SEVERE ] player 2 placing token on slot 4
[2022-12-12 21:18:57] [SEVERE ] player 2 placing token on slot 10
[2022-12-12 21:18:57] [SEVERE ] player 2 placing token on slot 6
[2022-12-12 21:18:57] [SEVERE ] removing player 2 token from slot 4
[2022-12-12 21:18:57] [SEVERE ] removing player 2 token from slot 6
[2022-12-12 21:18:57] [SEVERE ] removing player 2 token from slot 10
[2022-12-12 21:18:57] [SEVERE ] player 2 placing token on slot 2
[2022-12-12 21:18:57] [SEVERE ] player 2 placing token on slot 1
[2022-12-12 21:18:57] [SEVERE ] player 2 placing token on slot 0
[2022-12-12 21:18:57] [SEVERE ] removing player 2 token from slot 0
[2022-12-12 21:18:57] [SEVERE ] removing player 2 token from slot 1
[2022-12-12 21:18:57] [SEVERE ] removing player 2 token from slot 2
[2022-12-12 21:18:57] [SEVERE ] player 2 placing token on slot 6
[2022-12-12 21:18:57] [SEVERE ] player 2 placing token on slot 11
[2022-12-12 21:18:57] [SEVERE ] player 2 placing token on slot 1
[2022-12-12 21:18:57] [SEVERE ] removing player 2 token from slot 1
[2022-12-12 21:18:57] [SEVERE ] removing player 2 token from slot 6
[2022-12-12 21:18:57] [SEVERE ] removing player 2 token from slot 11
