[2022-12-12 21:55:04] [INFO   ] cannot read configuration file config.properties trying from resources.
[2022-12-12 21:55:05] [INFO   ] configuration file was loaded from resources directory.
[2022-12-12 21:55:05] [INFO   ] Thread dealer starting.
[2022-12-12 21:55:05] [INFO   ] Thread Thread-0starting.
[2022-12-12 21:55:05] [INFO   ] Thread Thread-2starting.
[2022-12-12 21:55:05] [INFO   ] Thread Thread-1starting.
[2022-12-12 21:55:05] [INFO   ] Thread computer-2 starting.
[2022-12-12 21:55:05] [SEVERE ] placing card 47 in slot 0
[2022-12-12 21:55:05] [SEVERE ] placing card 67 in slot 1
[2022-12-12 21:55:05] [SEVERE ] placing card 55 in slot 2
[2022-12-12 21:55:05] [SEVERE ] placing card 25 in slot 3
[2022-12-12 21:55:05] [SEVERE ] placing card 22 in slot 4
[2022-12-12 21:55:06] [SEVERE ] placing card 74 in slot 5
[2022-12-12 21:55:06] [SEVERE ] placing card 52 in slot 6
[2022-12-12 21:55:06] [SEVERE ] placing card 76 in slot 7
[2022-12-12 21:55:06] [SEVERE ] placing card 9 in slot 8
[2022-12-12 21:55:06] [SEVERE ] placing card 44 in slot 9
[2022-12-12 21:55:06] [SEVERE ] placing card 54 in slot 10
[2022-12-12 21:55:06] [SEVERE ] placing card 57 in slot 11
[2022-12-12 21:55:06] [SEVERE ] player 2 placing token on slot 3
[2022-12-12 21:55:06] [SEVERE ] player 2 placing token on slot 8
[2022-12-12 21:55:06] [SEVERE ] player 2 placing token on slot 4
[2022-12-12 21:55:06] [SEVERE ] removing player 2 token from slot 3
[2022-12-12 21:55:06] [SEVERE ] removing player 2 token from slot 4
[2022-12-12 21:55:06] [SEVERE ] removing player 2 token from slot 8
[2022-12-12 21:55:06] [SEVERE ] player 2 placing token on slot 7
[2022-12-12 21:55:06] [SEVERE ] player 2 placing token on slot 5
[2022-12-12 21:55:06] [SEVERE ] player 2 placing token on slot 10
[2022-12-12 21:55:06] [SEVERE ] removing player 2 token from slot 5
[2022-12-12 21:55:06] [SEVERE ] removing player 2 token from slot 7
[2022-12-12 21:55:06] [SEVERE ] removing player 2 token from slot 10
[2022-12-12 21:55:07] [SEVERE ] player 2 placing token on slot 5
[2022-12-12 21:55:07] [SEVERE ] player 2 placing token on slot 7
[2022-12-12 21:55:07] [SEVERE ] player 2 placing token on slot 3
[2022-12-12 21:55:07] [SEVERE ] removing player 2 token from slot 3
[2022-12-12 21:55:07] [SEVERE ] removing player 2 token from slot 5
[2022-12-12 21:55:07] [SEVERE ] removing player 2 token from slot 7
[2022-12-12 21:55:07] [SEVERE ] player 2 placing token on slot 9
[2022-12-12 21:55:07] [SEVERE ] player 2 placing token on slot 4
[2022-12-12 21:55:07] [SEVERE ] player 2 placing token on slot 11
[2022-12-12 21:55:07] [SEVERE ] removing player 2 token from slot 4
[2022-12-12 21:55:07] [SEVERE ] removing player 2 token from slot 9
[2022-12-12 21:55:07] [SEVERE ] removing player 2 token from slot 11
[2022-12-12 21:55:07] [SEVERE ] player 2 placing token on slot 4
[2022-12-12 21:55:07] [SEVERE ] player 2 placing token on slot 2
[2022-12-12 21:55:07] [SEVERE ] player 2 placing token on slot 6
[2022-12-12 21:55:07] [SEVERE ] removing player 2 token from slot 2
[2022-12-12 21:55:07] [SEVERE ] removing player 2 token from slot 4
[2022-12-12 21:55:07] [SEVERE ] removing player 2 token from slot 6
[2022-12-12 21:55:07] [SEVERE ] player 2 placing token on slot 1
[2022-12-12 21:55:07] [SEVERE ] player 2 placing token on slot 3
[2022-12-12 21:55:07] [SEVERE ] player 2 placing token on slot 9
[2022-12-12 21:55:07] [SEVERE ] removing player 2 token from slot 1
[2022-12-12 21:55:07] [SEVERE ] removing player 2 token from slot 3
[2022-12-12 21:55:07] [SEVERE ] removing player 2 token from slot 9
[2022-12-12 21:55:07] [SEVERE ] player 2 placing token on slot 4
[2022-12-12 21:55:07] [SEVERE ] player 2 placing token on slot 6
[2022-12-12 21:55:07] [SEVERE ] player 2 placing token on slot 5
[2022-12-12 21:55:07] [SEVERE ] removing player 2 token from slot 4
[2022-12-12 21:55:07] [SEVERE ] removing player 2 token from slot 5
[2022-12-12 21:55:07] [SEVERE ] removing player 2 token from slot 6
[2022-12-12 21:55:07] [SEVERE ] player 2 placing token on slot 7
[2022-12-12 21:55:07] [SEVERE ] player 2 placing token on slot 3
[2022-12-12 21:55:07] [SEVERE ] player 2 placing token on slot 5
[2022-12-12 21:55:07] [SEVERE ] removing player 2 token from slot 3
[2022-12-12 21:55:07] [SEVERE ] removing player 2 token from slot 5
[2022-12-12 21:55:07] [SEVERE ] removing player 2 token from slot 7
[2022-12-12 21:55:07] [SEVERE ] player 2 placing token on slot 10
[2022-12-12 21:55:07] [SEVERE ] player 2 placing token on slot 11
[2022-12-12 21:55:07] [SEVERE ] player 2 placing token on slot 4
[2022-12-12 21:55:07] [SEVERE ] removing player 2 token from slot 4
[2022-12-12 21:55:07] [SEVERE ] removing player 2 token from slot 10
[2022-12-12 21:55:07] [SEVERE ] removing player 2 token from slot 11
[2022-12-12 21:55:07] [SEVERE ] player 2 placing token on slot 3
[2022-12-12 21:55:07] [SEVERE ] player 2 placing token on slot 5
[2022-12-12 21:55:07] [SEVERE ] player 2 placing token on slot 10
[2022-12-12 21:55:07] [SEVERE ] removing player 2 token from slot 3
[2022-12-12 21:55:07] [SEVERE ] removing player 2 token from slot 5
[2022-12-12 21:55:07] [SEVERE ] removing player 2 token from slot 10
[2022-12-12 21:55:07] [SEVERE ] player 2 placing token on slot 5
[2022-12-12 21:55:07] [SEVERE ] player 2 placing token on slot 10
[2022-12-12 21:55:07] [SEVERE ] player 2 placing token on slot 0
[2022-12-12 21:55:07] [SEVERE ] removing player 2 token from slot 0
[2022-12-12 21:55:07] [SEVERE ] removing player 2 token from slot 5
[2022-12-12 21:55:07] [SEVERE ] removing player 2 token from slot 10
[2022-12-12 21:55:07] [SEVERE ] player 2 placing token on slot 4
[2022-12-12 21:55:07] [SEVERE ] player 2 placing token on slot 8
[2022-12-12 21:55:07] [SEVERE ] player 2 placing token on slot 6
[2022-12-12 21:55:07] [SEVERE ] removing player 2 token from slot 4
[2022-12-12 21:55:07] [SEVERE ] removing player 2 token from slot 6
[2022-12-12 21:55:07] [SEVERE ] removing player 2 token from slot 8
[2022-12-12 21:55:07] [SEVERE ] player 2 placing token on slot 11
[2022-12-12 21:55:07] [SEVERE ] player 2 placing token on slot 1
[2022-12-12 21:55:07] [SEVERE ] player 2 placing token on slot 5
[2022-12-12 21:55:07] [SEVERE ] removing player 2 token from slot 1
[2022-12-12 21:55:07] [SEVERE ] removing player 2 token from slot 5
[2022-12-12 21:55:07] [SEVERE ] removing player 2 token from slot 11
[2022-12-12 21:55:07] [SEVERE ] player 2 placing token on slot 1
[2022-12-12 21:55:08] [SEVERE ] player 2 placing token on slot 0
[2022-12-12 21:55:08] [SEVERE ] player 2 placing token on slot 3
[2022-12-12 21:55:08] [SEVERE ] removing player 2 token from slot 0
[2022-12-12 21:55:08] [SEVERE ] removing player 2 token from slot 1
[2022-12-12 21:55:08] [SEVERE ] removing player 2 token from slot 3
[2022-12-12 21:55:08] [SEVERE ] player 2 placing token on slot 0
[2022-12-12 21:55:08] [SEVERE ] player 2 placing token on slot 9
[2022-12-12 21:55:08] [SEVERE ] player 2 placing token on slot 5
[2022-12-12 21:55:08] [SEVERE ] removing player 2 token from slot 0
[2022-12-12 21:55:08] [SEVERE ] removing player 2 token from slot 5
[2022-12-12 21:55:08] [SEVERE ] removing player 2 token from slot 9
[2022-12-12 21:55:08] [SEVERE ] player 2 placing token on slot 6
[2022-12-12 21:55:08] [SEVERE ] player 2 placing token on slot 3
[2022-12-12 21:55:08] [SEVERE ] player 2 placing token on slot 11
[2022-12-12 21:55:08] [SEVERE ] removing player 2 token from slot 3
[2022-12-12 21:55:08] [SEVERE ] removing player 2 token from slot 6
[2022-12-12 21:55:08] [SEVERE ] removing player 2 token from slot 11
[2022-12-12 21:55:08] [SEVERE ] player 2 placing token on slot 8
[2022-12-12 21:55:08] [SEVERE ] player 2 placing token on slot 10
[2022-12-12 21:55:08] [SEVERE ] player 2 placing token on slot 0
[2022-12-12 21:55:08] [SEVERE ] removing player 2 token from slot 0
[2022-12-12 21:55:08] [SEVERE ] removing player 2 token from slot 8
[2022-12-12 21:55:08] [SEVERE ] removing player 2 token from slot 10
[2022-12-12 21:55:08] [SEVERE ] player 2 placing token on slot 0
[2022-12-12 21:55:08] [SEVERE ] player 2 placing token on slot 11
[2022-12-12 21:55:08] [SEVERE ] player 2 placing token on slot 8
[2022-12-12 21:55:08] [SEVERE ] removing player 2 token from slot 0
[2022-12-12 21:55:08] [SEVERE ] removing player 2 token from slot 8
[2022-12-12 21:55:08] [SEVERE ] removing player 2 token from slot 11
[2022-12-12 21:55:08] [SEVERE ] player 2 placing token on slot 4
[2022-12-12 21:55:08] [SEVERE ] player 2 placing token on slot 7
[2022-12-12 21:55:08] [SEVERE ] player 2 placing token on slot 6
[2022-12-12 21:55:08] [SEVERE ] removing player 2 token from slot 4
[2022-12-12 21:55:08] [SEVERE ] removing player 2 token from slot 6
[2022-12-12 21:55:08] [SEVERE ] removing player 2 token from slot 7
[2022-12-12 21:55:08] [SEVERE ] player 2 placing token on slot 1
[2022-12-12 21:55:08] [SEVERE ] player 2 placing token on slot 3
[2022-12-12 21:55:08] [SEVERE ] player 2 placing token on slot 4
[2022-12-12 21:55:08] [SEVERE ] removing player 2 token from slot 1
[2022-12-12 21:55:08] [SEVERE ] removing player 2 token from slot 3
[2022-12-12 21:55:08] [SEVERE ] removing player 2 token from slot 4
[2022-12-12 21:55:08] [SEVERE ] player 2 placing token on slot 7
[2022-12-12 21:55:08] [SEVERE ] player 2 placing token on slot 8
[2022-12-12 21:55:08] [SEVERE ] player 2 placing token on slot 10
[2022-12-12 21:55:08] [SEVERE ] removing player 2 token from slot 7
[2022-12-12 21:55:08] [SEVERE ] removing player 2 token from slot 8
[2022-12-12 21:55:08] [SEVERE ] removing player 2 token from slot 10
[2022-12-12 21:55:08] [SEVERE ] player 2 placing token on slot 2
[2022-12-12 21:55:08] [SEVERE ] player 2 placing token on slot 9
[2022-12-12 21:55:08] [SEVERE ] player 2 placing token on slot 4
[2022-12-12 21:55:08] [SEVERE ] removing player 2 token from slot 2
[2022-12-12 21:55:08] [SEVERE ] removing player 2 token from slot 4
[2022-12-12 21:55:08] [SEVERE ] removing player 2 token from slot 9
[2022-12-12 21:55:08] [SEVERE ] player 2 placing token on slot 4
[2022-12-12 21:55:08] [SEVERE ] player 2 placing token on slot 11
[2022-12-12 21:55:08] [SEVERE ] player 2 placing token on slot 0
[2022-12-12 21:55:08] [SEVERE ] removing player 2 token from slot 0
[2022-12-12 21:55:08] [SEVERE ] removing player 2 token from slot 4
[2022-12-12 21:55:08] [SEVERE ] removing player 2 token from slot 11
[2022-12-12 21:55:08] [SEVERE ] player 2 placing token on slot 2
[2022-12-12 21:55:08] [SEVERE ] player 2 placing token on slot 4
[2022-12-12 21:55:08] [SEVERE ] player 2 placing token on slot 1
[2022-12-12 21:55:08] [SEVERE ] removing player 2 token from slot 1
[2022-12-12 21:55:08] [SEVERE ] removing player 2 token from slot 2
[2022-12-12 21:55:08] [SEVERE ] removing player 2 token from slot 4
[2022-12-12 21:55:09] [SEVERE ] player 2 placing token on slot 10
[2022-12-12 21:55:09] [SEVERE ] player 2 placing token on slot 8
[2022-12-12 21:55:09] [SEVERE ] player 2 placing token on slot 3
[2022-12-12 21:55:09] [SEVERE ] removing player 2 token from slot 3
[2022-12-12 21:55:09] [SEVERE ] removing player 2 token from slot 8
[2022-12-12 21:55:09] [SEVERE ] removing player 2 token from slot 10
[2022-12-12 21:55:09] [SEVERE ] player 2 placing token on slot 10
[2022-12-12 21:55:09] [SEVERE ] player 2 placing token on slot 1
[2022-12-12 21:55:09] [SEVERE ] player 2 placing token on slot 2
[2022-12-12 21:55:09] [SEVERE ] removing player 2 token from slot 1
[2022-12-12 21:55:09] [SEVERE ] removing player 2 token from slot 2
[2022-12-12 21:55:09] [SEVERE ] removing player 2 token from slot 10
[2022-12-12 21:55:09] [SEVERE ] player 2 placing token on slot 6
[2022-12-12 21:55:09] [SEVERE ] player 2 placing token on slot 4
[2022-12-12 21:55:09] [SEVERE ] player 2 placing token on slot 5
[2022-12-12 21:55:09] [SEVERE ] removing player 2 token from slot 4
[2022-12-12 21:55:09] [SEVERE ] removing player 2 token from slot 5
[2022-12-12 21:55:09] [SEVERE ] removing player 2 token from slot 6
[2022-12-12 21:55:09] [SEVERE ] player 2 placing token on slot 6
[2022-12-12 21:55:09] [SEVERE ] player 2 placing token on slot 5
[2022-12-12 21:55:09] [SEVERE ] player 2 placing token on slot 2
[2022-12-12 21:55:09] [SEVERE ] removing player 2 token from slot 2
[2022-12-12 21:55:09] [SEVERE ] removing player 2 token from slot 5
[2022-12-12 21:55:09] [SEVERE ] removing player 2 token from slot 6
[2022-12-12 21:55:09] [SEVERE ] player 2 placing token on slot 0
[2022-12-12 21:55:09] [SEVERE ] player 2 placing token on slot 1
[2022-12-12 21:55:09] [SEVERE ] player 2 placing token on slot 4
[2022-12-12 21:55:09] [SEVERE ] removing player 2 token from slot 0
[2022-12-12 21:55:09] [SEVERE ] removing player 2 token from slot 1
[2022-12-12 21:55:09] [SEVERE ] removing player 2 token from slot 4
[2022-12-12 21:55:09] [SEVERE ] player 2 placing token on slot 7
[2022-12-12 21:55:09] [SEVERE ] player 2 placing token on slot 9
[2022-12-12 21:55:09] [SEVERE ] player 2 placing token on slot 1
[2022-12-12 21:55:09] [SEVERE ] removing player 2 token from slot 1
[2022-12-12 21:55:09] [SEVERE ] removing player 2 token from slot 7
[2022-12-12 21:55:09] [SEVERE ] removing player 2 token from slot 9
[2022-12-12 21:55:09] [SEVERE ] player 2 placing token on slot 10
[2022-12-12 21:55:09] [SEVERE ] player 2 placing token on slot 4
[2022-12-12 21:55:09] [SEVERE ] player 2 placing token on slot 3
[2022-12-12 21:55:09] [SEVERE ] removing player 2 token from slot 3
[2022-12-12 21:55:09] [SEVERE ] removing player 2 token from slot 4
[2022-12-12 21:55:09] [SEVERE ] removing player 2 token from slot 10
[2022-12-12 21:55:09] [SEVERE ] player 2 placing token on slot 6
[2022-12-12 21:55:09] [SEVERE ] player 2 placing token on slot 9
[2022-12-12 21:55:09] [SEVERE ] player 2 placing token on slot 3
[2022-12-12 21:55:09] [SEVERE ] removing player 2 token from slot 3
[2022-12-12 21:55:09] [SEVERE ] removing player 2 token from slot 6
[2022-12-12 21:55:09] [SEVERE ] removing player 2 token from slot 9
[2022-12-12 21:55:09] [SEVERE ] player 2 placing token on slot 10
[2022-12-12 21:55:09] [SEVERE ] player 2 placing token on slot 8
[2022-12-12 21:55:09] [SEVERE ] player 2 placing token on slot 2
[2022-12-12 21:55:09] [SEVERE ] removing player 2 token from slot 2
[2022-12-12 21:55:09] [SEVERE ] removing player 2 token from slot 8
[2022-12-12 21:55:09] [SEVERE ] removing player 2 token from slot 10
[2022-12-12 21:55:09] [SEVERE ] player 2 placing token on slot 8
[2022-12-12 21:55:09] [SEVERE ] player 2 placing token on slot 11
[2022-12-12 21:55:09] [SEVERE ] player 2 placing token on slot 6
[2022-12-12 21:55:09] [SEVERE ] removing player 2 token from slot 6
[2022-12-12 21:55:09] [SEVERE ] removing player 2 token from slot 8
[2022-12-12 21:55:09] [SEVERE ] removing player 2 token from slot 11
[2022-12-12 21:55:09] [SEVERE ] player 2 placing token on slot 10
[2022-12-12 21:55:09] [SEVERE ] player 2 placing token on slot 9
[2022-12-12 21:55:09] [SEVERE ] player 2 placing token on slot 11
[2022-12-12 21:55:09] [SEVERE ] removing player 2 token from slot 9
[2022-12-12 21:55:09] [SEVERE ] removing player 2 token from slot 10
[2022-12-12 21:55:09] [SEVERE ] removing player 2 token from slot 11
[2022-12-12 21:55:09] [SEVERE ] player 2 placing token on slot 11
[2022-12-12 21:55:10] [SEVERE ] player 2 placing token on slot 6
[2022-12-12 21:55:10] [SEVERE ] player 2 placing token on slot 3
[2022-12-12 21:55:10] [SEVERE ] removing player 2 token from slot 3
[2022-12-12 21:55:10] [SEVERE ] removing player 2 token from slot 6
[2022-12-12 21:55:10] [SEVERE ] removing player 2 token from slot 11
[2022-12-12 21:55:10] [SEVERE ] player 2 placing token on slot 0
[2022-12-12 21:55:10] [SEVERE ] player 2 placing token on slot 7
[2022-12-12 21:55:10] [SEVERE ] player 2 placing token on slot 6
[2022-12-12 21:55:10] [SEVERE ] removing player 2 token from slot 0
[2022-12-12 21:55:10] [SEVERE ] removing player 2 token from slot 6
[2022-12-12 21:55:10] [SEVERE ] removing player 2 token from slot 7
[2022-12-12 21:55:10] [SEVERE ] player 2 placing token on slot 6
[2022-12-12 21:55:10] [SEVERE ] player 2 placing token on slot 8
[2022-12-12 21:55:10] [SEVERE ] player 2 placing token on slot 9
[2022-12-12 21:55:10] [SEVERE ] removing player 2 token from slot 6
[2022-12-12 21:55:10] [SEVERE ] removing player 2 token from slot 8
[2022-12-12 21:55:10] [SEVERE ] removing player 2 token from slot 9
[2022-12-12 21:55:10] [SEVERE ] player 2 placing token on slot 9
[2022-12-12 21:55:10] [SEVERE ] player 2 placing token on slot 11
[2022-12-12 21:55:10] [SEVERE ] player 2 placing token on slot 7
[2022-12-12 21:55:10] [SEVERE ] removing player 2 token from slot 7
[2022-12-12 21:55:10] [SEVERE ] removing player 2 token from slot 9
[2022-12-12 21:55:10] [SEVERE ] removing player 2 token from slot 11
[2022-12-12 21:55:10] [SEVERE ] player 2 placing token on slot 9
[2022-12-12 21:55:10] [SEVERE ] player 2 placing token on slot 2
[2022-12-12 21:55:10] [SEVERE ] player 2 placing token on slot 10
[2022-12-12 21:55:10] [SEVERE ] removing player 2 token from slot 2
[2022-12-12 21:55:10] [SEVERE ] removing player 2 token from slot 9
[2022-12-12 21:55:10] [SEVERE ] removing player 2 token from slot 10
[2022-12-12 21:55:10] [SEVERE ] player 2 placing token on slot 7
[2022-12-12 21:55:10] [SEVERE ] player 2 placing token on slot 5
[2022-12-12 21:55:10] [SEVERE ] player 2 placing token on slot 9
[2022-12-12 21:55:10] [SEVERE ] removing player 2 token from slot 5
[2022-12-12 21:55:10] [SEVERE ] removing player 2 token from slot 7
[2022-12-12 21:55:10] [SEVERE ] removing player 2 token from slot 9
[2022-12-12 21:55:10] [SEVERE ] player 2 placing token on slot 11
[2022-12-12 21:55:10] [SEVERE ] player 2 placing token on slot 6
[2022-12-12 21:55:10] [SEVERE ] player 2 placing token on slot 2
[2022-12-12 21:55:10] [SEVERE ] removing player 2 token from slot 2
[2022-12-12 21:55:10] [SEVERE ] removing player 2 token from slot 6
[2022-12-12 21:55:10] [SEVERE ] removing player 2 token from slot 11
[2022-12-12 21:55:10] [SEVERE ] player 2 placing token on slot 6
[2022-12-12 21:55:10] [SEVERE ] player 2 placing token on slot 5
[2022-12-12 21:55:10] [SEVERE ] player 2 placing token on slot 7
[2022-12-12 21:55:10] [SEVERE ] removing player 2 token from slot 5
[2022-12-12 21:55:10] [SEVERE ] removing player 2 token from slot 6
[2022-12-12 21:55:10] [SEVERE ] removing player 2 token from slot 7
[2022-12-12 21:55:10] [SEVERE ] player 2 placing token on slot 5
[2022-12-12 21:55:10] [SEVERE ] player 2 placing token on slot 1
[2022-12-12 21:55:10] [SEVERE ] player 2 placing token on slot 3
[2022-12-12 21:55:10] [SEVERE ] removing player 2 token from slot 1
[2022-12-12 21:55:10] [SEVERE ] removing player 2 token from slot 3
[2022-12-12 21:55:10] [SEVERE ] removing player 2 token from slot 5
[2022-12-12 21:55:10] [SEVERE ] player 2 placing token on slot 10
[2022-12-12 21:55:10] [SEVERE ] player 2 placing token on slot 11
[2022-12-12 21:55:10] [SEVERE ] player 2 placing token on slot 2
[2022-12-12 21:55:10] [SEVERE ] removing player 2 token from slot 2
[2022-12-12 21:55:10] [SEVERE ] removing player 2 token from slot 10
[2022-12-12 21:55:10] [SEVERE ] removing player 2 token from slot 11
[2022-12-12 21:55:10] [SEVERE ] player 2 placing token on slot 0
[2022-12-12 21:55:10] [SEVERE ] player 2 placing token on slot 7
[2022-12-12 21:55:10] [SEVERE ] player 2 placing token on slot 5
[2022-12-12 21:55:10] [SEVERE ] removing player 2 token from slot 0
[2022-12-12 21:55:10] [SEVERE ] removing player 2 token from slot 5
[2022-12-12 21:55:10] [SEVERE ] removing player 2 token from slot 7
[2022-12-12 21:55:10] [SEVERE ] player 2 placing token on slot 2
[2022-12-12 21:55:11] [SEVERE ] player 2 placing token on slot 8
[2022-12-12 21:55:11] [SEVERE ] player 2 placing token on slot 3
[2022-12-12 21:55:11] [SEVERE ] removing player 2 token from slot 2
[2022-12-12 21:55:11] [SEVERE ] removing player 2 token from slot 3
[2022-12-12 21:55:11] [SEVERE ] removing player 2 token from slot 8
[2022-12-12 21:55:11] [SEVERE ] player 2 placing token on slot 1
[2022-12-12 21:55:11] [SEVERE ] player 2 placing token on slot 2
[2022-12-12 21:55:11] [SEVERE ] player 2 placing token on slot 0
[2022-12-12 21:55:11] [SEVERE ] removing player 2 token from slot 0
[2022-12-12 21:55:11] [SEVERE ] removing player 2 token from slot 1
[2022-12-12 21:55:11] [SEVERE ] removing player 2 token from slot 2
[2022-12-12 21:55:11] [SEVERE ] player 2 placing token on slot 4
[2022-12-12 21:55:11] [SEVERE ] player 2 placing token on slot 2
[2022-12-12 21:55:11] [SEVERE ] player 2 placing token on slot 10
[2022-12-12 21:55:11] [SEVERE ] removing player 2 token from slot 2
[2022-12-12 21:55:11] [SEVERE ] removing player 2 token from slot 4
[2022-12-12 21:55:11] [SEVERE ] removing player 2 token from slot 10
[2022-12-12 21:55:11] [SEVERE ] player 2 placing token on slot 4
[2022-12-12 21:55:11] [SEVERE ] player 2 placing token on slot 8
[2022-12-12 21:55:11] [SEVERE ] player 2 placing token on slot 1
[2022-12-12 21:55:11] [SEVERE ] removing player 2 token from slot 1
[2022-12-12 21:55:11] [SEVERE ] removing player 2 token from slot 4
[2022-12-12 21:55:11] [SEVERE ] removing player 2 token from slot 8
[2022-12-12 21:55:11] [SEVERE ] player 2 placing token on slot 7
[2022-12-12 21:55:11] [SEVERE ] player 2 placing token on slot 10
[2022-12-12 21:55:11] [SEVERE ] player 2 placing token on slot 8
[2022-12-12 21:55:11] [SEVERE ] removing player 2 token from slot 7
[2022-12-12 21:55:11] [SEVERE ] removing player 2 token from slot 8
[2022-12-12 21:55:11] [SEVERE ] removing player 2 token from slot 10
[2022-12-12 21:55:11] [SEVERE ] player 2 placing token on slot 6
[2022-12-12 21:55:11] [SEVERE ] player 2 placing token on slot 0
[2022-12-12 21:55:11] [SEVERE ] player 2 placing token on slot 11
[2022-12-12 21:55:11] [SEVERE ] removing player 2 token from slot 0
[2022-12-12 21:55:11] [SEVERE ] removing player 2 token from slot 6
[2022-12-12 21:55:11] [SEVERE ] removing player 2 token from slot 11
[2022-12-12 21:55:11] [SEVERE ] player 2 placing token on slot 8
[2022-12-12 21:55:11] [SEVERE ] player 2 placing token on slot 2
[2022-12-12 21:55:11] [SEVERE ] player 2 placing token on slot 6
[2022-12-12 21:55:11] [SEVERE ] removing player 2 token from slot 2
[2022-12-12 21:55:11] [SEVERE ] removing player 2 token from slot 6
[2022-12-12 21:55:11] [SEVERE ] removing player 2 token from slot 8
[2022-12-12 21:55:11] [SEVERE ] player 2 placing token on slot 3
[2022-12-12 21:55:11] [SEVERE ] player 2 placing token on slot 5
[2022-12-12 21:55:11] [SEVERE ] player 2 placing token on slot 2
[2022-12-12 21:55:11] [SEVERE ] removing player 2 token from slot 2
[2022-12-12 21:55:11] [SEVERE ] removing player 2 token from slot 3
[2022-12-12 21:55:11] [SEVERE ] removing player 2 token from slot 5
[2022-12-12 21:55:11] [SEVERE ] player 2 placing token on slot 6
[2022-12-12 21:55:11] [SEVERE ] player 2 placing token on slot 3
[2022-12-12 21:55:11] [SEVERE ] player 2 placing token on slot 2
[2022-12-12 21:55:11] [SEVERE ] removing player 2 token from slot 2
[2022-12-12 21:55:11] [SEVERE ] removing player 2 token from slot 3
[2022-12-12 21:55:11] [SEVERE ] removing player 2 token from slot 6
[2022-12-12 21:55:11] [SEVERE ] player 2 placing token on slot 2
[2022-12-12 21:55:11] [SEVERE ] player 2 placing token on slot 4
[2022-12-12 21:55:11] [SEVERE ] player 2 placing token on slot 9
[2022-12-12 21:55:11] [SEVERE ] removing player 2 token from slot 2
[2022-12-12 21:55:11] [SEVERE ] removing player 2 token from slot 4
[2022-12-12 21:55:11] [SEVERE ] removing player 2 token from slot 9
[2022-12-12 21:55:11] [SEVERE ] player 2 placing token on slot 7
[2022-12-12 21:55:12] [SEVERE ] player 2 placing token on slot 4
[2022-12-12 21:55:12] [SEVERE ] player 2 placing token on slot 8
[2022-12-12 21:55:12] [SEVERE ] removing player 2 token from slot 4
[2022-12-12 21:55:12] [SEVERE ] removing player 2 token from slot 7
[2022-12-12 21:55:12] [SEVERE ] removing player 2 token from slot 8
[2022-12-12 21:55:12] [SEVERE ] player 2 placing token on slot 1
[2022-12-12 21:55:12] [SEVERE ] player 2 placing token on slot 0
[2022-12-12 21:55:12] [SEVERE ] player 2 placing token on slot 9
[2022-12-12 21:55:12] [SEVERE ] removing player 2 token from slot 0
[2022-12-12 21:55:12] [SEVERE ] removing player 2 token from slot 1
[2022-12-12 21:55:12] [SEVERE ] removing player 2 token from slot 9
[2022-12-12 21:55:12] [SEVERE ] player 2 placing token on slot 6
[2022-12-12 21:55:12] [SEVERE ] player 2 placing token on slot 9
[2022-12-12 21:55:12] [SEVERE ] player 2 placing token on slot 0
[2022-12-12 21:55:12] [SEVERE ] removing player 2 token from slot 0
[2022-12-12 21:55:12] [SEVERE ] removing player 2 token from slot 6
[2022-12-12 21:55:12] [SEVERE ] removing player 2 token from slot 9
[2022-12-12 21:55:12] [SEVERE ] player 2 placing token on slot 7
[2022-12-12 21:55:12] [SEVERE ] player 2 placing token on slot 8
[2022-12-12 21:55:12] [SEVERE ] player 2 placing token on slot 10
[2022-12-12 21:55:12] [SEVERE ] removing player 2 token from slot 7
[2022-12-12 21:55:12] [SEVERE ] removing player 2 token from slot 8
[2022-12-12 21:55:12] [SEVERE ] removing player 2 token from slot 10
[2022-12-12 21:55:12] [SEVERE ] player 2 placing token on slot 3
[2022-12-12 21:55:12] [SEVERE ] player 2 placing token on slot 10
[2022-12-12 21:55:12] [SEVERE ] player 2 placing token on slot 11
[2022-12-12 21:55:12] [SEVERE ] removing player 2 token from slot 3
[2022-12-12 21:55:12] [SEVERE ] removing player 2 token from slot 10
[2022-12-12 21:55:12] [SEVERE ] removing player 2 token from slot 11
[2022-12-12 21:55:12] [SEVERE ] player 2 placing token on slot 7
[2022-12-12 21:55:12] [SEVERE ] player 2 placing token on slot 0
[2022-12-12 21:55:12] [SEVERE ] player 2 placing token on slot 10
[2022-12-12 21:55:12] [SEVERE ] removing player 2 token from slot 0
[2022-12-12 21:55:12] [SEVERE ] removing player 2 token from slot 7
[2022-12-12 21:55:12] [SEVERE ] removing player 2 token from slot 10
[2022-12-12 21:55:12] [SEVERE ] player 2 placing token on slot 9
[2022-12-12 21:55:12] [SEVERE ] player 2 placing token on slot 5
[2022-12-12 21:55:12] [SEVERE ] player 2 placing token on slot 1
[2022-12-12 21:55:12] [SEVERE ] removing player 2 token from slot 1
[2022-12-12 21:55:12] [SEVERE ] removing player 2 token from slot 5
[2022-12-12 21:55:12] [SEVERE ] removing player 2 token from slot 9
[2022-12-12 21:55:12] [SEVERE ] player 2 placing token on slot 8
[2022-12-12 21:55:12] [SEVERE ] player 2 placing token on slot 9
[2022-12-12 21:55:12] [SEVERE ] player 2 placing token on slot 3
[2022-12-12 21:55:12] [SEVERE ] removing player 2 token from slot 3
[2022-12-12 21:55:12] [SEVERE ] removing player 2 token from slot 8
[2022-12-12 21:55:12] [SEVERE ] removing player 2 token from slot 9
[2022-12-12 21:55:12] [SEVERE ] player 2 placing token on slot 6
[2022-12-12 21:55:12] [SEVERE ] player 2 placing token on slot 0
[2022-12-12 21:55:12] [SEVERE ] player 2 placing token on slot 11
[2022-12-12 21:55:12] [SEVERE ] removing player 2 token from slot 0
[2022-12-12 21:55:12] [SEVERE ] removing player 2 token from slot 6
[2022-12-12 21:55:12] [SEVERE ] removing player 2 token from slot 11
[2022-12-12 21:55:12] [SEVERE ] player 2 placing token on slot 8
[2022-12-12 21:55:12] [SEVERE ] player 2 placing token on slot 0
[2022-12-12 21:55:12] [SEVERE ] player 2 placing token on slot 3
[2022-12-12 21:55:12] [SEVERE ] removing player 2 token from slot 0
[2022-12-12 21:55:12] [SEVERE ] removing player 2 token from slot 3
[2022-12-12 21:55:12] [SEVERE ] removing player 2 token from slot 8
[2022-12-12 21:55:12] [SEVERE ] player 2 placing token on slot 1
[2022-12-12 21:55:12] [SEVERE ] player 2 placing token on slot 3
[2022-12-12 21:55:12] [SEVERE ] player 2 placing token on slot 0
[2022-12-12 21:55:12] [SEVERE ] removing player 2 token from slot 0
[2022-12-12 21:55:12] [SEVERE ] removing player 2 token from slot 1
[2022-12-12 21:55:12] [SEVERE ] removing player 2 token from slot 3
[2022-12-12 21:55:12] [SEVERE ] player 2 placing token on slot 11
[2022-12-12 21:55:12] [SEVERE ] player 2 placing token on slot 8
[2022-12-12 21:55:13] [SEVERE ] player 2 placing token on slot 1
[2022-12-12 21:55:13] [SEVERE ] removing player 2 token from slot 1
[2022-12-12 21:55:13] [SEVERE ] removing player 2 token from slot 8
[2022-12-12 21:55:13] [SEVERE ] removing player 2 token from slot 11
[2022-12-12 21:55:13] [SEVERE ] player 2 placing token on slot 10
[2022-12-12 21:55:13] [SEVERE ] player 2 placing token on slot 2
[2022-12-12 21:55:13] [SEVERE ] player 2 placing token on slot 3
[2022-12-12 21:55:13] [SEVERE ] removing player 2 token from slot 2
[2022-12-12 21:55:13] [SEVERE ] removing player 2 token from slot 3
[2022-12-12 21:55:13] [SEVERE ] removing player 2 token from slot 10
[2022-12-12 21:55:13] [SEVERE ] player 2 placing token on slot 9
[2022-12-12 21:55:13] [SEVERE ] player 2 placing token on slot 8
[2022-12-12 21:55:13] [SEVERE ] player 2 placing token on slot 11
[2022-12-12 21:55:13] [SEVERE ] removing player 2 token from slot 8
[2022-12-12 21:55:13] [SEVERE ] removing player 2 token from slot 9
[2022-12-12 21:55:13] [SEVERE ] removing player 2 token from slot 11
[2022-12-12 21:55:13] [SEVERE ] player 2 placing token on slot 0
[2022-12-12 21:55:13] [SEVERE ] player 2 placing token on slot 8
[2022-12-12 21:55:13] [SEVERE ] player 2 placing token on slot 9
[2022-12-12 21:55:13] [SEVERE ] removing player 2 token from slot 0
[2022-12-12 21:55:13] [SEVERE ] removing player 2 token from slot 8
[2022-12-12 21:55:13] [SEVERE ] removing player 2 token from slot 9
[2022-12-12 21:55:13] [SEVERE ] player 2 placing token on slot 3
[2022-12-12 21:55:13] [SEVERE ] player 2 placing token on slot 4
[2022-12-12 21:55:13] [SEVERE ] player 2 placing token on slot 9
[2022-12-12 21:55:13] [SEVERE ] removing player 2 token from slot 3
[2022-12-12 21:55:13] [SEVERE ] removing player 2 token from slot 4
[2022-12-12 21:55:13] [SEVERE ] removing player 2 token from slot 9
[2022-12-12 21:55:13] [SEVERE ] player 2 placing token on slot 4
[2022-12-12 21:55:13] [SEVERE ] player 2 placing token on slot 1
[2022-12-12 21:55:13] [SEVERE ] player 2 placing token on slot 2
[2022-12-12 21:55:13] [SEVERE ] removing player 2 token from slot 1
[2022-12-12 21:55:13] [SEVERE ] removing player 2 token from slot 2
[2022-12-12 21:55:13] [SEVERE ] removing player 2 token from slot 4
[2022-12-12 21:55:13] [SEVERE ] player 2 placing token on slot 1
[2022-12-12 21:55:13] [SEVERE ] player 2 placing token on slot 2
[2022-12-12 21:55:13] [SEVERE ] player 2 placing token on slot 9
[2022-12-12 21:55:13] [SEVERE ] removing player 2 token from slot 1
[2022-12-12 21:55:13] [SEVERE ] removing player 2 token from slot 2
[2022-12-12 21:55:13] [SEVERE ] removing player 2 token from slot 9
[2022-12-12 21:55:13] [SEVERE ] player 2 placing token on slot 3
[2022-12-12 21:55:13] [SEVERE ] player 2 placing token on slot 1
[2022-12-12 21:55:13] [SEVERE ] player 2 placing token on slot 2
[2022-12-12 21:55:13] [SEVERE ] removing player 2 token from slot 1
[2022-12-12 21:55:13] [SEVERE ] removing player 2 token from slot 2
[2022-12-12 21:55:13] [SEVERE ] removing player 2 token from slot 3
[2022-12-12 21:55:13] [SEVERE ] player 2 placing token on slot 7
[2022-12-12 21:55:13] [SEVERE ] player 2 placing token on slot 5
[2022-12-12 21:55:13] [SEVERE ] player 2 placing token on slot 4
[2022-12-12 21:55:13] [SEVERE ] removing player 2 token from slot 4
[2022-12-12 21:55:13] [SEVERE ] removing player 2 token from slot 5
[2022-12-12 21:55:13] [SEVERE ] removing player 2 token from slot 7
[2022-12-12 21:55:13] [SEVERE ] player 2 placing token on slot 3
[2022-12-12 21:55:13] [SEVERE ] player 2 placing token on slot 7
[2022-12-12 21:55:13] [SEVERE ] player 2 placing token on slot 1
[2022-12-12 21:55:13] [SEVERE ] removing player 2 token from slot 1
[2022-12-12 21:55:13] [SEVERE ] removing player 2 token from slot 3
[2022-12-12 21:55:13] [SEVERE ] removing player 2 token from slot 7
[2022-12-12 21:55:13] [SEVERE ] player 2 placing token on slot 9
[2022-12-12 21:55:13] [SEVERE ] player 2 placing token on slot 7
[2022-12-12 21:55:13] [SEVERE ] player 2 placing token on slot 4
[2022-12-12 21:55:13] [SEVERE ] removing player 2 token from slot 4
[2022-12-12 21:55:13] [SEVERE ] removing player 2 token from slot 7
[2022-12-12 21:55:13] [SEVERE ] removing player 2 token from slot 9
[2022-12-12 21:55:13] [SEVERE ] player 2 placing token on slot 1
[2022-12-12 21:55:14] [SEVERE ] player 2 placing token on slot 7
[2022-12-12 21:55:14] [SEVERE ] player 2 placing token on slot 10
[2022-12-12 21:55:14] [SEVERE ] removing player 2 token from slot 1
[2022-12-12 21:55:14] [SEVERE ] removing player 2 token from slot 7
[2022-12-12 21:55:14] [SEVERE ] removing player 2 token from slot 10
[2022-12-12 21:55:14] [SEVERE ] player 2 placing token on slot 5
[2022-12-12 21:55:14] [SEVERE ] player 2 placing token on slot 11
[2022-12-12 21:55:14] [SEVERE ] player 2 placing token on slot 2
[2022-12-12 21:55:14] [SEVERE ] removing player 2 token from slot 2
[2022-12-12 21:55:14] [SEVERE ] removing player 2 token from slot 5
[2022-12-12 21:55:14] [SEVERE ] removing player 2 token from slot 11
[2022-12-12 21:55:14] [SEVERE ] player 2 placing token on slot 9
[2022-12-12 21:55:14] [SEVERE ] player 2 placing token on slot 7
[2022-12-12 21:55:14] [SEVERE ] player 2 placing token on slot 10
[2022-12-12 21:55:14] [SEVERE ] removing player 2 token from slot 7
[2022-12-12 21:55:14] [SEVERE ] removing player 2 token from slot 9
[2022-12-12 21:55:14] [SEVERE ] removing player 2 token from slot 10
[2022-12-12 21:55:14] [SEVERE ] player 2 placing token on slot 2
[2022-12-12 21:55:14] [SEVERE ] player 2 placing token on slot 9
[2022-12-12 21:55:14] [SEVERE ] player 2 placing token on slot 0
[2022-12-12 21:55:14] [SEVERE ] removing player 2 token from slot 0
[2022-12-12 21:55:14] [SEVERE ] removing player 2 token from slot 2
[2022-12-12 21:55:14] [SEVERE ] removing player 2 token from slot 9
[2022-12-12 21:55:14] [SEVERE ] player 2 placing token on slot 6
[2022-12-12 21:55:14] [SEVERE ] player 2 placing token on slot 7
[2022-12-12 21:55:14] [SEVERE ] player 2 placing token on slot 8
[2022-12-12 21:55:14] [SEVERE ] removing player 2 token from slot 6
[2022-12-12 21:55:14] [SEVERE ] removing player 2 token from slot 7
[2022-12-12 21:55:14] [SEVERE ] removing player 2 token from slot 8
[2022-12-12 21:55:14] [SEVERE ] player 2 placing token on slot 4
[2022-12-12 21:55:14] [SEVERE ] player 2 placing token on slot 10
[2022-12-12 21:55:14] [SEVERE ] player 2 placing token on slot 7
[2022-12-12 21:55:14] [SEVERE ] removing player 2 token from slot 4
[2022-12-12 21:55:14] [SEVERE ] removing player 2 token from slot 7
[2022-12-12 21:55:14] [SEVERE ] removing player 2 token from slot 10
[2022-12-12 21:55:14] [SEVERE ] player 2 placing token on slot 7
[2022-12-12 21:55:14] [SEVERE ] player 2 placing token on slot 5
[2022-12-12 21:55:14] [SEVERE ] player 2 placing token on slot 6
[2022-12-12 21:55:14] [SEVERE ] removing player 2 token from slot 5
[2022-12-12 21:55:14] [SEVERE ] removing player 2 token from slot 6
[2022-12-12 21:55:14] [SEVERE ] removing player 2 token from slot 7
[2022-12-12 21:55:14] [SEVERE ] player 2 placing token on slot 11
[2022-12-12 21:55:14] [SEVERE ] player 2 placing token on slot 3
[2022-12-12 21:55:14] [SEVERE ] player 2 placing token on slot 8
[2022-12-12 21:55:14] [SEVERE ] removing player 2 token from slot 3
[2022-12-12 21:55:14] [SEVERE ] removing player 2 token from slot 8
[2022-12-12 21:55:14] [SEVERE ] removing player 2 token from slot 11
[2022-12-12 21:55:14] [SEVERE ] player 2 placing token on slot 3
[2022-12-12 21:55:14] [SEVERE ] player 2 placing token on slot 1
[2022-12-12 21:55:14] [SEVERE ] player 2 placing token on slot 6
[2022-12-12 21:55:14] [SEVERE ] removing player 2 token from slot 1
[2022-12-12 21:55:14] [SEVERE ] removing player 2 token from slot 3
[2022-12-12 21:55:14] [SEVERE ] removing player 2 token from slot 6
[2022-12-12 21:55:14] [SEVERE ] player 2 placing token on slot 11
[2022-12-12 21:55:14] [SEVERE ] player 2 placing token on slot 10
[2022-12-12 21:55:14] [SEVERE ] player 2 placing token on slot 3
[2022-12-12 21:55:14] [SEVERE ] removing player 2 token from slot 3
[2022-12-12 21:55:14] [SEVERE ] removing player 2 token from slot 10
[2022-12-12 21:55:14] [SEVERE ] removing player 2 token from slot 11
[2022-12-12 21:55:14] [SEVERE ] player 2 placing token on slot 7
[2022-12-12 21:55:14] [SEVERE ] player 2 placing token on slot 8
[2022-12-12 21:55:14] [SEVERE ] player 2 placing token on slot 9
[2022-12-12 21:55:14] [SEVERE ] removing player 2 token from slot 7
[2022-12-12 21:55:14] [SEVERE ] removing player 2 token from slot 8
[2022-12-12 21:55:14] [SEVERE ] removing player 2 token from slot 9
[2022-12-12 21:55:14] [SEVERE ] player 2 placing token on slot 0
[2022-12-12 21:55:15] [SEVERE ] player 2 placing token on slot 7
[2022-12-12 21:55:15] [SEVERE ] player 2 placing token on slot 3
[2022-12-12 21:55:15] [SEVERE ] removing player 2 token from slot 0
[2022-12-12 21:55:15] [SEVERE ] removing player 2 token from slot 3
[2022-12-12 21:55:15] [SEVERE ] removing player 2 token from slot 7
[2022-12-12 21:55:15] [SEVERE ] player 2 placing token on slot 1
[2022-12-12 21:55:15] [SEVERE ] player 2 placing token on slot 2
[2022-12-12 21:55:15] [SEVERE ] player 2 placing token on slot 6
[2022-12-12 21:55:15] [SEVERE ] removing player 2 token from slot 1
[2022-12-12 21:55:15] [SEVERE ] removing player 2 token from slot 2
[2022-12-12 21:55:15] [SEVERE ] removing player 2 token from slot 6
[2022-12-12 21:55:15] [SEVERE ] player 2 placing token on slot 8
[2022-12-12 21:55:15] [SEVERE ] player 2 placing token on slot 1
[2022-12-12 21:55:15] [SEVERE ] player 2 placing token on slot 10
[2022-12-12 21:55:15] [SEVERE ] removing player 2 token from slot 1
[2022-12-12 21:55:15] [SEVERE ] removing player 2 token from slot 8
[2022-12-12 21:55:15] [SEVERE ] removing player 2 token from slot 10
[2022-12-12 21:55:15] [SEVERE ] player 2 placing token on slot 9
[2022-12-12 21:55:15] [SEVERE ] player 2 placing token on slot 11
[2022-12-12 21:55:15] [SEVERE ] player 2 placing token on slot 6
[2022-12-12 21:55:15] [SEVERE ] removing player 2 token from slot 6
[2022-12-12 21:55:15] [SEVERE ] removing player 2 token from slot 9
[2022-12-12 21:55:15] [SEVERE ] removing player 2 token from slot 11
[2022-12-12 21:55:15] [SEVERE ] player 2 placing token on slot 5
[2022-12-12 21:55:15] [SEVERE ] player 2 placing token on slot 1
[2022-12-12 21:55:15] [SEVERE ] player 2 placing token on slot 11
[2022-12-12 21:55:15] [SEVERE ] removing player 2 token from slot 1
[2022-12-12 21:55:15] [SEVERE ] removing player 2 token from slot 5
[2022-12-12 21:55:15] [SEVERE ] removing player 2 token from slot 11
[2022-12-12 21:55:15] [SEVERE ] player 2 placing token on slot 1
[2022-12-12 21:55:15] [SEVERE ] player 2 placing token on slot 3
[2022-12-12 21:55:15] [SEVERE ] player 2 placing token on slot 6
[2022-12-12 21:55:15] [SEVERE ] removing player 2 token from slot 1
[2022-12-12 21:55:15] [SEVERE ] removing player 2 token from slot 3
[2022-12-12 21:55:15] [SEVERE ] removing player 2 token from slot 6
[2022-12-12 21:55:15] [SEVERE ] player 2 placing token on slot 4
[2022-12-12 21:55:15] [SEVERE ] player 2 placing token on slot 10
[2022-12-12 21:55:15] [SEVERE ] player 2 placing token on slot 7
[2022-12-12 21:55:15] [SEVERE ] removing player 2 token from slot 4
[2022-12-12 21:55:15] [SEVERE ] removing player 2 token from slot 7
[2022-12-12 21:55:15] [SEVERE ] removing player 2 token from slot 10
[2022-12-12 21:55:15] [SEVERE ] player 2 placing token on slot 6
[2022-12-12 21:55:15] [SEVERE ] player 2 placing token on slot 2
[2022-12-12 21:55:15] [SEVERE ] player 2 placing token on slot 1
[2022-12-12 21:55:15] [SEVERE ] removing player 2 token from slot 1
[2022-12-12 21:55:15] [SEVERE ] removing player 2 token from slot 2
[2022-12-12 21:55:15] [SEVERE ] removing player 2 token from slot 6
[2022-12-12 21:55:15] [SEVERE ] player 2 placing token on slot 9
[2022-12-12 21:55:15] [SEVERE ] player 2 placing token on slot 5
[2022-12-12 21:55:15] [SEVERE ] player 2 placing token on slot 6
[2022-12-12 21:55:15] [SEVERE ] removing player 2 token from slot 5
[2022-12-12 21:55:15] [SEVERE ] removing player 2 token from slot 6
[2022-12-12 21:55:15] [SEVERE ] removing player 2 token from slot 9
[2022-12-12 21:55:15] [SEVERE ] player 2 placing token on slot 9
[2022-12-12 21:55:15] [SEVERE ] player 2 placing token on slot 3
[2022-12-12 21:55:15] [SEVERE ] player 2 placing token on slot 11
[2022-12-12 21:55:15] [SEVERE ] removing player 2 token from slot 3
[2022-12-12 21:55:15] [SEVERE ] removing player 2 token from slot 9
[2022-12-12 21:55:15] [SEVERE ] removing player 2 token from slot 11
[2022-12-12 21:55:15] [SEVERE ] player 2 placing token on slot 11
[2022-12-12 21:55:15] [SEVERE ] player 2 placing token on slot 5
[2022-12-12 21:55:16] [SEVERE ] player 2 placing token on slot 2
[2022-12-12 21:55:16] [SEVERE ] removing player 2 token from slot 2
[2022-12-12 21:55:16] [SEVERE ] removing player 2 token from slot 5
[2022-12-12 21:55:16] [SEVERE ] removing player 2 token from slot 11
[2022-12-12 21:55:16] [SEVERE ] player 2 placing token on slot 6
[2022-12-12 21:55:16] [SEVERE ] player 2 placing token on slot 5
[2022-12-12 21:55:16] [SEVERE ] player 2 placing token on slot 0
[2022-12-12 21:55:16] [SEVERE ] removing player 2 token from slot 0
[2022-12-12 21:55:16] [SEVERE ] removing player 2 token from slot 5
[2022-12-12 21:55:16] [SEVERE ] removing player 2 token from slot 6
[2022-12-12 21:55:16] [SEVERE ] player 2 placing token on slot 8
[2022-12-12 21:55:16] [SEVERE ] player 2 placing token on slot 6
[2022-12-12 21:55:16] [SEVERE ] player 2 placing token on slot 10
[2022-12-12 21:55:16] [SEVERE ] removing player 2 token from slot 6
[2022-12-12 21:55:16] [SEVERE ] removing player 2 token from slot 8
[2022-12-12 21:55:16] [SEVERE ] removing player 2 token from slot 10
[2022-12-12 21:55:16] [SEVERE ] player 2 placing token on slot 4
[2022-12-12 21:55:16] [SEVERE ] player 2 placing token on slot 11
[2022-12-12 21:55:16] [SEVERE ] player 2 placing token on slot 1
[2022-12-12 21:55:16] [SEVERE ] removing player 2 token from slot 1
[2022-12-12 21:55:16] [SEVERE ] removing player 2 token from slot 4
[2022-12-12 21:55:16] [SEVERE ] removing player 2 token from slot 11
[2022-12-12 21:55:16] [SEVERE ] player 2 placing token on slot 8
[2022-12-12 21:55:16] [SEVERE ] player 2 placing token on slot 11
[2022-12-12 21:55:16] [SEVERE ] player 2 placing token on slot 0
[2022-12-12 21:55:16] [SEVERE ] removing player 2 token from slot 0
[2022-12-12 21:55:16] [SEVERE ] removing player 2 token from slot 8
[2022-12-12 21:55:16] [SEVERE ] removing player 2 token from slot 11
[2022-12-12 21:55:16] [SEVERE ] player 2 placing token on slot 2
[2022-12-12 21:55:16] [SEVERE ] player 2 placing token on slot 11
[2022-12-12 21:55:16] [SEVERE ] player 2 placing token on slot 1
[2022-12-12 21:55:16] [SEVERE ] removing player 2 token from slot 1
[2022-12-12 21:55:16] [SEVERE ] removing player 2 token from slot 2
[2022-12-12 21:55:16] [SEVERE ] removing player 2 token from slot 11
[2022-12-12 21:55:16] [SEVERE ] player 2 placing token on slot 5
[2022-12-12 21:55:16] [SEVERE ] player 2 placing token on slot 4
[2022-12-12 21:55:16] [SEVERE ] player 2 placing token on slot 9
[2022-12-12 21:55:16] [SEVERE ] removing player 2 token from slot 4
[2022-12-12 21:55:16] [SEVERE ] removing player 2 token from slot 5
[2022-12-12 21:55:16] [SEVERE ] removing player 2 token from slot 9
[2022-12-12 21:55:16] [SEVERE ] player 2 placing token on slot 4
[2022-12-12 21:55:16] [SEVERE ] player 2 placing token on slot 7
[2022-12-12 21:55:16] [SEVERE ] player 2 placing token on slot 9
[2022-12-12 21:55:16] [SEVERE ] removing player 2 token from slot 4
[2022-12-12 21:55:16] [SEVERE ] removing player 2 token from slot 7
[2022-12-12 21:55:16] [SEVERE ] removing player 2 token from slot 9
[2022-12-12 21:55:16] [SEVERE ] player 2 placing token on slot 6
[2022-12-12 21:55:16] [SEVERE ] player 2 placing token on slot 3
[2022-12-12 21:55:16] [SEVERE ] player 2 placing token on slot 5
[2022-12-12 21:55:16] [SEVERE ] removing player 2 token from slot 3
[2022-12-12 21:55:16] [SEVERE ] removing player 2 token from slot 5
[2022-12-12 21:55:16] [SEVERE ] removing player 2 token from slot 6
[2022-12-12 21:55:16] [SEVERE ] player 2 placing token on slot 11
[2022-12-12 21:55:16] [SEVERE ] player 2 placing token on slot 2
[2022-12-12 21:55:16] [SEVERE ] player 2 placing token on slot 0
[2022-12-12 21:55:16] [SEVERE ] removing player 2 token from slot 0
[2022-12-12 21:55:16] [SEVERE ] removing player 2 token from slot 2
[2022-12-12 21:55:16] [SEVERE ] removing player 2 token from slot 11
[2022-12-12 21:55:16] [SEVERE ] player 2 placing token on slot 4
[2022-12-12 21:55:16] [SEVERE ] player 2 placing token on slot 0
[2022-12-12 21:55:16] [SEVERE ] player 2 placing token on slot 3
[2022-12-12 21:55:16] [SEVERE ] removing player 2 token from slot 0
[2022-12-12 21:55:16] [SEVERE ] removing player 2 token from slot 3
[2022-12-12 21:55:16] [SEVERE ] removing player 2 token from slot 4
[2022-12-12 21:55:16] [SEVERE ] player 2 placing token on slot 2
[2022-12-12 21:55:16] [SEVERE ] player 2 placing token on slot 6
[2022-12-12 21:55:17] [SEVERE ] player 2 placing token on slot 5
[2022-12-12 21:55:17] [SEVERE ] removing player 2 token from slot 2
[2022-12-12 21:55:17] [SEVERE ] removing player 2 token from slot 5
[2022-12-12 21:55:17] [SEVERE ] removing player 2 token from slot 6
[2022-12-12 21:55:17] [SEVERE ] player 2 placing token on slot 0
[2022-12-12 21:55:17] [SEVERE ] player 2 placing token on slot 4
[2022-12-12 21:55:17] [SEVERE ] player 2 placing token on slot 9
[2022-12-12 21:55:17] [SEVERE ] removing player 2 token from slot 0
[2022-12-12 21:55:17] [SEVERE ] removing player 2 token from slot 4
[2022-12-12 21:55:17] [SEVERE ] removing player 2 token from slot 9
[2022-12-12 21:55:17] [SEVERE ] player 2 placing token on slot 11
[2022-12-12 21:55:17] [SEVERE ] player 2 placing token on slot 7
[2022-12-12 21:55:17] [SEVERE ] player 2 placing token on slot 10
[2022-12-12 21:55:17] [SEVERE ] removing player 2 token from slot 7
[2022-12-12 21:55:17] [SEVERE ] removing player 2 token from slot 10
[2022-12-12 21:55:17] [SEVERE ] removing player 2 token from slot 11
[2022-12-12 21:55:17] [SEVERE ] player 2 placing token on slot 5
[2022-12-12 21:55:17] [SEVERE ] player 2 placing token on slot 0
[2022-12-12 21:55:17] [SEVERE ] player 2 placing token on slot 8
[2022-12-12 21:55:17] [SEVERE ] removing player 2 token from slot 0
[2022-12-12 21:55:17] [SEVERE ] removing player 2 token from slot 5
[2022-12-12 21:55:17] [SEVERE ] removing player 2 token from slot 8
[2022-12-12 21:55:17] [SEVERE ] player 2 placing token on slot 1
[2022-12-12 21:55:17] [SEVERE ] player 2 placing token on slot 6
[2022-12-12 21:55:17] [SEVERE ] player 2 placing token on slot 5
[2022-12-12 21:55:17] [SEVERE ] removing player 2 token from slot 1
[2022-12-12 21:55:17] [SEVERE ] removing player 2 token from slot 5
[2022-12-12 21:55:17] [SEVERE ] removing player 2 token from slot 6
[2022-12-12 21:55:17] [SEVERE ] player 2 placing token on slot 0
[2022-12-12 21:55:17] [SEVERE ] player 2 placing token on slot 11
[2022-12-12 21:55:17] [SEVERE ] player 2 placing token on slot 9
[2022-12-12 21:55:17] [SEVERE ] removing player 2 token from slot 0
[2022-12-12 21:55:17] [SEVERE ] removing player 2 token from slot 9
[2022-12-12 21:55:17] [SEVERE ] removing player 2 token from slot 11
[2022-12-12 21:55:17] [SEVERE ] player 2 placing token on slot 8
[2022-12-12 21:55:17] [SEVERE ] player 2 placing token on slot 9
[2022-12-12 21:55:17] [SEVERE ] player 2 placing token on slot 0
[2022-12-12 21:55:17] [SEVERE ] removing player 2 token from slot 0
[2022-12-12 21:55:17] [SEVERE ] removing player 2 token from slot 8
[2022-12-12 21:55:17] [SEVERE ] removing player 2 token from slot 9
[2022-12-12 21:55:17] [SEVERE ] player 2 placing token on slot 9
[2022-12-12 21:55:17] [SEVERE ] player 2 placing token on slot 0
[2022-12-12 21:55:17] [SEVERE ] player 2 placing token on slot 11
[2022-12-12 21:55:17] [SEVERE ] removing player 2 token from slot 0
[2022-12-12 21:55:17] [SEVERE ] removing player 2 token from slot 9
[2022-12-12 21:55:17] [SEVERE ] removing player 2 token from slot 11
[2022-12-12 21:55:17] [SEVERE ] player 2 placing token on slot 8
[2022-12-12 21:55:17] [SEVERE ] player 2 placing token on slot 0
[2022-12-12 21:55:17] [SEVERE ] player 2 placing token on slot 9
[2022-12-12 21:55:17] [SEVERE ] removing player 2 token from slot 0
[2022-12-12 21:55:17] [SEVERE ] removing player 2 token from slot 8
[2022-12-12 21:55:17] [SEVERE ] removing player 2 token from slot 9
[2022-12-12 21:55:17] [SEVERE ] player 2 placing token on slot 4
[2022-12-12 21:55:17] [SEVERE ] player 2 placing token on slot 2
[2022-12-12 21:55:17] [SEVERE ] player 2 placing token on slot 11
[2022-12-12 21:55:17] [SEVERE ] removing player 2 token from slot 2
[2022-12-12 21:55:17] [SEVERE ] removing player 2 token from slot 4
[2022-12-12 21:55:17] [SEVERE ] removing player 2 token from slot 11
[2022-12-12 21:55:17] [SEVERE ] player 2 placing token on slot 6
[2022-12-12 21:55:17] [SEVERE ] player 2 placing token on slot 3
[2022-12-12 21:55:17] [SEVERE ] player 2 placing token on slot 1
[2022-12-12 21:55:17] [SEVERE ] removing player 2 token from slot 1
[2022-12-12 21:55:17] [SEVERE ] removing player 2 token from slot 3
[2022-12-12 21:55:17] [SEVERE ] removing player 2 token from slot 6
[2022-12-12 21:55:17] [SEVERE ] player 2 placing token on slot 3
[2022-12-12 21:55:17] [SEVERE ] player 2 placing token on slot 8
[2022-12-12 21:55:17] [SEVERE ] player 2 placing token on slot 0
[2022-12-12 21:55:17] [SEVERE ] removing player 2 token from slot 0
[2022-12-12 21:55:17] [SEVERE ] removing player 2 token from slot 3
[2022-12-12 21:55:17] [SEVERE ] removing player 2 token from slot 8
[2022-12-12 21:55:18] [SEVERE ] player 2 placing token on slot 10
[2022-12-12 21:55:18] [SEVERE ] player 2 placing token on slot 5
[2022-12-12 21:55:18] [SEVERE ] player 2 placing token on slot 4
[2022-12-12 21:55:18] [SEVERE ] removing player 2 token from slot 4
[2022-12-12 21:55:18] [SEVERE ] removing player 2 token from slot 5
[2022-12-12 21:55:18] [SEVERE ] removing player 2 token from slot 10
[2022-12-12 21:55:18] [SEVERE ] player 2 placing token on slot 2
[2022-12-12 21:55:18] [SEVERE ] player 2 placing token on slot 4
[2022-12-12 21:55:18] [SEVERE ] player 2 placing token on slot 3
[2022-12-12 21:55:18] [SEVERE ] removing player 2 token from slot 2
[2022-12-12 21:55:18] [SEVERE ] removing player 2 token from slot 3
[2022-12-12 21:55:18] [SEVERE ] removing player 2 token from slot 4
[2022-12-12 21:55:18] [SEVERE ] player 2 placing token on slot 11
[2022-12-12 21:55:18] [SEVERE ] player 2 placing token on slot 6
[2022-12-12 21:55:18] [SEVERE ] player 2 placing token on slot 0
[2022-12-12 21:55:18] [SEVERE ] removing player 2 token from slot 0
[2022-12-12 21:55:18] [SEVERE ] removing player 2 token from slot 6
[2022-12-12 21:55:18] [SEVERE ] removing player 2 token from slot 11
[2022-12-12 21:55:18] [SEVERE ] player 2 placing token on slot 11
[2022-12-12 21:55:18] [SEVERE ] player 2 placing token on slot 5
[2022-12-12 21:55:18] [SEVERE ] player 2 placing token on slot 4
[2022-12-12 21:55:18] [SEVERE ] removing player 2 token from slot 4
[2022-12-12 21:55:18] [SEVERE ] removing player 2 token from slot 5
[2022-12-12 21:55:18] [SEVERE ] removing player 2 token from slot 11
[2022-12-12 21:55:18] [SEVERE ] player 2 placing token on slot 9
[2022-12-12 21:55:18] [SEVERE ] player 2 placing token on slot 8
[2022-12-12 21:55:18] [SEVERE ] player 2 placing token on slot 0
[2022-12-12 21:55:18] [SEVERE ] removing player 2 token from slot 0
[2022-12-12 21:55:18] [SEVERE ] removing player 2 token from slot 8
[2022-12-12 21:55:18] [SEVERE ] removing player 2 token from slot 9
[2022-12-12 21:55:18] [SEVERE ] player 2 placing token on slot 10
[2022-12-12 21:55:18] [SEVERE ] player 2 placing token on slot 11
[2022-12-12 21:55:18] [SEVERE ] player 2 placing token on slot 4
[2022-12-12 21:55:18] [SEVERE ] removing player 2 token from slot 4
[2022-12-12 21:55:18] [SEVERE ] removing player 2 token from slot 10
[2022-12-12 21:55:18] [SEVERE ] removing player 2 token from slot 11
[2022-12-12 21:55:18] [SEVERE ] player 2 placing token on slot 2
[2022-12-12 21:55:18] [SEVERE ] player 2 placing token on slot 3
[2022-12-12 21:55:18] [SEVERE ] player 2 placing token on slot 10
[2022-12-12 21:55:18] [SEVERE ] removing player 2 token from slot 2
[2022-12-12 21:55:18] [SEVERE ] removing player 2 token from slot 3
[2022-12-12 21:55:18] [SEVERE ] removing player 2 token from slot 10
[2022-12-12 21:55:18] [SEVERE ] player 2 placing token on slot 2
[2022-12-12 21:55:18] [SEVERE ] player 2 placing token on slot 9
[2022-12-12 21:55:18] [SEVERE ] player 2 placing token on slot 10
[2022-12-12 21:55:18] [SEVERE ] removing player 2 token from slot 2
[2022-12-12 21:55:18] [SEVERE ] removing player 2 token from slot 9
[2022-12-12 21:55:18] [SEVERE ] removing player 2 token from slot 10
[2022-12-12 21:55:18] [SEVERE ] player 2 placing token on slot 6
[2022-12-12 21:55:18] [SEVERE ] player 2 placing token on slot 9
[2022-12-12 21:55:18] [SEVERE ] player 2 placing token on slot 7
[2022-12-12 21:55:18] [SEVERE ] removing player 2 token from slot 6
[2022-12-12 21:55:18] [SEVERE ] removing player 2 token from slot 7
[2022-12-12 21:55:18] [SEVERE ] removing player 2 token from slot 9
[2022-12-12 21:55:18] [SEVERE ] player 2 placing token on slot 5
[2022-12-12 21:55:18] [SEVERE ] player 2 placing token on slot 8
[2022-12-12 21:55:18] [SEVERE ] player 2 placing token on slot 9
[2022-12-12 21:55:18] [SEVERE ] removing player 2 token from slot 5
[2022-12-12 21:55:18] [SEVERE ] removing player 2 token from slot 8
[2022-12-12 21:55:18] [SEVERE ] removing player 2 token from slot 9
[2022-12-12 21:55:18] [SEVERE ] player 2 placing token on slot 0
[2022-12-12 21:55:18] [SEVERE ] player 2 placing token on slot 10
[2022-12-12 21:55:18] [SEVERE ] player 2 placing token on slot 5
[2022-12-12 21:55:18] [SEVERE ] removing player 2 token from slot 0
[2022-12-12 21:55:18] [SEVERE ] removing player 2 token from slot 5
[2022-12-12 21:55:18] [SEVERE ] removing player 2 token from slot 10
[2022-12-12 21:55:19] [SEVERE ] player 2 placing token on slot 6
[2022-12-12 21:55:19] [SEVERE ] player 2 placing token on slot 2
[2022-12-12 21:55:19] [SEVERE ] player 2 placing token on slot 1
[2022-12-12 21:55:19] [SEVERE ] removing player 2 token from slot 1
[2022-12-12 21:55:19] [SEVERE ] removing player 2 token from slot 2
[2022-12-12 21:55:19] [SEVERE ] removing player 2 token from slot 6
[2022-12-12 21:55:19] [SEVERE ] player 2 placing token on slot 11
[2022-12-12 21:55:19] [SEVERE ] player 2 placing token on slot 3
[2022-12-12 21:55:19] [SEVERE ] player 2 placing token on slot 8
[2022-12-12 21:55:19] [SEVERE ] removing player 2 token from slot 3
[2022-12-12 21:55:19] [SEVERE ] removing player 2 token from slot 8
[2022-12-12 21:55:19] [SEVERE ] removing player 2 token from slot 11
[2022-12-12 21:55:19] [SEVERE ] player 2 placing token on slot 10
[2022-12-12 21:55:19] [SEVERE ] player 2 placing token on slot 6
[2022-12-12 21:55:19] [SEVERE ] player 2 placing token on slot 7
[2022-12-12 21:55:19] [SEVERE ] removing player 2 token from slot 6
[2022-12-12 21:55:19] [SEVERE ] removing player 2 token from slot 7
[2022-12-12 21:55:19] [SEVERE ] removing player 2 token from slot 10
[2022-12-12 21:55:19] [SEVERE ] player 2 placing token on slot 0
[2022-12-12 21:55:19] [SEVERE ] player 2 placing token on slot 6
[2022-12-12 21:55:19] [SEVERE ] player 2 placing token on slot 7
[2022-12-12 21:55:19] [SEVERE ] removing player 2 token from slot 0
[2022-12-12 21:55:19] [SEVERE ] removing player 2 token from slot 6
[2022-12-12 21:55:19] [SEVERE ] removing player 2 token from slot 7
[2022-12-12 21:55:19] [SEVERE ] player 2 placing token on slot 9
[2022-12-12 21:55:19] [SEVERE ] player 2 placing token on slot 2
[2022-12-12 21:55:19] [SEVERE ] player 2 placing token on slot 4
[2022-12-12 21:55:19] [SEVERE ] removing player 2 token from slot 2
[2022-12-12 21:55:19] [SEVERE ] removing player 2 token from slot 4
[2022-12-12 21:55:19] [SEVERE ] removing player 2 token from slot 9
[2022-12-12 21:55:19] [SEVERE ] player 2 placing token on slot 1
[2022-12-12 21:55:19] [SEVERE ] player 2 placing token on slot 6
[2022-12-12 21:55:19] [SEVERE ] player 2 placing token on slot 0
[2022-12-12 21:55:19] [SEVERE ] removing player 2 token from slot 0
[2022-12-12 21:55:19] [SEVERE ] removing player 2 token from slot 1
[2022-12-12 21:55:19] [SEVERE ] removing player 2 token from slot 6
[2022-12-12 21:55:19] [SEVERE ] player 2 placing token on slot 4
[2022-12-12 21:55:19] [SEVERE ] player 2 placing token on slot 9
[2022-12-12 21:55:19] [SEVERE ] player 2 placing token on slot 10
[2022-12-12 21:55:19] [INFO   ] Thread main terminated.
