[2022-12-12 16:45:47] [INFO   ] cannot read configuration file config.properties trying from resources.
[2022-12-12 16:45:47] [INFO   ] configuration file was loaded from resources directory.
[2022-12-12 16:45:47] [INFO   ] Thread Thread-0starting.
[2022-12-12 16:45:47] [INFO   ] Thread Thread-1starting.
[2022-12-12 16:45:47] [INFO   ] Thread dealer starting.
[2022-12-12 16:45:48] [SEVERE ] placing card 55 in slot 0
[2022-12-12 16:45:48] [SEVERE ] placing card 73 in slot 1
[2022-12-12 16:45:48] [SEVERE ] placing card 17 in slot 2
[2022-12-12 16:45:48] [SEVERE ] placing card 9 in slot 3
[2022-12-12 16:45:48] [SEVERE ] placing card 1 in slot 4
[2022-12-12 16:45:48] [SEVERE ] placing card 13 in slot 5
[2022-12-12 16:45:48] [SEVERE ] placing card 23 in slot 6
[2022-12-12 16:45:48] [SEVERE ] placing card 32 in slot 7
[2022-12-12 16:45:48] [SEVERE ] placing card 49 in slot 8
[2022-12-12 16:45:49] [SEVERE ] placing card 63 in slot 9
[2022-12-12 16:45:49] [SEVERE ] placing card 10 in slot 10
[2022-12-12 16:45:49] [SEVERE ] placing card 75 in slot 11
[2022-12-12 16:45:50] [SEVERE ] Key 81 was pressed by player 0
[2022-12-12 16:45:50] [SEVERE ] player 0 placing token on slot 0
[2022-12-12 16:45:50] [SEVERE ] Key 87 was pressed by player 0
[2022-12-12 16:45:50] [SEVERE ] player 0 placing token on slot 1
[2022-12-12 16:45:51] [SEVERE ] Key 69 was pressed by player 0
[2022-12-12 16:45:51] [SEVERE ] player 0 placing token on slot 2
[2022-12-12 16:45:52] [SEVERE ] Key 69 was pressed by player 0
[2022-12-12 16:46:01] [SEVERE ] Key 69 was pressed by player 0
[2022-12-12 16:46:01] [SEVERE ] removing player 0 token from slot 2
[2022-12-12 16:46:06] [SEVERE ] Key 87 was pressed by player 0
[2022-12-12 16:46:06] [SEVERE ] removing player 0 token from slot 1
[2022-12-12 16:46:06] [SEVERE ] Key 81 was pressed by player 0
[2022-12-12 16:46:06] [SEVERE ] removing player 0 token from slot 0
[2022-12-12 16:46:07] [SEVERE ] Key 81 was pressed by player 0
[2022-12-12 16:46:07] [SEVERE ] player 0 placing token on slot 0
[2022-12-12 16:46:08] [SEVERE ] Key 65 was pressed by player 0
[2022-12-12 16:46:08] [SEVERE ] player 0 placing token on slot 4
[2022-12-12 16:46:09] [SEVERE ] Key 90 was pressed by player 0
[2022-12-12 16:46:09] [SEVERE ] player 0 placing token on slot 8
[2022-12-12 16:46:09] [SEVERE ] Key 90 was pressed by player 0
[2022-12-12 16:46:14] [SEVERE ] Key 90 was pressed by player 0
[2022-12-12 16:46:14] [SEVERE ] removing player 0 token from slot 8
[2022-12-12 16:46:14] [SEVERE ] Key 65 was pressed by player 0
[2022-12-12 16:46:14] [SEVERE ] removing player 0 token from slot 4
[2022-12-12 16:46:15] [SEVERE ] Key 81 was pressed by player 0
[2022-12-12 16:46:15] [SEVERE ] removing player 0 token from slot 0
[2022-12-12 16:46:15] [SEVERE ] Key 87 was pressed by player 0
[2022-12-12 16:46:15] [SEVERE ] player 0 placing token on slot 1
[2022-12-12 16:46:16] [SEVERE ] Key 69 was pressed by player 0
[2022-12-12 16:46:16] [SEVERE ] player 0 placing token on slot 2
[2022-12-12 16:46:16] [SEVERE ] Key 83 was pressed by player 0
[2022-12-12 16:46:16] [SEVERE ] player 0 placing token on slot 5
[2022-12-12 16:46:16] [SEVERE ] Key 88 was pressed by player 0
[2022-12-12 16:46:16] [SEVERE ] Key 88 was pressed by player 0
[2022-12-12 16:46:19] [SEVERE ] Key 88 was pressed by player 0
[2022-12-12 16:46:19] [SEVERE ] Key 88 was pressed by player 0
[2022-12-12 16:46:19] [SEVERE ] Key 88 was pressed by player 0
[2022-12-12 16:46:19] [SEVERE ] Key 88 was pressed by player 0
[2022-12-12 16:46:19] [SEVERE ] Key 88 was pressed by player 0
[2022-12-12 16:46:19] [SEVERE ] Key 88 was pressed by player 0
[2022-12-12 16:46:19] [SEVERE ] Key 88 was pressed by player 0
[2022-12-12 16:46:19] [SEVERE ] Key 88 was pressed by player 0
[2022-12-12 16:46:19] [SEVERE ] Key 88 was pressed by player 0
[2022-12-12 16:46:25] [SEVERE ] Key 88 was pressed by player 0
[2022-12-12 16:46:26] [SEVERE ] Key 88 was pressed by player 0
[2022-12-12 16:46:26] [SEVERE ] Key 88 was pressed by player 0
[2022-12-12 16:46:26] [SEVERE ] Key 88 was pressed by player 0
[2022-12-12 16:46:26] [SEVERE ] Key 88 was pressed by player 0
[2022-12-12 16:46:26] [SEVERE ] Key 88 was pressed by player 0
[2022-12-12 16:46:27] [SEVERE ] Key 88 was pressed by player 0
[2022-12-12 16:46:27] [SEVERE ] Key 88 was pressed by player 0
[2022-12-12 16:46:27] [SEVERE ] Key 88 was pressed by player 0
[2022-12-12 16:46:27] [SEVERE ] Key 88 was pressed by player 0
[2022-12-12 16:46:27] [SEVERE ] Key 88 was pressed by player 0
[2022-12-12 16:46:28] [SEVERE ] Key 88 was pressed by player 0
[2022-12-12 16:46:28] [SEVERE ] Key 88 was pressed by player 0
[2022-12-12 16:46:28] [SEVERE ] Key 88 was pressed by player 0
[2022-12-12 16:46:32] [SEVERE ] Key 83 was pressed by player 0
[2022-12-12 16:46:32] [SEVERE ] removing player 0 token from slot 5
[2022-12-12 16:46:33] [SEVERE ] Key 87 was pressed by player 0
[2022-12-12 16:46:33] [SEVERE ] removing player 0 token from slot 1
[2022-12-12 16:46:34] [SEVERE ] Key 69 was pressed by player 0
[2022-12-12 16:46:34] [SEVERE ] removing player 0 token from slot 2
[2022-12-12 16:46:34] [SEVERE ] Key 69 was pressed by player 0
[2022-12-12 16:46:34] [SEVERE ] player 0 placing token on slot 2
[2022-12-12 16:46:35] [SEVERE ] Key 69 was pressed by player 0
[2022-12-12 16:46:35] [SEVERE ] removing player 0 token from slot 2
[2022-12-12 16:46:35] [SEVERE ] Key 69 was pressed by player 0
[2022-12-12 16:46:35] [SEVERE ] player 0 placing token on slot 2
[2022-12-12 16:46:35] [SEVERE ] Key 69 was pressed by player 0
[2022-12-12 16:46:35] [SEVERE ] removing player 0 token from slot 2
[2022-12-12 16:46:35] [SEVERE ] Key 69 was pressed by player 0
[2022-12-12 16:46:35] [SEVERE ] player 0 placing token on slot 2
[2022-12-12 16:46:36] [SEVERE ] Key 82 was pressed by player 0
[2022-12-12 16:46:36] [SEVERE ] player 0 placing token on slot 3
[2022-12-12 16:46:36] [SEVERE ] Key 70 was pressed by player 0
[2022-12-12 16:46:36] [SEVERE ] player 0 placing token on slot 7
[2022-12-12 16:46:37] [SEVERE ] Key 70 was pressed by player 0
[2022-12-12 16:46:37] [SEVERE ] Key 70 was pressed by player 0
[2022-12-12 16:46:40] [SEVERE ] removing player 0 token from slot 7
[2022-12-12 16:46:40] [SEVERE ] Key 70 was pressed by player 0
[2022-12-12 16:46:40] [SEVERE ] player 0 placing token on slot 7
[2022-12-12 16:46:40] [SEVERE ] Key 70 was pressed by player 0
[2022-12-12 16:46:40] [SEVERE ] Key 70 was pressed by player 0
[2022-12-12 16:46:43] [SEVERE ] removing player 0 token from slot 7
[2022-12-12 16:46:43] [SEVERE ] Key 70 was pressed by player 0
[2022-12-12 16:46:43] [SEVERE ] player 0 placing token on slot 7
[2022-12-12 16:46:43] [SEVERE ] Key 70 was pressed by player 0
[2022-12-12 16:46:43] [SEVERE ] Key 70 was pressed by player 0
[2022-12-12 16:46:46] [SEVERE ] removing player 0 token from slot 7
[2022-12-12 16:46:46] [SEVERE ] Key 70 was pressed by player 0
[2022-12-12 16:46:46] [SEVERE ] player 0 placing token on slot 7
[2022-12-12 16:46:46] [SEVERE ] Key 70 was pressed by player 0
[2022-12-12 16:46:46] [SEVERE ] Key 70 was pressed by player 0
[2022-12-12 16:46:49] [SEVERE ] removing player 0 token from slot 7
[2022-12-12 16:46:49] [SEVERE ] Key 70 was pressed by player 0
[2022-12-12 16:46:49] [SEVERE ] player 0 placing token on slot 7
[2022-12-12 16:46:49] [SEVERE ] Key 70 was pressed by player 0
[2022-12-12 16:46:49] [SEVERE ] removing player 0 token from slot 7
[2022-12-12 16:46:49] [SEVERE ] Key 70 was pressed by player 0
[2022-12-12 16:46:49] [SEVERE ] player 0 placing token on slot 7
[2022-12-12 16:46:49] [SEVERE ] Key 70 was pressed by player 0
[2022-12-12 16:46:49] [SEVERE ] removing player 0 token from slot 7
[2022-12-12 16:46:49] [SEVERE ] removing tokens from slot 0
[2022-12-12 16:46:49] [SEVERE ] removing card from slot 0
[2022-12-12 16:46:49] [SEVERE ] removing tokens from slot 1
[2022-12-12 16:46:49] [SEVERE ] removing card from slot 1
[2022-12-12 16:46:49] [SEVERE ] removing tokens from slot 2
[2022-12-12 16:46:49] [SEVERE ] removing card from slot 2
[2022-12-12 16:46:49] [SEVERE ] removing tokens from slot 3
[2022-12-12 16:46:49] [SEVERE ] removing card from slot 3
[2022-12-12 16:46:49] [SEVERE ] removing tokens from slot 4
[2022-12-12 16:46:49] [SEVERE ] removing card from slot 4
[2022-12-12 16:46:49] [SEVERE ] removing tokens from slot 5
[2022-12-12 16:46:49] [SEVERE ] removing card from slot 5
[2022-12-12 16:46:50] [SEVERE ] removing tokens from slot 6
[2022-12-12 16:46:50] [SEVERE ] removing card from slot 6
[2022-12-12 16:46:50] [SEVERE ] removing tokens from slot 7
[2022-12-12 16:46:50] [SEVERE ] removing card from slot 7
[2022-12-12 16:46:50] [SEVERE ] removing tokens from slot 8
[2022-12-12 16:46:50] [SEVERE ] removing card from slot 8
[2022-12-12 16:46:50] [SEVERE ] removing tokens from slot 9
[2022-12-12 16:46:50] [SEVERE ] removing card from slot 9
[2022-12-12 16:46:50] [SEVERE ] removing tokens from slot 10
[2022-12-12 16:46:50] [SEVERE ] removing card from slot 10
[2022-12-12 16:46:50] [SEVERE ] removing tokens from slot 11
[2022-12-12 16:46:50] [SEVERE ] removing card from slot 11
[2022-12-12 16:46:50] [SEVERE ] placing card 52 in slot 0
[2022-12-12 16:46:50] [SEVERE ] placing card 18 in slot 1
[2022-12-12 16:46:50] [SEVERE ] placing card 32 in slot 2
[2022-12-12 16:46:51] [SEVERE ] placing card 59 in slot 3
[2022-12-12 16:46:51] [SEVERE ] placing card 72 in slot 4
[2022-12-12 16:46:51] [SEVERE ] placing card 13 in slot 5
[2022-12-12 16:46:51] [SEVERE ] placing card 74 in slot 6
[2022-12-12 16:46:51] [SEVERE ] placing card 22 in slot 7
[2022-12-12 16:46:51] [SEVERE ] placing card 40 in slot 8
[2022-12-12 16:46:51] [SEVERE ] placing card 12 in slot 9
[2022-12-12 16:46:51] [SEVERE ] placing card 60 in slot 10
[2022-12-12 16:46:51] [SEVERE ] placing card 61 in slot 11
