[2022-12-12 12:53:13] [INFO   ] cannot read configuration file config.properties trying from resources.
[2022-12-12 12:53:13] [INFO   ] configuration file was loaded from resources directory.
[2022-12-12 12:53:13] [INFO   ] Thread Thread-0starting.
[2022-12-12 12:53:13] [INFO   ] Thread Thread-2starting.
[2022-12-12 12:53:13] [INFO   ] Thread Thread-1starting.
[2022-12-12 12:53:13] [INFO   ] Thread dealer starting.
[2022-12-12 12:53:13] [INFO   ] Thread computer-2 starting.
[2022-12-12 12:53:13] [SEVERE ] placing card 25 in slot 0
[2022-12-12 12:53:13] [SEVERE ] placing card 9 in slot 1
[2022-12-12 12:53:14] [SEVERE ] placing card 18 in slot 2
[2022-12-12 12:53:14] [SEVERE ] placing card 53 in slot 3
[2022-12-12 12:53:14] [SEVERE ] placing card 78 in slot 4
[2022-12-12 12:53:14] [SEVERE ] placing card 35 in slot 5
[2022-12-12 12:53:14] [SEVERE ] placing card 7 in slot 6
[2022-12-12 12:53:14] [SEVERE ] placing card 80 in slot 7
[2022-12-12 12:53:14] [SEVERE ] placing card 3 in slot 8
[2022-12-12 12:53:14] [SEVERE ] placing card 48 in slot 9
[2022-12-12 12:53:14] [SEVERE ] placing card 60 in slot 10
[2022-12-12 12:53:15] [SEVERE ] placing card 21 in slot 11
[2022-12-12 12:53:15] [SEVERE ] player 2 placing token on slot 11
[2022-12-12 12:53:15] [SEVERE ] player 2 placing token on slot 10
[2022-12-12 12:53:15] [SEVERE ] player 2 placing token on slot 5
[2022-12-12 12:53:15] [SEVERE ] removing player 2 token from slot 5
[2022-12-12 12:53:15] [SEVERE ] removing player 2 token from slot 10
[2022-12-12 12:53:15] [SEVERE ] removing player 2 token from slot 11
[2022-12-12 12:53:15] [SEVERE ] player 2 placing token on slot 2
[2022-12-12 12:53:15] [SEVERE ] player 2 placing token on slot 6
[2022-12-12 12:53:15] [SEVERE ] player 2 placing token on slot 8
[2022-12-12 12:53:15] [SEVERE ] removing player 2 token from slot 2
[2022-12-12 12:53:15] [SEVERE ] removing player 2 token from slot 6
[2022-12-12 12:53:15] [SEVERE ] removing player 2 token from slot 8
[2022-12-12 12:53:15] [SEVERE ] player 2 placing token on slot 8
[2022-12-12 12:53:15] [SEVERE ] player 2 placing token on slot 6
[2022-12-12 12:53:15] [SEVERE ] player 2 placing token on slot 4
[2022-12-12 12:53:15] [SEVERE ] removing player 2 token from slot 4
[2022-12-12 12:53:15] [SEVERE ] removing player 2 token from slot 6
[2022-12-12 12:53:15] [SEVERE ] removing player 2 token from slot 8
[2022-12-12 12:53:15] [SEVERE ] player 2 placing token on slot 4
[2022-12-12 12:53:15] [SEVERE ] player 2 placing token on slot 7
[2022-12-12 12:53:15] [SEVERE ] player 2 placing token on slot 3
[2022-12-12 12:53:15] [SEVERE ] removing player 2 token from slot 3
[2022-12-12 12:53:15] [SEVERE ] removing player 2 token from slot 4
[2022-12-12 12:53:15] [SEVERE ] removing player 2 token from slot 7
[2022-12-12 12:53:15] [SEVERE ] player 2 placing token on slot 2
[2022-12-12 12:53:15] [SEVERE ] player 2 placing token on slot 5
[2022-12-12 12:53:15] [SEVERE ] player 2 placing token on slot 8
[2022-12-12 12:53:15] [SEVERE ] removing player 2 token from slot 2
[2022-12-12 12:53:15] [SEVERE ] removing player 2 token from slot 5
[2022-12-12 12:53:15] [SEVERE ] removing player 2 token from slot 8
[2022-12-12 12:53:15] [SEVERE ] player 2 placing token on slot 3
[2022-12-12 12:53:15] [SEVERE ] player 2 placing token on slot 2
[2022-12-12 12:53:15] [SEVERE ] player 2 placing token on slot 10
[2022-12-12 12:53:15] [SEVERE ] removing player 2 token from slot 2
[2022-12-12 12:53:15] [SEVERE ] removing player 2 token from slot 3
[2022-12-12 12:53:15] [SEVERE ] removing player 2 token from slot 10
[2022-12-12 12:53:15] [SEVERE ] player 2 placing token on slot 2
[2022-12-12 12:53:15] [SEVERE ] player 2 placing token on slot 11
[2022-12-12 12:53:15] [SEVERE ] player 2 placing token on slot 9
[2022-12-12 12:53:15] [SEVERE ] removing player 2 token from slot 2
[2022-12-12 12:53:15] [SEVERE ] removing player 2 token from slot 9
[2022-12-12 12:53:15] [SEVERE ] removing player 2 token from slot 11
[2022-12-12 12:53:15] [SEVERE ] player 2 placing token on slot 6
[2022-12-12 12:53:15] [SEVERE ] player 2 placing token on slot 0
[2022-12-12 12:53:15] [SEVERE ] player 2 placing token on slot 11
[2022-12-12 12:53:15] [SEVERE ] removing player 2 token from slot 0
[2022-12-12 12:53:15] [SEVERE ] removing player 2 token from slot 6
[2022-12-12 12:53:15] [SEVERE ] removing player 2 token from slot 11
[2022-12-12 12:53:15] [SEVERE ] player 2 placing token on slot 11
[2022-12-12 12:53:15] [SEVERE ] player 2 placing token on slot 1
[2022-12-12 12:53:15] [SEVERE ] player 2 placing token on slot 5
[2022-12-12 12:53:15] [SEVERE ] removing player 2 token from slot 1
[2022-12-12 12:53:15] [SEVERE ] removing player 2 token from slot 5
[2022-12-12 12:53:15] [SEVERE ] removing player 2 token from slot 11
[2022-12-12 12:53:15] [SEVERE ] player 2 placing token on slot 9
[2022-12-12 12:53:16] [SEVERE ] player 2 placing token on slot 0
[2022-12-12 12:53:16] [SEVERE ] player 2 placing token on slot 5
[2022-12-12 12:53:16] [SEVERE ] removing player 2 token from slot 0
[2022-12-12 12:53:16] [SEVERE ] removing player 2 token from slot 5
[2022-12-12 12:53:16] [SEVERE ] removing player 2 token from slot 9
[2022-12-12 12:53:16] [SEVERE ] player 2 placing token on slot 3
[2022-12-12 12:53:16] [SEVERE ] player 2 placing token on slot 6
[2022-12-12 12:53:16] [SEVERE ] player 2 placing token on slot 11
[2022-12-12 12:53:16] [SEVERE ] removing player 2 token from slot 3
[2022-12-12 12:53:16] [SEVERE ] removing player 2 token from slot 6
[2022-12-12 12:53:16] [SEVERE ] removing player 2 token from slot 11
[2022-12-12 12:53:16] [SEVERE ] player 2 placing token on slot 3
[2022-12-12 12:53:16] [SEVERE ] player 2 placing token on slot 4
[2022-12-12 12:53:16] [SEVERE ] player 2 placing token on slot 2
[2022-12-12 12:53:16] [SEVERE ] removing player 2 token from slot 2
[2022-12-12 12:53:16] [SEVERE ] removing player 2 token from slot 3
[2022-12-12 12:53:16] [SEVERE ] removing player 2 token from slot 4
[2022-12-12 12:53:16] [SEVERE ] player 2 placing token on slot 1
[2022-12-12 12:53:16] [SEVERE ] player 2 placing token on slot 3
[2022-12-12 12:53:16] [SEVERE ] player 2 placing token on slot 11
[2022-12-12 12:53:16] [SEVERE ] removing player 2 token from slot 1
[2022-12-12 12:53:16] [SEVERE ] removing player 2 token from slot 3
[2022-12-12 12:53:16] [SEVERE ] removing player 2 token from slot 11
[2022-12-12 12:53:16] [SEVERE ] player 2 placing token on slot 8
[2022-12-12 12:53:16] [SEVERE ] player 2 placing token on slot 3
[2022-12-12 12:53:16] [SEVERE ] player 2 placing token on slot 1
[2022-12-12 12:53:16] [SEVERE ] removing player 2 token from slot 1
[2022-12-12 12:53:16] [SEVERE ] removing player 2 token from slot 3
[2022-12-12 12:53:16] [SEVERE ] removing player 2 token from slot 8
[2022-12-12 12:53:16] [SEVERE ] player 2 placing token on slot 9
[2022-12-12 12:53:16] [SEVERE ] player 2 placing token on slot 4
[2022-12-12 12:53:16] [SEVERE ] player 2 placing token on slot 6
[2022-12-12 12:53:16] [SEVERE ] removing player 2 token from slot 4
[2022-12-12 12:53:16] [SEVERE ] removing player 2 token from slot 6
[2022-12-12 12:53:16] [SEVERE ] removing player 2 token from slot 9
[2022-12-12 12:53:16] [SEVERE ] player 2 placing token on slot 9
[2022-12-12 12:53:16] [SEVERE ] player 2 placing token on slot 6
[2022-12-12 12:53:16] [SEVERE ] player 2 placing token on slot 3
[2022-12-12 12:53:16] [SEVERE ] removing player 2 token from slot 3
[2022-12-12 12:53:16] [SEVERE ] removing player 2 token from slot 6
[2022-12-12 12:53:16] [SEVERE ] removing player 2 token from slot 9
[2022-12-12 12:53:16] [SEVERE ] player 2 placing token on slot 4
[2022-12-12 12:53:16] [SEVERE ] player 2 placing token on slot 3
[2022-12-12 12:53:16] [SEVERE ] player 2 placing token on slot 9
[2022-12-12 12:53:16] [SEVERE ] removing player 2 token from slot 3
[2022-12-12 12:53:16] [SEVERE ] removing player 2 token from slot 4
[2022-12-12 12:53:16] [SEVERE ] removing player 2 token from slot 9
[2022-12-12 12:53:16] [SEVERE ] player 2 placing token on slot 10
[2022-12-12 12:53:16] [SEVERE ] player 2 placing token on slot 6
[2022-12-12 12:53:16] [SEVERE ] player 2 placing token on slot 4
[2022-12-12 12:53:16] [SEVERE ] removing player 2 token from slot 4
[2022-12-12 12:53:16] [SEVERE ] removing player 2 token from slot 6
[2022-12-12 12:53:16] [SEVERE ] removing player 2 token from slot 10
[2022-12-12 12:53:16] [SEVERE ] player 2 placing token on slot 10
[2022-12-12 12:53:16] [SEVERE ] player 2 placing token on slot 1
[2022-12-12 12:53:16] [SEVERE ] player 2 placing token on slot 9
[2022-12-12 12:53:16] [SEVERE ] setting player 2 score to 1
[2022-12-12 12:53:16] [SEVERE ] player 2 placing token on slot 3
[2022-12-12 12:53:16] [SEVERE ] player 2 placing token on slot 6
[2022-12-12 12:53:16] [SEVERE ] player 2 placing token on slot 5
[2022-12-12 12:53:16] [SEVERE ] removing tokens from slot 1
[2022-12-12 12:53:16] [SEVERE ] removing card from slot 1
[2022-12-12 12:53:17] [SEVERE ] removing tokens from slot 9
[2022-12-12 12:53:17] [SEVERE ] removing card from slot 9
[2022-12-12 12:53:17] [SEVERE ] removing tokens from slot 10
[2022-12-12 12:53:17] [SEVERE ] removing card from slot 10
[2022-12-12 12:53:17] [SEVERE ] placing card 51 in slot 1
[2022-12-12 12:53:17] [SEVERE ] placing card 16 in slot 9
[2022-12-12 12:53:17] [SEVERE ] placing card 1 in slot 10
[2022-12-12 12:53:17] [SEVERE ] removing player 2 token from slot 3
[2022-12-12 12:53:17] [SEVERE ] removing player 2 token from slot 5
[2022-12-12 12:53:17] [SEVERE ] removing player 2 token from slot 6
[2022-12-12 12:53:17] [SEVERE ] player 2 placing token on slot 4
[2022-12-12 12:53:17] [SEVERE ] player 2 placing token on slot 8
[2022-12-12 12:53:17] [SEVERE ] player 2 placing token on slot 6
[2022-12-12 12:53:17] [SEVERE ] removing player 2 token from slot 4
[2022-12-12 12:53:17] [SEVERE ] removing player 2 token from slot 6
[2022-12-12 12:53:17] [SEVERE ] removing player 2 token from slot 8
[2022-12-12 12:53:17] [SEVERE ] player 2 placing token on slot 11
[2022-12-12 12:53:17] [SEVERE ] player 2 placing token on slot 6
[2022-12-12 12:53:17] [SEVERE ] player 2 placing token on slot 4
[2022-12-12 12:53:17] [SEVERE ] removing player 2 token from slot 4
[2022-12-12 12:53:17] [SEVERE ] removing player 2 token from slot 6
[2022-12-12 12:53:17] [SEVERE ] removing player 2 token from slot 11
[2022-12-12 12:53:17] [SEVERE ] player 2 placing token on slot 9
[2022-12-12 12:53:17] [SEVERE ] player 2 placing token on slot 6
[2022-12-12 12:53:17] [SEVERE ] player 2 placing token on slot 10
[2022-12-12 12:53:17] [SEVERE ] removing player 2 token from slot 6
[2022-12-12 12:53:17] [SEVERE ] removing player 2 token from slot 9
[2022-12-12 12:53:17] [SEVERE ] removing player 2 token from slot 10
[2022-12-12 12:53:17] [SEVERE ] player 2 placing token on slot 2
[2022-12-12 12:53:17] [SEVERE ] player 2 placing token on slot 4
[2022-12-12 12:53:17] [SEVERE ] player 2 placing token on slot 10
[2022-12-12 12:53:17] [SEVERE ] removing player 2 token from slot 2
[2022-12-12 12:53:17] [SEVERE ] removing player 2 token from slot 4
[2022-12-12 12:53:17] [SEVERE ] removing player 2 token from slot 10
[2022-12-12 12:53:17] [SEVERE ] player 2 placing token on slot 6
[2022-12-12 12:53:17] [SEVERE ] player 2 placing token on slot 11
[2022-12-12 12:53:17] [SEVERE ] player 2 placing token on slot 2
[2022-12-12 12:53:17] [SEVERE ] removing player 2 token from slot 2
[2022-12-12 12:53:17] [SEVERE ] removing player 2 token from slot 6
[2022-12-12 12:53:17] [SEVERE ] removing player 2 token from slot 11
[2022-12-12 12:53:17] [SEVERE ] player 2 placing token on slot 6
[2022-12-12 12:53:18] [SEVERE ] player 2 placing token on slot 2
[2022-12-12 12:53:18] [SEVERE ] player 2 placing token on slot 8
[2022-12-12 12:53:18] [SEVERE ] removing player 2 token from slot 2
[2022-12-12 12:53:18] [SEVERE ] removing player 2 token from slot 6
[2022-12-12 12:53:18] [SEVERE ] removing player 2 token from slot 8
[2022-12-12 12:53:18] [SEVERE ] player 2 placing token on slot 9
[2022-12-12 12:53:18] [SEVERE ] player 2 placing token on slot 0
[2022-12-12 12:53:18] [SEVERE ] player 2 placing token on slot 2
[2022-12-12 12:53:18] [SEVERE ] removing player 2 token from slot 0
[2022-12-12 12:53:18] [SEVERE ] removing player 2 token from slot 2
[2022-12-12 12:53:18] [SEVERE ] removing player 2 token from slot 9
[2022-12-12 12:53:18] [SEVERE ] player 2 placing token on slot 6
[2022-12-12 12:53:18] [SEVERE ] player 2 placing token on slot 4
[2022-12-12 12:53:18] [SEVERE ] player 2 placing token on slot 0
[2022-12-12 12:53:18] [SEVERE ] removing player 2 token from slot 0
[2022-12-12 12:53:18] [SEVERE ] removing player 2 token from slot 4
[2022-12-12 12:53:18] [SEVERE ] removing player 2 token from slot 6
[2022-12-12 12:53:18] [SEVERE ] player 2 placing token on slot 1
[2022-12-12 12:53:18] [SEVERE ] player 2 placing token on slot 5
[2022-12-12 12:53:18] [SEVERE ] player 2 placing token on slot 11
[2022-12-12 12:53:18] [SEVERE ] removing player 2 token from slot 1
[2022-12-12 12:53:18] [SEVERE ] removing player 2 token from slot 5
[2022-12-12 12:53:18] [SEVERE ] removing player 2 token from slot 11
[2022-12-12 12:53:18] [SEVERE ] player 2 placing token on slot 11
[2022-12-12 12:53:18] [SEVERE ] player 2 placing token on slot 5
[2022-12-12 12:53:18] [SEVERE ] player 2 placing token on slot 7
[2022-12-12 12:53:18] [SEVERE ] removing player 2 token from slot 5
[2022-12-12 12:53:18] [SEVERE ] removing player 2 token from slot 7
[2022-12-12 12:53:18] [SEVERE ] removing player 2 token from slot 11
[2022-12-12 12:53:18] [SEVERE ] player 2 placing token on slot 6
[2022-12-12 12:53:18] [SEVERE ] player 2 placing token on slot 10
[2022-12-12 12:53:18] [SEVERE ] player 2 placing token on slot 4
[2022-12-12 12:53:18] [SEVERE ] removing player 2 token from slot 4
[2022-12-12 12:53:18] [SEVERE ] removing player 2 token from slot 6
[2022-12-12 12:53:18] [SEVERE ] removing player 2 token from slot 10
[2022-12-12 12:53:18] [SEVERE ] player 2 placing token on slot 5
[2022-12-12 12:53:18] [SEVERE ] player 2 placing token on slot 10
[2022-12-12 12:53:18] [SEVERE ] player 2 placing token on slot 8
[2022-12-12 12:53:18] [SEVERE ] removing player 2 token from slot 5
[2022-12-12 12:53:18] [SEVERE ] removing player 2 token from slot 8
[2022-12-12 12:53:18] [SEVERE ] removing player 2 token from slot 10
[2022-12-12 12:53:18] [SEVERE ] player 2 placing token on slot 0
[2022-12-12 12:53:18] [SEVERE ] player 2 placing token on slot 10
[2022-12-12 12:53:18] [SEVERE ] player 2 placing token on slot 4
[2022-12-12 12:53:18] [SEVERE ] removing player 2 token from slot 0
[2022-12-12 12:53:18] [SEVERE ] removing player 2 token from slot 4
[2022-12-12 12:53:18] [SEVERE ] removing player 2 token from slot 10
[2022-12-12 12:53:18] [SEVERE ] player 2 placing token on slot 1
[2022-12-12 12:53:18] [SEVERE ] player 2 placing token on slot 8
[2022-12-12 12:53:18] [SEVERE ] player 2 placing token on slot 2
[2022-12-12 12:53:18] [SEVERE ] removing player 2 token from slot 1
[2022-12-12 12:53:18] [SEVERE ] removing player 2 token from slot 2
[2022-12-12 12:53:18] [SEVERE ] removing player 2 token from slot 8
[2022-12-12 12:53:18] [SEVERE ] player 2 placing token on slot 5
[2022-12-12 12:53:18] [SEVERE ] player 2 placing token on slot 9
[2022-12-12 12:53:18] [SEVERE ] player 2 placing token on slot 6
[2022-12-12 12:53:18] [SEVERE ] removing player 2 token from slot 5
[2022-12-12 12:53:18] [SEVERE ] removing player 2 token from slot 6
[2022-12-12 12:53:18] [SEVERE ] removing player 2 token from slot 9
[2022-12-12 12:53:18] [SEVERE ] player 2 placing token on slot 6
[2022-12-12 12:53:18] [SEVERE ] player 2 placing token on slot 11
[2022-12-12 12:53:18] [SEVERE ] player 2 placing token on slot 1
[2022-12-12 12:53:18] [SEVERE ] removing player 2 token from slot 1
[2022-12-12 12:53:18] [SEVERE ] removing player 2 token from slot 6
[2022-12-12 12:53:18] [SEVERE ] removing player 2 token from slot 11
[2022-12-12 12:53:18] [SEVERE ] player 2 placing token on slot 5
[2022-12-12 12:53:18] [SEVERE ] player 2 placing token on slot 4
[2022-12-12 12:53:18] [SEVERE ] player 2 placing token on slot 10
[2022-12-12 12:53:18] [SEVERE ] removing player 2 token from slot 4
[2022-12-12 12:53:18] [SEVERE ] removing player 2 token from slot 5
[2022-12-12 12:53:18] [SEVERE ] removing player 2 token from slot 10
[2022-12-12 12:53:19] [SEVERE ] player 2 placing token on slot 5
[2022-12-12 12:53:19] [SEVERE ] player 2 placing token on slot 0
[2022-12-12 12:53:19] [SEVERE ] player 2 placing token on slot 11
[2022-12-12 12:53:19] [SEVERE ] removing player 2 token from slot 0
[2022-12-12 12:53:19] [SEVERE ] removing player 2 token from slot 5
[2022-12-12 12:53:19] [SEVERE ] removing player 2 token from slot 11
[2022-12-12 12:53:19] [SEVERE ] player 2 placing token on slot 10
[2022-12-12 12:53:19] [SEVERE ] player 2 placing token on slot 8
[2022-12-12 12:53:19] [SEVERE ] player 2 placing token on slot 7
[2022-12-12 12:53:19] [SEVERE ] removing player 2 token from slot 7
[2022-12-12 12:53:19] [SEVERE ] removing player 2 token from slot 8
[2022-12-12 12:53:19] [SEVERE ] removing player 2 token from slot 10
[2022-12-12 12:53:19] [SEVERE ] player 2 placing token on slot 8
[2022-12-12 12:53:19] [SEVERE ] player 2 placing token on slot 11
[2022-12-12 12:53:19] [SEVERE ] player 2 placing token on slot 4
[2022-12-12 12:53:19] [SEVERE ] removing player 2 token from slot 4
[2022-12-12 12:53:19] [SEVERE ] removing player 2 token from slot 8
[2022-12-12 12:53:19] [SEVERE ] removing player 2 token from slot 11
[2022-12-12 12:53:19] [SEVERE ] player 2 placing token on slot 7
[2022-12-12 12:53:19] [SEVERE ] player 2 placing token on slot 5
[2022-12-12 12:53:19] [SEVERE ] player 2 placing token on slot 2
[2022-12-12 12:53:19] [SEVERE ] removing player 2 token from slot 2
[2022-12-12 12:53:19] [SEVERE ] removing player 2 token from slot 5
[2022-12-12 12:53:19] [SEVERE ] removing player 2 token from slot 7
[2022-12-12 12:53:19] [SEVERE ] player 2 placing token on slot 5
[2022-12-12 12:53:19] [SEVERE ] player 2 placing token on slot 11
[2022-12-12 12:53:19] [SEVERE ] player 2 placing token on slot 10
[2022-12-12 12:53:19] [SEVERE ] removing player 2 token from slot 5
[2022-12-12 12:53:19] [SEVERE ] removing player 2 token from slot 10
[2022-12-12 12:53:19] [SEVERE ] removing player 2 token from slot 11
[2022-12-12 12:53:19] [SEVERE ] player 2 placing token on slot 5
[2022-12-12 12:53:19] [SEVERE ] player 2 placing token on slot 2
[2022-12-12 12:53:19] [SEVERE ] player 2 placing token on slot 7
[2022-12-12 12:53:19] [SEVERE ] removing player 2 token from slot 2
[2022-12-12 12:53:19] [SEVERE ] removing player 2 token from slot 5
[2022-12-12 12:53:19] [SEVERE ] removing player 2 token from slot 7
[2022-12-12 12:53:19] [SEVERE ] player 2 placing token on slot 9
[2022-12-12 12:53:19] [SEVERE ] player 2 placing token on slot 3
[2022-12-12 12:53:19] [SEVERE ] player 2 placing token on slot 5
[2022-12-12 12:53:19] [SEVERE ] removing player 2 token from slot 3
[2022-12-12 12:53:19] [SEVERE ] removing player 2 token from slot 5
[2022-12-12 12:53:19] [SEVERE ] removing player 2 token from slot 9
[2022-12-12 12:53:19] [SEVERE ] player 2 placing token on slot 1
[2022-12-12 12:53:19] [SEVERE ] player 2 placing token on slot 9
[2022-12-12 12:53:19] [SEVERE ] player 2 placing token on slot 8
[2022-12-12 12:53:19] [SEVERE ] removing player 2 token from slot 1
[2022-12-12 12:53:19] [SEVERE ] removing player 2 token from slot 8
[2022-12-12 12:53:19] [SEVERE ] removing player 2 token from slot 9
[2022-12-12 12:53:19] [SEVERE ] player 2 placing token on slot 0
[2022-12-12 12:53:19] [SEVERE ] player 2 placing token on slot 9
[2022-12-12 12:53:19] [SEVERE ] player 2 placing token on slot 8
[2022-12-12 12:53:19] [SEVERE ] removing player 2 token from slot 0
[2022-12-12 12:53:19] [SEVERE ] removing player 2 token from slot 8
[2022-12-12 12:53:19] [SEVERE ] removing player 2 token from slot 9
[2022-12-12 12:53:19] [SEVERE ] player 2 placing token on slot 2
[2022-12-12 12:53:19] [SEVERE ] player 2 placing token on slot 0
[2022-12-12 12:53:19] [SEVERE ] player 2 placing token on slot 5
[2022-12-12 12:53:19] [SEVERE ] removing player 2 token from slot 0
[2022-12-12 12:53:19] [SEVERE ] removing player 2 token from slot 2
[2022-12-12 12:53:19] [SEVERE ] removing player 2 token from slot 5
[2022-12-12 12:53:19] [SEVERE ] player 2 placing token on slot 7
[2022-12-12 12:53:19] [SEVERE ] player 2 placing token on slot 6
[2022-12-12 12:53:19] [SEVERE ] player 2 placing token on slot 8
[2022-12-12 12:53:19] [SEVERE ] removing player 2 token from slot 6
[2022-12-12 12:53:19] [SEVERE ] removing player 2 token from slot 7
[2022-12-12 12:53:19] [SEVERE ] removing player 2 token from slot 8
[2022-12-12 12:53:20] [SEVERE ] player 2 placing token on slot 3
[2022-12-12 12:53:20] [SEVERE ] player 2 placing token on slot 8
[2022-12-12 12:53:20] [SEVERE ] player 2 placing token on slot 9
[2022-12-12 12:53:20] [SEVERE ] removing player 2 token from slot 3
[2022-12-12 12:53:20] [SEVERE ] removing player 2 token from slot 8
[2022-12-12 12:53:20] [SEVERE ] removing player 2 token from slot 9
[2022-12-12 12:53:20] [SEVERE ] player 2 placing token on slot 3
[2022-12-12 12:53:20] [SEVERE ] player 2 placing token on slot 7
[2022-12-12 12:53:20] [SEVERE ] player 2 placing token on slot 4
[2022-12-12 12:53:20] [SEVERE ] removing player 2 token from slot 3
[2022-12-12 12:53:20] [SEVERE ] removing player 2 token from slot 4
[2022-12-12 12:53:20] [SEVERE ] removing player 2 token from slot 7
[2022-12-12 12:53:20] [SEVERE ] player 2 placing token on slot 8
[2022-12-12 12:53:20] [SEVERE ] player 2 placing token on slot 2
[2022-12-12 12:53:20] [SEVERE ] player 2 placing token on slot 1
[2022-12-12 12:53:20] [SEVERE ] removing player 2 token from slot 1
[2022-12-12 12:53:20] [SEVERE ] removing player 2 token from slot 2
[2022-12-12 12:53:20] [SEVERE ] removing player 2 token from slot 8
[2022-12-12 12:53:20] [SEVERE ] player 2 placing token on slot 9
[2022-12-12 12:53:20] [SEVERE ] player 2 placing token on slot 1
[2022-12-12 12:53:20] [SEVERE ] player 2 placing token on slot 8
[2022-12-12 12:53:20] [SEVERE ] removing player 2 token from slot 1
[2022-12-12 12:53:20] [SEVERE ] removing player 2 token from slot 8
[2022-12-12 12:53:20] [SEVERE ] removing player 2 token from slot 9
[2022-12-12 12:53:20] [SEVERE ] player 2 placing token on slot 9
[2022-12-12 12:53:20] [SEVERE ] player 2 placing token on slot 8
[2022-12-12 12:53:20] [SEVERE ] player 2 placing token on slot 3
[2022-12-12 12:53:20] [SEVERE ] removing player 2 token from slot 3
[2022-12-12 12:53:20] [SEVERE ] removing player 2 token from slot 8
[2022-12-12 12:53:20] [SEVERE ] removing player 2 token from slot 9
[2022-12-12 12:53:20] [SEVERE ] player 2 placing token on slot 4
[2022-12-12 12:53:20] [SEVERE ] player 2 placing token on slot 9
[2022-12-12 12:53:20] [SEVERE ] player 2 placing token on slot 10
[2022-12-12 12:53:20] [SEVERE ] removing player 2 token from slot 4
[2022-12-12 12:53:20] [SEVERE ] removing player 2 token from slot 9
[2022-12-12 12:53:20] [SEVERE ] removing player 2 token from slot 10
[2022-12-12 12:53:20] [SEVERE ] player 2 placing token on slot 9
[2022-12-12 12:53:20] [SEVERE ] player 2 placing token on slot 10
[2022-12-12 12:53:20] [SEVERE ] player 2 placing token on slot 3
[2022-12-12 12:53:20] [SEVERE ] removing player 2 token from slot 3
[2022-12-12 12:53:20] [SEVERE ] removing player 2 token from slot 9
[2022-12-12 12:53:20] [SEVERE ] removing player 2 token from slot 10
[2022-12-12 12:53:20] [SEVERE ] player 2 placing token on slot 7
[2022-12-12 12:53:20] [SEVERE ] player 2 placing token on slot 11
[2022-12-12 12:53:20] [SEVERE ] player 2 placing token on slot 1
[2022-12-12 12:53:20] [SEVERE ] removing player 2 token from slot 1
[2022-12-12 12:53:20] [SEVERE ] removing player 2 token from slot 7
[2022-12-12 12:53:20] [SEVERE ] removing player 2 token from slot 11
[2022-12-12 12:53:20] [SEVERE ] player 2 placing token on slot 4
[2022-12-12 12:53:20] [SEVERE ] player 2 placing token on slot 6
[2022-12-12 12:53:20] [SEVERE ] player 2 placing token on slot 8
[2022-12-12 12:53:20] [SEVERE ] removing player 2 token from slot 4
[2022-12-12 12:53:20] [SEVERE ] removing player 2 token from slot 6
[2022-12-12 12:53:20] [SEVERE ] removing player 2 token from slot 8
[2022-12-12 12:53:20] [SEVERE ] player 2 placing token on slot 7
[2022-12-12 12:53:20] [SEVERE ] player 2 placing token on slot 6
[2022-12-12 12:53:20] [SEVERE ] player 2 placing token on slot 9
[2022-12-12 12:53:20] [SEVERE ] removing player 2 token from slot 6
[2022-12-12 12:53:20] [SEVERE ] removing player 2 token from slot 7
[2022-12-12 12:53:20] [SEVERE ] removing player 2 token from slot 9
[2022-12-12 12:53:20] [SEVERE ] player 2 placing token on slot 4
[2022-12-12 12:53:21] [SEVERE ] player 2 placing token on slot 2
[2022-12-12 12:53:21] [SEVERE ] player 2 placing token on slot 11
[2022-12-12 12:53:21] [SEVERE ] removing player 2 token from slot 2
[2022-12-12 12:53:21] [SEVERE ] removing player 2 token from slot 4
[2022-12-12 12:53:21] [SEVERE ] removing player 2 token from slot 11
[2022-12-12 12:53:21] [SEVERE ] player 2 placing token on slot 5
[2022-12-12 12:53:21] [SEVERE ] player 2 placing token on slot 0
[2022-12-12 12:53:21] [SEVERE ] player 2 placing token on slot 9
[2022-12-12 12:53:21] [SEVERE ] removing player 2 token from slot 0
[2022-12-12 12:53:21] [SEVERE ] removing player 2 token from slot 5
[2022-12-12 12:53:21] [SEVERE ] removing player 2 token from slot 9
[2022-12-12 12:53:21] [SEVERE ] player 2 placing token on slot 11
[2022-12-12 12:53:21] [SEVERE ] player 2 placing token on slot 4
[2022-12-12 12:53:21] [SEVERE ] player 2 placing token on slot 7
[2022-12-12 12:53:21] [SEVERE ] removing player 2 token from slot 4
[2022-12-12 12:53:21] [SEVERE ] removing player 2 token from slot 7
[2022-12-12 12:53:21] [SEVERE ] removing player 2 token from slot 11
[2022-12-12 12:53:21] [SEVERE ] player 2 placing token on slot 2
[2022-12-12 12:53:21] [SEVERE ] player 2 placing token on slot 11
[2022-12-12 12:53:21] [SEVERE ] player 2 placing token on slot 6
[2022-12-12 12:53:21] [SEVERE ] removing player 2 token from slot 2
[2022-12-12 12:53:21] [SEVERE ] removing player 2 token from slot 6
[2022-12-12 12:53:21] [SEVERE ] removing player 2 token from slot 11
[2022-12-12 12:53:21] [SEVERE ] player 2 placing token on slot 7
[2022-12-12 12:53:21] [SEVERE ] player 2 placing token on slot 4
[2022-12-12 12:53:21] [SEVERE ] player 2 placing token on slot 5
[2022-12-12 12:53:21] [SEVERE ] removing player 2 token from slot 4
[2022-12-12 12:53:21] [SEVERE ] removing player 2 token from slot 5
[2022-12-12 12:53:21] [SEVERE ] removing player 2 token from slot 7
[2022-12-12 12:53:21] [SEVERE ] player 2 placing token on slot 7
[2022-12-12 12:53:21] [SEVERE ] player 2 placing token on slot 0
[2022-12-12 12:53:21] [SEVERE ] player 2 placing token on slot 5
[2022-12-12 12:53:21] [SEVERE ] removing player 2 token from slot 0
[2022-12-12 12:53:21] [SEVERE ] removing player 2 token from slot 5
[2022-12-12 12:53:21] [SEVERE ] removing player 2 token from slot 7
[2022-12-12 12:53:21] [SEVERE ] player 2 placing token on slot 11
[2022-12-12 12:53:21] [SEVERE ] player 2 placing token on slot 8
[2022-12-12 12:53:21] [SEVERE ] player 2 placing token on slot 2
[2022-12-12 12:53:21] [SEVERE ] removing player 2 token from slot 2
[2022-12-12 12:53:21] [SEVERE ] removing player 2 token from slot 8
[2022-12-12 12:53:21] [SEVERE ] removing player 2 token from slot 11
[2022-12-12 12:53:21] [SEVERE ] player 2 placing token on slot 9
[2022-12-12 12:53:21] [SEVERE ] player 2 placing token on slot 2
[2022-12-12 12:53:21] [SEVERE ] player 2 placing token on slot 6
[2022-12-12 12:53:21] [SEVERE ] removing player 2 token from slot 2
[2022-12-12 12:53:21] [SEVERE ] removing player 2 token from slot 6
[2022-12-12 12:53:21] [SEVERE ] removing player 2 token from slot 9
[2022-12-12 12:53:21] [SEVERE ] player 2 placing token on slot 6
[2022-12-12 12:53:21] [SEVERE ] player 2 placing token on slot 4
[2022-12-12 12:53:21] [SEVERE ] player 2 placing token on slot 8
[2022-12-12 12:53:21] [SEVERE ] removing player 2 token from slot 4
[2022-12-12 12:53:21] [SEVERE ] removing player 2 token from slot 6
[2022-12-12 12:53:21] [SEVERE ] removing player 2 token from slot 8
[2022-12-12 12:53:21] [SEVERE ] player 2 placing token on slot 9
[2022-12-12 12:53:21] [SEVERE ] player 2 placing token on slot 6
[2022-12-12 12:53:21] [SEVERE ] player 2 placing token on slot 2
[2022-12-12 12:53:21] [SEVERE ] removing player 2 token from slot 2
[2022-12-12 12:53:21] [SEVERE ] removing player 2 token from slot 6
[2022-12-12 12:53:21] [SEVERE ] removing player 2 token from slot 9
[2022-12-12 12:53:21] [SEVERE ] player 2 placing token on slot 9
[2022-12-12 12:53:21] [SEVERE ] player 2 placing token on slot 5
[2022-12-12 12:53:21] [SEVERE ] player 2 placing token on slot 0
[2022-12-12 12:53:21] [SEVERE ] removing player 2 token from slot 0
[2022-12-12 12:53:21] [SEVERE ] removing player 2 token from slot 5
[2022-12-12 12:53:21] [SEVERE ] removing player 2 token from slot 9
[2022-12-12 12:53:22] [SEVERE ] player 2 placing token on slot 11
[2022-12-12 12:53:22] [SEVERE ] player 2 placing token on slot 4
[2022-12-12 12:53:22] [SEVERE ] player 2 placing token on slot 10
[2022-12-12 12:53:22] [SEVERE ] removing player 2 token from slot 4
[2022-12-12 12:53:22] [SEVERE ] removing player 2 token from slot 10
[2022-12-12 12:53:22] [SEVERE ] removing player 2 token from slot 11
[2022-12-12 12:53:22] [SEVERE ] player 2 placing token on slot 10
[2022-12-12 12:53:22] [SEVERE ] player 2 placing token on slot 0
[2022-12-12 12:53:22] [SEVERE ] player 2 placing token on slot 6
[2022-12-12 12:53:22] [SEVERE ] removing player 2 token from slot 0
[2022-12-12 12:53:22] [SEVERE ] removing player 2 token from slot 6
[2022-12-12 12:53:22] [SEVERE ] removing player 2 token from slot 10
[2022-12-12 12:53:22] [SEVERE ] player 2 placing token on slot 4
[2022-12-12 12:53:22] [SEVERE ] player 2 placing token on slot 0
[2022-12-12 12:53:22] [SEVERE ] player 2 placing token on slot 10
[2022-12-12 12:53:22] [SEVERE ] removing player 2 token from slot 0
[2022-12-12 12:53:22] [SEVERE ] removing player 2 token from slot 4
[2022-12-12 12:53:22] [SEVERE ] removing player 2 token from slot 10
[2022-12-12 12:53:22] [SEVERE ] player 2 placing token on slot 3
[2022-12-12 12:53:22] [SEVERE ] player 2 placing token on slot 0
[2022-12-12 12:53:22] [SEVERE ] player 2 placing token on slot 6
[2022-12-12 12:53:22] [SEVERE ] removing player 2 token from slot 0
[2022-12-12 12:53:22] [SEVERE ] removing player 2 token from slot 3
[2022-12-12 12:53:22] [SEVERE ] removing player 2 token from slot 6
[2022-12-12 12:53:22] [SEVERE ] player 2 placing token on slot 9
[2022-12-12 12:53:22] [SEVERE ] player 2 placing token on slot 1
[2022-12-12 12:53:22] [SEVERE ] player 2 placing token on slot 8
[2022-12-12 12:53:22] [SEVERE ] removing player 2 token from slot 1
[2022-12-12 12:53:22] [SEVERE ] removing player 2 token from slot 8
[2022-12-12 12:53:22] [SEVERE ] removing player 2 token from slot 9
[2022-12-12 12:53:22] [SEVERE ] player 2 placing token on slot 6
[2022-12-12 12:53:22] [SEVERE ] player 2 placing token on slot 0
[2022-12-12 12:53:22] [SEVERE ] player 2 placing token on slot 10
[2022-12-12 12:53:22] [SEVERE ] removing player 2 token from slot 0
[2022-12-12 12:53:22] [SEVERE ] removing player 2 token from slot 6
[2022-12-12 12:53:22] [SEVERE ] removing player 2 token from slot 10
[2022-12-12 12:53:22] [SEVERE ] player 2 placing token on slot 6
[2022-12-12 12:53:22] [SEVERE ] player 2 placing token on slot 7
[2022-12-12 12:53:22] [SEVERE ] player 2 placing token on slot 11
[2022-12-12 12:53:22] [SEVERE ] removing player 2 token from slot 6
[2022-12-12 12:53:22] [SEVERE ] removing player 2 token from slot 7
[2022-12-12 12:53:22] [SEVERE ] removing player 2 token from slot 11
[2022-12-12 12:53:22] [SEVERE ] player 2 placing token on slot 8
[2022-12-12 12:53:22] [SEVERE ] player 2 placing token on slot 11
[2022-12-12 12:53:22] [SEVERE ] player 2 placing token on slot 9
[2022-12-12 12:53:22] [SEVERE ] removing player 2 token from slot 8
[2022-12-12 12:53:22] [SEVERE ] removing player 2 token from slot 9
[2022-12-12 12:53:22] [SEVERE ] removing player 2 token from slot 11
[2022-12-12 12:53:22] [SEVERE ] player 2 placing token on slot 7
[2022-12-12 12:53:22] [SEVERE ] player 2 placing token on slot 8
[2022-12-12 12:53:22] [SEVERE ] player 2 placing token on slot 2
[2022-12-12 12:53:22] [SEVERE ] removing player 2 token from slot 2
[2022-12-12 12:53:22] [SEVERE ] removing player 2 token from slot 7
[2022-12-12 12:53:22] [SEVERE ] removing player 2 token from slot 8
[2022-12-12 12:53:22] [SEVERE ] player 2 placing token on slot 2
[2022-12-12 12:53:22] [SEVERE ] player 2 placing token on slot 4
[2022-12-12 12:53:22] [SEVERE ] player 2 placing token on slot 9
[2022-12-12 12:53:22] [SEVERE ] removing player 2 token from slot 2
[2022-12-12 12:53:22] [SEVERE ] removing player 2 token from slot 4
[2022-12-12 12:53:22] [SEVERE ] removing player 2 token from slot 9
[2022-12-12 12:53:22] [SEVERE ] player 2 placing token on slot 8
[2022-12-12 12:53:22] [SEVERE ] player 2 placing token on slot 2
[2022-12-12 12:53:23] [SEVERE ] player 2 placing token on slot 11
[2022-12-12 12:53:23] [SEVERE ] removing player 2 token from slot 2
[2022-12-12 12:53:23] [SEVERE ] removing player 2 token from slot 8
[2022-12-12 12:53:23] [SEVERE ] removing player 2 token from slot 11
[2022-12-12 12:53:23] [SEVERE ] player 2 placing token on slot 4
[2022-12-12 12:53:23] [SEVERE ] player 2 placing token on slot 6
[2022-12-12 12:53:23] [SEVERE ] player 2 placing token on slot 8
[2022-12-12 12:53:23] [SEVERE ] removing player 2 token from slot 4
[2022-12-12 12:53:23] [SEVERE ] removing player 2 token from slot 6
[2022-12-12 12:53:23] [SEVERE ] removing player 2 token from slot 8
[2022-12-12 12:53:23] [SEVERE ] player 2 placing token on slot 8
[2022-12-12 12:53:23] [SEVERE ] player 2 placing token on slot 2
[2022-12-12 12:53:23] [SEVERE ] player 2 placing token on slot 9
[2022-12-12 12:53:23] [SEVERE ] removing player 2 token from slot 2
[2022-12-12 12:53:23] [SEVERE ] removing player 2 token from slot 8
[2022-12-12 12:53:23] [SEVERE ] removing player 2 token from slot 9
[2022-12-12 12:53:23] [SEVERE ] player 2 placing token on slot 10
[2022-12-12 12:53:23] [SEVERE ] player 2 placing token on slot 4
[2022-12-12 12:53:23] [SEVERE ] player 2 placing token on slot 0
[2022-12-12 12:53:23] [SEVERE ] removing player 2 token from slot 0
[2022-12-12 12:53:23] [SEVERE ] removing player 2 token from slot 4
[2022-12-12 12:53:23] [SEVERE ] removing player 2 token from slot 10
[2022-12-12 12:53:23] [SEVERE ] player 2 placing token on slot 0
[2022-12-12 12:53:23] [SEVERE ] player 2 placing token on slot 8
[2022-12-12 12:53:23] [SEVERE ] player 2 placing token on slot 5
[2022-12-12 12:53:23] [SEVERE ] removing player 2 token from slot 0
[2022-12-12 12:53:23] [SEVERE ] removing player 2 token from slot 5
[2022-12-12 12:53:23] [SEVERE ] removing player 2 token from slot 8
[2022-12-12 12:53:23] [SEVERE ] player 2 placing token on slot 3
[2022-12-12 12:53:23] [SEVERE ] player 2 placing token on slot 0
[2022-12-12 12:53:23] [SEVERE ] player 2 placing token on slot 7
[2022-12-12 12:53:23] [SEVERE ] removing player 2 token from slot 0
[2022-12-12 12:53:23] [SEVERE ] removing player 2 token from slot 3
[2022-12-12 12:53:23] [SEVERE ] removing player 2 token from slot 7
[2022-12-12 12:53:23] [SEVERE ] player 2 placing token on slot 4
[2022-12-12 12:53:23] [SEVERE ] player 2 placing token on slot 3
[2022-12-12 12:53:23] [SEVERE ] player 2 placing token on slot 2
[2022-12-12 12:53:23] [SEVERE ] removing player 2 token from slot 2
[2022-12-12 12:53:23] [SEVERE ] removing player 2 token from slot 3
[2022-12-12 12:53:23] [SEVERE ] removing player 2 token from slot 4
[2022-12-12 12:53:23] [SEVERE ] player 2 placing token on slot 3
[2022-12-12 12:53:23] [SEVERE ] player 2 placing token on slot 11
[2022-12-12 12:53:23] [SEVERE ] player 2 placing token on slot 4
[2022-12-12 12:53:23] [SEVERE ] removing player 2 token from slot 3
[2022-12-12 12:53:23] [SEVERE ] removing player 2 token from slot 4
[2022-12-12 12:53:23] [SEVERE ] removing player 2 token from slot 11
[2022-12-12 12:53:23] [SEVERE ] player 2 placing token on slot 10
[2022-12-12 12:53:23] [SEVERE ] player 2 placing token on slot 7
[2022-12-12 12:53:23] [SEVERE ] player 2 placing token on slot 0
[2022-12-12 12:53:23] [SEVERE ] removing player 2 token from slot 0
[2022-12-12 12:53:23] [SEVERE ] removing player 2 token from slot 7
[2022-12-12 12:53:23] [SEVERE ] removing player 2 token from slot 10
[2022-12-12 12:53:23] [SEVERE ] player 2 placing token on slot 11
[2022-12-12 12:53:23] [SEVERE ] player 2 placing token on slot 7
[2022-12-12 12:53:23] [SEVERE ] player 2 placing token on slot 1
[2022-12-12 12:53:23] [SEVERE ] removing player 2 token from slot 1
[2022-12-12 12:53:23] [SEVERE ] removing player 2 token from slot 7
[2022-12-12 12:53:23] [SEVERE ] removing player 2 token from slot 11
[2022-12-12 12:53:23] [SEVERE ] player 2 placing token on slot 10
[2022-12-12 12:53:23] [SEVERE ] player 2 placing token on slot 11
[2022-12-12 12:53:23] [SEVERE ] player 2 placing token on slot 0
[2022-12-12 12:53:23] [SEVERE ] removing player 2 token from slot 0
[2022-12-12 12:53:23] [SEVERE ] removing player 2 token from slot 10
[2022-12-12 12:53:23] [SEVERE ] removing player 2 token from slot 11
[2022-12-12 12:53:23] [SEVERE ] player 2 placing token on slot 3
[2022-12-12 12:53:23] [SEVERE ] player 2 placing token on slot 4
[2022-12-12 12:53:23] [SEVERE ] player 2 placing token on slot 10
[2022-12-12 12:53:23] [SEVERE ] removing player 2 token from slot 3
[2022-12-12 12:53:23] [SEVERE ] removing player 2 token from slot 4
[2022-12-12 12:53:23] [SEVERE ] removing player 2 token from slot 10
[2022-12-12 12:53:24] [SEVERE ] player 2 placing token on slot 5
[2022-12-12 12:53:24] [SEVERE ] player 2 placing token on slot 11
[2022-12-12 12:53:24] [SEVERE ] player 2 placing token on slot 0
[2022-12-12 12:53:24] [SEVERE ] removing player 2 token from slot 0
[2022-12-12 12:53:24] [SEVERE ] removing player 2 token from slot 5
[2022-12-12 12:53:24] [SEVERE ] removing player 2 token from slot 11
[2022-12-12 12:53:24] [SEVERE ] player 2 placing token on slot 9
[2022-12-12 12:53:24] [SEVERE ] player 2 placing token on slot 2
[2022-12-12 12:53:24] [SEVERE ] player 2 placing token on slot 10
[2022-12-12 12:53:24] [SEVERE ] removing player 2 token from slot 2
[2022-12-12 12:53:24] [SEVERE ] removing player 2 token from slot 9
[2022-12-12 12:53:24] [SEVERE ] removing player 2 token from slot 10
[2022-12-12 12:53:24] [SEVERE ] player 2 placing token on slot 10
[2022-12-12 12:53:24] [SEVERE ] player 2 placing token on slot 4
[2022-12-12 12:53:24] [SEVERE ] player 2 placing token on slot 1
[2022-12-12 12:53:24] [SEVERE ] removing player 2 token from slot 1
[2022-12-12 12:53:24] [SEVERE ] removing player 2 token from slot 4
[2022-12-12 12:53:24] [SEVERE ] removing player 2 token from slot 10
[2022-12-12 12:53:24] [SEVERE ] player 2 placing token on slot 3
[2022-12-12 12:53:24] [SEVERE ] player 2 placing token on slot 6
[2022-12-12 12:53:24] [SEVERE ] player 2 placing token on slot 5
[2022-12-12 12:53:24] [SEVERE ] removing player 2 token from slot 3
[2022-12-12 12:53:24] [SEVERE ] removing player 2 token from slot 5
[2022-12-12 12:53:24] [SEVERE ] removing player 2 token from slot 6
[2022-12-12 12:53:24] [SEVERE ] player 2 placing token on slot 6
[2022-12-12 12:53:24] [SEVERE ] player 2 placing token on slot 2
[2022-12-12 12:53:24] [SEVERE ] player 2 placing token on slot 4
[2022-12-12 12:53:24] [SEVERE ] removing player 2 token from slot 2
[2022-12-12 12:53:24] [SEVERE ] removing player 2 token from slot 4
[2022-12-12 12:53:24] [SEVERE ] removing player 2 token from slot 6
[2022-12-12 12:53:24] [SEVERE ] player 2 placing token on slot 11
[2022-12-12 12:53:24] [SEVERE ] player 2 placing token on slot 10
[2022-12-12 12:53:24] [SEVERE ] player 2 placing token on slot 0
[2022-12-12 12:53:24] [SEVERE ] removing player 2 token from slot 0
[2022-12-12 12:53:24] [SEVERE ] removing player 2 token from slot 10
[2022-12-12 12:53:24] [SEVERE ] removing player 2 token from slot 11
[2022-12-12 12:53:24] [SEVERE ] player 2 placing token on slot 1
[2022-12-12 12:53:24] [SEVERE ] player 2 placing token on slot 11
[2022-12-12 12:53:24] [SEVERE ] player 2 placing token on slot 10
[2022-12-12 12:53:24] [SEVERE ] removing player 2 token from slot 1
[2022-12-12 12:53:24] [SEVERE ] removing player 2 token from slot 10
[2022-12-12 12:53:24] [SEVERE ] removing player 2 token from slot 11
[2022-12-12 12:53:24] [SEVERE ] player 2 placing token on slot 11
[2022-12-12 12:53:24] [SEVERE ] player 2 placing token on slot 2
[2022-12-12 12:53:24] [SEVERE ] player 2 placing token on slot 6
[2022-12-12 12:53:24] [SEVERE ] removing player 2 token from slot 2
[2022-12-12 12:53:24] [SEVERE ] removing player 2 token from slot 6
[2022-12-12 12:53:24] [SEVERE ] removing player 2 token from slot 11
[2022-12-12 12:53:24] [SEVERE ] player 2 placing token on slot 11
[2022-12-12 12:53:24] [SEVERE ] player 2 placing token on slot 6
[2022-12-12 12:53:24] [SEVERE ] player 2 placing token on slot 1
[2022-12-12 12:53:24] [SEVERE ] removing player 2 token from slot 1
[2022-12-12 12:53:24] [SEVERE ] removing player 2 token from slot 6
[2022-12-12 12:53:24] [SEVERE ] removing player 2 token from slot 11
[2022-12-12 12:53:24] [SEVERE ] player 2 placing token on slot 4
[2022-12-12 12:53:24] [SEVERE ] player 2 placing token on slot 7
[2022-12-12 12:53:24] [SEVERE ] player 2 placing token on slot 11
[2022-12-12 12:53:24] [SEVERE ] removing player 2 token from slot 4
[2022-12-12 12:53:24] [SEVERE ] removing player 2 token from slot 7
[2022-12-12 12:53:24] [SEVERE ] removing player 2 token from slot 11
[2022-12-12 12:53:24] [SEVERE ] player 2 placing token on slot 1
[2022-12-12 12:53:24] [SEVERE ] player 2 placing token on slot 2
[2022-12-12 12:53:24] [SEVERE ] player 2 placing token on slot 10
[2022-12-12 12:53:24] [SEVERE ] removing player 2 token from slot 1
[2022-12-12 12:53:24] [SEVERE ] removing player 2 token from slot 2
[2022-12-12 12:53:24] [SEVERE ] removing player 2 token from slot 10
[2022-12-12 12:53:24] [SEVERE ] player 2 placing token on slot 8
[2022-12-12 12:53:25] [SEVERE ] player 2 placing token on slot 0
[2022-12-12 12:53:25] [SEVERE ] player 2 placing token on slot 1
[2022-12-12 12:53:25] [SEVERE ] removing player 2 token from slot 0
[2022-12-12 12:53:25] [SEVERE ] removing player 2 token from slot 1
[2022-12-12 12:53:25] [SEVERE ] removing player 2 token from slot 8
[2022-12-12 12:53:25] [SEVERE ] player 2 placing token on slot 1
[2022-12-12 12:53:25] [SEVERE ] player 2 placing token on slot 8
[2022-12-12 12:53:25] [SEVERE ] player 2 placing token on slot 11
[2022-12-12 12:53:25] [SEVERE ] removing player 2 token from slot 1
[2022-12-12 12:53:25] [SEVERE ] removing player 2 token from slot 8
[2022-12-12 12:53:25] [SEVERE ] removing player 2 token from slot 11
[2022-12-12 12:53:25] [SEVERE ] player 2 placing token on slot 0
[2022-12-12 12:53:25] [SEVERE ] player 2 placing token on slot 3
[2022-12-12 12:53:25] [SEVERE ] player 2 placing token on slot 7
[2022-12-12 12:53:25] [SEVERE ] removing player 2 token from slot 0
[2022-12-12 12:53:25] [SEVERE ] removing player 2 token from slot 3
[2022-12-12 12:53:25] [SEVERE ] removing player 2 token from slot 7
[2022-12-12 12:53:25] [SEVERE ] player 2 placing token on slot 2
[2022-12-12 12:53:25] [SEVERE ] player 2 placing token on slot 5
[2022-12-12 12:53:25] [SEVERE ] player 2 placing token on slot 10
[2022-12-12 12:53:25] [SEVERE ] removing player 2 token from slot 2
[2022-12-12 12:53:25] [SEVERE ] removing player 2 token from slot 5
[2022-12-12 12:53:25] [SEVERE ] removing player 2 token from slot 10
[2022-12-12 12:53:25] [SEVERE ] player 2 placing token on slot 7
[2022-12-12 12:53:25] [SEVERE ] player 2 placing token on slot 3
[2022-12-12 12:53:25] [SEVERE ] player 2 placing token on slot 5
[2022-12-12 12:53:25] [SEVERE ] removing player 2 token from slot 3
[2022-12-12 12:53:25] [SEVERE ] removing player 2 token from slot 5
[2022-12-12 12:53:25] [SEVERE ] removing player 2 token from slot 7
[2022-12-12 12:53:25] [SEVERE ] player 2 placing token on slot 1
[2022-12-12 12:53:25] [SEVERE ] player 2 placing token on slot 5
[2022-12-12 12:53:25] [SEVERE ] player 2 placing token on slot 4
[2022-12-12 12:53:25] [SEVERE ] removing player 2 token from slot 1
[2022-12-12 12:53:25] [SEVERE ] removing player 2 token from slot 4
[2022-12-12 12:53:25] [SEVERE ] removing player 2 token from slot 5
[2022-12-12 12:53:25] [SEVERE ] player 2 placing token on slot 0
[2022-12-12 12:53:25] [SEVERE ] player 2 placing token on slot 5
[2022-12-12 12:53:25] [SEVERE ] player 2 placing token on slot 11
[2022-12-12 12:53:25] [SEVERE ] removing player 2 token from slot 0
[2022-12-12 12:53:25] [SEVERE ] removing player 2 token from slot 5
[2022-12-12 12:53:25] [SEVERE ] removing player 2 token from slot 11
[2022-12-12 12:53:25] [SEVERE ] player 2 placing token on slot 8
[2022-12-12 12:53:25] [SEVERE ] player 2 placing token on slot 7
[2022-12-12 12:53:25] [SEVERE ] player 2 placing token on slot 6
[2022-12-12 12:53:25] [SEVERE ] removing player 2 token from slot 6
[2022-12-12 12:53:25] [SEVERE ] removing player 2 token from slot 7
[2022-12-12 12:53:25] [SEVERE ] removing player 2 token from slot 8
[2022-12-12 12:53:25] [SEVERE ] player 2 placing token on slot 11
[2022-12-12 12:53:25] [SEVERE ] player 2 placing token on slot 3
[2022-12-12 12:53:25] [SEVERE ] player 2 placing token on slot 9
[2022-12-12 12:53:25] [SEVERE ] removing player 2 token from slot 3
[2022-12-12 12:53:25] [SEVERE ] removing player 2 token from slot 9
[2022-12-12 12:53:25] [SEVERE ] removing player 2 token from slot 11
[2022-12-12 12:53:25] [SEVERE ] player 2 placing token on slot 7
[2022-12-12 12:53:25] [SEVERE ] player 2 placing token on slot 3
[2022-12-12 12:53:25] [SEVERE ] player 2 placing token on slot 6
[2022-12-12 12:53:25] [SEVERE ] removing player 2 token from slot 3
[2022-12-12 12:53:25] [SEVERE ] removing player 2 token from slot 6
[2022-12-12 12:53:25] [SEVERE ] removing player 2 token from slot 7
[2022-12-12 12:53:25] [SEVERE ] player 2 placing token on slot 4
[2022-12-12 12:53:25] [SEVERE ] player 2 placing token on slot 8
[2022-12-12 12:53:25] [SEVERE ] player 2 placing token on slot 5
[2022-12-12 12:53:25] [SEVERE ] removing player 2 token from slot 4
[2022-12-12 12:53:25] [SEVERE ] removing player 2 token from slot 5
[2022-12-12 12:53:25] [SEVERE ] removing player 2 token from slot 8
[2022-12-12 12:53:26] [SEVERE ] player 2 placing token on slot 1
[2022-12-12 12:53:26] [SEVERE ] player 2 placing token on slot 9
[2022-12-12 12:53:26] [SEVERE ] player 2 placing token on slot 2
[2022-12-12 12:53:26] [SEVERE ] removing player 2 token from slot 1
[2022-12-12 12:53:26] [SEVERE ] removing player 2 token from slot 2
[2022-12-12 12:53:26] [SEVERE ] removing player 2 token from slot 9
[2022-12-12 12:53:26] [SEVERE ] player 2 placing token on slot 9
[2022-12-12 12:53:26] [SEVERE ] player 2 placing token on slot 2
[2022-12-12 12:53:26] [SEVERE ] player 2 placing token on slot 11
[2022-12-12 12:53:26] [SEVERE ] removing player 2 token from slot 2
[2022-12-12 12:53:26] [SEVERE ] removing player 2 token from slot 9
[2022-12-12 12:53:26] [SEVERE ] removing player 2 token from slot 11
[2022-12-12 12:53:26] [SEVERE ] player 2 placing token on slot 3
[2022-12-12 12:53:26] [SEVERE ] player 2 placing token on slot 2
[2022-12-12 12:53:26] [SEVERE ] player 2 placing token on slot 11
[2022-12-12 12:53:26] [SEVERE ] removing player 2 token from slot 2
[2022-12-12 12:53:26] [SEVERE ] removing player 2 token from slot 3
[2022-12-12 12:53:26] [SEVERE ] removing player 2 token from slot 11
[2022-12-12 12:53:26] [SEVERE ] player 2 placing token on slot 9
[2022-12-12 12:53:26] [SEVERE ] player 2 placing token on slot 3
[2022-12-12 12:53:26] [SEVERE ] player 2 placing token on slot 1
[2022-12-12 12:53:26] [SEVERE ] removing player 2 token from slot 1
[2022-12-12 12:53:26] [SEVERE ] removing player 2 token from slot 3
[2022-12-12 12:53:26] [SEVERE ] removing player 2 token from slot 9
[2022-12-12 12:53:26] [SEVERE ] player 2 placing token on slot 7
[2022-12-12 12:53:26] [SEVERE ] player 2 placing token on slot 2
[2022-12-12 12:53:26] [SEVERE ] player 2 placing token on slot 4
[2022-12-12 12:53:26] [SEVERE ] removing player 2 token from slot 2
[2022-12-12 12:53:26] [SEVERE ] removing player 2 token from slot 4
[2022-12-12 12:53:26] [SEVERE ] removing player 2 token from slot 7
[2022-12-12 12:53:26] [SEVERE ] player 2 placing token on slot 0
[2022-12-12 12:53:26] [SEVERE ] player 2 placing token on slot 9
[2022-12-12 12:53:26] [SEVERE ] player 2 placing token on slot 5
[2022-12-12 12:53:26] [SEVERE ] removing player 2 token from slot 0
[2022-12-12 12:53:26] [SEVERE ] removing player 2 token from slot 5
[2022-12-12 12:53:26] [SEVERE ] removing player 2 token from slot 9
[2022-12-12 12:53:26] [SEVERE ] player 2 placing token on slot 9
[2022-12-12 12:53:26] [SEVERE ] player 2 placing token on slot 5
[2022-12-12 12:53:26] [SEVERE ] player 2 placing token on slot 11
[2022-12-12 12:53:26] [SEVERE ] removing player 2 token from slot 5
[2022-12-12 12:53:26] [SEVERE ] removing player 2 token from slot 9
[2022-12-12 12:53:26] [SEVERE ] removing player 2 token from slot 11
[2022-12-12 12:53:26] [SEVERE ] player 2 placing token on slot 2
[2022-12-12 12:53:26] [SEVERE ] player 2 placing token on slot 7
[2022-12-12 12:53:26] [SEVERE ] player 2 placing token on slot 1
[2022-12-12 12:53:26] [SEVERE ] removing player 2 token from slot 1
[2022-12-12 12:53:26] [SEVERE ] removing player 2 token from slot 2
[2022-12-12 12:53:26] [SEVERE ] removing player 2 token from slot 7
[2022-12-12 12:53:26] [SEVERE ] player 2 placing token on slot 4
[2022-12-12 12:53:26] [SEVERE ] player 2 placing token on slot 5
[2022-12-12 12:53:26] [SEVERE ] player 2 placing token on slot 6
[2022-12-12 12:53:26] [SEVERE ] removing player 2 token from slot 4
[2022-12-12 12:53:26] [SEVERE ] removing player 2 token from slot 5
[2022-12-12 12:53:26] [SEVERE ] removing player 2 token from slot 6
[2022-12-12 12:53:26] [SEVERE ] player 2 placing token on slot 4
[2022-12-12 12:53:26] [SEVERE ] player 2 placing token on slot 10
[2022-12-12 12:53:26] [SEVERE ] player 2 placing token on slot 11
[2022-12-12 12:53:26] [SEVERE ] removing player 2 token from slot 4
[2022-12-12 12:53:26] [SEVERE ] removing player 2 token from slot 10
[2022-12-12 12:53:26] [SEVERE ] removing player 2 token from slot 11
[2022-12-12 12:53:26] [SEVERE ] player 2 placing token on slot 8
[2022-12-12 12:53:26] [SEVERE ] player 2 placing token on slot 10
[2022-12-12 12:53:26] [SEVERE ] player 2 placing token on slot 3
[2022-12-12 12:53:26] [SEVERE ] removing player 2 token from slot 3
[2022-12-12 12:53:26] [SEVERE ] removing player 2 token from slot 8
[2022-12-12 12:53:26] [SEVERE ] removing player 2 token from slot 10
[2022-12-12 12:53:26] [SEVERE ] player 2 placing token on slot 5
[2022-12-12 12:53:27] [SEVERE ] player 2 placing token on slot 3
[2022-12-12 12:53:27] [SEVERE ] player 2 placing token on slot 6
[2022-12-12 12:53:27] [SEVERE ] removing player 2 token from slot 3
[2022-12-12 12:53:27] [SEVERE ] removing player 2 token from slot 5
[2022-12-12 12:53:27] [SEVERE ] removing player 2 token from slot 6
[2022-12-12 12:53:27] [SEVERE ] player 2 placing token on slot 6
[2022-12-12 12:53:27] [SEVERE ] player 2 placing token on slot 9
[2022-12-12 12:53:27] [SEVERE ] player 2 placing token on slot 3
[2022-12-12 12:53:27] [SEVERE ] removing player 2 token from slot 3
[2022-12-12 12:53:27] [SEVERE ] removing player 2 token from slot 6
[2022-12-12 12:53:27] [SEVERE ] removing player 2 token from slot 9
[2022-12-12 12:53:27] [SEVERE ] player 2 placing token on slot 11
[2022-12-12 12:53:27] [SEVERE ] player 2 placing token on slot 2
[2022-12-12 12:53:27] [SEVERE ] player 2 placing token on slot 10
[2022-12-12 12:53:27] [SEVERE ] removing player 2 token from slot 2
[2022-12-12 12:53:27] [SEVERE ] removing player 2 token from slot 10
[2022-12-12 12:53:27] [SEVERE ] removing player 2 token from slot 11
[2022-12-12 12:53:27] [SEVERE ] player 2 placing token on slot 5
[2022-12-12 12:53:27] [SEVERE ] player 2 placing token on slot 9
[2022-12-12 12:53:27] [SEVERE ] player 2 placing token on slot 4
[2022-12-12 12:53:27] [SEVERE ] setting player 2 score to 2
[2022-12-12 12:53:27] [SEVERE ] player 2 placing token on slot 5
[2022-12-12 12:53:27] [SEVERE ] player 2 placing token on slot 7
[2022-12-12 12:53:27] [SEVERE ] player 2 placing token on slot 8
[2022-12-12 12:53:27] [SEVERE ] removing tokens from slot 4
[2022-12-12 12:53:27] [SEVERE ] removing card from slot 4
[2022-12-12 12:53:27] [SEVERE ] removing tokens from slot 5
[2022-12-12 12:53:27] [SEVERE ] removing card from slot 5
[2022-12-12 12:53:27] [SEVERE ] removing tokens from slot 9
[2022-12-12 12:53:27] [SEVERE ] removing card from slot 9
[2022-12-12 12:53:27] [SEVERE ] placing card 68 in slot 4
[2022-12-12 12:53:27] [SEVERE ] placing card 46 in slot 5
[2022-12-12 12:53:27] [SEVERE ] placing card 76 in slot 9
