[2022-12-10 13:59:13] [INFO   ] cannot read configuration file config.properties trying from resources.
[2022-12-10 13:59:13] [INFO   ] configuration file was loaded from resources directory.
[2022-12-10 13:59:14] [INFO   ] Thread Thread-0starting.
[2022-12-10 13:59:14] [INFO   ] Thread Thread-4starting.
[2022-12-10 13:59:14] [INFO   ] Thread Thread-3starting.
[2022-12-10 13:59:14] [INFO   ] Thread dealer starting.
[2022-12-10 13:59:14] [INFO   ] Thread Thread-2starting.
[2022-12-10 13:59:14] [INFO   ] Thread Thread-1starting.
[2022-12-10 13:59:14] [INFO   ] Thread computer-4 starting.
[2022-12-10 13:59:14] [INFO   ] Thread computer-2 starting.
[2022-12-10 13:59:14] [INFO   ] Thread computer-3 starting.
[2022-12-10 13:59:14] [SEVERE ] placing card 80 in slot 0
[2022-12-10 13:59:14] [SEVERE ] placing card 70 in slot 1
[2022-12-10 13:59:14] [SEVERE ] placing card 57 in slot 2
[2022-12-10 13:59:14] [SEVERE ] placing card 72 in slot 3
[2022-12-10 13:59:14] [SEVERE ] placing card 24 in slot 4
[2022-12-10 13:59:15] [SEVERE ] placing card 55 in slot 5
[2022-12-10 13:59:15] [SEVERE ] placing card 6 in slot 6
[2022-12-10 13:59:15] [SEVERE ] placing card 26 in slot 7
[2022-12-10 13:59:15] [SEVERE ] placing card 7 in slot 8
[2022-12-10 13:59:15] [SEVERE ] placing card 27 in slot 9
[2022-12-10 13:59:15] [SEVERE ] placing card 48 in slot 10
[2022-12-10 13:59:15] [SEVERE ] placing card 31 in slot 11
[2022-12-10 13:59:16] [SEVERE ] player 3 placing token on slot 6
[2022-12-10 13:59:16] [SEVERE ] player 2 placing token on slot 10
[2022-12-10 13:59:17] [SEVERE ] player 3 placing token on slot 1
[2022-12-10 13:59:17] [SEVERE ] player 4 placing token on slot 9
[2022-12-10 13:59:18] [SEVERE ] player 2 placing token on slot 7
[2022-12-10 13:59:19] [SEVERE ] player 2 placing token on slot 4
[2022-12-10 13:59:19] [SEVERE ] removing player 2 token from slot 4
[2022-12-10 13:59:19] [SEVERE ] removing player 2 token from slot 7
[2022-12-10 13:59:19] [SEVERE ] removing player 2 token from slot 10
[2022-12-10 13:59:20] [SEVERE ] player 4 placing token on slot 5
[2022-12-10 13:59:20] [SEVERE ] player 3 placing token on slot 3
[2022-12-10 13:59:20] [SEVERE ] removing player 3 token from slot 1
[2022-12-10 13:59:20] [SEVERE ] removing player 3 token from slot 3
[2022-12-10 13:59:20] [SEVERE ] removing player 3 token from slot 6
[2022-12-10 13:59:20] [SEVERE ] player 4 placing token on slot 4
[2022-12-10 13:59:20] [SEVERE ] removing player 4 token from slot 4
[2022-12-10 13:59:20] [SEVERE ] removing player 4 token from slot 5
[2022-12-10 13:59:20] [SEVERE ] removing player 4 token from slot 9
[2022-12-10 13:59:23] [SEVERE ] player 2 placing token on slot 1
[2022-12-10 13:59:24] [SEVERE ] player 2 placing token on slot 3
[2022-12-10 13:59:24] [SEVERE ] player 3 placing token on slot 5
[2022-12-10 13:59:25] [SEVERE ] player 3 placing token on slot 2
[2022-12-10 13:59:26] [SEVERE ] player 2 placing token on slot 4
[2022-12-10 13:59:26] [SEVERE ] removing player 2 token from slot 1
[2022-12-10 13:59:26] [SEVERE ] removing player 2 token from slot 3
[2022-12-10 13:59:26] [SEVERE ] removing player 2 token from slot 4
[2022-12-10 13:59:26] [SEVERE ] player 4 placing token on slot 9
[2022-12-10 13:59:26] [SEVERE ] player 3 placing token on slot 6
[2022-12-10 13:59:26] [SEVERE ] removing player 3 token from slot 2
[2022-12-10 13:59:26] [SEVERE ] removing player 3 token from slot 5
[2022-12-10 13:59:26] [SEVERE ] removing player 3 token from slot 6
[2022-12-10 13:59:29] [SEVERE ] player 4 placing token on slot 6
[2022-12-10 13:59:29] [SEVERE ] player 2 placing token on slot 9
[2022-12-10 13:59:29] [SEVERE ] player 4 placing token on slot 11
[2022-12-10 13:59:29] [SEVERE ] removing player 4 token from slot 6
[2022-12-10 13:59:29] [SEVERE ] removing player 4 token from slot 9
[2022-12-10 13:59:29] [SEVERE ] removing player 4 token from slot 11
[2022-12-10 13:59:30] [SEVERE ] player 3 placing token on slot 10
[2022-12-10 13:59:30] [SEVERE ] player 2 placing token on slot 0
[2022-12-10 13:59:32] [SEVERE ] player 3 placing token on slot 6
[2022-12-10 13:59:32] [SEVERE ] player 2 placing token on slot 11
[2022-12-10 13:59:32] [SEVERE ] removing player 2 token from slot 0
[2022-12-10 13:59:32] [SEVERE ] removing player 2 token from slot 9
[2022-12-10 13:59:32] [SEVERE ] removing player 2 token from slot 11
[2022-12-10 13:59:33] [SEVERE ] player 4 placing token on slot 8
[2022-12-10 13:59:34] [SEVERE ] player 3 placing token on slot 5
[2022-12-10 13:59:34] [SEVERE ] removing player 3 token from slot 5
[2022-12-10 13:59:34] [SEVERE ] removing player 3 token from slot 6
[2022-12-10 13:59:34] [SEVERE ] removing player 3 token from slot 10
[2022-12-10 13:59:35] [SEVERE ] removing tokens from slot 0
[2022-12-10 13:59:35] [SEVERE ] removing card from slot 0
[2022-12-10 13:59:35] [SEVERE ] removing tokens from slot 1
[2022-12-10 13:59:35] [SEVERE ] removing card from slot 1
[2022-12-10 13:59:36] [SEVERE ] removing tokens from slot 2
[2022-12-10 13:59:36] [SEVERE ] removing card from slot 2
[2022-12-10 13:59:36] [SEVERE ] removing tokens from slot 3
[2022-12-10 13:59:36] [SEVERE ] removing card from slot 3
[2022-12-10 13:59:36] [SEVERE ] removing tokens from slot 4
[2022-12-10 13:59:36] [SEVERE ] removing card from slot 4
[2022-12-10 13:59:36] [SEVERE ] removing tokens from slot 5
[2022-12-10 13:59:36] [SEVERE ] removing card from slot 5
[2022-12-10 13:59:36] [SEVERE ] removing tokens from slot 6
[2022-12-10 13:59:36] [SEVERE ] removing card from slot 6
[2022-12-10 13:59:36] [SEVERE ] removing tokens from slot 7
[2022-12-10 13:59:36] [SEVERE ] removing card from slot 7
[2022-12-10 13:59:36] [SEVERE ] removing tokens from slot 8
[2022-12-10 13:59:36] [SEVERE ] removing card from slot 8
[2022-12-10 13:59:36] [SEVERE ] removing tokens from slot 9
[2022-12-10 13:59:36] [SEVERE ] removing card from slot 9
[2022-12-10 13:59:36] [SEVERE ] player 4 placing token on slot 10
[2022-12-10 13:59:36] [SEVERE ] removing tokens from slot 10
[2022-12-10 13:59:36] [SEVERE ] removing card from slot 10
[2022-12-10 13:59:36] [SEVERE ] removing tokens from slot 11
[2022-12-10 13:59:36] [SEVERE ] removing card from slot 11
[2022-12-10 13:59:37] [SEVERE ] placing card 34 in slot 0
[2022-12-10 13:59:37] [SEVERE ] placing card 17 in slot 1
[2022-12-10 13:59:37] [SEVERE ] placing card 58 in slot 2
[2022-12-10 13:59:37] [SEVERE ] placing card 57 in slot 3
[2022-12-10 13:59:37] [SEVERE ] placing card 74 in slot 4
[2022-12-10 13:59:37] [SEVERE ] placing card 59 in slot 5
[2022-12-10 13:59:37] [SEVERE ] placing card 18 in slot 6
[2022-12-10 13:59:37] [SEVERE ] placing card 68 in slot 7
[2022-12-10 13:59:37] [SEVERE ] placing card 0 in slot 8
[2022-12-10 13:59:38] [SEVERE ] placing card 8 in slot 9
[2022-12-10 13:59:38] [SEVERE ] placing card 40 in slot 10
[2022-12-10 13:59:38] [SEVERE ] placing card 31 in slot 11
[2022-12-10 13:59:38] [SEVERE ] player 2 placing token on slot 5
[2022-12-10 13:59:39] [SEVERE ] player 3 placing token on slot 7
[2022-12-10 13:59:39] [SEVERE ] player 2 placing token on slot 6
[2022-12-10 13:59:39] [SEVERE ] player 4 placing token on slot 10
[2022-12-10 13:59:40] [SEVERE ] player 2 placing token on slot 3
[2022-12-10 13:59:40] [SEVERE ] removing player 2 token from slot 3
[2022-12-10 13:59:40] [SEVERE ] removing player 2 token from slot 5
[2022-12-10 13:59:40] [SEVERE ] removing player 2 token from slot 6
[2022-12-10 13:59:41] [SEVERE ] player 3 placing token on slot 5
[2022-12-10 13:59:41] [SEVERE ] player 4 placing token on slot 0
[2022-12-10 13:59:43] [SEVERE ] player 2 placing token on slot 3
[2022-12-10 13:59:44] [SEVERE ] player 3 placing token on slot 1
[2022-12-10 13:59:44] [SEVERE ] removing player 3 token from slot 1
[2022-12-10 13:59:44] [SEVERE ] removing player 3 token from slot 5
[2022-12-10 13:59:44] [SEVERE ] removing player 3 token from slot 7
[2022-12-10 13:59:44] [SEVERE ] player 4 placing token on slot 9
[2022-12-10 13:59:44] [SEVERE ] removing player 4 token from slot 0
[2022-12-10 13:59:44] [SEVERE ] removing player 4 token from slot 9
[2022-12-10 13:59:44] [SEVERE ] removing player 4 token from slot 10
[2022-12-10 13:59:44] [SEVERE ] player 2 placing token on slot 1
[2022-12-10 13:59:46] [SEVERE ] player 2 placing token on slot 7
[2022-12-10 13:59:46] [SEVERE ] removing player 2 token from slot 1
[2022-12-10 13:59:46] [SEVERE ] removing player 2 token from slot 3
[2022-12-10 13:59:46] [SEVERE ] removing player 2 token from slot 7
[2022-12-10 13:59:48] [SEVERE ] player 3 placing token on slot 11
[2022-12-10 13:59:48] [SEVERE ] player 4 placing token on slot 9
[2022-12-10 13:59:48] [SEVERE ] player 3 placing token on slot 9
[2022-12-10 13:59:49] [SEVERE ] player 3 placing token on slot 5
[2022-12-10 13:59:49] [SEVERE ] removing player 3 token from slot 5
[2022-12-10 13:59:49] [SEVERE ] removing player 3 token from slot 9
[2022-12-10 13:59:49] [SEVERE ] removing player 3 token from slot 11
[2022-12-10 13:59:50] [SEVERE ] player 2 placing token on slot 6
[2022-12-10 13:59:50] [SEVERE ] player 4 placing token on slot 10
[2022-12-10 13:59:51] [SEVERE ] player 2 placing token on slot 8
[2022-12-10 13:59:52] [SEVERE ] player 2 placing token on slot 7
[2022-12-10 13:59:52] [SEVERE ] removing player 2 token from slot 6
[2022-12-10 13:59:52] [SEVERE ] removing player 2 token from slot 7
[2022-12-10 13:59:52] [SEVERE ] removing player 2 token from slot 8
[2022-12-10 13:59:52] [SEVERE ] player 4 placing token on slot 2
[2022-12-10 13:59:52] [SEVERE ] removing player 4 token from slot 2
[2022-12-10 13:59:52] [SEVERE ] removing player 4 token from slot 9
[2022-12-10 13:59:52] [SEVERE ] removing player 4 token from slot 10
[2022-12-10 13:59:54] [SEVERE ] player 3 placing token on slot 3
[2022-12-10 13:59:56] [SEVERE ] player 3 placing token on slot 1
[2022-12-10 13:59:56] [SEVERE ] player 4 placing token on slot 9
[2022-12-10 13:59:56] [SEVERE ] player 2 placing token on slot 1
[2022-12-10 13:59:58] [SEVERE ] removing tokens from slot 0
[2022-12-10 13:59:58] [SEVERE ] removing card from slot 0
[2022-12-10 13:59:58] [SEVERE ] removing tokens from slot 1
[2022-12-10 13:59:58] [SEVERE ] removing card from slot 1
[2022-12-10 13:59:58] [SEVERE ] removing tokens from slot 2
[2022-12-10 13:59:58] [SEVERE ] removing card from slot 2
[2022-12-10 13:59:58] [SEVERE ] removing tokens from slot 3
[2022-12-10 13:59:58] [SEVERE ] removing card from slot 3
[2022-12-10 13:59:58] [SEVERE ] removing tokens from slot 4
[2022-12-10 13:59:58] [SEVERE ] removing card from slot 4
[2022-12-10 13:59:58] [SEVERE ] removing tokens from slot 5
[2022-12-10 13:59:58] [SEVERE ] removing card from slot 5
[2022-12-10 13:59:58] [SEVERE ] player 4 placing token on slot 7
[2022-12-10 13:59:59] [SEVERE ] removing tokens from slot 6
[2022-12-10 13:59:59] [SEVERE ] removing card from slot 6
[2022-12-10 13:59:59] [SEVERE ] removing tokens from slot 7
[2022-12-10 13:59:59] [SEVERE ] removing card from slot 7
[2022-12-10 13:59:59] [SEVERE ] player 2 placing token on slot 5
[2022-12-10 13:59:59] [SEVERE ] removing tokens from slot 8
[2022-12-10 13:59:59] [SEVERE ] removing card from slot 8
[2022-12-10 13:59:59] [SEVERE ] removing tokens from slot 9
[2022-12-10 13:59:59] [SEVERE ] removing card from slot 9
[2022-12-10 13:59:59] [SEVERE ] removing tokens from slot 10
[2022-12-10 13:59:59] [SEVERE ] removing card from slot 10
[2022-12-10 13:59:59] [SEVERE ] removing tokens from slot 11
[2022-12-10 13:59:59] [SEVERE ] removing card from slot 11
[2022-12-10 13:59:59] [SEVERE ] player 3 placing token on slot 8
[2022-12-10 13:59:59] [SEVERE ] placing card 45 in slot 0
[2022-12-10 13:59:59] [SEVERE ] placing card 35 in slot 1
[2022-12-10 13:59:59] [SEVERE ] placing card 31 in slot 2
[2022-12-10 14:00:00] [SEVERE ] placing card 15 in slot 3
[2022-12-10 14:00:00] [SEVERE ] placing card 32 in slot 4
[2022-12-10 14:00:00] [SEVERE ] placing card 80 in slot 5
[2022-12-10 14:00:00] [SEVERE ] placing card 28 in slot 6
[2022-12-10 14:00:00] [SEVERE ] placing card 41 in slot 7
[2022-12-10 14:00:00] [SEVERE ] placing card 70 in slot 8
[2022-12-10 14:00:00] [SEVERE ] placing card 17 in slot 9
[2022-12-10 14:00:00] [SEVERE ] placing card 58 in slot 10
[2022-12-10 14:00:00] [SEVERE ] placing card 5 in slot 11
[2022-12-10 14:00:01] [SEVERE ] player 4 placing token on slot 5
[2022-12-10 14:00:02] [SEVERE ] player 2 placing token on slot 8
[2022-12-10 14:00:02] [SEVERE ] player 4 placing token on slot 9
[2022-12-10 14:00:03] [SEVERE ] player 3 placing token on slot 0
[2022-12-10 14:00:04] [SEVERE ] player 3 placing token on slot 6
[2022-12-10 14:00:04] [SEVERE ] removing player 3 token from slot 0
[2022-12-10 14:00:04] [SEVERE ] removing player 3 token from slot 6
[2022-12-10 14:00:04] [SEVERE ] removing player 3 token from slot 8
[2022-12-10 14:00:04] [SEVERE ] player 2 placing token on slot 3
[2022-12-10 14:00:04] [SEVERE ] removing player 2 token from slot 3
[2022-12-10 14:00:04] [SEVERE ] removing player 2 token from slot 5
[2022-12-10 14:00:04] [SEVERE ] removing player 2 token from slot 8
[2022-12-10 14:00:04] [SEVERE ] player 4 placing token on slot 10
[2022-12-10 14:00:04] [SEVERE ] removing player 4 token from slot 5
[2022-12-10 14:00:04] [SEVERE ] removing player 4 token from slot 9
[2022-12-10 14:00:04] [SEVERE ] removing player 4 token from slot 10
[2022-12-10 14:00:04] [SEVERE ] player 3 placing token on slot 4
[2022-12-10 14:00:06] [SEVERE ] player 2 placing token on slot 7
[2022-12-10 14:00:08] [SEVERE ] player 3 placing token on slot 10
[2022-12-10 14:00:09] [SEVERE ] player 4 placing token on slot 2
[2022-12-10 14:00:10] [SEVERE ] player 2 placing token on slot 1
