[2022-12-12 13:51:05] [INFO   ] cannot read configuration file config.properties trying from resources.
[2022-12-12 13:51:05] [INFO   ] configuration file was loaded from resources directory.
[2022-12-12 13:51:05] [INFO   ] Thread Thread-0starting.
[2022-12-12 13:51:05] [INFO   ] Thread Thread-1starting.
[2022-12-12 13:51:05] [INFO   ] Thread dealer starting.
[2022-12-12 13:51:05] [INFO   ] Thread Thread-3starting.
[2022-12-12 13:51:05] [INFO   ] Thread Thread-2starting.
[2022-12-12 13:51:05] [INFO   ] Thread Thread-5starting.
[2022-12-12 13:51:05] [INFO   ] Thread Thread-4starting.
[2022-12-12 13:51:05] [INFO   ] Thread computer-2 starting.
[2022-12-12 13:51:05] [INFO   ] Thread computer-3 starting.
[2022-12-12 13:51:05] [INFO   ] Thread computer-5 starting.
[2022-12-12 13:51:05] [INFO   ] Thread computer-4 starting.
[2022-12-12 13:51:05] [SEVERE ] placing card 1 in slot 0
[2022-12-12 13:51:05] [SEVERE ] placing card 57 in slot 1
[2022-12-12 13:51:06] [SEVERE ] placing card 24 in slot 2
[2022-12-12 13:51:06] [SEVERE ] placing card 51 in slot 3
[2022-12-12 13:51:06] [SEVERE ] placing card 29 in slot 4
[2022-12-12 13:51:06] [SEVERE ] placing card 37 in slot 5
[2022-12-12 13:51:06] [SEVERE ] placing card 36 in slot 6
[2022-12-12 13:51:06] [SEVERE ] placing card 6 in slot 7
[2022-12-12 13:51:06] [SEVERE ] placing card 69 in slot 8
[2022-12-12 13:51:06] [SEVERE ] placing card 27 in slot 9
[2022-12-12 13:51:06] [SEVERE ] placing card 38 in slot 10
[2022-12-12 13:51:07] [SEVERE ] placing card 56 in slot 11
[2022-12-12 13:51:07] [SEVERE ] player 4 placing token on slot 11
[2022-12-12 13:51:07] [SEVERE ] player 3 placing token on slot 3
[2022-12-12 13:51:07] [SEVERE ] player 2 placing token on slot 6
[2022-12-12 13:51:08] [SEVERE ] player 5 placing token on slot 11
[2022-12-12 13:51:08] [SEVERE ] player 4 placing token on slot 2
[2022-12-12 13:51:08] [SEVERE ] player 3 placing token on slot 7
[2022-12-12 13:51:08] [SEVERE ] player 2 placing token on slot 7
[2022-12-12 13:51:08] [SEVERE ] player 5 placing token on slot 4
[2022-12-12 13:51:09] [SEVERE ] player 3 placing token on slot 6
[2022-12-12 13:51:09] [SEVERE ] removing player 3 token from slot 3
[2022-12-12 13:51:09] [SEVERE ] removing player 3 token from slot 6
[2022-12-12 13:51:09] [SEVERE ] removing player 3 token from slot 7
[2022-12-12 13:51:09] [SEVERE ] player 4 placing token on slot 3
[2022-12-12 13:51:09] [SEVERE ] removing player 4 token from slot 2
[2022-12-12 13:51:09] [SEVERE ] removing player 4 token from slot 3
[2022-12-12 13:51:09] [SEVERE ] removing player 4 token from slot 11
[2022-12-12 13:51:09] [SEVERE ] player 2 placing token on slot 2
[2022-12-12 13:51:09] [SEVERE ] removing player 2 token from slot 2
[2022-12-12 13:51:09] [SEVERE ] removing player 2 token from slot 6
[2022-12-12 13:51:09] [SEVERE ] removing player 2 token from slot 7
[2022-12-12 13:51:09] [SEVERE ] player 5 placing token on slot 10
[2022-12-12 13:51:09] [SEVERE ] removing player 5 token from slot 4
[2022-12-12 13:51:09] [SEVERE ] removing player 5 token from slot 10
[2022-12-12 13:51:09] [SEVERE ] removing player 5 token from slot 11
[2022-12-12 13:51:09] [SEVERE ] player 4 placing token on slot 0
[2022-12-12 13:51:10] [SEVERE ] player 2 placing token on slot 5
[2022-12-12 13:51:10] [SEVERE ] player 3 placing token on slot 4
[2022-12-12 13:51:10] [SEVERE ] player 5 placing token on slot 0
[2022-12-12 13:51:10] [SEVERE ] player 2 placing token on slot 7
[2022-12-12 13:51:10] [SEVERE ] player 4 placing token on slot 5
[2022-12-12 13:51:10] [SEVERE ] player 3 placing token on slot 5
[2022-12-12 13:51:11] [SEVERE ] player 5 placing token on slot 9
[2022-12-12 13:51:11] [SEVERE ] player 2 placing token on slot 1
[2022-12-12 13:51:11] [SEVERE ] removing player 2 token from slot 1
[2022-12-12 13:51:11] [SEVERE ] removing player 2 token from slot 5
[2022-12-12 13:51:11] [SEVERE ] removing player 2 token from slot 7
[2022-12-12 13:51:11] [SEVERE ] player 4 placing token on slot 3
[2022-12-12 13:51:11] [SEVERE ] removing player 4 token from slot 0
[2022-12-12 13:51:11] [SEVERE ] removing player 4 token from slot 3
[2022-12-12 13:51:11] [SEVERE ] removing player 4 token from slot 5
[2022-12-12 13:51:11] [SEVERE ] player 3 placing token on slot 11
[2022-12-12 13:51:11] [SEVERE ] removing player 3 token from slot 4
[2022-12-12 13:51:11] [SEVERE ] removing player 3 token from slot 5
[2022-12-12 13:51:11] [SEVERE ] removing player 3 token from slot 11
[2022-12-12 13:51:12] [SEVERE ] player 5 placing token on slot 10
[2022-12-12 13:51:12] [SEVERE ] removing player 5 token from slot 0
[2022-12-12 13:51:12] [SEVERE ] removing player 5 token from slot 9
[2022-12-12 13:51:12] [SEVERE ] removing player 5 token from slot 10
[2022-12-12 13:51:12] [SEVERE ] player 3 placing token on slot 2
[2022-12-12 13:51:12] [SEVERE ] player 2 placing token on slot 7
[2022-12-12 13:51:12] [SEVERE ] player 4 placing token on slot 1
[2022-12-12 13:51:12] [SEVERE ] player 5 placing token on slot 10
[2022-12-12 13:51:12] [SEVERE ] player 4 placing token on slot 9
[2022-12-12 13:51:13] [SEVERE ] player 3 placing token on slot 7
[2022-12-12 13:51:13] [SEVERE ] player 2 placing token on slot 8
[2022-12-12 13:51:13] [SEVERE ] player 5 placing token on slot 4
[2022-12-12 13:51:13] [SEVERE ] player 4 placing token on slot 5
[2022-12-12 13:51:13] [SEVERE ] removing player 4 token from slot 1
[2022-12-12 13:51:13] [SEVERE ] removing player 4 token from slot 5
[2022-12-12 13:51:13] [SEVERE ] removing player 4 token from slot 9
[2022-12-12 13:51:13] [SEVERE ] player 2 placing token on slot 0
[2022-12-12 13:51:13] [SEVERE ] removing player 2 token from slot 0
[2022-12-12 13:51:13] [SEVERE ] removing player 2 token from slot 7
[2022-12-12 13:51:13] [SEVERE ] removing player 2 token from slot 8
[2022-12-12 13:51:13] [SEVERE ] player 3 placing token on slot 0
[2022-12-12 13:51:13] [SEVERE ] removing player 3 token from slot 0
[2022-12-12 13:51:13] [SEVERE ] removing player 3 token from slot 2
[2022-12-12 13:51:13] [SEVERE ] removing player 3 token from slot 7
[2022-12-12 13:51:14] [SEVERE ] player 5 placing token on slot 7
[2022-12-12 13:51:14] [SEVERE ] removing player 5 token from slot 4
[2022-12-12 13:51:14] [SEVERE ] removing player 5 token from slot 7
[2022-12-12 13:51:14] [SEVERE ] removing player 5 token from slot 10
[2022-12-12 13:51:14] [SEVERE ] player 4 placing token on slot 2
[2022-12-12 13:51:14] [SEVERE ] player 3 placing token on slot 10
[2022-12-12 13:51:14] [SEVERE ] player 2 placing token on slot 9
[2022-12-12 13:51:14] [SEVERE ] player 5 placing token on slot 11
[2022-12-12 13:51:15] [SEVERE ] player 4 placing token on slot 6
[2022-12-12 13:51:15] [SEVERE ] player 2 placing token on slot 5
[2022-12-12 13:51:15] [SEVERE ] player 3 placing token on slot 1
[2022-12-12 13:51:15] [SEVERE ] player 5 placing token on slot 4
[2022-12-12 13:51:15] [SEVERE ] player 4 placing token on slot 7
[2022-12-12 13:51:15] [SEVERE ] removing player 4 token from slot 2
[2022-12-12 13:51:15] [SEVERE ] removing player 4 token from slot 6
[2022-12-12 13:51:15] [SEVERE ] removing player 4 token from slot 7
[2022-12-12 13:51:16] [SEVERE ] player 2 placing token on slot 3
[2022-12-12 13:51:16] [SEVERE ] removing player 2 token from slot 3
[2022-12-12 13:51:16] [SEVERE ] removing player 2 token from slot 5
[2022-12-12 13:51:16] [SEVERE ] removing player 2 token from slot 9
[2022-12-12 13:51:16] [SEVERE ] player 3 placing token on slot 8
[2022-12-12 13:51:16] [SEVERE ] removing player 3 token from slot 1
[2022-12-12 13:51:16] [SEVERE ] removing player 3 token from slot 8
[2022-12-12 13:51:16] [SEVERE ] removing player 3 token from slot 10
[2022-12-12 13:51:16] [SEVERE ] player 4 placing token on slot 6
[2022-12-12 13:51:16] [SEVERE ] player 5 placing token on slot 6
[2022-12-12 13:51:16] [SEVERE ] removing player 5 token from slot 4
[2022-12-12 13:51:16] [SEVERE ] removing player 5 token from slot 6
[2022-12-12 13:51:16] [SEVERE ] removing player 5 token from slot 11
[2022-12-12 13:51:16] [SEVERE ] player 2 placing token on slot 1
[2022-12-12 13:51:17] [SEVERE ] player 3 placing token on slot 7
[2022-12-12 13:51:17] [SEVERE ] player 5 placing token on slot 3
[2022-12-12 13:51:17] [SEVERE ] player 4 placing token on slot 5
[2022-12-12 13:51:17] [SEVERE ] player 2 placing token on slot 7
[2022-12-12 13:51:18] [SEVERE ] player 5 placing token on slot 1
[2022-12-12 13:51:18] [SEVERE ] player 3 placing token on slot 4
[2022-12-12 13:51:18] [SEVERE ] player 4 placing token on slot 11
[2022-12-12 13:51:18] [SEVERE ] removing player 4 token from slot 5
[2022-12-12 13:51:18] [SEVERE ] removing player 4 token from slot 6
[2022-12-12 13:51:18] [SEVERE ] removing player 4 token from slot 11
[2022-12-12 13:51:18] [SEVERE ] player 2 placing token on slot 8
[2022-12-12 13:51:18] [SEVERE ] removing player 2 token from slot 1
[2022-12-12 13:51:18] [SEVERE ] removing player 2 token from slot 7
[2022-12-12 13:51:18] [SEVERE ] removing player 2 token from slot 8
[2022-12-12 13:51:18] [SEVERE ] player 3 placing token on slot 2
[2022-12-12 13:51:18] [SEVERE ] removing player 3 token from slot 2
[2022-12-12 13:51:18] [SEVERE ] removing player 3 token from slot 4
[2022-12-12 13:51:18] [SEVERE ] removing player 3 token from slot 7
[2022-12-12 13:51:18] [SEVERE ] player 5 placing token on slot 7
[2022-12-12 13:51:18] [SEVERE ] removing player 5 token from slot 1
[2022-12-12 13:51:18] [SEVERE ] removing player 5 token from slot 3
[2022-12-12 13:51:18] [SEVERE ] removing player 5 token from slot 7
[2022-12-12 13:51:19] [SEVERE ] player 2 placing token on slot 2
[2022-12-12 13:51:19] [SEVERE ] player 4 placing token on slot 11
[2022-12-12 13:51:19] [SEVERE ] player 3 placing token on slot 5
[2022-12-12 13:51:19] [SEVERE ] player 5 placing token on slot 11
[2022-12-12 13:51:19] [SEVERE ] player 2 placing token on slot 7
[2022-12-12 13:51:20] [SEVERE ] player 4 placing token on slot 6
[2022-12-12 13:51:20] [SEVERE ] player 5 placing token on slot 10
[2022-12-12 13:51:20] [SEVERE ] player 3 placing token on slot 7
[2022-12-12 13:51:20] [SEVERE ] player 2 placing token on slot 6
[2022-12-12 13:51:20] [SEVERE ] removing player 2 token from slot 2
[2022-12-12 13:51:20] [SEVERE ] removing player 2 token from slot 6
[2022-12-12 13:51:20] [SEVERE ] removing player 2 token from slot 7
[2022-12-12 13:51:20] [SEVERE ] player 5 placing token on slot 8
[2022-12-12 13:51:20] [SEVERE ] removing player 5 token from slot 8
[2022-12-12 13:51:20] [SEVERE ] removing player 5 token from slot 10
[2022-12-12 13:51:20] [SEVERE ] removing player 5 token from slot 11
[2022-12-12 13:51:20] [SEVERE ] player 3 placing token on slot 3
[2022-12-12 13:51:20] [SEVERE ] removing player 3 token from slot 3
[2022-12-12 13:51:20] [SEVERE ] removing player 3 token from slot 5
[2022-12-12 13:51:20] [SEVERE ] removing player 3 token from slot 7
[2022-12-12 13:51:21] [SEVERE ] player 4 placing token on slot 0
[2022-12-12 13:51:21] [SEVERE ] removing player 4 token from slot 0
[2022-12-12 13:51:21] [SEVERE ] removing player 4 token from slot 6
[2022-12-12 13:51:21] [SEVERE ] removing player 4 token from slot 11
[2022-12-12 13:51:21] [SEVERE ] player 3 placing token on slot 4
[2022-12-12 13:51:21] [SEVERE ] player 2 placing token on slot 8
[2022-12-12 13:51:21] [SEVERE ] player 5 placing token on slot 2
[2022-12-12 13:51:21] [SEVERE ] player 4 placing token on slot 1
[2022-12-12 13:51:22] [SEVERE ] player 3 placing token on slot 6
[2022-12-12 13:51:22] [SEVERE ] player 5 placing token on slot 4
[2022-12-12 13:51:22] [SEVERE ] player 2 placing token on slot 1
[2022-12-12 13:51:22] [SEVERE ] player 4 placing token on slot 6
[2022-12-12 13:51:22] [SEVERE ] player 5 placing token on slot 0
[2022-12-12 13:51:22] [SEVERE ] removing player 5 token from slot 0
[2022-12-12 13:51:22] [SEVERE ] removing player 5 token from slot 2
[2022-12-12 13:51:22] [SEVERE ] removing player 5 token from slot 4
[2022-12-12 13:51:22] [SEVERE ] player 3 placing token on slot 9
[2022-12-12 13:51:22] [SEVERE ] removing player 3 token from slot 4
[2022-12-12 13:51:22] [SEVERE ] removing player 3 token from slot 6
[2022-12-12 13:51:22] [SEVERE ] removing player 3 token from slot 9
[2022-12-12 13:51:23] [SEVERE ] player 4 placing token on slot 10
[2022-12-12 13:51:23] [SEVERE ] removing player 4 token from slot 1
[2022-12-12 13:51:23] [SEVERE ] removing player 4 token from slot 6
[2022-12-12 13:51:23] [SEVERE ] removing player 4 token from slot 10
[2022-12-12 13:51:23] [SEVERE ] player 2 placing token on slot 7
[2022-12-12 13:51:23] [SEVERE ] removing player 2 token from slot 1
[2022-12-12 13:51:23] [SEVERE ] removing player 2 token from slot 7
[2022-12-12 13:51:23] [SEVERE ] removing player 2 token from slot 8
[2022-12-12 13:51:23] [SEVERE ] player 5 placing token on slot 10
[2022-12-12 13:51:23] [SEVERE ] player 3 placing token on slot 8
[2022-12-12 13:51:23] [SEVERE ] player 4 placing token on slot 5
[2022-12-12 13:51:24] [SEVERE ] player 2 placing token on slot 10
[2022-12-12 13:51:24] [SEVERE ] player 3 placing token on slot 7
[2022-12-12 13:51:24] [SEVERE ] player 5 placing token on slot 0
[2022-12-12 13:51:24] [SEVERE ] player 2 placing token on slot 1
[2022-12-12 13:51:24] [SEVERE ] player 4 placing token on slot 9
[2022-12-12 13:51:24] [SEVERE ] player 3 placing token on slot 4
[2022-12-12 13:51:24] [SEVERE ] removing player 3 token from slot 4
[2022-12-12 13:51:24] [SEVERE ] removing player 3 token from slot 7
[2022-12-12 13:51:24] [SEVERE ] removing player 3 token from slot 8
[2022-12-12 13:51:25] [SEVERE ] player 5 placing token on slot 3
[2022-12-12 13:51:25] [SEVERE ] removing player 5 token from slot 0
[2022-12-12 13:51:25] [SEVERE ] removing player 5 token from slot 3
[2022-12-12 13:51:25] [SEVERE ] removing player 5 token from slot 10
[2022-12-12 13:51:25] [SEVERE ] player 4 placing token on slot 8
[2022-12-12 13:51:25] [SEVERE ] removing player 4 token from slot 5
[2022-12-12 13:51:25] [SEVERE ] removing player 4 token from slot 8
[2022-12-12 13:51:25] [SEVERE ] removing player 4 token from slot 9
[2022-12-12 13:51:25] [SEVERE ] player 2 placing token on slot 7
[2022-12-12 13:51:25] [SEVERE ] removing player 2 token from slot 1
[2022-12-12 13:51:25] [SEVERE ] removing player 2 token from slot 7
[2022-12-12 13:51:25] [SEVERE ] removing player 2 token from slot 10
[2022-12-12 13:51:25] [SEVERE ] player 3 placing token on slot 6
[2022-12-12 13:51:26] [SEVERE ] player 5 placing token on slot 4
[2022-12-12 13:51:26] [SEVERE ] player 4 placing token on slot 7
[2022-12-12 13:51:26] [SEVERE ] player 2 placing token on slot 4
[2022-12-12 13:51:26] [SEVERE ] player 3 placing token on slot 9
[2022-12-12 13:51:26] [SEVERE ] player 5 placing token on slot 5
[2022-12-12 13:51:26] [SEVERE ] player 2 placing token on slot 11
[2022-12-12 13:51:27] [SEVERE ] player 4 placing token on slot 3
[2022-12-12 13:51:27] [SEVERE ] removing tokens from slot 0
[2022-12-12 13:51:27] [SEVERE ] removing card from slot 0
[2022-12-12 13:51:27] [SEVERE ] removing tokens from slot 1
[2022-12-12 13:51:27] [SEVERE ] removing card from slot 1
[2022-12-12 13:51:27] [SEVERE ] player 3 placing token on slot 8
[2022-12-12 13:51:27] [SEVERE ] removing tokens from slot 2
[2022-12-12 13:51:27] [SEVERE ] removing card from slot 2
[2022-12-12 13:51:27] [SEVERE ] removing tokens from slot 3
[2022-12-12 13:51:27] [SEVERE ] removing card from slot 3
[2022-12-12 13:51:27] [SEVERE ] removing tokens from slot 4
[2022-12-12 13:51:27] [SEVERE ] removing card from slot 4
[2022-12-12 13:51:27] [SEVERE ] removing tokens from slot 5
[2022-12-12 13:51:27] [SEVERE ] removing card from slot 5
[2022-12-12 13:51:27] [SEVERE ] removing tokens from slot 6
[2022-12-12 13:51:27] [SEVERE ] removing card from slot 6
[2022-12-12 13:51:27] [SEVERE ] player 5 placing token on slot 11
[2022-12-12 13:51:27] [SEVERE ] removing tokens from slot 7
[2022-12-12 13:51:27] [SEVERE ] removing card from slot 7
[2022-12-12 13:51:27] [SEVERE ] removing tokens from slot 8
[2022-12-12 13:51:27] [SEVERE ] removing card from slot 8
[2022-12-12 13:51:28] [SEVERE ] removing tokens from slot 9
[2022-12-12 13:51:28] [SEVERE ] removing card from slot 9
[2022-12-12 13:51:28] [SEVERE ] removing tokens from slot 10
[2022-12-12 13:51:28] [SEVERE ] removing card from slot 10
[2022-12-12 13:51:28] [SEVERE ] removing tokens from slot 11
[2022-12-12 13:51:28] [SEVERE ] removing card from slot 11
[2022-12-12 13:51:28] [SEVERE ] placing card 23 in slot 0
[2022-12-12 13:51:28] [SEVERE ] placing card 21 in slot 1
[2022-12-12 13:51:28] [SEVERE ] placing card 79 in slot 2
[2022-12-12 13:51:28] [SEVERE ] placing card 44 in slot 3
[2022-12-12 13:51:28] [SEVERE ] placing card 22 in slot 4
[2022-12-12 13:51:28] [SEVERE ] placing card 9 in slot 5
[2022-12-12 13:51:29] [SEVERE ] placing card 36 in slot 6
[2022-12-12 13:51:29] [SEVERE ] placing card 71 in slot 7
[2022-12-12 13:51:29] [SEVERE ] placing card 69 in slot 8
[2022-12-12 13:51:29] [SEVERE ] placing card 14 in slot 9
[2022-12-12 13:51:29] [SEVERE ] placing card 42 in slot 10
[2022-12-12 13:51:29] [SEVERE ] placing card 38 in slot 11
[2022-12-12 13:51:30] [SEVERE ] player 5 placing token on slot 3
[2022-12-12 13:51:30] [SEVERE ] player 2 placing token on slot 8
[2022-12-12 13:51:30] [SEVERE ] player 4 placing token on slot 0
[2022-12-12 13:51:30] [SEVERE ] player 3 placing token on slot 8
[2022-12-12 13:51:30] [SEVERE ] player 5 placing token on slot 9
[2022-12-12 13:51:31] [SEVERE ] player 2 placing token on slot 9
[2022-12-12 13:51:31] [SEVERE ] player 3 placing token on slot 5
[2022-12-12 13:51:31] [SEVERE ] player 4 placing token on slot 8
[2022-12-12 13:51:31] [SEVERE ] player 5 placing token on slot 8
[2022-12-12 13:51:31] [SEVERE ] removing player 5 token from slot 3
[2022-12-12 13:51:31] [SEVERE ] removing player 5 token from slot 8
[2022-12-12 13:51:31] [SEVERE ] removing player 5 token from slot 9
[2022-12-12 13:51:31] [SEVERE ] player 3 placing token on slot 1
[2022-12-12 13:51:31] [SEVERE ] removing player 3 token from slot 1
[2022-12-12 13:51:31] [SEVERE ] removing player 3 token from slot 5
[2022-12-12 13:51:31] [SEVERE ] removing player 3 token from slot 8
[2022-12-12 13:51:31] [SEVERE ] player 2 placing token on slot 4
[2022-12-12 13:51:31] [SEVERE ] removing player 2 token from slot 4
[2022-12-12 13:51:31] [SEVERE ] removing player 2 token from slot 8
[2022-12-12 13:51:31] [SEVERE ] removing player 2 token from slot 9
[2022-12-12 13:51:32] [SEVERE ] player 4 placing token on slot 2
[2022-12-12 13:51:32] [SEVERE ] removing player 4 token from slot 0
[2022-12-12 13:51:32] [SEVERE ] removing player 4 token from slot 2
[2022-12-12 13:51:32] [SEVERE ] removing player 4 token from slot 8
[2022-12-12 13:51:32] [SEVERE ] player 5 placing token on slot 1
[2022-12-12 13:51:32] [SEVERE ] player 2 placing token on slot 1
[2022-12-12 13:51:32] [SEVERE ] player 3 placing token on slot 10
[2022-12-12 13:51:32] [SEVERE ] player 4 placing token on slot 11
[2022-12-12 13:51:32] [SEVERE ] player 5 placing token on slot 9
[2022-12-12 13:51:33] [SEVERE ] player 4 placing token on slot 7
[2022-12-12 13:51:33] [SEVERE ] player 2 placing token on slot 8
[2022-12-12 13:51:33] [SEVERE ] player 3 placing token on slot 11
[2022-12-12 13:51:33] [SEVERE ] player 5 placing token on slot 3
[2022-12-12 13:51:33] [SEVERE ] removing player 5 token from slot 1
[2022-12-12 13:51:33] [SEVERE ] removing player 5 token from slot 3
[2022-12-12 13:51:33] [SEVERE ] removing player 5 token from slot 9
[2022-12-12 13:51:33] [SEVERE ] player 4 placing token on slot 4
[2022-12-12 13:51:33] [SEVERE ] removing player 4 token from slot 4
[2022-12-12 13:51:33] [SEVERE ] removing player 4 token from slot 7
[2022-12-12 13:51:33] [SEVERE ] removing player 4 token from slot 11
[2022-12-12 13:51:34] [SEVERE ] player 2 placing token on slot 7
[2022-12-12 13:51:34] [SEVERE ] removing player 2 token from slot 1
[2022-12-12 13:51:34] [SEVERE ] removing player 2 token from slot 7
[2022-12-12 13:51:34] [SEVERE ] removing player 2 token from slot 8
[2022-12-12 13:51:34] [SEVERE ] player 5 placing token on slot 5
[2022-12-12 13:51:34] [SEVERE ] player 3 placing token on slot 4
[2022-12-12 13:51:34] [SEVERE ] removing player 3 token from slot 4
[2022-12-12 13:51:34] [SEVERE ] removing player 3 token from slot 10
[2022-12-12 13:51:34] [SEVERE ] removing player 3 token from slot 11
[2022-12-12 13:51:34] [SEVERE ] player 4 placing token on slot 3
[2022-12-12 13:51:34] [SEVERE ] player 5 placing token on slot 8
[2022-12-12 13:51:34] [SEVERE ] player 3 placing token on slot 2
