[2022-12-12 20:10:26] [INFO   ] cannot read configuration file config.properties trying from resources.
[2022-12-12 20:10:26] [INFO   ] configuration file was loaded from resources directory.
[2022-12-12 20:10:27] [INFO   ] Thread Thread-0starting.
[2022-12-12 20:10:27] [INFO   ] Thread Thread-2starting.
[2022-12-12 20:10:27] [INFO   ] Thread Thread-1starting.
[2022-12-12 20:10:27] [INFO   ] Thread dealer starting.
[2022-12-12 20:10:27] [INFO   ] Thread computer-2 starting.
[2022-12-12 20:10:27] [SEVERE ] placing card 54 in slot 0
[2022-12-12 20:10:27] [SEVERE ] placing card 58 in slot 1
[2022-12-12 20:10:27] [SEVERE ] placing card 62 in slot 2
[2022-12-12 20:10:27] [SEVERE ] placing card 30 in slot 3
[2022-12-12 20:10:28] [SEVERE ] placing card 2 in slot 4
[2022-12-12 20:10:28] [SEVERE ] placing card 77 in slot 5
[2022-12-12 20:10:28] [SEVERE ] placing card 11 in slot 6
[2022-12-12 20:10:28] [SEVERE ] placing card 6 in slot 7
[2022-12-12 20:10:28] [SEVERE ] placing card 23 in slot 8
[2022-12-12 20:10:28] [SEVERE ] placing card 17 in slot 9
[2022-12-12 20:10:28] [SEVERE ] placing card 52 in slot 10
[2022-12-12 20:10:28] [SEVERE ] placing card 63 in slot 11
[2022-12-12 20:10:28] [SEVERE ] player 2 placing token on slot 7
[2022-12-12 20:10:28] [SEVERE ] player 2 placing token on slot 6
[2022-12-12 20:10:28] [SEVERE ] player 2 placing token on slot 5
[2022-12-12 20:10:28] [SEVERE ] removing player 2 token from slot 5
[2022-12-12 20:10:28] [SEVERE ] removing player 2 token from slot 6
[2022-12-12 20:10:28] [SEVERE ] removing player 2 token from slot 7
[2022-12-12 20:10:28] [SEVERE ] player 2 placing token on slot 4
[2022-12-12 20:10:28] [SEVERE ] player 2 placing token on slot 1
[2022-12-12 20:10:28] [SEVERE ] player 2 placing token on slot 7
[2022-12-12 20:10:28] [SEVERE ] removing player 2 token from slot 1
[2022-12-12 20:10:28] [SEVERE ] removing player 2 token from slot 4
[2022-12-12 20:10:28] [SEVERE ] removing player 2 token from slot 7
[2022-12-12 20:10:28] [SEVERE ] player 2 placing token on slot 9
[2022-12-12 20:10:28] [SEVERE ] player 2 placing token on slot 4
[2022-12-12 20:10:28] [SEVERE ] player 2 placing token on slot 7
[2022-12-12 20:10:28] [SEVERE ] removing player 2 token from slot 4
[2022-12-12 20:10:28] [SEVERE ] removing player 2 token from slot 7
[2022-12-12 20:10:28] [SEVERE ] removing player 2 token from slot 9
[2022-12-12 20:10:28] [SEVERE ] player 2 placing token on slot 10
[2022-12-12 20:10:29] [SEVERE ] player 2 placing token on slot 2
[2022-12-12 20:10:29] [SEVERE ] player 2 placing token on slot 4
[2022-12-12 20:10:29] [SEVERE ] removing player 2 token from slot 2
[2022-12-12 20:10:29] [SEVERE ] removing player 2 token from slot 4
[2022-12-12 20:10:29] [SEVERE ] removing player 2 token from slot 10
[2022-12-12 20:10:29] [SEVERE ] player 2 placing token on slot 0
[2022-12-12 20:10:29] [SEVERE ] player 2 placing token on slot 10
[2022-12-12 20:10:29] [SEVERE ] player 2 placing token on slot 4
[2022-12-12 20:10:29] [SEVERE ] removing player 2 token from slot 0
[2022-12-12 20:10:29] [SEVERE ] removing player 2 token from slot 4
[2022-12-12 20:10:29] [SEVERE ] removing player 2 token from slot 10
[2022-12-12 20:10:29] [SEVERE ] player 2 placing token on slot 7
[2022-12-12 20:10:29] [SEVERE ] player 2 placing token on slot 10
[2022-12-12 20:10:29] [SEVERE ] player 2 placing token on slot 6
[2022-12-12 20:10:29] [SEVERE ] removing player 2 token from slot 6
[2022-12-12 20:10:29] [SEVERE ] removing player 2 token from slot 7
[2022-12-12 20:10:29] [SEVERE ] removing player 2 token from slot 10
[2022-12-12 20:10:29] [SEVERE ] player 2 placing token on slot 11
[2022-12-12 20:10:29] [SEVERE ] player 2 placing token on slot 5
[2022-12-12 20:10:29] [SEVERE ] player 2 placing token on slot 0
[2022-12-12 20:10:29] [SEVERE ] removing player 2 token from slot 0
[2022-12-12 20:10:29] [SEVERE ] removing player 2 token from slot 5
[2022-12-12 20:10:29] [SEVERE ] removing player 2 token from slot 11
[2022-12-12 20:10:29] [SEVERE ] player 2 placing token on slot 7
[2022-12-12 20:10:29] [SEVERE ] player 2 placing token on slot 1
[2022-12-12 20:10:29] [SEVERE ] player 2 placing token on slot 11
[2022-12-12 20:10:29] [SEVERE ] removing player 2 token from slot 1
[2022-12-12 20:10:29] [SEVERE ] removing player 2 token from slot 7
[2022-12-12 20:10:29] [SEVERE ] removing player 2 token from slot 11
[2022-12-12 20:10:29] [SEVERE ] player 2 placing token on slot 3
[2022-12-12 20:10:29] [SEVERE ] player 2 placing token on slot 2
[2022-12-12 20:10:29] [SEVERE ] player 2 placing token on slot 5
[2022-12-12 20:10:29] [SEVERE ] removing player 2 token from slot 2
[2022-12-12 20:10:29] [SEVERE ] removing player 2 token from slot 3
[2022-12-12 20:10:29] [SEVERE ] removing player 2 token from slot 5
[2022-12-12 20:10:29] [SEVERE ] player 2 placing token on slot 9
[2022-12-12 20:10:29] [SEVERE ] player 2 placing token on slot 8
[2022-12-12 20:10:29] [SEVERE ] player 2 placing token on slot 5
[2022-12-12 20:10:29] [SEVERE ] removing player 2 token from slot 5
[2022-12-12 20:10:29] [SEVERE ] removing player 2 token from slot 8
[2022-12-12 20:10:29] [SEVERE ] removing player 2 token from slot 9
[2022-12-12 20:10:29] [SEVERE ] player 2 placing token on slot 11
[2022-12-12 20:10:29] [SEVERE ] player 2 placing token on slot 7
[2022-12-12 20:10:29] [SEVERE ] player 2 placing token on slot 6
[2022-12-12 20:10:29] [SEVERE ] removing player 2 token from slot 6
[2022-12-12 20:10:29] [SEVERE ] removing player 2 token from slot 7
[2022-12-12 20:10:29] [SEVERE ] removing player 2 token from slot 11
[2022-12-12 20:10:29] [SEVERE ] player 2 placing token on slot 9
[2022-12-12 20:10:29] [SEVERE ] player 2 placing token on slot 6
[2022-12-12 20:10:29] [SEVERE ] player 2 placing token on slot 11
[2022-12-12 20:10:29] [SEVERE ] removing player 2 token from slot 6
[2022-12-12 20:10:29] [SEVERE ] removing player 2 token from slot 9
[2022-12-12 20:10:29] [SEVERE ] removing player 2 token from slot 11
[2022-12-12 20:10:29] [SEVERE ] player 2 placing token on slot 0
[2022-12-12 20:10:29] [SEVERE ] player 2 placing token on slot 5
[2022-12-12 20:10:29] [SEVERE ] player 2 placing token on slot 3
[2022-12-12 20:10:29] [SEVERE ] removing player 2 token from slot 0
[2022-12-12 20:10:29] [SEVERE ] removing player 2 token from slot 3
[2022-12-12 20:10:29] [SEVERE ] removing player 2 token from slot 5
[2022-12-12 20:10:29] [SEVERE ] player 2 placing token on slot 2
[2022-12-12 20:10:29] [SEVERE ] player 2 placing token on slot 11
[2022-12-12 20:10:29] [SEVERE ] player 2 placing token on slot 7
[2022-12-12 20:10:29] [SEVERE ] removing player 2 token from slot 2
[2022-12-12 20:10:29] [SEVERE ] removing player 2 token from slot 7
[2022-12-12 20:10:29] [SEVERE ] removing player 2 token from slot 11
[2022-12-12 20:10:29] [SEVERE ] player 2 placing token on slot 9
[2022-12-12 20:10:29] [SEVERE ] player 2 placing token on slot 7
[2022-12-12 20:10:29] [SEVERE ] player 2 placing token on slot 5
[2022-12-12 20:10:29] [SEVERE ] removing player 2 token from slot 5
[2022-12-12 20:10:29] [SEVERE ] removing player 2 token from slot 7
[2022-12-12 20:10:29] [SEVERE ] removing player 2 token from slot 9
[2022-12-12 20:10:29] [SEVERE ] player 2 placing token on slot 6
[2022-12-12 20:10:29] [SEVERE ] player 2 placing token on slot 1
[2022-12-12 20:10:29] [SEVERE ] player 2 placing token on slot 10
[2022-12-12 20:10:29] [SEVERE ] removing player 2 token from slot 1
[2022-12-12 20:10:29] [SEVERE ] removing player 2 token from slot 6
[2022-12-12 20:10:29] [SEVERE ] removing player 2 token from slot 10
[2022-12-12 20:10:29] [SEVERE ] player 2 placing token on slot 11
[2022-12-12 20:10:29] [SEVERE ] player 2 placing token on slot 9
[2022-12-12 20:10:29] [SEVERE ] player 2 placing token on slot 8
[2022-12-12 20:10:29] [SEVERE ] removing player 2 token from slot 8
[2022-12-12 20:10:29] [SEVERE ] removing player 2 token from slot 9
[2022-12-12 20:10:29] [SEVERE ] removing player 2 token from slot 11
[2022-12-12 20:10:29] [SEVERE ] player 2 placing token on slot 7
[2022-12-12 20:10:29] [SEVERE ] player 2 placing token on slot 10
[2022-12-12 20:10:29] [SEVERE ] player 2 placing token on slot 3
[2022-12-12 20:10:29] [SEVERE ] removing player 2 token from slot 3
[2022-12-12 20:10:29] [SEVERE ] removing player 2 token from slot 7
[2022-12-12 20:10:29] [SEVERE ] removing player 2 token from slot 10
[2022-12-12 20:10:29] [SEVERE ] player 2 placing token on slot 8
[2022-12-12 20:10:29] [SEVERE ] player 2 placing token on slot 0
[2022-12-12 20:10:29] [SEVERE ] player 2 placing token on slot 10
[2022-12-12 20:10:29] [SEVERE ] removing player 2 token from slot 0
[2022-12-12 20:10:29] [SEVERE ] removing player 2 token from slot 8
[2022-12-12 20:10:29] [SEVERE ] removing player 2 token from slot 10
[2022-12-12 20:10:29] [SEVERE ] player 2 placing token on slot 6
[2022-12-12 20:10:30] [SEVERE ] player 2 placing token on slot 1
[2022-12-12 20:10:30] [SEVERE ] player 2 placing token on slot 5
[2022-12-12 20:10:30] [SEVERE ] removing player 2 token from slot 1
[2022-12-12 20:10:30] [SEVERE ] removing player 2 token from slot 5
[2022-12-12 20:10:30] [SEVERE ] removing player 2 token from slot 6
[2022-12-12 20:10:30] [SEVERE ] player 2 placing token on slot 2
[2022-12-12 20:10:30] [SEVERE ] player 2 placing token on slot 6
[2022-12-12 20:10:30] [SEVERE ] player 2 placing token on slot 10
[2022-12-12 20:10:30] [SEVERE ] removing player 2 token from slot 2
[2022-12-12 20:10:30] [SEVERE ] removing player 2 token from slot 6
[2022-12-12 20:10:30] [SEVERE ] removing player 2 token from slot 10
[2022-12-12 20:10:30] [SEVERE ] player 2 placing token on slot 11
[2022-12-12 20:10:30] [SEVERE ] player 2 placing token on slot 1
[2022-12-12 20:10:30] [SEVERE ] player 2 placing token on slot 2
[2022-12-12 20:10:30] [SEVERE ] removing player 2 token from slot 1
[2022-12-12 20:10:30] [SEVERE ] removing player 2 token from slot 2
[2022-12-12 20:10:30] [SEVERE ] removing player 2 token from slot 11
[2022-12-12 20:10:30] [SEVERE ] player 2 placing token on slot 5
[2022-12-12 20:10:30] [SEVERE ] player 2 placing token on slot 10
[2022-12-12 20:10:30] [SEVERE ] player 2 placing token on slot 8
[2022-12-12 20:10:30] [SEVERE ] removing player 2 token from slot 5
[2022-12-12 20:10:30] [SEVERE ] removing player 2 token from slot 8
[2022-12-12 20:10:30] [SEVERE ] removing player 2 token from slot 10
[2022-12-12 20:10:30] [SEVERE ] player 2 placing token on slot 4
[2022-12-12 20:10:30] [SEVERE ] player 2 placing token on slot 5
[2022-12-12 20:10:30] [SEVERE ] player 2 placing token on slot 10
[2022-12-12 20:10:30] [SEVERE ] removing player 2 token from slot 4
[2022-12-12 20:10:30] [SEVERE ] removing player 2 token from slot 5
[2022-12-12 20:10:30] [SEVERE ] removing player 2 token from slot 10
[2022-12-12 20:10:30] [SEVERE ] player 2 placing token on slot 0
[2022-12-12 20:10:30] [SEVERE ] player 2 placing token on slot 10
[2022-12-12 20:10:30] [SEVERE ] player 2 placing token on slot 6
[2022-12-12 20:10:30] [SEVERE ] removing player 2 token from slot 0
[2022-12-12 20:10:30] [SEVERE ] removing player 2 token from slot 6
[2022-12-12 20:10:30] [SEVERE ] removing player 2 token from slot 10
[2022-12-12 20:10:30] [SEVERE ] player 2 placing token on slot 7
[2022-12-12 20:10:30] [SEVERE ] player 2 placing token on slot 1
[2022-12-12 20:10:30] [SEVERE ] player 2 placing token on slot 0
[2022-12-12 20:10:30] [SEVERE ] removing player 2 token from slot 0
[2022-12-12 20:10:30] [SEVERE ] removing player 2 token from slot 1
[2022-12-12 20:10:30] [SEVERE ] removing player 2 token from slot 7
[2022-12-12 20:10:30] [SEVERE ] player 2 placing token on slot 4
[2022-12-12 20:10:30] [SEVERE ] player 2 placing token on slot 3
[2022-12-12 20:10:30] [SEVERE ] player 2 placing token on slot 11
[2022-12-12 20:10:30] [SEVERE ] removing player 2 token from slot 3
[2022-12-12 20:10:30] [SEVERE ] removing player 2 token from slot 4
[2022-12-12 20:10:30] [SEVERE ] removing player 2 token from slot 11
[2022-12-12 20:10:30] [SEVERE ] player 2 placing token on slot 8
[2022-12-12 20:10:30] [SEVERE ] player 2 placing token on slot 4
[2022-12-12 20:10:30] [SEVERE ] player 2 placing token on slot 1
[2022-12-12 20:10:30] [SEVERE ] removing player 2 token from slot 1
[2022-12-12 20:10:30] [SEVERE ] removing player 2 token from slot 4
[2022-12-12 20:10:30] [SEVERE ] removing player 2 token from slot 8
[2022-12-12 20:10:30] [SEVERE ] player 2 placing token on slot 9
[2022-12-12 20:10:30] [SEVERE ] player 2 placing token on slot 0
[2022-12-12 20:10:30] [SEVERE ] player 2 placing token on slot 7
[2022-12-12 20:10:30] [SEVERE ] removing player 2 token from slot 0
[2022-12-12 20:10:30] [SEVERE ] removing player 2 token from slot 7
[2022-12-12 20:10:30] [SEVERE ] removing player 2 token from slot 9
[2022-12-12 20:10:30] [SEVERE ] player 2 placing token on slot 6
[2022-12-12 20:10:30] [SEVERE ] player 2 placing token on slot 11
[2022-12-12 20:10:30] [SEVERE ] player 2 placing token on slot 1
[2022-12-12 20:10:30] [SEVERE ] removing player 2 token from slot 1
[2022-12-12 20:10:30] [SEVERE ] removing player 2 token from slot 6
[2022-12-12 20:10:30] [SEVERE ] removing player 2 token from slot 11
[2022-12-12 20:10:30] [SEVERE ] player 2 placing token on slot 2
[2022-12-12 20:10:30] [SEVERE ] player 2 placing token on slot 6
[2022-12-12 20:10:30] [SEVERE ] player 2 placing token on slot 0
[2022-12-12 20:10:30] [SEVERE ] removing player 2 token from slot 0
[2022-12-12 20:10:30] [SEVERE ] removing player 2 token from slot 2
[2022-12-12 20:10:30] [SEVERE ] removing player 2 token from slot 6
[2022-12-12 20:10:30] [SEVERE ] player 2 placing token on slot 3
[2022-12-12 20:10:30] [SEVERE ] player 2 placing token on slot 8
[2022-12-12 20:10:30] [SEVERE ] player 2 placing token on slot 6
[2022-12-12 20:10:30] [SEVERE ] removing player 2 token from slot 3
[2022-12-12 20:10:30] [SEVERE ] removing player 2 token from slot 6
[2022-12-12 20:10:30] [SEVERE ] removing player 2 token from slot 8
[2022-12-12 20:10:30] [SEVERE ] player 2 placing token on slot 10
[2022-12-12 20:10:30] [SEVERE ] player 2 placing token on slot 6
[2022-12-12 20:10:30] [SEVERE ] player 2 placing token on slot 1
[2022-12-12 20:10:30] [SEVERE ] removing player 2 token from slot 1
[2022-12-12 20:10:30] [SEVERE ] removing player 2 token from slot 6
[2022-12-12 20:10:30] [SEVERE ] removing player 2 token from slot 10
[2022-12-12 20:10:30] [SEVERE ] player 2 placing token on slot 0
