[2022-12-12 21:36:35] [INFO   ] cannot read configuration file config.properties trying from resources.
[2022-12-12 21:36:35] [INFO   ] configuration file was loaded from resources directory.
[2022-12-12 21:36:35] [INFO   ] Thread dealer starting.
[2022-12-12 21:36:35] [INFO   ] Thread Thread-2starting.
[2022-12-12 21:36:35] [INFO   ] Thread Thread-0starting.
[2022-12-12 21:36:35] [INFO   ] Thread Thread-1starting.
[2022-12-12 21:36:35] [INFO   ] Thread computer-2 starting.
[2022-12-12 21:36:35] [SEVERE ] placing card 58 in slot 0
[2022-12-12 21:36:36] [SEVERE ] placing card 73 in slot 1
[2022-12-12 21:36:36] [SEVERE ] placing card 26 in slot 2
[2022-12-12 21:36:36] [SEVERE ] placing card 40 in slot 3
[2022-12-12 21:36:36] [SEVERE ] placing card 77 in slot 4
[2022-12-12 21:36:36] [SEVERE ] placing card 78 in slot 5
[2022-12-12 21:36:36] [SEVERE ] placing card 48 in slot 6
[2022-12-12 21:36:36] [SEVERE ] placing card 61 in slot 7
[2022-12-12 21:36:36] [SEVERE ] placing card 8 in slot 8
[2022-12-12 21:36:36] [SEVERE ] placing card 30 in slot 9
[2022-12-12 21:36:37] [SEVERE ] placing card 24 in slot 10
[2022-12-12 21:36:37] [SEVERE ] placing card 49 in slot 11
[2022-12-12 21:36:37] [SEVERE ] player 2 placing token on slot 6
[2022-12-12 21:36:37] [SEVERE ] player 2 placing token on slot 11
[2022-12-12 21:36:37] [SEVERE ] player 2 placing token on slot 8
[2022-12-12 21:36:37] [SEVERE ] removing player 2 token from slot 6
[2022-12-12 21:36:37] [SEVERE ] removing player 2 token from slot 8
[2022-12-12 21:36:37] [SEVERE ] removing player 2 token from slot 11
[2022-12-12 21:36:37] [SEVERE ] player 2 placing token on slot 7
[2022-12-12 21:36:37] [SEVERE ] player 2 placing token on slot 4
[2022-12-12 21:36:37] [SEVERE ] player 2 placing token on slot 9
[2022-12-12 21:36:37] [SEVERE ] removing player 2 token from slot 4
[2022-12-12 21:36:37] [SEVERE ] removing player 2 token from slot 7
[2022-12-12 21:36:37] [SEVERE ] removing player 2 token from slot 9
[2022-12-12 21:36:37] [SEVERE ] player 2 placing token on slot 3
[2022-12-12 21:36:37] [SEVERE ] player 2 placing token on slot 8
[2022-12-12 21:36:37] [SEVERE ] player 2 placing token on slot 4
[2022-12-12 21:36:37] [SEVERE ] removing player 2 token from slot 3
[2022-12-12 21:36:37] [SEVERE ] removing player 2 token from slot 4
[2022-12-12 21:36:37] [SEVERE ] removing player 2 token from slot 8
[2022-12-12 21:36:37] [SEVERE ] player 2 placing token on slot 7
[2022-12-12 21:36:37] [SEVERE ] player 2 placing token on slot 0
[2022-12-12 21:36:37] [SEVERE ] player 2 placing token on slot 4
[2022-12-12 21:36:37] [SEVERE ] removing player 2 token from slot 0
[2022-12-12 21:36:37] [SEVERE ] removing player 2 token from slot 4
[2022-12-12 21:36:37] [SEVERE ] removing player 2 token from slot 7
[2022-12-12 21:36:37] [SEVERE ] player 2 placing token on slot 5
[2022-12-12 21:36:37] [SEVERE ] player 2 placing token on slot 4
[2022-12-12 21:36:37] [SEVERE ] player 2 placing token on slot 3
[2022-12-12 21:36:37] [SEVERE ] removing player 2 token from slot 3
[2022-12-12 21:36:37] [SEVERE ] removing player 2 token from slot 4
[2022-12-12 21:36:37] [SEVERE ] removing player 2 token from slot 5
[2022-12-12 21:36:37] [SEVERE ] player 2 placing token on slot 6
[2022-12-12 21:36:37] [SEVERE ] player 2 placing token on slot 4
[2022-12-12 21:36:37] [SEVERE ] player 2 placing token on slot 2
[2022-12-12 21:36:37] [SEVERE ] removing player 2 token from slot 2
[2022-12-12 21:36:37] [SEVERE ] removing player 2 token from slot 4
[2022-12-12 21:36:37] [SEVERE ] removing player 2 token from slot 6
[2022-12-12 21:36:37] [SEVERE ] player 2 placing token on slot 3
[2022-12-12 21:36:37] [SEVERE ] player 2 placing token on slot 2
[2022-12-12 21:36:37] [SEVERE ] player 2 placing token on slot 4
[2022-12-12 21:36:37] [SEVERE ] removing player 2 token from slot 2
[2022-12-12 21:36:37] [SEVERE ] removing player 2 token from slot 3
[2022-12-12 21:36:37] [SEVERE ] removing player 2 token from slot 4
[2022-12-12 21:36:37] [SEVERE ] player 2 placing token on slot 1
[2022-12-12 21:36:37] [SEVERE ] player 2 placing token on slot 10
[2022-12-12 21:36:37] [SEVERE ] player 2 placing token on slot 0
[2022-12-12 21:36:37] [SEVERE ] removing player 2 token from slot 0
[2022-12-12 21:36:37] [SEVERE ] removing player 2 token from slot 1
[2022-12-12 21:36:37] [SEVERE ] removing player 2 token from slot 10
[2022-12-12 21:36:37] [SEVERE ] player 2 placing token on slot 8
[2022-12-12 21:36:37] [SEVERE ] player 2 placing token on slot 7
[2022-12-12 21:36:37] [SEVERE ] player 2 placing token on slot 10
[2022-12-12 21:36:37] [SEVERE ] removing player 2 token from slot 7
[2022-12-12 21:36:37] [SEVERE ] removing player 2 token from slot 8
[2022-12-12 21:36:37] [SEVERE ] removing player 2 token from slot 10
[2022-12-12 21:36:38] [SEVERE ] player 2 placing token on slot 9
[2022-12-12 21:36:38] [SEVERE ] player 2 placing token on slot 0
[2022-12-12 21:36:38] [SEVERE ] player 2 placing token on slot 11
[2022-12-12 21:36:38] [SEVERE ] removing player 2 token from slot 0
[2022-12-12 21:36:38] [SEVERE ] removing player 2 token from slot 9
[2022-12-12 21:36:38] [SEVERE ] removing player 2 token from slot 11
[2022-12-12 21:36:38] [SEVERE ] player 2 placing token on slot 8
[2022-12-12 21:36:38] [SEVERE ] player 2 placing token on slot 9
[2022-12-12 21:36:38] [SEVERE ] player 2 placing token on slot 6
[2022-12-12 21:36:38] [SEVERE ] removing player 2 token from slot 6
[2022-12-12 21:36:38] [SEVERE ] removing player 2 token from slot 8
[2022-12-12 21:36:38] [SEVERE ] removing player 2 token from slot 9
[2022-12-12 21:36:38] [SEVERE ] player 2 placing token on slot 2
[2022-12-12 21:36:38] [SEVERE ] player 2 placing token on slot 0
[2022-12-12 21:36:38] [SEVERE ] player 2 placing token on slot 6
[2022-12-12 21:36:38] [SEVERE ] removing player 2 token from slot 0
[2022-12-12 21:36:38] [SEVERE ] removing player 2 token from slot 2
[2022-12-12 21:36:38] [SEVERE ] removing player 2 token from slot 6
[2022-12-12 21:36:38] [SEVERE ] player 2 placing token on slot 5
[2022-12-12 21:36:38] [SEVERE ] player 2 placing token on slot 3
[2022-12-12 21:36:38] [SEVERE ] player 2 placing token on slot 9
[2022-12-12 21:36:38] [SEVERE ] removing player 2 token from slot 3
[2022-12-12 21:36:38] [SEVERE ] removing player 2 token from slot 5
[2022-12-12 21:36:38] [SEVERE ] removing player 2 token from slot 9
[2022-12-12 21:36:38] [SEVERE ] player 2 placing token on slot 2
[2022-12-12 21:36:38] [SEVERE ] player 2 placing token on slot 9
[2022-12-12 21:36:38] [SEVERE ] player 2 placing token on slot 11
[2022-12-12 21:36:38] [SEVERE ] removing player 2 token from slot 2
[2022-12-12 21:36:38] [SEVERE ] removing player 2 token from slot 9
[2022-12-12 21:36:38] [SEVERE ] removing player 2 token from slot 11
[2022-12-12 21:36:38] [SEVERE ] player 2 placing token on slot 11
[2022-12-12 21:36:38] [SEVERE ] player 2 placing token on slot 3
[2022-12-12 21:36:38] [SEVERE ] player 2 placing token on slot 5
[2022-12-12 21:36:38] [SEVERE ] removing player 2 token from slot 3
[2022-12-12 21:36:38] [SEVERE ] removing player 2 token from slot 5
[2022-12-12 21:36:38] [SEVERE ] removing player 2 token from slot 11
[2022-12-12 21:36:38] [SEVERE ] player 2 placing token on slot 8
[2022-12-12 21:36:38] [SEVERE ] player 2 placing token on slot 0
[2022-12-12 21:36:38] [SEVERE ] player 2 placing token on slot 4
[2022-12-12 21:36:38] [SEVERE ] removing player 2 token from slot 0
[2022-12-12 21:36:38] [SEVERE ] removing player 2 token from slot 4
[2022-12-12 21:36:38] [SEVERE ] removing player 2 token from slot 8
[2022-12-12 21:36:38] [SEVERE ] player 2 placing token on slot 8
[2022-12-12 21:36:38] [SEVERE ] player 2 placing token on slot 2
[2022-12-12 21:36:38] [SEVERE ] player 2 placing token on slot 9
[2022-12-12 21:36:38] [SEVERE ] removing player 2 token from slot 2
[2022-12-12 21:36:38] [SEVERE ] removing player 2 token from slot 8
[2022-12-12 21:36:38] [SEVERE ] removing player 2 token from slot 9
[2022-12-12 21:36:38] [SEVERE ] player 2 placing token on slot 6
[2022-12-12 21:36:38] [SEVERE ] player 2 placing token on slot 10
[2022-12-12 21:36:38] [SEVERE ] player 2 placing token on slot 0
[2022-12-12 21:36:38] [SEVERE ] removing player 2 token from slot 0
[2022-12-12 21:36:38] [SEVERE ] removing player 2 token from slot 6
[2022-12-12 21:36:38] [SEVERE ] removing player 2 token from slot 10
[2022-12-12 21:36:38] [SEVERE ] player 2 placing token on slot 1
[2022-12-12 21:36:38] [SEVERE ] player 2 placing token on slot 7
[2022-12-12 21:36:38] [SEVERE ] player 2 placing token on slot 4
[2022-12-12 21:36:38] [SEVERE ] removing player 2 token from slot 1
[2022-12-12 21:36:38] [SEVERE ] removing player 2 token from slot 4
[2022-12-12 21:36:38] [SEVERE ] removing player 2 token from slot 7
[2022-12-12 21:36:38] [SEVERE ] player 2 placing token on slot 4
[2022-12-12 21:36:38] [SEVERE ] player 2 placing token on slot 2
[2022-12-12 21:36:38] [SEVERE ] player 2 placing token on slot 11
[2022-12-12 21:36:38] [SEVERE ] removing player 2 token from slot 2
[2022-12-12 21:36:38] [SEVERE ] removing player 2 token from slot 4
[2022-12-12 21:36:38] [SEVERE ] removing player 2 token from slot 11
[2022-12-12 21:36:38] [SEVERE ] player 2 placing token on slot 5
[2022-12-12 21:36:39] [SEVERE ] player 2 placing token on slot 9
[2022-12-12 21:36:39] [SEVERE ] player 2 placing token on slot 7
[2022-12-12 21:36:39] [SEVERE ] removing player 2 token from slot 5
[2022-12-12 21:36:39] [SEVERE ] removing player 2 token from slot 7
[2022-12-12 21:36:39] [SEVERE ] removing player 2 token from slot 9
[2022-12-12 21:36:39] [SEVERE ] player 2 placing token on slot 1
[2022-12-12 21:36:39] [SEVERE ] player 2 placing token on slot 8
[2022-12-12 21:36:39] [SEVERE ] player 2 placing token on slot 6
[2022-12-12 21:36:39] [SEVERE ] removing player 2 token from slot 1
[2022-12-12 21:36:39] [SEVERE ] removing player 2 token from slot 6
[2022-12-12 21:36:39] [SEVERE ] removing player 2 token from slot 8
[2022-12-12 21:36:39] [SEVERE ] player 2 placing token on slot 2
[2022-12-12 21:36:39] [SEVERE ] player 2 placing token on slot 8
[2022-12-12 21:36:39] [SEVERE ] player 2 placing token on slot 11
[2022-12-12 21:36:39] [SEVERE ] removing player 2 token from slot 2
[2022-12-12 21:36:39] [SEVERE ] removing player 2 token from slot 8
[2022-12-12 21:36:39] [SEVERE ] removing player 2 token from slot 11
[2022-12-12 21:36:39] [SEVERE ] player 2 placing token on slot 9
[2022-12-12 21:36:39] [SEVERE ] player 2 placing token on slot 1
[2022-12-12 21:36:39] [SEVERE ] player 2 placing token on slot 8
[2022-12-12 21:36:39] [SEVERE ] removing player 2 token from slot 1
[2022-12-12 21:36:39] [SEVERE ] removing player 2 token from slot 8
[2022-12-12 21:36:39] [SEVERE ] removing player 2 token from slot 9
[2022-12-12 21:36:39] [SEVERE ] player 2 placing token on slot 11
[2022-12-12 21:36:39] [SEVERE ] player 2 placing token on slot 10
[2022-12-12 21:36:39] [SEVERE ] player 2 placing token on slot 8
[2022-12-12 21:36:39] [SEVERE ] removing player 2 token from slot 8
[2022-12-12 21:36:39] [SEVERE ] removing player 2 token from slot 10
[2022-12-12 21:36:39] [SEVERE ] removing player 2 token from slot 11
[2022-12-12 21:36:39] [SEVERE ] player 2 placing token on slot 0
[2022-12-12 21:36:39] [SEVERE ] player 2 placing token on slot 4
[2022-12-12 21:36:39] [SEVERE ] player 2 placing token on slot 5
[2022-12-12 21:36:39] [SEVERE ] removing player 2 token from slot 0
[2022-12-12 21:36:39] [SEVERE ] removing player 2 token from slot 4
[2022-12-12 21:36:39] [SEVERE ] removing player 2 token from slot 5
[2022-12-12 21:36:39] [SEVERE ] player 2 placing token on slot 8
[2022-12-12 21:36:39] [SEVERE ] player 2 placing token on slot 7
[2022-12-12 21:36:39] [SEVERE ] player 2 placing token on slot 10
[2022-12-12 21:36:39] [SEVERE ] removing player 2 token from slot 7
[2022-12-12 21:36:39] [SEVERE ] removing player 2 token from slot 8
[2022-12-12 21:36:39] [SEVERE ] removing player 2 token from slot 10
[2022-12-12 21:36:39] [SEVERE ] player 2 placing token on slot 2
[2022-12-12 21:36:39] [SEVERE ] player 2 placing token on slot 3
[2022-12-12 21:36:39] [SEVERE ] player 2 placing token on slot 11
[2022-12-12 21:36:39] [SEVERE ] removing player 2 token from slot 2
[2022-12-12 21:36:39] [SEVERE ] removing player 2 token from slot 3
[2022-12-12 21:36:39] [SEVERE ] removing player 2 token from slot 11
[2022-12-12 21:36:39] [SEVERE ] player 2 placing token on slot 8
[2022-12-12 21:36:39] [SEVERE ] player 2 placing token on slot 7
[2022-12-12 21:36:39] [SEVERE ] player 2 placing token on slot 4
[2022-12-12 21:36:39] [SEVERE ] removing player 2 token from slot 4
[2022-12-12 21:36:39] [SEVERE ] removing player 2 token from slot 7
[2022-12-12 21:36:39] [SEVERE ] removing player 2 token from slot 8
[2022-12-12 21:36:39] [SEVERE ] player 2 placing token on slot 1
[2022-12-12 21:36:39] [SEVERE ] player 2 placing token on slot 5
[2022-12-12 21:36:39] [SEVERE ] player 2 placing token on slot 8
[2022-12-12 21:36:39] [SEVERE ] removing player 2 token from slot 1
[2022-12-12 21:36:39] [SEVERE ] removing player 2 token from slot 5
[2022-12-12 21:36:39] [SEVERE ] removing player 2 token from slot 8
[2022-12-12 21:36:39] [SEVERE ] player 2 placing token on slot 6
[2022-12-12 21:36:39] [SEVERE ] player 2 placing token on slot 10
[2022-12-12 21:36:39] [SEVERE ] player 2 placing token on slot 2
[2022-12-12 21:36:39] [SEVERE ] removing player 2 token from slot 2
[2022-12-12 21:36:39] [SEVERE ] removing player 2 token from slot 6
[2022-12-12 21:36:39] [SEVERE ] removing player 2 token from slot 10
[2022-12-12 21:36:40] [SEVERE ] player 2 placing token on slot 1
[2022-12-12 21:36:40] [SEVERE ] player 2 placing token on slot 8
[2022-12-12 21:36:40] [SEVERE ] player 2 placing token on slot 11
[2022-12-12 21:36:40] [SEVERE ] removing player 2 token from slot 1
[2022-12-12 21:36:40] [SEVERE ] removing player 2 token from slot 8
[2022-12-12 21:36:40] [SEVERE ] removing player 2 token from slot 11
[2022-12-12 21:36:40] [SEVERE ] player 2 placing token on slot 1
[2022-12-12 21:36:40] [SEVERE ] player 2 placing token on slot 4
[2022-12-12 21:36:40] [SEVERE ] player 2 placing token on slot 7
[2022-12-12 21:36:40] [SEVERE ] removing player 2 token from slot 1
[2022-12-12 21:36:40] [SEVERE ] removing player 2 token from slot 4
[2022-12-12 21:36:40] [SEVERE ] removing player 2 token from slot 7
[2022-12-12 21:36:40] [SEVERE ] player 2 placing token on slot 6
[2022-12-12 21:36:40] [SEVERE ] player 2 placing token on slot 3
[2022-12-12 21:36:40] [SEVERE ] player 2 placing token on slot 1
[2022-12-12 21:36:40] [SEVERE ] removing player 2 token from slot 1
[2022-12-12 21:36:40] [SEVERE ] removing player 2 token from slot 3
[2022-12-12 21:36:40] [SEVERE ] removing player 2 token from slot 6
[2022-12-12 21:36:40] [SEVERE ] player 2 placing token on slot 5
[2022-12-12 21:36:40] [SEVERE ] player 2 placing token on slot 6
[2022-12-12 21:36:40] [SEVERE ] player 2 placing token on slot 2
[2022-12-12 21:36:40] [SEVERE ] removing player 2 token from slot 2
[2022-12-12 21:36:40] [SEVERE ] removing player 2 token from slot 5
[2022-12-12 21:36:40] [SEVERE ] removing player 2 token from slot 6
[2022-12-12 21:36:40] [SEVERE ] player 2 placing token on slot 10
[2022-12-12 21:36:40] [SEVERE ] player 2 placing token on slot 1
[2022-12-12 21:36:40] [SEVERE ] player 2 placing token on slot 0
[2022-12-12 21:36:40] [SEVERE ] removing player 2 token from slot 0
[2022-12-12 21:36:40] [SEVERE ] removing player 2 token from slot 1
[2022-12-12 21:36:40] [SEVERE ] removing player 2 token from slot 10
[2022-12-12 21:36:40] [SEVERE ] player 2 placing token on slot 10
[2022-12-12 21:36:40] [SEVERE ] player 2 placing token on slot 11
[2022-12-12 21:36:40] [SEVERE ] player 2 placing token on slot 0
[2022-12-12 21:36:40] [SEVERE ] removing player 2 token from slot 0
[2022-12-12 21:36:40] [SEVERE ] removing player 2 token from slot 10
[2022-12-12 21:36:40] [SEVERE ] removing player 2 token from slot 11
[2022-12-12 21:36:40] [SEVERE ] player 2 placing token on slot 1
[2022-12-12 21:36:40] [SEVERE ] player 2 placing token on slot 8
[2022-12-12 21:36:40] [SEVERE ] player 2 placing token on slot 2
[2022-12-12 21:36:40] [SEVERE ] removing player 2 token from slot 1
[2022-12-12 21:36:40] [SEVERE ] removing player 2 token from slot 2
[2022-12-12 21:36:40] [SEVERE ] removing player 2 token from slot 8
[2022-12-12 21:36:40] [SEVERE ] player 2 placing token on slot 0
[2022-12-12 21:36:40] [SEVERE ] player 2 placing token on slot 6
[2022-12-12 21:36:40] [SEVERE ] player 2 placing token on slot 4
[2022-12-12 21:36:40] [SEVERE ] removing player 2 token from slot 0
[2022-12-12 21:36:40] [SEVERE ] removing player 2 token from slot 4
[2022-12-12 21:36:40] [SEVERE ] removing player 2 token from slot 6
[2022-12-12 21:36:40] [SEVERE ] player 2 placing token on slot 6
[2022-12-12 21:36:40] [SEVERE ] player 2 placing token on slot 2
[2022-12-12 21:36:40] [SEVERE ] player 2 placing token on slot 4
[2022-12-12 21:36:40] [SEVERE ] removing player 2 token from slot 2
[2022-12-12 21:36:40] [SEVERE ] removing player 2 token from slot 4
[2022-12-12 21:36:40] [SEVERE ] removing player 2 token from slot 6
[2022-12-12 21:36:40] [SEVERE ] player 2 placing token on slot 3
[2022-12-12 21:36:40] [SEVERE ] player 2 placing token on slot 0
[2022-12-12 21:36:40] [SEVERE ] player 2 placing token on slot 8
[2022-12-12 21:36:40] [SEVERE ] removing player 2 token from slot 0
[2022-12-12 21:36:40] [SEVERE ] removing player 2 token from slot 3
[2022-12-12 21:36:40] [SEVERE ] removing player 2 token from slot 8
[2022-12-12 21:36:40] [SEVERE ] player 2 placing token on slot 4
[2022-12-12 21:36:40] [SEVERE ] player 2 placing token on slot 5
[2022-12-12 21:36:40] [SEVERE ] player 2 placing token on slot 10
[2022-12-12 21:36:40] [SEVERE ] removing player 2 token from slot 4
[2022-12-12 21:36:40] [SEVERE ] removing player 2 token from slot 5
[2022-12-12 21:36:40] [SEVERE ] removing player 2 token from slot 10
[2022-12-12 21:36:41] [SEVERE ] player 2 placing token on slot 2
[2022-12-12 21:36:41] [SEVERE ] player 2 placing token on slot 7
[2022-12-12 21:36:41] [SEVERE ] player 2 placing token on slot 0
[2022-12-12 21:36:41] [SEVERE ] removing player 2 token from slot 0
[2022-12-12 21:36:41] [SEVERE ] removing player 2 token from slot 2
[2022-12-12 21:36:41] [SEVERE ] removing player 2 token from slot 7
[2022-12-12 21:36:41] [SEVERE ] player 2 placing token on slot 6
[2022-12-12 21:36:41] [SEVERE ] player 2 placing token on slot 11
[2022-12-12 21:36:41] [SEVERE ] player 2 placing token on slot 5
[2022-12-12 21:36:41] [SEVERE ] removing player 2 token from slot 5
[2022-12-12 21:36:41] [SEVERE ] removing player 2 token from slot 6
[2022-12-12 21:36:41] [SEVERE ] removing player 2 token from slot 11
[2022-12-12 21:36:41] [SEVERE ] player 2 placing token on slot 3
[2022-12-12 21:36:41] [SEVERE ] player 2 placing token on slot 5
[2022-12-12 21:36:41] [SEVERE ] player 2 placing token on slot 2
[2022-12-12 21:36:41] [SEVERE ] removing player 2 token from slot 2
[2022-12-12 21:36:41] [SEVERE ] removing player 2 token from slot 3
[2022-12-12 21:36:41] [SEVERE ] removing player 2 token from slot 5
[2022-12-12 21:36:41] [SEVERE ] player 2 placing token on slot 11
[2022-12-12 21:36:41] [SEVERE ] player 2 placing token on slot 0
[2022-12-12 21:36:41] [SEVERE ] player 2 placing token on slot 9
[2022-12-12 21:36:41] [SEVERE ] removing player 2 token from slot 0
[2022-12-12 21:36:41] [SEVERE ] removing player 2 token from slot 9
[2022-12-12 21:36:41] [SEVERE ] removing player 2 token from slot 11
[2022-12-12 21:36:41] [SEVERE ] player 2 placing token on slot 3
[2022-12-12 21:36:41] [SEVERE ] player 2 placing token on slot 7
[2022-12-12 21:36:41] [SEVERE ] player 2 placing token on slot 1
[2022-12-12 21:36:41] [SEVERE ] removing player 2 token from slot 1
[2022-12-12 21:36:41] [SEVERE ] removing player 2 token from slot 3
[2022-12-12 21:36:41] [SEVERE ] removing player 2 token from slot 7
[2022-12-12 21:36:41] [SEVERE ] player 2 placing token on slot 6
[2022-12-12 21:36:41] [SEVERE ] player 2 placing token on slot 7
[2022-12-12 21:36:41] [SEVERE ] player 2 placing token on slot 9
[2022-12-12 21:36:41] [SEVERE ] removing player 2 token from slot 6
[2022-12-12 21:36:41] [SEVERE ] removing player 2 token from slot 7
[2022-12-12 21:36:41] [SEVERE ] removing player 2 token from slot 9
[2022-12-12 21:36:41] [SEVERE ] player 2 placing token on slot 5
[2022-12-12 21:36:41] [SEVERE ] player 2 placing token on slot 11
[2022-12-12 21:36:41] [SEVERE ] player 2 placing token on slot 10
[2022-12-12 21:36:41] [SEVERE ] removing player 2 token from slot 5
[2022-12-12 21:36:41] [SEVERE ] removing player 2 token from slot 10
[2022-12-12 21:36:41] [SEVERE ] removing player 2 token from slot 11
[2022-12-12 21:36:41] [SEVERE ] player 2 placing token on slot 4
[2022-12-12 21:36:41] [SEVERE ] player 2 placing token on slot 7
[2022-12-12 21:36:41] [SEVERE ] player 2 placing token on slot 0
[2022-12-12 21:36:41] [SEVERE ] removing player 2 token from slot 0
[2022-12-12 21:36:41] [SEVERE ] removing player 2 token from slot 4
[2022-12-12 21:36:41] [SEVERE ] removing player 2 token from slot 7
[2022-12-12 21:36:41] [SEVERE ] player 2 placing token on slot 4
[2022-12-12 21:36:41] [SEVERE ] player 2 placing token on slot 3
[2022-12-12 21:36:41] [SEVERE ] player 2 placing token on slot 1
[2022-12-12 21:36:41] [SEVERE ] removing player 2 token from slot 1
[2022-12-12 21:36:41] [SEVERE ] removing player 2 token from slot 3
[2022-12-12 21:36:41] [SEVERE ] removing player 2 token from slot 4
[2022-12-12 21:36:41] [SEVERE ] player 2 placing token on slot 3
[2022-12-12 21:36:41] [SEVERE ] player 2 placing token on slot 8
[2022-12-12 21:36:41] [SEVERE ] player 2 placing token on slot 9
[2022-12-12 21:36:41] [SEVERE ] removing player 2 token from slot 3
[2022-12-12 21:36:41] [SEVERE ] removing player 2 token from slot 8
[2022-12-12 21:36:41] [SEVERE ] removing player 2 token from slot 9
[2022-12-12 21:36:41] [SEVERE ] player 2 placing token on slot 3
[2022-12-12 21:36:42] [SEVERE ] player 2 placing token on slot 5
[2022-12-12 21:36:42] [SEVERE ] player 2 placing token on slot 0
[2022-12-12 21:36:42] [SEVERE ] removing player 2 token from slot 0
[2022-12-12 21:36:42] [SEVERE ] removing player 2 token from slot 3
[2022-12-12 21:36:42] [SEVERE ] removing player 2 token from slot 5
[2022-12-12 21:36:42] [SEVERE ] player 2 placing token on slot 5
[2022-12-12 21:36:42] [SEVERE ] player 2 placing token on slot 9
[2022-12-12 21:36:42] [SEVERE ] player 2 placing token on slot 10
[2022-12-12 21:36:42] [SEVERE ] removing player 2 token from slot 5
[2022-12-12 21:36:42] [SEVERE ] removing player 2 token from slot 9
[2022-12-12 21:36:42] [SEVERE ] removing player 2 token from slot 10
[2022-12-12 21:36:42] [SEVERE ] player 2 placing token on slot 6
[2022-12-12 21:36:42] [SEVERE ] player 2 placing token on slot 5
[2022-12-12 21:36:42] [SEVERE ] player 2 placing token on slot 1
[2022-12-12 21:36:42] [SEVERE ] removing player 2 token from slot 1
[2022-12-12 21:36:42] [SEVERE ] removing player 2 token from slot 5
[2022-12-12 21:36:42] [SEVERE ] removing player 2 token from slot 6
[2022-12-12 21:36:42] [SEVERE ] player 2 placing token on slot 3
[2022-12-12 21:36:42] [SEVERE ] player 2 placing token on slot 9
[2022-12-12 21:36:42] [SEVERE ] player 2 placing token on slot 7
[2022-12-12 21:36:42] [SEVERE ] removing player 2 token from slot 3
[2022-12-12 21:36:42] [SEVERE ] removing player 2 token from slot 7
[2022-12-12 21:36:42] [SEVERE ] removing player 2 token from slot 9
[2022-12-12 21:36:42] [SEVERE ] player 2 placing token on slot 7
[2022-12-12 21:36:42] [SEVERE ] player 2 placing token on slot 9
[2022-12-12 21:36:42] [SEVERE ] player 2 placing token on slot 8
[2022-12-12 21:36:42] [SEVERE ] removing player 2 token from slot 7
[2022-12-12 21:36:42] [SEVERE ] removing player 2 token from slot 8
[2022-12-12 21:36:42] [SEVERE ] removing player 2 token from slot 9
[2022-12-12 21:36:42] [SEVERE ] player 2 placing token on slot 0
[2022-12-12 21:36:42] [SEVERE ] player 2 placing token on slot 3
[2022-12-12 21:36:42] [SEVERE ] player 2 placing token on slot 8
[2022-12-12 21:36:42] [SEVERE ] removing player 2 token from slot 0
[2022-12-12 21:36:42] [SEVERE ] removing player 2 token from slot 3
[2022-12-12 21:36:42] [SEVERE ] removing player 2 token from slot 8
[2022-12-12 21:36:42] [SEVERE ] player 2 placing token on slot 4
[2022-12-12 21:36:42] [SEVERE ] player 2 placing token on slot 0
[2022-12-12 21:36:42] [SEVERE ] player 2 placing token on slot 6
[2022-12-12 21:36:42] [SEVERE ] removing player 2 token from slot 0
[2022-12-12 21:36:42] [SEVERE ] removing player 2 token from slot 4
[2022-12-12 21:36:42] [SEVERE ] removing player 2 token from slot 6
[2022-12-12 21:36:42] [SEVERE ] player 2 placing token on slot 4
[2022-12-12 21:36:42] [SEVERE ] player 2 placing token on slot 8
[2022-12-12 21:36:42] [SEVERE ] player 2 placing token on slot 9
[2022-12-12 21:36:42] [SEVERE ] removing player 2 token from slot 4
[2022-12-12 21:36:42] [SEVERE ] removing player 2 token from slot 8
[2022-12-12 21:36:42] [SEVERE ] removing player 2 token from slot 9
[2022-12-12 21:36:42] [SEVERE ] player 2 placing token on slot 4
[2022-12-12 21:36:42] [SEVERE ] player 2 placing token on slot 11
[2022-12-12 21:36:42] [SEVERE ] player 2 placing token on slot 6
[2022-12-12 21:36:42] [SEVERE ] removing player 2 token from slot 4
[2022-12-12 21:36:42] [SEVERE ] removing player 2 token from slot 6
[2022-12-12 21:36:42] [SEVERE ] removing player 2 token from slot 11
[2022-12-12 21:36:42] [SEVERE ] player 2 placing token on slot 2
[2022-12-12 21:36:42] [SEVERE ] player 2 placing token on slot 7
[2022-12-12 21:36:42] [SEVERE ] player 2 placing token on slot 11
[2022-12-12 21:36:42] [SEVERE ] removing player 2 token from slot 2
[2022-12-12 21:36:42] [SEVERE ] removing player 2 token from slot 7
[2022-12-12 21:36:42] [SEVERE ] removing player 2 token from slot 11
[2022-12-12 21:36:42] [SEVERE ] player 2 placing token on slot 9
[2022-12-12 21:36:42] [SEVERE ] player 2 placing token on slot 7
[2022-12-12 21:36:42] [SEVERE ] player 2 placing token on slot 8
[2022-12-12 21:36:42] [SEVERE ] removing player 2 token from slot 7
[2022-12-12 21:36:42] [SEVERE ] removing player 2 token from slot 8
[2022-12-12 21:36:42] [SEVERE ] removing player 2 token from slot 9
[2022-12-12 21:36:42] [SEVERE ] player 2 placing token on slot 8
[2022-12-12 21:36:43] [SEVERE ] player 2 placing token on slot 3
[2022-12-12 21:36:43] [SEVERE ] player 2 placing token on slot 10
[2022-12-12 21:36:43] [SEVERE ] removing player 2 token from slot 3
[2022-12-12 21:36:43] [SEVERE ] removing player 2 token from slot 8
[2022-12-12 21:36:43] [SEVERE ] removing player 2 token from slot 10
[2022-12-12 21:36:43] [SEVERE ] player 2 placing token on slot 9
[2022-12-12 21:36:43] [SEVERE ] player 2 placing token on slot 0
[2022-12-12 21:36:43] [SEVERE ] player 2 placing token on slot 5
[2022-12-12 21:36:43] [SEVERE ] removing player 2 token from slot 0
[2022-12-12 21:36:43] [SEVERE ] removing player 2 token from slot 5
[2022-12-12 21:36:43] [SEVERE ] removing player 2 token from slot 9
[2022-12-12 21:36:43] [SEVERE ] player 2 placing token on slot 7
[2022-12-12 21:36:43] [SEVERE ] player 2 placing token on slot 6
[2022-12-12 21:36:43] [SEVERE ] player 2 placing token on slot 11
[2022-12-12 21:36:43] [SEVERE ] removing player 2 token from slot 6
[2022-12-12 21:36:43] [SEVERE ] removing player 2 token from slot 7
[2022-12-12 21:36:43] [SEVERE ] removing player 2 token from slot 11
[2022-12-12 21:36:43] [SEVERE ] player 2 placing token on slot 1
[2022-12-12 21:36:43] [SEVERE ] player 2 placing token on slot 3
[2022-12-12 21:36:43] [SEVERE ] player 2 placing token on slot 2
[2022-12-12 21:36:43] [SEVERE ] removing player 2 token from slot 1
[2022-12-12 21:36:43] [SEVERE ] removing player 2 token from slot 2
[2022-12-12 21:36:43] [SEVERE ] removing player 2 token from slot 3
[2022-12-12 21:36:43] [SEVERE ] player 2 placing token on slot 3
[2022-12-12 21:36:43] [SEVERE ] player 2 placing token on slot 9
[2022-12-12 21:36:43] [SEVERE ] player 2 placing token on slot 4
[2022-12-12 21:36:43] [SEVERE ] removing player 2 token from slot 3
[2022-12-12 21:36:43] [SEVERE ] removing player 2 token from slot 4
[2022-12-12 21:36:43] [SEVERE ] removing player 2 token from slot 9
[2022-12-12 21:36:43] [SEVERE ] player 2 placing token on slot 1
[2022-12-12 21:36:43] [SEVERE ] player 2 placing token on slot 11
[2022-12-12 21:36:43] [SEVERE ] player 2 placing token on slot 8
[2022-12-12 21:36:43] [SEVERE ] removing player 2 token from slot 1
[2022-12-12 21:36:43] [SEVERE ] removing player 2 token from slot 8
[2022-12-12 21:36:43] [SEVERE ] removing player 2 token from slot 11
[2022-12-12 21:36:43] [SEVERE ] player 2 placing token on slot 7
[2022-12-12 21:36:43] [SEVERE ] player 2 placing token on slot 11
[2022-12-12 21:36:43] [SEVERE ] player 2 placing token on slot 5
[2022-12-12 21:36:43] [SEVERE ] removing player 2 token from slot 5
[2022-12-12 21:36:43] [SEVERE ] removing player 2 token from slot 7
[2022-12-12 21:36:43] [SEVERE ] removing player 2 token from slot 11
[2022-12-12 21:36:43] [SEVERE ] player 2 placing token on slot 0
[2022-12-12 21:36:43] [SEVERE ] player 2 placing token on slot 2
[2022-12-12 21:36:43] [SEVERE ] player 2 placing token on slot 4
[2022-12-12 21:36:43] [SEVERE ] removing player 2 token from slot 0
[2022-12-12 21:36:43] [SEVERE ] removing player 2 token from slot 2
[2022-12-12 21:36:43] [SEVERE ] removing player 2 token from slot 4
[2022-12-12 21:36:43] [SEVERE ] player 2 placing token on slot 2
[2022-12-12 21:36:43] [SEVERE ] player 2 placing token on slot 7
[2022-12-12 21:36:43] [SEVERE ] player 2 placing token on slot 1
[2022-12-12 21:36:43] [SEVERE ] removing player 2 token from slot 1
[2022-12-12 21:36:43] [SEVERE ] removing player 2 token from slot 2
[2022-12-12 21:36:43] [SEVERE ] removing player 2 token from slot 7
[2022-12-12 21:36:43] [SEVERE ] player 2 placing token on slot 0
[2022-12-12 21:36:43] [SEVERE ] player 2 placing token on slot 3
[2022-12-12 21:36:43] [SEVERE ] player 2 placing token on slot 9
[2022-12-12 21:36:43] [SEVERE ] removing player 2 token from slot 0
[2022-12-12 21:36:43] [SEVERE ] removing player 2 token from slot 3
[2022-12-12 21:36:43] [SEVERE ] removing player 2 token from slot 9
[2022-12-12 21:36:43] [SEVERE ] player 2 placing token on slot 4
[2022-12-12 21:36:43] [SEVERE ] player 2 placing token on slot 2
[2022-12-12 21:36:43] [SEVERE ] player 2 placing token on slot 7
[2022-12-12 21:36:43] [SEVERE ] removing player 2 token from slot 2
[2022-12-12 21:36:43] [SEVERE ] removing player 2 token from slot 4
[2022-12-12 21:36:43] [SEVERE ] removing player 2 token from slot 7
[2022-12-12 21:36:43] [SEVERE ] player 2 placing token on slot 10
[2022-12-12 21:36:43] [SEVERE ] player 2 placing token on slot 4
[2022-12-12 21:36:44] [SEVERE ] player 2 placing token on slot 6
[2022-12-12 21:36:44] [SEVERE ] removing player 2 token from slot 4
[2022-12-12 21:36:44] [SEVERE ] removing player 2 token from slot 6
[2022-12-12 21:36:44] [SEVERE ] removing player 2 token from slot 10
[2022-12-12 21:36:44] [SEVERE ] player 2 placing token on slot 10
[2022-12-12 21:36:44] [SEVERE ] player 2 placing token on slot 1
[2022-12-12 21:36:44] [SEVERE ] player 2 placing token on slot 6
[2022-12-12 21:36:44] [SEVERE ] removing player 2 token from slot 1
[2022-12-12 21:36:44] [SEVERE ] removing player 2 token from slot 6
[2022-12-12 21:36:44] [SEVERE ] removing player 2 token from slot 10
[2022-12-12 21:36:44] [SEVERE ] player 2 placing token on slot 4
[2022-12-12 21:36:44] [SEVERE ] player 2 placing token on slot 11
[2022-12-12 21:36:44] [SEVERE ] player 2 placing token on slot 10
[2022-12-12 21:36:44] [SEVERE ] removing player 2 token from slot 4
[2022-12-12 21:36:44] [SEVERE ] removing player 2 token from slot 10
[2022-12-12 21:36:44] [SEVERE ] removing player 2 token from slot 11
[2022-12-12 21:36:44] [SEVERE ] player 2 placing token on slot 11
[2022-12-12 21:36:44] [SEVERE ] player 2 placing token on slot 6
[2022-12-12 21:36:44] [SEVERE ] player 2 placing token on slot 8
[2022-12-12 21:36:44] [SEVERE ] removing player 2 token from slot 6
[2022-12-12 21:36:44] [SEVERE ] removing player 2 token from slot 8
[2022-12-12 21:36:44] [SEVERE ] removing player 2 token from slot 11
[2022-12-12 21:36:44] [SEVERE ] player 2 placing token on slot 3
[2022-12-12 21:36:44] [SEVERE ] player 2 placing token on slot 2
[2022-12-12 21:36:44] [SEVERE ] player 2 placing token on slot 7
[2022-12-12 21:36:44] [SEVERE ] removing player 2 token from slot 2
[2022-12-12 21:36:44] [SEVERE ] removing player 2 token from slot 3
[2022-12-12 21:36:44] [SEVERE ] removing player 2 token from slot 7
[2022-12-12 21:36:44] [SEVERE ] player 2 placing token on slot 6
[2022-12-12 21:36:44] [SEVERE ] player 2 placing token on slot 8
[2022-12-12 21:36:44] [SEVERE ] player 2 placing token on slot 5
[2022-12-12 21:36:44] [SEVERE ] removing player 2 token from slot 5
[2022-12-12 21:36:44] [SEVERE ] removing player 2 token from slot 6
[2022-12-12 21:36:44] [SEVERE ] removing player 2 token from slot 8
[2022-12-12 21:36:44] [SEVERE ] player 2 placing token on slot 2
[2022-12-12 21:36:44] [SEVERE ] player 2 placing token on slot 8
[2022-12-12 21:36:44] [SEVERE ] player 2 placing token on slot 7
[2022-12-12 21:36:44] [SEVERE ] removing player 2 token from slot 2
[2022-12-12 21:36:44] [SEVERE ] removing player 2 token from slot 7
[2022-12-12 21:36:44] [SEVERE ] removing player 2 token from slot 8
[2022-12-12 21:36:44] [SEVERE ] player 2 placing token on slot 3
[2022-12-12 21:36:44] [SEVERE ] player 2 placing token on slot 5
[2022-12-12 21:36:44] [SEVERE ] player 2 placing token on slot 8
[2022-12-12 21:36:44] [SEVERE ] removing player 2 token from slot 3
[2022-12-12 21:36:44] [SEVERE ] removing player 2 token from slot 5
[2022-12-12 21:36:44] [SEVERE ] removing player 2 token from slot 8
[2022-12-12 21:36:44] [SEVERE ] player 2 placing token on slot 8
[2022-12-12 21:36:44] [SEVERE ] player 2 placing token on slot 9
[2022-12-12 21:36:44] [SEVERE ] player 2 placing token on slot 2
[2022-12-12 21:36:44] [SEVERE ] removing player 2 token from slot 2
[2022-12-12 21:36:44] [SEVERE ] removing player 2 token from slot 8
[2022-12-12 21:36:44] [SEVERE ] removing player 2 token from slot 9
[2022-12-12 21:36:44] [SEVERE ] player 2 placing token on slot 11
[2022-12-12 21:36:44] [SEVERE ] player 2 placing token on slot 4
[2022-12-12 21:36:44] [SEVERE ] player 2 placing token on slot 0
[2022-12-12 21:36:44] [SEVERE ] removing player 2 token from slot 0
[2022-12-12 21:36:44] [SEVERE ] removing player 2 token from slot 4
[2022-12-12 21:36:44] [SEVERE ] removing player 2 token from slot 11
[2022-12-12 21:36:44] [SEVERE ] player 2 placing token on slot 2
[2022-12-12 21:36:44] [SEVERE ] player 2 placing token on slot 5
[2022-12-12 21:36:44] [SEVERE ] player 2 placing token on slot 7
[2022-12-12 21:36:44] [SEVERE ] removing player 2 token from slot 2
[2022-12-12 21:36:44] [SEVERE ] removing player 2 token from slot 5
[2022-12-12 21:36:44] [SEVERE ] removing player 2 token from slot 7
[2022-12-12 21:36:44] [SEVERE ] player 2 placing token on slot 8
[2022-12-12 21:36:44] [SEVERE ] player 2 placing token on slot 7
[2022-12-12 21:36:45] [SEVERE ] player 2 placing token on slot 10
[2022-12-12 21:36:45] [SEVERE ] removing player 2 token from slot 7
[2022-12-12 21:36:45] [SEVERE ] removing player 2 token from slot 8
[2022-12-12 21:36:45] [SEVERE ] removing player 2 token from slot 10
[2022-12-12 21:36:45] [SEVERE ] player 2 placing token on slot 8
[2022-12-12 21:36:45] [SEVERE ] player 2 placing token on slot 0
[2022-12-12 21:36:45] [SEVERE ] player 2 placing token on slot 4
[2022-12-12 21:36:45] [SEVERE ] removing player 2 token from slot 0
[2022-12-12 21:36:45] [SEVERE ] removing player 2 token from slot 4
[2022-12-12 21:36:45] [SEVERE ] removing player 2 token from slot 8
[2022-12-12 21:36:45] [SEVERE ] player 2 placing token on slot 8
[2022-12-12 21:36:45] [SEVERE ] player 2 placing token on slot 4
[2022-12-12 21:36:45] [SEVERE ] player 2 placing token on slot 10
[2022-12-12 21:36:45] [SEVERE ] removing player 2 token from slot 4
[2022-12-12 21:36:45] [SEVERE ] removing player 2 token from slot 8
[2022-12-12 21:36:45] [SEVERE ] removing player 2 token from slot 10
[2022-12-12 21:36:45] [SEVERE ] player 2 placing token on slot 2
[2022-12-12 21:36:45] [SEVERE ] player 2 placing token on slot 4
[2022-12-12 21:36:45] [SEVERE ] player 2 placing token on slot 6
[2022-12-12 21:36:45] [SEVERE ] removing player 2 token from slot 2
[2022-12-12 21:36:45] [SEVERE ] removing player 2 token from slot 4
[2022-12-12 21:36:45] [SEVERE ] removing player 2 token from slot 6
[2022-12-12 21:36:45] [SEVERE ] player 2 placing token on slot 2
[2022-12-12 21:36:45] [SEVERE ] player 2 placing token on slot 5
[2022-12-12 21:36:45] [SEVERE ] player 2 placing token on slot 0
[2022-12-12 21:36:45] [SEVERE ] removing player 2 token from slot 0
[2022-12-12 21:36:45] [SEVERE ] removing player 2 token from slot 2
[2022-12-12 21:36:45] [SEVERE ] removing player 2 token from slot 5
[2022-12-12 21:36:45] [SEVERE ] player 2 placing token on slot 11
[2022-12-12 21:36:45] [SEVERE ] player 2 placing token on slot 6
[2022-12-12 21:36:45] [SEVERE ] player 2 placing token on slot 0
[2022-12-12 21:36:45] [SEVERE ] removing player 2 token from slot 0
[2022-12-12 21:36:45] [SEVERE ] removing player 2 token from slot 6
[2022-12-12 21:36:45] [SEVERE ] removing player 2 token from slot 11
[2022-12-12 21:36:45] [SEVERE ] player 2 placing token on slot 9
[2022-12-12 21:36:45] [SEVERE ] player 2 placing token on slot 3
[2022-12-12 21:36:45] [SEVERE ] player 2 placing token on slot 7
[2022-12-12 21:36:45] [SEVERE ] removing player 2 token from slot 3
[2022-12-12 21:36:45] [SEVERE ] removing player 2 token from slot 7
[2022-12-12 21:36:45] [SEVERE ] removing player 2 token from slot 9
[2022-12-12 21:36:45] [SEVERE ] player 2 placing token on slot 4
[2022-12-12 21:36:45] [SEVERE ] player 2 placing token on slot 10
[2022-12-12 21:36:45] [SEVERE ] player 2 placing token on slot 6
[2022-12-12 21:36:45] [SEVERE ] removing player 2 token from slot 4
[2022-12-12 21:36:45] [SEVERE ] removing player 2 token from slot 6
[2022-12-12 21:36:45] [SEVERE ] removing player 2 token from slot 10
[2022-12-12 21:36:45] [SEVERE ] player 2 placing token on slot 0
[2022-12-12 21:36:45] [SEVERE ] player 2 placing token on slot 6
[2022-12-12 21:36:45] [SEVERE ] player 2 placing token on slot 11
[2022-12-12 21:36:45] [SEVERE ] removing player 2 token from slot 0
[2022-12-12 21:36:45] [SEVERE ] removing player 2 token from slot 6
[2022-12-12 21:36:45] [SEVERE ] removing player 2 token from slot 11
[2022-12-12 21:36:45] [SEVERE ] player 2 placing token on slot 7
[2022-12-12 21:36:45] [SEVERE ] player 2 placing token on slot 6
[2022-12-12 21:36:45] [SEVERE ] player 2 placing token on slot 1
[2022-12-12 21:36:45] [SEVERE ] removing player 2 token from slot 1
[2022-12-12 21:36:45] [SEVERE ] removing player 2 token from slot 6
[2022-12-12 21:36:45] [SEVERE ] removing player 2 token from slot 7
[2022-12-12 21:36:45] [SEVERE ] player 2 placing token on slot 1
[2022-12-12 21:36:45] [SEVERE ] player 2 placing token on slot 2
[2022-12-12 21:36:45] [SEVERE ] player 2 placing token on slot 6
[2022-12-12 21:36:46] [SEVERE ] removing tokens from slot 1
[2022-12-12 21:36:46] [SEVERE ] removing card from slot 1
[2022-12-12 21:36:46] [SEVERE ] removing tokens from slot 2
[2022-12-12 21:36:46] [SEVERE ] removing card from slot 2
[2022-12-12 21:36:46] [SEVERE ] removing tokens from slot 6
[2022-12-12 21:36:46] [SEVERE ] removing card from slot 6
[2022-12-12 21:36:46] [SEVERE ] setting player 2 score to 1
[2022-12-12 21:36:46] [SEVERE ] player 2 placing token on slot 5
[2022-12-12 21:36:46] [SEVERE ] player 2 placing token on slot 9
[2022-12-12 21:36:46] [SEVERE ] player 2 placing token on slot 11
[2022-12-12 21:36:46] [SEVERE ] placing card 7 in slot 1
[2022-12-12 21:36:46] [SEVERE ] placing card 35 in slot 2
[2022-12-12 21:36:46] [SEVERE ] placing card 11 in slot 6
