[2022-12-12 12:56:42] [INFO   ] cannot read configuration file config.properties trying from resources.
[2022-12-12 12:56:42] [INFO   ] configuration file was loaded from resources directory.
[2022-12-12 12:56:42] [INFO   ] Thread dealer starting.
[2022-12-12 12:56:42] [INFO   ] Thread Thread-0starting.
[2022-12-12 12:56:42] [INFO   ] Thread Thread-2starting.
[2022-12-12 12:56:42] [INFO   ] Thread Thread-1starting.
[2022-12-12 12:56:42] [INFO   ] Thread computer-2 starting.
[2022-12-12 12:56:42] [SEVERE ] placing card 33 in slot 0
[2022-12-12 12:56:42] [SEVERE ] placing card 21 in slot 1
[2022-12-12 12:56:43] [SEVERE ] placing card 12 in slot 2
[2022-12-12 12:56:43] [SEVERE ] placing card 17 in slot 3
[2022-12-12 12:56:43] [SEVERE ] placing card 54 in slot 4
[2022-12-12 12:56:43] [SEVERE ] placing card 71 in slot 5
[2022-12-12 12:56:43] [SEVERE ] placing card 7 in slot 6
[2022-12-12 12:56:43] [SEVERE ] placing card 57 in slot 7
[2022-12-12 12:56:43] [SEVERE ] placing card 15 in slot 8
[2022-12-12 12:56:43] [SEVERE ] placing card 11 in slot 9
[2022-12-12 12:56:44] [SEVERE ] placing card 48 in slot 10
[2022-12-12 12:56:44] [SEVERE ] placing card 35 in slot 11
[2022-12-12 12:56:44] [SEVERE ] player 2 placing token on slot 7
[2022-12-12 12:56:44] [SEVERE ] player 2 placing token on slot 9
[2022-12-12 12:56:44] [SEVERE ] player 2 placing token on slot 8
[2022-12-12 12:56:44] [SEVERE ] removing player 2 token from slot 7
[2022-12-12 12:56:44] [SEVERE ] removing player 2 token from slot 8
[2022-12-12 12:56:44] [SEVERE ] removing player 2 token from slot 9
[2022-12-12 12:56:44] [SEVERE ] player 2 placing token on slot 2
[2022-12-12 12:56:44] [SEVERE ] player 2 placing token on slot 11
[2022-12-12 12:56:44] [SEVERE ] player 2 placing token on slot 9
[2022-12-12 12:56:44] [SEVERE ] removing player 2 token from slot 2
[2022-12-12 12:56:44] [SEVERE ] removing player 2 token from slot 9
[2022-12-12 12:56:44] [SEVERE ] removing player 2 token from slot 11
[2022-12-12 12:56:44] [SEVERE ] player 2 placing token on slot 6
[2022-12-12 12:56:44] [SEVERE ] player 2 placing token on slot 10
[2022-12-12 12:56:44] [SEVERE ] player 2 placing token on slot 8
[2022-12-12 12:56:44] [SEVERE ] removing player 2 token from slot 6
[2022-12-12 12:56:44] [SEVERE ] removing player 2 token from slot 8
[2022-12-12 12:56:44] [SEVERE ] removing player 2 token from slot 10
[2022-12-12 12:56:44] [SEVERE ] player 2 placing token on slot 6
[2022-12-12 12:56:44] [SEVERE ] player 2 placing token on slot 0
[2022-12-12 12:56:44] [SEVERE ] player 2 placing token on slot 5
[2022-12-12 12:56:44] [SEVERE ] removing player 2 token from slot 0
[2022-12-12 12:56:44] [SEVERE ] removing player 2 token from slot 5
[2022-12-12 12:56:44] [SEVERE ] removing player 2 token from slot 6
[2022-12-12 12:56:44] [SEVERE ] player 2 placing token on slot 11
[2022-12-12 12:56:44] [SEVERE ] player 2 placing token on slot 1
[2022-12-12 12:56:44] [SEVERE ] player 2 placing token on slot 9
[2022-12-12 12:56:44] [SEVERE ] removing player 2 token from slot 1
[2022-12-12 12:56:44] [SEVERE ] removing player 2 token from slot 9
[2022-12-12 12:56:44] [SEVERE ] removing player 2 token from slot 11
[2022-12-12 12:56:44] [SEVERE ] player 2 placing token on slot 10
[2022-12-12 12:56:44] [SEVERE ] player 2 placing token on slot 7
[2022-12-12 12:56:44] [SEVERE ] player 2 placing token on slot 11
[2022-12-12 12:56:44] [SEVERE ] removing player 2 token from slot 7
[2022-12-12 12:56:44] [SEVERE ] removing player 2 token from slot 10
[2022-12-12 12:56:44] [SEVERE ] removing player 2 token from slot 11
[2022-12-12 12:56:44] [SEVERE ] player 2 placing token on slot 5
[2022-12-12 12:56:44] [SEVERE ] player 2 placing token on slot 11
[2022-12-12 12:56:44] [SEVERE ] player 2 placing token on slot 4
[2022-12-12 12:56:44] [SEVERE ] removing player 2 token from slot 4
[2022-12-12 12:56:44] [SEVERE ] removing player 2 token from slot 5
[2022-12-12 12:56:44] [SEVERE ] removing player 2 token from slot 11
[2022-12-12 12:56:44] [SEVERE ] player 2 placing token on slot 0
[2022-12-12 12:56:44] [SEVERE ] player 2 placing token on slot 8
[2022-12-12 12:56:44] [SEVERE ] player 2 placing token on slot 6
[2022-12-12 12:56:44] [SEVERE ] removing player 2 token from slot 0
[2022-12-12 12:56:44] [SEVERE ] removing player 2 token from slot 6
[2022-12-12 12:56:44] [SEVERE ] removing player 2 token from slot 8
[2022-12-12 12:56:44] [SEVERE ] player 2 placing token on slot 4
[2022-12-12 12:56:44] [SEVERE ] player 2 placing token on slot 9
[2022-12-12 12:56:44] [SEVERE ] player 2 placing token on slot 5
[2022-12-12 12:56:44] [SEVERE ] removing player 2 token from slot 4
[2022-12-12 12:56:44] [SEVERE ] removing player 2 token from slot 5
[2022-12-12 12:56:44] [SEVERE ] removing player 2 token from slot 9
[2022-12-12 12:56:44] [SEVERE ] player 2 placing token on slot 6
[2022-12-12 12:56:45] [SEVERE ] player 2 placing token on slot 8
[2022-12-12 12:56:45] [SEVERE ] player 2 placing token on slot 0
[2022-12-12 12:56:45] [SEVERE ] removing player 2 token from slot 0
[2022-12-12 12:56:45] [SEVERE ] removing player 2 token from slot 6
[2022-12-12 12:56:45] [SEVERE ] removing player 2 token from slot 8
[2022-12-12 12:56:45] [SEVERE ] player 2 placing token on slot 3
[2022-12-12 12:56:45] [SEVERE ] player 2 placing token on slot 0
[2022-12-12 12:56:45] [SEVERE ] player 2 placing token on slot 8
[2022-12-12 12:56:45] [SEVERE ] removing player 2 token from slot 0
[2022-12-12 12:56:45] [SEVERE ] removing player 2 token from slot 3
[2022-12-12 12:56:45] [SEVERE ] removing player 2 token from slot 8
[2022-12-12 12:56:45] [SEVERE ] player 2 placing token on slot 5
[2022-12-12 12:56:45] [SEVERE ] player 2 placing token on slot 3
[2022-12-12 12:56:45] [SEVERE ] player 2 placing token on slot 1
[2022-12-12 12:56:45] [SEVERE ] removing player 2 token from slot 1
[2022-12-12 12:56:45] [SEVERE ] removing player 2 token from slot 3
[2022-12-12 12:56:45] [SEVERE ] removing player 2 token from slot 5
[2022-12-12 12:56:45] [SEVERE ] player 2 placing token on slot 2
[2022-12-12 12:56:45] [SEVERE ] player 2 placing token on slot 9
[2022-12-12 12:56:45] [SEVERE ] player 2 placing token on slot 11
[2022-12-12 12:56:45] [SEVERE ] removing player 2 token from slot 2
[2022-12-12 12:56:45] [SEVERE ] removing player 2 token from slot 9
[2022-12-12 12:56:45] [SEVERE ] removing player 2 token from slot 11
[2022-12-12 12:56:45] [SEVERE ] player 2 placing token on slot 7
[2022-12-12 12:56:45] [SEVERE ] player 2 placing token on slot 10
[2022-12-12 12:56:45] [SEVERE ] player 2 placing token on slot 6
[2022-12-12 12:56:45] [SEVERE ] removing player 2 token from slot 6
[2022-12-12 12:56:45] [SEVERE ] removing player 2 token from slot 7
[2022-12-12 12:56:45] [SEVERE ] removing player 2 token from slot 10
[2022-12-12 12:56:45] [SEVERE ] player 2 placing token on slot 8
[2022-12-12 12:56:45] [SEVERE ] player 2 placing token on slot 11
[2022-12-12 12:56:45] [SEVERE ] player 2 placing token on slot 1
[2022-12-12 12:56:45] [SEVERE ] removing player 2 token from slot 1
[2022-12-12 12:56:45] [SEVERE ] removing player 2 token from slot 8
[2022-12-12 12:56:45] [SEVERE ] removing player 2 token from slot 11
[2022-12-12 12:56:45] [SEVERE ] player 2 placing token on slot 3
[2022-12-12 12:56:45] [SEVERE ] player 2 placing token on slot 7
[2022-12-12 12:56:45] [SEVERE ] player 2 placing token on slot 8
[2022-12-12 12:56:45] [SEVERE ] removing player 2 token from slot 3
[2022-12-12 12:56:45] [SEVERE ] removing player 2 token from slot 7
[2022-12-12 12:56:45] [SEVERE ] removing player 2 token from slot 8
[2022-12-12 12:56:45] [SEVERE ] player 2 placing token on slot 9
[2022-12-12 12:56:45] [SEVERE ] player 2 placing token on slot 7
[2022-12-12 12:56:45] [SEVERE ] player 2 placing token on slot 5
[2022-12-12 12:56:45] [SEVERE ] removing player 2 token from slot 5
[2022-12-12 12:56:45] [SEVERE ] removing player 2 token from slot 7
[2022-12-12 12:56:45] [SEVERE ] removing player 2 token from slot 9
[2022-12-12 12:56:45] [SEVERE ] player 2 placing token on slot 6
[2022-12-12 12:56:45] [SEVERE ] player 2 placing token on slot 7
[2022-12-12 12:56:45] [SEVERE ] player 2 placing token on slot 3
[2022-12-12 12:56:45] [SEVERE ] removing player 2 token from slot 3
[2022-12-12 12:56:45] [SEVERE ] removing player 2 token from slot 6
[2022-12-12 12:56:45] [SEVERE ] removing player 2 token from slot 7
[2022-12-12 12:56:45] [SEVERE ] player 2 placing token on slot 6
[2022-12-12 12:56:45] [SEVERE ] player 2 placing token on slot 7
[2022-12-12 12:56:45] [SEVERE ] player 2 placing token on slot 2
[2022-12-12 12:56:45] [SEVERE ] removing player 2 token from slot 2
[2022-12-12 12:56:45] [SEVERE ] removing player 2 token from slot 6
[2022-12-12 12:56:45] [SEVERE ] removing player 2 token from slot 7
[2022-12-12 12:56:45] [SEVERE ] player 2 placing token on slot 7
[2022-12-12 12:56:45] [SEVERE ] player 2 placing token on slot 1
[2022-12-12 12:56:46] [SEVERE ] player 2 placing token on slot 0
[2022-12-12 12:56:46] [SEVERE ] removing player 2 token from slot 0
[2022-12-12 12:56:46] [SEVERE ] removing player 2 token from slot 1
[2022-12-12 12:56:46] [SEVERE ] removing player 2 token from slot 7
[2022-12-12 12:56:46] [SEVERE ] player 2 placing token on slot 1
[2022-12-12 12:56:46] [SEVERE ] player 2 placing token on slot 10
[2022-12-12 12:56:46] [SEVERE ] player 2 placing token on slot 0
[2022-12-12 12:56:46] [SEVERE ] removing player 2 token from slot 0
[2022-12-12 12:56:46] [SEVERE ] removing player 2 token from slot 1
[2022-12-12 12:56:46] [SEVERE ] removing player 2 token from slot 10
[2022-12-12 12:56:46] [SEVERE ] player 2 placing token on slot 3
[2022-12-12 12:56:46] [SEVERE ] player 2 placing token on slot 8
[2022-12-12 12:56:46] [SEVERE ] player 2 placing token on slot 2
[2022-12-12 12:56:46] [SEVERE ] removing player 2 token from slot 2
[2022-12-12 12:56:46] [SEVERE ] removing player 2 token from slot 3
[2022-12-12 12:56:46] [SEVERE ] removing player 2 token from slot 8
[2022-12-12 12:56:46] [SEVERE ] player 2 placing token on slot 10
[2022-12-12 12:56:46] [SEVERE ] player 2 placing token on slot 9
[2022-12-12 12:56:46] [SEVERE ] player 2 placing token on slot 0
[2022-12-12 12:56:46] [SEVERE ] removing player 2 token from slot 0
[2022-12-12 12:56:46] [SEVERE ] removing player 2 token from slot 9
[2022-12-12 12:56:46] [SEVERE ] removing player 2 token from slot 10
[2022-12-12 12:56:46] [SEVERE ] player 2 placing token on slot 0
[2022-12-12 12:56:46] [SEVERE ] player 2 placing token on slot 1
[2022-12-12 12:56:46] [SEVERE ] player 2 placing token on slot 3
[2022-12-12 12:56:46] [SEVERE ] removing player 2 token from slot 0
[2022-12-12 12:56:46] [SEVERE ] removing player 2 token from slot 1
[2022-12-12 12:56:46] [SEVERE ] removing player 2 token from slot 3
[2022-12-12 12:56:46] [SEVERE ] player 2 placing token on slot 1
[2022-12-12 12:56:46] [SEVERE ] player 2 placing token on slot 9
[2022-12-12 12:56:46] [SEVERE ] player 2 placing token on slot 3
[2022-12-12 12:56:46] [SEVERE ] removing player 2 token from slot 1
[2022-12-12 12:56:46] [SEVERE ] removing player 2 token from slot 3
[2022-12-12 12:56:46] [SEVERE ] removing player 2 token from slot 9
[2022-12-12 12:56:46] [SEVERE ] player 2 placing token on slot 11
[2022-12-12 12:56:46] [SEVERE ] player 2 placing token on slot 3
[2022-12-12 12:56:46] [SEVERE ] player 2 placing token on slot 0
[2022-12-12 12:56:46] [SEVERE ] removing player 2 token from slot 0
[2022-12-12 12:56:46] [SEVERE ] removing player 2 token from slot 3
[2022-12-12 12:56:46] [SEVERE ] removing player 2 token from slot 11
[2022-12-12 12:56:46] [SEVERE ] player 2 placing token on slot 5
[2022-12-12 12:56:46] [SEVERE ] player 2 placing token on slot 11
[2022-12-12 12:56:46] [SEVERE ] player 2 placing token on slot 10
[2022-12-12 12:56:46] [SEVERE ] removing player 2 token from slot 5
[2022-12-12 12:56:46] [SEVERE ] removing player 2 token from slot 10
[2022-12-12 12:56:46] [SEVERE ] removing player 2 token from slot 11
[2022-12-12 12:56:46] [SEVERE ] player 2 placing token on slot 0
[2022-12-12 12:56:46] [SEVERE ] player 2 placing token on slot 3
[2022-12-12 12:56:46] [SEVERE ] player 2 placing token on slot 6
[2022-12-12 12:56:46] [SEVERE ] removing player 2 token from slot 0
[2022-12-12 12:56:46] [SEVERE ] removing player 2 token from slot 3
[2022-12-12 12:56:46] [SEVERE ] removing player 2 token from slot 6
[2022-12-12 12:56:46] [SEVERE ] player 2 placing token on slot 1
[2022-12-12 12:56:46] [SEVERE ] player 2 placing token on slot 4
[2022-12-12 12:56:46] [SEVERE ] player 2 placing token on slot 8
[2022-12-12 12:56:46] [SEVERE ] removing player 2 token from slot 1
[2022-12-12 12:56:46] [SEVERE ] removing player 2 token from slot 4
[2022-12-12 12:56:46] [SEVERE ] removing player 2 token from slot 8
[2022-12-12 12:56:46] [SEVERE ] player 2 placing token on slot 4
[2022-12-12 12:56:46] [SEVERE ] player 2 placing token on slot 7
[2022-12-12 12:56:46] [SEVERE ] player 2 placing token on slot 0
[2022-12-12 12:56:46] [SEVERE ] removing player 2 token from slot 0
[2022-12-12 12:56:46] [SEVERE ] removing player 2 token from slot 4
[2022-12-12 12:56:46] [SEVERE ] removing player 2 token from slot 7
[2022-12-12 12:56:46] [SEVERE ] player 2 placing token on slot 4
[2022-12-12 12:56:47] [SEVERE ] player 2 placing token on slot 6
[2022-12-12 12:56:47] [SEVERE ] player 2 placing token on slot 9
[2022-12-12 12:56:47] [SEVERE ] removing player 2 token from slot 4
[2022-12-12 12:56:47] [SEVERE ] removing player 2 token from slot 6
[2022-12-12 12:56:47] [SEVERE ] removing player 2 token from slot 9
[2022-12-12 12:56:47] [SEVERE ] player 2 placing token on slot 2
[2022-12-12 12:56:47] [SEVERE ] player 2 placing token on slot 8
[2022-12-12 12:56:47] [SEVERE ] player 2 placing token on slot 0
[2022-12-12 12:56:47] [SEVERE ] removing player 2 token from slot 0
[2022-12-12 12:56:47] [SEVERE ] removing player 2 token from slot 2
[2022-12-12 12:56:47] [SEVERE ] removing player 2 token from slot 8
[2022-12-12 12:56:47] [SEVERE ] player 2 placing token on slot 2
[2022-12-12 12:56:47] [SEVERE ] player 2 placing token on slot 5
[2022-12-12 12:56:47] [SEVERE ] player 2 placing token on slot 4
[2022-12-12 12:56:47] [SEVERE ] removing player 2 token from slot 2
[2022-12-12 12:56:47] [SEVERE ] removing player 2 token from slot 4
[2022-12-12 12:56:47] [SEVERE ] removing player 2 token from slot 5
[2022-12-12 12:56:47] [SEVERE ] player 2 placing token on slot 3
[2022-12-12 12:56:47] [SEVERE ] player 2 placing token on slot 1
[2022-12-12 12:56:47] [SEVERE ] player 2 placing token on slot 8
[2022-12-12 12:56:47] [SEVERE ] removing player 2 token from slot 1
[2022-12-12 12:56:47] [SEVERE ] removing player 2 token from slot 3
[2022-12-12 12:56:47] [SEVERE ] removing player 2 token from slot 8
[2022-12-12 12:56:47] [SEVERE ] player 2 placing token on slot 10
[2022-12-12 12:56:47] [SEVERE ] player 2 placing token on slot 4
[2022-12-12 12:56:47] [SEVERE ] player 2 placing token on slot 9
[2022-12-12 12:56:47] [SEVERE ] removing player 2 token from slot 4
[2022-12-12 12:56:47] [SEVERE ] removing player 2 token from slot 9
[2022-12-12 12:56:47] [SEVERE ] removing player 2 token from slot 10
[2022-12-12 12:56:47] [SEVERE ] player 2 placing token on slot 1
[2022-12-12 12:56:47] [SEVERE ] player 2 placing token on slot 8
[2022-12-12 12:56:47] [SEVERE ] player 2 placing token on slot 4
[2022-12-12 12:56:47] [SEVERE ] removing player 2 token from slot 1
[2022-12-12 12:56:47] [SEVERE ] removing player 2 token from slot 4
[2022-12-12 12:56:47] [SEVERE ] removing player 2 token from slot 8
[2022-12-12 12:56:47] [SEVERE ] player 2 placing token on slot 5
[2022-12-12 12:56:47] [SEVERE ] player 2 placing token on slot 4
[2022-12-12 12:56:47] [SEVERE ] player 2 placing token on slot 3
[2022-12-12 12:56:47] [SEVERE ] removing player 2 token from slot 3
[2022-12-12 12:56:47] [SEVERE ] removing player 2 token from slot 4
[2022-12-12 12:56:47] [SEVERE ] removing player 2 token from slot 5
[2022-12-12 12:56:47] [SEVERE ] player 2 placing token on slot 10
[2022-12-12 12:56:47] [SEVERE ] player 2 placing token on slot 5
[2022-12-12 12:56:47] [SEVERE ] player 2 placing token on slot 4
[2022-12-12 12:56:47] [SEVERE ] removing player 2 token from slot 4
[2022-12-12 12:56:47] [SEVERE ] removing player 2 token from slot 5
[2022-12-12 12:56:47] [SEVERE ] removing player 2 token from slot 10
[2022-12-12 12:56:47] [SEVERE ] player 2 placing token on slot 7
[2022-12-12 12:56:47] [SEVERE ] player 2 placing token on slot 5
[2022-12-12 12:56:47] [SEVERE ] player 2 placing token on slot 4
[2022-12-12 12:56:47] [SEVERE ] removing player 2 token from slot 4
[2022-12-12 12:56:47] [SEVERE ] removing player 2 token from slot 5
[2022-12-12 12:56:47] [SEVERE ] removing player 2 token from slot 7
[2022-12-12 12:56:47] [SEVERE ] player 2 placing token on slot 9
[2022-12-12 12:56:47] [SEVERE ] player 2 placing token on slot 0
[2022-12-12 12:56:47] [SEVERE ] player 2 placing token on slot 11
[2022-12-12 12:56:47] [SEVERE ] removing player 2 token from slot 0
[2022-12-12 12:56:47] [SEVERE ] removing player 2 token from slot 9
[2022-12-12 12:56:47] [SEVERE ] removing player 2 token from slot 11
[2022-12-12 12:56:47] [SEVERE ] player 2 placing token on slot 3
[2022-12-12 12:56:47] [SEVERE ] player 2 placing token on slot 2
[2022-12-12 12:56:47] [SEVERE ] player 2 placing token on slot 0
[2022-12-12 12:56:47] [SEVERE ] removing player 2 token from slot 0
[2022-12-12 12:56:47] [SEVERE ] removing player 2 token from slot 2
[2022-12-12 12:56:47] [SEVERE ] removing player 2 token from slot 3
[2022-12-12 12:56:47] [SEVERE ] player 2 placing token on slot 0
[2022-12-12 12:56:48] [SEVERE ] player 2 placing token on slot 6
[2022-12-12 12:56:48] [SEVERE ] player 2 placing token on slot 7
[2022-12-12 12:56:48] [SEVERE ] removing player 2 token from slot 0
[2022-12-12 12:56:48] [SEVERE ] removing player 2 token from slot 6
[2022-12-12 12:56:48] [SEVERE ] removing player 2 token from slot 7
[2022-12-12 12:56:48] [SEVERE ] player 2 placing token on slot 0
[2022-12-12 12:56:48] [SEVERE ] player 2 placing token on slot 7
[2022-12-12 12:56:48] [SEVERE ] player 2 placing token on slot 5
[2022-12-12 12:56:48] [SEVERE ] removing player 2 token from slot 0
[2022-12-12 12:56:48] [SEVERE ] removing player 2 token from slot 5
[2022-12-12 12:56:48] [SEVERE ] removing player 2 token from slot 7
[2022-12-12 12:56:48] [SEVERE ] player 2 placing token on slot 5
[2022-12-12 12:56:48] [SEVERE ] player 2 placing token on slot 6
[2022-12-12 12:56:48] [SEVERE ] player 2 placing token on slot 10
[2022-12-12 12:56:48] [SEVERE ] removing player 2 token from slot 5
[2022-12-12 12:56:48] [SEVERE ] removing player 2 token from slot 6
[2022-12-12 12:56:48] [SEVERE ] removing player 2 token from slot 10
[2022-12-12 12:56:48] [SEVERE ] player 2 placing token on slot 3
[2022-12-12 12:56:48] [SEVERE ] player 2 placing token on slot 4
[2022-12-12 12:56:48] [SEVERE ] player 2 placing token on slot 1
[2022-12-12 12:56:48] [SEVERE ] removing player 2 token from slot 1
[2022-12-12 12:56:48] [SEVERE ] removing player 2 token from slot 3
[2022-12-12 12:56:48] [SEVERE ] removing player 2 token from slot 4
[2022-12-12 12:56:48] [SEVERE ] player 2 placing token on slot 3
[2022-12-12 12:56:48] [SEVERE ] player 2 placing token on slot 4
[2022-12-12 12:56:48] [SEVERE ] player 2 placing token on slot 5
[2022-12-12 12:56:48] [SEVERE ] removing player 2 token from slot 3
[2022-12-12 12:56:48] [SEVERE ] removing player 2 token from slot 4
[2022-12-12 12:56:48] [SEVERE ] removing player 2 token from slot 5
[2022-12-12 12:56:48] [SEVERE ] player 2 placing token on slot 1
[2022-12-12 12:56:48] [SEVERE ] player 2 placing token on slot 9
[2022-12-12 12:56:48] [SEVERE ] player 2 placing token on slot 5
[2022-12-12 12:56:48] [SEVERE ] removing player 2 token from slot 1
[2022-12-12 12:56:48] [SEVERE ] removing player 2 token from slot 5
[2022-12-12 12:56:48] [SEVERE ] removing player 2 token from slot 9
[2022-12-12 12:56:48] [SEVERE ] player 2 placing token on slot 11
[2022-12-12 12:56:48] [SEVERE ] player 2 placing token on slot 9
[2022-12-12 12:56:48] [SEVERE ] player 2 placing token on slot 5
[2022-12-12 12:56:48] [SEVERE ] removing player 2 token from slot 5
[2022-12-12 12:56:48] [SEVERE ] removing player 2 token from slot 9
[2022-12-12 12:56:48] [SEVERE ] removing player 2 token from slot 11
[2022-12-12 12:56:48] [SEVERE ] player 2 placing token on slot 4
[2022-12-12 12:56:48] [SEVERE ] player 2 placing token on slot 11
[2022-12-12 12:56:48] [SEVERE ] player 2 placing token on slot 5
[2022-12-12 12:56:48] [SEVERE ] removing player 2 token from slot 4
[2022-12-12 12:56:48] [SEVERE ] removing player 2 token from slot 5
[2022-12-12 12:56:48] [SEVERE ] removing player 2 token from slot 11
[2022-12-12 12:56:48] [SEVERE ] player 2 placing token on slot 1
[2022-12-12 12:56:48] [SEVERE ] player 2 placing token on slot 7
[2022-12-12 12:56:48] [SEVERE ] player 2 placing token on slot 6
[2022-12-12 12:56:48] [SEVERE ] removing player 2 token from slot 1
[2022-12-12 12:56:48] [SEVERE ] removing player 2 token from slot 6
[2022-12-12 12:56:48] [SEVERE ] removing player 2 token from slot 7
[2022-12-12 12:56:48] [SEVERE ] player 2 placing token on slot 4
[2022-12-12 12:56:48] [SEVERE ] player 2 placing token on slot 0
[2022-12-12 12:56:48] [SEVERE ] player 2 placing token on slot 10
[2022-12-12 12:56:48] [SEVERE ] removing player 2 token from slot 0
[2022-12-12 12:56:48] [SEVERE ] removing player 2 token from slot 4
[2022-12-12 12:56:48] [SEVERE ] removing player 2 token from slot 10
[2022-12-12 12:56:48] [SEVERE ] player 2 placing token on slot 9
[2022-12-12 12:56:48] [SEVERE ] player 2 placing token on slot 0
[2022-12-12 12:56:48] [SEVERE ] player 2 placing token on slot 6
[2022-12-12 12:56:48] [SEVERE ] removing player 2 token from slot 0
[2022-12-12 12:56:48] [SEVERE ] removing player 2 token from slot 6
[2022-12-12 12:56:48] [SEVERE ] removing player 2 token from slot 9
[2022-12-12 12:56:48] [SEVERE ] player 2 placing token on slot 6
[2022-12-12 12:56:49] [SEVERE ] player 2 placing token on slot 0
[2022-12-12 12:56:49] [SEVERE ] player 2 placing token on slot 5
[2022-12-12 12:56:49] [SEVERE ] removing player 2 token from slot 0
[2022-12-12 12:56:49] [SEVERE ] removing player 2 token from slot 5
[2022-12-12 12:56:49] [SEVERE ] removing player 2 token from slot 6
[2022-12-12 12:56:49] [SEVERE ] player 2 placing token on slot 1
[2022-12-12 12:56:49] [SEVERE ] player 2 placing token on slot 11
[2022-12-12 12:56:49] [SEVERE ] player 2 placing token on slot 5
[2022-12-12 12:56:49] [SEVERE ] removing player 2 token from slot 1
[2022-12-12 12:56:49] [SEVERE ] removing player 2 token from slot 5
[2022-12-12 12:56:49] [SEVERE ] removing player 2 token from slot 11
[2022-12-12 12:56:49] [SEVERE ] player 2 placing token on slot 2
[2022-12-12 12:56:49] [SEVERE ] player 2 placing token on slot 1
[2022-12-12 12:56:49] [SEVERE ] player 2 placing token on slot 10
[2022-12-12 12:56:49] [SEVERE ] removing player 2 token from slot 1
[2022-12-12 12:56:49] [SEVERE ] removing player 2 token from slot 2
[2022-12-12 12:56:49] [SEVERE ] removing player 2 token from slot 10
[2022-12-12 12:56:49] [SEVERE ] player 2 placing token on slot 3
[2022-12-12 12:56:49] [SEVERE ] player 2 placing token on slot 1
[2022-12-12 12:56:49] [SEVERE ] player 2 placing token on slot 7
[2022-12-12 12:56:49] [SEVERE ] removing player 2 token from slot 1
[2022-12-12 12:56:49] [SEVERE ] removing player 2 token from slot 3
[2022-12-12 12:56:49] [SEVERE ] removing player 2 token from slot 7
[2022-12-12 12:56:49] [SEVERE ] player 2 placing token on slot 4
[2022-12-12 12:56:49] [SEVERE ] player 2 placing token on slot 6
[2022-12-12 12:56:49] [SEVERE ] player 2 placing token on slot 8
[2022-12-12 12:56:49] [SEVERE ] removing player 2 token from slot 4
[2022-12-12 12:56:49] [SEVERE ] removing player 2 token from slot 6
[2022-12-12 12:56:49] [SEVERE ] removing player 2 token from slot 8
[2022-12-12 12:56:49] [SEVERE ] player 2 placing token on slot 11
[2022-12-12 12:56:49] [SEVERE ] player 2 placing token on slot 6
[2022-12-12 12:56:49] [SEVERE ] player 2 placing token on slot 0
[2022-12-12 12:56:49] [SEVERE ] removing player 2 token from slot 0
[2022-12-12 12:56:49] [SEVERE ] removing player 2 token from slot 6
[2022-12-12 12:56:49] [SEVERE ] removing player 2 token from slot 11
[2022-12-12 12:56:49] [SEVERE ] player 2 placing token on slot 0
[2022-12-12 12:56:49] [SEVERE ] player 2 placing token on slot 6
[2022-12-12 12:56:49] [SEVERE ] player 2 placing token on slot 4
[2022-12-12 12:56:49] [SEVERE ] removing player 2 token from slot 0
[2022-12-12 12:56:49] [SEVERE ] removing player 2 token from slot 4
[2022-12-12 12:56:49] [SEVERE ] removing player 2 token from slot 6
[2022-12-12 12:56:49] [SEVERE ] player 2 placing token on slot 5
[2022-12-12 12:56:49] [SEVERE ] player 2 placing token on slot 8
[2022-12-12 12:56:49] [SEVERE ] player 2 placing token on slot 3
[2022-12-12 12:56:49] [SEVERE ] removing player 2 token from slot 3
[2022-12-12 12:56:49] [SEVERE ] removing player 2 token from slot 5
[2022-12-12 12:56:49] [SEVERE ] removing player 2 token from slot 8
[2022-12-12 12:56:49] [SEVERE ] player 2 placing token on slot 5
[2022-12-12 12:56:49] [SEVERE ] player 2 placing token on slot 0
[2022-12-12 12:56:49] [SEVERE ] player 2 placing token on slot 6
[2022-12-12 12:56:49] [SEVERE ] removing player 2 token from slot 0
[2022-12-12 12:56:49] [SEVERE ] removing player 2 token from slot 5
[2022-12-12 12:56:49] [SEVERE ] removing player 2 token from slot 6
[2022-12-12 12:56:49] [SEVERE ] player 2 placing token on slot 8
[2022-12-12 12:56:49] [SEVERE ] player 2 placing token on slot 1
[2022-12-12 12:56:49] [SEVERE ] player 2 placing token on slot 0
[2022-12-12 12:56:49] [SEVERE ] removing player 2 token from slot 0
[2022-12-12 12:56:49] [SEVERE ] removing player 2 token from slot 1
[2022-12-12 12:56:49] [SEVERE ] removing player 2 token from slot 8
[2022-12-12 12:56:49] [SEVERE ] player 2 placing token on slot 6
[2022-12-12 12:56:49] [SEVERE ] player 2 placing token on slot 0
[2022-12-12 12:56:49] [SEVERE ] player 2 placing token on slot 10
[2022-12-12 12:56:49] [SEVERE ] removing player 2 token from slot 0
[2022-12-12 12:56:49] [SEVERE ] removing player 2 token from slot 6
[2022-12-12 12:56:49] [SEVERE ] removing player 2 token from slot 10
[2022-12-12 12:56:49] [SEVERE ] player 2 placing token on slot 6
[2022-12-12 12:56:50] [SEVERE ] player 2 placing token on slot 10
[2022-12-12 12:56:50] [SEVERE ] player 2 placing token on slot 5
[2022-12-12 12:56:50] [SEVERE ] removing player 2 token from slot 5
[2022-12-12 12:56:50] [SEVERE ] removing player 2 token from slot 6
[2022-12-12 12:56:50] [SEVERE ] removing player 2 token from slot 10
[2022-12-12 12:56:50] [SEVERE ] player 2 placing token on slot 3
[2022-12-12 12:56:50] [SEVERE ] player 2 placing token on slot 0
[2022-12-12 12:56:50] [SEVERE ] player 2 placing token on slot 11
[2022-12-12 12:56:50] [SEVERE ] removing player 2 token from slot 0
[2022-12-12 12:56:50] [SEVERE ] removing player 2 token from slot 3
[2022-12-12 12:56:50] [SEVERE ] removing player 2 token from slot 11
[2022-12-12 12:56:50] [SEVERE ] player 2 placing token on slot 2
[2022-12-12 12:56:50] [SEVERE ] player 2 placing token on slot 3
[2022-12-12 12:56:50] [SEVERE ] player 2 placing token on slot 11
[2022-12-12 12:56:50] [SEVERE ] removing player 2 token from slot 2
[2022-12-12 12:56:50] [SEVERE ] removing player 2 token from slot 3
[2022-12-12 12:56:50] [SEVERE ] removing player 2 token from slot 11
[2022-12-12 12:56:50] [SEVERE ] player 2 placing token on slot 3
[2022-12-12 12:56:50] [SEVERE ] player 2 placing token on slot 4
[2022-12-12 12:56:50] [SEVERE ] player 2 placing token on slot 8
[2022-12-12 12:56:50] [SEVERE ] removing player 2 token from slot 3
[2022-12-12 12:56:50] [SEVERE ] removing player 2 token from slot 4
[2022-12-12 12:56:50] [SEVERE ] removing player 2 token from slot 8
[2022-12-12 12:56:50] [SEVERE ] player 2 placing token on slot 0
[2022-12-12 12:56:50] [SEVERE ] player 2 placing token on slot 8
[2022-12-12 12:56:50] [SEVERE ] player 2 placing token on slot 5
[2022-12-12 12:56:50] [SEVERE ] removing player 2 token from slot 0
[2022-12-12 12:56:50] [SEVERE ] removing player 2 token from slot 5
[2022-12-12 12:56:50] [SEVERE ] removing player 2 token from slot 8
[2022-12-12 12:56:50] [SEVERE ] player 2 placing token on slot 10
[2022-12-12 12:56:50] [SEVERE ] player 2 placing token on slot 5
[2022-12-12 12:56:50] [SEVERE ] player 2 placing token on slot 6
[2022-12-12 12:56:50] [SEVERE ] removing player 2 token from slot 5
[2022-12-12 12:56:50] [SEVERE ] removing player 2 token from slot 6
[2022-12-12 12:56:50] [SEVERE ] removing player 2 token from slot 10
[2022-12-12 12:56:50] [SEVERE ] player 2 placing token on slot 3
[2022-12-12 12:56:50] [SEVERE ] player 2 placing token on slot 10
[2022-12-12 12:56:50] [SEVERE ] player 2 placing token on slot 4
[2022-12-12 12:56:50] [SEVERE ] removing player 2 token from slot 3
[2022-12-12 12:56:50] [SEVERE ] removing player 2 token from slot 4
[2022-12-12 12:56:50] [SEVERE ] removing player 2 token from slot 10
[2022-12-12 12:56:50] [SEVERE ] player 2 placing token on slot 10
[2022-12-12 12:56:50] [SEVERE ] player 2 placing token on slot 3
[2022-12-12 12:56:50] [SEVERE ] player 2 placing token on slot 5
[2022-12-12 12:56:50] [SEVERE ] removing player 2 token from slot 3
[2022-12-12 12:56:50] [SEVERE ] removing player 2 token from slot 5
[2022-12-12 12:56:50] [SEVERE ] removing player 2 token from slot 10
[2022-12-12 12:56:50] [SEVERE ] player 2 placing token on slot 11
[2022-12-12 12:56:50] [SEVERE ] player 2 placing token on slot 8
[2022-12-12 12:56:50] [SEVERE ] player 2 placing token on slot 0
[2022-12-12 12:56:50] [SEVERE ] removing player 2 token from slot 0
[2022-12-12 12:56:50] [SEVERE ] removing player 2 token from slot 8
[2022-12-12 12:56:50] [SEVERE ] removing player 2 token from slot 11
[2022-12-12 12:56:50] [SEVERE ] player 2 placing token on slot 7
[2022-12-12 12:56:50] [SEVERE ] player 2 placing token on slot 2
[2022-12-12 12:56:50] [SEVERE ] player 2 placing token on slot 3
[2022-12-12 12:56:50] [SEVERE ] removing player 2 token from slot 2
[2022-12-12 12:56:50] [SEVERE ] removing player 2 token from slot 3
[2022-12-12 12:56:50] [SEVERE ] removing player 2 token from slot 7
[2022-12-12 12:56:50] [SEVERE ] player 2 placing token on slot 7
[2022-12-12 12:56:50] [SEVERE ] player 2 placing token on slot 0
[2022-12-12 12:56:50] [SEVERE ] player 2 placing token on slot 6
[2022-12-12 12:56:50] [SEVERE ] removing player 2 token from slot 0
[2022-12-12 12:56:50] [SEVERE ] removing player 2 token from slot 6
[2022-12-12 12:56:50] [SEVERE ] removing player 2 token from slot 7
[2022-12-12 12:56:50] [SEVERE ] player 2 placing token on slot 11
[2022-12-12 12:56:51] [SEVERE ] player 2 placing token on slot 7
[2022-12-12 12:56:51] [SEVERE ] player 2 placing token on slot 0
[2022-12-12 12:56:51] [SEVERE ] removing player 2 token from slot 0
[2022-12-12 12:56:51] [SEVERE ] removing player 2 token from slot 7
[2022-12-12 12:56:51] [SEVERE ] removing player 2 token from slot 11
[2022-12-12 12:56:51] [SEVERE ] player 2 placing token on slot 3
[2022-12-12 12:56:51] [SEVERE ] player 2 placing token on slot 8
[2022-12-12 12:56:51] [SEVERE ] player 2 placing token on slot 1
[2022-12-12 12:56:51] [SEVERE ] removing player 2 token from slot 1
[2022-12-12 12:56:51] [SEVERE ] removing player 2 token from slot 3
[2022-12-12 12:56:51] [SEVERE ] removing player 2 token from slot 8
[2022-12-12 12:56:51] [SEVERE ] player 2 placing token on slot 11
[2022-12-12 12:56:51] [SEVERE ] player 2 placing token on slot 0
[2022-12-12 12:56:51] [SEVERE ] player 2 placing token on slot 6
[2022-12-12 12:56:51] [SEVERE ] removing player 2 token from slot 0
[2022-12-12 12:56:51] [SEVERE ] removing player 2 token from slot 6
[2022-12-12 12:56:51] [SEVERE ] removing player 2 token from slot 11
[2022-12-12 12:56:51] [SEVERE ] player 2 placing token on slot 5
[2022-12-12 12:56:51] [SEVERE ] player 2 placing token on slot 6
[2022-12-12 12:56:51] [SEVERE ] player 2 placing token on slot 4
[2022-12-12 12:56:51] [SEVERE ] removing player 2 token from slot 4
[2022-12-12 12:56:51] [SEVERE ] removing player 2 token from slot 5
[2022-12-12 12:56:51] [SEVERE ] removing player 2 token from slot 6
[2022-12-12 12:56:51] [SEVERE ] player 2 placing token on slot 4
[2022-12-12 12:56:51] [SEVERE ] player 2 placing token on slot 11
[2022-12-12 12:56:51] [SEVERE ] player 2 placing token on slot 10
[2022-12-12 12:56:51] [SEVERE ] removing player 2 token from slot 4
[2022-12-12 12:56:51] [SEVERE ] removing player 2 token from slot 10
[2022-12-12 12:56:51] [SEVERE ] removing player 2 token from slot 11
[2022-12-12 12:56:51] [SEVERE ] player 2 placing token on slot 11
[2022-12-12 12:56:51] [SEVERE ] player 2 placing token on slot 5
[2022-12-12 12:56:51] [SEVERE ] player 2 placing token on slot 1
[2022-12-12 12:56:51] [SEVERE ] removing player 2 token from slot 1
[2022-12-12 12:56:51] [SEVERE ] removing player 2 token from slot 5
[2022-12-12 12:56:51] [SEVERE ] removing player 2 token from slot 11
[2022-12-12 12:56:51] [SEVERE ] player 2 placing token on slot 9
[2022-12-12 12:56:51] [SEVERE ] player 2 placing token on slot 0
[2022-12-12 12:56:51] [SEVERE ] player 2 placing token on slot 3
[2022-12-12 12:56:51] [SEVERE ] removing player 2 token from slot 0
[2022-12-12 12:56:51] [SEVERE ] removing player 2 token from slot 3
[2022-12-12 12:56:51] [SEVERE ] removing player 2 token from slot 9
[2022-12-12 12:56:51] [SEVERE ] player 2 placing token on slot 7
[2022-12-12 12:56:51] [SEVERE ] player 2 placing token on slot 0
[2022-12-12 12:56:51] [SEVERE ] player 2 placing token on slot 11
[2022-12-12 12:56:51] [SEVERE ] removing player 2 token from slot 0
[2022-12-12 12:56:51] [SEVERE ] removing player 2 token from slot 7
[2022-12-12 12:56:51] [SEVERE ] removing player 2 token from slot 11
[2022-12-12 12:56:51] [SEVERE ] player 2 placing token on slot 8
[2022-12-12 12:56:51] [SEVERE ] player 2 placing token on slot 4
[2022-12-12 12:56:51] [SEVERE ] player 2 placing token on slot 11
[2022-12-12 12:56:51] [SEVERE ] removing player 2 token from slot 4
[2022-12-12 12:56:51] [SEVERE ] removing player 2 token from slot 8
[2022-12-12 12:56:51] [SEVERE ] removing player 2 token from slot 11
[2022-12-12 12:56:51] [SEVERE ] player 2 placing token on slot 6
[2022-12-12 12:56:51] [SEVERE ] player 2 placing token on slot 9
[2022-12-12 12:56:51] [SEVERE ] player 2 placing token on slot 3
[2022-12-12 12:56:51] [SEVERE ] removing player 2 token from slot 3
[2022-12-12 12:56:51] [SEVERE ] removing player 2 token from slot 6
[2022-12-12 12:56:51] [SEVERE ] removing player 2 token from slot 9
[2022-12-12 12:56:51] [SEVERE ] player 2 placing token on slot 3
[2022-12-12 12:56:51] [SEVERE ] player 2 placing token on slot 9
[2022-12-12 12:56:51] [SEVERE ] player 2 placing token on slot 0
[2022-12-12 12:56:51] [SEVERE ] removing player 2 token from slot 0
[2022-12-12 12:56:51] [SEVERE ] removing player 2 token from slot 3
[2022-12-12 12:56:51] [SEVERE ] removing player 2 token from slot 9
[2022-12-12 12:56:51] [SEVERE ] player 2 placing token on slot 11
[2022-12-12 12:56:51] [SEVERE ] player 2 placing token on slot 5
[2022-12-12 12:56:52] [SEVERE ] player 2 placing token on slot 7
[2022-12-12 12:56:52] [SEVERE ] removing player 2 token from slot 5
[2022-12-12 12:56:52] [SEVERE ] removing player 2 token from slot 7
[2022-12-12 12:56:52] [SEVERE ] removing player 2 token from slot 11
[2022-12-12 12:56:52] [SEVERE ] player 2 placing token on slot 3
[2022-12-12 12:56:52] [SEVERE ] player 2 placing token on slot 7
[2022-12-12 12:56:52] [SEVERE ] player 2 placing token on slot 8
[2022-12-12 12:56:52] [SEVERE ] removing player 2 token from slot 3
[2022-12-12 12:56:52] [SEVERE ] removing player 2 token from slot 7
[2022-12-12 12:56:52] [SEVERE ] removing player 2 token from slot 8
[2022-12-12 12:56:52] [SEVERE ] player 2 placing token on slot 3
[2022-12-12 12:56:52] [SEVERE ] player 2 placing token on slot 2
[2022-12-12 12:56:52] [SEVERE ] player 2 placing token on slot 10
[2022-12-12 12:56:52] [SEVERE ] removing player 2 token from slot 2
[2022-12-12 12:56:52] [SEVERE ] removing player 2 token from slot 3
[2022-12-12 12:56:52] [SEVERE ] removing player 2 token from slot 10
[2022-12-12 12:56:52] [SEVERE ] player 2 placing token on slot 7
[2022-12-12 12:56:52] [SEVERE ] player 2 placing token on slot 10
[2022-12-12 12:56:52] [SEVERE ] player 2 placing token on slot 2
[2022-12-12 12:56:52] [SEVERE ] setting player 2 score to 1
[2022-12-12 12:56:52] [SEVERE ] player 2 placing token on slot 2
[2022-12-12 12:56:52] [SEVERE ] player 2 placing token on slot 1
[2022-12-12 12:56:52] [SEVERE ] removing tokens from slot 2
[2022-12-12 12:56:52] [SEVERE ] removing card from slot 2
[2022-12-12 12:56:52] [SEVERE ] player 2 placing token on slot 7
[2022-12-12 12:56:52] [SEVERE ] removing tokens from slot 7
[2022-12-12 12:56:52] [SEVERE ] removing card from slot 7
[2022-12-12 12:56:52] [SEVERE ] removing tokens from slot 10
[2022-12-12 12:56:52] [SEVERE ] removing card from slot 10
[2022-12-12 12:56:52] [SEVERE ] placing card 59 in slot 2
[2022-12-12 12:56:52] [SEVERE ] placing card 34 in slot 7
[2022-12-12 12:56:52] [SEVERE ] placing card 2 in slot 10
