[2022-12-12 16:28:34] [INFO   ] cannot read configuration file config.properties trying from resources.
[2022-12-12 16:28:34] [INFO   ] configuration file was loaded from resources directory.
[2022-12-12 16:28:35] [INFO   ] Thread dealer starting.
[2022-12-12 16:28:35] [INFO   ] Thread Thread-1starting.
[2022-12-12 16:28:35] [INFO   ] Thread Thread-0starting.
[2022-12-12 16:28:35] [SEVERE ] placing card 23 in slot 0
[2022-12-12 16:28:35] [SEVERE ] placing card 80 in slot 1
[2022-12-12 16:28:35] [SEVERE ] placing card 55 in slot 2
[2022-12-12 16:28:35] [SEVERE ] placing card 6 in slot 3
[2022-12-12 16:28:35] [SEVERE ] placing card 69 in slot 4
[2022-12-12 16:28:35] [SEVERE ] placing card 41 in slot 5
[2022-12-12 16:28:35] [SEVERE ] placing card 58 in slot 6
[2022-12-12 16:28:36] [SEVERE ] placing card 13 in slot 7
[2022-12-12 16:28:36] [SEVERE ] placing card 37 in slot 8
[2022-12-12 16:28:36] [SEVERE ] placing card 21 in slot 9
[2022-12-12 16:28:36] [SEVERE ] placing card 25 in slot 10
[2022-12-12 16:28:36] [SEVERE ] placing card 8 in slot 11
[2022-12-12 16:28:39] [SEVERE ] Key 81 was pressed by player 0
[2022-12-12 16:28:39] [SEVERE ] player 0 placing token on slot 0
[2022-12-12 16:28:39] [SEVERE ] Key 87 was pressed by player 0
[2022-12-12 16:28:39] [SEVERE ] player 0 placing token on slot 1
[2022-12-12 16:28:40] [SEVERE ] Key 69 was pressed by player 0
[2022-12-12 16:28:40] [SEVERE ] player 0 placing token on slot 2
