[2022-12-12 18:58:56] [INFO   ] cannot read configuration file config.properties trying from resources.
[2022-12-12 18:58:56] [INFO   ] configuration file was loaded from resources directory.
[2022-12-12 18:58:57] [INFO   ] Thread dealer starting.
[2022-12-12 18:58:57] [INFO   ] Thread Thread-1starting.
[2022-12-12 18:58:57] [INFO   ] Thread Thread-0starting.
[2022-12-12 18:58:57] [SEVERE ] placing card 9 in slot 0
[2022-12-12 18:58:57] [SEVERE ] placing card 58 in slot 1
[2022-12-12 18:58:57] [SEVERE ] placing card 43 in slot 2
[2022-12-12 18:58:57] [SEVERE ] placing card 35 in slot 3
[2022-12-12 18:58:57] [SEVERE ] placing card 73 in slot 4
[2022-12-12 18:58:57] [SEVERE ] placing card 72 in slot 5
[2022-12-12 18:58:57] [SEVERE ] placing card 25 in slot 6
[2022-12-12 18:58:57] [SEVERE ] placing card 16 in slot 7
[2022-12-12 18:58:58] [SEVERE ] placing card 53 in slot 8
[2022-12-12 18:58:58] [SEVERE ] placing card 11 in slot 9
[2022-12-12 18:58:58] [SEVERE ] placing card 37 in slot 10
[2022-12-12 18:58:58] [SEVERE ] placing card 22 in slot 11
[2022-12-12 18:58:59] [SEVERE ] Key 81 was pressed by player 0
[2022-12-12 18:58:59] [SEVERE ] player 0 placing token on slot 0
[2022-12-12 18:58:59] [SEVERE ] Key 87 was pressed by player 0
[2022-12-12 18:58:59] [SEVERE ] player 0 placing token on slot 1
[2022-12-12 18:59:00] [SEVERE ] Key 69 was pressed by player 0
[2022-12-12 18:59:00] [SEVERE ] player 0 placing token on slot 2
[2022-12-12 18:59:01] [SEVERE ] Key 69 was pressed by player 0
