[2022-12-12 18:46:23] [INFO   ] cannot read configuration file config.properties trying from resources.
[2022-12-12 18:46:23] [INFO   ] configuration file was loaded from resources directory.
[2022-12-12 18:46:24] [INFO   ] Thread dealer starting.
[2022-12-12 18:46:24] [INFO   ] Thread Thread-0starting.
[2022-12-12 18:46:24] [INFO   ] Thread Thread-1starting.
[2022-12-12 18:46:24] [SEVERE ] placing card 4 in slot 0
[2022-12-12 18:46:24] [SEVERE ] placing card 7 in slot 1
[2022-12-12 18:46:24] [SEVERE ] placing card 53 in slot 2
[2022-12-12 18:46:24] [SEVERE ] placing card 46 in slot 3
[2022-12-12 18:46:24] [SEVERE ] placing card 71 in slot 4
[2022-12-12 18:46:25] [SEVERE ] placing card 38 in slot 5
[2022-12-12 18:46:25] [SEVERE ] placing card 68 in slot 6
[2022-12-12 18:46:25] [SEVERE ] placing card 63 in slot 7
[2022-12-12 18:46:25] [SEVERE ] placing card 30 in slot 8
[2022-12-12 18:46:25] [SEVERE ] placing card 15 in slot 9
[2022-12-12 18:46:25] [SEVERE ] placing card 39 in slot 10
[2022-12-12 18:46:25] [SEVERE ] placing card 76 in slot 11
[2022-12-12 18:46:27] [SEVERE ] Key 81 was pressed by player 0
[2022-12-12 18:46:27] [SEVERE ] player 0 placing token on slot 0
[2022-12-12 18:46:29] [SEVERE ] Key 87 was pressed by player 0
[2022-12-12 18:46:29] [SEVERE ] player 0 placing token on slot 1
[2022-12-12 18:46:35] [SEVERE ] Key 69 was pressed by player 0
[2022-12-12 18:46:35] [SEVERE ] player 0 placing token on slot 2
[2022-12-12 18:46:39] [SEVERE ] Key 69 was pressed by player 0
[2022-12-12 18:46:43] [SEVERE ] Key 69 was pressed by player 0
[2022-12-12 18:46:43] [SEVERE ] removing player 0 token from slot 2
