[2022-12-10 11:56:18] [INFO   ] cannot read configuration file config.properties trying from resources.
[2022-12-10 11:56:18] [INFO   ] configuration file was loaded from resources directory.
[2022-12-10 11:56:18] [INFO   ] Thread dealer starting.
[2022-12-10 11:56:18] [INFO   ] Thread Thread-1starting.
[2022-12-10 11:56:18] [INFO   ] Thread Thread-0starting.
[2022-12-10 11:56:19] [SEVERE ] placing card 13 in slot 0
[2022-12-10 11:56:19] [SEVERE ] placing card 6 in slot 1
[2022-12-10 11:56:19] [SEVERE ] placing card 35 in slot 2
[2022-12-10 11:56:19] [SEVERE ] placing card 39 in slot 3
[2022-12-10 11:56:19] [SEVERE ] placing card 11 in slot 4
[2022-12-10 11:56:19] [SEVERE ] placing card 61 in slot 5
[2022-12-10 11:56:19] [SEVERE ] placing card 4 in slot 6
[2022-12-10 11:56:19] [SEVERE ] placing card 34 in slot 7
[2022-12-10 11:56:19] [SEVERE ] placing card 5 in slot 8
[2022-12-10 11:56:20] [SEVERE ] placing card 58 in slot 9
[2022-12-10 11:56:20] [SEVERE ] placing card 70 in slot 10
[2022-12-10 11:56:20] [SEVERE ] placing card 46 in slot 11
[2022-12-10 11:56:26] [SEVERE ] removing tokens from slot 0
[2022-12-10 11:56:26] [SEVERE ] removing card from slot 0
[2022-12-10 11:56:26] [SEVERE ] removing tokens from slot 1
[2022-12-10 11:56:26] [SEVERE ] removing card from slot 1
[2022-12-10 11:56:26] [SEVERE ] removing tokens from slot 2
[2022-12-10 11:56:26] [SEVERE ] removing card from slot 2
[2022-12-10 11:56:26] [SEVERE ] removing tokens from slot 3
[2022-12-10 11:56:26] [SEVERE ] removing card from slot 3
[2022-12-10 11:56:26] [SEVERE ] removing tokens from slot 4
[2022-12-10 11:56:26] [SEVERE ] removing card from slot 4
[2022-12-10 11:56:26] [SEVERE ] removing tokens from slot 5
[2022-12-10 11:56:26] [SEVERE ] removing card from slot 5
[2022-12-10 11:56:27] [SEVERE ] removing tokens from slot 6
[2022-12-10 11:56:27] [SEVERE ] removing card from slot 6
[2022-12-10 11:56:27] [SEVERE ] removing tokens from slot 7
[2022-12-10 11:56:27] [SEVERE ] removing card from slot 7
[2022-12-10 11:56:27] [SEVERE ] removing tokens from slot 8
[2022-12-10 11:56:27] [SEVERE ] removing card from slot 8
[2022-12-10 11:56:27] [SEVERE ] removing tokens from slot 9
[2022-12-10 11:56:27] [SEVERE ] removing card from slot 9
[2022-12-10 11:56:27] [SEVERE ] removing tokens from slot 10
[2022-12-10 11:56:27] [SEVERE ] removing card from slot 10
[2022-12-10 11:56:27] [SEVERE ] removing tokens from slot 11
[2022-12-10 11:56:27] [SEVERE ] removing card from slot 11
[2022-12-10 11:56:27] [SEVERE ] placing card 13 in slot 0
[2022-12-10 11:56:27] [SEVERE ] placing card 20 in slot 1
[2022-12-10 11:56:27] [SEVERE ] placing card 32 in slot 2
[2022-12-10 11:56:28] [SEVERE ] placing card 11 in slot 3
[2022-12-10 11:56:28] [SEVERE ] placing card 55 in slot 4
[2022-12-10 11:56:28] [SEVERE ] placing card 35 in slot 5
[2022-12-10 11:56:28] [SEVERE ] placing card 36 in slot 6
[2022-12-10 11:56:28] [SEVERE ] placing card 1 in slot 7
[2022-12-10 11:56:28] [SEVERE ] placing card 53 in slot 8
[2022-12-10 11:56:28] [SEVERE ] placing card 21 in slot 9
[2022-12-10 11:56:28] [SEVERE ] placing card 37 in slot 10
[2022-12-10 11:56:28] [SEVERE ] placing card 16 in slot 11
[2022-12-10 11:56:35] [SEVERE ] removing tokens from slot 0
[2022-12-10 11:56:35] [SEVERE ] removing card from slot 0
[2022-12-10 11:56:35] [SEVERE ] removing tokens from slot 1
[2022-12-10 11:56:35] [SEVERE ] removing card from slot 1
[2022-12-10 11:56:35] [SEVERE ] removing tokens from slot 2
[2022-12-10 11:56:35] [SEVERE ] removing card from slot 2
[2022-12-10 11:56:35] [SEVERE ] removing tokens from slot 3
[2022-12-10 11:56:35] [SEVERE ] removing card from slot 3
[2022-12-10 11:56:35] [SEVERE ] removing tokens from slot 4
[2022-12-10 11:56:35] [SEVERE ] removing card from slot 4
[2022-12-10 11:56:35] [SEVERE ] removing tokens from slot 5
[2022-12-10 11:56:35] [SEVERE ] removing card from slot 5
[2022-12-10 11:56:35] [SEVERE ] removing tokens from slot 6
[2022-12-10 11:56:35] [SEVERE ] removing card from slot 6
[2022-12-10 11:56:35] [SEVERE ] removing tokens from slot 7
[2022-12-10 11:56:35] [SEVERE ] removing card from slot 7
[2022-12-10 11:56:35] [SEVERE ] removing tokens from slot 8
[2022-12-10 11:56:35] [SEVERE ] removing card from slot 8
[2022-12-10 11:56:36] [SEVERE ] removing tokens from slot 9
[2022-12-10 11:56:36] [SEVERE ] removing card from slot 9
[2022-12-10 11:56:36] [SEVERE ] removing tokens from slot 10
[2022-12-10 11:56:36] [SEVERE ] removing card from slot 10
[2022-12-10 11:56:36] [SEVERE ] removing tokens from slot 11
[2022-12-10 11:56:36] [SEVERE ] removing card from slot 11
[2022-12-10 11:56:36] [SEVERE ] placing card 33 in slot 0
[2022-12-10 11:56:36] [SEVERE ] placing card 68 in slot 1
[2022-12-10 11:56:36] [SEVERE ] placing card 16 in slot 2
[2022-12-10 11:56:36] [SEVERE ] placing card 38 in slot 3
[2022-12-10 11:56:36] [SEVERE ] placing card 65 in slot 4
[2022-12-10 11:56:36] [SEVERE ] placing card 20 in slot 5
[2022-12-10 11:56:37] [SEVERE ] placing card 44 in slot 6
[2022-12-10 11:56:37] [SEVERE ] placing card 57 in slot 7
[2022-12-10 11:56:37] [SEVERE ] placing card 13 in slot 8
[2022-12-10 11:56:37] [SEVERE ] placing card 8 in slot 9
[2022-12-10 11:56:37] [SEVERE ] placing card 41 in slot 10
[2022-12-10 11:56:37] [SEVERE ] placing card 67 in slot 11
[2022-12-10 11:56:43] [SEVERE ] removing tokens from slot 0
[2022-12-10 11:56:43] [SEVERE ] removing card from slot 0
[2022-12-10 11:56:43] [SEVERE ] removing tokens from slot 1
[2022-12-10 11:56:43] [SEVERE ] removing card from slot 1
[2022-12-10 11:56:43] [SEVERE ] removing tokens from slot 2
[2022-12-10 11:56:43] [SEVERE ] removing card from slot 2
[2022-12-10 11:56:44] [SEVERE ] removing tokens from slot 3
[2022-12-10 11:56:44] [SEVERE ] removing card from slot 3
[2022-12-10 11:56:44] [SEVERE ] removing tokens from slot 4
[2022-12-10 11:56:44] [SEVERE ] removing card from slot 4
[2022-12-10 11:56:44] [SEVERE ] removing tokens from slot 5
[2022-12-10 11:56:44] [SEVERE ] removing card from slot 5
[2022-12-10 11:56:44] [SEVERE ] removing tokens from slot 6
[2022-12-10 11:56:44] [SEVERE ] removing card from slot 6
[2022-12-10 11:56:44] [SEVERE ] removing tokens from slot 7
[2022-12-10 11:56:44] [SEVERE ] removing card from slot 7
[2022-12-10 11:56:44] [SEVERE ] removing tokens from slot 8
[2022-12-10 11:56:44] [SEVERE ] removing card from slot 8
[2022-12-10 11:56:44] [SEVERE ] removing tokens from slot 9
[2022-12-10 11:56:44] [SEVERE ] removing card from slot 9
[2022-12-10 11:56:44] [SEVERE ] removing tokens from slot 10
[2022-12-10 11:56:44] [SEVERE ] removing card from slot 10
[2022-12-10 11:56:44] [SEVERE ] removing tokens from slot 11
[2022-12-10 11:56:44] [SEVERE ] removing card from slot 11
[2022-12-10 11:56:45] [SEVERE ] placing card 20 in slot 0
[2022-12-10 11:56:45] [SEVERE ] placing card 63 in slot 1
[2022-12-10 11:56:45] [SEVERE ] placing card 57 in slot 2
[2022-12-10 11:56:45] [SEVERE ] placing card 8 in slot 3
[2022-12-10 11:56:45] [SEVERE ] placing card 55 in slot 4
[2022-12-10 11:56:45] [SEVERE ] placing card 36 in slot 5
[2022-12-10 11:56:45] [SEVERE ] placing card 35 in slot 6
[2022-12-10 11:56:45] [SEVERE ] placing card 66 in slot 7
[2022-12-10 11:56:45] [SEVERE ] placing card 80 in slot 8
[2022-12-10 11:56:46] [SEVERE ] placing card 34 in slot 9
[2022-12-10 11:56:46] [SEVERE ] placing card 18 in slot 10
[2022-12-10 11:56:46] [SEVERE ] placing card 16 in slot 11
