[2022-12-12 22:03:21] [INFO   ] cannot read configuration file config.properties trying from resources.
[2022-12-12 22:03:21] [INFO   ] configuration file was loaded from resources directory.
[2022-12-12 22:03:21] [INFO   ] Thread Thread-0starting.
[2022-12-12 22:03:21] [INFO   ] Thread Thread-2starting.
[2022-12-12 22:03:21] [INFO   ] Thread Thread-1starting.
[2022-12-12 22:03:21] [INFO   ] Thread dealer starting.
[2022-12-12 22:03:21] [INFO   ] Thread computer-2 starting.
[2022-12-12 22:03:21] [SEVERE ] placing card 59 in slot 0
[2022-12-12 22:03:21] [SEVERE ] placing card 77 in slot 1
[2022-12-12 22:03:21] [SEVERE ] placing card 14 in slot 2
[2022-12-12 22:03:22] [SEVERE ] placing card 6 in slot 3
[2022-12-12 22:03:22] [SEVERE ] placing card 37 in slot 4
[2022-12-12 22:03:22] [SEVERE ] placing card 31 in slot 5
[2022-12-12 22:03:22] [SEVERE ] placing card 34 in slot 6
[2022-12-12 22:03:22] [SEVERE ] placing card 10 in slot 7
[2022-12-12 22:03:22] [SEVERE ] placing card 51 in slot 8
[2022-12-12 22:03:22] [SEVERE ] placing card 70 in slot 9
[2022-12-12 22:03:22] [SEVERE ] placing card 30 in slot 10
[2022-12-12 22:03:22] [SEVERE ] placing card 17 in slot 11
[2022-12-12 22:03:23] [SEVERE ] player 2 placing token on slot 11
[2022-12-12 22:03:23] [SEVERE ] player 2 placing token on slot 8
[2022-12-12 22:03:23] [SEVERE ] player 2 placing token on slot 10
[2022-12-12 22:03:23] [SEVERE ] removing player 2 token from slot 8
[2022-12-12 22:03:23] [SEVERE ] removing player 2 token from slot 10
[2022-12-12 22:03:23] [SEVERE ] removing player 2 token from slot 11
[2022-12-12 22:03:23] [SEVERE ] player 2 placing token on slot 6
[2022-12-12 22:03:23] [SEVERE ] player 2 placing token on slot 11
[2022-12-12 22:03:23] [SEVERE ] player 2 placing token on slot 2
[2022-12-12 22:03:23] [SEVERE ] removing player 2 token from slot 2
[2022-12-12 22:03:23] [SEVERE ] removing player 2 token from slot 6
[2022-12-12 22:03:23] [SEVERE ] removing player 2 token from slot 11
[2022-12-12 22:03:23] [SEVERE ] player 2 placing token on slot 7
[2022-12-12 22:03:23] [SEVERE ] player 2 placing token on slot 9
[2022-12-12 22:03:23] [SEVERE ] player 2 placing token on slot 3
[2022-12-12 22:03:23] [SEVERE ] removing player 2 token from slot 3
[2022-12-12 22:03:23] [SEVERE ] removing player 2 token from slot 7
[2022-12-12 22:03:23] [SEVERE ] removing player 2 token from slot 9
[2022-12-12 22:03:23] [SEVERE ] player 2 placing token on slot 6
[2022-12-12 22:03:23] [SEVERE ] player 2 placing token on slot 4
[2022-12-12 22:03:23] [SEVERE ] player 2 placing token on slot 10
[2022-12-12 22:03:23] [SEVERE ] removing player 2 token from slot 4
[2022-12-12 22:03:23] [SEVERE ] removing player 2 token from slot 6
[2022-12-12 22:03:23] [SEVERE ] removing player 2 token from slot 10
[2022-12-12 22:03:23] [SEVERE ] player 2 placing token on slot 8
[2022-12-12 22:03:23] [SEVERE ] player 2 placing token on slot 5
[2022-12-12 22:03:23] [SEVERE ] player 2 placing token on slot 11
[2022-12-12 22:03:23] [SEVERE ] removing player 2 token from slot 5
[2022-12-12 22:03:23] [SEVERE ] removing player 2 token from slot 8
[2022-12-12 22:03:23] [SEVERE ] removing player 2 token from slot 11
[2022-12-12 22:03:23] [SEVERE ] player 2 placing token on slot 9
[2022-12-12 22:03:23] [SEVERE ] player 2 placing token on slot 10
[2022-12-12 22:03:23] [SEVERE ] player 2 placing token on slot 2
[2022-12-12 22:03:23] [SEVERE ] removing player 2 token from slot 2
[2022-12-12 22:03:23] [SEVERE ] removing player 2 token from slot 9
[2022-12-12 22:03:23] [SEVERE ] removing player 2 token from slot 10
[2022-12-12 22:03:23] [SEVERE ] player 2 placing token on slot 6
[2022-12-12 22:03:23] [SEVERE ] player 2 placing token on slot 4
[2022-12-12 22:03:23] [SEVERE ] player 2 placing token on slot 7
[2022-12-12 22:03:23] [SEVERE ] removing player 2 token from slot 4
[2022-12-12 22:03:23] [SEVERE ] removing player 2 token from slot 6
[2022-12-12 22:03:23] [SEVERE ] removing player 2 token from slot 7
[2022-12-12 22:03:23] [SEVERE ] player 2 placing token on slot 2
[2022-12-12 22:03:23] [SEVERE ] player 2 placing token on slot 8
[2022-12-12 22:03:23] [SEVERE ] player 2 placing token on slot 10
[2022-12-12 22:03:23] [SEVERE ] removing player 2 token from slot 2
[2022-12-12 22:03:23] [SEVERE ] removing player 2 token from slot 8
[2022-12-12 22:03:23] [SEVERE ] removing player 2 token from slot 10
[2022-12-12 22:03:23] [SEVERE ] player 2 placing token on slot 8
[2022-12-12 22:03:23] [SEVERE ] player 2 placing token on slot 11
[2022-12-12 22:03:23] [SEVERE ] player 2 placing token on slot 1
[2022-12-12 22:03:23] [SEVERE ] removing player 2 token from slot 1
[2022-12-12 22:03:23] [SEVERE ] removing player 2 token from slot 8
[2022-12-12 22:03:23] [SEVERE ] removing player 2 token from slot 11
[2022-12-12 22:03:23] [SEVERE ] player 2 placing token on slot 7
[2022-12-12 22:03:23] [SEVERE ] player 2 placing token on slot 2
[2022-12-12 22:03:23] [SEVERE ] player 2 placing token on slot 9
[2022-12-12 22:03:23] [SEVERE ] removing player 2 token from slot 2
[2022-12-12 22:03:23] [SEVERE ] removing player 2 token from slot 7
[2022-12-12 22:03:23] [SEVERE ] removing player 2 token from slot 9
[2022-12-12 22:03:23] [SEVERE ] player 2 placing token on slot 3
[2022-12-12 22:03:23] [SEVERE ] player 2 placing token on slot 0
[2022-12-12 22:03:23] [SEVERE ] player 2 placing token on slot 1
[2022-12-12 22:03:23] [SEVERE ] removing player 2 token from slot 0
[2022-12-12 22:03:23] [SEVERE ] removing player 2 token from slot 1
[2022-12-12 22:03:23] [SEVERE ] removing player 2 token from slot 3
[2022-12-12 22:03:24] [SEVERE ] player 2 placing token on slot 11
[2022-12-12 22:03:24] [SEVERE ] player 2 placing token on slot 10
[2022-12-12 22:03:24] [SEVERE ] player 2 placing token on slot 9
[2022-12-12 22:03:24] [SEVERE ] removing player 2 token from slot 9
[2022-12-12 22:03:24] [SEVERE ] removing player 2 token from slot 10
[2022-12-12 22:03:24] [SEVERE ] removing player 2 token from slot 11
[2022-12-12 22:03:24] [SEVERE ] player 2 placing token on slot 11
[2022-12-12 22:03:24] [SEVERE ] player 2 placing token on slot 1
[2022-12-12 22:03:24] [SEVERE ] player 2 placing token on slot 10
[2022-12-12 22:03:24] [SEVERE ] removing player 2 token from slot 1
[2022-12-12 22:03:24] [SEVERE ] removing player 2 token from slot 10
[2022-12-12 22:03:24] [SEVERE ] removing player 2 token from slot 11
[2022-12-12 22:03:24] [SEVERE ] player 2 placing token on slot 0
[2022-12-12 22:03:24] [SEVERE ] player 2 placing token on slot 11
[2022-12-12 22:03:24] [SEVERE ] player 2 placing token on slot 6
[2022-12-12 22:03:24] [SEVERE ] removing player 2 token from slot 0
[2022-12-12 22:03:24] [SEVERE ] removing player 2 token from slot 6
[2022-12-12 22:03:24] [SEVERE ] removing player 2 token from slot 11
[2022-12-12 22:03:24] [SEVERE ] player 2 placing token on slot 9
[2022-12-12 22:03:24] [SEVERE ] player 2 placing token on slot 4
[2022-12-12 22:03:24] [SEVERE ] player 2 placing token on slot 2
[2022-12-12 22:03:24] [SEVERE ] removing player 2 token from slot 2
[2022-12-12 22:03:24] [SEVERE ] removing player 2 token from slot 4
[2022-12-12 22:03:24] [SEVERE ] removing player 2 token from slot 9
[2022-12-12 22:03:24] [SEVERE ] player 2 placing token on slot 11
[2022-12-12 22:03:24] [SEVERE ] player 2 placing token on slot 8
[2022-12-12 22:03:24] [SEVERE ] player 2 placing token on slot 6
[2022-12-12 22:03:24] [SEVERE ] removing player 2 token from slot 6
[2022-12-12 22:03:24] [SEVERE ] removing player 2 token from slot 8
[2022-12-12 22:03:24] [SEVERE ] removing player 2 token from slot 11
[2022-12-12 22:03:24] [SEVERE ] player 2 placing token on slot 5
[2022-12-12 22:03:24] [SEVERE ] player 2 placing token on slot 6
[2022-12-12 22:03:24] [SEVERE ] player 2 placing token on slot 11
[2022-12-12 22:03:24] [SEVERE ] removing player 2 token from slot 5
[2022-12-12 22:03:24] [SEVERE ] removing player 2 token from slot 6
[2022-12-12 22:03:24] [SEVERE ] removing player 2 token from slot 11
[2022-12-12 22:03:24] [SEVERE ] player 2 placing token on slot 11
[2022-12-12 22:03:24] [SEVERE ] player 2 placing token on slot 10
[2022-12-12 22:03:24] [SEVERE ] player 2 placing token on slot 4
[2022-12-12 22:03:24] [SEVERE ] removing player 2 token from slot 4
[2022-12-12 22:03:24] [SEVERE ] removing player 2 token from slot 10
[2022-12-12 22:03:24] [SEVERE ] removing player 2 token from slot 11
[2022-12-12 22:03:24] [SEVERE ] player 2 placing token on slot 1
[2022-12-12 22:03:24] [SEVERE ] player 2 placing token on slot 10
[2022-12-12 22:03:24] [SEVERE ] player 2 placing token on slot 11
[2022-12-12 22:03:24] [SEVERE ] removing player 2 token from slot 1
[2022-12-12 22:03:24] [SEVERE ] removing player 2 token from slot 10
[2022-12-12 22:03:24] [SEVERE ] removing player 2 token from slot 11
[2022-12-12 22:03:24] [SEVERE ] player 2 placing token on slot 9
[2022-12-12 22:03:24] [SEVERE ] player 2 placing token on slot 8
[2022-12-12 22:03:24] [SEVERE ] player 2 placing token on slot 5
[2022-12-12 22:03:24] [SEVERE ] removing player 2 token from slot 5
[2022-12-12 22:03:24] [SEVERE ] removing player 2 token from slot 8
[2022-12-12 22:03:24] [SEVERE ] removing player 2 token from slot 9
[2022-12-12 22:03:24] [SEVERE ] player 2 placing token on slot 2
[2022-12-12 22:03:24] [SEVERE ] player 2 placing token on slot 4
[2022-12-12 22:03:24] [SEVERE ] player 2 placing token on slot 9
[2022-12-12 22:03:24] [SEVERE ] removing player 2 token from slot 2
[2022-12-12 22:03:24] [SEVERE ] removing player 2 token from slot 4
[2022-12-12 22:03:24] [SEVERE ] removing player 2 token from slot 9
[2022-12-12 22:03:24] [SEVERE ] player 2 placing token on slot 8
[2022-12-12 22:03:25] [SEVERE ] player 2 placing token on slot 9
[2022-12-12 22:03:25] [SEVERE ] player 2 placing token on slot 2
[2022-12-12 22:03:25] [SEVERE ] removing player 2 token from slot 2
[2022-12-12 22:03:25] [SEVERE ] removing player 2 token from slot 8
[2022-12-12 22:03:25] [SEVERE ] removing player 2 token from slot 9
[2022-12-12 22:03:25] [SEVERE ] player 2 placing token on slot 2
[2022-12-12 22:03:25] [SEVERE ] player 2 placing token on slot 7
[2022-12-12 22:03:25] [SEVERE ] player 2 placing token on slot 9
[2022-12-12 22:03:25] [SEVERE ] removing player 2 token from slot 2
[2022-12-12 22:03:25] [SEVERE ] removing player 2 token from slot 7
[2022-12-12 22:03:25] [SEVERE ] removing player 2 token from slot 9
[2022-12-12 22:03:25] [SEVERE ] player 2 placing token on slot 11
[2022-12-12 22:03:25] [SEVERE ] player 2 placing token on slot 2
[2022-12-12 22:03:25] [SEVERE ] player 2 placing token on slot 9
[2022-12-12 22:03:25] [SEVERE ] removing player 2 token from slot 2
[2022-12-12 22:03:25] [SEVERE ] removing player 2 token from slot 9
[2022-12-12 22:03:25] [SEVERE ] removing player 2 token from slot 11
[2022-12-12 22:03:25] [SEVERE ] player 2 placing token on slot 2
[2022-12-12 22:03:25] [SEVERE ] player 2 placing token on slot 8
[2022-12-12 22:03:25] [SEVERE ] player 2 placing token on slot 10
[2022-12-12 22:03:25] [SEVERE ] removing player 2 token from slot 2
[2022-12-12 22:03:25] [SEVERE ] removing player 2 token from slot 8
[2022-12-12 22:03:25] [SEVERE ] removing player 2 token from slot 10
[2022-12-12 22:03:25] [SEVERE ] player 2 placing token on slot 1
[2022-12-12 22:03:25] [SEVERE ] player 2 placing token on slot 8
[2022-12-12 22:03:25] [SEVERE ] player 2 placing token on slot 7
[2022-12-12 22:03:25] [SEVERE ] removing player 2 token from slot 1
[2022-12-12 22:03:25] [SEVERE ] removing player 2 token from slot 7
[2022-12-12 22:03:25] [SEVERE ] removing player 2 token from slot 8
[2022-12-12 22:03:25] [SEVERE ] player 2 placing token on slot 0
[2022-12-12 22:03:25] [SEVERE ] player 2 placing token on slot 5
[2022-12-12 22:03:25] [SEVERE ] player 2 placing token on slot 11
[2022-12-12 22:03:25] [SEVERE ] removing player 2 token from slot 0
[2022-12-12 22:03:25] [SEVERE ] removing player 2 token from slot 5
[2022-12-12 22:03:25] [SEVERE ] removing player 2 token from slot 11
[2022-12-12 22:03:25] [SEVERE ] player 2 placing token on slot 8
[2022-12-12 22:03:25] [SEVERE ] player 2 placing token on slot 2
[2022-12-12 22:03:25] [SEVERE ] player 2 placing token on slot 1
[2022-12-12 22:03:25] [SEVERE ] removing player 2 token from slot 1
[2022-12-12 22:03:25] [SEVERE ] removing player 2 token from slot 2
[2022-12-12 22:03:25] [SEVERE ] removing player 2 token from slot 8
[2022-12-12 22:03:25] [SEVERE ] player 2 placing token on slot 3
[2022-12-12 22:03:25] [SEVERE ] player 2 placing token on slot 6
[2022-12-12 22:03:25] [SEVERE ] player 2 placing token on slot 11
[2022-12-12 22:03:25] [SEVERE ] removing player 2 token from slot 3
[2022-12-12 22:03:25] [SEVERE ] removing player 2 token from slot 6
[2022-12-12 22:03:25] [SEVERE ] removing player 2 token from slot 11
[2022-12-12 22:03:25] [SEVERE ] player 2 placing token on slot 1
[2022-12-12 22:03:25] [SEVERE ] player 2 placing token on slot 7
[2022-12-12 22:03:25] [SEVERE ] player 2 placing token on slot 4
[2022-12-12 22:03:25] [SEVERE ] removing player 2 token from slot 1
[2022-12-12 22:03:25] [SEVERE ] removing player 2 token from slot 4
[2022-12-12 22:03:25] [SEVERE ] removing player 2 token from slot 7
[2022-12-12 22:03:25] [SEVERE ] player 2 placing token on slot 4
[2022-12-12 22:03:25] [SEVERE ] player 2 placing token on slot 3
[2022-12-12 22:03:25] [SEVERE ] player 2 placing token on slot 6
[2022-12-12 22:03:25] [SEVERE ] removing player 2 token from slot 3
[2022-12-12 22:03:25] [SEVERE ] removing player 2 token from slot 4
[2022-12-12 22:03:25] [SEVERE ] removing player 2 token from slot 6
[2022-12-12 22:03:25] [SEVERE ] player 2 placing token on slot 6
[2022-12-12 22:03:25] [SEVERE ] player 2 placing token on slot 9
[2022-12-12 22:03:25] [SEVERE ] player 2 placing token on slot 2
[2022-12-12 22:03:25] [SEVERE ] removing player 2 token from slot 2
[2022-12-12 22:03:25] [SEVERE ] removing player 2 token from slot 6
[2022-12-12 22:03:25] [SEVERE ] removing player 2 token from slot 9
[2022-12-12 22:03:25] [SEVERE ] player 2 placing token on slot 11
[2022-12-12 22:03:25] [SEVERE ] player 2 placing token on slot 9
[2022-12-12 22:03:26] [SEVERE ] player 2 placing token on slot 2
[2022-12-12 22:03:26] [SEVERE ] removing player 2 token from slot 2
[2022-12-12 22:03:26] [SEVERE ] removing player 2 token from slot 9
[2022-12-12 22:03:26] [SEVERE ] removing player 2 token from slot 11
[2022-12-12 22:03:26] [SEVERE ] player 2 placing token on slot 3
[2022-12-12 22:03:26] [SEVERE ] player 2 placing token on slot 11
[2022-12-12 22:03:26] [SEVERE ] player 2 placing token on slot 0
[2022-12-12 22:03:26] [SEVERE ] removing player 2 token from slot 0
[2022-12-12 22:03:26] [SEVERE ] removing player 2 token from slot 3
[2022-12-12 22:03:26] [SEVERE ] removing player 2 token from slot 11
[2022-12-12 22:03:26] [SEVERE ] player 2 placing token on slot 6
[2022-12-12 22:03:26] [SEVERE ] player 2 placing token on slot 2
[2022-12-12 22:03:26] [SEVERE ] player 2 placing token on slot 7
[2022-12-12 22:03:26] [SEVERE ] removing player 2 token from slot 2
[2022-12-12 22:03:26] [SEVERE ] removing player 2 token from slot 6
[2022-12-12 22:03:26] [SEVERE ] removing player 2 token from slot 7
[2022-12-12 22:03:26] [SEVERE ] player 2 placing token on slot 3
[2022-12-12 22:03:26] [SEVERE ] player 2 placing token on slot 0
[2022-12-12 22:03:26] [SEVERE ] player 2 placing token on slot 11
[2022-12-12 22:03:26] [SEVERE ] removing player 2 token from slot 0
[2022-12-12 22:03:26] [SEVERE ] removing player 2 token from slot 3
[2022-12-12 22:03:26] [SEVERE ] removing player 2 token from slot 11
[2022-12-12 22:03:26] [SEVERE ] player 2 placing token on slot 8
[2022-12-12 22:03:26] [SEVERE ] player 2 placing token on slot 10
[2022-12-12 22:03:26] [SEVERE ] player 2 placing token on slot 0
[2022-12-12 22:03:26] [SEVERE ] removing player 2 token from slot 0
[2022-12-12 22:03:26] [SEVERE ] removing player 2 token from slot 8
[2022-12-12 22:03:26] [SEVERE ] removing player 2 token from slot 10
[2022-12-12 22:03:26] [SEVERE ] player 2 placing token on slot 7
[2022-12-12 22:03:26] [SEVERE ] player 2 placing token on slot 1
[2022-12-12 22:03:26] [SEVERE ] player 2 placing token on slot 2
[2022-12-12 22:03:26] [SEVERE ] removing player 2 token from slot 1
[2022-12-12 22:03:26] [SEVERE ] removing player 2 token from slot 2
[2022-12-12 22:03:26] [SEVERE ] removing player 2 token from slot 7
[2022-12-12 22:03:26] [SEVERE ] player 2 placing token on slot 3
[2022-12-12 22:03:26] [SEVERE ] player 2 placing token on slot 6
[2022-12-12 22:03:26] [SEVERE ] player 2 placing token on slot 9
[2022-12-12 22:03:26] [SEVERE ] removing player 2 token from slot 3
[2022-12-12 22:03:26] [SEVERE ] removing player 2 token from slot 6
[2022-12-12 22:03:26] [SEVERE ] removing player 2 token from slot 9
[2022-12-12 22:03:26] [SEVERE ] player 2 placing token on slot 8
[2022-12-12 22:03:26] [SEVERE ] player 2 placing token on slot 11
[2022-12-12 22:03:26] [SEVERE ] player 2 placing token on slot 2
[2022-12-12 22:03:26] [SEVERE ] removing player 2 token from slot 2
[2022-12-12 22:03:26] [SEVERE ] removing player 2 token from slot 8
[2022-12-12 22:03:26] [SEVERE ] removing player 2 token from slot 11
[2022-12-12 22:03:26] [SEVERE ] player 2 placing token on slot 0
[2022-12-12 22:03:26] [SEVERE ] player 2 placing token on slot 4
[2022-12-12 22:03:26] [SEVERE ] player 2 placing token on slot 1
[2022-12-12 22:03:26] [SEVERE ] removing player 2 token from slot 0
[2022-12-12 22:03:26] [SEVERE ] removing player 2 token from slot 1
[2022-12-12 22:03:26] [SEVERE ] removing player 2 token from slot 4
[2022-12-12 22:03:26] [SEVERE ] player 2 placing token on slot 7
[2022-12-12 22:03:26] [SEVERE ] player 2 placing token on slot 8
[2022-12-12 22:03:26] [SEVERE ] player 2 placing token on slot 3
[2022-12-12 22:03:26] [SEVERE ] removing player 2 token from slot 3
[2022-12-12 22:03:26] [SEVERE ] removing player 2 token from slot 7
[2022-12-12 22:03:26] [SEVERE ] removing player 2 token from slot 8
[2022-12-12 22:03:26] [SEVERE ] player 2 placing token on slot 1
[2022-12-12 22:03:26] [SEVERE ] player 2 placing token on slot 11
[2022-12-12 22:03:26] [SEVERE ] player 2 placing token on slot 4
[2022-12-12 22:03:26] [SEVERE ] removing player 2 token from slot 1
[2022-12-12 22:03:26] [SEVERE ] removing player 2 token from slot 4
[2022-12-12 22:03:26] [SEVERE ] removing player 2 token from slot 11
[2022-12-12 22:03:26] [SEVERE ] player 2 placing token on slot 0
[2022-12-12 22:03:26] [SEVERE ] player 2 placing token on slot 2
[2022-12-12 22:03:27] [SEVERE ] player 2 placing token on slot 10
[2022-12-12 22:03:27] [SEVERE ] removing player 2 token from slot 0
[2022-12-12 22:03:27] [SEVERE ] removing player 2 token from slot 2
[2022-12-12 22:03:27] [SEVERE ] removing player 2 token from slot 10
[2022-12-12 22:03:27] [SEVERE ] player 2 placing token on slot 6
[2022-12-12 22:03:27] [SEVERE ] player 2 placing token on slot 11
[2022-12-12 22:03:27] [SEVERE ] player 2 placing token on slot 7
[2022-12-12 22:03:27] [SEVERE ] removing player 2 token from slot 6
[2022-12-12 22:03:27] [SEVERE ] removing player 2 token from slot 7
[2022-12-12 22:03:27] [SEVERE ] removing player 2 token from slot 11
[2022-12-12 22:03:27] [SEVERE ] player 2 placing token on slot 9
[2022-12-12 22:03:27] [SEVERE ] player 2 placing token on slot 0
[2022-12-12 22:03:27] [SEVERE ] player 2 placing token on slot 11
[2022-12-12 22:03:27] [SEVERE ] removing player 2 token from slot 0
[2022-12-12 22:03:27] [SEVERE ] removing player 2 token from slot 9
[2022-12-12 22:03:27] [SEVERE ] removing player 2 token from slot 11
[2022-12-12 22:03:27] [SEVERE ] player 2 placing token on slot 11
[2022-12-12 22:03:27] [SEVERE ] player 2 placing token on slot 0
[2022-12-12 22:03:27] [SEVERE ] player 2 placing token on slot 8
[2022-12-12 22:03:27] [SEVERE ] removing player 2 token from slot 0
[2022-12-12 22:03:27] [SEVERE ] removing player 2 token from slot 8
[2022-12-12 22:03:27] [SEVERE ] removing player 2 token from slot 11
[2022-12-12 22:03:27] [SEVERE ] player 2 placing token on slot 11
[2022-12-12 22:03:27] [SEVERE ] player 2 placing token on slot 2
[2022-12-12 22:03:27] [SEVERE ] player 2 placing token on slot 4
[2022-12-12 22:03:27] [SEVERE ] removing player 2 token from slot 2
[2022-12-12 22:03:27] [SEVERE ] removing player 2 token from slot 4
[2022-12-12 22:03:27] [SEVERE ] removing player 2 token from slot 11
[2022-12-12 22:03:27] [SEVERE ] player 2 placing token on slot 7
[2022-12-12 22:03:27] [SEVERE ] player 2 placing token on slot 8
[2022-12-12 22:03:27] [SEVERE ] player 2 placing token on slot 4
[2022-12-12 22:03:27] [SEVERE ] removing player 2 token from slot 4
[2022-12-12 22:03:27] [SEVERE ] removing player 2 token from slot 7
[2022-12-12 22:03:27] [SEVERE ] removing player 2 token from slot 8
[2022-12-12 22:03:27] [SEVERE ] player 2 placing token on slot 4
[2022-12-12 22:03:27] [SEVERE ] player 2 placing token on slot 11
[2022-12-12 22:03:27] [SEVERE ] player 2 placing token on slot 10
[2022-12-12 22:03:27] [SEVERE ] removing player 2 token from slot 4
[2022-12-12 22:03:27] [SEVERE ] removing player 2 token from slot 10
[2022-12-12 22:03:27] [SEVERE ] removing player 2 token from slot 11
[2022-12-12 22:03:27] [SEVERE ] player 2 placing token on slot 4
[2022-12-12 22:03:27] [SEVERE ] player 2 placing token on slot 7
[2022-12-12 22:03:27] [SEVERE ] player 2 placing token on slot 0
[2022-12-12 22:03:27] [SEVERE ] removing player 2 token from slot 0
[2022-12-12 22:03:27] [SEVERE ] removing player 2 token from slot 4
[2022-12-12 22:03:27] [SEVERE ] removing player 2 token from slot 7
[2022-12-12 22:03:27] [SEVERE ] player 2 placing token on slot 5
[2022-12-12 22:03:27] [SEVERE ] player 2 placing token on slot 6
[2022-12-12 22:03:27] [SEVERE ] player 2 placing token on slot 4
[2022-12-12 22:03:27] [SEVERE ] removing player 2 token from slot 4
[2022-12-12 22:03:27] [SEVERE ] removing player 2 token from slot 5
[2022-12-12 22:03:27] [SEVERE ] removing player 2 token from slot 6
[2022-12-12 22:03:27] [SEVERE ] player 2 placing token on slot 3
[2022-12-12 22:03:27] [SEVERE ] player 2 placing token on slot 2
[2022-12-12 22:03:27] [SEVERE ] player 2 placing token on slot 6
[2022-12-12 22:03:27] [SEVERE ] removing player 2 token from slot 2
[2022-12-12 22:03:27] [SEVERE ] removing player 2 token from slot 3
[2022-12-12 22:03:27] [SEVERE ] removing player 2 token from slot 6
[2022-12-12 22:03:27] [SEVERE ] player 2 placing token on slot 4
[2022-12-12 22:03:27] [SEVERE ] player 2 placing token on slot 8
[2022-12-12 22:03:27] [SEVERE ] player 2 placing token on slot 6
[2022-12-12 22:03:27] [SEVERE ] removing player 2 token from slot 4
[2022-12-12 22:03:27] [SEVERE ] removing player 2 token from slot 6
[2022-12-12 22:03:27] [SEVERE ] removing player 2 token from slot 8
[2022-12-12 22:03:27] [SEVERE ] player 2 placing token on slot 10
[2022-12-12 22:03:27] [SEVERE ] player 2 placing token on slot 4
[2022-12-12 22:03:28] [SEVERE ] player 2 placing token on slot 11
[2022-12-12 22:03:28] [SEVERE ] removing player 2 token from slot 4
[2022-12-12 22:03:28] [SEVERE ] removing player 2 token from slot 10
[2022-12-12 22:03:28] [SEVERE ] removing player 2 token from slot 11
[2022-12-12 22:03:28] [SEVERE ] player 2 placing token on slot 8
[2022-12-12 22:03:28] [SEVERE ] player 2 placing token on slot 0
[2022-12-12 22:03:28] [SEVERE ] player 2 placing token on slot 7
[2022-12-12 22:03:28] [SEVERE ] removing tokens from slot 0
[2022-12-12 22:03:28] [SEVERE ] removing card from slot 0
[2022-12-12 22:03:28] [SEVERE ] removing tokens from slot 7
[2022-12-12 22:03:28] [SEVERE ] removing card from slot 7
[2022-12-12 22:03:28] [SEVERE ] removing tokens from slot 8
[2022-12-12 22:03:28] [SEVERE ] removing card from slot 8
[2022-12-12 22:03:28] [SEVERE ] setting player 2 score to 1
[2022-12-12 22:03:28] [SEVERE ] player 2 placing token on slot 5
[2022-12-12 22:03:28] [SEVERE ] player 2 placing token on slot 1
[2022-12-12 22:03:28] [SEVERE ] placing card 29 in slot 0
[2022-12-12 22:03:28] [SEVERE ] player 2 placing token on slot 3
[2022-12-12 22:03:28] [SEVERE ] placing card 23 in slot 7
[2022-12-12 22:03:28] [SEVERE ] placing card 1 in slot 8
