[2022-12-12 21:55:27] [INFO   ] cannot read configuration file config.properties trying from resources.
[2022-12-12 21:55:27] [INFO   ] configuration file was loaded from resources directory.
[2022-12-12 21:55:27] [INFO   ] Thread dealer starting.
[2022-12-12 21:55:27] [INFO   ] Thread Thread-2starting.
[2022-12-12 21:55:27] [INFO   ] Thread Thread-1starting.
[2022-12-12 21:55:27] [INFO   ] Thread Thread-0starting.
[2022-12-12 21:55:27] [INFO   ] Thread computer-2 starting.
[2022-12-12 21:55:27] [SEVERE ] placing card 43 in slot 0
[2022-12-12 21:55:27] [SEVERE ] placing card 31 in slot 1
[2022-12-12 21:55:27] [SEVERE ] placing card 6 in slot 2
[2022-12-12 21:55:27] [SEVERE ] placing card 73 in slot 3
[2022-12-12 21:55:28] [SEVERE ] placing card 47 in slot 4
[2022-12-12 21:55:28] [SEVERE ] placing card 23 in slot 5
[2022-12-12 21:55:28] [SEVERE ] placing card 0 in slot 6
[2022-12-12 21:55:28] [SEVERE ] placing card 67 in slot 7
[2022-12-12 21:55:28] [SEVERE ] placing card 22 in slot 8
[2022-12-12 21:55:28] [SEVERE ] placing card 68 in slot 9
[2022-12-12 21:55:28] [SEVERE ] placing card 48 in slot 10
[2022-12-12 21:55:28] [SEVERE ] placing card 70 in slot 11
[2022-12-12 21:55:28] [SEVERE ] player 2 placing token on slot 6
[2022-12-12 21:55:28] [SEVERE ] player 2 placing token on slot 4
[2022-12-12 21:55:28] [SEVERE ] player 2 placing token on slot 8
[2022-12-12 21:55:28] [SEVERE ] removing player 2 token from slot 4
[2022-12-12 21:55:28] [SEVERE ] removing player 2 token from slot 6
[2022-12-12 21:55:28] [SEVERE ] removing player 2 token from slot 8
[2022-12-12 21:55:28] [SEVERE ] player 2 placing token on slot 7
[2022-12-12 21:55:28] [SEVERE ] player 2 placing token on slot 10
[2022-12-12 21:55:29] [SEVERE ] player 2 placing token on slot 6
[2022-12-12 21:55:29] [SEVERE ] removing player 2 token from slot 6
[2022-12-12 21:55:29] [SEVERE ] removing player 2 token from slot 7
[2022-12-12 21:55:29] [SEVERE ] removing player 2 token from slot 10
[2022-12-12 21:55:29] [SEVERE ] player 2 placing token on slot 6
[2022-12-12 21:55:29] [SEVERE ] player 2 placing token on slot 9
[2022-12-12 21:55:29] [SEVERE ] player 2 placing token on slot 4
[2022-12-12 21:55:29] [SEVERE ] removing player 2 token from slot 4
[2022-12-12 21:55:29] [SEVERE ] removing player 2 token from slot 6
[2022-12-12 21:55:29] [SEVERE ] removing player 2 token from slot 9
[2022-12-12 21:55:29] [SEVERE ] player 2 placing token on slot 4
[2022-12-12 21:55:29] [SEVERE ] player 2 placing token on slot 1
[2022-12-12 21:55:29] [SEVERE ] player 2 placing token on slot 2
[2022-12-12 21:55:29] [SEVERE ] removing player 2 token from slot 1
[2022-12-12 21:55:29] [SEVERE ] removing player 2 token from slot 2
[2022-12-12 21:55:29] [SEVERE ] removing player 2 token from slot 4
[2022-12-12 21:55:29] [SEVERE ] player 2 placing token on slot 6
[2022-12-12 21:55:29] [SEVERE ] player 2 placing token on slot 8
[2022-12-12 21:55:29] [SEVERE ] player 2 placing token on slot 11
[2022-12-12 21:55:29] [SEVERE ] removing player 2 token from slot 6
[2022-12-12 21:55:29] [SEVERE ] removing player 2 token from slot 8
[2022-12-12 21:55:29] [SEVERE ] removing player 2 token from slot 11
[2022-12-12 21:55:29] [SEVERE ] player 2 placing token on slot 9
[2022-12-12 21:55:29] [SEVERE ] player 2 placing token on slot 10
[2022-12-12 21:55:29] [SEVERE ] player 2 placing token on slot 4
[2022-12-12 21:55:29] [SEVERE ] removing player 2 token from slot 4
[2022-12-12 21:55:29] [SEVERE ] removing player 2 token from slot 9
[2022-12-12 21:55:29] [SEVERE ] removing player 2 token from slot 10
[2022-12-12 21:55:29] [SEVERE ] player 2 placing token on slot 10
[2022-12-12 21:55:29] [SEVERE ] player 2 placing token on slot 5
[2022-12-12 21:55:29] [SEVERE ] player 2 placing token on slot 2
[2022-12-12 21:55:29] [SEVERE ] removing player 2 token from slot 2
[2022-12-12 21:55:29] [SEVERE ] removing player 2 token from slot 5
[2022-12-12 21:55:29] [SEVERE ] removing player 2 token from slot 10
[2022-12-12 21:55:29] [SEVERE ] player 2 placing token on slot 5
[2022-12-12 21:55:29] [SEVERE ] player 2 placing token on slot 3
[2022-12-12 21:55:29] [SEVERE ] player 2 placing token on slot 11
[2022-12-12 21:55:29] [SEVERE ] removing player 2 token from slot 3
[2022-12-12 21:55:29] [SEVERE ] removing player 2 token from slot 5
[2022-12-12 21:55:29] [SEVERE ] removing player 2 token from slot 11
[2022-12-12 21:55:29] [SEVERE ] player 2 placing token on slot 6
[2022-12-12 21:55:29] [SEVERE ] player 2 placing token on slot 0
[2022-12-12 21:55:29] [SEVERE ] player 2 placing token on slot 2
[2022-12-12 21:55:29] [SEVERE ] removing player 2 token from slot 0
[2022-12-12 21:55:29] [SEVERE ] removing player 2 token from slot 2
[2022-12-12 21:55:29] [SEVERE ] removing player 2 token from slot 6
[2022-12-12 21:55:29] [SEVERE ] player 2 placing token on slot 11
[2022-12-12 21:55:29] [SEVERE ] player 2 placing token on slot 2
[2022-12-12 21:55:29] [SEVERE ] player 2 placing token on slot 1
[2022-12-12 21:55:29] [SEVERE ] removing player 2 token from slot 1
[2022-12-12 21:55:29] [SEVERE ] removing player 2 token from slot 2
[2022-12-12 21:55:29] [SEVERE ] removing player 2 token from slot 11
[2022-12-12 21:55:29] [SEVERE ] player 2 placing token on slot 8
[2022-12-12 21:55:29] [SEVERE ] player 2 placing token on slot 7
[2022-12-12 21:55:29] [SEVERE ] player 2 placing token on slot 10
[2022-12-12 21:55:29] [SEVERE ] removing player 2 token from slot 7
[2022-12-12 21:55:29] [SEVERE ] removing player 2 token from slot 8
[2022-12-12 21:55:29] [SEVERE ] removing player 2 token from slot 10
[2022-12-12 21:55:29] [SEVERE ] player 2 placing token on slot 1
[2022-12-12 21:55:29] [SEVERE ] player 2 placing token on slot 8
[2022-12-12 21:55:29] [SEVERE ] player 2 placing token on slot 4
[2022-12-12 21:55:29] [SEVERE ] removing player 2 token from slot 1
[2022-12-12 21:55:29] [SEVERE ] removing player 2 token from slot 4
[2022-12-12 21:55:29] [SEVERE ] removing player 2 token from slot 8
[2022-12-12 21:55:29] [SEVERE ] player 2 placing token on slot 6
[2022-12-12 21:55:29] [SEVERE ] player 2 placing token on slot 3
[2022-12-12 21:55:29] [SEVERE ] player 2 placing token on slot 5
[2022-12-12 21:55:29] [SEVERE ] removing player 2 token from slot 3
[2022-12-12 21:55:29] [SEVERE ] removing player 2 token from slot 5
[2022-12-12 21:55:29] [SEVERE ] removing player 2 token from slot 6
[2022-12-12 21:55:29] [SEVERE ] player 2 placing token on slot 9
[2022-12-12 21:55:30] [SEVERE ] player 2 placing token on slot 7
[2022-12-12 21:55:30] [SEVERE ] player 2 placing token on slot 5
[2022-12-12 21:55:30] [SEVERE ] removing player 2 token from slot 5
[2022-12-12 21:55:30] [SEVERE ] removing player 2 token from slot 7
[2022-12-12 21:55:30] [SEVERE ] removing player 2 token from slot 9
[2022-12-12 21:55:30] [SEVERE ] player 2 placing token on slot 8
[2022-12-12 21:55:30] [SEVERE ] player 2 placing token on slot 1
[2022-12-12 21:55:30] [SEVERE ] player 2 placing token on slot 9
[2022-12-12 21:55:30] [SEVERE ] removing player 2 token from slot 1
[2022-12-12 21:55:30] [SEVERE ] removing player 2 token from slot 8
[2022-12-12 21:55:30] [SEVERE ] removing player 2 token from slot 9
[2022-12-12 21:55:30] [SEVERE ] player 2 placing token on slot 5
[2022-12-12 21:55:30] [SEVERE ] player 2 placing token on slot 9
[2022-12-12 21:55:30] [SEVERE ] player 2 placing token on slot 7
[2022-12-12 21:55:30] [SEVERE ] removing player 2 token from slot 5
[2022-12-12 21:55:30] [SEVERE ] removing player 2 token from slot 7
[2022-12-12 21:55:30] [SEVERE ] removing player 2 token from slot 9
[2022-12-12 21:55:30] [SEVERE ] player 2 placing token on slot 1
[2022-12-12 21:55:30] [SEVERE ] player 2 placing token on slot 8
[2022-12-12 21:55:30] [SEVERE ] player 2 placing token on slot 5
[2022-12-12 21:55:30] [SEVERE ] removing player 2 token from slot 1
[2022-12-12 21:55:30] [SEVERE ] removing player 2 token from slot 5
[2022-12-12 21:55:30] [SEVERE ] removing player 2 token from slot 8
[2022-12-12 21:55:30] [SEVERE ] player 2 placing token on slot 11
[2022-12-12 21:55:30] [SEVERE ] player 2 placing token on slot 3
[2022-12-12 21:55:30] [SEVERE ] player 2 placing token on slot 9
[2022-12-12 21:55:30] [SEVERE ] removing player 2 token from slot 3
[2022-12-12 21:55:30] [SEVERE ] removing player 2 token from slot 9
[2022-12-12 21:55:30] [SEVERE ] removing player 2 token from slot 11
[2022-12-12 21:55:30] [SEVERE ] player 2 placing token on slot 5
[2022-12-12 21:55:30] [SEVERE ] player 2 placing token on slot 11
[2022-12-12 21:55:30] [SEVERE ] player 2 placing token on slot 9
[2022-12-12 21:55:30] [SEVERE ] removing player 2 token from slot 5
[2022-12-12 21:55:30] [SEVERE ] removing player 2 token from slot 9
[2022-12-12 21:55:30] [SEVERE ] removing player 2 token from slot 11
[2022-12-12 21:55:30] [SEVERE ] player 2 placing token on slot 2
[2022-12-12 21:55:30] [SEVERE ] player 2 placing token on slot 4
[2022-12-12 21:55:30] [SEVERE ] player 2 placing token on slot 0
[2022-12-12 21:55:30] [SEVERE ] removing player 2 token from slot 0
[2022-12-12 21:55:30] [SEVERE ] removing player 2 token from slot 2
[2022-12-12 21:55:30] [SEVERE ] removing player 2 token from slot 4
[2022-12-12 21:55:30] [SEVERE ] player 2 placing token on slot 9
[2022-12-12 21:55:30] [SEVERE ] player 2 placing token on slot 7
[2022-12-12 21:55:30] [SEVERE ] player 2 placing token on slot 10
[2022-12-12 21:55:30] [SEVERE ] removing player 2 token from slot 7
[2022-12-12 21:55:30] [SEVERE ] removing player 2 token from slot 9
[2022-12-12 21:55:30] [SEVERE ] removing player 2 token from slot 10
[2022-12-12 21:55:30] [SEVERE ] player 2 placing token on slot 10
[2022-12-12 21:55:30] [SEVERE ] player 2 placing token on slot 5
[2022-12-12 21:55:30] [SEVERE ] player 2 placing token on slot 11
[2022-12-12 21:55:30] [SEVERE ] removing player 2 token from slot 5
[2022-12-12 21:55:30] [SEVERE ] removing player 2 token from slot 10
[2022-12-12 21:55:30] [SEVERE ] removing player 2 token from slot 11
[2022-12-12 21:55:30] [SEVERE ] player 2 placing token on slot 9
[2022-12-12 21:55:30] [SEVERE ] player 2 placing token on slot 0
[2022-12-12 21:55:30] [SEVERE ] player 2 placing token on slot 7
[2022-12-12 21:55:30] [SEVERE ] removing player 2 token from slot 0
[2022-12-12 21:55:30] [SEVERE ] removing player 2 token from slot 7
[2022-12-12 21:55:30] [SEVERE ] removing player 2 token from slot 9
[2022-12-12 21:55:30] [SEVERE ] player 2 placing token on slot 2
[2022-12-12 21:55:30] [SEVERE ] player 2 placing token on slot 6
[2022-12-12 21:55:30] [SEVERE ] player 2 placing token on slot 7
[2022-12-12 21:55:30] [SEVERE ] removing player 2 token from slot 2
[2022-12-12 21:55:30] [SEVERE ] removing player 2 token from slot 6
[2022-12-12 21:55:30] [SEVERE ] removing player 2 token from slot 7
[2022-12-12 21:55:30] [SEVERE ] player 2 placing token on slot 9
[2022-12-12 21:55:30] [SEVERE ] player 2 placing token on slot 6
[2022-12-12 21:55:30] [SEVERE ] player 2 placing token on slot 1
[2022-12-12 21:55:30] [SEVERE ] removing player 2 token from slot 1
[2022-12-12 21:55:31] [SEVERE ] removing player 2 token from slot 6
[2022-12-12 21:55:31] [SEVERE ] removing player 2 token from slot 9
[2022-12-12 21:55:31] [SEVERE ] player 2 placing token on slot 3
[2022-12-12 21:55:31] [SEVERE ] player 2 placing token on slot 7
[2022-12-12 21:55:31] [SEVERE ] player 2 placing token on slot 6
[2022-12-12 21:55:31] [SEVERE ] removing player 2 token from slot 3
[2022-12-12 21:55:31] [SEVERE ] removing player 2 token from slot 6
[2022-12-12 21:55:31] [SEVERE ] removing player 2 token from slot 7
[2022-12-12 21:55:31] [SEVERE ] player 2 placing token on slot 11
[2022-12-12 21:55:31] [SEVERE ] player 2 placing token on slot 3
[2022-12-12 21:55:31] [SEVERE ] player 2 placing token on slot 8
[2022-12-12 21:55:31] [SEVERE ] removing player 2 token from slot 3
[2022-12-12 21:55:31] [SEVERE ] removing player 2 token from slot 8
[2022-12-12 21:55:31] [SEVERE ] removing player 2 token from slot 11
[2022-12-12 21:55:31] [SEVERE ] player 2 placing token on slot 9
[2022-12-12 21:55:31] [SEVERE ] player 2 placing token on slot 0
[2022-12-12 21:55:31] [SEVERE ] player 2 placing token on slot 7
[2022-12-12 21:55:31] [SEVERE ] removing player 2 token from slot 0
[2022-12-12 21:55:31] [SEVERE ] removing player 2 token from slot 7
[2022-12-12 21:55:31] [SEVERE ] removing player 2 token from slot 9
[2022-12-12 21:55:31] [SEVERE ] player 2 placing token on slot 2
[2022-12-12 21:55:31] [SEVERE ] player 2 placing token on slot 8
[2022-12-12 21:55:31] [SEVERE ] player 2 placing token on slot 11
[2022-12-12 21:55:31] [SEVERE ] removing player 2 token from slot 2
[2022-12-12 21:55:31] [SEVERE ] removing player 2 token from slot 8
[2022-12-12 21:55:31] [SEVERE ] removing player 2 token from slot 11
[2022-12-12 21:55:31] [SEVERE ] player 2 placing token on slot 9
[2022-12-12 21:55:31] [SEVERE ] player 2 placing token on slot 3
[2022-12-12 21:55:31] [SEVERE ] player 2 placing token on slot 10
[2022-12-12 21:55:31] [SEVERE ] removing player 2 token from slot 3
[2022-12-12 21:55:31] [SEVERE ] removing player 2 token from slot 9
[2022-12-12 21:55:31] [SEVERE ] removing player 2 token from slot 10
[2022-12-12 21:55:31] [SEVERE ] player 2 placing token on slot 4
[2022-12-12 21:55:31] [SEVERE ] player 2 placing token on slot 10
[2022-12-12 21:55:31] [SEVERE ] player 2 placing token on slot 1
[2022-12-12 21:55:31] [SEVERE ] removing player 2 token from slot 1
[2022-12-12 21:55:31] [SEVERE ] removing player 2 token from slot 4
[2022-12-12 21:55:31] [SEVERE ] removing player 2 token from slot 10
[2022-12-12 21:55:31] [SEVERE ] player 2 placing token on slot 3
[2022-12-12 21:55:31] [SEVERE ] player 2 placing token on slot 0
[2022-12-12 21:55:31] [SEVERE ] player 2 placing token on slot 2
[2022-12-12 21:55:31] [SEVERE ] removing player 2 token from slot 0
[2022-12-12 21:55:31] [SEVERE ] removing player 2 token from slot 2
[2022-12-12 21:55:31] [SEVERE ] removing player 2 token from slot 3
[2022-12-12 21:55:31] [SEVERE ] player 2 placing token on slot 8
[2022-12-12 21:55:31] [SEVERE ] player 2 placing token on slot 4
[2022-12-12 21:55:31] [SEVERE ] player 2 placing token on slot 2
[2022-12-12 21:55:31] [SEVERE ] removing player 2 token from slot 2
[2022-12-12 21:55:31] [SEVERE ] removing player 2 token from slot 4
[2022-12-12 21:55:31] [SEVERE ] removing player 2 token from slot 8
[2022-12-12 21:55:31] [SEVERE ] player 2 placing token on slot 4
[2022-12-12 21:55:31] [SEVERE ] player 2 placing token on slot 11
[2022-12-12 21:55:31] [SEVERE ] player 2 placing token on slot 2
[2022-12-12 21:55:31] [SEVERE ] removing player 2 token from slot 2
[2022-12-12 21:55:31] [SEVERE ] removing player 2 token from slot 4
[2022-12-12 21:55:31] [SEVERE ] removing player 2 token from slot 11
[2022-12-12 21:55:31] [SEVERE ] player 2 placing token on slot 3
[2022-12-12 21:55:31] [SEVERE ] player 2 placing token on slot 10
[2022-12-12 21:55:31] [SEVERE ] player 2 placing token on slot 9
[2022-12-12 21:55:31] [SEVERE ] removing player 2 token from slot 3
[2022-12-12 21:55:31] [SEVERE ] removing player 2 token from slot 9
[2022-12-12 21:55:31] [SEVERE ] removing player 2 token from slot 10
[2022-12-12 21:55:31] [SEVERE ] player 2 placing token on slot 1
[2022-12-12 21:55:31] [SEVERE ] player 2 placing token on slot 2
[2022-12-12 21:55:31] [SEVERE ] player 2 placing token on slot 6
[2022-12-12 21:55:31] [SEVERE ] removing player 2 token from slot 1
[2022-12-12 21:55:31] [SEVERE ] removing player 2 token from slot 2
[2022-12-12 21:55:31] [SEVERE ] removing player 2 token from slot 6
[2022-12-12 21:55:31] [SEVERE ] player 2 placing token on slot 5
[2022-12-12 21:55:32] [SEVERE ] player 2 placing token on slot 6
[2022-12-12 21:55:32] [SEVERE ] player 2 placing token on slot 10
[2022-12-12 21:55:32] [SEVERE ] removing player 2 token from slot 5
[2022-12-12 21:55:32] [SEVERE ] removing player 2 token from slot 6
[2022-12-12 21:55:32] [SEVERE ] removing player 2 token from slot 10
[2022-12-12 21:55:32] [SEVERE ] player 2 placing token on slot 10
[2022-12-12 21:55:32] [SEVERE ] player 2 placing token on slot 7
[2022-12-12 21:55:32] [SEVERE ] player 2 placing token on slot 9
[2022-12-12 21:55:32] [SEVERE ] removing player 2 token from slot 7
[2022-12-12 21:55:32] [SEVERE ] removing player 2 token from slot 9
[2022-12-12 21:55:32] [SEVERE ] removing player 2 token from slot 10
[2022-12-12 21:55:32] [SEVERE ] player 2 placing token on slot 7
[2022-12-12 21:55:32] [SEVERE ] player 2 placing token on slot 9
[2022-12-12 21:55:32] [SEVERE ] player 2 placing token on slot 0
[2022-12-12 21:55:32] [SEVERE ] removing player 2 token from slot 0
[2022-12-12 21:55:32] [SEVERE ] removing player 2 token from slot 7
[2022-12-12 21:55:32] [SEVERE ] removing player 2 token from slot 9
[2022-12-12 21:55:32] [SEVERE ] player 2 placing token on slot 8
[2022-12-12 21:55:32] [SEVERE ] player 2 placing token on slot 11
[2022-12-12 21:55:32] [SEVERE ] player 2 placing token on slot 3
[2022-12-12 21:55:32] [SEVERE ] removing player 2 token from slot 3
[2022-12-12 21:55:32] [SEVERE ] removing player 2 token from slot 8
[2022-12-12 21:55:32] [SEVERE ] removing player 2 token from slot 11
[2022-12-12 21:55:32] [SEVERE ] player 2 placing token on slot 11
[2022-12-12 21:55:32] [SEVERE ] player 2 placing token on slot 4
[2022-12-12 21:55:32] [SEVERE ] player 2 placing token on slot 1
[2022-12-12 21:55:32] [SEVERE ] removing player 2 token from slot 1
[2022-12-12 21:55:32] [SEVERE ] removing player 2 token from slot 4
[2022-12-12 21:55:32] [SEVERE ] removing player 2 token from slot 11
[2022-12-12 21:55:32] [SEVERE ] player 2 placing token on slot 5
[2022-12-12 21:55:32] [SEVERE ] player 2 placing token on slot 6
[2022-12-12 21:55:32] [SEVERE ] player 2 placing token on slot 9
[2022-12-12 21:55:32] [SEVERE ] removing player 2 token from slot 5
[2022-12-12 21:55:32] [SEVERE ] removing player 2 token from slot 6
[2022-12-12 21:55:32] [SEVERE ] removing player 2 token from slot 9
[2022-12-12 21:55:32] [SEVERE ] player 2 placing token on slot 9
[2022-12-12 21:55:32] [SEVERE ] player 2 placing token on slot 8
[2022-12-12 21:55:32] [SEVERE ] player 2 placing token on slot 3
[2022-12-12 21:55:32] [SEVERE ] removing player 2 token from slot 3
[2022-12-12 21:55:32] [SEVERE ] removing player 2 token from slot 8
[2022-12-12 21:55:32] [SEVERE ] removing player 2 token from slot 9
[2022-12-12 21:55:32] [SEVERE ] player 2 placing token on slot 5
[2022-12-12 21:55:32] [SEVERE ] player 2 placing token on slot 1
[2022-12-12 21:55:32] [SEVERE ] player 2 placing token on slot 8
[2022-12-12 21:55:32] [SEVERE ] removing player 2 token from slot 1
[2022-12-12 21:55:32] [SEVERE ] removing player 2 token from slot 5
[2022-12-12 21:55:32] [SEVERE ] removing player 2 token from slot 8
[2022-12-12 21:55:32] [SEVERE ] player 2 placing token on slot 0
[2022-12-12 21:55:32] [SEVERE ] player 2 placing token on slot 9
[2022-12-12 21:55:32] [SEVERE ] player 2 placing token on slot 10
[2022-12-12 21:55:32] [SEVERE ] removing player 2 token from slot 0
[2022-12-12 21:55:32] [SEVERE ] removing player 2 token from slot 9
[2022-12-12 21:55:32] [SEVERE ] removing player 2 token from slot 10
[2022-12-12 21:55:32] [SEVERE ] player 2 placing token on slot 8
[2022-12-12 21:55:32] [SEVERE ] player 2 placing token on slot 4
[2022-12-12 21:55:32] [SEVERE ] player 2 placing token on slot 7
[2022-12-12 21:55:32] [SEVERE ] removing player 2 token from slot 4
[2022-12-12 21:55:32] [SEVERE ] removing player 2 token from slot 7
[2022-12-12 21:55:32] [SEVERE ] removing player 2 token from slot 8
[2022-12-12 21:55:32] [SEVERE ] player 2 placing token on slot 11
[2022-12-12 21:55:32] [SEVERE ] player 2 placing token on slot 4
[2022-12-12 21:55:32] [SEVERE ] player 2 placing token on slot 9
[2022-12-12 21:55:32] [SEVERE ] removing player 2 token from slot 4
[2022-12-12 21:55:32] [SEVERE ] removing player 2 token from slot 9
[2022-12-12 21:55:32] [SEVERE ] removing player 2 token from slot 11
[2022-12-12 21:55:32] [SEVERE ] player 2 placing token on slot 1
[2022-12-12 21:55:33] [SEVERE ] player 2 placing token on slot 2
[2022-12-12 21:55:33] [SEVERE ] player 2 placing token on slot 0
[2022-12-12 21:55:33] [SEVERE ] removing player 2 token from slot 0
[2022-12-12 21:55:33] [SEVERE ] removing player 2 token from slot 1
[2022-12-12 21:55:33] [SEVERE ] removing player 2 token from slot 2
[2022-12-12 21:55:33] [SEVERE ] player 2 placing token on slot 8
[2022-12-12 21:55:33] [SEVERE ] player 2 placing token on slot 5
[2022-12-12 21:55:33] [SEVERE ] player 2 placing token on slot 9
[2022-12-12 21:55:33] [SEVERE ] removing player 2 token from slot 5
[2022-12-12 21:55:33] [SEVERE ] removing player 2 token from slot 8
[2022-12-12 21:55:33] [SEVERE ] removing player 2 token from slot 9
[2022-12-12 21:55:33] [SEVERE ] player 2 placing token on slot 1
[2022-12-12 21:55:33] [SEVERE ] player 2 placing token on slot 6
[2022-12-12 21:55:33] [SEVERE ] player 2 placing token on slot 4
[2022-12-12 21:55:33] [SEVERE ] removing player 2 token from slot 1
[2022-12-12 21:55:33] [SEVERE ] removing player 2 token from slot 4
[2022-12-12 21:55:33] [SEVERE ] removing player 2 token from slot 6
[2022-12-12 21:55:33] [SEVERE ] player 2 placing token on slot 11
[2022-12-12 21:55:33] [SEVERE ] player 2 placing token on slot 8
[2022-12-12 21:55:33] [SEVERE ] player 2 placing token on slot 10
[2022-12-12 21:55:33] [SEVERE ] removing player 2 token from slot 8
[2022-12-12 21:55:33] [SEVERE ] removing player 2 token from slot 10
[2022-12-12 21:55:33] [SEVERE ] removing player 2 token from slot 11
[2022-12-12 21:55:33] [SEVERE ] player 2 placing token on slot 9
[2022-12-12 21:55:33] [SEVERE ] player 2 placing token on slot 1
[2022-12-12 21:55:33] [SEVERE ] player 2 placing token on slot 4
[2022-12-12 21:55:33] [SEVERE ] removing player 2 token from slot 1
[2022-12-12 21:55:33] [SEVERE ] removing player 2 token from slot 4
[2022-12-12 21:55:33] [SEVERE ] removing player 2 token from slot 9
[2022-12-12 21:55:33] [SEVERE ] player 2 placing token on slot 8
[2022-12-12 21:55:33] [SEVERE ] player 2 placing token on slot 6
[2022-12-12 21:55:33] [SEVERE ] player 2 placing token on slot 0
[2022-12-12 21:55:33] [SEVERE ] removing player 2 token from slot 0
[2022-12-12 21:55:33] [SEVERE ] removing player 2 token from slot 6
[2022-12-12 21:55:33] [SEVERE ] removing player 2 token from slot 8
[2022-12-12 21:55:33] [SEVERE ] player 2 placing token on slot 4
[2022-12-12 21:55:33] [SEVERE ] player 2 placing token on slot 6
[2022-12-12 21:55:33] [SEVERE ] player 2 placing token on slot 7
[2022-12-12 21:55:33] [SEVERE ] removing player 2 token from slot 4
[2022-12-12 21:55:33] [SEVERE ] removing player 2 token from slot 6
[2022-12-12 21:55:33] [SEVERE ] removing player 2 token from slot 7
[2022-12-12 21:55:33] [SEVERE ] player 2 placing token on slot 8
[2022-12-12 21:55:33] [SEVERE ] player 2 placing token on slot 2
[2022-12-12 21:55:33] [SEVERE ] player 2 placing token on slot 9
[2022-12-12 21:55:33] [SEVERE ] removing player 2 token from slot 2
[2022-12-12 21:55:33] [SEVERE ] removing player 2 token from slot 8
[2022-12-12 21:55:33] [SEVERE ] removing player 2 token from slot 9
[2022-12-12 21:55:33] [SEVERE ] player 2 placing token on slot 10
[2022-12-12 21:55:33] [SEVERE ] player 2 placing token on slot 5
[2022-12-12 21:55:33] [SEVERE ] player 2 placing token on slot 0
[2022-12-12 21:55:33] [SEVERE ] removing player 2 token from slot 0
[2022-12-12 21:55:33] [SEVERE ] removing player 2 token from slot 5
[2022-12-12 21:55:33] [SEVERE ] removing player 2 token from slot 10
[2022-12-12 21:55:33] [SEVERE ] player 2 placing token on slot 11
[2022-12-12 21:55:33] [SEVERE ] player 2 placing token on slot 4
[2022-12-12 21:55:33] [SEVERE ] player 2 placing token on slot 5
[2022-12-12 21:55:33] [SEVERE ] removing player 2 token from slot 4
[2022-12-12 21:55:33] [SEVERE ] removing player 2 token from slot 5
[2022-12-12 21:55:33] [SEVERE ] removing player 2 token from slot 11
[2022-12-12 21:55:33] [SEVERE ] player 2 placing token on slot 1
[2022-12-12 21:55:33] [SEVERE ] player 2 placing token on slot 4
[2022-12-12 21:55:33] [SEVERE ] player 2 placing token on slot 10
[2022-12-12 21:55:33] [SEVERE ] removing player 2 token from slot 1
[2022-12-12 21:55:33] [SEVERE ] removing player 2 token from slot 4
[2022-12-12 21:55:33] [SEVERE ] removing player 2 token from slot 10
[2022-12-12 21:55:33] [SEVERE ] player 2 placing token on slot 4
[2022-12-12 21:55:33] [SEVERE ] player 2 placing token on slot 6
[2022-12-12 21:55:34] [SEVERE ] player 2 placing token on slot 11
[2022-12-12 21:55:34] [SEVERE ] removing player 2 token from slot 4
[2022-12-12 21:55:34] [SEVERE ] removing player 2 token from slot 6
[2022-12-12 21:55:34] [SEVERE ] removing player 2 token from slot 11
[2022-12-12 21:55:34] [SEVERE ] player 2 placing token on slot 5
[2022-12-12 21:55:34] [SEVERE ] player 2 placing token on slot 0
[2022-12-12 21:55:34] [SEVERE ] player 2 placing token on slot 4
[2022-12-12 21:55:34] [SEVERE ] removing player 2 token from slot 0
[2022-12-12 21:55:34] [SEVERE ] removing player 2 token from slot 4
[2022-12-12 21:55:34] [SEVERE ] removing player 2 token from slot 5
[2022-12-12 21:55:34] [SEVERE ] player 2 placing token on slot 4
[2022-12-12 21:55:34] [SEVERE ] player 2 placing token on slot 10
[2022-12-12 21:55:34] [SEVERE ] player 2 placing token on slot 5
[2022-12-12 21:55:34] [SEVERE ] removing player 2 token from slot 4
[2022-12-12 21:55:34] [SEVERE ] removing player 2 token from slot 5
[2022-12-12 21:55:34] [SEVERE ] removing player 2 token from slot 10
[2022-12-12 21:55:34] [SEVERE ] player 2 placing token on slot 10
[2022-12-12 21:55:34] [SEVERE ] player 2 placing token on slot 7
[2022-12-12 21:55:34] [SEVERE ] player 2 placing token on slot 0
[2022-12-12 21:55:34] [SEVERE ] removing player 2 token from slot 0
[2022-12-12 21:55:34] [SEVERE ] removing player 2 token from slot 7
[2022-12-12 21:55:34] [SEVERE ] removing player 2 token from slot 10
[2022-12-12 21:55:34] [SEVERE ] player 2 placing token on slot 2
[2022-12-12 21:55:34] [SEVERE ] player 2 placing token on slot 7
[2022-12-12 21:55:34] [SEVERE ] player 2 placing token on slot 1
[2022-12-12 21:55:34] [SEVERE ] removing player 2 token from slot 1
[2022-12-12 21:55:34] [SEVERE ] removing player 2 token from slot 2
[2022-12-12 21:55:34] [SEVERE ] removing player 2 token from slot 7
[2022-12-12 21:55:34] [SEVERE ] player 2 placing token on slot 10
[2022-12-12 21:55:34] [SEVERE ] player 2 placing token on slot 5
[2022-12-12 21:55:34] [SEVERE ] player 2 placing token on slot 1
[2022-12-12 21:55:34] [SEVERE ] removing player 2 token from slot 1
[2022-12-12 21:55:34] [SEVERE ] removing player 2 token from slot 5
[2022-12-12 21:55:34] [SEVERE ] removing player 2 token from slot 10
[2022-12-12 21:55:34] [SEVERE ] player 2 placing token on slot 2
[2022-12-12 21:55:34] [SEVERE ] player 2 placing token on slot 10
[2022-12-12 21:55:34] [SEVERE ] player 2 placing token on slot 1
[2022-12-12 21:55:34] [SEVERE ] removing player 2 token from slot 1
[2022-12-12 21:55:34] [SEVERE ] removing player 2 token from slot 2
[2022-12-12 21:55:34] [SEVERE ] removing player 2 token from slot 10
[2022-12-12 21:55:34] [SEVERE ] player 2 placing token on slot 5
[2022-12-12 21:55:34] [SEVERE ] player 2 placing token on slot 10
[2022-12-12 21:55:34] [SEVERE ] player 2 placing token on slot 1
[2022-12-12 21:55:34] [SEVERE ] removing player 2 token from slot 1
[2022-12-12 21:55:34] [SEVERE ] removing player 2 token from slot 5
[2022-12-12 21:55:34] [SEVERE ] removing player 2 token from slot 10
[2022-12-12 21:55:34] [SEVERE ] player 2 placing token on slot 2
[2022-12-12 21:55:34] [SEVERE ] player 2 placing token on slot 11
[2022-12-12 21:55:34] [SEVERE ] player 2 placing token on slot 7
[2022-12-12 21:55:34] [SEVERE ] removing player 2 token from slot 2
[2022-12-12 21:55:34] [SEVERE ] removing player 2 token from slot 7
[2022-12-12 21:55:34] [SEVERE ] removing player 2 token from slot 11
[2022-12-12 21:55:34] [SEVERE ] player 2 placing token on slot 2
[2022-12-12 21:55:34] [SEVERE ] player 2 placing token on slot 8
[2022-12-12 21:55:34] [SEVERE ] player 2 placing token on slot 0
[2022-12-12 21:55:34] [SEVERE ] removing player 2 token from slot 0
[2022-12-12 21:55:34] [SEVERE ] removing player 2 token from slot 2
[2022-12-12 21:55:34] [SEVERE ] removing player 2 token from slot 8
[2022-12-12 21:55:34] [SEVERE ] player 2 placing token on slot 4
[2022-12-12 21:55:34] [SEVERE ] player 2 placing token on slot 10
[2022-12-12 21:55:34] [SEVERE ] player 2 placing token on slot 2
[2022-12-12 21:55:34] [SEVERE ] removing player 2 token from slot 2
[2022-12-12 21:55:34] [SEVERE ] removing player 2 token from slot 4
[2022-12-12 21:55:34] [SEVERE ] removing player 2 token from slot 10
[2022-12-12 21:55:34] [SEVERE ] player 2 placing token on slot 3
[2022-12-12 21:55:34] [SEVERE ] player 2 placing token on slot 8
[2022-12-12 21:55:34] [SEVERE ] player 2 placing token on slot 9
[2022-12-12 21:55:34] [SEVERE ] removing player 2 token from slot 3
[2022-12-12 21:55:34] [SEVERE ] removing player 2 token from slot 8
[2022-12-12 21:55:34] [SEVERE ] removing player 2 token from slot 9
[2022-12-12 21:55:34] [SEVERE ] player 2 placing token on slot 0
[2022-12-12 21:55:34] [SEVERE ] player 2 placing token on slot 5
[2022-12-12 21:55:35] [SEVERE ] player 2 placing token on slot 7
[2022-12-12 21:55:35] [SEVERE ] removing player 2 token from slot 0
[2022-12-12 21:55:35] [SEVERE ] removing player 2 token from slot 5
[2022-12-12 21:55:35] [SEVERE ] removing player 2 token from slot 7
[2022-12-12 21:55:35] [SEVERE ] player 2 placing token on slot 11
[2022-12-12 21:55:35] [SEVERE ] player 2 placing token on slot 2
[2022-12-12 21:55:35] [SEVERE ] player 2 placing token on slot 0
[2022-12-12 21:55:35] [SEVERE ] removing player 2 token from slot 0
[2022-12-12 21:55:35] [SEVERE ] removing player 2 token from slot 2
[2022-12-12 21:55:35] [SEVERE ] removing player 2 token from slot 11
[2022-12-12 21:55:35] [SEVERE ] player 2 placing token on slot 5
[2022-12-12 21:55:35] [SEVERE ] player 2 placing token on slot 10
[2022-12-12 21:55:35] [SEVERE ] player 2 placing token on slot 6
[2022-12-12 21:55:35] [SEVERE ] removing player 2 token from slot 5
[2022-12-12 21:55:35] [SEVERE ] removing player 2 token from slot 6
[2022-12-12 21:55:35] [SEVERE ] removing player 2 token from slot 10
[2022-12-12 21:55:35] [SEVERE ] player 2 placing token on slot 11
[2022-12-12 21:55:35] [SEVERE ] player 2 placing token on slot 9
[2022-12-12 21:55:35] [SEVERE ] player 2 placing token on slot 5
[2022-12-12 21:55:35] [SEVERE ] removing player 2 token from slot 5
[2022-12-12 21:55:35] [SEVERE ] removing player 2 token from slot 9
[2022-12-12 21:55:35] [SEVERE ] removing player 2 token from slot 11
[2022-12-12 21:55:35] [SEVERE ] player 2 placing token on slot 8
[2022-12-12 21:55:35] [SEVERE ] player 2 placing token on slot 9
[2022-12-12 21:55:35] [SEVERE ] player 2 placing token on slot 7
[2022-12-12 21:55:35] [SEVERE ] removing player 2 token from slot 7
[2022-12-12 21:55:35] [SEVERE ] removing player 2 token from slot 8
[2022-12-12 21:55:35] [SEVERE ] removing player 2 token from slot 9
[2022-12-12 21:55:35] [SEVERE ] player 2 placing token on slot 1
[2022-12-12 21:55:35] [SEVERE ] player 2 placing token on slot 4
[2022-12-12 21:55:35] [SEVERE ] player 2 placing token on slot 11
[2022-12-12 21:55:35] [SEVERE ] removing player 2 token from slot 1
[2022-12-12 21:55:35] [SEVERE ] removing player 2 token from slot 4
[2022-12-12 21:55:35] [SEVERE ] removing player 2 token from slot 11
[2022-12-12 21:55:35] [SEVERE ] player 2 placing token on slot 9
[2022-12-12 21:55:35] [SEVERE ] player 2 placing token on slot 2
[2022-12-12 21:55:35] [SEVERE ] player 2 placing token on slot 1
[2022-12-12 21:55:35] [SEVERE ] removing player 2 token from slot 1
[2022-12-12 21:55:35] [SEVERE ] removing player 2 token from slot 2
[2022-12-12 21:55:35] [SEVERE ] removing player 2 token from slot 9
[2022-12-12 21:55:35] [SEVERE ] player 2 placing token on slot 1
[2022-12-12 21:55:35] [SEVERE ] player 2 placing token on slot 9
[2022-12-12 21:55:35] [SEVERE ] player 2 placing token on slot 10
[2022-12-12 21:55:35] [SEVERE ] removing player 2 token from slot 1
[2022-12-12 21:55:35] [SEVERE ] removing player 2 token from slot 9
[2022-12-12 21:55:35] [SEVERE ] removing player 2 token from slot 10
[2022-12-12 21:55:35] [SEVERE ] player 2 placing token on slot 11
[2022-12-12 21:55:35] [SEVERE ] player 2 placing token on slot 2
[2022-12-12 21:55:35] [SEVERE ] player 2 placing token on slot 9
[2022-12-12 21:55:35] [SEVERE ] removing player 2 token from slot 2
[2022-12-12 21:55:35] [SEVERE ] removing player 2 token from slot 9
[2022-12-12 21:55:35] [SEVERE ] removing player 2 token from slot 11
[2022-12-12 21:55:35] [SEVERE ] player 2 placing token on slot 6
[2022-12-12 21:55:35] [SEVERE ] player 2 placing token on slot 9
[2022-12-12 21:55:35] [SEVERE ] player 2 placing token on slot 11
[2022-12-12 21:55:35] [SEVERE ] removing player 2 token from slot 6
[2022-12-12 21:55:35] [SEVERE ] removing player 2 token from slot 9
[2022-12-12 21:55:35] [SEVERE ] removing player 2 token from slot 11
[2022-12-12 21:55:35] [SEVERE ] player 2 placing token on slot 0
[2022-12-12 21:55:35] [SEVERE ] player 2 placing token on slot 7
[2022-12-12 21:55:35] [SEVERE ] player 2 placing token on slot 1
[2022-12-12 21:55:35] [SEVERE ] removing player 2 token from slot 0
[2022-12-12 21:55:35] [SEVERE ] removing player 2 token from slot 1
[2022-12-12 21:55:35] [SEVERE ] removing player 2 token from slot 7
[2022-12-12 21:55:35] [SEVERE ] player 2 placing token on slot 1
[2022-12-12 21:55:36] [SEVERE ] player 2 placing token on slot 10
[2022-12-12 21:55:36] [SEVERE ] player 2 placing token on slot 2
[2022-12-12 21:55:36] [SEVERE ] removing player 2 token from slot 1
[2022-12-12 21:55:36] [SEVERE ] removing player 2 token from slot 2
[2022-12-12 21:55:36] [SEVERE ] removing player 2 token from slot 10
[2022-12-12 21:55:36] [SEVERE ] player 2 placing token on slot 5
[2022-12-12 21:55:36] [SEVERE ] player 2 placing token on slot 9
[2022-12-12 21:55:36] [SEVERE ] player 2 placing token on slot 3
[2022-12-12 21:55:36] [SEVERE ] removing player 2 token from slot 3
[2022-12-12 21:55:36] [SEVERE ] removing player 2 token from slot 5
[2022-12-12 21:55:36] [SEVERE ] removing player 2 token from slot 9
[2022-12-12 21:55:36] [SEVERE ] player 2 placing token on slot 2
[2022-12-12 21:55:36] [SEVERE ] player 2 placing token on slot 0
[2022-12-12 21:55:36] [SEVERE ] player 2 placing token on slot 3
[2022-12-12 21:55:36] [SEVERE ] removing player 2 token from slot 0
[2022-12-12 21:55:36] [SEVERE ] removing player 2 token from slot 2
[2022-12-12 21:55:36] [SEVERE ] removing player 2 token from slot 3
[2022-12-12 21:55:36] [SEVERE ] player 2 placing token on slot 6
[2022-12-12 21:55:36] [SEVERE ] player 2 placing token on slot 4
[2022-12-12 21:55:36] [SEVERE ] player 2 placing token on slot 3
[2022-12-12 21:55:36] [SEVERE ] removing player 2 token from slot 3
[2022-12-12 21:55:36] [SEVERE ] removing player 2 token from slot 4
[2022-12-12 21:55:36] [SEVERE ] removing player 2 token from slot 6
[2022-12-12 21:55:36] [SEVERE ] player 2 placing token on slot 4
[2022-12-12 21:55:36] [SEVERE ] player 2 placing token on slot 2
[2022-12-12 21:55:36] [SEVERE ] player 2 placing token on slot 6
[2022-12-12 21:55:36] [SEVERE ] removing player 2 token from slot 2
[2022-12-12 21:55:36] [SEVERE ] removing player 2 token from slot 4
[2022-12-12 21:55:36] [SEVERE ] removing player 2 token from slot 6
[2022-12-12 21:55:36] [SEVERE ] player 2 placing token on slot 9
[2022-12-12 21:55:36] [SEVERE ] player 2 placing token on slot 8
[2022-12-12 21:55:36] [SEVERE ] player 2 placing token on slot 1
[2022-12-12 21:55:36] [SEVERE ] removing player 2 token from slot 1
[2022-12-12 21:55:36] [SEVERE ] removing player 2 token from slot 8
[2022-12-12 21:55:36] [SEVERE ] removing player 2 token from slot 9
[2022-12-12 21:55:36] [SEVERE ] player 2 placing token on slot 5
[2022-12-12 21:55:36] [SEVERE ] player 2 placing token on slot 6
[2022-12-12 21:55:36] [SEVERE ] player 2 placing token on slot 7
[2022-12-12 21:55:36] [SEVERE ] removing player 2 token from slot 5
[2022-12-12 21:55:36] [SEVERE ] removing player 2 token from slot 6
[2022-12-12 21:55:36] [SEVERE ] removing player 2 token from slot 7
[2022-12-12 21:55:36] [SEVERE ] player 2 placing token on slot 0
[2022-12-12 21:55:36] [SEVERE ] player 2 placing token on slot 1
[2022-12-12 21:55:36] [SEVERE ] player 2 placing token on slot 7
[2022-12-12 21:55:36] [SEVERE ] removing player 2 token from slot 0
[2022-12-12 21:55:36] [SEVERE ] removing player 2 token from slot 1
[2022-12-12 21:55:36] [SEVERE ] removing player 2 token from slot 7
[2022-12-12 21:55:36] [SEVERE ] player 2 placing token on slot 5
[2022-12-12 21:55:36] [SEVERE ] player 2 placing token on slot 8
[2022-12-12 21:55:36] [SEVERE ] player 2 placing token on slot 6
[2022-12-12 21:55:36] [SEVERE ] removing player 2 token from slot 5
[2022-12-12 21:55:36] [SEVERE ] removing player 2 token from slot 6
[2022-12-12 21:55:36] [SEVERE ] removing player 2 token from slot 8
[2022-12-12 21:55:36] [SEVERE ] player 2 placing token on slot 0
[2022-12-12 21:55:36] [SEVERE ] player 2 placing token on slot 3
[2022-12-12 21:55:36] [SEVERE ] player 2 placing token on slot 6
[2022-12-12 21:55:36] [SEVERE ] removing player 2 token from slot 0
[2022-12-12 21:55:36] [SEVERE ] removing player 2 token from slot 3
[2022-12-12 21:55:36] [SEVERE ] removing player 2 token from slot 6
[2022-12-12 21:55:36] [SEVERE ] player 2 placing token on slot 0
[2022-12-12 21:55:36] [SEVERE ] player 2 placing token on slot 5
[2022-12-12 21:55:36] [SEVERE ] player 2 placing token on slot 11
[2022-12-12 21:55:36] [SEVERE ] removing player 2 token from slot 0
[2022-12-12 21:55:36] [SEVERE ] removing player 2 token from slot 5
[2022-12-12 21:55:36] [SEVERE ] removing player 2 token from slot 11
[2022-12-12 21:55:37] [SEVERE ] player 2 placing token on slot 6
[2022-12-12 21:55:37] [SEVERE ] player 2 placing token on slot 8
[2022-12-12 21:55:37] [SEVERE ] player 2 placing token on slot 11
[2022-12-12 21:55:37] [SEVERE ] removing player 2 token from slot 6
[2022-12-12 21:55:37] [SEVERE ] removing player 2 token from slot 8
[2022-12-12 21:55:37] [SEVERE ] removing player 2 token from slot 11
[2022-12-12 21:55:37] [SEVERE ] player 2 placing token on slot 10
[2022-12-12 21:55:37] [SEVERE ] player 2 placing token on slot 1
[2022-12-12 21:55:37] [SEVERE ] player 2 placing token on slot 6
[2022-12-12 21:55:37] [SEVERE ] removing player 2 token from slot 1
[2022-12-12 21:55:37] [SEVERE ] removing player 2 token from slot 6
[2022-12-12 21:55:37] [SEVERE ] removing player 2 token from slot 10
[2022-12-12 21:55:37] [SEVERE ] player 2 placing token on slot 1
[2022-12-12 21:55:37] [SEVERE ] player 2 placing token on slot 9
[2022-12-12 21:55:37] [SEVERE ] player 2 placing token on slot 3
[2022-12-12 21:55:37] [SEVERE ] removing player 2 token from slot 1
[2022-12-12 21:55:37] [SEVERE ] removing player 2 token from slot 3
[2022-12-12 21:55:37] [SEVERE ] removing player 2 token from slot 9
[2022-12-12 21:55:37] [SEVERE ] player 2 placing token on slot 3
[2022-12-12 21:55:37] [SEVERE ] player 2 placing token on slot 0
[2022-12-12 21:55:37] [SEVERE ] player 2 placing token on slot 7
[2022-12-12 21:55:37] [SEVERE ] removing player 2 token from slot 0
[2022-12-12 21:55:37] [SEVERE ] removing player 2 token from slot 3
[2022-12-12 21:55:37] [SEVERE ] removing player 2 token from slot 7
[2022-12-12 21:55:37] [SEVERE ] player 2 placing token on slot 5
[2022-12-12 21:55:37] [SEVERE ] player 2 placing token on slot 4
[2022-12-12 21:55:37] [SEVERE ] player 2 placing token on slot 6
[2022-12-12 21:55:37] [SEVERE ] removing player 2 token from slot 4
[2022-12-12 21:55:37] [SEVERE ] removing player 2 token from slot 5
[2022-12-12 21:55:37] [SEVERE ] removing player 2 token from slot 6
[2022-12-12 21:55:37] [SEVERE ] player 2 placing token on slot 8
[2022-12-12 21:55:37] [SEVERE ] player 2 placing token on slot 10
[2022-12-12 21:55:37] [SEVERE ] player 2 placing token on slot 7
[2022-12-12 21:55:37] [SEVERE ] removing player 2 token from slot 7
[2022-12-12 21:55:37] [SEVERE ] removing player 2 token from slot 8
[2022-12-12 21:55:37] [SEVERE ] removing player 2 token from slot 10
[2022-12-12 21:55:37] [SEVERE ] player 2 placing token on slot 7
[2022-12-12 21:55:37] [SEVERE ] player 2 placing token on slot 8
[2022-12-12 21:55:37] [SEVERE ] player 2 placing token on slot 9
[2022-12-12 21:55:37] [SEVERE ] removing player 2 token from slot 7
[2022-12-12 21:55:37] [SEVERE ] removing player 2 token from slot 8
[2022-12-12 21:55:37] [SEVERE ] removing player 2 token from slot 9
[2022-12-12 21:55:37] [SEVERE ] player 2 placing token on slot 8
[2022-12-12 21:55:37] [SEVERE ] player 2 placing token on slot 3
[2022-12-12 21:55:37] [SEVERE ] player 2 placing token on slot 11
[2022-12-12 21:55:37] [SEVERE ] removing player 2 token from slot 3
[2022-12-12 21:55:37] [SEVERE ] removing player 2 token from slot 8
[2022-12-12 21:55:37] [SEVERE ] removing player 2 token from slot 11
[2022-12-12 21:55:37] [SEVERE ] player 2 placing token on slot 7
[2022-12-12 21:55:37] [SEVERE ] player 2 placing token on slot 6
[2022-12-12 21:55:37] [SEVERE ] player 2 placing token on slot 5
[2022-12-12 21:55:37] [SEVERE ] removing player 2 token from slot 5
[2022-12-12 21:55:37] [SEVERE ] removing player 2 token from slot 6
[2022-12-12 21:55:37] [SEVERE ] removing player 2 token from slot 7
[2022-12-12 21:55:37] [SEVERE ] player 2 placing token on slot 9
[2022-12-12 21:55:37] [SEVERE ] player 2 placing token on slot 2
[2022-12-12 21:55:37] [SEVERE ] player 2 placing token on slot 1
[2022-12-12 21:55:37] [SEVERE ] removing player 2 token from slot 1
[2022-12-12 21:55:37] [SEVERE ] removing player 2 token from slot 2
[2022-12-12 21:55:37] [SEVERE ] removing player 2 token from slot 9
[2022-12-12 21:55:37] [SEVERE ] player 2 placing token on slot 8
[2022-12-12 21:55:37] [SEVERE ] player 2 placing token on slot 10
[2022-12-12 21:55:37] [SEVERE ] player 2 placing token on slot 9
[2022-12-12 21:55:37] [SEVERE ] removing player 2 token from slot 8
[2022-12-12 21:55:37] [SEVERE ] removing player 2 token from slot 9
[2022-12-12 21:55:37] [SEVERE ] removing player 2 token from slot 10
[2022-12-12 21:55:38] [SEVERE ] player 2 placing token on slot 0
[2022-12-12 21:55:38] [SEVERE ] player 2 placing token on slot 2
[2022-12-12 21:55:38] [SEVERE ] player 2 placing token on slot 7
[2022-12-12 21:55:38] [SEVERE ] removing player 2 token from slot 0
[2022-12-12 21:55:38] [SEVERE ] removing player 2 token from slot 2
[2022-12-12 21:55:38] [SEVERE ] removing player 2 token from slot 7
[2022-12-12 21:55:38] [SEVERE ] player 2 placing token on slot 4
[2022-12-12 21:55:38] [SEVERE ] player 2 placing token on slot 10
[2022-12-12 21:55:38] [SEVERE ] player 2 placing token on slot 8
[2022-12-12 21:55:38] [SEVERE ] removing player 2 token from slot 4
[2022-12-12 21:55:38] [SEVERE ] removing player 2 token from slot 8
[2022-12-12 21:55:38] [SEVERE ] removing player 2 token from slot 10
[2022-12-12 21:55:38] [SEVERE ] player 2 placing token on slot 0
[2022-12-12 21:55:38] [SEVERE ] player 2 placing token on slot 6
[2022-12-12 21:55:38] [SEVERE ] player 2 placing token on slot 10
[2022-12-12 21:55:38] [SEVERE ] removing player 2 token from slot 0
[2022-12-12 21:55:38] [SEVERE ] removing player 2 token from slot 6
[2022-12-12 21:55:38] [SEVERE ] removing player 2 token from slot 10
[2022-12-12 21:55:38] [SEVERE ] player 2 placing token on slot 2
[2022-12-12 21:55:38] [SEVERE ] player 2 placing token on slot 7
[2022-12-12 21:55:38] [SEVERE ] player 2 placing token on slot 10
[2022-12-12 21:55:38] [SEVERE ] removing player 2 token from slot 2
[2022-12-12 21:55:38] [SEVERE ] removing player 2 token from slot 7
[2022-12-12 21:55:38] [SEVERE ] removing player 2 token from slot 10
[2022-12-12 21:55:38] [SEVERE ] player 2 placing token on slot 2
[2022-12-12 21:55:38] [SEVERE ] player 2 placing token on slot 1
[2022-12-12 21:55:38] [SEVERE ] player 2 placing token on slot 10
[2022-12-12 21:55:38] [SEVERE ] removing player 2 token from slot 1
[2022-12-12 21:55:38] [SEVERE ] removing player 2 token from slot 2
[2022-12-12 21:55:38] [SEVERE ] removing player 2 token from slot 10
[2022-12-12 21:55:38] [SEVERE ] player 2 placing token on slot 8
[2022-12-12 21:55:38] [SEVERE ] player 2 placing token on slot 4
[2022-12-12 21:55:38] [SEVERE ] player 2 placing token on slot 5
[2022-12-12 21:55:38] [SEVERE ] removing player 2 token from slot 4
[2022-12-12 21:55:38] [SEVERE ] removing player 2 token from slot 5
[2022-12-12 21:55:38] [SEVERE ] removing player 2 token from slot 8
[2022-12-12 21:55:38] [SEVERE ] player 2 placing token on slot 4
[2022-12-12 21:55:38] [SEVERE ] player 2 placing token on slot 3
[2022-12-12 21:55:38] [SEVERE ] player 2 placing token on slot 11
[2022-12-12 21:55:38] [SEVERE ] removing player 2 token from slot 3
[2022-12-12 21:55:38] [SEVERE ] removing player 2 token from slot 4
[2022-12-12 21:55:38] [SEVERE ] removing player 2 token from slot 11
[2022-12-12 21:55:38] [SEVERE ] player 2 placing token on slot 10
[2022-12-12 21:55:38] [SEVERE ] player 2 placing token on slot 0
[2022-12-12 21:55:38] [SEVERE ] player 2 placing token on slot 7
[2022-12-12 21:55:38] [SEVERE ] removing player 2 token from slot 0
[2022-12-12 21:55:38] [SEVERE ] removing player 2 token from slot 7
[2022-12-12 21:55:38] [SEVERE ] removing player 2 token from slot 10
[2022-12-12 21:55:38] [SEVERE ] player 2 placing token on slot 2
[2022-12-12 21:55:38] [SEVERE ] player 2 placing token on slot 11
[2022-12-12 21:55:38] [SEVERE ] player 2 placing token on slot 4
[2022-12-12 21:55:38] [SEVERE ] removing player 2 token from slot 2
[2022-12-12 21:55:38] [SEVERE ] removing player 2 token from slot 4
[2022-12-12 21:55:38] [SEVERE ] removing player 2 token from slot 11
[2022-12-12 21:55:38] [SEVERE ] player 2 placing token on slot 11
[2022-12-12 21:55:38] [SEVERE ] player 2 placing token on slot 5
[2022-12-12 21:55:38] [SEVERE ] player 2 placing token on slot 0
[2022-12-12 21:55:38] [SEVERE ] removing player 2 token from slot 0
[2022-12-12 21:55:38] [SEVERE ] removing player 2 token from slot 5
[2022-12-12 21:55:38] [SEVERE ] removing player 2 token from slot 11
[2022-12-12 21:55:38] [SEVERE ] player 2 placing token on slot 6
[2022-12-12 21:55:38] [SEVERE ] player 2 placing token on slot 3
[2022-12-12 21:55:38] [SEVERE ] player 2 placing token on slot 2
[2022-12-12 21:55:38] [SEVERE ] removing player 2 token from slot 2
[2022-12-12 21:55:38] [SEVERE ] removing player 2 token from slot 3
[2022-12-12 21:55:38] [SEVERE ] removing player 2 token from slot 6
[2022-12-12 21:55:39] [SEVERE ] player 2 placing token on slot 7
[2022-12-12 21:55:39] [SEVERE ] player 2 placing token on slot 1
[2022-12-12 21:55:39] [SEVERE ] player 2 placing token on slot 10
[2022-12-12 21:55:39] [SEVERE ] removing player 2 token from slot 1
[2022-12-12 21:55:39] [SEVERE ] removing player 2 token from slot 7
[2022-12-12 21:55:39] [SEVERE ] removing player 2 token from slot 10
[2022-12-12 21:55:39] [SEVERE ] player 2 placing token on slot 0
[2022-12-12 21:55:39] [SEVERE ] player 2 placing token on slot 2
[2022-12-12 21:55:39] [SEVERE ] player 2 placing token on slot 7
[2022-12-12 21:55:39] [SEVERE ] removing player 2 token from slot 0
[2022-12-12 21:55:39] [SEVERE ] removing player 2 token from slot 2
[2022-12-12 21:55:39] [SEVERE ] removing player 2 token from slot 7
[2022-12-12 21:55:39] [SEVERE ] player 2 placing token on slot 9
[2022-12-12 21:55:39] [SEVERE ] player 2 placing token on slot 10
[2022-12-12 21:55:39] [SEVERE ] player 2 placing token on slot 6
[2022-12-12 21:55:39] [SEVERE ] removing player 2 token from slot 6
[2022-12-12 21:55:39] [SEVERE ] removing player 2 token from slot 9
[2022-12-12 21:55:39] [SEVERE ] removing player 2 token from slot 10
[2022-12-12 21:55:39] [SEVERE ] player 2 placing token on slot 3
[2022-12-12 21:55:39] [SEVERE ] player 2 placing token on slot 2
[2022-12-12 21:55:39] [SEVERE ] player 2 placing token on slot 6
[2022-12-12 21:55:39] [SEVERE ] removing player 2 token from slot 2
[2022-12-12 21:55:39] [SEVERE ] removing player 2 token from slot 3
[2022-12-12 21:55:39] [SEVERE ] removing player 2 token from slot 6
[2022-12-12 21:55:39] [SEVERE ] player 2 placing token on slot 10
[2022-12-12 21:55:39] [SEVERE ] player 2 placing token on slot 1
[2022-12-12 21:55:39] [SEVERE ] player 2 placing token on slot 0
[2022-12-12 21:55:39] [SEVERE ] removing player 2 token from slot 0
[2022-12-12 21:55:39] [SEVERE ] removing player 2 token from slot 1
[2022-12-12 21:55:39] [SEVERE ] removing player 2 token from slot 10
[2022-12-12 21:55:39] [SEVERE ] player 2 placing token on slot 0
[2022-12-12 21:55:39] [SEVERE ] player 2 placing token on slot 7
[2022-12-12 21:55:39] [SEVERE ] player 2 placing token on slot 6
[2022-12-12 21:55:39] [SEVERE ] removing player 2 token from slot 0
[2022-12-12 21:55:39] [SEVERE ] removing player 2 token from slot 6
[2022-12-12 21:55:39] [SEVERE ] removing player 2 token from slot 7
[2022-12-12 21:55:39] [SEVERE ] player 2 placing token on slot 8
[2022-12-12 21:55:39] [SEVERE ] player 2 placing token on slot 9
[2022-12-12 21:55:39] [SEVERE ] player 2 placing token on slot 10
[2022-12-12 21:55:39] [SEVERE ] removing player 2 token from slot 8
[2022-12-12 21:55:39] [SEVERE ] removing player 2 token from slot 9
[2022-12-12 21:55:39] [SEVERE ] removing player 2 token from slot 10
[2022-12-12 21:55:39] [SEVERE ] player 2 placing token on slot 6
[2022-12-12 21:55:39] [SEVERE ] player 2 placing token on slot 5
[2022-12-12 21:55:39] [SEVERE ] player 2 placing token on slot 10
[2022-12-12 21:55:39] [SEVERE ] removing player 2 token from slot 5
[2022-12-12 21:55:39] [SEVERE ] removing player 2 token from slot 6
[2022-12-12 21:55:39] [SEVERE ] removing player 2 token from slot 10
[2022-12-12 21:55:39] [SEVERE ] player 2 placing token on slot 3
[2022-12-12 21:55:39] [SEVERE ] player 2 placing token on slot 2
[2022-12-12 21:55:39] [SEVERE ] player 2 placing token on slot 6
[2022-12-12 21:55:39] [SEVERE ] removing player 2 token from slot 2
[2022-12-12 21:55:39] [SEVERE ] removing player 2 token from slot 3
[2022-12-12 21:55:39] [SEVERE ] removing player 2 token from slot 6
[2022-12-12 21:55:39] [SEVERE ] player 2 placing token on slot 8
[2022-12-12 21:55:39] [SEVERE ] player 2 placing token on slot 0
[2022-12-12 21:55:39] [SEVERE ] player 2 placing token on slot 1
[2022-12-12 21:55:39] [SEVERE ] removing player 2 token from slot 0
[2022-12-12 21:55:39] [SEVERE ] removing player 2 token from slot 1
[2022-12-12 21:55:39] [SEVERE ] removing player 2 token from slot 8
[2022-12-12 21:55:39] [SEVERE ] player 2 placing token on slot 4
[2022-12-12 21:55:39] [SEVERE ] player 2 placing token on slot 5
[2022-12-12 21:55:39] [SEVERE ] player 2 placing token on slot 6
[2022-12-12 21:55:39] [SEVERE ] removing player 2 token from slot 4
[2022-12-12 21:55:39] [SEVERE ] removing player 2 token from slot 5
[2022-12-12 21:55:39] [SEVERE ] removing player 2 token from slot 6
[2022-12-12 21:55:40] [SEVERE ] player 2 placing token on slot 8
[2022-12-12 21:55:40] [SEVERE ] player 2 placing token on slot 1
[2022-12-12 21:55:40] [SEVERE ] player 2 placing token on slot 7
[2022-12-12 21:55:40] [INFO   ] Thread main terminated.
