[2022-12-12 18:58:35] [INFO   ] cannot read configuration file config.properties trying from resources.
[2022-12-12 18:58:35] [INFO   ] configuration file was loaded from resources directory.
[2022-12-12 18:58:36] [INFO   ] Thread dealer starting.
[2022-12-12 18:58:36] [INFO   ] Thread Thread-0starting.
[2022-12-12 18:58:36] [INFO   ] Thread Thread-1starting.
[2022-12-12 18:58:36] [SEVERE ] placing card 45 in slot 0
[2022-12-12 18:58:36] [SEVERE ] placing card 47 in slot 1
[2022-12-12 18:58:36] [SEVERE ] placing card 3 in slot 2
[2022-12-12 18:58:36] [SEVERE ] placing card 27 in slot 3
[2022-12-12 18:58:36] [SEVERE ] placing card 49 in slot 4
[2022-12-12 18:58:36] [SEVERE ] placing card 1 in slot 5
[2022-12-12 18:58:36] [SEVERE ] placing card 72 in slot 6
[2022-12-12 18:58:36] [SEVERE ] placing card 26 in slot 7
[2022-12-12 18:58:37] [SEVERE ] placing card 70 in slot 8
[2022-12-12 18:58:37] [SEVERE ] placing card 79 in slot 9
[2022-12-12 18:58:37] [SEVERE ] placing card 74 in slot 10
[2022-12-12 18:58:37] [SEVERE ] placing card 30 in slot 11
[2022-12-12 18:58:48] [SEVERE ] Key 87 was pressed by player 0
[2022-12-12 18:58:48] [SEVERE ] player 0 placing token on slot 1
[2022-12-12 18:58:48] [SEVERE ] Key 69 was pressed by player 0
[2022-12-12 18:58:48] [SEVERE ] player 0 placing token on slot 2
[2022-12-12 18:58:49] [SEVERE ] Key 90 was pressed by player 0
[2022-12-12 18:58:49] [SEVERE ] player 0 placing token on slot 8
[2022-12-12 18:58:50] [SEVERE ] removing tokens from slot 1
[2022-12-12 18:58:50] [SEVERE ] removing card from slot 1
[2022-12-12 18:58:50] [SEVERE ] removing tokens from slot 2
[2022-12-12 18:58:50] [SEVERE ] removing card from slot 2
[2022-12-12 18:58:50] [SEVERE ] removing tokens from slot 8
[2022-12-12 18:58:50] [SEVERE ] removing card from slot 8
[2022-12-12 18:58:50] [SEVERE ] setting player 0 score to 1
[2022-12-12 18:58:50] [SEVERE ] placing card 16 in slot 1
[2022-12-12 18:58:50] [SEVERE ] placing card 41 in slot 2
[2022-12-12 18:58:50] [SEVERE ] placing card 76 in slot 8
