[2022-12-10 12:19:48] [INFO   ] cannot read configuration file config.properties trying from resources.
[2022-12-10 12:19:48] [INFO   ] configuration file was loaded from resources directory.
[2022-12-10 12:19:48] [INFO   ] Thread Thread-0starting.
[2022-12-10 12:19:48] [INFO   ] Thread Thread-3starting.
[2022-12-10 12:19:48] [INFO   ] Thread Thread-2starting.
[2022-12-10 12:19:48] [INFO   ] Thread dealer starting.
[2022-12-10 12:19:48] [INFO   ] Thread Thread-1starting.
[2022-12-10 12:19:48] [INFO   ] Thread computer-2 starting.
[2022-12-10 12:19:48] [INFO   ] Thread computer-3 starting.
[2022-12-10 12:19:48] [SEVERE ] player 3 placing token on slot 10
[2022-12-10 12:19:48] [SEVERE ] player 2 placing token on slot 10
[2022-12-10 12:19:49] [SEVERE ] placing card 52 in slot 0
[2022-12-10 12:19:49] [SEVERE ] placing card 16 in slot 1
[2022-12-10 12:19:49] [SEVERE ] placing card 56 in slot 2
[2022-12-10 12:19:49] [SEVERE ] placing card 38 in slot 3
[2022-12-10 12:19:49] [SEVERE ] placing card 72 in slot 4
[2022-12-10 12:19:49] [SEVERE ] placing card 58 in slot 5
[2022-12-10 12:19:49] [SEVERE ] placing card 74 in slot 6
[2022-12-10 12:19:49] [SEVERE ] placing card 24 in slot 7
[2022-12-10 12:19:49] [SEVERE ] placing card 28 in slot 8
[2022-12-10 12:19:50] [SEVERE ] placing card 61 in slot 9
[2022-12-10 12:19:50] [SEVERE ] placing card 44 in slot 10
[2022-12-10 12:19:50] [SEVERE ] placing card 8 in slot 11
[2022-12-10 12:19:55] [SEVERE ] Key 69 was pressed by player 0
[2022-12-10 12:19:55] [SEVERE ] player 0 placing token on slot 2
[2022-12-10 12:19:56] [SEVERE ] Key 79 was pressed by player 1
[2022-12-10 12:19:56] [SEVERE ] player 1 placing token on slot 2
[2022-12-10 12:20:04] [SEVERE ] Key 80 was pressed by player 1
[2022-12-10 12:20:04] [SEVERE ] player 1 placing token on slot 3
[2022-12-10 12:20:04] [SEVERE ] Key 85 was pressed by player 1
[2022-12-10 12:20:04] [SEVERE ] player 1 placing token on slot 0
[2022-12-10 12:20:04] [SEVERE ] removing player 1 token from slot 0
[2022-12-10 12:20:04] [SEVERE ] removing player 1 token from slot 2
[2022-12-10 12:20:04] [SEVERE ] removing player 1 token from slot 3
