[2022-12-13 00:36:51] [INFO   ] cannot read configuration file config.properties trying from resources.
[2022-12-13 00:36:51] [INFO   ] configuration file was loaded from resources directory.
[2022-12-13 00:36:52] [INFO   ] Thread Thread-1starting.
[2022-12-13 00:36:52] [INFO   ] Thread Thread-2starting.
[2022-12-13 00:36:52] [INFO   ] Thread Thread-3starting.
[2022-12-13 00:36:52] [INFO   ] Thread dealer starting.
[2022-12-13 00:36:52] [INFO   ] Thread Thread-0starting.
[2022-12-13 00:36:52] [INFO   ] Thread computer-2 starting.
[2022-12-13 00:36:52] [INFO   ] Thread computer-3 starting.
[2022-12-13 00:36:52] [SEVERE ] placing card 60 in slot 0
[2022-12-13 00:36:52] [SEVERE ] placing card 34 in slot 1
[2022-12-13 00:36:52] [SEVERE ] placing card 29 in slot 2
[2022-12-13 00:36:52] [SEVERE ] placing card 77 in slot 3
[2022-12-13 00:36:52] [SEVERE ] placing card 36 in slot 4
[2022-12-13 00:36:52] [SEVERE ] placing card 49 in slot 5
[2022-12-13 00:36:52] [SEVERE ] placing card 78 in slot 6
[2022-12-13 00:36:53] [SEVERE ] placing card 11 in slot 7
[2022-12-13 00:36:53] [SEVERE ] placing card 75 in slot 8
[2022-12-13 00:36:53] [SEVERE ] placing card 64 in slot 9
[2022-12-13 00:36:53] [SEVERE ] placing card 51 in slot 10
[2022-12-13 00:36:53] [SEVERE ] placing card 40 in slot 11
[2022-12-13 00:36:53] [SEVERE ] player 3 placing token on slot 2
[2022-12-13 00:36:53] [SEVERE ] player 2 placing token on slot 4
[2022-12-13 00:36:53] [SEVERE ] player 3 placing token on slot 10
[2022-12-13 00:36:53] [SEVERE ] player 2 placing token on slot 9
[2022-12-13 00:36:53] [SEVERE ] player 3 placing token on slot 3
[2022-12-13 00:36:53] [SEVERE ] removing player 3 token from slot 2
[2022-12-13 00:36:53] [SEVERE ] removing player 3 token from slot 3
[2022-12-13 00:36:53] [SEVERE ] removing player 3 token from slot 10
[2022-12-13 00:36:53] [SEVERE ] player 2 placing token on slot 2
[2022-12-13 00:36:53] [SEVERE ] removing player 2 token from slot 2
[2022-12-13 00:36:53] [SEVERE ] removing player 2 token from slot 4
[2022-12-13 00:36:53] [SEVERE ] removing player 2 token from slot 9
[2022-12-13 00:36:53] [SEVERE ] player 3 placing token on slot 9
[2022-12-13 00:36:53] [SEVERE ] player 2 placing token on slot 8
[2022-12-13 00:36:53] [SEVERE ] player 3 placing token on slot 6
[2022-12-13 00:36:53] [SEVERE ] player 2 placing token on slot 1
[2022-12-13 00:36:53] [SEVERE ] player 3 placing token on slot 5
[2022-12-13 00:36:53] [SEVERE ] removing player 3 token from slot 5
[2022-12-13 00:36:53] [SEVERE ] removing player 3 token from slot 6
[2022-12-13 00:36:53] [SEVERE ] removing player 3 token from slot 9
[2022-12-13 00:36:53] [SEVERE ] player 2 placing token on slot 11
[2022-12-13 00:36:53] [SEVERE ] removing player 2 token from slot 1
[2022-12-13 00:36:53] [SEVERE ] removing player 2 token from slot 8
[2022-12-13 00:36:53] [SEVERE ] removing player 2 token from slot 11
[2022-12-13 00:36:53] [SEVERE ] player 2 placing token on slot 8
[2022-12-13 00:36:53] [SEVERE ] player 3 placing token on slot 1
[2022-12-13 00:36:53] [SEVERE ] player 2 placing token on slot 3
[2022-12-13 00:36:53] [SEVERE ] player 3 placing token on slot 5
[2022-12-13 00:36:53] [SEVERE ] player 2 placing token on slot 2
[2022-12-13 00:36:53] [SEVERE ] removing player 2 token from slot 2
[2022-12-13 00:36:53] [SEVERE ] removing player 2 token from slot 3
[2022-12-13 00:36:53] [SEVERE ] removing player 2 token from slot 8
[2022-12-13 00:36:53] [SEVERE ] player 3 placing token on slot 3
[2022-12-13 00:36:53] [SEVERE ] removing player 3 token from slot 1
[2022-12-13 00:36:53] [SEVERE ] removing player 3 token from slot 3
[2022-12-13 00:36:53] [SEVERE ] removing player 3 token from slot 5
[2022-12-13 00:36:53] [SEVERE ] player 3 placing token on slot 2
[2022-12-13 00:36:53] [SEVERE ] player 2 placing token on slot 7
[2022-12-13 00:36:53] [SEVERE ] player 3 placing token on slot 10
[2022-12-13 00:36:53] [SEVERE ] player 2 placing token on slot 4
[2022-12-13 00:36:53] [SEVERE ] player 3 placing token on slot 9
[2022-12-13 00:36:53] [SEVERE ] removing player 3 token from slot 2
[2022-12-13 00:36:53] [SEVERE ] removing player 3 token from slot 9
[2022-12-13 00:36:53] [SEVERE ] removing player 3 token from slot 10
[2022-12-13 00:36:53] [SEVERE ] player 2 placing token on slot 1
[2022-12-13 00:36:53] [SEVERE ] removing player 2 token from slot 1
[2022-12-13 00:36:53] [SEVERE ] removing player 2 token from slot 4
[2022-12-13 00:36:53] [SEVERE ] removing player 2 token from slot 7
[2022-12-13 00:36:53] [SEVERE ] player 3 placing token on slot 11
[2022-12-13 00:36:53] [SEVERE ] player 3 placing token on slot 5
[2022-12-13 00:36:53] [SEVERE ] player 2 placing token on slot 2
[2022-12-13 00:36:53] [SEVERE ] player 3 placing token on slot 3
[2022-12-13 00:36:53] [SEVERE ] removing player 3 token from slot 3
[2022-12-13 00:36:53] [SEVERE ] removing player 3 token from slot 5
[2022-12-13 00:36:53] [SEVERE ] removing player 3 token from slot 11
[2022-12-13 00:36:53] [SEVERE ] player 2 placing token on slot 6
[2022-12-13 00:36:53] [SEVERE ] player 2 placing token on slot 7
[2022-12-13 00:36:53] [SEVERE ] removing player 2 token from slot 2
[2022-12-13 00:36:53] [SEVERE ] removing player 2 token from slot 6
[2022-12-13 00:36:53] [SEVERE ] removing player 2 token from slot 7
[2022-12-13 00:36:53] [SEVERE ] player 3 placing token on slot 9
[2022-12-13 00:36:53] [SEVERE ] player 2 placing token on slot 9
[2022-12-13 00:36:53] [SEVERE ] player 3 placing token on slot 1
[2022-12-13 00:36:53] [SEVERE ] player 2 placing token on slot 8
[2022-12-13 00:36:53] [SEVERE ] player 3 placing token on slot 4
[2022-12-13 00:36:53] [SEVERE ] removing player 3 token from slot 1
[2022-12-13 00:36:53] [SEVERE ] removing player 3 token from slot 4
[2022-12-13 00:36:53] [SEVERE ] removing player 3 token from slot 9
[2022-12-13 00:36:53] [SEVERE ] player 2 placing token on slot 4
[2022-12-13 00:36:53] [SEVERE ] removing player 2 token from slot 4
[2022-12-13 00:36:53] [SEVERE ] removing player 2 token from slot 8
[2022-12-13 00:36:53] [SEVERE ] removing player 2 token from slot 9
[2022-12-13 00:36:53] [SEVERE ] player 3 placing token on slot 11
[2022-12-13 00:36:53] [SEVERE ] player 2 placing token on slot 1
[2022-12-13 00:36:53] [SEVERE ] player 3 placing token on slot 2
[2022-12-13 00:36:53] [SEVERE ] player 2 placing token on slot 2
[2022-12-13 00:36:54] [SEVERE ] player 3 placing token on slot 7
[2022-12-13 00:36:54] [SEVERE ] removing player 3 token from slot 2
[2022-12-13 00:36:54] [SEVERE ] removing player 3 token from slot 7
[2022-12-13 00:36:54] [SEVERE ] removing player 3 token from slot 11
[2022-12-13 00:36:54] [SEVERE ] player 2 placing token on slot 9
[2022-12-13 00:36:54] [SEVERE ] removing player 2 token from slot 1
[2022-12-13 00:36:54] [SEVERE ] removing player 2 token from slot 2
[2022-12-13 00:36:54] [SEVERE ] removing player 2 token from slot 9
[2022-12-13 00:36:54] [SEVERE ] player 3 placing token on slot 6
[2022-12-13 00:36:54] [SEVERE ] player 2 placing token on slot 9
[2022-12-13 00:36:54] [SEVERE ] player 3 placing token on slot 2
[2022-12-13 00:36:54] [SEVERE ] player 2 placing token on slot 3
[2022-12-13 00:36:54] [SEVERE ] player 3 placing token on slot 5
[2022-12-13 00:36:54] [SEVERE ] removing player 3 token from slot 2
[2022-12-13 00:36:54] [SEVERE ] removing player 3 token from slot 5
[2022-12-13 00:36:54] [SEVERE ] removing player 3 token from slot 6
[2022-12-13 00:36:54] [SEVERE ] player 2 placing token on slot 0
[2022-12-13 00:36:54] [SEVERE ] player 3 placing token on slot 7
[2022-12-13 00:36:54] [SEVERE ] player 3 placing token on slot 9
[2022-12-13 00:36:54] [SEVERE ] player 3 placing token on slot 11
[2022-12-13 00:36:54] [SEVERE ] removing tokens from slot 0
[2022-12-13 00:36:54] [SEVERE ] removing card from slot 0
[2022-12-13 00:36:54] [SEVERE ] removing tokens from slot 3
[2022-12-13 00:36:54] [SEVERE ] removing card from slot 3
[2022-12-13 00:36:54] [SEVERE ] removing tokens from slot 9
[2022-12-13 00:36:54] [SEVERE ] removing card from slot 9
[2022-12-13 00:36:54] [SEVERE ] placing card 35 in slot 0
[2022-12-13 00:36:54] [SEVERE ] placing card 74 in slot 3
[2022-12-13 00:36:54] [SEVERE ] placing card 19 in slot 9
[2022-12-13 00:36:54] [SEVERE ] setting player 2 score to 1
[2022-12-13 00:36:54] [SEVERE ] player 2 placing token on slot 3
[2022-12-13 00:36:54] [SEVERE ] player 2 placing token on slot 0
[2022-12-13 00:36:54] [SEVERE ] player 2 placing token on slot 4
[2022-12-13 00:36:54] [SEVERE ] removing player 2 token from slot 0
[2022-12-13 00:36:54] [SEVERE ] removing player 2 token from slot 3
[2022-12-13 00:36:54] [SEVERE ] removing player 2 token from slot 4
[2022-12-13 00:36:54] [SEVERE ] player 2 placing token on slot 6
[2022-12-13 00:36:54] [SEVERE ] player 2 placing token on slot 5
[2022-12-13 00:36:54] [SEVERE ] player 2 placing token on slot 4
[2022-12-13 00:36:54] [SEVERE ] removing player 2 token from slot 4
[2022-12-13 00:36:54] [SEVERE ] removing player 2 token from slot 5
[2022-12-13 00:36:54] [SEVERE ] removing player 2 token from slot 6
[2022-12-13 00:36:54] [SEVERE ] player 2 placing token on slot 10
[2022-12-13 00:36:54] [SEVERE ] player 2 placing token on slot 11
[2022-12-13 00:36:54] [SEVERE ] player 2 placing token on slot 8
[2022-12-13 00:36:54] [SEVERE ] removing player 2 token from slot 8
[2022-12-13 00:36:54] [SEVERE ] removing player 2 token from slot 10
[2022-12-13 00:36:54] [SEVERE ] removing player 2 token from slot 11
[2022-12-13 00:36:54] [SEVERE ] player 2 placing token on slot 4
[2022-12-13 00:36:55] [SEVERE ] player 2 placing token on slot 0
[2022-12-13 00:36:55] [SEVERE ] player 2 placing token on slot 8
[2022-12-13 00:36:55] [SEVERE ] removing player 2 token from slot 0
[2022-12-13 00:36:55] [SEVERE ] removing player 2 token from slot 4
[2022-12-13 00:36:55] [SEVERE ] removing player 2 token from slot 8
[2022-12-13 00:36:55] [SEVERE ] player 2 placing token on slot 6
[2022-12-13 00:36:55] [SEVERE ] player 2 placing token on slot 8
[2022-12-13 00:36:55] [SEVERE ] player 2 placing token on slot 7
[2022-12-13 00:36:55] [SEVERE ] removing player 2 token from slot 6
[2022-12-13 00:36:55] [SEVERE ] removing player 2 token from slot 7
[2022-12-13 00:36:55] [SEVERE ] removing player 2 token from slot 8
[2022-12-13 00:36:55] [SEVERE ] player 2 placing token on slot 3
[2022-12-13 00:36:55] [SEVERE ] player 2 placing token on slot 11
[2022-12-13 00:36:55] [SEVERE ] player 2 placing token on slot 8
[2022-12-13 00:36:55] [SEVERE ] removing player 2 token from slot 3
[2022-12-13 00:36:55] [SEVERE ] removing player 2 token from slot 8
[2022-12-13 00:36:55] [SEVERE ] removing player 2 token from slot 11
[2022-12-13 00:36:55] [SEVERE ] player 2 placing token on slot 3
[2022-12-13 00:36:55] [SEVERE ] player 2 placing token on slot 11
[2022-12-13 00:36:55] [SEVERE ] player 2 placing token on slot 4
[2022-12-13 00:36:55] [SEVERE ] removing player 2 token from slot 3
[2022-12-13 00:36:55] [SEVERE ] removing player 2 token from slot 4
[2022-12-13 00:36:55] [SEVERE ] removing player 2 token from slot 11
[2022-12-13 00:36:55] [SEVERE ] player 2 placing token on slot 6
[2022-12-13 00:36:55] [SEVERE ] player 2 placing token on slot 11
[2022-12-13 00:36:55] [SEVERE ] player 2 placing token on slot 5
[2022-12-13 00:36:55] [SEVERE ] removing player 2 token from slot 5
[2022-12-13 00:36:55] [SEVERE ] removing player 2 token from slot 6
[2022-12-13 00:36:55] [SEVERE ] removing player 2 token from slot 11
[2022-12-13 00:36:55] [SEVERE ] player 2 placing token on slot 10
[2022-12-13 00:36:55] [SEVERE ] player 2 placing token on slot 7
[2022-12-13 00:36:55] [SEVERE ] player 2 placing token on slot 0
[2022-12-13 00:36:55] [SEVERE ] removing player 2 token from slot 0
[2022-12-13 00:36:55] [SEVERE ] removing player 2 token from slot 7
[2022-12-13 00:36:55] [SEVERE ] removing player 2 token from slot 10
[2022-12-13 00:36:55] [SEVERE ] player 2 placing token on slot 3
[2022-12-13 00:36:55] [SEVERE ] player 2 placing token on slot 4
[2022-12-13 00:36:55] [SEVERE ] player 2 placing token on slot 0
[2022-12-13 00:36:55] [SEVERE ] removing player 2 token from slot 0
[2022-12-13 00:36:55] [SEVERE ] removing player 2 token from slot 3
[2022-12-13 00:36:55] [SEVERE ] removing player 2 token from slot 4
[2022-12-13 00:36:55] [SEVERE ] player 2 placing token on slot 3
[2022-12-13 00:36:55] [SEVERE ] player 2 placing token on slot 7
[2022-12-13 00:36:55] [SEVERE ] player 2 placing token on slot 1
[2022-12-13 00:36:55] [SEVERE ] removing player 2 token from slot 1
[2022-12-13 00:36:55] [SEVERE ] removing player 2 token from slot 3
[2022-12-13 00:36:55] [SEVERE ] removing player 2 token from slot 7
[2022-12-13 00:36:55] [SEVERE ] player 2 placing token on slot 3
[2022-12-13 00:36:55] [SEVERE ] player 2 placing token on slot 7
[2022-12-13 00:36:55] [SEVERE ] player 2 placing token on slot 2
[2022-12-13 00:36:55] [SEVERE ] removing tokens from slot 2
[2022-12-13 00:36:55] [SEVERE ] removing card from slot 2
[2022-12-13 00:36:55] [SEVERE ] removing tokens from slot 3
[2022-12-13 00:36:55] [SEVERE ] removing card from slot 3
[2022-12-13 00:36:56] [SEVERE ] removing tokens from slot 7
[2022-12-13 00:36:56] [SEVERE ] removing card from slot 7
[2022-12-13 00:36:56] [SEVERE ] placing card 30 in slot 2
[2022-12-13 00:36:56] [SEVERE ] placing card 57 in slot 3
[2022-12-13 00:36:56] [SEVERE ] placing card 28 in slot 7
[2022-12-13 00:36:56] [SEVERE ] setting player 2 score to 2
[2022-12-13 00:36:56] [SEVERE ] player 2 placing token on slot 4
[2022-12-13 00:36:56] [SEVERE ] player 2 placing token on slot 7
[2022-12-13 00:36:56] [SEVERE ] player 2 placing token on slot 1
[2022-12-13 00:36:56] [SEVERE ] removing player 2 token from slot 1
[2022-12-13 00:36:56] [SEVERE ] removing player 2 token from slot 4
[2022-12-13 00:36:56] [SEVERE ] removing player 2 token from slot 7
[2022-12-13 00:36:56] [SEVERE ] player 2 placing token on slot 6
[2022-12-13 00:36:56] [SEVERE ] player 2 placing token on slot 10
[2022-12-13 00:36:56] [SEVERE ] player 2 placing token on slot 4
[2022-12-13 00:36:56] [SEVERE ] removing player 2 token from slot 4
[2022-12-13 00:36:56] [SEVERE ] removing player 2 token from slot 6
[2022-12-13 00:36:56] [SEVERE ] removing player 2 token from slot 10
[2022-12-13 00:36:56] [SEVERE ] player 2 placing token on slot 3
[2022-12-13 00:36:56] [SEVERE ] player 2 placing token on slot 6
[2022-12-13 00:36:56] [SEVERE ] player 2 placing token on slot 8
[2022-12-13 00:36:56] [SEVERE ] removing player 2 token from slot 3
[2022-12-13 00:36:56] [SEVERE ] removing player 2 token from slot 6
[2022-12-13 00:36:56] [SEVERE ] removing player 2 token from slot 8
[2022-12-13 00:36:56] [SEVERE ] player 2 placing token on slot 3
[2022-12-13 00:36:56] [SEVERE ] player 2 placing token on slot 5
[2022-12-13 00:36:56] [SEVERE ] player 2 placing token on slot 7
[2022-12-13 00:36:56] [SEVERE ] removing player 2 token from slot 3
[2022-12-13 00:36:56] [SEVERE ] removing player 2 token from slot 5
[2022-12-13 00:36:56] [SEVERE ] removing player 2 token from slot 7
[2022-12-13 00:36:56] [SEVERE ] player 2 placing token on slot 6
[2022-12-13 00:36:56] [SEVERE ] player 2 placing token on slot 0
[2022-12-13 00:36:56] [SEVERE ] player 2 placing token on slot 2
[2022-12-13 00:36:56] [SEVERE ] removing player 2 token from slot 0
[2022-12-13 00:36:56] [SEVERE ] removing player 2 token from slot 2
[2022-12-13 00:36:56] [SEVERE ] removing player 2 token from slot 6
[2022-12-13 00:36:56] [SEVERE ] player 2 placing token on slot 11
[2022-12-13 00:36:56] [SEVERE ] player 2 placing token on slot 5
[2022-12-13 00:36:56] [SEVERE ] player 2 placing token on slot 0
[2022-12-13 00:36:56] [SEVERE ] removing player 2 token from slot 0
[2022-12-13 00:36:56] [SEVERE ] removing player 2 token from slot 5
[2022-12-13 00:36:56] [SEVERE ] removing player 2 token from slot 11
[2022-12-13 00:36:56] [SEVERE ] player 2 placing token on slot 10
[2022-12-13 00:36:56] [SEVERE ] player 2 placing token on slot 7
[2022-12-13 00:36:57] [SEVERE ] player 2 placing token on slot 1
[2022-12-13 00:36:57] [SEVERE ] removing player 2 token from slot 1
[2022-12-13 00:36:57] [SEVERE ] removing player 2 token from slot 7
[2022-12-13 00:36:57] [SEVERE ] removing player 2 token from slot 10
[2022-12-13 00:36:57] [SEVERE ] player 2 placing token on slot 1
[2022-12-13 00:36:57] [SEVERE ] player 2 placing token on slot 3
[2022-12-13 00:36:57] [SEVERE ] player 2 placing token on slot 11
[2022-12-13 00:36:57] [SEVERE ] removing player 2 token from slot 1
[2022-12-13 00:36:57] [SEVERE ] removing player 2 token from slot 3
[2022-12-13 00:36:57] [SEVERE ] removing player 2 token from slot 11
[2022-12-13 00:36:57] [SEVERE ] player 2 placing token on slot 4
[2022-12-13 00:36:57] [SEVERE ] player 2 placing token on slot 1
[2022-12-13 00:36:57] [SEVERE ] player 2 placing token on slot 0
[2022-12-13 00:36:57] [SEVERE ] removing player 2 token from slot 0
[2022-12-13 00:36:57] [SEVERE ] removing player 2 token from slot 1
[2022-12-13 00:36:57] [SEVERE ] removing player 2 token from slot 4
[2022-12-13 00:36:57] [SEVERE ] player 2 placing token on slot 9
[2022-12-13 00:36:57] [SEVERE ] player 2 placing token on slot 11
[2022-12-13 00:36:57] [SEVERE ] player 2 placing token on slot 6
[2022-12-13 00:36:57] [SEVERE ] removing player 2 token from slot 6
[2022-12-13 00:36:57] [SEVERE ] removing player 2 token from slot 9
[2022-12-13 00:36:57] [SEVERE ] removing player 2 token from slot 11
[2022-12-13 00:36:57] [SEVERE ] player 2 placing token on slot 7
[2022-12-13 00:36:57] [SEVERE ] player 2 placing token on slot 10
[2022-12-13 00:36:57] [SEVERE ] player 2 placing token on slot 6
[2022-12-13 00:36:57] [SEVERE ] removing player 2 token from slot 6
[2022-12-13 00:36:57] [SEVERE ] removing player 2 token from slot 7
[2022-12-13 00:36:57] [SEVERE ] removing player 2 token from slot 10
[2022-12-13 00:36:57] [SEVERE ] player 2 placing token on slot 1
[2022-12-13 00:36:57] [SEVERE ] player 2 placing token on slot 5
[2022-12-13 00:36:57] [SEVERE ] player 2 placing token on slot 9
[2022-12-13 00:36:57] [SEVERE ] removing player 2 token from slot 1
[2022-12-13 00:36:57] [SEVERE ] removing player 2 token from slot 5
[2022-12-13 00:36:57] [SEVERE ] removing player 2 token from slot 9
[2022-12-13 00:36:57] [SEVERE ] player 2 placing token on slot 2
[2022-12-13 00:36:57] [SEVERE ] player 2 placing token on slot 5
[2022-12-13 00:36:57] [SEVERE ] player 2 placing token on slot 7
[2022-12-13 00:36:57] [SEVERE ] removing player 2 token from slot 2
[2022-12-13 00:36:57] [SEVERE ] removing player 2 token from slot 5
[2022-12-13 00:36:57] [SEVERE ] removing player 2 token from slot 7
[2022-12-13 00:36:57] [SEVERE ] player 2 placing token on slot 10
[2022-12-13 00:36:57] [SEVERE ] player 2 placing token on slot 7
[2022-12-13 00:36:57] [SEVERE ] player 2 placing token on slot 6
[2022-12-13 00:36:57] [SEVERE ] removing player 2 token from slot 6
[2022-12-13 00:36:57] [SEVERE ] removing player 2 token from slot 7
[2022-12-13 00:36:57] [SEVERE ] removing player 2 token from slot 10
[2022-12-13 00:36:57] [SEVERE ] player 2 placing token on slot 8
[2022-12-13 00:36:57] [SEVERE ] player 2 placing token on slot 0
[2022-12-13 00:36:57] [SEVERE ] player 2 placing token on slot 5
[2022-12-13 00:36:57] [SEVERE ] removing player 2 token from slot 0
[2022-12-13 00:36:57] [SEVERE ] removing player 2 token from slot 5
[2022-12-13 00:36:57] [SEVERE ] removing player 2 token from slot 8
[2022-12-13 00:36:57] [SEVERE ] player 2 placing token on slot 9
[2022-12-13 00:36:57] [SEVERE ] player 2 placing token on slot 0
[2022-12-13 00:36:57] [SEVERE ] player 2 placing token on slot 10
[2022-12-13 00:36:57] [SEVERE ] removing player 2 token from slot 0
[2022-12-13 00:36:57] [SEVERE ] removing player 2 token from slot 9
[2022-12-13 00:36:57] [SEVERE ] removing player 2 token from slot 10
[2022-12-13 00:36:57] [SEVERE ] player 2 placing token on slot 9
[2022-12-13 00:36:57] [SEVERE ] player 2 placing token on slot 0
[2022-12-13 00:36:57] [SEVERE ] player 2 placing token on slot 2
[2022-12-13 00:36:57] [SEVERE ] removing player 2 token from slot 0
[2022-12-13 00:36:57] [SEVERE ] removing player 2 token from slot 2
[2022-12-13 00:36:57] [SEVERE ] removing player 2 token from slot 9
[2022-12-13 00:36:57] [SEVERE ] player 2 placing token on slot 5
[2022-12-13 00:36:57] [SEVERE ] player 2 placing token on slot 7
[2022-12-13 00:36:58] [SEVERE ] player 2 placing token on slot 11
[2022-12-13 00:36:58] [SEVERE ] removing player 2 token from slot 5
[2022-12-13 00:36:58] [SEVERE ] removing player 2 token from slot 7
[2022-12-13 00:36:58] [SEVERE ] removing player 2 token from slot 11
[2022-12-13 00:36:58] [SEVERE ] player 2 placing token on slot 8
[2022-12-13 00:36:58] [SEVERE ] player 2 placing token on slot 0
[2022-12-13 00:36:58] [SEVERE ] player 2 placing token on slot 2
[2022-12-13 00:36:58] [SEVERE ] removing player 2 token from slot 0
[2022-12-13 00:36:58] [SEVERE ] removing player 2 token from slot 2
[2022-12-13 00:36:58] [SEVERE ] removing player 2 token from slot 8
[2022-12-13 00:36:58] [SEVERE ] player 2 placing token on slot 0
[2022-12-13 00:36:58] [SEVERE ] player 2 placing token on slot 10
[2022-12-13 00:36:58] [SEVERE ] player 2 placing token on slot 7
[2022-12-13 00:36:58] [SEVERE ] removing player 2 token from slot 0
[2022-12-13 00:36:58] [SEVERE ] removing player 2 token from slot 7
[2022-12-13 00:36:58] [SEVERE ] removing player 2 token from slot 10
[2022-12-13 00:36:58] [SEVERE ] player 2 placing token on slot 7
[2022-12-13 00:36:58] [SEVERE ] player 2 placing token on slot 6
[2022-12-13 00:36:58] [SEVERE ] player 2 placing token on slot 0
[2022-12-13 00:36:58] [SEVERE ] removing player 2 token from slot 0
[2022-12-13 00:36:58] [SEVERE ] removing player 2 token from slot 6
[2022-12-13 00:36:58] [SEVERE ] removing player 2 token from slot 7
[2022-12-13 00:36:58] [SEVERE ] player 2 placing token on slot 10
[2022-12-13 00:36:58] [SEVERE ] player 2 placing token on slot 1
