[2022-12-13 03:55:51] [INFO   ] cannot read configuration file config.properties trying from resources.
[2022-12-13 03:55:51] [INFO   ] configuration file was loaded from resources directory.
[2022-12-13 03:55:52] [INFO   ] Thread Thread-0starting.
[2022-12-13 03:55:52] [INFO   ] Thread Thread-5starting.
[2022-12-13 03:55:52] [INFO   ] Thread Thread-4starting.
[2022-12-13 03:55:52] [INFO   ] Thread dealer starting.
[2022-12-13 03:55:52] [INFO   ] Thread Thread-3starting.
[2022-12-13 03:55:52] [INFO   ] Thread Thread-2starting.
[2022-12-13 03:55:52] [INFO   ] Thread Thread-1starting.
[2022-12-13 03:55:52] [INFO   ] Thread computer-2 starting.
[2022-12-13 03:55:52] [INFO   ] Thread computer-3 starting.
[2022-12-13 03:55:52] [INFO   ] Thread computer-5 starting.
[2022-12-13 03:55:52] [INFO   ] Thread computer-4 starting.
[2022-12-13 03:55:52] [SEVERE ] placing card 60 in slot 0
[2022-12-13 03:55:52] [SEVERE ] placing card 14 in slot 1
[2022-12-13 03:55:52] [SEVERE ] placing card 55 in slot 2
[2022-12-13 03:55:52] [SEVERE ] placing card 34 in slot 3
[2022-12-13 03:55:52] [SEVERE ] placing card 67 in slot 4
[2022-12-13 03:55:52] [SEVERE ] placing card 0 in slot 5
[2022-12-13 03:55:52] [SEVERE ] placing card 71 in slot 6
[2022-12-13 03:55:53] [SEVERE ] placing card 28 in slot 7
[2022-12-13 03:55:53] [SEVERE ] placing card 72 in slot 8
[2022-12-13 03:55:53] [SEVERE ] placing card 70 in slot 9
[2022-12-13 03:55:53] [SEVERE ] placing card 64 in slot 10
[2022-12-13 03:55:53] [SEVERE ] placing card 51 in slot 11
[2022-12-13 03:55:53] [SEVERE ] player 4 placing token on slot 4
[2022-12-13 03:55:53] [SEVERE ] player 3 placing token on slot 1
[2022-12-13 03:55:53] [SEVERE ] player 2 placing token on slot 7
[2022-12-13 03:55:53] [SEVERE ] player 5 placing token on slot 3
[2022-12-13 03:55:53] [SEVERE ] player 4 placing token on slot 3
[2022-12-13 03:55:53] [SEVERE ] player 3 placing token on slot 11
[2022-12-13 03:55:53] [SEVERE ] player 5 placing token on slot 7
[2022-12-13 03:55:53] [SEVERE ] player 2 placing token on slot 2
[2022-12-13 03:55:53] [SEVERE ] player 3 placing token on slot 0
[2022-12-13 03:55:53] [SEVERE ] player 4 placing token on slot 6
[2022-12-13 03:55:53] [SEVERE ] removing player 3 token from slot 0
[2022-12-13 03:55:53] [SEVERE ] removing player 3 token from slot 1
[2022-12-13 03:55:53] [SEVERE ] removing player 3 token from slot 11
[2022-12-13 03:55:53] [SEVERE ] removing player 4 token from slot 3
[2022-12-13 03:55:53] [SEVERE ] removing player 4 token from slot 4
[2022-12-13 03:55:53] [SEVERE ] removing player 4 token from slot 6
[2022-12-13 03:55:53] [SEVERE ] player 2 placing token on slot 8
[2022-12-13 03:55:53] [SEVERE ] removing player 2 token from slot 2
[2022-12-13 03:55:53] [SEVERE ] removing player 2 token from slot 7
[2022-12-13 03:55:53] [SEVERE ] removing player 2 token from slot 8
[2022-12-13 03:55:53] [SEVERE ] player 5 placing token on slot 0
[2022-12-13 03:55:53] [SEVERE ] removing player 5 token from slot 0
[2022-12-13 03:55:53] [SEVERE ] removing player 5 token from slot 3
[2022-12-13 03:55:53] [SEVERE ] removing player 5 token from slot 7
[2022-12-13 03:55:53] [SEVERE ] player 3 placing token on slot 9
[2022-12-13 03:55:53] [SEVERE ] player 2 placing token on slot 5
[2022-12-13 03:55:53] [SEVERE ] player 4 placing token on slot 2
[2022-12-13 03:55:53] [SEVERE ] player 5 placing token on slot 3
[2022-12-13 03:55:53] [SEVERE ] player 3 placing token on slot 2
[2022-12-13 03:55:53] [SEVERE ] player 2 placing token on slot 2
[2022-12-13 03:55:53] [SEVERE ] player 4 placing token on slot 6
[2022-12-13 03:55:53] [SEVERE ] player 5 placing token on slot 4
[2022-12-13 03:55:53] [SEVERE ] player 2 placing token on slot 8
[2022-12-13 03:55:53] [SEVERE ] removing player 2 token from slot 2
[2022-12-13 03:55:53] [SEVERE ] removing player 2 token from slot 5
[2022-12-13 03:55:53] [SEVERE ] removing player 2 token from slot 8
[2022-12-13 03:55:53] [SEVERE ] player 3 placing token on slot 4
[2022-12-13 03:55:53] [SEVERE ] removing player 3 token from slot 2
[2022-12-13 03:55:53] [SEVERE ] removing player 3 token from slot 4
[2022-12-13 03:55:53] [SEVERE ] removing player 3 token from slot 9
[2022-12-13 03:55:53] [SEVERE ] player 5 placing token on slot 0
[2022-12-13 03:55:53] [SEVERE ] removing player 5 token from slot 0
[2022-12-13 03:55:53] [SEVERE ] player 4 placing token on slot 5
[2022-12-13 03:55:53] [SEVERE ] removing player 5 token from slot 3
[2022-12-13 03:55:53] [SEVERE ] removing player 5 token from slot 4
[2022-12-13 03:55:53] [SEVERE ] removing player 4 token from slot 2
[2022-12-13 03:55:53] [SEVERE ] removing player 4 token from slot 5
[2022-12-13 03:55:53] [SEVERE ] removing player 4 token from slot 6
[2022-12-13 03:55:53] [SEVERE ] player 3 placing token on slot 11
[2022-12-13 03:55:53] [SEVERE ] player 2 placing token on slot 1
[2022-12-13 03:55:53] [SEVERE ] player 5 placing token on slot 3
[2022-12-13 03:55:53] [SEVERE ] player 4 placing token on slot 5
[2022-12-13 03:55:53] [SEVERE ] player 3 placing token on slot 2
[2022-12-13 03:55:53] [SEVERE ] player 5 placing token on slot 0
[2022-12-13 03:55:53] [SEVERE ] player 2 placing token on slot 7
[2022-12-13 03:55:53] [SEVERE ] player 4 placing token on slot 9
[2022-12-13 03:55:53] [SEVERE ] player 3 placing token on slot 1
[2022-12-13 03:55:53] [SEVERE ] player 2 placing token on slot 3
[2022-12-13 03:55:53] [SEVERE ] player 4 placing token on slot 6
[2022-12-13 03:55:53] [SEVERE ] player 5 placing token on slot 9
[2022-12-13 03:55:53] [SEVERE ] player 2 placing token on slot 0
[2022-12-13 03:55:53] [SEVERE ] removing tokens from slot 1
[2022-12-13 03:55:53] [SEVERE ] removing card from slot 1
[2022-12-13 03:55:53] [SEVERE ] removing tokens from slot 2
[2022-12-13 03:55:53] [SEVERE ] removing card from slot 2
[2022-12-13 03:55:54] [SEVERE ] removing tokens from slot 11
[2022-12-13 03:55:54] [SEVERE ] removing card from slot 11
[2022-12-13 03:55:54] [SEVERE ] placing card 26 in slot 1
[2022-12-13 03:55:54] [SEVERE ] placing card 44 in slot 2
[2022-12-13 03:55:54] [SEVERE ] placing card 73 in slot 11
[2022-12-13 03:55:54] [SEVERE ] setting player 3 score to 1
[2022-12-13 03:55:54] [SEVERE ] removing player 4 token from slot 5
[2022-12-13 03:55:54] [SEVERE ] removing player 4 token from slot 6
[2022-12-13 03:55:54] [SEVERE ] removing player 4 token from slot 9
[2022-12-13 03:55:54] [SEVERE ] player 4 placing token on slot 0
[2022-12-13 03:55:54] [SEVERE ] removing player 5 token from slot 0
[2022-12-13 03:55:54] [SEVERE ] removing player 5 token from slot 3
[2022-12-13 03:55:54] [SEVERE ] removing player 5 token from slot 9
[2022-12-13 03:55:54] [SEVERE ] removing player 2 token from slot 0
[2022-12-13 03:55:54] [SEVERE ] removing player 2 token from slot 3
[2022-12-13 03:55:54] [SEVERE ] removing player 2 token from slot 7
[2022-12-13 03:55:54] [SEVERE ] player 5 placing token on slot 7
[2022-12-13 03:55:54] [SEVERE ] player 2 placing token on slot 11
[2022-12-13 03:55:54] [SEVERE ] player 3 placing token on slot 11
[2022-12-13 03:55:54] [SEVERE ] player 5 placing token on slot 1
[2022-12-13 03:55:54] [SEVERE ] player 4 placing token on slot 7
[2022-12-13 03:55:54] [SEVERE ] player 2 placing token on slot 9
[2022-12-13 03:55:54] [SEVERE ] player 3 placing token on slot 10
[2022-12-13 03:55:54] [SEVERE ] player 5 placing token on slot 2
[2022-12-13 03:55:54] [SEVERE ] removing player 5 token from slot 1
[2022-12-13 03:55:54] [SEVERE ] removing player 5 token from slot 2
[2022-12-13 03:55:54] [SEVERE ] removing player 5 token from slot 7
[2022-12-13 03:55:54] [SEVERE ] player 4 placing token on slot 4
[2022-12-13 03:55:54] [SEVERE ] player 2 placing token on slot 8
[2022-12-13 03:55:54] [SEVERE ] removing player 4 token from slot 0
[2022-12-13 03:55:54] [SEVERE ] removing player 4 token from slot 4
[2022-12-13 03:55:54] [SEVERE ] removing player 4 token from slot 7
[2022-12-13 03:55:54] [SEVERE ] removing player 2 token from slot 8
[2022-12-13 03:55:54] [SEVERE ] removing player 2 token from slot 9
[2022-12-13 03:55:54] [SEVERE ] removing player 2 token from slot 11
[2022-12-13 03:55:54] [SEVERE ] player 3 placing token on slot 4
[2022-12-13 03:55:54] [SEVERE ] removing player 3 token from slot 4
[2022-12-13 03:55:54] [SEVERE ] removing player 3 token from slot 10
[2022-12-13 03:55:54] [SEVERE ] removing player 3 token from slot 11
[2022-12-13 03:55:54] [SEVERE ] player 4 placing token on slot 8
[2022-12-13 03:55:54] [SEVERE ] player 2 placing token on slot 2
[2022-12-13 03:55:54] [SEVERE ] player 5 placing token on slot 0
[2022-12-13 03:55:54] [SEVERE ] player 4 placing token on slot 6
[2022-12-13 03:55:54] [SEVERE ] player 3 placing token on slot 0
[2022-12-13 03:55:54] [SEVERE ] player 2 placing token on slot 11
[2022-12-13 03:55:54] [SEVERE ] player 5 placing token on slot 7
[2022-12-13 03:55:54] [SEVERE ] player 4 placing token on slot 5
[2022-12-13 03:55:54] [SEVERE ] removing player 4 token from slot 5
[2022-12-13 03:55:54] [SEVERE ] removing player 4 token from slot 6
[2022-12-13 03:55:54] [SEVERE ] removing player 4 token from slot 8
[2022-12-13 03:55:54] [SEVERE ] player 3 placing token on slot 2
[2022-12-13 03:55:54] [SEVERE ] player 2 placing token on slot 6
[2022-12-13 03:55:54] [SEVERE ] removing player 2 token from slot 2
[2022-12-13 03:55:54] [SEVERE ] removing player 2 token from slot 6
[2022-12-13 03:55:54] [SEVERE ] removing player 2 token from slot 11
[2022-12-13 03:55:54] [SEVERE ] player 5 placing token on slot 9
[2022-12-13 03:55:54] [SEVERE ] removing player 5 token from slot 0
[2022-12-13 03:55:54] [SEVERE ] removing player 5 token from slot 7
[2022-12-13 03:55:54] [SEVERE ] removing player 5 token from slot 9
[2022-12-13 03:55:54] [SEVERE ] player 4 placing token on slot 10
[2022-12-13 03:55:54] [SEVERE ] player 3 placing token on slot 11
[2022-12-13 03:55:54] [SEVERE ] removing player 3 token from slot 0
[2022-12-13 03:55:54] [SEVERE ] removing player 3 token from slot 2
[2022-12-13 03:55:54] [SEVERE ] removing player 3 token from slot 11
[2022-12-13 03:55:54] [SEVERE ] player 2 placing token on slot 8
[2022-12-13 03:55:54] [SEVERE ] player 5 placing token on slot 4
[2022-12-13 03:55:54] [SEVERE ] player 4 placing token on slot 2
[2022-12-13 03:55:54] [SEVERE ] player 5 placing token on slot 2
[2022-12-13 03:55:54] [SEVERE ] player 3 placing token on slot 9
[2022-12-13 03:55:54] [SEVERE ] player 2 placing token on slot 3
[2022-12-13 03:55:54] [SEVERE ] player 5 placing token on slot 8
[2022-12-13 03:55:54] [SEVERE ] player 4 placing token on slot 1
[2022-12-13 03:55:54] [SEVERE ] removing player 5 token from slot 2
[2022-12-13 03:55:54] [SEVERE ] removing player 4 token from slot 1
[2022-12-13 03:55:54] [SEVERE ] removing player 4 token from slot 2
[2022-12-13 03:55:54] [SEVERE ] removing player 4 token from slot 10
[2022-12-13 03:55:54] [SEVERE ] removing player 5 token from slot 4
[2022-12-13 03:55:54] [SEVERE ] removing player 5 token from slot 8
[2022-12-13 03:55:54] [SEVERE ] player 3 placing token on slot 2
[2022-12-13 03:55:54] [SEVERE ] player 5 placing token on slot 1
[2022-12-13 03:55:54] [SEVERE ] player 2 placing token on slot 2
[2022-12-13 03:55:54] [SEVERE ] removing player 2 token from slot 2
[2022-12-13 03:55:54] [SEVERE ] removing player 2 token from slot 3
[2022-12-13 03:55:54] [SEVERE ] removing player 2 token from slot 8
[2022-12-13 03:55:54] [SEVERE ] player 4 placing token on slot 9
[2022-12-13 03:55:54] [SEVERE ] player 3 placing token on slot 8
[2022-12-13 03:55:54] [SEVERE ] player 5 placing token on slot 10
[2022-12-13 03:55:54] [SEVERE ] removing player 3 token from slot 2
[2022-12-13 03:55:54] [SEVERE ] removing player 3 token from slot 8
[2022-12-13 03:55:54] [SEVERE ] removing player 3 token from slot 9
[2022-12-13 03:55:54] [SEVERE ] player 3 placing token on slot 4
[2022-12-13 03:55:54] [SEVERE ] player 2 placing token on slot 9
[2022-12-13 03:55:54] [SEVERE ] player 4 placing token on slot 4
[2022-12-13 03:55:54] [SEVERE ] player 3 placing token on slot 11
[2022-12-13 03:55:54] [SEVERE ] player 2 placing token on slot 5
[2022-12-13 03:55:54] [SEVERE ] player 5 placing token on slot 6
[2022-12-13 03:55:54] [SEVERE ] removing player 5 token from slot 1
[2022-12-13 03:55:54] [SEVERE ] removing player 5 token from slot 6
[2022-12-13 03:55:54] [SEVERE ] removing player 5 token from slot 10
[2022-12-13 03:55:54] [SEVERE ] player 2 placing token on slot 8
[2022-12-13 03:55:54] [SEVERE ] removing player 2 token from slot 5
[2022-12-13 03:55:54] [SEVERE ] removing player 2 token from slot 8
[2022-12-13 03:55:54] [SEVERE ] removing player 2 token from slot 9
[2022-12-13 03:55:54] [SEVERE ] player 4 placing token on slot 6
[2022-12-13 03:55:54] [SEVERE ] removing player 4 token from slot 4
[2022-12-13 03:55:54] [SEVERE ] removing player 4 token from slot 6
[2022-12-13 03:55:54] [SEVERE ] removing player 4 token from slot 9
[2022-12-13 03:55:54] [SEVERE ] player 3 placing token on slot 7
[2022-12-13 03:55:54] [SEVERE ] removing player 3 token from slot 4
[2022-12-13 03:55:54] [SEVERE ] removing player 3 token from slot 7
[2022-12-13 03:55:54] [SEVERE ] removing player 3 token from slot 11
[2022-12-13 03:55:54] [SEVERE ] player 5 placing token on slot 11
[2022-12-13 03:55:54] [SEVERE ] player 2 placing token on slot 2
[2022-12-13 03:55:54] [SEVERE ] player 4 placing token on slot 5
[2022-12-13 03:55:54] [SEVERE ] player 3 placing token on slot 7
[2022-12-13 03:55:54] [SEVERE ] player 5 placing token on slot 8
[2022-12-13 03:55:54] [SEVERE ] player 2 placing token on slot 11
[2022-12-13 03:55:54] [SEVERE ] player 3 placing token on slot 5
[2022-12-13 03:55:54] [SEVERE ] player 4 placing token on slot 4
[2022-12-13 03:55:54] [SEVERE ] player 5 placing token on slot 9
[2022-12-13 03:55:54] [SEVERE ] removing player 5 token from slot 8
[2022-12-13 03:55:54] [SEVERE ] removing player 5 token from slot 9
[2022-12-13 03:55:54] [SEVERE ] removing player 5 token from slot 11
[2022-12-13 03:55:54] [SEVERE ] player 3 placing token on slot 0
[2022-12-13 03:55:54] [SEVERE ] removing player 3 token from slot 0
[2022-12-13 03:55:54] [SEVERE ] removing player 3 token from slot 5
[2022-12-13 03:55:54] [SEVERE ] removing player 3 token from slot 7
[2022-12-13 03:55:54] [SEVERE ] player 4 placing token on slot 11
[2022-12-13 03:55:54] [SEVERE ] removing player 4 token from slot 4
[2022-12-13 03:55:54] [SEVERE ] removing player 4 token from slot 5
[2022-12-13 03:55:54] [SEVERE ] removing player 4 token from slot 11
[2022-12-13 03:55:54] [SEVERE ] player 5 placing token on slot 2
[2022-12-13 03:55:54] [SEVERE ] player 2 placing token on slot 10
[2022-12-13 03:55:54] [SEVERE ] removing player 2 token from slot 2
[2022-12-13 03:55:54] [SEVERE ] removing player 2 token from slot 10
[2022-12-13 03:55:54] [SEVERE ] removing player 2 token from slot 11
[2022-12-13 03:55:54] [SEVERE ] player 3 placing token on slot 1
[2022-12-13 03:55:54] [SEVERE ] player 5 placing token on slot 8
[2022-12-13 03:55:54] [SEVERE ] player 4 placing token on slot 6
[2022-12-13 03:55:54] [SEVERE ] player 2 placing token on slot 9
[2022-12-13 03:55:54] [SEVERE ] player 5 placing token on slot 3
[2022-12-13 03:55:54] [SEVERE ] removing player 5 token from slot 2
[2022-12-13 03:55:54] [SEVERE ] removing player 5 token from slot 3
[2022-12-13 03:55:54] [SEVERE ] removing player 5 token from slot 8
[2022-12-13 03:55:54] [SEVERE ] player 3 placing token on slot 7
[2022-12-13 03:55:54] [SEVERE ] player 2 placing token on slot 1
[2022-12-13 03:55:54] [SEVERE ] player 4 placing token on slot 7
[2022-12-13 03:55:54] [SEVERE ] player 3 placing token on slot 6
[2022-12-13 03:55:54] [SEVERE ] removing player 3 token from slot 1
[2022-12-13 03:55:54] [SEVERE ] removing player 3 token from slot 6
[2022-12-13 03:55:54] [SEVERE ] removing player 3 token from slot 7
[2022-12-13 03:55:54] [SEVERE ] player 4 placing token on slot 5
[2022-12-13 03:55:54] [SEVERE ] removing player 4 token from slot 5
[2022-12-13 03:55:54] [SEVERE ] removing player 4 token from slot 6
[2022-12-13 03:55:54] [SEVERE ] removing player 4 token from slot 7
[2022-12-13 03:55:54] [SEVERE ] player 5 placing token on slot 10
[2022-12-13 03:55:54] [SEVERE ] player 2 placing token on slot 11
[2022-12-13 03:55:54] [SEVERE ] removing player 2 token from slot 1
[2022-12-13 03:55:54] [SEVERE ] removing player 2 token from slot 9
[2022-12-13 03:55:54] [SEVERE ] removing player 2 token from slot 11
[2022-12-13 03:55:54] [SEVERE ] player 2 placing token on slot 4
[2022-12-13 03:55:54] [SEVERE ] player 3 placing token on slot 8
[2022-12-13 03:55:54] [SEVERE ] player 4 placing token on slot 7
[2022-12-13 03:55:54] [SEVERE ] player 2 placing token on slot 0
[2022-12-13 03:55:54] [SEVERE ] player 5 placing token on slot 0
[2022-12-13 03:55:54] [SEVERE ] player 3 placing token on slot 0
[2022-12-13 03:55:54] [SEVERE ] player 4 placing token on slot 0
[2022-12-13 03:55:54] [SEVERE ] player 2 placing token on slot 1
[2022-12-13 03:55:54] [SEVERE ] removing player 2 token from slot 0
[2022-12-13 03:55:54] [SEVERE ] removing player 2 token from slot 1
[2022-12-13 03:55:54] [SEVERE ] removing player 2 token from slot 4
[2022-12-13 03:55:54] [SEVERE ] player 3 placing token on slot 1
[2022-12-13 03:55:54] [SEVERE ] removing player 3 token from slot 0
[2022-12-13 03:55:54] [SEVERE ] removing player 3 token from slot 1
[2022-12-13 03:55:54] [SEVERE ] removing player 3 token from slot 8
[2022-12-13 03:55:54] [SEVERE ] player 5 placing token on slot 8
[2022-12-13 03:55:54] [SEVERE ] removing player 5 token from slot 0
[2022-12-13 03:55:54] [SEVERE ] removing player 5 token from slot 8
[2022-12-13 03:55:54] [SEVERE ] removing player 5 token from slot 10
[2022-12-13 03:55:54] [SEVERE ] player 5 placing token on slot 6
[2022-12-13 03:55:54] [SEVERE ] player 4 placing token on slot 1
[2022-12-13 03:55:54] [SEVERE ] removing player 4 token from slot 0
[2022-12-13 03:55:54] [SEVERE ] removing player 4 token from slot 1
[2022-12-13 03:55:54] [SEVERE ] removing player 4 token from slot 7
[2022-12-13 03:55:54] [SEVERE ] player 3 placing token on slot 2
[2022-12-13 03:55:55] [SEVERE ] player 5 placing token on slot 9
[2022-12-13 03:55:55] [SEVERE ] player 2 placing token on slot 5
[2022-12-13 03:55:55] [SEVERE ] player 4 placing token on slot 0
[2022-12-13 03:55:55] [SEVERE ] player 3 placing token on slot 9
[2022-12-13 03:55:55] [SEVERE ] player 5 placing token on slot 0
[2022-12-13 03:55:55] [SEVERE ] removing player 5 token from slot 0
[2022-12-13 03:55:55] [SEVERE ] removing player 5 token from slot 6
[2022-12-13 03:55:55] [SEVERE ] removing player 5 token from slot 9
[2022-12-13 03:55:55] [SEVERE ] player 2 placing token on slot 9
[2022-12-13 03:55:55] [SEVERE ] player 4 placing token on slot 2
[2022-12-13 03:55:55] [SEVERE ] player 3 placing token on slot 7
[2022-12-13 03:55:55] [SEVERE ] removing player 3 token from slot 2
[2022-12-13 03:55:55] [SEVERE ] removing player 3 token from slot 7
[2022-12-13 03:55:55] [SEVERE ] removing player 3 token from slot 9
[2022-12-13 03:55:55] [SEVERE ] player 5 placing token on slot 4
[2022-12-13 03:55:55] [SEVERE ] player 3 placing token on slot 2
[2022-12-13 03:55:55] [SEVERE ] player 2 placing token on slot 3
[2022-12-13 03:55:55] [SEVERE ] removing player 2 token from slot 3
[2022-12-13 03:55:55] [SEVERE ] removing player 2 token from slot 5
[2022-12-13 03:55:55] [SEVERE ] removing player 2 token from slot 9
[2022-12-13 03:55:55] [SEVERE ] player 2 placing token on slot 4
[2022-12-13 03:55:55] [SEVERE ] player 4 placing token on slot 10
[2022-12-13 03:55:55] [SEVERE ] removing player 4 token from slot 0
[2022-12-13 03:55:55] [SEVERE ] removing player 4 token from slot 2
[2022-12-13 03:55:55] [SEVERE ] removing player 4 token from slot 10
[2022-12-13 03:55:55] [SEVERE ] player 5 placing token on slot 2
[2022-12-13 03:55:55] [SEVERE ] player 2 placing token on slot 6
[2022-12-13 03:55:55] [SEVERE ] player 4 placing token on slot 7
[2022-12-13 03:55:55] [SEVERE ] player 3 placing token on slot 3
[2022-12-13 03:55:55] [SEVERE ] player 4 placing token on slot 10
[2022-12-13 03:55:55] [SEVERE ] player 3 placing token on slot 6
[2022-12-13 03:55:55] [SEVERE ] player 5 placing token on slot 9
[2022-12-13 03:55:55] [SEVERE ] removing player 3 token from slot 2
[2022-12-13 03:55:55] [SEVERE ] removing player 3 token from slot 3
[2022-12-13 03:55:55] [SEVERE ] removing player 3 token from slot 6
[2022-12-13 03:55:55] [SEVERE ] removing player 5 token from slot 2
[2022-12-13 03:55:55] [SEVERE ] removing player 5 token from slot 4
[2022-12-13 03:55:55] [SEVERE ] removing player 5 token from slot 9
[2022-12-13 03:55:55] [SEVERE ] player 2 placing token on slot 8
[2022-12-13 03:55:55] [SEVERE ] removing player 2 token from slot 4
[2022-12-13 03:55:55] [SEVERE ] removing player 2 token from slot 6
[2022-12-13 03:55:55] [SEVERE ] removing player 2 token from slot 8
[2022-12-13 03:55:55] [SEVERE ] player 4 placing token on slot 3
[2022-12-13 03:55:55] [SEVERE ] removing player 4 token from slot 3
[2022-12-13 03:55:55] [SEVERE ] removing player 4 token from slot 7
[2022-12-13 03:55:55] [SEVERE ] removing player 4 token from slot 10
[2022-12-13 03:55:55] [SEVERE ] player 5 placing token on slot 10
[2022-12-13 03:55:55] [SEVERE ] player 3 placing token on slot 2
[2022-12-13 03:55:55] [SEVERE ] player 2 placing token on slot 5
[2022-12-13 03:55:55] [SEVERE ] player 4 placing token on slot 8
[2022-12-13 03:55:55] [SEVERE ] player 3 placing token on slot 4
[2022-12-13 03:55:55] [SEVERE ] player 5 placing token on slot 3
[2022-12-13 03:55:55] [SEVERE ] player 2 placing token on slot 3
[2022-12-13 03:55:55] [SEVERE ] player 4 placing token on slot 9
[2022-12-13 03:55:55] [SEVERE ] player 3 placing token on slot 11
[2022-12-13 03:55:55] [SEVERE ] removing player 3 token from slot 2
[2022-12-13 03:55:55] [SEVERE ] removing player 3 token from slot 4
[2022-12-13 03:55:55] [SEVERE ] removing player 3 token from slot 11
[2022-12-13 03:55:55] [SEVERE ] player 2 placing token on slot 1
[2022-12-13 03:55:55] [SEVERE ] player 5 placing token on slot 7
[2022-12-13 03:55:55] [SEVERE ] removing player 2 token from slot 1
[2022-12-13 03:55:55] [SEVERE ] removing player 2 token from slot 3
[2022-12-13 03:55:55] [SEVERE ] removing player 2 token from slot 5
[2022-12-13 03:55:55] [SEVERE ] removing player 5 token from slot 3
[2022-12-13 03:55:55] [SEVERE ] removing player 5 token from slot 7
[2022-12-13 03:55:55] [SEVERE ] removing player 5 token from slot 10
[2022-12-13 03:55:55] [SEVERE ] player 5 placing token on slot 0
[2022-12-13 03:55:55] [SEVERE ] player 4 placing token on slot 2
[2022-12-13 03:55:55] [SEVERE ] player 3 placing token on slot 3
[2022-12-13 03:55:55] [SEVERE ] removing player 4 token from slot 2
[2022-12-13 03:55:55] [SEVERE ] removing player 4 token from slot 8
[2022-12-13 03:55:55] [SEVERE ] removing player 4 token from slot 9
[2022-12-13 03:55:55] [SEVERE ] player 5 placing token on slot 2
[2022-12-13 03:55:55] [SEVERE ] player 4 placing token on slot 3
[2022-12-13 03:55:55] [SEVERE ] player 2 placing token on slot 4
[2022-12-13 03:55:55] [SEVERE ] player 5 placing token on slot 1
[2022-12-13 03:55:55] [SEVERE ] removing player 5 token from slot 0
[2022-12-13 03:55:55] [SEVERE ] removing player 5 token from slot 1
[2022-12-13 03:55:55] [SEVERE ] removing player 5 token from slot 2
[2022-12-13 03:55:55] [SEVERE ] player 3 placing token on slot 4
[2022-12-13 03:55:55] [SEVERE ] player 4 placing token on slot 8
[2022-12-13 03:55:55] [SEVERE ] player 2 placing token on slot 5
[2022-12-13 03:55:55] [SEVERE ] player 5 placing token on slot 2
[2022-12-13 03:55:55] [SEVERE ] player 4 placing token on slot 7
[2022-12-13 03:55:55] [SEVERE ] removing player 4 token from slot 3
[2022-12-13 03:55:55] [SEVERE ] removing player 4 token from slot 7
[2022-12-13 03:55:55] [SEVERE ] removing player 4 token from slot 8
[2022-12-13 03:55:55] [SEVERE ] player 3 placing token on slot 8
[2022-12-13 03:55:55] [SEVERE ] removing player 3 token from slot 3
[2022-12-13 03:55:55] [SEVERE ] removing player 3 token from slot 4
[2022-12-13 03:55:55] [SEVERE ] removing player 3 token from slot 8
[2022-12-13 03:55:55] [SEVERE ] player 2 placing token on slot 3
[2022-12-13 03:55:55] [SEVERE ] removing player 2 token from slot 3
[2022-12-13 03:55:55] [SEVERE ] removing player 2 token from slot 4
[2022-12-13 03:55:55] [SEVERE ] removing player 2 token from slot 5
[2022-12-13 03:55:55] [SEVERE ] player 3 placing token on slot 11
[2022-12-13 03:55:55] [SEVERE ] player 4 placing token on slot 6
[2022-12-13 03:55:55] [SEVERE ] player 5 placing token on slot 0
[2022-12-13 03:55:55] [SEVERE ] player 2 placing token on slot 11
[2022-12-13 03:55:55] [SEVERE ] player 3 placing token on slot 3
[2022-12-13 03:55:55] [SEVERE ] player 4 placing token on slot 3
[2022-12-13 03:55:55] [SEVERE ] player 2 placing token on slot 4
[2022-12-13 03:55:55] [SEVERE ] player 5 placing token on slot 8
[2022-12-13 03:55:55] [SEVERE ] removing player 5 token from slot 0
[2022-12-13 03:55:55] [SEVERE ] removing player 5 token from slot 2
[2022-12-13 03:55:55] [SEVERE ] removing player 5 token from slot 8
[2022-12-13 03:55:55] [SEVERE ] player 5 placing token on slot 4
[2022-12-13 03:55:55] [SEVERE ] player 4 placing token on slot 2
[2022-12-13 03:55:55] [SEVERE ] removing player 4 token from slot 2
[2022-12-13 03:55:55] [SEVERE ] removing player 4 token from slot 3
[2022-12-13 03:55:55] [SEVERE ] removing player 4 token from slot 6
[2022-12-13 03:55:55] [SEVERE ] player 3 placing token on slot 9
[2022-12-13 03:55:55] [SEVERE ] removing player 3 token from slot 3
[2022-12-13 03:55:55] [SEVERE ] removing player 3 token from slot 9
[2022-12-13 03:55:55] [SEVERE ] removing player 3 token from slot 11
[2022-12-13 03:55:55] [SEVERE ] player 5 placing token on slot 9
[2022-12-13 03:55:55] [SEVERE ] player 2 placing token on slot 10
[2022-12-13 03:55:55] [SEVERE ] removing player 2 token from slot 4
[2022-12-13 03:55:55] [SEVERE ] removing player 2 token from slot 10
[2022-12-13 03:55:55] [SEVERE ] removing player 2 token from slot 11
[2022-12-13 03:55:55] [SEVERE ] player 4 placing token on slot 4
[2022-12-13 03:55:55] [SEVERE ] player 3 placing token on slot 11
[2022-12-13 03:55:55] [SEVERE ] player 5 placing token on slot 6
[2022-12-13 03:55:55] [SEVERE ] removing player 5 token from slot 4
[2022-12-13 03:55:55] [SEVERE ] removing player 5 token from slot 6
[2022-12-13 03:55:55] [SEVERE ] removing player 5 token from slot 9
[2022-12-13 03:55:55] [SEVERE ] player 3 placing token on slot 6
[2022-12-13 03:55:55] [SEVERE ] player 2 placing token on slot 9
[2022-12-13 03:55:55] [SEVERE ] player 4 placing token on slot 0
[2022-12-13 03:55:55] [SEVERE ] player 3 placing token on slot 1
[2022-12-13 03:55:55] [SEVERE ] removing player 3 token from slot 1
[2022-12-13 03:55:55] [SEVERE ] removing player 3 token from slot 6
[2022-12-13 03:55:55] [SEVERE ] removing player 3 token from slot 11
[2022-12-13 03:55:55] [SEVERE ] player 5 placing token on slot 10
[2022-12-13 03:55:55] [SEVERE ] player 2 placing token on slot 11
[2022-12-13 03:55:55] [SEVERE ] player 4 placing token on slot 9
[2022-12-13 03:55:55] [SEVERE ] removing player 4 token from slot 0
[2022-12-13 03:55:55] [SEVERE ] removing player 4 token from slot 4
[2022-12-13 03:55:55] [SEVERE ] removing player 4 token from slot 9
[2022-12-13 03:55:55] [SEVERE ] player 5 placing token on slot 9
[2022-12-13 03:55:55] [SEVERE ] player 3 placing token on slot 8
[2022-12-13 03:55:55] [SEVERE ] player 2 placing token on slot 1
[2022-12-13 03:55:55] [SEVERE ] removing player 2 token from slot 1
[2022-12-13 03:55:55] [SEVERE ] removing player 2 token from slot 9
[2022-12-13 03:55:55] [SEVERE ] removing player 2 token from slot 11
[2022-12-13 03:55:55] [SEVERE ] player 5 placing token on slot 3
[2022-12-13 03:55:55] [SEVERE ] removing player 5 token from slot 3
[2022-12-13 03:55:55] [SEVERE ] removing player 5 token from slot 9
[2022-12-13 03:55:55] [SEVERE ] removing player 5 token from slot 10
[2022-12-13 03:55:55] [SEVERE ] player 4 placing token on slot 3
[2022-12-13 03:55:55] [SEVERE ] player 3 placing token on slot 6
[2022-12-13 03:55:55] [SEVERE ] player 2 placing token on slot 9
[2022-12-13 03:55:55] [SEVERE ] player 5 placing token on slot 7
[2022-12-13 03:55:55] [SEVERE ] player 4 placing token on slot 0
[2022-12-13 03:55:55] [SEVERE ] player 3 placing token on slot 0
[2022-12-13 03:55:55] [SEVERE ] removing player 3 token from slot 0
[2022-12-13 03:55:55] [SEVERE ] removing player 3 token from slot 6
[2022-12-13 03:55:55] [SEVERE ] removing player 3 token from slot 8
[2022-12-13 03:55:55] [SEVERE ] player 2 placing token on slot 6
[2022-12-13 03:55:55] [SEVERE ] player 4 placing token on slot 9
[2022-12-13 03:55:55] [SEVERE ] player 5 placing token on slot 6
[2022-12-13 03:55:55] [SEVERE ] removing player 4 token from slot 0
[2022-12-13 03:55:55] [SEVERE ] removing player 4 token from slot 3
[2022-12-13 03:55:55] [SEVERE ] removing player 4 token from slot 9
[2022-12-13 03:55:55] [SEVERE ] player 3 placing token on slot 0
[2022-12-13 03:55:55] [SEVERE ] player 2 placing token on slot 7
[2022-12-13 03:55:55] [SEVERE ] removing player 2 token from slot 6
[2022-12-13 03:55:55] [SEVERE ] removing player 2 token from slot 7
[2022-12-13 03:55:55] [SEVERE ] removing player 2 token from slot 9
[2022-12-13 03:55:55] [SEVERE ] player 5 placing token on slot 11
[2022-12-13 03:55:55] [SEVERE ] removing player 5 token from slot 6
[2022-12-13 03:55:55] [SEVERE ] removing player 5 token from slot 7
[2022-12-13 03:55:55] [SEVERE ] removing player 5 token from slot 11
[2022-12-13 03:55:55] [SEVERE ] player 4 placing token on slot 4
[2022-12-13 03:55:55] [SEVERE ] player 3 placing token on slot 6
[2022-12-13 03:55:55] [SEVERE ] player 2 placing token on slot 2
[2022-12-13 03:55:55] [SEVERE ] player 5 placing token on slot 3
[2022-12-13 03:55:55] [SEVERE ] player 4 placing token on slot 8
[2022-12-13 03:55:55] [SEVERE ] player 2 placing token on slot 7
[2022-12-13 03:55:55] [SEVERE ] player 3 placing token on slot 5
[2022-12-13 03:55:55] [SEVERE ] removing player 3 token from slot 0
[2022-12-13 03:55:55] [SEVERE ] removing player 3 token from slot 5
[2022-12-13 03:55:55] [SEVERE ] removing player 3 token from slot 6
[2022-12-13 03:55:55] [SEVERE ] player 4 placing token on slot 0
[2022-12-13 03:55:55] [SEVERE ] player 5 placing token on slot 10
[2022-12-13 03:55:55] [SEVERE ] removing player 4 token from slot 0
[2022-12-13 03:55:55] [SEVERE ] removing player 4 token from slot 4
[2022-12-13 03:55:55] [SEVERE ] removing player 4 token from slot 8
[2022-12-13 03:55:55] [SEVERE ] player 2 placing token on slot 4
[2022-12-13 03:55:55] [SEVERE ] removing player 2 token from slot 2
[2022-12-13 03:55:55] [SEVERE ] removing player 2 token from slot 4
[2022-12-13 03:55:55] [SEVERE ] removing player 2 token from slot 7
[2022-12-13 03:55:55] [SEVERE ] player 4 placing token on slot 1
[2022-12-13 03:55:55] [SEVERE ] player 3 placing token on slot 9
[2022-12-13 03:55:55] [SEVERE ] player 5 placing token on slot 6
[2022-12-13 03:55:55] [SEVERE ] removing player 5 token from slot 3
[2022-12-13 03:55:55] [SEVERE ] removing player 5 token from slot 6
[2022-12-13 03:55:55] [SEVERE ] removing player 5 token from slot 10
[2022-12-13 03:55:55] [SEVERE ] player 2 placing token on slot 11
[2022-12-13 03:55:55] [SEVERE ] player 5 placing token on slot 2
[2022-12-13 03:55:55] [SEVERE ] player 4 placing token on slot 7
[2022-12-13 03:55:55] [SEVERE ] player 3 placing token on slot 10
[2022-12-13 03:55:55] [SEVERE ] player 2 placing token on slot 4
[2022-12-13 03:55:55] [SEVERE ] player 5 placing token on slot 10
[2022-12-13 03:55:55] [SEVERE ] player 4 placing token on slot 2
[2022-12-13 03:55:55] [SEVERE ] removing player 4 token from slot 1
[2022-12-13 03:55:55] [SEVERE ] removing player 4 token from slot 2
[2022-12-13 03:55:55] [SEVERE ] removing player 4 token from slot 7
[2022-12-13 03:55:55] [SEVERE ] player 2 placing token on slot 8
[2022-12-13 03:55:55] [SEVERE ] removing player 2 token from slot 4
[2022-12-13 03:55:55] [SEVERE ] removing player 2 token from slot 8
[2022-12-13 03:55:55] [SEVERE ] removing player 2 token from slot 11
[2022-12-13 03:55:55] [SEVERE ] player 3 placing token on slot 8
[2022-12-13 03:55:55] [SEVERE ] removing player 3 token from slot 8
[2022-12-13 03:55:55] [SEVERE ] removing player 3 token from slot 9
[2022-12-13 03:55:55] [SEVERE ] removing player 3 token from slot 10
[2022-12-13 03:55:55] [SEVERE ] player 5 placing token on slot 8
[2022-12-13 03:55:55] [SEVERE ] removing player 5 token from slot 2
[2022-12-13 03:55:55] [SEVERE ] removing player 5 token from slot 8
[2022-12-13 03:55:55] [SEVERE ] removing player 5 token from slot 10
[2022-12-13 03:55:55] [SEVERE ] player 2 placing token on slot 11
[2022-12-13 03:55:55] [SEVERE ] player 4 placing token on slot 4
[2022-12-13 03:55:55] [SEVERE ] player 5 placing token on slot 0
[2022-12-13 03:55:55] [SEVERE ] player 3 placing token on slot 2
[2022-12-13 03:55:55] [SEVERE ] player 4 placing token on slot 9
[2022-12-13 03:55:55] [SEVERE ] player 5 placing token on slot 6
[2022-12-13 03:55:55] [SEVERE ] player 3 placing token on slot 10
[2022-12-13 03:55:55] [SEVERE ] player 2 placing token on slot 10
[2022-12-13 03:55:55] [SEVERE ] player 2 placing token on slot 3
[2022-12-13 03:55:55] [SEVERE ] removing player 2 token from slot 3
[2022-12-13 03:55:55] [SEVERE ] removing player 2 token from slot 10
[2022-12-13 03:55:55] [SEVERE ] removing player 2 token from slot 11
[2022-12-13 03:55:55] [SEVERE ] player 4 placing token on slot 2
[2022-12-13 03:55:55] [SEVERE ] removing player 4 token from slot 2
[2022-12-13 03:55:55] [SEVERE ] removing player 4 token from slot 4
[2022-12-13 03:55:55] [SEVERE ] removing player 4 token from slot 9
[2022-12-13 03:55:55] [SEVERE ] player 5 placing token on slot 11
[2022-12-13 03:55:55] [SEVERE ] removing player 5 token from slot 0
[2022-12-13 03:55:55] [SEVERE ] removing player 5 token from slot 6
[2022-12-13 03:55:55] [SEVERE ] removing player 5 token from slot 11
[2022-12-13 03:55:55] [SEVERE ] player 3 placing token on slot 3
[2022-12-13 03:55:55] [SEVERE ] removing player 3 token from slot 2
[2022-12-13 03:55:55] [SEVERE ] removing player 3 token from slot 3
[2022-12-13 03:55:55] [SEVERE ] removing player 3 token from slot 10
[2022-12-13 03:55:55] [SEVERE ] player 4 placing token on slot 9
[2022-12-13 03:55:55] [SEVERE ] player 2 placing token on slot 3
[2022-12-13 03:55:55] [SEVERE ] player 3 placing token on slot 4
[2022-12-13 03:55:55] [SEVERE ] player 5 placing token on slot 8
[2022-12-13 03:55:55] [SEVERE ] player 2 placing token on slot 7
[2022-12-13 03:55:55] [SEVERE ] player 3 placing token on slot 10
[2022-12-13 03:55:55] [SEVERE ] player 4 placing token on slot 5
[2022-12-13 03:55:55] [SEVERE ] player 5 placing token on slot 1
[2022-12-13 03:55:55] [SEVERE ] player 2 placing token on slot 2
[2022-12-13 03:55:55] [SEVERE ] removing player 2 token from slot 2
[2022-12-13 03:55:55] [SEVERE ] removing player 2 token from slot 3
[2022-12-13 03:55:55] [SEVERE ] removing player 2 token from slot 7
[2022-12-13 03:55:55] [SEVERE ] player 4 placing token on slot 1
[2022-12-13 03:55:55] [SEVERE ] removing player 4 token from slot 1
[2022-12-13 03:55:55] [SEVERE ] removing player 4 token from slot 5
[2022-12-13 03:55:55] [SEVERE ] removing player 4 token from slot 9
[2022-12-13 03:55:55] [SEVERE ] player 3 placing token on slot 8
[2022-12-13 03:55:55] [SEVERE ] removing player 3 token from slot 4
[2022-12-13 03:55:55] [SEVERE ] removing player 3 token from slot 8
[2022-12-13 03:55:55] [SEVERE ] removing player 3 token from slot 10
[2022-12-13 03:55:55] [SEVERE ] player 5 placing token on slot 2
[2022-12-13 03:55:55] [SEVERE ] removing player 5 token from slot 1
[2022-12-13 03:55:55] [SEVERE ] removing player 5 token from slot 2
[2022-12-13 03:55:55] [SEVERE ] removing player 5 token from slot 8
[2022-12-13 03:55:55] [SEVERE ] player 5 placing token on slot 11
[2022-12-13 03:55:56] [SEVERE ] player 2 placing token on slot 6
[2022-12-13 03:55:56] [SEVERE ] player 4 placing token on slot 2
[2022-12-13 03:55:56] [SEVERE ] player 3 placing token on slot 2
[2022-12-13 03:55:56] [SEVERE ] player 5 placing token on slot 7
[2022-12-13 03:55:56] [SEVERE ] player 2 placing token on slot 5
[2022-12-13 03:55:56] [SEVERE ] player 4 placing token on slot 7
[2022-12-13 03:55:56] [SEVERE ] player 3 placing token on slot 5
[2022-12-13 03:55:56] [SEVERE ] player 5 placing token on slot 0
[2022-12-13 03:55:56] [SEVERE ] removing player 5 token from slot 0
[2022-12-13 03:55:56] [SEVERE ] removing player 5 token from slot 7
[2022-12-13 03:55:56] [SEVERE ] removing player 5 token from slot 11
[2022-12-13 03:55:56] [SEVERE ] player 2 placing token on slot 2
[2022-12-13 03:55:56] [SEVERE ] removing player 2 token from slot 2
[2022-12-13 03:55:56] [SEVERE ] removing player 2 token from slot 5
[2022-12-13 03:55:56] [SEVERE ] removing player 2 token from slot 6
[2022-12-13 03:55:56] [SEVERE ] player 4 placing token on slot 9
[2022-12-13 03:55:56] [SEVERE ] removing player 4 token from slot 2
[2022-12-13 03:55:56] [SEVERE ] removing player 4 token from slot 7
[2022-12-13 03:55:56] [SEVERE ] removing player 4 token from slot 9
[2022-12-13 03:55:56] [SEVERE ] player 3 placing token on slot 1
[2022-12-13 03:55:56] [SEVERE ] removing player 3 token from slot 1
[2022-12-13 03:55:56] [SEVERE ] removing player 3 token from slot 2
[2022-12-13 03:55:56] [SEVERE ] removing player 3 token from slot 5
[2022-12-13 03:55:56] [SEVERE ] player 4 placing token on slot 5
[2022-12-13 03:55:56] [SEVERE ] player 5 placing token on slot 3
[2022-12-13 03:55:56] [SEVERE ] player 2 placing token on slot 10
[2022-12-13 03:55:56] [SEVERE ] player 3 placing token on slot 4
[2022-12-13 03:55:56] [SEVERE ] player 4 placing token on slot 0
[2022-12-13 03:55:56] [SEVERE ] player 3 placing token on slot 6
[2022-12-13 03:55:56] [SEVERE ] player 5 placing token on slot 5
[2022-12-13 03:55:56] [SEVERE ] player 2 placing token on slot 0
[2022-12-13 03:55:56] [SEVERE ] player 4 placing token on slot 2
[2022-12-13 03:55:56] [SEVERE ] removing player 4 token from slot 0
[2022-12-13 03:55:56] [SEVERE ] removing player 4 token from slot 2
[2022-12-13 03:55:56] [SEVERE ] removing player 4 token from slot 5
[2022-12-13 03:55:56] [SEVERE ] player 5 placing token on slot 10
[2022-12-13 03:55:56] [SEVERE ] removing player 5 token from slot 3
[2022-12-13 03:55:56] [SEVERE ] removing player 5 token from slot 5
[2022-12-13 03:55:56] [SEVERE ] removing player 5 token from slot 10
[2022-12-13 03:55:56] [SEVERE ] player 3 placing token on slot 8
[2022-12-13 03:55:56] [SEVERE ] removing player 3 token from slot 4
[2022-12-13 03:55:56] [SEVERE ] removing player 3 token from slot 6
[2022-12-13 03:55:56] [SEVERE ] removing player 3 token from slot 8
[2022-12-13 03:55:56] [SEVERE ] player 4 placing token on slot 4
[2022-12-13 03:55:56] [SEVERE ] player 2 placing token on slot 7
[2022-12-13 03:55:56] [SEVERE ] removing player 2 token from slot 0
[2022-12-13 03:55:56] [SEVERE ] removing player 2 token from slot 7
[2022-12-13 03:55:56] [SEVERE ] removing player 2 token from slot 10
[2022-12-13 03:55:56] [SEVERE ] player 3 placing token on slot 11
[2022-12-13 03:55:56] [SEVERE ] player 5 placing token on slot 7
[2022-12-13 03:55:56] [SEVERE ] player 4 placing token on slot 3
[2022-12-13 03:55:56] [SEVERE ] player 2 placing token on slot 7
[2022-12-13 03:55:56] [SEVERE ] player 5 placing token on slot 8
[2022-12-13 03:55:56] [SEVERE ] player 3 placing token on slot 2
[2022-12-13 03:55:56] [SEVERE ] player 2 placing token on slot 2
[2022-12-13 03:55:56] [SEVERE ] player 3 placing token on slot 10
[2022-12-13 03:55:56] [SEVERE ] removing player 3 token from slot 2
[2022-12-13 03:55:56] [SEVERE ] removing player 3 token from slot 10
[2022-12-13 03:55:56] [SEVERE ] removing player 3 token from slot 11
[2022-12-13 03:55:56] [SEVERE ] player 4 placing token on slot 1
[2022-12-13 03:55:56] [SEVERE ] player 5 placing token on slot 5
[2022-12-13 03:55:56] [SEVERE ] removing player 4 token from slot 1
[2022-12-13 03:55:56] [SEVERE ] removing player 4 token from slot 3
[2022-12-13 03:55:56] [SEVERE ] removing player 4 token from slot 4
[2022-12-13 03:55:56] [SEVERE ] removing player 5 token from slot 5
[2022-12-13 03:55:56] [SEVERE ] removing player 5 token from slot 7
[2022-12-13 03:55:56] [SEVERE ] removing player 5 token from slot 8
[2022-12-13 03:55:56] [SEVERE ] player 2 placing token on slot 3
[2022-12-13 03:55:56] [SEVERE ] removing player 2 token from slot 2
[2022-12-13 03:55:56] [SEVERE ] removing player 2 token from slot 3
[2022-12-13 03:55:56] [SEVERE ] removing player 2 token from slot 7
[2022-12-13 03:55:56] [SEVERE ] player 4 placing token on slot 3
[2022-12-13 03:55:56] [SEVERE ] player 5 placing token on slot 7
[2022-12-13 03:55:56] [SEVERE ] player 3 placing token on slot 4
[2022-12-13 03:55:56] [SEVERE ] player 2 placing token on slot 5
[2022-12-13 03:55:56] [SEVERE ] player 5 placing token on slot 10
[2022-12-13 03:55:56] [SEVERE ] player 3 placing token on slot 6
[2022-12-13 03:55:56] [SEVERE ] player 4 placing token on slot 6
[2022-12-13 03:55:56] [SEVERE ] player 2 placing token on slot 11
[2022-12-13 03:55:56] [SEVERE ] player 5 placing token on slot 2
[2022-12-13 03:55:56] [SEVERE ] removing player 5 token from slot 2
[2022-12-13 03:55:56] [SEVERE ] removing player 5 token from slot 7
[2022-12-13 03:55:56] [SEVERE ] removing player 5 token from slot 10
[2022-12-13 03:55:56] [SEVERE ] player 3 placing token on slot 3
[2022-12-13 03:55:56] [SEVERE ] removing player 3 token from slot 3
[2022-12-13 03:55:56] [SEVERE ] removing player 3 token from slot 4
[2022-12-13 03:55:56] [SEVERE ] removing player 3 token from slot 6
[2022-12-13 03:55:56] [SEVERE ] player 2 placing token on slot 4
[2022-12-13 03:55:56] [SEVERE ] removing player 2 token from slot 4
[2022-12-13 03:55:56] [SEVERE ] removing player 2 token from slot 5
[2022-12-13 03:55:56] [SEVERE ] removing player 2 token from slot 11
[2022-12-13 03:55:56] [SEVERE ] player 4 placing token on slot 9
[2022-12-13 03:55:56] [SEVERE ] removing player 4 token from slot 3
[2022-12-13 03:55:56] [SEVERE ] removing player 4 token from slot 6
[2022-12-13 03:55:56] [SEVERE ] removing player 4 token from slot 9
[2022-12-13 03:55:56] [SEVERE ] player 5 placing token on slot 3
[2022-12-13 03:55:56] [SEVERE ] player 2 placing token on slot 4
[2022-12-13 03:55:56] [SEVERE ] player 3 placing token on slot 6
[2022-12-13 03:55:56] [SEVERE ] player 4 placing token on slot 3
[2022-12-13 03:55:56] [SEVERE ] player 5 placing token on slot 11
[2022-12-13 03:55:56] [SEVERE ] player 5 placing token on slot 6
[2022-12-13 03:55:56] [SEVERE ] removing player 5 token from slot 3
[2022-12-13 03:55:56] [SEVERE ] removing player 5 token from slot 6
[2022-12-13 03:55:56] [SEVERE ] removing player 5 token from slot 11
[2022-12-13 03:55:56] [SEVERE ] player 2 placing token on slot 2
[2022-12-13 03:55:56] [SEVERE ] player 4 placing token on slot 9
[2022-12-13 03:55:56] [SEVERE ] player 3 placing token on slot 0
[2022-12-13 03:55:56] [SEVERE ] player 5 placing token on slot 3
[2022-12-13 03:55:56] [SEVERE ] player 2 placing token on slot 9
[2022-12-13 03:55:56] [SEVERE ] removing player 2 token from slot 2
[2022-12-13 03:55:56] [SEVERE ] removing player 2 token from slot 4
[2022-12-13 03:55:56] [SEVERE ] removing player 2 token from slot 9
[2022-12-13 03:55:56] [SEVERE ] player 4 placing token on slot 11
[2022-12-13 03:55:56] [SEVERE ] removing player 4 token from slot 3
[2022-12-13 03:55:56] [SEVERE ] removing player 4 token from slot 9
[2022-12-13 03:55:56] [SEVERE ] removing player 4 token from slot 11
[2022-12-13 03:55:56] [SEVERE ] player 3 placing token on slot 4
[2022-12-13 03:55:56] [SEVERE ] removing player 3 token from slot 0
[2022-12-13 03:55:56] [SEVERE ] removing player 3 token from slot 4
[2022-12-13 03:55:56] [SEVERE ] removing player 3 token from slot 6
[2022-12-13 03:55:56] [SEVERE ] player 4 placing token on slot 0
[2022-12-13 03:55:56] [SEVERE ] player 5 placing token on slot 6
[2022-12-13 03:55:56] [SEVERE ] player 2 placing token on slot 11
[2022-12-13 03:55:56] [SEVERE ] player 3 placing token on slot 6
[2022-12-13 03:55:56] [SEVERE ] player 4 placing token on slot 1
[2022-12-13 03:55:56] [SEVERE ] player 5 placing token on slot 8
[2022-12-13 03:55:56] [SEVERE ] removing player 5 token from slot 3
[2022-12-13 03:55:56] [SEVERE ] removing player 5 token from slot 6
[2022-12-13 03:55:56] [SEVERE ] removing player 5 token from slot 8
[2022-12-13 03:55:56] [SEVERE ] player 3 placing token on slot 2
[2022-12-13 03:55:56] [SEVERE ] player 2 placing token on slot 6
[2022-12-13 03:55:56] [SEVERE ] player 4 placing token on slot 4
[2022-12-13 03:55:56] [SEVERE ] removing player 4 token from slot 0
[2022-12-13 03:55:56] [SEVERE ] removing player 4 token from slot 1
[2022-12-13 03:55:56] [SEVERE ] removing player 4 token from slot 4
[2022-12-13 03:55:56] [SEVERE ] player 2 placing token on slot 5
[2022-12-13 03:55:56] [SEVERE ] removing player 2 token from slot 5
[2022-12-13 03:55:56] [SEVERE ] removing player 2 token from slot 6
[2022-12-13 03:55:56] [SEVERE ] removing player 2 token from slot 11
[2022-12-13 03:55:56] [SEVERE ] player 5 placing token on slot 2
[2022-12-13 03:55:56] [SEVERE ] player 3 placing token on slot 1
[2022-12-13 03:55:56] [SEVERE ] removing player 3 token from slot 1
[2022-12-13 03:55:56] [SEVERE ] removing player 3 token from slot 2
[2022-12-13 03:55:56] [SEVERE ] removing player 3 token from slot 6
[2022-12-13 03:55:56] [SEVERE ] player 4 placing token on slot 2
[2022-12-13 03:55:56] [SEVERE ] player 2 placing token on slot 8
[2022-12-13 03:55:56] [SEVERE ] player 5 placing token on slot 9
[2022-12-13 03:55:56] [SEVERE ] player 4 placing token on slot 6
[2022-12-13 03:55:56] [SEVERE ] player 3 placing token on slot 7
[2022-12-13 03:55:56] [SEVERE ] player 2 placing token on slot 3
[2022-12-13 03:55:56] [SEVERE ] player 5 placing token on slot 4
[2022-12-13 03:55:56] [SEVERE ] removing player 5 token from slot 2
[2022-12-13 03:55:56] [SEVERE ] removing player 5 token from slot 4
[2022-12-13 03:55:56] [SEVERE ] removing player 5 token from slot 9
[2022-12-13 03:55:56] [SEVERE ] player 3 placing token on slot 1
[2022-12-13 03:55:56] [SEVERE ] player 4 placing token on slot 5
[2022-12-13 03:55:56] [SEVERE ] removing player 4 token from slot 2
[2022-12-13 03:55:56] [SEVERE ] removing player 4 token from slot 5
[2022-12-13 03:55:56] [SEVERE ] removing player 4 token from slot 6
[2022-12-13 03:55:56] [SEVERE ] player 5 placing token on slot 7
[2022-12-13 03:55:56] [SEVERE ] player 2 placing token on slot 0
[2022-12-13 03:55:56] [SEVERE ] removing player 2 token from slot 0
[2022-12-13 03:55:56] [SEVERE ] removing player 2 token from slot 3
[2022-12-13 03:55:56] [SEVERE ] removing player 2 token from slot 8
[2022-12-13 03:55:56] [SEVERE ] player 3 placing token on slot 2
[2022-12-13 03:55:56] [SEVERE ] removing player 3 token from slot 1
[2022-12-13 03:55:56] [SEVERE ] removing player 3 token from slot 2
[2022-12-13 03:55:56] [SEVERE ] removing player 3 token from slot 7
[2022-12-13 03:55:56] [SEVERE ] player 4 placing token on slot 8
[2022-12-13 03:55:56] [SEVERE ] player 5 placing token on slot 5
[2022-12-13 03:55:56] [SEVERE ] player 2 placing token on slot 8
[2022-12-13 03:55:56] [SEVERE ] player 3 placing token on slot 9
[2022-12-13 03:55:56] [SEVERE ] player 4 placing token on slot 11
[2022-12-13 03:55:56] [SEVERE ] player 5 placing token on slot 0
[2022-12-13 03:55:56] [SEVERE ] removing player 5 token from slot 0
[2022-12-13 03:55:56] [SEVERE ] removing player 5 token from slot 5
[2022-12-13 03:55:56] [SEVERE ] removing player 5 token from slot 7
[2022-12-13 03:55:56] [SEVERE ] player 2 placing token on slot 1
[2022-12-13 03:55:56] [SEVERE ] player 3 placing token on slot 2
[2022-12-13 03:55:56] [SEVERE ] player 4 placing token on slot 4
[2022-12-13 03:55:56] [SEVERE ] removing player 4 token from slot 4
[2022-12-13 03:55:56] [SEVERE ] removing player 4 token from slot 8
[2022-12-13 03:55:56] [SEVERE ] removing player 4 token from slot 11
[2022-12-13 03:55:56] [SEVERE ] player 5 placing token on slot 1
[2022-12-13 03:55:56] [SEVERE ] player 2 placing token on slot 7
[2022-12-13 03:55:56] [SEVERE ] removing player 2 token from slot 1
[2022-12-13 03:55:56] [SEVERE ] removing player 2 token from slot 7
[2022-12-13 03:55:56] [SEVERE ] removing player 2 token from slot 8
[2022-12-13 03:55:56] [SEVERE ] player 4 placing token on slot 0
[2022-12-13 03:55:56] [SEVERE ] player 3 placing token on slot 11
[2022-12-13 03:55:56] [SEVERE ] removing player 3 token from slot 2
[2022-12-13 03:55:56] [SEVERE ] removing player 3 token from slot 9
[2022-12-13 03:55:56] [SEVERE ] removing player 3 token from slot 11
[2022-12-13 03:55:56] [SEVERE ] player 5 placing token on slot 3
[2022-12-13 03:55:56] [SEVERE ] player 2 placing token on slot 6
[2022-12-13 03:55:56] [SEVERE ] player 3 placing token on slot 10
[2022-12-13 03:55:56] [SEVERE ] player 4 placing token on slot 3
[2022-12-13 03:55:56] [SEVERE ] player 5 placing token on slot 2
[2022-12-13 03:55:56] [SEVERE ] removing player 5 token from slot 1
[2022-12-13 03:55:56] [SEVERE ] removing player 5 token from slot 2
[2022-12-13 03:55:56] [SEVERE ] removing player 5 token from slot 3
[2022-12-13 03:55:56] [SEVERE ] player 5 placing token on slot 6
[2022-12-13 03:55:56] [SEVERE ] player 2 placing token on slot 5
[2022-12-13 03:55:56] [SEVERE ] player 3 placing token on slot 3
[2022-12-13 03:55:56] [SEVERE ] player 4 placing token on slot 4
[2022-12-13 03:55:56] [SEVERE ] removing player 4 token from slot 0
[2022-12-13 03:55:56] [SEVERE ] removing player 4 token from slot 3
[2022-12-13 03:55:56] [SEVERE ] removing player 4 token from slot 4
[2022-12-13 03:55:56] [SEVERE ] player 3 placing token on slot 11
[2022-12-13 03:55:56] [SEVERE ] removing player 3 token from slot 3
[2022-12-13 03:55:56] [SEVERE ] removing player 3 token from slot 10
[2022-12-13 03:55:56] [SEVERE ] removing player 3 token from slot 11
[2022-12-13 03:55:56] [SEVERE ] player 4 placing token on slot 4
[2022-12-13 03:55:56] [SEVERE ] player 2 placing token on slot 11
[2022-12-13 03:55:56] [SEVERE ] removing player 2 token from slot 5
[2022-12-13 03:55:56] [SEVERE ] removing player 2 token from slot 6
[2022-12-13 03:55:56] [SEVERE ] removing player 2 token from slot 11
[2022-12-13 03:55:56] [SEVERE ] player 5 placing token on slot 2
[2022-12-13 03:55:56] [SEVERE ] player 2 placing token on slot 10
[2022-12-13 03:55:56] [SEVERE ] player 5 placing token on slot 0
[2022-12-13 03:55:56] [SEVERE ] removing player 5 token from slot 0
[2022-12-13 03:55:56] [SEVERE ] removing player 5 token from slot 2
[2022-12-13 03:55:56] [SEVERE ] removing player 5 token from slot 6
[2022-12-13 03:55:56] [SEVERE ] player 3 placing token on slot 8
[2022-12-13 03:55:56] [SEVERE ] player 4 placing token on slot 2
[2022-12-13 03:55:56] [SEVERE ] player 2 placing token on slot 11
[2022-12-13 03:55:56] [SEVERE ] player 3 placing token on slot 1
[2022-12-13 03:55:56] [SEVERE ] player 5 placing token on slot 2
[2022-12-13 03:55:56] [SEVERE ] player 4 placing token on slot 7
[2022-12-13 03:55:56] [SEVERE ] removing player 4 token from slot 2
[2022-12-13 03:55:56] [SEVERE ] removing player 4 token from slot 4
[2022-12-13 03:55:56] [SEVERE ] removing player 4 token from slot 7
[2022-12-13 03:55:56] [SEVERE ] player 2 placing token on slot 1
[2022-12-13 03:55:56] [SEVERE ] removing player 2 token from slot 1
[2022-12-13 03:55:56] [SEVERE ] removing player 2 token from slot 10
[2022-12-13 03:55:56] [SEVERE ] removing player 2 token from slot 11
[2022-12-13 03:55:56] [SEVERE ] player 3 placing token on slot 4
[2022-12-13 03:55:56] [SEVERE ] removing player 3 token from slot 1
[2022-12-13 03:55:56] [SEVERE ] removing player 3 token from slot 4
[2022-12-13 03:55:56] [SEVERE ] removing player 3 token from slot 8
[2022-12-13 03:55:56] [SEVERE ] player 5 placing token on slot 10
[2022-12-13 03:55:56] [SEVERE ] player 2 placing token on slot 3
[2022-12-13 03:55:56] [SEVERE ] player 4 placing token on slot 5
[2022-12-13 03:55:56] [SEVERE ] player 5 placing token on slot 11
[2022-12-13 03:55:56] [SEVERE ] player 3 placing token on slot 7
[2022-12-13 03:55:56] [SEVERE ] removing player 5 token from slot 2
[2022-12-13 03:55:56] [SEVERE ] removing player 5 token from slot 10
[2022-12-13 03:55:56] [SEVERE ] removing player 5 token from slot 11
[2022-12-13 03:55:56] [SEVERE ] player 2 placing token on slot 7
[2022-12-13 03:55:56] [SEVERE ] player 4 placing token on slot 2
[2022-12-13 03:55:56] [SEVERE ] player 3 placing token on slot 5
[2022-12-13 03:55:56] [SEVERE ] player 2 placing token on slot 10
[2022-12-13 03:55:56] [SEVERE ] removing player 2 token from slot 3
[2022-12-13 03:55:56] [SEVERE ] removing player 2 token from slot 7
[2022-12-13 03:55:56] [SEVERE ] removing player 2 token from slot 10
[2022-12-13 03:55:56] [SEVERE ] player 5 placing token on slot 10
[2022-12-13 03:55:56] [SEVERE ] player 4 placing token on slot 10
[2022-12-13 03:55:56] [SEVERE ] removing player 4 token from slot 2
[2022-12-13 03:55:56] [SEVERE ] removing player 4 token from slot 5
[2022-12-13 03:55:56] [SEVERE ] removing player 4 token from slot 10
[2022-12-13 03:55:57] [SEVERE ] player 2 placing token on slot 6
[2022-12-13 03:55:57] [SEVERE ] player 3 placing token on slot 4
[2022-12-13 03:55:57] [SEVERE ] removing player 3 token from slot 4
[2022-12-13 03:55:57] [SEVERE ] removing player 3 token from slot 5
[2022-12-13 03:55:57] [SEVERE ] removing player 3 token from slot 7
[2022-12-13 03:55:57] [SEVERE ] player 4 placing token on slot 1
[2022-12-13 03:55:57] [SEVERE ] player 5 placing token on slot 7
[2022-12-13 03:55:57] [SEVERE ] player 2 placing token on slot 0
[2022-12-13 03:55:57] [SEVERE ] player 4 placing token on slot 7
[2022-12-13 03:55:57] [SEVERE ] player 3 placing token on slot 4
[2022-12-13 03:55:57] [SEVERE ] player 5 placing token on slot 8
[2022-12-13 03:55:57] [SEVERE ] removing player 5 token from slot 7
[2022-12-13 03:55:57] [SEVERE ] removing player 5 token from slot 8
[2022-12-13 03:55:57] [SEVERE ] removing player 5 token from slot 10
[2022-12-13 03:55:57] [SEVERE ] player 2 placing token on slot 7
[2022-12-13 03:55:57] [SEVERE ] removing player 2 token from slot 0
[2022-12-13 03:55:57] [SEVERE ] removing player 2 token from slot 6
[2022-12-13 03:55:57] [SEVERE ] removing player 2 token from slot 7
[2022-12-13 03:55:57] [SEVERE ] player 3 placing token on slot 0
[2022-12-13 03:55:57] [SEVERE ] player 4 placing token on slot 3
[2022-12-13 03:55:57] [SEVERE ] removing player 4 token from slot 1
[2022-12-13 03:55:57] [SEVERE ] removing player 4 token from slot 3
[2022-12-13 03:55:57] [SEVERE ] removing player 4 token from slot 7
[2022-12-13 03:55:57] [SEVERE ] player 5 placing token on slot 11
[2022-12-13 03:55:57] [SEVERE ] player 2 placing token on slot 3
[2022-12-13 03:55:57] [SEVERE ] player 3 placing token on slot 7
[2022-12-13 03:55:57] [SEVERE ] removing player 3 token from slot 0
[2022-12-13 03:55:57] [SEVERE ] removing player 3 token from slot 4
[2022-12-13 03:55:57] [SEVERE ] removing player 3 token from slot 7
[2022-12-13 03:55:57] [SEVERE ] player 5 placing token on slot 10
[2022-12-13 03:55:57] [SEVERE ] player 4 placing token on slot 1
[2022-12-13 03:55:57] [SEVERE ] player 3 placing token on slot 10
[2022-12-13 03:55:57] [SEVERE ] player 2 placing token on slot 1
[2022-12-13 03:55:57] [SEVERE ] player 5 placing token on slot 1
[2022-12-13 03:55:57] [SEVERE ] removing player 5 token from slot 1
[2022-12-13 03:55:57] [SEVERE ] removing player 5 token from slot 10
[2022-12-13 03:55:57] [SEVERE ] removing player 5 token from slot 11
[2022-12-13 03:55:57] [SEVERE ] player 3 placing token on slot 2
[2022-12-13 03:55:57] [SEVERE ] player 4 placing token on slot 0
[2022-12-13 03:55:57] [SEVERE ] player 2 placing token on slot 5
[2022-12-13 03:55:57] [SEVERE ] removing player 2 token from slot 1
[2022-12-13 03:55:57] [SEVERE ] removing player 2 token from slot 3
[2022-12-13 03:55:57] [SEVERE ] removing player 2 token from slot 5
[2022-12-13 03:55:57] [SEVERE ] player 5 placing token on slot 10
[2022-12-13 03:55:57] [SEVERE ] player 4 placing token on slot 9
[2022-12-13 03:55:57] [SEVERE ] removing player 4 token from slot 0
[2022-12-13 03:55:57] [SEVERE ] removing player 4 token from slot 1
[2022-12-13 03:55:57] [SEVERE ] removing player 4 token from slot 9
[2022-12-13 03:55:57] [SEVERE ] player 3 placing token on slot 9
[2022-12-13 03:55:57] [SEVERE ] removing player 3 token from slot 2
[2022-12-13 03:55:57] [SEVERE ] removing player 3 token from slot 9
[2022-12-13 03:55:57] [SEVERE ] removing player 3 token from slot 10
[2022-12-13 03:55:57] [SEVERE ] player 2 placing token on slot 6
[2022-12-13 03:55:57] [SEVERE ] player 4 placing token on slot 9
[2022-12-13 03:55:57] [SEVERE ] player 5 placing token on slot 9
[2022-12-13 03:55:57] [SEVERE ] player 3 placing token on slot 7
[2022-12-13 03:55:57] [SEVERE ] player 2 placing token on slot 8
[2022-12-13 03:55:57] [SEVERE ] player 4 placing token on slot 3
[2022-12-13 03:55:57] [SEVERE ] player 5 placing token on slot 2
[2022-12-13 03:55:57] [SEVERE ] removing player 5 token from slot 2
[2022-12-13 03:55:57] [SEVERE ] removing player 5 token from slot 9
[2022-12-13 03:55:57] [SEVERE ] removing player 5 token from slot 10
[2022-12-13 03:55:57] [SEVERE ] player 2 placing token on slot 10
[2022-12-13 03:55:57] [SEVERE ] removing player 2 token from slot 6
[2022-12-13 03:55:57] [SEVERE ] removing player 2 token from slot 8
[2022-12-13 03:55:57] [SEVERE ] removing player 2 token from slot 10
[2022-12-13 03:55:57] [SEVERE ] player 3 placing token on slot 0
[2022-12-13 03:55:57] [SEVERE ] player 4 placing token on slot 7
[2022-12-13 03:55:57] [SEVERE ] removing player 4 token from slot 3
[2022-12-13 03:55:57] [SEVERE ] removing player 4 token from slot 7
[2022-12-13 03:55:57] [SEVERE ] removing player 4 token from slot 9
[2022-12-13 03:55:57] [SEVERE ] player 5 placing token on slot 6
[2022-12-13 03:55:57] [SEVERE ] player 2 placing token on slot 0
[2022-12-13 03:55:57] [SEVERE ] player 3 placing token on slot 5
[2022-12-13 03:55:57] [SEVERE ] removing player 3 token from slot 0
[2022-12-13 03:55:57] [SEVERE ] removing player 3 token from slot 5
[2022-12-13 03:55:57] [SEVERE ] removing player 3 token from slot 7
[2022-12-13 03:55:57] [SEVERE ] player 4 placing token on slot 10
[2022-12-13 03:55:57] [SEVERE ] player 2 placing token on slot 3
[2022-12-13 03:55:57] [SEVERE ] player 5 placing token on slot 7
[2022-12-13 03:55:57] [SEVERE ] player 3 placing token on slot 0
[2022-12-13 03:55:57] [SEVERE ] player 2 placing token on slot 1
[2022-12-13 03:55:57] [SEVERE ] removing player 2 token from slot 0
[2022-12-13 03:55:57] [SEVERE ] removing player 2 token from slot 1
[2022-12-13 03:55:57] [SEVERE ] removing player 2 token from slot 3
[2022-12-13 03:55:57] [SEVERE ] player 4 placing token on slot 8
[2022-12-13 03:55:57] [SEVERE ] player 5 placing token on slot 9
[2022-12-13 03:55:57] [SEVERE ] removing player 5 token from slot 6
[2022-12-13 03:55:57] [SEVERE ] removing player 5 token from slot 7
[2022-12-13 03:55:57] [SEVERE ] removing player 5 token from slot 9
[2022-12-13 03:55:57] [SEVERE ] player 3 placing token on slot 1
[2022-12-13 03:55:57] [SEVERE ] player 2 placing token on slot 9
[2022-12-13 03:55:57] [SEVERE ] player 4 placing token on slot 2
[2022-12-13 03:55:57] [SEVERE ] removing player 4 token from slot 2
[2022-12-13 03:55:57] [SEVERE ] removing player 4 token from slot 8
[2022-12-13 03:55:57] [SEVERE ] removing player 4 token from slot 10
[2022-12-13 03:55:57] [SEVERE ] player 2 placing token on slot 8
[2022-12-13 03:55:57] [SEVERE ] player 5 placing token on slot 1
[2022-12-13 03:55:57] [SEVERE ] player 3 placing token on slot 5
[2022-12-13 03:55:57] [SEVERE ] removing player 3 token from slot 0
[2022-12-13 03:55:57] [SEVERE ] removing player 3 token from slot 1
[2022-12-13 03:55:57] [SEVERE ] removing player 3 token from slot 5
[2022-12-13 03:55:57] [SEVERE ] player 4 placing token on slot 9
[2022-12-13 03:55:57] [SEVERE ] player 5 placing token on slot 10
[2022-12-13 03:55:57] [SEVERE ] player 2 placing token on slot 6
[2022-12-13 03:55:57] [SEVERE ] player 3 placing token on slot 8
[2022-12-13 03:55:57] [SEVERE ] removing player 2 token from slot 6
[2022-12-13 03:55:57] [SEVERE ] removing player 2 token from slot 8
[2022-12-13 03:55:57] [SEVERE ] removing player 2 token from slot 9
[2022-12-13 03:55:57] [SEVERE ] player 2 placing token on slot 9
[2022-12-13 03:55:57] [SEVERE ] player 5 placing token on slot 0
[2022-12-13 03:55:57] [SEVERE ] removing player 5 token from slot 0
[2022-12-13 03:55:57] [SEVERE ] removing player 5 token from slot 1
[2022-12-13 03:55:57] [SEVERE ] removing player 5 token from slot 10
[2022-12-13 03:55:57] [SEVERE ] player 4 placing token on slot 0
[2022-12-13 03:55:57] [SEVERE ] player 3 placing token on slot 2
[2022-12-13 03:55:57] [SEVERE ] player 4 placing token on slot 3
[2022-12-13 03:55:57] [SEVERE ] removing player 4 token from slot 0
[2022-12-13 03:55:57] [SEVERE ] removing player 4 token from slot 3
[2022-12-13 03:55:57] [SEVERE ] removing player 4 token from slot 9
[2022-12-13 03:55:57] [SEVERE ] player 2 placing token on slot 10
[2022-12-13 03:55:57] [SEVERE ] player 5 placing token on slot 10
[2022-12-13 03:55:57] [SEVERE ] player 3 placing token on slot 3
[2022-12-13 03:55:57] [SEVERE ] removing player 3 token from slot 2
[2022-12-13 03:55:57] [SEVERE ] removing player 3 token from slot 3
[2022-12-13 03:55:57] [SEVERE ] removing player 3 token from slot 8
[2022-12-13 03:55:57] [SEVERE ] player 2 placing token on slot 0
[2022-12-13 03:55:57] [SEVERE ] removing player 2 token from slot 0
[2022-12-13 03:55:57] [SEVERE ] removing player 2 token from slot 9
[2022-12-13 03:55:57] [SEVERE ] removing player 2 token from slot 10
[2022-12-13 03:55:57] [SEVERE ] player 4 placing token on slot 10
[2022-12-13 03:55:57] [SEVERE ] player 5 placing token on slot 1
[2022-12-13 03:55:57] [SEVERE ] player 3 placing token on slot 10
[2022-12-13 03:55:57] [SEVERE ] player 5 placing token on slot 3
[2022-12-13 03:55:57] [SEVERE ] removing player 5 token from slot 1
[2022-12-13 03:55:57] [SEVERE ] removing player 5 token from slot 3
[2022-12-13 03:55:57] [SEVERE ] removing player 5 token from slot 10
[2022-12-13 03:55:57] [SEVERE ] player 2 placing token on slot 0
[2022-12-13 03:55:57] [SEVERE ] player 4 placing token on slot 7
[2022-12-13 03:55:57] [SEVERE ] player 3 placing token on slot 5
[2022-12-13 03:55:57] [SEVERE ] player 2 placing token on slot 9
[2022-12-13 03:55:57] [SEVERE ] player 5 placing token on slot 6
[2022-12-13 03:55:57] [SEVERE ] player 4 placing token on slot 5
[2022-12-13 03:55:57] [SEVERE ] removing player 4 token from slot 5
[2022-12-13 03:55:57] [SEVERE ] removing player 4 token from slot 7
[2022-12-13 03:55:57] [SEVERE ] removing player 4 token from slot 10
[2022-12-13 03:55:57] [SEVERE ] player 3 placing token on slot 11
[2022-12-13 03:55:57] [SEVERE ] removing player 3 token from slot 5
[2022-12-13 03:55:57] [SEVERE ] removing player 3 token from slot 10
[2022-12-13 03:55:57] [SEVERE ] removing player 3 token from slot 11
[2022-12-13 03:55:57] [SEVERE ] player 2 placing token on slot 1
[2022-12-13 03:55:57] [SEVERE ] removing player 2 token from slot 0
[2022-12-13 03:55:57] [SEVERE ] removing player 2 token from slot 1
[2022-12-13 03:55:57] [SEVERE ] removing player 2 token from slot 9
[2022-12-13 03:55:57] [SEVERE ] player 4 placing token on slot 1
[2022-12-13 03:55:57] [SEVERE ] player 5 placing token on slot 1
[2022-12-13 03:55:57] [SEVERE ] player 4 placing token on slot 9
[2022-12-13 03:55:57] [SEVERE ] player 3 placing token on slot 0
[2022-12-13 03:55:57] [SEVERE ] player 5 placing token on slot 3
[2022-12-13 03:55:57] [SEVERE ] removing player 5 token from slot 1
[2022-12-13 03:55:57] [SEVERE ] removing player 5 token from slot 3
[2022-12-13 03:55:57] [SEVERE ] removing player 5 token from slot 6
[2022-12-13 03:55:57] [SEVERE ] player 2 placing token on slot 0
[2022-12-13 03:55:57] [SEVERE ] player 3 placing token on slot 5
[2022-12-13 03:55:57] [SEVERE ] player 2 placing token on slot 7
[2022-12-13 03:55:57] [SEVERE ] player 4 placing token on slot 6
[2022-12-13 03:55:57] [SEVERE ] removing player 4 token from slot 1
[2022-12-13 03:55:57] [SEVERE ] removing player 4 token from slot 6
[2022-12-13 03:55:57] [SEVERE ] removing player 4 token from slot 9
[2022-12-13 03:55:57] [SEVERE ] player 5 placing token on slot 0
[2022-12-13 03:55:57] [SEVERE ] player 2 placing token on slot 1
[2022-12-13 03:55:57] [SEVERE ] removing player 2 token from slot 0
[2022-12-13 03:55:57] [SEVERE ] removing player 2 token from slot 1
[2022-12-13 03:55:57] [SEVERE ] removing player 2 token from slot 7
[2022-12-13 03:55:57] [SEVERE ] player 5 placing token on slot 4
[2022-12-13 03:55:57] [SEVERE ] player 3 placing token on slot 10
[2022-12-13 03:55:57] [SEVERE ] removing player 3 token from slot 0
[2022-12-13 03:55:57] [SEVERE ] removing player 3 token from slot 5
[2022-12-13 03:55:57] [SEVERE ] removing player 3 token from slot 10
[2022-12-13 03:55:57] [SEVERE ] player 4 placing token on slot 10
[2022-12-13 03:55:57] [SEVERE ] player 2 placing token on slot 2
[2022-12-13 03:55:57] [SEVERE ] player 5 placing token on slot 7
[2022-12-13 03:55:57] [SEVERE ] removing player 5 token from slot 0
[2022-12-13 03:55:57] [SEVERE ] removing player 5 token from slot 4
[2022-12-13 03:55:57] [SEVERE ] removing player 5 token from slot 7
[2022-12-13 03:55:57] [SEVERE ] player 3 placing token on slot 3
[2022-12-13 03:55:57] [SEVERE ] player 4 placing token on slot 11
[2022-12-13 03:55:57] [SEVERE ] player 5 placing token on slot 6
[2022-12-13 03:55:57] [SEVERE ] player 2 placing token on slot 1
[2022-12-13 03:55:57] [SEVERE ] player 3 placing token on slot 6
[2022-12-13 03:55:57] [SEVERE ] player 4 placing token on slot 4
[2022-12-13 03:55:57] [SEVERE ] removing player 4 token from slot 4
[2022-12-13 03:55:57] [SEVERE ] removing player 4 token from slot 10
[2022-12-13 03:55:57] [SEVERE ] removing player 4 token from slot 11
[2022-12-13 03:55:57] [SEVERE ] player 4 placing token on slot 8
[2022-12-13 03:55:57] [SEVERE ] player 3 placing token on slot 2
[2022-12-13 03:55:57] [SEVERE ] removing player 3 token from slot 2
[2022-12-13 03:55:57] [SEVERE ] removing player 3 token from slot 3
[2022-12-13 03:55:57] [SEVERE ] removing player 3 token from slot 6
[2022-12-13 03:55:57] [SEVERE ] player 5 placing token on slot 9
[2022-12-13 03:55:57] [SEVERE ] player 2 placing token on slot 0
[2022-12-13 03:55:57] [SEVERE ] removing player 2 token from slot 0
[2022-12-13 03:55:57] [SEVERE ] removing player 2 token from slot 1
[2022-12-13 03:55:57] [SEVERE ] removing player 2 token from slot 2
[2022-12-13 03:55:57] [SEVERE ] player 3 placing token on slot 8
[2022-12-13 03:55:57] [SEVERE ] player 2 placing token on slot 8
[2022-12-13 03:55:57] [SEVERE ] player 5 placing token on slot 4
[2022-12-13 03:55:57] [SEVERE ] removing player 5 token from slot 4
[2022-12-13 03:55:57] [SEVERE ] removing player 5 token from slot 6
[2022-12-13 03:55:57] [SEVERE ] removing player 5 token from slot 9
[2022-12-13 03:55:57] [SEVERE ] player 4 placing token on slot 9
[2022-12-13 03:55:57] [SEVERE ] player 3 placing token on slot 1
[2022-12-13 03:55:57] [SEVERE ] player 5 placing token on slot 4
[2022-12-13 03:55:57] [SEVERE ] player 2 placing token on slot 10
[2022-12-13 03:55:57] [SEVERE ] player 4 placing token on slot 10
[2022-12-13 03:55:57] [SEVERE ] removing player 4 token from slot 8
[2022-12-13 03:55:57] [SEVERE ] removing player 4 token from slot 9
[2022-12-13 03:55:57] [SEVERE ] removing player 4 token from slot 10
[2022-12-13 03:55:57] [SEVERE ] player 3 placing token on slot 2
[2022-12-13 03:55:57] [SEVERE ] removing player 3 token from slot 1
[2022-12-13 03:55:57] [SEVERE ] removing player 3 token from slot 2
[2022-12-13 03:55:57] [SEVERE ] removing player 3 token from slot 8
[2022-12-13 03:55:57] [SEVERE ] player 2 placing token on slot 7
[2022-12-13 03:55:57] [SEVERE ] removing player 2 token from slot 7
[2022-12-13 03:55:57] [SEVERE ] removing player 2 token from slot 8
[2022-12-13 03:55:57] [SEVERE ] removing player 2 token from slot 10
[2022-12-13 03:55:57] [SEVERE ] player 5 placing token on slot 6
[2022-12-13 03:55:57] [SEVERE ] player 3 placing token on slot 11
[2022-12-13 03:55:57] [SEVERE ] player 4 placing token on slot 2
[2022-12-13 03:55:57] [SEVERE ] player 2 placing token on slot 10
[2022-12-13 03:55:57] [SEVERE ] player 5 placing token on slot 3
[2022-12-13 03:55:57] [SEVERE ] removing player 5 token from slot 3
[2022-12-13 03:55:57] [SEVERE ] removing player 5 token from slot 4
[2022-12-13 03:55:57] [SEVERE ] removing player 5 token from slot 6
[2022-12-13 03:55:57] [SEVERE ] player 3 placing token on slot 4
[2022-12-13 03:55:57] [SEVERE ] player 2 placing token on slot 7
[2022-12-13 03:55:57] [SEVERE ] player 4 placing token on slot 3
[2022-12-13 03:55:57] [SEVERE ] player 5 placing token on slot 0
[2022-12-13 03:55:57] [SEVERE ] player 3 placing token on slot 2
[2022-12-13 03:55:57] [SEVERE ] removing player 3 token from slot 2
[2022-12-13 03:55:57] [SEVERE ] removing player 3 token from slot 4
[2022-12-13 03:55:57] [SEVERE ] removing player 3 token from slot 11
[2022-12-13 03:55:57] [SEVERE ] player 2 placing token on slot 3
[2022-12-13 03:55:57] [SEVERE ] removing player 2 token from slot 3
[2022-12-13 03:55:57] [SEVERE ] removing player 2 token from slot 7
[2022-12-13 03:55:57] [SEVERE ] removing player 2 token from slot 10
[2022-12-13 03:55:57] [SEVERE ] player 4 placing token on slot 11
[2022-12-13 03:55:57] [SEVERE ] removing player 4 token from slot 2
[2022-12-13 03:55:57] [SEVERE ] removing player 4 token from slot 3
[2022-12-13 03:55:57] [SEVERE ] removing player 4 token from slot 11
[2022-12-13 03:55:57] [SEVERE ] player 5 placing token on slot 5
[2022-12-13 03:55:57] [SEVERE ] player 2 placing token on slot 3
[2022-12-13 03:55:57] [SEVERE ] player 3 placing token on slot 4
[2022-12-13 03:55:57] [SEVERE ] player 4 placing token on slot 4
[2022-12-13 03:55:57] [SEVERE ] player 5 placing token on slot 10
[2022-12-13 03:55:57] [SEVERE ] removing player 5 token from slot 0
[2022-12-13 03:55:57] [SEVERE ] removing player 5 token from slot 5
[2022-12-13 03:55:57] [SEVERE ] removing player 5 token from slot 10
[2022-12-13 03:55:57] [SEVERE ] player 2 placing token on slot 2
[2022-12-13 03:55:57] [SEVERE ] player 3 placing token on slot 8
[2022-12-13 03:55:57] [SEVERE ] player 4 placing token on slot 10
[2022-12-13 03:55:57] [SEVERE ] player 2 placing token on slot 8
[2022-12-13 03:55:57] [SEVERE ] removing player 2 token from slot 2
[2022-12-13 03:55:57] [SEVERE ] removing player 2 token from slot 3
[2022-12-13 03:55:57] [SEVERE ] removing player 2 token from slot 8
[2022-12-13 03:55:58] [SEVERE ] player 5 placing token on slot 6
[2022-12-13 03:55:58] [SEVERE ] player 3 placing token on slot 0
[2022-12-13 03:55:58] [SEVERE ] removing player 3 token from slot 0
[2022-12-13 03:55:58] [SEVERE ] removing player 3 token from slot 4
[2022-12-13 03:55:58] [SEVERE ] removing player 3 token from slot 8
[2022-12-13 03:55:58] [SEVERE ] player 4 placing token on slot 0
[2022-12-13 03:55:58] [SEVERE ] removing player 4 token from slot 0
[2022-12-13 03:55:58] [SEVERE ] removing player 4 token from slot 4
[2022-12-13 03:55:58] [SEVERE ] removing player 4 token from slot 10
[2022-12-13 03:55:58] [SEVERE ] player 3 placing token on slot 4
[2022-12-13 03:55:58] [SEVERE ] player 2 placing token on slot 2
[2022-12-13 03:55:58] [SEVERE ] player 5 placing token on slot 4
[2022-12-13 03:55:58] [SEVERE ] player 2 placing token on slot 4
[2022-12-13 03:55:58] [SEVERE ] player 3 placing token on slot 9
[2022-12-13 03:55:58] [SEVERE ] player 4 placing token on slot 7
[2022-12-13 03:55:58] [SEVERE ] player 2 placing token on slot 8
[2022-12-13 03:55:58] [SEVERE ] removing player 2 token from slot 2
[2022-12-13 03:55:58] [SEVERE ] removing player 2 token from slot 4
[2022-12-13 03:55:58] [SEVERE ] removing player 2 token from slot 8
[2022-12-13 03:55:58] [SEVERE ] player 5 placing token on slot 8
[2022-12-13 03:55:58] [SEVERE ] removing player 5 token from slot 4
[2022-12-13 03:55:58] [SEVERE ] removing player 5 token from slot 6
[2022-12-13 03:55:58] [SEVERE ] removing player 5 token from slot 8
[2022-12-13 03:55:58] [SEVERE ] player 4 placing token on slot 2
[2022-12-13 03:55:58] [SEVERE ] player 3 placing token on slot 10
[2022-12-13 03:55:58] [SEVERE ] player 2 placing token on slot 11
[2022-12-13 03:55:58] [SEVERE ] player 4 placing token on slot 11
[2022-12-13 03:55:58] [SEVERE ] player 5 placing token on slot 6
[2022-12-13 03:55:58] [SEVERE ] player 2 placing token on slot 1
[2022-12-13 03:55:58] [SEVERE ] player 5 placing token on slot 9
[2022-12-13 03:55:58] [SEVERE ] player 2 placing token on slot 3
[2022-12-13 03:55:58] [SEVERE ] player 5 placing token on slot 8
[2022-12-13 03:55:58] [SEVERE ] removing tokens from slot 4
[2022-12-13 03:55:58] [SEVERE ] removing card from slot 4
[2022-12-13 03:55:58] [SEVERE ] removing tokens from slot 9
[2022-12-13 03:55:58] [SEVERE ] removing card from slot 9
[2022-12-13 03:55:58] [SEVERE ] removing tokens from slot 10
[2022-12-13 03:55:58] [SEVERE ] removing card from slot 10
[2022-12-13 03:55:58] [SEVERE ] placing card 38 in slot 4
[2022-12-13 03:55:58] [SEVERE ] placing card 62 in slot 9
[2022-12-13 03:55:58] [SEVERE ] placing card 18 in slot 10
[2022-12-13 03:55:58] [SEVERE ] setting player 3 score to 2
[2022-12-13 03:55:58] [SEVERE ] removing player 4 token from slot 2
[2022-12-13 03:55:58] [SEVERE ] removing player 4 token from slot 7
[2022-12-13 03:55:58] [SEVERE ] removing player 4 token from slot 11
[2022-12-13 03:55:58] [SEVERE ] removing player 2 token from slot 1
[2022-12-13 03:55:58] [SEVERE ] removing player 2 token from slot 3
[2022-12-13 03:55:58] [SEVERE ] removing player 2 token from slot 11
[2022-12-13 03:55:58] [SEVERE ] player 4 placing token on slot 0
[2022-12-13 03:55:58] [SEVERE ] player 2 placing token on slot 7
[2022-12-13 03:55:58] [SEVERE ] player 3 placing token on slot 4
[2022-12-13 03:55:58] [SEVERE ] player 5 placing token on slot 9
[2022-12-13 03:55:58] [SEVERE ] removing player 5 token from slot 6
[2022-12-13 03:55:58] [SEVERE ] removing player 5 token from slot 8
[2022-12-13 03:55:58] [SEVERE ] removing player 5 token from slot 9
[2022-12-13 03:55:58] [SEVERE ] player 4 placing token on slot 11
[2022-12-13 03:55:58] [SEVERE ] player 2 placing token on slot 5
[2022-12-13 03:55:58] [SEVERE ] player 3 placing token on slot 7
[2022-12-13 03:55:58] [SEVERE ] player 5 placing token on slot 6
[2022-12-13 03:55:58] [SEVERE ] player 3 placing token on slot 0
[2022-12-13 03:55:58] [SEVERE ] removing player 3 token from slot 0
[2022-12-13 03:55:58] [SEVERE ] removing player 3 token from slot 4
[2022-12-13 03:55:58] [SEVERE ] removing player 3 token from slot 7
[2022-12-13 03:55:58] [SEVERE ] player 4 placing token on slot 7
[2022-12-13 03:55:58] [SEVERE ] removing player 4 token from slot 0
[2022-12-13 03:55:58] [SEVERE ] removing player 4 token from slot 7
[2022-12-13 03:55:58] [SEVERE ] removing player 4 token from slot 11
[2022-12-13 03:55:58] [SEVERE ] player 2 placing token on slot 8
[2022-12-13 03:55:58] [SEVERE ] removing player 2 token from slot 5
[2022-12-13 03:55:58] [SEVERE ] removing player 2 token from slot 7
[2022-12-13 03:55:58] [SEVERE ] removing player 2 token from slot 8
[2022-12-13 03:55:58] [SEVERE ] player 5 placing token on slot 2
[2022-12-13 03:55:58] [SEVERE ] player 3 placing token on slot 7
[2022-12-13 03:55:58] [SEVERE ] player 4 placing token on slot 0
[2022-12-13 03:55:58] [SEVERE ] player 2 placing token on slot 10
[2022-12-13 03:55:58] [SEVERE ] player 5 placing token on slot 5
[2022-12-13 03:55:58] [SEVERE ] removing player 5 token from slot 2
[2022-12-13 03:55:58] [SEVERE ] removing player 5 token from slot 5
[2022-12-13 03:55:58] [SEVERE ] removing player 5 token from slot 6
[2022-12-13 03:55:58] [SEVERE ] player 3 placing token on slot 3
[2022-12-13 03:55:58] [SEVERE ] player 4 placing token on slot 4
[2022-12-13 03:55:58] [SEVERE ] player 2 placing token on slot 1
[2022-12-13 03:55:58] [SEVERE ] player 5 placing token on slot 8
[2022-12-13 03:55:58] [SEVERE ] player 2 placing token on slot 0
[2022-12-13 03:55:58] [SEVERE ] removing player 2 token from slot 0
[2022-12-13 03:55:58] [SEVERE ] removing player 2 token from slot 1
[2022-12-13 03:55:58] [SEVERE ] removing player 2 token from slot 10
[2022-12-13 03:55:58] [SEVERE ] player 3 placing token on slot 11
[2022-12-13 03:55:58] [SEVERE ] removing player 3 token from slot 3
[2022-12-13 03:55:58] [SEVERE ] removing player 3 token from slot 7
[2022-12-13 03:55:58] [SEVERE ] removing player 3 token from slot 11
[2022-12-13 03:55:58] [SEVERE ] player 4 placing token on slot 5
[2022-12-13 03:55:58] [SEVERE ] removing player 4 token from slot 0
[2022-12-13 03:55:58] [SEVERE ] removing player 4 token from slot 4
[2022-12-13 03:55:58] [SEVERE ] removing player 4 token from slot 5
[2022-12-13 03:55:58] [SEVERE ] player 5 placing token on slot 6
[2022-12-13 03:55:58] [SEVERE ] player 2 placing token on slot 4
[2022-12-13 03:55:58] [SEVERE ] player 4 placing token on slot 10
[2022-12-13 03:55:58] [SEVERE ] player 3 placing token on slot 11
[2022-12-13 03:55:58] [SEVERE ] player 5 placing token on slot 1
[2022-12-13 03:55:58] [SEVERE ] removing player 5 token from slot 1
[2022-12-13 03:55:58] [SEVERE ] removing player 5 token from slot 6
[2022-12-13 03:55:58] [SEVERE ] removing player 5 token from slot 8
[2022-12-13 03:55:58] [SEVERE ] player 2 placing token on slot 0
[2022-12-13 03:55:58] [SEVERE ] player 4 placing token on slot 4
[2022-12-13 03:55:58] [SEVERE ] player 3 placing token on slot 7
[2022-12-13 03:55:58] [SEVERE ] player 5 placing token on slot 6
[2022-12-13 03:55:58] [SEVERE ] player 2 placing token on slot 2
[2022-12-13 03:55:58] [SEVERE ] removing player 2 token from slot 0
[2022-12-13 03:55:58] [SEVERE ] removing player 2 token from slot 2
[2022-12-13 03:55:58] [SEVERE ] removing player 2 token from slot 4
[2022-12-13 03:55:58] [SEVERE ] player 4 placing token on slot 8
[2022-12-13 03:55:58] [SEVERE ] removing player 4 token from slot 4
[2022-12-13 03:55:58] [SEVERE ] removing player 4 token from slot 8
[2022-12-13 03:55:58] [SEVERE ] removing player 4 token from slot 10
[2022-12-13 03:55:58] [SEVERE ] player 3 placing token on slot 2
[2022-12-13 03:55:58] [SEVERE ] removing player 3 token from slot 2
[2022-12-13 03:55:58] [SEVERE ] removing player 3 token from slot 7
[2022-12-13 03:55:58] [SEVERE ] removing player 3 token from slot 11
[2022-12-13 03:55:58] [SEVERE ] player 5 placing token on slot 0
[2022-12-13 03:55:58] [SEVERE ] player 4 placing token on slot 10
[2022-12-13 03:55:58] [SEVERE ] player 2 placing token on slot 9
[2022-12-13 03:55:58] [SEVERE ] player 5 placing token on slot 11
[2022-12-13 03:55:58] [SEVERE ] removing player 5 token from slot 0
[2022-12-13 03:55:58] [SEVERE ] removing player 5 token from slot 6
[2022-12-13 03:55:58] [SEVERE ] removing player 5 token from slot 11
[2022-12-13 03:55:58] [SEVERE ] player 3 placing token on slot 0
[2022-12-13 03:55:58] [SEVERE ] player 4 placing token on slot 1
[2022-12-13 03:55:59] [SEVERE ] player 2 placing token on slot 11
[2022-12-13 03:55:59] [SEVERE ] player 3 placing token on slot 2
[2022-12-13 03:55:59] [SEVERE ] player 5 placing token on slot 4
[2022-12-13 03:55:59] [SEVERE ] player 4 placing token on slot 3
[2022-12-13 03:55:59] [SEVERE ] removing player 4 token from slot 1
[2022-12-13 03:55:59] [SEVERE ] removing player 4 token from slot 3
[2022-12-13 03:55:59] [SEVERE ] removing player 4 token from slot 10
[2022-12-13 03:55:59] [SEVERE ] player 2 placing token on slot 1
[2022-12-13 03:55:59] [SEVERE ] removing player 2 token from slot 1
[2022-12-13 03:55:59] [SEVERE ] removing player 2 token from slot 9
[2022-12-13 03:55:59] [SEVERE ] removing player 2 token from slot 11
[2022-12-13 03:55:59] [SEVERE ] player 3 placing token on slot 10
[2022-12-13 03:55:59] [SEVERE ] removing player 3 token from slot 0
[2022-12-13 03:55:59] [SEVERE ] removing player 3 token from slot 2
[2022-12-13 03:55:59] [SEVERE ] removing player 3 token from slot 10
[2022-12-13 03:55:59] [SEVERE ] player 2 placing token on slot 7
[2022-12-13 03:55:59] [SEVERE ] player 5 placing token on slot 7
[2022-12-13 03:55:59] [SEVERE ] player 4 placing token on slot 4
[2022-12-13 03:55:59] [SEVERE ] player 3 placing token on slot 11
[2022-12-13 03:55:59] [SEVERE ] player 4 placing token on slot 6
[2022-12-13 03:55:59] [SEVERE ] player 2 placing token on slot 11
[2022-12-13 03:55:59] [SEVERE ] player 5 placing token on slot 6
[2022-12-13 03:55:59] [SEVERE ] removing player 5 token from slot 4
[2022-12-13 03:55:59] [SEVERE ] removing player 5 token from slot 6
[2022-12-13 03:55:59] [SEVERE ] removing player 5 token from slot 7
[2022-12-13 03:55:59] [SEVERE ] player 4 placing token on slot 3
[2022-12-13 03:55:59] [SEVERE ] removing player 4 token from slot 3
[2022-12-13 03:55:59] [SEVERE ] removing player 4 token from slot 4
[2022-12-13 03:55:59] [SEVERE ] removing player 4 token from slot 6
[2022-12-13 03:55:59] [SEVERE ] player 3 placing token on slot 10
[2022-12-13 03:55:59] [SEVERE ] player 5 placing token on slot 10
[2022-12-13 03:55:59] [SEVERE ] player 2 placing token on slot 0
[2022-12-13 03:55:59] [SEVERE ] removing player 2 token from slot 0
[2022-12-13 03:55:59] [SEVERE ] removing player 2 token from slot 7
[2022-12-13 03:55:59] [SEVERE ] removing player 2 token from slot 11
[2022-12-13 03:55:59] [SEVERE ] player 4 placing token on slot 8
[2022-12-13 03:55:59] [SEVERE ] player 3 placing token on slot 0
[2022-12-13 03:55:59] [SEVERE ] removing player 3 token from slot 0
[2022-12-13 03:55:59] [SEVERE ] removing player 3 token from slot 10
[2022-12-13 03:55:59] [SEVERE ] removing player 3 token from slot 11
[2022-12-13 03:55:59] [SEVERE ] player 2 placing token on slot 4
[2022-12-13 03:55:59] [SEVERE ] player 5 placing token on slot 6
[2022-12-13 03:55:59] [SEVERE ] player 3 placing token on slot 5
[2022-12-13 03:55:59] [SEVERE ] player 2 placing token on slot 3
[2022-12-13 03:55:59] [SEVERE ] player 4 placing token on slot 11
[2022-12-13 03:55:59] [SEVERE ] player 5 placing token on slot 5
[2022-12-13 03:55:59] [SEVERE ] removing player 5 token from slot 5
[2022-12-13 03:55:59] [SEVERE ] removing player 5 token from slot 6
[2022-12-13 03:55:59] [SEVERE ] removing player 5 token from slot 10
[2022-12-13 03:55:59] [SEVERE ] player 5 placing token on slot 1
[2022-12-13 03:55:59] [SEVERE ] player 2 placing token on slot 10
[2022-12-13 03:55:59] [SEVERE ] removing player 2 token from slot 3
[2022-12-13 03:55:59] [SEVERE ] removing player 2 token from slot 4
[2022-12-13 03:55:59] [SEVERE ] removing player 2 token from slot 10
[2022-12-13 03:55:59] [SEVERE ] player 4 placing token on slot 6
[2022-12-13 03:55:59] [SEVERE ] removing player 4 token from slot 6
[2022-12-13 03:55:59] [SEVERE ] removing player 4 token from slot 8
[2022-12-13 03:55:59] [SEVERE ] removing player 4 token from slot 11
[2022-12-13 03:55:59] [SEVERE ] player 3 placing token on slot 4
[2022-12-13 03:55:59] [SEVERE ] player 4 placing token on slot 11
[2022-12-13 03:55:59] [SEVERE ] player 5 placing token on slot 8
[2022-12-13 03:55:59] [SEVERE ] player 2 placing token on slot 6
[2022-12-13 03:55:59] [SEVERE ] player 3 placing token on slot 8
[2022-12-13 03:55:59] [SEVERE ] removing player 3 token from slot 4
[2022-12-13 03:55:59] [SEVERE ] removing player 3 token from slot 5
[2022-12-13 03:55:59] [SEVERE ] removing player 3 token from slot 8
[2022-12-13 03:55:59] [SEVERE ] player 4 placing token on slot 2
[2022-12-13 03:55:59] [SEVERE ] player 5 placing token on slot 11
[2022-12-13 03:55:59] [SEVERE ] removing player 5 token from slot 1
[2022-12-13 03:55:59] [SEVERE ] removing player 5 token from slot 8
[2022-12-13 03:55:59] [SEVERE ] removing player 5 token from slot 11
[2022-12-13 03:55:59] [SEVERE ] player 3 placing token on slot 3
[2022-12-13 03:55:59] [SEVERE ] player 2 placing token on slot 10
[2022-12-13 03:55:59] [SEVERE ] player 5 placing token on slot 4
[2022-12-13 03:55:59] [SEVERE ] player 4 placing token on slot 8
[2022-12-13 03:55:59] [SEVERE ] removing player 4 token from slot 2
[2022-12-13 03:55:59] [SEVERE ] removing player 4 token from slot 8
[2022-12-13 03:55:59] [SEVERE ] removing player 4 token from slot 11
[2022-12-13 03:55:59] [SEVERE ] player 2 placing token on slot 5
[2022-12-13 03:55:59] [SEVERE ] removing player 2 token from slot 5
[2022-12-13 03:55:59] [SEVERE ] removing player 2 token from slot 6
[2022-12-13 03:55:59] [SEVERE ] removing player 2 token from slot 10
[2022-12-13 03:55:59] [SEVERE ] player 3 placing token on slot 2
[2022-12-13 03:55:59] [SEVERE ] player 4 placing token on slot 10
[2022-12-13 03:55:59] [SEVERE ] player 5 placing token on slot 7
[2022-12-13 03:55:59] [SEVERE ] player 3 placing token on slot 5
[2022-12-13 03:55:59] [SEVERE ] removing player 3 token from slot 2
[2022-12-13 03:55:59] [SEVERE ] removing player 3 token from slot 3
[2022-12-13 03:55:59] [SEVERE ] removing player 3 token from slot 5
[2022-12-13 03:55:59] [SEVERE ] player 2 placing token on slot 6
[2022-12-13 03:55:59] [SEVERE ] player 5 placing token on slot 2
[2022-12-13 03:55:59] [SEVERE ] removing player 5 token from slot 2
[2022-12-13 03:55:59] [SEVERE ] removing player 5 token from slot 4
[2022-12-13 03:55:59] [SEVERE ] removing player 5 token from slot 7
[2022-12-13 03:55:59] [SEVERE ] player 4 placing token on slot 8
[2022-12-13 03:55:59] [SEVERE ] player 2 placing token on slot 9
[2022-12-13 03:55:59] [SEVERE ] player 3 placing token on slot 4
[2022-12-13 03:55:59] [SEVERE ] player 4 placing token on slot 11
[2022-12-13 03:55:59] [SEVERE ] removing player 4 token from slot 8
[2022-12-13 03:55:59] [SEVERE ] removing player 4 token from slot 10
[2022-12-13 03:55:59] [SEVERE ] removing player 4 token from slot 11
[2022-12-13 03:55:59] [SEVERE ] player 5 placing token on slot 6
[2022-12-13 03:55:59] [SEVERE ] player 4 placing token on slot 0
[2022-12-13 03:55:59] [SEVERE ] player 3 placing token on slot 6
[2022-12-13 03:55:59] [SEVERE ] player 2 placing token on slot 11
[2022-12-13 03:55:59] [SEVERE ] removing player 2 token from slot 6
[2022-12-13 03:55:59] [SEVERE ] removing player 2 token from slot 9
[2022-12-13 03:55:59] [SEVERE ] removing player 2 token from slot 11
[2022-12-13 03:55:59] [SEVERE ] player 2 placing token on slot 7
[2022-12-13 03:55:59] [SEVERE ] player 5 placing token on slot 7
[2022-12-13 03:55:59] [SEVERE ] player 4 placing token on slot 6
[2022-12-13 03:55:59] [SEVERE ] player 2 placing token on slot 5
[2022-12-13 03:55:59] [SEVERE ] player 3 placing token on slot 1
[2022-12-13 03:55:59] [SEVERE ] removing player 3 token from slot 1
[2022-12-13 03:55:59] [SEVERE ] removing player 3 token from slot 4
[2022-12-13 03:55:59] [SEVERE ] removing player 3 token from slot 6
[2022-12-13 03:55:59] [SEVERE ] player 5 placing token on slot 1
[2022-12-13 03:55:59] [SEVERE ] removing player 5 token from slot 1
[2022-12-13 03:55:59] [SEVERE ] removing player 5 token from slot 6
[2022-12-13 03:55:59] [SEVERE ] removing player 5 token from slot 7
[2022-12-13 03:55:59] [SEVERE ] player 2 placing token on slot 11
[2022-12-13 03:55:59] [SEVERE ] removing player 2 token from slot 5
[2022-12-13 03:55:59] [SEVERE ] removing player 2 token from slot 7
[2022-12-13 03:55:59] [SEVERE ] removing player 2 token from slot 11
[2022-12-13 03:55:59] [SEVERE ] player 4 placing token on slot 2
[2022-12-13 03:55:59] [SEVERE ] removing player 4 token from slot 0
[2022-12-13 03:55:59] [SEVERE ] removing player 4 token from slot 2
[2022-12-13 03:55:59] [SEVERE ] removing player 4 token from slot 6
