[2022-12-10 12:03:37] [INFO   ] cannot read configuration file config.properties trying from resources.
[2022-12-10 12:03:37] [INFO   ] configuration file was loaded from resources directory.
[2022-12-10 12:03:37] [INFO   ] Thread Thread-0starting.
[2022-12-10 12:03:37] [INFO   ] Thread Thread-5starting.
[2022-12-10 12:03:37] [INFO   ] Thread dealer starting.
[2022-12-10 12:03:37] [INFO   ] Thread Thread-4starting.
[2022-12-10 12:03:37] [INFO   ] Thread Thread-3starting.
[2022-12-10 12:03:37] [INFO   ] Thread Thread-2starting.
[2022-12-10 12:03:37] [INFO   ] Thread Thread-1starting.
[2022-12-10 12:03:37] [INFO   ] Thread computer-5 starting.
[2022-12-10 12:03:37] [INFO   ] Thread computer-4 starting.
[2022-12-10 12:03:37] [INFO   ] Thread computer-3 starting.
[2022-12-10 12:03:37] [INFO   ] Thread computer-2 starting.
[2022-12-10 12:03:37] [SEVERE ] placing card 26 in slot 0
[2022-12-10 12:03:38] [SEVERE ] placing card 71 in slot 1
[2022-12-10 12:03:38] [SEVERE ] placing card 11 in slot 2
[2022-12-10 12:03:38] [SEVERE ] placing card 69 in slot 3
[2022-12-10 12:03:38] [SEVERE ] placing card 75 in slot 4
[2022-12-10 12:03:38] [SEVERE ] placing card 70 in slot 5
[2022-12-10 12:03:38] [SEVERE ] placing card 57 in slot 6
[2022-12-10 12:03:38] [SEVERE ] placing card 3 in slot 7
[2022-12-10 12:03:38] [SEVERE ] placing card 68 in slot 8
[2022-12-10 12:03:39] [SEVERE ] placing card 55 in slot 9
[2022-12-10 12:03:39] [SEVERE ] placing card 17 in slot 10
[2022-12-10 12:03:39] [SEVERE ] placing card 78 in slot 11
[2022-12-10 12:03:45] [SEVERE ] removing tokens from slot 0
[2022-12-10 12:03:45] [SEVERE ] removing card from slot 0
[2022-12-10 12:03:45] [SEVERE ] removing tokens from slot 1
[2022-12-10 12:03:45] [SEVERE ] removing card from slot 1
[2022-12-10 12:03:45] [SEVERE ] removing tokens from slot 2
[2022-12-10 12:03:45] [SEVERE ] removing card from slot 2
[2022-12-10 12:03:45] [SEVERE ] removing tokens from slot 3
[2022-12-10 12:03:45] [SEVERE ] removing card from slot 3
[2022-12-10 12:03:45] [SEVERE ] removing tokens from slot 4
[2022-12-10 12:03:45] [SEVERE ] removing card from slot 4
[2022-12-10 12:03:45] [SEVERE ] removing tokens from slot 5
[2022-12-10 12:03:45] [SEVERE ] removing card from slot 5
[2022-12-10 12:03:46] [SEVERE ] removing tokens from slot 6
[2022-12-10 12:03:46] [SEVERE ] removing card from slot 6
[2022-12-10 12:03:46] [SEVERE ] removing tokens from slot 7
[2022-12-10 12:03:46] [SEVERE ] removing card from slot 7
[2022-12-10 12:03:46] [SEVERE ] removing tokens from slot 8
[2022-12-10 12:03:46] [SEVERE ] removing card from slot 8
[2022-12-10 12:03:46] [SEVERE ] removing tokens from slot 9
[2022-12-10 12:03:46] [SEVERE ] removing card from slot 9
[2022-12-10 12:03:46] [SEVERE ] removing tokens from slot 10
[2022-12-10 12:03:46] [SEVERE ] removing card from slot 10
[2022-12-10 12:03:46] [SEVERE ] removing tokens from slot 11
[2022-12-10 12:03:46] [SEVERE ] removing card from slot 11
[2022-12-10 12:03:46] [SEVERE ] placing card 66 in slot 0
[2022-12-10 12:03:46] [SEVERE ] placing card 48 in slot 1
[2022-12-10 12:03:46] [SEVERE ] placing card 51 in slot 2
[2022-12-10 12:03:47] [SEVERE ] placing card 2 in slot 3
[2022-12-10 12:03:47] [SEVERE ] placing card 16 in slot 4
[2022-12-10 12:03:47] [SEVERE ] placing card 36 in slot 5
[2022-12-10 12:03:47] [SEVERE ] placing card 50 in slot 6
[2022-12-10 12:03:47] [SEVERE ] placing card 26 in slot 7
[2022-12-10 12:03:47] [SEVERE ] placing card 18 in slot 8
[2022-12-10 12:03:47] [SEVERE ] placing card 63 in slot 9
[2022-12-10 12:03:47] [SEVERE ] placing card 42 in slot 10
[2022-12-10 12:03:48] [SEVERE ] placing card 22 in slot 11
[2022-12-10 12:03:54] [SEVERE ] removing tokens from slot 0
[2022-12-10 12:03:54] [SEVERE ] removing card from slot 0
[2022-12-10 12:03:54] [SEVERE ] removing tokens from slot 1
[2022-12-10 12:03:54] [SEVERE ] removing card from slot 1
[2022-12-10 12:03:54] [SEVERE ] removing tokens from slot 2
[2022-12-10 12:03:54] [SEVERE ] removing card from slot 2
[2022-12-10 12:03:54] [SEVERE ] removing tokens from slot 3
[2022-12-10 12:03:54] [SEVERE ] removing card from slot 3
[2022-12-10 12:03:54] [SEVERE ] removing tokens from slot 4
[2022-12-10 12:03:54] [SEVERE ] removing card from slot 4
[2022-12-10 12:03:54] [SEVERE ] removing tokens from slot 5
[2022-12-10 12:03:54] [SEVERE ] removing card from slot 5
[2022-12-10 12:03:54] [SEVERE ] removing tokens from slot 6
[2022-12-10 12:03:54] [SEVERE ] removing card from slot 6
[2022-12-10 12:03:54] [SEVERE ] removing tokens from slot 7
[2022-12-10 12:03:54] [SEVERE ] removing card from slot 7
[2022-12-10 12:03:55] [SEVERE ] removing tokens from slot 8
[2022-12-10 12:03:55] [SEVERE ] removing card from slot 8
[2022-12-10 12:03:55] [SEVERE ] removing tokens from slot 9
[2022-12-10 12:03:55] [SEVERE ] removing card from slot 9
[2022-12-10 12:03:55] [SEVERE ] removing tokens from slot 10
[2022-12-10 12:03:55] [SEVERE ] removing card from slot 10
[2022-12-10 12:03:55] [SEVERE ] removing tokens from slot 11
[2022-12-10 12:03:55] [SEVERE ] removing card from slot 11
[2022-12-10 12:03:55] [SEVERE ] placing card 60 in slot 0
[2022-12-10 12:03:55] [SEVERE ] placing card 72 in slot 1
[2022-12-10 12:03:55] [SEVERE ] placing card 52 in slot 2
[2022-12-10 12:03:55] [SEVERE ] placing card 5 in slot 3
[2022-12-10 12:03:55] [SEVERE ] placing card 39 in slot 4
[2022-12-10 12:03:56] [SEVERE ] placing card 41 in slot 5
[2022-12-10 12:03:56] [SEVERE ] placing card 47 in slot 6
[2022-12-10 12:03:56] [SEVERE ] placing card 77 in slot 7
[2022-12-10 12:03:56] [SEVERE ] placing card 26 in slot 8
[2022-12-10 12:03:56] [SEVERE ] placing card 66 in slot 9
[2022-12-10 12:03:56] [SEVERE ] placing card 61 in slot 10
[2022-12-10 12:03:56] [SEVERE ] placing card 12 in slot 11
[2022-12-10 12:04:03] [SEVERE ] removing tokens from slot 0
[2022-12-10 12:04:03] [SEVERE ] removing card from slot 0
[2022-12-10 12:04:03] [SEVERE ] removing tokens from slot 1
[2022-12-10 12:04:03] [SEVERE ] removing card from slot 1
[2022-12-10 12:04:03] [SEVERE ] removing tokens from slot 2
[2022-12-10 12:04:03] [SEVERE ] removing card from slot 2
[2022-12-10 12:04:03] [SEVERE ] removing tokens from slot 3
[2022-12-10 12:04:03] [SEVERE ] removing card from slot 3
[2022-12-10 12:04:03] [SEVERE ] removing tokens from slot 4
[2022-12-10 12:04:03] [SEVERE ] removing card from slot 4
[2022-12-10 12:04:03] [SEVERE ] removing tokens from slot 5
[2022-12-10 12:04:03] [SEVERE ] removing card from slot 5
[2022-12-10 12:04:03] [SEVERE ] removing tokens from slot 6
[2022-12-10 12:04:03] [SEVERE ] removing card from slot 6
[2022-12-10 12:04:03] [SEVERE ] removing tokens from slot 7
[2022-12-10 12:04:03] [SEVERE ] removing card from slot 7
[2022-12-10 12:04:03] [SEVERE ] removing tokens from slot 8
[2022-12-10 12:04:03] [SEVERE ] removing card from slot 8
[2022-12-10 12:04:04] [SEVERE ] removing tokens from slot 9
[2022-12-10 12:04:04] [SEVERE ] removing card from slot 9
[2022-12-10 12:04:04] [SEVERE ] removing tokens from slot 10
[2022-12-10 12:04:04] [SEVERE ] removing card from slot 10
[2022-12-10 12:04:04] [SEVERE ] removing tokens from slot 11
[2022-12-10 12:04:04] [SEVERE ] removing card from slot 11
[2022-12-10 12:04:04] [SEVERE ] placing card 19 in slot 0
[2022-12-10 12:04:04] [SEVERE ] placing card 40 in slot 1
[2022-12-10 12:04:04] [SEVERE ] placing card 50 in slot 2
