[2022-12-10 13:14:52] [INFO   ] cannot read configuration file config.properties trying from resources.
[2022-12-10 13:14:52] [INFO   ] configuration file was loaded from resources directory.
[2022-12-10 13:14:52] [INFO   ] Thread dealer starting.
[2022-12-10 13:14:52] [INFO   ] Thread Thread-2starting.
[2022-12-10 13:14:52] [INFO   ] Thread Thread-1starting.
[2022-12-10 13:14:52] [INFO   ] Thread Thread-0starting.
[2022-12-10 13:14:52] [INFO   ] Thread computer-2 starting.
[2022-12-10 13:14:52] [SEVERE ] placing card 75 in slot 0
[2022-12-10 13:14:52] [SEVERE ] placing card 3 in slot 1
[2022-12-10 13:14:52] [SEVERE ] placing card 54 in slot 2
[2022-12-10 13:14:53] [SEVERE ] placing card 72 in slot 3
[2022-12-10 13:14:53] [SEVERE ] placing card 16 in slot 4
[2022-12-10 13:14:53] [SEVERE ] placing card 30 in slot 5
[2022-12-10 13:14:53] [SEVERE ] placing card 46 in slot 6
[2022-12-10 13:14:53] [SEVERE ] placing card 34 in slot 7
[2022-12-10 13:14:53] [SEVERE ] placing card 77 in slot 8
[2022-12-10 13:14:53] [SEVERE ] placing card 56 in slot 9
[2022-12-10 13:14:53] [SEVERE ] placing card 22 in slot 10
[2022-12-10 13:14:53] [SEVERE ] placing card 48 in slot 11
[2022-12-10 13:14:53] [SEVERE ] player 2 placing token on slot 2
[2022-12-10 13:14:53] [SEVERE ] player 2 placing token on slot 0
[2022-12-10 13:14:54] [SEVERE ] player 2 placing token on slot 6
[2022-12-10 13:14:54] [SEVERE ] removing player 2 token from slot 0
[2022-12-10 13:14:54] [SEVERE ] removing player 2 token from slot 2
[2022-12-10 13:14:54] [SEVERE ] removing player 2 token from slot 6
[2022-12-10 13:14:54] [SEVERE ] player 2 placing token on slot 7
[2022-12-10 13:14:54] [SEVERE ] player 2 placing token on slot 1
[2022-12-10 13:14:54] [SEVERE ] player 2 placing token on slot 4
[2022-12-10 13:14:54] [SEVERE ] removing player 2 token from slot 1
[2022-12-10 13:14:54] [SEVERE ] removing player 2 token from slot 4
[2022-12-10 13:14:54] [SEVERE ] removing player 2 token from slot 7
[2022-12-10 13:14:54] [SEVERE ] player 2 placing token on slot 5
[2022-12-10 13:14:54] [SEVERE ] player 2 placing token on slot 11
[2022-12-10 13:14:54] [SEVERE ] player 2 placing token on slot 6
[2022-12-10 13:14:54] [SEVERE ] removing player 2 token from slot 5
[2022-12-10 13:14:54] [SEVERE ] removing player 2 token from slot 6
[2022-12-10 13:14:54] [SEVERE ] removing player 2 token from slot 11
[2022-12-10 13:14:54] [SEVERE ] player 2 placing token on slot 7
[2022-12-10 13:14:54] [SEVERE ] player 2 placing token on slot 3
[2022-12-10 13:14:54] [SEVERE ] player 2 placing token on slot 11
[2022-12-10 13:14:54] [SEVERE ] removing player 2 token from slot 3
[2022-12-10 13:14:54] [SEVERE ] removing player 2 token from slot 7
[2022-12-10 13:14:54] [SEVERE ] removing player 2 token from slot 11
[2022-12-10 13:14:54] [SEVERE ] player 2 placing token on slot 11
[2022-12-10 13:14:54] [SEVERE ] player 2 placing token on slot 5
[2022-12-10 13:14:54] [SEVERE ] player 2 placing token on slot 8
[2022-12-10 13:14:54] [SEVERE ] removing player 2 token from slot 5
[2022-12-10 13:14:54] [SEVERE ] removing player 2 token from slot 8
[2022-12-10 13:14:54] [SEVERE ] removing player 2 token from slot 11
[2022-12-10 13:14:54] [SEVERE ] player 2 placing token on slot 7
[2022-12-10 13:14:54] [SEVERE ] player 2 placing token on slot 4
[2022-12-10 13:14:54] [SEVERE ] player 2 placing token on slot 1
[2022-12-10 13:14:54] [SEVERE ] removing player 2 token from slot 1
[2022-12-10 13:14:54] [SEVERE ] removing player 2 token from slot 4
[2022-12-10 13:14:54] [SEVERE ] removing player 2 token from slot 7
[2022-12-10 13:14:54] [SEVERE ] player 2 placing token on slot 7
[2022-12-10 13:14:54] [SEVERE ] player 2 placing token on slot 10
[2022-12-10 13:14:54] [SEVERE ] player 2 placing token on slot 3
[2022-12-10 13:14:54] [SEVERE ] removing player 2 token from slot 3
[2022-12-10 13:14:54] [SEVERE ] removing player 2 token from slot 7
[2022-12-10 13:14:54] [SEVERE ] removing player 2 token from slot 10
[2022-12-10 13:14:54] [SEVERE ] player 2 placing token on slot 2
[2022-12-10 13:14:54] [SEVERE ] player 2 placing token on slot 5
[2022-12-10 13:14:54] [SEVERE ] player 2 placing token on slot 1
[2022-12-10 13:14:54] [SEVERE ] removing player 2 token from slot 1
[2022-12-10 13:14:54] [SEVERE ] removing player 2 token from slot 2
[2022-12-10 13:14:54] [SEVERE ] removing player 2 token from slot 5
[2022-12-10 13:14:54] [SEVERE ] player 2 placing token on slot 9
[2022-12-10 13:14:54] [SEVERE ] player 2 placing token on slot 3
[2022-12-10 13:14:54] [SEVERE ] player 2 placing token on slot 11
[2022-12-10 13:14:54] [SEVERE ] removing player 2 token from slot 3
[2022-12-10 13:14:54] [SEVERE ] removing player 2 token from slot 9
[2022-12-10 13:14:54] [SEVERE ] removing player 2 token from slot 11
[2022-12-10 13:14:54] [SEVERE ] player 2 placing token on slot 1
[2022-12-10 13:14:54] [SEVERE ] player 2 placing token on slot 10
[2022-12-10 13:14:54] [SEVERE ] player 2 placing token on slot 5
[2022-12-10 13:14:54] [SEVERE ] removing player 2 token from slot 1
[2022-12-10 13:14:54] [SEVERE ] removing player 2 token from slot 5
[2022-12-10 13:14:54] [SEVERE ] removing player 2 token from slot 10
[2022-12-10 13:14:54] [SEVERE ] player 2 placing token on slot 0
[2022-12-10 13:14:54] [SEVERE ] player 2 placing token on slot 4
[2022-12-10 13:14:54] [SEVERE ] player 2 placing token on slot 6
[2022-12-10 13:14:54] [SEVERE ] removing player 2 token from slot 0
[2022-12-10 13:14:54] [SEVERE ] removing player 2 token from slot 4
[2022-12-10 13:14:54] [SEVERE ] removing player 2 token from slot 6
[2022-12-10 13:14:54] [SEVERE ] player 2 placing token on slot 9
[2022-12-10 13:14:55] [SEVERE ] player 2 placing token on slot 11
[2022-12-10 13:14:55] [SEVERE ] player 2 placing token on slot 5
[2022-12-10 13:14:55] [SEVERE ] removing player 2 token from slot 5
[2022-12-10 13:14:55] [SEVERE ] removing player 2 token from slot 9
[2022-12-10 13:14:55] [SEVERE ] removing player 2 token from slot 11
[2022-12-10 13:14:55] [SEVERE ] player 2 placing token on slot 2
[2022-12-10 13:14:55] [SEVERE ] player 2 placing token on slot 0
[2022-12-10 13:14:55] [SEVERE ] player 2 placing token on slot 3
[2022-12-10 13:14:55] [SEVERE ] removing player 2 token from slot 0
[2022-12-10 13:14:55] [SEVERE ] removing player 2 token from slot 2
[2022-12-10 13:14:55] [SEVERE ] removing player 2 token from slot 3
[2022-12-10 13:14:55] [SEVERE ] player 2 placing token on slot 5
[2022-12-10 13:14:55] [SEVERE ] player 2 placing token on slot 3
[2022-12-10 13:14:55] [SEVERE ] player 2 placing token on slot 6
[2022-12-10 13:14:55] [SEVERE ] removing player 2 token from slot 3
[2022-12-10 13:14:55] [SEVERE ] removing player 2 token from slot 5
[2022-12-10 13:14:55] [SEVERE ] removing player 2 token from slot 6
[2022-12-10 13:14:55] [SEVERE ] player 2 placing token on slot 8
[2022-12-10 13:14:55] [SEVERE ] player 2 placing token on slot 6
[2022-12-10 13:14:55] [SEVERE ] player 2 placing token on slot 9
[2022-12-10 13:14:55] [SEVERE ] removing player 2 token from slot 6
[2022-12-10 13:14:55] [SEVERE ] removing player 2 token from slot 8
[2022-12-10 13:14:55] [SEVERE ] removing player 2 token from slot 9
[2022-12-10 13:14:55] [SEVERE ] player 2 placing token on slot 3
[2022-12-10 13:14:55] [SEVERE ] player 2 placing token on slot 4
[2022-12-10 13:14:55] [SEVERE ] player 2 placing token on slot 7
[2022-12-10 13:14:55] [SEVERE ] removing player 2 token from slot 3
[2022-12-10 13:14:55] [SEVERE ] removing player 2 token from slot 4
[2022-12-10 13:14:55] [SEVERE ] removing player 2 token from slot 7
[2022-12-10 13:14:55] [SEVERE ] player 2 placing token on slot 5
[2022-12-10 13:14:55] [SEVERE ] player 2 placing token on slot 8
[2022-12-10 13:14:55] [SEVERE ] player 2 placing token on slot 3
[2022-12-10 13:14:55] [SEVERE ] removing player 2 token from slot 3
[2022-12-10 13:14:55] [SEVERE ] removing player 2 token from slot 5
[2022-12-10 13:14:55] [SEVERE ] removing player 2 token from slot 8
[2022-12-10 13:14:55] [SEVERE ] player 2 placing token on slot 3
[2022-12-10 13:14:55] [SEVERE ] player 2 placing token on slot 11
[2022-12-10 13:14:55] [SEVERE ] player 2 placing token on slot 1
[2022-12-10 13:14:55] [SEVERE ] removing player 2 token from slot 1
[2022-12-10 13:14:55] [SEVERE ] removing player 2 token from slot 3
[2022-12-10 13:14:55] [SEVERE ] removing player 2 token from slot 11
[2022-12-10 13:14:55] [SEVERE ] player 2 placing token on slot 3
[2022-12-10 13:14:55] [SEVERE ] player 2 placing token on slot 5
[2022-12-10 13:14:55] [SEVERE ] player 2 placing token on slot 6
[2022-12-10 13:14:55] [SEVERE ] removing player 2 token from slot 3
[2022-12-10 13:14:55] [SEVERE ] removing player 2 token from slot 5
[2022-12-10 13:14:55] [SEVERE ] removing player 2 token from slot 6
[2022-12-10 13:14:55] [SEVERE ] player 2 placing token on slot 9
[2022-12-10 13:14:55] [SEVERE ] player 2 placing token on slot 1
[2022-12-10 13:14:55] [SEVERE ] player 2 placing token on slot 7
[2022-12-10 13:14:55] [SEVERE ] setting player 2 score to 1
[2022-12-10 13:14:55] [SEVERE ] removing tokens from slot 1
[2022-12-10 13:14:55] [SEVERE ] removing card from slot 1
[2022-12-10 13:14:56] [SEVERE ] removing tokens from slot 7
[2022-12-10 13:14:56] [SEVERE ] removing card from slot 7
[2022-12-10 13:14:56] [SEVERE ] removing tokens from slot 9
[2022-12-10 13:14:56] [SEVERE ] removing card from slot 9
[2022-12-10 13:14:56] [SEVERE ] placing card 59 in slot 1
[2022-12-10 13:14:56] [SEVERE ] placing card 28 in slot 7
[2022-12-10 13:14:56] [SEVERE ] placing card 5 in slot 9
[2022-12-10 13:14:56] [SEVERE ] player 2 placing token on slot 0
[2022-12-10 13:14:56] [SEVERE ] player 2 placing token on slot 10
[2022-12-10 13:14:56] [SEVERE ] player 2 placing token on slot 5
[2022-12-10 13:14:56] [SEVERE ] removing player 2 token from slot 0
[2022-12-10 13:14:56] [SEVERE ] removing player 2 token from slot 5
[2022-12-10 13:14:56] [SEVERE ] removing player 2 token from slot 10
[2022-12-10 13:14:56] [SEVERE ] player 2 placing token on slot 3
[2022-12-10 13:14:56] [SEVERE ] player 2 placing token on slot 6
[2022-12-10 13:14:56] [SEVERE ] player 2 placing token on slot 4
[2022-12-10 13:14:56] [SEVERE ] removing player 2 token from slot 3
[2022-12-10 13:14:56] [SEVERE ] removing player 2 token from slot 4
[2022-12-10 13:14:56] [SEVERE ] removing player 2 token from slot 6
[2022-12-10 13:14:57] [SEVERE ] player 2 placing token on slot 1
[2022-12-10 13:14:57] [SEVERE ] player 2 placing token on slot 7
[2022-12-10 13:14:57] [SEVERE ] player 2 placing token on slot 10
[2022-12-10 13:14:57] [SEVERE ] removing player 2 token from slot 1
[2022-12-10 13:14:57] [SEVERE ] removing player 2 token from slot 7
[2022-12-10 13:14:57] [SEVERE ] removing player 2 token from slot 10
[2022-12-10 13:14:57] [SEVERE ] player 2 placing token on slot 6
[2022-12-10 13:14:57] [SEVERE ] player 2 placing token on slot 5
[2022-12-10 13:14:57] [SEVERE ] player 2 placing token on slot 4
[2022-12-10 13:14:57] [SEVERE ] removing player 2 token from slot 4
[2022-12-10 13:14:57] [SEVERE ] removing player 2 token from slot 5
[2022-12-10 13:14:57] [SEVERE ] removing player 2 token from slot 6
[2022-12-10 13:14:57] [SEVERE ] player 2 placing token on slot 3
[2022-12-10 13:14:57] [SEVERE ] player 2 placing token on slot 10
[2022-12-10 13:14:57] [SEVERE ] player 2 placing token on slot 11
[2022-12-10 13:14:57] [SEVERE ] removing player 2 token from slot 3
[2022-12-10 13:14:57] [SEVERE ] removing player 2 token from slot 10
[2022-12-10 13:14:57] [SEVERE ] removing player 2 token from slot 11
[2022-12-10 13:14:57] [SEVERE ] player 2 placing token on slot 10
[2022-12-10 13:14:57] [SEVERE ] player 2 placing token on slot 3
[2022-12-10 13:14:57] [SEVERE ] player 2 placing token on slot 4
[2022-12-10 13:14:57] [SEVERE ] removing player 2 token from slot 3
[2022-12-10 13:14:57] [SEVERE ] removing player 2 token from slot 4
[2022-12-10 13:14:57] [SEVERE ] removing player 2 token from slot 10
[2022-12-10 13:14:57] [SEVERE ] player 2 placing token on slot 3
[2022-12-10 13:14:57] [SEVERE ] player 2 placing token on slot 7
[2022-12-10 13:14:57] [SEVERE ] player 2 placing token on slot 5
[2022-12-10 13:14:57] [SEVERE ] removing player 2 token from slot 3
[2022-12-10 13:14:57] [SEVERE ] removing player 2 token from slot 5
[2022-12-10 13:14:57] [SEVERE ] removing player 2 token from slot 7
[2022-12-10 13:14:57] [SEVERE ] player 2 placing token on slot 5
[2022-12-10 13:14:57] [SEVERE ] player 2 placing token on slot 6
[2022-12-10 13:14:57] [SEVERE ] player 2 placing token on slot 7
[2022-12-10 13:14:57] [SEVERE ] removing player 2 token from slot 5
[2022-12-10 13:14:57] [SEVERE ] removing player 2 token from slot 6
[2022-12-10 13:14:57] [SEVERE ] removing player 2 token from slot 7
[2022-12-10 13:14:57] [SEVERE ] player 2 placing token on slot 7
[2022-12-10 13:14:57] [SEVERE ] player 2 placing token on slot 2
[2022-12-10 13:14:57] [SEVERE ] player 2 placing token on slot 3
[2022-12-10 13:14:57] [SEVERE ] removing player 2 token from slot 2
[2022-12-10 13:14:57] [SEVERE ] removing player 2 token from slot 3
[2022-12-10 13:14:57] [SEVERE ] removing player 2 token from slot 7
[2022-12-10 13:14:57] [SEVERE ] player 2 placing token on slot 10
[2022-12-10 13:14:57] [SEVERE ] player 2 placing token on slot 4
[2022-12-10 13:14:57] [SEVERE ] player 2 placing token on slot 5
[2022-12-10 13:14:57] [SEVERE ] removing player 2 token from slot 4
[2022-12-10 13:14:57] [SEVERE ] removing player 2 token from slot 5
[2022-12-10 13:14:57] [SEVERE ] removing player 2 token from slot 10
[2022-12-10 13:14:57] [SEVERE ] player 2 placing token on slot 6
[2022-12-10 13:14:57] [SEVERE ] player 2 placing token on slot 3
[2022-12-10 13:14:57] [SEVERE ] player 2 placing token on slot 8
[2022-12-10 13:14:57] [SEVERE ] removing player 2 token from slot 3
[2022-12-10 13:14:57] [SEVERE ] removing player 2 token from slot 6
[2022-12-10 13:14:57] [SEVERE ] removing player 2 token from slot 8
[2022-12-10 13:14:57] [SEVERE ] player 2 placing token on slot 10
[2022-12-10 13:14:57] [SEVERE ] player 2 placing token on slot 4
[2022-12-10 13:14:57] [SEVERE ] player 2 placing token on slot 7
[2022-12-10 13:14:57] [SEVERE ] removing player 2 token from slot 4
[2022-12-10 13:14:57] [SEVERE ] removing player 2 token from slot 7
[2022-12-10 13:14:57] [SEVERE ] removing player 2 token from slot 10
[2022-12-10 13:14:57] [SEVERE ] player 2 placing token on slot 8
[2022-12-10 13:14:57] [SEVERE ] player 2 placing token on slot 10
[2022-12-10 13:14:58] [SEVERE ] player 2 placing token on slot 3
[2022-12-10 13:14:58] [SEVERE ] removing player 2 token from slot 3
[2022-12-10 13:14:58] [SEVERE ] removing player 2 token from slot 8
[2022-12-10 13:14:58] [SEVERE ] removing player 2 token from slot 10
[2022-12-10 13:14:58] [SEVERE ] player 2 placing token on slot 11
[2022-12-10 13:14:58] [SEVERE ] player 2 placing token on slot 7
[2022-12-10 13:14:58] [SEVERE ] player 2 placing token on slot 10
[2022-12-10 13:14:58] [SEVERE ] removing player 2 token from slot 7
[2022-12-10 13:14:58] [SEVERE ] removing player 2 token from slot 10
[2022-12-10 13:14:58] [SEVERE ] removing player 2 token from slot 11
[2022-12-10 13:14:58] [SEVERE ] player 2 placing token on slot 9
[2022-12-10 13:14:58] [SEVERE ] player 2 placing token on slot 11
[2022-12-10 13:14:58] [SEVERE ] player 2 placing token on slot 1
[2022-12-10 13:14:58] [SEVERE ] removing player 2 token from slot 1
[2022-12-10 13:14:58] [SEVERE ] removing player 2 token from slot 9
[2022-12-10 13:14:58] [SEVERE ] removing player 2 token from slot 11
[2022-12-10 13:14:58] [SEVERE ] player 2 placing token on slot 9
[2022-12-10 13:14:58] [SEVERE ] player 2 placing token on slot 7
[2022-12-10 13:14:58] [SEVERE ] player 2 placing token on slot 3
[2022-12-10 13:14:58] [SEVERE ] removing player 2 token from slot 3
[2022-12-10 13:14:58] [SEVERE ] removing player 2 token from slot 7
[2022-12-10 13:14:58] [SEVERE ] removing player 2 token from slot 9
[2022-12-10 13:14:58] [SEVERE ] player 2 placing token on slot 0
[2022-12-10 13:14:58] [SEVERE ] player 2 placing token on slot 11
[2022-12-10 13:14:58] [SEVERE ] player 2 placing token on slot 10
[2022-12-10 13:14:58] [SEVERE ] removing player 2 token from slot 0
[2022-12-10 13:14:58] [SEVERE ] removing player 2 token from slot 10
[2022-12-10 13:14:58] [SEVERE ] removing player 2 token from slot 11
[2022-12-10 13:14:58] [SEVERE ] player 2 placing token on slot 7
[2022-12-10 13:14:58] [SEVERE ] player 2 placing token on slot 8
[2022-12-10 13:14:58] [SEVERE ] player 2 placing token on slot 9
[2022-12-10 13:14:58] [SEVERE ] removing player 2 token from slot 7
[2022-12-10 13:14:58] [SEVERE ] removing player 2 token from slot 8
[2022-12-10 13:14:58] [SEVERE ] removing player 2 token from slot 9
[2022-12-10 13:14:58] [SEVERE ] player 2 placing token on slot 5
[2022-12-10 13:14:58] [SEVERE ] player 2 placing token on slot 4
[2022-12-10 13:14:58] [SEVERE ] player 2 placing token on slot 7
[2022-12-10 13:14:58] [SEVERE ] removing player 2 token from slot 4
[2022-12-10 13:14:58] [SEVERE ] removing player 2 token from slot 5
[2022-12-10 13:14:58] [SEVERE ] removing player 2 token from slot 7
[2022-12-10 13:14:58] [SEVERE ] player 2 placing token on slot 3
[2022-12-10 13:14:58] [SEVERE ] player 2 placing token on slot 7
[2022-12-10 13:14:58] [SEVERE ] player 2 placing token on slot 4
[2022-12-10 13:14:58] [SEVERE ] removing player 2 token from slot 3
[2022-12-10 13:14:58] [SEVERE ] removing player 2 token from slot 4
[2022-12-10 13:14:58] [SEVERE ] removing player 2 token from slot 7
[2022-12-10 13:14:58] [SEVERE ] player 2 placing token on slot 11
[2022-12-10 13:14:58] [SEVERE ] player 2 placing token on slot 2
[2022-12-10 13:14:58] [SEVERE ] player 2 placing token on slot 3
[2022-12-10 13:14:58] [SEVERE ] removing player 2 token from slot 2
[2022-12-10 13:14:58] [SEVERE ] removing player 2 token from slot 3
[2022-12-10 13:14:58] [SEVERE ] removing player 2 token from slot 11
[2022-12-10 13:14:58] [SEVERE ] player 2 placing token on slot 3
[2022-12-10 13:14:58] [SEVERE ] player 2 placing token on slot 4
[2022-12-10 13:14:58] [SEVERE ] player 2 placing token on slot 11
[2022-12-10 13:14:58] [SEVERE ] removing player 2 token from slot 3
[2022-12-10 13:14:58] [SEVERE ] removing player 2 token from slot 4
[2022-12-10 13:14:58] [SEVERE ] removing player 2 token from slot 11
[2022-12-10 13:14:58] [SEVERE ] player 2 placing token on slot 7
[2022-12-10 13:14:58] [SEVERE ] player 2 placing token on slot 3
[2022-12-10 13:14:58] [SEVERE ] player 2 placing token on slot 2
[2022-12-10 13:14:58] [SEVERE ] removing player 2 token from slot 2
[2022-12-10 13:14:58] [SEVERE ] removing player 2 token from slot 3
[2022-12-10 13:14:58] [SEVERE ] removing player 2 token from slot 7
[2022-12-10 13:14:58] [SEVERE ] player 2 placing token on slot 1
[2022-12-10 13:14:59] [SEVERE ] player 2 placing token on slot 8
[2022-12-10 13:14:59] [SEVERE ] player 2 placing token on slot 0
[2022-12-10 13:14:59] [SEVERE ] removing player 2 token from slot 0
[2022-12-10 13:14:59] [SEVERE ] removing player 2 token from slot 1
[2022-12-10 13:14:59] [SEVERE ] removing player 2 token from slot 8
[2022-12-10 13:14:59] [SEVERE ] player 2 placing token on slot 5
[2022-12-10 13:14:59] [SEVERE ] player 2 placing token on slot 0
[2022-12-10 13:14:59] [SEVERE ] player 2 placing token on slot 11
[2022-12-10 13:14:59] [SEVERE ] removing player 2 token from slot 0
[2022-12-10 13:14:59] [SEVERE ] removing player 2 token from slot 5
[2022-12-10 13:14:59] [SEVERE ] removing player 2 token from slot 11
[2022-12-10 13:14:59] [SEVERE ] player 2 placing token on slot 4
[2022-12-10 13:14:59] [SEVERE ] player 2 placing token on slot 6
[2022-12-10 13:14:59] [SEVERE ] player 2 placing token on slot 9
[2022-12-10 13:14:59] [SEVERE ] removing player 2 token from slot 4
[2022-12-10 13:14:59] [SEVERE ] removing player 2 token from slot 6
[2022-12-10 13:14:59] [SEVERE ] removing player 2 token from slot 9
[2022-12-10 13:14:59] [SEVERE ] player 2 placing token on slot 9
[2022-12-10 13:14:59] [SEVERE ] player 2 placing token on slot 11
[2022-12-10 13:14:59] [SEVERE ] player 2 placing token on slot 5
[2022-12-10 13:14:59] [SEVERE ] removing player 2 token from slot 5
[2022-12-10 13:14:59] [SEVERE ] removing player 2 token from slot 9
[2022-12-10 13:14:59] [SEVERE ] removing player 2 token from slot 11
[2022-12-10 13:14:59] [SEVERE ] player 2 placing token on slot 5
[2022-12-10 13:14:59] [SEVERE ] player 2 placing token on slot 8
[2022-12-10 13:14:59] [SEVERE ] player 2 placing token on slot 6
[2022-12-10 13:14:59] [SEVERE ] removing player 2 token from slot 5
[2022-12-10 13:14:59] [SEVERE ] removing player 2 token from slot 6
[2022-12-10 13:14:59] [SEVERE ] removing player 2 token from slot 8
[2022-12-10 13:14:59] [SEVERE ] player 2 placing token on slot 8
[2022-12-10 13:14:59] [SEVERE ] player 2 placing token on slot 5
[2022-12-10 13:14:59] [SEVERE ] player 2 placing token on slot 9
[2022-12-10 13:14:59] [SEVERE ] removing player 2 token from slot 5
[2022-12-10 13:14:59] [SEVERE ] removing player 2 token from slot 8
[2022-12-10 13:14:59] [SEVERE ] removing player 2 token from slot 9
[2022-12-10 13:14:59] [SEVERE ] player 2 placing token on slot 4
[2022-12-10 13:14:59] [SEVERE ] player 2 placing token on slot 9
[2022-12-10 13:14:59] [SEVERE ] player 2 placing token on slot 2
[2022-12-10 13:14:59] [SEVERE ] removing player 2 token from slot 2
[2022-12-10 13:14:59] [SEVERE ] removing player 2 token from slot 4
[2022-12-10 13:14:59] [SEVERE ] removing player 2 token from slot 9
[2022-12-10 13:14:59] [SEVERE ] player 2 placing token on slot 2
[2022-12-10 13:14:59] [SEVERE ] player 2 placing token on slot 7
[2022-12-10 13:14:59] [SEVERE ] player 2 placing token on slot 11
[2022-12-10 13:14:59] [SEVERE ] removing player 2 token from slot 2
[2022-12-10 13:14:59] [SEVERE ] removing player 2 token from slot 7
[2022-12-10 13:14:59] [SEVERE ] removing player 2 token from slot 11
[2022-12-10 13:14:59] [SEVERE ] player 2 placing token on slot 0
[2022-12-10 13:14:59] [SEVERE ] player 2 placing token on slot 1
[2022-12-10 13:14:59] [SEVERE ] player 2 placing token on slot 11
[2022-12-10 13:14:59] [SEVERE ] removing player 2 token from slot 0
[2022-12-10 13:14:59] [SEVERE ] removing player 2 token from slot 1
[2022-12-10 13:14:59] [SEVERE ] removing player 2 token from slot 11
[2022-12-10 13:14:59] [SEVERE ] player 2 placing token on slot 7
[2022-12-10 13:14:59] [SEVERE ] player 2 placing token on slot 0
[2022-12-10 13:14:59] [SEVERE ] player 2 placing token on slot 3
[2022-12-10 13:14:59] [SEVERE ] removing player 2 token from slot 0
[2022-12-10 13:14:59] [SEVERE ] removing player 2 token from slot 3
[2022-12-10 13:14:59] [SEVERE ] removing player 2 token from slot 7
[2022-12-10 13:14:59] [SEVERE ] player 2 placing token on slot 5
[2022-12-10 13:14:59] [SEVERE ] player 2 placing token on slot 7
[2022-12-10 13:14:59] [SEVERE ] player 2 placing token on slot 0
[2022-12-10 13:14:59] [SEVERE ] removing player 2 token from slot 0
[2022-12-10 13:14:59] [SEVERE ] removing player 2 token from slot 5
[2022-12-10 13:14:59] [SEVERE ] removing player 2 token from slot 7
[2022-12-10 13:14:59] [SEVERE ] player 2 placing token on slot 6
[2022-12-10 13:14:59] [SEVERE ] player 2 placing token on slot 2
[2022-12-10 13:14:59] [SEVERE ] player 2 placing token on slot 7
[2022-12-10 13:14:59] [SEVERE ] removing player 2 token from slot 2
[2022-12-10 13:14:59] [SEVERE ] removing player 2 token from slot 6
[2022-12-10 13:14:59] [SEVERE ] removing player 2 token from slot 7
[2022-12-10 13:15:00] [SEVERE ] player 2 placing token on slot 4
[2022-12-10 13:15:00] [SEVERE ] player 2 placing token on slot 10
[2022-12-10 13:15:00] [SEVERE ] player 2 placing token on slot 9
[2022-12-10 13:15:00] [SEVERE ] removing player 2 token from slot 4
[2022-12-10 13:15:00] [SEVERE ] removing player 2 token from slot 9
[2022-12-10 13:15:00] [SEVERE ] removing player 2 token from slot 10
[2022-12-10 13:15:00] [SEVERE ] player 2 placing token on slot 5
[2022-12-10 13:15:00] [SEVERE ] player 2 placing token on slot 0
[2022-12-10 13:15:00] [SEVERE ] player 2 placing token on slot 4
[2022-12-10 13:15:00] [SEVERE ] removing player 2 token from slot 0
[2022-12-10 13:15:00] [SEVERE ] removing player 2 token from slot 4
[2022-12-10 13:15:00] [SEVERE ] removing player 2 token from slot 5
[2022-12-10 13:15:00] [SEVERE ] player 2 placing token on slot 7
[2022-12-10 13:15:00] [SEVERE ] player 2 placing token on slot 6
[2022-12-10 13:15:00] [SEVERE ] player 2 placing token on slot 2
[2022-12-10 13:15:00] [SEVERE ] removing player 2 token from slot 2
[2022-12-10 13:15:00] [SEVERE ] removing player 2 token from slot 6
[2022-12-10 13:15:00] [SEVERE ] removing player 2 token from slot 7
[2022-12-10 13:15:00] [SEVERE ] player 2 placing token on slot 1
[2022-12-10 13:15:00] [SEVERE ] player 2 placing token on slot 0
[2022-12-10 13:15:00] [SEVERE ] player 2 placing token on slot 7
[2022-12-10 13:15:00] [SEVERE ] removing player 2 token from slot 0
[2022-12-10 13:15:00] [SEVERE ] removing player 2 token from slot 1
[2022-12-10 13:15:00] [SEVERE ] removing player 2 token from slot 7
[2022-12-10 13:15:00] [SEVERE ] player 2 placing token on slot 0
[2022-12-10 13:15:00] [SEVERE ] player 2 placing token on slot 6
[2022-12-10 13:15:00] [SEVERE ] player 2 placing token on slot 8
[2022-12-10 13:15:00] [SEVERE ] removing player 2 token from slot 0
[2022-12-10 13:15:00] [SEVERE ] removing player 2 token from slot 6
[2022-12-10 13:15:00] [SEVERE ] removing player 2 token from slot 8
[2022-12-10 13:15:00] [SEVERE ] player 2 placing token on slot 7
[2022-12-10 13:15:00] [SEVERE ] player 2 placing token on slot 4
[2022-12-10 13:15:00] [SEVERE ] player 2 placing token on slot 8
[2022-12-10 13:15:00] [SEVERE ] removing player 2 token from slot 4
[2022-12-10 13:15:00] [SEVERE ] removing player 2 token from slot 7
[2022-12-10 13:15:00] [SEVERE ] removing player 2 token from slot 8
[2022-12-10 13:15:00] [SEVERE ] player 2 placing token on slot 4
[2022-12-10 13:15:00] [SEVERE ] player 2 placing token on slot 3
[2022-12-10 13:15:00] [SEVERE ] player 2 placing token on slot 5
[2022-12-10 13:15:00] [SEVERE ] removing player 2 token from slot 3
[2022-12-10 13:15:00] [SEVERE ] removing player 2 token from slot 4
[2022-12-10 13:15:00] [SEVERE ] removing player 2 token from slot 5
[2022-12-10 13:15:00] [SEVERE ] player 2 placing token on slot 2
[2022-12-10 13:15:00] [SEVERE ] player 2 placing token on slot 9
[2022-12-10 13:15:00] [SEVERE ] player 2 placing token on slot 4
[2022-12-10 13:15:00] [SEVERE ] removing player 2 token from slot 2
[2022-12-10 13:15:00] [SEVERE ] removing player 2 token from slot 4
[2022-12-10 13:15:00] [SEVERE ] removing player 2 token from slot 9
[2022-12-10 13:15:00] [SEVERE ] player 2 placing token on slot 4
[2022-12-10 13:15:00] [SEVERE ] player 2 placing token on slot 6
[2022-12-10 13:15:00] [SEVERE ] player 2 placing token on slot 11
[2022-12-10 13:15:00] [SEVERE ] removing player 2 token from slot 4
[2022-12-10 13:15:00] [SEVERE ] removing player 2 token from slot 6
[2022-12-10 13:15:00] [SEVERE ] removing player 2 token from slot 11
[2022-12-10 13:15:00] [SEVERE ] player 2 placing token on slot 8
[2022-12-10 13:15:00] [SEVERE ] player 2 placing token on slot 4
[2022-12-10 13:15:00] [SEVERE ] player 2 placing token on slot 6
[2022-12-10 13:15:00] [SEVERE ] removing player 2 token from slot 4
[2022-12-10 13:15:00] [SEVERE ] removing player 2 token from slot 6
[2022-12-10 13:15:00] [SEVERE ] removing player 2 token from slot 8
[2022-12-10 13:15:00] [SEVERE ] player 2 placing token on slot 3
[2022-12-10 13:15:01] [SEVERE ] player 2 placing token on slot 4
[2022-12-10 13:15:01] [SEVERE ] player 2 placing token on slot 10
[2022-12-10 13:15:01] [SEVERE ] removing player 2 token from slot 3
[2022-12-10 13:15:01] [SEVERE ] removing player 2 token from slot 4
[2022-12-10 13:15:01] [SEVERE ] removing player 2 token from slot 10
[2022-12-10 13:15:01] [SEVERE ] player 2 placing token on slot 7
[2022-12-10 13:15:01] [SEVERE ] player 2 placing token on slot 8
[2022-12-10 13:15:01] [SEVERE ] player 2 placing token on slot 0
[2022-12-10 13:15:01] [SEVERE ] removing player 2 token from slot 0
[2022-12-10 13:15:01] [SEVERE ] removing player 2 token from slot 7
[2022-12-10 13:15:01] [SEVERE ] removing player 2 token from slot 8
[2022-12-10 13:15:01] [SEVERE ] player 2 placing token on slot 6
[2022-12-10 13:15:01] [SEVERE ] player 2 placing token on slot 8
[2022-12-10 13:15:01] [SEVERE ] player 2 placing token on slot 3
[2022-12-10 13:15:01] [SEVERE ] removing player 2 token from slot 3
[2022-12-10 13:15:01] [SEVERE ] removing player 2 token from slot 6
[2022-12-10 13:15:01] [SEVERE ] removing player 2 token from slot 8
[2022-12-10 13:15:01] [SEVERE ] player 2 placing token on slot 4
[2022-12-10 13:15:01] [SEVERE ] player 2 placing token on slot 1
[2022-12-10 13:15:01] [SEVERE ] player 2 placing token on slot 2
[2022-12-10 13:15:01] [SEVERE ] removing player 2 token from slot 1
[2022-12-10 13:15:01] [SEVERE ] removing player 2 token from slot 2
[2022-12-10 13:15:01] [SEVERE ] removing player 2 token from slot 4
[2022-12-10 13:15:01] [SEVERE ] player 2 placing token on slot 5
[2022-12-10 13:15:01] [SEVERE ] player 2 placing token on slot 7
[2022-12-10 13:15:01] [SEVERE ] player 2 placing token on slot 6
[2022-12-10 13:15:01] [SEVERE ] removing player 2 token from slot 5
[2022-12-10 13:15:01] [SEVERE ] removing player 2 token from slot 6
[2022-12-10 13:15:01] [SEVERE ] removing player 2 token from slot 7
[2022-12-10 13:15:01] [SEVERE ] player 2 placing token on slot 10
[2022-12-10 13:15:01] [SEVERE ] player 2 placing token on slot 3
[2022-12-10 13:15:01] [SEVERE ] player 2 placing token on slot 7
[2022-12-10 13:15:01] [SEVERE ] removing player 2 token from slot 3
[2022-12-10 13:15:01] [SEVERE ] removing player 2 token from slot 7
[2022-12-10 13:15:01] [SEVERE ] removing player 2 token from slot 10
[2022-12-10 13:15:01] [SEVERE ] player 2 placing token on slot 0
[2022-12-10 13:15:01] [SEVERE ] player 2 placing token on slot 10
[2022-12-10 13:15:01] [SEVERE ] player 2 placing token on slot 4
[2022-12-10 13:15:01] [SEVERE ] removing player 2 token from slot 0
[2022-12-10 13:15:01] [SEVERE ] removing player 2 token from slot 4
[2022-12-10 13:15:01] [SEVERE ] removing player 2 token from slot 10
[2022-12-10 13:15:01] [SEVERE ] player 2 placing token on slot 3
[2022-12-10 13:15:01] [SEVERE ] player 2 placing token on slot 11
[2022-12-10 13:15:01] [SEVERE ] player 2 placing token on slot 9
[2022-12-10 13:15:01] [SEVERE ] removing player 2 token from slot 3
[2022-12-10 13:15:01] [SEVERE ] removing player 2 token from slot 9
[2022-12-10 13:15:01] [SEVERE ] removing player 2 token from slot 11
[2022-12-10 13:15:01] [SEVERE ] player 2 placing token on slot 5
[2022-12-10 13:15:01] [SEVERE ] player 2 placing token on slot 2
[2022-12-10 13:15:01] [SEVERE ] player 2 placing token on slot 9
[2022-12-10 13:15:01] [SEVERE ] removing player 2 token from slot 2
[2022-12-10 13:15:01] [SEVERE ] removing player 2 token from slot 5
[2022-12-10 13:15:01] [SEVERE ] removing player 2 token from slot 9
[2022-12-10 13:15:01] [SEVERE ] player 2 placing token on slot 11
[2022-12-10 13:15:01] [SEVERE ] player 2 placing token on slot 5
[2022-12-10 13:15:01] [SEVERE ] player 2 placing token on slot 2
[2022-12-10 13:15:01] [SEVERE ] removing player 2 token from slot 2
[2022-12-10 13:15:01] [SEVERE ] removing player 2 token from slot 5
[2022-12-10 13:15:01] [SEVERE ] removing player 2 token from slot 11
[2022-12-10 13:15:01] [SEVERE ] player 2 placing token on slot 8
[2022-12-10 13:15:01] [SEVERE ] player 2 placing token on slot 9
[2022-12-10 13:15:02] [SEVERE ] player 2 placing token on slot 11
[2022-12-10 13:15:02] [SEVERE ] removing player 2 token from slot 8
[2022-12-10 13:15:02] [SEVERE ] removing player 2 token from slot 9
[2022-12-10 13:15:02] [SEVERE ] removing player 2 token from slot 11
[2022-12-10 13:15:02] [SEVERE ] player 2 placing token on slot 6
[2022-12-10 13:15:02] [SEVERE ] player 2 placing token on slot 11
[2022-12-10 13:15:02] [SEVERE ] player 2 placing token on slot 10
[2022-12-10 13:15:02] [SEVERE ] removing player 2 token from slot 6
[2022-12-10 13:15:02] [SEVERE ] removing player 2 token from slot 10
[2022-12-10 13:15:02] [SEVERE ] removing player 2 token from slot 11
[2022-12-10 13:15:02] [SEVERE ] player 2 placing token on slot 1
[2022-12-10 13:15:02] [SEVERE ] player 2 placing token on slot 8
[2022-12-10 13:15:02] [SEVERE ] player 2 placing token on slot 6
[2022-12-10 13:15:02] [SEVERE ] removing player 2 token from slot 1
[2022-12-10 13:15:02] [SEVERE ] removing player 2 token from slot 6
[2022-12-10 13:15:02] [SEVERE ] removing player 2 token from slot 8
[2022-12-10 13:15:02] [SEVERE ] player 2 placing token on slot 0
[2022-12-10 13:15:02] [SEVERE ] player 2 placing token on slot 6
[2022-12-10 13:15:02] [SEVERE ] player 2 placing token on slot 1
[2022-12-10 13:15:02] [SEVERE ] removing player 2 token from slot 0
[2022-12-10 13:15:02] [SEVERE ] removing player 2 token from slot 1
[2022-12-10 13:15:02] [SEVERE ] removing player 2 token from slot 6
[2022-12-10 13:15:02] [SEVERE ] player 2 placing token on slot 9
[2022-12-10 13:15:02] [SEVERE ] player 2 placing token on slot 10
[2022-12-10 13:15:02] [SEVERE ] player 2 placing token on slot 5
[2022-12-10 13:15:02] [SEVERE ] removing player 2 token from slot 5
[2022-12-10 13:15:02] [SEVERE ] removing player 2 token from slot 9
[2022-12-10 13:15:02] [SEVERE ] removing player 2 token from slot 10
[2022-12-10 13:15:02] [SEVERE ] player 2 placing token on slot 2
[2022-12-10 13:15:02] [SEVERE ] player 2 placing token on slot 1
[2022-12-10 13:15:02] [SEVERE ] player 2 placing token on slot 0
[2022-12-10 13:15:02] [SEVERE ] removing player 2 token from slot 0
[2022-12-10 13:15:02] [SEVERE ] removing player 2 token from slot 1
[2022-12-10 13:15:02] [SEVERE ] removing player 2 token from slot 2
[2022-12-10 13:15:02] [SEVERE ] player 2 placing token on slot 3
[2022-12-10 13:15:02] [SEVERE ] player 2 placing token on slot 1
[2022-12-10 13:15:02] [SEVERE ] player 2 placing token on slot 5
[2022-12-10 13:15:02] [SEVERE ] removing player 2 token from slot 1
[2022-12-10 13:15:02] [SEVERE ] removing player 2 token from slot 3
[2022-12-10 13:15:02] [SEVERE ] removing player 2 token from slot 5
[2022-12-10 13:15:02] [SEVERE ] player 2 placing token on slot 6
[2022-12-10 13:15:02] [SEVERE ] player 2 placing token on slot 3
[2022-12-10 13:15:02] [SEVERE ] player 2 placing token on slot 0
[2022-12-10 13:15:02] [SEVERE ] removing player 2 token from slot 0
[2022-12-10 13:15:02] [SEVERE ] removing player 2 token from slot 3
[2022-12-10 13:15:02] [SEVERE ] removing player 2 token from slot 6
[2022-12-10 13:15:02] [SEVERE ] player 2 placing token on slot 6
[2022-12-10 13:15:02] [SEVERE ] player 2 placing token on slot 11
[2022-12-10 13:15:02] [SEVERE ] player 2 placing token on slot 3
[2022-12-10 13:15:02] [SEVERE ] removing player 2 token from slot 3
[2022-12-10 13:15:02] [SEVERE ] removing player 2 token from slot 6
[2022-12-10 13:15:02] [SEVERE ] removing player 2 token from slot 11
[2022-12-10 13:15:02] [SEVERE ] player 2 placing token on slot 2
[2022-12-10 13:15:02] [SEVERE ] player 2 placing token on slot 6
[2022-12-10 13:15:02] [SEVERE ] player 2 placing token on slot 5
[2022-12-10 13:15:02] [SEVERE ] removing player 2 token from slot 2
[2022-12-10 13:15:02] [SEVERE ] removing player 2 token from slot 5
[2022-12-10 13:15:02] [SEVERE ] removing player 2 token from slot 6
[2022-12-10 13:15:02] [SEVERE ] player 2 placing token on slot 7
[2022-12-10 13:15:02] [SEVERE ] player 2 placing token on slot 5
[2022-12-10 13:15:02] [SEVERE ] player 2 placing token on slot 9
[2022-12-10 13:15:02] [SEVERE ] removing player 2 token from slot 5
[2022-12-10 13:15:02] [SEVERE ] removing player 2 token from slot 7
[2022-12-10 13:15:02] [SEVERE ] removing player 2 token from slot 9
[2022-12-10 13:15:02] [SEVERE ] player 2 placing token on slot 10
[2022-12-10 13:15:02] [SEVERE ] player 2 placing token on slot 6
[2022-12-10 13:15:03] [SEVERE ] player 2 placing token on slot 5
[2022-12-10 13:15:03] [SEVERE ] removing player 2 token from slot 5
[2022-12-10 13:15:03] [SEVERE ] removing player 2 token from slot 6
[2022-12-10 13:15:03] [SEVERE ] removing player 2 token from slot 10
[2022-12-10 13:15:03] [SEVERE ] player 2 placing token on slot 8
[2022-12-10 13:15:03] [SEVERE ] player 2 placing token on slot 2
[2022-12-10 13:15:03] [SEVERE ] player 2 placing token on slot 7
[2022-12-10 13:15:03] [SEVERE ] removing player 2 token from slot 2
[2022-12-10 13:15:03] [SEVERE ] removing player 2 token from slot 7
[2022-12-10 13:15:03] [SEVERE ] removing player 2 token from slot 8
[2022-12-10 13:15:03] [SEVERE ] player 2 placing token on slot 4
[2022-12-10 13:15:03] [SEVERE ] player 2 placing token on slot 0
[2022-12-10 13:15:03] [SEVERE ] player 2 placing token on slot 11
[2022-12-10 13:15:03] [SEVERE ] removing player 2 token from slot 0
[2022-12-10 13:15:03] [SEVERE ] removing player 2 token from slot 4
[2022-12-10 13:15:03] [SEVERE ] removing player 2 token from slot 11
[2022-12-10 13:15:03] [SEVERE ] player 2 placing token on slot 4
[2022-12-10 13:15:03] [SEVERE ] player 2 placing token on slot 9
[2022-12-10 13:15:03] [SEVERE ] player 2 placing token on slot 0
[2022-12-10 13:15:03] [SEVERE ] removing player 2 token from slot 0
[2022-12-10 13:15:03] [SEVERE ] removing player 2 token from slot 4
[2022-12-10 13:15:03] [SEVERE ] removing player 2 token from slot 9
[2022-12-10 13:15:03] [SEVERE ] player 2 placing token on slot 6
[2022-12-10 13:15:03] [SEVERE ] player 2 placing token on slot 0
[2022-12-10 13:15:03] [SEVERE ] player 2 placing token on slot 1
[2022-12-10 13:15:03] [SEVERE ] removing player 2 token from slot 0
[2022-12-10 13:15:03] [SEVERE ] removing player 2 token from slot 1
[2022-12-10 13:15:03] [SEVERE ] removing player 2 token from slot 6
[2022-12-10 13:15:03] [SEVERE ] player 2 placing token on slot 10
[2022-12-10 13:15:03] [SEVERE ] player 2 placing token on slot 11
[2022-12-10 13:15:03] [SEVERE ] player 2 placing token on slot 7
[2022-12-10 13:15:03] [SEVERE ] removing player 2 token from slot 7
[2022-12-10 13:15:03] [SEVERE ] removing player 2 token from slot 10
[2022-12-10 13:15:03] [SEVERE ] removing player 2 token from slot 11
[2022-12-10 13:15:03] [SEVERE ] player 2 placing token on slot 0
[2022-12-10 13:15:03] [SEVERE ] player 2 placing token on slot 4
[2022-12-10 13:15:03] [SEVERE ] player 2 placing token on slot 3
[2022-12-10 13:15:03] [SEVERE ] removing player 2 token from slot 0
[2022-12-10 13:15:03] [SEVERE ] removing player 2 token from slot 3
[2022-12-10 13:15:03] [SEVERE ] removing player 2 token from slot 4
[2022-12-10 13:15:03] [SEVERE ] player 2 placing token on slot 8
[2022-12-10 13:15:03] [SEVERE ] player 2 placing token on slot 0
[2022-12-10 13:15:03] [SEVERE ] player 2 placing token on slot 4
[2022-12-10 13:15:03] [SEVERE ] removing player 2 token from slot 0
[2022-12-10 13:15:03] [SEVERE ] removing player 2 token from slot 4
[2022-12-10 13:15:03] [SEVERE ] removing player 2 token from slot 8
[2022-12-10 13:15:03] [SEVERE ] player 2 placing token on slot 11
[2022-12-10 13:15:03] [SEVERE ] player 2 placing token on slot 9
[2022-12-10 13:15:03] [SEVERE ] player 2 placing token on slot 6
[2022-12-10 13:15:03] [SEVERE ] removing player 2 token from slot 6
[2022-12-10 13:15:03] [SEVERE ] removing player 2 token from slot 9
[2022-12-10 13:15:03] [SEVERE ] removing player 2 token from slot 11
[2022-12-10 13:15:03] [SEVERE ] player 2 placing token on slot 0
[2022-12-10 13:15:03] [SEVERE ] player 2 placing token on slot 7
[2022-12-10 13:15:03] [SEVERE ] player 2 placing token on slot 3
[2022-12-10 13:15:03] [SEVERE ] removing player 2 token from slot 0
[2022-12-10 13:15:03] [SEVERE ] removing player 2 token from slot 3
[2022-12-10 13:15:03] [SEVERE ] removing player 2 token from slot 7
[2022-12-10 13:15:03] [SEVERE ] player 2 placing token on slot 5
[2022-12-10 13:15:03] [SEVERE ] player 2 placing token on slot 3
[2022-12-10 13:15:03] [SEVERE ] player 2 placing token on slot 1
[2022-12-10 13:15:03] [SEVERE ] removing player 2 token from slot 1
[2022-12-10 13:15:03] [SEVERE ] removing player 2 token from slot 3
[2022-12-10 13:15:03] [SEVERE ] removing player 2 token from slot 5
[2022-12-10 13:15:03] [SEVERE ] player 2 placing token on slot 5
[2022-12-10 13:15:03] [SEVERE ] player 2 placing token on slot 4
[2022-12-10 13:15:04] [SEVERE ] player 2 placing token on slot 9
[2022-12-10 13:15:04] [SEVERE ] removing player 2 token from slot 4
[2022-12-10 13:15:04] [SEVERE ] removing player 2 token from slot 5
[2022-12-10 13:15:04] [SEVERE ] removing player 2 token from slot 9
[2022-12-10 13:15:04] [SEVERE ] player 2 placing token on slot 8
[2022-12-10 13:15:04] [SEVERE ] player 2 placing token on slot 0
[2022-12-10 13:15:04] [SEVERE ] player 2 placing token on slot 10
[2022-12-10 13:15:04] [SEVERE ] removing player 2 token from slot 0
[2022-12-10 13:15:04] [SEVERE ] removing player 2 token from slot 8
[2022-12-10 13:15:04] [SEVERE ] removing player 2 token from slot 10
[2022-12-10 13:15:04] [SEVERE ] player 2 placing token on slot 7
[2022-12-10 13:15:04] [SEVERE ] player 2 placing token on slot 8
[2022-12-10 13:15:04] [SEVERE ] player 2 placing token on slot 11
[2022-12-10 13:15:04] [SEVERE ] removing player 2 token from slot 7
[2022-12-10 13:15:04] [SEVERE ] removing player 2 token from slot 8
[2022-12-10 13:15:04] [SEVERE ] removing player 2 token from slot 11
[2022-12-10 13:15:04] [SEVERE ] player 2 placing token on slot 7
[2022-12-10 13:15:04] [SEVERE ] player 2 placing token on slot 9
[2022-12-10 13:15:04] [SEVERE ] player 2 placing token on slot 5
[2022-12-10 13:15:04] [SEVERE ] removing player 2 token from slot 5
[2022-12-10 13:15:04] [SEVERE ] removing player 2 token from slot 7
[2022-12-10 13:15:04] [SEVERE ] removing player 2 token from slot 9
[2022-12-10 13:15:04] [SEVERE ] player 2 placing token on slot 2
[2022-12-10 13:15:04] [SEVERE ] player 2 placing token on slot 1
[2022-12-10 13:15:04] [SEVERE ] player 2 placing token on slot 7
[2022-12-10 13:15:04] [SEVERE ] removing player 2 token from slot 1
[2022-12-10 13:15:04] [SEVERE ] removing player 2 token from slot 2
[2022-12-10 13:15:04] [SEVERE ] removing player 2 token from slot 7
[2022-12-10 13:15:04] [SEVERE ] player 2 placing token on slot 10
[2022-12-10 13:15:04] [SEVERE ] player 2 placing token on slot 5
[2022-12-10 13:15:04] [SEVERE ] player 2 placing token on slot 6
[2022-12-10 13:15:04] [SEVERE ] removing player 2 token from slot 5
[2022-12-10 13:15:04] [SEVERE ] removing player 2 token from slot 6
[2022-12-10 13:15:04] [SEVERE ] removing player 2 token from slot 10
[2022-12-10 13:15:04] [SEVERE ] player 2 placing token on slot 6
[2022-12-10 13:15:04] [SEVERE ] player 2 placing token on slot 3
[2022-12-10 13:15:04] [SEVERE ] player 2 placing token on slot 5
[2022-12-10 13:15:04] [SEVERE ] removing player 2 token from slot 3
[2022-12-10 13:15:04] [SEVERE ] removing player 2 token from slot 5
[2022-12-10 13:15:04] [SEVERE ] removing player 2 token from slot 6
[2022-12-10 13:15:04] [SEVERE ] player 2 placing token on slot 2
[2022-12-10 13:15:04] [SEVERE ] player 2 placing token on slot 3
[2022-12-10 13:15:04] [SEVERE ] player 2 placing token on slot 6
[2022-12-10 13:15:04] [SEVERE ] removing player 2 token from slot 2
[2022-12-10 13:15:04] [SEVERE ] removing player 2 token from slot 3
[2022-12-10 13:15:04] [SEVERE ] removing player 2 token from slot 6
[2022-12-10 13:15:04] [SEVERE ] player 2 placing token on slot 8
[2022-12-10 13:15:04] [SEVERE ] player 2 placing token on slot 2
[2022-12-10 13:15:04] [SEVERE ] player 2 placing token on slot 1
[2022-12-10 13:15:04] [SEVERE ] removing player 2 token from slot 1
[2022-12-10 13:15:04] [SEVERE ] removing player 2 token from slot 2
[2022-12-10 13:15:04] [SEVERE ] removing player 2 token from slot 8
[2022-12-10 13:15:04] [SEVERE ] player 2 placing token on slot 0
[2022-12-10 13:15:04] [SEVERE ] player 2 placing token on slot 1
[2022-12-10 13:15:04] [SEVERE ] player 2 placing token on slot 5
[2022-12-10 13:15:04] [SEVERE ] removing player 2 token from slot 0
[2022-12-10 13:15:04] [SEVERE ] removing player 2 token from slot 1
[2022-12-10 13:15:04] [SEVERE ] removing player 2 token from slot 5
[2022-12-10 13:15:04] [SEVERE ] player 2 placing token on slot 6
[2022-12-10 13:15:04] [SEVERE ] player 2 placing token on slot 1
[2022-12-10 13:15:04] [SEVERE ] player 2 placing token on slot 4
[2022-12-10 13:15:04] [SEVERE ] removing player 2 token from slot 1
[2022-12-10 13:15:04] [SEVERE ] removing player 2 token from slot 4
[2022-12-10 13:15:04] [SEVERE ] removing player 2 token from slot 6
[2022-12-10 13:15:04] [SEVERE ] player 2 placing token on slot 0
[2022-12-10 13:15:04] [SEVERE ] player 2 placing token on slot 11
[2022-12-10 13:15:05] [SEVERE ] player 2 placing token on slot 5
[2022-12-10 13:15:05] [SEVERE ] removing player 2 token from slot 0
[2022-12-10 13:15:05] [SEVERE ] removing player 2 token from slot 5
[2022-12-10 13:15:05] [SEVERE ] removing player 2 token from slot 11
[2022-12-10 13:15:05] [SEVERE ] player 2 placing token on slot 0
[2022-12-10 13:15:05] [SEVERE ] player 2 placing token on slot 7
[2022-12-10 13:15:05] [SEVERE ] player 2 placing token on slot 9
[2022-12-10 13:15:05] [SEVERE ] removing player 2 token from slot 0
[2022-12-10 13:15:05] [SEVERE ] removing player 2 token from slot 7
[2022-12-10 13:15:05] [SEVERE ] removing player 2 token from slot 9
[2022-12-10 13:15:05] [SEVERE ] player 2 placing token on slot 3
[2022-12-10 13:15:05] [SEVERE ] player 2 placing token on slot 1
[2022-12-10 13:15:05] [SEVERE ] player 2 placing token on slot 8
[2022-12-10 13:15:05] [SEVERE ] removing player 2 token from slot 1
[2022-12-10 13:15:05] [SEVERE ] removing player 2 token from slot 3
[2022-12-10 13:15:05] [SEVERE ] removing player 2 token from slot 8
[2022-12-10 13:15:05] [SEVERE ] player 2 placing token on slot 7
[2022-12-10 13:15:05] [SEVERE ] player 2 placing token on slot 1
[2022-12-10 13:15:05] [SEVERE ] player 2 placing token on slot 11
[2022-12-10 13:15:05] [SEVERE ] removing player 2 token from slot 1
[2022-12-10 13:15:05] [SEVERE ] removing player 2 token from slot 7
[2022-12-10 13:15:05] [SEVERE ] removing player 2 token from slot 11
[2022-12-10 13:15:05] [SEVERE ] player 2 placing token on slot 1
[2022-12-10 13:15:05] [SEVERE ] player 2 placing token on slot 7
[2022-12-10 13:15:05] [SEVERE ] player 2 placing token on slot 11
[2022-12-10 13:15:05] [SEVERE ] removing player 2 token from slot 1
[2022-12-10 13:15:05] [SEVERE ] removing player 2 token from slot 7
[2022-12-10 13:15:05] [SEVERE ] removing player 2 token from slot 11
[2022-12-10 13:15:05] [SEVERE ] player 2 placing token on slot 0
[2022-12-10 13:15:05] [SEVERE ] player 2 placing token on slot 1
[2022-12-10 13:15:05] [SEVERE ] player 2 placing token on slot 11
[2022-12-10 13:15:05] [SEVERE ] removing player 2 token from slot 0
[2022-12-10 13:15:05] [SEVERE ] removing player 2 token from slot 1
[2022-12-10 13:15:05] [SEVERE ] removing player 2 token from slot 11
[2022-12-10 13:15:05] [SEVERE ] player 2 placing token on slot 0
[2022-12-10 13:15:05] [SEVERE ] player 2 placing token on slot 11
[2022-12-10 13:15:05] [SEVERE ] player 2 placing token on slot 6
[2022-12-10 13:15:05] [SEVERE ] removing player 2 token from slot 0
[2022-12-10 13:15:05] [SEVERE ] removing player 2 token from slot 6
[2022-12-10 13:15:05] [SEVERE ] removing player 2 token from slot 11
[2022-12-10 13:15:05] [SEVERE ] player 2 placing token on slot 2
[2022-12-10 13:15:05] [SEVERE ] player 2 placing token on slot 1
[2022-12-10 13:15:05] [SEVERE ] player 2 placing token on slot 6
[2022-12-10 13:15:05] [SEVERE ] removing player 2 token from slot 1
[2022-12-10 13:15:05] [SEVERE ] removing player 2 token from slot 2
[2022-12-10 13:15:05] [SEVERE ] removing player 2 token from slot 6
[2022-12-10 13:15:05] [SEVERE ] player 2 placing token on slot 9
[2022-12-10 13:15:05] [SEVERE ] player 2 placing token on slot 3
[2022-12-10 13:15:05] [SEVERE ] player 2 placing token on slot 11
[2022-12-10 13:15:05] [SEVERE ] removing player 2 token from slot 3
[2022-12-10 13:15:05] [SEVERE ] removing player 2 token from slot 9
[2022-12-10 13:15:05] [SEVERE ] removing player 2 token from slot 11
[2022-12-10 13:15:05] [SEVERE ] player 2 placing token on slot 1
[2022-12-10 13:15:05] [SEVERE ] player 2 placing token on slot 8
[2022-12-10 13:15:05] [SEVERE ] player 2 placing token on slot 2
[2022-12-10 13:15:05] [SEVERE ] removing player 2 token from slot 1
[2022-12-10 13:15:05] [SEVERE ] removing player 2 token from slot 2
[2022-12-10 13:15:05] [SEVERE ] removing player 2 token from slot 8
[2022-12-10 13:15:05] [SEVERE ] player 2 placing token on slot 3
[2022-12-10 13:15:05] [SEVERE ] player 2 placing token on slot 1
[2022-12-10 13:15:05] [SEVERE ] player 2 placing token on slot 5
[2022-12-10 13:15:05] [SEVERE ] removing player 2 token from slot 1
[2022-12-10 13:15:05] [SEVERE ] removing player 2 token from slot 3
[2022-12-10 13:15:05] [SEVERE ] removing player 2 token from slot 5
[2022-12-10 13:15:05] [SEVERE ] player 2 placing token on slot 11
[2022-12-10 13:15:05] [SEVERE ] player 2 placing token on slot 1
[2022-12-10 13:15:05] [SEVERE ] player 2 placing token on slot 2
[2022-12-10 13:15:05] [SEVERE ] removing player 2 token from slot 1
[2022-12-10 13:15:05] [SEVERE ] removing player 2 token from slot 2
[2022-12-10 13:15:05] [SEVERE ] removing player 2 token from slot 11
[2022-12-10 13:15:06] [SEVERE ] player 2 placing token on slot 4
[2022-12-10 13:15:06] [SEVERE ] player 2 placing token on slot 11
[2022-12-10 13:15:06] [SEVERE ] player 2 placing token on slot 2
[2022-12-10 13:15:06] [SEVERE ] removing player 2 token from slot 2
[2022-12-10 13:15:06] [SEVERE ] removing player 2 token from slot 4
[2022-12-10 13:15:06] [SEVERE ] removing player 2 token from slot 11
[2022-12-10 13:15:06] [SEVERE ] player 2 placing token on slot 6
[2022-12-10 13:15:06] [SEVERE ] player 2 placing token on slot 10
[2022-12-10 13:15:06] [SEVERE ] player 2 placing token on slot 7
[2022-12-10 13:15:06] [SEVERE ] removing player 2 token from slot 6
[2022-12-10 13:15:06] [SEVERE ] removing player 2 token from slot 7
[2022-12-10 13:15:06] [SEVERE ] removing player 2 token from slot 10
[2022-12-10 13:15:06] [SEVERE ] player 2 placing token on slot 11
[2022-12-10 13:15:06] [SEVERE ] player 2 placing token on slot 10
[2022-12-10 13:15:06] [SEVERE ] player 2 placing token on slot 5
[2022-12-10 13:15:06] [SEVERE ] removing player 2 token from slot 5
[2022-12-10 13:15:06] [SEVERE ] removing player 2 token from slot 10
[2022-12-10 13:15:06] [SEVERE ] removing player 2 token from slot 11
[2022-12-10 13:15:06] [SEVERE ] player 2 placing token on slot 2
[2022-12-10 13:15:06] [SEVERE ] player 2 placing token on slot 0
[2022-12-10 13:15:06] [SEVERE ] player 2 placing token on slot 3
[2022-12-10 13:15:06] [SEVERE ] removing player 2 token from slot 0
[2022-12-10 13:15:06] [SEVERE ] removing player 2 token from slot 2
[2022-12-10 13:15:06] [SEVERE ] removing player 2 token from slot 3
[2022-12-10 13:15:06] [SEVERE ] player 2 placing token on slot 11
[2022-12-10 13:15:06] [SEVERE ] player 2 placing token on slot 9
[2022-12-10 13:15:06] [SEVERE ] player 2 placing token on slot 0
[2022-12-10 13:15:06] [SEVERE ] removing player 2 token from slot 0
[2022-12-10 13:15:06] [SEVERE ] removing player 2 token from slot 9
[2022-12-10 13:15:06] [SEVERE ] removing player 2 token from slot 11
[2022-12-10 13:15:06] [SEVERE ] player 2 placing token on slot 11
[2022-12-10 13:15:06] [SEVERE ] player 2 placing token on slot 8
[2022-12-10 13:15:06] [SEVERE ] player 2 placing token on slot 0
[2022-12-10 13:15:06] [SEVERE ] removing player 2 token from slot 0
[2022-12-10 13:15:06] [SEVERE ] removing player 2 token from slot 8
[2022-12-10 13:15:06] [SEVERE ] removing player 2 token from slot 11
[2022-12-10 13:15:06] [SEVERE ] player 2 placing token on slot 1
[2022-12-10 13:15:06] [SEVERE ] player 2 placing token on slot 7
[2022-12-10 13:15:06] [SEVERE ] player 2 placing token on slot 8
[2022-12-10 13:15:06] [SEVERE ] removing player 2 token from slot 1
[2022-12-10 13:15:06] [SEVERE ] removing player 2 token from slot 7
[2022-12-10 13:15:06] [SEVERE ] removing player 2 token from slot 8
[2022-12-10 13:15:06] [SEVERE ] player 2 placing token on slot 3
[2022-12-10 13:15:06] [SEVERE ] player 2 placing token on slot 7
[2022-12-10 13:15:06] [SEVERE ] player 2 placing token on slot 2
[2022-12-10 13:15:06] [SEVERE ] removing player 2 token from slot 2
[2022-12-10 13:15:06] [SEVERE ] removing player 2 token from slot 3
[2022-12-10 13:15:06] [SEVERE ] removing player 2 token from slot 7
[2022-12-10 13:15:06] [SEVERE ] player 2 placing token on slot 0
[2022-12-10 13:15:06] [SEVERE ] player 2 placing token on slot 8
[2022-12-10 13:15:06] [SEVERE ] player 2 placing token on slot 5
[2022-12-10 13:15:06] [SEVERE ] removing player 2 token from slot 0
[2022-12-10 13:15:06] [SEVERE ] removing player 2 token from slot 5
[2022-12-10 13:15:06] [SEVERE ] removing player 2 token from slot 8
[2022-12-10 13:15:06] [SEVERE ] player 2 placing token on slot 7
[2022-12-10 13:15:06] [SEVERE ] player 2 placing token on slot 4
[2022-12-10 13:15:06] [SEVERE ] player 2 placing token on slot 2
[2022-12-10 13:15:06] [SEVERE ] removing player 2 token from slot 2
[2022-12-10 13:15:06] [SEVERE ] removing player 2 token from slot 4
[2022-12-10 13:15:06] [SEVERE ] removing player 2 token from slot 7
[2022-12-10 13:15:06] [SEVERE ] player 2 placing token on slot 8
[2022-12-10 13:15:06] [SEVERE ] player 2 placing token on slot 0
[2022-12-10 13:15:06] [SEVERE ] player 2 placing token on slot 10
[2022-12-10 13:15:06] [SEVERE ] removing player 2 token from slot 0
[2022-12-10 13:15:06] [SEVERE ] removing player 2 token from slot 8
[2022-12-10 13:15:06] [SEVERE ] removing player 2 token from slot 10
[2022-12-10 13:15:07] [SEVERE ] player 2 placing token on slot 2
[2022-12-10 13:15:07] [SEVERE ] player 2 placing token on slot 10
[2022-12-10 13:15:07] [SEVERE ] player 2 placing token on slot 8
[2022-12-10 13:15:07] [SEVERE ] removing player 2 token from slot 2
[2022-12-10 13:15:07] [SEVERE ] removing player 2 token from slot 8
[2022-12-10 13:15:07] [SEVERE ] removing player 2 token from slot 10
[2022-12-10 13:15:07] [SEVERE ] player 2 placing token on slot 11
[2022-12-10 13:15:07] [SEVERE ] player 2 placing token on slot 0
[2022-12-10 13:15:07] [SEVERE ] player 2 placing token on slot 7
[2022-12-10 13:15:07] [SEVERE ] removing player 2 token from slot 0
[2022-12-10 13:15:07] [SEVERE ] removing player 2 token from slot 7
[2022-12-10 13:15:07] [SEVERE ] removing player 2 token from slot 11
[2022-12-10 13:15:07] [SEVERE ] player 2 placing token on slot 7
[2022-12-10 13:15:07] [SEVERE ] player 2 placing token on slot 5
[2022-12-10 13:15:07] [SEVERE ] player 2 placing token on slot 8
[2022-12-10 13:15:07] [SEVERE ] removing player 2 token from slot 5
[2022-12-10 13:15:07] [SEVERE ] removing player 2 token from slot 7
[2022-12-10 13:15:07] [SEVERE ] removing player 2 token from slot 8
[2022-12-10 13:15:07] [SEVERE ] player 2 placing token on slot 9
[2022-12-10 13:15:07] [SEVERE ] player 2 placing token on slot 8
[2022-12-10 13:15:07] [SEVERE ] player 2 placing token on slot 6
[2022-12-10 13:15:07] [SEVERE ] removing player 2 token from slot 6
[2022-12-10 13:15:07] [SEVERE ] removing player 2 token from slot 8
[2022-12-10 13:15:07] [SEVERE ] removing player 2 token from slot 9
[2022-12-10 13:15:07] [SEVERE ] player 2 placing token on slot 6
[2022-12-10 13:15:07] [SEVERE ] player 2 placing token on slot 1
[2022-12-10 13:15:07] [SEVERE ] player 2 placing token on slot 8
[2022-12-10 13:15:07] [SEVERE ] removing player 2 token from slot 1
[2022-12-10 13:15:07] [SEVERE ] removing player 2 token from slot 6
[2022-12-10 13:15:07] [SEVERE ] removing player 2 token from slot 8
[2022-12-10 13:15:07] [SEVERE ] player 2 placing token on slot 5
[2022-12-10 13:15:07] [SEVERE ] player 2 placing token on slot 1
[2022-12-10 13:15:07] [SEVERE ] player 2 placing token on slot 6
[2022-12-10 13:15:07] [SEVERE ] removing player 2 token from slot 1
[2022-12-10 13:15:07] [SEVERE ] removing player 2 token from slot 5
[2022-12-10 13:15:07] [SEVERE ] removing player 2 token from slot 6
[2022-12-10 13:15:07] [SEVERE ] player 2 placing token on slot 8
[2022-12-10 13:15:07] [SEVERE ] player 2 placing token on slot 10
[2022-12-10 13:15:07] [SEVERE ] player 2 placing token on slot 7
[2022-12-10 13:15:07] [SEVERE ] removing player 2 token from slot 7
[2022-12-10 13:15:07] [SEVERE ] removing player 2 token from slot 8
[2022-12-10 13:15:07] [SEVERE ] removing player 2 token from slot 10
[2022-12-10 13:15:07] [SEVERE ] player 2 placing token on slot 11
[2022-12-10 13:15:07] [SEVERE ] player 2 placing token on slot 9
[2022-12-10 13:15:07] [SEVERE ] player 2 placing token on slot 10
[2022-12-10 13:15:07] [SEVERE ] removing player 2 token from slot 9
[2022-12-10 13:15:07] [SEVERE ] removing player 2 token from slot 10
[2022-12-10 13:15:07] [SEVERE ] removing player 2 token from slot 11
[2022-12-10 13:15:07] [SEVERE ] player 2 placing token on slot 11
[2022-12-10 13:15:07] [SEVERE ] player 2 placing token on slot 6
[2022-12-10 13:15:07] [SEVERE ] player 2 placing token on slot 2
[2022-12-10 13:15:07] [SEVERE ] removing player 2 token from slot 2
[2022-12-10 13:15:07] [SEVERE ] removing player 2 token from slot 6
[2022-12-10 13:15:07] [SEVERE ] removing player 2 token from slot 11
[2022-12-10 13:15:07] [SEVERE ] player 2 placing token on slot 1
[2022-12-10 13:15:07] [SEVERE ] player 2 placing token on slot 2
[2022-12-10 13:15:07] [SEVERE ] player 2 placing token on slot 4
[2022-12-10 13:15:07] [SEVERE ] removing player 2 token from slot 1
[2022-12-10 13:15:07] [SEVERE ] removing player 2 token from slot 2
[2022-12-10 13:15:07] [SEVERE ] removing player 2 token from slot 4
[2022-12-10 13:15:07] [SEVERE ] player 2 placing token on slot 7
[2022-12-10 13:15:07] [SEVERE ] player 2 placing token on slot 10
[2022-12-10 13:15:08] [SEVERE ] player 2 placing token on slot 4
[2022-12-10 13:15:08] [SEVERE ] removing player 2 token from slot 4
[2022-12-10 13:15:08] [SEVERE ] removing player 2 token from slot 7
[2022-12-10 13:15:08] [SEVERE ] removing player 2 token from slot 10
[2022-12-10 13:15:08] [SEVERE ] player 2 placing token on slot 11
[2022-12-10 13:15:08] [SEVERE ] player 2 placing token on slot 10
[2022-12-10 13:15:08] [SEVERE ] player 2 placing token on slot 6
[2022-12-10 13:15:08] [SEVERE ] removing player 2 token from slot 6
[2022-12-10 13:15:08] [SEVERE ] removing player 2 token from slot 10
[2022-12-10 13:15:08] [SEVERE ] removing player 2 token from slot 11
[2022-12-10 13:15:08] [SEVERE ] player 2 placing token on slot 8
[2022-12-10 13:15:08] [SEVERE ] player 2 placing token on slot 2
[2022-12-10 13:15:08] [SEVERE ] player 2 placing token on slot 6
[2022-12-10 13:15:08] [SEVERE ] removing player 2 token from slot 2
[2022-12-10 13:15:08] [SEVERE ] removing player 2 token from slot 6
[2022-12-10 13:15:08] [SEVERE ] removing player 2 token from slot 8
[2022-12-10 13:15:08] [SEVERE ] player 2 placing token on slot 10
[2022-12-10 13:15:08] [SEVERE ] player 2 placing token on slot 3
[2022-12-10 13:15:08] [SEVERE ] player 2 placing token on slot 7
[2022-12-10 13:15:08] [SEVERE ] removing player 2 token from slot 3
[2022-12-10 13:15:08] [SEVERE ] removing player 2 token from slot 7
[2022-12-10 13:15:08] [SEVERE ] removing player 2 token from slot 10
[2022-12-10 13:15:08] [SEVERE ] player 2 placing token on slot 9
[2022-12-10 13:15:08] [SEVERE ] player 2 placing token on slot 2
[2022-12-10 13:15:08] [SEVERE ] player 2 placing token on slot 11
[2022-12-10 13:15:08] [SEVERE ] removing player 2 token from slot 2
[2022-12-10 13:15:08] [SEVERE ] removing player 2 token from slot 9
[2022-12-10 13:15:08] [SEVERE ] removing player 2 token from slot 11
[2022-12-10 13:15:08] [SEVERE ] player 2 placing token on slot 2
[2022-12-10 13:15:08] [SEVERE ] player 2 placing token on slot 0
[2022-12-10 13:15:08] [SEVERE ] player 2 placing token on slot 4
[2022-12-10 13:15:08] [SEVERE ] removing player 2 token from slot 0
[2022-12-10 13:15:08] [SEVERE ] removing player 2 token from slot 2
[2022-12-10 13:15:08] [SEVERE ] removing player 2 token from slot 4
[2022-12-10 13:15:08] [SEVERE ] player 2 placing token on slot 3
[2022-12-10 13:15:08] [SEVERE ] player 2 placing token on slot 8
[2022-12-10 13:15:08] [SEVERE ] player 2 placing token on slot 9
[2022-12-10 13:15:08] [SEVERE ] removing player 2 token from slot 3
[2022-12-10 13:15:08] [SEVERE ] removing player 2 token from slot 8
[2022-12-10 13:15:08] [SEVERE ] removing player 2 token from slot 9
[2022-12-10 13:15:08] [SEVERE ] player 2 placing token on slot 8
[2022-12-10 13:15:08] [SEVERE ] player 2 placing token on slot 6
[2022-12-10 13:15:08] [SEVERE ] player 2 placing token on slot 9
[2022-12-10 13:15:08] [SEVERE ] removing player 2 token from slot 6
[2022-12-10 13:15:08] [SEVERE ] removing player 2 token from slot 8
[2022-12-10 13:15:08] [SEVERE ] removing player 2 token from slot 9
[2022-12-10 13:15:08] [SEVERE ] player 2 placing token on slot 5
[2022-12-10 13:15:08] [SEVERE ] player 2 placing token on slot 1
[2022-12-10 13:15:08] [SEVERE ] player 2 placing token on slot 11
[2022-12-10 13:15:08] [SEVERE ] removing player 2 token from slot 1
[2022-12-10 13:15:08] [SEVERE ] removing player 2 token from slot 5
[2022-12-10 13:15:08] [SEVERE ] removing player 2 token from slot 11
[2022-12-10 13:15:08] [SEVERE ] player 2 placing token on slot 11
[2022-12-10 13:15:08] [SEVERE ] player 2 placing token on slot 2
[2022-12-10 13:15:08] [SEVERE ] player 2 placing token on slot 7
[2022-12-10 13:15:08] [SEVERE ] removing player 2 token from slot 2
[2022-12-10 13:15:08] [SEVERE ] removing player 2 token from slot 7
[2022-12-10 13:15:08] [SEVERE ] removing player 2 token from slot 11
[2022-12-10 13:15:08] [SEVERE ] player 2 placing token on slot 4
[2022-12-10 13:15:08] [SEVERE ] player 2 placing token on slot 1
[2022-12-10 13:15:08] [SEVERE ] player 2 placing token on slot 3
[2022-12-10 13:15:08] [SEVERE ] removing player 2 token from slot 1
[2022-12-10 13:15:08] [SEVERE ] removing player 2 token from slot 3
[2022-12-10 13:15:08] [SEVERE ] removing player 2 token from slot 4
[2022-12-10 13:15:08] [SEVERE ] player 2 placing token on slot 10
[2022-12-10 13:15:08] [SEVERE ] player 2 placing token on slot 4
[2022-12-10 13:15:08] [SEVERE ] player 2 placing token on slot 2
[2022-12-10 13:15:08] [SEVERE ] removing player 2 token from slot 2
[2022-12-10 13:15:08] [SEVERE ] removing player 2 token from slot 4
[2022-12-10 13:15:08] [SEVERE ] removing player 2 token from slot 10
[2022-12-10 13:15:09] [SEVERE ] player 2 placing token on slot 7
[2022-12-10 13:15:09] [SEVERE ] player 2 placing token on slot 11
[2022-12-10 13:15:09] [SEVERE ] player 2 placing token on slot 8
[2022-12-10 13:15:09] [SEVERE ] removing player 2 token from slot 7
[2022-12-10 13:15:09] [SEVERE ] removing player 2 token from slot 8
[2022-12-10 13:15:09] [SEVERE ] removing player 2 token from slot 11
[2022-12-10 13:15:09] [SEVERE ] player 2 placing token on slot 6
[2022-12-10 13:15:09] [SEVERE ] player 2 placing token on slot 4
[2022-12-10 13:15:09] [SEVERE ] player 2 placing token on slot 3
[2022-12-10 13:15:09] [SEVERE ] removing player 2 token from slot 3
[2022-12-10 13:15:09] [SEVERE ] removing player 2 token from slot 4
[2022-12-10 13:15:09] [SEVERE ] removing player 2 token from slot 6
[2022-12-10 13:15:09] [SEVERE ] player 2 placing token on slot 11
[2022-12-10 13:15:09] [SEVERE ] player 2 placing token on slot 9
[2022-12-10 13:15:09] [SEVERE ] player 2 placing token on slot 5
[2022-12-10 13:15:09] [SEVERE ] removing player 2 token from slot 5
[2022-12-10 13:15:09] [SEVERE ] removing player 2 token from slot 9
[2022-12-10 13:15:09] [SEVERE ] removing player 2 token from slot 11
[2022-12-10 13:15:09] [SEVERE ] player 2 placing token on slot 9
[2022-12-10 13:15:09] [SEVERE ] player 2 placing token on slot 2
[2022-12-10 13:15:09] [SEVERE ] player 2 placing token on slot 6
[2022-12-10 13:15:09] [SEVERE ] removing player 2 token from slot 2
[2022-12-10 13:15:09] [SEVERE ] removing player 2 token from slot 6
[2022-12-10 13:15:09] [SEVERE ] removing player 2 token from slot 9
[2022-12-10 13:15:09] [SEVERE ] player 2 placing token on slot 8
[2022-12-10 13:15:09] [SEVERE ] player 2 placing token on slot 1
[2022-12-10 13:15:09] [SEVERE ] player 2 placing token on slot 3
[2022-12-10 13:15:09] [SEVERE ] removing player 2 token from slot 1
[2022-12-10 13:15:09] [SEVERE ] removing player 2 token from slot 3
[2022-12-10 13:15:09] [SEVERE ] removing player 2 token from slot 8
[2022-12-10 13:15:09] [SEVERE ] player 2 placing token on slot 5
[2022-12-10 13:15:09] [SEVERE ] player 2 placing token on slot 7
[2022-12-10 13:15:09] [SEVERE ] player 2 placing token on slot 6
[2022-12-10 13:15:09] [SEVERE ] removing player 2 token from slot 5
[2022-12-10 13:15:09] [SEVERE ] removing player 2 token from slot 6
[2022-12-10 13:15:09] [SEVERE ] removing player 2 token from slot 7
[2022-12-10 13:15:09] [SEVERE ] player 2 placing token on slot 10
[2022-12-10 13:15:09] [SEVERE ] player 2 placing token on slot 3
[2022-12-10 13:15:09] [SEVERE ] player 2 placing token on slot 9
[2022-12-10 13:15:09] [SEVERE ] removing player 2 token from slot 3
[2022-12-10 13:15:09] [SEVERE ] removing player 2 token from slot 9
[2022-12-10 13:15:09] [SEVERE ] removing player 2 token from slot 10
[2022-12-10 13:15:09] [SEVERE ] player 2 placing token on slot 4
[2022-12-10 13:15:09] [SEVERE ] player 2 placing token on slot 5
[2022-12-10 13:15:09] [SEVERE ] player 2 placing token on slot 2
[2022-12-10 13:15:09] [SEVERE ] removing player 2 token from slot 2
[2022-12-10 13:15:09] [SEVERE ] removing player 2 token from slot 4
[2022-12-10 13:15:09] [SEVERE ] removing player 2 token from slot 5
[2022-12-10 13:15:09] [SEVERE ] player 2 placing token on slot 6
[2022-12-10 13:15:09] [SEVERE ] player 2 placing token on slot 11
[2022-12-10 13:15:09] [SEVERE ] player 2 placing token on slot 1
[2022-12-10 13:15:09] [SEVERE ] removing player 2 token from slot 1
[2022-12-10 13:15:09] [SEVERE ] removing player 2 token from slot 6
[2022-12-10 13:15:09] [SEVERE ] removing player 2 token from slot 11
[2022-12-10 13:15:09] [SEVERE ] player 2 placing token on slot 1
[2022-12-10 13:15:09] [SEVERE ] player 2 placing token on slot 6
[2022-12-10 13:15:09] [SEVERE ] player 2 placing token on slot 5
[2022-12-10 13:15:09] [SEVERE ] removing player 2 token from slot 1
[2022-12-10 13:15:09] [SEVERE ] removing player 2 token from slot 5
[2022-12-10 13:15:09] [SEVERE ] removing player 2 token from slot 6
[2022-12-10 13:15:09] [SEVERE ] player 2 placing token on slot 2
[2022-12-10 13:15:09] [SEVERE ] player 2 placing token on slot 5
[2022-12-10 13:15:09] [SEVERE ] player 2 placing token on slot 4
[2022-12-10 13:15:09] [SEVERE ] removing player 2 token from slot 2
[2022-12-10 13:15:09] [SEVERE ] removing player 2 token from slot 4
[2022-12-10 13:15:09] [SEVERE ] removing player 2 token from slot 5
[2022-12-10 13:15:09] [SEVERE ] player 2 placing token on slot 4
[2022-12-10 13:15:10] [SEVERE ] player 2 placing token on slot 6
[2022-12-10 13:15:10] [SEVERE ] player 2 placing token on slot 9
[2022-12-10 13:15:10] [SEVERE ] removing player 2 token from slot 4
[2022-12-10 13:15:10] [SEVERE ] removing player 2 token from slot 6
[2022-12-10 13:15:10] [SEVERE ] removing player 2 token from slot 9
[2022-12-10 13:15:10] [SEVERE ] player 2 placing token on slot 5
[2022-12-10 13:15:10] [SEVERE ] player 2 placing token on slot 0
[2022-12-10 13:15:10] [SEVERE ] player 2 placing token on slot 1
[2022-12-10 13:15:10] [SEVERE ] removing player 2 token from slot 0
[2022-12-10 13:15:10] [SEVERE ] removing player 2 token from slot 1
[2022-12-10 13:15:10] [SEVERE ] removing player 2 token from slot 5
[2022-12-10 13:15:10] [SEVERE ] player 2 placing token on slot 1
[2022-12-10 13:15:10] [SEVERE ] player 2 placing token on slot 0
[2022-12-10 13:15:10] [SEVERE ] player 2 placing token on slot 3
[2022-12-10 13:15:10] [SEVERE ] removing player 2 token from slot 0
[2022-12-10 13:15:10] [SEVERE ] removing player 2 token from slot 1
[2022-12-10 13:15:10] [SEVERE ] removing player 2 token from slot 3
[2022-12-10 13:15:10] [SEVERE ] player 2 placing token on slot 2
[2022-12-10 13:15:10] [SEVERE ] player 2 placing token on slot 7
[2022-12-10 13:15:10] [SEVERE ] player 2 placing token on slot 6
[2022-12-10 13:15:10] [SEVERE ] removing player 2 token from slot 2
[2022-12-10 13:15:10] [SEVERE ] removing player 2 token from slot 6
[2022-12-10 13:15:10] [SEVERE ] removing player 2 token from slot 7
[2022-12-10 13:15:10] [SEVERE ] player 2 placing token on slot 8
[2022-12-10 13:15:10] [SEVERE ] player 2 placing token on slot 0
[2022-12-10 13:15:10] [SEVERE ] player 2 placing token on slot 4
[2022-12-10 13:15:10] [SEVERE ] removing player 2 token from slot 0
[2022-12-10 13:15:10] [SEVERE ] removing player 2 token from slot 4
[2022-12-10 13:15:10] [SEVERE ] removing player 2 token from slot 8
[2022-12-10 13:15:10] [SEVERE ] player 2 placing token on slot 1
[2022-12-10 13:15:10] [SEVERE ] player 2 placing token on slot 6
[2022-12-10 13:15:10] [SEVERE ] player 2 placing token on slot 3
[2022-12-10 13:15:10] [SEVERE ] removing player 2 token from slot 1
[2022-12-10 13:15:10] [SEVERE ] removing player 2 token from slot 3
[2022-12-10 13:15:10] [SEVERE ] removing player 2 token from slot 6
[2022-12-10 13:15:10] [SEVERE ] player 2 placing token on slot 7
[2022-12-10 13:15:10] [SEVERE ] player 2 placing token on slot 4
[2022-12-10 13:15:10] [SEVERE ] player 2 placing token on slot 1
[2022-12-10 13:15:10] [SEVERE ] removing player 2 token from slot 1
[2022-12-10 13:15:10] [SEVERE ] removing player 2 token from slot 4
[2022-12-10 13:15:10] [SEVERE ] removing player 2 token from slot 7
[2022-12-10 13:15:10] [SEVERE ] player 2 placing token on slot 7
[2022-12-10 13:15:10] [SEVERE ] player 2 placing token on slot 2
[2022-12-10 13:15:10] [SEVERE ] player 2 placing token on slot 0
[2022-12-10 13:15:10] [SEVERE ] removing player 2 token from slot 0
[2022-12-10 13:15:10] [SEVERE ] removing player 2 token from slot 2
[2022-12-10 13:15:10] [SEVERE ] removing player 2 token from slot 7
[2022-12-10 13:15:10] [SEVERE ] player 2 placing token on slot 5
[2022-12-10 13:15:10] [SEVERE ] player 2 placing token on slot 6
[2022-12-10 13:15:10] [SEVERE ] player 2 placing token on slot 4
[2022-12-10 13:15:10] [SEVERE ] removing player 2 token from slot 4
[2022-12-10 13:15:10] [SEVERE ] removing player 2 token from slot 5
[2022-12-10 13:15:10] [SEVERE ] removing player 2 token from slot 6
[2022-12-10 13:15:10] [SEVERE ] player 2 placing token on slot 7
[2022-12-10 13:15:10] [SEVERE ] player 2 placing token on slot 10
[2022-12-10 13:15:10] [SEVERE ] player 2 placing token on slot 8
[2022-12-10 13:15:10] [SEVERE ] removing player 2 token from slot 7
[2022-12-10 13:15:10] [SEVERE ] removing player 2 token from slot 8
[2022-12-10 13:15:10] [SEVERE ] removing player 2 token from slot 10
[2022-12-10 13:15:10] [SEVERE ] player 2 placing token on slot 11
[2022-12-10 13:15:10] [SEVERE ] player 2 placing token on slot 10
[2022-12-10 13:15:10] [SEVERE ] player 2 placing token on slot 2
[2022-12-10 13:15:10] [SEVERE ] removing player 2 token from slot 2
[2022-12-10 13:15:10] [SEVERE ] removing player 2 token from slot 10
[2022-12-10 13:15:10] [SEVERE ] removing player 2 token from slot 11
[2022-12-10 13:15:11] [SEVERE ] player 2 placing token on slot 5
[2022-12-10 13:15:11] [SEVERE ] player 2 placing token on slot 0
[2022-12-10 13:15:11] [SEVERE ] player 2 placing token on slot 1
[2022-12-10 13:15:11] [SEVERE ] removing player 2 token from slot 0
[2022-12-10 13:15:11] [SEVERE ] removing player 2 token from slot 1
[2022-12-10 13:15:11] [SEVERE ] removing player 2 token from slot 5
[2022-12-10 13:15:11] [SEVERE ] player 2 placing token on slot 6
[2022-12-10 13:15:11] [SEVERE ] player 2 placing token on slot 5
[2022-12-10 13:15:11] [SEVERE ] player 2 placing token on slot 2
[2022-12-10 13:15:11] [SEVERE ] removing player 2 token from slot 2
[2022-12-10 13:15:11] [SEVERE ] removing player 2 token from slot 5
[2022-12-10 13:15:11] [SEVERE ] removing player 2 token from slot 6
[2022-12-10 13:15:11] [SEVERE ] player 2 placing token on slot 2
[2022-12-10 13:15:11] [SEVERE ] player 2 placing token on slot 10
[2022-12-10 13:15:11] [SEVERE ] player 2 placing token on slot 4
[2022-12-10 13:15:11] [SEVERE ] removing player 2 token from slot 2
[2022-12-10 13:15:11] [SEVERE ] removing player 2 token from slot 4
[2022-12-10 13:15:11] [SEVERE ] removing player 2 token from slot 10
[2022-12-10 13:15:11] [SEVERE ] player 2 placing token on slot 6
[2022-12-10 13:15:11] [SEVERE ] player 2 placing token on slot 8
[2022-12-10 13:15:11] [SEVERE ] player 2 placing token on slot 2
[2022-12-10 13:15:11] [SEVERE ] removing player 2 token from slot 2
[2022-12-10 13:15:11] [SEVERE ] removing player 2 token from slot 6
[2022-12-10 13:15:11] [SEVERE ] removing player 2 token from slot 8
[2022-12-10 13:15:11] [SEVERE ] player 2 placing token on slot 1
[2022-12-10 13:15:11] [SEVERE ] player 2 placing token on slot 8
[2022-12-10 13:15:11] [SEVERE ] player 2 placing token on slot 7
[2022-12-10 13:15:11] [SEVERE ] removing player 2 token from slot 1
[2022-12-10 13:15:11] [SEVERE ] removing player 2 token from slot 7
[2022-12-10 13:15:11] [SEVERE ] removing player 2 token from slot 8
[2022-12-10 13:15:11] [SEVERE ] player 2 placing token on slot 9
[2022-12-10 13:15:11] [SEVERE ] player 2 placing token on slot 3
[2022-12-10 13:15:11] [SEVERE ] player 2 placing token on slot 2
[2022-12-10 13:15:11] [SEVERE ] removing player 2 token from slot 2
[2022-12-10 13:15:11] [SEVERE ] removing player 2 token from slot 3
[2022-12-10 13:15:11] [SEVERE ] removing player 2 token from slot 9
[2022-12-10 13:15:11] [SEVERE ] player 2 placing token on slot 4
[2022-12-10 13:15:11] [SEVERE ] player 2 placing token on slot 3
[2022-12-10 13:15:11] [SEVERE ] player 2 placing token on slot 6
[2022-12-10 13:15:11] [SEVERE ] removing player 2 token from slot 3
[2022-12-10 13:15:11] [SEVERE ] removing player 2 token from slot 4
[2022-12-10 13:15:11] [SEVERE ] removing player 2 token from slot 6
[2022-12-10 13:15:11] [SEVERE ] player 2 placing token on slot 10
[2022-12-10 13:15:11] [SEVERE ] player 2 placing token on slot 1
[2022-12-10 13:15:11] [SEVERE ] player 2 placing token on slot 9
[2022-12-10 13:15:11] [SEVERE ] removing player 2 token from slot 1
[2022-12-10 13:15:11] [SEVERE ] removing player 2 token from slot 9
[2022-12-10 13:15:11] [SEVERE ] removing player 2 token from slot 10
[2022-12-10 13:15:11] [SEVERE ] player 2 placing token on slot 10
[2022-12-10 13:15:11] [SEVERE ] player 2 placing token on slot 9
[2022-12-10 13:15:11] [SEVERE ] player 2 placing token on slot 7
[2022-12-10 13:15:11] [SEVERE ] removing player 2 token from slot 7
[2022-12-10 13:15:11] [SEVERE ] removing player 2 token from slot 9
[2022-12-10 13:15:11] [SEVERE ] removing player 2 token from slot 10
[2022-12-10 13:15:11] [SEVERE ] player 2 placing token on slot 0
[2022-12-10 13:15:11] [SEVERE ] player 2 placing token on slot 4
[2022-12-10 13:15:11] [SEVERE ] player 2 placing token on slot 11
[2022-12-10 13:15:11] [SEVERE ] removing player 2 token from slot 0
[2022-12-10 13:15:11] [SEVERE ] removing player 2 token from slot 4
[2022-12-10 13:15:11] [SEVERE ] removing player 2 token from slot 11
[2022-12-10 13:15:11] [SEVERE ] player 2 placing token on slot 0
[2022-12-10 13:15:11] [SEVERE ] player 2 placing token on slot 7
[2022-12-10 13:15:11] [SEVERE ] player 2 placing token on slot 5
[2022-12-10 13:15:11] [SEVERE ] removing player 2 token from slot 0
[2022-12-10 13:15:11] [SEVERE ] removing player 2 token from slot 5
[2022-12-10 13:15:11] [SEVERE ] removing player 2 token from slot 7
[2022-12-10 13:15:12] [SEVERE ] player 2 placing token on slot 11
[2022-12-10 13:15:12] [SEVERE ] player 2 placing token on slot 10
[2022-12-10 13:15:12] [SEVERE ] player 2 placing token on slot 1
[2022-12-10 13:15:12] [SEVERE ] removing player 2 token from slot 1
[2022-12-10 13:15:12] [SEVERE ] removing player 2 token from slot 10
[2022-12-10 13:15:12] [SEVERE ] removing player 2 token from slot 11
[2022-12-10 13:15:12] [SEVERE ] player 2 placing token on slot 11
[2022-12-10 13:15:12] [SEVERE ] player 2 placing token on slot 2
[2022-12-10 13:15:12] [SEVERE ] player 2 placing token on slot 10
[2022-12-10 13:15:12] [SEVERE ] removing player 2 token from slot 2
[2022-12-10 13:15:12] [SEVERE ] removing player 2 token from slot 10
[2022-12-10 13:15:12] [SEVERE ] removing player 2 token from slot 11
[2022-12-10 13:15:12] [SEVERE ] player 2 placing token on slot 7
[2022-12-10 13:15:12] [SEVERE ] player 2 placing token on slot 3
[2022-12-10 13:15:12] [SEVERE ] player 2 placing token on slot 9
[2022-12-10 13:15:12] [SEVERE ] removing player 2 token from slot 3
[2022-12-10 13:15:12] [SEVERE ] removing player 2 token from slot 7
[2022-12-10 13:15:12] [SEVERE ] removing player 2 token from slot 9
[2022-12-10 13:15:12] [SEVERE ] player 2 placing token on slot 7
[2022-12-10 13:15:12] [SEVERE ] player 2 placing token on slot 11
[2022-12-10 13:15:12] [SEVERE ] player 2 placing token on slot 5
[2022-12-10 13:15:12] [SEVERE ] removing player 2 token from slot 5
[2022-12-10 13:15:12] [SEVERE ] removing player 2 token from slot 7
[2022-12-10 13:15:12] [SEVERE ] removing player 2 token from slot 11
[2022-12-10 13:15:12] [SEVERE ] player 2 placing token on slot 2
[2022-12-10 13:15:12] [SEVERE ] player 2 placing token on slot 11
[2022-12-10 13:15:12] [SEVERE ] player 2 placing token on slot 5
[2022-12-10 13:15:12] [SEVERE ] removing player 2 token from slot 2
[2022-12-10 13:15:12] [SEVERE ] removing player 2 token from slot 5
[2022-12-10 13:15:12] [SEVERE ] removing player 2 token from slot 11
[2022-12-10 13:15:12] [SEVERE ] player 2 placing token on slot 10
[2022-12-10 13:15:12] [SEVERE ] player 2 placing token on slot 7
[2022-12-10 13:15:12] [SEVERE ] player 2 placing token on slot 4
[2022-12-10 13:15:12] [SEVERE ] removing player 2 token from slot 4
[2022-12-10 13:15:12] [SEVERE ] removing player 2 token from slot 7
[2022-12-10 13:15:12] [SEVERE ] removing player 2 token from slot 10
[2022-12-10 13:15:12] [SEVERE ] player 2 placing token on slot 8
[2022-12-10 13:15:12] [SEVERE ] player 2 placing token on slot 0
[2022-12-10 13:15:12] [SEVERE ] player 2 placing token on slot 6
[2022-12-10 13:15:12] [SEVERE ] removing player 2 token from slot 0
[2022-12-10 13:15:12] [SEVERE ] removing player 2 token from slot 6
[2022-12-10 13:15:12] [SEVERE ] removing player 2 token from slot 8
[2022-12-10 13:15:12] [SEVERE ] player 2 placing token on slot 6
[2022-12-10 13:15:12] [SEVERE ] player 2 placing token on slot 7
[2022-12-10 13:15:12] [SEVERE ] player 2 placing token on slot 10
[2022-12-10 13:15:12] [SEVERE ] removing player 2 token from slot 6
[2022-12-10 13:15:12] [SEVERE ] removing player 2 token from slot 7
[2022-12-10 13:15:12] [SEVERE ] removing player 2 token from slot 10
[2022-12-10 13:15:12] [SEVERE ] player 2 placing token on slot 9
[2022-12-10 13:15:12] [SEVERE ] player 2 placing token on slot 2
[2022-12-10 13:15:12] [SEVERE ] player 2 placing token on slot 4
[2022-12-10 13:15:12] [SEVERE ] removing player 2 token from slot 2
[2022-12-10 13:15:12] [SEVERE ] removing player 2 token from slot 4
[2022-12-10 13:15:12] [SEVERE ] removing player 2 token from slot 9
[2022-12-10 13:15:12] [SEVERE ] player 2 placing token on slot 0
[2022-12-10 13:15:12] [SEVERE ] player 2 placing token on slot 2
[2022-12-10 13:15:12] [SEVERE ] player 2 placing token on slot 4
[2022-12-10 13:15:12] [SEVERE ] removing player 2 token from slot 0
[2022-12-10 13:15:12] [SEVERE ] removing player 2 token from slot 2
[2022-12-10 13:15:12] [SEVERE ] removing player 2 token from slot 4
[2022-12-10 13:15:12] [SEVERE ] player 2 placing token on slot 9
[2022-12-10 13:15:13] [SEVERE ] player 2 placing token on slot 1
[2022-12-10 13:15:13] [SEVERE ] player 2 placing token on slot 4
[2022-12-10 13:15:13] [SEVERE ] removing player 2 token from slot 1
[2022-12-10 13:15:13] [SEVERE ] removing player 2 token from slot 4
[2022-12-10 13:15:13] [SEVERE ] removing player 2 token from slot 9
[2022-12-10 13:15:13] [SEVERE ] player 2 placing token on slot 7
[2022-12-10 13:15:13] [SEVERE ] player 2 placing token on slot 5
[2022-12-10 13:15:13] [SEVERE ] player 2 placing token on slot 9
[2022-12-10 13:15:13] [SEVERE ] removing player 2 token from slot 5
[2022-12-10 13:15:13] [SEVERE ] removing player 2 token from slot 7
[2022-12-10 13:15:13] [SEVERE ] removing player 2 token from slot 9
[2022-12-10 13:15:13] [SEVERE ] player 2 placing token on slot 2
[2022-12-10 13:15:13] [SEVERE ] player 2 placing token on slot 7
[2022-12-10 13:15:13] [SEVERE ] player 2 placing token on slot 9
[2022-12-10 13:15:13] [SEVERE ] removing player 2 token from slot 2
[2022-12-10 13:15:13] [SEVERE ] removing player 2 token from slot 7
[2022-12-10 13:15:13] [SEVERE ] removing player 2 token from slot 9
[2022-12-10 13:15:13] [SEVERE ] player 2 placing token on slot 10
[2022-12-10 13:15:13] [SEVERE ] player 2 placing token on slot 9
[2022-12-10 13:15:13] [SEVERE ] player 2 placing token on slot 1
[2022-12-10 13:15:13] [SEVERE ] removing player 2 token from slot 1
[2022-12-10 13:15:13] [SEVERE ] removing player 2 token from slot 9
[2022-12-10 13:15:13] [SEVERE ] removing player 2 token from slot 10
[2022-12-10 13:15:13] [SEVERE ] player 2 placing token on slot 4
[2022-12-10 13:15:13] [SEVERE ] player 2 placing token on slot 7
[2022-12-10 13:15:13] [SEVERE ] player 2 placing token on slot 9
[2022-12-10 13:15:13] [SEVERE ] removing player 2 token from slot 4
[2022-12-10 13:15:13] [SEVERE ] removing player 2 token from slot 7
[2022-12-10 13:15:13] [SEVERE ] removing player 2 token from slot 9
[2022-12-10 13:15:13] [SEVERE ] player 2 placing token on slot 0
[2022-12-10 13:15:13] [SEVERE ] player 2 placing token on slot 7
[2022-12-10 13:15:13] [SEVERE ] player 2 placing token on slot 3
[2022-12-10 13:15:13] [SEVERE ] removing player 2 token from slot 0
[2022-12-10 13:15:13] [SEVERE ] removing player 2 token from slot 3
[2022-12-10 13:15:13] [SEVERE ] removing player 2 token from slot 7
[2022-12-10 13:15:13] [SEVERE ] player 2 placing token on slot 3
[2022-12-10 13:15:13] [SEVERE ] player 2 placing token on slot 9
[2022-12-10 13:15:13] [SEVERE ] player 2 placing token on slot 0
[2022-12-10 13:15:13] [SEVERE ] removing player 2 token from slot 0
[2022-12-10 13:15:13] [SEVERE ] removing player 2 token from slot 3
[2022-12-10 13:15:13] [SEVERE ] removing player 2 token from slot 9
[2022-12-10 13:15:13] [SEVERE ] player 2 placing token on slot 10
[2022-12-10 13:15:13] [SEVERE ] player 2 placing token on slot 4
[2022-12-10 13:15:13] [SEVERE ] player 2 placing token on slot 11
[2022-12-10 13:15:13] [SEVERE ] removing player 2 token from slot 4
[2022-12-10 13:15:13] [SEVERE ] removing player 2 token from slot 10
[2022-12-10 13:15:13] [SEVERE ] removing player 2 token from slot 11
[2022-12-10 13:15:13] [SEVERE ] player 2 placing token on slot 1
[2022-12-10 13:15:13] [SEVERE ] player 2 placing token on slot 9
[2022-12-10 13:15:13] [SEVERE ] player 2 placing token on slot 8
[2022-12-10 13:15:13] [SEVERE ] removing player 2 token from slot 1
[2022-12-10 13:15:13] [SEVERE ] removing player 2 token from slot 8
[2022-12-10 13:15:13] [SEVERE ] removing player 2 token from slot 9
[2022-12-10 13:15:13] [SEVERE ] player 2 placing token on slot 9
[2022-12-10 13:15:13] [SEVERE ] player 2 placing token on slot 4
[2022-12-10 13:15:13] [SEVERE ] player 2 placing token on slot 1
[2022-12-10 13:15:13] [SEVERE ] removing player 2 token from slot 1
[2022-12-10 13:15:13] [SEVERE ] removing player 2 token from slot 4
[2022-12-10 13:15:13] [SEVERE ] removing player 2 token from slot 9
[2022-12-10 13:15:13] [SEVERE ] player 2 placing token on slot 10
[2022-12-10 13:15:13] [SEVERE ] player 2 placing token on slot 4
[2022-12-10 13:15:13] [SEVERE ] player 2 placing token on slot 6
[2022-12-10 13:15:13] [SEVERE ] removing player 2 token from slot 4
[2022-12-10 13:15:13] [SEVERE ] removing player 2 token from slot 6
[2022-12-10 13:15:13] [SEVERE ] removing player 2 token from slot 10
[2022-12-10 13:15:13] [SEVERE ] player 2 placing token on slot 11
[2022-12-10 13:15:13] [SEVERE ] player 2 placing token on slot 1
[2022-12-10 13:15:14] [SEVERE ] player 2 placing token on slot 10
[2022-12-10 13:15:14] [SEVERE ] removing player 2 token from slot 1
[2022-12-10 13:15:14] [SEVERE ] removing player 2 token from slot 10
[2022-12-10 13:15:14] [SEVERE ] removing player 2 token from slot 11
[2022-12-10 13:15:14] [SEVERE ] player 2 placing token on slot 8
[2022-12-10 13:15:14] [SEVERE ] player 2 placing token on slot 3
[2022-12-10 13:15:14] [SEVERE ] player 2 placing token on slot 0
[2022-12-10 13:15:14] [SEVERE ] removing player 2 token from slot 0
[2022-12-10 13:15:14] [SEVERE ] removing player 2 token from slot 3
[2022-12-10 13:15:14] [SEVERE ] removing player 2 token from slot 8
[2022-12-10 13:15:14] [SEVERE ] player 2 placing token on slot 2
[2022-12-10 13:15:14] [SEVERE ] player 2 placing token on slot 6
[2022-12-10 13:15:14] [SEVERE ] player 2 placing token on slot 5
[2022-12-10 13:15:14] [SEVERE ] removing player 2 token from slot 2
[2022-12-10 13:15:14] [SEVERE ] removing player 2 token from slot 5
[2022-12-10 13:15:14] [SEVERE ] removing player 2 token from slot 6
[2022-12-10 13:15:14] [SEVERE ] player 2 placing token on slot 8
[2022-12-10 13:15:14] [SEVERE ] player 2 placing token on slot 7
[2022-12-10 13:15:14] [SEVERE ] player 2 placing token on slot 5
[2022-12-10 13:15:14] [SEVERE ] removing player 2 token from slot 5
[2022-12-10 13:15:14] [SEVERE ] removing player 2 token from slot 7
[2022-12-10 13:15:14] [SEVERE ] removing player 2 token from slot 8
[2022-12-10 13:15:14] [SEVERE ] player 2 placing token on slot 0
[2022-12-10 13:15:14] [SEVERE ] player 2 placing token on slot 8
[2022-12-10 13:15:14] [SEVERE ] player 2 placing token on slot 3
[2022-12-10 13:15:14] [SEVERE ] removing player 2 token from slot 0
[2022-12-10 13:15:14] [SEVERE ] removing player 2 token from slot 3
[2022-12-10 13:15:14] [SEVERE ] removing player 2 token from slot 8
[2022-12-10 13:15:14] [SEVERE ] player 2 placing token on slot 0
[2022-12-10 13:15:14] [SEVERE ] player 2 placing token on slot 2
[2022-12-10 13:15:14] [SEVERE ] player 2 placing token on slot 11
[2022-12-10 13:15:14] [SEVERE ] removing player 2 token from slot 0
[2022-12-10 13:15:14] [SEVERE ] removing player 2 token from slot 2
[2022-12-10 13:15:14] [SEVERE ] removing player 2 token from slot 11
[2022-12-10 13:15:14] [SEVERE ] player 2 placing token on slot 2
[2022-12-10 13:15:14] [SEVERE ] player 2 placing token on slot 5
[2022-12-10 13:15:14] [SEVERE ] player 2 placing token on slot 3
[2022-12-10 13:15:14] [SEVERE ] removing player 2 token from slot 2
[2022-12-10 13:15:14] [SEVERE ] removing player 2 token from slot 3
[2022-12-10 13:15:14] [SEVERE ] removing player 2 token from slot 5
[2022-12-10 13:15:14] [SEVERE ] player 2 placing token on slot 11
[2022-12-10 13:15:14] [SEVERE ] player 2 placing token on slot 0
[2022-12-10 13:15:14] [SEVERE ] player 2 placing token on slot 7
[2022-12-10 13:15:14] [SEVERE ] removing player 2 token from slot 0
[2022-12-10 13:15:14] [SEVERE ] removing player 2 token from slot 7
[2022-12-10 13:15:14] [SEVERE ] removing player 2 token from slot 11
[2022-12-10 13:15:14] [SEVERE ] player 2 placing token on slot 9
[2022-12-10 13:15:14] [SEVERE ] player 2 placing token on slot 5
[2022-12-10 13:15:14] [SEVERE ] player 2 placing token on slot 1
[2022-12-10 13:15:14] [SEVERE ] removing player 2 token from slot 1
[2022-12-10 13:15:14] [SEVERE ] removing player 2 token from slot 5
[2022-12-10 13:15:14] [SEVERE ] removing player 2 token from slot 9
[2022-12-10 13:15:14] [SEVERE ] player 2 placing token on slot 6
[2022-12-10 13:15:14] [SEVERE ] player 2 placing token on slot 11
[2022-12-10 13:15:14] [SEVERE ] player 2 placing token on slot 10
[2022-12-10 13:15:14] [SEVERE ] removing player 2 token from slot 6
[2022-12-10 13:15:14] [SEVERE ] removing player 2 token from slot 10
[2022-12-10 13:15:14] [SEVERE ] removing player 2 token from slot 11
[2022-12-10 13:15:14] [SEVERE ] player 2 placing token on slot 9
[2022-12-10 13:15:14] [SEVERE ] player 2 placing token on slot 11
[2022-12-10 13:15:14] [SEVERE ] player 2 placing token on slot 1
[2022-12-10 13:15:14] [SEVERE ] removing player 2 token from slot 1
[2022-12-10 13:15:14] [SEVERE ] removing player 2 token from slot 9
[2022-12-10 13:15:14] [SEVERE ] removing player 2 token from slot 11
[2022-12-10 13:15:14] [SEVERE ] player 2 placing token on slot 0
[2022-12-10 13:15:15] [SEVERE ] player 2 placing token on slot 3
[2022-12-10 13:15:15] [SEVERE ] player 2 placing token on slot 10
[2022-12-10 13:15:15] [SEVERE ] removing player 2 token from slot 0
[2022-12-10 13:15:15] [SEVERE ] removing player 2 token from slot 3
[2022-12-10 13:15:15] [SEVERE ] removing player 2 token from slot 10
[2022-12-10 13:15:15] [SEVERE ] player 2 placing token on slot 9
[2022-12-10 13:15:15] [SEVERE ] player 2 placing token on slot 1
[2022-12-10 13:15:15] [SEVERE ] player 2 placing token on slot 2
[2022-12-10 13:15:15] [SEVERE ] removing player 2 token from slot 1
[2022-12-10 13:15:15] [SEVERE ] removing player 2 token from slot 2
[2022-12-10 13:15:15] [SEVERE ] removing player 2 token from slot 9
[2022-12-10 13:15:15] [SEVERE ] player 2 placing token on slot 4
[2022-12-10 13:15:15] [SEVERE ] player 2 placing token on slot 1
[2022-12-10 13:15:15] [SEVERE ] player 2 placing token on slot 8
[2022-12-10 13:15:15] [SEVERE ] removing player 2 token from slot 1
[2022-12-10 13:15:15] [SEVERE ] removing player 2 token from slot 4
[2022-12-10 13:15:15] [SEVERE ] removing player 2 token from slot 8
[2022-12-10 13:15:15] [SEVERE ] player 2 placing token on slot 5
[2022-12-10 13:15:15] [SEVERE ] player 2 placing token on slot 0
[2022-12-10 13:15:15] [SEVERE ] player 2 placing token on slot 2
[2022-12-10 13:15:15] [SEVERE ] removing player 2 token from slot 0
[2022-12-10 13:15:15] [SEVERE ] removing player 2 token from slot 2
[2022-12-10 13:15:15] [SEVERE ] removing player 2 token from slot 5
[2022-12-10 13:15:15] [SEVERE ] player 2 placing token on slot 9
[2022-12-10 13:15:15] [SEVERE ] player 2 placing token on slot 4
[2022-12-10 13:15:15] [SEVERE ] player 2 placing token on slot 7
[2022-12-10 13:15:15] [SEVERE ] removing player 2 token from slot 4
[2022-12-10 13:15:15] [SEVERE ] removing player 2 token from slot 7
[2022-12-10 13:15:15] [SEVERE ] removing player 2 token from slot 9
[2022-12-10 13:15:15] [SEVERE ] player 2 placing token on slot 1
[2022-12-10 13:15:15] [SEVERE ] player 2 placing token on slot 5
[2022-12-10 13:15:15] [SEVERE ] player 2 placing token on slot 11
[2022-12-10 13:15:15] [SEVERE ] removing player 2 token from slot 1
[2022-12-10 13:15:15] [SEVERE ] removing player 2 token from slot 5
[2022-12-10 13:15:15] [SEVERE ] removing player 2 token from slot 11
[2022-12-10 13:15:15] [SEVERE ] player 2 placing token on slot 8
[2022-12-10 13:15:15] [SEVERE ] player 2 placing token on slot 11
[2022-12-10 13:15:15] [SEVERE ] player 2 placing token on slot 0
[2022-12-10 13:15:15] [SEVERE ] removing player 2 token from slot 0
[2022-12-10 13:15:15] [SEVERE ] removing player 2 token from slot 8
[2022-12-10 13:15:15] [SEVERE ] removing player 2 token from slot 11
[2022-12-10 13:15:15] [SEVERE ] player 2 placing token on slot 6
[2022-12-10 13:15:15] [SEVERE ] player 2 placing token on slot 3
[2022-12-10 13:15:15] [SEVERE ] player 2 placing token on slot 7
[2022-12-10 13:15:15] [SEVERE ] removing player 2 token from slot 3
[2022-12-10 13:15:15] [SEVERE ] removing player 2 token from slot 6
[2022-12-10 13:15:15] [SEVERE ] removing player 2 token from slot 7
[2022-12-10 13:15:15] [SEVERE ] player 2 placing token on slot 6
[2022-12-10 13:15:15] [SEVERE ] player 2 placing token on slot 1
[2022-12-10 13:15:15] [SEVERE ] player 2 placing token on slot 4
[2022-12-10 13:15:15] [SEVERE ] removing player 2 token from slot 1
[2022-12-10 13:15:15] [SEVERE ] removing player 2 token from slot 4
[2022-12-10 13:15:15] [SEVERE ] removing player 2 token from slot 6
[2022-12-10 13:15:15] [SEVERE ] player 2 placing token on slot 1
[2022-12-10 13:15:15] [SEVERE ] player 2 placing token on slot 9
[2022-12-10 13:15:15] [SEVERE ] player 2 placing token on slot 0
[2022-12-10 13:15:15] [SEVERE ] removing player 2 token from slot 0
[2022-12-10 13:15:15] [SEVERE ] removing player 2 token from slot 1
[2022-12-10 13:15:15] [SEVERE ] removing player 2 token from slot 9
[2022-12-10 13:15:15] [SEVERE ] player 2 placing token on slot 4
[2022-12-10 13:15:15] [SEVERE ] player 2 placing token on slot 5
[2022-12-10 13:15:15] [SEVERE ] player 2 placing token on slot 6
[2022-12-10 13:15:15] [SEVERE ] removing player 2 token from slot 4
[2022-12-10 13:15:15] [SEVERE ] removing player 2 token from slot 5
[2022-12-10 13:15:15] [SEVERE ] removing player 2 token from slot 6
[2022-12-10 13:15:16] [SEVERE ] player 2 placing token on slot 6
[2022-12-10 13:15:16] [SEVERE ] player 2 placing token on slot 8
[2022-12-10 13:15:16] [SEVERE ] player 2 placing token on slot 3
[2022-12-10 13:15:16] [SEVERE ] removing player 2 token from slot 3
[2022-12-10 13:15:16] [SEVERE ] removing player 2 token from slot 6
[2022-12-10 13:15:16] [SEVERE ] removing player 2 token from slot 8
[2022-12-10 13:15:16] [SEVERE ] player 2 placing token on slot 0
[2022-12-10 13:15:16] [SEVERE ] player 2 placing token on slot 2
[2022-12-10 13:15:16] [SEVERE ] removing tokens from slot 0
[2022-12-10 13:15:16] [SEVERE ] removing card from slot 0
[2022-12-10 13:15:16] [SEVERE ] removing tokens from slot 1
[2022-12-10 13:15:16] [SEVERE ] removing card from slot 1
[2022-12-10 13:15:16] [SEVERE ] removing tokens from slot 2
[2022-12-10 13:15:16] [SEVERE ] removing card from slot 2
[2022-12-10 13:15:16] [SEVERE ] removing tokens from slot 3
[2022-12-10 13:15:16] [SEVERE ] removing card from slot 3
[2022-12-10 13:15:16] [SEVERE ] removing tokens from slot 4
[2022-12-10 13:15:16] [SEVERE ] removing card from slot 4
[2022-12-10 13:15:16] [SEVERE ] removing tokens from slot 5
[2022-12-10 13:15:16] [SEVERE ] removing card from slot 5
[2022-12-10 13:15:16] [SEVERE ] removing tokens from slot 6
[2022-12-10 13:15:16] [SEVERE ] removing card from slot 6
[2022-12-10 13:15:16] [SEVERE ] removing tokens from slot 7
[2022-12-10 13:15:16] [SEVERE ] removing card from slot 7
[2022-12-10 13:15:17] [SEVERE ] removing tokens from slot 8
[2022-12-10 13:15:17] [SEVERE ] removing card from slot 8
[2022-12-10 13:15:17] [SEVERE ] removing tokens from slot 9
[2022-12-10 13:15:17] [SEVERE ] removing card from slot 9
[2022-12-10 13:15:17] [SEVERE ] removing tokens from slot 10
[2022-12-10 13:15:17] [SEVERE ] removing card from slot 10
[2022-12-10 13:15:17] [SEVERE ] removing tokens from slot 11
[2022-12-10 13:15:17] [SEVERE ] removing card from slot 11
[2022-12-10 13:15:17] [SEVERE ] placing card 59 in slot 0
[2022-12-10 13:15:17] [SEVERE ] placing card 48 in slot 1
[2022-12-10 13:15:17] [SEVERE ] placing card 72 in slot 2
[2022-12-10 13:15:17] [SEVERE ] placing card 15 in slot 3
[2022-12-10 13:15:17] [SEVERE ] placing card 66 in slot 4
[2022-12-10 13:15:18] [SEVERE ] placing card 40 in slot 5
[2022-12-10 13:15:18] [SEVERE ] placing card 37 in slot 6
[2022-12-10 13:15:18] [SEVERE ] placing card 7 in slot 7
[2022-12-10 13:15:18] [SEVERE ] placing card 9 in slot 8
[2022-12-10 13:15:18] [SEVERE ] placing card 53 in slot 9
[2022-12-10 13:15:18] [SEVERE ] placing card 12 in slot 10
[2022-12-10 13:15:18] [SEVERE ] placing card 58 in slot 11
[2022-12-10 13:15:18] [SEVERE ] player 2 placing token on slot 3
