[2022-12-13 00:47:01] [INFO   ] cannot read configuration file config.properties trying from resources.
[2022-12-13 00:47:01] [INFO   ] configuration file was loaded from resources directory.
[2022-12-13 00:47:01] [INFO   ] Thread Thread-0starting.
[2022-12-13 00:47:01] [INFO   ] Thread Thread-3starting.
[2022-12-13 00:47:01] [INFO   ] Thread Thread-2starting.
[2022-12-13 00:47:01] [INFO   ] Thread dealer starting.
[2022-12-13 00:47:01] [INFO   ] Thread Thread-1starting.
[2022-12-13 00:47:01] [INFO   ] Thread computer-3 starting.
[2022-12-13 00:47:01] [INFO   ] Thread computer-2 starting.
[2022-12-13 00:47:01] [SEVERE ] placing card 15 in slot 0
[2022-12-13 00:47:02] [SEVERE ] placing card 7 in slot 1
[2022-12-13 00:47:02] [SEVERE ] placing card 22 in slot 2
[2022-12-13 00:47:02] [SEVERE ] placing card 61 in slot 3
[2022-12-13 00:47:02] [SEVERE ] placing card 12 in slot 4
[2022-12-13 00:47:02] [SEVERE ] placing card 66 in slot 5
[2022-12-13 00:47:02] [SEVERE ] placing card 3 in slot 6
[2022-12-13 00:47:02] [SEVERE ] placing card 67 in slot 7
[2022-12-13 00:47:02] [SEVERE ] placing card 38 in slot 8
[2022-12-13 00:47:02] [SEVERE ] placing card 49 in slot 9
[2022-12-13 00:47:03] [SEVERE ] placing card 42 in slot 10
[2022-12-13 00:47:03] [SEVERE ] placing card 40 in slot 11
[2022-12-13 00:47:03] [SEVERE ] player 2 placing token on slot 1
[2022-12-13 00:47:03] [SEVERE ] player 3 placing token on slot 5
[2022-12-13 00:47:03] [SEVERE ] player 3 placing token on slot 9
[2022-12-13 00:47:03] [SEVERE ] player 2 placing token on slot 6
[2022-12-13 00:47:03] [SEVERE ] player 3 placing token on slot 10
[2022-12-13 00:47:03] [SEVERE ] removing player 3 token from slot 5
[2022-12-13 00:47:03] [SEVERE ] removing player 3 token from slot 9
[2022-12-13 00:47:03] [SEVERE ] removing player 3 token from slot 10
[2022-12-13 00:47:03] [SEVERE ] player 2 placing token on slot 10
[2022-12-13 00:47:03] [SEVERE ] removing player 2 token from slot 1
[2022-12-13 00:47:03] [SEVERE ] removing player 2 token from slot 6
[2022-12-13 00:47:03] [SEVERE ] removing player 2 token from slot 10
[2022-12-13 00:47:03] [SEVERE ] player 3 placing token on slot 0
[2022-12-13 00:47:03] [SEVERE ] player 2 placing token on slot 4
[2022-12-13 00:47:03] [SEVERE ] player 3 placing token on slot 4
[2022-12-13 00:47:03] [SEVERE ] player 2 placing token on slot 10
[2022-12-13 00:47:03] [SEVERE ] player 3 placing token on slot 1
[2022-12-13 00:47:03] [SEVERE ] removing player 3 token from slot 0
[2022-12-13 00:47:03] [SEVERE ] removing player 3 token from slot 1
[2022-12-13 00:47:03] [SEVERE ] removing player 3 token from slot 4
[2022-12-13 00:47:03] [SEVERE ] player 2 placing token on slot 7
[2022-12-13 00:47:03] [SEVERE ] player 3 placing token on slot 9
[2022-12-13 00:47:03] [SEVERE ] removing player 2 token from slot 4
[2022-12-13 00:47:03] [SEVERE ] removing player 2 token from slot 7
[2022-12-13 00:47:03] [SEVERE ] removing player 2 token from slot 10
[2022-12-13 00:47:03] [SEVERE ] player 3 placing token on slot 4
[2022-12-13 00:47:03] [SEVERE ] player 2 placing token on slot 5
[2022-12-13 00:47:03] [SEVERE ] player 3 placing token on slot 11
[2022-12-13 00:47:03] [SEVERE ] removing player 3 token from slot 4
[2022-12-13 00:47:03] [SEVERE ] removing player 3 token from slot 9
[2022-12-13 00:47:03] [SEVERE ] removing player 3 token from slot 11
[2022-12-13 00:47:03] [SEVERE ] player 2 placing token on slot 2
[2022-12-13 00:47:03] [SEVERE ] player 3 placing token on slot 4
[2022-12-13 00:47:03] [SEVERE ] player 2 placing token on slot 1
[2022-12-13 00:47:03] [SEVERE ] removing player 2 token from slot 1
[2022-12-13 00:47:03] [SEVERE ] removing player 2 token from slot 2
[2022-12-13 00:47:03] [SEVERE ] removing player 2 token from slot 5
[2022-12-13 00:47:03] [SEVERE ] player 2 placing token on slot 3
[2022-12-13 00:47:03] [SEVERE ] player 3 placing token on slot 2
[2022-12-13 00:47:03] [SEVERE ] player 2 placing token on slot 2
[2022-12-13 00:47:03] [SEVERE ] player 2 placing token on slot 6
[2022-12-13 00:47:03] [SEVERE ] player 3 placing token on slot 8
[2022-12-13 00:47:03] [SEVERE ] removing player 2 token from slot 2
[2022-12-13 00:47:03] [SEVERE ] removing player 2 token from slot 3
[2022-12-13 00:47:03] [SEVERE ] removing player 2 token from slot 6
[2022-12-13 00:47:03] [SEVERE ] removing player 3 token from slot 2
[2022-12-13 00:47:03] [SEVERE ] removing player 3 token from slot 4
[2022-12-13 00:47:03] [SEVERE ] removing player 3 token from slot 8
[2022-12-13 00:47:03] [SEVERE ] player 2 placing token on slot 10
[2022-12-13 00:47:03] [SEVERE ] player 3 placing token on slot 8
[2022-12-13 00:47:03] [SEVERE ] player 2 placing token on slot 9
[2022-12-13 00:47:03] [SEVERE ] player 3 placing token on slot 5
[2022-12-13 00:47:03] [SEVERE ] player 2 placing token on slot 11
[2022-12-13 00:47:03] [SEVERE ] removing player 2 token from slot 9
[2022-12-13 00:47:03] [SEVERE ] removing player 2 token from slot 10
[2022-12-13 00:47:03] [SEVERE ] removing player 2 token from slot 11
[2022-12-13 00:47:03] [SEVERE ] player 3 placing token on slot 4
[2022-12-13 00:47:03] [SEVERE ] removing player 3 token from slot 4
[2022-12-13 00:47:03] [SEVERE ] removing player 3 token from slot 5
[2022-12-13 00:47:03] [SEVERE ] removing player 3 token from slot 8
[2022-12-13 00:47:03] [SEVERE ] player 2 placing token on slot 4
[2022-12-13 00:47:03] [SEVERE ] player 3 placing token on slot 7
[2022-12-13 00:47:03] [SEVERE ] player 2 placing token on slot 7
[2022-12-13 00:47:03] [SEVERE ] player 3 placing token on slot 6
[2022-12-13 00:47:03] [SEVERE ] player 2 placing token on slot 3
[2022-12-13 00:47:03] [SEVERE ] removing player 2 token from slot 3
[2022-12-13 00:47:03] [SEVERE ] removing player 2 token from slot 4
[2022-12-13 00:47:03] [SEVERE ] removing player 2 token from slot 7
[2022-12-13 00:47:03] [SEVERE ] player 3 placing token on slot 3
[2022-12-13 00:47:03] [SEVERE ] removing player 3 token from slot 3
[2022-12-13 00:47:03] [SEVERE ] removing player 3 token from slot 6
[2022-12-13 00:47:03] [SEVERE ] removing player 3 token from slot 7
[2022-12-13 00:47:03] [SEVERE ] player 2 placing token on slot 10
[2022-12-13 00:47:03] [SEVERE ] player 3 placing token on slot 1
[2022-12-13 00:47:03] [SEVERE ] player 2 placing token on slot 3
[2022-12-13 00:47:03] [SEVERE ] player 3 placing token on slot 0
[2022-12-13 00:47:03] [SEVERE ] player 2 placing token on slot 5
[2022-12-13 00:47:03] [SEVERE ] removing player 2 token from slot 3
[2022-12-13 00:47:03] [SEVERE ] removing player 2 token from slot 5
[2022-12-13 00:47:03] [SEVERE ] removing player 2 token from slot 10
[2022-12-13 00:47:03] [SEVERE ] player 3 placing token on slot 10
[2022-12-13 00:47:03] [SEVERE ] removing player 3 token from slot 0
[2022-12-13 00:47:03] [SEVERE ] removing player 3 token from slot 1
[2022-12-13 00:47:03] [SEVERE ] removing player 3 token from slot 10
[2022-12-13 00:47:03] [SEVERE ] player 2 placing token on slot 5
[2022-12-13 00:47:03] [SEVERE ] player 3 placing token on slot 1
[2022-12-13 00:47:03] [SEVERE ] player 3 placing token on slot 6
[2022-12-13 00:47:03] [SEVERE ] player 2 placing token on slot 1
[2022-12-13 00:47:03] [SEVERE ] player 3 placing token on slot 8
[2022-12-13 00:47:03] [SEVERE ] player 2 placing token on slot 9
[2022-12-13 00:47:03] [SEVERE ] removing player 3 token from slot 1
[2022-12-13 00:47:03] [SEVERE ] removing player 3 token from slot 6
[2022-12-13 00:47:03] [SEVERE ] removing player 3 token from slot 8
[2022-12-13 00:47:03] [SEVERE ] removing player 2 token from slot 1
[2022-12-13 00:47:03] [SEVERE ] removing player 2 token from slot 5
[2022-12-13 00:47:03] [SEVERE ] removing player 2 token from slot 9
[2022-12-13 00:47:03] [SEVERE ] player 3 placing token on slot 4
[2022-12-13 00:47:03] [SEVERE ] player 2 placing token on slot 11
[2022-12-13 00:47:03] [SEVERE ] player 3 placing token on slot 0
[2022-12-13 00:47:03] [SEVERE ] player 2 placing token on slot 10
[2022-12-13 00:47:03] [SEVERE ] player 3 placing token on slot 10
[2022-12-13 00:47:03] [SEVERE ] removing player 3 token from slot 0
[2022-12-13 00:47:03] [SEVERE ] removing player 3 token from slot 4
[2022-12-13 00:47:03] [SEVERE ] removing player 3 token from slot 10
[2022-12-13 00:47:03] [SEVERE ] player 2 placing token on slot 2
[2022-12-13 00:47:03] [SEVERE ] removing player 2 token from slot 2
[2022-12-13 00:47:03] [SEVERE ] removing player 2 token from slot 10
[2022-12-13 00:47:03] [SEVERE ] removing player 2 token from slot 11
[2022-12-13 00:47:03] [SEVERE ] player 3 placing token on slot 9
[2022-12-13 00:47:03] [SEVERE ] player 2 placing token on slot 0
[2022-12-13 00:47:03] [SEVERE ] player 2 placing token on slot 2
[2022-12-13 00:47:03] [SEVERE ] player 3 placing token on slot 10
[2022-12-13 00:47:03] [SEVERE ] player 3 placing token on slot 7
[2022-12-13 00:47:03] [SEVERE ] removing player 3 token from slot 7
[2022-12-13 00:47:03] [SEVERE ] removing player 3 token from slot 9
[2022-12-13 00:47:03] [SEVERE ] removing player 3 token from slot 10
[2022-12-13 00:47:03] [SEVERE ] player 2 placing token on slot 5
[2022-12-13 00:47:03] [SEVERE ] removing player 2 token from slot 0
[2022-12-13 00:47:03] [SEVERE ] removing player 2 token from slot 2
[2022-12-13 00:47:03] [SEVERE ] removing player 2 token from slot 5
[2022-12-13 00:47:03] [SEVERE ] player 2 placing token on slot 7
[2022-12-13 00:47:03] [SEVERE ] player 3 placing token on slot 7
[2022-12-13 00:47:04] [SEVERE ] player 3 placing token on slot 4
[2022-12-13 00:47:04] [SEVERE ] player 2 placing token on slot 6
[2022-12-13 00:47:04] [SEVERE ] player 2 placing token on slot 3
[2022-12-13 00:47:04] [SEVERE ] player 3 placing token on slot 0
[2022-12-13 00:47:04] [SEVERE ] removing player 2 token from slot 3
[2022-12-13 00:47:04] [SEVERE ] removing player 2 token from slot 6
[2022-12-13 00:47:04] [SEVERE ] removing player 2 token from slot 7
[2022-12-13 00:47:04] [SEVERE ] removing player 3 token from slot 0
[2022-12-13 00:47:04] [SEVERE ] removing player 3 token from slot 4
[2022-12-13 00:47:04] [SEVERE ] removing player 3 token from slot 7
[2022-12-13 00:47:04] [SEVERE ] player 2 placing token on slot 1
[2022-12-13 00:47:04] [SEVERE ] player 3 placing token on slot 9
[2022-12-13 00:47:04] [SEVERE ] player 3 placing token on slot 8
[2022-12-13 00:47:04] [SEVERE ] player 2 placing token on slot 6
[2022-12-13 00:47:04] [SEVERE ] player 3 placing token on slot 3
[2022-12-13 00:47:04] [SEVERE ] removing player 3 token from slot 3
[2022-12-13 00:47:04] [SEVERE ] removing player 3 token from slot 8
[2022-12-13 00:47:04] [SEVERE ] removing player 3 token from slot 9
[2022-12-13 00:47:04] [SEVERE ] player 3 placing token on slot 1
[2022-12-13 00:47:04] [SEVERE ] player 2 placing token on slot 9
[2022-12-13 00:47:04] [SEVERE ] removing player 2 token from slot 1
[2022-12-13 00:47:04] [SEVERE ] removing player 2 token from slot 6
[2022-12-13 00:47:04] [SEVERE ] removing player 2 token from slot 9
[2022-12-13 00:47:04] [SEVERE ] player 3 placing token on slot 10
[2022-12-13 00:47:04] [SEVERE ] player 2 placing token on slot 8
[2022-12-13 00:47:04] [SEVERE ] player 3 placing token on slot 0
[2022-12-13 00:47:04] [SEVERE ] removing player 3 token from slot 0
[2022-12-13 00:47:04] [SEVERE ] removing player 3 token from slot 1
[2022-12-13 00:47:04] [SEVERE ] removing player 3 token from slot 10
[2022-12-13 00:47:04] [SEVERE ] player 3 placing token on slot 4
[2022-12-13 00:47:04] [SEVERE ] player 2 placing token on slot 10
[2022-12-13 00:47:04] [SEVERE ] player 3 placing token on slot 8
[2022-12-13 00:47:04] [SEVERE ] player 3 placing token on slot 7
[2022-12-13 00:47:04] [SEVERE ] removing player 3 token from slot 4
[2022-12-13 00:47:04] [SEVERE ] removing player 3 token from slot 7
[2022-12-13 00:47:04] [SEVERE ] removing player 3 token from slot 8
[2022-12-13 00:47:04] [SEVERE ] player 2 placing token on slot 3
[2022-12-13 00:47:04] [SEVERE ] removing player 2 token from slot 3
[2022-12-13 00:47:04] [SEVERE ] removing player 2 token from slot 8
[2022-12-13 00:47:04] [SEVERE ] removing player 2 token from slot 10
[2022-12-13 00:47:04] [SEVERE ] player 3 placing token on slot 8
[2022-12-13 00:47:04] [SEVERE ] player 2 placing token on slot 4
[2022-12-13 00:47:04] [SEVERE ] player 3 placing token on slot 9
[2022-12-13 00:47:04] [SEVERE ] player 2 placing token on slot 9
[2022-12-13 00:47:04] [SEVERE ] player 3 placing token on slot 11
[2022-12-13 00:47:04] [SEVERE ] removing player 3 token from slot 8
[2022-12-13 00:47:04] [SEVERE ] removing player 3 token from slot 9
[2022-12-13 00:47:04] [SEVERE ] removing player 3 token from slot 11
[2022-12-13 00:47:04] [SEVERE ] player 2 placing token on slot 1
[2022-12-13 00:47:04] [SEVERE ] removing player 2 token from slot 1
[2022-12-13 00:47:04] [SEVERE ] removing player 2 token from slot 4
[2022-12-13 00:47:04] [SEVERE ] removing player 2 token from slot 9
[2022-12-13 00:47:04] [SEVERE ] player 3 placing token on slot 1
[2022-12-13 00:47:04] [SEVERE ] player 2 placing token on slot 2
[2022-12-13 00:47:04] [SEVERE ] player 3 placing token on slot 10
[2022-12-13 00:47:04] [SEVERE ] player 2 placing token on slot 3
[2022-12-13 00:47:04] [SEVERE ] player 3 placing token on slot 4
[2022-12-13 00:47:04] [SEVERE ] removing player 3 token from slot 1
[2022-12-13 00:47:04] [SEVERE ] removing player 3 token from slot 4
[2022-12-13 00:47:04] [SEVERE ] removing player 3 token from slot 10
[2022-12-13 00:47:04] [SEVERE ] player 2 placing token on slot 5
[2022-12-13 00:47:04] [SEVERE ] removing player 2 token from slot 2
[2022-12-13 00:47:04] [SEVERE ] removing player 2 token from slot 3
[2022-12-13 00:47:04] [SEVERE ] removing player 2 token from slot 5
[2022-12-13 00:47:04] [SEVERE ] player 2 placing token on slot 5
[2022-12-13 00:47:04] [SEVERE ] player 3 placing token on slot 9
[2022-12-13 00:47:04] [SEVERE ] player 2 placing token on slot 0
[2022-12-13 00:47:04] [SEVERE ] player 3 placing token on slot 5
[2022-12-13 00:47:04] [SEVERE ] player 2 placing token on slot 4
[2022-12-13 00:47:04] [SEVERE ] removing player 2 token from slot 0
[2022-12-13 00:47:04] [SEVERE ] removing player 2 token from slot 4
[2022-12-13 00:47:04] [SEVERE ] removing player 2 token from slot 5
[2022-12-13 00:47:04] [SEVERE ] player 3 placing token on slot 4
[2022-12-13 00:47:04] [SEVERE ] removing player 3 token from slot 4
[2022-12-13 00:47:04] [SEVERE ] removing player 3 token from slot 5
[2022-12-13 00:47:04] [SEVERE ] removing player 3 token from slot 9
[2022-12-13 00:47:04] [SEVERE ] player 2 placing token on slot 2
[2022-12-13 00:47:04] [SEVERE ] player 3 placing token on slot 1
[2022-12-13 00:47:04] [SEVERE ] player 2 placing token on slot 11
[2022-12-13 00:47:04] [SEVERE ] player 3 placing token on slot 5
[2022-12-13 00:47:04] [SEVERE ] player 2 placing token on slot 5
[2022-12-13 00:47:04] [SEVERE ] removing player 2 token from slot 2
[2022-12-13 00:47:04] [SEVERE ] removing player 2 token from slot 5
[2022-12-13 00:47:04] [SEVERE ] removing player 2 token from slot 11
[2022-12-13 00:47:04] [SEVERE ] player 3 placing token on slot 10
[2022-12-13 00:47:04] [SEVERE ] removing player 3 token from slot 1
[2022-12-13 00:47:04] [SEVERE ] removing player 3 token from slot 5
[2022-12-13 00:47:04] [SEVERE ] removing player 3 token from slot 10
[2022-12-13 00:47:04] [SEVERE ] player 2 placing token on slot 5
[2022-12-13 00:47:04] [SEVERE ] player 3 placing token on slot 3
[2022-12-13 00:47:04] [SEVERE ] player 2 placing token on slot 2
[2022-12-13 00:47:04] [SEVERE ] player 3 placing token on slot 6
[2022-12-13 00:47:04] [SEVERE ] player 2 placing token on slot 8
[2022-12-13 00:47:04] [SEVERE ] removing player 2 token from slot 2
[2022-12-13 00:47:04] [SEVERE ] removing player 2 token from slot 5
[2022-12-13 00:47:04] [SEVERE ] removing player 2 token from slot 8
[2022-12-13 00:47:04] [SEVERE ] player 3 placing token on slot 8
[2022-12-13 00:47:04] [SEVERE ] removing player 3 token from slot 3
[2022-12-13 00:47:04] [SEVERE ] removing player 3 token from slot 6
[2022-12-13 00:47:04] [SEVERE ] removing player 3 token from slot 8
[2022-12-13 00:47:04] [SEVERE ] player 2 placing token on slot 6
[2022-12-13 00:47:04] [SEVERE ] player 3 placing token on slot 5
[2022-12-13 00:47:04] [SEVERE ] player 3 placing token on slot 11
[2022-12-13 00:47:04] [SEVERE ] player 2 placing token on slot 2
[2022-12-13 00:47:04] [SEVERE ] player 3 placing token on slot 8
[2022-12-13 00:47:04] [SEVERE ] removing player 3 token from slot 5
[2022-12-13 00:47:04] [SEVERE ] removing player 3 token from slot 8
[2022-12-13 00:47:04] [SEVERE ] removing player 3 token from slot 11
[2022-12-13 00:47:04] [SEVERE ] player 3 placing token on slot 4
[2022-12-13 00:47:04] [SEVERE ] player 3 placing token on slot 10
[2022-12-13 00:47:04] [SEVERE ] player 2 placing token on slot 10
[2022-12-13 00:47:04] [SEVERE ] removing player 2 token from slot 2
[2022-12-13 00:47:04] [SEVERE ] removing player 2 token from slot 6
[2022-12-13 00:47:04] [SEVERE ] removing player 2 token from slot 10
[2022-12-13 00:47:04] [SEVERE ] player 3 placing token on slot 7
[2022-12-13 00:47:04] [SEVERE ] removing player 3 token from slot 4
[2022-12-13 00:47:04] [SEVERE ] removing player 3 token from slot 7
[2022-12-13 00:47:04] [SEVERE ] removing player 3 token from slot 10
[2022-12-13 00:47:04] [SEVERE ] player 2 placing token on slot 7
[2022-12-13 00:47:04] [SEVERE ] player 3 placing token on slot 3
[2022-12-13 00:47:04] [SEVERE ] player 2 placing token on slot 3
[2022-12-13 00:47:04] [SEVERE ] player 3 placing token on slot 8
[2022-12-13 00:47:04] [SEVERE ] player 3 placing token on slot 1
[2022-12-13 00:47:04] [SEVERE ] removing player 3 token from slot 1
[2022-12-13 00:47:04] [SEVERE ] removing player 3 token from slot 3
[2022-12-13 00:47:04] [SEVERE ] removing player 3 token from slot 8
[2022-12-13 00:47:04] [SEVERE ] player 2 placing token on slot 5
[2022-12-13 00:47:04] [SEVERE ] removing player 2 token from slot 3
[2022-12-13 00:47:04] [SEVERE ] removing player 2 token from slot 5
[2022-12-13 00:47:04] [SEVERE ] removing player 2 token from slot 7
[2022-12-13 00:47:04] [SEVERE ] player 2 placing token on slot 10
[2022-12-13 00:47:04] [SEVERE ] player 3 placing token on slot 10
[2022-12-13 00:47:04] [SEVERE ] player 2 placing token on slot 11
[2022-12-13 00:47:04] [SEVERE ] player 3 placing token on slot 5
[2022-12-13 00:47:04] [SEVERE ] player 2 placing token on slot 8
[2022-12-13 00:47:04] [SEVERE ] player 3 placing token on slot 0
[2022-12-13 00:47:05] [SEVERE ] removing tokens from slot 8
[2022-12-13 00:47:05] [SEVERE ] removing card from slot 8
[2022-12-13 00:47:05] [SEVERE ] removing tokens from slot 10
[2022-12-13 00:47:05] [SEVERE ] removing card from slot 10
[2022-12-13 00:47:05] [SEVERE ] removing tokens from slot 11
[2022-12-13 00:47:05] [SEVERE ] removing card from slot 11
[2022-12-13 00:47:05] [SEVERE ] placing card 17 in slot 8
[2022-12-13 00:47:05] [SEVERE ] placing card 79 in slot 10
[2022-12-13 00:47:05] [SEVERE ] placing card 13 in slot 11
[2022-12-13 00:47:05] [SEVERE ] setting player 2 score to 1
[2022-12-13 00:47:05] [SEVERE ] player 2 placing token on slot 3
[2022-12-13 00:47:05] [SEVERE ] player 2 placing token on slot 0
[2022-12-13 00:47:05] [SEVERE ] player 2 placing token on slot 7
[2022-12-13 00:47:05] [SEVERE ] removing player 2 token from slot 0
[2022-12-13 00:47:05] [SEVERE ] removing player 2 token from slot 3
[2022-12-13 00:47:05] [SEVERE ] removing player 2 token from slot 7
[2022-12-13 00:47:05] [SEVERE ] player 2 placing token on slot 5
[2022-12-13 00:47:05] [SEVERE ] player 2 placing token on slot 4
[2022-12-13 00:47:05] [SEVERE ] player 2 placing token on slot 3
[2022-12-13 00:47:05] [SEVERE ] removing player 2 token from slot 3
[2022-12-13 00:47:05] [SEVERE ] removing player 2 token from slot 4
[2022-12-13 00:47:05] [SEVERE ] removing player 2 token from slot 5
[2022-12-13 00:47:05] [SEVERE ] player 2 placing token on slot 9
[2022-12-13 00:47:05] [SEVERE ] player 2 placing token on slot 8
[2022-12-13 00:47:05] [SEVERE ] player 2 placing token on slot 5
[2022-12-13 00:47:05] [SEVERE ] removing player 2 token from slot 5
[2022-12-13 00:47:05] [SEVERE ] removing player 2 token from slot 8
[2022-12-13 00:47:05] [SEVERE ] removing player 2 token from slot 9
[2022-12-13 00:47:05] [SEVERE ] player 2 placing token on slot 0
[2022-12-13 00:47:05] [SEVERE ] player 2 placing token on slot 4
[2022-12-13 00:47:05] [SEVERE ] player 2 placing token on slot 7
[2022-12-13 00:47:05] [SEVERE ] removing player 2 token from slot 0
[2022-12-13 00:47:05] [SEVERE ] removing player 2 token from slot 4
[2022-12-13 00:47:05] [SEVERE ] removing player 2 token from slot 7
[2022-12-13 00:47:05] [SEVERE ] player 2 placing token on slot 4
[2022-12-13 00:47:06] [SEVERE ] player 2 placing token on slot 9
[2022-12-13 00:47:06] [SEVERE ] player 2 placing token on slot 1
[2022-12-13 00:47:06] [SEVERE ] removing player 2 token from slot 1
[2022-12-13 00:47:06] [SEVERE ] removing player 2 token from slot 4
[2022-12-13 00:47:06] [SEVERE ] removing player 2 token from slot 9
[2022-12-13 00:47:06] [SEVERE ] player 2 placing token on slot 4
[2022-12-13 00:47:06] [SEVERE ] player 2 placing token on slot 11
[2022-12-13 00:47:06] [SEVERE ] player 2 placing token on slot 8
[2022-12-13 00:47:06] [SEVERE ] removing player 2 token from slot 4
[2022-12-13 00:47:06] [SEVERE ] removing player 2 token from slot 8
[2022-12-13 00:47:06] [SEVERE ] removing player 2 token from slot 11
[2022-12-13 00:47:06] [SEVERE ] player 2 placing token on slot 2
[2022-12-13 00:47:06] [SEVERE ] player 2 placing token on slot 4
[2022-12-13 00:47:06] [SEVERE ] player 2 placing token on slot 11
[2022-12-13 00:47:06] [SEVERE ] removing player 2 token from slot 2
[2022-12-13 00:47:06] [SEVERE ] removing player 2 token from slot 4
[2022-12-13 00:47:06] [SEVERE ] removing player 2 token from slot 11
[2022-12-13 00:47:06] [SEVERE ] player 2 placing token on slot 5
[2022-12-13 00:47:06] [SEVERE ] player 2 placing token on slot 1
[2022-12-13 00:47:06] [SEVERE ] player 2 placing token on slot 4
[2022-12-13 00:47:06] [SEVERE ] removing player 2 token from slot 1
[2022-12-13 00:47:06] [SEVERE ] removing player 2 token from slot 4
[2022-12-13 00:47:06] [SEVERE ] removing player 2 token from slot 5
[2022-12-13 00:47:06] [SEVERE ] player 2 placing token on slot 4
[2022-12-13 00:47:06] [SEVERE ] player 2 placing token on slot 3
[2022-12-13 00:47:06] [SEVERE ] player 2 placing token on slot 10
[2022-12-13 00:47:06] [SEVERE ] removing player 2 token from slot 3
[2022-12-13 00:47:06] [SEVERE ] removing player 2 token from slot 4
[2022-12-13 00:47:06] [SEVERE ] removing player 2 token from slot 10
[2022-12-13 00:47:06] [SEVERE ] player 2 placing token on slot 5
[2022-12-13 00:47:06] [SEVERE ] player 2 placing token on slot 7
[2022-12-13 00:47:06] [SEVERE ] player 2 placing token on slot 9
[2022-12-13 00:47:06] [SEVERE ] removing player 2 token from slot 5
[2022-12-13 00:47:06] [SEVERE ] removing player 2 token from slot 7
[2022-12-13 00:47:06] [SEVERE ] removing player 2 token from slot 9
[2022-12-13 00:47:06] [SEVERE ] player 2 placing token on slot 9
[2022-12-13 00:47:06] [SEVERE ] player 2 placing token on slot 1
[2022-12-13 00:47:06] [SEVERE ] player 2 placing token on slot 5
[2022-12-13 00:47:06] [SEVERE ] removing player 2 token from slot 1
[2022-12-13 00:47:06] [SEVERE ] removing player 2 token from slot 5
[2022-12-13 00:47:06] [SEVERE ] removing player 2 token from slot 9
[2022-12-13 00:47:06] [SEVERE ] player 2 placing token on slot 9
[2022-12-13 00:47:06] [SEVERE ] player 2 placing token on slot 7
[2022-12-13 00:47:06] [SEVERE ] player 2 placing token on slot 10
[2022-12-13 00:47:06] [SEVERE ] removing player 2 token from slot 7
[2022-12-13 00:47:06] [SEVERE ] removing player 2 token from slot 9
[2022-12-13 00:47:06] [SEVERE ] removing player 2 token from slot 10
[2022-12-13 00:47:06] [SEVERE ] player 2 placing token on slot 3
[2022-12-13 00:47:06] [SEVERE ] player 2 placing token on slot 9
[2022-12-13 00:47:06] [SEVERE ] player 2 placing token on slot 7
[2022-12-13 00:47:06] [SEVERE ] removing player 2 token from slot 3
[2022-12-13 00:47:06] [SEVERE ] removing player 2 token from slot 7
[2022-12-13 00:47:06] [SEVERE ] removing player 2 token from slot 9
[2022-12-13 00:47:06] [SEVERE ] player 2 placing token on slot 3
[2022-12-13 00:47:06] [SEVERE ] player 2 placing token on slot 1
[2022-12-13 00:47:06] [SEVERE ] player 2 placing token on slot 11
[2022-12-13 00:47:06] [SEVERE ] removing player 2 token from slot 1
[2022-12-13 00:47:06] [SEVERE ] removing player 2 token from slot 3
[2022-12-13 00:47:06] [SEVERE ] removing player 2 token from slot 11
[2022-12-13 00:47:06] [SEVERE ] player 2 placing token on slot 8
[2022-12-13 00:47:06] [SEVERE ] player 2 placing token on slot 4
[2022-12-13 00:47:07] [SEVERE ] player 2 placing token on slot 6
[2022-12-13 00:47:07] [SEVERE ] removing player 2 token from slot 4
[2022-12-13 00:47:07] [SEVERE ] removing player 2 token from slot 6
[2022-12-13 00:47:07] [SEVERE ] removing player 2 token from slot 8
[2022-12-13 00:47:07] [SEVERE ] player 2 placing token on slot 5
[2022-12-13 00:47:07] [SEVERE ] player 2 placing token on slot 2
[2022-12-13 00:47:07] [SEVERE ] player 2 placing token on slot 1
[2022-12-13 00:47:07] [SEVERE ] removing player 2 token from slot 1
[2022-12-13 00:47:07] [SEVERE ] removing player 2 token from slot 2
[2022-12-13 00:47:07] [SEVERE ] removing player 2 token from slot 5
[2022-12-13 00:47:07] [SEVERE ] player 2 placing token on slot 5
[2022-12-13 00:47:07] [SEVERE ] player 2 placing token on slot 11
[2022-12-13 00:47:07] [SEVERE ] player 2 placing token on slot 7
[2022-12-13 00:47:07] [SEVERE ] removing player 2 token from slot 5
[2022-12-13 00:47:07] [SEVERE ] removing player 2 token from slot 7
[2022-12-13 00:47:07] [SEVERE ] removing player 2 token from slot 11
[2022-12-13 00:47:07] [SEVERE ] player 2 placing token on slot 2
[2022-12-13 00:47:07] [SEVERE ] player 2 placing token on slot 5
[2022-12-13 00:47:07] [SEVERE ] player 2 placing token on slot 6
[2022-12-13 00:47:07] [SEVERE ] removing player 2 token from slot 2
[2022-12-13 00:47:07] [SEVERE ] removing player 2 token from slot 5
[2022-12-13 00:47:07] [SEVERE ] removing player 2 token from slot 6
[2022-12-13 00:47:07] [SEVERE ] player 2 placing token on slot 0
[2022-12-13 00:47:07] [SEVERE ] player 2 placing token on slot 4
[2022-12-13 00:47:07] [SEVERE ] player 2 placing token on slot 3
[2022-12-13 00:47:07] [SEVERE ] removing player 2 token from slot 0
[2022-12-13 00:47:07] [SEVERE ] removing player 2 token from slot 3
[2022-12-13 00:47:07] [SEVERE ] removing player 2 token from slot 4
[2022-12-13 00:47:07] [SEVERE ] player 2 placing token on slot 11
[2022-12-13 00:47:07] [SEVERE ] player 2 placing token on slot 1
[2022-12-13 00:47:07] [SEVERE ] player 2 placing token on slot 5
[2022-12-13 00:47:07] [SEVERE ] removing player 2 token from slot 1
[2022-12-13 00:47:07] [SEVERE ] removing player 2 token from slot 5
[2022-12-13 00:47:07] [SEVERE ] removing player 2 token from slot 11
[2022-12-13 00:47:07] [SEVERE ] player 2 placing token on slot 10
[2022-12-13 00:47:07] [SEVERE ] player 2 placing token on slot 9
[2022-12-13 00:47:07] [SEVERE ] player 2 placing token on slot 2
[2022-12-13 00:47:07] [SEVERE ] removing player 2 token from slot 2
[2022-12-13 00:47:07] [SEVERE ] removing player 2 token from slot 9
[2022-12-13 00:47:07] [SEVERE ] removing player 2 token from slot 10
[2022-12-13 00:47:07] [SEVERE ] player 2 placing token on slot 4
[2022-12-13 00:47:07] [SEVERE ] player 2 placing token on slot 10
[2022-12-13 00:47:07] [SEVERE ] player 2 placing token on slot 0
[2022-12-13 00:47:07] [SEVERE ] removing player 2 token from slot 0
[2022-12-13 00:47:07] [SEVERE ] removing player 2 token from slot 4
[2022-12-13 00:47:07] [SEVERE ] removing player 2 token from slot 10
[2022-12-13 00:47:07] [SEVERE ] player 2 placing token on slot 11
[2022-12-13 00:47:07] [SEVERE ] player 2 placing token on slot 1
[2022-12-13 00:47:07] [SEVERE ] player 2 placing token on slot 7
[2022-12-13 00:47:07] [SEVERE ] removing player 2 token from slot 1
[2022-12-13 00:47:07] [SEVERE ] removing player 2 token from slot 7
[2022-12-13 00:47:07] [SEVERE ] removing player 2 token from slot 11
[2022-12-13 00:47:07] [SEVERE ] player 2 placing token on slot 8
[2022-12-13 00:47:07] [SEVERE ] player 2 placing token on slot 11
[2022-12-13 00:47:07] [SEVERE ] player 2 placing token on slot 9
[2022-12-13 00:47:07] [SEVERE ] removing player 2 token from slot 8
[2022-12-13 00:47:07] [SEVERE ] removing player 2 token from slot 9
[2022-12-13 00:47:07] [SEVERE ] removing player 2 token from slot 11
[2022-12-13 00:47:07] [SEVERE ] player 2 placing token on slot 3
[2022-12-13 00:47:07] [SEVERE ] player 2 placing token on slot 1
[2022-12-13 00:47:07] [SEVERE ] player 2 placing token on slot 6
[2022-12-13 00:47:07] [SEVERE ] removing player 2 token from slot 1
[2022-12-13 00:47:07] [SEVERE ] removing player 2 token from slot 3
[2022-12-13 00:47:07] [SEVERE ] removing player 2 token from slot 6
[2022-12-13 00:47:07] [SEVERE ] player 2 placing token on slot 9
[2022-12-13 00:47:07] [SEVERE ] player 2 placing token on slot 6
[2022-12-13 00:47:08] [SEVERE ] player 2 placing token on slot 8
[2022-12-13 00:47:08] [SEVERE ] removing player 2 token from slot 6
[2022-12-13 00:47:08] [SEVERE ] removing player 2 token from slot 8
[2022-12-13 00:47:08] [SEVERE ] removing player 2 token from slot 9
[2022-12-13 00:47:08] [SEVERE ] player 2 placing token on slot 2
[2022-12-13 00:47:08] [SEVERE ] player 2 placing token on slot 10
