[2022-12-10 12:01:38] [INFO   ] cannot read configuration file config.properties trying from resources.
[2022-12-10 12:01:38] [INFO   ] configuration file was loaded from resources directory.
[2022-12-10 12:01:38] [INFO   ] Thread Thread-0starting.
[2022-12-10 12:01:38] [INFO   ] Thread Thread-2starting.
[2022-12-10 12:01:38] [INFO   ] Thread Thread-1starting.
[2022-12-10 12:01:38] [INFO   ] Thread dealer starting.
[2022-12-10 12:01:38] [INFO   ] Thread computer-2 starting.
[2022-12-10 12:01:38] [SEVERE ] placing card 41 in slot 0
[2022-12-10 12:01:38] [SEVERE ] placing card 38 in slot 1
[2022-12-10 12:01:39] [SEVERE ] placing card 2 in slot 2
[2022-12-10 12:01:39] [SEVERE ] placing card 70 in slot 3
[2022-12-10 12:01:39] [SEVERE ] placing card 61 in slot 4
[2022-12-10 12:01:39] [SEVERE ] placing card 51 in slot 5
[2022-12-10 12:01:39] [SEVERE ] placing card 55 in slot 6
[2022-12-10 12:01:39] [SEVERE ] placing card 17 in slot 7
[2022-12-10 12:01:39] [SEVERE ] placing card 39 in slot 8
[2022-12-10 12:01:39] [SEVERE ] placing card 18 in slot 9
[2022-12-10 12:01:39] [SEVERE ] placing card 28 in slot 10
[2022-12-10 12:01:40] [SEVERE ] placing card 74 in slot 11
[2022-12-10 12:01:57] [SEVERE ] Key 81 was pressed by player 0
[2022-12-10 12:01:57] [SEVERE ] player 0 placing token on slot 0
[2022-12-10 12:01:57] [SEVERE ] Key 65 was pressed by player 0
[2022-12-10 12:01:57] [SEVERE ] player 0 placing token on slot 4
[2022-12-10 12:01:58] [SEVERE ] Key 88 was pressed by player 0
[2022-12-10 12:01:58] [SEVERE ] player 0 placing token on slot 9
[2022-12-10 12:01:58] [SEVERE ] setting player 0 score to 1
[2022-12-10 12:01:58] [SEVERE ] removing tokens from slot 0
[2022-12-10 12:01:58] [SEVERE ] removing card from slot 0
[2022-12-10 12:01:58] [SEVERE ] removing tokens from slot 4
[2022-12-10 12:01:58] [SEVERE ] removing card from slot 4
[2022-12-10 12:01:58] [SEVERE ] removing tokens from slot 9
[2022-12-10 12:01:58] [SEVERE ] removing card from slot 9
[2022-12-10 12:01:59] [SEVERE ] placing card 37 in slot 0
[2022-12-10 12:01:59] [SEVERE ] placing card 4 in slot 4
[2022-12-10 12:01:59] [SEVERE ] placing card 71 in slot 9
