[2022-12-13 00:36:21] [INFO   ] cannot read configuration file config.properties trying from resources.
[2022-12-13 00:36:21] [INFO   ] configuration file was loaded from resources directory.
[2022-12-13 00:36:21] [INFO   ] Thread Thread-0starting.
[2022-12-13 00:36:21] [INFO   ] Thread Thread-3starting.
[2022-12-13 00:36:21] [INFO   ] Thread Thread-2starting.
[2022-12-13 00:36:21] [INFO   ] Thread dealer starting.
[2022-12-13 00:36:21] [INFO   ] Thread Thread-1starting.
[2022-12-13 00:36:21] [INFO   ] Thread computer-2 starting.
[2022-12-13 00:36:21] [INFO   ] Thread computer-3 starting.
[2022-12-13 00:36:21] [SEVERE ] placing card 64 in slot 0
[2022-12-13 00:36:21] [SEVERE ] placing card 55 in slot 1
[2022-12-13 00:36:22] [SEVERE ] placing card 17 in slot 2
[2022-12-13 00:36:22] [SEVERE ] placing card 60 in slot 3
[2022-12-13 00:36:22] [SEVERE ] placing card 34 in slot 4
[2022-12-13 00:36:22] [SEVERE ] placing card 63 in slot 5
[2022-12-13 00:36:22] [SEVERE ] placing card 27 in slot 6
[2022-12-13 00:36:22] [SEVERE ] placing card 69 in slot 7
[2022-12-13 00:36:22] [SEVERE ] placing card 13 in slot 8
[2022-12-13 00:36:22] [SEVERE ] placing card 1 in slot 9
[2022-12-13 00:36:22] [SEVERE ] placing card 22 in slot 10
[2022-12-13 00:36:23] [SEVERE ] placing card 16 in slot 11
[2022-12-13 00:36:23] [SEVERE ] player 3 placing token on slot 7
[2022-12-13 00:36:23] [SEVERE ] player 2 placing token on slot 4
[2022-12-13 00:36:23] [SEVERE ] player 2 placing token on slot 1
[2022-12-13 00:36:23] [SEVERE ] player 3 placing token on slot 10
[2022-12-13 00:36:23] [SEVERE ] player 3 placing token on slot 8
[2022-12-13 00:36:23] [SEVERE ] removing player 3 token from slot 7
[2022-12-13 00:36:23] [SEVERE ] removing player 3 token from slot 8
[2022-12-13 00:36:23] [SEVERE ] removing player 3 token from slot 10
[2022-12-13 00:36:23] [SEVERE ] player 2 placing token on slot 6
[2022-12-13 00:36:23] [SEVERE ] removing player 2 token from slot 1
[2022-12-13 00:36:23] [SEVERE ] removing player 2 token from slot 4
[2022-12-13 00:36:23] [SEVERE ] removing player 2 token from slot 6
[2022-12-13 00:36:23] [SEVERE ] player 2 placing token on slot 6
[2022-12-13 00:36:23] [SEVERE ] player 3 placing token on slot 1
[2022-12-13 00:36:23] [SEVERE ] player 2 placing token on slot 2
[2022-12-13 00:36:23] [SEVERE ] player 3 placing token on slot 8
[2022-12-13 00:36:23] [SEVERE ] player 2 placing token on slot 3
[2022-12-13 00:36:23] [SEVERE ] removing player 2 token from slot 2
[2022-12-13 00:36:23] [SEVERE ] removing player 2 token from slot 3
[2022-12-13 00:36:23] [SEVERE ] removing player 2 token from slot 6
[2022-12-13 00:36:23] [SEVERE ] player 3 placing token on slot 3
[2022-12-13 00:36:23] [SEVERE ] removing player 3 token from slot 1
[2022-12-13 00:36:23] [SEVERE ] removing player 3 token from slot 3
[2022-12-13 00:36:23] [SEVERE ] removing player 3 token from slot 8
[2022-12-13 00:36:23] [SEVERE ] player 2 placing token on slot 7
[2022-12-13 00:36:23] [SEVERE ] player 3 placing token on slot 7
[2022-12-13 00:36:23] [SEVERE ] player 2 placing token on slot 2
[2022-12-13 00:36:23] [SEVERE ] player 3 placing token on slot 2
[2022-12-13 00:36:23] [SEVERE ] player 2 placing token on slot 0
[2022-12-13 00:36:23] [SEVERE ] removing player 2 token from slot 0
[2022-12-13 00:36:23] [SEVERE ] removing player 2 token from slot 2
[2022-12-13 00:36:23] [SEVERE ] removing player 2 token from slot 7
[2022-12-13 00:36:23] [SEVERE ] player 2 placing token on slot 9
[2022-12-13 00:36:23] [SEVERE ] player 3 placing token on slot 3
[2022-12-13 00:36:23] [SEVERE ] removing player 3 token from slot 2
[2022-12-13 00:36:23] [SEVERE ] removing player 3 token from slot 3
[2022-12-13 00:36:23] [SEVERE ] removing player 3 token from slot 7
[2022-12-13 00:36:23] [SEVERE ] player 3 placing token on slot 10
[2022-12-13 00:36:23] [SEVERE ] player 2 placing token on slot 4
[2022-12-13 00:36:23] [SEVERE ] player 2 placing token on slot 1
[2022-12-13 00:36:23] [SEVERE ] player 3 placing token on slot 1
[2022-12-13 00:36:23] [SEVERE ] removing player 2 token from slot 1
[2022-12-13 00:36:23] [SEVERE ] removing player 2 token from slot 4
[2022-12-13 00:36:23] [SEVERE ] removing player 2 token from slot 9
[2022-12-13 00:36:23] [SEVERE ] player 3 placing token on slot 7
[2022-12-13 00:36:23] [SEVERE ] removing player 3 token from slot 1
[2022-12-13 00:36:23] [SEVERE ] removing player 3 token from slot 7
[2022-12-13 00:36:23] [SEVERE ] removing player 3 token from slot 10
[2022-12-13 00:36:23] [SEVERE ] player 2 placing token on slot 4
[2022-12-13 00:36:23] [SEVERE ] player 3 placing token on slot 0
[2022-12-13 00:36:23] [SEVERE ] player 2 placing token on slot 3
[2022-12-13 00:36:23] [SEVERE ] player 3 placing token on slot 10
[2022-12-13 00:36:23] [SEVERE ] player 2 placing token on slot 1
[2022-12-13 00:36:23] [SEVERE ] removing player 2 token from slot 1
[2022-12-13 00:36:23] [SEVERE ] removing player 2 token from slot 3
[2022-12-13 00:36:23] [SEVERE ] removing player 2 token from slot 4
[2022-12-13 00:36:23] [SEVERE ] player 3 placing token on slot 2
[2022-12-13 00:36:23] [SEVERE ] removing player 3 token from slot 0
[2022-12-13 00:36:23] [SEVERE ] removing player 3 token from slot 2
[2022-12-13 00:36:23] [SEVERE ] removing player 3 token from slot 10
[2022-12-13 00:36:23] [SEVERE ] player 2 placing token on slot 2
[2022-12-13 00:36:23] [SEVERE ] player 3 placing token on slot 9
[2022-12-13 00:36:23] [SEVERE ] player 2 placing token on slot 7
[2022-12-13 00:36:23] [SEVERE ] player 3 placing token on slot 11
[2022-12-13 00:36:23] [SEVERE ] player 2 placing token on slot 6
[2022-12-13 00:36:23] [SEVERE ] removing player 2 token from slot 2
[2022-12-13 00:36:23] [SEVERE ] removing player 2 token from slot 6
[2022-12-13 00:36:23] [SEVERE ] removing player 2 token from slot 7
[2022-12-13 00:36:23] [SEVERE ] player 3 placing token on slot 6
[2022-12-13 00:36:23] [SEVERE ] removing player 3 token from slot 6
[2022-12-13 00:36:23] [SEVERE ] removing player 3 token from slot 9
[2022-12-13 00:36:23] [SEVERE ] removing player 3 token from slot 11
[2022-12-13 00:36:23] [SEVERE ] player 2 placing token on slot 8
[2022-12-13 00:36:23] [SEVERE ] player 3 placing token on slot 5
[2022-12-13 00:36:23] [SEVERE ] player 2 placing token on slot 11
[2022-12-13 00:36:23] [SEVERE ] player 3 placing token on slot 9
[2022-12-13 00:36:23] [SEVERE ] player 2 placing token on slot 9
[2022-12-13 00:36:23] [SEVERE ] removing player 2 token from slot 8
[2022-12-13 00:36:23] [SEVERE ] removing player 2 token from slot 9
[2022-12-13 00:36:23] [SEVERE ] removing player 2 token from slot 11
[2022-12-13 00:36:23] [SEVERE ] player 3 placing token on slot 3
[2022-12-13 00:36:23] [SEVERE ] removing player 3 token from slot 3
[2022-12-13 00:36:23] [SEVERE ] removing player 3 token from slot 5
[2022-12-13 00:36:23] [SEVERE ] removing player 3 token from slot 9
[2022-12-13 00:36:23] [SEVERE ] player 2 placing token on slot 7
[2022-12-13 00:36:23] [SEVERE ] player 3 placing token on slot 3
[2022-12-13 00:36:23] [SEVERE ] player 3 placing token on slot 9
[2022-12-13 00:36:23] [SEVERE ] player 2 placing token on slot 2
[2022-12-13 00:36:23] [SEVERE ] player 2 placing token on slot 10
[2022-12-13 00:36:23] [SEVERE ] player 3 placing token on slot 5
[2022-12-13 00:36:23] [SEVERE ] removing player 2 token from slot 2
[2022-12-13 00:36:23] [SEVERE ] removing player 2 token from slot 7
[2022-12-13 00:36:23] [SEVERE ] removing player 2 token from slot 10
[2022-12-13 00:36:23] [SEVERE ] player 2 placing token on slot 9
[2022-12-13 00:36:23] [SEVERE ] removing player 3 token from slot 3
[2022-12-13 00:36:23] [SEVERE ] removing player 3 token from slot 5
[2022-12-13 00:36:23] [SEVERE ] removing player 3 token from slot 9
[2022-12-13 00:36:23] [SEVERE ] player 2 placing token on slot 3
[2022-12-13 00:36:23] [SEVERE ] player 3 placing token on slot 9
[2022-12-13 00:36:23] [SEVERE ] player 2 placing token on slot 8
[2022-12-13 00:36:23] [SEVERE ] removing player 2 token from slot 3
[2022-12-13 00:36:23] [SEVERE ] removing player 2 token from slot 8
[2022-12-13 00:36:23] [SEVERE ] removing player 2 token from slot 9
[2022-12-13 00:36:23] [SEVERE ] player 3 placing token on slot 10
[2022-12-13 00:36:23] [SEVERE ] player 2 placing token on slot 5
[2022-12-13 00:36:23] [SEVERE ] player 3 placing token on slot 1
[2022-12-13 00:36:23] [SEVERE ] removing player 3 token from slot 1
[2022-12-13 00:36:23] [SEVERE ] removing player 3 token from slot 9
[2022-12-13 00:36:23] [SEVERE ] removing player 3 token from slot 10
[2022-12-13 00:36:23] [SEVERE ] player 2 placing token on slot 11
[2022-12-13 00:36:23] [SEVERE ] player 3 placing token on slot 0
[2022-12-13 00:36:23] [SEVERE ] player 3 placing token on slot 1
[2022-12-13 00:36:23] [SEVERE ] player 2 placing token on slot 9
[2022-12-13 00:36:23] [SEVERE ] removing player 2 token from slot 5
[2022-12-13 00:36:23] [SEVERE ] removing player 2 token from slot 9
[2022-12-13 00:36:23] [SEVERE ] removing player 2 token from slot 11
[2022-12-13 00:36:23] [SEVERE ] player 3 placing token on slot 4
[2022-12-13 00:36:23] [SEVERE ] removing player 3 token from slot 0
[2022-12-13 00:36:23] [SEVERE ] removing player 3 token from slot 1
[2022-12-13 00:36:23] [SEVERE ] removing player 3 token from slot 4
[2022-12-13 00:36:23] [SEVERE ] player 2 placing token on slot 4
[2022-12-13 00:36:23] [SEVERE ] player 2 placing token on slot 11
[2022-12-13 00:36:23] [SEVERE ] player 3 placing token on slot 2
[2022-12-13 00:36:23] [SEVERE ] player 2 placing token on slot 6
[2022-12-13 00:36:23] [SEVERE ] removing player 2 token from slot 4
[2022-12-13 00:36:23] [SEVERE ] removing player 2 token from slot 6
[2022-12-13 00:36:23] [SEVERE ] removing player 2 token from slot 11
[2022-12-13 00:36:23] [SEVERE ] player 3 placing token on slot 10
[2022-12-13 00:36:23] [SEVERE ] player 2 placing token on slot 11
[2022-12-13 00:36:24] [SEVERE ] player 2 placing token on slot 0
[2022-12-13 00:36:24] [SEVERE ] player 3 placing token on slot 0
[2022-12-13 00:36:24] [SEVERE ] removing player 3 token from slot 0
[2022-12-13 00:36:24] [SEVERE ] removing player 3 token from slot 2
[2022-12-13 00:36:24] [SEVERE ] removing player 3 token from slot 10
[2022-12-13 00:36:24] [SEVERE ] player 3 placing token on slot 1
[2022-12-13 00:36:24] [SEVERE ] player 2 placing token on slot 7
[2022-12-13 00:36:24] [SEVERE ] removing player 2 token from slot 0
[2022-12-13 00:36:24] [SEVERE ] removing player 2 token from slot 7
[2022-12-13 00:36:24] [SEVERE ] removing player 2 token from slot 11
[2022-12-13 00:36:24] [SEVERE ] player 2 placing token on slot 1
[2022-12-13 00:36:24] [SEVERE ] player 3 placing token on slot 8
[2022-12-13 00:36:24] [SEVERE ] player 2 placing token on slot 9
[2022-12-13 00:36:24] [SEVERE ] player 3 placing token on slot 5
[2022-12-13 00:36:24] [SEVERE ] removing player 3 token from slot 1
[2022-12-13 00:36:24] [SEVERE ] removing player 3 token from slot 5
[2022-12-13 00:36:24] [SEVERE ] removing player 3 token from slot 8
[2022-12-13 00:36:24] [SEVERE ] player 2 placing token on slot 3
[2022-12-13 00:36:24] [SEVERE ] removing player 2 token from slot 1
[2022-12-13 00:36:24] [SEVERE ] removing player 2 token from slot 3
[2022-12-13 00:36:24] [SEVERE ] removing player 2 token from slot 9
[2022-12-13 00:36:24] [SEVERE ] player 3 placing token on slot 5
[2022-12-13 00:36:24] [SEVERE ] player 2 placing token on slot 3
[2022-12-13 00:36:24] [SEVERE ] player 3 placing token on slot 11
[2022-12-13 00:36:24] [SEVERE ] player 2 placing token on slot 8
[2022-12-13 00:36:24] [SEVERE ] player 3 placing token on slot 8
[2022-12-13 00:36:24] [SEVERE ] removing player 3 token from slot 5
[2022-12-13 00:36:24] [SEVERE ] removing player 3 token from slot 8
[2022-12-13 00:36:24] [SEVERE ] removing player 3 token from slot 11
[2022-12-13 00:36:24] [SEVERE ] player 2 placing token on slot 6
[2022-12-13 00:36:24] [SEVERE ] removing player 2 token from slot 3
[2022-12-13 00:36:24] [SEVERE ] removing player 2 token from slot 6
[2022-12-13 00:36:24] [SEVERE ] removing player 2 token from slot 8
[2022-12-13 00:36:24] [SEVERE ] player 2 placing token on slot 11
[2022-12-13 00:36:24] [SEVERE ] player 3 placing token on slot 4
[2022-12-13 00:36:24] [SEVERE ] player 2 placing token on slot 4
[2022-12-13 00:36:24] [SEVERE ] player 3 placing token on slot 6
[2022-12-13 00:36:24] [SEVERE ] player 2 placing token on slot 8
[2022-12-13 00:36:24] [SEVERE ] removing player 2 token from slot 4
[2022-12-13 00:36:24] [SEVERE ] removing player 2 token from slot 8
[2022-12-13 00:36:24] [SEVERE ] removing player 2 token from slot 11
[2022-12-13 00:36:24] [SEVERE ] player 3 placing token on slot 11
[2022-12-13 00:36:24] [SEVERE ] removing player 3 token from slot 4
[2022-12-13 00:36:24] [SEVERE ] removing player 3 token from slot 6
[2022-12-13 00:36:24] [SEVERE ] removing player 3 token from slot 11
[2022-12-13 00:36:24] [SEVERE ] player 3 placing token on slot 9
[2022-12-13 00:36:24] [SEVERE ] player 2 placing token on slot 7
[2022-12-13 00:36:24] [SEVERE ] player 3 placing token on slot 8
[2022-12-13 00:36:24] [SEVERE ] player 2 placing token on slot 3
[2022-12-13 00:36:24] [SEVERE ] player 3 placing token on slot 7
[2022-12-13 00:36:24] [SEVERE ] removing player 3 token from slot 7
[2022-12-13 00:36:24] [SEVERE ] removing player 3 token from slot 8
[2022-12-13 00:36:24] [SEVERE ] removing player 3 token from slot 9
[2022-12-13 00:36:24] [SEVERE ] player 2 placing token on slot 11
[2022-12-13 00:36:24] [SEVERE ] removing player 2 token from slot 3
[2022-12-13 00:36:24] [SEVERE ] removing player 2 token from slot 7
[2022-12-13 00:36:24] [SEVERE ] removing player 2 token from slot 11
[2022-12-13 00:36:24] [SEVERE ] player 2 placing token on slot 2
[2022-12-13 00:36:24] [SEVERE ] player 3 placing token on slot 11
[2022-12-13 00:36:24] [SEVERE ] player 2 placing token on slot 11
[2022-12-13 00:36:24] [SEVERE ] player 2 placing token on slot 1
[2022-12-13 00:36:24] [SEVERE ] player 3 placing token on slot 0
[2022-12-13 00:36:24] [SEVERE ] removing player 2 token from slot 1
[2022-12-13 00:36:24] [SEVERE ] removing player 2 token from slot 2
[2022-12-13 00:36:24] [SEVERE ] removing player 2 token from slot 11
[2022-12-13 00:36:24] [SEVERE ] player 3 placing token on slot 5
[2022-12-13 00:36:24] [SEVERE ] removing player 3 token from slot 0
[2022-12-13 00:36:24] [SEVERE ] removing player 3 token from slot 5
[2022-12-13 00:36:24] [SEVERE ] removing player 3 token from slot 11
[2022-12-13 00:36:24] [SEVERE ] player 2 placing token on slot 4
[2022-12-13 00:36:24] [SEVERE ] player 3 placing token on slot 8
[2022-12-13 00:36:24] [SEVERE ] player 2 placing token on slot 1
[2022-12-13 00:36:24] [SEVERE ] player 3 placing token on slot 9
[2022-12-13 00:36:24] [SEVERE ] player 2 placing token on slot 2
[2022-12-13 00:36:24] [SEVERE ] removing player 2 token from slot 1
[2022-12-13 00:36:24] [SEVERE ] removing player 2 token from slot 2
[2022-12-13 00:36:24] [SEVERE ] removing player 2 token from slot 4
[2022-12-13 00:36:24] [SEVERE ] player 3 placing token on slot 11
[2022-12-13 00:36:24] [SEVERE ] removing player 3 token from slot 8
[2022-12-13 00:36:24] [SEVERE ] removing player 3 token from slot 9
[2022-12-13 00:36:24] [SEVERE ] removing player 3 token from slot 11
[2022-12-13 00:36:24] [SEVERE ] player 2 placing token on slot 3
[2022-12-13 00:36:24] [SEVERE ] player 3 placing token on slot 9
[2022-12-13 00:36:24] [SEVERE ] player 2 placing token on slot 9
[2022-12-13 00:36:24] [SEVERE ] player 3 placing token on slot 4
[2022-12-13 00:36:24] [SEVERE ] player 2 placing token on slot 5
[2022-12-13 00:36:24] [SEVERE ] removing player 2 token from slot 3
[2022-12-13 00:36:24] [SEVERE ] removing player 2 token from slot 5
[2022-12-13 00:36:24] [SEVERE ] removing player 2 token from slot 9
[2022-12-13 00:36:24] [SEVERE ] player 3 placing token on slot 3
[2022-12-13 00:36:24] [SEVERE ] removing player 3 token from slot 3
[2022-12-13 00:36:24] [SEVERE ] removing player 3 token from slot 4
[2022-12-13 00:36:24] [SEVERE ] removing player 3 token from slot 9
[2022-12-13 00:36:24] [SEVERE ] player 2 placing token on slot 7
[2022-12-13 00:36:24] [SEVERE ] player 3 placing token on slot 1
[2022-12-13 00:36:24] [SEVERE ] player 2 placing token on slot 1
[2022-12-13 00:36:24] [SEVERE ] player 3 placing token on slot 8
[2022-12-13 00:36:24] [SEVERE ] player 2 placing token on slot 8
[2022-12-13 00:36:24] [SEVERE ] removing player 2 token from slot 1
[2022-12-13 00:36:24] [SEVERE ] removing player 2 token from slot 7
[2022-12-13 00:36:24] [SEVERE ] removing player 2 token from slot 8
[2022-12-13 00:36:24] [SEVERE ] player 3 placing token on slot 7
[2022-12-13 00:36:24] [SEVERE ] removing player 3 token from slot 1
[2022-12-13 00:36:24] [SEVERE ] removing player 3 token from slot 7
[2022-12-13 00:36:24] [SEVERE ] removing player 3 token from slot 8
[2022-12-13 00:36:24] [SEVERE ] player 3 placing token on slot 0
[2022-12-13 00:36:24] [SEVERE ] player 2 placing token on slot 8
[2022-12-13 00:36:24] [SEVERE ] player 2 placing token on slot 10
[2022-12-13 00:36:24] [SEVERE ] player 3 placing token on slot 10
[2022-12-13 00:36:24] [SEVERE ] player 3 placing token on slot 3
[2022-12-13 00:36:24] [SEVERE ] removing player 3 token from slot 0
[2022-12-13 00:36:24] [SEVERE ] removing player 3 token from slot 3
[2022-12-13 00:36:24] [SEVERE ] removing player 3 token from slot 10
[2022-12-13 00:36:24] [SEVERE ] player 2 placing token on slot 11
[2022-12-13 00:36:24] [SEVERE ] removing player 2 token from slot 8
[2022-12-13 00:36:24] [SEVERE ] removing player 2 token from slot 10
[2022-12-13 00:36:24] [SEVERE ] removing player 2 token from slot 11
[2022-12-13 00:36:24] [SEVERE ] player 2 placing token on slot 5
[2022-12-13 00:36:24] [SEVERE ] player 3 placing token on slot 8
[2022-12-13 00:36:24] [SEVERE ] player 2 placing token on slot 7
[2022-12-13 00:36:24] [SEVERE ] player 3 placing token on slot 2
[2022-12-13 00:36:24] [SEVERE ] player 2 placing token on slot 8
[2022-12-13 00:36:24] [SEVERE ] player 3 placing token on slot 5
[2022-12-13 00:36:24] [SEVERE ] removing player 2 token from slot 5
[2022-12-13 00:36:24] [SEVERE ] removing player 2 token from slot 7
[2022-12-13 00:36:24] [SEVERE ] removing player 2 token from slot 8
[2022-12-13 00:36:24] [SEVERE ] removing player 3 token from slot 2
[2022-12-13 00:36:24] [SEVERE ] removing player 3 token from slot 5
[2022-12-13 00:36:24] [SEVERE ] removing player 3 token from slot 8
[2022-12-13 00:36:24] [SEVERE ] player 3 placing token on slot 3
[2022-12-13 00:36:24] [SEVERE ] player 2 placing token on slot 9
[2022-12-13 00:36:24] [SEVERE ] player 3 placing token on slot 0
[2022-12-13 00:36:24] [SEVERE ] player 2 placing token on slot 11
[2022-12-13 00:36:25] [SEVERE ] player 3 placing token on slot 1
[2022-12-13 00:36:25] [SEVERE ] removing player 3 token from slot 0
[2022-12-13 00:36:25] [SEVERE ] removing player 3 token from slot 1
[2022-12-13 00:36:25] [SEVERE ] removing player 3 token from slot 3
[2022-12-13 00:36:25] [SEVERE ] player 2 placing token on slot 10
[2022-12-13 00:36:25] [SEVERE ] player 3 placing token on slot 1
[2022-12-13 00:36:25] [SEVERE ] player 3 placing token on slot 6
[2022-12-13 00:36:25] [SEVERE ] player 3 placing token on slot 10
[2022-12-13 00:36:25] [SEVERE ] removing tokens from slot 9
[2022-12-13 00:36:25] [SEVERE ] removing card from slot 9
[2022-12-13 00:36:25] [SEVERE ] removing tokens from slot 10
[2022-12-13 00:36:25] [SEVERE ] removing card from slot 10
[2022-12-13 00:36:25] [SEVERE ] removing tokens from slot 11
[2022-12-13 00:36:25] [SEVERE ] removing card from slot 11
[2022-12-13 00:36:25] [SEVERE ] placing card 12 in slot 9
[2022-12-13 00:36:25] [SEVERE ] placing card 28 in slot 10
[2022-12-13 00:36:25] [SEVERE ] placing card 3 in slot 11
[2022-12-13 00:36:25] [SEVERE ] setting player 2 score to 1
[2022-12-13 00:36:25] [SEVERE ] player 2 placing token on slot 0
[2022-12-13 00:36:25] [SEVERE ] player 2 placing token on slot 9
[2022-12-13 00:36:25] [SEVERE ] player 2 placing token on slot 4
[2022-12-13 00:36:25] [SEVERE ] removing player 2 token from slot 0
[2022-12-13 00:36:25] [SEVERE ] removing player 2 token from slot 4
[2022-12-13 00:36:25] [SEVERE ] removing player 2 token from slot 9
[2022-12-13 00:36:25] [SEVERE ] player 2 placing token on slot 9
[2022-12-13 00:36:25] [SEVERE ] player 2 placing token on slot 6
[2022-12-13 00:36:25] [SEVERE ] player 2 placing token on slot 7
[2022-12-13 00:36:25] [SEVERE ] removing player 2 token from slot 6
[2022-12-13 00:36:25] [SEVERE ] removing player 2 token from slot 7
[2022-12-13 00:36:25] [SEVERE ] removing player 2 token from slot 9
[2022-12-13 00:36:25] [SEVERE ] player 2 placing token on slot 5
[2022-12-13 00:36:25] [SEVERE ] player 2 placing token on slot 2
[2022-12-13 00:36:25] [SEVERE ] player 2 placing token on slot 8
[2022-12-13 00:36:25] [SEVERE ] removing player 2 token from slot 2
[2022-12-13 00:36:25] [SEVERE ] removing player 2 token from slot 5
[2022-12-13 00:36:25] [SEVERE ] removing player 2 token from slot 8
[2022-12-13 00:36:25] [SEVERE ] player 2 placing token on slot 1
[2022-12-13 00:36:25] [SEVERE ] player 2 placing token on slot 8
[2022-12-13 00:36:25] [SEVERE ] player 2 placing token on slot 10
[2022-12-13 00:36:25] [SEVERE ] removing player 2 token from slot 1
[2022-12-13 00:36:25] [SEVERE ] removing player 2 token from slot 8
[2022-12-13 00:36:26] [SEVERE ] removing player 2 token from slot 10
[2022-12-13 00:36:26] [SEVERE ] player 2 placing token on slot 8
[2022-12-13 00:36:26] [SEVERE ] player 2 placing token on slot 6
[2022-12-13 00:36:26] [SEVERE ] player 2 placing token on slot 4
[2022-12-13 00:36:26] [SEVERE ] removing player 2 token from slot 4
[2022-12-13 00:36:26] [SEVERE ] removing player 2 token from slot 6
[2022-12-13 00:36:26] [SEVERE ] removing player 2 token from slot 8
[2022-12-13 00:36:26] [SEVERE ] player 2 placing token on slot 2
[2022-12-13 00:36:26] [SEVERE ] player 2 placing token on slot 0
[2022-12-13 00:36:26] [SEVERE ] player 2 placing token on slot 6
[2022-12-13 00:36:26] [SEVERE ] removing player 2 token from slot 0
[2022-12-13 00:36:26] [SEVERE ] removing player 2 token from slot 2
[2022-12-13 00:36:26] [SEVERE ] removing player 2 token from slot 6
[2022-12-13 00:36:26] [SEVERE ] player 2 placing token on slot 6
[2022-12-13 00:36:26] [SEVERE ] player 2 placing token on slot 4
[2022-12-13 00:36:26] [SEVERE ] player 2 placing token on slot 10
[2022-12-13 00:36:26] [SEVERE ] removing player 2 token from slot 4
[2022-12-13 00:36:26] [SEVERE ] removing player 2 token from slot 6
[2022-12-13 00:36:26] [SEVERE ] removing player 2 token from slot 10
[2022-12-13 00:36:26] [SEVERE ] player 2 placing token on slot 9
[2022-12-13 00:36:26] [SEVERE ] player 2 placing token on slot 4
[2022-12-13 00:36:26] [SEVERE ] player 2 placing token on slot 11
[2022-12-13 00:36:26] [SEVERE ] removing player 2 token from slot 4
[2022-12-13 00:36:26] [SEVERE ] removing player 2 token from slot 9
[2022-12-13 00:36:26] [SEVERE ] removing player 2 token from slot 11
[2022-12-13 00:36:26] [SEVERE ] player 2 placing token on slot 0
[2022-12-13 00:36:26] [SEVERE ] player 2 placing token on slot 2
[2022-12-13 00:36:26] [SEVERE ] player 2 placing token on slot 1
[2022-12-13 00:36:26] [SEVERE ] removing player 2 token from slot 0
[2022-12-13 00:36:26] [SEVERE ] removing player 2 token from slot 1
[2022-12-13 00:36:26] [SEVERE ] removing player 2 token from slot 2
[2022-12-13 00:36:26] [SEVERE ] player 2 placing token on slot 10
[2022-12-13 00:36:26] [SEVERE ] player 2 placing token on slot 11
[2022-12-13 00:36:26] [SEVERE ] player 2 placing token on slot 3
[2022-12-13 00:36:26] [SEVERE ] removing player 2 token from slot 3
[2022-12-13 00:36:26] [SEVERE ] removing player 2 token from slot 10
[2022-12-13 00:36:26] [SEVERE ] removing player 2 token from slot 11
[2022-12-13 00:36:26] [SEVERE ] player 2 placing token on slot 11
[2022-12-13 00:36:26] [SEVERE ] player 2 placing token on slot 6
[2022-12-13 00:36:26] [SEVERE ] player 2 placing token on slot 5
[2022-12-13 00:36:26] [SEVERE ] removing player 2 token from slot 5
[2022-12-13 00:36:26] [SEVERE ] removing player 2 token from slot 6
[2022-12-13 00:36:26] [SEVERE ] removing player 2 token from slot 11
[2022-12-13 00:36:26] [SEVERE ] player 2 placing token on slot 2
[2022-12-13 00:36:26] [SEVERE ] player 2 placing token on slot 10
[2022-12-13 00:36:26] [SEVERE ] player 2 placing token on slot 1
[2022-12-13 00:36:26] [SEVERE ] removing player 2 token from slot 1
[2022-12-13 00:36:26] [SEVERE ] removing player 2 token from slot 2
[2022-12-13 00:36:26] [SEVERE ] removing player 2 token from slot 10
[2022-12-13 00:36:26] [SEVERE ] player 2 placing token on slot 1
[2022-12-13 00:36:26] [SEVERE ] player 2 placing token on slot 7
[2022-12-13 00:36:26] [SEVERE ] player 2 placing token on slot 6
[2022-12-13 00:36:26] [SEVERE ] removing player 2 token from slot 1
[2022-12-13 00:36:26] [SEVERE ] removing player 2 token from slot 6
[2022-12-13 00:36:26] [SEVERE ] removing player 2 token from slot 7
[2022-12-13 00:36:26] [SEVERE ] player 2 placing token on slot 5
[2022-12-13 00:36:26] [SEVERE ] player 2 placing token on slot 0
[2022-12-13 00:36:26] [SEVERE ] player 2 placing token on slot 6
[2022-12-13 00:36:26] [SEVERE ] removing player 2 token from slot 0
[2022-12-13 00:36:26] [SEVERE ] removing player 2 token from slot 5
[2022-12-13 00:36:26] [SEVERE ] removing player 2 token from slot 6
[2022-12-13 00:36:26] [SEVERE ] player 2 placing token on slot 4
[2022-12-13 00:36:26] [SEVERE ] player 2 placing token on slot 11
[2022-12-13 00:36:26] [SEVERE ] player 2 placing token on slot 1
[2022-12-13 00:36:26] [SEVERE ] removing player 2 token from slot 1
[2022-12-13 00:36:26] [SEVERE ] removing player 2 token from slot 4
[2022-12-13 00:36:26] [SEVERE ] removing player 2 token from slot 11
[2022-12-13 00:36:27] [SEVERE ] player 2 placing token on slot 0
[2022-12-13 00:36:27] [SEVERE ] player 2 placing token on slot 8
[2022-12-13 00:36:27] [SEVERE ] player 2 placing token on slot 1
[2022-12-13 00:36:27] [SEVERE ] removing player 2 token from slot 0
[2022-12-13 00:36:27] [SEVERE ] removing player 2 token from slot 1
[2022-12-13 00:36:27] [SEVERE ] removing player 2 token from slot 8
[2022-12-13 00:36:27] [SEVERE ] player 2 placing token on slot 9
[2022-12-13 00:36:27] [SEVERE ] player 2 placing token on slot 5
[2022-12-13 00:36:27] [SEVERE ] player 2 placing token on slot 1
[2022-12-13 00:36:27] [SEVERE ] removing player 2 token from slot 1
[2022-12-13 00:36:27] [SEVERE ] removing player 2 token from slot 5
[2022-12-13 00:36:27] [SEVERE ] removing player 2 token from slot 9
[2022-12-13 00:36:27] [SEVERE ] player 2 placing token on slot 9
[2022-12-13 00:36:27] [SEVERE ] player 2 placing token on slot 0
[2022-12-13 00:36:27] [SEVERE ] player 2 placing token on slot 10
[2022-12-13 00:36:27] [SEVERE ] removing player 2 token from slot 0
[2022-12-13 00:36:27] [SEVERE ] removing player 2 token from slot 9
[2022-12-13 00:36:27] [SEVERE ] removing player 2 token from slot 10
[2022-12-13 00:36:27] [SEVERE ] player 2 placing token on slot 10
[2022-12-13 00:36:27] [SEVERE ] player 2 placing token on slot 8
[2022-12-13 00:36:27] [SEVERE ] player 2 placing token on slot 9
[2022-12-13 00:36:27] [SEVERE ] removing player 2 token from slot 8
[2022-12-13 00:36:27] [SEVERE ] removing player 2 token from slot 9
[2022-12-13 00:36:27] [SEVERE ] removing player 2 token from slot 10
[2022-12-13 00:36:27] [SEVERE ] player 2 placing token on slot 2
[2022-12-13 00:36:27] [SEVERE ] player 2 placing token on slot 1
[2022-12-13 00:36:27] [SEVERE ] player 2 placing token on slot 10
[2022-12-13 00:36:27] [SEVERE ] removing player 2 token from slot 1
[2022-12-13 00:36:27] [SEVERE ] removing player 2 token from slot 2
[2022-12-13 00:36:27] [SEVERE ] removing player 2 token from slot 10
[2022-12-13 00:36:27] [SEVERE ] player 2 placing token on slot 2
[2022-12-13 00:36:27] [SEVERE ] player 2 placing token on slot 6
[2022-12-13 00:36:27] [SEVERE ] player 2 placing token on slot 4
[2022-12-13 00:36:27] [SEVERE ] removing player 2 token from slot 2
[2022-12-13 00:36:27] [SEVERE ] removing player 2 token from slot 4
[2022-12-13 00:36:27] [SEVERE ] removing player 2 token from slot 6
[2022-12-13 00:36:27] [SEVERE ] player 2 placing token on slot 2
[2022-12-13 00:36:27] [SEVERE ] player 2 placing token on slot 9
[2022-12-13 00:36:27] [SEVERE ] player 2 placing token on slot 3
[2022-12-13 00:36:27] [SEVERE ] removing player 2 token from slot 2
[2022-12-13 00:36:27] [SEVERE ] removing player 2 token from slot 3
[2022-12-13 00:36:27] [SEVERE ] removing player 2 token from slot 9
[2022-12-13 00:36:27] [SEVERE ] player 2 placing token on slot 8
[2022-12-13 00:36:27] [SEVERE ] player 2 placing token on slot 0
[2022-12-13 00:36:27] [SEVERE ] player 2 placing token on slot 1
[2022-12-13 00:36:27] [SEVERE ] removing player 2 token from slot 0
[2022-12-13 00:36:27] [SEVERE ] removing player 2 token from slot 1
[2022-12-13 00:36:27] [SEVERE ] removing player 2 token from slot 8
[2022-12-13 00:36:27] [SEVERE ] player 2 placing token on slot 10
[2022-12-13 00:36:27] [SEVERE ] player 2 placing token on slot 5
[2022-12-13 00:36:27] [SEVERE ] player 2 placing token on slot 1
[2022-12-13 00:36:27] [SEVERE ] removing player 2 token from slot 1
[2022-12-13 00:36:27] [SEVERE ] removing player 2 token from slot 5
[2022-12-13 00:36:27] [SEVERE ] removing player 2 token from slot 10
[2022-12-13 00:36:27] [SEVERE ] player 2 placing token on slot 7
[2022-12-13 00:36:27] [SEVERE ] player 2 placing token on slot 10
[2022-12-13 00:36:27] [SEVERE ] player 2 placing token on slot 4
[2022-12-13 00:36:27] [SEVERE ] removing player 2 token from slot 4
[2022-12-13 00:36:27] [SEVERE ] removing player 2 token from slot 7
[2022-12-13 00:36:27] [SEVERE ] removing player 2 token from slot 10
[2022-12-13 00:36:27] [SEVERE ] player 2 placing token on slot 8
[2022-12-13 00:36:27] [SEVERE ] player 2 placing token on slot 1
[2022-12-13 00:36:27] [SEVERE ] player 2 placing token on slot 0
[2022-12-13 00:36:27] [SEVERE ] removing player 2 token from slot 0
[2022-12-13 00:36:27] [SEVERE ] removing player 2 token from slot 1
[2022-12-13 00:36:27] [SEVERE ] removing player 2 token from slot 8
[2022-12-13 00:36:27] [SEVERE ] player 2 placing token on slot 3
[2022-12-13 00:36:28] [SEVERE ] player 2 placing token on slot 2
[2022-12-13 00:36:28] [SEVERE ] player 2 placing token on slot 6
[2022-12-13 00:36:28] [SEVERE ] removing player 2 token from slot 2
[2022-12-13 00:36:28] [SEVERE ] removing player 2 token from slot 3
[2022-12-13 00:36:28] [SEVERE ] removing player 2 token from slot 6
[2022-12-13 00:36:28] [SEVERE ] player 2 placing token on slot 0
[2022-12-13 00:36:28] [SEVERE ] player 2 placing token on slot 2
[2022-12-13 00:36:28] [SEVERE ] player 2 placing token on slot 8
[2022-12-13 00:36:28] [SEVERE ] removing player 2 token from slot 0
[2022-12-13 00:36:28] [SEVERE ] removing player 2 token from slot 2
[2022-12-13 00:36:28] [SEVERE ] removing player 2 token from slot 8
[2022-12-13 00:36:28] [SEVERE ] player 2 placing token on slot 7
[2022-12-13 00:36:28] [SEVERE ] player 2 placing token on slot 0
[2022-12-13 00:36:28] [SEVERE ] player 2 placing token on slot 1
[2022-12-13 00:36:28] [SEVERE ] removing player 2 token from slot 0
[2022-12-13 00:36:28] [SEVERE ] removing player 2 token from slot 1
[2022-12-13 00:36:28] [SEVERE ] removing player 2 token from slot 7
[2022-12-13 00:36:28] [SEVERE ] player 2 placing token on slot 9
[2022-12-13 00:36:28] [SEVERE ] player 2 placing token on slot 4
[2022-12-13 00:36:28] [SEVERE ] player 2 placing token on slot 11
[2022-12-13 00:36:28] [SEVERE ] removing player 2 token from slot 4
[2022-12-13 00:36:28] [SEVERE ] removing player 2 token from slot 9
[2022-12-13 00:36:28] [SEVERE ] removing player 2 token from slot 11
[2022-12-13 00:36:28] [SEVERE ] player 2 placing token on slot 5
[2022-12-13 00:36:28] [SEVERE ] player 2 placing token on slot 3
[2022-12-13 00:36:28] [SEVERE ] player 2 placing token on slot 1
[2022-12-13 00:36:28] [SEVERE ] removing player 2 token from slot 1
[2022-12-13 00:36:28] [SEVERE ] removing player 2 token from slot 3
[2022-12-13 00:36:28] [SEVERE ] removing player 2 token from slot 5
[2022-12-13 00:36:28] [SEVERE ] player 2 placing token on slot 11
[2022-12-13 00:36:28] [SEVERE ] player 2 placing token on slot 6
[2022-12-13 00:36:28] [SEVERE ] player 2 placing token on slot 2
[2022-12-13 00:36:28] [SEVERE ] removing player 2 token from slot 2
[2022-12-13 00:36:28] [SEVERE ] removing player 2 token from slot 6
[2022-12-13 00:36:28] [SEVERE ] removing player 2 token from slot 11
[2022-12-13 00:36:28] [SEVERE ] player 2 placing token on slot 3
[2022-12-13 00:36:28] [SEVERE ] player 2 placing token on slot 5
[2022-12-13 00:36:28] [SEVERE ] player 2 placing token on slot 10
[2022-12-13 00:36:28] [SEVERE ] removing player 2 token from slot 3
[2022-12-13 00:36:28] [SEVERE ] removing player 2 token from slot 5
[2022-12-13 00:36:28] [SEVERE ] removing player 2 token from slot 10
[2022-12-13 00:36:28] [SEVERE ] player 2 placing token on slot 5
[2022-12-13 00:36:28] [SEVERE ] player 2 placing token on slot 7
[2022-12-13 00:36:28] [SEVERE ] player 2 placing token on slot 8
[2022-12-13 00:36:28] [SEVERE ] removing player 2 token from slot 5
[2022-12-13 00:36:28] [SEVERE ] removing player 2 token from slot 7
[2022-12-13 00:36:28] [SEVERE ] removing player 2 token from slot 8
[2022-12-13 00:36:28] [SEVERE ] player 2 placing token on slot 0
[2022-12-13 00:36:28] [SEVERE ] player 2 placing token on slot 11
[2022-12-13 00:36:28] [SEVERE ] player 2 placing token on slot 7
[2022-12-13 00:36:28] [SEVERE ] removing player 2 token from slot 0
[2022-12-13 00:36:28] [SEVERE ] removing player 2 token from slot 7
[2022-12-13 00:36:28] [SEVERE ] removing player 2 token from slot 11
[2022-12-13 00:36:28] [SEVERE ] player 2 placing token on slot 3
[2022-12-13 00:36:28] [SEVERE ] player 2 placing token on slot 4
[2022-12-13 00:36:28] [SEVERE ] player 2 placing token on slot 5
[2022-12-13 00:36:28] [SEVERE ] removing player 2 token from slot 3
[2022-12-13 00:36:28] [SEVERE ] removing player 2 token from slot 4
[2022-12-13 00:36:28] [SEVERE ] removing player 2 token from slot 5
[2022-12-13 00:36:28] [SEVERE ] player 2 placing token on slot 8
[2022-12-13 00:36:28] [SEVERE ] player 2 placing token on slot 5
[2022-12-13 00:36:28] [SEVERE ] player 2 placing token on slot 0
[2022-12-13 00:36:28] [SEVERE ] removing player 2 token from slot 0
[2022-12-13 00:36:28] [SEVERE ] removing player 2 token from slot 5
[2022-12-13 00:36:28] [SEVERE ] removing player 2 token from slot 8
[2022-12-13 00:36:28] [SEVERE ] player 2 placing token on slot 4
[2022-12-13 00:36:29] [SEVERE ] player 2 placing token on slot 2
[2022-12-13 00:36:29] [SEVERE ] player 2 placing token on slot 3
[2022-12-13 00:36:29] [SEVERE ] removing player 2 token from slot 2
[2022-12-13 00:36:29] [SEVERE ] removing player 2 token from slot 3
[2022-12-13 00:36:29] [SEVERE ] removing player 2 token from slot 4
[2022-12-13 00:36:29] [SEVERE ] player 2 placing token on slot 8
[2022-12-13 00:36:29] [SEVERE ] player 2 placing token on slot 7
[2022-12-13 00:36:29] [SEVERE ] player 2 placing token on slot 0
[2022-12-13 00:36:29] [SEVERE ] removing player 2 token from slot 0
[2022-12-13 00:36:29] [SEVERE ] removing player 2 token from slot 7
[2022-12-13 00:36:29] [SEVERE ] removing player 2 token from slot 8
[2022-12-13 00:36:29] [SEVERE ] player 2 placing token on slot 10
[2022-12-13 00:36:29] [SEVERE ] player 2 placing token on slot 11
[2022-12-13 00:36:29] [SEVERE ] player 2 placing token on slot 6
[2022-12-13 00:36:29] [SEVERE ] removing player 2 token from slot 6
[2022-12-13 00:36:29] [SEVERE ] removing player 2 token from slot 10
[2022-12-13 00:36:29] [SEVERE ] removing player 2 token from slot 11
[2022-12-13 00:36:29] [SEVERE ] player 2 placing token on slot 3
[2022-12-13 00:36:29] [SEVERE ] player 2 placing token on slot 2
[2022-12-13 00:36:29] [SEVERE ] player 2 placing token on slot 8
[2022-12-13 00:36:29] [SEVERE ] removing player 2 token from slot 2
[2022-12-13 00:36:29] [SEVERE ] removing player 2 token from slot 3
[2022-12-13 00:36:29] [SEVERE ] removing player 2 token from slot 8
[2022-12-13 00:36:29] [SEVERE ] player 2 placing token on slot 6
[2022-12-13 00:36:29] [SEVERE ] player 2 placing token on slot 0
[2022-12-13 00:36:29] [SEVERE ] player 2 placing token on slot 8
[2022-12-13 00:36:29] [SEVERE ] removing player 2 token from slot 0
[2022-12-13 00:36:29] [SEVERE ] removing player 2 token from slot 6
[2022-12-13 00:36:29] [SEVERE ] removing player 2 token from slot 8
[2022-12-13 00:36:29] [SEVERE ] player 2 placing token on slot 11
[2022-12-13 00:36:29] [SEVERE ] player 2 placing token on slot 7
[2022-12-13 00:36:29] [SEVERE ] player 2 placing token on slot 5
[2022-12-13 00:36:29] [SEVERE ] removing player 2 token from slot 5
[2022-12-13 00:36:29] [SEVERE ] removing player 2 token from slot 7
[2022-12-13 00:36:29] [SEVERE ] removing player 2 token from slot 11
[2022-12-13 00:36:29] [SEVERE ] player 2 placing token on slot 10
[2022-12-13 00:36:29] [SEVERE ] player 2 placing token on slot 11
[2022-12-13 00:36:29] [SEVERE ] player 2 placing token on slot 0
[2022-12-13 00:36:29] [SEVERE ] removing player 2 token from slot 0
[2022-12-13 00:36:29] [SEVERE ] removing player 2 token from slot 10
[2022-12-13 00:36:29] [SEVERE ] removing player 2 token from slot 11
[2022-12-13 00:36:29] [SEVERE ] player 2 placing token on slot 1
[2022-12-13 00:36:29] [SEVERE ] player 2 placing token on slot 11
[2022-12-13 00:36:29] [SEVERE ] player 2 placing token on slot 10
[2022-12-13 00:36:29] [SEVERE ] removing player 2 token from slot 1
[2022-12-13 00:36:29] [SEVERE ] removing player 2 token from slot 10
[2022-12-13 00:36:29] [SEVERE ] removing player 2 token from slot 11
[2022-12-13 00:36:29] [SEVERE ] player 2 placing token on slot 7
[2022-12-13 00:36:29] [SEVERE ] player 2 placing token on slot 8
[2022-12-13 00:36:29] [SEVERE ] player 2 placing token on slot 4
[2022-12-13 00:36:29] [SEVERE ] removing player 2 token from slot 4
[2022-12-13 00:36:29] [SEVERE ] removing player 2 token from slot 7
[2022-12-13 00:36:29] [SEVERE ] removing player 2 token from slot 8
[2022-12-13 00:36:29] [SEVERE ] player 2 placing token on slot 5
[2022-12-13 00:36:29] [SEVERE ] player 2 placing token on slot 9
[2022-12-13 00:36:29] [SEVERE ] player 2 placing token on slot 1
[2022-12-13 00:36:29] [SEVERE ] removing player 2 token from slot 1
[2022-12-13 00:36:29] [SEVERE ] removing player 2 token from slot 5
[2022-12-13 00:36:29] [SEVERE ] removing player 2 token from slot 9
[2022-12-13 00:36:29] [SEVERE ] player 2 placing token on slot 5
[2022-12-13 00:36:29] [SEVERE ] player 2 placing token on slot 3
[2022-12-13 00:36:29] [SEVERE ] player 2 placing token on slot 1
[2022-12-13 00:36:29] [SEVERE ] removing player 2 token from slot 1
[2022-12-13 00:36:29] [SEVERE ] removing player 2 token from slot 3
[2022-12-13 00:36:29] [SEVERE ] removing player 2 token from slot 5
[2022-12-13 00:36:29] [SEVERE ] player 2 placing token on slot 1
[2022-12-13 00:36:30] [SEVERE ] player 2 placing token on slot 10
[2022-12-13 00:36:30] [SEVERE ] player 2 placing token on slot 4
[2022-12-13 00:36:30] [SEVERE ] removing player 2 token from slot 1
[2022-12-13 00:36:30] [SEVERE ] removing player 2 token from slot 4
[2022-12-13 00:36:30] [SEVERE ] removing player 2 token from slot 10
[2022-12-13 00:36:30] [SEVERE ] player 2 placing token on slot 4
[2022-12-13 00:36:30] [SEVERE ] player 2 placing token on slot 3
[2022-12-13 00:36:30] [SEVERE ] player 2 placing token on slot 8
[2022-12-13 00:36:30] [SEVERE ] removing player 2 token from slot 3
[2022-12-13 00:36:30] [SEVERE ] removing player 2 token from slot 4
[2022-12-13 00:36:30] [SEVERE ] removing player 2 token from slot 8
[2022-12-13 00:36:30] [SEVERE ] player 2 placing token on slot 5
[2022-12-13 00:36:30] [SEVERE ] player 2 placing token on slot 4
[2022-12-13 00:36:30] [SEVERE ] player 2 placing token on slot 8
[2022-12-13 00:36:30] [SEVERE ] removing player 2 token from slot 4
[2022-12-13 00:36:30] [SEVERE ] removing player 2 token from slot 5
[2022-12-13 00:36:30] [SEVERE ] removing player 2 token from slot 8
[2022-12-13 00:36:30] [SEVERE ] player 2 placing token on slot 3
[2022-12-13 00:36:30] [SEVERE ] player 2 placing token on slot 9
