[2022-12-10 15:05:02] [INFO   ] cannot read configuration file config.properties trying from resources.
[2022-12-10 15:05:02] [INFO   ] configuration file was loaded from resources directory.
[2022-12-10 15:05:03] [INFO   ] Thread Thread-0starting.
[2022-12-10 15:05:03] [INFO   ] Thread Thread-5starting.
[2022-12-10 15:05:03] [INFO   ] Thread Thread-4starting.
[2022-12-10 15:05:03] [INFO   ] Thread dealer starting.
[2022-12-10 15:05:03] [INFO   ] Thread Thread-3starting.
[2022-12-10 15:05:03] [INFO   ] Thread Thread-2starting.
[2022-12-10 15:05:03] [INFO   ] Thread Thread-1starting.
[2022-12-10 15:05:03] [INFO   ] Thread computer-5 starting.
[2022-12-10 15:05:03] [INFO   ] Thread computer-4 starting.
[2022-12-10 15:05:03] [INFO   ] Thread computer-2 starting.
[2022-12-10 15:05:03] [INFO   ] Thread computer-3 starting.
[2022-12-10 15:05:03] [SEVERE ] placing card 56 in slot 0
[2022-12-10 15:05:08] [SEVERE ] placing card 55 in slot 1
[2022-12-10 15:05:08] [SEVERE ] placing card 9 in slot 2
[2022-12-10 15:05:08] [SEVERE ] placing card 10 in slot 3
[2022-12-10 15:05:08] [SEVERE ] placing card 75 in slot 4
[2022-12-10 15:05:08] [SEVERE ] placing card 35 in slot 5
[2022-12-10 15:05:09] [SEVERE ] placing card 12 in slot 6
[2022-12-10 15:05:09] [SEVERE ] placing card 50 in slot 7
[2022-12-10 15:05:09] [SEVERE ] placing card 39 in slot 8
[2022-12-10 15:05:09] [SEVERE ] placing card 74 in slot 9
[2022-12-10 15:05:09] [SEVERE ] placing card 66 in slot 10
[2022-12-10 15:05:09] [SEVERE ] placing card 15 in slot 11
[2022-12-10 15:05:10] [SEVERE ] player 5 placing token on slot 1
[2022-12-10 15:05:11] [SEVERE ] player 3 placing token on slot 6
[2022-12-10 15:05:11] [SEVERE ] player 4 placing token on slot 8
[2022-12-10 15:05:11] [SEVERE ] player 2 placing token on slot 11
[2022-12-10 15:05:12] [SEVERE ] player 5 placing token on slot 7
[2022-12-10 15:05:12] [SEVERE ] player 4 placing token on slot 9
[2022-12-10 15:05:12] [SEVERE ] player 3 placing token on slot 2
[2022-12-10 15:05:13] [SEVERE ] player 5 placing token on slot 0
[2022-12-10 15:05:13] [SEVERE ] removing player 5 token from slot 0
[2022-12-10 15:05:13] [SEVERE ] removing player 5 token from slot 1
[2022-12-10 15:05:13] [SEVERE ] removing player 5 token from slot 7
[2022-12-10 15:05:13] [SEVERE ] player 2 placing token on slot 2
[2022-12-10 15:05:14] [SEVERE ] player 3 placing token on slot 10
[2022-12-10 15:05:14] [SEVERE ] removing player 3 token from slot 2
[2022-12-10 15:05:14] [SEVERE ] removing player 3 token from slot 6
[2022-12-10 15:05:14] [SEVERE ] removing player 3 token from slot 10
[2022-12-10 15:05:14] [SEVERE ] player 4 placing token on slot 3
[2022-12-10 15:05:14] [SEVERE ] removing player 4 token from slot 3
[2022-12-10 15:05:14] [SEVERE ] removing player 4 token from slot 8
[2022-12-10 15:05:14] [SEVERE ] removing player 4 token from slot 9
[2022-12-10 15:05:15] [SEVERE ] player 2 placing token on slot 9
[2022-12-10 15:05:15] [SEVERE ] removing player 2 token from slot 2
[2022-12-10 15:05:15] [SEVERE ] removing player 2 token from slot 9
[2022-12-10 15:05:15] [SEVERE ] removing player 2 token from slot 11
[2022-12-10 15:05:15] [SEVERE ] removing tokens from slot 0
[2022-12-10 15:05:15] [SEVERE ] removing card from slot 0
[2022-12-10 15:05:15] [SEVERE ] removing tokens from slot 1
[2022-12-10 15:05:15] [SEVERE ] removing card from slot 1
[2022-12-10 15:05:15] [SEVERE ] removing tokens from slot 2
[2022-12-10 15:05:15] [SEVERE ] removing card from slot 2
[2022-12-10 15:05:15] [SEVERE ] removing tokens from slot 3
[2022-12-10 15:05:15] [SEVERE ] removing card from slot 3
[2022-12-10 15:05:16] [SEVERE ] player 5 placing token on slot 0
[2022-12-10 15:05:16] [SEVERE ] removing tokens from slot 4
[2022-12-10 15:05:16] [SEVERE ] removing card from slot 4
[2022-12-10 15:05:16] [SEVERE ] removing tokens from slot 5
[2022-12-10 15:05:16] [SEVERE ] removing card from slot 5
[2022-12-10 15:05:16] [SEVERE ] player 3 placing token on slot 7
[2022-12-10 15:05:16] [SEVERE ] removing tokens from slot 6
[2022-12-10 15:05:16] [SEVERE ] removing card from slot 6
[2022-12-10 15:05:16] [SEVERE ] player 2 placing token on slot 6
[2022-12-10 15:05:16] [SEVERE ] removing tokens from slot 7
[2022-12-10 15:05:16] [SEVERE ] removing card from slot 7
[2022-12-10 15:05:16] [SEVERE ] removing tokens from slot 8
[2022-12-10 15:05:16] [SEVERE ] removing card from slot 8
[2022-12-10 15:05:16] [SEVERE ] removing tokens from slot 9
[2022-12-10 15:05:16] [SEVERE ] removing card from slot 9
[2022-12-10 15:05:16] [SEVERE ] removing tokens from slot 10
[2022-12-10 15:05:16] [SEVERE ] removing card from slot 10
[2022-12-10 15:05:16] [SEVERE ] removing tokens from slot 11
[2022-12-10 15:05:16] [SEVERE ] removing card from slot 11
[2022-12-10 15:05:16] [SEVERE ] placing card 2 in slot 0
[2022-12-10 15:05:17] [SEVERE ] placing card 47 in slot 1
[2022-12-10 15:05:17] [SEVERE ] placing card 77 in slot 2
[2022-12-10 15:05:17] [SEVERE ] placing card 31 in slot 3
[2022-12-10 15:05:17] [SEVERE ] player 4 placing token on slot 11
[2022-12-10 15:05:17] [SEVERE ] placing card 9 in slot 4
[2022-12-10 15:05:17] [SEVERE ] placing card 17 in slot 5
[2022-12-10 15:05:17] [SEVERE ] placing card 12 in slot 6
[2022-12-10 15:05:17] [SEVERE ] placing card 25 in slot 7
[2022-12-10 15:05:17] [SEVERE ] placing card 62 in slot 8
[2022-12-10 15:05:18] [SEVERE ] placing card 71 in slot 9
[2022-12-10 15:05:18] [SEVERE ] placing card 30 in slot 10
[2022-12-10 15:05:18] [SEVERE ] placing card 73 in slot 11
[2022-12-10 15:05:18] [SEVERE ] player 3 placing token on slot 1
[2022-12-10 15:05:19] [SEVERE ] player 2 placing token on slot 8
[2022-12-10 15:05:20] [SEVERE ] player 5 placing token on slot 3
[2022-12-10 15:05:20] [SEVERE ] player 3 placing token on slot 3
[2022-12-10 15:05:20] [SEVERE ] player 2 placing token on slot 5
[2022-12-10 15:05:20] [SEVERE ] removing player 2 token from slot 5
[2022-12-10 15:05:20] [SEVERE ] removing player 2 token from slot 6
[2022-12-10 15:05:20] [SEVERE ] removing player 2 token from slot 8
[2022-12-10 15:05:21] [SEVERE ] player 4 placing token on slot 0
