[2022-12-12 19:55:45] [INFO   ] cannot read configuration file config.properties trying from resources.
[2022-12-12 19:55:45] [INFO   ] configuration file was loaded from resources directory.
[2022-12-12 19:55:45] [INFO   ] Thread dealer starting.
[2022-12-12 19:55:45] [INFO   ] Thread Thread-1starting.
[2022-12-12 19:55:45] [INFO   ] Thread Thread-0starting.
[2022-12-12 19:55:45] [SEVERE ] placing card 16 in slot 0
[2022-12-12 19:55:45] [SEVERE ] placing card 40 in slot 1
[2022-12-12 19:55:45] [SEVERE ] placing card 76 in slot 2
[2022-12-12 19:55:45] [SEVERE ] placing card 78 in slot 3
[2022-12-12 19:55:46] [SEVERE ] placing card 21 in slot 4
[2022-12-12 19:55:46] [SEVERE ] placing card 35 in slot 5
[2022-12-12 19:55:46] [SEVERE ] placing card 20 in slot 6
[2022-12-12 19:55:46] [SEVERE ] placing card 33 in slot 7
[2022-12-12 19:55:46] [SEVERE ] placing card 36 in slot 8
[2022-12-12 19:55:46] [SEVERE ] placing card 0 in slot 9
[2022-12-12 19:55:46] [SEVERE ] placing card 7 in slot 10
[2022-12-12 19:55:46] [SEVERE ] placing card 50 in slot 11
[2022-12-12 19:55:48] [SEVERE ] Key 81 was pressed by player 0
[2022-12-12 19:55:48] [SEVERE ] player 0 placing token on slot 0
[2022-12-12 19:55:49] [SEVERE ] Key 87 was pressed by player 0
[2022-12-12 19:55:49] [SEVERE ] player 0 placing token on slot 1
[2022-12-12 19:55:49] [SEVERE ] Key 69 was pressed by player 0
[2022-12-12 19:55:49] [SEVERE ] player 0 placing token on slot 2
[2022-12-12 19:55:50] [SEVERE ] Key 69 was pressed by player 0
[2022-12-12 19:55:50] [SEVERE ] Key 87 was pressed by player 0
[2022-12-12 19:55:50] [SEVERE ] Key 81 was pressed by player 0
[2022-12-12 19:55:51] [SEVERE ] Key 81 was pressed by player 0
[2022-12-12 19:55:51] [SEVERE ] Key 87 was pressed by player 0
[2022-12-12 19:55:51] [SEVERE ] Key 69 was pressed by player 0
[2022-12-12 19:55:51] [SEVERE ] Key 81 was pressed by player 0
[2022-12-12 19:55:51] [SEVERE ] Key 87 was pressed by player 0
[2022-12-12 19:55:51] [SEVERE ] Key 69 was pressed by player 0
[2022-12-12 19:55:51] [SEVERE ] Key 81 was pressed by player 0
[2022-12-12 19:55:51] [SEVERE ] Key 87 was pressed by player 0
[2022-12-12 19:55:52] [SEVERE ] Key 69 was pressed by player 0
[2022-12-12 19:55:52] [SEVERE ] Key 81 was pressed by player 0
[2022-12-12 19:55:52] [SEVERE ] Key 87 was pressed by player 0
[2022-12-12 19:55:52] [SEVERE ] Key 69 was pressed by player 0
[2022-12-12 19:55:55] [SEVERE ] Key 87 was pressed by player 0
[2022-12-12 19:55:55] [SEVERE ] removing player 0 token from slot 1
[2022-12-12 19:55:58] [SEVERE ] Key 65 was pressed by player 0
[2022-12-12 19:55:58] [SEVERE ] player 0 placing token on slot 4
[2022-12-12 19:55:59] [SEVERE ] Key 83 was pressed by player 0
[2022-12-12 19:56:00] [SEVERE ] Key 83 was pressed by player 0
[2022-12-12 19:56:00] [SEVERE ] Key 83 was pressed by player 0
[2022-12-12 19:56:00] [SEVERE ] Key 83 was pressed by player 0
[2022-12-12 19:56:00] [SEVERE ] Key 83 was pressed by player 0
[2022-12-12 19:56:00] [SEVERE ] Key 83 was pressed by player 0
[2022-12-12 19:56:01] [SEVERE ] Key 83 was pressed by player 0
[2022-12-12 19:56:01] [SEVERE ] Key 83 was pressed by player 0
[2022-12-12 19:56:01] [SEVERE ] Key 83 was pressed by player 0
[2022-12-12 19:56:01] [SEVERE ] Key 83 was pressed by player 0
[2022-12-12 19:56:02] [SEVERE ] Key 83 was pressed by player 0
[2022-12-12 19:56:02] [SEVERE ] Key 83 was pressed by player 0
[2022-12-12 19:56:02] [SEVERE ] Key 83 was pressed by player 0
[2022-12-12 19:56:02] [SEVERE ] Key 83 was pressed by player 0
[2022-12-12 19:56:03] [SEVERE ] Key 65 was pressed by player 0
[2022-12-12 19:56:03] [SEVERE ] removing player 0 token from slot 4
[2022-12-12 19:56:03] [SEVERE ] Key 83 was pressed by player 0
[2022-12-12 19:56:03] [SEVERE ] player 0 placing token on slot 5
[2022-12-12 19:56:04] [SEVERE ] Key 83 was pressed by player 0
[2022-12-12 19:56:04] [SEVERE ] Key 83 was pressed by player 0
[2022-12-12 19:56:04] [SEVERE ] Key 83 was pressed by player 0
[2022-12-12 19:56:04] [SEVERE ] Key 87 was pressed by player 0
[2022-12-12 19:56:05] [SEVERE ] Key 87 was pressed by player 0
[2022-12-12 19:56:05] [SEVERE ] Key 87 was pressed by player 0
