[2022-12-12 13:01:56] [INFO   ] cannot read configuration file config.properties trying from resources.
[2022-12-12 13:01:56] [INFO   ] configuration file was loaded from resources directory.
[2022-12-12 13:01:57] [INFO   ] Thread Thread-0starting.
[2022-12-12 13:01:57] [INFO   ] Thread Thread-1starting.
[2022-12-12 13:01:57] [INFO   ] Thread Thread-2starting.
[2022-12-12 13:01:57] [INFO   ] Thread dealer starting.
[2022-12-12 13:01:57] [INFO   ] Thread computer-2 starting.
[2022-12-12 13:01:57] [SEVERE ] placing card 58 in slot 0
[2022-12-12 13:01:57] [SEVERE ] placing card 7 in slot 1
[2022-12-12 13:01:57] [SEVERE ] placing card 45 in slot 2
[2022-12-12 13:01:57] [SEVERE ] placing card 62 in slot 3
[2022-12-12 13:01:57] [SEVERE ] placing card 40 in slot 4
[2022-12-12 13:01:57] [SEVERE ] placing card 72 in slot 5
[2022-12-12 13:01:58] [SEVERE ] placing card 4 in slot 6
[2022-12-12 13:01:58] [SEVERE ] placing card 15 in slot 7
[2022-12-12 13:01:58] [SEVERE ] placing card 70 in slot 8
[2022-12-12 13:01:58] [SEVERE ] placing card 67 in slot 9
[2022-12-12 13:01:58] [SEVERE ] placing card 68 in slot 10
[2022-12-12 13:01:58] [SEVERE ] placing card 48 in slot 11
[2022-12-12 13:01:58] [SEVERE ] player 2 placing token on slot 3
[2022-12-12 13:01:58] [SEVERE ] player 2 placing token on slot 5
[2022-12-12 13:01:58] [SEVERE ] player 2 placing token on slot 10
[2022-12-12 13:01:58] [SEVERE ] removing player 2 token from slot 3
[2022-12-12 13:01:58] [SEVERE ] removing player 2 token from slot 5
[2022-12-12 13:01:58] [SEVERE ] removing player 2 token from slot 10
[2022-12-12 13:01:58] [SEVERE ] player 2 placing token on slot 11
[2022-12-12 13:01:58] [SEVERE ] player 2 placing token on slot 7
[2022-12-12 13:01:58] [SEVERE ] player 2 placing token on slot 8
[2022-12-12 13:01:58] [SEVERE ] removing player 2 token from slot 7
[2022-12-12 13:01:58] [SEVERE ] removing player 2 token from slot 8
[2022-12-12 13:01:58] [SEVERE ] removing player 2 token from slot 11
[2022-12-12 13:01:58] [SEVERE ] player 2 placing token on slot 7
[2022-12-12 13:01:58] [SEVERE ] player 2 placing token on slot 3
[2022-12-12 13:01:58] [SEVERE ] player 2 placing token on slot 6
[2022-12-12 13:01:58] [SEVERE ] removing player 2 token from slot 3
[2022-12-12 13:01:58] [SEVERE ] removing player 2 token from slot 6
[2022-12-12 13:01:58] [SEVERE ] removing player 2 token from slot 7
[2022-12-12 13:01:58] [SEVERE ] player 2 placing token on slot 5
[2022-12-12 13:01:58] [SEVERE ] player 2 placing token on slot 7
[2022-12-12 13:01:58] [SEVERE ] player 2 placing token on slot 11
[2022-12-12 13:01:58] [SEVERE ] removing player 2 token from slot 5
[2022-12-12 13:01:58] [SEVERE ] removing player 2 token from slot 7
[2022-12-12 13:01:58] [SEVERE ] removing player 2 token from slot 11
[2022-12-12 13:01:58] [SEVERE ] player 2 placing token on slot 11
[2022-12-12 13:01:59] [SEVERE ] player 2 placing token on slot 10
[2022-12-12 13:01:59] [SEVERE ] player 2 placing token on slot 7
[2022-12-12 13:01:59] [SEVERE ] removing player 2 token from slot 7
[2022-12-12 13:01:59] [SEVERE ] removing player 2 token from slot 10
[2022-12-12 13:01:59] [SEVERE ] removing player 2 token from slot 11
[2022-12-12 13:01:59] [SEVERE ] player 2 placing token on slot 7
[2022-12-12 13:01:59] [SEVERE ] player 2 placing token on slot 2
[2022-12-12 13:01:59] [SEVERE ] player 2 placing token on slot 5
[2022-12-12 13:01:59] [SEVERE ] removing player 2 token from slot 2
[2022-12-12 13:01:59] [SEVERE ] removing player 2 token from slot 5
[2022-12-12 13:01:59] [SEVERE ] removing player 2 token from slot 7
[2022-12-12 13:01:59] [SEVERE ] player 2 placing token on slot 11
[2022-12-12 13:01:59] [SEVERE ] player 2 placing token on slot 7
[2022-12-12 13:01:59] [SEVERE ] player 2 placing token on slot 10
[2022-12-12 13:01:59] [SEVERE ] removing player 2 token from slot 7
[2022-12-12 13:01:59] [SEVERE ] removing player 2 token from slot 10
[2022-12-12 13:01:59] [SEVERE ] removing player 2 token from slot 11
[2022-12-12 13:01:59] [SEVERE ] player 2 placing token on slot 7
[2022-12-12 13:01:59] [SEVERE ] player 2 placing token on slot 6
[2022-12-12 13:01:59] [SEVERE ] player 2 placing token on slot 0
[2022-12-12 13:01:59] [SEVERE ] removing player 2 token from slot 0
[2022-12-12 13:01:59] [SEVERE ] removing player 2 token from slot 6
[2022-12-12 13:01:59] [SEVERE ] removing player 2 token from slot 7
[2022-12-12 13:01:59] [SEVERE ] player 2 placing token on slot 1
[2022-12-12 13:01:59] [SEVERE ] player 2 placing token on slot 4
[2022-12-12 13:01:59] [SEVERE ] player 2 placing token on slot 6
[2022-12-12 13:01:59] [SEVERE ] removing player 2 token from slot 1
[2022-12-12 13:01:59] [SEVERE ] removing player 2 token from slot 4
[2022-12-12 13:01:59] [SEVERE ] removing player 2 token from slot 6
[2022-12-12 13:01:59] [SEVERE ] player 2 placing token on slot 6
[2022-12-12 13:01:59] [SEVERE ] player 2 placing token on slot 9
[2022-12-12 13:01:59] [SEVERE ] player 2 placing token on slot 0
[2022-12-12 13:01:59] [SEVERE ] removing player 2 token from slot 0
[2022-12-12 13:01:59] [SEVERE ] removing player 2 token from slot 6
[2022-12-12 13:01:59] [SEVERE ] removing player 2 token from slot 9
[2022-12-12 13:01:59] [SEVERE ] player 2 placing token on slot 0
[2022-12-12 13:01:59] [SEVERE ] player 2 placing token on slot 5
[2022-12-12 13:01:59] [SEVERE ] player 2 placing token on slot 8
[2022-12-12 13:01:59] [SEVERE ] removing player 2 token from slot 0
[2022-12-12 13:01:59] [SEVERE ] removing player 2 token from slot 5
[2022-12-12 13:01:59] [SEVERE ] removing player 2 token from slot 8
[2022-12-12 13:01:59] [SEVERE ] player 2 placing token on slot 3
[2022-12-12 13:01:59] [SEVERE ] player 2 placing token on slot 2
[2022-12-12 13:01:59] [SEVERE ] player 2 placing token on slot 9
[2022-12-12 13:01:59] [SEVERE ] removing player 2 token from slot 2
[2022-12-12 13:01:59] [SEVERE ] removing player 2 token from slot 3
[2022-12-12 13:01:59] [SEVERE ] removing player 2 token from slot 9
[2022-12-12 13:01:59] [SEVERE ] player 2 placing token on slot 7
[2022-12-12 13:01:59] [SEVERE ] player 2 placing token on slot 4
[2022-12-12 13:01:59] [SEVERE ] player 2 placing token on slot 8
[2022-12-12 13:01:59] [SEVERE ] removing player 2 token from slot 4
[2022-12-12 13:01:59] [SEVERE ] removing player 2 token from slot 7
[2022-12-12 13:01:59] [SEVERE ] removing player 2 token from slot 8
[2022-12-12 13:01:59] [SEVERE ] player 2 placing token on slot 3
[2022-12-12 13:01:59] [SEVERE ] player 2 placing token on slot 0
[2022-12-12 13:01:59] [SEVERE ] player 2 placing token on slot 8
[2022-12-12 13:01:59] [SEVERE ] removing player 2 token from slot 0
[2022-12-12 13:01:59] [SEVERE ] removing player 2 token from slot 3
[2022-12-12 13:01:59] [SEVERE ] removing player 2 token from slot 8
[2022-12-12 13:01:59] [SEVERE ] player 2 placing token on slot 10
[2022-12-12 13:01:59] [SEVERE ] player 2 placing token on slot 1
[2022-12-12 13:01:59] [SEVERE ] player 2 placing token on slot 2
[2022-12-12 13:01:59] [SEVERE ] setting player 2 score to 1
[2022-12-12 13:02:00] [SEVERE ] player 2 placing token on slot 9
[2022-12-12 13:02:00] [SEVERE ] player 2 placing token on slot 0
[2022-12-12 13:02:00] [SEVERE ] player 2 placing token on slot 7
[2022-12-12 13:02:00] [SEVERE ] removing tokens from slot 1
[2022-12-12 13:02:00] [SEVERE ] removing card from slot 1
[2022-12-12 13:02:00] [SEVERE ] removing tokens from slot 2
[2022-12-12 13:02:00] [SEVERE ] removing card from slot 2
[2022-12-12 13:02:00] [SEVERE ] removing tokens from slot 10
[2022-12-12 13:02:00] [SEVERE ] removing card from slot 10
[2022-12-12 13:02:00] [SEVERE ] placing card 74 in slot 1
[2022-12-12 13:02:00] [SEVERE ] placing card 18 in slot 2
[2022-12-12 13:02:00] [SEVERE ] placing card 66 in slot 10
[2022-12-12 13:02:00] [SEVERE ] removing player 2 token from slot 0
[2022-12-12 13:02:00] [SEVERE ] removing player 2 token from slot 7
[2022-12-12 13:02:00] [SEVERE ] removing player 2 token from slot 9
[2022-12-12 13:02:00] [SEVERE ] player 2 placing token on slot 3
[2022-12-12 13:02:00] [SEVERE ] player 2 placing token on slot 7
[2022-12-12 13:02:00] [SEVERE ] player 2 placing token on slot 6
[2022-12-12 13:02:00] [SEVERE ] removing player 2 token from slot 3
[2022-12-12 13:02:00] [SEVERE ] removing player 2 token from slot 6
[2022-12-12 13:02:00] [SEVERE ] removing player 2 token from slot 7
[2022-12-12 13:02:00] [SEVERE ] player 2 placing token on slot 0
[2022-12-12 13:02:00] [SEVERE ] player 2 placing token on slot 3
[2022-12-12 13:02:00] [SEVERE ] player 2 placing token on slot 4
[2022-12-12 13:02:00] [SEVERE ] removing player 2 token from slot 0
[2022-12-12 13:02:00] [SEVERE ] removing player 2 token from slot 3
[2022-12-12 13:02:00] [SEVERE ] removing player 2 token from slot 4
[2022-12-12 13:02:00] [SEVERE ] player 2 placing token on slot 8
[2022-12-12 13:02:00] [SEVERE ] player 2 placing token on slot 0
[2022-12-12 13:02:00] [SEVERE ] player 2 placing token on slot 4
[2022-12-12 13:02:00] [SEVERE ] removing player 2 token from slot 0
[2022-12-12 13:02:00] [SEVERE ] removing player 2 token from slot 4
[2022-12-12 13:02:00] [SEVERE ] removing player 2 token from slot 8
[2022-12-12 13:02:00] [SEVERE ] player 2 placing token on slot 6
[2022-12-12 13:02:00] [SEVERE ] player 2 placing token on slot 8
[2022-12-12 13:02:00] [SEVERE ] player 2 placing token on slot 3
[2022-12-12 13:02:00] [SEVERE ] removing player 2 token from slot 3
[2022-12-12 13:02:00] [SEVERE ] removing player 2 token from slot 6
[2022-12-12 13:02:00] [SEVERE ] removing player 2 token from slot 8
[2022-12-12 13:02:01] [SEVERE ] player 2 placing token on slot 10
[2022-12-12 13:02:01] [SEVERE ] player 2 placing token on slot 7
[2022-12-12 13:02:01] [SEVERE ] player 2 placing token on slot 3
[2022-12-12 13:02:01] [SEVERE ] removing player 2 token from slot 3
[2022-12-12 13:02:01] [SEVERE ] removing player 2 token from slot 7
[2022-12-12 13:02:01] [SEVERE ] removing player 2 token from slot 10
[2022-12-12 13:02:01] [SEVERE ] player 2 placing token on slot 11
[2022-12-12 13:02:01] [SEVERE ] player 2 placing token on slot 3
[2022-12-12 13:02:01] [SEVERE ] player 2 placing token on slot 9
[2022-12-12 13:02:01] [SEVERE ] removing player 2 token from slot 3
[2022-12-12 13:02:01] [SEVERE ] removing player 2 token from slot 9
[2022-12-12 13:02:01] [SEVERE ] removing player 2 token from slot 11
[2022-12-12 13:02:01] [SEVERE ] player 2 placing token on slot 10
[2022-12-12 13:02:01] [SEVERE ] player 2 placing token on slot 2
[2022-12-12 13:02:01] [SEVERE ] player 2 placing token on slot 8
[2022-12-12 13:02:01] [SEVERE ] removing player 2 token from slot 2
[2022-12-12 13:02:01] [SEVERE ] removing player 2 token from slot 8
[2022-12-12 13:02:01] [SEVERE ] removing player 2 token from slot 10
[2022-12-12 13:02:01] [SEVERE ] player 2 placing token on slot 8
[2022-12-12 13:02:01] [SEVERE ] player 2 placing token on slot 2
[2022-12-12 13:02:01] [SEVERE ] player 2 placing token on slot 7
[2022-12-12 13:02:01] [SEVERE ] removing player 2 token from slot 2
[2022-12-12 13:02:01] [SEVERE ] removing player 2 token from slot 7
[2022-12-12 13:02:01] [SEVERE ] removing player 2 token from slot 8
[2022-12-12 13:02:01] [SEVERE ] player 2 placing token on slot 5
[2022-12-12 13:02:01] [SEVERE ] player 2 placing token on slot 4
[2022-12-12 13:02:01] [SEVERE ] player 2 placing token on slot 8
[2022-12-12 13:02:01] [SEVERE ] removing player 2 token from slot 4
[2022-12-12 13:02:01] [SEVERE ] removing player 2 token from slot 5
[2022-12-12 13:02:01] [SEVERE ] removing player 2 token from slot 8
[2022-12-12 13:02:01] [SEVERE ] player 2 placing token on slot 2
[2022-12-12 13:02:01] [SEVERE ] player 2 placing token on slot 6
[2022-12-12 13:02:01] [SEVERE ] player 2 placing token on slot 3
[2022-12-12 13:02:01] [SEVERE ] removing player 2 token from slot 2
[2022-12-12 13:02:01] [SEVERE ] removing player 2 token from slot 3
[2022-12-12 13:02:01] [SEVERE ] removing player 2 token from slot 6
[2022-12-12 13:02:01] [SEVERE ] player 2 placing token on slot 8
[2022-12-12 13:02:01] [SEVERE ] player 2 placing token on slot 3
[2022-12-12 13:02:01] [SEVERE ] player 2 placing token on slot 9
[2022-12-12 13:02:01] [SEVERE ] removing player 2 token from slot 3
[2022-12-12 13:02:01] [SEVERE ] removing player 2 token from slot 8
[2022-12-12 13:02:01] [SEVERE ] removing player 2 token from slot 9
[2022-12-12 13:02:01] [SEVERE ] player 2 placing token on slot 6
[2022-12-12 13:02:01] [SEVERE ] player 2 placing token on slot 10
[2022-12-12 13:02:01] [SEVERE ] player 2 placing token on slot 11
[2022-12-12 13:02:01] [SEVERE ] removing player 2 token from slot 6
[2022-12-12 13:02:01] [SEVERE ] removing player 2 token from slot 10
[2022-12-12 13:02:01] [SEVERE ] removing player 2 token from slot 11
[2022-12-12 13:02:01] [SEVERE ] player 2 placing token on slot 6
[2022-12-12 13:02:01] [SEVERE ] player 2 placing token on slot 11
[2022-12-12 13:02:01] [SEVERE ] player 2 placing token on slot 9
[2022-12-12 13:02:01] [SEVERE ] removing player 2 token from slot 6
[2022-12-12 13:02:01] [SEVERE ] removing player 2 token from slot 9
[2022-12-12 13:02:01] [SEVERE ] removing player 2 token from slot 11
[2022-12-12 13:02:01] [SEVERE ] player 2 placing token on slot 0
[2022-12-12 13:02:01] [SEVERE ] player 2 placing token on slot 3
[2022-12-12 13:02:01] [SEVERE ] player 2 placing token on slot 10
[2022-12-12 13:02:01] [SEVERE ] removing player 2 token from slot 0
[2022-12-12 13:02:01] [SEVERE ] removing player 2 token from slot 3
[2022-12-12 13:02:01] [SEVERE ] removing player 2 token from slot 10
[2022-12-12 13:02:01] [SEVERE ] player 2 placing token on slot 10
[2022-12-12 13:02:01] [SEVERE ] player 2 placing token on slot 2
[2022-12-12 13:02:01] [SEVERE ] player 2 placing token on slot 8
[2022-12-12 13:02:01] [SEVERE ] removing player 2 token from slot 2
[2022-12-12 13:02:01] [SEVERE ] removing player 2 token from slot 8
[2022-12-12 13:02:01] [SEVERE ] removing player 2 token from slot 10
[2022-12-12 13:02:01] [SEVERE ] player 2 placing token on slot 7
[2022-12-12 13:02:02] [SEVERE ] player 2 placing token on slot 10
[2022-12-12 13:02:02] [SEVERE ] player 2 placing token on slot 0
[2022-12-12 13:02:02] [SEVERE ] removing player 2 token from slot 0
[2022-12-12 13:02:02] [SEVERE ] removing player 2 token from slot 7
[2022-12-12 13:02:02] [SEVERE ] removing player 2 token from slot 10
[2022-12-12 13:02:02] [SEVERE ] player 2 placing token on slot 10
[2022-12-12 13:02:02] [SEVERE ] player 2 placing token on slot 5
[2022-12-12 13:02:02] [SEVERE ] player 2 placing token on slot 1
[2022-12-12 13:02:02] [SEVERE ] removing player 2 token from slot 1
[2022-12-12 13:02:02] [SEVERE ] removing player 2 token from slot 5
[2022-12-12 13:02:02] [SEVERE ] removing player 2 token from slot 10
[2022-12-12 13:02:02] [SEVERE ] player 2 placing token on slot 7
[2022-12-12 13:02:02] [SEVERE ] player 2 placing token on slot 0
[2022-12-12 13:02:02] [SEVERE ] player 2 placing token on slot 11
[2022-12-12 13:02:02] [SEVERE ] removing player 2 token from slot 0
[2022-12-12 13:02:02] [SEVERE ] removing player 2 token from slot 7
[2022-12-12 13:02:02] [SEVERE ] removing player 2 token from slot 11
[2022-12-12 13:02:02] [SEVERE ] player 2 placing token on slot 6
[2022-12-12 13:02:02] [SEVERE ] player 2 placing token on slot 4
[2022-12-12 13:02:02] [SEVERE ] player 2 placing token on slot 0
[2022-12-12 13:02:02] [SEVERE ] removing player 2 token from slot 0
[2022-12-12 13:02:02] [SEVERE ] removing player 2 token from slot 4
[2022-12-12 13:02:02] [SEVERE ] removing player 2 token from slot 6
[2022-12-12 13:02:02] [SEVERE ] player 2 placing token on slot 10
[2022-12-12 13:02:02] [SEVERE ] player 2 placing token on slot 11
[2022-12-12 13:02:02] [SEVERE ] player 2 placing token on slot 2
[2022-12-12 13:02:02] [SEVERE ] removing player 2 token from slot 2
[2022-12-12 13:02:02] [SEVERE ] removing player 2 token from slot 10
[2022-12-12 13:02:02] [SEVERE ] removing player 2 token from slot 11
[2022-12-12 13:02:02] [SEVERE ] player 2 placing token on slot 9
[2022-12-12 13:02:02] [SEVERE ] player 2 placing token on slot 2
[2022-12-12 13:02:02] [SEVERE ] player 2 placing token on slot 4
[2022-12-12 13:02:02] [SEVERE ] removing player 2 token from slot 2
[2022-12-12 13:02:02] [SEVERE ] removing player 2 token from slot 4
[2022-12-12 13:02:02] [SEVERE ] removing player 2 token from slot 9
[2022-12-12 13:02:02] [SEVERE ] player 2 placing token on slot 10
[2022-12-12 13:02:02] [SEVERE ] player 2 placing token on slot 3
[2022-12-12 13:02:02] [SEVERE ] player 2 placing token on slot 2
[2022-12-12 13:02:02] [SEVERE ] removing player 2 token from slot 2
[2022-12-12 13:02:02] [SEVERE ] removing player 2 token from slot 3
[2022-12-12 13:02:02] [SEVERE ] removing player 2 token from slot 10
[2022-12-12 13:02:02] [SEVERE ] player 2 placing token on slot 3
[2022-12-12 13:02:02] [SEVERE ] player 2 placing token on slot 10
[2022-12-12 13:02:02] [SEVERE ] player 2 placing token on slot 5
[2022-12-12 13:02:02] [SEVERE ] removing player 2 token from slot 3
[2022-12-12 13:02:02] [SEVERE ] removing player 2 token from slot 5
[2022-12-12 13:02:02] [SEVERE ] removing player 2 token from slot 10
[2022-12-12 13:02:02] [SEVERE ] player 2 placing token on slot 3
[2022-12-12 13:02:02] [SEVERE ] player 2 placing token on slot 1
[2022-12-12 13:02:02] [SEVERE ] player 2 placing token on slot 6
[2022-12-12 13:02:02] [SEVERE ] removing player 2 token from slot 1
[2022-12-12 13:02:02] [SEVERE ] removing player 2 token from slot 3
[2022-12-12 13:02:02] [SEVERE ] removing player 2 token from slot 6
[2022-12-12 13:02:02] [SEVERE ] player 2 placing token on slot 10
[2022-12-12 13:02:02] [SEVERE ] player 2 placing token on slot 7
[2022-12-12 13:02:02] [SEVERE ] player 2 placing token on slot 2
[2022-12-12 13:02:02] [SEVERE ] removing player 2 token from slot 2
[2022-12-12 13:02:02] [SEVERE ] removing player 2 token from slot 7
[2022-12-12 13:02:02] [SEVERE ] removing player 2 token from slot 10
[2022-12-12 13:02:02] [SEVERE ] player 2 placing token on slot 5
[2022-12-12 13:02:02] [SEVERE ] player 2 placing token on slot 6
[2022-12-12 13:02:02] [SEVERE ] player 2 placing token on slot 4
[2022-12-12 13:02:02] [SEVERE ] removing player 2 token from slot 4
[2022-12-12 13:02:02] [SEVERE ] removing player 2 token from slot 5
[2022-12-12 13:02:02] [SEVERE ] removing player 2 token from slot 6
[2022-12-12 13:02:03] [SEVERE ] player 2 placing token on slot 2
[2022-12-12 13:02:03] [SEVERE ] player 2 placing token on slot 7
[2022-12-12 13:02:03] [SEVERE ] player 2 placing token on slot 10
[2022-12-12 13:02:03] [SEVERE ] removing player 2 token from slot 2
[2022-12-12 13:02:03] [SEVERE ] removing player 2 token from slot 7
[2022-12-12 13:02:03] [SEVERE ] removing player 2 token from slot 10
[2022-12-12 13:02:03] [SEVERE ] player 2 placing token on slot 7
[2022-12-12 13:02:03] [SEVERE ] player 2 placing token on slot 2
[2022-12-12 13:02:03] [SEVERE ] player 2 placing token on slot 10
[2022-12-12 13:02:03] [SEVERE ] removing player 2 token from slot 2
[2022-12-12 13:02:03] [SEVERE ] removing player 2 token from slot 7
[2022-12-12 13:02:03] [SEVERE ] removing player 2 token from slot 10
[2022-12-12 13:02:03] [SEVERE ] player 2 placing token on slot 9
[2022-12-12 13:02:03] [SEVERE ] player 2 placing token on slot 4
[2022-12-12 13:02:03] [SEVERE ] player 2 placing token on slot 5
[2022-12-12 13:02:03] [SEVERE ] removing player 2 token from slot 4
[2022-12-12 13:02:03] [SEVERE ] removing player 2 token from slot 5
[2022-12-12 13:02:03] [SEVERE ] removing player 2 token from slot 9
[2022-12-12 13:02:03] [SEVERE ] player 2 placing token on slot 8
[2022-12-12 13:02:03] [SEVERE ] player 2 placing token on slot 0
[2022-12-12 13:02:03] [SEVERE ] player 2 placing token on slot 7
[2022-12-12 13:02:03] [SEVERE ] removing player 2 token from slot 0
[2022-12-12 13:02:03] [SEVERE ] removing player 2 token from slot 7
[2022-12-12 13:02:03] [SEVERE ] removing player 2 token from slot 8
[2022-12-12 13:02:03] [SEVERE ] player 2 placing token on slot 11
[2022-12-12 13:02:03] [SEVERE ] player 2 placing token on slot 5
[2022-12-12 13:02:03] [SEVERE ] player 2 placing token on slot 4
[2022-12-12 13:02:03] [SEVERE ] removing player 2 token from slot 4
[2022-12-12 13:02:03] [SEVERE ] removing player 2 token from slot 5
[2022-12-12 13:02:03] [SEVERE ] removing player 2 token from slot 11
[2022-12-12 13:02:03] [SEVERE ] player 2 placing token on slot 10
[2022-12-12 13:02:03] [SEVERE ] player 2 placing token on slot 4
[2022-12-12 13:02:03] [SEVERE ] player 2 placing token on slot 2
[2022-12-12 13:02:03] [SEVERE ] removing player 2 token from slot 2
[2022-12-12 13:02:03] [SEVERE ] removing player 2 token from slot 4
[2022-12-12 13:02:03] [SEVERE ] removing player 2 token from slot 10
[2022-12-12 13:02:03] [SEVERE ] player 2 placing token on slot 2
[2022-12-12 13:02:03] [SEVERE ] player 2 placing token on slot 3
[2022-12-12 13:02:03] [SEVERE ] player 2 placing token on slot 7
[2022-12-12 13:02:03] [SEVERE ] removing player 2 token from slot 2
[2022-12-12 13:02:03] [SEVERE ] removing player 2 token from slot 3
[2022-12-12 13:02:03] [SEVERE ] removing player 2 token from slot 7
[2022-12-12 13:02:03] [SEVERE ] player 2 placing token on slot 3
[2022-12-12 13:02:03] [SEVERE ] player 2 placing token on slot 0
[2022-12-12 13:02:03] [SEVERE ] player 2 placing token on slot 11
[2022-12-12 13:02:03] [SEVERE ] removing player 2 token from slot 0
[2022-12-12 13:02:03] [SEVERE ] removing player 2 token from slot 3
[2022-12-12 13:02:03] [SEVERE ] removing player 2 token from slot 11
[2022-12-12 13:02:03] [SEVERE ] player 2 placing token on slot 11
[2022-12-12 13:02:03] [SEVERE ] player 2 placing token on slot 3
[2022-12-12 13:02:03] [SEVERE ] player 2 placing token on slot 2
[2022-12-12 13:02:03] [SEVERE ] removing player 2 token from slot 2
[2022-12-12 13:02:03] [SEVERE ] removing player 2 token from slot 3
[2022-12-12 13:02:03] [SEVERE ] removing player 2 token from slot 11
[2022-12-12 13:02:03] [SEVERE ] player 2 placing token on slot 1
[2022-12-12 13:02:03] [SEVERE ] player 2 placing token on slot 9
[2022-12-12 13:02:03] [SEVERE ] player 2 placing token on slot 0
[2022-12-12 13:02:03] [SEVERE ] removing player 2 token from slot 0
[2022-12-12 13:02:03] [SEVERE ] removing player 2 token from slot 1
[2022-12-12 13:02:03] [SEVERE ] removing player 2 token from slot 9
[2022-12-12 13:02:03] [SEVERE ] player 2 placing token on slot 4
[2022-12-12 13:02:03] [SEVERE ] player 2 placing token on slot 11
[2022-12-12 13:02:04] [SEVERE ] player 2 placing token on slot 2
[2022-12-12 13:02:04] [SEVERE ] removing player 2 token from slot 2
[2022-12-12 13:02:04] [SEVERE ] removing player 2 token from slot 4
[2022-12-12 13:02:04] [SEVERE ] removing player 2 token from slot 11
[2022-12-12 13:02:04] [SEVERE ] player 2 placing token on slot 0
[2022-12-12 13:02:04] [SEVERE ] player 2 placing token on slot 3
[2022-12-12 13:02:04] [SEVERE ] player 2 placing token on slot 7
[2022-12-12 13:02:04] [SEVERE ] removing player 2 token from slot 0
[2022-12-12 13:02:04] [SEVERE ] removing player 2 token from slot 3
[2022-12-12 13:02:04] [SEVERE ] removing player 2 token from slot 7
[2022-12-12 13:02:04] [SEVERE ] player 2 placing token on slot 7
[2022-12-12 13:02:04] [SEVERE ] player 2 placing token on slot 11
[2022-12-12 13:02:04] [SEVERE ] player 2 placing token on slot 5
[2022-12-12 13:02:04] [SEVERE ] removing player 2 token from slot 5
[2022-12-12 13:02:04] [SEVERE ] removing player 2 token from slot 7
[2022-12-12 13:02:04] [SEVERE ] removing player 2 token from slot 11
[2022-12-12 13:02:04] [SEVERE ] player 2 placing token on slot 4
[2022-12-12 13:02:04] [SEVERE ] player 2 placing token on slot 5
[2022-12-12 13:02:04] [SEVERE ] player 2 placing token on slot 0
[2022-12-12 13:02:04] [SEVERE ] removing player 2 token from slot 0
[2022-12-12 13:02:04] [SEVERE ] removing player 2 token from slot 4
[2022-12-12 13:02:04] [SEVERE ] removing player 2 token from slot 5
[2022-12-12 13:02:04] [SEVERE ] player 2 placing token on slot 5
[2022-12-12 13:02:04] [SEVERE ] player 2 placing token on slot 9
[2022-12-12 13:02:04] [SEVERE ] player 2 placing token on slot 3
[2022-12-12 13:02:04] [SEVERE ] setting player 2 score to 2
[2022-12-12 13:02:04] [SEVERE ] player 2 placing token on slot 8
[2022-12-12 13:02:04] [SEVERE ] player 2 placing token on slot 7
[2022-12-12 13:02:04] [SEVERE ] player 2 placing token on slot 0
[2022-12-12 13:02:04] [SEVERE ] removing tokens from slot 3
[2022-12-12 13:02:04] [SEVERE ] removing card from slot 3
[2022-12-12 13:02:04] [SEVERE ] removing tokens from slot 5
[2022-12-12 13:02:04] [SEVERE ] removing card from slot 5
[2022-12-12 13:02:04] [SEVERE ] removing tokens from slot 9
[2022-12-12 13:02:04] [SEVERE ] removing card from slot 9
[2022-12-12 13:02:04] [SEVERE ] placing card 29 in slot 3
[2022-12-12 13:02:04] [SEVERE ] placing card 46 in slot 5
[2022-12-12 13:02:05] [SEVERE ] placing card 38 in slot 9
[2022-12-12 13:02:05] [SEVERE ] removing player 2 token from slot 0
[2022-12-12 13:02:05] [SEVERE ] removing player 2 token from slot 7
[2022-12-12 13:02:05] [SEVERE ] removing player 2 token from slot 8
[2022-12-12 13:02:05] [SEVERE ] player 2 placing token on slot 9
[2022-12-12 13:02:05] [SEVERE ] player 2 placing token on slot 10
[2022-12-12 13:02:05] [SEVERE ] player 2 placing token on slot 8
[2022-12-12 13:02:05] [SEVERE ] removing player 2 token from slot 8
[2022-12-12 13:02:05] [SEVERE ] removing player 2 token from slot 9
[2022-12-12 13:02:05] [SEVERE ] removing player 2 token from slot 10
[2022-12-12 13:02:05] [SEVERE ] player 2 placing token on slot 6
[2022-12-12 13:02:05] [SEVERE ] player 2 placing token on slot 3
[2022-12-12 13:02:05] [SEVERE ] player 2 placing token on slot 2
[2022-12-12 13:02:05] [SEVERE ] removing player 2 token from slot 2
[2022-12-12 13:02:05] [SEVERE ] removing player 2 token from slot 3
[2022-12-12 13:02:05] [SEVERE ] removing player 2 token from slot 6
[2022-12-12 13:02:05] [SEVERE ] player 2 placing token on slot 9
[2022-12-12 13:02:05] [SEVERE ] player 2 placing token on slot 8
[2022-12-12 13:02:05] [SEVERE ] player 2 placing token on slot 5
[2022-12-12 13:02:05] [SEVERE ] removing player 2 token from slot 5
[2022-12-12 13:02:05] [SEVERE ] removing player 2 token from slot 8
[2022-12-12 13:02:05] [SEVERE ] removing player 2 token from slot 9
[2022-12-12 13:02:05] [SEVERE ] player 2 placing token on slot 7
[2022-12-12 13:02:05] [SEVERE ] player 2 placing token on slot 0
[2022-12-12 13:02:05] [SEVERE ] player 2 placing token on slot 9
[2022-12-12 13:02:05] [SEVERE ] removing player 2 token from slot 0
[2022-12-12 13:02:05] [SEVERE ] removing player 2 token from slot 7
[2022-12-12 13:02:05] [SEVERE ] removing player 2 token from slot 9
[2022-12-12 13:02:05] [SEVERE ] player 2 placing token on slot 4
[2022-12-12 13:02:05] [SEVERE ] player 2 placing token on slot 0
[2022-12-12 13:02:05] [SEVERE ] player 2 placing token on slot 3
[2022-12-12 13:02:05] [SEVERE ] removing player 2 token from slot 0
[2022-12-12 13:02:05] [SEVERE ] removing player 2 token from slot 3
[2022-12-12 13:02:05] [SEVERE ] removing player 2 token from slot 4
[2022-12-12 13:02:05] [SEVERE ] player 2 placing token on slot 9
[2022-12-12 13:02:05] [SEVERE ] player 2 placing token on slot 0
[2022-12-12 13:02:05] [SEVERE ] player 2 placing token on slot 10
[2022-12-12 13:02:05] [SEVERE ] removing player 2 token from slot 0
[2022-12-12 13:02:05] [SEVERE ] removing player 2 token from slot 9
[2022-12-12 13:02:05] [SEVERE ] removing player 2 token from slot 10
[2022-12-12 13:02:05] [SEVERE ] player 2 placing token on slot 10
[2022-12-12 13:02:05] [SEVERE ] player 2 placing token on slot 2
[2022-12-12 13:02:05] [SEVERE ] player 2 placing token on slot 11
[2022-12-12 13:02:05] [SEVERE ] removing player 2 token from slot 2
[2022-12-12 13:02:05] [SEVERE ] removing player 2 token from slot 10
[2022-12-12 13:02:05] [SEVERE ] removing player 2 token from slot 11
[2022-12-12 13:02:05] [SEVERE ] player 2 placing token on slot 5
[2022-12-12 13:02:05] [SEVERE ] player 2 placing token on slot 3
[2022-12-12 13:02:05] [SEVERE ] player 2 placing token on slot 7
[2022-12-12 13:02:05] [SEVERE ] removing player 2 token from slot 3
[2022-12-12 13:02:05] [SEVERE ] removing player 2 token from slot 5
[2022-12-12 13:02:05] [SEVERE ] removing player 2 token from slot 7
[2022-12-12 13:02:05] [SEVERE ] player 2 placing token on slot 9
[2022-12-12 13:02:05] [SEVERE ] player 2 placing token on slot 8
[2022-12-12 13:02:05] [SEVERE ] player 2 placing token on slot 6
[2022-12-12 13:02:05] [SEVERE ] removing player 2 token from slot 6
[2022-12-12 13:02:05] [SEVERE ] removing player 2 token from slot 8
[2022-12-12 13:02:05] [SEVERE ] removing player 2 token from slot 9
[2022-12-12 13:02:05] [SEVERE ] player 2 placing token on slot 10
[2022-12-12 13:02:05] [SEVERE ] player 2 placing token on slot 0
[2022-12-12 13:02:05] [SEVERE ] player 2 placing token on slot 4
[2022-12-12 13:02:05] [SEVERE ] removing player 2 token from slot 0
[2022-12-12 13:02:05] [SEVERE ] removing player 2 token from slot 4
[2022-12-12 13:02:05] [SEVERE ] removing player 2 token from slot 10
[2022-12-12 13:02:05] [SEVERE ] player 2 placing token on slot 1
[2022-12-12 13:02:05] [SEVERE ] player 2 placing token on slot 5
[2022-12-12 13:02:06] [SEVERE ] player 2 placing token on slot 6
[2022-12-12 13:02:06] [SEVERE ] removing player 2 token from slot 1
[2022-12-12 13:02:06] [SEVERE ] removing player 2 token from slot 5
[2022-12-12 13:02:06] [SEVERE ] removing player 2 token from slot 6
[2022-12-12 13:02:06] [SEVERE ] player 2 placing token on slot 5
[2022-12-12 13:02:06] [SEVERE ] player 2 placing token on slot 9
[2022-12-12 13:02:06] [SEVERE ] player 2 placing token on slot 8
[2022-12-12 13:02:06] [SEVERE ] removing player 2 token from slot 5
[2022-12-12 13:02:06] [SEVERE ] removing player 2 token from slot 8
[2022-12-12 13:02:06] [SEVERE ] removing player 2 token from slot 9
[2022-12-12 13:02:06] [SEVERE ] player 2 placing token on slot 8
[2022-12-12 13:02:06] [SEVERE ] player 2 placing token on slot 0
[2022-12-12 13:02:06] [SEVERE ] player 2 placing token on slot 10
[2022-12-12 13:02:06] [SEVERE ] removing player 2 token from slot 0
[2022-12-12 13:02:06] [SEVERE ] removing player 2 token from slot 8
[2022-12-12 13:02:06] [SEVERE ] removing player 2 token from slot 10
[2022-12-12 13:02:06] [SEVERE ] player 2 placing token on slot 10
[2022-12-12 13:02:06] [SEVERE ] player 2 placing token on slot 5
[2022-12-12 13:02:06] [SEVERE ] player 2 placing token on slot 3
[2022-12-12 13:02:06] [SEVERE ] removing player 2 token from slot 3
[2022-12-12 13:02:06] [SEVERE ] removing player 2 token from slot 5
[2022-12-12 13:02:06] [SEVERE ] removing player 2 token from slot 10
[2022-12-12 13:02:06] [SEVERE ] player 2 placing token on slot 0
[2022-12-12 13:02:06] [SEVERE ] player 2 placing token on slot 10
[2022-12-12 13:02:06] [SEVERE ] player 2 placing token on slot 2
[2022-12-12 13:02:06] [SEVERE ] removing player 2 token from slot 0
[2022-12-12 13:02:06] [SEVERE ] removing player 2 token from slot 2
[2022-12-12 13:02:06] [SEVERE ] removing player 2 token from slot 10
[2022-12-12 13:02:06] [SEVERE ] player 2 placing token on slot 0
[2022-12-12 13:02:06] [SEVERE ] player 2 placing token on slot 4
[2022-12-12 13:02:06] [SEVERE ] player 2 placing token on slot 10
[2022-12-12 13:02:06] [SEVERE ] removing player 2 token from slot 0
[2022-12-12 13:02:06] [SEVERE ] removing player 2 token from slot 4
[2022-12-12 13:02:06] [SEVERE ] removing player 2 token from slot 10
[2022-12-12 13:02:06] [SEVERE ] player 2 placing token on slot 10
[2022-12-12 13:02:06] [SEVERE ] player 2 placing token on slot 5
[2022-12-12 13:02:06] [SEVERE ] player 2 placing token on slot 1
[2022-12-12 13:02:06] [SEVERE ] removing player 2 token from slot 1
[2022-12-12 13:02:06] [SEVERE ] removing player 2 token from slot 5
[2022-12-12 13:02:06] [SEVERE ] removing player 2 token from slot 10
[2022-12-12 13:02:06] [SEVERE ] player 2 placing token on slot 10
[2022-12-12 13:02:06] [SEVERE ] player 2 placing token on slot 3
[2022-12-12 13:02:06] [SEVERE ] player 2 placing token on slot 2
[2022-12-12 13:02:06] [SEVERE ] removing player 2 token from slot 2
[2022-12-12 13:02:06] [SEVERE ] removing player 2 token from slot 3
[2022-12-12 13:02:06] [SEVERE ] removing player 2 token from slot 10
[2022-12-12 13:02:06] [SEVERE ] player 2 placing token on slot 5
[2022-12-12 13:02:06] [SEVERE ] player 2 placing token on slot 8
[2022-12-12 13:02:06] [SEVERE ] player 2 placing token on slot 9
[2022-12-12 13:02:06] [SEVERE ] removing player 2 token from slot 5
[2022-12-12 13:02:06] [SEVERE ] removing player 2 token from slot 8
[2022-12-12 13:02:06] [SEVERE ] removing player 2 token from slot 9
[2022-12-12 13:02:06] [SEVERE ] player 2 placing token on slot 11
[2022-12-12 13:02:06] [SEVERE ] player 2 placing token on slot 6
[2022-12-12 13:02:06] [SEVERE ] player 2 placing token on slot 3
[2022-12-12 13:02:06] [SEVERE ] removing player 2 token from slot 3
[2022-12-12 13:02:06] [SEVERE ] removing player 2 token from slot 6
[2022-12-12 13:02:06] [SEVERE ] removing player 2 token from slot 11
[2022-12-12 13:02:06] [SEVERE ] player 2 placing token on slot 1
[2022-12-12 13:02:06] [SEVERE ] player 2 placing token on slot 3
[2022-12-12 13:02:06] [SEVERE ] player 2 placing token on slot 8
[2022-12-12 13:02:06] [SEVERE ] removing player 2 token from slot 1
[2022-12-12 13:02:06] [SEVERE ] removing player 2 token from slot 3
[2022-12-12 13:02:06] [SEVERE ] removing player 2 token from slot 8
[2022-12-12 13:02:06] [SEVERE ] player 2 placing token on slot 8
[2022-12-12 13:02:06] [SEVERE ] player 2 placing token on slot 0
[2022-12-12 13:02:07] [SEVERE ] player 2 placing token on slot 10
[2022-12-12 13:02:07] [SEVERE ] removing player 2 token from slot 0
[2022-12-12 13:02:07] [SEVERE ] removing player 2 token from slot 8
[2022-12-12 13:02:07] [SEVERE ] removing player 2 token from slot 10
[2022-12-12 13:02:07] [SEVERE ] player 2 placing token on slot 10
[2022-12-12 13:02:07] [SEVERE ] player 2 placing token on slot 8
[2022-12-12 13:02:07] [SEVERE ] player 2 placing token on slot 4
[2022-12-12 13:02:07] [SEVERE ] removing player 2 token from slot 4
[2022-12-12 13:02:07] [SEVERE ] removing player 2 token from slot 8
[2022-12-12 13:02:07] [SEVERE ] removing player 2 token from slot 10
[2022-12-12 13:02:07] [SEVERE ] player 2 placing token on slot 11
[2022-12-12 13:02:07] [SEVERE ] player 2 placing token on slot 9
[2022-12-12 13:02:07] [SEVERE ] player 2 placing token on slot 3
[2022-12-12 13:02:07] [SEVERE ] removing player 2 token from slot 3
[2022-12-12 13:02:07] [SEVERE ] removing player 2 token from slot 9
[2022-12-12 13:02:07] [SEVERE ] removing player 2 token from slot 11
[2022-12-12 13:02:07] [SEVERE ] player 2 placing token on slot 5
[2022-12-12 13:02:07] [SEVERE ] player 2 placing token on slot 2
[2022-12-12 13:02:07] [SEVERE ] player 2 placing token on slot 3
[2022-12-12 13:02:07] [SEVERE ] removing player 2 token from slot 2
[2022-12-12 13:02:07] [SEVERE ] removing player 2 token from slot 3
[2022-12-12 13:02:07] [SEVERE ] removing player 2 token from slot 5
[2022-12-12 13:02:07] [SEVERE ] player 2 placing token on slot 2
[2022-12-12 13:02:07] [SEVERE ] player 2 placing token on slot 11
[2022-12-12 13:02:07] [SEVERE ] player 2 placing token on slot 5
[2022-12-12 13:02:07] [SEVERE ] removing player 2 token from slot 2
[2022-12-12 13:02:07] [SEVERE ] removing player 2 token from slot 5
[2022-12-12 13:02:07] [SEVERE ] removing player 2 token from slot 11
[2022-12-12 13:02:07] [SEVERE ] player 2 placing token on slot 3
[2022-12-12 13:02:07] [SEVERE ] player 2 placing token on slot 11
[2022-12-12 13:02:07] [SEVERE ] player 2 placing token on slot 10
[2022-12-12 13:02:07] [SEVERE ] removing player 2 token from slot 3
[2022-12-12 13:02:07] [SEVERE ] removing player 2 token from slot 10
[2022-12-12 13:02:07] [SEVERE ] removing player 2 token from slot 11
[2022-12-12 13:02:07] [SEVERE ] player 2 placing token on slot 6
[2022-12-12 13:02:07] [SEVERE ] player 2 placing token on slot 5
[2022-12-12 13:02:07] [SEVERE ] player 2 placing token on slot 0
[2022-12-12 13:02:07] [SEVERE ] removing player 2 token from slot 0
[2022-12-12 13:02:07] [SEVERE ] removing player 2 token from slot 5
[2022-12-12 13:02:07] [SEVERE ] removing player 2 token from slot 6
[2022-12-12 13:02:07] [SEVERE ] player 2 placing token on slot 11
[2022-12-12 13:02:07] [SEVERE ] player 2 placing token on slot 4
[2022-12-12 13:02:07] [SEVERE ] player 2 placing token on slot 1
[2022-12-12 13:02:07] [SEVERE ] removing player 2 token from slot 1
[2022-12-12 13:02:07] [SEVERE ] removing player 2 token from slot 4
[2022-12-12 13:02:07] [SEVERE ] removing player 2 token from slot 11
[2022-12-12 13:02:07] [SEVERE ] player 2 placing token on slot 1
[2022-12-12 13:02:07] [SEVERE ] player 2 placing token on slot 7
[2022-12-12 13:02:07] [SEVERE ] player 2 placing token on slot 9
[2022-12-12 13:02:07] [SEVERE ] removing player 2 token from slot 1
[2022-12-12 13:02:07] [SEVERE ] removing player 2 token from slot 7
[2022-12-12 13:02:07] [SEVERE ] removing player 2 token from slot 9
[2022-12-12 13:02:07] [SEVERE ] player 2 placing token on slot 0
[2022-12-12 13:02:07] [SEVERE ] player 2 placing token on slot 7
[2022-12-12 13:02:07] [SEVERE ] player 2 placing token on slot 8
[2022-12-12 13:02:07] [SEVERE ] removing player 2 token from slot 0
[2022-12-12 13:02:07] [SEVERE ] removing player 2 token from slot 7
[2022-12-12 13:02:07] [SEVERE ] removing player 2 token from slot 8
[2022-12-12 13:02:07] [SEVERE ] player 2 placing token on slot 8
[2022-12-12 13:02:07] [SEVERE ] player 2 placing token on slot 6
[2022-12-12 13:02:07] [SEVERE ] player 2 placing token on slot 0
[2022-12-12 13:02:07] [SEVERE ] removing player 2 token from slot 0
[2022-12-12 13:02:07] [SEVERE ] removing player 2 token from slot 6
[2022-12-12 13:02:07] [SEVERE ] removing player 2 token from slot 8
[2022-12-12 13:02:07] [SEVERE ] player 2 placing token on slot 1
[2022-12-12 13:02:08] [SEVERE ] player 2 placing token on slot 7
[2022-12-12 13:02:08] [SEVERE ] player 2 placing token on slot 0
[2022-12-12 13:02:08] [SEVERE ] removing player 2 token from slot 0
[2022-12-12 13:02:08] [SEVERE ] removing player 2 token from slot 1
[2022-12-12 13:02:08] [SEVERE ] removing player 2 token from slot 7
[2022-12-12 13:02:08] [SEVERE ] player 2 placing token on slot 3
[2022-12-12 13:02:08] [SEVERE ] player 2 placing token on slot 1
[2022-12-12 13:02:08] [SEVERE ] player 2 placing token on slot 6
[2022-12-12 13:02:08] [SEVERE ] removing player 2 token from slot 1
[2022-12-12 13:02:08] [SEVERE ] removing player 2 token from slot 3
[2022-12-12 13:02:08] [SEVERE ] removing player 2 token from slot 6
[2022-12-12 13:02:08] [SEVERE ] player 2 placing token on slot 5
[2022-12-12 13:02:08] [SEVERE ] player 2 placing token on slot 8
[2022-12-12 13:02:08] [SEVERE ] player 2 placing token on slot 6
[2022-12-12 13:02:08] [SEVERE ] setting player 2 score to 3
[2022-12-12 13:02:08] [SEVERE ] player 2 placing token on slot 4
[2022-12-12 13:02:08] [SEVERE ] player 2 placing token on slot 7
[2022-12-12 13:02:08] [SEVERE ] player 2 placing token on slot 10
[2022-12-12 13:02:08] [SEVERE ] removing tokens from slot 5
[2022-12-12 13:02:08] [SEVERE ] removing card from slot 5
[2022-12-12 13:02:08] [SEVERE ] removing tokens from slot 6
[2022-12-12 13:02:08] [SEVERE ] removing card from slot 6
[2022-12-12 13:02:08] [SEVERE ] removing tokens from slot 8
[2022-12-12 13:02:08] [SEVERE ] removing card from slot 8
[2022-12-12 13:02:08] [SEVERE ] placing card 12 in slot 5
[2022-12-12 13:02:08] [SEVERE ] placing card 33 in slot 6
[2022-12-12 13:02:08] [SEVERE ] placing card 73 in slot 8
[2022-12-12 13:02:08] [SEVERE ] removing player 2 token from slot 4
[2022-12-12 13:02:08] [SEVERE ] removing player 2 token from slot 7
[2022-12-12 13:02:08] [SEVERE ] removing player 2 token from slot 10
[2022-12-12 13:02:08] [SEVERE ] player 2 placing token on slot 0
[2022-12-12 13:02:08] [SEVERE ] player 2 placing token on slot 10
[2022-12-12 13:02:08] [SEVERE ] player 2 placing token on slot 5
[2022-12-12 13:02:08] [SEVERE ] removing player 2 token from slot 0
[2022-12-12 13:02:08] [SEVERE ] removing player 2 token from slot 5
[2022-12-12 13:02:08] [SEVERE ] removing player 2 token from slot 10
[2022-12-12 13:02:08] [SEVERE ] player 2 placing token on slot 4
[2022-12-12 13:02:08] [SEVERE ] player 2 placing token on slot 10
[2022-12-12 13:02:09] [SEVERE ] player 2 placing token on slot 6
[2022-12-12 13:02:09] [SEVERE ] removing player 2 token from slot 4
[2022-12-12 13:02:09] [SEVERE ] removing player 2 token from slot 6
[2022-12-12 13:02:09] [SEVERE ] removing player 2 token from slot 10
[2022-12-12 13:02:09] [SEVERE ] player 2 placing token on slot 0
[2022-12-12 13:02:09] [SEVERE ] player 2 placing token on slot 2
[2022-12-12 13:02:09] [SEVERE ] player 2 placing token on slot 8
[2022-12-12 13:02:09] [SEVERE ] removing player 2 token from slot 0
[2022-12-12 13:02:09] [SEVERE ] removing player 2 token from slot 2
[2022-12-12 13:02:09] [SEVERE ] removing player 2 token from slot 8
[2022-12-12 13:02:09] [SEVERE ] player 2 placing token on slot 8
[2022-12-12 13:02:09] [SEVERE ] player 2 placing token on slot 3
[2022-12-12 13:02:09] [SEVERE ] player 2 placing token on slot 5
[2022-12-12 13:02:09] [SEVERE ] removing player 2 token from slot 3
[2022-12-12 13:02:09] [SEVERE ] removing player 2 token from slot 5
[2022-12-12 13:02:09] [SEVERE ] removing player 2 token from slot 8
[2022-12-12 13:02:09] [SEVERE ] player 2 placing token on slot 3
[2022-12-12 13:02:09] [SEVERE ] player 2 placing token on slot 1
[2022-12-12 13:02:09] [SEVERE ] player 2 placing token on slot 8
[2022-12-12 13:02:09] [SEVERE ] removing player 2 token from slot 1
[2022-12-12 13:02:09] [SEVERE ] removing player 2 token from slot 3
[2022-12-12 13:02:09] [SEVERE ] removing player 2 token from slot 8
[2022-12-12 13:02:09] [SEVERE ] player 2 placing token on slot 7
[2022-12-12 13:02:09] [SEVERE ] player 2 placing token on slot 0
[2022-12-12 13:02:09] [SEVERE ] player 2 placing token on slot 8
[2022-12-12 13:02:09] [SEVERE ] removing player 2 token from slot 0
[2022-12-12 13:02:09] [SEVERE ] removing player 2 token from slot 7
[2022-12-12 13:02:09] [SEVERE ] removing player 2 token from slot 8
[2022-12-12 13:02:09] [SEVERE ] player 2 placing token on slot 6
[2022-12-12 13:02:09] [SEVERE ] player 2 placing token on slot 10
[2022-12-12 13:02:09] [SEVERE ] player 2 placing token on slot 7
[2022-12-12 13:02:09] [SEVERE ] removing player 2 token from slot 6
[2022-12-12 13:02:09] [SEVERE ] removing player 2 token from slot 7
[2022-12-12 13:02:09] [SEVERE ] removing player 2 token from slot 10
[2022-12-12 13:02:09] [SEVERE ] player 2 placing token on slot 3
[2022-12-12 13:02:09] [SEVERE ] player 2 placing token on slot 6
[2022-12-12 13:02:09] [SEVERE ] player 2 placing token on slot 7
[2022-12-12 13:02:09] [SEVERE ] removing player 2 token from slot 3
[2022-12-12 13:02:09] [SEVERE ] removing player 2 token from slot 6
[2022-12-12 13:02:09] [SEVERE ] removing player 2 token from slot 7
[2022-12-12 13:02:09] [SEVERE ] player 2 placing token on slot 8
[2022-12-12 13:02:09] [SEVERE ] player 2 placing token on slot 3
[2022-12-12 13:02:09] [SEVERE ] player 2 placing token on slot 6
[2022-12-12 13:02:09] [SEVERE ] removing player 2 token from slot 3
[2022-12-12 13:02:09] [SEVERE ] removing player 2 token from slot 6
[2022-12-12 13:02:09] [SEVERE ] removing player 2 token from slot 8
[2022-12-12 13:02:09] [SEVERE ] player 2 placing token on slot 11
[2022-12-12 13:02:09] [SEVERE ] player 2 placing token on slot 0
[2022-12-12 13:02:09] [SEVERE ] player 2 placing token on slot 9
[2022-12-12 13:02:09] [SEVERE ] removing player 2 token from slot 0
[2022-12-12 13:02:09] [SEVERE ] removing player 2 token from slot 9
[2022-12-12 13:02:09] [SEVERE ] removing player 2 token from slot 11
[2022-12-12 13:02:09] [SEVERE ] player 2 placing token on slot 11
[2022-12-12 13:02:09] [SEVERE ] player 2 placing token on slot 10
[2022-12-12 13:02:09] [SEVERE ] player 2 placing token on slot 7
[2022-12-12 13:02:09] [SEVERE ] removing player 2 token from slot 7
[2022-12-12 13:02:09] [SEVERE ] removing player 2 token from slot 10
[2022-12-12 13:02:09] [SEVERE ] removing player 2 token from slot 11
[2022-12-12 13:02:09] [SEVERE ] player 2 placing token on slot 4
[2022-12-12 13:02:09] [SEVERE ] player 2 placing token on slot 0
[2022-12-12 13:02:09] [SEVERE ] player 2 placing token on slot 6
[2022-12-12 13:02:09] [SEVERE ] removing player 2 token from slot 0
[2022-12-12 13:02:09] [SEVERE ] removing player 2 token from slot 4
[2022-12-12 13:02:09] [SEVERE ] removing player 2 token from slot 6
[2022-12-12 13:02:09] [SEVERE ] player 2 placing token on slot 1
[2022-12-12 13:02:09] [SEVERE ] player 2 placing token on slot 4
[2022-12-12 13:02:10] [SEVERE ] player 2 placing token on slot 0
[2022-12-12 13:02:10] [SEVERE ] removing player 2 token from slot 0
[2022-12-12 13:02:10] [SEVERE ] removing player 2 token from slot 1
[2022-12-12 13:02:10] [SEVERE ] removing player 2 token from slot 4
[2022-12-12 13:02:10] [SEVERE ] player 2 placing token on slot 3
[2022-12-12 13:02:10] [SEVERE ] player 2 placing token on slot 4
[2022-12-12 13:02:10] [SEVERE ] player 2 placing token on slot 7
[2022-12-12 13:02:10] [SEVERE ] removing player 2 token from slot 3
[2022-12-12 13:02:10] [SEVERE ] removing player 2 token from slot 4
[2022-12-12 13:02:10] [SEVERE ] removing player 2 token from slot 7
[2022-12-12 13:02:10] [SEVERE ] player 2 placing token on slot 8
[2022-12-12 13:02:10] [SEVERE ] player 2 placing token on slot 9
[2022-12-12 13:02:10] [SEVERE ] player 2 placing token on slot 0
[2022-12-12 13:02:10] [SEVERE ] removing player 2 token from slot 0
[2022-12-12 13:02:10] [SEVERE ] removing player 2 token from slot 8
[2022-12-12 13:02:10] [SEVERE ] removing player 2 token from slot 9
[2022-12-12 13:02:10] [SEVERE ] player 2 placing token on slot 7
[2022-12-12 13:02:10] [SEVERE ] player 2 placing token on slot 2
[2022-12-12 13:02:10] [SEVERE ] player 2 placing token on slot 1
[2022-12-12 13:02:10] [SEVERE ] removing player 2 token from slot 1
[2022-12-12 13:02:10] [SEVERE ] removing player 2 token from slot 2
[2022-12-12 13:02:10] [SEVERE ] removing player 2 token from slot 7
[2022-12-12 13:02:10] [SEVERE ] player 2 placing token on slot 9
[2022-12-12 13:02:10] [SEVERE ] player 2 placing token on slot 0
[2022-12-12 13:02:10] [SEVERE ] player 2 placing token on slot 2
[2022-12-12 13:02:10] [SEVERE ] removing player 2 token from slot 0
[2022-12-12 13:02:10] [SEVERE ] removing player 2 token from slot 2
[2022-12-12 13:02:10] [SEVERE ] removing player 2 token from slot 9
[2022-12-12 13:02:10] [SEVERE ] player 2 placing token on slot 2
[2022-12-12 13:02:10] [SEVERE ] player 2 placing token on slot 6
[2022-12-12 13:02:10] [SEVERE ] player 2 placing token on slot 0
[2022-12-12 13:02:10] [SEVERE ] removing player 2 token from slot 0
[2022-12-12 13:02:10] [SEVERE ] removing player 2 token from slot 2
[2022-12-12 13:02:10] [SEVERE ] removing player 2 token from slot 6
[2022-12-12 13:02:10] [SEVERE ] player 2 placing token on slot 0
[2022-12-12 13:02:10] [SEVERE ] player 2 placing token on slot 1
[2022-12-12 13:02:10] [SEVERE ] player 2 placing token on slot 11
[2022-12-12 13:02:10] [SEVERE ] removing player 2 token from slot 0
[2022-12-12 13:02:10] [SEVERE ] removing player 2 token from slot 1
[2022-12-12 13:02:10] [SEVERE ] removing player 2 token from slot 11
[2022-12-12 13:02:10] [SEVERE ] player 2 placing token on slot 11
[2022-12-12 13:02:10] [SEVERE ] player 2 placing token on slot 1
[2022-12-12 13:02:10] [SEVERE ] player 2 placing token on slot 2
[2022-12-12 13:02:10] [SEVERE ] removing player 2 token from slot 1
[2022-12-12 13:02:10] [SEVERE ] removing player 2 token from slot 2
[2022-12-12 13:02:10] [SEVERE ] removing player 2 token from slot 11
[2022-12-12 13:02:10] [SEVERE ] player 2 placing token on slot 4
[2022-12-12 13:02:10] [SEVERE ] player 2 placing token on slot 7
[2022-12-12 13:02:10] [SEVERE ] player 2 placing token on slot 11
[2022-12-12 13:02:10] [SEVERE ] removing player 2 token from slot 4
[2022-12-12 13:02:10] [SEVERE ] removing player 2 token from slot 7
[2022-12-12 13:02:10] [SEVERE ] removing player 2 token from slot 11
[2022-12-12 13:02:10] [SEVERE ] player 2 placing token on slot 9
[2022-12-12 13:02:10] [SEVERE ] player 2 placing token on slot 10
[2022-12-12 13:02:10] [SEVERE ] player 2 placing token on slot 7
[2022-12-12 13:02:10] [SEVERE ] removing player 2 token from slot 7
[2022-12-12 13:02:10] [SEVERE ] removing player 2 token from slot 9
[2022-12-12 13:02:10] [SEVERE ] removing player 2 token from slot 10
[2022-12-12 13:02:10] [SEVERE ] player 2 placing token on slot 6
[2022-12-12 13:02:10] [SEVERE ] player 2 placing token on slot 0
[2022-12-12 13:02:10] [SEVERE ] player 2 placing token on slot 2
[2022-12-12 13:02:10] [SEVERE ] removing player 2 token from slot 0
[2022-12-12 13:02:10] [SEVERE ] removing player 2 token from slot 2
[2022-12-12 13:02:10] [SEVERE ] removing player 2 token from slot 6
[2022-12-12 13:02:10] [SEVERE ] player 2 placing token on slot 10
[2022-12-12 13:02:10] [SEVERE ] player 2 placing token on slot 0
[2022-12-12 13:02:11] [SEVERE ] player 2 placing token on slot 1
[2022-12-12 13:02:11] [SEVERE ] removing player 2 token from slot 0
[2022-12-12 13:02:11] [SEVERE ] removing player 2 token from slot 1
[2022-12-12 13:02:11] [SEVERE ] removing player 2 token from slot 10
[2022-12-12 13:02:11] [SEVERE ] player 2 placing token on slot 10
[2022-12-12 13:02:11] [SEVERE ] player 2 placing token on slot 5
[2022-12-12 13:02:11] [SEVERE ] player 2 placing token on slot 6
[2022-12-12 13:02:11] [SEVERE ] removing player 2 token from slot 5
[2022-12-12 13:02:11] [SEVERE ] removing player 2 token from slot 6
[2022-12-12 13:02:11] [SEVERE ] removing player 2 token from slot 10
[2022-12-12 13:02:11] [SEVERE ] player 2 placing token on slot 9
[2022-12-12 13:02:11] [SEVERE ] player 2 placing token on slot 3
[2022-12-12 13:02:11] [SEVERE ] player 2 placing token on slot 2
[2022-12-12 13:02:11] [SEVERE ] removing player 2 token from slot 2
[2022-12-12 13:02:11] [SEVERE ] removing player 2 token from slot 3
[2022-12-12 13:02:11] [SEVERE ] removing player 2 token from slot 9
[2022-12-12 13:02:11] [SEVERE ] player 2 placing token on slot 5
[2022-12-12 13:02:11] [SEVERE ] player 2 placing token on slot 6
[2022-12-12 13:02:11] [SEVERE ] player 2 placing token on slot 2
[2022-12-12 13:02:11] [SEVERE ] removing player 2 token from slot 2
[2022-12-12 13:02:11] [SEVERE ] removing player 2 token from slot 5
[2022-12-12 13:02:11] [SEVERE ] removing player 2 token from slot 6
[2022-12-12 13:02:11] [SEVERE ] player 2 placing token on slot 1
[2022-12-12 13:02:11] [SEVERE ] player 2 placing token on slot 3
[2022-12-12 13:02:11] [SEVERE ] player 2 placing token on slot 6
[2022-12-12 13:02:11] [SEVERE ] removing player 2 token from slot 1
[2022-12-12 13:02:11] [SEVERE ] removing player 2 token from slot 3
[2022-12-12 13:02:11] [SEVERE ] removing player 2 token from slot 6
[2022-12-12 13:02:11] [SEVERE ] player 2 placing token on slot 5
[2022-12-12 13:02:11] [SEVERE ] player 2 placing token on slot 1
[2022-12-12 13:02:11] [SEVERE ] player 2 placing token on slot 6
[2022-12-12 13:02:11] [SEVERE ] removing player 2 token from slot 1
[2022-12-12 13:02:11] [SEVERE ] removing player 2 token from slot 5
[2022-12-12 13:02:11] [SEVERE ] removing player 2 token from slot 6
[2022-12-12 13:02:11] [SEVERE ] player 2 placing token on slot 8
[2022-12-12 13:02:11] [SEVERE ] player 2 placing token on slot 2
[2022-12-12 13:02:11] [SEVERE ] player 2 placing token on slot 6
[2022-12-12 13:02:11] [SEVERE ] removing player 2 token from slot 2
[2022-12-12 13:02:11] [SEVERE ] removing player 2 token from slot 6
[2022-12-12 13:02:11] [SEVERE ] removing player 2 token from slot 8
[2022-12-12 13:02:11] [SEVERE ] player 2 placing token on slot 5
[2022-12-12 13:02:11] [SEVERE ] player 2 placing token on slot 7
[2022-12-12 13:02:11] [SEVERE ] player 2 placing token on slot 8
[2022-12-12 13:02:11] [SEVERE ] removing player 2 token from slot 5
[2022-12-12 13:02:11] [SEVERE ] removing player 2 token from slot 7
[2022-12-12 13:02:11] [SEVERE ] removing player 2 token from slot 8
[2022-12-12 13:02:11] [SEVERE ] player 2 placing token on slot 2
[2022-12-12 13:02:11] [SEVERE ] player 2 placing token on slot 0
[2022-12-12 13:02:11] [SEVERE ] player 2 placing token on slot 7
[2022-12-12 13:02:11] [SEVERE ] removing player 2 token from slot 0
[2022-12-12 13:02:11] [SEVERE ] removing player 2 token from slot 2
[2022-12-12 13:02:11] [SEVERE ] removing player 2 token from slot 7
[2022-12-12 13:02:11] [SEVERE ] player 2 placing token on slot 4
[2022-12-12 13:02:11] [SEVERE ] player 2 placing token on slot 6
[2022-12-12 13:02:11] [SEVERE ] player 2 placing token on slot 5
[2022-12-12 13:02:11] [SEVERE ] removing player 2 token from slot 4
[2022-12-12 13:02:11] [SEVERE ] removing player 2 token from slot 5
[2022-12-12 13:02:11] [SEVERE ] removing player 2 token from slot 6
[2022-12-12 13:02:11] [SEVERE ] player 2 placing token on slot 6
[2022-12-12 13:02:11] [SEVERE ] player 2 placing token on slot 4
[2022-12-12 13:02:11] [SEVERE ] player 2 placing token on slot 9
[2022-12-12 13:02:11] [SEVERE ] removing player 2 token from slot 4
[2022-12-12 13:02:11] [SEVERE ] removing player 2 token from slot 6
[2022-12-12 13:02:11] [SEVERE ] removing player 2 token from slot 9
[2022-12-12 13:02:11] [SEVERE ] player 2 placing token on slot 6
[2022-12-12 13:02:11] [SEVERE ] player 2 placing token on slot 2
[2022-12-12 13:02:12] [SEVERE ] player 2 placing token on slot 5
[2022-12-12 13:02:12] [SEVERE ] removing player 2 token from slot 2
[2022-12-12 13:02:12] [SEVERE ] removing player 2 token from slot 5
[2022-12-12 13:02:12] [SEVERE ] removing player 2 token from slot 6
[2022-12-12 13:02:12] [SEVERE ] player 2 placing token on slot 0
[2022-12-12 13:02:12] [SEVERE ] player 2 placing token on slot 9
[2022-12-12 13:02:12] [SEVERE ] player 2 placing token on slot 7
[2022-12-12 13:02:12] [SEVERE ] removing player 2 token from slot 0
[2022-12-12 13:02:12] [SEVERE ] removing player 2 token from slot 7
[2022-12-12 13:02:12] [SEVERE ] removing player 2 token from slot 9
[2022-12-12 13:02:12] [SEVERE ] player 2 placing token on slot 9
[2022-12-12 13:02:12] [SEVERE ] player 2 placing token on slot 3
[2022-12-12 13:02:12] [SEVERE ] player 2 placing token on slot 5
[2022-12-12 13:02:12] [SEVERE ] removing player 2 token from slot 3
[2022-12-12 13:02:12] [SEVERE ] removing player 2 token from slot 5
[2022-12-12 13:02:12] [SEVERE ] removing player 2 token from slot 9
[2022-12-12 13:02:12] [SEVERE ] player 2 placing token on slot 7
[2022-12-12 13:02:12] [SEVERE ] player 2 placing token on slot 0
[2022-12-12 13:02:12] [SEVERE ] player 2 placing token on slot 3
[2022-12-12 13:02:12] [SEVERE ] removing player 2 token from slot 0
[2022-12-12 13:02:12] [SEVERE ] removing player 2 token from slot 3
[2022-12-12 13:02:12] [SEVERE ] removing player 2 token from slot 7
[2022-12-12 13:02:12] [SEVERE ] player 2 placing token on slot 11
[2022-12-12 13:02:12] [SEVERE ] player 2 placing token on slot 4
[2022-12-12 13:02:12] [SEVERE ] player 2 placing token on slot 0
[2022-12-12 13:02:12] [SEVERE ] removing player 2 token from slot 0
[2022-12-12 13:02:12] [SEVERE ] removing player 2 token from slot 4
[2022-12-12 13:02:12] [SEVERE ] removing player 2 token from slot 11
[2022-12-12 13:02:12] [SEVERE ] player 2 placing token on slot 10
[2022-12-12 13:02:12] [SEVERE ] player 2 placing token on slot 5
[2022-12-12 13:02:12] [SEVERE ] player 2 placing token on slot 4
[2022-12-12 13:02:12] [SEVERE ] removing player 2 token from slot 4
[2022-12-12 13:02:12] [SEVERE ] removing player 2 token from slot 5
[2022-12-12 13:02:12] [SEVERE ] removing player 2 token from slot 10
[2022-12-12 13:02:12] [SEVERE ] player 2 placing token on slot 5
[2022-12-12 13:02:12] [SEVERE ] player 2 placing token on slot 7
[2022-12-12 13:02:12] [SEVERE ] player 2 placing token on slot 0
[2022-12-12 13:02:12] [SEVERE ] removing player 2 token from slot 0
[2022-12-12 13:02:12] [SEVERE ] removing player 2 token from slot 5
[2022-12-12 13:02:12] [SEVERE ] removing player 2 token from slot 7
[2022-12-12 13:02:12] [SEVERE ] player 2 placing token on slot 9
[2022-12-12 13:02:12] [SEVERE ] player 2 placing token on slot 1
[2022-12-12 13:02:12] [SEVERE ] player 2 placing token on slot 4
[2022-12-12 13:02:12] [SEVERE ] removing player 2 token from slot 1
[2022-12-12 13:02:12] [SEVERE ] removing player 2 token from slot 4
[2022-12-12 13:02:12] [SEVERE ] removing player 2 token from slot 9
[2022-12-12 13:02:12] [SEVERE ] player 2 placing token on slot 2
[2022-12-12 13:02:12] [SEVERE ] player 2 placing token on slot 1
[2022-12-12 13:02:12] [SEVERE ] player 2 placing token on slot 9
[2022-12-12 13:02:12] [SEVERE ] removing player 2 token from slot 1
[2022-12-12 13:02:12] [SEVERE ] removing player 2 token from slot 2
[2022-12-12 13:02:12] [SEVERE ] removing player 2 token from slot 9
[2022-12-12 13:02:12] [SEVERE ] player 2 placing token on slot 5
[2022-12-12 13:02:12] [SEVERE ] player 2 placing token on slot 4
[2022-12-12 13:02:12] [SEVERE ] player 2 placing token on slot 2
[2022-12-12 13:02:12] [SEVERE ] removing player 2 token from slot 2
[2022-12-12 13:02:12] [SEVERE ] removing player 2 token from slot 4
[2022-12-12 13:02:12] [SEVERE ] removing player 2 token from slot 5
[2022-12-12 13:02:12] [SEVERE ] player 2 placing token on slot 1
[2022-12-12 13:02:12] [SEVERE ] player 2 placing token on slot 8
[2022-12-12 13:02:12] [SEVERE ] player 2 placing token on slot 7
[2022-12-12 13:02:12] [SEVERE ] removing player 2 token from slot 1
[2022-12-12 13:02:12] [SEVERE ] removing player 2 token from slot 7
[2022-12-12 13:02:12] [SEVERE ] removing player 2 token from slot 8
[2022-12-12 13:02:12] [SEVERE ] player 2 placing token on slot 1
[2022-12-12 13:02:12] [SEVERE ] player 2 placing token on slot 3
[2022-12-12 13:02:12] [SEVERE ] player 2 placing token on slot 8
[2022-12-12 13:02:12] [SEVERE ] removing player 2 token from slot 1
[2022-12-12 13:02:12] [SEVERE ] removing player 2 token from slot 3
[2022-12-12 13:02:12] [SEVERE ] removing player 2 token from slot 8
[2022-12-12 13:02:13] [SEVERE ] player 2 placing token on slot 0
[2022-12-12 13:02:13] [SEVERE ] player 2 placing token on slot 3
[2022-12-12 13:02:13] [SEVERE ] player 2 placing token on slot 7
[2022-12-12 13:02:13] [SEVERE ] removing player 2 token from slot 0
[2022-12-12 13:02:13] [SEVERE ] removing player 2 token from slot 3
[2022-12-12 13:02:13] [SEVERE ] removing player 2 token from slot 7
[2022-12-12 13:02:13] [SEVERE ] player 2 placing token on slot 8
[2022-12-12 13:02:13] [SEVERE ] player 2 placing token on slot 9
[2022-12-12 13:02:13] [SEVERE ] player 2 placing token on slot 1
[2022-12-12 13:02:13] [SEVERE ] removing player 2 token from slot 1
[2022-12-12 13:02:13] [SEVERE ] removing player 2 token from slot 8
[2022-12-12 13:02:13] [SEVERE ] removing player 2 token from slot 9
[2022-12-12 13:02:13] [SEVERE ] player 2 placing token on slot 2
[2022-12-12 13:02:13] [SEVERE ] player 2 placing token on slot 9
[2022-12-12 13:02:13] [SEVERE ] player 2 placing token on slot 7
[2022-12-12 13:02:13] [SEVERE ] removing player 2 token from slot 2
[2022-12-12 13:02:13] [SEVERE ] removing player 2 token from slot 7
[2022-12-12 13:02:13] [SEVERE ] removing player 2 token from slot 9
[2022-12-12 13:02:13] [SEVERE ] player 2 placing token on slot 5
[2022-12-12 13:02:13] [SEVERE ] player 2 placing token on slot 7
[2022-12-12 13:02:13] [SEVERE ] player 2 placing token on slot 9
[2022-12-12 13:02:13] [SEVERE ] removing player 2 token from slot 5
[2022-12-12 13:02:13] [SEVERE ] removing player 2 token from slot 7
[2022-12-12 13:02:13] [SEVERE ] removing player 2 token from slot 9
[2022-12-12 13:02:13] [SEVERE ] player 2 placing token on slot 5
[2022-12-12 13:02:13] [SEVERE ] player 2 placing token on slot 10
[2022-12-12 13:02:13] [SEVERE ] player 2 placing token on slot 8
[2022-12-12 13:02:13] [SEVERE ] removing player 2 token from slot 5
[2022-12-12 13:02:13] [SEVERE ] removing player 2 token from slot 8
[2022-12-12 13:02:13] [SEVERE ] removing player 2 token from slot 10
[2022-12-12 13:02:13] [SEVERE ] player 2 placing token on slot 3
[2022-12-12 13:02:13] [SEVERE ] player 2 placing token on slot 7
[2022-12-12 13:02:13] [SEVERE ] player 2 placing token on slot 8
[2022-12-12 13:02:13] [SEVERE ] removing player 2 token from slot 3
[2022-12-12 13:02:13] [SEVERE ] removing player 2 token from slot 7
[2022-12-12 13:02:13] [SEVERE ] removing player 2 token from slot 8
[2022-12-12 13:02:13] [SEVERE ] player 2 placing token on slot 3
[2022-12-12 13:02:13] [SEVERE ] player 2 placing token on slot 8
[2022-12-12 13:02:13] [SEVERE ] player 2 placing token on slot 7
[2022-12-12 13:02:13] [SEVERE ] removing player 2 token from slot 3
[2022-12-12 13:02:13] [SEVERE ] removing player 2 token from slot 7
[2022-12-12 13:02:13] [SEVERE ] removing player 2 token from slot 8
[2022-12-12 13:02:13] [SEVERE ] player 2 placing token on slot 6
[2022-12-12 13:02:13] [SEVERE ] player 2 placing token on slot 5
[2022-12-12 13:02:13] [SEVERE ] player 2 placing token on slot 2
[2022-12-12 13:02:13] [SEVERE ] removing player 2 token from slot 2
[2022-12-12 13:02:13] [SEVERE ] removing player 2 token from slot 5
[2022-12-12 13:02:13] [SEVERE ] removing player 2 token from slot 6
[2022-12-12 13:02:13] [SEVERE ] player 2 placing token on slot 1
[2022-12-12 13:02:13] [SEVERE ] player 2 placing token on slot 0
[2022-12-12 13:02:13] [SEVERE ] player 2 placing token on slot 10
[2022-12-12 13:02:13] [SEVERE ] removing player 2 token from slot 0
[2022-12-12 13:02:13] [SEVERE ] removing player 2 token from slot 1
[2022-12-12 13:02:13] [SEVERE ] removing player 2 token from slot 10
[2022-12-12 13:02:13] [SEVERE ] player 2 placing token on slot 1
[2022-12-12 13:02:13] [SEVERE ] player 2 placing token on slot 5
[2022-12-12 13:02:13] [SEVERE ] player 2 placing token on slot 10
[2022-12-12 13:02:13] [SEVERE ] removing player 2 token from slot 1
[2022-12-12 13:02:13] [SEVERE ] removing player 2 token from slot 5
[2022-12-12 13:02:13] [SEVERE ] removing player 2 token from slot 10
[2022-12-12 13:02:13] [SEVERE ] player 2 placing token on slot 3
[2022-12-12 13:02:13] [SEVERE ] player 2 placing token on slot 2
[2022-12-12 13:02:13] [SEVERE ] player 2 placing token on slot 6
[2022-12-12 13:02:13] [SEVERE ] removing player 2 token from slot 2
[2022-12-12 13:02:13] [SEVERE ] removing player 2 token from slot 3
[2022-12-12 13:02:13] [SEVERE ] removing player 2 token from slot 6
[2022-12-12 13:02:13] [SEVERE ] player 2 placing token on slot 6
[2022-12-12 13:02:13] [SEVERE ] player 2 placing token on slot 11
[2022-12-12 13:02:14] [SEVERE ] player 2 placing token on slot 1
[2022-12-12 13:02:14] [SEVERE ] removing player 2 token from slot 1
[2022-12-12 13:02:14] [SEVERE ] removing player 2 token from slot 6
[2022-12-12 13:02:14] [SEVERE ] removing player 2 token from slot 11
[2022-12-12 13:02:14] [SEVERE ] player 2 placing token on slot 9
[2022-12-12 13:02:14] [SEVERE ] player 2 placing token on slot 0
[2022-12-12 13:02:14] [SEVERE ] player 2 placing token on slot 11
[2022-12-12 13:02:14] [SEVERE ] removing player 2 token from slot 0
[2022-12-12 13:02:14] [SEVERE ] removing player 2 token from slot 9
[2022-12-12 13:02:14] [SEVERE ] removing player 2 token from slot 11
[2022-12-12 13:02:14] [SEVERE ] player 2 placing token on slot 7
[2022-12-12 13:02:14] [SEVERE ] player 2 placing token on slot 10
[2022-12-12 13:02:14] [SEVERE ] player 2 placing token on slot 5
[2022-12-12 13:02:14] [SEVERE ] removing player 2 token from slot 5
[2022-12-12 13:02:14] [SEVERE ] removing player 2 token from slot 7
[2022-12-12 13:02:14] [SEVERE ] removing player 2 token from slot 10
[2022-12-12 13:02:14] [SEVERE ] player 2 placing token on slot 6
[2022-12-12 13:02:14] [SEVERE ] player 2 placing token on slot 10
[2022-12-12 13:02:14] [SEVERE ] player 2 placing token on slot 0
[2022-12-12 13:02:14] [SEVERE ] removing player 2 token from slot 0
[2022-12-12 13:02:14] [SEVERE ] removing player 2 token from slot 6
[2022-12-12 13:02:14] [SEVERE ] removing player 2 token from slot 10
[2022-12-12 13:02:14] [SEVERE ] player 2 placing token on slot 4
[2022-12-12 13:02:14] [SEVERE ] player 2 placing token on slot 1
[2022-12-12 13:02:14] [SEVERE ] player 2 placing token on slot 9
[2022-12-12 13:02:14] [SEVERE ] removing player 2 token from slot 1
[2022-12-12 13:02:14] [SEVERE ] removing player 2 token from slot 4
[2022-12-12 13:02:14] [SEVERE ] removing player 2 token from slot 9
[2022-12-12 13:02:14] [SEVERE ] player 2 placing token on slot 4
[2022-12-12 13:02:14] [SEVERE ] player 2 placing token on slot 2
[2022-12-12 13:02:14] [SEVERE ] player 2 placing token on slot 5
[2022-12-12 13:02:14] [SEVERE ] removing player 2 token from slot 2
[2022-12-12 13:02:14] [SEVERE ] removing player 2 token from slot 4
[2022-12-12 13:02:14] [SEVERE ] removing player 2 token from slot 5
[2022-12-12 13:02:14] [SEVERE ] player 2 placing token on slot 10
[2022-12-12 13:02:14] [SEVERE ] player 2 placing token on slot 1
[2022-12-12 13:02:14] [SEVERE ] player 2 placing token on slot 6
[2022-12-12 13:02:14] [SEVERE ] removing player 2 token from slot 1
[2022-12-12 13:02:14] [SEVERE ] removing player 2 token from slot 6
[2022-12-12 13:02:14] [SEVERE ] removing player 2 token from slot 10
[2022-12-12 13:02:14] [SEVERE ] player 2 placing token on slot 4
[2022-12-12 13:02:14] [SEVERE ] player 2 placing token on slot 8
[2022-12-12 13:02:14] [SEVERE ] player 2 placing token on slot 11
[2022-12-12 13:02:14] [SEVERE ] removing player 2 token from slot 4
[2022-12-12 13:02:14] [SEVERE ] removing player 2 token from slot 8
[2022-12-12 13:02:14] [SEVERE ] removing player 2 token from slot 11
[2022-12-12 13:02:14] [SEVERE ] player 2 placing token on slot 3
[2022-12-12 13:02:14] [SEVERE ] player 2 placing token on slot 10
[2022-12-12 13:02:14] [SEVERE ] player 2 placing token on slot 5
[2022-12-12 13:02:14] [SEVERE ] removing player 2 token from slot 3
[2022-12-12 13:02:14] [SEVERE ] removing player 2 token from slot 5
[2022-12-12 13:02:14] [SEVERE ] removing player 2 token from slot 10
[2022-12-12 13:02:14] [SEVERE ] player 2 placing token on slot 5
[2022-12-12 13:02:14] [SEVERE ] player 2 placing token on slot 0
[2022-12-12 13:02:14] [SEVERE ] player 2 placing token on slot 1
[2022-12-12 13:02:14] [SEVERE ] removing player 2 token from slot 0
[2022-12-12 13:02:14] [SEVERE ] removing player 2 token from slot 1
[2022-12-12 13:02:14] [SEVERE ] removing player 2 token from slot 5
[2022-12-12 13:02:14] [SEVERE ] player 2 placing token on slot 10
[2022-12-12 13:02:14] [SEVERE ] player 2 placing token on slot 6
[2022-12-12 13:02:14] [SEVERE ] player 2 placing token on slot 3
[2022-12-12 13:02:14] [SEVERE ] removing player 2 token from slot 3
[2022-12-12 13:02:14] [SEVERE ] removing player 2 token from slot 6
[2022-12-12 13:02:14] [SEVERE ] removing player 2 token from slot 10
[2022-12-12 13:02:14] [SEVERE ] player 2 placing token on slot 5
[2022-12-12 13:02:14] [SEVERE ] player 2 placing token on slot 0
[2022-12-12 13:02:15] [SEVERE ] player 2 placing token on slot 6
[2022-12-12 13:02:15] [SEVERE ] removing player 2 token from slot 0
[2022-12-12 13:02:15] [SEVERE ] removing player 2 token from slot 5
[2022-12-12 13:02:15] [SEVERE ] removing player 2 token from slot 6
[2022-12-12 13:02:15] [SEVERE ] player 2 placing token on slot 3
[2022-12-12 13:02:15] [SEVERE ] player 2 placing token on slot 0
[2022-12-12 13:02:15] [SEVERE ] player 2 placing token on slot 4
[2022-12-12 13:02:15] [SEVERE ] removing player 2 token from slot 0
[2022-12-12 13:02:15] [SEVERE ] removing player 2 token from slot 3
[2022-12-12 13:02:15] [SEVERE ] removing player 2 token from slot 4
[2022-12-12 13:02:15] [SEVERE ] player 2 placing token on slot 1
[2022-12-12 13:02:15] [SEVERE ] player 2 placing token on slot 5
[2022-12-12 13:02:15] [SEVERE ] player 2 placing token on slot 9
[2022-12-12 13:02:15] [SEVERE ] removing player 2 token from slot 1
[2022-12-12 13:02:15] [SEVERE ] removing player 2 token from slot 5
[2022-12-12 13:02:15] [SEVERE ] removing player 2 token from slot 9
[2022-12-12 13:02:15] [SEVERE ] player 2 placing token on slot 5
[2022-12-12 13:02:15] [SEVERE ] player 2 placing token on slot 9
[2022-12-12 13:02:15] [SEVERE ] player 2 placing token on slot 8
[2022-12-12 13:02:15] [SEVERE ] removing player 2 token from slot 5
[2022-12-12 13:02:15] [SEVERE ] removing player 2 token from slot 8
[2022-12-12 13:02:15] [SEVERE ] removing player 2 token from slot 9
[2022-12-12 13:02:15] [SEVERE ] player 2 placing token on slot 0
[2022-12-12 13:02:15] [SEVERE ] player 2 placing token on slot 3
[2022-12-12 13:02:15] [SEVERE ] player 2 placing token on slot 11
[2022-12-12 13:02:15] [SEVERE ] removing player 2 token from slot 0
[2022-12-12 13:02:15] [SEVERE ] removing player 2 token from slot 3
[2022-12-12 13:02:15] [SEVERE ] removing player 2 token from slot 11
[2022-12-12 13:02:15] [SEVERE ] player 2 placing token on slot 4
[2022-12-12 13:02:15] [SEVERE ] player 2 placing token on slot 11
[2022-12-12 13:02:15] [SEVERE ] player 2 placing token on slot 3
[2022-12-12 13:02:15] [SEVERE ] removing player 2 token from slot 3
[2022-12-12 13:02:15] [SEVERE ] removing player 2 token from slot 4
[2022-12-12 13:02:15] [SEVERE ] removing player 2 token from slot 11
[2022-12-12 13:02:15] [SEVERE ] player 2 placing token on slot 3
[2022-12-12 13:02:15] [SEVERE ] player 2 placing token on slot 9
[2022-12-12 13:02:15] [SEVERE ] player 2 placing token on slot 11
[2022-12-12 13:02:15] [SEVERE ] removing player 2 token from slot 3
[2022-12-12 13:02:15] [SEVERE ] removing player 2 token from slot 9
[2022-12-12 13:02:15] [SEVERE ] removing player 2 token from slot 11
[2022-12-12 13:02:15] [SEVERE ] player 2 placing token on slot 9
[2022-12-12 13:02:15] [SEVERE ] player 2 placing token on slot 7
[2022-12-12 13:02:15] [SEVERE ] player 2 placing token on slot 2
[2022-12-12 13:02:15] [SEVERE ] removing player 2 token from slot 2
[2022-12-12 13:02:15] [SEVERE ] removing player 2 token from slot 7
[2022-12-12 13:02:15] [SEVERE ] removing player 2 token from slot 9
[2022-12-12 13:02:15] [SEVERE ] player 2 placing token on slot 10
[2022-12-12 13:02:15] [SEVERE ] player 2 placing token on slot 6
[2022-12-12 13:02:15] [SEVERE ] player 2 placing token on slot 2
[2022-12-12 13:02:15] [SEVERE ] setting player 2 score to 4
[2022-12-12 13:02:15] [SEVERE ] player 2 placing token on slot 6
[2022-12-12 13:02:15] [SEVERE ] player 2 placing token on slot 9
[2022-12-12 13:02:15] [SEVERE ] player 2 placing token on slot 8
[2022-12-12 13:02:15] [SEVERE ] removing tokens from slot 2
[2022-12-12 13:02:15] [SEVERE ] removing card from slot 2
[2022-12-12 13:02:15] [SEVERE ] removing tokens from slot 6
[2022-12-12 13:02:15] [SEVERE ] removing card from slot 6
[2022-12-12 13:02:16] [SEVERE ] removing tokens from slot 10
[2022-12-12 13:02:16] [SEVERE ] removing card from slot 10
[2022-12-12 13:02:16] [SEVERE ] placing card 31 in slot 2
[2022-12-12 13:02:16] [SEVERE ] placing card 57 in slot 6
[2022-12-12 13:02:16] [SEVERE ] placing card 75 in slot 10
