[2022-12-10 11:16:26] [INFO   ] cannot read configuration file config.properties trying from resources.
[2022-12-10 11:16:26] [INFO   ] configuration file was loaded from resources directory.
[2022-12-10 11:16:27] [INFO   ] Thread Thread-0starting.
[2022-12-10 11:16:27] [INFO   ] Thread Thread-2starting.
[2022-12-10 11:16:27] [INFO   ] Thread Thread-1starting.
[2022-12-10 11:16:27] [INFO   ] Thread dealer starting.
[2022-12-10 11:16:27] [INFO   ] Thread computer-2 starting.
[2022-12-10 11:16:27] [SEVERE ] placing card 7 in slot 0
[2022-12-10 11:16:27] [SEVERE ] placing card 37 in slot 1
[2022-12-10 11:16:27] [SEVERE ] placing card 28 in slot 2
[2022-12-10 11:16:27] [SEVERE ] placing card 58 in slot 3
[2022-12-10 11:16:27] [SEVERE ] placing card 50 in slot 4
[2022-12-10 11:16:27] [SEVERE ] placing card 63 in slot 5
[2022-12-10 11:16:28] [SEVERE ] placing card 21 in slot 6
[2022-12-10 11:16:28] [SEVERE ] placing card 29 in slot 7
[2022-12-10 11:16:28] [SEVERE ] placing card 61 in slot 8
[2022-12-10 11:16:28] [SEVERE ] placing card 34 in slot 9
[2022-12-10 11:16:28] [SEVERE ] placing card 32 in slot 10
[2022-12-10 11:16:28] [SEVERE ] placing card 14 in slot 11
[2022-12-10 11:17:28] [SEVERE ] removing tokens from slot 0
[2022-12-10 11:17:28] [SEVERE ] removing card from slot 0
[2022-12-10 11:17:28] [SEVERE ] removing tokens from slot 1
[2022-12-10 11:17:28] [SEVERE ] removing card from slot 1
[2022-12-10 11:17:28] [SEVERE ] removing tokens from slot 2
[2022-12-10 11:17:28] [SEVERE ] removing card from slot 2
[2022-12-10 11:17:29] [SEVERE ] removing tokens from slot 3
[2022-12-10 11:17:29] [SEVERE ] removing card from slot 3
[2022-12-10 11:17:29] [SEVERE ] removing tokens from slot 4
[2022-12-10 11:17:29] [SEVERE ] removing card from slot 4
[2022-12-10 11:17:29] [SEVERE ] removing tokens from slot 5
[2022-12-10 11:17:29] [SEVERE ] removing card from slot 5
[2022-12-10 11:17:29] [SEVERE ] removing tokens from slot 6
[2022-12-10 11:17:29] [SEVERE ] removing card from slot 6
[2022-12-10 11:17:29] [SEVERE ] removing tokens from slot 7
[2022-12-10 11:17:29] [SEVERE ] removing card from slot 7
[2022-12-10 11:17:29] [SEVERE ] removing tokens from slot 8
[2022-12-10 11:17:29] [SEVERE ] removing card from slot 8
[2022-12-10 11:17:29] [SEVERE ] removing tokens from slot 9
[2022-12-10 11:17:29] [SEVERE ] removing card from slot 9
[2022-12-10 11:17:29] [SEVERE ] removing tokens from slot 10
[2022-12-10 11:17:29] [SEVERE ] removing card from slot 10
[2022-12-10 11:17:29] [SEVERE ] removing tokens from slot 11
[2022-12-10 11:17:29] [SEVERE ] removing card from slot 11
[2022-12-10 11:17:30] [SEVERE ] placing card 14 in slot 0
[2022-12-10 11:17:30] [SEVERE ] placing card 59 in slot 1
[2022-12-10 11:17:30] [SEVERE ] placing card 49 in slot 2
[2022-12-10 11:17:30] [SEVERE ] placing card 50 in slot 3
[2022-12-10 11:17:30] [SEVERE ] placing card 10 in slot 4
[2022-12-10 11:17:30] [SEVERE ] placing card 25 in slot 5
[2022-12-10 11:17:30] [SEVERE ] placing card 39 in slot 6
[2022-12-10 11:17:30] [SEVERE ] placing card 54 in slot 7
[2022-12-10 11:17:30] [SEVERE ] placing card 9 in slot 8
[2022-12-10 11:17:31] [SEVERE ] placing card 69 in slot 9
[2022-12-10 11:17:31] [SEVERE ] placing card 68 in slot 10
[2022-12-10 11:17:31] [SEVERE ] placing card 48 in slot 11
