[2022-12-12 16:19:07] [INFO   ] cannot read configuration file config.properties trying from resources.
[2022-12-12 16:19:07] [INFO   ] configuration file was loaded from resources directory.
[2022-12-12 16:19:07] [INFO   ] Thread dealer starting.
[2022-12-12 16:19:07] [INFO   ] Thread Thread-0starting.
[2022-12-12 16:19:07] [INFO   ] Thread Thread-1starting.
[2022-12-12 16:19:08] [SEVERE ] placing card 44 in slot 0
[2022-12-12 16:19:08] [SEVERE ] placing card 25 in slot 1
[2022-12-12 16:19:08] [SEVERE ] placing card 43 in slot 2
[2022-12-12 16:19:08] [SEVERE ] placing card 29 in slot 3
[2022-12-12 16:19:08] [SEVERE ] placing card 59 in slot 4
[2022-12-12 16:19:08] [SEVERE ] placing card 26 in slot 5
[2022-12-12 16:19:08] [SEVERE ] placing card 58 in slot 6
[2022-12-12 16:19:08] [SEVERE ] placing card 36 in slot 7
[2022-12-12 16:19:08] [SEVERE ] placing card 15 in slot 8
[2022-12-12 16:19:08] [SEVERE ] placing card 10 in slot 9
[2022-12-12 16:19:09] [SEVERE ] placing card 19 in slot 10
[2022-12-12 16:19:09] [SEVERE ] placing card 40 in slot 11
[2022-12-12 16:19:11] [SEVERE ] Key 81 was pressed by player 0
[2022-12-12 16:19:11] [SEVERE ] player 0 placing token on slot 0
[2022-12-12 16:19:11] [SEVERE ] Key 87 was pressed by player 0
[2022-12-12 16:19:11] [SEVERE ] player 0 placing token on slot 1
[2022-12-12 16:19:12] [SEVERE ] Key 69 was pressed by player 0
[2022-12-12 16:19:12] [SEVERE ] player 0 placing token on slot 2
[2022-12-12 16:19:18] [SEVERE ] Key 81 was pressed by player 0
[2022-12-12 16:19:21] [SEVERE ] removing player 0 token from slot 0
