[2022-12-12 21:47:31] [INFO   ] cannot read configuration file config.properties trying from resources.
[2022-12-12 21:47:31] [INFO   ] configuration file was loaded from resources directory.
[2022-12-12 21:47:32] [INFO   ] Thread Thread-0starting.
[2022-12-12 21:47:32] [INFO   ] Thread Thread-2starting.
[2022-12-12 21:47:32] [INFO   ] Thread dealer starting.
[2022-12-12 21:47:32] [INFO   ] Thread Thread-1starting.
[2022-12-12 21:47:32] [INFO   ] Thread computer-2 starting.
[2022-12-12 21:47:32] [SEVERE ] placing card 10 in slot 0
[2022-12-12 21:47:32] [SEVERE ] placing card 27 in slot 1
[2022-12-12 21:47:32] [SEVERE ] placing card 57 in slot 2
[2022-12-12 21:47:32] [SEVERE ] placing card 32 in slot 3
[2022-12-12 21:47:32] [SEVERE ] placing card 43 in slot 4
[2022-12-12 21:47:32] [SEVERE ] placing card 31 in slot 5
[2022-12-12 21:47:32] [SEVERE ] placing card 49 in slot 6
[2022-12-12 21:47:33] [SEVERE ] placing card 33 in slot 7
[2022-12-12 21:47:33] [SEVERE ] placing card 16 in slot 8
[2022-12-12 21:47:33] [SEVERE ] placing card 41 in slot 9
[2022-12-12 21:47:33] [SEVERE ] placing card 80 in slot 10
[2022-12-12 21:47:33] [SEVERE ] placing card 71 in slot 11
[2022-12-12 21:47:33] [SEVERE ] player 2 placing token on slot 1
[2022-12-12 21:47:33] [SEVERE ] player 2 placing token on slot 10
[2022-12-12 21:47:33] [SEVERE ] player 2 placing token on slot 5
[2022-12-12 21:47:33] [SEVERE ] removing player 2 token from slot 1
[2022-12-12 21:47:33] [SEVERE ] removing player 2 token from slot 5
[2022-12-12 21:47:33] [SEVERE ] removing player 2 token from slot 10
[2022-12-12 21:47:33] [SEVERE ] player 2 placing token on slot 0
[2022-12-12 21:47:33] [SEVERE ] player 2 placing token on slot 9
[2022-12-12 21:47:33] [SEVERE ] player 2 placing token on slot 1
[2022-12-12 21:47:33] [SEVERE ] removing player 2 token from slot 0
[2022-12-12 21:47:33] [SEVERE ] removing player 2 token from slot 1
[2022-12-12 21:47:33] [SEVERE ] removing player 2 token from slot 9
[2022-12-12 21:47:33] [SEVERE ] player 2 placing token on slot 6
[2022-12-12 21:47:33] [SEVERE ] player 2 placing token on slot 9
[2022-12-12 21:47:33] [SEVERE ] player 2 placing token on slot 3
[2022-12-12 21:47:33] [SEVERE ] removing player 2 token from slot 3
[2022-12-12 21:47:33] [SEVERE ] removing player 2 token from slot 6
[2022-12-12 21:47:33] [SEVERE ] removing player 2 token from slot 9
[2022-12-12 21:47:33] [SEVERE ] player 2 placing token on slot 5
[2022-12-12 21:47:33] [SEVERE ] player 2 placing token on slot 11
[2022-12-12 21:47:33] [SEVERE ] player 2 placing token on slot 4
[2022-12-12 21:47:33] [SEVERE ] removing player 2 token from slot 4
[2022-12-12 21:47:33] [SEVERE ] removing player 2 token from slot 5
[2022-12-12 21:47:33] [SEVERE ] removing player 2 token from slot 11
[2022-12-12 21:47:33] [SEVERE ] player 2 placing token on slot 7
[2022-12-12 21:47:33] [SEVERE ] player 2 placing token on slot 11
[2022-12-12 21:47:33] [SEVERE ] player 2 placing token on slot 4
[2022-12-12 21:47:33] [SEVERE ] removing player 2 token from slot 4
[2022-12-12 21:47:33] [SEVERE ] removing player 2 token from slot 7
[2022-12-12 21:47:33] [SEVERE ] removing player 2 token from slot 11
[2022-12-12 21:47:33] [SEVERE ] player 2 placing token on slot 0
[2022-12-12 21:47:33] [SEVERE ] player 2 placing token on slot 1
[2022-12-12 21:47:34] [SEVERE ] player 2 placing token on slot 9
[2022-12-12 21:47:34] [SEVERE ] removing player 2 token from slot 0
[2022-12-12 21:47:34] [SEVERE ] removing player 2 token from slot 1
[2022-12-12 21:47:34] [SEVERE ] removing player 2 token from slot 9
[2022-12-12 21:47:34] [SEVERE ] player 2 placing token on slot 10
[2022-12-12 21:47:34] [SEVERE ] player 2 placing token on slot 4
[2022-12-12 21:47:34] [SEVERE ] player 2 placing token on slot 7
[2022-12-12 21:47:34] [SEVERE ] removing player 2 token from slot 4
[2022-12-12 21:47:34] [SEVERE ] removing player 2 token from slot 7
[2022-12-12 21:47:34] [SEVERE ] removing player 2 token from slot 10
[2022-12-12 21:47:34] [SEVERE ] player 2 placing token on slot 1
[2022-12-12 21:47:34] [SEVERE ] player 2 placing token on slot 7
[2022-12-12 21:47:34] [SEVERE ] player 2 placing token on slot 5
[2022-12-12 21:47:34] [SEVERE ] removing player 2 token from slot 1
[2022-12-12 21:47:34] [SEVERE ] removing player 2 token from slot 5
[2022-12-12 21:47:34] [SEVERE ] removing player 2 token from slot 7
[2022-12-12 21:47:34] [SEVERE ] player 2 placing token on slot 1
[2022-12-12 21:47:34] [SEVERE ] player 2 placing token on slot 10
[2022-12-12 21:47:34] [SEVERE ] player 2 placing token on slot 3
[2022-12-12 21:47:34] [SEVERE ] removing player 2 token from slot 1
[2022-12-12 21:47:34] [SEVERE ] removing player 2 token from slot 3
[2022-12-12 21:47:34] [SEVERE ] removing player 2 token from slot 10
[2022-12-12 21:47:34] [SEVERE ] player 2 placing token on slot 6
[2022-12-12 21:47:34] [SEVERE ] player 2 placing token on slot 10
[2022-12-12 21:47:34] [SEVERE ] player 2 placing token on slot 3
[2022-12-12 21:47:34] [SEVERE ] removing player 2 token from slot 3
[2022-12-12 21:47:34] [SEVERE ] removing player 2 token from slot 6
[2022-12-12 21:47:34] [SEVERE ] removing player 2 token from slot 10
[2022-12-12 21:47:34] [SEVERE ] player 2 placing token on slot 7
[2022-12-12 21:47:34] [SEVERE ] player 2 placing token on slot 0
[2022-12-12 21:47:34] [SEVERE ] player 2 placing token on slot 6
[2022-12-12 21:47:34] [SEVERE ] removing player 2 token from slot 0
[2022-12-12 21:47:34] [SEVERE ] removing player 2 token from slot 6
[2022-12-12 21:47:34] [SEVERE ] removing player 2 token from slot 7
[2022-12-12 21:47:34] [SEVERE ] player 2 placing token on slot 6
[2022-12-12 21:47:34] [SEVERE ] player 2 placing token on slot 1
[2022-12-12 21:47:34] [SEVERE ] player 2 placing token on slot 8
[2022-12-12 21:47:34] [SEVERE ] removing player 2 token from slot 1
[2022-12-12 21:47:34] [SEVERE ] removing player 2 token from slot 6
[2022-12-12 21:47:34] [SEVERE ] removing player 2 token from slot 8
[2022-12-12 21:47:34] [SEVERE ] player 2 placing token on slot 8
[2022-12-12 21:47:34] [SEVERE ] player 2 placing token on slot 9
[2022-12-12 21:47:34] [SEVERE ] player 2 placing token on slot 6
[2022-12-12 21:47:34] [SEVERE ] removing player 2 token from slot 6
[2022-12-12 21:47:34] [SEVERE ] removing player 2 token from slot 8
[2022-12-12 21:47:34] [SEVERE ] removing player 2 token from slot 9
[2022-12-12 21:47:34] [SEVERE ] player 2 placing token on slot 10
[2022-12-12 21:47:34] [SEVERE ] player 2 placing token on slot 5
[2022-12-12 21:47:34] [SEVERE ] player 2 placing token on slot 7
[2022-12-12 21:47:34] [SEVERE ] removing player 2 token from slot 5
[2022-12-12 21:47:34] [SEVERE ] removing player 2 token from slot 7
[2022-12-12 21:47:34] [SEVERE ] removing player 2 token from slot 10
[2022-12-12 21:47:34] [SEVERE ] player 2 placing token on slot 1
[2022-12-12 21:47:34] [SEVERE ] player 2 placing token on slot 9
[2022-12-12 21:47:34] [SEVERE ] player 2 placing token on slot 4
[2022-12-12 21:47:34] [SEVERE ] removing player 2 token from slot 1
[2022-12-12 21:47:34] [SEVERE ] removing player 2 token from slot 4
[2022-12-12 21:47:34] [SEVERE ] removing player 2 token from slot 9
[2022-12-12 21:47:34] [SEVERE ] player 2 placing token on slot 4
[2022-12-12 21:47:34] [SEVERE ] player 2 placing token on slot 8
[2022-12-12 21:47:34] [SEVERE ] player 2 placing token on slot 11
[2022-12-12 21:47:34] [SEVERE ] removing player 2 token from slot 4
[2022-12-12 21:47:34] [SEVERE ] removing player 2 token from slot 8
[2022-12-12 21:47:34] [SEVERE ] removing player 2 token from slot 11
[2022-12-12 21:47:34] [SEVERE ] player 2 placing token on slot 9
[2022-12-12 21:47:34] [SEVERE ] player 2 placing token on slot 11
[2022-12-12 21:47:34] [SEVERE ] player 2 placing token on slot 4
[2022-12-12 21:47:34] [SEVERE ] removing player 2 token from slot 4
[2022-12-12 21:47:34] [SEVERE ] removing player 2 token from slot 9
[2022-12-12 21:47:34] [SEVERE ] removing player 2 token from slot 11
[2022-12-12 21:47:34] [SEVERE ] player 2 placing token on slot 7
[2022-12-12 21:47:35] [SEVERE ] player 2 placing token on slot 9
[2022-12-12 21:47:35] [SEVERE ] player 2 placing token on slot 0
[2022-12-12 21:47:35] [SEVERE ] removing player 2 token from slot 0
[2022-12-12 21:47:35] [SEVERE ] removing player 2 token from slot 7
[2022-12-12 21:47:35] [SEVERE ] removing player 2 token from slot 9
[2022-12-12 21:47:35] [SEVERE ] player 2 placing token on slot 9
[2022-12-12 21:47:35] [SEVERE ] player 2 placing token on slot 11
[2022-12-12 21:47:35] [SEVERE ] player 2 placing token on slot 6
[2022-12-12 21:47:35] [SEVERE ] removing player 2 token from slot 6
[2022-12-12 21:47:35] [SEVERE ] removing player 2 token from slot 9
[2022-12-12 21:47:35] [SEVERE ] removing player 2 token from slot 11
[2022-12-12 21:47:35] [SEVERE ] player 2 placing token on slot 1
[2022-12-12 21:47:35] [SEVERE ] player 2 placing token on slot 6
[2022-12-12 21:47:35] [SEVERE ] player 2 placing token on slot 11
[2022-12-12 21:47:35] [SEVERE ] removing player 2 token from slot 1
[2022-12-12 21:47:35] [SEVERE ] removing player 2 token from slot 6
[2022-12-12 21:47:35] [SEVERE ] removing player 2 token from slot 11
[2022-12-12 21:47:35] [SEVERE ] player 2 placing token on slot 9
[2022-12-12 21:47:35] [SEVERE ] player 2 placing token on slot 2
[2022-12-12 21:47:35] [SEVERE ] player 2 placing token on slot 6
[2022-12-12 21:47:35] [SEVERE ] removing player 2 token from slot 2
[2022-12-12 21:47:35] [SEVERE ] removing player 2 token from slot 6
[2022-12-12 21:47:35] [SEVERE ] removing player 2 token from slot 9
[2022-12-12 21:47:35] [SEVERE ] player 2 placing token on slot 1
[2022-12-12 21:47:35] [SEVERE ] player 2 placing token on slot 8
[2022-12-12 21:47:35] [SEVERE ] player 2 placing token on slot 6
[2022-12-12 21:47:35] [SEVERE ] removing player 2 token from slot 1
[2022-12-12 21:47:35] [SEVERE ] removing player 2 token from slot 6
[2022-12-12 21:47:35] [SEVERE ] removing player 2 token from slot 8
[2022-12-12 21:47:35] [SEVERE ] player 2 placing token on slot 2
[2022-12-12 21:47:35] [SEVERE ] player 2 placing token on slot 3
[2022-12-12 21:47:35] [SEVERE ] player 2 placing token on slot 6
[2022-12-12 21:47:35] [SEVERE ] removing player 2 token from slot 2
[2022-12-12 21:47:35] [SEVERE ] removing player 2 token from slot 3
[2022-12-12 21:47:35] [SEVERE ] removing player 2 token from slot 6
[2022-12-12 21:47:35] [SEVERE ] player 2 placing token on slot 8
[2022-12-12 21:47:35] [SEVERE ] player 2 placing token on slot 3
[2022-12-12 21:47:35] [SEVERE ] player 2 placing token on slot 10
[2022-12-12 21:47:35] [SEVERE ] removing player 2 token from slot 3
[2022-12-12 21:47:35] [SEVERE ] removing player 2 token from slot 8
[2022-12-12 21:47:35] [SEVERE ] removing player 2 token from slot 10
[2022-12-12 21:47:35] [SEVERE ] player 2 placing token on slot 5
[2022-12-12 21:47:35] [SEVERE ] player 2 placing token on slot 2
[2022-12-12 21:47:35] [SEVERE ] player 2 placing token on slot 8
[2022-12-12 21:47:35] [SEVERE ] removing player 2 token from slot 2
[2022-12-12 21:47:35] [SEVERE ] removing player 2 token from slot 5
[2022-12-12 21:47:35] [SEVERE ] removing player 2 token from slot 8
[2022-12-12 21:47:35] [SEVERE ] player 2 placing token on slot 0
[2022-12-12 21:47:35] [SEVERE ] player 2 placing token on slot 11
[2022-12-12 21:47:35] [SEVERE ] player 2 placing token on slot 2
[2022-12-12 21:47:35] [SEVERE ] removing player 2 token from slot 0
[2022-12-12 21:47:35] [SEVERE ] removing player 2 token from slot 2
[2022-12-12 21:47:35] [SEVERE ] removing player 2 token from slot 11
[2022-12-12 21:47:35] [SEVERE ] player 2 placing token on slot 2
[2022-12-12 21:47:35] [SEVERE ] player 2 placing token on slot 3
[2022-12-12 21:47:35] [SEVERE ] player 2 placing token on slot 11
[2022-12-12 21:47:35] [SEVERE ] removing player 2 token from slot 2
[2022-12-12 21:47:35] [SEVERE ] removing player 2 token from slot 3
[2022-12-12 21:47:35] [SEVERE ] removing player 2 token from slot 11
[2022-12-12 21:47:35] [SEVERE ] player 2 placing token on slot 0
[2022-12-12 21:47:35] [SEVERE ] player 2 placing token on slot 8
[2022-12-12 21:47:35] [SEVERE ] player 2 placing token on slot 11
[2022-12-12 21:47:35] [SEVERE ] removing player 2 token from slot 0
[2022-12-12 21:47:35] [SEVERE ] removing player 2 token from slot 8
[2022-12-12 21:47:35] [SEVERE ] removing player 2 token from slot 11
[2022-12-12 21:47:35] [SEVERE ] player 2 placing token on slot 2
[2022-12-12 21:47:35] [SEVERE ] player 2 placing token on slot 4
[2022-12-12 21:47:35] [SEVERE ] player 2 placing token on slot 7
[2022-12-12 21:47:35] [SEVERE ] removing player 2 token from slot 2
[2022-12-12 21:47:35] [SEVERE ] removing player 2 token from slot 4
[2022-12-12 21:47:35] [SEVERE ] removing player 2 token from slot 7
[2022-12-12 21:47:36] [SEVERE ] player 2 placing token on slot 2
[2022-12-12 21:47:36] [SEVERE ] player 2 placing token on slot 0
[2022-12-12 21:47:36] [SEVERE ] player 2 placing token on slot 7
[2022-12-12 21:47:36] [SEVERE ] removing player 2 token from slot 0
[2022-12-12 21:47:36] [SEVERE ] removing player 2 token from slot 2
[2022-12-12 21:47:36] [SEVERE ] removing player 2 token from slot 7
[2022-12-12 21:47:36] [SEVERE ] player 2 placing token on slot 7
[2022-12-12 21:47:36] [SEVERE ] player 2 placing token on slot 3
[2022-12-12 21:47:36] [SEVERE ] player 2 placing token on slot 4
[2022-12-12 21:47:36] [SEVERE ] removing player 2 token from slot 3
[2022-12-12 21:47:36] [SEVERE ] removing player 2 token from slot 4
[2022-12-12 21:47:36] [SEVERE ] removing player 2 token from slot 7
[2022-12-12 21:47:36] [SEVERE ] player 2 placing token on slot 2
[2022-12-12 21:47:36] [SEVERE ] player 2 placing token on slot 8
[2022-12-12 21:47:36] [SEVERE ] player 2 placing token on slot 1
[2022-12-12 21:47:36] [SEVERE ] removing player 2 token from slot 1
[2022-12-12 21:47:36] [SEVERE ] removing player 2 token from slot 2
[2022-12-12 21:47:36] [SEVERE ] removing player 2 token from slot 8
[2022-12-12 21:47:36] [SEVERE ] player 2 placing token on slot 10
[2022-12-12 21:47:36] [SEVERE ] player 2 placing token on slot 3
[2022-12-12 21:47:36] [SEVERE ] player 2 placing token on slot 11
[2022-12-12 21:47:36] [SEVERE ] removing player 2 token from slot 3
[2022-12-12 21:47:36] [SEVERE ] removing player 2 token from slot 10
[2022-12-12 21:47:36] [SEVERE ] removing player 2 token from slot 11
[2022-12-12 21:47:36] [SEVERE ] player 2 placing token on slot 5
[2022-12-12 21:47:36] [SEVERE ] player 2 placing token on slot 2
[2022-12-12 21:47:36] [SEVERE ] player 2 placing token on slot 3
[2022-12-12 21:47:36] [SEVERE ] removing player 2 token from slot 2
[2022-12-12 21:47:36] [SEVERE ] removing player 2 token from slot 3
[2022-12-12 21:47:36] [SEVERE ] removing player 2 token from slot 5
[2022-12-12 21:47:36] [SEVERE ] player 2 placing token on slot 2
[2022-12-12 21:47:36] [SEVERE ] player 2 placing token on slot 8
[2022-12-12 21:47:36] [SEVERE ] player 2 placing token on slot 3
[2022-12-12 21:47:36] [SEVERE ] removing player 2 token from slot 2
[2022-12-12 21:47:36] [SEVERE ] removing player 2 token from slot 3
[2022-12-12 21:47:36] [SEVERE ] removing player 2 token from slot 8
[2022-12-12 21:47:36] [SEVERE ] player 2 placing token on slot 2
[2022-12-12 21:47:36] [SEVERE ] player 2 placing token on slot 10
[2022-12-12 21:47:36] [SEVERE ] player 2 placing token on slot 9
[2022-12-12 21:47:36] [SEVERE ] removing player 2 token from slot 2
[2022-12-12 21:47:36] [SEVERE ] removing player 2 token from slot 9
[2022-12-12 21:47:36] [SEVERE ] removing player 2 token from slot 10
[2022-12-12 21:47:36] [SEVERE ] player 2 placing token on slot 9
[2022-12-12 21:47:36] [SEVERE ] player 2 placing token on slot 2
[2022-12-12 21:47:36] [SEVERE ] player 2 placing token on slot 5
[2022-12-12 21:47:36] [SEVERE ] removing player 2 token from slot 2
[2022-12-12 21:47:36] [SEVERE ] removing player 2 token from slot 5
[2022-12-12 21:47:36] [SEVERE ] removing player 2 token from slot 9
[2022-12-12 21:47:36] [SEVERE ] player 2 placing token on slot 11
[2022-12-12 21:47:36] [SEVERE ] player 2 placing token on slot 1
[2022-12-12 21:47:36] [SEVERE ] player 2 placing token on slot 9
[2022-12-12 21:47:36] [SEVERE ] removing player 2 token from slot 1
[2022-12-12 21:47:36] [SEVERE ] removing player 2 token from slot 9
[2022-12-12 21:47:36] [SEVERE ] removing player 2 token from slot 11
[2022-12-12 21:47:36] [SEVERE ] player 2 placing token on slot 10
[2022-12-12 21:47:36] [SEVERE ] player 2 placing token on slot 0
[2022-12-12 21:47:36] [SEVERE ] player 2 placing token on slot 2
[2022-12-12 21:47:36] [SEVERE ] removing player 2 token from slot 0
[2022-12-12 21:47:36] [SEVERE ] removing player 2 token from slot 2
[2022-12-12 21:47:36] [SEVERE ] removing player 2 token from slot 10
[2022-12-12 21:47:36] [SEVERE ] player 2 placing token on slot 4
[2022-12-12 21:47:36] [SEVERE ] player 2 placing token on slot 8
[2022-12-12 21:47:36] [SEVERE ] player 2 placing token on slot 0
[2022-12-12 21:47:36] [SEVERE ] removing player 2 token from slot 0
[2022-12-12 21:47:36] [SEVERE ] removing player 2 token from slot 4
[2022-12-12 21:47:36] [SEVERE ] removing player 2 token from slot 8
[2022-12-12 21:47:37] [SEVERE ] player 2 placing token on slot 7
[2022-12-12 21:47:37] [SEVERE ] player 2 placing token on slot 3
[2022-12-12 21:47:37] [SEVERE ] player 2 placing token on slot 2
[2022-12-12 21:47:37] [SEVERE ] removing player 2 token from slot 2
[2022-12-12 21:47:37] [SEVERE ] removing player 2 token from slot 3
[2022-12-12 21:47:37] [SEVERE ] removing player 2 token from slot 7
[2022-12-12 21:47:37] [SEVERE ] player 2 placing token on slot 5
[2022-12-12 21:47:37] [SEVERE ] player 2 placing token on slot 7
[2022-12-12 21:47:37] [SEVERE ] player 2 placing token on slot 9
[2022-12-12 21:47:37] [SEVERE ] removing player 2 token from slot 5
[2022-12-12 21:47:37] [SEVERE ] removing player 2 token from slot 7
[2022-12-12 21:47:37] [SEVERE ] removing player 2 token from slot 9
[2022-12-12 21:47:37] [SEVERE ] player 2 placing token on slot 10
[2022-12-12 21:47:37] [SEVERE ] player 2 placing token on slot 8
[2022-12-12 21:47:37] [SEVERE ] player 2 placing token on slot 5
[2022-12-12 21:47:37] [SEVERE ] removing player 2 token from slot 5
[2022-12-12 21:47:37] [SEVERE ] removing player 2 token from slot 8
[2022-12-12 21:47:37] [SEVERE ] removing player 2 token from slot 10
[2022-12-12 21:47:37] [SEVERE ] player 2 placing token on slot 10
[2022-12-12 21:47:37] [SEVERE ] player 2 placing token on slot 2
[2022-12-12 21:47:37] [SEVERE ] player 2 placing token on slot 1
[2022-12-12 21:47:37] [SEVERE ] removing player 2 token from slot 1
[2022-12-12 21:47:37] [SEVERE ] removing player 2 token from slot 2
[2022-12-12 21:47:37] [SEVERE ] removing player 2 token from slot 10
[2022-12-12 21:47:37] [SEVERE ] player 2 placing token on slot 8
[2022-12-12 21:47:37] [SEVERE ] player 2 placing token on slot 1
[2022-12-12 21:47:37] [SEVERE ] player 2 placing token on slot 0
[2022-12-12 21:47:37] [SEVERE ] removing player 2 token from slot 0
[2022-12-12 21:47:37] [SEVERE ] removing player 2 token from slot 1
[2022-12-12 21:47:37] [SEVERE ] removing player 2 token from slot 8
[2022-12-12 21:47:37] [SEVERE ] player 2 placing token on slot 8
[2022-12-12 21:47:37] [SEVERE ] player 2 placing token on slot 11
[2022-12-12 21:47:37] [SEVERE ] player 2 placing token on slot 10
[2022-12-12 21:47:37] [SEVERE ] removing player 2 token from slot 8
[2022-12-12 21:47:37] [SEVERE ] removing player 2 token from slot 10
[2022-12-12 21:47:37] [SEVERE ] removing player 2 token from slot 11
[2022-12-12 21:47:37] [SEVERE ] player 2 placing token on slot 4
[2022-12-12 21:47:37] [SEVERE ] player 2 placing token on slot 3
[2022-12-12 21:47:37] [SEVERE ] player 2 placing token on slot 1
[2022-12-12 21:47:37] [SEVERE ] removing player 2 token from slot 1
[2022-12-12 21:47:37] [SEVERE ] removing player 2 token from slot 3
[2022-12-12 21:47:37] [SEVERE ] removing player 2 token from slot 4
[2022-12-12 21:47:37] [SEVERE ] player 2 placing token on slot 11
[2022-12-12 21:47:37] [SEVERE ] player 2 placing token on slot 10
[2022-12-12 21:47:37] [SEVERE ] player 2 placing token on slot 7
[2022-12-12 21:47:37] [SEVERE ] removing player 2 token from slot 7
[2022-12-12 21:47:37] [SEVERE ] removing player 2 token from slot 10
[2022-12-12 21:47:37] [SEVERE ] removing player 2 token from slot 11
[2022-12-12 21:47:37] [SEVERE ] player 2 placing token on slot 8
[2022-12-12 21:47:37] [SEVERE ] player 2 placing token on slot 7
[2022-12-12 21:47:37] [SEVERE ] player 2 placing token on slot 1
[2022-12-12 21:47:37] [SEVERE ] removing player 2 token from slot 1
[2022-12-12 21:47:37] [SEVERE ] removing player 2 token from slot 7
[2022-12-12 21:47:37] [SEVERE ] removing player 2 token from slot 8
[2022-12-12 21:47:37] [SEVERE ] player 2 placing token on slot 4
[2022-12-12 21:47:37] [SEVERE ] player 2 placing token on slot 11
[2022-12-12 21:47:37] [SEVERE ] player 2 placing token on slot 6
[2022-12-12 21:47:37] [SEVERE ] removing player 2 token from slot 4
[2022-12-12 21:47:37] [SEVERE ] removing player 2 token from slot 6
[2022-12-12 21:47:37] [SEVERE ] removing player 2 token from slot 11
[2022-12-12 21:47:37] [SEVERE ] player 2 placing token on slot 1
[2022-12-12 21:47:37] [SEVERE ] player 2 placing token on slot 7
[2022-12-12 21:47:37] [SEVERE ] player 2 placing token on slot 6
[2022-12-12 21:47:37] [SEVERE ] removing player 2 token from slot 1
[2022-12-12 21:47:37] [SEVERE ] removing player 2 token from slot 6
[2022-12-12 21:47:37] [SEVERE ] removing player 2 token from slot 7
[2022-12-12 21:47:37] [SEVERE ] player 2 placing token on slot 7
[2022-12-12 21:47:38] [SEVERE ] player 2 placing token on slot 1
[2022-12-12 21:47:38] [SEVERE ] player 2 placing token on slot 2
[2022-12-12 21:47:38] [SEVERE ] removing player 2 token from slot 1
[2022-12-12 21:47:38] [SEVERE ] removing player 2 token from slot 2
[2022-12-12 21:47:38] [SEVERE ] removing player 2 token from slot 7
[2022-12-12 21:47:38] [SEVERE ] player 2 placing token on slot 9
[2022-12-12 21:47:38] [SEVERE ] player 2 placing token on slot 8
[2022-12-12 21:47:38] [SEVERE ] player 2 placing token on slot 0
[2022-12-12 21:47:38] [SEVERE ] removing player 2 token from slot 0
[2022-12-12 21:47:38] [SEVERE ] removing player 2 token from slot 8
[2022-12-12 21:47:38] [SEVERE ] removing player 2 token from slot 9
[2022-12-12 21:47:38] [SEVERE ] player 2 placing token on slot 5
[2022-12-12 21:47:38] [SEVERE ] player 2 placing token on slot 4
[2022-12-12 21:47:38] [SEVERE ] player 2 placing token on slot 6
[2022-12-12 21:47:38] [SEVERE ] removing player 2 token from slot 4
[2022-12-12 21:47:38] [SEVERE ] removing player 2 token from slot 5
[2022-12-12 21:47:38] [SEVERE ] removing player 2 token from slot 6
[2022-12-12 21:47:38] [SEVERE ] player 2 placing token on slot 7
[2022-12-12 21:47:38] [SEVERE ] player 2 placing token on slot 8
[2022-12-12 21:47:38] [SEVERE ] player 2 placing token on slot 0
[2022-12-12 21:47:38] [SEVERE ] removing player 2 token from slot 0
[2022-12-12 21:47:38] [SEVERE ] removing player 2 token from slot 7
[2022-12-12 21:47:38] [SEVERE ] removing player 2 token from slot 8
[2022-12-12 21:47:38] [SEVERE ] player 2 placing token on slot 1
[2022-12-12 21:47:38] [SEVERE ] player 2 placing token on slot 7
[2022-12-12 21:47:38] [SEVERE ] player 2 placing token on slot 6
[2022-12-12 21:47:38] [SEVERE ] removing player 2 token from slot 1
[2022-12-12 21:47:38] [SEVERE ] removing player 2 token from slot 6
[2022-12-12 21:47:38] [SEVERE ] removing player 2 token from slot 7
[2022-12-12 21:47:38] [SEVERE ] player 2 placing token on slot 1
[2022-12-12 21:47:38] [SEVERE ] player 2 placing token on slot 5
[2022-12-12 21:47:38] [SEVERE ] player 2 placing token on slot 7
[2022-12-12 21:47:38] [SEVERE ] removing player 2 token from slot 1
[2022-12-12 21:47:38] [SEVERE ] removing player 2 token from slot 5
[2022-12-12 21:47:38] [SEVERE ] removing player 2 token from slot 7
[2022-12-12 21:47:38] [SEVERE ] player 2 placing token on slot 8
[2022-12-12 21:47:38] [SEVERE ] player 2 placing token on slot 2
[2022-12-12 21:47:38] [SEVERE ] player 2 placing token on slot 4
[2022-12-12 21:47:38] [SEVERE ] removing player 2 token from slot 2
[2022-12-12 21:47:38] [SEVERE ] removing player 2 token from slot 4
[2022-12-12 21:47:38] [SEVERE ] removing player 2 token from slot 8
[2022-12-12 21:47:38] [SEVERE ] player 2 placing token on slot 0
[2022-12-12 21:47:38] [SEVERE ] player 2 placing token on slot 3
[2022-12-12 21:47:38] [SEVERE ] player 2 placing token on slot 1
[2022-12-12 21:47:38] [SEVERE ] removing player 2 token from slot 0
[2022-12-12 21:47:38] [SEVERE ] removing player 2 token from slot 1
[2022-12-12 21:47:38] [SEVERE ] removing player 2 token from slot 3
[2022-12-12 21:47:38] [SEVERE ] player 2 placing token on slot 6
[2022-12-12 21:47:38] [SEVERE ] player 2 placing token on slot 2
[2022-12-12 21:47:38] [SEVERE ] player 2 placing token on slot 7
[2022-12-12 21:47:38] [SEVERE ] removing player 2 token from slot 2
[2022-12-12 21:47:38] [SEVERE ] removing player 2 token from slot 6
[2022-12-12 21:47:38] [SEVERE ] removing player 2 token from slot 7
[2022-12-12 21:47:38] [SEVERE ] player 2 placing token on slot 2
[2022-12-12 21:47:38] [SEVERE ] player 2 placing token on slot 7
[2022-12-12 21:47:38] [SEVERE ] player 2 placing token on slot 11
[2022-12-12 21:47:38] [SEVERE ] removing player 2 token from slot 2
[2022-12-12 21:47:38] [SEVERE ] removing player 2 token from slot 7
[2022-12-12 21:47:38] [SEVERE ] removing player 2 token from slot 11
[2022-12-12 21:47:38] [SEVERE ] player 2 placing token on slot 5
[2022-12-12 21:47:38] [SEVERE ] player 2 placing token on slot 8
[2022-12-12 21:47:38] [SEVERE ] player 2 placing token on slot 1
[2022-12-12 21:47:38] [SEVERE ] removing player 2 token from slot 1
[2022-12-12 21:47:38] [SEVERE ] removing player 2 token from slot 5
[2022-12-12 21:47:38] [SEVERE ] removing player 2 token from slot 8
[2022-12-12 21:47:38] [SEVERE ] player 2 placing token on slot 3
[2022-12-12 21:47:39] [SEVERE ] player 2 placing token on slot 5
[2022-12-12 21:47:39] [SEVERE ] player 2 placing token on slot 4
[2022-12-12 21:47:39] [SEVERE ] removing player 2 token from slot 3
[2022-12-12 21:47:39] [SEVERE ] removing player 2 token from slot 4
[2022-12-12 21:47:39] [SEVERE ] removing player 2 token from slot 5
[2022-12-12 21:47:39] [SEVERE ] player 2 placing token on slot 0
[2022-12-12 21:47:39] [SEVERE ] player 2 placing token on slot 8
[2022-12-12 21:47:39] [SEVERE ] player 2 placing token on slot 9
[2022-12-12 21:47:39] [SEVERE ] removing player 2 token from slot 0
[2022-12-12 21:47:39] [SEVERE ] removing player 2 token from slot 8
[2022-12-12 21:47:39] [SEVERE ] removing player 2 token from slot 9
[2022-12-12 21:47:39] [SEVERE ] player 2 placing token on slot 3
[2022-12-12 21:47:39] [SEVERE ] player 2 placing token on slot 1
[2022-12-12 21:47:39] [SEVERE ] player 2 placing token on slot 10
[2022-12-12 21:47:39] [SEVERE ] removing player 2 token from slot 1
[2022-12-12 21:47:39] [SEVERE ] removing player 2 token from slot 3
[2022-12-12 21:47:39] [SEVERE ] removing player 2 token from slot 10
[2022-12-12 21:47:39] [SEVERE ] player 2 placing token on slot 6
[2022-12-12 21:47:39] [SEVERE ] player 2 placing token on slot 4
[2022-12-12 21:47:39] [SEVERE ] player 2 placing token on slot 8
[2022-12-12 21:47:39] [SEVERE ] removing player 2 token from slot 4
[2022-12-12 21:47:39] [SEVERE ] removing player 2 token from slot 6
[2022-12-12 21:47:39] [SEVERE ] removing player 2 token from slot 8
[2022-12-12 21:47:39] [SEVERE ] player 2 placing token on slot 10
[2022-12-12 21:47:39] [SEVERE ] player 2 placing token on slot 11
[2022-12-12 21:47:39] [SEVERE ] player 2 placing token on slot 9
[2022-12-12 21:47:39] [SEVERE ] removing player 2 token from slot 9
[2022-12-12 21:47:39] [SEVERE ] removing player 2 token from slot 10
[2022-12-12 21:47:39] [SEVERE ] removing player 2 token from slot 11
[2022-12-12 21:47:39] [SEVERE ] player 2 placing token on slot 5
[2022-12-12 21:47:39] [SEVERE ] player 2 placing token on slot 3
[2022-12-12 21:47:39] [SEVERE ] player 2 placing token on slot 7
[2022-12-12 21:47:39] [SEVERE ] removing player 2 token from slot 3
[2022-12-12 21:47:39] [SEVERE ] removing player 2 token from slot 5
[2022-12-12 21:47:39] [SEVERE ] removing player 2 token from slot 7
[2022-12-12 21:47:39] [SEVERE ] player 2 placing token on slot 7
[2022-12-12 21:47:39] [SEVERE ] player 2 placing token on slot 6
[2022-12-12 21:47:39] [SEVERE ] player 2 placing token on slot 1
[2022-12-12 21:47:39] [SEVERE ] removing player 2 token from slot 1
[2022-12-12 21:47:39] [SEVERE ] removing player 2 token from slot 6
[2022-12-12 21:47:39] [SEVERE ] removing player 2 token from slot 7
[2022-12-12 21:47:39] [SEVERE ] player 2 placing token on slot 6
[2022-12-12 21:47:39] [SEVERE ] player 2 placing token on slot 11
[2022-12-12 21:47:39] [SEVERE ] player 2 placing token on slot 5
[2022-12-12 21:47:39] [SEVERE ] removing player 2 token from slot 5
[2022-12-12 21:47:39] [SEVERE ] removing player 2 token from slot 6
[2022-12-12 21:47:39] [SEVERE ] removing player 2 token from slot 11
[2022-12-12 21:47:39] [SEVERE ] player 2 placing token on slot 2
[2022-12-12 21:47:39] [SEVERE ] player 2 placing token on slot 5
[2022-12-12 21:47:39] [SEVERE ] player 2 placing token on slot 10
[2022-12-12 21:47:39] [SEVERE ] removing player 2 token from slot 2
[2022-12-12 21:47:39] [SEVERE ] removing player 2 token from slot 5
[2022-12-12 21:47:39] [SEVERE ] removing player 2 token from slot 10
[2022-12-12 21:47:39] [SEVERE ] player 2 placing token on slot 3
[2022-12-12 21:47:39] [SEVERE ] player 2 placing token on slot 9
[2022-12-12 21:47:39] [SEVERE ] player 2 placing token on slot 1
[2022-12-12 21:47:39] [SEVERE ] removing player 2 token from slot 1
[2022-12-12 21:47:39] [SEVERE ] removing player 2 token from slot 3
[2022-12-12 21:47:39] [SEVERE ] removing player 2 token from slot 9
[2022-12-12 21:47:39] [SEVERE ] player 2 placing token on slot 9
[2022-12-12 21:47:39] [SEVERE ] player 2 placing token on slot 11
[2022-12-12 21:47:39] [SEVERE ] player 2 placing token on slot 5
[2022-12-12 21:47:39] [SEVERE ] removing player 2 token from slot 5
[2022-12-12 21:47:39] [SEVERE ] removing player 2 token from slot 9
[2022-12-12 21:47:39] [SEVERE ] removing player 2 token from slot 11
[2022-12-12 21:47:40] [SEVERE ] player 2 placing token on slot 7
[2022-12-12 21:47:40] [SEVERE ] player 2 placing token on slot 6
[2022-12-12 21:47:40] [SEVERE ] player 2 placing token on slot 9
[2022-12-12 21:47:40] [SEVERE ] removing player 2 token from slot 6
[2022-12-12 21:47:40] [SEVERE ] removing player 2 token from slot 7
[2022-12-12 21:47:40] [SEVERE ] removing player 2 token from slot 9
[2022-12-12 21:47:40] [SEVERE ] player 2 placing token on slot 2
[2022-12-12 21:47:40] [SEVERE ] player 2 placing token on slot 7
[2022-12-12 21:47:40] [SEVERE ] player 2 placing token on slot 11
[2022-12-12 21:47:40] [SEVERE ] removing player 2 token from slot 2
[2022-12-12 21:47:40] [SEVERE ] removing player 2 token from slot 7
[2022-12-12 21:47:40] [SEVERE ] removing player 2 token from slot 11
[2022-12-12 21:47:40] [SEVERE ] player 2 placing token on slot 1
[2022-12-12 21:47:40] [SEVERE ] player 2 placing token on slot 9
[2022-12-12 21:47:40] [SEVERE ] player 2 placing token on slot 0
[2022-12-12 21:47:40] [SEVERE ] removing player 2 token from slot 0
[2022-12-12 21:47:40] [SEVERE ] removing player 2 token from slot 1
[2022-12-12 21:47:40] [SEVERE ] removing player 2 token from slot 9
[2022-12-12 21:47:40] [SEVERE ] player 2 placing token on slot 0
[2022-12-12 21:47:40] [SEVERE ] player 2 placing token on slot 4
[2022-12-12 21:47:40] [SEVERE ] player 2 placing token on slot 6
[2022-12-12 21:47:40] [SEVERE ] removing player 2 token from slot 0
[2022-12-12 21:47:40] [SEVERE ] removing player 2 token from slot 4
[2022-12-12 21:47:40] [SEVERE ] removing player 2 token from slot 6
[2022-12-12 21:47:40] [SEVERE ] player 2 placing token on slot 1
[2022-12-12 21:47:40] [SEVERE ] player 2 placing token on slot 6
[2022-12-12 21:47:40] [SEVERE ] player 2 placing token on slot 9
[2022-12-12 21:47:40] [SEVERE ] removing player 2 token from slot 1
[2022-12-12 21:47:40] [SEVERE ] removing player 2 token from slot 6
[2022-12-12 21:47:40] [SEVERE ] removing player 2 token from slot 9
[2022-12-12 21:47:40] [SEVERE ] player 2 placing token on slot 6
[2022-12-12 21:47:40] [SEVERE ] player 2 placing token on slot 1
[2022-12-12 21:47:40] [SEVERE ] player 2 placing token on slot 8
[2022-12-12 21:47:40] [SEVERE ] removing player 2 token from slot 1
[2022-12-12 21:47:40] [SEVERE ] removing player 2 token from slot 6
[2022-12-12 21:47:40] [SEVERE ] removing player 2 token from slot 8
[2022-12-12 21:47:40] [SEVERE ] player 2 placing token on slot 5
[2022-12-12 21:47:40] [SEVERE ] player 2 placing token on slot 0
[2022-12-12 21:47:40] [SEVERE ] player 2 placing token on slot 3
[2022-12-12 21:47:40] [SEVERE ] removing player 2 token from slot 0
[2022-12-12 21:47:40] [SEVERE ] removing player 2 token from slot 3
[2022-12-12 21:47:40] [SEVERE ] removing player 2 token from slot 5
[2022-12-12 21:47:40] [SEVERE ] player 2 placing token on slot 10
[2022-12-12 21:47:40] [SEVERE ] player 2 placing token on slot 0
[2022-12-12 21:47:40] [SEVERE ] player 2 placing token on slot 2
[2022-12-12 21:47:40] [SEVERE ] removing player 2 token from slot 0
[2022-12-12 21:47:40] [SEVERE ] removing player 2 token from slot 2
[2022-12-12 21:47:40] [SEVERE ] removing player 2 token from slot 10
[2022-12-12 21:47:40] [SEVERE ] player 2 placing token on slot 2
[2022-12-12 21:47:40] [SEVERE ] player 2 placing token on slot 11
[2022-12-12 21:47:40] [SEVERE ] player 2 placing token on slot 9
[2022-12-12 21:47:40] [SEVERE ] removing player 2 token from slot 2
[2022-12-12 21:47:40] [SEVERE ] removing player 2 token from slot 9
[2022-12-12 21:47:40] [SEVERE ] removing player 2 token from slot 11
[2022-12-12 21:47:40] [SEVERE ] player 2 placing token on slot 7
[2022-12-12 21:47:40] [SEVERE ] player 2 placing token on slot 8
[2022-12-12 21:47:40] [SEVERE ] player 2 placing token on slot 0
[2022-12-12 21:47:40] [SEVERE ] removing player 2 token from slot 0
[2022-12-12 21:47:40] [SEVERE ] removing player 2 token from slot 7
[2022-12-12 21:47:40] [SEVERE ] removing player 2 token from slot 8
[2022-12-12 21:47:40] [SEVERE ] player 2 placing token on slot 11
[2022-12-12 21:47:40] [SEVERE ] player 2 placing token on slot 3
[2022-12-12 21:47:40] [SEVERE ] player 2 placing token on slot 1
[2022-12-12 21:47:40] [SEVERE ] removing player 2 token from slot 1
[2022-12-12 21:47:40] [SEVERE ] removing player 2 token from slot 3
[2022-12-12 21:47:40] [SEVERE ] removing player 2 token from slot 11
[2022-12-12 21:47:41] [SEVERE ] player 2 placing token on slot 6
[2022-12-12 21:47:41] [SEVERE ] player 2 placing token on slot 9
[2022-12-12 21:47:41] [SEVERE ] player 2 placing token on slot 10
[2022-12-12 21:47:41] [SEVERE ] removing player 2 token from slot 6
[2022-12-12 21:47:41] [SEVERE ] removing player 2 token from slot 9
[2022-12-12 21:47:41] [SEVERE ] removing player 2 token from slot 10
[2022-12-12 21:47:41] [SEVERE ] player 2 placing token on slot 6
[2022-12-12 21:47:41] [SEVERE ] player 2 placing token on slot 5
[2022-12-12 21:47:41] [SEVERE ] player 2 placing token on slot 1
[2022-12-12 21:47:41] [SEVERE ] removing player 2 token from slot 1
[2022-12-12 21:47:41] [SEVERE ] removing player 2 token from slot 5
[2022-12-12 21:47:41] [SEVERE ] removing player 2 token from slot 6
[2022-12-12 21:47:41] [SEVERE ] player 2 placing token on slot 4
[2022-12-12 21:47:41] [SEVERE ] player 2 placing token on slot 0
[2022-12-12 21:47:41] [SEVERE ] player 2 placing token on slot 6
[2022-12-12 21:47:41] [SEVERE ] removing player 2 token from slot 0
[2022-12-12 21:47:41] [SEVERE ] removing player 2 token from slot 4
[2022-12-12 21:47:41] [SEVERE ] removing player 2 token from slot 6
[2022-12-12 21:47:41] [SEVERE ] player 2 placing token on slot 2
[2022-12-12 21:47:41] [SEVERE ] player 2 placing token on slot 1
[2022-12-12 21:47:41] [SEVERE ] player 2 placing token on slot 3
[2022-12-12 21:47:41] [SEVERE ] removing player 2 token from slot 1
[2022-12-12 21:47:41] [SEVERE ] removing player 2 token from slot 2
[2022-12-12 21:47:41] [SEVERE ] removing player 2 token from slot 3
[2022-12-12 21:47:41] [SEVERE ] player 2 placing token on slot 7
[2022-12-12 21:47:41] [SEVERE ] player 2 placing token on slot 1
[2022-12-12 21:47:41] [SEVERE ] player 2 placing token on slot 3
[2022-12-12 21:47:41] [SEVERE ] removing player 2 token from slot 1
[2022-12-12 21:47:41] [SEVERE ] removing player 2 token from slot 3
[2022-12-12 21:47:41] [SEVERE ] removing player 2 token from slot 7
[2022-12-12 21:47:41] [SEVERE ] player 2 placing token on slot 8
[2022-12-12 21:47:41] [SEVERE ] player 2 placing token on slot 10
[2022-12-12 21:47:41] [SEVERE ] player 2 placing token on slot 7
[2022-12-12 21:47:41] [SEVERE ] removing tokens from slot 7
[2022-12-12 21:47:41] [SEVERE ] removing card from slot 7
[2022-12-12 21:47:41] [SEVERE ] removing tokens from slot 8
[2022-12-12 21:47:41] [SEVERE ] removing card from slot 8
[2022-12-12 21:47:41] [SEVERE ] removing tokens from slot 10
[2022-12-12 21:47:41] [SEVERE ] removing card from slot 10
[2022-12-12 21:47:41] [SEVERE ] setting player 2 score to 1
[2022-12-12 21:47:41] [SEVERE ] player 2 placing token on slot 1
[2022-12-12 21:47:41] [SEVERE ] player 2 placing token on slot 9
[2022-12-12 21:47:41] [SEVERE ] player 2 placing token on slot 4
[2022-12-12 21:47:41] [SEVERE ] placing card 74 in slot 7
[2022-12-12 21:47:42] [SEVERE ] placing card 42 in slot 8
[2022-12-12 21:47:42] [SEVERE ] placing card 55 in slot 10
