[2022-12-12 20:41:16] [INFO   ] cannot read configuration file config.properties trying from resources.
[2022-12-12 20:41:16] [INFO   ] configuration file was loaded from resources directory.
[2022-12-12 20:41:16] [INFO   ] Thread Thread-1starting.
[2022-12-12 20:41:16] [INFO   ] Thread Thread-2starting.
[2022-12-12 20:41:16] [INFO   ] Thread dealer starting.
[2022-12-12 20:41:16] [INFO   ] Thread Thread-0starting.
[2022-12-12 20:41:16] [INFO   ] Thread computer-2 starting.
[2022-12-12 20:41:16] [SEVERE ] placing card 45 in slot 0
[2022-12-12 20:41:16] [SEVERE ] placing card 0 in slot 1
[2022-12-12 20:41:16] [SEVERE ] placing card 58 in slot 2
[2022-12-12 20:41:17] [SEVERE ] placing card 54 in slot 3
[2022-12-12 20:41:17] [SEVERE ] placing card 76 in slot 4
[2022-12-12 20:41:17] [SEVERE ] placing card 39 in slot 5
[2022-12-12 20:41:17] [SEVERE ] placing card 73 in slot 6
[2022-12-12 20:41:17] [SEVERE ] placing card 14 in slot 7
[2022-12-12 20:41:17] [SEVERE ] placing card 52 in slot 8
[2022-12-12 20:41:17] [SEVERE ] placing card 10 in slot 9
[2022-12-12 20:41:17] [SEVERE ] placing card 79 in slot 10
[2022-12-12 20:41:17] [SEVERE ] placing card 27 in slot 11
[2022-12-12 20:41:18] [SEVERE ] player 2 placing token on slot 6
[2022-12-12 20:41:18] [SEVERE ] player 2 placing token on slot 4
[2022-12-12 20:41:18] [SEVERE ] player 2 placing token on slot 0
[2022-12-12 20:41:18] [SEVERE ] removing player 2 token from slot 0
[2022-12-12 20:41:18] [SEVERE ] removing player 2 token from slot 4
[2022-12-12 20:41:18] [SEVERE ] removing player 2 token from slot 6
[2022-12-12 20:41:18] [SEVERE ] player 2 placing token on slot 1
[2022-12-12 20:41:18] [SEVERE ] player 2 placing token on slot 0
[2022-12-12 20:41:18] [SEVERE ] player 2 placing token on slot 8
[2022-12-12 20:41:18] [SEVERE ] removing player 2 token from slot 0
[2022-12-12 20:41:18] [SEVERE ] removing player 2 token from slot 1
[2022-12-12 20:41:18] [SEVERE ] removing player 2 token from slot 8
[2022-12-12 20:41:18] [SEVERE ] player 2 placing token on slot 4
[2022-12-12 20:41:18] [SEVERE ] player 2 placing token on slot 8
[2022-12-12 20:41:18] [SEVERE ] player 2 placing token on slot 1
[2022-12-12 20:41:18] [SEVERE ] removing player 2 token from slot 1
[2022-12-12 20:41:18] [SEVERE ] removing player 2 token from slot 4
[2022-12-12 20:41:18] [SEVERE ] removing player 2 token from slot 8
[2022-12-12 20:41:18] [SEVERE ] player 2 placing token on slot 3
[2022-12-12 20:41:18] [SEVERE ] player 2 placing token on slot 5
[2022-12-12 20:41:18] [SEVERE ] player 2 placing token on slot 1
[2022-12-12 20:41:18] [SEVERE ] removing player 2 token from slot 1
[2022-12-12 20:41:18] [SEVERE ] removing player 2 token from slot 3
[2022-12-12 20:41:18] [SEVERE ] removing player 2 token from slot 5
[2022-12-12 20:41:18] [SEVERE ] player 2 placing token on slot 0
[2022-12-12 20:41:18] [SEVERE ] player 2 placing token on slot 3
[2022-12-12 20:41:18] [SEVERE ] player 2 placing token on slot 10
[2022-12-12 20:41:18] [SEVERE ] removing player 2 token from slot 0
[2022-12-12 20:41:18] [SEVERE ] removing player 2 token from slot 3
[2022-12-12 20:41:18] [SEVERE ] removing player 2 token from slot 10
[2022-12-12 20:41:18] [SEVERE ] player 2 placing token on slot 5
[2022-12-12 20:41:18] [SEVERE ] player 2 placing token on slot 1
[2022-12-12 20:41:18] [SEVERE ] player 2 placing token on slot 3
[2022-12-12 20:41:18] [SEVERE ] removing player 2 token from slot 1
[2022-12-12 20:41:18] [SEVERE ] removing player 2 token from slot 3
[2022-12-12 20:41:18] [SEVERE ] removing player 2 token from slot 5
[2022-12-12 20:41:18] [SEVERE ] player 2 placing token on slot 4
[2022-12-12 20:41:18] [SEVERE ] player 2 placing token on slot 6
[2022-12-12 20:41:18] [SEVERE ] player 2 placing token on slot 8
[2022-12-12 20:41:18] [SEVERE ] removing player 2 token from slot 4
[2022-12-12 20:41:18] [SEVERE ] removing player 2 token from slot 6
[2022-12-12 20:41:18] [SEVERE ] removing player 2 token from slot 8
[2022-12-12 20:41:18] [SEVERE ] player 2 placing token on slot 1
[2022-12-12 20:41:18] [SEVERE ] player 2 placing token on slot 4
[2022-12-12 20:41:18] [SEVERE ] player 2 placing token on slot 0
[2022-12-12 20:41:18] [SEVERE ] removing player 2 token from slot 0
[2022-12-12 20:41:18] [SEVERE ] removing player 2 token from slot 1
[2022-12-12 20:41:18] [SEVERE ] removing player 2 token from slot 4
[2022-12-12 20:41:18] [SEVERE ] player 2 placing token on slot 3
[2022-12-12 20:41:18] [SEVERE ] player 2 placing token on slot 9
[2022-12-12 20:41:18] [SEVERE ] player 2 placing token on slot 8
[2022-12-12 20:41:18] [SEVERE ] removing player 2 token from slot 3
[2022-12-12 20:41:18] [SEVERE ] removing player 2 token from slot 8
[2022-12-12 20:41:18] [SEVERE ] removing player 2 token from slot 9
[2022-12-12 20:41:18] [SEVERE ] player 2 placing token on slot 7
[2022-12-12 20:41:18] [SEVERE ] player 2 placing token on slot 5
[2022-12-12 20:41:18] [SEVERE ] player 2 placing token on slot 9
[2022-12-12 20:41:18] [SEVERE ] removing player 2 token from slot 5
[2022-12-12 20:41:18] [SEVERE ] removing player 2 token from slot 7
[2022-12-12 20:41:18] [SEVERE ] removing player 2 token from slot 9
[2022-12-12 20:41:18] [SEVERE ] player 2 placing token on slot 4
[2022-12-12 20:41:18] [SEVERE ] player 2 placing token on slot 3
[2022-12-12 20:41:18] [SEVERE ] player 2 placing token on slot 5
[2022-12-12 20:41:18] [SEVERE ] removing player 2 token from slot 3
[2022-12-12 20:41:18] [SEVERE ] removing player 2 token from slot 4
[2022-12-12 20:41:18] [SEVERE ] removing player 2 token from slot 5
[2022-12-12 20:41:18] [SEVERE ] player 2 placing token on slot 9
[2022-12-12 20:41:18] [SEVERE ] player 2 placing token on slot 5
[2022-12-12 20:41:18] [SEVERE ] player 2 placing token on slot 1
[2022-12-12 20:41:18] [SEVERE ] removing player 2 token from slot 1
[2022-12-12 20:41:18] [SEVERE ] removing player 2 token from slot 5
[2022-12-12 20:41:18] [SEVERE ] removing player 2 token from slot 9
[2022-12-12 20:41:18] [SEVERE ] player 2 placing token on slot 4
[2022-12-12 20:41:18] [SEVERE ] player 2 placing token on slot 7
[2022-12-12 20:41:18] [SEVERE ] player 2 placing token on slot 5
[2022-12-12 20:41:18] [SEVERE ] removing player 2 token from slot 4
[2022-12-12 20:41:18] [SEVERE ] removing player 2 token from slot 5
[2022-12-12 20:41:18] [SEVERE ] removing player 2 token from slot 7
[2022-12-12 20:41:18] [SEVERE ] player 2 placing token on slot 8
[2022-12-12 20:41:18] [SEVERE ] player 2 placing token on slot 1
[2022-12-12 20:41:18] [SEVERE ] player 2 placing token on slot 11
[2022-12-12 20:41:18] [SEVERE ] removing player 2 token from slot 1
[2022-12-12 20:41:18] [SEVERE ] removing player 2 token from slot 8
[2022-12-12 20:41:18] [SEVERE ] removing player 2 token from slot 11
[2022-12-12 20:41:18] [SEVERE ] player 2 placing token on slot 4
[2022-12-12 20:41:18] [SEVERE ] player 2 placing token on slot 3
[2022-12-12 20:41:18] [SEVERE ] player 2 placing token on slot 6
[2022-12-12 20:41:18] [SEVERE ] removing player 2 token from slot 3
[2022-12-12 20:41:18] [SEVERE ] removing player 2 token from slot 4
[2022-12-12 20:41:18] [SEVERE ] removing player 2 token from slot 6
[2022-12-12 20:41:18] [SEVERE ] player 2 placing token on slot 5
[2022-12-12 20:41:18] [SEVERE ] player 2 placing token on slot 6
[2022-12-12 20:41:18] [SEVERE ] player 2 placing token on slot 4
[2022-12-12 20:41:18] [SEVERE ] removing player 2 token from slot 4
[2022-12-12 20:41:18] [SEVERE ] removing player 2 token from slot 5
[2022-12-12 20:41:18] [SEVERE ] removing player 2 token from slot 6
[2022-12-12 20:41:18] [SEVERE ] player 2 placing token on slot 10
[2022-12-12 20:41:19] [SEVERE ] player 2 placing token on slot 5
[2022-12-12 20:41:19] [SEVERE ] player 2 placing token on slot 0
[2022-12-12 20:41:19] [SEVERE ] removing player 2 token from slot 0
[2022-12-12 20:41:19] [SEVERE ] removing player 2 token from slot 5
[2022-12-12 20:41:19] [SEVERE ] removing player 2 token from slot 10
[2022-12-12 20:41:19] [SEVERE ] player 2 placing token on slot 4
[2022-12-12 20:41:19] [SEVERE ] player 2 placing token on slot 5
[2022-12-12 20:41:19] [SEVERE ] player 2 placing token on slot 8
[2022-12-12 20:41:19] [SEVERE ] removing player 2 token from slot 4
[2022-12-12 20:41:19] [SEVERE ] removing player 2 token from slot 5
[2022-12-12 20:41:19] [SEVERE ] removing player 2 token from slot 8
[2022-12-12 20:41:19] [SEVERE ] player 2 placing token on slot 9
[2022-12-12 20:41:19] [SEVERE ] player 2 placing token on slot 0
[2022-12-12 20:41:19] [SEVERE ] player 2 placing token on slot 11
[2022-12-12 20:41:19] [SEVERE ] removing player 2 token from slot 0
[2022-12-12 20:41:19] [SEVERE ] removing player 2 token from slot 9
[2022-12-12 20:41:19] [SEVERE ] removing player 2 token from slot 11
[2022-12-12 20:41:19] [SEVERE ] player 2 placing token on slot 7
[2022-12-12 20:41:19] [SEVERE ] player 2 placing token on slot 11
[2022-12-12 20:41:19] [SEVERE ] player 2 placing token on slot 9
[2022-12-12 20:41:19] [SEVERE ] removing player 2 token from slot 7
[2022-12-12 20:41:19] [SEVERE ] removing player 2 token from slot 9
[2022-12-12 20:41:19] [SEVERE ] removing player 2 token from slot 11
[2022-12-12 20:41:19] [SEVERE ] player 2 placing token on slot 1
[2022-12-12 20:41:19] [SEVERE ] player 2 placing token on slot 9
[2022-12-12 20:41:19] [SEVERE ] player 2 placing token on slot 4
[2022-12-12 20:41:19] [SEVERE ] removing player 2 token from slot 1
[2022-12-12 20:41:19] [SEVERE ] removing player 2 token from slot 4
[2022-12-12 20:41:19] [SEVERE ] removing player 2 token from slot 9
[2022-12-12 20:41:19] [SEVERE ] player 2 placing token on slot 3
[2022-12-12 20:41:19] [SEVERE ] player 2 placing token on slot 5
[2022-12-12 20:41:19] [SEVERE ] player 2 placing token on slot 6
[2022-12-12 20:41:19] [SEVERE ] removing player 2 token from slot 3
[2022-12-12 20:41:19] [SEVERE ] removing player 2 token from slot 5
[2022-12-12 20:41:19] [SEVERE ] removing player 2 token from slot 6
[2022-12-12 20:41:19] [SEVERE ] player 2 placing token on slot 4
[2022-12-12 20:41:19] [SEVERE ] player 2 placing token on slot 9
[2022-12-12 20:41:19] [SEVERE ] player 2 placing token on slot 8
[2022-12-12 20:41:19] [SEVERE ] removing player 2 token from slot 4
[2022-12-12 20:41:19] [SEVERE ] removing player 2 token from slot 8
[2022-12-12 20:41:19] [SEVERE ] removing player 2 token from slot 9
[2022-12-12 20:41:19] [SEVERE ] player 2 placing token on slot 3
[2022-12-12 20:41:19] [SEVERE ] player 2 placing token on slot 0
[2022-12-12 20:41:19] [SEVERE ] player 2 placing token on slot 8
[2022-12-12 20:41:19] [SEVERE ] removing player 2 token from slot 0
[2022-12-12 20:41:19] [SEVERE ] removing player 2 token from slot 3
[2022-12-12 20:41:19] [SEVERE ] removing player 2 token from slot 8
[2022-12-12 20:41:19] [SEVERE ] player 2 placing token on slot 6
[2022-12-12 20:41:19] [SEVERE ] player 2 placing token on slot 1
[2022-12-12 20:41:19] [SEVERE ] player 2 placing token on slot 4
[2022-12-12 20:41:19] [SEVERE ] removing player 2 token from slot 1
[2022-12-12 20:41:19] [SEVERE ] removing player 2 token from slot 4
[2022-12-12 20:41:19] [SEVERE ] removing player 2 token from slot 6
[2022-12-12 20:41:19] [SEVERE ] player 2 placing token on slot 2
[2022-12-12 20:41:19] [SEVERE ] player 2 placing token on slot 0
[2022-12-12 20:41:19] [SEVERE ] player 2 placing token on slot 9
[2022-12-12 20:41:19] [SEVERE ] removing player 2 token from slot 0
[2022-12-12 20:41:19] [SEVERE ] removing player 2 token from slot 2
[2022-12-12 20:41:19] [SEVERE ] removing player 2 token from slot 9
[2022-12-12 20:41:19] [SEVERE ] player 2 placing token on slot 6
[2022-12-12 20:41:19] [SEVERE ] player 2 placing token on slot 3
[2022-12-12 20:41:19] [SEVERE ] player 2 placing token on slot 10
[2022-12-12 20:41:19] [SEVERE ] removing player 2 token from slot 3
[2022-12-12 20:41:19] [SEVERE ] removing player 2 token from slot 6
[2022-12-12 20:41:19] [SEVERE ] removing player 2 token from slot 10
[2022-12-12 20:41:19] [SEVERE ] player 2 placing token on slot 2
[2022-12-12 20:41:19] [SEVERE ] player 2 placing token on slot 5
[2022-12-12 20:41:19] [SEVERE ] player 2 placing token on slot 0
[2022-12-12 20:41:19] [SEVERE ] removing player 2 token from slot 0
[2022-12-12 20:41:19] [SEVERE ] removing player 2 token from slot 2
[2022-12-12 20:41:19] [SEVERE ] removing player 2 token from slot 5
[2022-12-12 20:41:19] [SEVERE ] player 2 placing token on slot 8
[2022-12-12 20:41:19] [SEVERE ] player 2 placing token on slot 3
[2022-12-12 20:41:19] [SEVERE ] player 2 placing token on slot 4
[2022-12-12 20:41:19] [SEVERE ] removing player 2 token from slot 3
[2022-12-12 20:41:19] [SEVERE ] removing player 2 token from slot 4
[2022-12-12 20:41:19] [SEVERE ] removing player 2 token from slot 8
[2022-12-12 20:41:19] [SEVERE ] player 2 placing token on slot 6
[2022-12-12 20:41:19] [SEVERE ] player 2 placing token on slot 5
[2022-12-12 20:41:19] [SEVERE ] player 2 placing token on slot 1
[2022-12-12 20:41:19] [SEVERE ] removing player 2 token from slot 1
[2022-12-12 20:41:19] [SEVERE ] removing player 2 token from slot 5
[2022-12-12 20:41:19] [SEVERE ] removing player 2 token from slot 6
[2022-12-12 20:41:19] [SEVERE ] player 2 placing token on slot 0
[2022-12-12 20:41:19] [SEVERE ] player 2 placing token on slot 8
[2022-12-12 20:41:19] [SEVERE ] player 2 placing token on slot 5
[2022-12-12 20:41:19] [SEVERE ] removing player 2 token from slot 0
[2022-12-12 20:41:19] [SEVERE ] removing player 2 token from slot 5
[2022-12-12 20:41:19] [SEVERE ] removing player 2 token from slot 8
[2022-12-12 20:41:19] [SEVERE ] player 2 placing token on slot 1
[2022-12-12 20:41:19] [SEVERE ] player 2 placing token on slot 2
[2022-12-12 20:41:19] [SEVERE ] player 2 placing token on slot 3
[2022-12-12 20:41:19] [SEVERE ] removing player 2 token from slot 1
[2022-12-12 20:41:19] [SEVERE ] removing player 2 token from slot 2
[2022-12-12 20:41:19] [SEVERE ] removing player 2 token from slot 3
[2022-12-12 20:41:19] [SEVERE ] player 2 placing token on slot 8
[2022-12-12 20:41:20] [SEVERE ] player 2 placing token on slot 2
[2022-12-12 20:41:20] [SEVERE ] player 2 placing token on slot 7
[2022-12-12 20:41:20] [SEVERE ] removing player 2 token from slot 2
[2022-12-12 20:41:20] [SEVERE ] removing player 2 token from slot 7
[2022-12-12 20:41:20] [SEVERE ] removing player 2 token from slot 8
[2022-12-12 20:41:20] [SEVERE ] player 2 placing token on slot 6
[2022-12-12 20:41:20] [SEVERE ] player 2 placing token on slot 2
[2022-12-12 20:41:20] [SEVERE ] player 2 placing token on slot 9
[2022-12-12 20:41:20] [SEVERE ] removing player 2 token from slot 2
[2022-12-12 20:41:20] [SEVERE ] removing player 2 token from slot 6
[2022-12-12 20:41:20] [SEVERE ] removing player 2 token from slot 9
[2022-12-12 20:41:20] [SEVERE ] player 2 placing token on slot 8
[2022-12-12 20:41:20] [SEVERE ] player 2 placing token on slot 4
[2022-12-12 20:41:20] [SEVERE ] player 2 placing token on slot 2
[2022-12-12 20:41:20] [SEVERE ] removing player 2 token from slot 2
[2022-12-12 20:41:20] [SEVERE ] removing player 2 token from slot 4
[2022-12-12 20:41:20] [SEVERE ] removing player 2 token from slot 8
[2022-12-12 20:41:20] [SEVERE ] player 2 placing token on slot 0
[2022-12-12 20:41:20] [SEVERE ] player 2 placing token on slot 11
[2022-12-12 20:41:20] [SEVERE ] player 2 placing token on slot 8
[2022-12-12 20:41:20] [SEVERE ] removing player 2 token from slot 0
[2022-12-12 20:41:20] [SEVERE ] removing player 2 token from slot 8
[2022-12-12 20:41:20] [SEVERE ] removing player 2 token from slot 11
[2022-12-12 20:41:20] [SEVERE ] player 2 placing token on slot 5
[2022-12-12 20:41:20] [SEVERE ] player 2 placing token on slot 6
[2022-12-12 20:41:20] [SEVERE ] player 2 placing token on slot 9
[2022-12-12 20:41:20] [SEVERE ] removing player 2 token from slot 5
[2022-12-12 20:41:20] [SEVERE ] removing player 2 token from slot 6
[2022-12-12 20:41:20] [SEVERE ] removing player 2 token from slot 9
[2022-12-12 20:41:20] [SEVERE ] player 2 placing token on slot 7
[2022-12-12 20:41:20] [SEVERE ] player 2 placing token on slot 2
[2022-12-12 20:41:20] [SEVERE ] player 2 placing token on slot 8
[2022-12-12 20:41:20] [SEVERE ] removing player 2 token from slot 2
[2022-12-12 20:41:20] [SEVERE ] removing player 2 token from slot 7
[2022-12-12 20:41:20] [SEVERE ] removing player 2 token from slot 8
[2022-12-12 20:41:20] [SEVERE ] player 2 placing token on slot 10
[2022-12-12 20:41:20] [SEVERE ] player 2 placing token on slot 8
[2022-12-12 20:41:20] [SEVERE ] player 2 placing token on slot 5
[2022-12-12 20:41:20] [SEVERE ] removing player 2 token from slot 5
[2022-12-12 20:41:20] [SEVERE ] removing player 2 token from slot 8
[2022-12-12 20:41:20] [SEVERE ] removing player 2 token from slot 10
[2022-12-12 20:41:20] [SEVERE ] player 2 placing token on slot 6
[2022-12-12 20:41:20] [SEVERE ] player 2 placing token on slot 8
[2022-12-12 20:41:20] [SEVERE ] player 2 placing token on slot 7
[2022-12-12 20:41:20] [SEVERE ] removing player 2 token from slot 6
[2022-12-12 20:41:20] [SEVERE ] removing player 2 token from slot 7
[2022-12-12 20:41:20] [SEVERE ] removing player 2 token from slot 8
[2022-12-12 20:41:20] [SEVERE ] player 2 placing token on slot 1
[2022-12-12 20:41:20] [SEVERE ] player 2 placing token on slot 2
[2022-12-12 20:41:20] [SEVERE ] player 2 placing token on slot 11
[2022-12-12 20:41:20] [SEVERE ] removing player 2 token from slot 1
[2022-12-12 20:41:20] [SEVERE ] removing player 2 token from slot 2
[2022-12-12 20:41:20] [SEVERE ] removing player 2 token from slot 11
[2022-12-12 20:41:20] [SEVERE ] player 2 placing token on slot 4
[2022-12-12 20:41:20] [SEVERE ] player 2 placing token on slot 10
[2022-12-12 20:41:20] [SEVERE ] player 2 placing token on slot 2
[2022-12-12 20:41:20] [SEVERE ] removing player 2 token from slot 2
[2022-12-12 20:41:20] [SEVERE ] removing player 2 token from slot 4
[2022-12-12 20:41:20] [SEVERE ] removing player 2 token from slot 10
[2022-12-12 20:41:20] [SEVERE ] player 2 placing token on slot 0
[2022-12-12 20:41:20] [SEVERE ] player 2 placing token on slot 11
[2022-12-12 20:41:20] [SEVERE ] player 2 placing token on slot 1
[2022-12-12 20:41:20] [SEVERE ] removing player 2 token from slot 0
[2022-12-12 20:41:20] [SEVERE ] removing player 2 token from slot 1
[2022-12-12 20:41:20] [SEVERE ] removing player 2 token from slot 11
[2022-12-12 20:41:20] [SEVERE ] player 2 placing token on slot 10
[2022-12-12 20:41:20] [SEVERE ] player 2 placing token on slot 2
[2022-12-12 20:41:20] [SEVERE ] player 2 placing token on slot 5
[2022-12-12 20:41:20] [SEVERE ] removing player 2 token from slot 2
[2022-12-12 20:41:20] [SEVERE ] removing player 2 token from slot 5
[2022-12-12 20:41:20] [SEVERE ] removing player 2 token from slot 10
[2022-12-12 20:41:20] [SEVERE ] player 2 placing token on slot 3
[2022-12-12 20:41:20] [SEVERE ] player 2 placing token on slot 8
[2022-12-12 20:41:20] [SEVERE ] player 2 placing token on slot 6
[2022-12-12 20:41:20] [SEVERE ] removing player 2 token from slot 3
[2022-12-12 20:41:20] [SEVERE ] removing player 2 token from slot 6
[2022-12-12 20:41:20] [SEVERE ] removing player 2 token from slot 8
[2022-12-12 20:41:20] [SEVERE ] player 2 placing token on slot 7
[2022-12-12 20:41:20] [SEVERE ] player 2 placing token on slot 6
[2022-12-12 20:41:20] [SEVERE ] player 2 placing token on slot 8
[2022-12-12 20:41:20] [SEVERE ] removing player 2 token from slot 6
[2022-12-12 20:41:20] [SEVERE ] removing player 2 token from slot 7
[2022-12-12 20:41:20] [SEVERE ] removing player 2 token from slot 8
[2022-12-12 20:41:20] [SEVERE ] player 2 placing token on slot 5
[2022-12-12 20:41:20] [SEVERE ] player 2 placing token on slot 3
[2022-12-12 20:41:20] [SEVERE ] player 2 placing token on slot 6
[2022-12-12 20:41:20] [SEVERE ] removing player 2 token from slot 3
[2022-12-12 20:41:20] [SEVERE ] removing player 2 token from slot 5
[2022-12-12 20:41:20] [SEVERE ] removing player 2 token from slot 6
[2022-12-12 20:41:20] [SEVERE ] player 2 placing token on slot 0
[2022-12-12 20:41:20] [SEVERE ] player 2 placing token on slot 11
[2022-12-12 20:41:21] [SEVERE ] player 2 placing token on slot 1
[2022-12-12 20:41:21] [SEVERE ] removing player 2 token from slot 0
[2022-12-12 20:41:21] [SEVERE ] removing player 2 token from slot 1
[2022-12-12 20:41:21] [SEVERE ] removing player 2 token from slot 11
[2022-12-12 20:41:21] [SEVERE ] player 2 placing token on slot 8
[2022-12-12 20:41:21] [SEVERE ] player 2 placing token on slot 7
[2022-12-12 20:41:21] [SEVERE ] player 2 placing token on slot 0
[2022-12-12 20:41:21] [SEVERE ] removing player 2 token from slot 0
[2022-12-12 20:41:21] [SEVERE ] removing player 2 token from slot 7
[2022-12-12 20:41:21] [SEVERE ] removing player 2 token from slot 8
[2022-12-12 20:41:21] [SEVERE ] player 2 placing token on slot 2
[2022-12-12 20:41:21] [SEVERE ] player 2 placing token on slot 3
[2022-12-12 20:41:21] [SEVERE ] player 2 placing token on slot 9
[2022-12-12 20:41:21] [SEVERE ] removing player 2 token from slot 2
[2022-12-12 20:41:21] [SEVERE ] removing player 2 token from slot 3
[2022-12-12 20:41:21] [SEVERE ] removing player 2 token from slot 9
[2022-12-12 20:41:21] [SEVERE ] player 2 placing token on slot 1
[2022-12-12 20:41:21] [SEVERE ] player 2 placing token on slot 0
[2022-12-12 20:41:21] [SEVERE ] player 2 placing token on slot 6
[2022-12-12 20:41:21] [SEVERE ] removing player 2 token from slot 0
[2022-12-12 20:41:21] [SEVERE ] removing player 2 token from slot 1
[2022-12-12 20:41:21] [SEVERE ] removing player 2 token from slot 6
[2022-12-12 20:41:21] [SEVERE ] player 2 placing token on slot 9
[2022-12-12 20:41:21] [SEVERE ] player 2 placing token on slot 3
[2022-12-12 20:41:21] [SEVERE ] player 2 placing token on slot 8
[2022-12-12 20:41:21] [SEVERE ] removing player 2 token from slot 3
[2022-12-12 20:41:21] [SEVERE ] removing player 2 token from slot 8
[2022-12-12 20:41:21] [SEVERE ] removing player 2 token from slot 9
[2022-12-12 20:41:21] [SEVERE ] player 2 placing token on slot 1
[2022-12-12 20:41:21] [SEVERE ] player 2 placing token on slot 4
[2022-12-12 20:41:21] [SEVERE ] player 2 placing token on slot 3
[2022-12-12 20:41:21] [SEVERE ] removing player 2 token from slot 1
[2022-12-12 20:41:21] [SEVERE ] removing player 2 token from slot 3
[2022-12-12 20:41:21] [SEVERE ] removing player 2 token from slot 4
[2022-12-12 20:41:21] [SEVERE ] player 2 placing token on slot 2
[2022-12-12 20:41:21] [SEVERE ] player 2 placing token on slot 8
[2022-12-12 20:41:21] [SEVERE ] player 2 placing token on slot 10
[2022-12-12 20:41:21] [SEVERE ] removing player 2 token from slot 2
[2022-12-12 20:41:21] [SEVERE ] removing player 2 token from slot 8
[2022-12-12 20:41:21] [SEVERE ] removing player 2 token from slot 10
[2022-12-12 20:41:21] [SEVERE ] player 2 placing token on slot 1
[2022-12-12 20:41:21] [SEVERE ] player 2 placing token on slot 9
[2022-12-12 20:41:21] [SEVERE ] player 2 placing token on slot 10
[2022-12-12 20:41:21] [SEVERE ] removing player 2 token from slot 1
[2022-12-12 20:41:21] [SEVERE ] removing player 2 token from slot 9
[2022-12-12 20:41:21] [SEVERE ] removing player 2 token from slot 10
[2022-12-12 20:41:21] [SEVERE ] player 2 placing token on slot 7
[2022-12-12 20:41:21] [SEVERE ] player 2 placing token on slot 3
[2022-12-12 20:41:21] [SEVERE ] player 2 placing token on slot 8
[2022-12-12 20:41:21] [SEVERE ] player 2 placing token on slot 0
[2022-12-12 20:41:21] [SEVERE ] removing tokens from slot 3
[2022-12-12 20:41:21] [SEVERE ] removing card from slot 3
[2022-12-12 20:41:21] [SEVERE ] player 2 placing token on slot 6
[2022-12-12 20:41:21] [SEVERE ] removing tokens from slot 7
[2022-12-12 20:41:21] [SEVERE ] removing card from slot 7
[2022-12-12 20:41:21] [SEVERE ] player 2 placing token on slot 9
[2022-12-12 20:41:21] [SEVERE ] removing tokens from slot 8
[2022-12-12 20:41:21] [SEVERE ] removing card from slot 8
[2022-12-12 20:41:21] [SEVERE ] setting player 2 score to 1
[2022-12-12 20:41:21] [SEVERE ] player 2 placing token on slot 10
[2022-12-12 20:41:21] [SEVERE ] player 2 placing token on slot 0
[2022-12-12 20:41:21] [SEVERE ] player 2 placing token on slot 5
[2022-12-12 20:41:21] [SEVERE ] placing card 48 in slot 3
[2022-12-12 20:41:22] [SEVERE ] placing card 61 in slot 7
[2022-12-12 20:41:22] [SEVERE ] placing card 9 in slot 8
