[2022-12-12 23:51:28] [INFO   ] cannot read configuration file config.properties trying from resources.
[2022-12-12 23:51:28] [INFO   ] configuration file was loaded from resources directory.
[2022-12-12 23:51:28] [INFO   ] Thread dealer starting.
[2022-12-12 23:51:28] [INFO   ] Thread Thread-2starting.
[2022-12-12 23:51:28] [INFO   ] Thread Thread-1starting.
[2022-12-12 23:51:28] [INFO   ] Thread Thread-0starting.
[2022-12-12 23:51:28] [INFO   ] Thread computer-2 starting.
[2022-12-12 23:51:29] [SEVERE ] placing card 45 in slot 0
[2022-12-12 23:51:29] [SEVERE ] placing card 30 in slot 1
[2022-12-12 23:51:29] [SEVERE ] placing card 76 in slot 2
[2022-12-12 23:51:29] [SEVERE ] placing card 17 in slot 3
[2022-12-12 23:51:29] [SEVERE ] placing card 40 in slot 4
[2022-12-12 23:51:29] [SEVERE ] placing card 53 in slot 5
[2022-12-12 23:51:29] [SEVERE ] placing card 31 in slot 6
[2022-12-12 23:51:29] [SEVERE ] placing card 32 in slot 7
[2022-12-12 23:51:29] [SEVERE ] placing card 54 in slot 8
[2022-12-12 23:51:30] [SEVERE ] placing card 72 in slot 9
[2022-12-12 23:51:30] [SEVERE ] placing card 39 in slot 10
[2022-12-12 23:51:30] [SEVERE ] placing card 15 in slot 11
[2022-12-12 23:51:30] [SEVERE ] player 2 placing token on slot 8
[2022-12-12 23:51:30] [SEVERE ] player 2 placing token on slot 0
[2022-12-12 23:51:30] [SEVERE ] player 2 placing token on slot 9
[2022-12-12 23:51:30] [SEVERE ] removing player 2 token from slot 0
[2022-12-12 23:51:30] [SEVERE ] removing player 2 token from slot 8
[2022-12-12 23:51:30] [SEVERE ] removing player 2 token from slot 9
[2022-12-12 23:51:30] [SEVERE ] player 2 placing token on slot 2
[2022-12-12 23:51:30] [SEVERE ] player 2 placing token on slot 6
[2022-12-12 23:51:30] [SEVERE ] player 2 placing token on slot 5
[2022-12-12 23:51:30] [SEVERE ] removing player 2 token from slot 2
[2022-12-12 23:51:30] [SEVERE ] removing player 2 token from slot 5
[2022-12-12 23:51:30] [SEVERE ] removing player 2 token from slot 6
[2022-12-12 23:51:30] [SEVERE ] player 2 placing token on slot 1
[2022-12-12 23:51:30] [SEVERE ] player 2 placing token on slot 10
[2022-12-12 23:51:30] [SEVERE ] player 2 placing token on slot 8
[2022-12-12 23:51:30] [SEVERE ] removing player 2 token from slot 1
[2022-12-12 23:51:30] [SEVERE ] removing player 2 token from slot 8
[2022-12-12 23:51:30] [SEVERE ] removing player 2 token from slot 10
[2022-12-12 23:51:30] [SEVERE ] player 2 placing token on slot 11
[2022-12-12 23:51:30] [SEVERE ] player 2 placing token on slot 2
[2022-12-12 23:51:30] [SEVERE ] player 2 placing token on slot 4
[2022-12-12 23:51:30] [SEVERE ] removing player 2 token from slot 2
[2022-12-12 23:51:30] [SEVERE ] removing player 2 token from slot 4
[2022-12-12 23:51:30] [SEVERE ] removing player 2 token from slot 11
[2022-12-12 23:51:30] [SEVERE ] player 2 placing token on slot 3
[2022-12-12 23:51:30] [SEVERE ] player 2 placing token on slot 4
[2022-12-12 23:51:30] [SEVERE ] player 2 placing token on slot 0
[2022-12-12 23:51:30] [SEVERE ] removing player 2 token from slot 0
[2022-12-12 23:51:30] [SEVERE ] removing player 2 token from slot 3
[2022-12-12 23:51:30] [SEVERE ] removing player 2 token from slot 4
[2022-12-12 23:51:30] [SEVERE ] player 2 placing token on slot 2
[2022-12-12 23:51:30] [SEVERE ] player 2 placing token on slot 11
[2022-12-12 23:51:30] [SEVERE ] player 2 placing token on slot 4
[2022-12-12 23:51:30] [SEVERE ] removing player 2 token from slot 2
[2022-12-12 23:51:30] [SEVERE ] removing player 2 token from slot 4
[2022-12-12 23:51:30] [SEVERE ] removing player 2 token from slot 11
[2022-12-12 23:51:30] [SEVERE ] player 2 placing token on slot 4
[2022-12-12 23:51:30] [SEVERE ] player 2 placing token on slot 8
[2022-12-12 23:51:30] [SEVERE ] player 2 placing token on slot 5
[2022-12-12 23:51:30] [SEVERE ] removing player 2 token from slot 4
[2022-12-12 23:51:30] [SEVERE ] removing player 2 token from slot 5
[2022-12-12 23:51:30] [SEVERE ] removing player 2 token from slot 8
[2022-12-12 23:51:30] [SEVERE ] player 2 placing token on slot 2
[2022-12-12 23:51:31] [SEVERE ] player 2 placing token on slot 6
[2022-12-12 23:51:31] [SEVERE ] player 2 placing token on slot 10
[2022-12-12 23:51:31] [SEVERE ] removing player 2 token from slot 2
[2022-12-12 23:51:31] [SEVERE ] removing player 2 token from slot 6
[2022-12-12 23:51:31] [SEVERE ] removing player 2 token from slot 10
[2022-12-12 23:51:31] [SEVERE ] player 2 placing token on slot 0
[2022-12-12 23:51:31] [SEVERE ] player 2 placing token on slot 9
[2022-12-12 23:51:31] [SEVERE ] player 2 placing token on slot 10
[2022-12-12 23:51:31] [SEVERE ] removing player 2 token from slot 0
[2022-12-12 23:51:31] [SEVERE ] removing player 2 token from slot 9
[2022-12-12 23:51:31] [SEVERE ] removing player 2 token from slot 10
[2022-12-12 23:51:31] [SEVERE ] player 2 placing token on slot 5
[2022-12-12 23:51:31] [SEVERE ] player 2 placing token on slot 3
[2022-12-12 23:51:31] [SEVERE ] player 2 placing token on slot 11
[2022-12-12 23:51:31] [SEVERE ] removing player 2 token from slot 3
[2022-12-12 23:51:31] [SEVERE ] removing player 2 token from slot 5
[2022-12-12 23:51:31] [SEVERE ] removing player 2 token from slot 11
[2022-12-12 23:51:31] [SEVERE ] player 2 placing token on slot 10
[2022-12-12 23:51:31] [SEVERE ] player 2 placing token on slot 8
[2022-12-12 23:51:31] [SEVERE ] player 2 placing token on slot 3
[2022-12-12 23:51:31] [SEVERE ] removing player 2 token from slot 3
[2022-12-12 23:51:31] [SEVERE ] removing player 2 token from slot 8
[2022-12-12 23:51:31] [SEVERE ] removing player 2 token from slot 10
[2022-12-12 23:51:31] [SEVERE ] player 2 placing token on slot 1
[2022-12-12 23:51:31] [SEVERE ] player 2 placing token on slot 7
[2022-12-12 23:51:31] [SEVERE ] player 2 placing token on slot 5
[2022-12-12 23:51:31] [SEVERE ] removing player 2 token from slot 1
[2022-12-12 23:51:31] [SEVERE ] removing player 2 token from slot 5
[2022-12-12 23:51:31] [SEVERE ] removing player 2 token from slot 7
[2022-12-12 23:51:31] [SEVERE ] player 2 placing token on slot 9
[2022-12-12 23:51:31] [SEVERE ] player 2 placing token on slot 8
[2022-12-12 23:51:31] [SEVERE ] player 2 placing token on slot 1
[2022-12-12 23:51:31] [SEVERE ] removing player 2 token from slot 1
[2022-12-12 23:51:31] [SEVERE ] removing player 2 token from slot 8
[2022-12-12 23:51:31] [SEVERE ] removing player 2 token from slot 9
[2022-12-12 23:51:31] [SEVERE ] player 2 placing token on slot 8
[2022-12-12 23:51:31] [SEVERE ] player 2 placing token on slot 3
[2022-12-12 23:51:31] [SEVERE ] player 2 placing token on slot 1
[2022-12-12 23:51:31] [SEVERE ] removing player 2 token from slot 1
[2022-12-12 23:51:31] [SEVERE ] removing player 2 token from slot 3
[2022-12-12 23:51:31] [SEVERE ] removing player 2 token from slot 8
[2022-12-12 23:51:31] [SEVERE ] player 2 placing token on slot 7
[2022-12-12 23:51:31] [SEVERE ] player 2 placing token on slot 10
[2022-12-12 23:51:31] [SEVERE ] player 2 placing token on slot 0
[2022-12-12 23:51:31] [SEVERE ] removing player 2 token from slot 0
[2022-12-12 23:51:31] [SEVERE ] removing player 2 token from slot 7
[2022-12-12 23:51:31] [SEVERE ] removing player 2 token from slot 10
[2022-12-12 23:51:31] [SEVERE ] player 2 placing token on slot 3
[2022-12-12 23:51:31] [SEVERE ] player 2 placing token on slot 1
[2022-12-12 23:51:31] [SEVERE ] player 2 placing token on slot 2
[2022-12-12 23:51:31] [SEVERE ] removing player 2 token from slot 1
[2022-12-12 23:51:31] [SEVERE ] removing player 2 token from slot 2
[2022-12-12 23:51:31] [SEVERE ] removing player 2 token from slot 3
[2022-12-12 23:51:31] [SEVERE ] player 2 placing token on slot 6
[2022-12-12 23:51:31] [SEVERE ] player 2 placing token on slot 5
[2022-12-12 23:51:31] [SEVERE ] player 2 placing token on slot 10
[2022-12-12 23:51:31] [SEVERE ] removing player 2 token from slot 5
[2022-12-12 23:51:31] [SEVERE ] removing player 2 token from slot 6
[2022-12-12 23:51:31] [SEVERE ] removing player 2 token from slot 10
[2022-12-12 23:51:31] [SEVERE ] player 2 placing token on slot 4
[2022-12-12 23:51:31] [SEVERE ] player 2 placing token on slot 6
[2022-12-12 23:51:31] [SEVERE ] player 2 placing token on slot 1
[2022-12-12 23:51:31] [SEVERE ] removing player 2 token from slot 1
[2022-12-12 23:51:31] [SEVERE ] removing player 2 token from slot 4
[2022-12-12 23:51:31] [SEVERE ] removing player 2 token from slot 6
[2022-12-12 23:51:31] [SEVERE ] player 2 placing token on slot 2
[2022-12-12 23:51:32] [SEVERE ] player 2 placing token on slot 11
[2022-12-12 23:51:32] [SEVERE ] player 2 placing token on slot 6
[2022-12-12 23:51:32] [SEVERE ] removing player 2 token from slot 2
[2022-12-12 23:51:32] [SEVERE ] removing player 2 token from slot 6
[2022-12-12 23:51:32] [SEVERE ] removing player 2 token from slot 11
[2022-12-12 23:51:32] [SEVERE ] player 2 placing token on slot 2
[2022-12-12 23:51:32] [SEVERE ] player 2 placing token on slot 1
[2022-12-12 23:51:32] [SEVERE ] player 2 placing token on slot 8
[2022-12-12 23:51:32] [SEVERE ] removing player 2 token from slot 1
[2022-12-12 23:51:32] [SEVERE ] removing player 2 token from slot 2
[2022-12-12 23:51:32] [SEVERE ] removing player 2 token from slot 8
[2022-12-12 23:51:32] [SEVERE ] player 2 placing token on slot 5
[2022-12-12 23:51:32] [SEVERE ] player 2 placing token on slot 8
[2022-12-12 23:51:32] [SEVERE ] player 2 placing token on slot 6
[2022-12-12 23:51:32] [SEVERE ] removing player 2 token from slot 5
[2022-12-12 23:51:32] [SEVERE ] removing player 2 token from slot 6
[2022-12-12 23:51:32] [SEVERE ] removing player 2 token from slot 8
[2022-12-12 23:51:32] [SEVERE ] player 2 placing token on slot 8
[2022-12-12 23:51:32] [SEVERE ] player 2 placing token on slot 5
[2022-12-12 23:51:32] [SEVERE ] player 2 placing token on slot 2
[2022-12-12 23:51:32] [SEVERE ] removing player 2 token from slot 2
[2022-12-12 23:51:32] [SEVERE ] removing player 2 token from slot 5
[2022-12-12 23:51:32] [SEVERE ] removing player 2 token from slot 8
[2022-12-12 23:51:32] [SEVERE ] player 2 placing token on slot 4
[2022-12-12 23:51:32] [SEVERE ] player 2 placing token on slot 7
[2022-12-12 23:51:32] [SEVERE ] player 2 placing token on slot 1
[2022-12-12 23:51:32] [SEVERE ] removing player 2 token from slot 1
[2022-12-12 23:51:32] [SEVERE ] removing player 2 token from slot 4
[2022-12-12 23:51:32] [SEVERE ] removing player 2 token from slot 7
[2022-12-12 23:51:32] [SEVERE ] player 2 placing token on slot 6
[2022-12-12 23:51:32] [SEVERE ] player 2 placing token on slot 5
[2022-12-12 23:51:32] [SEVERE ] player 2 placing token on slot 0
[2022-12-12 23:51:32] [SEVERE ] removing player 2 token from slot 0
[2022-12-12 23:51:32] [SEVERE ] removing player 2 token from slot 5
[2022-12-12 23:51:32] [SEVERE ] removing player 2 token from slot 6
[2022-12-12 23:51:32] [SEVERE ] player 2 placing token on slot 8
[2022-12-12 23:51:32] [SEVERE ] player 2 placing token on slot 9
[2022-12-12 23:51:32] [SEVERE ] player 2 placing token on slot 1
[2022-12-12 23:51:32] [SEVERE ] removing player 2 token from slot 1
[2022-12-12 23:51:32] [SEVERE ] removing player 2 token from slot 8
[2022-12-12 23:51:32] [SEVERE ] removing player 2 token from slot 9
[2022-12-12 23:51:32] [SEVERE ] player 2 placing token on slot 7
[2022-12-12 23:51:32] [SEVERE ] player 2 placing token on slot 3
[2022-12-12 23:51:32] [SEVERE ] player 2 placing token on slot 6
[2022-12-12 23:51:32] [SEVERE ] removing player 2 token from slot 3
[2022-12-12 23:51:32] [SEVERE ] removing player 2 token from slot 6
[2022-12-12 23:51:32] [SEVERE ] removing player 2 token from slot 7
[2022-12-12 23:51:32] [SEVERE ] player 2 placing token on slot 0
[2022-12-12 23:51:32] [SEVERE ] player 2 placing token on slot 11
[2022-12-12 23:51:32] [SEVERE ] player 2 placing token on slot 2
[2022-12-12 23:51:32] [SEVERE ] removing player 2 token from slot 0
[2022-12-12 23:51:32] [SEVERE ] removing player 2 token from slot 2
[2022-12-12 23:51:32] [SEVERE ] removing player 2 token from slot 11
[2022-12-12 23:51:32] [SEVERE ] player 2 placing token on slot 8
[2022-12-12 23:51:32] [SEVERE ] player 2 placing token on slot 9
[2022-12-12 23:51:32] [SEVERE ] player 2 placing token on slot 3
[2022-12-12 23:51:32] [SEVERE ] removing player 2 token from slot 3
[2022-12-12 23:51:32] [SEVERE ] removing player 2 token from slot 8
[2022-12-12 23:51:32] [SEVERE ] removing player 2 token from slot 9
[2022-12-12 23:51:32] [SEVERE ] player 2 placing token on slot 9
[2022-12-12 23:51:32] [SEVERE ] player 2 placing token on slot 10
[2022-12-12 23:51:33] [SEVERE ] player 2 placing token on slot 0
[2022-12-12 23:51:33] [SEVERE ] removing player 2 token from slot 0
[2022-12-12 23:51:33] [SEVERE ] removing player 2 token from slot 9
[2022-12-12 23:51:33] [SEVERE ] removing player 2 token from slot 10
[2022-12-12 23:51:33] [SEVERE ] player 2 placing token on slot 8
[2022-12-12 23:51:33] [SEVERE ] player 2 placing token on slot 0
[2022-12-12 23:51:33] [SEVERE ] player 2 placing token on slot 1
[2022-12-12 23:51:33] [SEVERE ] removing player 2 token from slot 0
[2022-12-12 23:51:33] [SEVERE ] removing player 2 token from slot 1
[2022-12-12 23:51:33] [SEVERE ] removing player 2 token from slot 8
[2022-12-12 23:51:33] [SEVERE ] player 2 placing token on slot 1
[2022-12-12 23:51:33] [SEVERE ] player 2 placing token on slot 10
[2022-12-12 23:51:33] [SEVERE ] player 2 placing token on slot 11
[2022-12-12 23:51:33] [SEVERE ] removing player 2 token from slot 1
[2022-12-12 23:51:33] [SEVERE ] removing player 2 token from slot 10
[2022-12-12 23:51:33] [SEVERE ] removing player 2 token from slot 11
[2022-12-12 23:51:33] [SEVERE ] player 2 placing token on slot 4
[2022-12-12 23:51:33] [SEVERE ] player 2 placing token on slot 3
[2022-12-12 23:51:33] [SEVERE ] player 2 placing token on slot 1
[2022-12-12 23:51:33] [SEVERE ] removing player 2 token from slot 1
[2022-12-12 23:51:33] [SEVERE ] removing player 2 token from slot 3
[2022-12-12 23:51:33] [SEVERE ] removing player 2 token from slot 4
[2022-12-12 23:51:33] [SEVERE ] player 2 placing token on slot 4
[2022-12-12 23:51:33] [SEVERE ] player 2 placing token on slot 9
[2022-12-12 23:51:33] [SEVERE ] player 2 placing token on slot 8
[2022-12-12 23:51:33] [SEVERE ] removing player 2 token from slot 4
[2022-12-12 23:51:33] [SEVERE ] removing player 2 token from slot 8
[2022-12-12 23:51:33] [SEVERE ] removing player 2 token from slot 9
[2022-12-12 23:51:33] [SEVERE ] player 2 placing token on slot 5
[2022-12-12 23:51:33] [SEVERE ] player 2 placing token on slot 3
[2022-12-12 23:51:33] [SEVERE ] player 2 placing token on slot 8
[2022-12-12 23:51:33] [SEVERE ] removing player 2 token from slot 3
[2022-12-12 23:51:33] [SEVERE ] removing player 2 token from slot 5
[2022-12-12 23:51:33] [SEVERE ] removing player 2 token from slot 8
[2022-12-12 23:51:33] [SEVERE ] player 2 placing token on slot 5
[2022-12-12 23:51:33] [SEVERE ] player 2 placing token on slot 7
[2022-12-12 23:51:33] [SEVERE ] player 2 placing token on slot 3
[2022-12-12 23:51:33] [SEVERE ] removing player 2 token from slot 3
[2022-12-12 23:51:33] [SEVERE ] removing player 2 token from slot 5
[2022-12-12 23:51:33] [SEVERE ] removing player 2 token from slot 7
[2022-12-12 23:51:33] [SEVERE ] player 2 placing token on slot 6
[2022-12-12 23:51:33] [SEVERE ] player 2 placing token on slot 10
[2022-12-12 23:51:33] [SEVERE ] player 2 placing token on slot 8
[2022-12-12 23:51:33] [SEVERE ] removing player 2 token from slot 6
[2022-12-12 23:51:33] [SEVERE ] removing player 2 token from slot 8
[2022-12-12 23:51:33] [SEVERE ] removing player 2 token from slot 10
[2022-12-12 23:51:33] [SEVERE ] player 2 placing token on slot 0
[2022-12-12 23:51:33] [SEVERE ] player 2 placing token on slot 1
[2022-12-12 23:51:33] [SEVERE ] player 2 placing token on slot 8
[2022-12-12 23:51:33] [SEVERE ] removing player 2 token from slot 0
[2022-12-12 23:51:33] [SEVERE ] removing player 2 token from slot 1
[2022-12-12 23:51:33] [SEVERE ] removing player 2 token from slot 8
[2022-12-12 23:51:33] [SEVERE ] player 2 placing token on slot 4
[2022-12-12 23:51:33] [SEVERE ] player 2 placing token on slot 10
[2022-12-12 23:51:33] [SEVERE ] player 2 placing token on slot 1
[2022-12-12 23:51:33] [SEVERE ] removing player 2 token from slot 1
[2022-12-12 23:51:33] [SEVERE ] removing player 2 token from slot 4
[2022-12-12 23:51:33] [SEVERE ] removing player 2 token from slot 10
[2022-12-12 23:51:33] [SEVERE ] player 2 placing token on slot 9
[2022-12-12 23:51:33] [SEVERE ] player 2 placing token on slot 10
[2022-12-12 23:51:33] [SEVERE ] player 2 placing token on slot 1
[2022-12-12 23:51:33] [SEVERE ] removing player 2 token from slot 1
[2022-12-12 23:51:33] [SEVERE ] removing player 2 token from slot 9
[2022-12-12 23:51:33] [SEVERE ] removing player 2 token from slot 10
[2022-12-12 23:51:33] [SEVERE ] player 2 placing token on slot 7
[2022-12-12 23:51:34] [SEVERE ] player 2 placing token on slot 6
[2022-12-12 23:51:34] [SEVERE ] player 2 placing token on slot 1
[2022-12-12 23:51:34] [SEVERE ] removing tokens from slot 1
[2022-12-12 23:51:34] [SEVERE ] removing card from slot 1
[2022-12-12 23:51:34] [SEVERE ] removing tokens from slot 6
[2022-12-12 23:51:34] [SEVERE ] removing card from slot 6
[2022-12-12 23:51:34] [SEVERE ] removing tokens from slot 7
[2022-12-12 23:51:34] [SEVERE ] removing card from slot 7
[2022-12-12 23:51:34] [SEVERE ] placing card 60 in slot 1
[2022-12-12 23:51:34] [SEVERE ] placing card 25 in slot 6
[2022-12-12 23:51:34] [SEVERE ] placing card 35 in slot 7
[2022-12-12 23:51:34] [SEVERE ] setting player 2 score to 1
[2022-12-12 23:51:34] [SEVERE ] player 2 placing token on slot 1
[2022-12-12 23:51:34] [SEVERE ] player 2 placing token on slot 6
[2022-12-12 23:51:34] [SEVERE ] player 2 placing token on slot 3
[2022-12-12 23:51:34] [SEVERE ] setting player 2 score to 2
[2022-12-12 23:51:34] [SEVERE ] removing player 2 token from slot 1
[2022-12-12 23:51:34] [SEVERE ] removing player 2 token from slot 3
[2022-12-12 23:51:34] [SEVERE ] removing player 2 token from slot 6
[2022-12-12 23:51:34] [SEVERE ] player 2 placing token on slot 7
[2022-12-12 23:51:34] [SEVERE ] player 2 placing token on slot 4
[2022-12-12 23:51:34] [SEVERE ] player 2 placing token on slot 8
[2022-12-12 23:51:34] [SEVERE ] setting player 2 score to 3
[2022-12-12 23:51:34] [SEVERE ] removing player 2 token from slot 4
[2022-12-12 23:51:34] [SEVERE ] removing player 2 token from slot 7
[2022-12-12 23:51:34] [SEVERE ] removing player 2 token from slot 8
[2022-12-12 23:51:34] [SEVERE ] player 2 placing token on slot 0
[2022-12-12 23:51:34] [SEVERE ] player 2 placing token on slot 8
[2022-12-12 23:51:34] [SEVERE ] player 2 placing token on slot 4
[2022-12-12 23:51:34] [SEVERE ] setting player 2 score to 4
[2022-12-12 23:51:34] [SEVERE ] removing player 2 token from slot 0
[2022-12-12 23:51:34] [SEVERE ] removing player 2 token from slot 4
[2022-12-12 23:51:34] [SEVERE ] removing player 2 token from slot 8
[2022-12-12 23:51:34] [SEVERE ] player 2 placing token on slot 8
[2022-12-12 23:51:34] [SEVERE ] player 2 placing token on slot 7
[2022-12-12 23:51:35] [SEVERE ] player 2 placing token on slot 10
[2022-12-12 23:51:35] [SEVERE ] setting player 2 score to 5
[2022-12-12 23:51:35] [SEVERE ] removing player 2 token from slot 7
[2022-12-12 23:51:35] [SEVERE ] removing player 2 token from slot 8
[2022-12-12 23:51:35] [SEVERE ] removing player 2 token from slot 10
[2022-12-12 23:51:35] [SEVERE ] player 2 placing token on slot 5
[2022-12-12 23:51:35] [SEVERE ] player 2 placing token on slot 2
[2022-12-12 23:51:35] [SEVERE ] player 2 placing token on slot 9
[2022-12-12 23:51:35] [SEVERE ] setting player 2 score to 6
[2022-12-12 23:51:35] [SEVERE ] removing player 2 token from slot 2
[2022-12-12 23:51:35] [SEVERE ] removing player 2 token from slot 5
[2022-12-12 23:51:35] [SEVERE ] removing player 2 token from slot 9
[2022-12-12 23:51:35] [SEVERE ] player 2 placing token on slot 1
[2022-12-12 23:51:35] [SEVERE ] player 2 placing token on slot 11
[2022-12-12 23:51:35] [SEVERE ] player 2 placing token on slot 5
[2022-12-12 23:51:35] [SEVERE ] setting player 2 score to 7
[2022-12-12 23:51:35] [SEVERE ] removing player 2 token from slot 1
[2022-12-12 23:51:35] [SEVERE ] removing player 2 token from slot 5
[2022-12-12 23:51:35] [SEVERE ] removing player 2 token from slot 11
[2022-12-12 23:51:35] [SEVERE ] player 2 placing token on slot 6
[2022-12-12 23:51:35] [SEVERE ] player 2 placing token on slot 9
[2022-12-12 23:51:35] [SEVERE ] player 2 placing token on slot 2
[2022-12-12 23:51:35] [SEVERE ] setting player 2 score to 8
[2022-12-12 23:51:35] [SEVERE ] removing player 2 token from slot 2
[2022-12-12 23:51:35] [SEVERE ] removing player 2 token from slot 6
[2022-12-12 23:51:35] [SEVERE ] removing player 2 token from slot 9
[2022-12-12 23:51:35] [SEVERE ] player 2 placing token on slot 6
[2022-12-12 23:51:35] [SEVERE ] player 2 placing token on slot 10
[2022-12-12 23:51:35] [SEVERE ] player 2 placing token on slot 9
[2022-12-12 23:51:35] [SEVERE ] setting player 2 score to 9
[2022-12-12 23:51:35] [SEVERE ] removing player 2 token from slot 6
[2022-12-12 23:51:35] [SEVERE ] removing player 2 token from slot 9
[2022-12-12 23:51:35] [SEVERE ] removing player 2 token from slot 10
[2022-12-12 23:51:35] [SEVERE ] player 2 placing token on slot 11
[2022-12-12 23:51:35] [SEVERE ] player 2 placing token on slot 7
[2022-12-12 23:51:35] [SEVERE ] player 2 placing token on slot 1
[2022-12-12 23:51:35] [SEVERE ] setting player 2 score to 10
[2022-12-12 23:51:35] [SEVERE ] removing player 2 token from slot 1
[2022-12-12 23:51:35] [SEVERE ] removing player 2 token from slot 7
[2022-12-12 23:51:35] [SEVERE ] removing player 2 token from slot 11
[2022-12-12 23:51:35] [SEVERE ] player 2 placing token on slot 0
[2022-12-12 23:51:35] [SEVERE ] player 2 placing token on slot 8
[2022-12-12 23:51:35] [SEVERE ] player 2 placing token on slot 4
[2022-12-12 23:51:35] [SEVERE ] setting player 2 score to 11
[2022-12-12 23:51:35] [SEVERE ] removing player 2 token from slot 0
[2022-12-12 23:51:35] [SEVERE ] removing player 2 token from slot 4
[2022-12-12 23:51:35] [SEVERE ] removing player 2 token from slot 8
[2022-12-12 23:51:35] [SEVERE ] player 2 placing token on slot 1
[2022-12-12 23:51:35] [SEVERE ] player 2 placing token on slot 11
[2022-12-12 23:51:35] [SEVERE ] player 2 placing token on slot 10
[2022-12-12 23:51:35] [SEVERE ] setting player 2 score to 12
[2022-12-12 23:51:35] [SEVERE ] removing player 2 token from slot 1
[2022-12-12 23:51:35] [SEVERE ] removing player 2 token from slot 10
[2022-12-12 23:51:35] [SEVERE ] removing player 2 token from slot 11
[2022-12-12 23:51:35] [SEVERE ] player 2 placing token on slot 0
[2022-12-12 23:51:35] [SEVERE ] player 2 placing token on slot 7
[2022-12-12 23:51:35] [SEVERE ] player 2 placing token on slot 4
[2022-12-12 23:51:35] [SEVERE ] removing tokens from slot 0
[2022-12-12 23:51:35] [SEVERE ] removing card from slot 0
