[2022-12-12 14:14:52] [INFO   ] cannot read configuration file config.properties trying from resources.
[2022-12-12 14:14:52] [INFO   ] configuration file was loaded from resources directory.
[2022-12-12 14:14:53] [INFO   ] Thread dealer starting.
[2022-12-12 14:14:53] [INFO   ] Thread Thread-0starting.
[2022-12-12 14:14:53] [INFO   ] Thread Thread-5starting.
[2022-12-12 14:14:53] [INFO   ] Thread Thread-3starting.
[2022-12-12 14:14:53] [INFO   ] Thread Thread-4starting.
[2022-12-12 14:14:53] [INFO   ] Thread Thread-1starting.
[2022-12-12 14:14:53] [INFO   ] Thread Thread-2starting.
[2022-12-12 14:14:53] [INFO   ] Thread computer-4 starting.
[2022-12-12 14:14:53] [INFO   ] Thread computer-5 starting.
[2022-12-12 14:14:53] [INFO   ] Thread computer-3 starting.
[2022-12-12 14:14:53] [INFO   ] Thread computer-2 starting.
[2022-12-12 14:14:53] [SEVERE ] placing card 67 in slot 0
[2022-12-12 14:14:53] [SEVERE ] placing card 63 in slot 1
[2022-12-12 14:14:53] [SEVERE ] placing card 60 in slot 2
[2022-12-12 14:14:53] [SEVERE ] placing card 54 in slot 3
[2022-12-12 14:14:53] [SEVERE ] placing card 35 in slot 4
[2022-12-12 14:14:54] [SEVERE ] placing card 62 in slot 5
[2022-12-12 14:14:54] [SEVERE ] placing card 59 in slot 6
[2022-12-12 14:14:54] [SEVERE ] placing card 29 in slot 7
[2022-12-12 14:14:54] [SEVERE ] placing card 26 in slot 8
[2022-12-12 14:14:54] [SEVERE ] placing card 6 in slot 9
[2022-12-12 14:14:54] [SEVERE ] placing card 41 in slot 10
[2022-12-12 14:14:54] [SEVERE ] placing card 57 in slot 11
[2022-12-12 14:14:55] [SEVERE ] player 5 placing token on slot 4
[2022-12-12 14:14:55] [SEVERE ] player 4 placing token on slot 0
[2022-12-12 14:14:55] [SEVERE ] player 2 placing token on slot 2
[2022-12-12 14:14:55] [SEVERE ] player 3 placing token on slot 8
[2022-12-12 14:14:55] [SEVERE ] player 4 placing token on slot 8
[2022-12-12 14:14:56] [SEVERE ] player 5 placing token on slot 0
[2022-12-12 14:14:56] [SEVERE ] player 3 placing token on slot 9
[2022-12-12 14:14:56] [SEVERE ] player 2 placing token on slot 5
[2022-12-12 14:14:56] [SEVERE ] player 5 placing token on slot 8
[2022-12-12 14:14:56] [SEVERE ] removing player 5 token from slot 0
[2022-12-12 14:14:56] [SEVERE ] removing player 5 token from slot 4
[2022-12-12 14:14:56] [SEVERE ] removing player 5 token from slot 8
[2022-12-12 14:14:56] [SEVERE ] player 4 placing token on slot 9
[2022-12-12 14:14:56] [SEVERE ] removing player 4 token from slot 0
[2022-12-12 14:14:56] [SEVERE ] removing player 4 token from slot 8
[2022-12-12 14:14:56] [SEVERE ] removing player 4 token from slot 9
[2022-12-12 14:14:56] [SEVERE ] player 3 placing token on slot 1
[2022-12-12 14:14:56] [SEVERE ] removing player 3 token from slot 1
[2022-12-12 14:14:56] [SEVERE ] removing player 3 token from slot 8
[2022-12-12 14:14:56] [SEVERE ] removing player 3 token from slot 9
[2022-12-12 14:14:57] [SEVERE ] player 5 placing token on slot 7
[2022-12-12 14:14:57] [SEVERE ] player 2 placing token on slot 6
[2022-12-12 14:14:57] [SEVERE ] removing player 2 token from slot 2
[2022-12-12 14:14:57] [SEVERE ] removing player 2 token from slot 5
[2022-12-12 14:14:57] [SEVERE ] removing player 2 token from slot 6
[2022-12-12 14:14:57] [SEVERE ] player 4 placing token on slot 2
[2022-12-12 14:14:57] [SEVERE ] player 3 placing token on slot 8
[2022-12-12 14:14:57] [SEVERE ] player 5 placing token on slot 4
[2022-12-12 14:14:58] [SEVERE ] player 2 placing token on slot 7
[2022-12-12 14:14:58] [SEVERE ] player 3 placing token on slot 2
[2022-12-12 14:14:58] [SEVERE ] player 5 placing token on slot 1
[2022-12-12 14:14:58] [SEVERE ] removing player 5 token from slot 1
[2022-12-12 14:14:58] [SEVERE ] removing player 5 token from slot 4
[2022-12-12 14:14:58] [SEVERE ] removing player 5 token from slot 7
[2022-12-12 14:14:58] [SEVERE ] player 4 placing token on slot 4
[2022-12-12 14:14:58] [SEVERE ] player 2 placing token on slot 8
[2022-12-12 14:14:59] [SEVERE ] player 4 placing token on slot 3
[2022-12-12 14:14:59] [SEVERE ] removing player 4 token from slot 2
[2022-12-12 14:14:59] [SEVERE ] removing player 4 token from slot 3
[2022-12-12 14:14:59] [SEVERE ] removing player 4 token from slot 4
[2022-12-12 14:14:59] [SEVERE ] player 3 placing token on slot 10
[2022-12-12 14:14:59] [SEVERE ] removing player 3 token from slot 2
[2022-12-12 14:14:59] [SEVERE ] removing player 3 token from slot 8
[2022-12-12 14:14:59] [SEVERE ] removing player 3 token from slot 10
[2022-12-12 14:14:59] [SEVERE ] player 5 placing token on slot 2
[2022-12-12 14:14:59] [SEVERE ] player 2 placing token on slot 2
[2022-12-12 14:14:59] [SEVERE ] removing player 2 token from slot 2
[2022-12-12 14:14:59] [SEVERE ] removing player 2 token from slot 7
[2022-12-12 14:14:59] [SEVERE ] removing player 2 token from slot 8
[2022-12-12 14:14:59] [SEVERE ] player 5 placing token on slot 7
[2022-12-12 14:14:59] [SEVERE ] player 4 placing token on slot 2
[2022-12-12 14:15:00] [SEVERE ] player 3 placing token on slot 11
[2022-12-12 14:15:00] [SEVERE ] player 2 placing token on slot 0
[2022-12-12 14:15:00] [SEVERE ] player 4 placing token on slot 8
[2022-12-12 14:15:00] [SEVERE ] player 5 placing token on slot 0
[2022-12-12 14:15:00] [SEVERE ] removing player 5 token from slot 0
[2022-12-12 14:15:00] [SEVERE ] removing player 5 token from slot 2
[2022-12-12 14:15:00] [SEVERE ] removing player 5 token from slot 7
[2022-12-12 14:15:00] [SEVERE ] player 3 placing token on slot 10
[2022-12-12 14:15:01] [SEVERE ] player 4 placing token on slot 0
[2022-12-12 14:15:01] [SEVERE ] removing player 4 token from slot 0
[2022-12-12 14:15:01] [SEVERE ] removing player 4 token from slot 2
[2022-12-12 14:15:01] [SEVERE ] removing player 4 token from slot 8
[2022-12-12 14:15:01] [SEVERE ] player 2 placing token on slot 9
[2022-12-12 14:15:01] [SEVERE ] player 5 placing token on slot 2
[2022-12-12 14:15:01] [SEVERE ] player 3 placing token on slot 1
[2022-12-12 14:15:01] [SEVERE ] removing player 3 token from slot 1
[2022-12-12 14:15:01] [SEVERE ] removing player 3 token from slot 10
[2022-12-12 14:15:01] [SEVERE ] removing player 3 token from slot 11
[2022-12-12 14:15:01] [SEVERE ] player 2 placing token on slot 4
[2022-12-12 14:15:01] [SEVERE ] removing player 2 token from slot 0
[2022-12-12 14:15:01] [SEVERE ] removing player 2 token from slot 4
[2022-12-12 14:15:01] [SEVERE ] removing player 2 token from slot 9
[2022-12-12 14:15:02] [SEVERE ] player 4 placing token on slot 2
[2022-12-12 14:15:02] [SEVERE ] player 5 placing token on slot 3
[2022-12-12 14:15:02] [SEVERE ] player 2 placing token on slot 5
[2022-12-12 14:15:02] [SEVERE ] player 3 placing token on slot 1
[2022-12-12 14:15:02] [SEVERE ] player 4 placing token on slot 6
[2022-12-12 14:15:03] [SEVERE ] player 5 placing token on slot 10
[2022-12-12 14:15:03] [SEVERE ] removing player 5 token from slot 2
[2022-12-12 14:15:03] [SEVERE ] removing player 5 token from slot 3
[2022-12-12 14:15:03] [SEVERE ] removing player 5 token from slot 10
[2022-12-12 14:15:03] [SEVERE ] player 2 placing token on slot 4
[2022-12-12 14:15:03] [SEVERE ] player 3 placing token on slot 5
[2022-12-12 14:15:03] [SEVERE ] player 4 placing token on slot 4
[2022-12-12 14:15:03] [SEVERE ] removing player 4 token from slot 2
[2022-12-12 14:15:03] [SEVERE ] removing player 4 token from slot 4
[2022-12-12 14:15:03] [SEVERE ] removing player 4 token from slot 6
[2022-12-12 14:15:03] [SEVERE ] player 5 placing token on slot 11
[2022-12-12 14:15:04] [SEVERE ] player 3 placing token on slot 7
[2022-12-12 14:15:04] [SEVERE ] removing player 3 token from slot 1
[2022-12-12 14:15:04] [SEVERE ] removing player 3 token from slot 5
[2022-12-12 14:15:04] [SEVERE ] removing player 3 token from slot 7
[2022-12-12 14:15:04] [SEVERE ] player 4 placing token on slot 9
[2022-12-12 14:15:04] [SEVERE ] player 2 placing token on slot 11
[2022-12-12 14:15:04] [SEVERE ] removing player 2 token from slot 4
[2022-12-12 14:15:04] [SEVERE ] removing player 2 token from slot 5
[2022-12-12 14:15:04] [SEVERE ] removing player 2 token from slot 11
[2022-12-12 14:15:04] [SEVERE ] player 5 placing token on slot 2
[2022-12-12 14:15:04] [SEVERE ] player 4 placing token on slot 4
[2022-12-12 14:15:04] [SEVERE ] player 2 placing token on slot 4
[2022-12-12 14:15:04] [SEVERE ] player 3 placing token on slot 0
[2022-12-12 14:15:05] [SEVERE ] player 5 placing token on slot 0
[2022-12-12 14:15:05] [SEVERE ] removing player 5 token from slot 0
[2022-12-12 14:15:05] [SEVERE ] removing player 5 token from slot 2
[2022-12-12 14:15:05] [SEVERE ] removing player 5 token from slot 11
[2022-12-12 14:15:05] [SEVERE ] player 2 placing token on slot 8
[2022-12-12 14:15:05] [SEVERE ] player 4 placing token on slot 1
[2022-12-12 14:15:05] [SEVERE ] removing player 4 token from slot 1
[2022-12-12 14:15:05] [SEVERE ] removing player 4 token from slot 4
[2022-12-12 14:15:05] [SEVERE ] removing player 4 token from slot 9
[2022-12-12 14:15:05] [SEVERE ] player 5 placing token on slot 5
[2022-12-12 14:15:05] [SEVERE ] player 3 placing token on slot 5
[2022-12-12 14:15:06] [SEVERE ] player 2 placing token on slot 7
[2022-12-12 14:15:06] [SEVERE ] removing player 2 token from slot 4
[2022-12-12 14:15:06] [SEVERE ] removing player 2 token from slot 7
[2022-12-12 14:15:06] [SEVERE ] removing player 2 token from slot 8
[2022-12-12 14:15:06] [SEVERE ] player 5 placing token on slot 8
[2022-12-12 14:15:06] [SEVERE ] player 4 placing token on slot 4
[2022-12-12 14:15:06] [SEVERE ] player 3 placing token on slot 1
[2022-12-12 14:15:06] [SEVERE ] removing player 3 token from slot 0
[2022-12-12 14:15:06] [SEVERE ] removing player 3 token from slot 1
[2022-12-12 14:15:06] [SEVERE ] removing player 3 token from slot 5
[2022-12-12 14:15:06] [SEVERE ] player 2 placing token on slot 5
[2022-12-12 14:15:07] [SEVERE ] player 5 placing token on slot 2
[2022-12-12 14:15:07] [SEVERE ] removing player 5 token from slot 2
[2022-12-12 14:15:07] [SEVERE ] removing player 5 token from slot 5
[2022-12-12 14:15:07] [SEVERE ] removing player 5 token from slot 8
[2022-12-12 14:15:07] [SEVERE ] player 4 placing token on slot 7
[2022-12-12 14:15:07] [SEVERE ] player 3 placing token on slot 8
[2022-12-12 14:15:07] [SEVERE ] player 5 placing token on slot 6
[2022-12-12 14:15:07] [SEVERE ] player 2 placing token on slot 2
[2022-12-12 14:15:07] [SEVERE ] player 3 placing token on slot 4
[2022-12-12 14:15:07] [SEVERE ] player 4 placing token on slot 3
[2022-12-12 14:15:07] [SEVERE ] removing player 4 token from slot 3
[2022-12-12 14:15:07] [SEVERE ] removing player 4 token from slot 4
[2022-12-12 14:15:07] [SEVERE ] removing player 4 token from slot 7
[2022-12-12 14:15:08] [SEVERE ] player 5 placing token on slot 9
[2022-12-12 14:15:08] [SEVERE ] player 2 placing token on slot 1
[2022-12-12 14:15:08] [SEVERE ] removing player 2 token from slot 1
[2022-12-12 14:15:08] [SEVERE ] removing player 2 token from slot 2
[2022-12-12 14:15:08] [SEVERE ] removing player 2 token from slot 5
[2022-12-12 14:15:08] [SEVERE ] player 3 placing token on slot 1
[2022-12-12 14:15:08] [SEVERE ] removing player 3 token from slot 1
[2022-12-12 14:15:08] [SEVERE ] removing player 3 token from slot 4
[2022-12-12 14:15:08] [SEVERE ] removing player 3 token from slot 8
[2022-12-12 14:15:08] [SEVERE ] player 4 placing token on slot 8
[2022-12-12 14:15:09] [SEVERE ] player 2 placing token on slot 1
[2022-12-12 14:15:09] [SEVERE ] player 5 placing token on slot 2
[2022-12-12 14:15:09] [SEVERE ] removing player 5 token from slot 2
[2022-12-12 14:15:09] [SEVERE ] removing player 5 token from slot 6
[2022-12-12 14:15:09] [SEVERE ] removing player 5 token from slot 9
[2022-12-12 14:15:09] [SEVERE ] player 4 placing token on slot 7
[2022-12-12 14:15:09] [SEVERE ] player 3 placing token on slot 5
[2022-12-12 14:15:09] [SEVERE ] player 2 placing token on slot 3
[2022-12-12 14:15:10] [SEVERE ] player 5 placing token on slot 1
[2022-12-12 14:15:10] [SEVERE ] player 4 placing token on slot 4
[2022-12-12 14:15:10] [SEVERE ] removing player 4 token from slot 4
[2022-12-12 14:15:10] [SEVERE ] removing player 4 token from slot 7
[2022-12-12 14:15:10] [SEVERE ] removing player 4 token from slot 8
[2022-12-12 14:15:10] [SEVERE ] player 3 placing token on slot 1
[2022-12-12 14:15:10] [SEVERE ] player 2 placing token on slot 5
[2022-12-12 14:15:10] [SEVERE ] removing player 2 token from slot 1
[2022-12-12 14:15:10] [SEVERE ] removing player 2 token from slot 3
[2022-12-12 14:15:10] [SEVERE ] removing player 2 token from slot 5
[2022-12-12 14:15:10] [SEVERE ] player 4 placing token on slot 2
[2022-12-12 14:15:11] [SEVERE ] player 5 placing token on slot 3
[2022-12-12 14:15:11] [SEVERE ] player 3 placing token on slot 6
[2022-12-12 14:15:11] [SEVERE ] removing player 3 token from slot 1
[2022-12-12 14:15:11] [SEVERE ] removing player 3 token from slot 5
[2022-12-12 14:15:11] [SEVERE ] removing player 3 token from slot 6
[2022-12-12 14:15:11] [SEVERE ] player 2 placing token on slot 9
[2022-12-12 14:15:11] [SEVERE ] player 4 placing token on slot 4
[2022-12-12 14:15:12] [SEVERE ] player 3 placing token on slot 6
[2022-12-12 14:15:12] [SEVERE ] player 5 placing token on slot 5
[2022-12-12 14:15:12] [SEVERE ] removing player 5 token from slot 1
[2022-12-12 14:15:12] [SEVERE ] removing player 5 token from slot 3
[2022-12-12 14:15:12] [SEVERE ] removing player 5 token from slot 5
[2022-12-12 14:15:12] [SEVERE ] player 4 placing token on slot 8
[2022-12-12 14:15:12] [SEVERE ] removing player 4 token from slot 2
[2022-12-12 14:15:12] [SEVERE ] removing player 4 token from slot 4
[2022-12-12 14:15:12] [SEVERE ] removing player 4 token from slot 8
[2022-12-12 14:15:12] [SEVERE ] player 2 placing token on slot 0
[2022-12-12 14:15:12] [SEVERE ] player 5 placing token on slot 5
[2022-12-12 14:15:12] [SEVERE ] player 3 placing token on slot 8
[2022-12-12 14:15:12] [SEVERE ] player 4 placing token on slot 5
[2022-12-12 14:15:13] [SEVERE ] player 5 placing token on slot 2
[2022-12-12 14:15:13] [SEVERE ] player 2 placing token on slot 10
[2022-12-12 14:15:13] [SEVERE ] removing player 2 token from slot 0
[2022-12-12 14:15:13] [SEVERE ] removing player 2 token from slot 9
[2022-12-12 14:15:13] [SEVERE ] removing player 2 token from slot 10
[2022-12-12 14:15:13] [SEVERE ] player 4 placing token on slot 2
[2022-12-12 14:15:13] [SEVERE ] player 3 placing token on slot 9
[2022-12-12 14:15:13] [SEVERE ] removing player 3 token from slot 6
[2022-12-12 14:15:13] [SEVERE ] removing player 3 token from slot 8
[2022-12-12 14:15:13] [SEVERE ] removing player 3 token from slot 9
[2022-12-12 14:15:13] [SEVERE ] player 2 placing token on slot 8
[2022-12-12 14:15:14] [SEVERE ] player 5 placing token on slot 9
[2022-12-12 14:15:14] [SEVERE ] removing player 5 token from slot 2
[2022-12-12 14:15:14] [SEVERE ] removing player 5 token from slot 5
[2022-12-12 14:15:14] [SEVERE ] removing player 5 token from slot 9
[2022-12-12 14:15:14] [SEVERE ] player 4 placing token on slot 0
[2022-12-12 14:15:14] [SEVERE ] removing player 4 token from slot 0
[2022-12-12 14:15:14] [SEVERE ] removing player 4 token from slot 2
[2022-12-12 14:15:14] [SEVERE ] removing player 4 token from slot 5
[2022-12-12 14:15:14] [SEVERE ] player 3 placing token on slot 5
[2022-12-12 14:15:14] [SEVERE ] player 5 placing token on slot 0
[2022-12-12 14:15:14] [SEVERE ] player 2 placing token on slot 5
[2022-12-12 14:15:15] [SEVERE ] player 5 placing token on slot 7
[2022-12-12 14:15:15] [SEVERE ] player 2 placing token on slot 4
[2022-12-12 14:15:15] [SEVERE ] removing player 2 token from slot 4
[2022-12-12 14:15:15] [SEVERE ] removing player 2 token from slot 5
[2022-12-12 14:15:15] [SEVERE ] removing player 2 token from slot 8
[2022-12-12 14:15:15] [SEVERE ] player 3 placing token on slot 3
[2022-12-12 14:15:15] [SEVERE ] player 4 placing token on slot 6
[2022-12-12 14:15:16] [SEVERE ] player 5 placing token on slot 9
[2022-12-12 14:15:16] [SEVERE ] removing player 5 token from slot 0
[2022-12-12 14:15:16] [SEVERE ] removing player 5 token from slot 7
[2022-12-12 14:15:16] [SEVERE ] removing player 5 token from slot 9
[2022-12-12 14:15:16] [SEVERE ] player 3 placing token on slot 8
[2022-12-12 14:15:16] [SEVERE ] removing player 3 token from slot 3
[2022-12-12 14:15:16] [SEVERE ] removing player 3 token from slot 5
[2022-12-12 14:15:16] [SEVERE ] removing player 3 token from slot 8
[2022-12-12 14:15:16] [SEVERE ] player 2 placing token on slot 5
[2022-12-12 14:15:16] [SEVERE ] player 4 placing token on slot 4
[2022-12-12 14:15:16] [SEVERE ] player 5 placing token on slot 7
[2022-12-12 14:15:16] [SEVERE ] player 2 placing token on slot 9
[2022-12-12 14:15:16] [SEVERE ] player 4 placing token on slot 0
[2022-12-12 14:15:16] [SEVERE ] removing player 4 token from slot 0
[2022-12-12 14:15:16] [SEVERE ] removing player 4 token from slot 4
[2022-12-12 14:15:16] [SEVERE ] removing player 4 token from slot 6
[2022-12-12 14:15:16] [SEVERE ] player 3 placing token on slot 6
[2022-12-12 14:15:17] [SEVERE ] player 5 placing token on slot 10
[2022-12-12 14:15:17] [SEVERE ] player 2 placing token on slot 7
[2022-12-12 14:15:17] [SEVERE ] removing player 2 token from slot 5
[2022-12-12 14:15:17] [SEVERE ] removing player 2 token from slot 7
[2022-12-12 14:15:17] [SEVERE ] removing player 2 token from slot 9
[2022-12-12 14:15:17] [SEVERE ] player 4 placing token on slot 10
[2022-12-12 14:15:17] [SEVERE ] player 3 placing token on slot 5
[2022-12-12 14:15:17] [SEVERE ] player 2 placing token on slot 8
[2022-12-12 14:15:18] [SEVERE ] player 5 placing token on slot 5
[2022-12-12 14:15:18] [SEVERE ] removing player 5 token from slot 5
[2022-12-12 14:15:18] [SEVERE ] removing player 5 token from slot 7
[2022-12-12 14:15:18] [SEVERE ] removing player 5 token from slot 10
[2022-12-12 14:15:18] [SEVERE ] player 4 placing token on slot 9
[2022-12-12 14:15:18] [SEVERE ] player 3 placing token on slot 9
[2022-12-12 14:15:18] [SEVERE ] removing player 3 token from slot 5
[2022-12-12 14:15:18] [SEVERE ] removing player 3 token from slot 6
[2022-12-12 14:15:18] [SEVERE ] removing player 3 token from slot 9
[2022-12-12 14:15:18] [SEVERE ] player 2 placing token on slot 5
[2022-12-12 14:15:18] [SEVERE ] player 5 placing token on slot 2
[2022-12-12 14:15:19] [SEVERE ] player 3 placing token on slot 4
[2022-12-12 14:15:19] [SEVERE ] player 4 placing token on slot 0
[2022-12-12 14:15:19] [SEVERE ] removing player 4 token from slot 0
[2022-12-12 14:15:19] [SEVERE ] removing player 4 token from slot 9
[2022-12-12 14:15:19] [SEVERE ] removing player 4 token from slot 10
[2022-12-12 14:15:19] [SEVERE ] player 5 placing token on slot 6
[2022-12-12 14:15:19] [SEVERE ] player 2 placing token on slot 4
[2022-12-12 14:15:19] [SEVERE ] removing player 2 token from slot 4
[2022-12-12 14:15:19] [SEVERE ] removing player 2 token from slot 5
[2022-12-12 14:15:19] [SEVERE ] removing player 2 token from slot 8
[2022-12-12 14:15:19] [SEVERE ] player 3 placing token on slot 5
[2022-12-12 14:15:19] [SEVERE ] player 4 placing token on slot 9
[2022-12-12 14:15:20] [SEVERE ] player 2 placing token on slot 8
[2022-12-12 14:15:20] [SEVERE ] player 5 placing token on slot 11
[2022-12-12 14:15:20] [SEVERE ] removing player 5 token from slot 2
[2022-12-12 14:15:20] [SEVERE ] removing player 5 token from slot 6
[2022-12-12 14:15:20] [SEVERE ] removing player 5 token from slot 11
[2022-12-12 14:15:20] [SEVERE ] player 3 placing token on slot 10
[2022-12-12 14:15:20] [SEVERE ] removing player 3 token from slot 4
[2022-12-12 14:15:20] [SEVERE ] removing player 3 token from slot 5
[2022-12-12 14:15:20] [SEVERE ] removing player 3 token from slot 10
[2022-12-12 14:15:20] [SEVERE ] player 2 placing token on slot 11
[2022-12-12 14:15:20] [SEVERE ] player 4 placing token on slot 11
[2022-12-12 14:15:20] [SEVERE ] player 5 placing token on slot 10
[2022-12-12 14:15:21] [SEVERE ] player 3 placing token on slot 8
[2022-12-12 14:15:21] [SEVERE ] player 2 placing token on slot 0
[2022-12-12 14:15:21] [SEVERE ] removing player 2 token from slot 0
[2022-12-12 14:15:21] [SEVERE ] removing player 2 token from slot 8
[2022-12-12 14:15:21] [SEVERE ] removing player 2 token from slot 11
[2022-12-12 14:15:21] [SEVERE ] player 5 placing token on slot 8
[2022-12-12 14:15:21] [SEVERE ] player 4 placing token on slot 7
[2022-12-12 14:15:21] [SEVERE ] removing player 4 token from slot 7
[2022-12-12 14:15:21] [SEVERE ] removing player 4 token from slot 9
[2022-12-12 14:15:21] [SEVERE ] removing player 4 token from slot 11
[2022-12-12 14:15:22] [SEVERE ] player 2 placing token on slot 3
[2022-12-12 14:15:22] [SEVERE ] player 3 placing token on slot 6
[2022-12-12 14:15:22] [SEVERE ] player 5 placing token on slot 11
[2022-12-12 14:15:22] [SEVERE ] removing player 5 token from slot 8
[2022-12-12 14:15:22] [SEVERE ] removing player 5 token from slot 10
[2022-12-12 14:15:22] [SEVERE ] removing player 5 token from slot 11
[2022-12-12 14:15:22] [SEVERE ] player 2 placing token on slot 10
[2022-12-12 14:15:22] [SEVERE ] player 4 placing token on slot 5
[2022-12-12 14:15:22] [SEVERE ] player 3 placing token on slot 5
[2022-12-12 14:15:22] [SEVERE ] removing player 3 token from slot 5
[2022-12-12 14:15:22] [SEVERE ] removing player 3 token from slot 6
[2022-12-12 14:15:22] [SEVERE ] removing player 3 token from slot 8
[2022-12-12 14:15:22] [SEVERE ] player 5 placing token on slot 7
[2022-12-12 14:15:23] [SEVERE ] player 4 placing token on slot 10
[2022-12-12 14:15:23] [SEVERE ] player 2 placing token on slot 0
[2022-12-12 14:15:23] [SEVERE ] removing player 2 token from slot 0
[2022-12-12 14:15:23] [SEVERE ] removing player 2 token from slot 3
[2022-12-12 14:15:23] [SEVERE ] removing player 2 token from slot 10
[2022-12-12 14:15:23] [SEVERE ] player 3 placing token on slot 5
[2022-12-12 14:15:23] [SEVERE ] player 5 placing token on slot 4
[2022-12-12 14:15:24] [SEVERE ] player 4 placing token on slot 6
[2022-12-12 14:15:24] [SEVERE ] removing player 4 token from slot 5
[2022-12-12 14:15:24] [SEVERE ] removing player 4 token from slot 6
[2022-12-12 14:15:24] [SEVERE ] removing player 4 token from slot 10
[2022-12-12 14:15:24] [SEVERE ] player 2 placing token on slot 9
[2022-12-12 14:15:24] [SEVERE ] player 3 placing token on slot 1
[2022-12-12 14:15:24] [SEVERE ] player 4 placing token on slot 10
[2022-12-12 14:15:24] [SEVERE ] player 5 placing token on slot 1
[2022-12-12 14:15:24] [SEVERE ] removing player 5 token from slot 1
[2022-12-12 14:15:24] [SEVERE ] removing player 5 token from slot 4
[2022-12-12 14:15:24] [SEVERE ] removing player 5 token from slot 7
[2022-12-12 14:15:25] [SEVERE ] player 2 placing token on slot 3
[2022-12-12 14:15:25] [SEVERE ] player 4 placing token on slot 9
[2022-12-12 14:15:25] [SEVERE ] player 5 placing token on slot 11
[2022-12-12 14:15:25] [SEVERE ] player 3 placing token on slot 2
[2022-12-12 14:15:25] [SEVERE ] removing player 3 token from slot 1
[2022-12-12 14:15:25] [SEVERE ] removing player 3 token from slot 2
[2022-12-12 14:15:25] [SEVERE ] removing player 3 token from slot 5
[2022-12-12 14:15:25] [SEVERE ] player 2 placing token on slot 8
[2022-12-12 14:15:25] [SEVERE ] removing player 2 token from slot 3
[2022-12-12 14:15:25] [SEVERE ] removing player 2 token from slot 8
[2022-12-12 14:15:25] [SEVERE ] removing player 2 token from slot 9
[2022-12-12 14:15:25] [SEVERE ] player 4 placing token on slot 1
[2022-12-12 14:15:25] [SEVERE ] removing player 4 token from slot 1
[2022-12-12 14:15:25] [SEVERE ] removing player 4 token from slot 9
[2022-12-12 14:15:25] [SEVERE ] removing player 4 token from slot 10
[2022-12-12 14:15:26] [SEVERE ] player 5 placing token on slot 7
[2022-12-12 14:15:26] [SEVERE ] player 3 placing token on slot 4
[2022-12-12 14:15:26] [SEVERE ] player 2 placing token on slot 10
[2022-12-12 14:15:26] [SEVERE ] player 4 placing token on slot 1
[2022-12-12 14:15:26] [SEVERE ] player 5 placing token on slot 5
[2022-12-12 14:15:26] [SEVERE ] removing player 5 token from slot 5
[2022-12-12 14:15:26] [SEVERE ] removing player 5 token from slot 7
[2022-12-12 14:15:26] [SEVERE ] removing player 5 token from slot 11
[2022-12-12 14:15:26] [SEVERE ] player 3 placing token on slot 6
[2022-12-12 14:15:27] [SEVERE ] player 2 placing token on slot 7
[2022-12-12 14:15:27] [SEVERE ] player 5 placing token on slot 10
[2022-12-12 14:15:27] [SEVERE ] player 4 placing token on slot 11
[2022-12-12 14:15:27] [SEVERE ] player 3 placing token on slot 5
[2022-12-12 14:15:27] [SEVERE ] removing player 3 token from slot 4
[2022-12-12 14:15:27] [SEVERE ] removing player 3 token from slot 5
[2022-12-12 14:15:27] [SEVERE ] removing player 3 token from slot 6
[2022-12-12 14:15:28] [SEVERE ] player 2 placing token on slot 6
[2022-12-12 14:15:28] [SEVERE ] removing player 2 token from slot 6
[2022-12-12 14:15:28] [SEVERE ] removing player 2 token from slot 7
[2022-12-12 14:15:28] [SEVERE ] removing player 2 token from slot 10
[2022-12-12 14:15:28] [SEVERE ] player 4 placing token on slot 2
[2022-12-12 14:15:28] [SEVERE ] removing player 4 token from slot 1
[2022-12-12 14:15:28] [SEVERE ] removing player 4 token from slot 2
[2022-12-12 14:15:28] [SEVERE ] removing player 4 token from slot 11
[2022-12-12 14:15:28] [SEVERE ] player 5 placing token on slot 5
[2022-12-12 14:15:28] [SEVERE ] player 3 placing token on slot 10
[2022-12-12 14:15:28] [SEVERE ] player 5 placing token on slot 7
[2022-12-12 14:15:28] [SEVERE ] removing player 5 token from slot 5
[2022-12-12 14:15:28] [SEVERE ] removing player 5 token from slot 7
[2022-12-12 14:15:28] [SEVERE ] removing player 5 token from slot 10
[2022-12-12 14:15:28] [SEVERE ] player 2 placing token on slot 8
[2022-12-12 14:15:28] [SEVERE ] player 4 placing token on slot 4
[2022-12-12 14:15:29] [SEVERE ] player 3 placing token on slot 0
[2022-12-12 14:15:29] [SEVERE ] player 5 placing token on slot 2
[2022-12-12 14:15:29] [SEVERE ] player 2 placing token on slot 2
[2022-12-12 14:15:29] [SEVERE ] player 4 placing token on slot 3
[2022-12-12 14:15:29] [SEVERE ] player 3 placing token on slot 2
[2022-12-12 14:15:29] [SEVERE ] removing player 3 token from slot 0
[2022-12-12 14:15:29] [SEVERE ] removing player 3 token from slot 2
[2022-12-12 14:15:29] [SEVERE ] removing player 3 token from slot 10
[2022-12-12 14:15:30] [SEVERE ] player 2 placing token on slot 9
[2022-12-12 14:15:30] [SEVERE ] removing player 2 token from slot 2
[2022-12-12 14:15:30] [SEVERE ] removing player 2 token from slot 8
[2022-12-12 14:15:30] [SEVERE ] removing player 2 token from slot 9
[2022-12-12 14:15:30] [SEVERE ] player 4 placing token on slot 11
[2022-12-12 14:15:30] [SEVERE ] removing player 4 token from slot 3
[2022-12-12 14:15:30] [SEVERE ] removing player 4 token from slot 4
[2022-12-12 14:15:30] [SEVERE ] removing player 4 token from slot 11
[2022-12-12 14:15:30] [SEVERE ] player 5 placing token on slot 4
[2022-12-12 14:15:30] [SEVERE ] player 3 placing token on slot 9
[2022-12-12 14:15:31] [SEVERE ] player 2 placing token on slot 1
[2022-12-12 14:15:31] [SEVERE ] player 4 placing token on slot 4
[2022-12-12 14:15:31] [SEVERE ] player 5 placing token on slot 9
[2022-12-12 14:15:31] [SEVERE ] removing player 5 token from slot 2
[2022-12-12 14:15:31] [SEVERE ] removing player 5 token from slot 4
[2022-12-12 14:15:31] [SEVERE ] removing player 5 token from slot 9
