[2022-12-12 16:20:19] [INFO   ] cannot read configuration file config.properties trying from resources.
[2022-12-12 16:20:19] [INFO   ] configuration file was loaded from resources directory.
[2022-12-12 16:20:19] [INFO   ] Thread dealer starting.
[2022-12-12 16:20:19] [INFO   ] Thread Thread-1starting.
[2022-12-12 16:20:19] [INFO   ] Thread Thread-0starting.
[2022-12-12 16:20:19] [SEVERE ] placing card 46 in slot 0
[2022-12-12 16:20:19] [SEVERE ] placing card 24 in slot 1
[2022-12-12 16:20:19] [SEVERE ] placing card 49 in slot 2
[2022-12-12 16:20:19] [SEVERE ] placing card 9 in slot 3
[2022-12-12 16:20:20] [SEVERE ] placing card 63 in slot 4
[2022-12-12 16:20:20] [SEVERE ] placing card 67 in slot 5
[2022-12-12 16:20:20] [SEVERE ] placing card 35 in slot 6
[2022-12-12 16:20:20] [SEVERE ] placing card 79 in slot 7
[2022-12-12 16:20:20] [SEVERE ] placing card 60 in slot 8
[2022-12-12 16:20:20] [SEVERE ] placing card 5 in slot 9
[2022-12-12 16:20:20] [SEVERE ] placing card 37 in slot 10
[2022-12-12 16:20:20] [SEVERE ] placing card 4 in slot 11
[2022-12-12 16:20:21] [SEVERE ] Key 81 was pressed by player 0
[2022-12-12 16:20:21] [SEVERE ] player 0 placing token on slot 0
[2022-12-12 16:20:22] [SEVERE ] Key 87 was pressed by player 0
[2022-12-12 16:20:22] [SEVERE ] player 0 placing token on slot 1
[2022-12-12 16:20:22] [SEVERE ] Key 69 was pressed by player 0
[2022-12-12 16:20:22] [SEVERE ] player 0 placing token on slot 2
[2022-12-12 16:20:23] [SEVERE ] Key 81 was pressed by player 0
[2022-12-12 16:20:26] [SEVERE ] removing player 0 token from slot 0
