[2022-12-10 12:11:19] [INFO   ] cannot read configuration file config.properties trying from resources.
[2022-12-10 12:11:19] [INFO   ] configuration file was loaded from resources directory.
[2022-12-10 12:11:19] [INFO   ] Thread Thread-0starting.
[2022-12-10 12:11:19] [INFO   ] Thread Thread-2starting.
[2022-12-10 12:11:19] [INFO   ] Thread Thread-1starting.
[2022-12-10 12:11:19] [INFO   ] Thread dealer starting.
[2022-12-10 12:11:19] [INFO   ] Thread computer-2 starting.
[2022-12-10 12:11:19] [SEVERE ] player 2 placing token on slot 10
[2022-12-10 12:11:19] [SEVERE ] placing card 5 in slot 0
[2022-12-10 12:11:20] [SEVERE ] placing card 22 in slot 1
[2022-12-10 12:11:20] [SEVERE ] placing card 29 in slot 2
[2022-12-10 12:11:20] [SEVERE ] placing card 47 in slot 3
[2022-12-10 12:11:20] [SEVERE ] placing card 72 in slot 4
[2022-12-10 12:11:20] [SEVERE ] placing card 1 in slot 5
[2022-12-10 12:11:20] [SEVERE ] placing card 71 in slot 6
[2022-12-10 12:11:20] [SEVERE ] placing card 79 in slot 7
[2022-12-10 12:11:20] [SEVERE ] placing card 44 in slot 8
[2022-12-10 12:11:20] [SEVERE ] placing card 7 in slot 9
[2022-12-10 12:11:21] [SEVERE ] placing card 73 in slot 10
[2022-12-10 12:11:21] [SEVERE ] placing card 26 in slot 11
