[2022-12-12 20:25:10] [INFO   ] cannot read configuration file config.properties trying from resources.
[2022-12-12 20:25:10] [INFO   ] configuration file was loaded from resources directory.
[2022-12-12 20:25:10] [INFO   ] Thread Thread-0starting.
[2022-12-12 20:25:10] [INFO   ] Thread Thread-2starting.
[2022-12-12 20:25:10] [INFO   ] Thread dealer starting.
[2022-12-12 20:25:10] [INFO   ] Thread Thread-1starting.
[2022-12-12 20:25:10] [INFO   ] Thread computer-2 starting.
[2022-12-12 20:25:10] [SEVERE ] placing card 20 in slot 0
[2022-12-12 20:25:10] [SEVERE ] placing card 61 in slot 1
[2022-12-12 20:25:10] [SEVERE ] placing card 55 in slot 2
[2022-12-12 20:25:10] [SEVERE ] placing card 79 in slot 3
[2022-12-12 20:25:11] [SEVERE ] placing card 31 in slot 4
[2022-12-12 20:25:11] [SEVERE ] placing card 67 in slot 5
[2022-12-12 20:25:11] [SEVERE ] placing card 21 in slot 6
[2022-12-12 20:25:11] [SEVERE ] placing card 36 in slot 7
[2022-12-12 20:25:11] [SEVERE ] placing card 69 in slot 8
[2022-12-12 20:25:11] [SEVERE ] placing card 38 in slot 9
[2022-12-12 20:25:11] [SEVERE ] placing card 45 in slot 10
[2022-12-12 20:25:11] [SEVERE ] placing card 59 in slot 11
[2022-12-12 20:25:11] [SEVERE ] player 2 placing token on slot 2
[2022-12-12 20:25:11] [SEVERE ] player 2 placing token on slot 9
[2022-12-12 20:25:11] [SEVERE ] player 2 placing token on slot 5
[2022-12-12 20:25:11] [SEVERE ] removing player 2 token from slot 2
[2022-12-12 20:25:11] [SEVERE ] removing player 2 token from slot 5
[2022-12-12 20:25:11] [SEVERE ] removing player 2 token from slot 9
[2022-12-12 20:25:11] [SEVERE ] player 2 placing token on slot 4
[2022-12-12 20:25:11] [SEVERE ] player 2 placing token on slot 1
[2022-12-12 20:25:12] [SEVERE ] player 2 placing token on slot 0
[2022-12-12 20:25:12] [SEVERE ] removing player 2 token from slot 0
[2022-12-12 20:25:12] [SEVERE ] removing player 2 token from slot 1
[2022-12-12 20:25:12] [SEVERE ] removing player 2 token from slot 4
[2022-12-12 20:25:12] [SEVERE ] player 2 placing token on slot 10
[2022-12-12 20:25:12] [SEVERE ] player 2 placing token on slot 0
[2022-12-12 20:25:12] [SEVERE ] player 2 placing token on slot 6
[2022-12-12 20:25:12] [SEVERE ] removing player 2 token from slot 0
[2022-12-12 20:25:12] [SEVERE ] removing player 2 token from slot 6
[2022-12-12 20:25:12] [SEVERE ] removing player 2 token from slot 10
[2022-12-12 20:25:12] [SEVERE ] player 2 placing token on slot 9
[2022-12-12 20:25:12] [SEVERE ] player 2 placing token on slot 3
[2022-12-12 20:25:12] [SEVERE ] player 2 placing token on slot 0
[2022-12-12 20:25:12] [SEVERE ] removing player 2 token from slot 0
[2022-12-12 20:25:12] [SEVERE ] removing player 2 token from slot 3
[2022-12-12 20:25:12] [SEVERE ] removing player 2 token from slot 9
[2022-12-12 20:25:12] [SEVERE ] player 2 placing token on slot 7
[2022-12-12 20:25:12] [SEVERE ] player 2 placing token on slot 8
[2022-12-12 20:25:12] [SEVERE ] player 2 placing token on slot 4
[2022-12-12 20:25:12] [SEVERE ] removing player 2 token from slot 4
[2022-12-12 20:25:12] [SEVERE ] removing player 2 token from slot 7
[2022-12-12 20:25:12] [SEVERE ] removing player 2 token from slot 8
[2022-12-12 20:25:12] [SEVERE ] player 2 placing token on slot 3
[2022-12-12 20:25:12] [SEVERE ] player 2 placing token on slot 11
[2022-12-12 20:25:12] [SEVERE ] player 2 placing token on slot 1
[2022-12-12 20:25:12] [SEVERE ] removing player 2 token from slot 1
[2022-12-12 20:25:12] [SEVERE ] removing player 2 token from slot 3
[2022-12-12 20:25:12] [SEVERE ] removing player 2 token from slot 11
[2022-12-12 20:25:12] [SEVERE ] player 2 placing token on slot 0
[2022-12-12 20:25:12] [SEVERE ] player 2 placing token on slot 7
[2022-12-12 20:25:12] [SEVERE ] player 2 placing token on slot 10
[2022-12-12 20:25:12] [SEVERE ] removing player 2 token from slot 0
[2022-12-12 20:25:12] [SEVERE ] removing player 2 token from slot 7
[2022-12-12 20:25:12] [SEVERE ] removing player 2 token from slot 10
[2022-12-12 20:25:12] [SEVERE ] player 2 placing token on slot 11
[2022-12-12 20:25:12] [SEVERE ] player 2 placing token on slot 10
[2022-12-12 20:25:12] [SEVERE ] player 2 placing token on slot 5
[2022-12-12 20:25:12] [SEVERE ] removing player 2 token from slot 5
[2022-12-12 20:25:12] [SEVERE ] removing player 2 token from slot 10
[2022-12-12 20:25:12] [SEVERE ] removing player 2 token from slot 11
[2022-12-12 20:25:12] [SEVERE ] player 2 placing token on slot 9
[2022-12-12 20:25:12] [SEVERE ] player 2 placing token on slot 2
[2022-12-12 20:25:12] [SEVERE ] player 2 placing token on slot 5
[2022-12-12 20:25:12] [SEVERE ] removing player 2 token from slot 2
[2022-12-12 20:25:12] [SEVERE ] removing player 2 token from slot 5
[2022-12-12 20:25:12] [SEVERE ] removing player 2 token from slot 9
[2022-12-12 20:25:12] [SEVERE ] player 2 placing token on slot 3
[2022-12-12 20:25:12] [SEVERE ] player 2 placing token on slot 0
[2022-12-12 20:25:12] [SEVERE ] player 2 placing token on slot 8
[2022-12-12 20:25:12] [SEVERE ] removing player 2 token from slot 0
[2022-12-12 20:25:12] [SEVERE ] removing player 2 token from slot 3
[2022-12-12 20:25:12] [SEVERE ] removing player 2 token from slot 8
[2022-12-12 20:25:12] [SEVERE ] player 2 placing token on slot 4
[2022-12-12 20:25:12] [SEVERE ] player 2 placing token on slot 9
[2022-12-12 20:25:12] [SEVERE ] player 2 placing token on slot 1
[2022-12-12 20:25:12] [SEVERE ] removing player 2 token from slot 1
[2022-12-12 20:25:12] [SEVERE ] removing player 2 token from slot 4
[2022-12-12 20:25:12] [SEVERE ] removing player 2 token from slot 9
[2022-12-12 20:25:12] [SEVERE ] player 2 placing token on slot 7
[2022-12-12 20:25:12] [SEVERE ] player 2 placing token on slot 4
[2022-12-12 20:25:12] [SEVERE ] player 2 placing token on slot 11
[2022-12-12 20:25:12] [SEVERE ] removing player 2 token from slot 4
[2022-12-12 20:25:12] [SEVERE ] removing player 2 token from slot 7
[2022-12-12 20:25:12] [SEVERE ] removing player 2 token from slot 11
[2022-12-12 20:25:12] [SEVERE ] player 2 placing token on slot 5
[2022-12-12 20:25:12] [SEVERE ] player 2 placing token on slot 2
[2022-12-12 20:25:12] [SEVERE ] player 2 placing token on slot 6
[2022-12-12 20:25:12] [SEVERE ] removing player 2 token from slot 2
[2022-12-12 20:25:12] [SEVERE ] removing player 2 token from slot 5
[2022-12-12 20:25:12] [SEVERE ] removing player 2 token from slot 6
[2022-12-12 20:25:12] [SEVERE ] player 2 placing token on slot 1
[2022-12-12 20:25:12] [SEVERE ] player 2 placing token on slot 6
[2022-12-12 20:25:12] [SEVERE ] player 2 placing token on slot 0
[2022-12-12 20:25:12] [SEVERE ] removing player 2 token from slot 0
[2022-12-12 20:25:12] [SEVERE ] removing player 2 token from slot 1
[2022-12-12 20:25:12] [SEVERE ] removing player 2 token from slot 6
[2022-12-12 20:25:12] [SEVERE ] player 2 placing token on slot 9
[2022-12-12 20:25:12] [SEVERE ] player 2 placing token on slot 5
[2022-12-12 20:25:12] [SEVERE ] player 2 placing token on slot 1
[2022-12-12 20:25:12] [SEVERE ] removing player 2 token from slot 1
[2022-12-12 20:25:12] [SEVERE ] removing player 2 token from slot 5
[2022-12-12 20:25:12] [SEVERE ] removing player 2 token from slot 9
[2022-12-12 20:25:12] [SEVERE ] player 2 placing token on slot 7
[2022-12-12 20:25:12] [SEVERE ] player 2 placing token on slot 4
[2022-12-12 20:25:12] [SEVERE ] player 2 placing token on slot 6
[2022-12-12 20:25:12] [SEVERE ] removing player 2 token from slot 4
[2022-12-12 20:25:12] [SEVERE ] removing player 2 token from slot 6
[2022-12-12 20:25:12] [SEVERE ] removing player 2 token from slot 7
[2022-12-12 20:25:12] [SEVERE ] player 2 placing token on slot 9
[2022-12-12 20:25:12] [SEVERE ] player 2 placing token on slot 2
[2022-12-12 20:25:12] [SEVERE ] player 2 placing token on slot 0
[2022-12-12 20:25:12] [SEVERE ] removing player 2 token from slot 0
[2022-12-12 20:25:12] [SEVERE ] removing player 2 token from slot 2
[2022-12-12 20:25:12] [SEVERE ] removing player 2 token from slot 9
[2022-12-12 20:25:12] [SEVERE ] player 2 placing token on slot 10
[2022-12-12 20:25:12] [SEVERE ] player 2 placing token on slot 0
[2022-12-12 20:25:13] [SEVERE ] player 2 placing token on slot 11
[2022-12-12 20:25:13] [SEVERE ] removing player 2 token from slot 0
[2022-12-12 20:25:13] [SEVERE ] removing player 2 token from slot 10
[2022-12-12 20:25:13] [SEVERE ] removing player 2 token from slot 11
[2022-12-12 20:25:13] [SEVERE ] player 2 placing token on slot 2
[2022-12-12 20:25:13] [SEVERE ] player 2 placing token on slot 7
[2022-12-12 20:25:13] [SEVERE ] player 2 placing token on slot 8
[2022-12-12 20:25:13] [SEVERE ] removing player 2 token from slot 2
[2022-12-12 20:25:13] [SEVERE ] removing player 2 token from slot 7
[2022-12-12 20:25:13] [SEVERE ] removing player 2 token from slot 8
[2022-12-12 20:25:13] [SEVERE ] player 2 placing token on slot 11
[2022-12-12 20:25:13] [SEVERE ] player 2 placing token on slot 5
[2022-12-12 20:25:13] [SEVERE ] player 2 placing token on slot 2
[2022-12-12 20:25:13] [SEVERE ] removing player 2 token from slot 2
[2022-12-12 20:25:13] [SEVERE ] removing player 2 token from slot 5
[2022-12-12 20:25:13] [SEVERE ] removing player 2 token from slot 11
[2022-12-12 20:25:13] [SEVERE ] player 2 placing token on slot 9
[2022-12-12 20:25:13] [SEVERE ] player 2 placing token on slot 10
[2022-12-12 20:25:13] [SEVERE ] player 2 placing token on slot 0
[2022-12-12 20:25:13] [SEVERE ] removing player 2 token from slot 0
[2022-12-12 20:25:13] [SEVERE ] removing player 2 token from slot 9
[2022-12-12 20:25:13] [SEVERE ] removing player 2 token from slot 10
[2022-12-12 20:25:13] [SEVERE ] player 2 placing token on slot 7
[2022-12-12 20:25:13] [SEVERE ] player 2 placing token on slot 3
[2022-12-12 20:25:13] [SEVERE ] player 2 placing token on slot 2
[2022-12-12 20:25:13] [SEVERE ] removing player 2 token from slot 2
[2022-12-12 20:25:13] [SEVERE ] removing player 2 token from slot 3
[2022-12-12 20:25:13] [SEVERE ] removing player 2 token from slot 7
[2022-12-12 20:25:13] [SEVERE ] player 2 placing token on slot 5
[2022-12-12 20:25:13] [SEVERE ] player 2 placing token on slot 4
[2022-12-12 20:25:13] [SEVERE ] player 2 placing token on slot 10
[2022-12-12 20:25:13] [SEVERE ] removing player 2 token from slot 4
[2022-12-12 20:25:13] [SEVERE ] removing player 2 token from slot 5
[2022-12-12 20:25:13] [SEVERE ] removing player 2 token from slot 10
[2022-12-12 20:25:13] [SEVERE ] player 2 placing token on slot 9
[2022-12-12 20:25:13] [SEVERE ] player 2 placing token on slot 0
[2022-12-12 20:25:13] [SEVERE ] player 2 placing token on slot 8
[2022-12-12 20:25:13] [SEVERE ] removing player 2 token from slot 0
[2022-12-12 20:25:13] [SEVERE ] removing player 2 token from slot 8
[2022-12-12 20:25:13] [SEVERE ] removing player 2 token from slot 9
[2022-12-12 20:25:13] [SEVERE ] player 2 placing token on slot 2
[2022-12-12 20:25:13] [SEVERE ] player 2 placing token on slot 10
[2022-12-12 20:25:13] [SEVERE ] player 2 placing token on slot 1
[2022-12-12 20:25:13] [SEVERE ] removing player 2 token from slot 1
[2022-12-12 20:25:13] [SEVERE ] removing player 2 token from slot 2
[2022-12-12 20:25:13] [SEVERE ] removing player 2 token from slot 10
[2022-12-12 20:25:13] [SEVERE ] player 2 placing token on slot 4
[2022-12-12 20:25:13] [SEVERE ] player 2 placing token on slot 1
[2022-12-12 20:25:13] [SEVERE ] player 2 placing token on slot 9
[2022-12-12 20:25:13] [SEVERE ] removing player 2 token from slot 1
[2022-12-12 20:25:13] [SEVERE ] removing player 2 token from slot 4
[2022-12-12 20:25:13] [SEVERE ] removing player 2 token from slot 9
[2022-12-12 20:25:13] [SEVERE ] player 2 placing token on slot 0
[2022-12-12 20:25:13] [SEVERE ] player 2 placing token on slot 11
[2022-12-12 20:25:13] [SEVERE ] player 2 placing token on slot 10
[2022-12-12 20:25:13] [SEVERE ] removing player 2 token from slot 0
[2022-12-12 20:25:13] [SEVERE ] removing player 2 token from slot 10
[2022-12-12 20:25:13] [SEVERE ] removing player 2 token from slot 11
[2022-12-12 20:25:13] [SEVERE ] player 2 placing token on slot 1
[2022-12-12 20:25:13] [SEVERE ] player 2 placing token on slot 6
[2022-12-12 20:25:13] [SEVERE ] player 2 placing token on slot 5
[2022-12-12 20:25:13] [SEVERE ] removing player 2 token from slot 1
[2022-12-12 20:25:13] [SEVERE ] removing player 2 token from slot 5
[2022-12-12 20:25:13] [SEVERE ] removing player 2 token from slot 6
[2022-12-12 20:25:13] [SEVERE ] player 2 placing token on slot 0
[2022-12-12 20:25:13] [SEVERE ] player 2 placing token on slot 6
[2022-12-12 20:25:13] [SEVERE ] player 2 placing token on slot 8
[2022-12-12 20:25:13] [SEVERE ] removing player 2 token from slot 0
[2022-12-12 20:25:13] [SEVERE ] removing player 2 token from slot 6
[2022-12-12 20:25:13] [SEVERE ] removing player 2 token from slot 8
[2022-12-12 20:25:13] [SEVERE ] player 2 placing token on slot 5
[2022-12-12 20:25:13] [SEVERE ] player 2 placing token on slot 4
[2022-12-12 20:25:13] [SEVERE ] player 2 placing token on slot 6
[2022-12-12 20:25:13] [SEVERE ] removing player 2 token from slot 4
[2022-12-12 20:25:13] [SEVERE ] removing player 2 token from slot 5
[2022-12-12 20:25:13] [SEVERE ] removing player 2 token from slot 6
[2022-12-12 20:25:13] [SEVERE ] player 2 placing token on slot 9
[2022-12-12 20:25:13] [SEVERE ] player 2 placing token on slot 3
[2022-12-12 20:25:13] [SEVERE ] player 2 placing token on slot 0
[2022-12-12 20:25:13] [SEVERE ] removing player 2 token from slot 0
[2022-12-12 20:25:13] [SEVERE ] removing player 2 token from slot 3
[2022-12-12 20:25:13] [SEVERE ] removing player 2 token from slot 9
[2022-12-12 20:25:13] [SEVERE ] player 2 placing token on slot 2
[2022-12-12 20:25:13] [SEVERE ] player 2 placing token on slot 11
[2022-12-12 20:25:13] [SEVERE ] player 2 placing token on slot 3
[2022-12-12 20:25:13] [SEVERE ] removing player 2 token from slot 2
[2022-12-12 20:25:13] [SEVERE ] removing player 2 token from slot 3
[2022-12-12 20:25:13] [SEVERE ] removing player 2 token from slot 11
[2022-12-12 20:25:13] [SEVERE ] player 2 placing token on slot 1
[2022-12-12 20:25:13] [SEVERE ] player 2 placing token on slot 6
[2022-12-12 20:25:13] [SEVERE ] player 2 placing token on slot 7
[2022-12-12 20:25:13] [SEVERE ] removing player 2 token from slot 1
[2022-12-12 20:25:13] [SEVERE ] removing player 2 token from slot 6
[2022-12-12 20:25:13] [SEVERE ] removing player 2 token from slot 7
[2022-12-12 20:25:13] [SEVERE ] player 2 placing token on slot 8
[2022-12-12 20:25:13] [SEVERE ] player 2 placing token on slot 1
[2022-12-12 20:25:13] [SEVERE ] player 2 placing token on slot 2
[2022-12-12 20:25:13] [SEVERE ] removing player 2 token from slot 1
[2022-12-12 20:25:13] [SEVERE ] removing player 2 token from slot 2
[2022-12-12 20:25:13] [SEVERE ] removing player 2 token from slot 8
[2022-12-12 20:25:13] [SEVERE ] player 2 placing token on slot 7
[2022-12-12 20:25:14] [SEVERE ] player 2 placing token on slot 3
[2022-12-12 20:25:14] [SEVERE ] player 2 placing token on slot 11
[2022-12-12 20:25:14] [SEVERE ] removing player 2 token from slot 3
[2022-12-12 20:25:14] [SEVERE ] removing player 2 token from slot 7
[2022-12-12 20:25:14] [SEVERE ] removing player 2 token from slot 11
[2022-12-12 20:25:14] [SEVERE ] player 2 placing token on slot 9
[2022-12-12 20:25:14] [SEVERE ] player 2 placing token on slot 1
[2022-12-12 20:25:14] [SEVERE ] player 2 placing token on slot 11
[2022-12-12 20:25:14] [SEVERE ] removing player 2 token from slot 1
[2022-12-12 20:25:14] [SEVERE ] removing player 2 token from slot 9
[2022-12-12 20:25:14] [SEVERE ] removing player 2 token from slot 11
[2022-12-12 20:25:14] [SEVERE ] player 2 placing token on slot 3
[2022-12-12 20:25:14] [SEVERE ] player 2 placing token on slot 7
[2022-12-12 20:25:14] [SEVERE ] player 2 placing token on slot 4
[2022-12-12 20:25:14] [SEVERE ] removing player 2 token from slot 3
[2022-12-12 20:25:14] [SEVERE ] removing player 2 token from slot 4
[2022-12-12 20:25:14] [SEVERE ] removing player 2 token from slot 7
[2022-12-12 20:25:14] [SEVERE ] player 2 placing token on slot 10
[2022-12-12 20:25:14] [SEVERE ] player 2 placing token on slot 8
[2022-12-12 20:25:14] [SEVERE ] player 2 placing token on slot 1
[2022-12-12 20:25:14] [SEVERE ] removing player 2 token from slot 1
[2022-12-12 20:25:14] [SEVERE ] removing player 2 token from slot 8
[2022-12-12 20:25:14] [SEVERE ] removing player 2 token from slot 10
[2022-12-12 20:25:14] [SEVERE ] player 2 placing token on slot 4
[2022-12-12 20:25:14] [SEVERE ] player 2 placing token on slot 0
[2022-12-12 20:25:14] [SEVERE ] player 2 placing token on slot 3
[2022-12-12 20:25:14] [SEVERE ] removing player 2 token from slot 0
[2022-12-12 20:25:14] [SEVERE ] removing player 2 token from slot 3
[2022-12-12 20:25:14] [SEVERE ] removing player 2 token from slot 4
[2022-12-12 20:25:14] [SEVERE ] player 2 placing token on slot 11
[2022-12-12 20:25:14] [SEVERE ] player 2 placing token on slot 6
[2022-12-12 20:25:14] [SEVERE ] player 2 placing token on slot 10
[2022-12-12 20:25:14] [SEVERE ] removing player 2 token from slot 6
[2022-12-12 20:25:14] [SEVERE ] removing player 2 token from slot 10
[2022-12-12 20:25:14] [SEVERE ] removing player 2 token from slot 11
[2022-12-12 20:25:14] [SEVERE ] player 2 placing token on slot 4
[2022-12-12 20:25:14] [SEVERE ] player 2 placing token on slot 11
[2022-12-12 20:25:14] [SEVERE ] player 2 placing token on slot 10
[2022-12-12 20:25:14] [SEVERE ] removing player 2 token from slot 4
[2022-12-12 20:25:14] [SEVERE ] removing player 2 token from slot 10
[2022-12-12 20:25:14] [SEVERE ] removing player 2 token from slot 11
[2022-12-12 20:25:14] [SEVERE ] player 2 placing token on slot 3
[2022-12-12 20:25:14] [SEVERE ] player 2 placing token on slot 6
[2022-12-12 20:25:14] [SEVERE ] player 2 placing token on slot 0
[2022-12-12 20:25:14] [SEVERE ] removing player 2 token from slot 0
[2022-12-12 20:25:14] [SEVERE ] removing player 2 token from slot 3
[2022-12-12 20:25:14] [SEVERE ] removing player 2 token from slot 6
[2022-12-12 20:25:14] [SEVERE ] player 2 placing token on slot 8
[2022-12-12 20:25:14] [SEVERE ] player 2 placing token on slot 0
[2022-12-12 20:25:14] [SEVERE ] player 2 placing token on slot 11
[2022-12-12 20:25:14] [SEVERE ] removing player 2 token from slot 0
[2022-12-12 20:25:14] [SEVERE ] removing player 2 token from slot 8
[2022-12-12 20:25:14] [SEVERE ] removing player 2 token from slot 11
[2022-12-12 20:25:14] [SEVERE ] player 2 placing token on slot 4
[2022-12-12 20:25:14] [SEVERE ] player 2 placing token on slot 9
[2022-12-12 20:25:14] [SEVERE ] player 2 placing token on slot 7
[2022-12-12 20:25:14] [SEVERE ] removing player 2 token from slot 4
[2022-12-12 20:25:14] [SEVERE ] removing player 2 token from slot 7
[2022-12-12 20:25:14] [SEVERE ] removing player 2 token from slot 9
[2022-12-12 20:25:14] [SEVERE ] player 2 placing token on slot 11
[2022-12-12 20:25:14] [SEVERE ] player 2 placing token on slot 0
[2022-12-12 20:25:14] [SEVERE ] player 2 placing token on slot 9
[2022-12-12 20:25:14] [SEVERE ] removing player 2 token from slot 0
[2022-12-12 20:25:14] [SEVERE ] removing player 2 token from slot 9
[2022-12-12 20:25:14] [SEVERE ] removing player 2 token from slot 11
[2022-12-12 20:25:14] [SEVERE ] player 2 placing token on slot 10
[2022-12-12 20:25:14] [SEVERE ] player 2 placing token on slot 5
[2022-12-12 20:25:14] [SEVERE ] player 2 placing token on slot 8
[2022-12-12 20:25:14] [SEVERE ] removing player 2 token from slot 5
[2022-12-12 20:25:14] [SEVERE ] removing player 2 token from slot 8
[2022-12-12 20:25:14] [SEVERE ] removing player 2 token from slot 10
[2022-12-12 20:25:14] [SEVERE ] player 2 placing token on slot 6
[2022-12-12 20:25:14] [SEVERE ] player 2 placing token on slot 9
[2022-12-12 20:25:14] [SEVERE ] player 2 placing token on slot 0
[2022-12-12 20:25:14] [SEVERE ] removing player 2 token from slot 0
[2022-12-12 20:25:14] [SEVERE ] removing player 2 token from slot 6
[2022-12-12 20:25:14] [SEVERE ] removing player 2 token from slot 9
[2022-12-12 20:25:14] [SEVERE ] player 2 placing token on slot 11
[2022-12-12 20:25:14] [SEVERE ] player 2 placing token on slot 5
[2022-12-12 20:25:14] [SEVERE ] player 2 placing token on slot 4
[2022-12-12 20:25:14] [SEVERE ] removing player 2 token from slot 4
[2022-12-12 20:25:14] [SEVERE ] removing player 2 token from slot 5
[2022-12-12 20:25:14] [SEVERE ] removing player 2 token from slot 11
[2022-12-12 20:25:14] [SEVERE ] player 2 placing token on slot 3
[2022-12-12 20:25:14] [SEVERE ] player 2 placing token on slot 8
[2022-12-12 20:25:14] [SEVERE ] player 2 placing token on slot 1
[2022-12-12 20:25:14] [SEVERE ] removing player 2 token from slot 1
[2022-12-12 20:25:14] [SEVERE ] removing player 2 token from slot 3
[2022-12-12 20:25:14] [SEVERE ] removing player 2 token from slot 8
[2022-12-12 20:25:14] [SEVERE ] player 2 placing token on slot 2
[2022-12-12 20:25:14] [SEVERE ] player 2 placing token on slot 4
[2022-12-12 20:25:14] [SEVERE ] player 2 placing token on slot 11
[2022-12-12 20:25:14] [SEVERE ] removing player 2 token from slot 2
[2022-12-12 20:25:14] [SEVERE ] removing player 2 token from slot 4
[2022-12-12 20:25:14] [SEVERE ] removing player 2 token from slot 11
[2022-12-12 20:25:14] [SEVERE ] player 2 placing token on slot 10
[2022-12-12 20:25:14] [SEVERE ] player 2 placing token on slot 0
[2022-12-12 20:25:15] [SEVERE ] player 2 placing token on slot 6
[2022-12-12 20:25:15] [SEVERE ] removing player 2 token from slot 0
[2022-12-12 20:25:15] [SEVERE ] removing player 2 token from slot 6
[2022-12-12 20:25:15] [SEVERE ] removing player 2 token from slot 10
[2022-12-12 20:25:15] [SEVERE ] player 2 placing token on slot 4
[2022-12-12 20:25:15] [SEVERE ] player 2 placing token on slot 6
[2022-12-12 20:25:15] [SEVERE ] player 2 placing token on slot 7
[2022-12-12 20:25:15] [SEVERE ] removing player 2 token from slot 4
[2022-12-12 20:25:15] [SEVERE ] removing player 2 token from slot 6
[2022-12-12 20:25:15] [SEVERE ] removing player 2 token from slot 7
[2022-12-12 20:25:15] [SEVERE ] player 2 placing token on slot 5
[2022-12-12 20:25:15] [SEVERE ] player 2 placing token on slot 3
[2022-12-12 20:25:15] [SEVERE ] player 2 placing token on slot 2
[2022-12-12 20:25:15] [SEVERE ] player 2 placing token on slot 6
[2022-12-12 20:25:15] [SEVERE ] removing tokens from slot 2
[2022-12-12 20:25:15] [SEVERE ] removing card from slot 2
[2022-12-12 20:25:15] [SEVERE ] player 2 placing token on slot 8
[2022-12-12 20:25:15] [SEVERE ] removing tokens from slot 3
[2022-12-12 20:25:15] [SEVERE ] removing card from slot 3
[2022-12-12 20:25:15] [SEVERE ] player 2 placing token on slot 0
[2022-12-12 20:25:15] [SEVERE ] removing tokens from slot 5
[2022-12-12 20:25:15] [SEVERE ] removing card from slot 5
[2022-12-12 20:25:15] [SEVERE ] setting player 2 score to 1
[2022-12-12 20:25:15] [SEVERE ] player 2 placing token on slot 1
[2022-12-12 20:25:15] [SEVERE ] placing card 74 in slot 2
[2022-12-12 20:25:15] [SEVERE ] player 2 placing token on slot 0
[2022-12-12 20:25:15] [SEVERE ] placing card 72 in slot 3
[2022-12-12 20:25:15] [SEVERE ] player 2 placing token on slot 6
[2022-12-12 20:25:15] [SEVERE ] placing card 53 in slot 5
[2022-12-12 20:25:24] [SEVERE ] Key 81 was pressed by player 0
[2022-12-12 20:25:24] [SEVERE ] player 0 placing token on slot 0
[2022-12-12 20:25:24] [SEVERE ] Key 81 was pressed by player 0
[2022-12-12 20:25:24] [SEVERE ] removing player 0 token from slot 0
[2022-12-12 20:25:25] [SEVERE ] Key 87 was pressed by player 0
[2022-12-12 20:25:25] [SEVERE ] player 0 placing token on slot 1
[2022-12-12 20:25:26] [SEVERE ] Key 87 was pressed by player 0
[2022-12-12 20:25:26] [SEVERE ] removing player 0 token from slot 1
[2022-12-12 20:25:26] [SEVERE ] Key 69 was pressed by player 0
[2022-12-12 20:25:26] [SEVERE ] player 0 placing token on slot 2
[2022-12-12 20:25:26] [SEVERE ] Key 69 was pressed by player 0
[2022-12-12 20:25:26] [SEVERE ] removing player 0 token from slot 2
[2022-12-12 20:25:28] [SEVERE ] Key 65 was pressed by player 0
[2022-12-12 20:25:28] [SEVERE ] player 0 placing token on slot 4
[2022-12-12 20:25:28] [SEVERE ] Key 83 was pressed by player 0
[2022-12-12 20:25:28] [SEVERE ] player 0 placing token on slot 5
[2022-12-12 20:25:29] [SEVERE ] Key 65 was pressed by player 0
[2022-12-12 20:25:29] [SEVERE ] removing player 0 token from slot 4
[2022-12-12 20:25:29] [SEVERE ] Key 83 was pressed by player 0
[2022-12-12 20:25:29] [SEVERE ] removing player 0 token from slot 5
