[2022-12-12 12:46:24] [INFO   ] cannot read configuration file config.properties trying from resources.
[2022-12-12 12:46:24] [INFO   ] configuration file was loaded from resources directory.
[2022-12-12 12:46:25] [INFO   ] Thread Thread-0starting.
[2022-12-12 12:46:25] [INFO   ] Thread Thread-5starting.
[2022-12-12 12:46:25] [INFO   ] Thread Thread-4starting.
[2022-12-12 12:46:25] [INFO   ] Thread Thread-3starting.
[2022-12-12 12:46:25] [INFO   ] Thread dealer starting.
[2022-12-12 12:46:25] [INFO   ] Thread Thread-2starting.
[2022-12-12 12:46:25] [INFO   ] Thread Thread-1starting.
[2022-12-12 12:46:25] [INFO   ] Thread computer-4 starting.
[2022-12-12 12:46:25] [INFO   ] Thread computer-2 starting.
[2022-12-12 12:46:25] [INFO   ] Thread computer-5 starting.
[2022-12-12 12:46:25] [INFO   ] Thread computer-3 starting.
[2022-12-12 12:46:25] [SEVERE ] placing card 24 in slot 0
[2022-12-12 12:46:32] [SEVERE ] placing card 14 in slot 1
[2022-12-12 12:46:32] [SEVERE ] placing card 55 in slot 2
[2022-12-12 12:46:32] [SEVERE ] placing card 25 in slot 3
[2022-12-12 12:46:32] [SEVERE ] placing card 39 in slot 4
[2022-12-12 12:46:32] [SEVERE ] placing card 67 in slot 5
[2022-12-12 12:46:32] [SEVERE ] placing card 26 in slot 6
[2022-12-12 12:46:32] [SEVERE ] placing card 27 in slot 7
[2022-12-12 12:46:32] [SEVERE ] placing card 32 in slot 8
[2022-12-12 12:46:32] [SEVERE ] placing card 13 in slot 9
[2022-12-12 12:46:33] [SEVERE ] placing card 20 in slot 10
[2022-12-12 12:46:33] [SEVERE ] placing card 35 in slot 11
[2022-12-12 12:46:33] [SEVERE ] player 4 placing token on slot 8
[2022-12-12 12:46:33] [SEVERE ] player 5 placing token on slot 0
[2022-12-12 12:46:33] [SEVERE ] player 2 placing token on slot 8
[2022-12-12 12:46:33] [SEVERE ] player 3 placing token on slot 9
[2022-12-12 12:46:33] [SEVERE ] player 4 placing token on slot 4
[2022-12-12 12:46:33] [SEVERE ] player 2 placing token on slot 0
[2022-12-12 12:46:33] [SEVERE ] player 5 placing token on slot 5
[2022-12-12 12:46:33] [SEVERE ] player 3 placing token on slot 10
[2022-12-12 12:46:33] [SEVERE ] player 5 placing token on slot 4
[2022-12-12 12:46:33] [SEVERE ] removing player 5 token from slot 0
[2022-12-12 12:46:33] [SEVERE ] player 2 placing token on slot 6
[2022-12-12 12:46:33] [SEVERE ] removing player 5 token from slot 4
[2022-12-12 12:46:33] [SEVERE ] removing player 5 token from slot 5
[2022-12-12 12:46:33] [SEVERE ] player 4 placing token on slot 10
[2022-12-12 12:46:33] [SEVERE ] removing player 2 token from slot 0
[2022-12-12 12:46:33] [SEVERE ] removing player 2 token from slot 6
[2022-12-12 12:46:33] [SEVERE ] removing player 2 token from slot 8
[2022-12-12 12:46:33] [SEVERE ] removing player 4 token from slot 4
[2022-12-12 12:46:33] [SEVERE ] removing player 4 token from slot 8
[2022-12-12 12:46:33] [SEVERE ] removing player 4 token from slot 10
[2022-12-12 12:46:33] [SEVERE ] player 5 placing token on slot 0
[2022-12-12 12:46:33] [SEVERE ] player 3 placing token on slot 8
[2022-12-12 12:46:33] [SEVERE ] player 2 placing token on slot 6
[2022-12-12 12:46:33] [SEVERE ] player 4 placing token on slot 7
[2022-12-12 12:46:33] [SEVERE ] removing player 3 token from slot 8
[2022-12-12 12:46:33] [SEVERE ] removing player 3 token from slot 9
[2022-12-12 12:46:33] [SEVERE ] removing player 3 token from slot 10
[2022-12-12 12:46:33] [SEVERE ] player 5 placing token on slot 4
[2022-12-12 12:46:33] [SEVERE ] player 4 placing token on slot 11
[2022-12-12 12:46:33] [SEVERE ] player 3 placing token on slot 3
[2022-12-12 12:46:33] [SEVERE ] player 5 placing token on slot 3
[2022-12-12 12:46:33] [SEVERE ] player 2 placing token on slot 1
[2022-12-12 12:46:33] [SEVERE ] removing player 5 token from slot 0
[2022-12-12 12:46:33] [SEVERE ] removing player 5 token from slot 3
[2022-12-12 12:46:33] [SEVERE ] removing player 5 token from slot 4
[2022-12-12 12:46:33] [SEVERE ] player 4 placing token on slot 6
[2022-12-12 12:46:33] [SEVERE ] removing player 4 token from slot 6
[2022-12-12 12:46:33] [SEVERE ] removing player 4 token from slot 7
[2022-12-12 12:46:33] [SEVERE ] removing player 4 token from slot 11
[2022-12-12 12:46:33] [SEVERE ] player 3 placing token on slot 2
[2022-12-12 12:46:33] [SEVERE ] player 2 placing token on slot 5
[2022-12-12 12:46:33] [SEVERE ] removing player 2 token from slot 1
[2022-12-12 12:46:33] [SEVERE ] removing player 2 token from slot 5
[2022-12-12 12:46:33] [SEVERE ] removing player 2 token from slot 6
[2022-12-12 12:46:33] [SEVERE ] player 5 placing token on slot 8
[2022-12-12 12:46:33] [SEVERE ] player 2 placing token on slot 10
[2022-12-12 12:46:33] [SEVERE ] player 3 placing token on slot 8
[2022-12-12 12:46:33] [SEVERE ] removing player 3 token from slot 2
[2022-12-12 12:46:33] [SEVERE ] removing player 3 token from slot 3
[2022-12-12 12:46:33] [SEVERE ] removing player 3 token from slot 8
[2022-12-12 12:46:33] [SEVERE ] player 5 placing token on slot 9
[2022-12-12 12:46:33] [SEVERE ] player 3 placing token on slot 7
[2022-12-12 12:46:33] [SEVERE ] player 2 placing token on slot 5
[2022-12-12 12:46:33] [SEVERE ] player 4 placing token on slot 5
[2022-12-12 12:46:33] [SEVERE ] player 2 placing token on slot 0
[2022-12-12 12:46:33] [SEVERE ] removing player 2 token from slot 0
[2022-12-12 12:46:33] [SEVERE ] removing player 2 token from slot 5
[2022-12-12 12:46:33] [SEVERE ] removing player 2 token from slot 10
[2022-12-12 12:46:33] [SEVERE ] player 3 placing token on slot 4
[2022-12-12 12:46:33] [SEVERE ] player 5 placing token on slot 6
[2022-12-12 12:46:33] [SEVERE ] removing player 5 token from slot 6
[2022-12-12 12:46:33] [SEVERE ] removing player 5 token from slot 8
[2022-12-12 12:46:33] [SEVERE ] removing player 5 token from slot 9
[2022-12-12 12:46:33] [SEVERE ] player 4 placing token on slot 3
[2022-12-12 12:46:33] [SEVERE ] player 2 placing token on slot 2
[2022-12-12 12:46:33] [SEVERE ] player 3 placing token on slot 9
[2022-12-12 12:46:33] [SEVERE ] player 4 placing token on slot 10
[2022-12-12 12:46:33] [SEVERE ] player 5 placing token on slot 10
[2022-12-12 12:46:33] [SEVERE ] removing player 3 token from slot 4
[2022-12-12 12:46:33] [SEVERE ] removing player 3 token from slot 7
[2022-12-12 12:46:33] [SEVERE ] removing player 3 token from slot 9
[2022-12-12 12:46:33] [SEVERE ] removing player 4 token from slot 3
[2022-12-12 12:46:33] [SEVERE ] removing player 4 token from slot 5
[2022-12-12 12:46:33] [SEVERE ] removing player 4 token from slot 10
[2022-12-12 12:46:33] [SEVERE ] player 5 placing token on slot 9
[2022-12-12 12:46:33] [SEVERE ] player 2 placing token on slot 9
[2022-12-12 12:46:33] [SEVERE ] player 4 placing token on slot 7
[2022-12-12 12:46:33] [SEVERE ] player 3 placing token on slot 8
[2022-12-12 12:46:33] [SEVERE ] player 5 placing token on slot 3
[2022-12-12 12:46:33] [SEVERE ] player 4 placing token on slot 9
[2022-12-12 12:46:33] [SEVERE ] player 2 placing token on slot 6
[2022-12-12 12:46:33] [SEVERE ] removing player 5 token from slot 3
[2022-12-12 12:46:33] [SEVERE ] player 3 placing token on slot 4
[2022-12-12 12:46:33] [SEVERE ] removing player 5 token from slot 9
[2022-12-12 12:46:33] [SEVERE ] removing player 5 token from slot 10
[2022-12-12 12:46:33] [SEVERE ] removing player 2 token from slot 2
[2022-12-12 12:46:33] [SEVERE ] removing player 2 token from slot 6
[2022-12-12 12:46:33] [SEVERE ] removing player 2 token from slot 9
[2022-12-12 12:46:33] [SEVERE ] player 3 placing token on slot 6
[2022-12-12 12:46:33] [SEVERE ] removing player 3 token from slot 4
[2022-12-12 12:46:33] [SEVERE ] removing player 3 token from slot 6
[2022-12-12 12:46:33] [SEVERE ] removing player 3 token from slot 8
[2022-12-12 12:46:33] [SEVERE ] player 2 placing token on slot 11
[2022-12-12 12:46:33] [SEVERE ] player 4 placing token on slot 6
[2022-12-12 12:46:33] [SEVERE ] player 3 placing token on slot 5
[2022-12-12 12:46:33] [SEVERE ] player 2 placing token on slot 8
[2022-12-12 12:46:33] [SEVERE ] player 5 placing token on slot 5
[2022-12-12 12:46:33] [SEVERE ] removing player 4 token from slot 6
[2022-12-12 12:46:33] [SEVERE ] removing player 4 token from slot 7
[2022-12-12 12:46:33] [SEVERE ] removing player 4 token from slot 9
[2022-12-12 12:46:33] [SEVERE ] player 3 placing token on slot 10
[2022-12-12 12:46:33] [SEVERE ] player 5 placing token on slot 7
[2022-12-12 12:46:33] [SEVERE ] player 4 placing token on slot 7
[2022-12-12 12:46:33] [SEVERE ] player 2 placing token on slot 10
[2022-12-12 12:46:33] [SEVERE ] removing player 2 token from slot 8
[2022-12-12 12:46:33] [SEVERE ] removing player 2 token from slot 10
[2022-12-12 12:46:33] [SEVERE ] removing player 2 token from slot 11
[2022-12-12 12:46:33] [SEVERE ] player 3 placing token on slot 3
[2022-12-12 12:46:33] [SEVERE ] removing player 3 token from slot 3
[2022-12-12 12:46:33] [SEVERE ] removing player 3 token from slot 5
[2022-12-12 12:46:33] [SEVERE ] removing player 3 token from slot 10
[2022-12-12 12:46:33] [SEVERE ] player 4 placing token on slot 0
[2022-12-12 12:46:33] [SEVERE ] player 5 placing token on slot 6
[2022-12-12 12:46:33] [SEVERE ] setting player 5 score to 1
[2022-12-12 12:46:33] [SEVERE ] player 2 placing token on slot 4
[2022-12-12 12:46:33] [SEVERE ] player 4 placing token on slot 9
[2022-12-12 12:46:33] [SEVERE ] player 5 placing token on slot 3
[2022-12-12 12:46:33] [SEVERE ] player 3 placing token on slot 5
[2022-12-12 12:46:33] [SEVERE ] player 2 placing token on slot 8
[2022-12-12 12:46:33] [SEVERE ] player 3 placing token on slot 4
[2022-12-12 12:46:33] [SEVERE ] player 2 placing token on slot 2
[2022-12-12 12:46:33] [SEVERE ] player 5 placing token on slot 5
[2022-12-12 12:46:33] [SEVERE ] player 3 placing token on slot 6
[2022-12-12 12:46:33] [SEVERE ] player 5 placing token on slot 9
[2022-12-12 12:46:33] [SEVERE ] removing tokens from slot 5
[2022-12-12 12:46:33] [SEVERE ] removing card from slot 5
[2022-12-12 12:46:33] [SEVERE ] removing tokens from slot 6
[2022-12-12 12:46:33] [SEVERE ] removing card from slot 6
[2022-12-12 12:46:34] [SEVERE ] removing tokens from slot 7
[2022-12-12 12:46:34] [SEVERE ] removing card from slot 7
[2022-12-12 12:46:34] [SEVERE ] placing card 49 in slot 5
[2022-12-12 12:46:34] [SEVERE ] placing card 53 in slot 6
[2022-12-12 12:46:34] [SEVERE ] placing card 77 in slot 7
[2022-12-12 12:46:34] [SEVERE ] removing player 2 token from slot 2
[2022-12-12 12:46:34] [SEVERE ] removing player 2 token from slot 4
[2022-12-12 12:46:34] [SEVERE ] removing player 2 token from slot 8
[2022-12-12 12:46:34] [SEVERE ] player 2 placing token on slot 4
[2022-12-12 12:46:34] [SEVERE ] player 2 placing token on slot 5
[2022-12-12 12:46:34] [SEVERE ] player 2 placing token on slot 3
[2022-12-12 12:46:34] [SEVERE ] removing player 2 token from slot 3
[2022-12-12 12:46:34] [SEVERE ] removing player 2 token from slot 4
[2022-12-12 12:46:34] [SEVERE ] removing player 2 token from slot 5
[2022-12-12 12:46:34] [SEVERE ] player 2 placing token on slot 1
[2022-12-12 12:46:34] [SEVERE ] player 2 placing token on slot 4
[2022-12-12 12:46:34] [SEVERE ] player 2 placing token on slot 5
[2022-12-12 12:46:34] [SEVERE ] removing player 2 token from slot 1
[2022-12-12 12:46:34] [SEVERE ] removing player 2 token from slot 4
[2022-12-12 12:46:34] [SEVERE ] removing player 2 token from slot 5
[2022-12-12 12:46:34] [SEVERE ] player 2 placing token on slot 2
[2022-12-12 12:46:34] [SEVERE ] player 2 placing token on slot 1
[2022-12-12 12:46:34] [SEVERE ] player 2 placing token on slot 8
[2022-12-12 12:46:34] [SEVERE ] removing player 2 token from slot 1
[2022-12-12 12:46:34] [SEVERE ] removing player 2 token from slot 2
[2022-12-12 12:46:34] [SEVERE ] removing player 2 token from slot 8
[2022-12-12 12:46:34] [SEVERE ] player 2 placing token on slot 4
[2022-12-12 12:46:34] [SEVERE ] player 2 placing token on slot 0
[2022-12-12 12:46:34] [SEVERE ] player 2 placing token on slot 9
[2022-12-12 12:46:34] [SEVERE ] removing player 2 token from slot 0
[2022-12-12 12:46:34] [SEVERE ] removing player 2 token from slot 4
[2022-12-12 12:46:34] [SEVERE ] removing player 2 token from slot 9
[2022-12-12 12:46:34] [SEVERE ] player 2 placing token on slot 6
[2022-12-12 12:46:34] [SEVERE ] player 2 placing token on slot 5
[2022-12-12 12:46:34] [SEVERE ] player 2 placing token on slot 10
[2022-12-12 12:46:34] [SEVERE ] removing player 2 token from slot 5
[2022-12-12 12:46:34] [SEVERE ] removing player 2 token from slot 6
[2022-12-12 12:46:34] [SEVERE ] removing player 2 token from slot 10
[2022-12-12 12:46:34] [SEVERE ] player 2 placing token on slot 4
[2022-12-12 12:46:34] [SEVERE ] player 2 placing token on slot 7
[2022-12-12 12:46:34] [SEVERE ] player 2 placing token on slot 9
[2022-12-12 12:46:34] [SEVERE ] removing player 2 token from slot 4
[2022-12-12 12:46:34] [SEVERE ] removing player 2 token from slot 7
[2022-12-12 12:46:34] [SEVERE ] removing player 2 token from slot 9
[2022-12-12 12:46:34] [SEVERE ] player 2 placing token on slot 9
[2022-12-12 12:46:34] [SEVERE ] player 2 placing token on slot 10
[2022-12-12 12:46:34] [SEVERE ] player 2 placing token on slot 8
[2022-12-12 12:46:34] [SEVERE ] removing player 2 token from slot 8
[2022-12-12 12:46:34] [SEVERE ] removing player 2 token from slot 9
[2022-12-12 12:46:34] [SEVERE ] removing player 2 token from slot 10
[2022-12-12 12:46:34] [SEVERE ] player 2 placing token on slot 9
[2022-12-12 12:46:35] [SEVERE ] player 2 placing token on slot 5
[2022-12-12 12:46:35] [SEVERE ] player 2 placing token on slot 8
[2022-12-12 12:46:35] [SEVERE ] removing player 2 token from slot 5
[2022-12-12 12:46:35] [SEVERE ] removing player 2 token from slot 8
[2022-12-12 12:46:35] [SEVERE ] removing player 2 token from slot 9
[2022-12-12 12:46:35] [SEVERE ] player 2 placing token on slot 6
[2022-12-12 12:46:35] [SEVERE ] player 2 placing token on slot 1
[2022-12-12 12:46:35] [SEVERE ] player 2 placing token on slot 5
[2022-12-12 12:46:35] [SEVERE ] removing player 2 token from slot 1
[2022-12-12 12:46:35] [SEVERE ] removing player 2 token from slot 5
[2022-12-12 12:46:35] [SEVERE ] removing player 2 token from slot 6
[2022-12-12 12:46:35] [SEVERE ] player 2 placing token on slot 10
[2022-12-12 12:46:35] [SEVERE ] player 2 placing token on slot 9
[2022-12-12 12:46:35] [SEVERE ] player 2 placing token on slot 11
[2022-12-12 12:46:35] [SEVERE ] removing player 2 token from slot 9
[2022-12-12 12:46:35] [SEVERE ] removing player 2 token from slot 10
[2022-12-12 12:46:35] [SEVERE ] removing player 2 token from slot 11
[2022-12-12 12:46:35] [SEVERE ] player 2 placing token on slot 9
[2022-12-12 12:46:35] [SEVERE ] player 2 placing token on slot 1
[2022-12-12 12:46:35] [SEVERE ] player 2 placing token on slot 8
[2022-12-12 12:46:35] [SEVERE ] removing player 2 token from slot 1
[2022-12-12 12:46:35] [SEVERE ] removing player 2 token from slot 8
[2022-12-12 12:46:35] [SEVERE ] removing player 2 token from slot 9
[2022-12-12 12:46:35] [SEVERE ] player 2 placing token on slot 5
[2022-12-12 12:46:35] [SEVERE ] player 2 placing token on slot 2
[2022-12-12 12:46:35] [SEVERE ] player 2 placing token on slot 7
[2022-12-12 12:46:35] [SEVERE ] removing player 2 token from slot 2
[2022-12-12 12:46:35] [SEVERE ] removing player 2 token from slot 5
[2022-12-12 12:46:35] [SEVERE ] removing player 2 token from slot 7
[2022-12-12 12:46:35] [SEVERE ] player 2 placing token on slot 2
[2022-12-12 12:46:35] [SEVERE ] player 2 placing token on slot 7
[2022-12-12 12:46:35] [SEVERE ] player 2 placing token on slot 1
[2022-12-12 12:46:35] [SEVERE ] removing player 2 token from slot 1
[2022-12-12 12:46:35] [SEVERE ] removing player 2 token from slot 2
[2022-12-12 12:46:35] [SEVERE ] removing player 2 token from slot 7
[2022-12-12 12:46:35] [SEVERE ] player 2 placing token on slot 2
[2022-12-12 12:46:35] [SEVERE ] player 2 placing token on slot 10
[2022-12-12 12:46:35] [SEVERE ] player 2 placing token on slot 1
[2022-12-12 12:46:35] [SEVERE ] removing player 2 token from slot 1
[2022-12-12 12:46:35] [SEVERE ] removing player 2 token from slot 2
[2022-12-12 12:46:35] [SEVERE ] removing player 2 token from slot 10
[2022-12-12 12:46:35] [SEVERE ] player 2 placing token on slot 1
[2022-12-12 12:46:35] [SEVERE ] player 2 placing token on slot 7
[2022-12-12 12:46:35] [SEVERE ] player 2 placing token on slot 5
[2022-12-12 12:46:35] [SEVERE ] removing player 2 token from slot 1
[2022-12-12 12:46:35] [SEVERE ] removing player 2 token from slot 5
[2022-12-12 12:46:35] [SEVERE ] removing player 2 token from slot 7
[2022-12-12 12:46:35] [SEVERE ] player 2 placing token on slot 5
[2022-12-12 12:46:35] [SEVERE ] player 2 placing token on slot 4
[2022-12-12 12:46:35] [SEVERE ] player 2 placing token on slot 8
[2022-12-12 12:46:35] [SEVERE ] setting player 2 score to 1
[2022-12-12 12:46:35] [SEVERE ] player 2 placing token on slot 0
[2022-12-12 12:46:35] [SEVERE ] player 2 placing token on slot 11
[2022-12-12 12:46:35] [SEVERE ] player 2 placing token on slot 1
[2022-12-12 12:46:35] [SEVERE ] removing tokens from slot 4
[2022-12-12 12:46:35] [SEVERE ] removing card from slot 4
[2022-12-12 12:46:35] [SEVERE ] removing tokens from slot 5
[2022-12-12 12:46:35] [SEVERE ] removing card from slot 5
[2022-12-12 12:46:36] [SEVERE ] removing tokens from slot 8
[2022-12-12 12:46:36] [SEVERE ] removing card from slot 8
[2022-12-12 12:46:36] [SEVERE ] placing card 29 in slot 4
[2022-12-12 12:46:36] [SEVERE ] placing card 18 in slot 5
[2022-12-12 12:46:36] [SEVERE ] placing card 50 in slot 8
[2022-12-12 12:46:36] [SEVERE ] removing player 2 token from slot 0
[2022-12-12 12:46:36] [SEVERE ] removing player 2 token from slot 1
[2022-12-12 12:46:36] [SEVERE ] removing player 2 token from slot 11
[2022-12-12 12:46:36] [SEVERE ] player 2 placing token on slot 9
[2022-12-12 12:46:36] [SEVERE ] player 2 placing token on slot 7
[2022-12-12 12:46:36] [SEVERE ] player 2 placing token on slot 1
[2022-12-12 12:46:36] [SEVERE ] removing player 2 token from slot 1
[2022-12-12 12:46:36] [SEVERE ] removing player 2 token from slot 7
[2022-12-12 12:46:36] [SEVERE ] removing player 2 token from slot 9
[2022-12-12 12:46:36] [SEVERE ] player 2 placing token on slot 7
[2022-12-12 12:46:36] [SEVERE ] player 2 placing token on slot 9
[2022-12-12 12:46:36] [SEVERE ] player 2 placing token on slot 3
[2022-12-12 12:46:36] [SEVERE ] removing player 2 token from slot 3
[2022-12-12 12:46:36] [SEVERE ] removing player 2 token from slot 7
[2022-12-12 12:46:36] [SEVERE ] removing player 2 token from slot 9
[2022-12-12 12:46:36] [SEVERE ] player 2 placing token on slot 0
[2022-12-12 12:46:36] [SEVERE ] player 2 placing token on slot 11
[2022-12-12 12:46:36] [SEVERE ] player 2 placing token on slot 5
[2022-12-12 12:46:36] [SEVERE ] removing player 2 token from slot 0
[2022-12-12 12:46:36] [SEVERE ] removing player 2 token from slot 5
[2022-12-12 12:46:36] [SEVERE ] removing player 2 token from slot 11
[2022-12-12 12:46:36] [SEVERE ] player 2 placing token on slot 0
[2022-12-12 12:46:36] [SEVERE ] player 2 placing token on slot 7
[2022-12-12 12:46:36] [SEVERE ] player 2 placing token on slot 3
[2022-12-12 12:46:36] [SEVERE ] removing player 2 token from slot 0
[2022-12-12 12:46:36] [SEVERE ] removing player 2 token from slot 3
[2022-12-12 12:46:36] [SEVERE ] removing player 2 token from slot 7
[2022-12-12 12:46:36] [SEVERE ] player 2 placing token on slot 5
[2022-12-12 12:46:36] [SEVERE ] player 2 placing token on slot 1
[2022-12-12 12:46:36] [SEVERE ] player 2 placing token on slot 11
[2022-12-12 12:46:36] [SEVERE ] removing player 2 token from slot 1
[2022-12-12 12:46:36] [SEVERE ] removing player 2 token from slot 5
[2022-12-12 12:46:36] [SEVERE ] removing player 2 token from slot 11
[2022-12-12 12:46:36] [SEVERE ] player 2 placing token on slot 11
[2022-12-12 12:46:36] [SEVERE ] player 2 placing token on slot 6
[2022-12-12 12:46:36] [SEVERE ] player 2 placing token on slot 0
[2022-12-12 12:46:36] [SEVERE ] removing player 2 token from slot 0
[2022-12-12 12:46:36] [SEVERE ] removing player 2 token from slot 6
[2022-12-12 12:46:36] [SEVERE ] removing player 2 token from slot 11
[2022-12-12 12:46:36] [SEVERE ] player 2 placing token on slot 8
[2022-12-12 12:46:37] [SEVERE ] player 2 placing token on slot 2
[2022-12-12 12:46:37] [SEVERE ] player 2 placing token on slot 9
[2022-12-12 12:46:37] [SEVERE ] removing player 2 token from slot 2
[2022-12-12 12:46:37] [SEVERE ] removing player 2 token from slot 8
[2022-12-12 12:46:37] [SEVERE ] removing player 2 token from slot 9
[2022-12-12 12:46:37] [SEVERE ] player 2 placing token on slot 6
[2022-12-12 12:46:37] [SEVERE ] player 2 placing token on slot 11
[2022-12-12 12:46:37] [SEVERE ] player 2 placing token on slot 4
[2022-12-12 12:46:37] [SEVERE ] removing player 2 token from slot 4
[2022-12-12 12:46:37] [SEVERE ] removing player 2 token from slot 6
[2022-12-12 12:46:37] [SEVERE ] removing player 2 token from slot 11
[2022-12-12 12:46:37] [SEVERE ] player 2 placing token on slot 3
[2022-12-12 12:46:37] [SEVERE ] player 2 placing token on slot 10
[2022-12-12 12:46:37] [SEVERE ] player 2 placing token on slot 0
[2022-12-12 12:46:37] [SEVERE ] removing player 2 token from slot 0
[2022-12-12 12:46:37] [SEVERE ] removing player 2 token from slot 3
[2022-12-12 12:46:37] [SEVERE ] removing player 2 token from slot 10
[2022-12-12 12:46:37] [SEVERE ] player 2 placing token on slot 7
[2022-12-12 12:46:37] [SEVERE ] player 2 placing token on slot 0
[2022-12-12 12:46:37] [SEVERE ] player 2 placing token on slot 6
[2022-12-12 12:46:37] [SEVERE ] removing player 2 token from slot 0
[2022-12-12 12:46:37] [SEVERE ] removing player 2 token from slot 6
[2022-12-12 12:46:37] [SEVERE ] removing player 2 token from slot 7
[2022-12-12 12:46:37] [SEVERE ] player 2 placing token on slot 4
[2022-12-12 12:46:37] [SEVERE ] player 2 placing token on slot 11
