[2022-12-12 13:47:26] [INFO   ] cannot read configuration file config.properties trying from resources.
[2022-12-12 13:47:26] [INFO   ] configuration file was loaded from resources directory.
[2022-12-12 13:47:26] [INFO   ] Thread Thread-0starting.
[2022-12-12 13:47:26] [INFO   ] Thread Thread-2starting.
[2022-12-12 13:47:26] [INFO   ] Thread Thread-1starting.
[2022-12-12 13:47:26] [INFO   ] Thread dealer starting.
[2022-12-12 13:47:26] [INFO   ] Thread computer-2 starting.
[2022-12-12 13:47:26] [SEVERE ] placing card 34 in slot 0
[2022-12-12 13:47:26] [SEVERE ] placing card 19 in slot 1
[2022-12-12 13:47:27] [SEVERE ] placing card 40 in slot 2
[2022-12-12 13:47:27] [SEVERE ] placing card 64 in slot 3
[2022-12-12 13:47:27] [SEVERE ] placing card 79 in slot 4
[2022-12-12 13:47:27] [SEVERE ] placing card 62 in slot 5
[2022-12-12 13:47:27] [SEVERE ] placing card 23 in slot 6
[2022-12-12 13:47:27] [SEVERE ] placing card 61 in slot 7
[2022-12-12 13:47:27] [SEVERE ] placing card 53 in slot 8
[2022-12-12 13:47:27] [SEVERE ] placing card 13 in slot 9
[2022-12-12 13:47:27] [SEVERE ] placing card 67 in slot 10
[2022-12-12 13:47:28] [SEVERE ] placing card 36 in slot 11
[2022-12-12 13:47:28] [SEVERE ] player 2 placing token on slot 7
[2022-12-12 13:47:28] [SEVERE ] player 2 placing token on slot 5
[2022-12-12 13:47:28] [SEVERE ] player 2 placing token on slot 6
[2022-12-12 13:47:28] [SEVERE ] removing player 2 token from slot 5
[2022-12-12 13:47:28] [SEVERE ] removing player 2 token from slot 6
[2022-12-12 13:47:28] [SEVERE ] removing player 2 token from slot 7
[2022-12-12 13:47:28] [SEVERE ] player 2 placing token on slot 0
[2022-12-12 13:47:28] [SEVERE ] player 2 placing token on slot 1
[2022-12-12 13:47:28] [SEVERE ] player 2 placing token on slot 6
[2022-12-12 13:47:28] [SEVERE ] removing player 2 token from slot 0
[2022-12-12 13:47:28] [SEVERE ] removing player 2 token from slot 1
[2022-12-12 13:47:28] [SEVERE ] removing player 2 token from slot 6
[2022-12-12 13:47:28] [SEVERE ] player 2 placing token on slot 5
[2022-12-12 13:47:28] [SEVERE ] player 2 placing token on slot 10
[2022-12-12 13:47:28] [SEVERE ] player 2 placing token on slot 6
[2022-12-12 13:47:28] [SEVERE ] removing player 2 token from slot 5
[2022-12-12 13:47:28] [SEVERE ] removing player 2 token from slot 6
[2022-12-12 13:47:28] [SEVERE ] removing player 2 token from slot 10
[2022-12-12 13:47:28] [SEVERE ] player 2 placing token on slot 10
[2022-12-12 13:47:28] [SEVERE ] player 2 placing token on slot 4
[2022-12-12 13:47:28] [SEVERE ] player 2 placing token on slot 9
[2022-12-12 13:47:28] [SEVERE ] removing player 2 token from slot 4
[2022-12-12 13:47:28] [SEVERE ] removing player 2 token from slot 9
[2022-12-12 13:47:28] [SEVERE ] removing player 2 token from slot 10
[2022-12-12 13:47:28] [SEVERE ] player 2 placing token on slot 10
[2022-12-12 13:47:28] [SEVERE ] player 2 placing token on slot 7
[2022-12-12 13:47:28] [SEVERE ] player 2 placing token on slot 6
[2022-12-12 13:47:28] [SEVERE ] removing player 2 token from slot 6
[2022-12-12 13:47:28] [SEVERE ] removing player 2 token from slot 7
[2022-12-12 13:47:28] [SEVERE ] removing player 2 token from slot 10
[2022-12-12 13:47:28] [SEVERE ] player 2 placing token on slot 0
[2022-12-12 13:47:28] [SEVERE ] player 2 placing token on slot 3
[2022-12-12 13:47:28] [SEVERE ] player 2 placing token on slot 4
[2022-12-12 13:47:28] [SEVERE ] removing player 2 token from slot 0
[2022-12-12 13:47:28] [SEVERE ] removing player 2 token from slot 3
[2022-12-12 13:47:28] [SEVERE ] removing player 2 token from slot 4
[2022-12-12 13:47:28] [SEVERE ] player 2 placing token on slot 4
[2022-12-12 13:47:28] [SEVERE ] player 2 placing token on slot 11
[2022-12-12 13:47:28] [SEVERE ] player 2 placing token on slot 6
[2022-12-12 13:47:28] [SEVERE ] removing player 2 token from slot 4
[2022-12-12 13:47:28] [SEVERE ] removing player 2 token from slot 6
[2022-12-12 13:47:28] [SEVERE ] removing player 2 token from slot 11
[2022-12-12 13:47:28] [SEVERE ] player 2 placing token on slot 3
[2022-12-12 13:47:28] [SEVERE ] player 2 placing token on slot 6
[2022-12-12 13:47:28] [SEVERE ] player 2 placing token on slot 4
[2022-12-12 13:47:28] [SEVERE ] removing player 2 token from slot 3
[2022-12-12 13:47:28] [SEVERE ] removing player 2 token from slot 4
[2022-12-12 13:47:28] [SEVERE ] removing player 2 token from slot 6
[2022-12-12 13:47:28] [SEVERE ] player 2 placing token on slot 1
[2022-12-12 13:47:28] [SEVERE ] player 2 placing token on slot 7
[2022-12-12 13:47:28] [SEVERE ] player 2 placing token on slot 11
[2022-12-12 13:47:28] [SEVERE ] removing player 2 token from slot 1
[2022-12-12 13:47:28] [SEVERE ] removing player 2 token from slot 7
[2022-12-12 13:47:28] [SEVERE ] removing player 2 token from slot 11
[2022-12-12 13:47:28] [SEVERE ] player 2 placing token on slot 7
[2022-12-12 13:47:28] [SEVERE ] player 2 placing token on slot 8
[2022-12-12 13:47:29] [SEVERE ] player 2 placing token on slot 0
[2022-12-12 13:47:29] [SEVERE ] removing player 2 token from slot 0
[2022-12-12 13:47:29] [SEVERE ] removing player 2 token from slot 7
[2022-12-12 13:47:29] [SEVERE ] removing player 2 token from slot 8
[2022-12-12 13:47:29] [SEVERE ] player 2 placing token on slot 1
[2022-12-12 13:47:29] [SEVERE ] player 2 placing token on slot 3
[2022-12-12 13:47:29] [SEVERE ] player 2 placing token on slot 8
[2022-12-12 13:47:29] [SEVERE ] removing player 2 token from slot 1
[2022-12-12 13:47:29] [SEVERE ] removing player 2 token from slot 3
[2022-12-12 13:47:29] [SEVERE ] removing player 2 token from slot 8
[2022-12-12 13:47:29] [SEVERE ] player 2 placing token on slot 7
[2022-12-12 13:47:29] [SEVERE ] player 2 placing token on slot 2
[2022-12-12 13:47:29] [SEVERE ] player 2 placing token on slot 5
[2022-12-12 13:47:29] [SEVERE ] removing player 2 token from slot 2
[2022-12-12 13:47:29] [SEVERE ] removing player 2 token from slot 5
[2022-12-12 13:47:29] [SEVERE ] removing player 2 token from slot 7
[2022-12-12 13:47:29] [SEVERE ] player 2 placing token on slot 8
[2022-12-12 13:47:29] [SEVERE ] player 2 placing token on slot 0
[2022-12-12 13:47:29] [SEVERE ] player 2 placing token on slot 11
[2022-12-12 13:47:29] [SEVERE ] removing player 2 token from slot 0
[2022-12-12 13:47:29] [SEVERE ] removing player 2 token from slot 8
[2022-12-12 13:47:29] [SEVERE ] removing player 2 token from slot 11
[2022-12-12 13:47:29] [SEVERE ] player 2 placing token on slot 5
[2022-12-12 13:47:29] [SEVERE ] player 2 placing token on slot 3
[2022-12-12 13:47:29] [SEVERE ] player 2 placing token on slot 11
[2022-12-12 13:47:29] [SEVERE ] removing player 2 token from slot 3
[2022-12-12 13:47:29] [SEVERE ] removing player 2 token from slot 5
[2022-12-12 13:47:29] [SEVERE ] removing player 2 token from slot 11
[2022-12-12 13:47:29] [SEVERE ] player 2 placing token on slot 10
[2022-12-12 13:47:29] [SEVERE ] player 2 placing token on slot 11
[2022-12-12 13:47:29] [SEVERE ] player 2 placing token on slot 9
[2022-12-12 13:47:29] [SEVERE ] removing player 2 token from slot 9
[2022-12-12 13:47:29] [SEVERE ] removing player 2 token from slot 10
[2022-12-12 13:47:29] [SEVERE ] removing player 2 token from slot 11
[2022-12-12 13:47:29] [SEVERE ] player 2 placing token on slot 9
[2022-12-12 13:47:29] [SEVERE ] player 2 placing token on slot 1
[2022-12-12 13:47:29] [SEVERE ] player 2 placing token on slot 11
[2022-12-12 13:47:29] [SEVERE ] removing player 2 token from slot 1
[2022-12-12 13:47:29] [SEVERE ] removing player 2 token from slot 9
[2022-12-12 13:47:29] [SEVERE ] removing player 2 token from slot 11
[2022-12-12 13:47:29] [SEVERE ] player 2 placing token on slot 3
[2022-12-12 13:47:29] [SEVERE ] player 2 placing token on slot 5
[2022-12-12 13:47:29] [SEVERE ] player 2 placing token on slot 10
[2022-12-12 13:47:29] [SEVERE ] removing player 2 token from slot 3
[2022-12-12 13:47:29] [SEVERE ] removing player 2 token from slot 5
[2022-12-12 13:47:29] [SEVERE ] removing player 2 token from slot 10
[2022-12-12 13:47:29] [SEVERE ] player 2 placing token on slot 0
[2022-12-12 13:47:29] [SEVERE ] player 2 placing token on slot 4
[2022-12-12 13:47:29] [SEVERE ] player 2 placing token on slot 7
[2022-12-12 13:47:29] [SEVERE ] removing player 2 token from slot 0
[2022-12-12 13:47:29] [SEVERE ] removing player 2 token from slot 4
[2022-12-12 13:47:29] [SEVERE ] removing player 2 token from slot 7
[2022-12-12 13:47:29] [SEVERE ] player 2 placing token on slot 10
[2022-12-12 13:47:29] [SEVERE ] player 2 placing token on slot 5
[2022-12-12 13:47:29] [SEVERE ] player 2 placing token on slot 7
[2022-12-12 13:47:29] [SEVERE ] removing player 2 token from slot 5
[2022-12-12 13:47:29] [SEVERE ] removing player 2 token from slot 7
[2022-12-12 13:47:29] [SEVERE ] removing player 2 token from slot 10
[2022-12-12 13:47:29] [SEVERE ] player 2 placing token on slot 5
[2022-12-12 13:47:29] [SEVERE ] player 2 placing token on slot 8
[2022-12-12 13:47:29] [SEVERE ] player 2 placing token on slot 2
[2022-12-12 13:47:29] [SEVERE ] removing player 2 token from slot 2
[2022-12-12 13:47:29] [SEVERE ] removing player 2 token from slot 5
[2022-12-12 13:47:29] [SEVERE ] removing player 2 token from slot 8
[2022-12-12 13:47:29] [SEVERE ] player 2 placing token on slot 6
[2022-12-12 13:47:30] [SEVERE ] player 2 placing token on slot 11
[2022-12-12 13:47:30] [SEVERE ] player 2 placing token on slot 5
[2022-12-12 13:47:30] [SEVERE ] removing player 2 token from slot 5
[2022-12-12 13:47:30] [SEVERE ] removing player 2 token from slot 6
[2022-12-12 13:47:30] [SEVERE ] removing player 2 token from slot 11
[2022-12-12 13:47:30] [SEVERE ] player 2 placing token on slot 6
[2022-12-12 13:47:30] [SEVERE ] player 2 placing token on slot 2
[2022-12-12 13:47:30] [SEVERE ] player 2 placing token on slot 10
[2022-12-12 13:47:30] [SEVERE ] removing player 2 token from slot 2
[2022-12-12 13:47:30] [SEVERE ] removing player 2 token from slot 6
[2022-12-12 13:47:30] [SEVERE ] removing player 2 token from slot 10
[2022-12-12 13:47:30] [SEVERE ] player 2 placing token on slot 1
[2022-12-12 13:47:30] [SEVERE ] player 2 placing token on slot 7
[2022-12-12 13:47:30] [SEVERE ] player 2 placing token on slot 2
[2022-12-12 13:47:30] [SEVERE ] removing tokens from slot 1
[2022-12-12 13:47:30] [SEVERE ] removing card from slot 1
[2022-12-12 13:47:30] [SEVERE ] removing tokens from slot 2
[2022-12-12 13:47:30] [SEVERE ] removing card from slot 2
[2022-12-12 13:47:30] [SEVERE ] removing tokens from slot 7
[2022-12-12 13:47:30] [SEVERE ] removing card from slot 7
[2022-12-12 13:47:30] [SEVERE ] setting player 2 score to 1
[2022-12-12 13:47:30] [SEVERE ] player 2 placing token on slot 3
[2022-12-12 13:47:30] [SEVERE ] player 2 placing token on slot 10
[2022-12-12 13:47:30] [SEVERE ] placing card 68 in slot 1
[2022-12-12 13:47:30] [SEVERE ] player 2 placing token on slot 11
[2022-12-12 13:47:30] [SEVERE ] placing card 31 in slot 2
[2022-12-12 13:47:30] [SEVERE ] placing card 51 in slot 7
[2022-12-12 13:47:30] [SEVERE ] removing player 2 token from slot 3
[2022-12-12 13:47:30] [SEVERE ] removing player 2 token from slot 10
[2022-12-12 13:47:30] [SEVERE ] removing player 2 token from slot 11
[2022-12-12 13:47:30] [SEVERE ] player 2 placing token on slot 10
[2022-12-12 13:47:30] [SEVERE ] player 2 placing token on slot 6
[2022-12-12 13:47:30] [SEVERE ] player 2 placing token on slot 4
[2022-12-12 13:47:30] [SEVERE ] removing player 2 token from slot 4
[2022-12-12 13:47:30] [SEVERE ] removing player 2 token from slot 6
[2022-12-12 13:47:30] [SEVERE ] removing player 2 token from slot 10
[2022-12-12 13:47:30] [SEVERE ] player 2 placing token on slot 11
[2022-12-12 13:47:30] [SEVERE ] player 2 placing token on slot 8
[2022-12-12 13:47:31] [SEVERE ] player 2 placing token on slot 1
[2022-12-12 13:47:31] [SEVERE ] removing player 2 token from slot 1
[2022-12-12 13:47:31] [SEVERE ] removing player 2 token from slot 8
[2022-12-12 13:47:31] [SEVERE ] removing player 2 token from slot 11
[2022-12-12 13:47:31] [SEVERE ] player 2 placing token on slot 10
[2022-12-12 13:47:31] [SEVERE ] player 2 placing token on slot 2
[2022-12-12 13:47:31] [SEVERE ] player 2 placing token on slot 9
[2022-12-12 13:47:31] [SEVERE ] removing player 2 token from slot 2
[2022-12-12 13:47:31] [SEVERE ] removing player 2 token from slot 9
[2022-12-12 13:47:31] [SEVERE ] removing player 2 token from slot 10
[2022-12-12 13:47:31] [SEVERE ] player 2 placing token on slot 4
[2022-12-12 13:47:31] [SEVERE ] player 2 placing token on slot 5
[2022-12-12 13:47:31] [SEVERE ] player 2 placing token on slot 1
[2022-12-12 13:47:31] [SEVERE ] removing player 2 token from slot 1
[2022-12-12 13:47:31] [SEVERE ] removing player 2 token from slot 4
[2022-12-12 13:47:31] [SEVERE ] removing player 2 token from slot 5
[2022-12-12 13:47:31] [SEVERE ] player 2 placing token on slot 2
[2022-12-12 13:47:31] [SEVERE ] player 2 placing token on slot 9
[2022-12-12 13:47:31] [SEVERE ] player 2 placing token on slot 5
[2022-12-12 13:47:31] [SEVERE ] removing player 2 token from slot 2
[2022-12-12 13:47:31] [SEVERE ] removing player 2 token from slot 5
[2022-12-12 13:47:31] [SEVERE ] removing player 2 token from slot 9
[2022-12-12 13:47:31] [SEVERE ] player 2 placing token on slot 5
[2022-12-12 13:47:31] [SEVERE ] player 2 placing token on slot 8
[2022-12-12 13:47:31] [SEVERE ] player 2 placing token on slot 9
[2022-12-12 13:47:31] [SEVERE ] removing player 2 token from slot 5
[2022-12-12 13:47:31] [SEVERE ] removing player 2 token from slot 8
[2022-12-12 13:47:31] [SEVERE ] removing player 2 token from slot 9
[2022-12-12 13:47:31] [SEVERE ] player 2 placing token on slot 7
[2022-12-12 13:47:31] [SEVERE ] player 2 placing token on slot 6
[2022-12-12 13:47:31] [SEVERE ] player 2 placing token on slot 5
[2022-12-12 13:47:31] [SEVERE ] removing player 2 token from slot 5
[2022-12-12 13:47:31] [SEVERE ] removing player 2 token from slot 6
[2022-12-12 13:47:31] [SEVERE ] removing player 2 token from slot 7
[2022-12-12 13:47:31] [SEVERE ] player 2 placing token on slot 6
[2022-12-12 13:47:31] [SEVERE ] player 2 placing token on slot 5
[2022-12-12 13:47:31] [SEVERE ] player 2 placing token on slot 7
[2022-12-12 13:47:31] [SEVERE ] removing player 2 token from slot 5
[2022-12-12 13:47:31] [SEVERE ] removing player 2 token from slot 6
[2022-12-12 13:47:31] [SEVERE ] removing player 2 token from slot 7
[2022-12-12 13:47:31] [SEVERE ] player 2 placing token on slot 4
[2022-12-12 13:47:31] [SEVERE ] player 2 placing token on slot 5
[2022-12-12 13:47:31] [SEVERE ] player 2 placing token on slot 9
[2022-12-12 13:47:31] [SEVERE ] removing player 2 token from slot 4
[2022-12-12 13:47:31] [SEVERE ] removing player 2 token from slot 5
[2022-12-12 13:47:31] [SEVERE ] removing player 2 token from slot 9
[2022-12-12 13:47:31] [SEVERE ] player 2 placing token on slot 5
[2022-12-12 13:47:31] [SEVERE ] player 2 placing token on slot 11
[2022-12-12 13:47:31] [SEVERE ] player 2 placing token on slot 1
[2022-12-12 13:47:31] [SEVERE ] removing player 2 token from slot 1
[2022-12-12 13:47:31] [SEVERE ] removing player 2 token from slot 5
[2022-12-12 13:47:31] [SEVERE ] removing player 2 token from slot 11
[2022-12-12 13:47:31] [SEVERE ] player 2 placing token on slot 5
[2022-12-12 13:47:31] [SEVERE ] player 2 placing token on slot 8
[2022-12-12 13:47:31] [SEVERE ] player 2 placing token on slot 6
[2022-12-12 13:47:31] [SEVERE ] removing player 2 token from slot 5
[2022-12-12 13:47:31] [SEVERE ] removing player 2 token from slot 6
[2022-12-12 13:47:31] [SEVERE ] removing player 2 token from slot 8
[2022-12-12 13:47:31] [SEVERE ] player 2 placing token on slot 3
[2022-12-12 13:47:31] [SEVERE ] player 2 placing token on slot 4
[2022-12-12 13:47:31] [SEVERE ] player 2 placing token on slot 11
[2022-12-12 13:47:31] [SEVERE ] removing player 2 token from slot 3
[2022-12-12 13:47:31] [SEVERE ] removing player 2 token from slot 4
[2022-12-12 13:47:31] [SEVERE ] removing player 2 token from slot 11
[2022-12-12 13:47:32] [SEVERE ] player 2 placing token on slot 10
[2022-12-12 13:47:32] [SEVERE ] player 2 placing token on slot 3
[2022-12-12 13:47:32] [SEVERE ] player 2 placing token on slot 6
[2022-12-12 13:47:32] [SEVERE ] removing player 2 token from slot 3
[2022-12-12 13:47:32] [SEVERE ] removing player 2 token from slot 6
[2022-12-12 13:47:32] [SEVERE ] removing player 2 token from slot 10
[2022-12-12 13:47:32] [SEVERE ] player 2 placing token on slot 7
[2022-12-12 13:47:32] [SEVERE ] player 2 placing token on slot 1
[2022-12-12 13:47:32] [SEVERE ] player 2 placing token on slot 8
[2022-12-12 13:47:32] [SEVERE ] removing player 2 token from slot 1
[2022-12-12 13:47:32] [SEVERE ] removing player 2 token from slot 7
[2022-12-12 13:47:32] [SEVERE ] removing player 2 token from slot 8
[2022-12-12 13:47:32] [SEVERE ] player 2 placing token on slot 11
[2022-12-12 13:47:32] [SEVERE ] player 2 placing token on slot 3
[2022-12-12 13:47:32] [SEVERE ] player 2 placing token on slot 1
[2022-12-12 13:47:32] [SEVERE ] removing player 2 token from slot 1
[2022-12-12 13:47:32] [SEVERE ] removing player 2 token from slot 3
[2022-12-12 13:47:32] [SEVERE ] removing player 2 token from slot 11
[2022-12-12 13:47:32] [SEVERE ] player 2 placing token on slot 0
[2022-12-12 13:47:32] [SEVERE ] player 2 placing token on slot 3
[2022-12-12 13:47:32] [SEVERE ] player 2 placing token on slot 11
[2022-12-12 13:47:32] [SEVERE ] removing player 2 token from slot 0
[2022-12-12 13:47:32] [SEVERE ] removing player 2 token from slot 3
[2022-12-12 13:47:32] [SEVERE ] removing player 2 token from slot 11
[2022-12-12 13:47:32] [SEVERE ] player 2 placing token on slot 11
[2022-12-12 13:47:32] [SEVERE ] player 2 placing token on slot 8
[2022-12-12 13:47:32] [SEVERE ] player 2 placing token on slot 1
[2022-12-12 13:47:32] [SEVERE ] removing player 2 token from slot 1
[2022-12-12 13:47:32] [SEVERE ] removing player 2 token from slot 8
[2022-12-12 13:47:32] [SEVERE ] removing player 2 token from slot 11
[2022-12-12 13:47:32] [SEVERE ] player 2 placing token on slot 11
[2022-12-12 13:47:32] [SEVERE ] player 2 placing token on slot 10
[2022-12-12 13:47:32] [SEVERE ] player 2 placing token on slot 0
[2022-12-12 13:47:32] [SEVERE ] removing player 2 token from slot 0
[2022-12-12 13:47:32] [SEVERE ] removing player 2 token from slot 10
[2022-12-12 13:47:32] [SEVERE ] removing player 2 token from slot 11
[2022-12-12 13:47:32] [SEVERE ] player 2 placing token on slot 11
[2022-12-12 13:47:32] [SEVERE ] player 2 placing token on slot 2
[2022-12-12 13:47:32] [SEVERE ] player 2 placing token on slot 9
[2022-12-12 13:47:32] [SEVERE ] removing player 2 token from slot 2
[2022-12-12 13:47:32] [SEVERE ] removing player 2 token from slot 9
[2022-12-12 13:47:32] [SEVERE ] removing player 2 token from slot 11
[2022-12-12 13:47:32] [SEVERE ] player 2 placing token on slot 10
[2022-12-12 13:47:32] [SEVERE ] player 2 placing token on slot 4
[2022-12-12 13:47:32] [SEVERE ] player 2 placing token on slot 3
[2022-12-12 13:47:32] [SEVERE ] removing player 2 token from slot 3
[2022-12-12 13:47:32] [SEVERE ] removing player 2 token from slot 4
[2022-12-12 13:47:32] [SEVERE ] removing player 2 token from slot 10
[2022-12-12 13:47:32] [SEVERE ] player 2 placing token on slot 5
[2022-12-12 13:47:32] [SEVERE ] player 2 placing token on slot 10
[2022-12-12 13:47:32] [SEVERE ] player 2 placing token on slot 6
[2022-12-12 13:47:32] [SEVERE ] removing player 2 token from slot 5
[2022-12-12 13:47:32] [SEVERE ] removing player 2 token from slot 6
[2022-12-12 13:47:32] [SEVERE ] removing player 2 token from slot 10
[2022-12-12 13:47:32] [SEVERE ] player 2 placing token on slot 6
[2022-12-12 13:47:32] [SEVERE ] player 2 placing token on slot 7
[2022-12-12 13:47:32] [SEVERE ] player 2 placing token on slot 5
[2022-12-12 13:47:32] [SEVERE ] removing player 2 token from slot 5
[2022-12-12 13:47:32] [SEVERE ] removing player 2 token from slot 6
[2022-12-12 13:47:32] [SEVERE ] removing player 2 token from slot 7
[2022-12-12 13:47:32] [SEVERE ] player 2 placing token on slot 3
[2022-12-12 13:47:33] [SEVERE ] player 2 placing token on slot 4
[2022-12-12 13:47:33] [SEVERE ] player 2 placing token on slot 10
[2022-12-12 13:47:33] [SEVERE ] removing player 2 token from slot 3
[2022-12-12 13:47:33] [SEVERE ] removing player 2 token from slot 4
[2022-12-12 13:47:33] [SEVERE ] removing player 2 token from slot 10
[2022-12-12 13:47:33] [SEVERE ] player 2 placing token on slot 8
[2022-12-12 13:47:33] [SEVERE ] player 2 placing token on slot 5
[2022-12-12 13:47:33] [SEVERE ] player 2 placing token on slot 7
[2022-12-12 13:47:33] [SEVERE ] removing player 2 token from slot 5
[2022-12-12 13:47:33] [SEVERE ] removing player 2 token from slot 7
[2022-12-12 13:47:33] [SEVERE ] removing player 2 token from slot 8
[2022-12-12 13:47:33] [SEVERE ] player 2 placing token on slot 4
[2022-12-12 13:47:33] [SEVERE ] player 2 placing token on slot 5
[2022-12-12 13:47:33] [SEVERE ] player 2 placing token on slot 7
[2022-12-12 13:47:33] [SEVERE ] removing player 2 token from slot 4
[2022-12-12 13:47:33] [SEVERE ] removing player 2 token from slot 5
[2022-12-12 13:47:33] [SEVERE ] removing player 2 token from slot 7
[2022-12-12 13:47:33] [SEVERE ] player 2 placing token on slot 8
[2022-12-12 13:47:33] [SEVERE ] player 2 placing token on slot 2
[2022-12-12 13:47:33] [SEVERE ] player 2 placing token on slot 1
[2022-12-12 13:47:33] [SEVERE ] removing player 2 token from slot 1
[2022-12-12 13:47:33] [SEVERE ] removing player 2 token from slot 2
[2022-12-12 13:47:33] [SEVERE ] removing player 2 token from slot 8
[2022-12-12 13:47:33] [SEVERE ] player 2 placing token on slot 10
[2022-12-12 13:47:33] [SEVERE ] player 2 placing token on slot 7
[2022-12-12 13:47:33] [SEVERE ] player 2 placing token on slot 8
[2022-12-12 13:47:33] [SEVERE ] removing player 2 token from slot 7
[2022-12-12 13:47:33] [SEVERE ] removing player 2 token from slot 8
[2022-12-12 13:47:33] [SEVERE ] removing player 2 token from slot 10
[2022-12-12 13:47:33] [SEVERE ] player 2 placing token on slot 3
[2022-12-12 13:47:33] [SEVERE ] player 2 placing token on slot 11
[2022-12-12 13:47:33] [SEVERE ] player 2 placing token on slot 8
[2022-12-12 13:47:33] [SEVERE ] removing player 2 token from slot 3
[2022-12-12 13:47:33] [SEVERE ] removing player 2 token from slot 8
[2022-12-12 13:47:33] [SEVERE ] removing player 2 token from slot 11
[2022-12-12 13:47:33] [SEVERE ] player 2 placing token on slot 5
[2022-12-12 13:47:33] [SEVERE ] player 2 placing token on slot 8
[2022-12-12 13:47:33] [SEVERE ] player 2 placing token on slot 3
[2022-12-12 13:47:33] [SEVERE ] removing player 2 token from slot 3
[2022-12-12 13:47:33] [SEVERE ] removing player 2 token from slot 5
[2022-12-12 13:47:33] [SEVERE ] removing player 2 token from slot 8
[2022-12-12 13:47:33] [SEVERE ] player 2 placing token on slot 6
[2022-12-12 13:47:33] [SEVERE ] player 2 placing token on slot 1
[2022-12-12 13:47:33] [SEVERE ] player 2 placing token on slot 8
[2022-12-12 13:47:33] [SEVERE ] removing player 2 token from slot 1
[2022-12-12 13:47:33] [SEVERE ] removing player 2 token from slot 6
[2022-12-12 13:47:33] [SEVERE ] removing player 2 token from slot 8
[2022-12-12 13:47:33] [SEVERE ] player 2 placing token on slot 1
[2022-12-12 13:47:33] [SEVERE ] player 2 placing token on slot 10
[2022-12-12 13:47:33] [SEVERE ] player 2 placing token on slot 6
[2022-12-12 13:47:33] [SEVERE ] removing player 2 token from slot 1
[2022-12-12 13:47:33] [SEVERE ] removing player 2 token from slot 6
[2022-12-12 13:47:33] [SEVERE ] removing player 2 token from slot 10
[2022-12-12 13:47:33] [SEVERE ] player 2 placing token on slot 10
[2022-12-12 13:47:33] [SEVERE ] player 2 placing token on slot 0
[2022-12-12 13:47:33] [SEVERE ] player 2 placing token on slot 3
[2022-12-12 13:47:33] [SEVERE ] removing player 2 token from slot 0
[2022-12-12 13:47:33] [SEVERE ] removing player 2 token from slot 3
[2022-12-12 13:47:33] [SEVERE ] removing player 2 token from slot 10
[2022-12-12 13:47:33] [SEVERE ] player 2 placing token on slot 0
[2022-12-12 13:47:33] [SEVERE ] player 2 placing token on slot 1
[2022-12-12 13:47:33] [SEVERE ] player 2 placing token on slot 3
[2022-12-12 13:47:33] [SEVERE ] removing player 2 token from slot 0
[2022-12-12 13:47:33] [SEVERE ] removing player 2 token from slot 1
[2022-12-12 13:47:33] [SEVERE ] removing player 2 token from slot 3
[2022-12-12 13:47:33] [SEVERE ] player 2 placing token on slot 1
[2022-12-12 13:47:33] [SEVERE ] player 2 placing token on slot 8
[2022-12-12 13:47:33] [SEVERE ] player 2 placing token on slot 7
[2022-12-12 13:47:33] [SEVERE ] removing player 2 token from slot 1
[2022-12-12 13:47:33] [SEVERE ] removing player 2 token from slot 7
[2022-12-12 13:47:33] [SEVERE ] removing player 2 token from slot 8
[2022-12-12 13:47:34] [SEVERE ] player 2 placing token on slot 6
[2022-12-12 13:47:34] [SEVERE ] player 2 placing token on slot 0
[2022-12-12 13:47:34] [SEVERE ] player 2 placing token on slot 5
[2022-12-12 13:47:34] [SEVERE ] removing player 2 token from slot 0
[2022-12-12 13:47:34] [SEVERE ] removing player 2 token from slot 5
[2022-12-12 13:47:34] [SEVERE ] removing player 2 token from slot 6
[2022-12-12 13:47:34] [SEVERE ] player 2 placing token on slot 11
[2022-12-12 13:47:34] [SEVERE ] player 2 placing token on slot 0
[2022-12-12 13:47:34] [SEVERE ] player 2 placing token on slot 3
[2022-12-12 13:47:34] [SEVERE ] removing player 2 token from slot 0
[2022-12-12 13:47:34] [SEVERE ] removing player 2 token from slot 3
[2022-12-12 13:47:34] [SEVERE ] removing player 2 token from slot 11
[2022-12-12 13:47:34] [SEVERE ] player 2 placing token on slot 8
[2022-12-12 13:47:34] [SEVERE ] player 2 placing token on slot 9
[2022-12-12 13:47:34] [SEVERE ] player 2 placing token on slot 5
[2022-12-12 13:47:34] [SEVERE ] removing player 2 token from slot 5
[2022-12-12 13:47:34] [SEVERE ] removing player 2 token from slot 8
[2022-12-12 13:47:34] [SEVERE ] removing player 2 token from slot 9
[2022-12-12 13:47:34] [SEVERE ] player 2 placing token on slot 1
[2022-12-12 13:47:34] [SEVERE ] player 2 placing token on slot 11
[2022-12-12 13:47:34] [SEVERE ] player 2 placing token on slot 2
[2022-12-12 13:47:34] [SEVERE ] removing player 2 token from slot 1
[2022-12-12 13:47:34] [SEVERE ] removing player 2 token from slot 2
[2022-12-12 13:47:34] [SEVERE ] removing player 2 token from slot 11
[2022-12-12 13:47:34] [SEVERE ] player 2 placing token on slot 10
[2022-12-12 13:47:34] [SEVERE ] player 2 placing token on slot 6
[2022-12-12 13:47:34] [SEVERE ] player 2 placing token on slot 0
[2022-12-12 13:47:34] [SEVERE ] removing player 2 token from slot 0
[2022-12-12 13:47:34] [SEVERE ] removing player 2 token from slot 6
[2022-12-12 13:47:34] [SEVERE ] removing player 2 token from slot 10
[2022-12-12 13:47:34] [SEVERE ] player 2 placing token on slot 7
[2022-12-12 13:47:34] [SEVERE ] player 2 placing token on slot 3
[2022-12-12 13:47:34] [SEVERE ] player 2 placing token on slot 2
[2022-12-12 13:47:34] [SEVERE ] removing player 2 token from slot 2
[2022-12-12 13:47:34] [SEVERE ] removing player 2 token from slot 3
[2022-12-12 13:47:34] [SEVERE ] removing player 2 token from slot 7
[2022-12-12 13:47:34] [SEVERE ] player 2 placing token on slot 0
[2022-12-12 13:47:34] [SEVERE ] player 2 placing token on slot 10
[2022-12-12 13:47:34] [SEVERE ] player 2 placing token on slot 5
[2022-12-12 13:47:34] [SEVERE ] removing player 2 token from slot 0
[2022-12-12 13:47:34] [SEVERE ] removing player 2 token from slot 5
[2022-12-12 13:47:34] [SEVERE ] removing player 2 token from slot 10
[2022-12-12 13:47:34] [SEVERE ] player 2 placing token on slot 4
[2022-12-12 13:47:34] [SEVERE ] player 2 placing token on slot 10
[2022-12-12 13:47:34] [SEVERE ] player 2 placing token on slot 1
[2022-12-12 13:47:34] [SEVERE ] removing player 2 token from slot 1
[2022-12-12 13:47:34] [SEVERE ] removing player 2 token from slot 4
[2022-12-12 13:47:34] [SEVERE ] removing player 2 token from slot 10
[2022-12-12 13:47:34] [SEVERE ] player 2 placing token on slot 7
[2022-12-12 13:47:34] [SEVERE ] player 2 placing token on slot 10
[2022-12-12 13:47:34] [SEVERE ] player 2 placing token on slot 6
[2022-12-12 13:47:34] [SEVERE ] removing player 2 token from slot 6
[2022-12-12 13:47:34] [SEVERE ] removing player 2 token from slot 7
[2022-12-12 13:47:34] [SEVERE ] removing player 2 token from slot 10
[2022-12-12 13:47:34] [SEVERE ] player 2 placing token on slot 1
[2022-12-12 13:47:34] [SEVERE ] player 2 placing token on slot 11
[2022-12-12 13:47:34] [SEVERE ] player 2 placing token on slot 2
[2022-12-12 13:47:34] [SEVERE ] removing player 2 token from slot 1
[2022-12-12 13:47:34] [SEVERE ] removing player 2 token from slot 2
[2022-12-12 13:47:34] [SEVERE ] removing player 2 token from slot 11
[2022-12-12 13:47:34] [SEVERE ] player 2 placing token on slot 4
[2022-12-12 13:47:34] [SEVERE ] player 2 placing token on slot 3
[2022-12-12 13:47:35] [SEVERE ] player 2 placing token on slot 0
[2022-12-12 13:47:35] [SEVERE ] removing player 2 token from slot 0
[2022-12-12 13:47:35] [SEVERE ] removing player 2 token from slot 3
[2022-12-12 13:47:35] [SEVERE ] removing player 2 token from slot 4
[2022-12-12 13:47:35] [SEVERE ] player 2 placing token on slot 2
[2022-12-12 13:47:35] [SEVERE ] player 2 placing token on slot 8
[2022-12-12 13:47:35] [SEVERE ] player 2 placing token on slot 9
[2022-12-12 13:47:35] [SEVERE ] removing player 2 token from slot 2
[2022-12-12 13:47:35] [SEVERE ] removing player 2 token from slot 8
[2022-12-12 13:47:35] [SEVERE ] removing player 2 token from slot 9
[2022-12-12 13:47:35] [SEVERE ] player 2 placing token on slot 8
[2022-12-12 13:47:35] [SEVERE ] player 2 placing token on slot 0
[2022-12-12 13:47:35] [SEVERE ] player 2 placing token on slot 5
[2022-12-12 13:47:35] [SEVERE ] removing player 2 token from slot 0
[2022-12-12 13:47:35] [SEVERE ] removing player 2 token from slot 5
[2022-12-12 13:47:35] [SEVERE ] removing player 2 token from slot 8
[2022-12-12 13:47:35] [SEVERE ] player 2 placing token on slot 11
[2022-12-12 13:47:35] [SEVERE ] player 2 placing token on slot 1
[2022-12-12 13:47:35] [SEVERE ] player 2 placing token on slot 2
[2022-12-12 13:47:35] [SEVERE ] removing player 2 token from slot 1
[2022-12-12 13:47:35] [SEVERE ] removing player 2 token from slot 2
[2022-12-12 13:47:35] [SEVERE ] removing player 2 token from slot 11
[2022-12-12 13:47:35] [SEVERE ] player 2 placing token on slot 1
[2022-12-12 13:47:35] [SEVERE ] player 2 placing token on slot 5
[2022-12-12 13:47:35] [SEVERE ] player 2 placing token on slot 0
[2022-12-12 13:47:35] [SEVERE ] removing player 2 token from slot 0
[2022-12-12 13:47:35] [SEVERE ] removing player 2 token from slot 1
[2022-12-12 13:47:35] [SEVERE ] removing player 2 token from slot 5
[2022-12-12 13:47:35] [SEVERE ] player 2 placing token on slot 5
[2022-12-12 13:47:35] [SEVERE ] player 2 placing token on slot 10
[2022-12-12 13:47:35] [SEVERE ] player 2 placing token on slot 7
[2022-12-12 13:47:35] [SEVERE ] removing player 2 token from slot 5
[2022-12-12 13:47:35] [SEVERE ] removing player 2 token from slot 7
[2022-12-12 13:47:35] [SEVERE ] removing player 2 token from slot 10
[2022-12-12 13:47:35] [SEVERE ] player 2 placing token on slot 7
[2022-12-12 13:47:35] [SEVERE ] player 2 placing token on slot 2
[2022-12-12 13:47:35] [SEVERE ] player 2 placing token on slot 9
[2022-12-12 13:47:35] [SEVERE ] removing player 2 token from slot 2
[2022-12-12 13:47:35] [SEVERE ] removing player 2 token from slot 7
[2022-12-12 13:47:35] [SEVERE ] removing player 2 token from slot 9
[2022-12-12 13:47:35] [SEVERE ] player 2 placing token on slot 8
[2022-12-12 13:47:35] [SEVERE ] player 2 placing token on slot 6
[2022-12-12 13:47:35] [SEVERE ] player 2 placing token on slot 3
[2022-12-12 13:47:35] [SEVERE ] removing player 2 token from slot 3
[2022-12-12 13:47:35] [SEVERE ] removing player 2 token from slot 6
[2022-12-12 13:47:35] [SEVERE ] removing player 2 token from slot 8
[2022-12-12 13:47:35] [SEVERE ] player 2 placing token on slot 5
[2022-12-12 13:47:35] [SEVERE ] player 2 placing token on slot 0
[2022-12-12 13:47:35] [SEVERE ] player 2 placing token on slot 3
[2022-12-12 13:47:35] [SEVERE ] removing player 2 token from slot 0
[2022-12-12 13:47:35] [SEVERE ] removing player 2 token from slot 3
[2022-12-12 13:47:35] [SEVERE ] removing player 2 token from slot 5
[2022-12-12 13:47:35] [SEVERE ] player 2 placing token on slot 9
[2022-12-12 13:47:35] [SEVERE ] player 2 placing token on slot 2
[2022-12-12 13:47:35] [SEVERE ] player 2 placing token on slot 11
[2022-12-12 13:47:35] [SEVERE ] removing player 2 token from slot 2
[2022-12-12 13:47:35] [SEVERE ] removing player 2 token from slot 9
[2022-12-12 13:47:35] [SEVERE ] removing player 2 token from slot 11
[2022-12-12 13:47:35] [SEVERE ] player 2 placing token on slot 6
[2022-12-12 13:47:35] [SEVERE ] player 2 placing token on slot 8
[2022-12-12 13:47:35] [SEVERE ] player 2 placing token on slot 1
[2022-12-12 13:47:35] [SEVERE ] removing player 2 token from slot 1
[2022-12-12 13:47:35] [SEVERE ] removing player 2 token from slot 6
[2022-12-12 13:47:35] [SEVERE ] removing player 2 token from slot 8
[2022-12-12 13:47:35] [SEVERE ] player 2 placing token on slot 11
[2022-12-12 13:47:36] [SEVERE ] player 2 placing token on slot 0
[2022-12-12 13:47:36] [SEVERE ] player 2 placing token on slot 9
[2022-12-12 13:47:36] [SEVERE ] removing player 2 token from slot 0
[2022-12-12 13:47:36] [SEVERE ] removing player 2 token from slot 9
[2022-12-12 13:47:36] [SEVERE ] removing player 2 token from slot 11
[2022-12-12 13:47:36] [SEVERE ] player 2 placing token on slot 2
[2022-12-12 13:47:36] [SEVERE ] player 2 placing token on slot 5
[2022-12-12 13:47:36] [SEVERE ] player 2 placing token on slot 3
[2022-12-12 13:47:36] [SEVERE ] removing player 2 token from slot 2
[2022-12-12 13:47:36] [SEVERE ] removing player 2 token from slot 3
[2022-12-12 13:47:36] [SEVERE ] removing player 2 token from slot 5
[2022-12-12 13:47:36] [SEVERE ] player 2 placing token on slot 0
[2022-12-12 13:47:36] [SEVERE ] player 2 placing token on slot 8
[2022-12-12 13:47:36] [SEVERE ] player 2 placing token on slot 4
[2022-12-12 13:47:36] [SEVERE ] removing player 2 token from slot 0
[2022-12-12 13:47:36] [SEVERE ] removing player 2 token from slot 4
[2022-12-12 13:47:36] [SEVERE ] removing player 2 token from slot 8
[2022-12-12 13:47:36] [SEVERE ] player 2 placing token on slot 7
[2022-12-12 13:47:36] [SEVERE ] player 2 placing token on slot 9
[2022-12-12 13:47:36] [SEVERE ] player 2 placing token on slot 1
[2022-12-12 13:47:36] [SEVERE ] removing player 2 token from slot 1
[2022-12-12 13:47:36] [SEVERE ] removing player 2 token from slot 7
[2022-12-12 13:47:36] [SEVERE ] removing player 2 token from slot 9
[2022-12-12 13:47:36] [SEVERE ] player 2 placing token on slot 0
[2022-12-12 13:47:36] [SEVERE ] player 2 placing token on slot 8
[2022-12-12 13:47:36] [SEVERE ] player 2 placing token on slot 9
[2022-12-12 13:47:36] [SEVERE ] removing player 2 token from slot 0
[2022-12-12 13:47:36] [SEVERE ] removing player 2 token from slot 8
[2022-12-12 13:47:36] [SEVERE ] removing player 2 token from slot 9
[2022-12-12 13:47:36] [SEVERE ] player 2 placing token on slot 7
[2022-12-12 13:47:36] [SEVERE ] player 2 placing token on slot 11
[2022-12-12 13:47:36] [SEVERE ] player 2 placing token on slot 0
[2022-12-12 13:47:36] [SEVERE ] removing player 2 token from slot 0
[2022-12-12 13:47:36] [SEVERE ] removing player 2 token from slot 7
[2022-12-12 13:47:36] [SEVERE ] removing player 2 token from slot 11
[2022-12-12 13:47:36] [SEVERE ] player 2 placing token on slot 10
[2022-12-12 13:47:36] [SEVERE ] player 2 placing token on slot 0
[2022-12-12 13:47:36] [SEVERE ] player 2 placing token on slot 5
[2022-12-12 13:47:36] [SEVERE ] removing player 2 token from slot 0
[2022-12-12 13:47:36] [SEVERE ] removing player 2 token from slot 5
[2022-12-12 13:47:36] [SEVERE ] removing player 2 token from slot 10
[2022-12-12 13:47:36] [SEVERE ] player 2 placing token on slot 4
[2022-12-12 13:47:36] [SEVERE ] player 2 placing token on slot 1
[2022-12-12 13:47:36] [SEVERE ] player 2 placing token on slot 6
[2022-12-12 13:47:36] [SEVERE ] removing player 2 token from slot 1
[2022-12-12 13:47:36] [SEVERE ] removing player 2 token from slot 4
[2022-12-12 13:47:36] [SEVERE ] removing player 2 token from slot 6
[2022-12-12 13:47:36] [SEVERE ] player 2 placing token on slot 4
[2022-12-12 13:47:36] [SEVERE ] player 2 placing token on slot 7
[2022-12-12 13:47:36] [SEVERE ] player 2 placing token on slot 10
[2022-12-12 13:47:36] [SEVERE ] removing player 2 token from slot 4
[2022-12-12 13:47:36] [SEVERE ] removing player 2 token from slot 7
[2022-12-12 13:47:36] [SEVERE ] removing player 2 token from slot 10
[2022-12-12 13:47:36] [SEVERE ] player 2 placing token on slot 11
[2022-12-12 13:47:36] [SEVERE ] player 2 placing token on slot 2
[2022-12-12 13:47:36] [SEVERE ] player 2 placing token on slot 10
[2022-12-12 13:47:36] [SEVERE ] removing player 2 token from slot 2
[2022-12-12 13:47:36] [SEVERE ] removing player 2 token from slot 10
[2022-12-12 13:47:36] [SEVERE ] removing player 2 token from slot 11
[2022-12-12 13:47:36] [SEVERE ] player 2 placing token on slot 6
[2022-12-12 13:47:36] [SEVERE ] player 2 placing token on slot 10
[2022-12-12 13:47:36] [SEVERE ] player 2 placing token on slot 1
[2022-12-12 13:47:36] [SEVERE ] removing player 2 token from slot 1
[2022-12-12 13:47:36] [SEVERE ] removing player 2 token from slot 6
[2022-12-12 13:47:36] [SEVERE ] removing player 2 token from slot 10
[2022-12-12 13:47:36] [SEVERE ] player 2 placing token on slot 0
[2022-12-12 13:47:37] [SEVERE ] player 2 placing token on slot 2
[2022-12-12 13:47:37] [SEVERE ] player 2 placing token on slot 6
[2022-12-12 13:47:37] [SEVERE ] removing player 2 token from slot 0
[2022-12-12 13:47:37] [SEVERE ] removing player 2 token from slot 2
[2022-12-12 13:47:37] [SEVERE ] removing player 2 token from slot 6
[2022-12-12 13:47:37] [SEVERE ] player 2 placing token on slot 7
[2022-12-12 13:47:37] [SEVERE ] player 2 placing token on slot 6
[2022-12-12 13:47:37] [SEVERE ] player 2 placing token on slot 11
[2022-12-12 13:47:37] [SEVERE ] removing player 2 token from slot 6
[2022-12-12 13:47:37] [SEVERE ] removing player 2 token from slot 7
[2022-12-12 13:47:37] [SEVERE ] removing player 2 token from slot 11
[2022-12-12 13:47:37] [SEVERE ] player 2 placing token on slot 10
[2022-12-12 13:47:37] [SEVERE ] player 2 placing token on slot 5
[2022-12-12 13:47:37] [SEVERE ] player 2 placing token on slot 8
[2022-12-12 13:47:37] [SEVERE ] removing player 2 token from slot 5
[2022-12-12 13:47:37] [SEVERE ] removing player 2 token from slot 8
[2022-12-12 13:47:37] [SEVERE ] removing player 2 token from slot 10
[2022-12-12 13:47:37] [SEVERE ] player 2 placing token on slot 9
[2022-12-12 13:47:37] [SEVERE ] player 2 placing token on slot 8
[2022-12-12 13:47:37] [SEVERE ] player 2 placing token on slot 0
[2022-12-12 13:47:37] [SEVERE ] removing player 2 token from slot 0
[2022-12-12 13:47:37] [SEVERE ] removing player 2 token from slot 8
[2022-12-12 13:47:37] [SEVERE ] removing player 2 token from slot 9
[2022-12-12 13:47:37] [SEVERE ] player 2 placing token on slot 9
[2022-12-12 13:47:37] [SEVERE ] player 2 placing token on slot 10
[2022-12-12 13:47:37] [SEVERE ] player 2 placing token on slot 8
[2022-12-12 13:47:37] [SEVERE ] removing player 2 token from slot 8
[2022-12-12 13:47:37] [SEVERE ] removing player 2 token from slot 9
[2022-12-12 13:47:37] [SEVERE ] removing player 2 token from slot 10
[2022-12-12 13:47:37] [SEVERE ] player 2 placing token on slot 6
[2022-12-12 13:47:37] [SEVERE ] player 2 placing token on slot 2
[2022-12-12 13:47:37] [SEVERE ] player 2 placing token on slot 8
[2022-12-12 13:47:37] [SEVERE ] removing player 2 token from slot 2
[2022-12-12 13:47:37] [SEVERE ] removing player 2 token from slot 6
[2022-12-12 13:47:37] [SEVERE ] removing player 2 token from slot 8
[2022-12-12 13:47:37] [SEVERE ] player 2 placing token on slot 3
[2022-12-12 13:47:37] [SEVERE ] player 2 placing token on slot 2
[2022-12-12 13:47:37] [SEVERE ] player 2 placing token on slot 7
[2022-12-12 13:47:37] [SEVERE ] removing player 2 token from slot 2
[2022-12-12 13:47:37] [SEVERE ] removing player 2 token from slot 3
[2022-12-12 13:47:37] [SEVERE ] removing player 2 token from slot 7
[2022-12-12 13:47:37] [SEVERE ] player 2 placing token on slot 3
[2022-12-12 13:47:37] [SEVERE ] player 2 placing token on slot 6
[2022-12-12 13:47:37] [SEVERE ] player 2 placing token on slot 5
[2022-12-12 13:47:37] [SEVERE ] removing player 2 token from slot 3
[2022-12-12 13:47:37] [SEVERE ] removing player 2 token from slot 5
[2022-12-12 13:47:37] [SEVERE ] removing player 2 token from slot 6
[2022-12-12 13:47:37] [SEVERE ] player 2 placing token on slot 0
[2022-12-12 13:47:37] [SEVERE ] player 2 placing token on slot 4
[2022-12-12 13:47:37] [SEVERE ] player 2 placing token on slot 8
[2022-12-12 13:47:37] [SEVERE ] removing player 2 token from slot 0
[2022-12-12 13:47:37] [SEVERE ] removing player 2 token from slot 4
[2022-12-12 13:47:37] [SEVERE ] removing player 2 token from slot 8
[2022-12-12 13:47:37] [SEVERE ] player 2 placing token on slot 1
[2022-12-12 13:47:37] [SEVERE ] player 2 placing token on slot 10
[2022-12-12 13:47:37] [SEVERE ] player 2 placing token on slot 8
[2022-12-12 13:47:37] [SEVERE ] removing player 2 token from slot 1
[2022-12-12 13:47:37] [SEVERE ] removing player 2 token from slot 8
[2022-12-12 13:47:37] [SEVERE ] removing player 2 token from slot 10
[2022-12-12 13:47:37] [SEVERE ] player 2 placing token on slot 5
[2022-12-12 13:47:37] [SEVERE ] player 2 placing token on slot 0
[2022-12-12 13:47:37] [SEVERE ] player 2 placing token on slot 2
[2022-12-12 13:47:37] [SEVERE ] removing player 2 token from slot 0
[2022-12-12 13:47:37] [SEVERE ] removing player 2 token from slot 2
[2022-12-12 13:47:37] [SEVERE ] removing player 2 token from slot 5
[2022-12-12 13:47:37] [SEVERE ] player 2 placing token on slot 10
[2022-12-12 13:47:37] [SEVERE ] player 2 placing token on slot 9
[2022-12-12 13:47:38] [SEVERE ] player 2 placing token on slot 8
[2022-12-12 13:47:38] [SEVERE ] removing player 2 token from slot 8
[2022-12-12 13:47:38] [SEVERE ] removing player 2 token from slot 9
[2022-12-12 13:47:38] [SEVERE ] removing player 2 token from slot 10
[2022-12-12 13:47:38] [SEVERE ] player 2 placing token on slot 2
[2022-12-12 13:47:38] [SEVERE ] player 2 placing token on slot 3
[2022-12-12 13:47:38] [SEVERE ] player 2 placing token on slot 8
[2022-12-12 13:47:38] [SEVERE ] removing player 2 token from slot 2
[2022-12-12 13:47:38] [SEVERE ] removing player 2 token from slot 3
[2022-12-12 13:47:38] [SEVERE ] removing player 2 token from slot 8
[2022-12-12 13:47:38] [SEVERE ] player 2 placing token on slot 10
[2022-12-12 13:47:38] [SEVERE ] player 2 placing token on slot 9
[2022-12-12 13:47:38] [SEVERE ] player 2 placing token on slot 1
[2022-12-12 13:47:38] [SEVERE ] removing player 2 token from slot 1
[2022-12-12 13:47:38] [SEVERE ] removing player 2 token from slot 9
[2022-12-12 13:47:38] [SEVERE ] removing player 2 token from slot 10
[2022-12-12 13:47:38] [SEVERE ] player 2 placing token on slot 9
[2022-12-12 13:47:38] [SEVERE ] player 2 placing token on slot 1
[2022-12-12 13:47:38] [SEVERE ] player 2 placing token on slot 11
[2022-12-12 13:47:38] [SEVERE ] removing player 2 token from slot 1
[2022-12-12 13:47:38] [SEVERE ] removing player 2 token from slot 9
[2022-12-12 13:47:38] [SEVERE ] removing player 2 token from slot 11
[2022-12-12 13:47:38] [SEVERE ] player 2 placing token on slot 8
[2022-12-12 13:47:38] [SEVERE ] player 2 placing token on slot 4
[2022-12-12 13:47:38] [SEVERE ] player 2 placing token on slot 3
[2022-12-12 13:47:38] [SEVERE ] removing player 2 token from slot 3
[2022-12-12 13:47:38] [SEVERE ] removing player 2 token from slot 4
[2022-12-12 13:47:38] [SEVERE ] removing player 2 token from slot 8
[2022-12-12 13:47:38] [SEVERE ] player 2 placing token on slot 6
[2022-12-12 13:47:38] [SEVERE ] player 2 placing token on slot 11
[2022-12-12 13:47:38] [SEVERE ] player 2 placing token on slot 1
[2022-12-12 13:47:38] [SEVERE ] removing player 2 token from slot 1
[2022-12-12 13:47:38] [SEVERE ] removing player 2 token from slot 6
[2022-12-12 13:47:38] [SEVERE ] removing player 2 token from slot 11
[2022-12-12 13:47:38] [SEVERE ] player 2 placing token on slot 0
[2022-12-12 13:47:38] [SEVERE ] player 2 placing token on slot 7
[2022-12-12 13:47:38] [SEVERE ] player 2 placing token on slot 11
[2022-12-12 13:47:38] [SEVERE ] removing player 2 token from slot 0
[2022-12-12 13:47:38] [SEVERE ] removing player 2 token from slot 7
[2022-12-12 13:47:38] [SEVERE ] removing player 2 token from slot 11
[2022-12-12 13:47:38] [SEVERE ] player 2 placing token on slot 3
[2022-12-12 13:47:38] [SEVERE ] player 2 placing token on slot 8
[2022-12-12 13:47:38] [SEVERE ] player 2 placing token on slot 6
[2022-12-12 13:47:38] [SEVERE ] removing player 2 token from slot 3
[2022-12-12 13:47:38] [SEVERE ] removing player 2 token from slot 6
[2022-12-12 13:47:38] [SEVERE ] removing player 2 token from slot 8
[2022-12-12 13:47:38] [SEVERE ] player 2 placing token on slot 7
[2022-12-12 13:47:38] [SEVERE ] player 2 placing token on slot 6
[2022-12-12 13:47:38] [SEVERE ] player 2 placing token on slot 1
[2022-12-12 13:47:38] [SEVERE ] removing player 2 token from slot 1
[2022-12-12 13:47:38] [SEVERE ] removing player 2 token from slot 6
[2022-12-12 13:47:38] [SEVERE ] removing player 2 token from slot 7
[2022-12-12 13:47:38] [SEVERE ] player 2 placing token on slot 9
[2022-12-12 13:47:38] [SEVERE ] player 2 placing token on slot 0
[2022-12-12 13:47:38] [SEVERE ] player 2 placing token on slot 1
[2022-12-12 13:47:38] [SEVERE ] removing player 2 token from slot 0
[2022-12-12 13:47:38] [SEVERE ] removing player 2 token from slot 1
[2022-12-12 13:47:38] [SEVERE ] removing player 2 token from slot 9
[2022-12-12 13:47:38] [SEVERE ] player 2 placing token on slot 9
[2022-12-12 13:47:38] [SEVERE ] player 2 placing token on slot 3
[2022-12-12 13:47:38] [SEVERE ] player 2 placing token on slot 7
[2022-12-12 13:47:38] [SEVERE ] removing player 2 token from slot 3
[2022-12-12 13:47:38] [SEVERE ] removing player 2 token from slot 7
[2022-12-12 13:47:38] [SEVERE ] removing player 2 token from slot 9
[2022-12-12 13:47:38] [SEVERE ] player 2 placing token on slot 7
[2022-12-12 13:47:38] [SEVERE ] player 2 placing token on slot 1
[2022-12-12 13:47:39] [SEVERE ] player 2 placing token on slot 4
[2022-12-12 13:47:39] [SEVERE ] removing player 2 token from slot 1
[2022-12-12 13:47:39] [SEVERE ] removing player 2 token from slot 4
[2022-12-12 13:47:39] [SEVERE ] removing player 2 token from slot 7
[2022-12-12 13:47:39] [SEVERE ] player 2 placing token on slot 8
[2022-12-12 13:47:39] [SEVERE ] player 2 placing token on slot 2
[2022-12-12 13:47:39] [SEVERE ] player 2 placing token on slot 0
[2022-12-12 13:47:39] [SEVERE ] removing player 2 token from slot 0
[2022-12-12 13:47:39] [SEVERE ] removing player 2 token from slot 2
[2022-12-12 13:47:39] [SEVERE ] removing player 2 token from slot 8
[2022-12-12 13:47:39] [SEVERE ] player 2 placing token on slot 4
[2022-12-12 13:47:39] [SEVERE ] player 2 placing token on slot 9
[2022-12-12 13:47:39] [SEVERE ] player 2 placing token on slot 10
[2022-12-12 13:47:39] [SEVERE ] removing player 2 token from slot 4
[2022-12-12 13:47:39] [SEVERE ] removing player 2 token from slot 9
[2022-12-12 13:47:39] [SEVERE ] removing player 2 token from slot 10
[2022-12-12 13:47:39] [SEVERE ] player 2 placing token on slot 0
[2022-12-12 13:47:39] [SEVERE ] player 2 placing token on slot 7
[2022-12-12 13:47:39] [SEVERE ] player 2 placing token on slot 9
[2022-12-12 13:47:39] [SEVERE ] removing player 2 token from slot 0
[2022-12-12 13:47:39] [SEVERE ] removing player 2 token from slot 7
[2022-12-12 13:47:39] [SEVERE ] removing player 2 token from slot 9
[2022-12-12 13:47:39] [SEVERE ] player 2 placing token on slot 8
[2022-12-12 13:47:39] [SEVERE ] player 2 placing token on slot 0
[2022-12-12 13:47:39] [SEVERE ] player 2 placing token on slot 4
[2022-12-12 13:47:39] [SEVERE ] removing player 2 token from slot 0
[2022-12-12 13:47:39] [SEVERE ] removing player 2 token from slot 4
[2022-12-12 13:47:39] [SEVERE ] removing player 2 token from slot 8
[2022-12-12 13:47:39] [SEVERE ] player 2 placing token on slot 0
[2022-12-12 13:47:39] [SEVERE ] player 2 placing token on slot 10
[2022-12-12 13:47:39] [SEVERE ] player 2 placing token on slot 4
[2022-12-12 13:47:39] [SEVERE ] removing player 2 token from slot 0
[2022-12-12 13:47:39] [SEVERE ] removing player 2 token from slot 4
[2022-12-12 13:47:39] [SEVERE ] removing player 2 token from slot 10
[2022-12-12 13:47:39] [SEVERE ] player 2 placing token on slot 0
[2022-12-12 13:47:39] [SEVERE ] player 2 placing token on slot 4
[2022-12-12 13:47:39] [SEVERE ] player 2 placing token on slot 3
[2022-12-12 13:47:39] [SEVERE ] removing player 2 token from slot 0
[2022-12-12 13:47:39] [SEVERE ] removing player 2 token from slot 3
[2022-12-12 13:47:39] [SEVERE ] removing player 2 token from slot 4
[2022-12-12 13:47:39] [SEVERE ] player 2 placing token on slot 5
[2022-12-12 13:47:39] [SEVERE ] player 2 placing token on slot 2
[2022-12-12 13:47:39] [SEVERE ] player 2 placing token on slot 11
[2022-12-12 13:47:39] [SEVERE ] removing player 2 token from slot 2
[2022-12-12 13:47:39] [SEVERE ] removing player 2 token from slot 5
[2022-12-12 13:47:39] [SEVERE ] removing player 2 token from slot 11
[2022-12-12 13:47:39] [SEVERE ] player 2 placing token on slot 7
[2022-12-12 13:47:39] [SEVERE ] player 2 placing token on slot 1
[2022-12-12 13:47:39] [SEVERE ] player 2 placing token on slot 0
[2022-12-12 13:47:39] [SEVERE ] removing player 2 token from slot 0
[2022-12-12 13:47:39] [SEVERE ] removing player 2 token from slot 1
[2022-12-12 13:47:39] [SEVERE ] removing player 2 token from slot 7
[2022-12-12 13:47:39] [SEVERE ] player 2 placing token on slot 8
[2022-12-12 13:47:39] [SEVERE ] player 2 placing token on slot 9
[2022-12-12 13:47:39] [SEVERE ] player 2 placing token on slot 3
[2022-12-12 13:47:39] [SEVERE ] removing player 2 token from slot 3
[2022-12-12 13:47:39] [SEVERE ] removing player 2 token from slot 8
[2022-12-12 13:47:39] [SEVERE ] removing player 2 token from slot 9
[2022-12-12 13:47:39] [SEVERE ] player 2 placing token on slot 5
[2022-12-12 13:47:39] [SEVERE ] player 2 placing token on slot 8
[2022-12-12 13:47:39] [SEVERE ] player 2 placing token on slot 9
[2022-12-12 13:47:39] [SEVERE ] removing player 2 token from slot 5
[2022-12-12 13:47:39] [SEVERE ] removing player 2 token from slot 8
[2022-12-12 13:47:39] [SEVERE ] removing player 2 token from slot 9
[2022-12-12 13:47:39] [SEVERE ] player 2 placing token on slot 10
[2022-12-12 13:47:40] [SEVERE ] player 2 placing token on slot 0
[2022-12-12 13:47:40] [SEVERE ] player 2 placing token on slot 6
[2022-12-12 13:47:40] [SEVERE ] removing player 2 token from slot 0
[2022-12-12 13:47:40] [SEVERE ] removing player 2 token from slot 6
[2022-12-12 13:47:40] [SEVERE ] removing player 2 token from slot 10
[2022-12-12 13:47:40] [SEVERE ] player 2 placing token on slot 7
[2022-12-12 13:47:40] [SEVERE ] player 2 placing token on slot 10
[2022-12-12 13:47:40] [SEVERE ] player 2 placing token on slot 4
[2022-12-12 13:47:40] [SEVERE ] removing player 2 token from slot 4
[2022-12-12 13:47:40] [SEVERE ] removing player 2 token from slot 7
[2022-12-12 13:47:40] [SEVERE ] removing player 2 token from slot 10
[2022-12-12 13:47:40] [SEVERE ] player 2 placing token on slot 2
[2022-12-12 13:47:40] [SEVERE ] player 2 placing token on slot 7
[2022-12-12 13:47:40] [SEVERE ] player 2 placing token on slot 1
[2022-12-12 13:47:40] [SEVERE ] removing player 2 token from slot 1
[2022-12-12 13:47:40] [SEVERE ] removing player 2 token from slot 2
[2022-12-12 13:47:40] [SEVERE ] removing player 2 token from slot 7
[2022-12-12 13:47:40] [SEVERE ] player 2 placing token on slot 0
[2022-12-12 13:47:40] [SEVERE ] player 2 placing token on slot 7
[2022-12-12 13:47:40] [SEVERE ] player 2 placing token on slot 2
[2022-12-12 13:47:40] [SEVERE ] removing player 2 token from slot 0
[2022-12-12 13:47:40] [SEVERE ] removing player 2 token from slot 2
[2022-12-12 13:47:40] [SEVERE ] removing player 2 token from slot 7
[2022-12-12 13:47:40] [SEVERE ] player 2 placing token on slot 1
[2022-12-12 13:47:40] [SEVERE ] player 2 placing token on slot 5
[2022-12-12 13:47:40] [SEVERE ] player 2 placing token on slot 8
[2022-12-12 13:47:40] [SEVERE ] removing player 2 token from slot 1
[2022-12-12 13:47:40] [SEVERE ] removing player 2 token from slot 5
[2022-12-12 13:47:40] [SEVERE ] removing player 2 token from slot 8
[2022-12-12 13:47:40] [SEVERE ] player 2 placing token on slot 4
[2022-12-12 13:47:40] [SEVERE ] player 2 placing token on slot 0
[2022-12-12 13:47:40] [SEVERE ] player 2 placing token on slot 3
[2022-12-12 13:47:40] [SEVERE ] removing player 2 token from slot 0
[2022-12-12 13:47:40] [SEVERE ] removing player 2 token from slot 3
[2022-12-12 13:47:40] [SEVERE ] removing player 2 token from slot 4
[2022-12-12 13:47:40] [SEVERE ] player 2 placing token on slot 0
[2022-12-12 13:47:40] [SEVERE ] player 2 placing token on slot 1
[2022-12-12 13:47:40] [SEVERE ] player 2 placing token on slot 6
[2022-12-12 13:47:40] [SEVERE ] removing player 2 token from slot 0
[2022-12-12 13:47:40] [SEVERE ] removing player 2 token from slot 1
[2022-12-12 13:47:40] [SEVERE ] removing player 2 token from slot 6
[2022-12-12 13:47:40] [SEVERE ] player 2 placing token on slot 0
[2022-12-12 13:47:40] [SEVERE ] player 2 placing token on slot 5
[2022-12-12 13:47:40] [SEVERE ] player 2 placing token on slot 4
[2022-12-12 13:47:40] [SEVERE ] removing player 2 token from slot 0
[2022-12-12 13:47:40] [SEVERE ] removing player 2 token from slot 4
[2022-12-12 13:47:40] [SEVERE ] removing player 2 token from slot 5
[2022-12-12 13:47:40] [SEVERE ] player 2 placing token on slot 8
[2022-12-12 13:47:40] [SEVERE ] player 2 placing token on slot 0
[2022-12-12 13:47:40] [SEVERE ] player 2 placing token on slot 2
[2022-12-12 13:47:40] [SEVERE ] removing player 2 token from slot 0
[2022-12-12 13:47:40] [SEVERE ] removing player 2 token from slot 2
[2022-12-12 13:47:40] [SEVERE ] removing player 2 token from slot 8
[2022-12-12 13:47:40] [SEVERE ] player 2 placing token on slot 1
[2022-12-12 13:47:40] [SEVERE ] player 2 placing token on slot 11
[2022-12-12 13:47:40] [SEVERE ] player 2 placing token on slot 10
[2022-12-12 13:47:40] [SEVERE ] removing player 2 token from slot 1
[2022-12-12 13:47:40] [SEVERE ] removing player 2 token from slot 10
[2022-12-12 13:47:40] [SEVERE ] removing player 2 token from slot 11
[2022-12-12 13:47:40] [SEVERE ] player 2 placing token on slot 4
[2022-12-12 13:47:40] [SEVERE ] player 2 placing token on slot 3
[2022-12-12 13:47:40] [SEVERE ] player 2 placing token on slot 2
[2022-12-12 13:47:40] [SEVERE ] removing player 2 token from slot 2
[2022-12-12 13:47:40] [SEVERE ] removing player 2 token from slot 3
[2022-12-12 13:47:40] [SEVERE ] removing player 2 token from slot 4
[2022-12-12 13:47:40] [SEVERE ] player 2 placing token on slot 4
[2022-12-12 13:47:41] [SEVERE ] player 2 placing token on slot 3
[2022-12-12 13:47:41] [SEVERE ] player 2 placing token on slot 9
[2022-12-12 13:47:41] [SEVERE ] removing player 2 token from slot 3
[2022-12-12 13:47:41] [SEVERE ] removing player 2 token from slot 4
[2022-12-12 13:47:41] [SEVERE ] removing player 2 token from slot 9
[2022-12-12 13:47:41] [SEVERE ] player 2 placing token on slot 6
[2022-12-12 13:47:41] [SEVERE ] player 2 placing token on slot 1
[2022-12-12 13:47:41] [SEVERE ] player 2 placing token on slot 11
[2022-12-12 13:47:41] [SEVERE ] removing player 2 token from slot 1
[2022-12-12 13:47:41] [SEVERE ] removing player 2 token from slot 6
[2022-12-12 13:47:41] [SEVERE ] removing player 2 token from slot 11
[2022-12-12 13:47:41] [SEVERE ] player 2 placing token on slot 2
[2022-12-12 13:47:41] [SEVERE ] player 2 placing token on slot 3
[2022-12-12 13:47:41] [SEVERE ] player 2 placing token on slot 11
[2022-12-12 13:47:41] [SEVERE ] removing player 2 token from slot 2
[2022-12-12 13:47:41] [SEVERE ] removing player 2 token from slot 3
[2022-12-12 13:47:41] [SEVERE ] removing player 2 token from slot 11
[2022-12-12 13:47:41] [SEVERE ] player 2 placing token on slot 5
[2022-12-12 13:47:41] [SEVERE ] player 2 placing token on slot 10
[2022-12-12 13:47:41] [SEVERE ] player 2 placing token on slot 0
[2022-12-12 13:47:41] [SEVERE ] removing player 2 token from slot 0
[2022-12-12 13:47:41] [SEVERE ] removing player 2 token from slot 5
[2022-12-12 13:47:41] [SEVERE ] removing player 2 token from slot 10
[2022-12-12 13:47:41] [SEVERE ] player 2 placing token on slot 4
[2022-12-12 13:47:41] [SEVERE ] player 2 placing token on slot 9
[2022-12-12 13:47:41] [SEVERE ] player 2 placing token on slot 7
[2022-12-12 13:47:41] [SEVERE ] removing player 2 token from slot 4
[2022-12-12 13:47:41] [SEVERE ] removing player 2 token from slot 7
[2022-12-12 13:47:41] [SEVERE ] removing player 2 token from slot 9
[2022-12-12 13:47:41] [SEVERE ] player 2 placing token on slot 6
[2022-12-12 13:47:41] [SEVERE ] player 2 placing token on slot 3
[2022-12-12 13:47:41] [SEVERE ] player 2 placing token on slot 9
[2022-12-12 13:47:41] [SEVERE ] removing player 2 token from slot 3
[2022-12-12 13:47:41] [SEVERE ] removing player 2 token from slot 6
[2022-12-12 13:47:41] [SEVERE ] removing player 2 token from slot 9
[2022-12-12 13:47:41] [SEVERE ] player 2 placing token on slot 2
[2022-12-12 13:47:41] [SEVERE ] player 2 placing token on slot 8
[2022-12-12 13:47:41] [SEVERE ] player 2 placing token on slot 1
[2022-12-12 13:47:41] [SEVERE ] removing player 2 token from slot 1
[2022-12-12 13:47:41] [SEVERE ] removing player 2 token from slot 2
[2022-12-12 13:47:41] [SEVERE ] removing player 2 token from slot 8
[2022-12-12 13:47:41] [SEVERE ] player 2 placing token on slot 3
[2022-12-12 13:47:41] [SEVERE ] player 2 placing token on slot 4
[2022-12-12 13:47:41] [SEVERE ] player 2 placing token on slot 9
[2022-12-12 13:47:41] [SEVERE ] removing player 2 token from slot 3
[2022-12-12 13:47:41] [SEVERE ] removing player 2 token from slot 4
[2022-12-12 13:47:41] [SEVERE ] removing player 2 token from slot 9
[2022-12-12 13:47:41] [SEVERE ] player 2 placing token on slot 8
[2022-12-12 13:47:41] [SEVERE ] player 2 placing token on slot 1
[2022-12-12 13:47:41] [SEVERE ] player 2 placing token on slot 9
[2022-12-12 13:47:41] [SEVERE ] removing player 2 token from slot 1
[2022-12-12 13:47:41] [SEVERE ] removing player 2 token from slot 8
[2022-12-12 13:47:41] [SEVERE ] removing player 2 token from slot 9
[2022-12-12 13:47:41] [SEVERE ] player 2 placing token on slot 8
[2022-12-12 13:47:41] [SEVERE ] player 2 placing token on slot 6
[2022-12-12 13:47:41] [SEVERE ] player 2 placing token on slot 9
[2022-12-12 13:47:41] [SEVERE ] removing player 2 token from slot 6
[2022-12-12 13:47:41] [SEVERE ] removing player 2 token from slot 8
[2022-12-12 13:47:41] [SEVERE ] removing player 2 token from slot 9
[2022-12-12 13:47:41] [SEVERE ] player 2 placing token on slot 5
[2022-12-12 13:47:41] [SEVERE ] player 2 placing token on slot 10
[2022-12-12 13:47:41] [SEVERE ] player 2 placing token on slot 3
[2022-12-12 13:47:41] [SEVERE ] removing player 2 token from slot 3
[2022-12-12 13:47:41] [SEVERE ] removing player 2 token from slot 5
[2022-12-12 13:47:41] [SEVERE ] removing player 2 token from slot 10
[2022-12-12 13:47:42] [SEVERE ] player 2 placing token on slot 7
[2022-12-12 13:47:42] [SEVERE ] player 2 placing token on slot 1
[2022-12-12 13:47:42] [SEVERE ] player 2 placing token on slot 6
[2022-12-12 13:47:42] [SEVERE ] removing player 2 token from slot 1
[2022-12-12 13:47:42] [SEVERE ] removing player 2 token from slot 6
[2022-12-12 13:47:42] [SEVERE ] removing player 2 token from slot 7
[2022-12-12 13:47:42] [SEVERE ] player 2 placing token on slot 9
[2022-12-12 13:47:42] [SEVERE ] player 2 placing token on slot 11
[2022-12-12 13:47:42] [SEVERE ] player 2 placing token on slot 0
[2022-12-12 13:47:42] [SEVERE ] removing player 2 token from slot 0
[2022-12-12 13:47:42] [SEVERE ] removing player 2 token from slot 9
[2022-12-12 13:47:42] [SEVERE ] removing player 2 token from slot 11
[2022-12-12 13:47:42] [SEVERE ] player 2 placing token on slot 9
[2022-12-12 13:47:42] [SEVERE ] player 2 placing token on slot 7
[2022-12-12 13:47:42] [SEVERE ] player 2 placing token on slot 5
[2022-12-12 13:47:42] [SEVERE ] removing player 2 token from slot 5
[2022-12-12 13:47:42] [SEVERE ] removing player 2 token from slot 7
[2022-12-12 13:47:42] [SEVERE ] removing player 2 token from slot 9
[2022-12-12 13:47:42] [SEVERE ] player 2 placing token on slot 2
[2022-12-12 13:47:42] [SEVERE ] player 2 placing token on slot 9
[2022-12-12 13:47:42] [SEVERE ] player 2 placing token on slot 0
[2022-12-12 13:47:42] [SEVERE ] removing player 2 token from slot 0
[2022-12-12 13:47:42] [SEVERE ] removing player 2 token from slot 2
[2022-12-12 13:47:42] [SEVERE ] removing player 2 token from slot 9
[2022-12-12 13:47:42] [SEVERE ] player 2 placing token on slot 11
[2022-12-12 13:47:42] [SEVERE ] player 2 placing token on slot 3
[2022-12-12 13:47:42] [SEVERE ] player 2 placing token on slot 7
[2022-12-12 13:47:42] [SEVERE ] removing player 2 token from slot 3
[2022-12-12 13:47:42] [SEVERE ] removing player 2 token from slot 7
[2022-12-12 13:47:42] [SEVERE ] removing player 2 token from slot 11
[2022-12-12 13:47:42] [SEVERE ] player 2 placing token on slot 2
[2022-12-12 13:47:42] [SEVERE ] player 2 placing token on slot 5
[2022-12-12 13:47:42] [SEVERE ] player 2 placing token on slot 0
[2022-12-12 13:47:42] [SEVERE ] removing player 2 token from slot 0
[2022-12-12 13:47:42] [SEVERE ] removing player 2 token from slot 2
[2022-12-12 13:47:42] [SEVERE ] removing player 2 token from slot 5
[2022-12-12 13:47:42] [SEVERE ] player 2 placing token on slot 4
[2022-12-12 13:47:42] [SEVERE ] player 2 placing token on slot 7
[2022-12-12 13:47:42] [SEVERE ] player 2 placing token on slot 0
[2022-12-12 13:47:42] [SEVERE ] removing player 2 token from slot 0
[2022-12-12 13:47:42] [SEVERE ] removing player 2 token from slot 4
[2022-12-12 13:47:42] [SEVERE ] removing player 2 token from slot 7
[2022-12-12 13:47:42] [SEVERE ] player 2 placing token on slot 1
[2022-12-12 13:47:42] [SEVERE ] player 2 placing token on slot 6
[2022-12-12 13:47:42] [SEVERE ] player 2 placing token on slot 2
[2022-12-12 13:47:42] [SEVERE ] removing player 2 token from slot 1
[2022-12-12 13:47:42] [SEVERE ] removing player 2 token from slot 2
[2022-12-12 13:47:42] [SEVERE ] removing player 2 token from slot 6
[2022-12-12 13:47:42] [SEVERE ] player 2 placing token on slot 1
[2022-12-12 13:47:42] [SEVERE ] player 2 placing token on slot 4
[2022-12-12 13:47:42] [SEVERE ] player 2 placing token on slot 10
[2022-12-12 13:47:42] [SEVERE ] removing player 2 token from slot 1
[2022-12-12 13:47:42] [SEVERE ] removing player 2 token from slot 4
[2022-12-12 13:47:42] [SEVERE ] removing player 2 token from slot 10
[2022-12-12 13:47:42] [SEVERE ] player 2 placing token on slot 8
[2022-12-12 13:47:42] [SEVERE ] player 2 placing token on slot 5
[2022-12-12 13:47:42] [SEVERE ] player 2 placing token on slot 7
[2022-12-12 13:47:42] [SEVERE ] removing player 2 token from slot 5
[2022-12-12 13:47:42] [SEVERE ] removing player 2 token from slot 7
[2022-12-12 13:47:42] [SEVERE ] removing player 2 token from slot 8
[2022-12-12 13:47:42] [SEVERE ] player 2 placing token on slot 8
[2022-12-12 13:47:42] [SEVERE ] player 2 placing token on slot 7
[2022-12-12 13:47:42] [SEVERE ] player 2 placing token on slot 9
[2022-12-12 13:47:42] [SEVERE ] removing player 2 token from slot 7
[2022-12-12 13:47:42] [SEVERE ] removing player 2 token from slot 8
[2022-12-12 13:47:42] [SEVERE ] removing player 2 token from slot 9
[2022-12-12 13:47:42] [SEVERE ] player 2 placing token on slot 2
[2022-12-12 13:47:43] [SEVERE ] player 2 placing token on slot 1
[2022-12-12 13:47:43] [SEVERE ] player 2 placing token on slot 11
[2022-12-12 13:47:43] [SEVERE ] removing player 2 token from slot 1
[2022-12-12 13:47:43] [SEVERE ] removing player 2 token from slot 2
[2022-12-12 13:47:43] [SEVERE ] removing player 2 token from slot 11
[2022-12-12 13:47:43] [SEVERE ] player 2 placing token on slot 2
[2022-12-12 13:47:43] [SEVERE ] player 2 placing token on slot 6
[2022-12-12 13:47:43] [SEVERE ] player 2 placing token on slot 1
[2022-12-12 13:47:43] [SEVERE ] removing player 2 token from slot 1
[2022-12-12 13:47:43] [SEVERE ] removing player 2 token from slot 2
[2022-12-12 13:47:43] [SEVERE ] removing player 2 token from slot 6
[2022-12-12 13:47:43] [SEVERE ] player 2 placing token on slot 10
[2022-12-12 13:47:43] [SEVERE ] player 2 placing token on slot 9
[2022-12-12 13:47:43] [SEVERE ] player 2 placing token on slot 6
[2022-12-12 13:47:43] [SEVERE ] removing player 2 token from slot 6
[2022-12-12 13:47:43] [SEVERE ] removing player 2 token from slot 9
[2022-12-12 13:47:43] [SEVERE ] removing player 2 token from slot 10
[2022-12-12 13:47:43] [SEVERE ] player 2 placing token on slot 9
[2022-12-12 13:47:43] [SEVERE ] player 2 placing token on slot 7
[2022-12-12 13:47:43] [SEVERE ] player 2 placing token on slot 6
[2022-12-12 13:47:43] [SEVERE ] removing player 2 token from slot 6
[2022-12-12 13:47:43] [SEVERE ] removing player 2 token from slot 7
[2022-12-12 13:47:43] [SEVERE ] removing player 2 token from slot 9
[2022-12-12 13:47:43] [SEVERE ] player 2 placing token on slot 0
[2022-12-12 13:47:43] [SEVERE ] player 2 placing token on slot 5
[2022-12-12 13:47:43] [SEVERE ] player 2 placing token on slot 6
[2022-12-12 13:47:43] [SEVERE ] removing player 2 token from slot 0
[2022-12-12 13:47:43] [SEVERE ] removing player 2 token from slot 5
[2022-12-12 13:47:43] [SEVERE ] removing player 2 token from slot 6
[2022-12-12 13:47:43] [SEVERE ] player 2 placing token on slot 0
[2022-12-12 13:47:43] [SEVERE ] player 2 placing token on slot 6
[2022-12-12 13:47:43] [SEVERE ] player 2 placing token on slot 9
[2022-12-12 13:47:43] [SEVERE ] removing player 2 token from slot 0
[2022-12-12 13:47:43] [SEVERE ] removing player 2 token from slot 6
[2022-12-12 13:47:43] [SEVERE ] removing player 2 token from slot 9
[2022-12-12 13:47:43] [SEVERE ] player 2 placing token on slot 3
[2022-12-12 13:47:43] [SEVERE ] player 2 placing token on slot 11
[2022-12-12 13:47:43] [SEVERE ] player 2 placing token on slot 2
[2022-12-12 13:47:43] [SEVERE ] removing player 2 token from slot 2
[2022-12-12 13:47:43] [SEVERE ] removing player 2 token from slot 3
[2022-12-12 13:47:43] [SEVERE ] removing player 2 token from slot 11
[2022-12-12 13:47:43] [SEVERE ] player 2 placing token on slot 7
[2022-12-12 13:47:43] [SEVERE ] player 2 placing token on slot 11
[2022-12-12 13:47:43] [SEVERE ] player 2 placing token on slot 2
[2022-12-12 13:47:43] [SEVERE ] removing player 2 token from slot 2
[2022-12-12 13:47:43] [SEVERE ] removing player 2 token from slot 7
[2022-12-12 13:47:43] [SEVERE ] removing player 2 token from slot 11
[2022-12-12 13:47:43] [SEVERE ] player 2 placing token on slot 8
[2022-12-12 13:47:43] [SEVERE ] player 2 placing token on slot 9
[2022-12-12 13:47:43] [SEVERE ] player 2 placing token on slot 3
[2022-12-12 13:47:43] [SEVERE ] removing player 2 token from slot 3
[2022-12-12 13:47:43] [SEVERE ] removing player 2 token from slot 8
[2022-12-12 13:47:43] [SEVERE ] removing player 2 token from slot 9
[2022-12-12 13:47:43] [SEVERE ] player 2 placing token on slot 5
[2022-12-12 13:47:43] [SEVERE ] player 2 placing token on slot 0
[2022-12-12 13:47:43] [SEVERE ] player 2 placing token on slot 9
[2022-12-12 13:47:43] [SEVERE ] removing player 2 token from slot 0
[2022-12-12 13:47:43] [SEVERE ] removing player 2 token from slot 5
[2022-12-12 13:47:43] [SEVERE ] removing player 2 token from slot 9
[2022-12-12 13:47:43] [SEVERE ] player 2 placing token on slot 1
[2022-12-12 13:47:43] [SEVERE ] player 2 placing token on slot 2
[2022-12-12 13:47:43] [SEVERE ] player 2 placing token on slot 9
[2022-12-12 13:47:43] [SEVERE ] removing player 2 token from slot 1
[2022-12-12 13:47:43] [SEVERE ] removing player 2 token from slot 2
[2022-12-12 13:47:43] [SEVERE ] removing player 2 token from slot 9
[2022-12-12 13:47:44] [SEVERE ] player 2 placing token on slot 0
[2022-12-12 13:47:44] [SEVERE ] player 2 placing token on slot 11
[2022-12-12 13:47:44] [SEVERE ] player 2 placing token on slot 7
[2022-12-12 13:47:44] [SEVERE ] removing player 2 token from slot 0
[2022-12-12 13:47:44] [SEVERE ] removing player 2 token from slot 7
[2022-12-12 13:47:44] [SEVERE ] removing player 2 token from slot 11
[2022-12-12 13:47:44] [SEVERE ] player 2 placing token on slot 0
[2022-12-12 13:47:44] [SEVERE ] player 2 placing token on slot 9
[2022-12-12 13:47:44] [SEVERE ] player 2 placing token on slot 8
[2022-12-12 13:47:44] [SEVERE ] removing player 2 token from slot 0
[2022-12-12 13:47:44] [SEVERE ] removing player 2 token from slot 8
[2022-12-12 13:47:44] [SEVERE ] removing player 2 token from slot 9
[2022-12-12 13:47:44] [SEVERE ] player 2 placing token on slot 9
[2022-12-12 13:47:44] [SEVERE ] player 2 placing token on slot 1
[2022-12-12 13:47:44] [SEVERE ] player 2 placing token on slot 3
[2022-12-12 13:47:44] [SEVERE ] removing player 2 token from slot 1
[2022-12-12 13:47:44] [SEVERE ] removing player 2 token from slot 3
[2022-12-12 13:47:44] [SEVERE ] removing player 2 token from slot 9
[2022-12-12 13:47:44] [SEVERE ] player 2 placing token on slot 9
[2022-12-12 13:47:44] [SEVERE ] player 2 placing token on slot 2
[2022-12-12 13:47:44] [SEVERE ] player 2 placing token on slot 11
[2022-12-12 13:47:44] [SEVERE ] removing player 2 token from slot 2
[2022-12-12 13:47:44] [SEVERE ] removing player 2 token from slot 9
[2022-12-12 13:47:44] [SEVERE ] removing player 2 token from slot 11
[2022-12-12 13:47:44] [SEVERE ] player 2 placing token on slot 1
[2022-12-12 13:47:44] [SEVERE ] player 2 placing token on slot 5
[2022-12-12 13:47:44] [SEVERE ] player 2 placing token on slot 2
[2022-12-12 13:47:44] [SEVERE ] removing player 2 token from slot 1
[2022-12-12 13:47:44] [SEVERE ] removing player 2 token from slot 2
[2022-12-12 13:47:44] [SEVERE ] removing player 2 token from slot 5
[2022-12-12 13:47:44] [SEVERE ] player 2 placing token on slot 7
[2022-12-12 13:47:44] [SEVERE ] player 2 placing token on slot 6
[2022-12-12 13:47:44] [SEVERE ] player 2 placing token on slot 9
[2022-12-12 13:47:44] [SEVERE ] removing player 2 token from slot 6
[2022-12-12 13:47:44] [SEVERE ] removing player 2 token from slot 7
[2022-12-12 13:47:44] [SEVERE ] removing player 2 token from slot 9
[2022-12-12 13:47:44] [SEVERE ] player 2 placing token on slot 2
[2022-12-12 13:47:44] [SEVERE ] player 2 placing token on slot 4
[2022-12-12 13:47:44] [SEVERE ] player 2 placing token on slot 10
[2022-12-12 13:47:44] [SEVERE ] removing player 2 token from slot 2
[2022-12-12 13:47:44] [SEVERE ] removing player 2 token from slot 4
[2022-12-12 13:47:44] [SEVERE ] removing player 2 token from slot 10
[2022-12-12 13:47:44] [SEVERE ] player 2 placing token on slot 7
[2022-12-12 13:47:44] [SEVERE ] player 2 placing token on slot 2
[2022-12-12 13:47:44] [SEVERE ] player 2 placing token on slot 1
[2022-12-12 13:47:44] [SEVERE ] removing player 2 token from slot 1
[2022-12-12 13:47:44] [SEVERE ] removing player 2 token from slot 2
[2022-12-12 13:47:44] [SEVERE ] removing player 2 token from slot 7
[2022-12-12 13:47:44] [SEVERE ] player 2 placing token on slot 8
[2022-12-12 13:47:44] [SEVERE ] player 2 placing token on slot 11
[2022-12-12 13:47:44] [SEVERE ] player 2 placing token on slot 7
[2022-12-12 13:47:44] [SEVERE ] removing player 2 token from slot 7
[2022-12-12 13:47:44] [SEVERE ] removing player 2 token from slot 8
[2022-12-12 13:47:44] [SEVERE ] removing player 2 token from slot 11
[2022-12-12 13:47:44] [SEVERE ] player 2 placing token on slot 8
[2022-12-12 13:47:44] [SEVERE ] player 2 placing token on slot 7
[2022-12-12 13:47:44] [SEVERE ] player 2 placing token on slot 3
[2022-12-12 13:47:44] [SEVERE ] removing player 2 token from slot 3
[2022-12-12 13:47:44] [SEVERE ] removing player 2 token from slot 7
[2022-12-12 13:47:44] [SEVERE ] removing player 2 token from slot 8
[2022-12-12 13:47:44] [SEVERE ] player 2 placing token on slot 7
[2022-12-12 13:47:44] [SEVERE ] player 2 placing token on slot 11
[2022-12-12 13:47:45] [SEVERE ] player 2 placing token on slot 5
[2022-12-12 13:47:45] [SEVERE ] removing player 2 token from slot 5
[2022-12-12 13:47:45] [SEVERE ] removing player 2 token from slot 7
[2022-12-12 13:47:45] [SEVERE ] removing player 2 token from slot 11
[2022-12-12 13:47:45] [SEVERE ] player 2 placing token on slot 11
[2022-12-12 13:47:45] [SEVERE ] player 2 placing token on slot 1
[2022-12-12 13:47:45] [SEVERE ] player 2 placing token on slot 9
[2022-12-12 13:47:45] [SEVERE ] removing player 2 token from slot 1
[2022-12-12 13:47:45] [SEVERE ] removing player 2 token from slot 9
[2022-12-12 13:47:45] [SEVERE ] removing player 2 token from slot 11
[2022-12-12 13:47:45] [SEVERE ] player 2 placing token on slot 3
[2022-12-12 13:47:45] [SEVERE ] player 2 placing token on slot 10
[2022-12-12 13:47:45] [SEVERE ] player 2 placing token on slot 5
[2022-12-12 13:47:45] [SEVERE ] removing player 2 token from slot 3
[2022-12-12 13:47:45] [SEVERE ] removing player 2 token from slot 5
[2022-12-12 13:47:45] [SEVERE ] removing player 2 token from slot 10
[2022-12-12 13:47:45] [SEVERE ] player 2 placing token on slot 3
[2022-12-12 13:47:45] [SEVERE ] player 2 placing token on slot 2
[2022-12-12 13:47:45] [SEVERE ] player 2 placing token on slot 10
[2022-12-12 13:47:45] [SEVERE ] removing player 2 token from slot 2
[2022-12-12 13:47:45] [SEVERE ] removing player 2 token from slot 3
[2022-12-12 13:47:45] [SEVERE ] removing player 2 token from slot 10
[2022-12-12 13:47:45] [SEVERE ] player 2 placing token on slot 7
[2022-12-12 13:47:45] [SEVERE ] player 2 placing token on slot 8
[2022-12-12 13:47:45] [SEVERE ] player 2 placing token on slot 0
[2022-12-12 13:47:45] [SEVERE ] removing player 2 token from slot 0
[2022-12-12 13:47:45] [SEVERE ] removing player 2 token from slot 7
[2022-12-12 13:47:45] [SEVERE ] removing player 2 token from slot 8
[2022-12-12 13:47:45] [SEVERE ] player 2 placing token on slot 9
[2022-12-12 13:47:45] [SEVERE ] player 2 placing token on slot 1
[2022-12-12 13:47:45] [SEVERE ] player 2 placing token on slot 8
[2022-12-12 13:47:45] [SEVERE ] removing player 2 token from slot 1
[2022-12-12 13:47:45] [SEVERE ] removing player 2 token from slot 8
[2022-12-12 13:47:45] [SEVERE ] removing player 2 token from slot 9
[2022-12-12 13:47:45] [SEVERE ] player 2 placing token on slot 1
[2022-12-12 13:47:45] [SEVERE ] player 2 placing token on slot 2
[2022-12-12 13:47:45] [SEVERE ] player 2 placing token on slot 7
[2022-12-12 13:47:45] [SEVERE ] removing player 2 token from slot 1
[2022-12-12 13:47:45] [SEVERE ] removing player 2 token from slot 2
[2022-12-12 13:47:45] [SEVERE ] removing player 2 token from slot 7
[2022-12-12 13:47:45] [SEVERE ] player 2 placing token on slot 9
[2022-12-12 13:47:45] [SEVERE ] player 2 placing token on slot 0
[2022-12-12 13:47:45] [SEVERE ] player 2 placing token on slot 11
[2022-12-12 13:47:45] [SEVERE ] removing player 2 token from slot 0
[2022-12-12 13:47:45] [SEVERE ] removing player 2 token from slot 9
[2022-12-12 13:47:45] [SEVERE ] removing player 2 token from slot 11
[2022-12-12 13:47:45] [SEVERE ] player 2 placing token on slot 1
[2022-12-12 13:47:45] [SEVERE ] player 2 placing token on slot 7
[2022-12-12 13:47:45] [SEVERE ] player 2 placing token on slot 3
[2022-12-12 13:47:45] [SEVERE ] removing player 2 token from slot 1
[2022-12-12 13:47:45] [SEVERE ] removing player 2 token from slot 3
[2022-12-12 13:47:45] [SEVERE ] removing player 2 token from slot 7
[2022-12-12 13:47:45] [SEVERE ] player 2 placing token on slot 8
[2022-12-12 13:47:45] [SEVERE ] player 2 placing token on slot 10
[2022-12-12 13:47:45] [SEVERE ] player 2 placing token on slot 3
[2022-12-12 13:47:45] [SEVERE ] removing player 2 token from slot 3
[2022-12-12 13:47:45] [SEVERE ] removing player 2 token from slot 8
[2022-12-12 13:47:45] [SEVERE ] removing player 2 token from slot 10
[2022-12-12 13:47:45] [SEVERE ] player 2 placing token on slot 7
[2022-12-12 13:47:45] [SEVERE ] player 2 placing token on slot 3
[2022-12-12 13:47:45] [SEVERE ] player 2 placing token on slot 10
[2022-12-12 13:47:45] [SEVERE ] removing player 2 token from slot 3
[2022-12-12 13:47:45] [SEVERE ] removing player 2 token from slot 7
[2022-12-12 13:47:45] [SEVERE ] removing player 2 token from slot 10
[2022-12-12 13:47:45] [SEVERE ] player 2 placing token on slot 8
[2022-12-12 13:47:45] [SEVERE ] player 2 placing token on slot 3
[2022-12-12 13:47:45] [SEVERE ] player 2 placing token on slot 5
[2022-12-12 13:47:45] [SEVERE ] removing player 2 token from slot 3
[2022-12-12 13:47:45] [SEVERE ] removing player 2 token from slot 5
[2022-12-12 13:47:45] [SEVERE ] removing player 2 token from slot 8
[2022-12-12 13:47:46] [SEVERE ] player 2 placing token on slot 3
[2022-12-12 13:47:46] [SEVERE ] player 2 placing token on slot 9
[2022-12-12 13:47:46] [SEVERE ] player 2 placing token on slot 7
[2022-12-12 13:47:46] [SEVERE ] removing player 2 token from slot 3
[2022-12-12 13:47:46] [SEVERE ] removing player 2 token from slot 7
[2022-12-12 13:47:46] [SEVERE ] removing player 2 token from slot 9
[2022-12-12 13:47:46] [SEVERE ] player 2 placing token on slot 7
[2022-12-12 13:47:46] [SEVERE ] player 2 placing token on slot 3
[2022-12-12 13:47:46] [SEVERE ] player 2 placing token on slot 6
[2022-12-12 13:47:46] [SEVERE ] removing player 2 token from slot 3
[2022-12-12 13:47:46] [SEVERE ] removing player 2 token from slot 6
[2022-12-12 13:47:46] [SEVERE ] removing player 2 token from slot 7
[2022-12-12 13:47:46] [SEVERE ] player 2 placing token on slot 6
[2022-12-12 13:47:46] [SEVERE ] player 2 placing token on slot 7
[2022-12-12 13:47:46] [SEVERE ] player 2 placing token on slot 3
[2022-12-12 13:47:46] [SEVERE ] removing player 2 token from slot 3
[2022-12-12 13:47:46] [SEVERE ] removing player 2 token from slot 6
[2022-12-12 13:47:46] [SEVERE ] removing player 2 token from slot 7
[2022-12-12 13:47:46] [SEVERE ] player 2 placing token on slot 5
[2022-12-12 13:47:46] [SEVERE ] player 2 placing token on slot 4
[2022-12-12 13:47:46] [SEVERE ] player 2 placing token on slot 7
[2022-12-12 13:47:46] [SEVERE ] removing player 2 token from slot 4
[2022-12-12 13:47:46] [SEVERE ] removing player 2 token from slot 5
[2022-12-12 13:47:46] [SEVERE ] removing player 2 token from slot 7
[2022-12-12 13:47:46] [SEVERE ] player 2 placing token on slot 4
[2022-12-12 13:47:46] [SEVERE ] player 2 placing token on slot 0
[2022-12-12 13:47:46] [SEVERE ] player 2 placing token on slot 9
[2022-12-12 13:47:46] [SEVERE ] removing player 2 token from slot 0
[2022-12-12 13:47:46] [SEVERE ] removing player 2 token from slot 4
[2022-12-12 13:47:46] [SEVERE ] removing player 2 token from slot 9
[2022-12-12 13:47:46] [SEVERE ] player 2 placing token on slot 11
[2022-12-12 13:47:46] [SEVERE ] player 2 placing token on slot 6
[2022-12-12 13:47:46] [SEVERE ] player 2 placing token on slot 5
[2022-12-12 13:47:46] [SEVERE ] removing player 2 token from slot 5
[2022-12-12 13:47:46] [SEVERE ] removing player 2 token from slot 6
[2022-12-12 13:47:46] [SEVERE ] removing player 2 token from slot 11
[2022-12-12 13:47:46] [SEVERE ] player 2 placing token on slot 7
[2022-12-12 13:47:46] [SEVERE ] player 2 placing token on slot 1
[2022-12-12 13:47:46] [SEVERE ] player 2 placing token on slot 2
[2022-12-12 13:47:46] [SEVERE ] removing player 2 token from slot 1
[2022-12-12 13:47:46] [SEVERE ] removing player 2 token from slot 2
[2022-12-12 13:47:46] [SEVERE ] removing player 2 token from slot 7
[2022-12-12 13:47:46] [SEVERE ] player 2 placing token on slot 9
[2022-12-12 13:47:46] [SEVERE ] player 2 placing token on slot 10
[2022-12-12 13:47:46] [SEVERE ] player 2 placing token on slot 8
[2022-12-12 13:47:46] [SEVERE ] removing player 2 token from slot 8
[2022-12-12 13:47:46] [SEVERE ] removing player 2 token from slot 9
[2022-12-12 13:47:46] [SEVERE ] removing player 2 token from slot 10
[2022-12-12 13:47:46] [SEVERE ] player 2 placing token on slot 6
[2022-12-12 13:47:46] [SEVERE ] player 2 placing token on slot 3
[2022-12-12 13:47:46] [SEVERE ] player 2 placing token on slot 4
[2022-12-12 13:47:46] [SEVERE ] removing player 2 token from slot 3
[2022-12-12 13:47:46] [SEVERE ] removing player 2 token from slot 4
[2022-12-12 13:47:46] [SEVERE ] removing player 2 token from slot 6
[2022-12-12 13:47:46] [SEVERE ] player 2 placing token on slot 11
[2022-12-12 13:47:46] [SEVERE ] player 2 placing token on slot 8
[2022-12-12 13:47:46] [SEVERE ] player 2 placing token on slot 5
[2022-12-12 13:47:46] [SEVERE ] removing player 2 token from slot 5
[2022-12-12 13:47:46] [SEVERE ] removing player 2 token from slot 8
[2022-12-12 13:47:46] [SEVERE ] removing player 2 token from slot 11
[2022-12-12 13:47:46] [SEVERE ] player 2 placing token on slot 7
[2022-12-12 13:47:46] [SEVERE ] player 2 placing token on slot 2
[2022-12-12 13:47:47] [SEVERE ] player 2 placing token on slot 5
[2022-12-12 13:47:47] [SEVERE ] removing player 2 token from slot 2
[2022-12-12 13:47:47] [SEVERE ] removing player 2 token from slot 5
[2022-12-12 13:47:47] [SEVERE ] removing player 2 token from slot 7
[2022-12-12 13:47:47] [SEVERE ] player 2 placing token on slot 3
[2022-12-12 13:47:47] [SEVERE ] player 2 placing token on slot 9
[2022-12-12 13:47:47] [SEVERE ] player 2 placing token on slot 8
[2022-12-12 13:47:47] [SEVERE ] removing player 2 token from slot 3
[2022-12-12 13:47:47] [SEVERE ] removing player 2 token from slot 8
[2022-12-12 13:47:47] [SEVERE ] removing player 2 token from slot 9
[2022-12-12 13:47:47] [SEVERE ] player 2 placing token on slot 3
[2022-12-12 13:47:47] [SEVERE ] player 2 placing token on slot 5
[2022-12-12 13:47:47] [SEVERE ] player 2 placing token on slot 0
[2022-12-12 13:47:47] [SEVERE ] removing player 2 token from slot 0
[2022-12-12 13:47:47] [SEVERE ] removing player 2 token from slot 3
[2022-12-12 13:47:47] [SEVERE ] removing player 2 token from slot 5
[2022-12-12 13:47:47] [SEVERE ] player 2 placing token on slot 8
[2022-12-12 13:47:47] [SEVERE ] player 2 placing token on slot 9
[2022-12-12 13:47:47] [SEVERE ] player 2 placing token on slot 7
[2022-12-12 13:47:47] [SEVERE ] removing player 2 token from slot 7
[2022-12-12 13:47:47] [SEVERE ] removing player 2 token from slot 8
[2022-12-12 13:47:47] [SEVERE ] removing player 2 token from slot 9
[2022-12-12 13:47:47] [SEVERE ] player 2 placing token on slot 0
[2022-12-12 13:47:47] [SEVERE ] player 2 placing token on slot 4
[2022-12-12 13:47:47] [SEVERE ] player 2 placing token on slot 1
[2022-12-12 13:47:47] [SEVERE ] removing player 2 token from slot 0
[2022-12-12 13:47:47] [SEVERE ] removing player 2 token from slot 1
[2022-12-12 13:47:47] [SEVERE ] removing player 2 token from slot 4
[2022-12-12 13:47:47] [SEVERE ] player 2 placing token on slot 2
[2022-12-12 13:47:47] [SEVERE ] player 2 placing token on slot 5
[2022-12-12 13:47:47] [SEVERE ] player 2 placing token on slot 8
[2022-12-12 13:47:47] [SEVERE ] removing player 2 token from slot 2
[2022-12-12 13:47:47] [SEVERE ] removing player 2 token from slot 5
[2022-12-12 13:47:47] [SEVERE ] removing player 2 token from slot 8
[2022-12-12 13:47:47] [SEVERE ] player 2 placing token on slot 3
[2022-12-12 13:47:47] [SEVERE ] player 2 placing token on slot 9
[2022-12-12 13:47:47] [SEVERE ] player 2 placing token on slot 5
[2022-12-12 13:47:47] [SEVERE ] removing player 2 token from slot 3
[2022-12-12 13:47:47] [SEVERE ] removing player 2 token from slot 5
[2022-12-12 13:47:47] [SEVERE ] removing player 2 token from slot 9
[2022-12-12 13:47:47] [SEVERE ] player 2 placing token on slot 8
[2022-12-12 13:47:47] [SEVERE ] player 2 placing token on slot 5
[2022-12-12 13:47:47] [SEVERE ] player 2 placing token on slot 4
[2022-12-12 13:47:47] [SEVERE ] removing player 2 token from slot 4
[2022-12-12 13:47:47] [SEVERE ] removing player 2 token from slot 5
[2022-12-12 13:47:47] [SEVERE ] removing player 2 token from slot 8
[2022-12-12 13:47:47] [SEVERE ] player 2 placing token on slot 5
[2022-12-12 13:47:47] [SEVERE ] player 2 placing token on slot 0
[2022-12-12 13:47:47] [SEVERE ] player 2 placing token on slot 3
[2022-12-12 13:47:47] [SEVERE ] removing player 2 token from slot 0
[2022-12-12 13:47:47] [SEVERE ] removing player 2 token from slot 3
[2022-12-12 13:47:47] [SEVERE ] removing player 2 token from slot 5
[2022-12-12 13:47:47] [SEVERE ] player 2 placing token on slot 10
[2022-12-12 13:47:47] [SEVERE ] player 2 placing token on slot 7
[2022-12-12 13:47:47] [SEVERE ] player 2 placing token on slot 6
[2022-12-12 13:47:47] [SEVERE ] removing player 2 token from slot 6
[2022-12-12 13:47:47] [SEVERE ] removing player 2 token from slot 7
[2022-12-12 13:47:47] [SEVERE ] removing player 2 token from slot 10
[2022-12-12 13:47:47] [SEVERE ] player 2 placing token on slot 7
[2022-12-12 13:47:47] [SEVERE ] player 2 placing token on slot 6
[2022-12-12 13:47:47] [SEVERE ] player 2 placing token on slot 10
[2022-12-12 13:47:47] [SEVERE ] removing player 2 token from slot 6
[2022-12-12 13:47:47] [SEVERE ] removing player 2 token from slot 7
[2022-12-12 13:47:47] [SEVERE ] removing player 2 token from slot 10
[2022-12-12 13:47:47] [SEVERE ] player 2 placing token on slot 1
[2022-12-12 13:47:47] [SEVERE ] player 2 placing token on slot 2
[2022-12-12 13:47:48] [SEVERE ] player 2 placing token on slot 7
[2022-12-12 13:47:48] [SEVERE ] removing player 2 token from slot 1
[2022-12-12 13:47:48] [SEVERE ] removing player 2 token from slot 2
[2022-12-12 13:47:48] [SEVERE ] removing player 2 token from slot 7
[2022-12-12 13:47:48] [SEVERE ] player 2 placing token on slot 11
[2022-12-12 13:47:48] [SEVERE ] player 2 placing token on slot 3
[2022-12-12 13:47:48] [SEVERE ] player 2 placing token on slot 5
[2022-12-12 13:47:48] [SEVERE ] removing player 2 token from slot 3
[2022-12-12 13:47:48] [SEVERE ] removing player 2 token from slot 5
[2022-12-12 13:47:48] [SEVERE ] removing player 2 token from slot 11
[2022-12-12 13:47:48] [SEVERE ] player 2 placing token on slot 1
[2022-12-12 13:47:48] [SEVERE ] player 2 placing token on slot 3
[2022-12-12 13:47:48] [SEVERE ] player 2 placing token on slot 11
[2022-12-12 13:47:48] [SEVERE ] removing player 2 token from slot 1
[2022-12-12 13:47:48] [SEVERE ] removing player 2 token from slot 3
[2022-12-12 13:47:48] [SEVERE ] removing player 2 token from slot 11
[2022-12-12 13:47:48] [SEVERE ] player 2 placing token on slot 5
[2022-12-12 13:47:48] [SEVERE ] player 2 placing token on slot 2
[2022-12-12 13:47:48] [SEVERE ] player 2 placing token on slot 1
[2022-12-12 13:47:48] [SEVERE ] removing player 2 token from slot 1
[2022-12-12 13:47:48] [SEVERE ] removing player 2 token from slot 2
[2022-12-12 13:47:48] [SEVERE ] removing player 2 token from slot 5
[2022-12-12 13:47:48] [SEVERE ] player 2 placing token on slot 3
[2022-12-12 13:47:48] [SEVERE ] player 2 placing token on slot 9
[2022-12-12 13:47:48] [SEVERE ] player 2 placing token on slot 10
[2022-12-12 13:47:48] [SEVERE ] removing player 2 token from slot 3
[2022-12-12 13:47:48] [SEVERE ] removing player 2 token from slot 9
[2022-12-12 13:47:48] [SEVERE ] removing player 2 token from slot 10
[2022-12-12 13:47:48] [SEVERE ] player 2 placing token on slot 10
[2022-12-12 13:47:48] [SEVERE ] player 2 placing token on slot 0
[2022-12-12 13:47:48] [SEVERE ] player 2 placing token on slot 9
[2022-12-12 13:47:48] [SEVERE ] removing player 2 token from slot 0
[2022-12-12 13:47:48] [SEVERE ] removing player 2 token from slot 9
[2022-12-12 13:47:48] [SEVERE ] removing player 2 token from slot 10
[2022-12-12 13:47:48] [SEVERE ] player 2 placing token on slot 5
[2022-12-12 13:47:48] [SEVERE ] player 2 placing token on slot 1
[2022-12-12 13:47:48] [SEVERE ] player 2 placing token on slot 7
[2022-12-12 13:47:48] [SEVERE ] removing player 2 token from slot 1
[2022-12-12 13:47:48] [SEVERE ] removing player 2 token from slot 5
[2022-12-12 13:47:48] [SEVERE ] removing player 2 token from slot 7
[2022-12-12 13:47:48] [SEVERE ] player 2 placing token on slot 6
[2022-12-12 13:47:48] [SEVERE ] player 2 placing token on slot 0
[2022-12-12 13:47:48] [SEVERE ] player 2 placing token on slot 2
[2022-12-12 13:47:48] [SEVERE ] removing player 2 token from slot 0
[2022-12-12 13:47:48] [SEVERE ] removing player 2 token from slot 2
[2022-12-12 13:47:48] [SEVERE ] removing player 2 token from slot 6
[2022-12-12 13:47:48] [SEVERE ] player 2 placing token on slot 0
[2022-12-12 13:47:48] [SEVERE ] player 2 placing token on slot 6
[2022-12-12 13:47:48] [SEVERE ] player 2 placing token on slot 7
[2022-12-12 13:47:48] [SEVERE ] removing player 2 token from slot 0
[2022-12-12 13:47:48] [SEVERE ] removing player 2 token from slot 6
[2022-12-12 13:47:48] [SEVERE ] removing player 2 token from slot 7
[2022-12-12 13:47:48] [SEVERE ] player 2 placing token on slot 5
[2022-12-12 13:47:48] [SEVERE ] player 2 placing token on slot 9
[2022-12-12 13:47:48] [SEVERE ] player 2 placing token on slot 1
[2022-12-12 13:47:48] [SEVERE ] removing player 2 token from slot 1
[2022-12-12 13:47:48] [SEVERE ] removing player 2 token from slot 5
[2022-12-12 13:47:48] [SEVERE ] removing player 2 token from slot 9
[2022-12-12 13:47:48] [SEVERE ] player 2 placing token on slot 11
[2022-12-12 13:47:48] [SEVERE ] player 2 placing token on slot 0
[2022-12-12 13:47:49] [SEVERE ] player 2 placing token on slot 10
[2022-12-12 13:47:49] [SEVERE ] removing player 2 token from slot 0
[2022-12-12 13:47:49] [SEVERE ] removing player 2 token from slot 10
[2022-12-12 13:47:49] [SEVERE ] removing player 2 token from slot 11
[2022-12-12 13:47:49] [SEVERE ] player 2 placing token on slot 5
[2022-12-12 13:47:49] [SEVERE ] player 2 placing token on slot 10
[2022-12-12 13:47:49] [SEVERE ] player 2 placing token on slot 8
[2022-12-12 13:47:49] [SEVERE ] removing player 2 token from slot 5
[2022-12-12 13:47:49] [SEVERE ] removing player 2 token from slot 8
[2022-12-12 13:47:49] [SEVERE ] removing player 2 token from slot 10
[2022-12-12 13:47:49] [SEVERE ] player 2 placing token on slot 7
