[2022-12-07 16:50:41] [INFO   ] cannot read configuration file config.properties trying from resources.
[2022-12-07 16:50:41] [INFO   ] configuration file was loaded from resources directory.
[2022-12-07 16:50:41] [INFO   ] Thread dealer starting.
[2022-12-07 16:50:41] [INFO   ] Thread Thread-1starting.
[2022-12-07 16:50:41] [INFO   ] Thread Thread-0starting.
[2022-12-07 16:50:41] [SEVERE ] placing card 77 in slot 0
[2022-12-07 16:50:42] [SEVERE ] placing card 36 in slot 1
[2022-12-07 16:50:42] [SEVERE ] placing card 80 in slot 2
[2022-12-07 16:50:42] [SEVERE ] placing card 39 in slot 3
[2022-12-07 16:50:42] [SEVERE ] placing card 69 in slot 4
[2022-12-07 16:50:42] [SEVERE ] placing card 66 in slot 5
[2022-12-07 16:50:42] [SEVERE ] placing card 23 in slot 6
[2022-12-07 16:50:42] [SEVERE ] placing card 22 in slot 7
[2022-12-07 16:50:42] [SEVERE ] placing card 63 in slot 8
[2022-12-07 16:50:43] [SEVERE ] placing card 57 in slot 9
[2022-12-07 16:50:43] [SEVERE ] placing card 42 in slot 10
[2022-12-07 16:50:43] [SEVERE ] placing card 35 in slot 11
[2022-12-07 16:51:42] [SEVERE ] removing tokens from slot 0
[2022-12-07 16:51:42] [SEVERE ] removing card from slot 0
[2022-12-07 16:51:42] [SEVERE ] removing tokens from slot 1
[2022-12-07 16:51:42] [SEVERE ] removing card from slot 1
[2022-12-07 16:51:42] [SEVERE ] removing tokens from slot 2
[2022-12-07 16:51:42] [SEVERE ] removing card from slot 2
[2022-12-07 16:51:42] [SEVERE ] removing tokens from slot 3
[2022-12-07 16:51:42] [SEVERE ] removing card from slot 3
[2022-12-07 16:51:42] [SEVERE ] removing tokens from slot 4
[2022-12-07 16:51:42] [SEVERE ] removing card from slot 4
[2022-12-07 16:51:42] [SEVERE ] removing tokens from slot 5
[2022-12-07 16:51:42] [SEVERE ] removing card from slot 5
[2022-12-07 16:51:43] [SEVERE ] removing tokens from slot 6
[2022-12-07 16:51:43] [SEVERE ] removing card from slot 6
[2022-12-07 16:51:43] [SEVERE ] removing tokens from slot 7
[2022-12-07 16:51:43] [SEVERE ] removing card from slot 7
[2022-12-07 16:51:43] [SEVERE ] removing tokens from slot 8
[2022-12-07 16:51:43] [SEVERE ] removing card from slot 8
[2022-12-07 16:51:43] [SEVERE ] removing tokens from slot 9
[2022-12-07 16:51:43] [SEVERE ] removing card from slot 9
[2022-12-07 16:51:43] [SEVERE ] removing tokens from slot 10
[2022-12-07 16:51:43] [SEVERE ] removing card from slot 10
[2022-12-07 16:51:43] [SEVERE ] removing tokens from slot 11
[2022-12-07 16:51:43] [SEVERE ] removing card from slot 11
[2022-12-07 16:51:43] [SEVERE ] placing card 39 in slot 0
[2022-12-07 16:51:43] [SEVERE ] placing card 38 in slot 1
[2022-12-07 16:51:43] [SEVERE ] placing card 58 in slot 2
[2022-12-07 16:51:44] [SEVERE ] placing card 61 in slot 3
[2022-12-07 16:51:44] [SEVERE ] placing card 16 in slot 4
[2022-12-07 16:51:44] [SEVERE ] placing card 59 in slot 5
[2022-12-07 16:51:44] [SEVERE ] placing card 37 in slot 6
[2022-12-07 16:51:44] [SEVERE ] placing card 12 in slot 7
[2022-12-07 16:51:44] [SEVERE ] placing card 15 in slot 8
[2022-12-07 16:51:44] [SEVERE ] placing card 8 in slot 9
[2022-12-07 16:51:44] [SEVERE ] placing card 41 in slot 10
[2022-12-07 16:51:44] [SEVERE ] placing card 21 in slot 11
[2022-12-07 16:52:44] [INFO   ] Thread main terminated.
