[2022-12-07 15:15:21] [INFO   ] cannot read configuration file config.properties trying from resources.
[2022-12-07 15:15:21] [INFO   ] configuration file was loaded from resources directory.
[2022-12-07 15:15:21] [INFO   ] Thread dealer starting.
[2022-12-07 15:15:21] [INFO   ] Thread Thread-0starting.
[2022-12-07 15:15:21] [INFO   ] Thread Thread-1starting.
[2022-12-07 15:15:21] [SEVERE ] placing card 48 in slot 0
[2022-12-07 15:15:21] [SEVERE ] placing card 79 in slot 1
[2022-12-07 15:15:22] [SEVERE ] placing card 78 in slot 2
[2022-12-07 15:15:22] [SEVERE ] placing card 28 in slot 3
[2022-12-07 15:15:22] [SEVERE ] placing card 36 in slot 4
[2022-12-07 15:15:22] [SEVERE ] placing card 55 in slot 5
[2022-12-07 15:15:22] [SEVERE ] placing card 43 in slot 6
[2022-12-07 15:15:22] [SEVERE ] placing card 49 in slot 7
[2022-12-07 15:15:22] [SEVERE ] placing card 21 in slot 8
[2022-12-07 15:15:22] [SEVERE ] placing card 14 in slot 9
[2022-12-07 15:15:22] [SEVERE ] placing card 77 in slot 10
[2022-12-07 15:15:23] [SEVERE ] placing card 62 in slot 11
[2022-12-07 15:15:27] [SEVERE ] Key 81 was pressed by player 0
[2022-12-07 15:15:27] [SEVERE ] player 0 placing token on slot 0
[2022-12-07 15:15:27] [SEVERE ] Key 87 was pressed by player 0
[2022-12-07 15:15:27] [SEVERE ] player 0 placing token on slot 1
[2022-12-07 15:15:27] [SEVERE ] Key 69 was pressed by player 0
[2022-12-07 15:15:27] [SEVERE ] player 0 placing token on slot 2
[2022-12-07 15:15:27] [INFO   ] Thread main terminated.
