[2022-12-07 16:54:30] [INFO   ] cannot read configuration file config.properties trying from resources.
[2022-12-07 16:54:30] [INFO   ] configuration file was loaded from resources directory.
[2022-12-07 16:54:31] [INFO   ] Thread dealer starting.
[2022-12-07 16:54:31] [INFO   ] Thread Thread-1starting.
[2022-12-07 16:54:31] [INFO   ] Thread Thread-0starting.
[2022-12-07 16:54:31] [SEVERE ] placing card 61 in slot 0
[2022-12-07 16:54:31] [SEVERE ] placing card 64 in slot 1
[2022-12-07 16:54:31] [SEVERE ] placing card 29 in slot 2
[2022-12-07 16:54:31] [SEVERE ] placing card 52 in slot 3
[2022-12-07 16:54:31] [SEVERE ] placing card 69 in slot 4
[2022-12-07 16:54:31] [SEVERE ] placing card 65 in slot 5
[2022-12-07 16:54:31] [SEVERE ] placing card 72 in slot 6
[2022-12-07 16:54:32] [SEVERE ] placing card 39 in slot 7
[2022-12-07 16:54:32] [SEVERE ] placing card 73 in slot 8
[2022-12-07 16:54:32] [SEVERE ] placing card 41 in slot 9
[2022-12-07 16:54:32] [SEVERE ] placing card 46 in slot 10
[2022-12-07 16:54:32] [SEVERE ] placing card 60 in slot 11
[2022-12-07 16:55:31] [SEVERE ] removing tokens from slot 0
[2022-12-07 16:55:31] [SEVERE ] removing card from slot 0
[2022-12-07 16:55:31] [SEVERE ] removing tokens from slot 1
[2022-12-07 16:55:31] [SEVERE ] removing card from slot 1
[2022-12-07 16:55:31] [SEVERE ] removing tokens from slot 2
[2022-12-07 16:55:31] [SEVERE ] removing card from slot 2
[2022-12-07 16:55:31] [SEVERE ] removing tokens from slot 3
[2022-12-07 16:55:31] [SEVERE ] removing card from slot 3
[2022-12-07 16:55:32] [SEVERE ] removing tokens from slot 4
[2022-12-07 16:55:32] [SEVERE ] removing card from slot 4
[2022-12-07 16:55:32] [SEVERE ] removing tokens from slot 5
[2022-12-07 16:55:32] [SEVERE ] removing card from slot 5
[2022-12-07 16:55:32] [SEVERE ] removing tokens from slot 6
[2022-12-07 16:55:32] [SEVERE ] removing card from slot 6
[2022-12-07 16:55:32] [SEVERE ] removing tokens from slot 7
[2022-12-07 16:55:32] [SEVERE ] removing card from slot 7
[2022-12-07 16:55:32] [SEVERE ] removing tokens from slot 8
[2022-12-07 16:55:32] [SEVERE ] removing card from slot 8
[2022-12-07 16:55:32] [SEVERE ] removing tokens from slot 9
[2022-12-07 16:55:32] [SEVERE ] removing card from slot 9
[2022-12-07 16:55:32] [SEVERE ] removing tokens from slot 10
[2022-12-07 16:55:32] [SEVERE ] removing card from slot 10
[2022-12-07 16:55:32] [SEVERE ] removing tokens from slot 11
[2022-12-07 16:55:32] [SEVERE ] removing card from slot 11
[2022-12-07 16:55:32] [SEVERE ] placing card 0 in slot 0
[2022-12-07 16:55:33] [SEVERE ] placing card 19 in slot 1
[2022-12-07 16:55:33] [SEVERE ] placing card 7 in slot 2
[2022-12-07 16:55:33] [SEVERE ] placing card 67 in slot 3
[2022-12-07 16:55:33] [SEVERE ] placing card 62 in slot 4
[2022-12-07 16:55:33] [SEVERE ] placing card 48 in slot 5
[2022-12-07 16:55:33] [SEVERE ] placing card 49 in slot 6
[2022-12-07 16:55:33] [SEVERE ] placing card 75 in slot 7
[2022-12-07 16:55:33] [SEVERE ] placing card 18 in slot 8
[2022-12-07 16:55:33] [SEVERE ] placing card 65 in slot 9
[2022-12-07 16:55:34] [SEVERE ] placing card 42 in slot 10
[2022-12-07 16:55:34] [SEVERE ] placing card 51 in slot 11
[2022-12-07 16:56:34] [INFO   ] Thread main terminated.
