[2022-12-07 16:57:07] [INFO   ] cannot read configuration file config.properties trying from resources.
[2022-12-07 16:57:07] [INFO   ] configuration file was loaded from resources directory.
[2022-12-07 16:57:07] [INFO   ] Thread Thread-0starting.
[2022-12-07 16:57:07] [INFO   ] Thread Thread-1starting.
[2022-12-07 16:57:07] [INFO   ] Thread dealer starting.
[2022-12-07 16:57:07] [SEVERE ] placing card 69 in slot 0
[2022-12-07 16:57:07] [SEVERE ] placing card 57 in slot 1
[2022-12-07 16:57:08] [SEVERE ] placing card 48 in slot 2
[2022-12-07 16:57:08] [SEVERE ] placing card 55 in slot 3
[2022-12-07 16:57:08] [SEVERE ] placing card 64 in slot 4
[2022-12-07 16:57:08] [SEVERE ] placing card 35 in slot 5
[2022-12-07 16:57:08] [SEVERE ] placing card 18 in slot 6
[2022-12-07 16:57:08] [SEVERE ] placing card 42 in slot 7
[2022-12-07 16:57:08] [SEVERE ] placing card 53 in slot 8
[2022-12-07 16:57:08] [SEVERE ] placing card 63 in slot 9
[2022-12-07 16:57:08] [SEVERE ] placing card 14 in slot 10
[2022-12-07 16:57:09] [SEVERE ] placing card 13 in slot 11
[2022-12-07 16:58:08] [SEVERE ] removing tokens from slot 0
[2022-12-07 16:58:08] [SEVERE ] removing card from slot 0
[2022-12-07 16:58:08] [SEVERE ] removing tokens from slot 1
[2022-12-07 16:58:08] [SEVERE ] removing card from slot 1
[2022-12-07 16:58:08] [SEVERE ] removing tokens from slot 2
[2022-12-07 16:58:08] [SEVERE ] removing card from slot 2
[2022-12-07 16:58:08] [SEVERE ] removing tokens from slot 3
[2022-12-07 16:58:08] [SEVERE ] removing card from slot 3
[2022-12-07 16:58:08] [SEVERE ] removing tokens from slot 4
[2022-12-07 16:58:08] [SEVERE ] removing card from slot 4
[2022-12-07 16:58:08] [SEVERE ] removing tokens from slot 5
[2022-12-07 16:58:08] [SEVERE ] removing card from slot 5
[2022-12-07 16:58:08] [SEVERE ] removing tokens from slot 6
[2022-12-07 16:58:08] [SEVERE ] removing card from slot 6
[2022-12-07 16:58:08] [SEVERE ] removing tokens from slot 7
[2022-12-07 16:58:08] [SEVERE ] removing card from slot 7
[2022-12-07 16:58:09] [SEVERE ] removing tokens from slot 8
[2022-12-07 16:58:09] [SEVERE ] removing card from slot 8
[2022-12-07 16:58:09] [SEVERE ] removing tokens from slot 9
[2022-12-07 16:58:09] [SEVERE ] removing card from slot 9
[2022-12-07 16:58:09] [SEVERE ] removing tokens from slot 10
[2022-12-07 16:58:09] [SEVERE ] removing card from slot 10
[2022-12-07 16:58:09] [SEVERE ] removing tokens from slot 11
[2022-12-07 16:58:09] [SEVERE ] removing card from slot 11
[2022-12-07 16:58:09] [SEVERE ] placing card 67 in slot 0
[2022-12-07 16:58:09] [SEVERE ] placing card 28 in slot 1
[2022-12-07 16:58:09] [SEVERE ] placing card 63 in slot 2
[2022-12-07 16:58:09] [SEVERE ] placing card 73 in slot 3
[2022-12-07 16:58:09] [SEVERE ] placing card 24 in slot 4
[2022-12-07 16:58:10] [SEVERE ] placing card 30 in slot 5
[2022-12-07 16:58:10] [SEVERE ] placing card 21 in slot 6
[2022-12-07 16:58:10] [SEVERE ] placing card 80 in slot 7
[2022-12-07 16:58:10] [SEVERE ] placing card 40 in slot 8
[2022-12-07 16:58:10] [SEVERE ] placing card 48 in slot 9
[2022-12-07 16:58:10] [SEVERE ] placing card 61 in slot 10
[2022-12-07 16:58:10] [SEVERE ] placing card 43 in slot 11
