[2022-12-07 16:47:29] [INFO   ] cannot read configuration file config.properties trying from resources.
[2022-12-07 16:47:29] [INFO   ] configuration file was loaded from resources directory.
[2022-12-07 16:47:29] [INFO   ] Thread dealer starting.
[2022-12-07 16:47:29] [INFO   ] Thread Thread-0starting.
[2022-12-07 16:47:29] [INFO   ] Thread Thread-1starting.
[2022-12-07 16:47:30] [SEVERE ] placing card 44 in slot 0
[2022-12-07 16:47:30] [SEVERE ] placing card 75 in slot 1
[2022-12-07 16:47:30] [SEVERE ] placing card 69 in slot 2
[2022-12-07 16:47:30] [SEVERE ] placing card 27 in slot 3
[2022-12-07 16:47:30] [SEVERE ] placing card 8 in slot 4
[2022-12-07 16:47:30] [SEVERE ] placing card 3 in slot 5
[2022-12-07 16:47:30] [SEVERE ] placing card 66 in slot 6
[2022-12-07 16:47:30] [SEVERE ] placing card 18 in slot 7
[2022-12-07 16:47:30] [SEVERE ] placing card 11 in slot 8
[2022-12-07 16:47:31] [SEVERE ] placing card 23 in slot 9
[2022-12-07 16:47:31] [SEVERE ] placing card 62 in slot 10
[2022-12-07 16:47:31] [SEVERE ] placing card 1 in slot 11
[2022-12-07 16:48:30] [SEVERE ] removing tokens from slot 0
[2022-12-07 16:48:30] [SEVERE ] removing card from slot 0
[2022-12-07 16:48:30] [SEVERE ] removing tokens from slot 1
[2022-12-07 16:48:30] [SEVERE ] removing card from slot 1
[2022-12-07 16:48:30] [SEVERE ] removing tokens from slot 2
[2022-12-07 16:48:30] [SEVERE ] removing card from slot 2
[2022-12-07 16:48:30] [SEVERE ] removing tokens from slot 3
[2022-12-07 16:48:30] [SEVERE ] removing card from slot 3
[2022-12-07 16:48:30] [SEVERE ] removing tokens from slot 4
[2022-12-07 16:48:30] [SEVERE ] removing card from slot 4
[2022-12-07 16:48:30] [SEVERE ] removing tokens from slot 5
[2022-12-07 16:48:30] [SEVERE ] removing card from slot 5
[2022-12-07 16:48:31] [SEVERE ] removing tokens from slot 6
[2022-12-07 16:48:31] [SEVERE ] removing card from slot 6
[2022-12-07 16:48:31] [SEVERE ] removing tokens from slot 7
[2022-12-07 16:48:31] [SEVERE ] removing card from slot 7
[2022-12-07 16:48:31] [SEVERE ] removing tokens from slot 8
[2022-12-07 16:48:31] [SEVERE ] removing card from slot 8
[2022-12-07 16:48:31] [SEVERE ] removing tokens from slot 9
[2022-12-07 16:48:31] [SEVERE ] removing card from slot 9
[2022-12-07 16:48:31] [SEVERE ] removing tokens from slot 10
[2022-12-07 16:48:31] [SEVERE ] removing card from slot 10
[2022-12-07 16:48:31] [SEVERE ] removing tokens from slot 11
[2022-12-07 16:48:31] [SEVERE ] removing card from slot 11
[2022-12-07 16:48:31] [SEVERE ] placing card 25 in slot 0
[2022-12-07 16:48:31] [SEVERE ] placing card 54 in slot 1
[2022-12-07 16:48:31] [SEVERE ] placing card 70 in slot 2
[2022-12-07 16:48:32] [SEVERE ] placing card 22 in slot 3
[2022-12-07 16:48:32] [SEVERE ] placing card 7 in slot 4
[2022-12-07 16:48:32] [SEVERE ] placing card 63 in slot 5
[2022-12-07 16:48:32] [SEVERE ] placing card 80 in slot 6
[2022-12-07 16:48:32] [SEVERE ] placing card 62 in slot 7
[2022-12-07 16:48:32] [SEVERE ] placing card 17 in slot 8
[2022-12-07 16:48:32] [SEVERE ] placing card 35 in slot 9
[2022-12-07 16:48:32] [SEVERE ] placing card 0 in slot 10
[2022-12-07 16:48:32] [SEVERE ] placing card 59 in slot 11
[2022-12-07 16:49:32] [INFO   ] Thread main terminated.
