[2022-12-07 16:42:37] [INFO   ] cannot read configuration file config.properties trying from resources.
[2022-12-07 16:42:37] [INFO   ] configuration file was loaded from resources directory.
[2022-12-07 16:42:38] [INFO   ] Thread dealer starting.
[2022-12-07 16:42:38] [INFO   ] Thread Thread-1starting.
[2022-12-07 16:42:38] [INFO   ] Thread Thread-0starting.
[2022-12-07 16:42:38] [SEVERE ] placing card 10 in slot 0
[2022-12-07 16:42:38] [SEVERE ] placing card 44 in slot 1
[2022-12-07 16:42:38] [SEVERE ] placing card 31 in slot 2
[2022-12-07 16:42:38] [SEVERE ] placing card 14 in slot 3
[2022-12-07 16:42:38] [SEVERE ] placing card 46 in slot 4
[2022-12-07 16:42:39] [SEVERE ] placing card 40 in slot 5
[2022-12-07 16:42:39] [SEVERE ] placing card 80 in slot 6
[2022-12-07 16:42:39] [SEVERE ] placing card 54 in slot 7
[2022-12-07 16:42:39] [SEVERE ] placing card 71 in slot 8
[2022-12-07 16:42:39] [SEVERE ] placing card 77 in slot 9
[2022-12-07 16:42:39] [SEVERE ] placing card 23 in slot 10
[2022-12-07 16:42:39] [SEVERE ] placing card 1 in slot 11
[2022-12-07 16:43:38] [SEVERE ] removing tokens from slot 0
[2022-12-07 16:43:38] [SEVERE ] removing card from slot 0
[2022-12-07 16:43:38] [SEVERE ] removing tokens from slot 1
[2022-12-07 16:43:38] [SEVERE ] removing card from slot 1
[2022-12-07 16:43:39] [SEVERE ] removing tokens from slot 2
[2022-12-07 16:43:39] [SEVERE ] removing card from slot 2
[2022-12-07 16:43:39] [SEVERE ] removing tokens from slot 3
[2022-12-07 16:43:39] [SEVERE ] removing card from slot 3
[2022-12-07 16:43:39] [SEVERE ] removing tokens from slot 4
[2022-12-07 16:43:39] [SEVERE ] removing card from slot 4
[2022-12-07 16:43:39] [SEVERE ] removing tokens from slot 5
[2022-12-07 16:43:39] [SEVERE ] removing card from slot 5
[2022-12-07 16:43:39] [SEVERE ] removing tokens from slot 6
[2022-12-07 16:43:39] [SEVERE ] removing card from slot 6
[2022-12-07 16:43:39] [SEVERE ] removing tokens from slot 7
[2022-12-07 16:43:39] [SEVERE ] removing card from slot 7
[2022-12-07 16:43:39] [SEVERE ] removing tokens from slot 8
[2022-12-07 16:43:39] [SEVERE ] removing card from slot 8
[2022-12-07 16:43:39] [SEVERE ] removing tokens from slot 9
[2022-12-07 16:43:39] [SEVERE ] removing card from slot 9
[2022-12-07 16:43:39] [SEVERE ] removing tokens from slot 10
[2022-12-07 16:43:39] [SEVERE ] removing card from slot 10
[2022-12-07 16:43:40] [SEVERE ] removing tokens from slot 11
[2022-12-07 16:43:40] [SEVERE ] removing card from slot 11
[2022-12-07 16:43:40] [SEVERE ] placing card 77 in slot 0
[2022-12-07 16:43:40] [SEVERE ] placing card 59 in slot 1
[2022-12-07 16:43:40] [SEVERE ] placing card 80 in slot 2
[2022-12-07 16:43:40] [SEVERE ] placing card 14 in slot 3
[2022-12-07 16:43:40] [SEVERE ] placing card 75 in slot 4
[2022-12-07 16:43:40] [SEVERE ] placing card 35 in slot 5
[2022-12-07 16:43:40] [SEVERE ] placing card 28 in slot 6
[2022-12-07 16:43:40] [SEVERE ] placing card 32 in slot 7
[2022-12-07 16:43:41] [SEVERE ] placing card 73 in slot 8
[2022-12-07 16:43:41] [SEVERE ] placing card 70 in slot 9
[2022-12-07 16:43:41] [SEVERE ] placing card 62 in slot 10
[2022-12-07 16:43:41] [SEVERE ] placing card 21 in slot 11
[2022-12-07 16:44:41] [INFO   ] Thread main terminated.
