[2022-12-07 16:20:55] [INFO   ] cannot read configuration file config.properties trying from resources.
[2022-12-07 16:20:55] [INFO   ] configuration file was loaded from resources directory.
[2022-12-07 16:20:56] [INFO   ] Thread dealer starting.
[2022-12-07 16:20:56] [INFO   ] Thread Thread-1starting.
[2022-12-07 16:20:56] [INFO   ] Thread Thread-0starting.
[2022-12-07 16:20:56] [SEVERE ] placing card 77 in slot 0
[2022-12-07 16:20:56] [SEVERE ] placing card 13 in slot 1
[2022-12-07 16:20:56] [SEVERE ] placing card 28 in slot 2
[2022-12-07 16:20:56] [SEVERE ] placing card 14 in slot 3
[2022-12-07 16:20:56] [SEVERE ] placing card 30 in slot 4
[2022-12-07 16:20:56] [SEVERE ] placing card 59 in slot 5
[2022-12-07 16:20:57] [SEVERE ] placing card 67 in slot 6
[2022-12-07 16:20:57] [SEVERE ] placing card 71 in slot 7
[2022-12-07 16:20:57] [SEVERE ] placing card 37 in slot 8
[2022-12-07 16:20:57] [SEVERE ] placing card 2 in slot 9
[2022-12-07 16:20:57] [SEVERE ] placing card 0 in slot 10
[2022-12-07 16:20:57] [SEVERE ] placing card 32 in slot 11
[2022-12-07 16:21:56] [SEVERE ] removing tokens from slot 0
[2022-12-07 16:21:56] [SEVERE ] removing card from slot 0
[2022-12-07 16:21:56] [SEVERE ] removing tokens from slot 1
[2022-12-07 16:21:56] [SEVERE ] removing card from slot 1
[2022-12-07 16:21:56] [SEVERE ] removing tokens from slot 2
[2022-12-07 16:21:56] [SEVERE ] removing card from slot 2
[2022-12-07 16:21:57] [SEVERE ] removing tokens from slot 3
[2022-12-07 16:21:57] [SEVERE ] removing card from slot 3
[2022-12-07 16:21:57] [SEVERE ] removing tokens from slot 4
[2022-12-07 16:21:57] [SEVERE ] removing card from slot 4
[2022-12-07 16:21:57] [SEVERE ] removing tokens from slot 5
[2022-12-07 16:21:57] [SEVERE ] removing card from slot 5
[2022-12-07 16:21:57] [SEVERE ] removing tokens from slot 6
[2022-12-07 16:21:57] [SEVERE ] removing card from slot 6
[2022-12-07 16:21:57] [SEVERE ] removing tokens from slot 7
[2022-12-07 16:21:57] [SEVERE ] removing card from slot 7
[2022-12-07 16:21:57] [SEVERE ] removing tokens from slot 8
[2022-12-07 16:21:57] [SEVERE ] removing card from slot 8
[2022-12-07 16:21:57] [SEVERE ] removing tokens from slot 9
[2022-12-07 16:21:57] [SEVERE ] removing card from slot 9
[2022-12-07 16:21:57] [SEVERE ] removing tokens from slot 10
[2022-12-07 16:21:57] [SEVERE ] removing card from slot 10
[2022-12-07 16:21:57] [SEVERE ] removing tokens from slot 11
[2022-12-07 16:21:57] [SEVERE ] removing card from slot 11
[2022-12-07 16:21:58] [SEVERE ] placing card 23 in slot 0
[2022-12-07 16:21:58] [SEVERE ] placing card 19 in slot 1
[2022-12-07 16:21:58] [SEVERE ] placing card 73 in slot 2
[2022-12-07 16:21:58] [SEVERE ] placing card 16 in slot 3
[2022-12-07 16:21:58] [SEVERE ] placing card 4 in slot 4
[2022-12-07 16:21:58] [SEVERE ] placing card 33 in slot 5
[2022-12-07 16:21:58] [SEVERE ] placing card 45 in slot 6
[2022-12-07 16:21:58] [SEVERE ] placing card 53 in slot 7
[2022-12-07 16:21:58] [SEVERE ] placing card 77 in slot 8
[2022-12-07 16:21:59] [SEVERE ] placing card 38 in slot 9
[2022-12-07 16:21:59] [SEVERE ] placing card 56 in slot 10
[2022-12-07 16:21:59] [SEVERE ] placing card 43 in slot 11
[2022-12-07 16:22:58] [SEVERE ] removing tokens from slot 0
[2022-12-07 16:22:58] [SEVERE ] removing card from slot 0
[2022-12-07 16:22:58] [SEVERE ] removing tokens from slot 1
[2022-12-07 16:22:58] [SEVERE ] removing card from slot 1
[2022-12-07 16:22:58] [SEVERE ] removing tokens from slot 2
[2022-12-07 16:22:58] [SEVERE ] removing card from slot 2
[2022-12-07 16:22:58] [SEVERE ] removing tokens from slot 3
[2022-12-07 16:22:58] [SEVERE ] removing card from slot 3
[2022-12-07 16:22:58] [SEVERE ] removing tokens from slot 4
[2022-12-07 16:22:58] [SEVERE ] removing card from slot 4
[2022-12-07 16:22:58] [SEVERE ] removing tokens from slot 5
[2022-12-07 16:22:58] [SEVERE ] removing card from slot 5
[2022-12-07 16:22:59] [SEVERE ] removing tokens from slot 6
[2022-12-07 16:22:59] [SEVERE ] removing card from slot 6
[2022-12-07 16:22:59] [SEVERE ] removing tokens from slot 7
[2022-12-07 16:22:59] [SEVERE ] removing card from slot 7
[2022-12-07 16:22:59] [SEVERE ] removing tokens from slot 8
[2022-12-07 16:22:59] [SEVERE ] removing card from slot 8
[2022-12-07 16:22:59] [SEVERE ] removing tokens from slot 9
[2022-12-07 16:22:59] [SEVERE ] removing card from slot 9
[2022-12-07 16:22:59] [SEVERE ] removing tokens from slot 10
[2022-12-07 16:22:59] [SEVERE ] removing card from slot 10
[2022-12-07 16:22:59] [SEVERE ] removing tokens from slot 11
[2022-12-07 16:22:59] [SEVERE ] removing card from slot 11
[2022-12-07 16:22:59] [SEVERE ] placing card 19 in slot 0
[2022-12-07 16:22:59] [SEVERE ] placing card 53 in slot 1
[2022-12-07 16:22:59] [SEVERE ] placing card 58 in slot 2
[2022-12-07 16:23:00] [SEVERE ] placing card 63 in slot 3
[2022-12-07 16:23:00] [SEVERE ] placing card 37 in slot 4
[2022-12-07 16:23:00] [SEVERE ] placing card 54 in slot 5
[2022-12-07 16:23:00] [SEVERE ] placing card 4 in slot 6
[2022-12-07 16:23:00] [SEVERE ] placing card 52 in slot 7
[2022-12-07 16:23:00] [SEVERE ] placing card 10 in slot 8
[2022-12-07 16:23:00] [SEVERE ] placing card 20 in slot 9
[2022-12-07 16:23:00] [SEVERE ] placing card 39 in slot 10
[2022-12-07 16:23:00] [SEVERE ] placing card 79 in slot 11
[2022-12-07 16:23:24] [SEVERE ] Exit button pressed
