[2022-12-07 15:13:01] [INFO   ] cannot read configuration file config.properties trying from resources.
[2022-12-07 15:13:01] [INFO   ] configuration file was loaded from resources directory.
[2022-12-07 15:13:02] [INFO   ] Thread Thread-0starting.
[2022-12-07 15:13:02] [INFO   ] Thread Thread-1starting.
[2022-12-07 15:13:02] [SEVERE ] placing card 53 in slot 0
[2022-12-07 15:13:02] [SEVERE ] placing card 22 in slot 1
[2022-12-07 15:13:02] [SEVERE ] placing card 21 in slot 2
[2022-12-07 15:13:02] [SEVERE ] placing card 73 in slot 3
[2022-12-07 15:13:02] [SEVERE ] placing card 9 in slot 4
[2022-12-07 15:13:02] [SEVERE ] placing card 30 in slot 5
[2022-12-07 15:13:02] [SEVERE ] placing card 27 in slot 6
[2022-12-07 15:13:02] [SEVERE ] placing card 42 in slot 7
[2022-12-07 15:13:03] [SEVERE ] placing card 71 in slot 8
[2022-12-07 15:13:03] [SEVERE ] placing card 56 in slot 9
[2022-12-07 15:13:03] [SEVERE ] placing card 19 in slot 10
[2022-12-07 15:13:03] [SEVERE ] placing card 44 in slot 11
[2022-12-07 15:13:05] [SEVERE ] Key 81 was pressed by player 0
[2022-12-07 15:13:05] [SEVERE ] player 0 placing token on slot 0
[2022-12-07 15:13:05] [SEVERE ] Key 87 was pressed by player 0
[2022-12-07 15:13:05] [SEVERE ] player 0 placing token on slot 1
[2022-12-07 15:13:05] [SEVERE ] Key 69 was pressed by player 0
[2022-12-07 15:13:05] [SEVERE ] player 0 placing token on slot 2
[2022-12-07 15:13:05] [INFO   ] Thread main terminated.
