[2022-12-07 16:25:23] [INFO   ] cannot read configuration file config.properties trying from resources.
[2022-12-07 16:25:23] [INFO   ] configuration file was loaded from resources directory.
[2022-12-07 16:25:24] [INFO   ] Thread dealer starting.
[2022-12-07 16:25:24] [INFO   ] Thread Thread-0starting.
[2022-12-07 16:25:24] [INFO   ] Thread Thread-1starting.
[2022-12-07 16:25:24] [SEVERE ] placing card 40 in slot 0
[2022-12-07 16:25:24] [SEVERE ] placing card 41 in slot 1
[2022-12-07 16:25:24] [SEVERE ] placing card 25 in slot 2
[2022-12-07 16:25:25] [SEVERE ] placing card 26 in slot 3
[2022-12-07 16:25:25] [SEVERE ] placing card 24 in slot 4
[2022-12-07 16:25:25] [SEVERE ] placing card 34 in slot 5
[2022-12-07 16:25:25] [SEVERE ] placing card 74 in slot 6
[2022-12-07 16:25:25] [SEVERE ] placing card 63 in slot 7
[2022-12-07 16:25:25] [SEVERE ] placing card 7 in slot 8
[2022-12-07 16:25:25] [SEVERE ] placing card 76 in slot 9
[2022-12-07 16:25:25] [SEVERE ] placing card 51 in slot 10
[2022-12-07 16:25:25] [SEVERE ] placing card 62 in slot 11
[2022-12-07 16:26:25] [SEVERE ] removing tokens from slot 0
[2022-12-07 16:26:25] [SEVERE ] removing card from slot 0
[2022-12-07 16:26:25] [SEVERE ] removing tokens from slot 1
[2022-12-07 16:26:25] [SEVERE ] removing card from slot 1
[2022-12-07 16:26:25] [SEVERE ] removing tokens from slot 2
[2022-12-07 16:26:25] [SEVERE ] removing card from slot 2
[2022-12-07 16:26:25] [SEVERE ] removing tokens from slot 3
[2022-12-07 16:26:25] [SEVERE ] removing card from slot 3
[2022-12-07 16:26:25] [SEVERE ] removing tokens from slot 4
[2022-12-07 16:26:25] [SEVERE ] removing card from slot 4
[2022-12-07 16:26:25] [SEVERE ] removing tokens from slot 5
[2022-12-07 16:26:25] [SEVERE ] removing card from slot 5
[2022-12-07 16:26:25] [SEVERE ] removing tokens from slot 6
[2022-12-07 16:26:25] [SEVERE ] removing card from slot 6
[2022-12-07 16:26:25] [SEVERE ] removing tokens from slot 7
[2022-12-07 16:26:25] [SEVERE ] removing card from slot 7
[2022-12-07 16:26:25] [SEVERE ] removing tokens from slot 8
[2022-12-07 16:26:25] [SEVERE ] removing card from slot 8
[2022-12-07 16:26:26] [SEVERE ] removing tokens from slot 9
[2022-12-07 16:26:26] [SEVERE ] removing card from slot 9
[2022-12-07 16:26:26] [SEVERE ] removing tokens from slot 10
[2022-12-07 16:26:26] [SEVERE ] removing card from slot 10
[2022-12-07 16:26:26] [SEVERE ] removing tokens from slot 11
[2022-12-07 16:26:26] [SEVERE ] removing card from slot 11
[2022-12-07 16:26:26] [SEVERE ] placing card 4 in slot 0
[2022-12-07 16:26:26] [SEVERE ] placing card 61 in slot 1
[2022-12-07 16:26:26] [SEVERE ] placing card 73 in slot 2
[2022-12-07 16:26:26] [SEVERE ] placing card 35 in slot 3
[2022-12-07 16:26:26] [SEVERE ] placing card 37 in slot 4
[2022-12-07 16:26:26] [SEVERE ] placing card 43 in slot 5
[2022-12-07 16:26:27] [SEVERE ] placing card 80 in slot 6
[2022-12-07 16:26:27] [SEVERE ] placing card 53 in slot 7
[2022-12-07 16:26:27] [SEVERE ] placing card 47 in slot 8
[2022-12-07 16:26:27] [SEVERE ] placing card 39 in slot 9
[2022-12-07 16:26:27] [SEVERE ] placing card 46 in slot 10
[2022-12-07 16:26:27] [SEVERE ] placing card 41 in slot 11
[2022-12-07 16:27:26] [SEVERE ] removing tokens from slot 0
[2022-12-07 16:27:26] [SEVERE ] removing card from slot 0
[2022-12-07 16:27:26] [SEVERE ] removing tokens from slot 1
[2022-12-07 16:27:26] [SEVERE ] removing card from slot 1
[2022-12-07 16:27:26] [SEVERE ] removing tokens from slot 2
[2022-12-07 16:27:26] [SEVERE ] removing card from slot 2
[2022-12-07 16:27:27] [SEVERE ] removing tokens from slot 3
[2022-12-07 16:27:27] [SEVERE ] removing card from slot 3
[2022-12-07 16:27:27] [SEVERE ] removing tokens from slot 4
[2022-12-07 16:27:27] [SEVERE ] removing card from slot 4
[2022-12-07 16:27:27] [SEVERE ] removing tokens from slot 5
[2022-12-07 16:27:27] [SEVERE ] removing card from slot 5
[2022-12-07 16:27:27] [SEVERE ] removing tokens from slot 6
[2022-12-07 16:27:27] [SEVERE ] removing card from slot 6
[2022-12-07 16:27:27] [SEVERE ] removing tokens from slot 7
[2022-12-07 16:27:27] [SEVERE ] removing card from slot 7
[2022-12-07 16:27:27] [SEVERE ] removing tokens from slot 8
[2022-12-07 16:27:27] [SEVERE ] removing card from slot 8
[2022-12-07 16:27:27] [SEVERE ] removing tokens from slot 9
[2022-12-07 16:27:27] [SEVERE ] removing card from slot 9
[2022-12-07 16:27:27] [SEVERE ] removing tokens from slot 10
[2022-12-07 16:27:27] [SEVERE ] removing card from slot 10
[2022-12-07 16:27:27] [SEVERE ] removing tokens from slot 11
[2022-12-07 16:27:27] [SEVERE ] removing card from slot 11
[2022-12-07 16:27:28] [SEVERE ] placing card 24 in slot 0
[2022-12-07 16:27:28] [SEVERE ] placing card 27 in slot 1
[2022-12-07 16:27:28] [SEVERE ] placing card 54 in slot 2
[2022-12-07 16:27:28] [SEVERE ] placing card 32 in slot 3
[2022-12-07 16:27:28] [SEVERE ] placing card 2 in slot 4
[2022-12-07 16:27:28] [SEVERE ] placing card 8 in slot 5
[2022-12-07 16:27:28] [SEVERE ] placing card 63 in slot 6
[2022-12-07 16:27:28] [SEVERE ] placing card 80 in slot 7
[2022-12-07 16:27:28] [SEVERE ] placing card 65 in slot 8
[2022-12-07 16:27:29] [SEVERE ] placing card 9 in slot 9
[2022-12-07 16:27:29] [SEVERE ] placing card 6 in slot 10
[2022-12-07 16:27:29] [SEVERE ] placing card 37 in slot 11
