[2022-12-07 16:27:35] [INFO   ] cannot read configuration file config.properties trying from resources.
[2022-12-07 16:27:35] [INFO   ] configuration file was loaded from resources directory.
[2022-12-07 16:27:36] [INFO   ] Thread dealer starting.
[2022-12-07 16:27:36] [INFO   ] Thread Thread-0starting.
[2022-12-07 16:27:36] [INFO   ] Thread Thread-1starting.
[2022-12-07 16:27:36] [SEVERE ] placing card 0 in slot 0
[2022-12-07 16:27:36] [SEVERE ] placing card 71 in slot 1
[2022-12-07 16:27:36] [SEVERE ] placing card 73 in slot 2
[2022-12-07 16:27:36] [SEVERE ] placing card 31 in slot 3
[2022-12-07 16:27:36] [SEVERE ] placing card 50 in slot 4
[2022-12-07 16:27:37] [SEVERE ] placing card 9 in slot 5
[2022-12-07 16:27:37] [SEVERE ] placing card 54 in slot 6
[2022-12-07 16:27:37] [SEVERE ] placing card 40 in slot 7
[2022-12-07 16:27:37] [SEVERE ] placing card 23 in slot 8
[2022-12-07 16:27:37] [SEVERE ] placing card 56 in slot 9
[2022-12-07 16:27:37] [SEVERE ] placing card 80 in slot 10
[2022-12-07 16:27:37] [SEVERE ] placing card 17 in slot 11
[2022-12-07 16:28:36] [SEVERE ] removing tokens from slot 0
[2022-12-07 16:28:36] [SEVERE ] removing card from slot 0
[2022-12-07 16:28:36] [SEVERE ] removing tokens from slot 1
[2022-12-07 16:28:36] [SEVERE ] removing card from slot 1
[2022-12-07 16:28:37] [SEVERE ] removing tokens from slot 2
[2022-12-07 16:28:37] [SEVERE ] removing card from slot 2
[2022-12-07 16:28:37] [SEVERE ] removing tokens from slot 3
[2022-12-07 16:28:37] [SEVERE ] removing card from slot 3
[2022-12-07 16:28:37] [SEVERE ] removing tokens from slot 4
[2022-12-07 16:28:37] [SEVERE ] removing card from slot 4
[2022-12-07 16:28:37] [SEVERE ] removing tokens from slot 5
[2022-12-07 16:28:37] [SEVERE ] removing card from slot 5
[2022-12-07 16:28:37] [SEVERE ] removing tokens from slot 6
[2022-12-07 16:28:37] [SEVERE ] removing card from slot 6
[2022-12-07 16:28:37] [SEVERE ] removing tokens from slot 7
[2022-12-07 16:28:37] [SEVERE ] removing card from slot 7
[2022-12-07 16:28:37] [SEVERE ] removing tokens from slot 8
[2022-12-07 16:28:37] [SEVERE ] removing card from slot 8
[2022-12-07 16:28:37] [SEVERE ] removing tokens from slot 9
[2022-12-07 16:28:37] [SEVERE ] removing card from slot 9
[2022-12-07 16:28:37] [SEVERE ] removing tokens from slot 10
[2022-12-07 16:28:37] [SEVERE ] removing card from slot 10
[2022-12-07 16:28:38] [SEVERE ] removing tokens from slot 11
[2022-12-07 16:28:38] [SEVERE ] removing card from slot 11
[2022-12-07 16:28:38] [SEVERE ] placing card 14 in slot 0
[2022-12-07 16:28:38] [SEVERE ] placing card 69 in slot 1
[2022-12-07 16:28:38] [SEVERE ] placing card 22 in slot 2
[2022-12-07 16:28:38] [SEVERE ] placing card 18 in slot 3
[2022-12-07 16:28:38] [SEVERE ] placing card 37 in slot 4
[2022-12-07 16:28:38] [SEVERE ] placing card 40 in slot 5
[2022-12-07 16:28:38] [SEVERE ] placing card 39 in slot 6
[2022-12-07 16:28:38] [SEVERE ] placing card 12 in slot 7
[2022-12-07 16:28:38] [SEVERE ] placing card 52 in slot 8
[2022-12-07 16:28:39] [SEVERE ] placing card 1 in slot 9
[2022-12-07 16:28:39] [SEVERE ] placing card 63 in slot 10
[2022-12-07 16:28:39] [SEVERE ] placing card 53 in slot 11
[2022-12-07 16:29:38] [SEVERE ] removing tokens from slot 0
[2022-12-07 16:29:38] [SEVERE ] removing card from slot 0
[2022-12-07 16:29:38] [SEVERE ] removing tokens from slot 1
[2022-12-07 16:29:38] [SEVERE ] removing card from slot 1
[2022-12-07 16:29:38] [SEVERE ] removing tokens from slot 2
[2022-12-07 16:29:38] [SEVERE ] removing card from slot 2
[2022-12-07 16:29:38] [SEVERE ] removing tokens from slot 3
[2022-12-07 16:29:38] [SEVERE ] removing card from slot 3
[2022-12-07 16:29:38] [SEVERE ] removing tokens from slot 4
[2022-12-07 16:29:38] [SEVERE ] removing card from slot 4
[2022-12-07 16:29:38] [SEVERE ] removing tokens from slot 5
[2022-12-07 16:29:38] [SEVERE ] removing card from slot 5
[2022-12-07 16:29:39] [SEVERE ] removing tokens from slot 6
[2022-12-07 16:29:39] [SEVERE ] removing card from slot 6
[2022-12-07 16:29:39] [SEVERE ] removing tokens from slot 7
[2022-12-07 16:29:39] [SEVERE ] removing card from slot 7
[2022-12-07 16:29:39] [SEVERE ] removing tokens from slot 8
[2022-12-07 16:29:39] [SEVERE ] removing card from slot 8
[2022-12-07 16:29:39] [SEVERE ] removing tokens from slot 9
[2022-12-07 16:29:39] [SEVERE ] removing card from slot 9
[2022-12-07 16:29:39] [SEVERE ] removing tokens from slot 10
[2022-12-07 16:29:39] [SEVERE ] removing card from slot 10
[2022-12-07 16:29:39] [SEVERE ] removing tokens from slot 11
[2022-12-07 16:29:39] [SEVERE ] removing card from slot 11
[2022-12-07 16:29:39] [SEVERE ] placing card 42 in slot 0
[2022-12-07 16:29:39] [SEVERE ] placing card 41 in slot 1
[2022-12-07 16:29:39] [SEVERE ] placing card 78 in slot 2
[2022-12-07 16:29:40] [SEVERE ] placing card 10 in slot 3
[2022-12-07 16:29:40] [SEVERE ] placing card 74 in slot 4
[2022-12-07 16:29:40] [SEVERE ] placing card 75 in slot 5
[2022-12-07 16:29:40] [SEVERE ] placing card 72 in slot 6
[2022-12-07 16:29:40] [SEVERE ] placing card 26 in slot 7
[2022-12-07 16:29:40] [SEVERE ] placing card 27 in slot 8
[2022-12-07 16:29:40] [SEVERE ] placing card 33 in slot 9
[2022-12-07 16:29:40] [SEVERE ] placing card 68 in slot 10
[2022-12-07 16:29:41] [SEVERE ] placing card 57 in slot 11
