[2022-12-07 16:23:58] [INFO   ] cannot read configuration file config.properties trying from resources.
[2022-12-07 16:23:58] [INFO   ] configuration file was loaded from resources directory.
[2022-12-07 16:23:58] [INFO   ] Thread Thread-0starting.
[2022-12-07 16:23:58] [INFO   ] Thread Thread-1starting.
[2022-12-07 16:23:58] [INFO   ] Thread dealer starting.
[2022-12-07 16:23:59] [SEVERE ] placing card 76 in slot 0
[2022-12-07 16:23:59] [SEVERE ] placing card 3 in slot 1
[2022-12-07 16:23:59] [SEVERE ] placing card 39 in slot 2
[2022-12-07 16:23:59] [SEVERE ] placing card 62 in slot 3
[2022-12-07 16:23:59] [SEVERE ] placing card 15 in slot 4
[2022-12-07 16:23:59] [SEVERE ] placing card 21 in slot 5
[2022-12-07 16:23:59] [SEVERE ] placing card 8 in slot 6
[2022-12-07 16:23:59] [SEVERE ] placing card 1 in slot 7
[2022-12-07 16:23:59] [SEVERE ] placing card 59 in slot 8
[2022-12-07 16:24:00] [SEVERE ] placing card 38 in slot 9
[2022-12-07 16:24:00] [SEVERE ] placing card 54 in slot 10
[2022-12-07 16:24:00] [SEVERE ] placing card 11 in slot 11
[2022-12-07 16:24:59] [SEVERE ] removing tokens from slot 0
[2022-12-07 16:24:59] [SEVERE ] removing card from slot 0
[2022-12-07 16:24:59] [SEVERE ] removing tokens from slot 1
[2022-12-07 16:24:59] [SEVERE ] removing card from slot 1
[2022-12-07 16:24:59] [SEVERE ] removing tokens from slot 2
[2022-12-07 16:24:59] [SEVERE ] removing card from slot 2
[2022-12-07 16:24:59] [SEVERE ] removing tokens from slot 3
[2022-12-07 16:24:59] [SEVERE ] removing card from slot 3
[2022-12-07 16:24:59] [SEVERE ] removing tokens from slot 4
[2022-12-07 16:24:59] [SEVERE ] removing card from slot 4
[2022-12-07 16:24:59] [SEVERE ] removing tokens from slot 5
[2022-12-07 16:24:59] [SEVERE ] removing card from slot 5
[2022-12-07 16:25:00] [SEVERE ] removing tokens from slot 6
[2022-12-07 16:25:00] [SEVERE ] removing card from slot 6
[2022-12-07 16:25:00] [SEVERE ] removing tokens from slot 7
[2022-12-07 16:25:00] [SEVERE ] removing card from slot 7
[2022-12-07 16:25:00] [SEVERE ] removing tokens from slot 8
[2022-12-07 16:25:00] [SEVERE ] removing card from slot 8
[2022-12-07 16:25:00] [SEVERE ] removing tokens from slot 9
[2022-12-07 16:25:00] [SEVERE ] removing card from slot 9
[2022-12-07 16:25:00] [SEVERE ] removing tokens from slot 10
[2022-12-07 16:25:00] [SEVERE ] removing card from slot 10
[2022-12-07 16:25:00] [SEVERE ] removing tokens from slot 11
[2022-12-07 16:25:00] [SEVERE ] removing card from slot 11
[2022-12-07 16:25:00] [SEVERE ] placing card 23 in slot 0
[2022-12-07 16:25:00] [SEVERE ] placing card 21 in slot 1
[2022-12-07 16:25:00] [SEVERE ] placing card 40 in slot 2
[2022-12-07 16:25:01] [SEVERE ] placing card 17 in slot 3
[2022-12-07 16:25:01] [SEVERE ] placing card 9 in slot 4
[2022-12-07 16:25:01] [SEVERE ] placing card 74 in slot 5
[2022-12-07 16:25:01] [SEVERE ] placing card 35 in slot 6
[2022-12-07 16:25:01] [SEVERE ] placing card 12 in slot 7
[2022-12-07 16:25:01] [SEVERE ] placing card 72 in slot 8
[2022-12-07 16:25:01] [SEVERE ] placing card 2 in slot 9
[2022-12-07 16:25:01] [SEVERE ] placing card 28 in slot 10
[2022-12-07 16:25:02] [SEVERE ] placing card 80 in slot 11
