[2022-12-07 15:07:33] [INFO   ] cannot read configuration file config.properties trying from resources.
[2022-12-07 15:07:33] [INFO   ] configuration file was loaded from resources directory.
[2022-12-07 15:07:34] [SEVERE ] placing card 74 in slot 0
[2022-12-07 15:07:34] [SEVERE ] placing card 21 in slot 1
[2022-12-07 15:07:34] [SEVERE ] placing card 43 in slot 2
[2022-12-07 15:07:34] [SEVERE ] placing card 10 in slot 3
[2022-12-07 15:07:34] [SEVERE ] placing card 18 in slot 4
[2022-12-07 15:07:35] [SEVERE ] placing card 67 in slot 5
[2022-12-07 15:07:35] [SEVERE ] placing card 73 in slot 6
[2022-12-07 15:07:35] [SEVERE ] placing card 41 in slot 7
[2022-12-07 15:07:35] [SEVERE ] placing card 45 in slot 8
[2022-12-07 15:07:35] [SEVERE ] placing card 51 in slot 9
[2022-12-07 15:07:35] [SEVERE ] placing card 15 in slot 10
[2022-12-07 15:07:35] [SEVERE ] placing card 19 in slot 11
[2022-12-07 15:07:38] [SEVERE ] Key 81 was pressed by player 0
[2022-12-07 15:07:38] [SEVERE ] player 0 placing token on slot 0
[2022-12-07 15:07:38] [SEVERE ] Key 87 was pressed by player 0
[2022-12-07 15:07:38] [SEVERE ] player 0 placing token on slot 1
[2022-12-07 15:07:39] [SEVERE ] Key 69 was pressed by player 0
[2022-12-07 15:07:39] [SEVERE ] player 0 placing token on slot 2
[2022-12-07 15:07:39] [INFO   ] Thread main terminated.
