[2022-12-07 17:16:40] [INFO   ] cannot read configuration file config.properties trying from resources.
[2022-12-07 17:16:40] [INFO   ] configuration file was loaded from resources directory.
[2022-12-07 17:16:40] [INFO   ] Thread Thread-0starting.
[2022-12-07 17:16:40] [INFO   ] Thread Thread-1starting.
[2022-12-07 17:16:40] [INFO   ] Thread dealer starting.
[2022-12-07 17:16:41] [SEVERE ] placing card 26 in slot 0
[2022-12-07 17:16:41] [SEVERE ] placing card 3 in slot 1
[2022-12-07 17:16:41] [SEVERE ] placing card 23 in slot 2
[2022-12-07 17:16:41] [SEVERE ] placing card 60 in slot 3
[2022-12-07 17:16:41] [SEVERE ] placing card 74 in slot 4
[2022-12-07 17:16:41] [SEVERE ] placing card 17 in slot 5
[2022-12-07 17:16:41] [SEVERE ] placing card 31 in slot 6
[2022-12-07 17:16:41] [SEVERE ] placing card 72 in slot 7
[2022-12-07 17:16:42] [SEVERE ] placing card 15 in slot 8
[2022-12-07 17:16:42] [SEVERE ] placing card 56 in slot 9
[2022-12-07 17:16:42] [SEVERE ] placing card 22 in slot 10
[2022-12-07 17:16:42] [SEVERE ] placing card 53 in slot 11
[2022-12-07 17:17:42] [SEVERE ] removing tokens from slot 0
[2022-12-07 17:17:42] [SEVERE ] removing card from slot 0
[2022-12-07 17:17:42] [SEVERE ] removing tokens from slot 1
[2022-12-07 17:17:42] [SEVERE ] removing card from slot 1
[2022-12-07 17:17:42] [SEVERE ] removing tokens from slot 2
[2022-12-07 17:17:42] [SEVERE ] removing card from slot 2
[2022-12-07 17:17:42] [SEVERE ] removing tokens from slot 3
[2022-12-07 17:17:42] [SEVERE ] removing card from slot 3
[2022-12-07 17:17:42] [SEVERE ] removing tokens from slot 4
[2022-12-07 17:17:42] [SEVERE ] removing card from slot 4
[2022-12-07 17:17:43] [SEVERE ] removing tokens from slot 5
[2022-12-07 17:17:43] [SEVERE ] removing card from slot 5
[2022-12-07 17:17:43] [SEVERE ] removing tokens from slot 6
[2022-12-07 17:17:43] [SEVERE ] removing card from slot 6
[2022-12-07 17:17:43] [SEVERE ] removing tokens from slot 7
[2022-12-07 17:17:43] [SEVERE ] removing card from slot 7
[2022-12-07 17:17:43] [SEVERE ] removing tokens from slot 8
[2022-12-07 17:17:43] [SEVERE ] removing card from slot 8
[2022-12-07 17:17:43] [SEVERE ] removing tokens from slot 9
[2022-12-07 17:17:43] [SEVERE ] removing card from slot 9
[2022-12-07 17:17:43] [SEVERE ] removing tokens from slot 10
[2022-12-07 17:17:43] [SEVERE ] removing card from slot 10
[2022-12-07 17:17:43] [SEVERE ] removing tokens from slot 11
[2022-12-07 17:17:43] [SEVERE ] removing card from slot 11
[2022-12-07 17:17:43] [SEVERE ] placing card 79 in slot 0
[2022-12-07 17:17:43] [SEVERE ] placing card 74 in slot 1
[2022-12-07 17:17:44] [SEVERE ] placing card 24 in slot 2
[2022-12-07 17:17:44] [SEVERE ] placing card 35 in slot 3
[2022-12-07 17:17:44] [SEVERE ] placing card 36 in slot 4
[2022-12-07 17:17:44] [SEVERE ] placing card 49 in slot 5
[2022-12-07 17:17:44] [SEVERE ] placing card 60 in slot 6
[2022-12-07 17:17:44] [SEVERE ] placing card 28 in slot 7
[2022-12-07 17:17:44] [SEVERE ] placing card 55 in slot 8
[2022-12-07 17:17:44] [SEVERE ] placing card 19 in slot 9
[2022-12-07 17:17:44] [SEVERE ] placing card 50 in slot 10
[2022-12-07 17:17:45] [SEVERE ] placing card 47 in slot 11
[2022-12-07 17:18:15] [SEVERE ] Key 65 was pressed by player 0
[2022-12-07 17:18:15] [SEVERE ] player 0 placing token on slot 4
[2022-12-07 17:18:18] [SEVERE ] Key 86 was pressed by player 0
[2022-12-07 17:18:18] [SEVERE ] player 0 placing token on slot 11
[2022-12-07 17:18:23] [SEVERE ] Key 67 was pressed by player 0
[2022-12-07 17:18:23] [SEVERE ] player 0 placing token on slot 10
[2022-12-07 17:18:23] [INFO   ] Thread main terminated.
