[2022-12-09 14:32:40] [INFO   ] cannot read configuration file config.properties trying from resources.
[2022-12-09 14:32:40] [INFO   ] configuration file was loaded from resources directory.
[2022-12-09 14:32:40] [INFO   ] Thread dealer starting.
[2022-12-09 14:32:40] [INFO   ] Thread Thread-1starting.
[2022-12-09 14:32:40] [INFO   ] Thread Thread-0starting.
[2022-12-09 14:32:40] [SEVERE ] placing card 29 in slot 0
[2022-12-09 14:32:41] [SEVERE ] placing card 45 in slot 1
[2022-12-09 14:32:41] [SEVERE ] placing card 15 in slot 2
[2022-12-09 14:32:41] [SEVERE ] placing card 7 in slot 3
[2022-12-09 14:32:41] [SEVERE ] placing card 3 in slot 4
[2022-12-09 14:32:41] [SEVERE ] placing card 40 in slot 5
[2022-12-09 14:32:41] [SEVERE ] placing card 56 in slot 6
[2022-12-09 14:32:41] [SEVERE ] placing card 0 in slot 7
[2022-12-09 14:32:41] [SEVERE ] placing card 33 in slot 8
[2022-12-09 14:32:41] [SEVERE ] placing card 27 in slot 9
[2022-12-09 14:32:42] [SEVERE ] placing card 38 in slot 10
[2022-12-09 14:32:42] [SEVERE ] placing card 41 in slot 11
[2022-12-09 14:32:44] [SEVERE ] Key 81 was pressed by player 0
[2022-12-09 14:32:44] [SEVERE ] player 0 placing token on slot 0
[2022-12-09 14:32:45] [SEVERE ] Key 87 was pressed by player 0
[2022-12-09 14:32:45] [SEVERE ] player 0 placing token on slot 1
[2022-12-09 14:32:45] [SEVERE ] Key 69 was pressed by player 0
[2022-12-09 14:32:45] [SEVERE ] player 0 placing token on slot 2
[2022-12-09 14:32:45] [SEVERE ] removing player 0 token from slot 0
[2022-12-09 14:32:45] [SEVERE ] removing player 0 token from slot 1
[2022-12-09 14:32:45] [SEVERE ] removing player 0 token from slot 2
[2022-12-09 14:39:57] [SEVERE ] Exit button pressed
