[2022-12-09 16:29:47] [INFO   ] cannot read configuration file config.properties trying from resources.
[2022-12-09 16:29:47] [INFO   ] configuration file was loaded from resources directory.
[2022-12-09 16:29:48] [INFO   ] Thread dealer starting.
[2022-12-09 16:29:48] [INFO   ] Thread Thread-0starting.
[2022-12-09 16:29:48] [INFO   ] Thread Thread-1starting.
[2022-12-09 16:29:48] [SEVERE ] placing card 13 in slot 0
[2022-12-09 16:29:48] [SEVERE ] placing card 21 in slot 1
[2022-12-09 16:29:48] [SEVERE ] placing card 46 in slot 2
[2022-12-09 16:29:48] [SEVERE ] placing card 16 in slot 3
[2022-12-09 16:29:48] [SEVERE ] placing card 49 in slot 4
[2022-12-09 16:29:48] [SEVERE ] placing card 77 in slot 5
[2022-12-09 16:29:48] [SEVERE ] placing card 3 in slot 6
[2022-12-09 16:29:48] [SEVERE ] placing card 42 in slot 7
[2022-12-09 16:29:49] [SEVERE ] placing card 73 in slot 8
[2022-12-09 16:29:49] [SEVERE ] placing card 26 in slot 9
[2022-12-09 16:29:49] [SEVERE ] placing card 52 in slot 10
[2022-12-09 16:29:49] [SEVERE ] placing card 55 in slot 11
[2022-12-09 16:30:15] [SEVERE ] Key 69 was pressed by player 0
[2022-12-09 16:30:15] [SEVERE ] player 0 placing token on slot 2
[2022-12-09 16:30:16] [SEVERE ] Key 67 was pressed by player 0
[2022-12-09 16:30:16] [SEVERE ] player 0 placing token on slot 10
[2022-12-09 16:30:18] [SEVERE ] Key 65 was pressed by player 0
[2022-12-09 16:30:18] [SEVERE ] player 0 placing token on slot 4
[2022-12-09 16:30:18] [SEVERE ] setting player 0 score to 1
[2022-12-09 16:30:18] [SEVERE ] removing tokens from slot 2
[2022-12-09 16:30:18] [SEVERE ] removing card from slot 2
[2022-12-09 16:30:18] [SEVERE ] removing tokens from slot 4
[2022-12-09 16:30:18] [SEVERE ] removing card from slot 4
[2022-12-09 16:30:18] [SEVERE ] removing tokens from slot 10
[2022-12-09 16:30:18] [SEVERE ] removing card from slot 10
[2022-12-09 16:30:18] [SEVERE ] placing card 79 in slot 2
[2022-12-09 16:30:18] [SEVERE ] placing card 29 in slot 4
[2022-12-09 16:30:18] [SEVERE ] placing card 12 in slot 10
[2022-12-09 16:30:23] [SEVERE ] Key 81 was pressed by player 0
[2022-12-09 16:30:23] [SEVERE ] player 0 placing token on slot 0
[2022-12-09 16:30:23] [SEVERE ] Key 87 was pressed by player 0
[2022-12-09 16:30:23] [SEVERE ] player 0 placing token on slot 1
[2022-12-09 16:30:24] [SEVERE ] Key 69 was pressed by player 0
[2022-12-09 16:30:24] [SEVERE ] player 0 placing token on slot 2
[2022-12-09 16:30:24] [SEVERE ] removing player 0 token from slot 0
[2022-12-09 16:30:24] [SEVERE ] removing player 0 token from slot 1
[2022-12-09 16:30:24] [SEVERE ] removing player 0 token from slot 2
[2022-12-09 16:30:26] [SEVERE ] Key 69 was pressed by player 0
[2022-12-09 16:30:27] [SEVERE ] Key 87 was pressed by player 0
[2022-12-09 16:30:27] [SEVERE ] Key 81 was pressed by player 0
[2022-12-09 16:30:27] [SEVERE ] player 0 placing token on slot 0
[2022-12-09 16:30:28] [SEVERE ] Key 87 was pressed by player 0
[2022-12-09 16:30:28] [SEVERE ] player 0 placing token on slot 1
[2022-12-09 16:30:28] [SEVERE ] Key 69 was pressed by player 0
[2022-12-09 16:30:28] [SEVERE ] player 0 placing token on slot 2
[2022-12-09 16:30:28] [SEVERE ] removing player 0 token from slot 0
[2022-12-09 16:30:28] [SEVERE ] removing player 0 token from slot 1
[2022-12-09 16:30:28] [SEVERE ] removing player 0 token from slot 2
[2022-12-09 16:30:29] [SEVERE ] Key 81 was pressed by player 0
[2022-12-09 16:30:29] [SEVERE ] Key 87 was pressed by player 0
[2022-12-09 16:30:29] [SEVERE ] Key 69 was pressed by player 0
[2022-12-09 16:30:30] [SEVERE ] Key 81 was pressed by player 0
[2022-12-09 16:30:30] [SEVERE ] Key 87 was pressed by player 0
[2022-12-09 16:30:30] [SEVERE ] Key 69 was pressed by player 0
[2022-12-09 16:30:30] [SEVERE ] Key 81 was pressed by player 0
[2022-12-09 16:30:30] [SEVERE ] Key 87 was pressed by player 0
[2022-12-09 16:30:30] [SEVERE ] Key 69 was pressed by player 0
[2022-12-09 16:30:31] [SEVERE ] Key 81 was pressed by player 0
[2022-12-09 16:30:31] [SEVERE ] Key 87 was pressed by player 0
[2022-12-09 16:30:31] [SEVERE ] Key 69 was pressed by player 0
[2022-12-09 16:30:31] [SEVERE ] Key 81 was pressed by player 0
[2022-12-09 16:30:31] [SEVERE ] Key 87 was pressed by player 0
[2022-12-09 16:30:31] [SEVERE ] Key 69 was pressed by player 0
[2022-12-09 16:31:18] [SEVERE ] removing tokens from slot 0
[2022-12-09 16:31:18] [SEVERE ] removing card from slot 0
[2022-12-09 16:31:18] [SEVERE ] removing tokens from slot 1
[2022-12-09 16:31:18] [SEVERE ] removing card from slot 1
[2022-12-09 16:31:18] [SEVERE ] removing tokens from slot 2
[2022-12-09 16:31:18] [SEVERE ] removing card from slot 2
[2022-12-09 16:31:18] [SEVERE ] removing tokens from slot 3
[2022-12-09 16:31:18] [SEVERE ] removing card from slot 3
[2022-12-09 16:31:18] [SEVERE ] removing tokens from slot 4
[2022-12-09 16:31:18] [SEVERE ] removing card from slot 4
[2022-12-09 16:31:19] [SEVERE ] removing tokens from slot 5
[2022-12-09 16:31:19] [SEVERE ] removing card from slot 5
[2022-12-09 16:31:19] [SEVERE ] removing tokens from slot 6
[2022-12-09 16:31:19] [SEVERE ] removing card from slot 6
[2022-12-09 16:31:19] [SEVERE ] removing tokens from slot 7
[2022-12-09 16:31:19] [SEVERE ] removing card from slot 7
[2022-12-09 16:31:19] [SEVERE ] removing tokens from slot 8
[2022-12-09 16:31:19] [SEVERE ] removing card from slot 8
[2022-12-09 16:31:19] [SEVERE ] removing tokens from slot 9
[2022-12-09 16:31:19] [SEVERE ] removing card from slot 9
[2022-12-09 16:31:19] [SEVERE ] removing tokens from slot 10
[2022-12-09 16:31:19] [SEVERE ] removing card from slot 10
[2022-12-09 16:31:19] [SEVERE ] removing tokens from slot 11
[2022-12-09 16:31:19] [SEVERE ] removing card from slot 11
[2022-12-09 16:31:19] [SEVERE ] placing card 11 in slot 0
[2022-12-09 16:31:19] [SEVERE ] placing card 39 in slot 1
[2022-12-09 16:31:20] [SEVERE ] placing card 12 in slot 2
[2022-12-09 16:31:20] [SEVERE ] placing card 53 in slot 3
[2022-12-09 16:31:20] [SEVERE ] placing card 28 in slot 4
[2022-12-09 16:31:20] [SEVERE ] placing card 40 in slot 5
[2022-12-09 16:31:20] [SEVERE ] placing card 19 in slot 6
[2022-12-09 16:31:20] [SEVERE ] placing card 3 in slot 7
[2022-12-09 16:31:20] [SEVERE ] placing card 47 in slot 8
[2022-12-09 16:31:20] [SEVERE ] placing card 59 in slot 9
[2022-12-09 16:31:20] [SEVERE ] placing card 29 in slot 10
[2022-12-09 16:31:21] [SEVERE ] placing card 15 in slot 11
[2022-12-09 16:32:21] [SEVERE ] removing tokens from slot 0
[2022-12-09 16:32:21] [SEVERE ] removing card from slot 0
[2022-12-09 16:32:21] [SEVERE ] removing tokens from slot 1
[2022-12-09 16:32:21] [SEVERE ] removing card from slot 1
[2022-12-09 16:32:21] [SEVERE ] removing tokens from slot 2
[2022-12-09 16:32:21] [SEVERE ] removing card from slot 2
[2022-12-09 16:32:21] [SEVERE ] removing tokens from slot 3
[2022-12-09 16:32:21] [SEVERE ] removing card from slot 3
[2022-12-09 16:32:21] [SEVERE ] removing tokens from slot 4
[2022-12-09 16:32:21] [SEVERE ] removing card from slot 4
[2022-12-09 16:32:21] [SEVERE ] removing tokens from slot 5
[2022-12-09 16:32:21] [SEVERE ] removing card from slot 5
[2022-12-09 16:32:21] [SEVERE ] removing tokens from slot 6
[2022-12-09 16:32:21] [SEVERE ] removing card from slot 6
[2022-12-09 16:32:21] [SEVERE ] removing tokens from slot 7
[2022-12-09 16:32:21] [SEVERE ] removing card from slot 7
[2022-12-09 16:32:22] [SEVERE ] removing tokens from slot 8
[2022-12-09 16:32:22] [SEVERE ] removing card from slot 8
[2022-12-09 16:32:22] [SEVERE ] removing tokens from slot 9
[2022-12-09 16:32:22] [SEVERE ] removing card from slot 9
[2022-12-09 16:32:22] [SEVERE ] removing tokens from slot 10
[2022-12-09 16:32:22] [SEVERE ] removing card from slot 10
[2022-12-09 16:32:22] [SEVERE ] removing tokens from slot 11
[2022-12-09 16:32:22] [SEVERE ] removing card from slot 11
[2022-12-09 16:32:22] [SEVERE ] placing card 55 in slot 0
[2022-12-09 16:32:22] [SEVERE ] placing card 38 in slot 1
[2022-12-09 16:32:22] [SEVERE ] placing card 76 in slot 2
[2022-12-09 16:32:22] [SEVERE ] placing card 51 in slot 3
[2022-12-09 16:32:22] [SEVERE ] placing card 1 in slot 4
[2022-12-09 16:32:23] [SEVERE ] placing card 18 in slot 5
[2022-12-09 16:32:23] [SEVERE ] placing card 80 in slot 6
[2022-12-09 16:32:23] [SEVERE ] placing card 5 in slot 7
[2022-12-09 16:32:23] [SEVERE ] placing card 54 in slot 8
[2022-12-09 16:32:23] [SEVERE ] placing card 9 in slot 9
[2022-12-09 16:32:23] [SEVERE ] placing card 34 in slot 10
[2022-12-09 16:32:23] [SEVERE ] placing card 72 in slot 11
[2022-12-09 16:33:23] [SEVERE ] removing tokens from slot 0
[2022-12-09 16:33:23] [SEVERE ] removing card from slot 0
[2022-12-09 16:33:23] [SEVERE ] removing tokens from slot 1
[2022-12-09 16:33:23] [SEVERE ] removing card from slot 1
[2022-12-09 16:33:24] [SEVERE ] removing tokens from slot 2
[2022-12-09 16:33:24] [SEVERE ] removing card from slot 2
[2022-12-09 16:33:24] [SEVERE ] removing tokens from slot 3
[2022-12-09 16:33:24] [SEVERE ] removing card from slot 3
[2022-12-09 16:33:24] [SEVERE ] removing tokens from slot 4
[2022-12-09 16:33:24] [SEVERE ] removing card from slot 4
[2022-12-09 16:33:24] [SEVERE ] removing tokens from slot 5
[2022-12-09 16:33:24] [SEVERE ] removing card from slot 5
[2022-12-09 16:33:24] [SEVERE ] removing tokens from slot 6
[2022-12-09 16:33:24] [SEVERE ] removing card from slot 6
[2022-12-09 16:33:24] [SEVERE ] removing tokens from slot 7
[2022-12-09 16:33:24] [SEVERE ] removing card from slot 7
[2022-12-09 16:33:24] [SEVERE ] removing tokens from slot 8
[2022-12-09 16:33:24] [SEVERE ] removing card from slot 8
[2022-12-09 16:33:24] [SEVERE ] removing tokens from slot 9
[2022-12-09 16:33:24] [SEVERE ] removing card from slot 9
[2022-12-09 16:33:24] [SEVERE ] removing tokens from slot 10
[2022-12-09 16:33:24] [SEVERE ] removing card from slot 10
[2022-12-09 16:33:25] [SEVERE ] removing tokens from slot 11
[2022-12-09 16:33:25] [SEVERE ] removing card from slot 11
[2022-12-09 16:33:25] [SEVERE ] placing card 8 in slot 0
[2022-12-09 16:33:25] [SEVERE ] placing card 71 in slot 1
[2022-12-09 16:33:25] [SEVERE ] placing card 1 in slot 2
[2022-12-09 16:33:25] [SEVERE ] placing card 64 in slot 3
[2022-12-09 16:33:25] [SEVERE ] placing card 43 in slot 4
[2022-12-09 16:33:25] [SEVERE ] placing card 24 in slot 5
[2022-12-09 16:33:25] [SEVERE ] placing card 22 in slot 6
[2022-12-09 16:33:26] [SEVERE ] placing card 34 in slot 7
[2022-12-09 16:33:26] [SEVERE ] placing card 79 in slot 8
[2022-12-09 16:33:26] [SEVERE ] placing card 48 in slot 9
[2022-12-09 16:33:26] [SEVERE ] placing card 45 in slot 10
[2022-12-09 16:33:26] [SEVERE ] placing card 58 in slot 11
[2022-12-09 16:34:26] [SEVERE ] removing tokens from slot 0
[2022-12-09 16:34:26] [SEVERE ] removing card from slot 0
[2022-12-09 16:34:26] [SEVERE ] removing tokens from slot 1
[2022-12-09 16:34:26] [SEVERE ] removing card from slot 1
[2022-12-09 16:34:26] [SEVERE ] removing tokens from slot 2
[2022-12-09 16:34:26] [SEVERE ] removing card from slot 2
[2022-12-09 16:34:26] [SEVERE ] removing tokens from slot 3
[2022-12-09 16:34:26] [SEVERE ] removing card from slot 3
[2022-12-09 16:34:27] [SEVERE ] removing tokens from slot 4
[2022-12-09 16:34:27] [SEVERE ] removing card from slot 4
[2022-12-09 16:34:27] [SEVERE ] removing tokens from slot 5
[2022-12-09 16:34:27] [SEVERE ] removing card from slot 5
[2022-12-09 16:34:27] [SEVERE ] removing tokens from slot 6
[2022-12-09 16:34:27] [SEVERE ] removing card from slot 6
[2022-12-09 16:34:27] [SEVERE ] removing tokens from slot 7
[2022-12-09 16:34:27] [SEVERE ] removing card from slot 7
[2022-12-09 16:34:27] [SEVERE ] removing tokens from slot 8
[2022-12-09 16:34:27] [SEVERE ] removing card from slot 8
[2022-12-09 16:34:27] [SEVERE ] removing tokens from slot 9
[2022-12-09 16:34:27] [SEVERE ] removing card from slot 9
[2022-12-09 16:34:27] [SEVERE ] removing tokens from slot 10
[2022-12-09 16:34:27] [SEVERE ] removing card from slot 10
[2022-12-09 16:34:27] [SEVERE ] removing tokens from slot 11
[2022-12-09 16:34:27] [SEVERE ] removing card from slot 11
[2022-12-09 16:34:27] [SEVERE ] placing card 60 in slot 0
[2022-12-09 16:34:28] [SEVERE ] placing card 39 in slot 1
[2022-12-09 16:34:28] [SEVERE ] placing card 18 in slot 2
[2022-12-09 16:34:28] [SEVERE ] placing card 72 in slot 3
[2022-12-09 16:34:28] [SEVERE ] placing card 69 in slot 4
[2022-12-09 16:34:28] [SEVERE ] placing card 16 in slot 5
[2022-12-09 16:34:28] [SEVERE ] placing card 15 in slot 6
[2022-12-09 16:34:28] [SEVERE ] placing card 62 in slot 7
[2022-12-09 16:34:28] [SEVERE ] placing card 42 in slot 8
[2022-12-09 16:34:28] [SEVERE ] placing card 48 in slot 9
[2022-12-09 16:34:29] [SEVERE ] placing card 37 in slot 10
[2022-12-09 16:34:29] [SEVERE ] placing card 27 in slot 11
