[2022-12-09 15:51:08] [INFO   ] cannot read configuration file config.properties trying from resources.
[2022-12-09 15:51:08] [INFO   ] configuration file was loaded from resources directory.
[2022-12-09 15:51:08] [INFO   ] Thread dealer starting.
[2022-12-09 15:51:08] [INFO   ] Thread Thread-0starting.
[2022-12-09 15:51:08] [INFO   ] Thread Thread-1starting.
[2022-12-09 15:51:09] [SEVERE ] placing card 39 in slot 0
[2022-12-09 15:51:09] [SEVERE ] placing card 65 in slot 1
[2022-12-09 15:51:09] [SEVERE ] placing card 10 in slot 2
[2022-12-09 15:51:09] [SEVERE ] placing card 42 in slot 3
[2022-12-09 15:51:09] [SEVERE ] placing card 54 in slot 4
[2022-12-09 15:51:09] [SEVERE ] placing card 52 in slot 5
[2022-12-09 15:51:09] [SEVERE ] placing card 8 in slot 6
[2022-12-09 15:51:09] [SEVERE ] placing card 0 in slot 7
[2022-12-09 15:51:10] [SEVERE ] placing card 34 in slot 8
[2022-12-09 15:51:10] [SEVERE ] placing card 1 in slot 9
[2022-12-09 15:51:10] [SEVERE ] placing card 70 in slot 10
[2022-12-09 15:51:10] [SEVERE ] placing card 18 in slot 11
[2022-12-09 15:51:10] [SEVERE ] Key 81 was pressed by player 0
[2022-12-09 15:51:10] [SEVERE ] player 0 placing token on slot 0
[2022-12-09 15:51:11] [SEVERE ] Key 87 was pressed by player 0
[2022-12-09 15:51:11] [SEVERE ] player 0 placing token on slot 1
[2022-12-09 15:51:11] [SEVERE ] Key 69 was pressed by player 0
[2022-12-09 15:51:11] [SEVERE ] player 0 placing token on slot 2
[2022-12-09 15:51:11] [SEVERE ] removing player 0 token from slot 0
[2022-12-09 15:51:11] [SEVERE ] removing player 0 token from slot 1
[2022-12-09 15:51:11] [SEVERE ] removing player 0 token from slot 2
[2022-12-09 15:51:12] [SEVERE ] Key 65 was pressed by player 0
[2022-12-09 15:51:13] [SEVERE ] Key 83 was pressed by player 0
[2022-12-09 15:51:13] [SEVERE ] Key 68 was pressed by player 0
[2022-12-09 15:51:14] [SEVERE ] Key 65 was pressed by player 0
[2022-12-09 15:51:14] [SEVERE ] Key 83 was pressed by player 0
[2022-12-09 15:51:14] [SEVERE ] player 0 placing token on slot 5
[2022-12-09 15:51:15] [SEVERE ] Key 68 was pressed by player 0
[2022-12-09 15:51:15] [SEVERE ] player 0 placing token on slot 6
[2022-12-09 15:51:15] [SEVERE ] Key 65 was pressed by player 0
[2022-12-09 15:51:15] [SEVERE ] player 0 placing token on slot 4
[2022-12-09 15:51:15] [SEVERE ] removing player 0 token from slot 4
[2022-12-09 15:51:15] [SEVERE ] removing player 0 token from slot 5
[2022-12-09 15:51:15] [SEVERE ] removing player 0 token from slot 6
[2022-12-09 15:51:18] [SEVERE ] Key 76 was pressed by player 1
[2022-12-09 15:51:18] [SEVERE ] player 1 placing token on slot 6
[2022-12-09 15:51:19] [SEVERE ] Key 75 was pressed by player 1
[2022-12-09 15:51:19] [SEVERE ] player 1 placing token on slot 5
[2022-12-09 15:51:19] [SEVERE ] Key 74 was pressed by player 1
[2022-12-09 15:51:19] [SEVERE ] player 1 placing token on slot 4
[2022-12-09 15:51:19] [SEVERE ] removing player 1 token from slot 4
[2022-12-09 15:51:19] [SEVERE ] removing player 1 token from slot 5
[2022-12-09 15:51:19] [SEVERE ] removing player 1 token from slot 6
[2022-12-09 15:51:20] [SEVERE ] Key 59 was pressed by player 1
[2022-12-09 15:51:21] [SEVERE ] Key 76 was pressed by player 1
[2022-12-09 15:51:21] [SEVERE ] Key 75 was pressed by player 1
[2022-12-09 15:51:22] [SEVERE ] Key 59 was pressed by player 1
[2022-12-09 15:51:22] [SEVERE ] Key 76 was pressed by player 1
[2022-12-09 15:51:22] [SEVERE ] Key 75 was pressed by player 1
[2022-12-09 15:51:22] [SEVERE ] player 1 placing token on slot 5
[2022-12-09 15:51:23] [SEVERE ] Key 76 was pressed by player 1
[2022-12-09 15:51:23] [SEVERE ] player 1 placing token on slot 6
[2022-12-09 15:51:23] [SEVERE ] Key 59 was pressed by player 1
[2022-12-09 15:51:23] [SEVERE ] player 1 placing token on slot 7
[2022-12-09 15:51:23] [SEVERE ] removing player 1 token from slot 5
[2022-12-09 15:51:23] [SEVERE ] removing player 1 token from slot 6
[2022-12-09 15:51:23] [SEVERE ] removing player 1 token from slot 7
[2022-12-09 15:52:10] [SEVERE ] removing tokens from slot 0
[2022-12-09 15:52:10] [SEVERE ] removing card from slot 0
[2022-12-09 15:52:10] [SEVERE ] removing tokens from slot 1
[2022-12-09 15:52:10] [SEVERE ] removing card from slot 1
[2022-12-09 15:52:10] [SEVERE ] removing tokens from slot 2
[2022-12-09 15:52:10] [SEVERE ] removing card from slot 2
[2022-12-09 15:52:10] [SEVERE ] removing tokens from slot 3
[2022-12-09 15:52:10] [SEVERE ] removing card from slot 3
[2022-12-09 15:52:10] [SEVERE ] removing tokens from slot 4
[2022-12-09 15:52:10] [SEVERE ] removing card from slot 4
[2022-12-09 15:52:11] [SEVERE ] removing tokens from slot 5
[2022-12-09 15:52:11] [SEVERE ] removing card from slot 5
[2022-12-09 15:52:11] [SEVERE ] removing tokens from slot 6
[2022-12-09 15:52:11] [SEVERE ] removing card from slot 6
[2022-12-09 15:52:11] [SEVERE ] removing tokens from slot 7
[2022-12-09 15:52:11] [SEVERE ] removing card from slot 7
[2022-12-09 15:52:11] [SEVERE ] removing tokens from slot 8
[2022-12-09 15:52:11] [SEVERE ] removing card from slot 8
[2022-12-09 15:52:11] [SEVERE ] removing tokens from slot 9
[2022-12-09 15:52:11] [SEVERE ] removing card from slot 9
[2022-12-09 15:52:11] [SEVERE ] removing tokens from slot 10
[2022-12-09 15:52:11] [SEVERE ] removing card from slot 10
[2022-12-09 15:52:11] [SEVERE ] removing tokens from slot 11
[2022-12-09 15:52:11] [SEVERE ] removing card from slot 11
[2022-12-09 15:52:11] [SEVERE ] placing card 63 in slot 0
[2022-12-09 15:52:11] [SEVERE ] placing card 44 in slot 1
[2022-12-09 15:52:12] [SEVERE ] placing card 13 in slot 2
[2022-12-09 15:52:12] [SEVERE ] placing card 17 in slot 3
[2022-12-09 15:52:12] [SEVERE ] placing card 41 in slot 4
[2022-12-09 15:52:12] [SEVERE ] placing card 78 in slot 5
[2022-12-09 15:52:12] [SEVERE ] placing card 32 in slot 6
[2022-12-09 15:52:12] [SEVERE ] placing card 23 in slot 7
[2022-12-09 15:52:12] [SEVERE ] placing card 74 in slot 8
[2022-12-09 15:52:12] [SEVERE ] placing card 4 in slot 9
[2022-12-09 15:52:12] [SEVERE ] placing card 36 in slot 10
[2022-12-09 15:52:13] [SEVERE ] placing card 27 in slot 11
[2022-12-09 15:53:13] [SEVERE ] removing tokens from slot 0
[2022-12-09 15:53:13] [SEVERE ] removing card from slot 0
[2022-12-09 15:53:13] [SEVERE ] removing tokens from slot 1
[2022-12-09 15:53:13] [SEVERE ] removing card from slot 1
[2022-12-09 15:53:13] [SEVERE ] removing tokens from slot 2
[2022-12-09 15:53:13] [SEVERE ] removing card from slot 2
[2022-12-09 15:53:13] [SEVERE ] removing tokens from slot 3
[2022-12-09 15:53:13] [SEVERE ] removing card from slot 3
[2022-12-09 15:53:13] [SEVERE ] removing tokens from slot 4
[2022-12-09 15:53:13] [SEVERE ] removing card from slot 4
[2022-12-09 15:53:13] [SEVERE ] removing tokens from slot 5
[2022-12-09 15:53:13] [SEVERE ] removing card from slot 5
[2022-12-09 15:53:13] [SEVERE ] removing tokens from slot 6
[2022-12-09 15:53:13] [SEVERE ] removing card from slot 6
[2022-12-09 15:53:13] [SEVERE ] removing tokens from slot 7
[2022-12-09 15:53:13] [SEVERE ] removing card from slot 7
[2022-12-09 15:53:14] [SEVERE ] removing tokens from slot 8
[2022-12-09 15:53:14] [SEVERE ] removing card from slot 8
[2022-12-09 15:53:14] [SEVERE ] removing tokens from slot 9
[2022-12-09 15:53:14] [SEVERE ] removing card from slot 9
[2022-12-09 15:53:14] [SEVERE ] removing tokens from slot 10
[2022-12-09 15:53:14] [SEVERE ] removing card from slot 10
[2022-12-09 15:53:14] [SEVERE ] removing tokens from slot 11
[2022-12-09 15:53:14] [SEVERE ] removing card from slot 11
[2022-12-09 15:53:14] [SEVERE ] placing card 8 in slot 0
[2022-12-09 15:53:14] [SEVERE ] placing card 47 in slot 1
[2022-12-09 15:53:14] [SEVERE ] placing card 12 in slot 2
[2022-12-09 15:53:14] [SEVERE ] placing card 13 in slot 3
[2022-12-09 15:53:14] [SEVERE ] placing card 78 in slot 4
[2022-12-09 15:53:15] [SEVERE ] placing card 1 in slot 5
[2022-12-09 15:53:15] [SEVERE ] placing card 26 in slot 6
[2022-12-09 15:53:15] [SEVERE ] placing card 42 in slot 7
[2022-12-09 15:53:15] [SEVERE ] placing card 37 in slot 8
[2022-12-09 15:53:15] [SEVERE ] placing card 32 in slot 9
[2022-12-09 15:53:15] [SEVERE ] placing card 14 in slot 10
[2022-12-09 15:53:15] [SEVERE ] placing card 57 in slot 11
[2022-12-09 15:54:15] [SEVERE ] removing tokens from slot 0
[2022-12-09 15:54:15] [SEVERE ] removing card from slot 0
[2022-12-09 15:54:15] [SEVERE ] removing tokens from slot 1
[2022-12-09 15:54:15] [SEVERE ] removing card from slot 1
[2022-12-09 15:54:16] [SEVERE ] removing tokens from slot 2
[2022-12-09 15:54:16] [SEVERE ] removing card from slot 2
[2022-12-09 15:54:16] [SEVERE ] removing tokens from slot 3
[2022-12-09 15:54:16] [SEVERE ] removing card from slot 3
[2022-12-09 15:54:16] [SEVERE ] removing tokens from slot 4
[2022-12-09 15:54:16] [SEVERE ] removing card from slot 4
[2022-12-09 15:54:16] [SEVERE ] removing tokens from slot 5
[2022-12-09 15:54:16] [SEVERE ] removing card from slot 5
[2022-12-09 15:54:16] [SEVERE ] removing tokens from slot 6
[2022-12-09 15:54:16] [SEVERE ] removing card from slot 6
[2022-12-09 15:54:16] [SEVERE ] removing tokens from slot 7
[2022-12-09 15:54:16] [SEVERE ] removing card from slot 7
[2022-12-09 15:54:16] [SEVERE ] removing tokens from slot 8
[2022-12-09 15:54:16] [SEVERE ] removing card from slot 8
[2022-12-09 15:54:16] [SEVERE ] removing tokens from slot 9
[2022-12-09 15:54:16] [SEVERE ] removing card from slot 9
[2022-12-09 15:54:16] [SEVERE ] removing tokens from slot 10
[2022-12-09 15:54:16] [SEVERE ] removing card from slot 10
[2022-12-09 15:54:17] [SEVERE ] removing tokens from slot 11
[2022-12-09 15:54:17] [SEVERE ] removing card from slot 11
[2022-12-09 15:54:17] [SEVERE ] placing card 20 in slot 0
[2022-12-09 15:54:17] [SEVERE ] placing card 61 in slot 1
[2022-12-09 15:54:17] [SEVERE ] placing card 75 in slot 2
[2022-12-09 15:54:17] [SEVERE ] placing card 64 in slot 3
[2022-12-09 15:54:17] [SEVERE ] placing card 39 in slot 4
[2022-12-09 15:54:17] [SEVERE ] placing card 41 in slot 5
[2022-12-09 15:54:17] [SEVERE ] placing card 52 in slot 6
[2022-12-09 15:54:17] [SEVERE ] placing card 63 in slot 7
[2022-12-09 15:54:18] [SEVERE ] placing card 44 in slot 8
[2022-12-09 15:54:18] [SEVERE ] placing card 74 in slot 9
[2022-12-09 15:54:18] [SEVERE ] placing card 18 in slot 10
[2022-12-09 15:54:18] [SEVERE ] placing card 78 in slot 11
