[2022-12-09 14:19:44] [INFO   ] cannot read configuration file config.properties trying from resources.
[2022-12-09 14:19:44] [INFO   ] configuration file was loaded from resources directory.
[2022-12-09 14:19:45] [INFO   ] Thread dealer starting.
[2022-12-09 14:19:45] [INFO   ] Thread Thread-1starting.
[2022-12-09 14:19:45] [INFO   ] Thread Thread-0starting.
[2022-12-09 14:19:45] [SEVERE ] placing card 12 in slot 0
[2022-12-09 14:19:45] [SEVERE ] placing card 70 in slot 1
[2022-12-09 14:19:45] [SEVERE ] placing card 52 in slot 2
[2022-12-09 14:19:45] [SEVERE ] placing card 46 in slot 3
[2022-12-09 14:19:46] [SEVERE ] placing card 26 in slot 4
[2022-12-09 14:19:46] [SEVERE ] placing card 69 in slot 5
[2022-12-09 14:19:46] [SEVERE ] placing card 37 in slot 6
[2022-12-09 14:19:46] [SEVERE ] placing card 41 in slot 7
[2022-12-09 14:19:46] [SEVERE ] placing card 58 in slot 8
[2022-12-09 14:19:46] [SEVERE ] placing card 33 in slot 9
[2022-12-09 14:19:46] [SEVERE ] placing card 34 in slot 10
[2022-12-09 14:19:46] [SEVERE ] placing card 5 in slot 11
[2022-12-09 14:19:55] [SEVERE ] Key 81 was pressed by player 0
[2022-12-09 14:19:55] [SEVERE ] player 0 placing token on slot 0
[2022-12-09 14:19:56] [SEVERE ] Key 87 was pressed by player 0
[2022-12-09 14:19:56] [SEVERE ] player 0 placing token on slot 1
[2022-12-09 14:19:57] [SEVERE ] Key 69 was pressed by player 0
[2022-12-09 14:19:57] [SEVERE ] player 0 placing token on slot 2
[2022-12-09 14:27:39] [SEVERE ] Exit button pressed
