[2022-12-09 14:31:23] [INFO   ] cannot read configuration file config.properties trying from resources.
[2022-12-09 14:31:23] [INFO   ] configuration file was loaded from resources directory.
[2022-12-09 14:31:25] [INFO   ] Thread Thread-0starting.
[2022-12-09 14:31:25] [INFO   ] Thread Thread-1starting.
[2022-12-09 14:31:25] [INFO   ] Thread dealer starting.
[2022-12-09 14:31:25] [SEVERE ] placing card 22 in slot 0
[2022-12-09 14:31:25] [SEVERE ] placing card 4 in slot 1
[2022-12-09 14:31:25] [SEVERE ] placing card 12 in slot 2
[2022-12-09 14:31:25] [SEVERE ] placing card 52 in slot 3
[2022-12-09 14:31:25] [SEVERE ] placing card 23 in slot 4
[2022-12-09 14:31:25] [SEVERE ] placing card 26 in slot 5
[2022-12-09 14:31:26] [SEVERE ] placing card 70 in slot 6
[2022-12-09 14:31:26] [SEVERE ] placing card 8 in slot 7
[2022-12-09 14:31:26] [SEVERE ] placing card 58 in slot 8
[2022-12-09 14:31:26] [SEVERE ] placing card 35 in slot 9
[2022-12-09 14:31:26] [SEVERE ] placing card 37 in slot 10
[2022-12-09 14:31:26] [SEVERE ] placing card 24 in slot 11
[2022-12-09 14:31:29] [SEVERE ] Key 81 was pressed by player 0
[2022-12-09 14:31:29] [SEVERE ] player 0 placing token on slot 0
[2022-12-09 14:31:29] [SEVERE ] Key 87 was pressed by player 0
[2022-12-09 14:31:29] [SEVERE ] player 0 placing token on slot 1
[2022-12-09 14:31:29] [SEVERE ] Key 69 was pressed by player 0
[2022-12-09 14:31:29] [SEVERE ] player 0 placing token on slot 2
[2022-12-09 14:31:30] [INFO   ] Thread main terminated.
[2022-12-09 14:31:30] [SEVERE ] removing player 0 token from slot 0
