[2022-12-09 14:34:04] [INFO   ] cannot read configuration file config.properties trying from resources.
[2022-12-09 14:34:04] [INFO   ] configuration file was loaded from resources directory.
[2022-12-09 14:34:05] [INFO   ] Thread dealer starting.
[2022-12-09 14:34:05] [INFO   ] Thread Thread-0starting.
[2022-12-09 14:34:05] [INFO   ] Thread Thread-1starting.
[2022-12-09 14:34:06] [SEVERE ] placing card 30 in slot 0
[2022-12-09 14:34:06] [SEVERE ] placing card 21 in slot 1
[2022-12-09 14:34:06] [SEVERE ] placing card 22 in slot 2
[2022-12-09 14:34:06] [SEVERE ] placing card 67 in slot 3
[2022-12-09 14:34:06] [SEVERE ] placing card 49 in slot 4
[2022-12-09 14:34:06] [SEVERE ] placing card 66 in slot 5
[2022-12-09 14:34:06] [SEVERE ] placing card 6 in slot 6
[2022-12-09 14:34:06] [SEVERE ] placing card 76 in slot 7
[2022-12-09 14:34:07] [SEVERE ] placing card 34 in slot 8
[2022-12-09 14:34:07] [SEVERE ] placing card 75 in slot 9
[2022-12-09 14:34:07] [SEVERE ] placing card 61 in slot 10
[2022-12-09 14:34:07] [SEVERE ] placing card 73 in slot 11
[2022-12-09 14:34:10] [SEVERE ] Key 81 was pressed by player 0
[2022-12-09 14:34:10] [SEVERE ] player 0 placing token on slot 0
[2022-12-09 14:34:10] [SEVERE ] Key 87 was pressed by player 0
[2022-12-09 14:34:10] [SEVERE ] player 0 placing token on slot 1
[2022-12-09 14:34:11] [SEVERE ] Key 69 was pressed by player 0
[2022-12-09 14:34:11] [SEVERE ] player 0 placing token on slot 2
[2022-12-09 14:34:12] [SEVERE ] removing player 0 token from slot 0
[2022-12-09 14:34:12] [SEVERE ] removing player 0 token from slot 1
[2022-12-09 14:34:12] [SEVERE ] removing player 0 token from slot 2
