[2022-12-09 13:22:42] [INFO   ] cannot read configuration file config.properties trying from resources.
[2022-12-09 13:22:42] [INFO   ] configuration file was loaded from resources directory.
[2022-12-09 13:22:42] [INFO   ] Thread dealer starting.
[2022-12-09 13:22:42] [INFO   ] Thread Thread-1starting.
[2022-12-09 13:22:42] [INFO   ] Thread Thread-0starting.
[2022-12-09 13:22:42] [SEVERE ] placing card 21 in slot 0
[2022-12-09 13:22:43] [SEVERE ] placing card 29 in slot 1
[2022-12-09 13:22:43] [SEVERE ] placing card 20 in slot 2
[2022-12-09 13:22:43] [SEVERE ] placing card 30 in slot 3
[2022-12-09 13:22:43] [SEVERE ] placing card 65 in slot 4
[2022-12-09 13:22:43] [SEVERE ] placing card 37 in slot 5
[2022-12-09 13:22:43] [SEVERE ] placing card 31 in slot 6
[2022-12-09 13:22:43] [SEVERE ] placing card 64 in slot 7
[2022-12-09 13:22:43] [SEVERE ] placing card 28 in slot 8
[2022-12-09 13:22:44] [SEVERE ] placing card 55 in slot 9
[2022-12-09 13:22:44] [SEVERE ] placing card 63 in slot 10
[2022-12-09 13:22:44] [SEVERE ] placing card 74 in slot 11
[2022-12-09 13:23:44] [SEVERE ] removing tokens from slot 0
[2022-12-09 13:23:44] [SEVERE ] removing card from slot 0
[2022-12-09 13:23:44] [SEVERE ] removing tokens from slot 1
[2022-12-09 13:23:44] [SEVERE ] removing card from slot 1
[2022-12-09 13:23:44] [SEVERE ] removing tokens from slot 2
[2022-12-09 13:23:44] [SEVERE ] removing card from slot 2
[2022-12-09 13:23:44] [SEVERE ] removing tokens from slot 3
[2022-12-09 13:23:44] [SEVERE ] removing card from slot 3
[2022-12-09 13:23:44] [SEVERE ] removing tokens from slot 4
[2022-12-09 13:23:44] [SEVERE ] removing card from slot 4
[2022-12-09 13:23:44] [SEVERE ] removing tokens from slot 5
[2022-12-09 13:23:44] [SEVERE ] removing card from slot 5
[2022-12-09 13:23:45] [SEVERE ] removing tokens from slot 6
[2022-12-09 13:23:45] [SEVERE ] removing card from slot 6
[2022-12-09 13:23:45] [SEVERE ] removing tokens from slot 7
[2022-12-09 13:23:45] [SEVERE ] removing card from slot 7
[2022-12-09 13:23:45] [SEVERE ] removing tokens from slot 8
[2022-12-09 13:23:45] [SEVERE ] removing card from slot 8
[2022-12-09 13:23:45] [SEVERE ] removing tokens from slot 9
[2022-12-09 13:23:45] [SEVERE ] removing card from slot 9
[2022-12-09 13:23:45] [SEVERE ] removing tokens from slot 10
[2022-12-09 13:23:45] [SEVERE ] removing card from slot 10
[2022-12-09 13:23:45] [SEVERE ] removing tokens from slot 11
[2022-12-09 13:23:45] [SEVERE ] removing card from slot 11
[2022-12-09 13:23:45] [SEVERE ] placing card 7 in slot 0
[2022-12-09 13:23:45] [SEVERE ] placing card 64 in slot 1
[2022-12-09 13:23:45] [SEVERE ] placing card 67 in slot 2
[2022-12-09 13:23:46] [SEVERE ] placing card 6 in slot 3
[2022-12-09 13:23:46] [SEVERE ] placing card 61 in slot 4
[2022-12-09 13:23:46] [SEVERE ] placing card 31 in slot 5
[2022-12-09 13:23:46] [SEVERE ] placing card 20 in slot 6
[2022-12-09 13:23:46] [SEVERE ] placing card 42 in slot 7
[2022-12-09 13:23:46] [SEVERE ] placing card 41 in slot 8
[2022-12-09 13:23:46] [SEVERE ] placing card 76 in slot 9
[2022-12-09 13:23:46] [SEVERE ] placing card 45 in slot 10
[2022-12-09 13:23:46] [SEVERE ] placing card 72 in slot 11
[2022-12-09 13:24:47] [SEVERE ] removing tokens from slot 0
[2022-12-09 13:24:47] [SEVERE ] removing card from slot 0
[2022-12-09 13:24:47] [SEVERE ] removing tokens from slot 1
[2022-12-09 13:24:47] [SEVERE ] removing card from slot 1
[2022-12-09 13:24:47] [SEVERE ] removing tokens from slot 2
[2022-12-09 13:24:47] [SEVERE ] removing card from slot 2
[2022-12-09 13:24:47] [SEVERE ] removing tokens from slot 3
[2022-12-09 13:24:47] [SEVERE ] removing card from slot 3
[2022-12-09 13:24:47] [SEVERE ] removing tokens from slot 4
[2022-12-09 13:24:47] [SEVERE ] removing card from slot 4
[2022-12-09 13:24:47] [SEVERE ] removing tokens from slot 5
[2022-12-09 13:24:47] [SEVERE ] removing card from slot 5
[2022-12-09 13:24:47] [SEVERE ] removing tokens from slot 6
[2022-12-09 13:24:47] [SEVERE ] removing card from slot 6
[2022-12-09 13:24:47] [SEVERE ] removing tokens from slot 7
[2022-12-09 13:24:47] [SEVERE ] removing card from slot 7
[2022-12-09 13:24:47] [SEVERE ] removing tokens from slot 8
[2022-12-09 13:24:47] [SEVERE ] removing card from slot 8
[2022-12-09 13:24:48] [SEVERE ] removing tokens from slot 9
[2022-12-09 13:24:48] [SEVERE ] removing card from slot 9
[2022-12-09 13:24:48] [SEVERE ] removing tokens from slot 10
[2022-12-09 13:24:48] [SEVERE ] removing card from slot 10
[2022-12-09 13:24:48] [SEVERE ] removing tokens from slot 11
[2022-12-09 13:24:48] [SEVERE ] removing card from slot 11
[2022-12-09 13:24:48] [SEVERE ] placing card 40 in slot 0
[2022-12-09 13:24:48] [SEVERE ] placing card 24 in slot 1
[2022-12-09 13:24:48] [SEVERE ] placing card 44 in slot 2
[2022-12-09 13:24:48] [SEVERE ] placing card 34 in slot 3
[2022-12-09 13:24:48] [SEVERE ] placing card 46 in slot 4
[2022-12-09 13:24:48] [SEVERE ] placing card 16 in slot 5
[2022-12-09 13:24:49] [SEVERE ] placing card 49 in slot 6
[2022-12-09 13:24:49] [SEVERE ] placing card 20 in slot 7
[2022-12-09 13:24:49] [SEVERE ] placing card 79 in slot 8
[2022-12-09 13:24:49] [SEVERE ] placing card 38 in slot 9
[2022-12-09 13:24:49] [SEVERE ] placing card 13 in slot 10
[2022-12-09 13:24:49] [SEVERE ] placing card 36 in slot 11
