[2022-12-09 13:28:08] [INFO   ] cannot read configuration file config.properties trying from resources.
[2022-12-09 13:28:08] [INFO   ] configuration file was loaded from resources directory.
[2022-12-09 13:28:09] [INFO   ] Thread Thread-0starting.
[2022-12-09 13:28:09] [INFO   ] Thread Thread-1starting.
[2022-12-09 13:28:09] [INFO   ] Thread dealer starting.
[2022-12-09 13:28:09] [SEVERE ] placing card 53 in slot 0
[2022-12-09 13:28:09] [SEVERE ] placing card 8 in slot 1
[2022-12-09 13:28:09] [SEVERE ] placing card 19 in slot 2
[2022-12-09 13:28:09] [SEVERE ] placing card 44 in slot 3
[2022-12-09 13:28:09] [SEVERE ] placing card 54 in slot 4
[2022-12-09 13:28:09] [SEVERE ] placing card 62 in slot 5
[2022-12-09 13:28:10] [SEVERE ] placing card 63 in slot 6
[2022-12-09 13:28:10] [SEVERE ] placing card 36 in slot 7
[2022-12-09 13:28:10] [SEVERE ] placing card 49 in slot 8
[2022-12-09 13:28:10] [SEVERE ] placing card 35 in slot 9
[2022-12-09 13:28:10] [SEVERE ] placing card 12 in slot 10
[2022-12-09 13:28:10] [SEVERE ] placing card 60 in slot 11
[2022-12-09 13:29:31] [SEVERE ] removing tokens from slot 0
[2022-12-09 13:29:31] [SEVERE ] removing card from slot 0
[2022-12-09 13:29:31] [SEVERE ] removing tokens from slot 1
[2022-12-09 13:29:31] [SEVERE ] removing card from slot 1
[2022-12-09 13:29:31] [SEVERE ] removing tokens from slot 2
[2022-12-09 13:29:32] [SEVERE ] removing card from slot 2
[2022-12-09 13:29:32] [SEVERE ] removing tokens from slot 3
[2022-12-09 13:29:32] [SEVERE ] removing card from slot 3
[2022-12-09 13:29:32] [SEVERE ] removing tokens from slot 4
[2022-12-09 13:29:32] [SEVERE ] removing card from slot 4
[2022-12-09 13:29:32] [SEVERE ] removing tokens from slot 5
[2022-12-09 13:29:32] [SEVERE ] removing card from slot 5
[2022-12-09 13:29:32] [SEVERE ] removing tokens from slot 6
[2022-12-09 13:29:32] [SEVERE ] removing card from slot 6
[2022-12-09 13:29:32] [SEVERE ] removing tokens from slot 7
[2022-12-09 13:29:32] [SEVERE ] removing card from slot 7
[2022-12-09 13:29:32] [SEVERE ] removing tokens from slot 8
[2022-12-09 13:29:32] [SEVERE ] removing card from slot 8
[2022-12-09 13:29:32] [SEVERE ] removing tokens from slot 9
[2022-12-09 13:29:32] [SEVERE ] removing card from slot 9
[2022-12-09 13:29:32] [SEVERE ] removing tokens from slot 10
[2022-12-09 13:29:32] [SEVERE ] removing card from slot 10
[2022-12-09 13:29:33] [SEVERE ] removing tokens from slot 11
[2022-12-09 13:29:33] [SEVERE ] removing card from slot 11
[2022-12-09 13:29:38] [SEVERE ] placing card 60 in slot 0
[2022-12-09 13:29:38] [SEVERE ] placing card 61 in slot 1
[2022-12-09 13:29:39] [SEVERE ] placing card 54 in slot 2
[2022-12-09 13:29:39] [SEVERE ] placing card 72 in slot 3
[2022-12-09 13:29:39] [SEVERE ] placing card 9 in slot 4
[2022-12-09 13:29:39] [SEVERE ] placing card 11 in slot 5
[2022-12-09 13:29:39] [SEVERE ] placing card 1 in slot 6
[2022-12-09 13:29:39] [SEVERE ] placing card 6 in slot 7
[2022-12-09 13:29:39] [SEVERE ] placing card 32 in slot 8
[2022-12-09 13:29:39] [SEVERE ] placing card 75 in slot 9
[2022-12-09 13:29:39] [SEVERE ] placing card 44 in slot 10
[2022-12-09 13:29:40] [SEVERE ] placing card 73 in slot 11
[2022-12-09 13:30:05] [SEVERE ] Key 81 was pressed by player 0
[2022-12-09 13:30:05] [SEVERE ] player 0 placing token on slot 0
[2022-12-09 13:30:05] [SEVERE ] Key 87 was pressed by player 0
[2022-12-09 13:30:05] [SEVERE ] player 0 placing token on slot 1
[2022-12-09 13:30:06] [SEVERE ] Key 69 was pressed by player 0
[2022-12-09 13:30:06] [SEVERE ] player 0 placing token on slot 2
[2022-12-09 13:30:06] [INFO   ] Thread main terminated.
