[2022-12-09 15:24:00] [INFO   ] cannot read configuration file config.properties trying from resources.
[2022-12-09 15:24:00] [INFO   ] configuration file was loaded from resources directory.
[2022-12-09 15:24:00] [INFO   ] Thread dealer starting.
[2022-12-09 15:24:00] [INFO   ] Thread Thread-1starting.
[2022-12-09 15:24:00] [INFO   ] Thread Thread-0starting.
[2022-12-09 15:24:00] [SEVERE ] placing card 73 in slot 0
[2022-12-09 15:24:01] [SEVERE ] placing card 77 in slot 1
[2022-12-09 15:24:01] [SEVERE ] placing card 36 in slot 2
[2022-12-09 15:24:01] [SEVERE ] placing card 4 in slot 3
[2022-12-09 15:24:01] [SEVERE ] placing card 49 in slot 4
[2022-12-09 15:24:01] [SEVERE ] placing card 3 in slot 5
[2022-12-09 15:24:01] [SEVERE ] placing card 13 in slot 6
[2022-12-09 15:24:01] [SEVERE ] placing card 46 in slot 7
[2022-12-09 15:24:01] [SEVERE ] placing card 61 in slot 8
[2022-12-09 15:24:01] [SEVERE ] placing card 32 in slot 9
[2022-12-09 15:24:02] [SEVERE ] placing card 47 in slot 10
[2022-12-09 15:24:02] [SEVERE ] placing card 51 in slot 11
[2022-12-09 15:24:08] [SEVERE ] Key 81 was pressed by player 0
[2022-12-09 15:24:08] [SEVERE ] player 0 placing token on slot 0
[2022-12-09 15:24:08] [SEVERE ] Key 87 was pressed by player 0
[2022-12-09 15:24:08] [SEVERE ] player 0 placing token on slot 1
[2022-12-09 15:24:09] [SEVERE ] Key 69 was pressed by player 0
[2022-12-09 15:24:09] [SEVERE ] player 0 placing token on slot 2
[2022-12-09 15:24:09] [SEVERE ] removing player 0 token from slot 0
[2022-12-09 15:24:09] [SEVERE ] removing player 0 token from slot 1
[2022-12-09 15:24:09] [SEVERE ] removing player 0 token from slot 2
[2022-12-09 15:24:12] [INFO   ] Thread main terminated.
