[2022-12-09 15:56:49] [INFO   ] cannot read configuration file config.properties trying from resources.
[2022-12-09 15:56:49] [INFO   ] configuration file was loaded from resources directory.
[2022-12-09 15:56:50] [INFO   ] Thread dealer starting.
[2022-12-09 15:56:50] [INFO   ] Thread Thread-0starting.
[2022-12-09 15:56:50] [INFO   ] Thread Thread-1starting.
[2022-12-09 15:56:50] [SEVERE ] placing card 30 in slot 0
[2022-12-09 15:56:50] [SEVERE ] placing card 51 in slot 1
[2022-12-09 15:56:50] [SEVERE ] placing card 38 in slot 2
[2022-12-09 15:56:50] [SEVERE ] placing card 32 in slot 3
[2022-12-09 15:56:50] [SEVERE ] placing card 9 in slot 4
[2022-12-09 15:56:50] [SEVERE ] placing card 70 in slot 5
[2022-12-09 15:56:50] [SEVERE ] placing card 66 in slot 6
[2022-12-09 15:56:50] [SEVERE ] placing card 25 in slot 7
[2022-12-09 15:56:51] [SEVERE ] placing card 67 in slot 8
[2022-12-09 15:56:51] [SEVERE ] placing card 4 in slot 9
[2022-12-09 15:56:51] [SEVERE ] placing card 59 in slot 10
[2022-12-09 15:56:51] [SEVERE ] placing card 52 in slot 11
[2022-12-09 15:57:20] [SEVERE ] Key 88 was pressed by player 0
[2022-12-09 15:57:20] [SEVERE ] player 0 placing token on slot 9
[2022-12-09 15:57:21] [SEVERE ] Key 81 was pressed by player 0
[2022-12-09 15:57:21] [SEVERE ] player 0 placing token on slot 0
[2022-12-09 15:57:23] [SEVERE ] Key 67 was pressed by player 0
[2022-12-09 15:57:23] [SEVERE ] player 0 placing token on slot 10
[2022-12-09 15:57:23] [SEVERE ] setting player 0 score to 1
[2022-12-09 15:57:23] [SEVERE ] removing tokens from slot 0
[2022-12-09 15:57:23] [SEVERE ] removing card from slot 0
[2022-12-09 15:57:23] [SEVERE ] removing tokens from slot 9
[2022-12-09 15:57:23] [SEVERE ] removing card from slot 9
[2022-12-09 15:57:24] [SEVERE ] removing tokens from slot 10
[2022-12-09 15:57:24] [SEVERE ] removing card from slot 10
[2022-12-09 15:57:24] [SEVERE ] placing card 22 in slot 0
[2022-12-09 15:57:24] [SEVERE ] placing card 43 in slot 9
[2022-12-09 15:57:24] [SEVERE ] placing card 31 in slot 10
