[2022-12-09 15:55:44] [INFO   ] cannot read configuration file config.properties trying from resources.
[2022-12-09 15:55:44] [INFO   ] configuration file was loaded from resources directory.
[2022-12-09 15:55:44] [INFO   ] Thread dealer starting.
[2022-12-09 15:55:44] [INFO   ] Thread Thread-1starting.
[2022-12-09 15:55:44] [INFO   ] Thread Thread-0starting.
[2022-12-09 15:55:44] [SEVERE ] placing card 72 in slot 0
[2022-12-09 15:55:44] [SEVERE ] placing card 26 in slot 1
[2022-12-09 15:55:45] [SEVERE ] placing card 80 in slot 2
[2022-12-09 15:55:45] [SEVERE ] placing card 61 in slot 3
[2022-12-09 15:55:45] [SEVERE ] placing card 52 in slot 4
[2022-12-09 15:55:45] [SEVERE ] placing card 48 in slot 5
[2022-12-09 15:55:45] [SEVERE ] placing card 56 in slot 6
[2022-12-09 15:55:45] [SEVERE ] placing card 66 in slot 7
[2022-12-09 15:55:45] [SEVERE ] placing card 27 in slot 8
[2022-12-09 15:55:45] [SEVERE ] placing card 3 in slot 9
[2022-12-09 15:55:45] [SEVERE ] placing card 62 in slot 10
[2022-12-09 15:55:46] [SEVERE ] placing card 58 in slot 11
[2022-12-09 15:55:50] [SEVERE ] Key 81 was pressed by player 0
[2022-12-09 15:55:50] [SEVERE ] player 0 placing token on slot 0
[2022-12-09 15:55:50] [SEVERE ] Key 87 was pressed by player 0
[2022-12-09 15:55:50] [SEVERE ] player 0 placing token on slot 1
[2022-12-09 15:55:50] [SEVERE ] Key 69 was pressed by player 0
[2022-12-09 15:55:50] [SEVERE ] player 0 placing token on slot 2
[2022-12-09 15:55:50] [SEVERE ] removing player 0 token from slot 0
[2022-12-09 15:55:50] [SEVERE ] removing player 0 token from slot 1
[2022-12-09 15:55:50] [SEVERE ] removing player 0 token from slot 2
[2022-12-09 15:55:51] [SEVERE ] Key 81 was pressed by player 0
[2022-12-09 15:55:51] [SEVERE ] Key 87 was pressed by player 0
[2022-12-09 15:55:52] [SEVERE ] Key 69 was pressed by player 0
[2022-12-09 15:55:52] [SEVERE ] Key 81 was pressed by player 0
[2022-12-09 15:55:52] [SEVERE ] Key 87 was pressed by player 0
[2022-12-09 15:55:52] [SEVERE ] Key 69 was pressed by player 0
[2022-12-09 15:55:53] [SEVERE ] Key 81 was pressed by player 0
[2022-12-09 15:55:53] [SEVERE ] Key 87 was pressed by player 0
[2022-12-09 15:55:53] [SEVERE ] Key 69 was pressed by player 0
[2022-12-09 15:55:53] [SEVERE ] Key 81 was pressed by player 0
[2022-12-09 15:55:54] [SEVERE ] Key 87 was pressed by player 0
[2022-12-09 15:55:54] [SEVERE ] player 0 placing token on slot 1
[2022-12-09 15:55:54] [SEVERE ] Key 69 was pressed by player 0
[2022-12-09 15:55:54] [SEVERE ] player 0 placing token on slot 2
[2022-12-09 15:55:55] [SEVERE ] Key 81 was pressed by player 0
[2022-12-09 15:55:55] [SEVERE ] player 0 placing token on slot 0
[2022-12-09 15:55:55] [SEVERE ] removing player 0 token from slot 0
[2022-12-09 15:55:55] [SEVERE ] removing player 0 token from slot 1
[2022-12-09 15:55:55] [SEVERE ] removing player 0 token from slot 2
[2022-12-09 15:56:08] [SEVERE ] Key 83 was pressed by player 0
[2022-12-09 15:56:08] [SEVERE ] player 0 placing token on slot 5
[2022-12-09 15:56:09] [SEVERE ] Key 69 was pressed by player 0
[2022-12-09 15:56:09] [SEVERE ] player 0 placing token on slot 2
[2022-12-09 15:56:10] [SEVERE ] Key 82 was pressed by player 0
[2022-12-09 15:56:10] [SEVERE ] player 0 placing token on slot 3
[2022-12-09 15:56:10] [SEVERE ] removing player 0 token from slot 2
[2022-12-09 15:56:10] [SEVERE ] removing player 0 token from slot 3
[2022-12-09 15:56:10] [SEVERE ] removing player 0 token from slot 5
[2022-12-09 15:56:11] [SEVERE ] Key 88 was pressed by player 0
[2022-12-09 15:56:12] [SEVERE ] Key 88 was pressed by player 0
[2022-12-09 15:56:13] [SEVERE ] Key 67 was pressed by player 0
[2022-12-09 15:56:13] [SEVERE ] player 0 placing token on slot 10
[2022-12-09 15:56:15] [SEVERE ] Key 88 was pressed by player 0
[2022-12-09 15:56:15] [SEVERE ] player 0 placing token on slot 9
[2022-12-09 15:56:17] [SEVERE ] Key 88 was pressed by player 0
[2022-12-09 15:56:17] [SEVERE ] player 0 placing token on slot 9
[2022-12-09 15:56:18] [SEVERE ] Key 68 was pressed by player 0
[2022-12-09 15:56:19] [SEVERE ] Key 68 was pressed by player 0
[2022-12-09 15:56:23] [SEVERE ] Key 90 was pressed by player 0
[2022-12-09 15:56:25] [SEVERE ] Key 86 was pressed by player 0
[2022-12-09 15:56:25] [SEVERE ] Key 70 was pressed by player 0
[2022-12-09 15:56:28] [SEVERE ] Key 82 was pressed by player 0
