[2022-12-09 17:21:43] [INFO   ] cannot read configuration file config.properties trying from resources.
[2022-12-09 17:21:43] [INFO   ] configuration file was loaded from resources directory.
[2022-12-09 17:21:44] [INFO   ] Thread Thread-0starting.
[2022-12-09 17:21:44] [INFO   ] Thread Thread-1starting.
[2022-12-09 17:21:44] [INFO   ] Thread dealer starting.
[2022-12-09 17:21:44] [SEVERE ] placing card 65 in slot 0
[2022-12-09 17:21:44] [SEVERE ] placing card 12 in slot 1
[2022-12-09 17:21:44] [SEVERE ] placing card 73 in slot 2
[2022-12-09 17:21:44] [SEVERE ] placing card 43 in slot 3
[2022-12-09 17:21:44] [SEVERE ] placing card 29 in slot 4
[2022-12-09 17:21:44] [SEVERE ] placing card 19 in slot 5
[2022-12-09 17:21:45] [SEVERE ] placing card 61 in slot 6
[2022-12-09 17:21:45] [SEVERE ] placing card 71 in slot 7
[2022-12-09 17:21:45] [SEVERE ] placing card 79 in slot 8
[2022-12-09 17:21:45] [SEVERE ] placing card 51 in slot 9
[2022-12-09 17:21:45] [SEVERE ] placing card 2 in slot 10
[2022-12-09 17:21:45] [SEVERE ] placing card 42 in slot 11
[2022-12-09 17:21:49] [SEVERE ] Exit button pressed
[2022-12-09 17:21:49] [SEVERE ] removing tokens from slot 0
[2022-12-09 17:21:49] [SEVERE ] removing card from slot 0
[2022-12-09 17:21:49] [SEVERE ] removing tokens from slot 1
[2022-12-09 17:21:49] [SEVERE ] removing card from slot 1
[2022-12-09 17:21:49] [SEVERE ] removing tokens from slot 2
[2022-12-09 17:21:49] [SEVERE ] removing card from slot 2
[2022-12-09 17:21:49] [SEVERE ] removing tokens from slot 3
[2022-12-09 17:21:49] [SEVERE ] removing card from slot 3
[2022-12-09 17:21:49] [SEVERE ] removing tokens from slot 4
[2022-12-09 17:21:49] [SEVERE ] removing card from slot 4
[2022-12-09 17:21:50] [SEVERE ] removing tokens from slot 5
[2022-12-09 17:21:50] [SEVERE ] removing card from slot 5
[2022-12-09 17:21:50] [SEVERE ] removing tokens from slot 6
[2022-12-09 17:21:50] [SEVERE ] removing card from slot 6
[2022-12-09 17:21:50] [SEVERE ] removing tokens from slot 7
[2022-12-09 17:21:50] [SEVERE ] removing card from slot 7
[2022-12-09 17:21:50] [SEVERE ] removing tokens from slot 8
[2022-12-09 17:21:50] [SEVERE ] removing card from slot 8
[2022-12-09 17:21:50] [SEVERE ] removing tokens from slot 9
[2022-12-09 17:21:50] [SEVERE ] removing card from slot 9
[2022-12-09 17:21:50] [SEVERE ] removing tokens from slot 10
[2022-12-09 17:21:50] [SEVERE ] removing card from slot 10
[2022-12-09 17:21:50] [SEVERE ] removing tokens from slot 11
[2022-12-09 17:21:50] [SEVERE ] removing card from slot 11
[2022-12-09 17:21:50] [INFO   ] Thread dealer terminated.
[2022-12-09 17:21:50] [INFO   ] Thread main terminated.
