[2022-12-09 14:37:42] [INFO   ] cannot read configuration file config.properties trying from resources.
[2022-12-09 14:37:42] [INFO   ] configuration file was loaded from resources directory.
[2022-12-09 14:37:43] [INFO   ] Thread dealer starting.
[2022-12-09 14:37:43] [INFO   ] Thread Thread-1starting.
[2022-12-09 14:37:43] [INFO   ] Thread Thread-0starting.
[2022-12-09 14:37:43] [SEVERE ] placing card 69 in slot 0
[2022-12-09 14:37:44] [SEVERE ] placing card 29 in slot 1
[2022-12-09 14:37:44] [SEVERE ] placing card 42 in slot 2
[2022-12-09 14:37:44] [SEVERE ] placing card 9 in slot 3
[2022-12-09 14:37:44] [SEVERE ] placing card 65 in slot 4
[2022-12-09 14:37:44] [SEVERE ] placing card 68 in slot 5
[2022-12-09 14:37:44] [SEVERE ] placing card 71 in slot 6
[2022-12-09 14:37:44] [SEVERE ] placing card 1 in slot 7
[2022-12-09 14:37:45] [SEVERE ] placing card 12 in slot 8
[2022-12-09 14:37:45] [SEVERE ] placing card 40 in slot 9
[2022-12-09 14:37:45] [SEVERE ] placing card 58 in slot 10
[2022-12-09 14:37:45] [SEVERE ] placing card 75 in slot 11
[2022-12-09 14:37:48] [SEVERE ] Key 81 was pressed by player 0
[2022-12-09 14:37:48] [SEVERE ] player 0 placing token on slot 0
[2022-12-09 14:37:48] [SEVERE ] Key 87 was pressed by player 0
[2022-12-09 14:37:48] [SEVERE ] player 0 placing token on slot 1
[2022-12-09 14:37:49] [SEVERE ] Key 69 was pressed by player 0
[2022-12-09 14:37:49] [SEVERE ] player 0 placing token on slot 2
[2022-12-09 14:37:49] [SEVERE ] removing player 0 token from slot 0
[2022-12-09 14:37:49] [SEVERE ] removing player 0 token from slot 1
[2022-12-09 14:37:49] [SEVERE ] removing player 0 token from slot 2
