[2022-12-09 15:05:02] [INFO   ] cannot read configuration file config.properties trying from resources.
[2022-12-09 15:05:02] [INFO   ] configuration file was loaded from resources directory.
[2022-12-09 15:05:02] [INFO   ] Thread dealer starting.
[2022-12-09 15:05:02] [INFO   ] Thread Thread-1starting.
[2022-12-09 15:05:02] [INFO   ] Thread Thread-0starting.
[2022-12-09 15:05:02] [SEVERE ] placing card 6 in slot 0
[2022-12-09 15:05:02] [SEVERE ] placing card 68 in slot 1
[2022-12-09 15:05:02] [SEVERE ] placing card 24 in slot 2
[2022-12-09 15:05:03] [SEVERE ] placing card 17 in slot 3
[2022-12-09 15:05:03] [SEVERE ] placing card 56 in slot 4
[2022-12-09 15:05:03] [SEVERE ] placing card 40 in slot 5
[2022-12-09 15:05:03] [SEVERE ] placing card 28 in slot 6
[2022-12-09 15:05:03] [SEVERE ] placing card 29 in slot 7
[2022-12-09 15:05:03] [SEVERE ] placing card 43 in slot 8
[2022-12-09 15:05:03] [SEVERE ] placing card 65 in slot 9
[2022-12-09 15:05:03] [SEVERE ] placing card 41 in slot 10
[2022-12-09 15:05:03] [SEVERE ] placing card 70 in slot 11
[2022-12-09 15:05:04] [SEVERE ] Key 81 was pressed by player 0
[2022-12-09 15:05:04] [SEVERE ] player 0 placing token on slot 0
[2022-12-09 15:05:04] [SEVERE ] Key 87 was pressed by player 0
[2022-12-09 15:05:04] [SEVERE ] player 0 placing token on slot 1
[2022-12-09 15:05:04] [SEVERE ] Key 69 was pressed by player 0
[2022-12-09 15:05:04] [SEVERE ] player 0 placing token on slot 2
[2022-12-09 15:05:04] [SEVERE ] removing player 0 token from slot 0
[2022-12-09 15:05:04] [SEVERE ] removing player 0 token from slot 1
[2022-12-09 15:05:04] [SEVERE ] removing player 0 token from slot 2
[2022-12-09 15:05:07] [INFO   ] Thread main terminated.
