[2022-12-09 17:14:19] [INFO   ] cannot read configuration file config.properties trying from resources.
[2022-12-09 17:14:19] [INFO   ] configuration file was loaded from resources directory.
[2022-12-09 17:14:20] [INFO   ] Thread dealer starting.
[2022-12-09 17:14:20] [INFO   ] Thread Thread-1starting.
[2022-12-09 17:14:20] [INFO   ] Thread Thread-0starting.
[2022-12-09 17:14:20] [SEVERE ] placing card 56 in slot 0
[2022-12-09 17:14:20] [SEVERE ] placing card 0 in slot 1
[2022-12-09 17:14:20] [SEVERE ] placing card 48 in slot 2
[2022-12-09 17:14:20] [SEVERE ] placing card 58 in slot 3
[2022-12-09 17:14:20] [SEVERE ] placing card 69 in slot 4
[2022-12-09 17:14:20] [SEVERE ] placing card 44 in slot 5
[2022-12-09 17:14:20] [SEVERE ] placing card 75 in slot 6
[2022-12-09 17:14:21] [SEVERE ] placing card 79 in slot 7
[2022-12-09 17:14:21] [SEVERE ] placing card 12 in slot 8
[2022-12-09 17:14:21] [SEVERE ] placing card 43 in slot 9
[2022-12-09 17:14:21] [SEVERE ] placing card 49 in slot 10
[2022-12-09 17:14:21] [SEVERE ] placing card 37 in slot 11
[2022-12-09 17:15:21] [SEVERE ] removing tokens from slot 0
[2022-12-09 17:15:21] [SEVERE ] removing card from slot 0
[2022-12-09 17:15:21] [SEVERE ] removing tokens from slot 1
[2022-12-09 17:15:21] [SEVERE ] removing card from slot 1
[2022-12-09 17:15:21] [SEVERE ] removing tokens from slot 2
[2022-12-09 17:15:21] [SEVERE ] removing card from slot 2
[2022-12-09 17:15:21] [SEVERE ] removing tokens from slot 3
[2022-12-09 17:15:21] [SEVERE ] removing card from slot 3
[2022-12-09 17:15:22] [SEVERE ] removing tokens from slot 4
[2022-12-09 17:15:22] [SEVERE ] removing card from slot 4
[2022-12-09 17:15:22] [SEVERE ] removing tokens from slot 5
[2022-12-09 17:15:22] [SEVERE ] removing card from slot 5
[2022-12-09 17:15:22] [SEVERE ] removing tokens from slot 6
[2022-12-09 17:15:22] [SEVERE ] removing card from slot 6
[2022-12-09 17:15:22] [SEVERE ] removing tokens from slot 7
[2022-12-09 17:15:22] [SEVERE ] removing card from slot 7
[2022-12-09 17:15:22] [SEVERE ] removing tokens from slot 8
[2022-12-09 17:15:22] [SEVERE ] removing card from slot 8
[2022-12-09 17:15:22] [SEVERE ] removing tokens from slot 9
[2022-12-09 17:15:22] [SEVERE ] removing card from slot 9
[2022-12-09 17:15:22] [SEVERE ] removing tokens from slot 10
[2022-12-09 17:15:22] [SEVERE ] removing card from slot 10
[2022-12-09 17:15:22] [SEVERE ] removing tokens from slot 11
[2022-12-09 17:15:22] [SEVERE ] removing card from slot 11
[2022-12-09 17:15:22] [SEVERE ] placing card 21 in slot 0
[2022-12-09 17:15:23] [SEVERE ] placing card 65 in slot 1
[2022-12-09 17:15:23] [SEVERE ] placing card 74 in slot 2
[2022-12-09 17:15:23] [SEVERE ] placing card 55 in slot 3
[2022-12-09 17:15:23] [SEVERE ] placing card 34 in slot 4
[2022-12-09 17:15:23] [SEVERE ] placing card 8 in slot 5
[2022-12-09 17:15:23] [SEVERE ] placing card 52 in slot 6
[2022-12-09 17:15:23] [SEVERE ] placing card 24 in slot 7
[2022-12-09 17:15:23] [SEVERE ] placing card 43 in slot 8
[2022-12-09 17:15:23] [SEVERE ] placing card 10 in slot 9
[2022-12-09 17:15:24] [SEVERE ] placing card 18 in slot 10
[2022-12-09 17:15:24] [SEVERE ] placing card 40 in slot 11
[2022-12-09 17:15:34] [SEVERE ] Key 65 was pressed by player 0
[2022-12-09 17:15:34] [SEVERE ] player 0 placing token on slot 4
[2022-12-09 17:15:34] [SEVERE ] Key 68 was pressed by player 0
[2022-12-09 17:15:34] [SEVERE ] player 0 placing token on slot 6
[2022-12-09 17:15:35] [SEVERE ] Key 90 was pressed by player 0
[2022-12-09 17:15:35] [SEVERE ] player 0 placing token on slot 8
[2022-12-09 17:15:35] [SEVERE ] setting player 0 score to 1
[2022-12-09 17:15:35] [SEVERE ] removing tokens from slot 4
[2022-12-09 17:15:35] [SEVERE ] removing card from slot 4
[2022-12-09 17:15:35] [SEVERE ] removing tokens from slot 6
[2022-12-09 17:15:35] [SEVERE ] removing card from slot 6
[2022-12-09 17:15:35] [SEVERE ] removing tokens from slot 8
[2022-12-09 17:15:35] [SEVERE ] removing card from slot 8
[2022-12-09 17:15:35] [SEVERE ] placing card 54 in slot 4
[2022-12-09 17:15:35] [SEVERE ] placing card 14 in slot 6
[2022-12-09 17:15:36] [SEVERE ] placing card 4 in slot 8
[2022-12-09 17:15:57] [SEVERE ] Key 81 was pressed by player 0
[2022-12-09 17:15:57] [SEVERE ] player 0 placing token on slot 0
[2022-12-09 17:15:57] [SEVERE ] Key 90 was pressed by player 0
[2022-12-09 17:15:57] [SEVERE ] player 0 placing token on slot 8
[2022-12-09 17:15:59] [SEVERE ] Key 68 was pressed by player 0
[2022-12-09 17:15:59] [SEVERE ] player 0 placing token on slot 6
[2022-12-09 17:15:59] [SEVERE ] setting player 0 score to 2
[2022-12-09 17:15:59] [SEVERE ] removing tokens from slot 0
[2022-12-09 17:15:59] [SEVERE ] removing card from slot 0
[2022-12-09 17:15:59] [SEVERE ] removing tokens from slot 6
[2022-12-09 17:15:59] [SEVERE ] removing card from slot 6
[2022-12-09 17:15:59] [SEVERE ] removing tokens from slot 8
[2022-12-09 17:15:59] [SEVERE ] removing card from slot 8
[2022-12-09 17:15:59] [SEVERE ] placing card 41 in slot 0
[2022-12-09 17:15:59] [SEVERE ] placing card 36 in slot 6
[2022-12-09 17:15:59] [SEVERE ] placing card 32 in slot 8
