[2022-12-09 17:21:35] [INFO   ] cannot read configuration file config.properties trying from resources.
[2022-12-09 17:21:35] [INFO   ] configuration file was loaded from resources directory.
[2022-12-09 17:21:36] [INFO   ] Thread dealer starting.
[2022-12-09 17:21:36] [INFO   ] Thread Thread-1starting.
[2022-12-09 17:21:36] [INFO   ] Thread Thread-0starting.
[2022-12-09 17:21:36] [SEVERE ] placing card 60 in slot 0
[2022-12-09 17:21:36] [SEVERE ] placing card 72 in slot 1
[2022-12-09 17:21:36] [SEVERE ] placing card 16 in slot 2
[2022-12-09 17:21:36] [SEVERE ] placing card 4 in slot 3
[2022-12-09 17:21:36] [SEVERE ] placing card 71 in slot 4
[2022-12-09 17:21:36] [SEVERE ] placing card 80 in slot 5
[2022-12-09 17:21:36] [SEVERE ] placing card 18 in slot 6
[2022-12-09 17:21:36] [SEVERE ] placing card 54 in slot 7
[2022-12-09 17:21:37] [SEVERE ] placing card 26 in slot 8
[2022-12-09 17:21:37] [SEVERE ] placing card 61 in slot 9
[2022-12-09 17:21:37] [SEVERE ] placing card 49 in slot 10
[2022-12-09 17:21:37] [SEVERE ] placing card 38 in slot 11
[2022-12-09 17:21:38] [SEVERE ] Exit button pressed
[2022-12-09 17:21:38] [SEVERE ] removing tokens from slot 0
[2022-12-09 17:21:38] [SEVERE ] removing card from slot 0
[2022-12-09 17:21:39] [SEVERE ] removing tokens from slot 1
[2022-12-09 17:21:39] [SEVERE ] removing card from slot 1
[2022-12-09 17:21:39] [SEVERE ] removing tokens from slot 2
[2022-12-09 17:21:39] [SEVERE ] removing card from slot 2
[2022-12-09 17:21:39] [SEVERE ] removing tokens from slot 3
[2022-12-09 17:21:39] [SEVERE ] removing card from slot 3
[2022-12-09 17:21:39] [SEVERE ] removing tokens from slot 4
[2022-12-09 17:21:39] [SEVERE ] removing card from slot 4
[2022-12-09 17:21:39] [SEVERE ] removing tokens from slot 5
[2022-12-09 17:21:39] [SEVERE ] removing card from slot 5
[2022-12-09 17:21:39] [SEVERE ] removing tokens from slot 6
[2022-12-09 17:21:39] [SEVERE ] removing card from slot 6
[2022-12-09 17:21:39] [SEVERE ] removing tokens from slot 7
[2022-12-09 17:21:39] [SEVERE ] removing card from slot 7
[2022-12-09 17:21:39] [SEVERE ] removing tokens from slot 8
[2022-12-09 17:21:39] [SEVERE ] removing card from slot 8
[2022-12-09 17:21:39] [SEVERE ] removing tokens from slot 9
[2022-12-09 17:21:39] [SEVERE ] removing card from slot 9
[2022-12-09 17:21:40] [SEVERE ] removing tokens from slot 10
[2022-12-09 17:21:40] [SEVERE ] removing card from slot 10
[2022-12-09 17:21:40] [SEVERE ] removing tokens from slot 11
[2022-12-09 17:21:40] [SEVERE ] removing card from slot 11
[2022-12-09 17:21:40] [INFO   ] Thread dealer terminated.
[2022-12-09 17:21:40] [INFO   ] Thread main terminated.
