[2022-12-09 15:11:02] [INFO   ] cannot read configuration file config.properties trying from resources.
[2022-12-09 15:11:02] [INFO   ] configuration file was loaded from resources directory.
[2022-12-09 15:11:02] [INFO   ] Thread dealer starting.
[2022-12-09 15:11:02] [INFO   ] Thread Thread-1starting.
[2022-12-09 15:11:02] [INFO   ] Thread Thread-0starting.
[2022-12-09 15:11:03] [SEVERE ] placing card 37 in slot 0
[2022-12-09 15:11:03] [SEVERE ] placing card 23 in slot 1
[2022-12-09 15:11:03] [SEVERE ] placing card 14 in slot 2
[2022-12-09 15:11:03] [SEVERE ] placing card 73 in slot 3
[2022-12-09 15:11:03] [SEVERE ] placing card 22 in slot 4
[2022-12-09 15:11:03] [SEVERE ] placing card 68 in slot 5
[2022-12-09 15:11:03] [SEVERE ] placing card 59 in slot 6
[2022-12-09 15:11:03] [SEVERE ] placing card 61 in slot 7
[2022-12-09 15:11:04] [SEVERE ] placing card 11 in slot 8
[2022-12-09 15:11:04] [SEVERE ] placing card 29 in slot 9
[2022-12-09 15:11:04] [SEVERE ] placing card 45 in slot 10
[2022-12-09 15:11:04] [SEVERE ] placing card 8 in slot 11
[2022-12-09 15:11:06] [SEVERE ] Key 81 was pressed by player 0
[2022-12-09 15:11:06] [SEVERE ] player 0 placing token on slot 0
[2022-12-09 15:11:06] [SEVERE ] Key 87 was pressed by player 0
[2022-12-09 15:11:06] [SEVERE ] player 0 placing token on slot 1
[2022-12-09 15:11:07] [SEVERE ] Key 69 was pressed by player 0
[2022-12-09 15:11:07] [SEVERE ] player 0 placing token on slot 2
[2022-12-09 15:11:07] [SEVERE ] removing player 0 token from slot 0
[2022-12-09 15:11:07] [SEVERE ] removing player 0 token from slot 1
[2022-12-09 15:11:07] [SEVERE ] removing player 0 token from slot 2
[2022-12-09 15:11:10] [INFO   ] Thread main terminated.
