[2022-12-09 16:36:41] [INFO   ] cannot read configuration file config.properties trying from resources.
[2022-12-09 16:36:41] [INFO   ] configuration file was loaded from resources directory.
[2022-12-09 16:36:42] [INFO   ] Thread dealer starting.
[2022-12-09 16:36:42] [INFO   ] Thread Thread-1starting.
[2022-12-09 16:36:42] [INFO   ] Thread Thread-0starting.
[2022-12-09 16:36:42] [SEVERE ] placing card 73 in slot 0
[2022-12-09 16:36:42] [SEVERE ] placing card 41 in slot 1
[2022-12-09 16:36:42] [SEVERE ] placing card 24 in slot 2
[2022-12-09 16:36:42] [SEVERE ] placing card 54 in slot 3
[2022-12-09 16:36:43] [SEVERE ] placing card 26 in slot 4
[2022-12-09 16:36:43] [SEVERE ] placing card 31 in slot 5
[2022-12-09 16:36:43] [SEVERE ] placing card 71 in slot 6
[2022-12-09 16:36:43] [SEVERE ] placing card 59 in slot 7
[2022-12-09 16:36:43] [SEVERE ] placing card 72 in slot 8
[2022-12-09 16:36:43] [SEVERE ] placing card 33 in slot 9
[2022-12-09 16:36:43] [SEVERE ] placing card 78 in slot 10
[2022-12-09 16:36:43] [SEVERE ] placing card 13 in slot 11
[2022-12-09 16:37:43] [SEVERE ] removing tokens from slot 0
[2022-12-09 16:37:43] [SEVERE ] removing card from slot 0
[2022-12-09 16:37:44] [SEVERE ] removing tokens from slot 1
[2022-12-09 16:37:44] [SEVERE ] removing card from slot 1
[2022-12-09 16:37:44] [SEVERE ] removing tokens from slot 2
[2022-12-09 16:37:44] [SEVERE ] removing card from slot 2
[2022-12-09 16:37:44] [SEVERE ] removing tokens from slot 3
[2022-12-09 16:37:44] [SEVERE ] removing card from slot 3
[2022-12-09 16:37:44] [SEVERE ] removing tokens from slot 4
[2022-12-09 16:37:44] [SEVERE ] removing card from slot 4
[2022-12-09 16:37:44] [SEVERE ] removing tokens from slot 5
[2022-12-09 16:37:44] [SEVERE ] removing card from slot 5
[2022-12-09 16:37:44] [SEVERE ] removing tokens from slot 6
[2022-12-09 16:37:44] [SEVERE ] removing card from slot 6
[2022-12-09 16:37:44] [SEVERE ] removing tokens from slot 7
[2022-12-09 16:37:44] [SEVERE ] removing card from slot 7
[2022-12-09 16:37:44] [SEVERE ] removing tokens from slot 8
[2022-12-09 16:37:44] [SEVERE ] removing card from slot 8
[2022-12-09 16:37:44] [SEVERE ] removing tokens from slot 9
[2022-12-09 16:37:44] [SEVERE ] removing card from slot 9
[2022-12-09 16:37:45] [SEVERE ] removing tokens from slot 10
[2022-12-09 16:37:45] [SEVERE ] removing card from slot 10
[2022-12-09 16:37:45] [SEVERE ] removing tokens from slot 11
[2022-12-09 16:37:45] [SEVERE ] removing card from slot 11
[2022-12-09 16:37:45] [SEVERE ] placing card 80 in slot 0
[2022-12-09 16:37:45] [SEVERE ] placing card 63 in slot 1
[2022-12-09 16:37:45] [SEVERE ] placing card 19 in slot 2
[2022-12-09 16:37:45] [SEVERE ] placing card 78 in slot 3
[2022-12-09 16:37:45] [SEVERE ] placing card 77 in slot 4
[2022-12-09 16:37:45] [SEVERE ] placing card 55 in slot 5
[2022-12-09 16:37:45] [SEVERE ] placing card 59 in slot 6
[2022-12-09 16:37:46] [SEVERE ] placing card 50 in slot 7
[2022-12-09 16:37:46] [SEVERE ] placing card 24 in slot 8
[2022-12-09 16:37:46] [SEVERE ] placing card 39 in slot 9
[2022-12-09 16:37:46] [SEVERE ] placing card 51 in slot 10
[2022-12-09 16:37:46] [SEVERE ] placing card 75 in slot 11
[2022-12-09 16:38:46] [SEVERE ] removing tokens from slot 0
[2022-12-09 16:38:46] [SEVERE ] removing card from slot 0
[2022-12-09 16:38:46] [SEVERE ] removing tokens from slot 1
[2022-12-09 16:38:46] [SEVERE ] removing card from slot 1
[2022-12-09 16:38:46] [SEVERE ] removing tokens from slot 2
[2022-12-09 16:38:46] [SEVERE ] removing card from slot 2
[2022-12-09 16:38:46] [SEVERE ] removing tokens from slot 3
[2022-12-09 16:38:46] [SEVERE ] removing card from slot 3
[2022-12-09 16:38:47] [SEVERE ] removing tokens from slot 4
[2022-12-09 16:38:47] [SEVERE ] removing card from slot 4
[2022-12-09 16:38:47] [SEVERE ] removing tokens from slot 5
[2022-12-09 16:38:47] [SEVERE ] removing card from slot 5
[2022-12-09 16:38:47] [SEVERE ] removing tokens from slot 6
[2022-12-09 16:38:47] [SEVERE ] removing card from slot 6
[2022-12-09 16:38:47] [SEVERE ] removing tokens from slot 7
[2022-12-09 16:38:47] [SEVERE ] removing card from slot 7
[2022-12-09 16:38:47] [SEVERE ] removing tokens from slot 8
[2022-12-09 16:38:47] [SEVERE ] removing card from slot 8
[2022-12-09 16:38:47] [SEVERE ] removing tokens from slot 9
[2022-12-09 16:38:47] [SEVERE ] removing card from slot 9
[2022-12-09 16:38:47] [SEVERE ] removing tokens from slot 10
[2022-12-09 16:38:47] [SEVERE ] removing card from slot 10
[2022-12-09 16:38:47] [SEVERE ] removing tokens from slot 11
[2022-12-09 16:38:47] [SEVERE ] removing card from slot 11
[2022-12-09 16:38:47] [SEVERE ] placing card 54 in slot 0
[2022-12-09 16:38:48] [SEVERE ] placing card 53 in slot 1
[2022-12-09 16:38:48] [SEVERE ] placing card 5 in slot 2
[2022-12-09 16:38:48] [SEVERE ] placing card 17 in slot 3
[2022-12-09 16:38:48] [SEVERE ] placing card 1 in slot 4
[2022-12-09 16:38:48] [SEVERE ] placing card 51 in slot 5
[2022-12-09 16:38:48] [SEVERE ] placing card 2 in slot 6
[2022-12-09 16:38:48] [SEVERE ] placing card 59 in slot 7
[2022-12-09 16:38:48] [SEVERE ] placing card 36 in slot 8
[2022-12-09 16:38:48] [SEVERE ] placing card 62 in slot 9
[2022-12-09 16:38:49] [SEVERE ] placing card 48 in slot 10
[2022-12-09 16:38:49] [SEVERE ] placing card 25 in slot 11
[2022-12-09 16:39:49] [SEVERE ] removing tokens from slot 0
[2022-12-09 16:39:49] [SEVERE ] removing card from slot 0
[2022-12-09 16:39:49] [SEVERE ] removing tokens from slot 1
[2022-12-09 16:39:49] [SEVERE ] removing card from slot 1
[2022-12-09 16:39:49] [SEVERE ] removing tokens from slot 2
[2022-12-09 16:39:49] [SEVERE ] removing card from slot 2
[2022-12-09 16:39:49] [SEVERE ] removing tokens from slot 3
[2022-12-09 16:39:49] [SEVERE ] removing card from slot 3
[2022-12-09 16:39:49] [SEVERE ] removing tokens from slot 4
[2022-12-09 16:39:49] [SEVERE ] removing card from slot 4
[2022-12-09 16:39:49] [SEVERE ] removing tokens from slot 5
[2022-12-09 16:39:49] [SEVERE ] removing card from slot 5
[2022-12-09 16:39:49] [SEVERE ] removing tokens from slot 6
[2022-12-09 16:39:49] [SEVERE ] removing card from slot 6
[2022-12-09 16:39:50] [SEVERE ] removing tokens from slot 7
[2022-12-09 16:39:50] [SEVERE ] removing card from slot 7
[2022-12-09 16:39:50] [SEVERE ] removing tokens from slot 8
[2022-12-09 16:39:50] [SEVERE ] removing card from slot 8
[2022-12-09 16:39:50] [SEVERE ] removing tokens from slot 9
[2022-12-09 16:39:50] [SEVERE ] removing card from slot 9
[2022-12-09 16:39:50] [SEVERE ] removing tokens from slot 10
[2022-12-09 16:39:50] [SEVERE ] removing card from slot 10
[2022-12-09 16:39:50] [SEVERE ] removing tokens from slot 11
[2022-12-09 16:39:50] [SEVERE ] removing card from slot 11
[2022-12-09 16:39:50] [SEVERE ] placing card 75 in slot 0
[2022-12-09 16:39:50] [SEVERE ] placing card 70 in slot 1
[2022-12-09 16:39:50] [SEVERE ] placing card 43 in slot 2
[2022-12-09 16:39:50] [SEVERE ] placing card 69 in slot 3
[2022-12-09 16:39:51] [SEVERE ] placing card 18 in slot 4
[2022-12-09 16:39:51] [SEVERE ] placing card 61 in slot 5
[2022-12-09 16:39:51] [SEVERE ] placing card 63 in slot 6
[2022-12-09 16:39:51] [SEVERE ] placing card 25 in slot 7
[2022-12-09 16:39:51] [SEVERE ] placing card 52 in slot 8
[2022-12-09 16:39:51] [SEVERE ] placing card 8 in slot 9
[2022-12-09 16:39:51] [SEVERE ] placing card 73 in slot 10
[2022-12-09 16:39:51] [SEVERE ] placing card 49 in slot 11
[2022-12-09 16:40:24] [SEVERE ] Key 83 was pressed by player 0
[2022-12-09 16:40:24] [SEVERE ] player 0 placing token on slot 5
[2022-12-09 16:40:24] [SEVERE ] Key 69 was pressed by player 0
[2022-12-09 16:40:24] [SEVERE ] player 0 placing token on slot 2
[2022-12-09 16:40:26] [SEVERE ] Key 70 was pressed by player 0
[2022-12-09 16:40:26] [SEVERE ] player 0 placing token on slot 7
[2022-12-09 16:40:26] [SEVERE ] setting player 0 score to 1
[2022-12-09 16:40:26] [SEVERE ] removing tokens from slot 2
[2022-12-09 16:40:26] [SEVERE ] removing card from slot 2
[2022-12-09 16:40:26] [SEVERE ] removing tokens from slot 5
[2022-12-09 16:40:26] [SEVERE ] removing card from slot 5
[2022-12-09 16:40:26] [SEVERE ] removing tokens from slot 7
[2022-12-09 16:40:26] [SEVERE ] removing card from slot 7
[2022-12-09 16:40:26] [SEVERE ] placing card 38 in slot 2
[2022-12-09 16:40:26] [SEVERE ] placing card 21 in slot 5
[2022-12-09 16:40:26] [SEVERE ] placing card 6 in slot 7
[2022-12-09 16:41:26] [SEVERE ] removing tokens from slot 0
[2022-12-09 16:41:26] [SEVERE ] removing card from slot 0
[2022-12-09 16:41:26] [SEVERE ] removing tokens from slot 1
[2022-12-09 16:41:26] [SEVERE ] removing card from slot 1
[2022-12-09 16:41:26] [SEVERE ] removing tokens from slot 2
[2022-12-09 16:41:26] [SEVERE ] removing card from slot 2
[2022-12-09 16:41:26] [SEVERE ] removing tokens from slot 3
[2022-12-09 16:41:26] [SEVERE ] removing card from slot 3
[2022-12-09 16:41:26] [SEVERE ] removing tokens from slot 4
[2022-12-09 16:41:26] [SEVERE ] removing card from slot 4
[2022-12-09 16:41:27] [SEVERE ] removing tokens from slot 5
[2022-12-09 16:41:27] [SEVERE ] removing card from slot 5
[2022-12-09 16:41:27] [SEVERE ] removing tokens from slot 6
[2022-12-09 16:41:27] [SEVERE ] removing card from slot 6
[2022-12-09 16:41:27] [SEVERE ] removing tokens from slot 7
[2022-12-09 16:41:27] [SEVERE ] removing card from slot 7
[2022-12-09 16:41:27] [SEVERE ] removing tokens from slot 8
[2022-12-09 16:41:27] [SEVERE ] removing card from slot 8
[2022-12-09 16:41:27] [SEVERE ] removing tokens from slot 9
[2022-12-09 16:41:27] [SEVERE ] removing card from slot 9
[2022-12-09 16:41:27] [SEVERE ] removing tokens from slot 10
[2022-12-09 16:41:27] [SEVERE ] removing card from slot 10
[2022-12-09 16:41:27] [SEVERE ] removing tokens from slot 11
[2022-12-09 16:41:27] [SEVERE ] removing card from slot 11
[2022-12-09 16:41:27] [SEVERE ] placing card 63 in slot 0
[2022-12-09 16:41:27] [SEVERE ] placing card 7 in slot 1
[2022-12-09 16:41:28] [SEVERE ] placing card 42 in slot 2
[2022-12-09 16:41:28] [SEVERE ] placing card 70 in slot 3
[2022-12-09 16:41:28] [SEVERE ] placing card 41 in slot 4
[2022-12-09 16:41:28] [SEVERE ] placing card 23 in slot 5
[2022-12-09 16:41:28] [SEVERE ] placing card 10 in slot 6
[2022-12-09 16:41:28] [SEVERE ] placing card 58 in slot 7
[2022-12-09 16:41:28] [SEVERE ] placing card 50 in slot 8
[2022-12-09 16:41:28] [SEVERE ] placing card 68 in slot 9
[2022-12-09 16:41:28] [SEVERE ] placing card 30 in slot 10
[2022-12-09 16:41:29] [SEVERE ] placing card 4 in slot 11
[2022-12-09 16:42:29] [SEVERE ] removing tokens from slot 0
[2022-12-09 16:42:29] [SEVERE ] removing card from slot 0
[2022-12-09 16:42:29] [SEVERE ] removing tokens from slot 1
[2022-12-09 16:42:29] [SEVERE ] removing card from slot 1
[2022-12-09 16:42:29] [SEVERE ] removing tokens from slot 2
[2022-12-09 16:42:29] [SEVERE ] removing card from slot 2
[2022-12-09 16:42:29] [SEVERE ] removing tokens from slot 3
[2022-12-09 16:42:29] [SEVERE ] removing card from slot 3
[2022-12-09 16:42:29] [SEVERE ] removing tokens from slot 4
[2022-12-09 16:42:29] [SEVERE ] removing card from slot 4
[2022-12-09 16:42:29] [SEVERE ] removing tokens from slot 5
[2022-12-09 16:42:29] [SEVERE ] removing card from slot 5
[2022-12-09 16:42:29] [SEVERE ] removing tokens from slot 6
[2022-12-09 16:42:29] [SEVERE ] removing card from slot 6
[2022-12-09 16:42:29] [SEVERE ] removing tokens from slot 7
[2022-12-09 16:42:29] [SEVERE ] removing card from slot 7
[2022-12-09 16:42:30] [SEVERE ] removing tokens from slot 8
[2022-12-09 16:42:30] [SEVERE ] removing card from slot 8
[2022-12-09 16:42:30] [SEVERE ] removing tokens from slot 9
[2022-12-09 16:42:30] [SEVERE ] removing card from slot 9
[2022-12-09 16:42:30] [SEVERE ] removing tokens from slot 10
[2022-12-09 16:42:30] [SEVERE ] removing card from slot 10
[2022-12-09 16:42:30] [SEVERE ] removing tokens from slot 11
[2022-12-09 16:42:30] [SEVERE ] removing card from slot 11
[2022-12-09 16:42:30] [SEVERE ] placing card 16 in slot 0
[2022-12-09 16:42:30] [SEVERE ] placing card 11 in slot 1
[2022-12-09 16:42:30] [SEVERE ] placing card 7 in slot 2
[2022-12-09 16:42:30] [SEVERE ] placing card 9 in slot 3
[2022-12-09 16:42:30] [SEVERE ] placing card 5 in slot 4
[2022-12-09 16:42:31] [SEVERE ] placing card 77 in slot 5
[2022-12-09 16:42:31] [SEVERE ] placing card 0 in slot 6
[2022-12-09 16:42:31] [SEVERE ] placing card 72 in slot 7
[2022-12-09 16:42:31] [SEVERE ] placing card 65 in slot 8
[2022-12-09 16:42:31] [SEVERE ] placing card 18 in slot 9
[2022-12-09 16:42:31] [SEVERE ] placing card 24 in slot 10
[2022-12-09 16:42:31] [SEVERE ] placing card 48 in slot 11
[2022-12-09 16:43:31] [SEVERE ] removing tokens from slot 0
[2022-12-09 16:43:31] [SEVERE ] removing card from slot 0
[2022-12-09 16:43:31] [SEVERE ] removing tokens from slot 1
[2022-12-09 16:43:31] [SEVERE ] removing card from slot 1
[2022-12-09 16:43:32] [SEVERE ] removing tokens from slot 2
[2022-12-09 16:43:32] [SEVERE ] removing card from slot 2
[2022-12-09 16:43:32] [SEVERE ] removing tokens from slot 3
[2022-12-09 16:43:32] [SEVERE ] removing card from slot 3
[2022-12-09 16:43:32] [SEVERE ] removing tokens from slot 4
[2022-12-09 16:43:32] [SEVERE ] removing card from slot 4
[2022-12-09 16:43:32] [SEVERE ] removing tokens from slot 5
[2022-12-09 16:43:32] [SEVERE ] removing card from slot 5
[2022-12-09 16:43:32] [SEVERE ] removing tokens from slot 6
[2022-12-09 16:43:32] [SEVERE ] removing card from slot 6
[2022-12-09 16:43:32] [SEVERE ] removing tokens from slot 7
[2022-12-09 16:43:32] [SEVERE ] removing card from slot 7
[2022-12-09 16:43:32] [SEVERE ] removing tokens from slot 8
[2022-12-09 16:43:32] [SEVERE ] removing card from slot 8
[2022-12-09 16:43:32] [SEVERE ] removing tokens from slot 9
[2022-12-09 16:43:32] [SEVERE ] removing card from slot 9
[2022-12-09 16:43:32] [SEVERE ] removing tokens from slot 10
[2022-12-09 16:43:32] [SEVERE ] removing card from slot 10
[2022-12-09 16:43:33] [SEVERE ] removing tokens from slot 11
[2022-12-09 16:43:33] [SEVERE ] removing card from slot 11
[2022-12-09 16:43:33] [SEVERE ] placing card 1 in slot 0
[2022-12-09 16:43:33] [SEVERE ] placing card 42 in slot 1
[2022-12-09 16:43:33] [SEVERE ] placing card 75 in slot 2
[2022-12-09 16:43:33] [SEVERE ] placing card 27 in slot 3
[2022-12-09 16:43:33] [SEVERE ] placing card 31 in slot 4
[2022-12-09 16:43:33] [SEVERE ] placing card 23 in slot 5
[2022-12-09 16:43:33] [SEVERE ] placing card 18 in slot 6
[2022-12-09 16:43:33] [SEVERE ] placing card 58 in slot 7
[2022-12-09 16:43:34] [SEVERE ] placing card 15 in slot 8
[2022-12-09 16:43:34] [SEVERE ] placing card 24 in slot 9
[2022-12-09 16:43:34] [SEVERE ] placing card 80 in slot 10
[2022-12-09 16:43:34] [SEVERE ] placing card 44 in slot 11
[2022-12-09 16:44:34] [SEVERE ] removing tokens from slot 0
[2022-12-09 16:44:34] [SEVERE ] removing card from slot 0
[2022-12-09 16:44:34] [SEVERE ] removing tokens from slot 1
[2022-12-09 16:44:34] [SEVERE ] removing card from slot 1
[2022-12-09 16:44:34] [SEVERE ] removing tokens from slot 2
[2022-12-09 16:44:34] [SEVERE ] removing card from slot 2
[2022-12-09 16:44:34] [SEVERE ] removing tokens from slot 3
[2022-12-09 16:44:34] [SEVERE ] removing card from slot 3
[2022-12-09 16:44:34] [SEVERE ] removing tokens from slot 4
[2022-12-09 16:44:34] [SEVERE ] removing card from slot 4
[2022-12-09 16:44:35] [SEVERE ] removing tokens from slot 5
[2022-12-09 16:44:35] [SEVERE ] removing card from slot 5
[2022-12-09 16:44:35] [SEVERE ] removing tokens from slot 6
[2022-12-09 16:44:35] [SEVERE ] removing card from slot 6
[2022-12-09 16:44:35] [SEVERE ] removing tokens from slot 7
[2022-12-09 16:44:35] [SEVERE ] removing card from slot 7
[2022-12-09 16:44:35] [SEVERE ] removing tokens from slot 8
[2022-12-09 16:44:35] [SEVERE ] removing card from slot 8
[2022-12-09 16:44:35] [SEVERE ] removing tokens from slot 9
[2022-12-09 16:44:35] [SEVERE ] removing card from slot 9
[2022-12-09 16:44:35] [SEVERE ] removing tokens from slot 10
[2022-12-09 16:44:35] [SEVERE ] removing card from slot 10
[2022-12-09 16:44:35] [SEVERE ] removing tokens from slot 11
[2022-12-09 16:44:35] [SEVERE ] removing card from slot 11
[2022-12-09 16:44:35] [SEVERE ] placing card 30 in slot 0
[2022-12-09 16:44:35] [SEVERE ] placing card 6 in slot 1
[2022-12-09 16:44:36] [SEVERE ] placing card 13 in slot 2
[2022-12-09 16:44:36] [SEVERE ] placing card 63 in slot 3
[2022-12-09 16:44:36] [SEVERE ] placing card 27 in slot 4
[2022-12-09 16:44:36] [SEVERE ] placing card 2 in slot 5
[2022-12-09 16:44:36] [SEVERE ] placing card 15 in slot 6
[2022-12-09 16:44:36] [SEVERE ] placing card 77 in slot 7
[2022-12-09 16:44:36] [SEVERE ] placing card 18 in slot 8
[2022-12-09 16:44:36] [SEVERE ] placing card 28 in slot 9
[2022-12-09 16:44:36] [SEVERE ] placing card 8 in slot 10
[2022-12-09 16:44:37] [SEVERE ] placing card 60 in slot 11
[2022-12-09 16:44:57] [SEVERE ] Key 82 was pressed by player 0
[2022-12-09 16:44:57] [SEVERE ] player 0 placing token on slot 3
[2022-12-09 16:44:58] [SEVERE ] Key 70 was pressed by player 0
[2022-12-09 16:44:58] [SEVERE ] player 0 placing token on slot 7
[2022-12-09 16:45:00] [SEVERE ] Key 86 was pressed by player 0
[2022-12-09 16:45:00] [SEVERE ] player 0 placing token on slot 11
[2022-12-09 16:45:00] [SEVERE ] removing player 0 token from slot 3
[2022-12-09 16:45:00] [SEVERE ] removing player 0 token from slot 7
[2022-12-09 16:45:00] [SEVERE ] removing player 0 token from slot 11
[2022-12-09 16:45:30] [SEVERE ] Key 90 was pressed by player 0
[2022-12-09 16:45:30] [SEVERE ] player 0 placing token on slot 8
[2022-12-09 16:45:30] [SEVERE ] Key 67 was pressed by player 0
[2022-12-09 16:45:30] [SEVERE ] player 0 placing token on slot 10
[2022-12-09 16:45:32] [SEVERE ] Key 69 was pressed by player 0
[2022-12-09 16:45:32] [SEVERE ] player 0 placing token on slot 2
[2022-12-09 16:45:32] [SEVERE ] setting player 0 score to 2
[2022-12-09 16:45:32] [SEVERE ] removing tokens from slot 2
[2022-12-09 16:45:32] [SEVERE ] removing card from slot 2
[2022-12-09 16:45:32] [SEVERE ] removing tokens from slot 8
[2022-12-09 16:45:32] [SEVERE ] removing card from slot 8
[2022-12-09 16:45:32] [SEVERE ] removing tokens from slot 10
[2022-12-09 16:45:32] [SEVERE ] removing card from slot 10
[2022-12-09 16:45:32] [SEVERE ] placing card 44 in slot 2
[2022-12-09 16:45:32] [SEVERE ] placing card 65 in slot 8
[2022-12-09 16:45:32] [SEVERE ] placing card 78 in slot 10
[2022-12-09 16:46:32] [SEVERE ] removing tokens from slot 0
[2022-12-09 16:46:32] [SEVERE ] removing card from slot 0
[2022-12-09 16:46:32] [SEVERE ] removing tokens from slot 1
[2022-12-09 16:46:32] [SEVERE ] removing card from slot 1
[2022-12-09 16:46:32] [SEVERE ] removing tokens from slot 2
[2022-12-09 16:46:32] [SEVERE ] removing card from slot 2
[2022-12-09 16:46:32] [SEVERE ] removing tokens from slot 3
[2022-12-09 16:46:32] [SEVERE ] removing card from slot 3
[2022-12-09 16:46:33] [SEVERE ] removing tokens from slot 4
[2022-12-09 16:46:33] [SEVERE ] removing card from slot 4
[2022-12-09 16:46:33] [SEVERE ] removing tokens from slot 5
[2022-12-09 16:46:33] [SEVERE ] removing card from slot 5
[2022-12-09 16:46:33] [SEVERE ] removing tokens from slot 6
[2022-12-09 16:46:33] [SEVERE ] removing card from slot 6
[2022-12-09 16:46:33] [SEVERE ] removing tokens from slot 7
[2022-12-09 16:46:33] [SEVERE ] removing card from slot 7
[2022-12-09 16:46:33] [SEVERE ] removing tokens from slot 8
[2022-12-09 16:46:33] [SEVERE ] removing card from slot 8
[2022-12-09 16:46:33] [SEVERE ] removing tokens from slot 9
[2022-12-09 16:46:33] [SEVERE ] removing card from slot 9
[2022-12-09 16:46:33] [SEVERE ] removing tokens from slot 10
[2022-12-09 16:46:33] [SEVERE ] removing card from slot 10
[2022-12-09 16:46:33] [SEVERE ] removing tokens from slot 11
[2022-12-09 16:46:33] [SEVERE ] removing card from slot 11
[2022-12-09 16:46:33] [SEVERE ] placing card 38 in slot 0
[2022-12-09 16:46:34] [SEVERE ] placing card 68 in slot 1
[2022-12-09 16:46:34] [SEVERE ] placing card 55 in slot 2
[2022-12-09 16:46:34] [SEVERE ] placing card 6 in slot 3
[2022-12-09 16:46:34] [SEVERE ] placing card 19 in slot 4
[2022-12-09 16:46:34] [SEVERE ] placing card 65 in slot 5
[2022-12-09 16:46:34] [SEVERE ] placing card 60 in slot 6
[2022-12-09 16:46:34] [SEVERE ] placing card 44 in slot 7
[2022-12-09 16:46:34] [SEVERE ] placing card 79 in slot 8
[2022-12-09 16:46:34] [SEVERE ] placing card 2 in slot 9
[2022-12-09 16:46:35] [SEVERE ] placing card 3 in slot 10
[2022-12-09 16:46:35] [SEVERE ] placing card 59 in slot 11
[2022-12-09 16:47:35] [SEVERE ] removing tokens from slot 0
[2022-12-09 16:47:35] [SEVERE ] removing card from slot 0
[2022-12-09 16:47:35] [SEVERE ] removing tokens from slot 1
[2022-12-09 16:47:35] [SEVERE ] removing card from slot 1
[2022-12-09 16:47:35] [SEVERE ] removing tokens from slot 2
[2022-12-09 16:47:35] [SEVERE ] removing card from slot 2
[2022-12-09 16:47:35] [SEVERE ] removing tokens from slot 3
[2022-12-09 16:47:35] [SEVERE ] removing card from slot 3
[2022-12-09 16:47:35] [SEVERE ] removing tokens from slot 4
[2022-12-09 16:47:35] [SEVERE ] removing card from slot 4
[2022-12-09 16:47:35] [SEVERE ] removing tokens from slot 5
[2022-12-09 16:47:35] [SEVERE ] removing card from slot 5
[2022-12-09 16:47:35] [SEVERE ] removing tokens from slot 6
[2022-12-09 16:47:35] [SEVERE ] removing card from slot 6
[2022-12-09 16:47:36] [SEVERE ] removing tokens from slot 7
[2022-12-09 16:47:36] [SEVERE ] removing card from slot 7
[2022-12-09 16:47:36] [SEVERE ] removing tokens from slot 8
[2022-12-09 16:47:36] [SEVERE ] removing card from slot 8
[2022-12-09 16:47:36] [SEVERE ] removing tokens from slot 9
[2022-12-09 16:47:36] [SEVERE ] removing card from slot 9
[2022-12-09 16:47:36] [SEVERE ] removing tokens from slot 10
[2022-12-09 16:47:36] [SEVERE ] removing card from slot 10
[2022-12-09 16:47:36] [SEVERE ] removing tokens from slot 11
[2022-12-09 16:47:36] [SEVERE ] removing card from slot 11
[2022-12-09 16:47:36] [SEVERE ] placing card 40 in slot 0
[2022-12-09 16:47:36] [SEVERE ] placing card 22 in slot 1
[2022-12-09 16:47:36] [SEVERE ] placing card 1 in slot 2
[2022-12-09 16:47:36] [SEVERE ] placing card 9 in slot 3
[2022-12-09 16:47:37] [SEVERE ] placing card 58 in slot 4
[2022-12-09 16:47:37] [SEVERE ] placing card 60 in slot 5
[2022-12-09 16:47:37] [SEVERE ] placing card 72 in slot 6
[2022-12-09 16:47:37] [SEVERE ] placing card 35 in slot 7
[2022-12-09 16:47:37] [SEVERE ] placing card 37 in slot 8
[2022-12-09 16:47:37] [SEVERE ] placing card 52 in slot 9
[2022-12-09 16:47:37] [SEVERE ] placing card 33 in slot 10
[2022-12-09 16:47:37] [SEVERE ] placing card 68 in slot 11
[2022-12-09 16:48:37] [SEVERE ] removing tokens from slot 0
[2022-12-09 16:48:37] [SEVERE ] removing card from slot 0
[2022-12-09 16:48:38] [SEVERE ] removing tokens from slot 1
[2022-12-09 16:48:38] [SEVERE ] removing card from slot 1
[2022-12-09 16:48:38] [SEVERE ] removing tokens from slot 2
[2022-12-09 16:48:38] [SEVERE ] removing card from slot 2
[2022-12-09 16:48:38] [SEVERE ] removing tokens from slot 3
[2022-12-09 16:48:38] [SEVERE ] removing card from slot 3
[2022-12-09 16:48:38] [SEVERE ] removing tokens from slot 4
[2022-12-09 16:48:38] [SEVERE ] removing card from slot 4
[2022-12-09 16:48:38] [SEVERE ] removing tokens from slot 5
[2022-12-09 16:48:38] [SEVERE ] removing card from slot 5
[2022-12-09 16:48:38] [SEVERE ] removing tokens from slot 6
[2022-12-09 16:48:38] [SEVERE ] removing card from slot 6
[2022-12-09 16:48:38] [SEVERE ] removing tokens from slot 7
[2022-12-09 16:48:38] [SEVERE ] removing card from slot 7
[2022-12-09 16:48:38] [SEVERE ] removing tokens from slot 8
[2022-12-09 16:48:38] [SEVERE ] removing card from slot 8
[2022-12-09 16:48:38] [SEVERE ] removing tokens from slot 9
[2022-12-09 16:48:38] [SEVERE ] removing card from slot 9
[2022-12-09 16:48:39] [SEVERE ] removing tokens from slot 10
[2022-12-09 16:48:39] [SEVERE ] removing card from slot 10
[2022-12-09 16:48:39] [SEVERE ] removing tokens from slot 11
[2022-12-09 16:48:39] [SEVERE ] removing card from slot 11
[2022-12-09 16:48:39] [SEVERE ] placing card 77 in slot 0
[2022-12-09 16:48:39] [SEVERE ] placing card 67 in slot 1
[2022-12-09 16:48:39] [SEVERE ] placing card 23 in slot 2
[2022-12-09 16:48:39] [SEVERE ] placing card 39 in slot 3
[2022-12-09 16:48:39] [SEVERE ] placing card 41 in slot 4
[2022-12-09 16:48:39] [SEVERE ] placing card 37 in slot 5
[2022-12-09 16:48:39] [SEVERE ] placing card 59 in slot 6
[2022-12-09 16:48:40] [SEVERE ] placing card 12 in slot 7
[2022-12-09 16:48:40] [SEVERE ] placing card 66 in slot 8
[2022-12-09 16:48:40] [SEVERE ] placing card 45 in slot 9
[2022-12-09 16:48:40] [SEVERE ] placing card 57 in slot 10
[2022-12-09 16:48:40] [SEVERE ] placing card 79 in slot 11
[2022-12-09 16:49:40] [SEVERE ] removing tokens from slot 0
[2022-12-09 16:49:40] [SEVERE ] removing card from slot 0
[2022-12-09 16:49:40] [SEVERE ] removing tokens from slot 1
[2022-12-09 16:49:40] [SEVERE ] removing card from slot 1
[2022-12-09 16:49:40] [SEVERE ] removing tokens from slot 2
[2022-12-09 16:49:40] [SEVERE ] removing card from slot 2
[2022-12-09 16:49:40] [SEVERE ] removing tokens from slot 3
[2022-12-09 16:49:40] [SEVERE ] removing card from slot 3
[2022-12-09 16:49:41] [SEVERE ] removing tokens from slot 4
[2022-12-09 16:49:41] [SEVERE ] removing card from slot 4
[2022-12-09 16:49:41] [SEVERE ] removing tokens from slot 5
[2022-12-09 16:49:41] [SEVERE ] removing card from slot 5
[2022-12-09 16:49:41] [SEVERE ] removing tokens from slot 6
[2022-12-09 16:49:41] [SEVERE ] removing card from slot 6
[2022-12-09 16:49:41] [SEVERE ] removing tokens from slot 7
[2022-12-09 16:49:41] [SEVERE ] removing card from slot 7
[2022-12-09 16:49:41] [SEVERE ] removing tokens from slot 8
[2022-12-09 16:49:41] [SEVERE ] removing card from slot 8
[2022-12-09 16:49:41] [SEVERE ] removing tokens from slot 9
[2022-12-09 16:49:41] [SEVERE ] removing card from slot 9
[2022-12-09 16:49:41] [SEVERE ] removing tokens from slot 10
[2022-12-09 16:49:41] [SEVERE ] removing card from slot 10
[2022-12-09 16:49:41] [SEVERE ] removing tokens from slot 11
[2022-12-09 16:49:41] [SEVERE ] removing card from slot 11
[2022-12-09 16:49:41] [SEVERE ] placing card 3 in slot 0
[2022-12-09 16:49:42] [SEVERE ] placing card 64 in slot 1
[2022-12-09 16:49:42] [SEVERE ] placing card 27 in slot 2
[2022-12-09 16:49:42] [SEVERE ] placing card 73 in slot 3
[2022-12-09 16:49:42] [SEVERE ] placing card 65 in slot 4
[2022-12-09 16:49:42] [SEVERE ] placing card 1 in slot 5
[2022-12-09 16:49:42] [SEVERE ] placing card 80 in slot 6
[2022-12-09 16:49:42] [SEVERE ] placing card 71 in slot 7
[2022-12-09 16:49:42] [SEVERE ] placing card 70 in slot 8
[2022-12-09 16:49:42] [SEVERE ] placing card 45 in slot 9
[2022-12-09 16:49:43] [SEVERE ] placing card 63 in slot 10
[2022-12-09 16:49:43] [SEVERE ] placing card 4 in slot 11
