[2022-12-09 14:40:10] [INFO   ] cannot read configuration file config.properties trying from resources.
[2022-12-09 14:40:10] [INFO   ] configuration file was loaded from resources directory.
[2022-12-09 14:40:11] [INFO   ] Thread dealer starting.
[2022-12-09 14:40:11] [INFO   ] Thread Thread-1starting.
[2022-12-09 14:40:11] [INFO   ] Thread Thread-0starting.
[2022-12-09 14:40:11] [SEVERE ] placing card 43 in slot 0
[2022-12-09 14:40:11] [SEVERE ] placing card 44 in slot 1
[2022-12-09 14:40:11] [SEVERE ] placing card 9 in slot 2
[2022-12-09 14:40:11] [SEVERE ] placing card 61 in slot 3
[2022-12-09 14:40:11] [SEVERE ] placing card 56 in slot 4
[2022-12-09 14:40:11] [SEVERE ] placing card 31 in slot 5
[2022-12-09 14:40:12] [SEVERE ] placing card 32 in slot 6
[2022-12-09 14:40:12] [SEVERE ] placing card 27 in slot 7
[2022-12-09 14:40:12] [SEVERE ] placing card 6 in slot 8
[2022-12-09 14:40:12] [SEVERE ] placing card 33 in slot 9
[2022-12-09 14:40:12] [SEVERE ] placing card 68 in slot 10
[2022-12-09 14:40:12] [SEVERE ] placing card 15 in slot 11
[2022-12-09 14:40:14] [SEVERE ] Key 81 was pressed by player 0
[2022-12-09 14:40:14] [SEVERE ] player 0 placing token on slot 0
[2022-12-09 14:40:15] [SEVERE ] Key 87 was pressed by player 0
[2022-12-09 14:40:15] [SEVERE ] player 0 placing token on slot 1
[2022-12-09 14:40:15] [SEVERE ] Key 69 was pressed by player 0
[2022-12-09 14:40:15] [SEVERE ] player 0 placing token on slot 2
[2022-12-09 14:40:15] [SEVERE ] removing player 0 token from slot 0
[2022-12-09 14:40:15] [SEVERE ] removing player 0 token from slot 1
[2022-12-09 14:40:15] [SEVERE ] removing player 0 token from slot 2
