[2022-12-09 17:28:05] [INFO   ] cannot read configuration file config.properties trying from resources.
[2022-12-09 17:28:05] [INFO   ] configuration file was loaded from resources directory.
[2022-12-09 17:28:05] [INFO   ] Thread Thread-0starting.
[2022-12-09 17:28:05] [INFO   ] Thread Thread-2starting.
[2022-12-09 17:28:05] [INFO   ] Thread Thread-1starting.
[2022-12-09 17:28:05] [INFO   ] Thread dealer starting.
[2022-12-09 17:28:05] [INFO   ] Thread computer-2 starting.
[2022-12-09 17:28:05] [SEVERE ] placing card 54 in slot 0
[2022-12-09 17:28:05] [SEVERE ] placing card 48 in slot 1
[2022-12-09 17:28:06] [SEVERE ] placing card 43 in slot 2
[2022-12-09 17:28:06] [SEVERE ] placing card 11 in slot 3
[2022-12-09 17:28:06] [SEVERE ] placing card 73 in slot 4
[2022-12-09 17:28:06] [SEVERE ] placing card 44 in slot 5
[2022-12-09 17:28:06] [SEVERE ] placing card 80 in slot 6
[2022-12-09 17:28:06] [SEVERE ] placing card 15 in slot 7
[2022-12-09 17:28:06] [SEVERE ] placing card 55 in slot 8
[2022-12-09 17:28:06] [SEVERE ] placing card 42 in slot 9
[2022-12-09 17:28:06] [SEVERE ] placing card 25 in slot 10
[2022-12-09 17:28:07] [SEVERE ] placing card 76 in slot 11
[2022-12-09 17:29:07] [SEVERE ] removing tokens from slot 0
[2022-12-09 17:29:07] [SEVERE ] removing card from slot 0
[2022-12-09 17:29:07] [SEVERE ] removing tokens from slot 1
[2022-12-09 17:29:07] [SEVERE ] removing card from slot 1
[2022-12-09 17:29:07] [SEVERE ] removing tokens from slot 2
[2022-12-09 17:29:07] [SEVERE ] removing card from slot 2
[2022-12-09 17:29:07] [SEVERE ] removing tokens from slot 3
[2022-12-09 17:29:07] [SEVERE ] removing card from slot 3
[2022-12-09 17:29:07] [SEVERE ] removing tokens from slot 4
[2022-12-09 17:29:07] [SEVERE ] removing card from slot 4
[2022-12-09 17:29:07] [SEVERE ] removing tokens from slot 5
[2022-12-09 17:29:07] [SEVERE ] removing card from slot 5
[2022-12-09 17:29:07] [SEVERE ] removing tokens from slot 6
[2022-12-09 17:29:07] [SEVERE ] removing card from slot 6
[2022-12-09 17:29:07] [SEVERE ] removing tokens from slot 7
[2022-12-09 17:29:07] [SEVERE ] removing card from slot 7
[2022-12-09 17:29:08] [SEVERE ] removing tokens from slot 8
[2022-12-09 17:29:08] [SEVERE ] removing card from slot 8
[2022-12-09 17:29:08] [SEVERE ] removing tokens from slot 9
[2022-12-09 17:29:08] [SEVERE ] removing card from slot 9
[2022-12-09 17:29:08] [SEVERE ] removing tokens from slot 10
[2022-12-09 17:29:08] [SEVERE ] removing card from slot 10
[2022-12-09 17:29:08] [SEVERE ] removing tokens from slot 11
[2022-12-09 17:29:08] [SEVERE ] removing card from slot 11
[2022-12-09 17:29:08] [SEVERE ] placing card 78 in slot 0
[2022-12-09 17:29:08] [SEVERE ] placing card 75 in slot 1
[2022-12-09 17:29:08] [SEVERE ] placing card 61 in slot 2
[2022-12-09 17:29:08] [SEVERE ] placing card 48 in slot 3
[2022-12-09 17:29:08] [SEVERE ] placing card 41 in slot 4
[2022-12-09 17:29:09] [SEVERE ] placing card 42 in slot 5
[2022-12-09 17:29:09] [SEVERE ] placing card 4 in slot 6
[2022-12-09 17:29:09] [SEVERE ] placing card 6 in slot 7
[2022-12-09 17:29:09] [SEVERE ] placing card 77 in slot 8
[2022-12-09 17:29:09] [SEVERE ] placing card 32 in slot 9
[2022-12-09 17:29:09] [SEVERE ] placing card 44 in slot 10
[2022-12-09 17:29:09] [SEVERE ] placing card 8 in slot 11
