[2022-12-09 13:30:19] [INFO   ] cannot read configuration file config.properties trying from resources.
[2022-12-09 13:30:19] [INFO   ] configuration file was loaded from resources directory.
[2022-12-09 13:30:20] [INFO   ] Thread dealer starting.
[2022-12-09 13:30:20] [INFO   ] Thread Thread-1starting.
[2022-12-09 13:30:20] [INFO   ] Thread Thread-0starting.
[2022-12-09 13:30:20] [SEVERE ] placing card 9 in slot 0
[2022-12-09 13:30:20] [SEVERE ] placing card 49 in slot 1
[2022-12-09 13:30:20] [SEVERE ] placing card 77 in slot 2
[2022-12-09 13:30:20] [SEVERE ] placing card 72 in slot 3
[2022-12-09 13:30:20] [SEVERE ] placing card 62 in slot 4
[2022-12-09 13:30:21] [SEVERE ] placing card 56 in slot 5
[2022-12-09 13:30:21] [SEVERE ] placing card 42 in slot 6
[2022-12-09 13:30:21] [SEVERE ] placing card 22 in slot 7
[2022-12-09 13:30:21] [SEVERE ] placing card 43 in slot 8
[2022-12-09 13:30:21] [SEVERE ] placing card 65 in slot 9
[2022-12-09 13:30:21] [SEVERE ] placing card 28 in slot 10
[2022-12-09 13:30:21] [SEVERE ] placing card 7 in slot 11
[2022-12-09 13:30:23] [SEVERE ] Key 81 was pressed by player 0
[2022-12-09 13:30:23] [SEVERE ] player 0 placing token on slot 0
[2022-12-09 13:30:24] [SEVERE ] Key 87 was pressed by player 0
[2022-12-09 13:30:24] [SEVERE ] player 0 placing token on slot 1
[2022-12-09 13:30:24] [SEVERE ] Key 69 was pressed by player 0
[2022-12-09 13:30:24] [SEVERE ] player 0 placing token on slot 2
[2022-12-09 13:30:24] [INFO   ] Thread main terminated.
