[2022-12-09 15:18:42] [INFO   ] cannot read configuration file config.properties trying from resources.
[2022-12-09 15:18:42] [INFO   ] configuration file was loaded from resources directory.
[2022-12-09 15:18:43] [INFO   ] Thread dealer starting.
[2022-12-09 15:18:43] [INFO   ] Thread Thread-0starting.
[2022-12-09 15:18:43] [INFO   ] Thread Thread-1starting.
[2022-12-09 15:18:43] [SEVERE ] placing card 12 in slot 0
[2022-12-09 15:18:43] [SEVERE ] placing card 37 in slot 1
[2022-12-09 15:18:43] [SEVERE ] placing card 58 in slot 2
[2022-12-09 15:18:43] [SEVERE ] placing card 1 in slot 3
[2022-12-09 15:18:43] [SEVERE ] placing card 0 in slot 4
[2022-12-09 15:18:43] [SEVERE ] placing card 27 in slot 5
[2022-12-09 15:18:43] [SEVERE ] placing card 11 in slot 6
[2022-12-09 15:18:44] [SEVERE ] placing card 61 in slot 7
[2022-12-09 15:18:44] [SEVERE ] placing card 4 in slot 8
[2022-12-09 15:18:44] [SEVERE ] placing card 79 in slot 9
[2022-12-09 15:18:44] [SEVERE ] placing card 30 in slot 10
[2022-12-09 15:18:44] [SEVERE ] placing card 50 in slot 11
[2022-12-09 15:18:47] [SEVERE ] Key 81 was pressed by player 0
[2022-12-09 15:18:47] [SEVERE ] player 0 placing token on slot 0
[2022-12-09 15:18:47] [SEVERE ] Key 87 was pressed by player 0
[2022-12-09 15:18:47] [SEVERE ] player 0 placing token on slot 1
[2022-12-09 15:18:47] [SEVERE ] Key 69 was pressed by player 0
[2022-12-09 15:18:47] [SEVERE ] player 0 placing token on slot 2
[2022-12-09 15:18:47] [SEVERE ] removing player 0 token from slot 0
[2022-12-09 15:18:47] [SEVERE ] removing player 0 token from slot 1
[2022-12-09 15:18:47] [SEVERE ] removing player 0 token from slot 2
[2022-12-09 15:18:50] [INFO   ] Thread main terminated.
