[2022-12-09 16:14:20] [INFO   ] cannot read configuration file config.properties trying from resources.
[2022-12-09 16:14:20] [INFO   ] configuration file was loaded from resources directory.
[2022-12-09 16:14:21] [INFO   ] Thread dealer starting.
[2022-12-09 16:14:21] [INFO   ] Thread Thread-1starting.
[2022-12-09 16:14:21] [INFO   ] Thread Thread-0starting.
[2022-12-09 16:14:21] [SEVERE ] placing card 13 in slot 0
[2022-12-09 16:14:21] [SEVERE ] placing card 50 in slot 1
[2022-12-09 16:14:21] [SEVERE ] placing card 49 in slot 2
[2022-12-09 16:14:21] [SEVERE ] placing card 63 in slot 3
[2022-12-09 16:14:22] [SEVERE ] placing card 40 in slot 4
[2022-12-09 16:14:22] [SEVERE ] placing card 17 in slot 5
[2022-12-09 16:14:22] [SEVERE ] placing card 24 in slot 6
[2022-12-09 16:14:22] [SEVERE ] placing card 39 in slot 7
[2022-12-09 16:14:22] [SEVERE ] placing card 69 in slot 8
[2022-12-09 16:14:22] [SEVERE ] placing card 27 in slot 9
[2022-12-09 16:14:22] [SEVERE ] placing card 30 in slot 10
[2022-12-09 16:14:22] [SEVERE ] placing card 29 in slot 11
[2022-12-09 16:14:53] [SEVERE ] Key 87 was pressed by player 0
[2022-12-09 16:14:53] [SEVERE ] player 0 placing token on slot 1
[2022-12-09 16:14:54] [SEVERE ] Key 65 was pressed by player 0
[2022-12-09 16:14:54] [SEVERE ] player 0 placing token on slot 4
[2022-12-09 16:14:57] [SEVERE ] Key 67 was pressed by player 0
[2022-12-09 16:14:57] [SEVERE ] player 0 placing token on slot 10
[2022-12-09 16:14:57] [SEVERE ] setting player 0 score to 1
[2022-12-09 16:14:57] [SEVERE ] removing tokens from slot 1
[2022-12-09 16:14:57] [SEVERE ] removing card from slot 1
[2022-12-09 16:14:57] [SEVERE ] removing tokens from slot 4
[2022-12-09 16:14:57] [SEVERE ] removing card from slot 4
[2022-12-09 16:14:57] [SEVERE ] removing tokens from slot 10
[2022-12-09 16:14:57] [SEVERE ] removing card from slot 10
[2022-12-09 16:14:57] [SEVERE ] placing card 73 in slot 1
[2022-12-09 16:14:58] [SEVERE ] placing card 21 in slot 4
[2022-12-09 16:14:58] [SEVERE ] placing card 37 in slot 10
[2022-12-09 16:15:25] [SEVERE ] Key 65 was pressed by player 0
[2022-12-09 16:15:25] [SEVERE ] player 0 placing token on slot 4
[2022-12-09 16:15:26] [SEVERE ] Key 90 was pressed by player 0
[2022-12-09 16:15:26] [SEVERE ] player 0 placing token on slot 8
[2022-12-09 16:15:27] [SEVERE ] Key 88 was pressed by player 0
[2022-12-09 16:15:27] [SEVERE ] player 0 placing token on slot 9
[2022-12-09 16:15:27] [SEVERE ] setting player 0 score to 2
[2022-12-09 16:15:27] [SEVERE ] removing tokens from slot 4
[2022-12-09 16:15:27] [SEVERE ] removing card from slot 4
[2022-12-09 16:15:27] [SEVERE ] removing tokens from slot 8
[2022-12-09 16:15:27] [SEVERE ] removing card from slot 8
[2022-12-09 16:15:27] [SEVERE ] removing tokens from slot 9
[2022-12-09 16:15:27] [SEVERE ] removing card from slot 9
[2022-12-09 16:15:27] [SEVERE ] placing card 59 in slot 4
[2022-12-09 16:15:27] [SEVERE ] placing card 77 in slot 8
[2022-12-09 16:15:28] [SEVERE ] placing card 22 in slot 9
[2022-12-09 16:16:27] [SEVERE ] removing tokens from slot 0
[2022-12-09 16:16:27] [SEVERE ] removing card from slot 0
[2022-12-09 16:16:27] [SEVERE ] removing tokens from slot 1
[2022-12-09 16:16:27] [SEVERE ] removing card from slot 1
[2022-12-09 16:16:28] [SEVERE ] removing tokens from slot 2
[2022-12-09 16:16:28] [SEVERE ] removing card from slot 2
[2022-12-09 16:16:28] [SEVERE ] removing tokens from slot 3
[2022-12-09 16:16:28] [SEVERE ] removing card from slot 3
[2022-12-09 16:16:28] [SEVERE ] removing tokens from slot 4
[2022-12-09 16:16:28] [SEVERE ] removing card from slot 4
[2022-12-09 16:16:28] [SEVERE ] removing tokens from slot 5
[2022-12-09 16:16:28] [SEVERE ] removing card from slot 5
[2022-12-09 16:16:28] [SEVERE ] removing tokens from slot 6
[2022-12-09 16:16:28] [SEVERE ] removing card from slot 6
[2022-12-09 16:16:28] [SEVERE ] removing tokens from slot 7
[2022-12-09 16:16:28] [SEVERE ] removing card from slot 7
[2022-12-09 16:16:28] [SEVERE ] removing tokens from slot 8
[2022-12-09 16:16:28] [SEVERE ] removing card from slot 8
[2022-12-09 16:16:28] [SEVERE ] removing tokens from slot 9
[2022-12-09 16:16:28] [SEVERE ] removing card from slot 9
[2022-12-09 16:16:28] [SEVERE ] removing tokens from slot 10
[2022-12-09 16:16:28] [SEVERE ] removing card from slot 10
[2022-12-09 16:16:29] [SEVERE ] removing tokens from slot 11
[2022-12-09 16:16:29] [SEVERE ] removing card from slot 11
[2022-12-09 16:16:29] [SEVERE ] placing card 76 in slot 0
[2022-12-09 16:16:29] [SEVERE ] placing card 54 in slot 1
[2022-12-09 16:16:29] [SEVERE ] placing card 49 in slot 2
[2022-12-09 16:16:29] [SEVERE ] placing card 10 in slot 3
[2022-12-09 16:16:29] [SEVERE ] placing card 80 in slot 4
[2022-12-09 16:16:29] [SEVERE ] placing card 68 in slot 5
[2022-12-09 16:16:29] [SEVERE ] placing card 53 in slot 6
[2022-12-09 16:16:29] [SEVERE ] placing card 73 in slot 7
[2022-12-09 16:16:30] [SEVERE ] placing card 46 in slot 8
[2022-12-09 16:16:30] [SEVERE ] placing card 13 in slot 9
[2022-12-09 16:16:30] [SEVERE ] placing card 65 in slot 10
[2022-12-09 16:16:30] [SEVERE ] placing card 6 in slot 11
[2022-12-09 16:17:30] [SEVERE ] removing tokens from slot 0
[2022-12-09 16:17:30] [SEVERE ] removing card from slot 0
[2022-12-09 16:17:30] [SEVERE ] removing tokens from slot 1
[2022-12-09 16:17:30] [SEVERE ] removing card from slot 1
[2022-12-09 16:17:30] [SEVERE ] removing tokens from slot 2
[2022-12-09 16:17:30] [SEVERE ] removing card from slot 2
[2022-12-09 16:17:30] [SEVERE ] removing tokens from slot 3
[2022-12-09 16:17:30] [SEVERE ] removing card from slot 3
[2022-12-09 16:17:30] [SEVERE ] removing tokens from slot 4
[2022-12-09 16:17:30] [SEVERE ] removing card from slot 4
[2022-12-09 16:17:31] [SEVERE ] removing tokens from slot 5
[2022-12-09 16:17:31] [SEVERE ] removing card from slot 5
[2022-12-09 16:17:31] [SEVERE ] removing tokens from slot 6
[2022-12-09 16:17:31] [SEVERE ] removing card from slot 6
[2022-12-09 16:17:31] [SEVERE ] removing tokens from slot 7
[2022-12-09 16:17:31] [SEVERE ] removing card from slot 7
[2022-12-09 16:17:31] [SEVERE ] removing tokens from slot 8
[2022-12-09 16:17:31] [SEVERE ] removing card from slot 8
[2022-12-09 16:17:31] [SEVERE ] removing tokens from slot 9
[2022-12-09 16:17:31] [SEVERE ] removing card from slot 9
[2022-12-09 16:17:31] [SEVERE ] removing tokens from slot 10
[2022-12-09 16:17:31] [SEVERE ] removing card from slot 10
[2022-12-09 16:17:31] [SEVERE ] removing tokens from slot 11
[2022-12-09 16:17:31] [SEVERE ] removing card from slot 11
[2022-12-09 16:17:31] [SEVERE ] placing card 1 in slot 0
[2022-12-09 16:17:31] [SEVERE ] placing card 23 in slot 1
[2022-12-09 16:17:32] [SEVERE ] placing card 48 in slot 2
[2022-12-09 16:17:32] [SEVERE ] placing card 71 in slot 3
[2022-12-09 16:17:32] [SEVERE ] placing card 75 in slot 4
[2022-12-09 16:17:32] [SEVERE ] placing card 38 in slot 5
[2022-12-09 16:17:32] [SEVERE ] placing card 70 in slot 6
[2022-12-09 16:17:32] [SEVERE ] placing card 4 in slot 7
[2022-12-09 16:17:32] [SEVERE ] placing card 10 in slot 8
[2022-12-09 16:17:32] [SEVERE ] placing card 79 in slot 9
[2022-12-09 16:17:32] [SEVERE ] placing card 13 in slot 10
[2022-12-09 16:17:33] [SEVERE ] placing card 39 in slot 11
[2022-12-09 16:18:33] [SEVERE ] removing tokens from slot 0
[2022-12-09 16:18:33] [SEVERE ] removing card from slot 0
[2022-12-09 16:18:33] [SEVERE ] removing tokens from slot 1
[2022-12-09 16:18:33] [SEVERE ] removing card from slot 1
[2022-12-09 16:18:33] [SEVERE ] removing tokens from slot 2
[2022-12-09 16:18:33] [SEVERE ] removing card from slot 2
[2022-12-09 16:18:33] [SEVERE ] removing tokens from slot 3
[2022-12-09 16:18:33] [SEVERE ] removing card from slot 3
[2022-12-09 16:18:33] [SEVERE ] removing tokens from slot 4
[2022-12-09 16:18:33] [SEVERE ] removing card from slot 4
[2022-12-09 16:18:33] [SEVERE ] removing tokens from slot 5
[2022-12-09 16:18:33] [SEVERE ] removing card from slot 5
[2022-12-09 16:18:33] [SEVERE ] removing tokens from slot 6
[2022-12-09 16:18:33] [SEVERE ] removing card from slot 6
[2022-12-09 16:18:33] [SEVERE ] removing tokens from slot 7
[2022-12-09 16:18:33] [SEVERE ] removing card from slot 7
[2022-12-09 16:18:34] [SEVERE ] removing tokens from slot 8
[2022-12-09 16:18:34] [SEVERE ] removing card from slot 8
[2022-12-09 16:18:34] [SEVERE ] removing tokens from slot 9
[2022-12-09 16:18:34] [SEVERE ] removing card from slot 9
[2022-12-09 16:18:34] [SEVERE ] removing tokens from slot 10
[2022-12-09 16:18:34] [SEVERE ] removing card from slot 10
[2022-12-09 16:18:34] [SEVERE ] removing tokens from slot 11
[2022-12-09 16:18:34] [SEVERE ] removing card from slot 11
[2022-12-09 16:18:34] [SEVERE ] placing card 64 in slot 0
[2022-12-09 16:18:34] [SEVERE ] placing card 6 in slot 1
[2022-12-09 16:18:34] [SEVERE ] placing card 79 in slot 2
[2022-12-09 16:18:34] [SEVERE ] placing card 11 in slot 3
[2022-12-09 16:18:34] [SEVERE ] placing card 33 in slot 4
[2022-12-09 16:18:35] [SEVERE ] placing card 4 in slot 5
[2022-12-09 16:18:35] [SEVERE ] placing card 19 in slot 6
[2022-12-09 16:18:35] [SEVERE ] placing card 52 in slot 7
[2022-12-09 16:18:35] [SEVERE ] placing card 78 in slot 8
[2022-12-09 16:18:35] [SEVERE ] placing card 48 in slot 9
[2022-12-09 16:18:35] [SEVERE ] placing card 3 in slot 10
[2022-12-09 16:18:35] [SEVERE ] placing card 47 in slot 11
[2022-12-09 16:19:35] [SEVERE ] removing tokens from slot 0
[2022-12-09 16:19:35] [SEVERE ] removing card from slot 0
[2022-12-09 16:19:35] [SEVERE ] removing tokens from slot 1
[2022-12-09 16:19:35] [SEVERE ] removing card from slot 1
[2022-12-09 16:19:36] [SEVERE ] removing tokens from slot 2
[2022-12-09 16:19:36] [SEVERE ] removing card from slot 2
[2022-12-09 16:19:36] [SEVERE ] removing tokens from slot 3
[2022-12-09 16:19:36] [SEVERE ] removing card from slot 3
[2022-12-09 16:19:36] [SEVERE ] removing tokens from slot 4
[2022-12-09 16:19:36] [SEVERE ] removing card from slot 4
[2022-12-09 16:19:36] [SEVERE ] removing tokens from slot 5
[2022-12-09 16:19:36] [SEVERE ] removing card from slot 5
[2022-12-09 16:19:36] [SEVERE ] removing tokens from slot 6
[2022-12-09 16:19:36] [SEVERE ] removing card from slot 6
[2022-12-09 16:19:36] [SEVERE ] removing tokens from slot 7
[2022-12-09 16:19:36] [SEVERE ] removing card from slot 7
[2022-12-09 16:19:36] [SEVERE ] removing tokens from slot 8
[2022-12-09 16:19:36] [SEVERE ] removing card from slot 8
[2022-12-09 16:19:36] [SEVERE ] removing tokens from slot 9
[2022-12-09 16:19:36] [SEVERE ] removing card from slot 9
[2022-12-09 16:19:36] [SEVERE ] removing tokens from slot 10
[2022-12-09 16:19:36] [SEVERE ] removing card from slot 10
[2022-12-09 16:19:37] [SEVERE ] removing tokens from slot 11
[2022-12-09 16:19:37] [SEVERE ] removing card from slot 11
[2022-12-09 16:19:37] [SEVERE ] placing card 44 in slot 0
[2022-12-09 16:19:37] [SEVERE ] placing card 4 in slot 1
[2022-12-09 16:19:37] [SEVERE ] placing card 47 in slot 2
[2022-12-09 16:19:37] [SEVERE ] placing card 10 in slot 3
[2022-12-09 16:19:37] [SEVERE ] placing card 37 in slot 4
[2022-12-09 16:19:37] [SEVERE ] placing card 53 in slot 5
[2022-12-09 16:19:37] [SEVERE ] placing card 18 in slot 6
[2022-12-09 16:19:37] [SEVERE ] placing card 67 in slot 7
[2022-12-09 16:19:38] [SEVERE ] placing card 38 in slot 8
[2022-12-09 16:19:38] [SEVERE ] placing card 31 in slot 9
[2022-12-09 16:19:38] [SEVERE ] placing card 71 in slot 10
[2022-12-09 16:19:38] [SEVERE ] placing card 26 in slot 11
[2022-12-09 16:20:38] [SEVERE ] removing tokens from slot 0
[2022-12-09 16:20:38] [SEVERE ] removing card from slot 0
[2022-12-09 16:20:38] [SEVERE ] removing tokens from slot 1
[2022-12-09 16:20:38] [SEVERE ] removing card from slot 1
[2022-12-09 16:20:38] [SEVERE ] removing tokens from slot 2
[2022-12-09 16:20:38] [SEVERE ] removing card from slot 2
[2022-12-09 16:20:38] [SEVERE ] removing tokens from slot 3
[2022-12-09 16:20:38] [SEVERE ] removing card from slot 3
[2022-12-09 16:20:38] [SEVERE ] removing tokens from slot 4
[2022-12-09 16:20:38] [SEVERE ] removing card from slot 4
[2022-12-09 16:20:39] [SEVERE ] removing tokens from slot 5
[2022-12-09 16:20:39] [SEVERE ] removing card from slot 5
[2022-12-09 16:20:39] [SEVERE ] removing tokens from slot 6
[2022-12-09 16:20:39] [SEVERE ] removing card from slot 6
[2022-12-09 16:20:39] [SEVERE ] removing tokens from slot 7
[2022-12-09 16:20:39] [SEVERE ] removing card from slot 7
[2022-12-09 16:20:39] [SEVERE ] removing tokens from slot 8
[2022-12-09 16:20:39] [SEVERE ] removing card from slot 8
[2022-12-09 16:20:39] [SEVERE ] removing tokens from slot 9
[2022-12-09 16:20:39] [SEVERE ] removing card from slot 9
[2022-12-09 16:20:39] [SEVERE ] removing tokens from slot 10
[2022-12-09 16:20:39] [SEVERE ] removing card from slot 10
[2022-12-09 16:20:39] [SEVERE ] removing tokens from slot 11
[2022-12-09 16:20:39] [SEVERE ] removing card from slot 11
[2022-12-09 16:20:39] [SEVERE ] placing card 16 in slot 0
[2022-12-09 16:20:39] [SEVERE ] placing card 25 in slot 1
[2022-12-09 16:20:40] [SEVERE ] placing card 14 in slot 2
[2022-12-09 16:20:40] [SEVERE ] placing card 55 in slot 3
[2022-12-09 16:20:40] [SEVERE ] placing card 60 in slot 4
[2022-12-09 16:20:40] [SEVERE ] placing card 38 in slot 5
[2022-12-09 16:20:40] [SEVERE ] placing card 18 in slot 6
[2022-12-09 16:20:40] [SEVERE ] placing card 70 in slot 7
[2022-12-09 16:20:40] [SEVERE ] placing card 9 in slot 8
[2022-12-09 16:20:40] [SEVERE ] placing card 59 in slot 9
[2022-12-09 16:20:40] [SEVERE ] placing card 56 in slot 10
[2022-12-09 16:20:41] [SEVERE ] placing card 75 in slot 11
[2022-12-09 16:21:41] [SEVERE ] removing tokens from slot 0
[2022-12-09 16:21:41] [SEVERE ] removing card from slot 0
[2022-12-09 16:21:41] [SEVERE ] removing tokens from slot 1
[2022-12-09 16:21:41] [SEVERE ] removing card from slot 1
[2022-12-09 16:21:41] [SEVERE ] removing tokens from slot 2
[2022-12-09 16:21:41] [SEVERE ] removing card from slot 2
[2022-12-09 16:21:41] [SEVERE ] removing tokens from slot 3
[2022-12-09 16:21:41] [SEVERE ] removing card from slot 3
[2022-12-09 16:21:41] [SEVERE ] removing tokens from slot 4
[2022-12-09 16:21:41] [SEVERE ] removing card from slot 4
[2022-12-09 16:21:41] [SEVERE ] removing tokens from slot 5
[2022-12-09 16:21:41] [SEVERE ] removing card from slot 5
[2022-12-09 16:21:41] [SEVERE ] removing tokens from slot 6
[2022-12-09 16:21:41] [SEVERE ] removing card from slot 6
[2022-12-09 16:21:41] [SEVERE ] removing tokens from slot 7
[2022-12-09 16:21:41] [SEVERE ] removing card from slot 7
[2022-12-09 16:21:42] [SEVERE ] removing tokens from slot 8
[2022-12-09 16:21:42] [SEVERE ] removing card from slot 8
[2022-12-09 16:21:42] [SEVERE ] removing tokens from slot 9
[2022-12-09 16:21:42] [SEVERE ] removing card from slot 9
[2022-12-09 16:21:42] [SEVERE ] removing tokens from slot 10
[2022-12-09 16:21:42] [SEVERE ] removing card from slot 10
[2022-12-09 16:21:42] [SEVERE ] removing tokens from slot 11
[2022-12-09 16:21:42] [SEVERE ] removing card from slot 11
[2022-12-09 16:21:42] [SEVERE ] placing card 14 in slot 0
[2022-12-09 16:21:42] [SEVERE ] placing card 35 in slot 1
[2022-12-09 16:21:42] [SEVERE ] placing card 36 in slot 2
[2022-12-09 16:21:42] [SEVERE ] placing card 74 in slot 3
[2022-12-09 16:21:42] [SEVERE ] placing card 13 in slot 4
[2022-12-09 16:21:43] [SEVERE ] placing card 6 in slot 5
[2022-12-09 16:21:43] [SEVERE ] placing card 56 in slot 6
[2022-12-09 16:21:43] [SEVERE ] placing card 78 in slot 7
[2022-12-09 16:21:43] [SEVERE ] placing card 19 in slot 8
[2022-12-09 16:21:43] [SEVERE ] placing card 70 in slot 9
[2022-12-09 16:21:43] [SEVERE ] placing card 0 in slot 10
[2022-12-09 16:21:43] [SEVERE ] placing card 22 in slot 11
[2022-12-09 16:22:43] [SEVERE ] removing tokens from slot 0
[2022-12-09 16:22:43] [SEVERE ] removing card from slot 0
[2022-12-09 16:22:43] [SEVERE ] removing tokens from slot 1
[2022-12-09 16:22:43] [SEVERE ] removing card from slot 1
[2022-12-09 16:22:44] [SEVERE ] removing tokens from slot 2
[2022-12-09 16:22:44] [SEVERE ] removing card from slot 2
[2022-12-09 16:22:44] [SEVERE ] removing tokens from slot 3
[2022-12-09 16:22:44] [SEVERE ] removing card from slot 3
[2022-12-09 16:22:44] [SEVERE ] removing tokens from slot 4
[2022-12-09 16:22:44] [SEVERE ] removing card from slot 4
[2022-12-09 16:22:44] [SEVERE ] removing tokens from slot 5
[2022-12-09 16:22:44] [SEVERE ] removing card from slot 5
[2022-12-09 16:22:44] [SEVERE ] removing tokens from slot 6
[2022-12-09 16:22:44] [SEVERE ] removing card from slot 6
[2022-12-09 16:22:44] [SEVERE ] removing tokens from slot 7
[2022-12-09 16:22:44] [SEVERE ] removing card from slot 7
[2022-12-09 16:22:44] [SEVERE ] removing tokens from slot 8
[2022-12-09 16:22:44] [SEVERE ] removing card from slot 8
[2022-12-09 16:22:44] [SEVERE ] removing tokens from slot 9
[2022-12-09 16:22:44] [SEVERE ] removing card from slot 9
[2022-12-09 16:22:44] [SEVERE ] removing tokens from slot 10
[2022-12-09 16:22:44] [SEVERE ] removing card from slot 10
[2022-12-09 16:22:45] [SEVERE ] removing tokens from slot 11
[2022-12-09 16:22:45] [SEVERE ] removing card from slot 11
[2022-12-09 16:22:45] [SEVERE ] placing card 61 in slot 0
[2022-12-09 16:22:45] [SEVERE ] placing card 3 in slot 1
[2022-12-09 16:22:45] [SEVERE ] placing card 17 in slot 2
[2022-12-09 16:22:45] [SEVERE ] placing card 44 in slot 3
[2022-12-09 16:22:45] [SEVERE ] placing card 60 in slot 4
[2022-12-09 16:22:45] [SEVERE ] placing card 39 in slot 5
[2022-12-09 16:22:45] [SEVERE ] placing card 80 in slot 6
[2022-12-09 16:22:46] [SEVERE ] placing card 56 in slot 7
[2022-12-09 16:22:46] [SEVERE ] placing card 36 in slot 8
[2022-12-09 16:22:46] [SEVERE ] placing card 54 in slot 9
[2022-12-09 16:22:46] [SEVERE ] placing card 55 in slot 10
[2022-12-09 16:22:46] [SEVERE ] placing card 6 in slot 11
[2022-12-09 16:23:46] [SEVERE ] removing tokens from slot 0
[2022-12-09 16:23:46] [SEVERE ] removing card from slot 0
[2022-12-09 16:23:46] [SEVERE ] removing tokens from slot 1
[2022-12-09 16:23:46] [SEVERE ] removing card from slot 1
[2022-12-09 16:23:46] [SEVERE ] removing tokens from slot 2
[2022-12-09 16:23:46] [SEVERE ] removing card from slot 2
[2022-12-09 16:23:46] [SEVERE ] removing tokens from slot 3
[2022-12-09 16:23:46] [SEVERE ] removing card from slot 3
[2022-12-09 16:23:47] [SEVERE ] removing tokens from slot 4
[2022-12-09 16:23:47] [SEVERE ] removing card from slot 4
[2022-12-09 16:23:47] [SEVERE ] removing tokens from slot 5
[2022-12-09 16:23:47] [SEVERE ] removing card from slot 5
[2022-12-09 16:23:47] [SEVERE ] removing tokens from slot 6
[2022-12-09 16:23:47] [SEVERE ] removing card from slot 6
[2022-12-09 16:23:47] [SEVERE ] removing tokens from slot 7
[2022-12-09 16:23:47] [SEVERE ] removing card from slot 7
[2022-12-09 16:23:47] [SEVERE ] removing tokens from slot 8
[2022-12-09 16:23:47] [SEVERE ] removing card from slot 8
[2022-12-09 16:23:47] [SEVERE ] removing tokens from slot 9
[2022-12-09 16:23:47] [SEVERE ] removing card from slot 9
[2022-12-09 16:23:47] [SEVERE ] removing tokens from slot 10
[2022-12-09 16:23:47] [SEVERE ] removing card from slot 10
[2022-12-09 16:23:47] [SEVERE ] removing tokens from slot 11
[2022-12-09 16:23:47] [SEVERE ] removing card from slot 11
[2022-12-09 16:23:47] [SEVERE ] placing card 45 in slot 0
[2022-12-09 16:23:48] [SEVERE ] placing card 58 in slot 1
[2022-12-09 16:23:48] [SEVERE ] placing card 29 in slot 2
[2022-12-09 16:23:48] [SEVERE ] placing card 23 in slot 3
[2022-12-09 16:23:48] [SEVERE ] placing card 43 in slot 4
[2022-12-09 16:23:48] [SEVERE ] placing card 60 in slot 5
[2022-12-09 16:23:48] [SEVERE ] placing card 70 in slot 6
[2022-12-09 16:23:48] [SEVERE ] placing card 19 in slot 7
[2022-12-09 16:23:48] [SEVERE ] placing card 1 in slot 8
[2022-12-09 16:23:48] [SEVERE ] placing card 6 in slot 9
[2022-12-09 16:23:49] [SEVERE ] placing card 66 in slot 10
[2022-12-09 16:23:49] [SEVERE ] placing card 26 in slot 11
[2022-12-09 16:24:49] [SEVERE ] removing tokens from slot 0
[2022-12-09 16:24:49] [SEVERE ] removing card from slot 0
[2022-12-09 16:24:49] [SEVERE ] removing tokens from slot 1
[2022-12-09 16:24:49] [SEVERE ] removing card from slot 1
[2022-12-09 16:24:49] [SEVERE ] removing tokens from slot 2
[2022-12-09 16:24:49] [SEVERE ] removing card from slot 2
[2022-12-09 16:24:49] [SEVERE ] removing tokens from slot 3
[2022-12-09 16:24:49] [SEVERE ] removing card from slot 3
[2022-12-09 16:24:49] [SEVERE ] removing tokens from slot 4
[2022-12-09 16:24:49] [SEVERE ] removing card from slot 4
[2022-12-09 16:24:49] [SEVERE ] removing tokens from slot 5
[2022-12-09 16:24:49] [SEVERE ] removing card from slot 5
[2022-12-09 16:24:49] [SEVERE ] removing tokens from slot 6
[2022-12-09 16:24:49] [SEVERE ] removing card from slot 6
[2022-12-09 16:24:50] [SEVERE ] removing tokens from slot 7
[2022-12-09 16:24:50] [SEVERE ] removing card from slot 7
[2022-12-09 16:24:50] [SEVERE ] removing tokens from slot 8
[2022-12-09 16:24:50] [SEVERE ] removing card from slot 8
[2022-12-09 16:24:50] [SEVERE ] removing tokens from slot 9
[2022-12-09 16:24:50] [SEVERE ] removing card from slot 9
[2022-12-09 16:24:50] [SEVERE ] removing tokens from slot 10
[2022-12-09 16:24:50] [SEVERE ] removing card from slot 10
[2022-12-09 16:24:50] [SEVERE ] removing tokens from slot 11
[2022-12-09 16:24:50] [SEVERE ] removing card from slot 11
[2022-12-09 16:24:50] [SEVERE ] placing card 44 in slot 0
[2022-12-09 16:24:50] [SEVERE ] placing card 35 in slot 1
[2022-12-09 16:24:50] [SEVERE ] placing card 58 in slot 2
[2022-12-09 16:24:50] [SEVERE ] placing card 45 in slot 3
[2022-12-09 16:24:51] [SEVERE ] placing card 51 in slot 4
[2022-12-09 16:24:51] [SEVERE ] placing card 13 in slot 5
[2022-12-09 16:24:51] [SEVERE ] placing card 6 in slot 6
[2022-12-09 16:24:51] [SEVERE ] placing card 0 in slot 7
[2022-12-09 16:24:51] [SEVERE ] placing card 52 in slot 8
[2022-12-09 16:24:51] [SEVERE ] placing card 20 in slot 9
[2022-12-09 16:24:51] [SEVERE ] placing card 64 in slot 10
[2022-12-09 16:24:51] [SEVERE ] placing card 72 in slot 11
[2022-12-09 16:25:51] [SEVERE ] removing tokens from slot 0
[2022-12-09 16:25:51] [SEVERE ] removing card from slot 0
[2022-12-09 16:25:52] [SEVERE ] removing tokens from slot 1
[2022-12-09 16:25:52] [SEVERE ] removing card from slot 1
[2022-12-09 16:25:52] [SEVERE ] removing tokens from slot 2
[2022-12-09 16:25:52] [SEVERE ] removing card from slot 2
[2022-12-09 16:25:52] [SEVERE ] removing tokens from slot 3
[2022-12-09 16:25:52] [SEVERE ] removing card from slot 3
[2022-12-09 16:25:52] [SEVERE ] removing tokens from slot 4
[2022-12-09 16:25:52] [SEVERE ] removing card from slot 4
[2022-12-09 16:25:52] [SEVERE ] removing tokens from slot 5
[2022-12-09 16:25:52] [SEVERE ] removing card from slot 5
[2022-12-09 16:25:52] [SEVERE ] removing tokens from slot 6
[2022-12-09 16:25:52] [SEVERE ] removing card from slot 6
[2022-12-09 16:25:52] [SEVERE ] removing tokens from slot 7
[2022-12-09 16:25:52] [SEVERE ] removing card from slot 7
[2022-12-09 16:25:52] [SEVERE ] removing tokens from slot 8
[2022-12-09 16:25:52] [SEVERE ] removing card from slot 8
[2022-12-09 16:25:52] [SEVERE ] removing tokens from slot 9
[2022-12-09 16:25:52] [SEVERE ] removing card from slot 9
[2022-12-09 16:25:53] [SEVERE ] removing tokens from slot 10
[2022-12-09 16:25:53] [SEVERE ] removing card from slot 10
[2022-12-09 16:25:53] [SEVERE ] removing tokens from slot 11
[2022-12-09 16:25:53] [SEVERE ] removing card from slot 11
[2022-12-09 16:25:53] [SEVERE ] placing card 39 in slot 0
[2022-12-09 16:25:53] [SEVERE ] placing card 7 in slot 1
[2022-12-09 16:25:53] [SEVERE ] placing card 41 in slot 2
[2022-12-09 16:25:53] [SEVERE ] placing card 1 in slot 3
[2022-12-09 16:25:53] [SEVERE ] placing card 4 in slot 4
[2022-12-09 16:25:53] [SEVERE ] placing card 12 in slot 5
[2022-12-09 16:25:53] [SEVERE ] placing card 3 in slot 6
[2022-12-09 16:25:54] [SEVERE ] placing card 0 in slot 7
[2022-12-09 16:25:54] [SEVERE ] placing card 80 in slot 8
[2022-12-09 16:25:54] [SEVERE ] placing card 8 in slot 9
[2022-12-09 16:25:54] [SEVERE ] placing card 36 in slot 10
[2022-12-09 16:25:54] [SEVERE ] placing card 68 in slot 11
[2022-12-09 16:26:54] [SEVERE ] removing tokens from slot 0
[2022-12-09 16:26:54] [SEVERE ] removing card from slot 0
[2022-12-09 16:26:54] [SEVERE ] removing tokens from slot 1
[2022-12-09 16:26:54] [SEVERE ] removing card from slot 1
[2022-12-09 16:26:54] [SEVERE ] removing tokens from slot 2
[2022-12-09 16:26:54] [SEVERE ] removing card from slot 2
[2022-12-09 16:26:54] [SEVERE ] removing tokens from slot 3
[2022-12-09 16:26:54] [SEVERE ] removing card from slot 3
[2022-12-09 16:26:55] [SEVERE ] removing tokens from slot 4
[2022-12-09 16:26:55] [SEVERE ] removing card from slot 4
[2022-12-09 16:26:55] [SEVERE ] removing tokens from slot 5
[2022-12-09 16:26:55] [SEVERE ] removing card from slot 5
[2022-12-09 16:26:55] [SEVERE ] removing tokens from slot 6
[2022-12-09 16:26:55] [SEVERE ] removing card from slot 6
[2022-12-09 16:26:55] [SEVERE ] removing tokens from slot 7
[2022-12-09 16:26:55] [SEVERE ] removing card from slot 7
[2022-12-09 16:26:55] [SEVERE ] removing tokens from slot 8
[2022-12-09 16:26:55] [SEVERE ] removing card from slot 8
[2022-12-09 16:26:55] [SEVERE ] removing tokens from slot 9
[2022-12-09 16:26:55] [SEVERE ] removing card from slot 9
[2022-12-09 16:26:55] [SEVERE ] removing tokens from slot 10
[2022-12-09 16:26:55] [SEVERE ] removing card from slot 10
[2022-12-09 16:26:55] [SEVERE ] removing tokens from slot 11
[2022-12-09 16:26:55] [SEVERE ] removing card from slot 11
[2022-12-09 16:26:55] [SEVERE ] placing card 7 in slot 0
[2022-12-09 16:26:56] [SEVERE ] placing card 38 in slot 1
[2022-12-09 16:26:56] [SEVERE ] placing card 59 in slot 2
[2022-12-09 16:26:56] [SEVERE ] placing card 52 in slot 3
[2022-12-09 16:26:56] [SEVERE ] placing card 48 in slot 4
[2022-12-09 16:26:56] [SEVERE ] placing card 16 in slot 5
[2022-12-09 16:26:56] [SEVERE ] placing card 31 in slot 6
[2022-12-09 16:26:56] [SEVERE ] placing card 65 in slot 7
[2022-12-09 16:26:56] [SEVERE ] placing card 62 in slot 8
[2022-12-09 16:26:56] [SEVERE ] placing card 24 in slot 9
[2022-12-09 16:26:57] [SEVERE ] placing card 43 in slot 10
[2022-12-09 16:26:57] [SEVERE ] placing card 33 in slot 11
