[2022-12-09 14:02:18] [INFO   ] cannot read configuration file config.properties trying from resources.
[2022-12-09 14:02:18] [INFO   ] configuration file was loaded from resources directory.
[2022-12-09 14:02:19] [INFO   ] Thread dealer starting.
[2022-12-09 14:02:19] [INFO   ] Thread Thread-1starting.
[2022-12-09 14:02:19] [INFO   ] Thread Thread-0starting.
[2022-12-09 14:02:20] [SEVERE ] placing card 55 in slot 0
[2022-12-09 14:02:20] [SEVERE ] placing card 52 in slot 1
[2022-12-09 14:02:20] [SEVERE ] placing card 73 in slot 2
[2022-12-09 14:02:20] [SEVERE ] placing card 72 in slot 3
[2022-12-09 14:02:20] [SEVERE ] placing card 49 in slot 4
[2022-12-09 14:02:20] [SEVERE ] placing card 6 in slot 5
[2022-12-09 14:02:20] [SEVERE ] placing card 69 in slot 6
[2022-12-09 14:02:21] [SEVERE ] placing card 43 in slot 7
[2022-12-09 14:02:21] [SEVERE ] placing card 35 in slot 8
[2022-12-09 14:02:21] [SEVERE ] placing card 11 in slot 9
[2022-12-09 14:02:21] [SEVERE ] placing card 45 in slot 10
[2022-12-09 14:02:21] [SEVERE ] placing card 50 in slot 11
[2022-12-09 14:03:21] [SEVERE ] removing tokens from slot 0
[2022-12-09 14:03:21] [SEVERE ] removing card from slot 0
[2022-12-09 14:03:21] [SEVERE ] removing tokens from slot 1
[2022-12-09 14:03:21] [SEVERE ] removing card from slot 1
[2022-12-09 14:03:21] [SEVERE ] removing tokens from slot 2
[2022-12-09 14:03:21] [SEVERE ] removing card from slot 2
[2022-12-09 14:03:21] [SEVERE ] removing tokens from slot 3
[2022-12-09 14:03:21] [SEVERE ] removing card from slot 3
[2022-12-09 14:03:22] [SEVERE ] removing tokens from slot 4
[2022-12-09 14:03:22] [SEVERE ] removing card from slot 4
[2022-12-09 14:03:22] [SEVERE ] removing tokens from slot 5
[2022-12-09 14:03:22] [SEVERE ] removing card from slot 5
[2022-12-09 14:03:22] [SEVERE ] removing tokens from slot 6
[2022-12-09 14:03:22] [SEVERE ] removing card from slot 6
[2022-12-09 14:03:22] [SEVERE ] removing tokens from slot 7
[2022-12-09 14:03:22] [SEVERE ] removing card from slot 7
[2022-12-09 14:03:22] [SEVERE ] removing tokens from slot 8
[2022-12-09 14:03:22] [SEVERE ] removing card from slot 8
[2022-12-09 14:03:22] [SEVERE ] removing tokens from slot 9
[2022-12-09 14:03:22] [SEVERE ] removing card from slot 9
[2022-12-09 14:03:22] [SEVERE ] removing tokens from slot 10
[2022-12-09 14:03:22] [SEVERE ] removing card from slot 10
[2022-12-09 14:03:22] [SEVERE ] removing tokens from slot 11
[2022-12-09 14:03:22] [SEVERE ] removing card from slot 11
[2022-12-09 14:03:23] [SEVERE ] placing card 38 in slot 0
[2022-12-09 14:03:23] [SEVERE ] placing card 60 in slot 1
[2022-12-09 14:03:23] [SEVERE ] placing card 68 in slot 2
[2022-12-09 14:03:23] [SEVERE ] placing card 0 in slot 3
[2022-12-09 14:03:23] [SEVERE ] placing card 21 in slot 4
[2022-12-09 14:03:23] [SEVERE ] placing card 29 in slot 5
[2022-12-09 14:03:23] [SEVERE ] placing card 78 in slot 6
[2022-12-09 14:03:23] [SEVERE ] placing card 37 in slot 7
[2022-12-09 14:03:23] [SEVERE ] placing card 48 in slot 8
[2022-12-09 14:03:24] [SEVERE ] placing card 20 in slot 9
[2022-12-09 14:03:24] [SEVERE ] placing card 45 in slot 10
[2022-12-09 14:03:24] [SEVERE ] placing card 80 in slot 11
