[2022-12-09 15:38:18] [INFO   ] cannot read configuration file config.properties trying from resources.
[2022-12-09 15:38:18] [INFO   ] configuration file was loaded from resources directory.
[2022-12-09 15:38:18] [INFO   ] Thread dealer starting.
[2022-12-09 15:38:18] [INFO   ] Thread Thread-0starting.
[2022-12-09 15:38:18] [INFO   ] Thread Thread-1starting.
[2022-12-09 15:38:18] [SEVERE ] placing card 39 in slot 0
[2022-12-09 15:38:19] [SEVERE ] placing card 37 in slot 1
[2022-12-09 15:38:19] [SEVERE ] placing card 35 in slot 2
[2022-12-09 15:38:19] [SEVERE ] placing card 12 in slot 3
[2022-12-09 15:38:19] [SEVERE ] placing card 44 in slot 4
[2022-12-09 15:38:19] [SEVERE ] placing card 62 in slot 5
[2022-12-09 15:38:19] [SEVERE ] placing card 58 in slot 6
[2022-12-09 15:38:19] [SEVERE ] placing card 11 in slot 7
[2022-12-09 15:38:19] [SEVERE ] placing card 21 in slot 8
[2022-12-09 15:38:19] [SEVERE ] placing card 1 in slot 9
[2022-12-09 15:38:20] [SEVERE ] placing card 77 in slot 10
[2022-12-09 15:38:20] [SEVERE ] placing card 51 in slot 11
[2022-12-09 15:38:22] [SEVERE ] Key 81 was pressed by player 0
[2022-12-09 15:38:22] [SEVERE ] player 0 placing token on slot 0
[2022-12-09 15:38:22] [SEVERE ] Key 87 was pressed by player 0
[2022-12-09 15:38:22] [SEVERE ] player 0 placing token on slot 1
[2022-12-09 15:38:23] [SEVERE ] Key 69 was pressed by player 0
[2022-12-09 15:38:23] [SEVERE ] player 0 placing token on slot 2
[2022-12-09 15:38:23] [SEVERE ] removing player 0 token from slot 0
[2022-12-09 15:38:23] [SEVERE ] removing player 0 token from slot 1
[2022-12-09 15:38:23] [SEVERE ] removing player 0 token from slot 2
[2022-12-09 15:38:23] [INFO   ] Thread main terminated.
