[2022-12-09 15:34:00] [INFO   ] cannot read configuration file config.properties trying from resources.
[2022-12-09 15:34:00] [INFO   ] configuration file was loaded from resources directory.
[2022-12-09 15:34:01] [INFO   ] Thread dealer starting.
[2022-12-09 15:34:01] [INFO   ] Thread Thread-0starting.
[2022-12-09 15:34:01] [INFO   ] Thread Thread-1starting.
[2022-12-09 15:34:01] [SEVERE ] placing card 39 in slot 0
[2022-12-09 15:34:01] [SEVERE ] placing card 70 in slot 1
[2022-12-09 15:34:01] [SEVERE ] placing card 75 in slot 2
[2022-12-09 15:34:01] [SEVERE ] placing card 11 in slot 3
[2022-12-09 15:34:01] [SEVERE ] placing card 48 in slot 4
[2022-12-09 15:34:01] [SEVERE ] placing card 80 in slot 5
[2022-12-09 15:34:01] [SEVERE ] placing card 55 in slot 6
[2022-12-09 15:34:02] [SEVERE ] placing card 76 in slot 7
[2022-12-09 15:34:02] [SEVERE ] placing card 9 in slot 8
[2022-12-09 15:34:02] [SEVERE ] placing card 23 in slot 9
[2022-12-09 15:34:02] [SEVERE ] placing card 6 in slot 10
[2022-12-09 15:34:02] [SEVERE ] placing card 2 in slot 11
[2022-12-09 15:34:04] [SEVERE ] Key 81 was pressed by player 0
[2022-12-09 15:34:04] [SEVERE ] player 0 placing token on slot 0
[2022-12-09 15:34:05] [SEVERE ] Key 87 was pressed by player 0
[2022-12-09 15:34:05] [SEVERE ] player 0 placing token on slot 1
[2022-12-09 15:34:05] [SEVERE ] Key 69 was pressed by player 0
[2022-12-09 15:34:05] [SEVERE ] player 0 placing token on slot 2
[2022-12-09 15:34:05] [SEVERE ] removing player 0 token from slot 0
[2022-12-09 15:34:05] [SEVERE ] removing player 0 token from slot 1
[2022-12-09 15:34:05] [SEVERE ] removing player 0 token from slot 2
[2022-12-09 15:34:08] [INFO   ] Thread main terminated.
