[2022-12-09 14:35:31] [INFO   ] cannot read configuration file config.properties trying from resources.
[2022-12-09 14:35:31] [INFO   ] configuration file was loaded from resources directory.
[2022-12-09 14:35:32] [INFO   ] Thread dealer starting.
[2022-12-09 14:35:32] [INFO   ] Thread Thread-0starting.
[2022-12-09 14:35:32] [INFO   ] Thread Thread-1starting.
[2022-12-09 14:35:32] [SEVERE ] placing card 1 in slot 0
[2022-12-09 14:35:33] [SEVERE ] placing card 36 in slot 1
[2022-12-09 14:35:33] [SEVERE ] placing card 44 in slot 2
[2022-12-09 14:35:33] [SEVERE ] placing card 3 in slot 3
[2022-12-09 14:35:33] [SEVERE ] placing card 37 in slot 4
[2022-12-09 14:35:33] [SEVERE ] placing card 65 in slot 5
[2022-12-09 14:35:33] [SEVERE ] placing card 11 in slot 6
[2022-12-09 14:35:33] [SEVERE ] placing card 61 in slot 7
[2022-12-09 14:35:34] [SEVERE ] placing card 73 in slot 8
[2022-12-09 14:35:34] [SEVERE ] placing card 80 in slot 9
[2022-12-09 14:35:34] [SEVERE ] placing card 45 in slot 10
[2022-12-09 14:35:34] [SEVERE ] placing card 14 in slot 11
[2022-12-09 14:35:54] [SEVERE ] Key 81 was pressed by player 0
[2022-12-09 14:35:54] [SEVERE ] player 0 placing token on slot 0
[2022-12-09 14:35:55] [SEVERE ] Key 87 was pressed by player 0
[2022-12-09 14:35:55] [SEVERE ] player 0 placing token on slot 1
[2022-12-09 14:35:56] [SEVERE ] Key 69 was pressed by player 0
[2022-12-09 14:35:56] [SEVERE ] player 0 placing token on slot 2
