[2022-12-09 14:22:10] [INFO   ] cannot read configuration file config.properties trying from resources.
[2022-12-09 14:22:10] [INFO   ] configuration file was loaded from resources directory.
[2022-12-09 14:22:11] [INFO   ] Thread dealer starting.
[2022-12-09 14:22:11] [INFO   ] Thread Thread-1starting.
[2022-12-09 14:22:11] [INFO   ] Thread Thread-0starting.
[2022-12-09 14:22:11] [SEVERE ] placing card 71 in slot 0
[2022-12-09 14:22:12] [SEVERE ] placing card 49 in slot 1
[2022-12-09 14:22:12] [SEVERE ] placing card 39 in slot 2
[2022-12-09 14:22:12] [SEVERE ] placing card 2 in slot 3
[2022-12-09 14:22:12] [SEVERE ] placing card 31 in slot 4
[2022-12-09 14:22:12] [SEVERE ] placing card 5 in slot 5
[2022-12-09 14:22:12] [SEVERE ] placing card 48 in slot 6
[2022-12-09 14:22:12] [SEVERE ] placing card 29 in slot 7
[2022-12-09 14:22:12] [SEVERE ] placing card 55 in slot 8
[2022-12-09 14:22:12] [SEVERE ] placing card 21 in slot 9
[2022-12-09 14:22:13] [SEVERE ] placing card 44 in slot 10
[2022-12-09 14:22:13] [SEVERE ] placing card 61 in slot 11
[2022-12-09 14:22:15] [SEVERE ] Key 81 was pressed by player 0
[2022-12-09 14:22:15] [SEVERE ] player 0 placing token on slot 0
[2022-12-09 14:22:15] [SEVERE ] Key 87 was pressed by player 0
[2022-12-09 14:22:15] [SEVERE ] player 0 placing token on slot 1
[2022-12-09 14:22:15] [SEVERE ] Key 69 was pressed by player 0
[2022-12-09 14:22:15] [SEVERE ] player 0 placing token on slot 2
[2022-12-09 14:27:45] [SEVERE ] Exit button pressed
