[2022-12-09 16:58:26] [INFO   ] cannot read configuration file config.properties trying from resources.
[2022-12-09 16:58:26] [INFO   ] configuration file was loaded from resources directory.
[2022-12-09 16:58:27] [INFO   ] Thread dealer starting.
[2022-12-09 16:58:27] [INFO   ] Thread Thread-1starting.
[2022-12-09 16:58:27] [INFO   ] Thread Thread-0starting.
[2022-12-09 16:58:27] [SEVERE ] placing card 28 in slot 0
[2022-12-09 16:58:27] [SEVERE ] placing card 24 in slot 1
[2022-12-09 16:58:27] [SEVERE ] placing card 43 in slot 2
[2022-12-09 16:58:27] [SEVERE ] placing card 23 in slot 3
[2022-12-09 16:58:27] [SEVERE ] placing card 65 in slot 4
[2022-12-09 16:58:27] [SEVERE ] placing card 3 in slot 5
[2022-12-09 16:58:28] [SEVERE ] placing card 79 in slot 6
[2022-12-09 16:58:28] [SEVERE ] placing card 64 in slot 7
[2022-12-09 16:58:28] [SEVERE ] placing card 36 in slot 8
[2022-12-09 16:58:28] [SEVERE ] placing card 73 in slot 9
[2022-12-09 16:58:28] [SEVERE ] placing card 62 in slot 10
[2022-12-09 16:58:28] [SEVERE ] placing card 30 in slot 11
[2022-12-09 16:59:28] [SEVERE ] removing tokens from slot 0
[2022-12-09 16:59:28] [SEVERE ] removing card from slot 0
[2022-12-09 16:59:28] [SEVERE ] removing tokens from slot 1
[2022-12-09 16:59:28] [SEVERE ] removing card from slot 1
[2022-12-09 16:59:28] [SEVERE ] removing tokens from slot 2
[2022-12-09 16:59:28] [SEVERE ] removing card from slot 2
[2022-12-09 16:59:29] [SEVERE ] removing tokens from slot 3
[2022-12-09 16:59:29] [SEVERE ] removing card from slot 3
[2022-12-09 16:59:29] [SEVERE ] removing tokens from slot 4
[2022-12-09 16:59:29] [SEVERE ] removing card from slot 4
[2022-12-09 16:59:29] [SEVERE ] removing tokens from slot 5
[2022-12-09 16:59:29] [SEVERE ] removing card from slot 5
[2022-12-09 16:59:29] [SEVERE ] removing tokens from slot 6
[2022-12-09 16:59:29] [SEVERE ] removing card from slot 6
[2022-12-09 16:59:29] [SEVERE ] removing tokens from slot 7
[2022-12-09 16:59:29] [SEVERE ] removing card from slot 7
[2022-12-09 16:59:29] [SEVERE ] removing tokens from slot 8
[2022-12-09 16:59:29] [SEVERE ] removing card from slot 8
[2022-12-09 16:59:29] [SEVERE ] removing tokens from slot 9
[2022-12-09 16:59:29] [SEVERE ] removing card from slot 9
[2022-12-09 16:59:29] [SEVERE ] removing tokens from slot 10
[2022-12-09 16:59:29] [SEVERE ] removing card from slot 10
[2022-12-09 16:59:29] [SEVERE ] removing tokens from slot 11
[2022-12-09 16:59:29] [SEVERE ] removing card from slot 11
[2022-12-09 16:59:30] [SEVERE ] placing card 28 in slot 0
[2022-12-09 16:59:30] [SEVERE ] placing card 51 in slot 1
[2022-12-09 16:59:30] [SEVERE ] placing card 78 in slot 2
[2022-12-09 16:59:30] [SEVERE ] placing card 80 in slot 3
[2022-12-09 16:59:30] [SEVERE ] placing card 68 in slot 4
[2022-12-09 16:59:30] [SEVERE ] placing card 58 in slot 5
[2022-12-09 16:59:30] [SEVERE ] placing card 20 in slot 6
[2022-12-09 16:59:30] [SEVERE ] placing card 52 in slot 7
[2022-12-09 16:59:30] [SEVERE ] placing card 6 in slot 8
[2022-12-09 16:59:31] [SEVERE ] placing card 17 in slot 9
[2022-12-09 16:59:31] [SEVERE ] placing card 53 in slot 10
[2022-12-09 16:59:31] [SEVERE ] placing card 27 in slot 11
