[2022-12-09 13:43:52] [INFO   ] cannot read configuration file config.properties trying from resources.
[2022-12-09 13:43:52] [INFO   ] configuration file was loaded from resources directory.
[2022-12-09 13:43:53] [INFO   ] Thread Thread-0starting.
[2022-12-09 13:43:53] [INFO   ] Thread dealer starting.
[2022-12-09 13:43:53] [INFO   ] Thread Thread-1starting.
[2022-12-09 13:43:53] [SEVERE ] placing card 30 in slot 0
[2022-12-09 13:43:53] [SEVERE ] placing card 70 in slot 1
[2022-12-09 13:43:53] [SEVERE ] placing card 71 in slot 2
[2022-12-09 13:43:54] [SEVERE ] placing card 43 in slot 3
[2022-12-09 13:43:54] [SEVERE ] placing card 72 in slot 4
[2022-12-09 13:43:54] [SEVERE ] placing card 39 in slot 5
[2022-12-09 13:43:54] [SEVERE ] placing card 73 in slot 6
[2022-12-09 13:43:54] [SEVERE ] placing card 49 in slot 7
[2022-12-09 13:43:54] [SEVERE ] placing card 52 in slot 8
[2022-12-09 13:43:54] [SEVERE ] placing card 7 in slot 9
[2022-12-09 13:43:54] [SEVERE ] placing card 53 in slot 10
[2022-12-09 13:43:54] [SEVERE ] placing card 67 in slot 11
[2022-12-09 13:44:00] [SEVERE ] Key 81 was pressed by player 0
[2022-12-09 13:44:00] [SEVERE ] player 0 placing token on slot 0
[2022-12-09 13:44:00] [SEVERE ] Key 87 was pressed by player 0
[2022-12-09 13:44:00] [SEVERE ] player 0 placing token on slot 1
[2022-12-09 13:44:01] [SEVERE ] Key 69 was pressed by player 0
[2022-12-09 13:44:01] [SEVERE ] player 0 placing token on slot 2
[2022-12-09 13:44:01] [SEVERE ] removing player 0 token from slot 0
[2022-12-09 13:44:01] [SEVERE ] removing player 0 token from slot 1
[2022-12-09 13:44:01] [SEVERE ] removing player 0 token from slot 2
[2022-12-09 13:44:12] [INFO   ] Thread main terminated.
