[2022-12-09 13:42:54] [INFO   ] cannot read configuration file config.properties trying from resources.
[2022-12-09 13:42:54] [INFO   ] configuration file was loaded from resources directory.
[2022-12-09 13:42:56] [INFO   ] Thread dealer starting.
[2022-12-09 13:42:56] [INFO   ] Thread Thread-0starting.
[2022-12-09 13:42:56] [INFO   ] Thread Thread-1starting.
[2022-12-09 13:42:56] [SEVERE ] placing card 75 in slot 0
[2022-12-09 13:42:56] [SEVERE ] placing card 65 in slot 1
[2022-12-09 13:42:56] [SEVERE ] placing card 52 in slot 2
[2022-12-09 13:42:56] [SEVERE ] placing card 49 in slot 3
[2022-12-09 13:42:56] [SEVERE ] placing card 9 in slot 4
[2022-12-09 13:42:56] [SEVERE ] placing card 37 in slot 5
[2022-12-09 13:42:57] [SEVERE ] placing card 8 in slot 6
[2022-12-09 13:42:57] [SEVERE ] placing card 14 in slot 7
[2022-12-09 13:42:57] [SEVERE ] placing card 21 in slot 8
[2022-12-09 13:42:57] [SEVERE ] placing card 22 in slot 9
[2022-12-09 13:42:57] [SEVERE ] placing card 5 in slot 10
[2022-12-09 13:42:57] [SEVERE ] placing card 77 in slot 11
[2022-12-09 13:43:01] [SEVERE ] Key 81 was pressed by player 0
[2022-12-09 13:43:01] [SEVERE ] player 0 placing token on slot 0
[2022-12-09 13:43:02] [SEVERE ] Key 87 was pressed by player 0
[2022-12-09 13:43:02] [SEVERE ] player 0 placing token on slot 1
[2022-12-09 13:43:02] [SEVERE ] Key 69 was pressed by player 0
[2022-12-09 13:43:02] [SEVERE ] player 0 placing token on slot 2
[2022-12-09 13:43:02] [SEVERE ] removing player 0 token from slot 0
[2022-12-09 13:43:02] [SEVERE ] removing player 0 token from slot 1
[2022-12-09 13:43:02] [SEVERE ] removing player 0 token from slot 2
[2022-12-09 13:43:10] [INFO   ] Thread main terminated.
